# stats: dump at 1338898174
stats: users 0 0
# stats: dump at 1338898184
stats: users 2 9
stats: {load,"os_mon@test2"} 1 1.16015625 0 1.16015625 1.16015625 0 0
stats: {freemem,"os_mon@test2"} 1 1530.0 0 1530.0 1530.0 0 0
stats: {cpu,"os_mon@test3"} 1 2.7721774193548385 0 2.7721774193548385 2.7721774193548385 0 0
stats: {load,"os_mon@test4"} 1 1.7109375 0 1.7109375 1.7109375 0 0
stats: {freemem,"os_mon@test4"} 1 1457.2734375 0 1457.2734375 1457.2734375 0 0
stats: {freemem,"os_mon@myserver"} 1 2541.9375 0 2541.9375 2541.9375 0 0
stats: {load,"os_mon@test3"} 1 2.26953125 0 2.26953125 2.26953125 0 0
stats: {cpu,"os_mon@test2"} 1 1.9558676028084254 0 1.9558676028084254 1.9558676028084254 0 0
stats: {freemem,"os_mon@test3"} 1 1510.0078125 0 1510.0078125 1510.0078125 0 0
stats: {cpu,"os_mon@test4"} 1 1.6491754122938531 0 1.6491754122938531 1.6491754122938531 0 0
stats: {load,"os_mon@myserver"} 1 3.55078125 0 3.55078125 3.55078125 0 0
stats: {cpu,"os_mon@myserver"} 1 1.7645576002016636 0 1.7645576002016636 1.7645576002016636 0 0
stats: session 576 24.284664154052734 3.079686371505 43.8798828125 18.223876953125 0 0
stats: users_count 578 578
stats: finish_users_count 576 576
stats: request 5676 2.0715521287548446 0.4579983013905713 6.4599609375 1.100830078125 0 0
stats: page 567 22.072872747189155 2.8753595227501525 40.30810546875 16.802001953125 0 0
stats: connect 5676 0.9517998618084919 0.258188951610806 5.243896484375 0.39697265625 0 0
stats: 200 5676 5676
stats: size_rcv 715176 715176
stats: size_sent 752756 752756
stats: connected 0 0
# stats: dump at 1338898194
stats: users 7 25
stats: {load,"os_mon@test2"} 1 0.98046875 0.0 1.16015625 0.98046875 1.16015625 1
stats: {recvpackets,"os_mon@test3"} 1 3599 0 3599 3599 0 0
stats: {sentpackets,"os_mon@test3"} 1 2479 0 2479 2479 0 0
stats: {freemem,"os_mon@test2"} 1 1528.91796875 0.0 1530.0 1528.91796875 1530.0 1
stats: {cpu,"os_mon@test3"} 1 20.724859622256254 0.0 20.724859622256254 2.7721774193548385 2.7721774193548385 1
stats: {load,"os_mon@test4"} 1 1.53125 0.0 1.7109375 1.53125 1.7109375 1
stats: {freemem,"os_mon@test4"} 1 1456.0625 0.0 1457.2734375 1456.0625 1457.2734375 1
stats: {freemem,"os_mon@myserver"} 1 2544.09375 0.0 2544.09375 2541.9375 2541.9375 1
stats: {recvpackets,"os_mon@test2"} 1 3616 0 3616 3616 0 0
stats: {sentpackets,"os_mon@test2"} 1 2496 0 2496 2496 0 0
stats: {load,"os_mon@test3"} 1 1.921875 0.0 2.26953125 1.921875 2.26953125 1
stats: {cpu,"os_mon@test2"} 1 12.02818319073981 0.0 12.02818319073981 1.9558676028084254 1.9558676028084254 1
stats: {freemem,"os_mon@test3"} 1 1509.546875 0.0 1510.0078125 1509.546875 1510.0078125 1
stats: {recvpackets,"os_mon@test4"} 1 3620 0 3620 3620 0 0
stats: {sentpackets,"os_mon@test4"} 1 2496 0 2496 2496 0 0
stats: {cpu,"os_mon@test4"} 1 11.172901921132457 0.0 11.172901921132457 1.6491754122938531 1.6491754122938531 1
stats: {load,"os_mon@myserver"} 1 3.078125 0.0 3.55078125 3.078125 3.55078125 1
stats: {recvpackets,"os_mon@myserver"} 1 3746 0 3746 3746 0 0
stats: {sentpackets,"os_mon@myserver"} 1 2578 0 2578 2578 0 0
stats: {cpu,"os_mon@myserver"} 1 17.468944099378884 0.0 17.468944099378884 1.7645576002016636 1.7645576002016636 1
stats: session 1564 35.57937208404937 72.42316006958978 1265.0361328125 18.095947265625 24.284664154052734 576
stats: users_count 1569 2147
stats: finish_users_count 1564 2140
stats: request 15614 3.2322789462531603 22.002849494779017 1002.841064453125 1.031005859375 2.0715521287548446 5676
stats: page 1558 33.69017222726455 72.56972836651514 1263.005126953125 16.781982421875 22.072872747189155 567
stats: connect 15619 1.4324749766410283 19.573356741885476 1000.94384765625 0.39013671875 0.9517998618084919 5676
stats: 200 15614 21290
stats: size_rcv 1967364 2682540
stats: newphase 6 6
stats: size_sent 2074129 2826885
stats: connected 5 5
# stats: dump at 1338898204
stats: users 118 142
stats: {load,"os_mon@test2"} 1 0.828125 0.0 1.16015625 0.828125 1.0703125 2
stats: {recvpackets,"os_mon@test3"} 1 7526.0 0.0 7526 3599 3599.0 1
stats: {sentpackets,"os_mon@test3"} 1 5018.0 0.0 5018 2479 2479.0 1
stats: {freemem,"os_mon@test2"} 1 1528.42578125 0.0 1530.0 1528.42578125 1529.458984375 2
stats: {cpu,"os_mon@test3"} 1 38.28805740645823 0.0 38.28805740645823 2.7721774193548385 11.748518520805547 2
stats: {load,"os_mon@test4"} 1 1.2890625 0.0 1.7109375 1.2890625 1.62109375 2
stats: {freemem,"os_mon@test4"} 1 1455.94140625 0.0 1457.2734375 1455.94140625 1456.66796875 2
stats: {freemem,"os_mon@myserver"} 1 2544.94921875 0.0 2544.94921875 2541.9375 2543.015625 2
stats: {recvpackets,"os_mon@test2"} 1 7548.0 0.0 7548 3616 3616.0 1
stats: {sentpackets,"os_mon@test2"} 1 5025.0 0.0 5025 2496 2496.0 1
stats: {load,"os_mon@test3"} 1 1.78125 0.0 2.26953125 1.78125 2.095703125 2
stats: {cpu,"os_mon@test2"} 1 29.897959183673468 0.0 29.897959183673468 1.9558676028084254 6.9920253967741175 2
stats: {freemem,"os_mon@test3"} 1 1509.0703125 0.0 1510.0078125 1509.0703125 1509.77734375 2
stats: {recvpackets,"os_mon@test4"} 1 7537.0 0.0 7537 3620 3620.0 1
stats: {sentpackets,"os_mon@test4"} 1 5017.0 0.0 5017 2496 2496.0 1
stats: {cpu,"os_mon@test4"} 1 27.97527047913447 0.0 27.97527047913447 1.6491754122938531 6.411038666713155 2
stats: {load,"os_mon@myserver"} 1 3.828125 0.0 3.828125 3.078125 3.314453125 2
stats: {recvpackets,"os_mon@myserver"} 1 7662.0 0.0 7662 3746 3746.0 1
stats: {sentpackets,"os_mon@myserver"} 1 5101.0 0.0 5101 2578 2578.0 1
stats: {cpu,"os_mon@myserver"} 1 38.75685557586837 0.0 38.75685557586837 1.7645576002016636 9.616750849790273 2
stats: session 2409 134.84086449901415 231.66159534868606 1674.953125 17.30908203125 32.53930116457364 2140
stats: users_count 2520 4667
stats: finish_users_count 2409 4549
stats: request 24366 13.298572020823068 60.63717880170193 1287.994140625 1.031005859375 2.9228244880041965 21290
stats: page 2381 127.54261899625288 227.67634576820453 1673.78515625 15.650146484375 30.59040337775737 2125
stats: connect 24433 6.485011426336816 53.80579711020747 1020.053955078125 0.333984375 1.304355138566857 21295
stats: 200 24366 45656
stats: size_rcv 3070116 5752656
stats: newphase 6 12
stats: size_sent 3244779 6071664
stats: connected 67 72
# stats: dump at 1338898214
stats: users 661 663
stats: {load,"os_mon@test2"} 1 0.69921875 0.0 1.16015625 0.69921875 0.9895833333333334 3
stats: {recvpackets,"os_mon@test3"} 1 11407.0 0.0 11407 3599 5562.5 2
stats: {sentpackets,"os_mon@test3"} 1 7535.0 0.0 7535 2479 3748.5 2
stats: {freemem,"os_mon@test2"} 1 1526.78125 0.0 1530.0 1526.78125 1529.1145833333333 3
stats: {cpu,"os_mon@test3"} 1 51.21951219512195 0.0 51.21951219512195 2.7721774193548385 20.595031482689773 3
stats: {load,"os_mon@test4"} 1 1.26171875 0.0 1.7109375 1.26171875 1.5104166666666667 3
stats: {freemem,"os_mon@test4"} 1 1453.72265625 0.0 1457.2734375 1453.72265625 1456.42578125 3
stats: {freemem,"os_mon@myserver"} 1 2544.3984375 0.0 2544.94921875 2541.9375 2543.66015625 3
stats: {recvpackets,"os_mon@test2"} 1 11393.0 0.0 11393 3616 5582.0 2
stats: {sentpackets,"os_mon@test2"} 1 7530.0 0.0 7530 2496 3760.5 2
stats: {load,"os_mon@test3"} 1 1.80859375 0.0 2.26953125 1.78125 1.9908854166666667 3
stats: {cpu,"os_mon@test2"} 1 45.28107271789582 0.0 45.28107271789582 1.9558676028084254 14.6273366590739 3
stats: {freemem,"os_mon@test3"} 1 1506.8984375 0.0 1510.0078125 1506.8984375 1509.5416666666667 3
stats: {recvpackets,"os_mon@test4"} 1 11376.0 0.0 11376 3620 5578.5 2
stats: {sentpackets,"os_mon@test4"} 1 7523.0 0.0 7523 2496 3756.5 2
stats: {cpu,"os_mon@test4"} 1 43.88120839733743 0.0 43.88120839733743 1.6491754122938531 13.59911593752026 3
stats: {load,"os_mon@myserver"} 1 3.71875 0.0 3.828125 3.078125 3.4856770833333335 3
stats: {recvpackets,"os_mon@myserver"} 1 11871.0 0.0 11871 3746 5704.0 2
stats: {sentpackets,"os_mon@myserver"} 1 7842.0 0.0 7842 2578 3839.5 2
stats: {cpu,"os_mon@myserver"} 1 60.84398976982097 0.0 60.84398976982097 1.7645576002016636 19.330119091816304 3
stats: session 2847 762.3093926309506 611.329540326206 5762.3369140625 17.30908203125 86.71482679057213 4549
stats: users_count 3390 8057
stats: finish_users_count 2847 7396
stats: request 30790 82.53519300192626 192.60311370792084 4321.68115234375 1.031005859375 8.460222954463472 45656
stats: page 2870 749.7448875081664 604.6876300710102 5760.5361328125 15.650146484375 81.82059099152521 4506
stats: connect 30934 48.60023029436152 176.04861336300763 1566.19580078125 0.333984375 4.0724397930254685 45728
stats: 200 30790 76446
stats: size_rcv 3879540 9632196
stats: newphase 6 18
stats: size_sent 4100794 10172458
stats: connected 144 216
# stats: dump at 1338898224
stats: users 2451 2451
stats: {load,"os_mon@test2"} 1 0.6015625 0.0 1.16015625 0.6015625 0.9169921875 4
stats: {recvpackets,"os_mon@test3"} 1 14494.0 0.0 14494 3599 7510.666666666667 3
stats: {sentpackets,"os_mon@test3"} 1 9596.0 0.0 9596 2479 5010.666666666667 3
stats: {freemem,"os_mon@test2"} 1 1517.46875 0.0 1530.0 1517.46875 1528.53125 4
stats: {cpu,"os_mon@test3"} 1 59.47506561679789 0.0 59.47506561679789 2.7721774193548385 28.251151660797817 4
stats: {load,"os_mon@test4"} 1 1.37109375 0.0 1.7109375 1.26171875 1.4482421875 4
stats: {freemem,"os_mon@test4"} 1 1444.51171875 0.0 1457.2734375 1444.51171875 1455.75 4
stats: {freemem,"os_mon@myserver"} 1 2543.53125 0.0 2544.94921875 2541.9375 2543.8447265625 4
stats: {recvpackets,"os_mon@test2"} 1 14466.0 0.0 14466 3616 7519.0 3
stats: {sentpackets,"os_mon@test2"} 1 9582.0 0.0 9582 2496 5017.0 3
stats: {load,"os_mon@test3"} 1 1.69140625 0.0 2.26953125 1.69140625 1.9453125 4
stats: {cpu,"os_mon@test2"} 1 53.66492146596858 0.0 53.66492146596858 1.9558676028084254 22.290770673779377 4
stats: {freemem,"os_mon@test3"} 1 1496.453125 0.0 1510.0078125 1496.453125 1508.880859375 4
stats: {recvpackets,"os_mon@test4"} 1 14473.0 0.0 14473 3620 7511.0 3
stats: {sentpackets,"os_mon@test4"} 1 9581.0 0.0 9581 2496 5012.0 3
stats: {cpu,"os_mon@test4"} 1 52.01446280991735 0.0 52.01446280991735 1.6491754122938531 21.16963905247455 4
stats: {load,"os_mon@myserver"} 1 4.140625 0.0 4.140625 3.078125 3.5439453125 4
stats: {recvpackets,"os_mon@myserver"} 1 15168.0 0.0 15168 3746 7759.666666666667 3
stats: {sentpackets,"os_mon@myserver"} 1 10043.0 0.0 10043 2578 5173.666666666667 3
stats: {cpu,"os_mon@myserver"} 1 71.49975087194818 0.0 71.49975087194818 1.7645576002016636 29.70858676131747 4
stats: session 2512 2559.180094433443 1579.1558950583408 11461.30419921875 17.30908203125 346.77671550711585 7396
stats: users_count 4302 12359
stats: finish_users_count 2512 9908
stats: request 31781 293.82050584745093 565.059016432026 7451.200927734375 1.031005859375 38.295248040947776 76446
stats: page 2512 2546.1349979084785 1578.6580376406039 11459.921875 15.650146484375 341.7097898801857 7376
stats: connect 31760 228.33448919108832 558.4097903203544 7094.766845703125 0.333984375 22.03991613552018 76662
stats: 200 31781 108227
stats: size_rcv 4004406 13636602
stats: newphase 6 24
stats: size_sent 4216336 14388794
stats: connected -21 195
# stats: dump at 1338898234
stats: users 4419 4420
stats: {load,"os_mon@test2"} 1 0.80859375 0.0 1.16015625 0.6015625 0.85390625 5
stats: {recvpackets,"os_mon@test3"} 1 16761.0 0.0 16761 3599 9256.5 4
stats: {sentpackets,"os_mon@test3"} 1 11189.0 0.0 11189 2479 6157.0 4
stats: {freemem,"os_mon@test2"} 1 1493.55859375 0.0 1530.0 1493.55859375 1526.31875 5
stats: {cpu,"os_mon@test3"} 1 62.32264844981608 0.0 62.32264844981608 2.7721774193548385 34.49593445199783 5
stats: {load,"os_mon@test4"} 1 1.23046875 0.0 1.7109375 1.23046875 1.4328125 5
stats: {freemem,"os_mon@test4"} 1 1420.55859375 0.0 1457.2734375 1420.55859375 1453.50234375 5
stats: {freemem,"os_mon@myserver"} 1 2544.23828125 0.0 2544.94921875 2541.9375 2543.78203125 5
stats: {recvpackets,"os_mon@test2"} 1 16752.0 0.0 16752 3616 9255.75 4
stats: {sentpackets,"os_mon@test2"} 1 11180.0 0.0 11180 2496 6158.25 4
stats: {load,"os_mon@test3"} 1 1.5 0.0 2.26953125 1.5 1.89453125 5
stats: {cpu,"os_mon@test2"} 1 57.80196993260757 0.0 57.80196993260757 1.9558676028084254 28.565600832217218 5
stats: {freemem,"os_mon@test3"} 1 1473.53515625 0.0 1510.0078125 1473.53515625 1506.3953125 5
stats: {recvpackets,"os_mon@test4"} 1 16751.0 0.0 16751 3620 9251.5 4
stats: {sentpackets,"os_mon@test4"} 1 11181.0 0.0 11181 2496 6154.25 4
stats: {cpu,"os_mon@test4"} 1 57.1206628689798 0.0 57.1206628689798 1.6491754122938531 27.33860380396311 5
stats: {load,"os_mon@myserver"} 1 5.12890625 0.0 5.12890625 3.078125 3.66328125 5
stats: {recvpackets,"os_mon@myserver"} 1 17612.0 0.0 17612 3746 9611.75 4
stats: {sentpackets,"os_mon@myserver"} 1 11764.0 0.0 11764 2578 6391.0 4
stats: {cpu,"os_mon@myserver"} 1 72.93820933165196 0.0 72.93820933165196 1.7645576002016636 38.06681958344361 5
stats: session 2371 5670.97352829848 3171.198914571622 20462.128173828125 17.30908203125 907.6928729418083 9908
stats: users_count 4339 16698
stats: finish_users_count 2371 12279
stats: request 31216 685.7402129454327 1418.2308638682566 15177.30908203125 1.031005859375 113.33057396099063 108227
stats: page 2344 5593.43003235905 3140.7488951955547 20459.931884765625 15.650146484375 901.7336695896387 9888
stats: connect 31267 614.6918459561126 1408.5270970234644 15108.05517578125 0.333984375 82.46967799422822 108422
stats: 200 31216 139443
stats: size_rcv 3933216 17569818
stats: newphase 6 30
stats: size_sent 4150457 18539251
stats: connected 51 246
# stats: dump at 1338898244
stats: users 4063 4579
stats: {load,"os_mon@test2"} 1 0.76171875 0.0 1.16015625 0.6015625 0.8463541666666666 6
stats: {recvpackets,"os_mon@test3"} 1 15312.0 0.0 16761 3599 10757.4 5
stats: {sentpackets,"os_mon@test3"} 1 10527.0 0.0 11189 2479 7163.4 5
stats: {freemem,"os_mon@test2"} 1 1456.609375 0.0 1530.0 1456.609375 1520.8587239583333 6
stats: {cpu,"os_mon@test3"} 1 64.21775898520085 0.0 64.21775898520085 2.7721774193548385 39.13372011830088 6
stats: {load,"os_mon@test4"} 1 1.28125 0.0 1.7109375 1.23046875 1.3990885416666667 6
stats: {freemem,"os_mon@test4"} 1 1402.5546875 0.0 1457.2734375 1402.5546875 1448.01171875 6
stats: {freemem,"os_mon@myserver"} 1 2542.4609375 0.0 2544.94921875 2541.9375 2543.8580729166665 6
stats: {recvpackets,"os_mon@test2"} 1 15266.0 0.0 16752 3616 10755.0 5
stats: {sentpackets,"os_mon@test2"} 1 10490.0 0.0 11180 2496 7162.6 5
stats: {load,"os_mon@test3"} 1 1.5 0.0 2.26953125 1.5 1.8287760416666667 6
stats: {cpu,"os_mon@test2"} 1 62.68343815513627 0.0 62.68343815513627 1.9558676028084254 33.43832901561561 6
stats: {freemem,"os_mon@test3"} 1 1426.89453125 0.0 1510.0078125 1426.89453125 1500.9186197916667 6
stats: {recvpackets,"os_mon@test4"} 1 15257.0 0.0 16751 3620 10751.4 5
stats: {sentpackets,"os_mon@test4"} 1 10481.0 0.0 11181 2496 7159.6 5
stats: {cpu,"os_mon@test4"} 1 51.15424973767051 0.0 57.1206628689798 1.6491754122938531 32.302280314799226 6
stats: {load,"os_mon@myserver"} 1 5.41015625 0.0 5.41015625 3.078125 3.9075520833333335 6
stats: {recvpackets,"os_mon@myserver"} 1 14357.0 0.0 17612 3746 11211.8 5
stats: {sentpackets,"os_mon@myserver"} 1 10041.0 0.0 11764 2578 7465.6 5
stats: {cpu,"os_mon@myserver"} 1 72.73195876288659 0.0 72.93820933165196 1.7645576002016636 43.87871787481166 6
stats: session 3072 8953.829817454005 5473.867049804826 28210.299072265625 17.30908203125 1827.4533122162336 12279
stats: users_count 2716 19414
stats: finish_users_count 3072 15351
stats: 200 31317 170760
stats: connect 31159 912.0278629964193 2417.679055369412 16626.30810546875 0.333984375 201.59853227526852 139689
stats: request 31116 1027.1600941634613 2442.6808351743894 16703.012939453125 1.031005859375 241.47138626808632 139443
stats: page 2999 8909.738261223793 5387.416766634588 28208.304931640625 15.650146484375 1800.7964781517298 12232
stats: size_rcv 3945942 21515760
stats: newphase 6 36
stats: size_sent 4160051 22699302
stats: connected 28 274
# stats: dump at 1338898254
stats: users 5584 5754
stats: {load,"os_mon@test2"} 1 0.71875 0.0 1.16015625 0.6015625 0.8342633928571429 7
stats: {recvpackets,"os_mon@test3"} 1 14473.0 0.0 16761 3599 11516.5 6
stats: {sentpackets,"os_mon@test3"} 1 10594.0 0.0 11189 2479 7724.0 6
stats: {freemem,"os_mon@test2"} 1 1418.2421875 0.0 1530.0 1418.2421875 1511.6802455357142 7
stats: {cpu,"os_mon@test3"} 1 66.41949152542372 0.0 66.41949152542372 2.7721774193548385 42.71715424214373 7
stats: {load,"os_mon@test4"} 1 1.16015625 0.0 1.7109375 1.16015625 1.3822544642857142 7
stats: {freemem,"os_mon@test4"} 1 1401.96484375 0.0 1457.2734375 1401.96484375 1441.517857142857 7
stats: {freemem,"os_mon@myserver"} 1 2541.6796875 0.0 2544.94921875 2541.6796875 2543.6584821428573 7
stats: {recvpackets,"os_mon@test2"} 1 14464.0 0.0 16752 3616 11506.833333333334 6
stats: {sentpackets,"os_mon@test2"} 1 10589.0 0.0 11180 2496 7717.166666666667 6
stats: {load,"os_mon@test3"} 1 1.41015625 0.0 2.26953125 1.41015625 1.7818080357142858 7
stats: {cpu,"os_mon@test2"} 1 70.6279190451479 0.0 70.6279190451479 1.9558676028084254 37.61620174983285 7
stats: {freemem,"os_mon@test3"} 1 1391.0078125 0.0 1510.0078125 1391.0078125 1490.34375 7
stats: {recvpackets,"os_mon@test4"} 1 14426.0 0.0 16751 3620 11502.333333333334 6
stats: {sentpackets,"os_mon@test4"} 1 10570.0 0.0 11181 2496 7713.166666666667 6
stats: {cpu,"os_mon@test4"} 1 46.87819856704197 0.0 57.1206628689798 1.6491754122938531 34.995418803780844 7
stats: {load,"os_mon@myserver"} 1 5.5703125 0.0 5.5703125 3.078125 4.122209821428571 7
stats: {recvpackets,"os_mon@myserver"} 1 17177.0 0.0 17612 3746 11736.0 6
stats: {sentpackets,"os_mon@myserver"} 1 12327.0 0.0 12327 2578 7894.833333333333 6
stats: {cpu,"os_mon@myserver"} 1 72.56371814092954 0.0 72.93820933165196 1.7645576002016636 48.00060943025095 7
stats: session 2566 10388.934440154919 7944.98302034005 41137.275146484375 17.30908203125 3253.5642251268214 15351
stats: users_count 4087 23501
stats: finish_users_count 2566 17917
stats: request 31289 1052.6982050775628 2871.522288124413 34082.202880859375 1.031005859375 384.80882278490736 170559
stats: page 2592 10245.800579589084 7789.811707992303 39338.62890625 15.650146484375 3200.554629778879 15231
stats: connect 31233 919.2930414067134 2850.2844194973954 32460.85498046875 0.333984375 331.16555978475265 170848
stats: 200 31088 201848
stats: size_rcv 3917088 25432848
stats: newphase 6 42
stats: size_sent 4119293 26818595
stats: connected -41 233
# stats: dump at 1338898264
stats: users 6233 6234
stats: {load,"os_mon@test2"} 1 1.1484375 0.0 1.16015625 0.6015625 0.81982421875 8
stats: {recvpackets,"os_mon@test3"} 1 15560.0 0.0 16761 3599 11938.857142857143 7
stats: {sentpackets,"os_mon@test3"} 1 11121.0 0.0 11189 2479 8134.0 7
stats: {freemem,"os_mon@test2"} 1 1391.84765625 0.0 1530.0 1391.84765625 1500.00048828125 8
stats: {cpu,"os_mon@test3"} 1 66.11053180396246 0.0 66.41949152542372 2.7721774193548385 45.679946402553725 8
stats: {load,"os_mon@test4"} 1 1.140625 0.0 1.7109375 1.140625 1.3544921875 8
stats: {freemem,"os_mon@test4"} 1 1348.4609375 0.0 1457.2734375 1348.4609375 1436.57373046875 8
stats: {freemem,"os_mon@myserver"} 1 2541.953125 0.0 2544.94921875 2541.6796875 2543.4111328125 8
stats: {recvpackets,"os_mon@test2"} 1 15584.0 0.0 16752 3616 11929.285714285714 7
stats: {sentpackets,"os_mon@test2"} 1 11137.0 0.0 11180 2496 8127.428571428572 7
stats: {load,"os_mon@test3"} 1 1.28125 0.0 2.26953125 1.28125 1.7353515625 8
stats: {cpu,"os_mon@test2"} 1 60.94890510948905 0.0 70.6279190451479 1.9558676028084254 41.74266641174723 8
stats: {freemem,"os_mon@test3"} 1 1352.640625 0.0 1510.0078125 1352.640625 1477.9267578125 8
stats: {recvpackets,"os_mon@test4"} 1 15595.0 0.0 16751 3620 11920.0 7
stats: {sentpackets,"os_mon@test4"} 1 11138.0 0.0 11181 2496 8121.285714285715 7
stats: {cpu,"os_mon@test4"} 1 65.98465473145781 0.0 65.98465473145781 1.6491754122938531 36.48076627418848 8
stats: {load,"os_mon@myserver"} 1 5.421875 0.0 5.5703125 3.078125 4.30322265625 8
stats: {recvpackets,"os_mon@myserver"} 1 16441.0 0.0 17612 3746 12513.285714285714 7
stats: {sentpackets,"os_mon@myserver"} 1 11790.0 0.0 12327 2578 8528.0 7
stats: {cpu,"os_mon@myserver"} 1 72.7547931382442 0.0 72.93820933165196 1.7645576002016636 51.07099801908577 8
stats: session 3025 12443.338992284363 9363.85427498502 46259.73095703125 17.30908203125 4275.462978922775 17917
stats: users_count 3674 27175
stats: finish_users_count 3025 20942
stats: request 31878 1389.1883146445298 3829.8775299853037 34082.202880859375 1.031005859375 488.3401477549586 201848
stats: page 3052 12383.606769926719 9301.238804874743 46255.034912109375 15.650146484375 4225.145187031197 17823
stats: connect 31890 1243.8693673948112 3814.761004823714 32739.93505859375 0.333984375 422.0646825795661 202081
stats: 200 31878 233726
stats: size_rcv 4016628 29449476
stats: newphase 6 48
stats: size_sent 4232094 31050689
stats: connected 12 245
# stats: dump at 1338898274
stats: users 6595 7061
stats: {load,"os_mon@test2"} 1 1.2109375 0.0 1.2109375 0.6015625 0.8563368055555556 9
stats: {recvpackets,"os_mon@test3"} 1 17378.0 0.0 17378 3599 12391.5 8
stats: {sentpackets,"os_mon@test3"} 1 12630.0 0.0 12630 2479 8507.375 8
stats: {freemem,"os_mon@test2"} 1 1343.07421875 0.0 1530.0 1343.07421875 1487.9835069444443 9
stats: {cpu,"os_mon@test3"} 1 70.17268445839875 0.0 70.17268445839875 2.7721774193548385 47.950011447154694 9
stats: {load,"os_mon@test4"} 1 1.109375 0.0 1.7109375 1.109375 1.3307291666666667 9
stats: {freemem,"os_mon@test4"} 1 1317.546875 0.0 1457.2734375 1317.546875 1426.783420138889 9
stats: {freemem,"os_mon@myserver"} 1 2542.45703125 0.0 2544.94921875 2541.6796875 2543.2491319444443 9
stats: {recvpackets,"os_mon@test2"} 1 17356.0 0.0 17356 3616 12386.125 8
stats: {sentpackets,"os_mon@test2"} 1 12616.0 0.0 12616 2496 8503.625 8
stats: {load,"os_mon@test3"} 1 1.30859375 0.0 2.26953125 1.28125 1.6848958333333333 9
stats: {cpu,"os_mon@test2"} 1 69.61959353830119 0.0 70.6279190451479 1.9558676028084254 43.876692933718545 9
stats: {freemem,"os_mon@test3"} 1 1310.32421875 0.0 1510.0078125 1310.32421875 1464.006076388889 9
stats: {recvpackets,"os_mon@test4"} 1 17346.0 0.0 17346 3620 12379.375 8
stats: {sentpackets,"os_mon@test4"} 1 12611.0 0.0 12611 2496 8498.375 8
stats: {cpu,"os_mon@test4"} 1 64.05263157894737 0.0 65.98465473145781 1.6491754122938531 39.758976102773964 9
stats: {load,"os_mon@myserver"} 1 5.26171875 0.0 5.5703125 3.078125 4.427517361111111 9
stats: {recvpackets,"os_mon@myserver"} 1 15168.0 0.0 17612 3746 13004.25 8
stats: {sentpackets,"os_mon@myserver"} 1 11360.0 0.0 12327 2578 8935.75 8
stats: {cpu,"os_mon@myserver"} 1 72.89247854618878 0.0 72.93820933165196 1.7645576002016636 53.480308587881154 9
stats: session 2732 13715.299004885666 10445.955144583579 55750.484130859375 17.30908203125 5455.284626349898 20942
stats: users_count 3094 30269
stats: finish_users_count 2732 23674
stats: request 31069 1321.9867315711447 3388.719052527783 34082.202880859375 1.031005859375 611.2072565237979 233726
stats: page 2707 13690.775958542807 10391.193667495596 55748.074951171875 15.650146484375 5417.941582288544 20875
stats: connect 31105 1163.0824916047925 3345.823693714223 32739.93505859375 0.333984375 534.0757924981378 233971
stats: 200 31069 264795
stats: size_rcv 3914694 33364170
stats: newphase 5 53
stats: size_sent 4128107 35178796
stats: connected 36 281
# stats: dump at 1338898284
stats: users 7614 7713
stats: {load,"os_mon@test2"} 1 1.25 0.0 1.25 0.6015625 0.891796875 10
stats: {recvpackets,"os_mon@test3"} 1 14288.0 0.0 17378 3599 12945.555555555555 9
stats: {sentpackets,"os_mon@test3"} 1 10832.0 0.0 12630 2479 8965.444444444445 9
stats: {freemem,"os_mon@test2"} 1 1304.9453125 0.0 1530.0 1304.9453125 1473.492578125 10
stats: {cpu,"os_mon@test3"} 1 58.8051948051948 0.0 70.17268445839875 2.7721774193548385 50.1722787482791 10
stats: {load,"os_mon@test4"} 1 1.16015625 0.0 1.7109375 1.109375 1.30859375 10
stats: {freemem,"os_mon@test4"} 1 1263.30078125 0.0 1457.2734375 1263.30078125 1415.859765625 10
stats: {freemem,"os_mon@myserver"} 1 2541.71875 0.0 2544.94921875 2541.6796875 2543.169921875 10
stats: {recvpackets,"os_mon@test2"} 1 14289.0 0.0 17356 3616 12938.333333333334 9
stats: {sentpackets,"os_mon@test2"} 1 10833.0 0.0 12616 2496 8960.555555555555 9
stats: {load,"os_mon@test3"} 1 1.3515625 0.0 2.26953125 1.28125 1.647265625 10
stats: {cpu,"os_mon@test2"} 1 68.88311688311688 0.0 70.6279190451479 1.9558676028084254 46.45098299417681 10
stats: {freemem,"os_mon@test3"} 1 1280.87890625 0.0 1510.0078125 1280.87890625 1448.637890625 10
stats: {recvpackets,"os_mon@test4"} 1 14322.0 0.0 17346 3620 12931.222222222223 9
stats: {sentpackets,"os_mon@test4"} 1 10849.0 0.0 12611 2496 8955.333333333334 9
stats: {cpu,"os_mon@test4"} 1 68.70783601453036 0.0 68.70783601453036 1.6491754122938531 42.18834165039131 10
stats: {load,"os_mon@myserver"} 1 5.83984375 0.0 5.83984375 3.078125 4.5109375 10
stats: {recvpackets,"os_mon@myserver"} 1 17983.0 0.0 17983 3746 13244.666666666666 9
stats: {sentpackets,"os_mon@myserver"} 1 13362.0 0.0 13362 2578 9205.111111111111 9
stats: {cpu,"os_mon@myserver"} 1 72.06132879045997 0.0 72.93820933165196 1.7645576002016636 55.421525583711926 10
stats: session 2916 13952.586010675202 11068.440882450845 68090.7431640625 17.30908203125 6408.49740332716 23674
stats: users_count 3935 34204
stats: finish_users_count 2916 26590
stats: request 31395 1432.6039851495316 4034.6951933612045 37239.273193359375 1.031005859375 694.6046300023229 264795
stats: page 2937 14039.772563597931 11075.889023393785 68089.18188476563 15.650146484375 6367.588035368022 23582
stats: connect 31328 1271.937635497732 4001.983380275686 34647.1591796875 0.333984375 607.8857691678948 265076
stats: 200 31395 296190
stats: size_rcv 3955770 37319940
stats: newphase 5 58
stats: size_sent 4157952 39336748
stats: connected -67 214
stats: error_connect_etimedout 60 60
# stats: dump at 1338898294
stats: users 8163 8531
stats: {load,"os_mon@test2"} 1 1.12890625 0.0 1.25 0.6015625 0.9243607954545454 11
stats: {recvpackets,"os_mon@test3"} 1 17724.0 0.0 17724 3599 13079.8 10
stats: {sentpackets,"os_mon@test3"} 1 13181.0 0.0 13181 2479 9152.1 10
stats: {freemem,"os_mon@test2"} 1 1287.765625 0.0 1530.0 1287.765625 1458.1700994318182 11
stats: {cpu,"os_mon@test3"} 1 69.92084432717678 0.0 70.17268445839875 2.7721774193548385 50.957089298907796 11
stats: {load,"os_mon@test4"} 1 1.51953125 0.0 1.7109375 1.109375 1.2950994318181819 11
stats: {freemem,"os_mon@test4"} 1 1206.32421875 0.0 1457.2734375 1206.32421875 1401.9907670454545 11
stats: {freemem,"os_mon@myserver"} 1 2541.7109375 0.0 2544.94921875 2541.6796875 2543.037997159091 11
stats: {recvpackets,"os_mon@test2"} 1 17714.0 0.0 17714 3616 13073.4 10
stats: {sentpackets,"os_mon@test2"} 1 13172.0 0.0 13172 2496 9147.8 10
stats: {load,"os_mon@test3"} 1 1.30078125 0.0 2.26953125 1.28125 1.6203835227272727 11
stats: {cpu,"os_mon@test2"} 1 58.86889460154242 0.0 70.6279190451479 1.9558676028084254 48.490267893171364 11
stats: {freemem,"os_mon@test3"} 1 1229.87109375 0.0 1510.0078125 1229.87109375 1433.3870738636363 11
stats: {recvpackets,"os_mon@test4"} 1 17686.0 0.0 17686 3620 13070.3 10
stats: {sentpackets,"os_mon@test4"} 1 13160.0 0.0 13160 2496 9144.7 10
stats: {cpu,"os_mon@test4"} 1 73.49272349272348 0.0 73.49272349272348 1.6491754122938531 44.599204774403944 11
stats: {load,"os_mon@myserver"} 1 5.3984375 0.0 5.83984375 3.078125 4.631747159090909 11
stats: {recvpackets,"os_mon@myserver"} 1 17571.0 0.0 17983 3746 13718.5 10
stats: {sentpackets,"os_mon@myserver"} 1 13177.0 0.0 13362 2578 9620.8 10
stats: {cpu,"os_mon@myserver"} 1 73.02747668263171 0.0 73.02747668263171 1.7645576002016636 56.934234966143556 11
stats: session 2786 15363.93374999649 13111.232029367546 81054.21215820313 17.30908203125 7235.822050902448 26590
stats: users_count 3335 37539
stats: finish_users_count 2786 29376
stats: request 31438 1564.0716661299964 3869.1235542936806 37239.273193359375 1.031005859375 772.8297211763888 296190
stats: page 2786 15172.002495036566 12876.134714145039 80697.39013671875 15.650146484375 7217.288475030575 26519
stats: connect 31474 1350.6560471570986 3835.1317517003545 34647.1591796875 0.333984375 678.0717884806609 296404
stats: 200 31438 327628
stats: size_rcv 3961188 41281128
stats: newphase 4 62
stats: size_sent 4175870 43512618
stats: connected 36 250
stats: error_connect_etimedout 301 361
# stats: dump at 1338898304
stats: users 8818 8932
stats: {load,"os_mon@test2"} 1 1.0390625 0.0 1.25 0.6015625 0.94140625 12
stats: {recvpackets,"os_mon@test3"} 1 16807.0 0.0 17724 3599 13502.0 11
stats: {sentpackets,"os_mon@test3"} 1 12731.0 0.0 13181 2479 9518.363636363636 11
stats: {freemem,"os_mon@test2"} 1 1267.30078125 0.0 1530.0 1267.30078125 1443.9697265625 12
stats: {cpu,"os_mon@test3"} 1 68.64274570982839 0.0 70.17268445839875 2.7721774193548385 52.53740221793021 12
stats: {load,"os_mon@test4"} 1 1.75 0.0 1.75 1.109375 1.3138020833333333 12
stats: {freemem,"os_mon@test4"} 1 1147.0078125 0.0 1457.2734375 1147.0078125 1385.6852213541667 12
stats: {freemem,"os_mon@myserver"} 1 2542.0546875 0.0 2544.94921875 2541.6796875 2542.9274088541665 12
stats: {recvpackets,"os_mon@test2"} 1 16629.0 0.0 17714 3616 13495.272727272728 11
stats: {sentpackets,"os_mon@test2"} 1 12543.0 0.0 13172 2496 9513.636363636364 11
stats: {load,"os_mon@test3"} 1 1.41015625 0.0 2.26953125 1.28125 1.59375 12
stats: {cpu,"os_mon@test2"} 1 60.33402922755741 0.0 70.6279190451479 1.9558676028084254 49.355153452202295 12
stats: {freemem,"os_mon@test3"} 1 1183.46484375 0.0 1510.0078125 1183.46484375 1416.4274088541667 12
stats: {recvpackets,"os_mon@test4"} 1 16663.0 0.0 17686 3620 13489.90909090909 11
stats: {sentpackets,"os_mon@test4"} 1 12577.0 0.0 13160 2496 9509.727272727272 11
stats: {cpu,"os_mon@test4"} 1 71.74817898022893 0.0 73.49272349272348 1.6491754122938531 47.00699800093057 12
stats: {load,"os_mon@myserver"} 1 5.171875 0.0 5.83984375 3.078125 4.695638020833333 12
stats: {recvpackets,"os_mon@myserver"} 1 17226.0 0.0 17983 3746 14068.727272727272 11
stats: {sentpackets,"os_mon@myserver"} 1 13122.0 0.0 13362 2578 9944.09090909091 11
stats: {cpu,"os_mon@myserver"} 1 72.24129475232958 0.0 73.02747668263171 1.7645576002016636 58.27533844251757 12
stats: session 2864 19297.124279512387 17923.764048834386 90679.98510742188 17.30908203125 8006.686674870178 29376
stats: users_count 3519 41058
stats: finish_users_count 2864 32240
stats: request 30528 1555.2221725671748 3981.052549408941 37239.273193359375 1.031005859375 848.754441485555 327628
stats: page 2853 19198.63053470991 17740.286818186418 90678.71997070313 15.650146484375 7973.535984320344 29305
stats: connect 30535 1259.210925810677 3908.9939823304744 34647.1591796875 0.333984375 742.6351838825549 327878
stats: 200 30528 358156
stats: size_rcv 3846528 45127656
stats: newphase 5 67
stats: size_sent 4050973 47563591
stats: connected 7 257
stats: error_connect_etimedout 377 738
# stats: dump at 1338898314
stats: users 9386 9657
stats: {load,"os_mon@test2"} 1 1.03125 0.0 1.25 0.6015625 0.9489182692307693 13
stats: {recvpackets,"os_mon@test3"} 1 18309.0 0.0 18309 3599 13777.416666666666 12
stats: {sentpackets,"os_mon@test3"} 1 13819.0 0.0 13819 2479 9786.083333333334 12
stats: {freemem,"os_mon@test2"} 1 1226.5 0.0 1530.0 1226.5 1430.3798076923076 13
stats: {cpu,"os_mon@test3"} 1 71.51071615263983 0.0 71.51071615263983 2.7721774193548385 53.77627479423007 13
stats: {load,"os_mon@test4"} 1 1.640625 0.0 1.75 1.109375 1.3473557692307692 13
stats: {freemem,"os_mon@test4"} 1 1108.3515625 0.0 1457.2734375 1108.3515625 1367.325420673077 13
stats: {freemem,"os_mon@myserver"} 1 2541.421875 0.0 2544.94921875 2541.421875 2542.8602764423076 13
stats: {recvpackets,"os_mon@test2"} 1 18383.0 0.0 18383 3616 13756.416666666666 12
stats: {sentpackets,"os_mon@test2"} 1 13955.0 0.0 13955 2496 9766.083333333334 12
stats: {load,"os_mon@test3"} 1 1.421875 0.0 2.26953125 1.28125 1.5796274038461537 13
stats: {cpu,"os_mon@test2"} 1 72.13622291021672 0.0 72.13622291021672 1.9558676028084254 50.19968235799884 13
stats: {freemem,"os_mon@test3"} 1 1138.0546875 0.0 1510.0078125 1138.0546875 1398.5072115384614 13
stats: {recvpackets,"os_mon@test4"} 1 18289.0 0.0 18289 3620 13754.333333333334 12
stats: {sentpackets,"os_mon@test4"} 1 13798.0 0.0 13798 2496 9765.333333333334 12
stats: {cpu,"os_mon@test4"} 1 61.11691022964509 0.0 73.49272349272348 1.6491754122938531 48.91016576856891 13
stats: {load,"os_mon@myserver"} 1 5.0703125 0.0 5.83984375 3.078125 4.732271634615385 13
stats: {recvpackets,"os_mon@myserver"} 1 19482.0 0.0 19482 3746 14331.833333333334 12
stats: {sentpackets,"os_mon@myserver"} 1 14712.0 0.0 14712 2578 10208.916666666668 12
stats: {cpu,"os_mon@myserver"} 1 73.08075772681954 0.0 73.08075772681954 1.7645576002016636 59.34964277404158 13
stats: session 2849 21690.255261234674 22628.24165439632 94159.40698242188 17.30908203125 9009.658551411596 32240
stats: users_count 3417 44475
stats: finish_users_count 2849 35089
stats: 200 31115 389271
stats: request 31115 1436.7904670128137 3623.3135174507734 38947.76708984375 1.031005859375 908.9713494654848 358156
stats: page 2859 20948.9740191337 21931.68038071096 94157.5 15.650146484375 8969.40621108387 32158
stats: connect 31067 1276.1557129723499 3580.7426125624447 34647.1591796875 0.333984375 786.6448606514646 358413
stats: size_rcv 3920490 49048146
stats: newphase 6 73
stats: size_sent 4123025 51686616
stats: connected -48 209
stats: error_connect_etimedout 311 1049
# stats: dump at 1338898324
stats: users 10097 10685
stats: {load,"os_mon@test2"} 1 1.03125 0.0 1.25 0.6015625 0.9547991071428571 14
stats: {recvpackets,"os_mon@test3"} 1 15730.0 0.0 18309 3599 14126.0 13
stats: {sentpackets,"os_mon@test3"} 1 12279.0 0.0 13819 2479 10096.307692307691 13
stats: {freemem,"os_mon@test2"} 1 1187.9296875 0.0 1530.0 1187.9296875 1415.8169642857142 14
stats: {cpu,"os_mon@test3"} 1 64.35695538057743 0.0 71.51071615263983 2.7721774193548385 55.04302060554505 14
stats: {load,"os_mon@test4"} 1 1.8515625 0.0 1.8515625 1.109375 1.3683035714285714 14
stats: {freemem,"os_mon@test4"} 1 1058.77734375 0.0 1457.2734375 1058.77734375 1348.8272879464287 14
stats: {freemem,"os_mon@myserver"} 1 2541.203125 0.0 2544.94921875 2541.203125 2542.7575334821427 14
stats: {recvpackets,"os_mon@test2"} 1 15691.0 0.0 18383 3616 14112.307692307691 13
stats: {sentpackets,"os_mon@test2"} 1 12220.0 0.0 13955 2496 10088.307692307691 13
stats: {load,"os_mon@test3"} 1 1.98046875 0.0 2.26953125 1.28125 1.568359375 14
stats: {cpu,"os_mon@test2"} 1 70.64989517819707 0.0 72.13622291021672 1.9558676028084254 51.766578111728684 14
stats: {freemem,"os_mon@test3"} 1 1100.84765625 0.0 1510.0078125 1100.84765625 1379.9034598214287 14
stats: {recvpackets,"os_mon@test4"} 1 15731.0 0.0 18289 3620 14103.153846153846 13
stats: {sentpackets,"os_mon@test4"} 1 12321.0 0.0 13798 2496 10075.538461538461 13
stats: {cpu,"os_mon@test4"} 1 64.62409886714727 0.0 73.49272349272348 1.6491754122938531 49.782076087217206 14
stats: {load,"os_mon@myserver"} 1 5.6015625 0.0 5.83984375 3.078125 4.756417410714286 14
stats: {recvpackets,"os_mon@myserver"} 1 18543.0 0.0 19482 3746 14728.0 13
stats: {sentpackets,"os_mon@myserver"} 1 14241.0 0.0 14712 2578 10555.307692307691 13
stats: {cpu,"os_mon@myserver"} 1 71.58081705150977 0.0 73.08075772681954 1.7645576002016636 60.33043669924 14
stats: session 2783 22688.410508907324 23084.454584206775 111135.4111328125 17.30908203125 10039.241042399823 35089
stats: users_count 3494 47969
stats: finish_users_count 2783 37872
stats: request 30782 1545.170549786413 3934.8772580308823 38947.76708984375 1.031005859375 951.1607030070667 389271
stats: page 2770 22056.369123438242 22447.94510022243 111133.51904296875 15.650146484375 9947.490694712234 35017
stats: connect 30798 1321.2091058983317 3843.2973369432616 34647.1591796875 0.333984375 825.6908544099449 389480
stats: 200 30782 420053
stats: size_rcv 3878532 52926678
stats: newphase 6 79
stats: size_sent 4085818 55772434
stats: connected 16 225
stats: error_connect_etimedout 391 1440
# stats: dump at 1338898334
stats: users 9033 10685
stats: {load,"os_mon@test2"} 1 1.03125 0.0 1.25 0.6015625 0.9598958333333333 15
stats: {recvpackets,"os_mon@test3"} 1 17527.0 0.0 18309 3599 14240.57142857143 14
stats: {sentpackets,"os_mon@test3"} 1 13377.0 0.0 13819 2479 10252.214285714286 14
stats: {freemem,"os_mon@test2"} 1 1178.05078125 0.0 1530.0 1178.05078125 1400.6244791666666 15
stats: {cpu,"os_mon@test3"} 1 66.21267679413305 0.0 71.51071615263983 2.7721774193548385 55.66394959054721 15
stats: {load,"os_mon@test4"} 1 1.94921875 0.0 1.94921875 1.109375 1.4005208333333334 15
stats: {freemem,"os_mon@test4"} 1 993.4765625 0.0 1457.2734375 993.4765625 1329.490625 15
stats: {freemem,"os_mon@myserver"} 1 2541.375 0.0 2544.94921875 2541.203125 2542.65390625 15
stats: {recvpackets,"os_mon@test2"} 1 1.76e4 0.0 18383 3616 14225.07142857143 14
stats: {sentpackets,"os_mon@test2"} 1 13425.0 0.0 13955 2496 10240.57142857143 14
stats: {load,"os_mon@test3"} 1 1.8984375 0.0 2.26953125 1.28125 1.5958333333333334 15
stats: {cpu,"os_mon@test2"} 1 59.47611710323575 0.0 72.13622291021672 1.9558676028084254 53.02546591615991 15
stats: {freemem,"os_mon@test3"} 1 1058.46875 0.0 1510.0078125 1058.46875 1361.2997395833333 15
stats: {recvpackets,"os_mon@test4"} 1 17648.0 0.0 18289 3620 14219.42857142857 14
stats: {sentpackets,"os_mon@test4"} 1 13462.0 0.0 13798 2496 10235.92857142857 14
stats: {cpu,"os_mon@test4"} 1 77.56047349459598 0.0 77.56047349459598 1.6491754122938531 50.771544272545874 15
stats: {load,"os_mon@myserver"} 1 5.6015625 0.0 5.83984375 3.078125 4.812760416666666 15
stats: {recvpackets,"os_mon@myserver"} 1 15191.0 0.0 19482 3746 15000.5 14
stats: {sentpackets,"os_mon@myserver"} 1 12166.0 0.0 14712 2578 10818.57142857143 14
stats: {cpu,"os_mon@myserver"} 1 72.90776577029405 0.0 73.08075772681954 1.7645576002016636 61.08046205605798 15
stats: session 3469 24908.99992849613 23464.878412989026 111473.248046875 17.30908203125 10968.757271415729 37872
stats: users_count 2405 50374
stats: finish_users_count 3469 41341
stats: request 31139 2107.5789567512293 5263.480898435477 38947.76708984375 1.031005859375 994.690474496764 420053
stats: page 3455 23585.376403578906 22353.644595233804 111471.38793945313 15.650146484375 10835.139707535986 37787
stats: connect 31162 1838.4510062523518 5224.26254975591 34647.1591796875 0.333984375 862.0024650803566 420278
stats: 200 31161 451214
stats: size_rcv 3926286 56852964
stats: newphase 4 83
stats: size_sent 4139160 59911594
stats: connected 23 248
stats: error_connect_etimedout 591 2031
# stats: dump at 1338898344
stats: users 10290 10702
stats: {load,"os_mon@test2"} 1 1.16015625 0.0 1.25 0.6015625 0.96435546875 16
stats: {recvpackets,"os_mon@test3"} 1 18217.0 0.0 18309 3599 14459.666666666666 15
stats: {sentpackets,"os_mon@test3"} 1 14230.0 0.0 14230 2479 10460.533333333333 15
stats: {freemem,"os_mon@test2"} 1 1142.1171875 0.0 1530.0 1142.1171875 1386.713623046875 16
stats: {cpu,"os_mon@test3"} 1 70.21387584767866 0.0 71.51071615263983 2.7721774193548385 56.323245040771326 16
stats: {load,"os_mon@test4"} 1 1.87890625 0.0 1.94921875 1.109375 1.434814453125 16
stats: {freemem,"os_mon@test4"} 1 963.421875 0.0 1457.2734375 963.421875 1308.48974609375 16
stats: {freemem,"os_mon@myserver"} 1 2540.40234375 0.0 2544.94921875 2540.40234375 2542.573974609375 16
stats: {recvpackets,"os_mon@test2"} 1 18070.0 0.0 18383 3616 14450.066666666668 15
stats: {sentpackets,"os_mon@test2"} 1 14131.0 0.0 14131 2496 10452.866666666667 15
stats: {load,"os_mon@test3"} 1 1.91015625 0.0 2.26953125 1.28125 1.61474609375 16
stats: {cpu,"os_mon@test2"} 1 66.5813715455476 0.0 72.13622291021672 1.9558676028084254 53.42863161535215 16
stats: {freemem,"os_mon@test3"} 1 1016.3359375 0.0 1510.0078125 1016.3359375 1342.372802734375 16
stats: {recvpackets,"os_mon@test4"} 1 1.79e4 0.0 18289 3620 14448.0 15
stats: {sentpackets,"os_mon@test4"} 1 14018.0 0.0 14018 2496 10451.0 15
stats: {cpu,"os_mon@test4"} 1 69.22680412371133 0.0 77.56047349459598 1.6491754122938531 52.44585234892401 16
stats: {load,"os_mon@myserver"} 1 5.4296875 0.0 5.83984375 3.078125 4.862060546875 16
stats: {recvpackets,"os_mon@myserver"} 1 21381.0 0.0 21381 3746 15013.2 15
stats: {sentpackets,"os_mon@myserver"} 1 16291.0 0.0 16291 2578 10908.4 15
stats: {cpu,"os_mon@myserver"} 1 73.04697312233107 0.0 73.08075772681954 1.7645576002016636 61.81966853819774 16
stats: session 2729 27575.051078262433 27193.947034270383 120282.08203125 17.30908203125 12138.508892745931 41341
stats: users_count 3986 54360
stats: finish_users_count 2729 44070
stats: request 31066 1527.0885176135898 4178.676252317861 38947.76708984375 1.031005859375 1071.4964339307116 451192
stats: page 2755 26831.322491510495 26308.034498348316 120279.56689453125 15.650146484375 11903.275777193818 41242
stats: connect 31061 1273.632298697206 4112.698167083097 34647.1591796875 0.333984375 929.4047542882287 451440
stats: 200 31044 482258
stats: size_rcv 3911544 60764508
stats: newphase 5 88
stats: size_sent 4119637 64031231
stats: connected -5 243
stats: error_connect_etimedout 536 2567
# stats: dump at 1338898354
stats: users 10813 11220
stats: {load,"os_mon@test2"} 1 0.98046875 0.0 1.25 0.6015625 0.9758731617647058 17
stats: {recvpackets,"os_mon@test3"} 1 17055.0 0.0 18309 3599 14694.5 16
stats: {sentpackets,"os_mon@test3"} 1 13587.0 0.0 14230 2479 10696.125 16
stats: {freemem,"os_mon@test2"} 1 1135.84375 0.0 1530.0 1135.84375 1372.3255974264705 17
stats: {cpu,"os_mon@test3"} 1 77.83531848783014 0.0 77.83531848783014 2.7721774193548385 57.140340970589406 17
stats: {load,"os_mon@test4"} 1 1.58984375 0.0 1.94921875 1.109375 1.4609375 17
stats: {freemem,"os_mon@test4"} 1 905.9765625 0.0 1457.2734375 905.9765625 1288.1916360294117 17
stats: {freemem,"os_mon@myserver"} 1 2541.10546875 0.0 2544.94921875 2540.40234375 2542.446231617647 17
stats: {recvpackets,"os_mon@test2"} 1 17106.0 0.0 18383 3616 14676.3125 16
stats: {sentpackets,"os_mon@test2"} 1 13510.0 0.0 14131 2496 10682.75 16
stats: {load,"os_mon@test3"} 1 2.08984375 0.0 2.26953125 1.28125 1.6321231617647058 17
stats: {cpu,"os_mon@test2"} 1 56.272586473928754 0.0 72.13622291021672 1.9558676028084254 54.202322199481294 17
stats: {freemem,"os_mon@test3"} 1 940.671875 0.0 1510.0078125 940.671875 1323.1941636029412 17
stats: {recvpackets,"os_mon@test4"} 1 17254.0 0.0 18289 3620 14663.75 16
stats: {sentpackets,"os_mon@test4"} 1 13615.0 0.0 14018 2496 10673.9375 16
stats: {cpu,"os_mon@test4"} 1 69.86514522821577 0.0 77.56047349459598 1.6491754122938531 53.43296715920561 17
stats: {load,"os_mon@myserver"} 1 5.12109375 0.0 5.83984375 3.078125 4.895450367647059 17
stats: {recvpackets,"os_mon@myserver"} 1 18388.0 0.0 21381 3746 15411.1875 16
stats: {sentpackets,"os_mon@myserver"} 1 14651.0 0.0 16291 2578 11244.8125 16
stats: {cpu,"os_mon@myserver"} 1 72.11274632077826 0.0 73.08075772681954 1.7645576002016636 62.48009821961734 17
stats: session 2856 25421.14557286538 26406.130361277956 126322.4990234375 17.30908203125 13094.404595588556 44070
stats: users_count 3379 57739
stats: finish_users_count 2856 46926
stats: request 29906 1486.8204832988406 4015.0935925209337 38947.76708984375 1.031005859375 1100.844674232982 482258
stats: page 2803 24771.097555475535 25728.250589912703 126321.0 15.650146484375 12838.038799625856 43997
stats: connect 29734 1257.4665593851453 3960.10355384339 34647.1591796875 0.333984375 951.5644011218876 482501
stats: 200 29906 512164
stats: size_rcv 3768156 64532664
stats: newphase 6 94
stats: size_sent 3947738 67978969
stats: connected -172 71
stats: error_connect_etimedout 658 3225
# stats: dump at 1338898364
stats: users 11626 12013
stats: {load,"os_mon@test2"} 1 1.30078125 0.0 1.30078125 0.6015625 0.9761284722222222 18
stats: {recvpackets,"os_mon@test3"} 1 18946.0 0.0 18946 3599 14833.35294117647 17
stats: {sentpackets,"os_mon@test3"} 1 14682.0 0.0 14682 2479 10866.176470588236 17
stats: {freemem,"os_mon@test2"} 1 1102.4453125 0.0 1530.0 1102.4453125 1359.187717013889 18
stats: {cpu,"os_mon@test3"} 1 78.641276376737 0.0 78.641276376737 2.7721774193548385 58.29006194376944 18
stats: {load,"os_mon@test4"} 1 1.73046875 0.0 1.94921875 1.109375 1.4680989583333333 18
stats: {freemem,"os_mon@test4"} 1 879.5703125 0.0 1457.2734375 879.5703125 1266.9574652777778 18
stats: {freemem,"os_mon@myserver"} 1 2541.1328125 0.0 2544.94921875 2540.40234375 2542.3717447916665 18
stats: {recvpackets,"os_mon@test2"} 1 18934.0 0.0 18934 3616 14819.235294117647 17
stats: {sentpackets,"os_mon@test2"} 1 14788.0 0.0 14788 2496 10849.058823529413 17
stats: {load,"os_mon@test3"} 1 2.69921875 0.0 2.69921875 1.28125 1.6575520833333333 18
stats: {cpu,"os_mon@test2"} 1 69.04761904761905 0.0 72.13622291021672 1.9558676028084254 54.31733688139504 18
stats: {freemem,"os_mon@test3"} 1 870.1328125 0.0 1510.0078125 870.1328125 1301.9429253472222 18
stats: {recvpackets,"os_mon@test4"} 1 18844.0 0.0 18844 3620 14816.117647058823 17
stats: {sentpackets,"os_mon@test4"} 1 14717.0 0.0 14717 2496 10846.941176470587 17
stats: {cpu,"os_mon@test4"} 1 62.893081761006286 0.0 77.56047349459598 1.6491754122938531 54.34586594081728 18
stats: {load,"os_mon@myserver"} 1 5.16015625 0.0 5.83984375 3.078125 4.907986111111111 18
stats: {recvpackets,"os_mon@myserver"} 1 20016.0 0.0 21381 3746 15586.29411764706 17
stats: {sentpackets,"os_mon@myserver"} 1 15749.0 0.0 16291 2578 11445.176470588236 17
stats: {cpu,"os_mon@myserver"} 1 73.02946361118107 0.0 73.08075772681954 1.7645576002016636 63.01524533634851 18
stats: session 2797 25408.0757416393 28062.505985308846 140422.59887695313 17.30908203125 13844.632022411693 46926
stats: users_count 3610 61349
stats: finish_users_count 2797 49723
stats: 200 31248 543412
stats: request 31248 1410.3033709860513 3519.8000913680858 38947.76708984375 1.031005859375 1123.3823624459833 512164
stats: page 2812 24200.763335356864 27175.88902899474 140420.79809570313 15.650146484375 13552.747425537109 46800
stats: connect 31404 1235.4281122394368 3464.460922050456 34647.1591796875 0.333984375 969.3212798470815 512235
stats: size_rcv 3937248 68469912
stats: newphase 6 100
stats: size_sent 4167500 72146469
stats: connected 156 227
stats: error_connect_etimedout 632 3857
# stats: dump at 1338898374
stats: users 12650 12650
stats: {load,"os_mon@test2"} 1 1.171875 0.0 1.30078125 0.6015625 0.9932154605263158 19
stats: {recvpackets,"os_mon@test3"} 1 21336.0 0.0 21336 3599 15061.833333333334 18
stats: {sentpackets,"os_mon@test3"} 1 16525.0 0.0 16525 2479 11078.166666666666 18
stats: {freemem,"os_mon@test2"} 1 1071.84375 0.0 1530.0 1071.84375 1345.674958881579 19
stats: {cpu,"os_mon@test3"} 1 73.16561844863732 0.0 78.641276376737 2.7721774193548385 59.361178492873 19
stats: {load,"os_mon@test4"} 1 2.0 0.0 2.0 1.109375 1.481907894736842 19
stats: {freemem,"os_mon@test4"} 1 798.8515625 0.0 1457.2734375 798.8515625 1246.568667763158 19
stats: {freemem,"os_mon@myserver"} 1 2541.00390625 0.0 2544.94921875 2540.40234375 2542.3065378289475 19
stats: {recvpackets,"os_mon@test2"} 1 21221.0 0.0 21221 3616 15047.833333333334 18
stats: {sentpackets,"os_mon@test2"} 1 16447.0 0.0 16447 2496 11067.888888888889 18
stats: {load,"os_mon@test3"} 1 2.75 0.0 2.75 1.28125 1.712376644736842 19
stats: {cpu,"os_mon@test2"} 1 60.65573770491803 0.0 72.13622291021672 1.9558676028084254 55.09261489014368 19
stats: {freemem,"os_mon@test3"} 1 818.7578125 0.0 1510.0078125 818.7578125 1279.2160773026317 19
stats: {recvpackets,"os_mon@test4"} 1 21211.0 0.0 21211 3620 15039.888888888889 18
stats: {sentpackets,"os_mon@test4"} 1 16442.0 0.0 16442 2496 11061.944444444445 18
stats: {cpu,"os_mon@test4"} 1 78.7288569964121 0.0 78.7288569964121 1.6491754122938531 54.79571940503776 19
stats: {load,"os_mon@myserver"} 1 5.421875 0.0 5.83984375 3.078125 4.921258223684211 19
stats: {recvpackets,"os_mon@myserver"} 1 21397.0 0.0 21397 3746 15832.388888888889 18
stats: {sentpackets,"os_mon@myserver"} 1 16745.0 0.0 16745 2578 11684.277777777777 18
stats: {cpu,"os_mon@myserver"} 1 73.19693094629156 0.0 73.19693094629156 1.7645576002016636 63.54230945607653 19
stats: session 2975 28131.71870125397 29584.122129417854 161262.6650390625 17.30908203125 14495.094626894119 49723
stats: users_count 3999 65348
stats: finish_users_count 2975 52698
stats: request 31923 1597.4407448379206 4378.479831734177 38947.76708984375 1.031005859375 1139.8812761152803 543412
stats: page 2935 27314.503781143547 28993.061594583654 161260.29418945313 15.650146484375 14156.275215959045 49612
stats: connect 31926 1397.9700936222694 4349.9960560313 34647.1591796875 0.333984375 984.6932803188091 543639
stats: error_unknown 83 83
stats: 200 31923 575335
stats: size_rcv 4022298 72492210
stats: newphase 5 105
stats: size_sent 4238314 76384783
stats: connected 3 230
stats: error_connect_etimedout 835 4692
stats: error_abort 1 1
EndMonitor:{1338,898374,230117}
