# stats: dump at 1338918465
stats: users 0 0
# stats: dump at 1338918475
stats: users 18 30
stats: {load,"os_mon@test2"} 1 1.2890625 0 1.2890625 1.2890625 0 0
stats: {freemem,"os_mon@test2"} 1 1510.98828125 0 1510.98828125 1510.98828125 0 0
stats: {cpu,"os_mon@test3"} 1 2.7176648213387016 0 2.7176648213387016 2.7176648213387016 0 0
stats: {load,"os_mon@test4"} 1 0.9609375 0 0.9609375 0.9609375 0 0
stats: {freemem,"os_mon@test4"} 1 1436.7578125 0 1436.7578125 1436.7578125 0 0
stats: {freemem,"os_mon@myserver"} 1 3130.48828125 0 3130.48828125 3130.48828125 0 0
stats: {load,"os_mon@test3"} 1 1.2109375 0 1.2109375 1.2109375 0 0
stats: {cpu,"os_mon@test2"} 1 2.155388471177945 0 2.155388471177945 2.155388471177945 0 0
stats: {freemem,"os_mon@test3"} 1 1487.8046875 0 1487.8046875 1487.8046875 0 0
stats: {cpu,"os_mon@test4"} 1 1.8527791687531296 0 1.8527791687531296 1.8527791687531296 0 0
stats: {load,"os_mon@myserver"} 1 0.83984375 0 0.83984375 0.83984375 0 0
stats: {cpu,"os_mon@myserver"} 1 4.550050556117291 0 4.550050556117291 4.550050556117291 0 0
stats: session 575 61.3496964164402 44.84029956098434 195.98583984375 21.663818359375 0 0
stats: users_count 593 593
stats: finish_users_count 575 575
stats: 200 5749 5749
stats: request 5749 5.778104412180392 4.6819866619928865 24.803955078125 1.427978515625 0 0
stats: page 571 59.062455960622785 45.00685798773876 194.816162109375 20.1171875 0 0
stats: connect 5759 0.940445372867468 0.29931056552241336 4.510009765625 0.399169921875 0 0
stats: size_rcv 849745 849745
stats: size_sent 763429 763429
stats: connected 10 10
# stats: dump at 1338918485
stats: users 544 545
stats: {load,"os_mon@test2"} 1 1.08984375 0.0 1.2890625 1.08984375 1.2890625 1
stats: {recvpackets,"os_mon@test3"} 1 3465 0 3465 3465 0 0
stats: {sentpackets,"os_mon@test3"} 1 2478 0 2478 2478 0 0
stats: {freemem,"os_mon@test2"} 1 1509.68359375 0.0 1510.98828125 1509.68359375 1510.98828125 1
stats: {cpu,"os_mon@test3"} 1 19.89821882951654 0.0 19.89821882951654 2.7176648213387016 2.7176648213387016 1
stats: {load,"os_mon@test4"} 1 0.87890625 0.0 0.9609375 0.87890625 0.9609375 1
stats: {freemem,"os_mon@test4"} 1 1435.49609375 0.0 1436.7578125 1435.49609375 1436.7578125 1
stats: {freemem,"os_mon@myserver"} 1 3130.4140625 0.0 3130.48828125 3130.4140625 3130.48828125 1
stats: {recvpackets,"os_mon@test2"} 1 3492 0 3492 3492 0 0
stats: {sentpackets,"os_mon@test2"} 1 2495 0 2495 2495 0 0
stats: {load,"os_mon@test3"} 1 1.1015625 0.0 1.2109375 1.1015625 1.2109375 1
stats: {cpu,"os_mon@test2"} 1 12.91139240506329 0.0 12.91139240506329 2.155388471177945 2.155388471177945 1
stats: {freemem,"os_mon@test3"} 1 1487.9453125 0.0 1487.9453125 1487.8046875 1487.8046875 1
stats: {recvpackets,"os_mon@test4"} 1 3491 0 3491 3491 0 0
stats: {sentpackets,"os_mon@test4"} 1 2495 0 2495 2495 0 0
stats: {cpu,"os_mon@test4"} 1 12.056737588652481 0.0 12.056737588652481 1.8527791687531296 1.8527791687531296 1
stats: {load,"os_mon@myserver"} 1 0.7890625 0.0 0.83984375 0.7890625 0.83984375 1
stats: {recvpackets,"os_mon@myserver"} 1 3541 0 3541 3541 0 0
stats: {sentpackets,"os_mon@myserver"} 1 2530 0 2530 2530 0 0
stats: {cpu,"os_mon@myserver"} 1 60.80508474576271 0.0 60.80508474576271 4.550050556117291 4.550050556117291 1
stats: session 950 375.33954204358565 566.1960153728442 3029.134033203125 21.663818359375 61.3496964164402 575
stats: users_count 1476 2069
stats: finish_users_count 950 1525
stats: 200 11395 17144
stats: request 11395 69.28675594421908 163.8953953371687 1145.25 1.390869140625 5.778104412180392 5749
stats: page 949 365.0560700202515 556.8219904935826 3027.85693359375 20.1171875 59.062455960622785 571
stats: connect 11553 23.393164924694954 148.08792898307294 1004.958984375 0.340087890625 0.940445372867468 5759
stats: size_rcv 1693605 2543350
stats: newphase 6 6
stats: size_sent 1534131 2297560
stats: connected 158 168
# stats: dump at 1338918495
stats: users 2459 2460
stats: {load,"os_mon@test2"} 1 0.9296875 0.0 1.2890625 0.9296875 1.189453125 2
stats: {recvpackets,"os_mon@test3"} 1 6505.0 0.0 6505 3465 3465.0 1
stats: {sentpackets,"os_mon@test3"} 1 4661.0 0.0 4661 2478 2478.0 1
stats: {freemem,"os_mon@test2"} 1 1502.17578125 0.0 1510.98828125 1502.17578125 1510.3359375 2
stats: {cpu,"os_mon@test3"} 1 29.330608073582017 0.0 29.330608073582017 2.7176648213387016 11.307941825427621 2
stats: {load,"os_mon@test4"} 1 0.8984375 0.0 0.9609375 0.87890625 0.919921875 2
stats: {freemem,"os_mon@test4"} 1 1426.94921875 0.0 1436.7578125 1426.94921875 1436.126953125 2
stats: {freemem,"os_mon@myserver"} 1 3129.58984375 0.0 3130.48828125 3129.58984375 3130.451171875 2
stats: {recvpackets,"os_mon@test2"} 1 6544.0 0.0 6544 3492 3492.0 1
stats: {sentpackets,"os_mon@test2"} 1 4692.0 0.0 4692 2495 2495.0 1
stats: {load,"os_mon@test3"} 1 1.078125 0.0 1.2109375 1.078125 1.15625 2
stats: {cpu,"os_mon@test2"} 1 25.829504849412967 0.0 25.829504849412967 2.155388471177945 7.533390438120618 2
stats: {freemem,"os_mon@test3"} 1 1480.8125 0.0 1487.9453125 1480.8125 1487.875 2
stats: {recvpackets,"os_mon@test4"} 1 6536.0 0.0 6536 3491 3491.0 1
stats: {sentpackets,"os_mon@test4"} 1 4682.0 0.0 4682 2495 2495.0 1
stats: {cpu,"os_mon@test4"} 1 23.929860752965446 0.0 23.929860752965446 1.8527791687531296 6.954758378702806 2
stats: {load,"os_mon@myserver"} 1 0.8203125 0.0 0.83984375 0.7890625 0.814453125 2
stats: {recvpackets,"os_mon@myserver"} 1 6590.0 0.0 6590 3541 3541.0 1
stats: {sentpackets,"os_mon@myserver"} 1 4724.0 0.0 4724 2530 2530.0 1
stats: {cpu,"os_mon@myserver"} 1 97.78002018163471 0.0 97.78002018163471 4.550050556117291 32.67756765094 2
stats: session 577 4773.51002795981 2632.4264817802564 11581.5478515625 21.663818359375 256.9499281185964 1525
stats: users_count 2492 4561
stats: finish_users_count 577 2102
stats: request 11653 765.5552919748418 1139.7254323703944 7903.8291015625 1.390869140625 47.99002019657032 17144
stats: page 578 4717.37313261989 2621.83708781251 11579.8359375 20.1171875 250.10715315969364 1520
stats: connect 11668 613.7314356874855 1126.1197960289985 7020.947021484375 0.340087890625 15.924056104282842 17312
stats: 200 11653 28797
stats: size_rcv 1736297 4279647
stats: newphase 6 12
stats: size_sent 1550460 3848020
stats: connected 15 183
# stats: dump at 1338918505
stats: users 4771 4775
stats: {load,"os_mon@test2"} 1 0.78125 0.0 1.2890625 0.78125 1.1028645833333333 3
stats: {recvpackets,"os_mon@test3"} 1 9103.0 0.0 9103 3465 4985.0 2
stats: {sentpackets,"os_mon@test3"} 1 6396.0 0.0 6396 2478 3569.5 2
stats: {freemem,"os_mon@test2"} 1 1481.4375 0.0 1510.98828125 1481.4375 1507.6158854166667 3
stats: {cpu,"os_mon@test3"} 1 30.400832899531494 0.0 30.400832899531494 2.7176648213387016 17.315497241479086 3
stats: {load,"os_mon@test4"} 1 0.83984375 0.0 0.9609375 0.83984375 0.9127604166666666 3
stats: {freemem,"os_mon@test4"} 1 1407.93359375 0.0 1436.7578125 1407.93359375 1433.0677083333333 3
stats: {freemem,"os_mon@myserver"} 1 3129.40625 0.0 3130.48828125 3129.40625 3130.1640625 3
stats: {recvpackets,"os_mon@test2"} 1 9074.0 0.0 9074 3492 5018.0 2
stats: {sentpackets,"os_mon@test2"} 1 6372.0 0.0 6372 2495 3593.5 2
stats: {load,"os_mon@test3"} 1 0.921875 0.0 1.2109375 0.921875 1.1302083333333333 3
stats: {cpu,"os_mon@test2"} 1 27.75763852925945 0.0 27.75763852925945 2.155388471177945 13.632095241884734 3
stats: {freemem,"os_mon@test3"} 1 1451.91796875 0.0 1487.9453125 1451.91796875 1485.5208333333333 3
stats: {recvpackets,"os_mon@test4"} 1 9089.0 0.0 9089 3491 5013.5 2
stats: {sentpackets,"os_mon@test4"} 1 6387.0 0.0 6387 2495 3588.5 2
stats: {cpu,"os_mon@test4"} 1 25.663716814159294 0.0 25.663716814159294 1.8527791687531296 12.613125836790353 3
stats: {load,"os_mon@myserver"} 1 0.8515625 0.0 0.8515625 0.7890625 0.81640625 3
stats: {recvpackets,"os_mon@myserver"} 1 9121.0 0.0 9121 3541 5065.5 2
stats: {sentpackets,"os_mon@myserver"} 1 6.4e3 0.0 6400 2530 3627.0 2
stats: {cpu,"os_mon@myserver"} 1 100.0 0.0 100.0 4.550050556117291 54.37838516117157 3
stats: session 361 11700.157205597521 3896.0498366151132 21512.453125 21.663818359375 1496.7478242215363 2102
stats: users_count 2673 7234
stats: finish_users_count 361 2463
stats: 200 10853 39650
stats: request 10853 1742.6981200609523 2246.114427172172 15449.291015625 1.390869140625 338.36013208434326 28797
stats: page 361 11630.757491938626 3864.9934740559706 20977.484130859375 20.1171875 1480.8410597983943 2098
stats: connect 10850 1549.4158167572746 2237.0688375631516 15041.10107421875 0.340087890625 256.61475675910714 28980
stats: size_rcv 1617097 5896744
stats: newphase 6 18
stats: size_sent 1448065 5296085
stats: connected 62 245
# stats: dump at 1338918515
stats: users 6343 6343
stats: {load,"os_mon@test2"} 1 0.66015625 0.0 1.2890625 0.66015625 1.0224609375 4
stats: {recvpackets,"os_mon@test3"} 1 9056.0 0.0 9103 3465 6357.666666666667 3
stats: {sentpackets,"os_mon@test3"} 1 6538.0 0.0 6538 2478 4511.666666666667 3
stats: {freemem,"os_mon@test2"} 1 1460.3671875 0.0 1510.98828125 1460.3671875 1501.0712890625 4
stats: {cpu,"os_mon@test3"} 1 35.665076841547425 0.0 35.665076841547425 2.7176648213387016 20.586831155992186 4
stats: {load,"os_mon@test4"} 1 0.78125 0.0 0.9609375 0.78125 0.89453125 4
stats: {freemem,"os_mon@test4"} 1 1349.15625 0.0 1436.7578125 1349.15625 1426.7841796875 4
stats: {freemem,"os_mon@myserver"} 1 3129.0625 0.0 3130.48828125 3129.0625 3129.974609375 4
stats: {recvpackets,"os_mon@test2"} 1 9078.0 0.0 9078 3492 6370.0 3
stats: {sentpackets,"os_mon@test2"} 1 6546.0 0.0 6546 2495 4519.666666666667 3
stats: {load,"os_mon@test3"} 1 0.78125 0.0 1.2109375 0.78125 1.078125 4
stats: {cpu,"os_mon@test2"} 1 24.724986904138294 0.0 27.75763852925945 2.155388471177945 17.163481063728412 4
stats: {freemem,"os_mon@test3"} 1 1390.28125 0.0 1487.9453125 1390.28125 1477.1201171875 4
stats: {recvpackets,"os_mon@test4"} 1 9067.0 0.0 9089 3491 6372.0 3
stats: {sentpackets,"os_mon@test4"} 1 6538.0 0.0 6538 2495 4521.333333333333 3
stats: {cpu,"os_mon@test4"} 1 33.10598111227702 0.0 33.10598111227702 1.8527791687531296 15.875773581132588 4
stats: {load,"os_mon@myserver"} 1 0.87109375 0.0 0.87109375 0.7890625 0.8251953125 4
stats: {recvpackets,"os_mon@myserver"} 1 8995.0 0.0 9121 3541 6417.333333333333 3
stats: {sentpackets,"os_mon@myserver"} 1 6487.0 0.0 6487 2530 4551.333333333333 3
stats: {cpu,"os_mon@myserver"} 1 100.0 0.0 100.0 4.550050556117291 65.78378887087868 4
stats: session 416 18411.43010476919 5300.1120012712045 30580.589111328125 21.663818359375 2992.2536247399007 2463
stats: users_count 1988 9222
stats: finish_users_count 416 2879
stats: 200 10589 50239
stats: request 10589 2677.2928497346174 3623.11495272952 18533.72509765625 1.390869140625 722.7555969900214 39650
stats: page 409 18297.915338119856 5302.660022698344 30579.3701171875 20.1171875 2970.9263920483427 2459
stats: connect 10657 2432.181949872841 3588.873798083917 15052.923828125 0.340087890625 608.7837625582564 39830
stats: size_rcv 1577761 7474505
stats: newphase 6 24
stats: size_sent 1404712 6700797
stats: connected 3 248
# stats: dump at 1338918525
stats: users 9134 9134
stats: {load,"os_mon@test2"} 1 0.640625 0.0 1.2890625 0.640625 0.95 5
stats: {recvpackets,"os_mon@test3"} 1 9010.0 0.0 9103 3465 7032.25 4
stats: {sentpackets,"os_mon@test3"} 1 6525.0 0.0 6538 2478 5018.25 4
stats: {freemem,"os_mon@test2"} 1 1405.57421875 0.0 1510.98828125 1405.57421875 1492.93046875 5
stats: {cpu,"os_mon@test3"} 1 26.287838555496545 0.0 35.665076841547425 2.7176648213387016 23.602480293103234 5
stats: {load,"os_mon@test4"} 1 0.98046875 0.0 0.98046875 0.78125 0.871875 5
stats: {freemem,"os_mon@test4"} 1 1329.0859375 0.0 1436.7578125 1329.0859375 1411.25859375 5
stats: {freemem,"os_mon@myserver"} 1 3130.22265625 0.0 3130.48828125 3129.0625 3129.7921875 5
stats: {recvpackets,"os_mon@test2"} 1 9032.0 0.0 9078 3492 7047.0 4
stats: {sentpackets,"os_mon@test2"} 1 6550.0 0.0 6550 2495 5026.25 4
stats: {load,"os_mon@test3"} 1 0.66015625 0.0 1.2109375 0.66015625 1.01875 5
stats: {cpu,"os_mon@test2"} 1 38.113207547169814 0.0 38.113207547169814 2.155388471177945 18.675782231810388 5
stats: {freemem,"os_mon@test3"} 1 1368.703125 0.0 1487.9453125 1368.703125 1459.75234375 5
stats: {recvpackets,"os_mon@test4"} 1 9024.0 0.0 9089 3491 7045.75 4
stats: {sentpackets,"os_mon@test4"} 1 6542.0 0.0 6542 2495 5025.5 4
stats: {cpu,"os_mon@test4"} 1 24.298570672313392 0.0 33.10598111227702 1.8527791687531296 19.321815087361475 5
stats: {load,"os_mon@myserver"} 1 0.890625 0.0 0.890625 0.7890625 0.834375 5
stats: {recvpackets,"os_mon@myserver"} 1 9140.0 0.0 9140 3541 7061.75 4
stats: {sentpackets,"os_mon@myserver"} 1 6631.0 0.0 6631 2530 5035.25 4
stats: {cpu,"os_mon@myserver"} 1 100.0 0.0 100.0 4.550050556117291 72.62703109670295 5
stats: session 420 23566.61175130209 6914.946489994442 41194.50390625 21.663818359375 5220.2416121286415 2879
stats: users_count 3211 12433
stats: finish_users_count 420 3299
stats: request 10412 3179.344367339075 4791.8220526365685 31900.758056640625 1.390869140625 1134.7183145861625 50239
stats: page 424 23504.989766246876 6835.431003249158 40141.493896484375 20.1171875 5156.678999769141 2868
stats: connect 10459 2927.0378150228867 4872.381374937688 31080.343994140625 0.340087890625 993.674021084442 50487
stats: 200 10412 60651
stats: size_rcv 1551388 9025893
stats: newphase 6 30
stats: size_sent 1387465 8088262
stats: connected 47 295
# stats: dump at 1338918535
stats: users 11563 11564
stats: {load,"os_mon@test2"} 1 0.62109375 0.0 1.2890625 0.62109375 0.8984375 6
stats: {recvpackets,"os_mon@test3"} 1 13195.0 0.0 13195 3465 7427.8 5
stats: {sentpackets,"os_mon@test3"} 1 9409.0 0.0 9409 2478 5319.6 5
stats: {freemem,"os_mon@test2"} 1 1376.64453125 0.0 1510.98828125 1376.64453125 1478.37109375 6
stats: {cpu,"os_mon@test3"} 1 40.06479481641469 0.0 40.06479481641469 2.7176648213387016 24.05004000350212 6
stats: {load,"os_mon@test4"} 1 1.0703125 0.0 1.0703125 0.78125 0.8899739583333334 6
stats: {freemem,"os_mon@test4"} 1 1281.2734375 0.0 1436.7578125 1281.2734375 1397.5631510416667 6
stats: {freemem,"os_mon@myserver"} 1 3131.34375 0.0 3131.34375 3129.0625 3129.8639322916665 6
stats: {recvpackets,"os_mon@test2"} 1 13178.0 0.0 13178 3492 7444.0 5
stats: {sentpackets,"os_mon@test2"} 1 9.4e3 0.0 9400 2495 5331.0 5
stats: {load,"os_mon@test3"} 1 0.7890625 0.0 1.2109375 0.66015625 0.958984375 6
stats: {cpu,"os_mon@test2"} 1 30.92838196286472 0.0 38.113207547169814 2.155388471177945 21.915353117703628 6
stats: {freemem,"os_mon@test3"} 1 1299.87109375 0.0 1487.9453125 1299.87109375 1444.5774739583333 6
stats: {recvpackets,"os_mon@test4"} 1 13181.0 0.0 13181 3491 7441.4 5
stats: {sentpackets,"os_mon@test4"} 1 9402.0 0.0 9402 2495 5328.8 5
stats: {cpu,"os_mon@test4"} 1 34.45201887781856 0.0 34.45201887781856 1.8527791687531296 20.151274351520126 6
stats: {load,"os_mon@myserver"} 1 0.91015625 0.0 0.91015625 0.7890625 0.84375 6
stats: {recvpackets,"os_mon@myserver"} 1 13013.0 0.0 13013 3541 7477.4 5
stats: {sentpackets,"os_mon@myserver"} 1 9293.0 0.0 9293 2530 5354.4 5
stats: {cpu,"os_mon@myserver"} 1 100.0 0.0 100.0 4.550050556117291 77.18919258058578 6
stats: session 319 29072.92217118314 9100.503141971314 48556.994873046875 21.663818359375 7555.94196328137 3299
stats: users_count 2748 15181
stats: finish_users_count 319 3618
stats: 200 10173 70824
stats: request 10173 3965.2980115630467 6638.72412582272 34571.48193359375 1.390869140625 1485.7207129186438 60651
stats: connect 10132 3702.7525484165553 6653.265470097377 31113.193115234375 0.340087890625 1325.460388045394 60946
stats: page 316 28811.199402628066 8964.597636997178 47793.89990234375 20.1171875 7519.8879198744135 3292
stats: size_rcv 1515777 10541670
stats: newphase 4 34
stats: size_sent 1345004 9433266
stats: connected -41 254
# stats: dump at 1338918545
stats: users 14974 14974
stats: {load,"os_mon@test2"} 1 0.6015625 0.0 1.2890625 0.6015625 0.8588169642857143 7
stats: {recvpackets,"os_mon@test3"} 1 10513.0 0.0 13195 3465 8389.0 6
stats: {sentpackets,"os_mon@test3"} 1 7891.0 0.0 9409 2478 6001.166666666667 6
stats: {freemem,"os_mon@test2"} 1 1324.7421875 0.0 1510.98828125 1324.7421875 1463.8387276785713 7
stats: {cpu,"os_mon@test3"} 1 33.1367292225201 0.0 40.06479481641469 2.7176648213387016 26.337862119632486 7
stats: {load,"os_mon@test4"} 1 1.05859375 0.0 1.0703125 0.78125 0.9157366071428571 7
stats: {freemem,"os_mon@test4"} 1 1223.84375 0.0 1436.7578125 1223.84375 1380.9503348214287 7
stats: {freemem,"os_mon@myserver"} 1 3131.078125 0.0 3131.34375 3129.0625 3130.0753348214284 7
stats: {recvpackets,"os_mon@test2"} 1 10493.0 0.0 13178 3492 8399.666666666666 6
stats: {sentpackets,"os_mon@test2"} 1 7877.0 0.0 9400 2495 6009.166666666667 6
stats: {load,"os_mon@test3"} 1 0.8203125 0.0 1.2109375 0.66015625 0.9347098214285714 7
stats: {cpu,"os_mon@test2"} 1 34.573894282632146 0.0 38.113207547169814 2.155388471177945 23.202928667012355 7
stats: {freemem,"os_mon@test3"} 1 1254.1875 0.0 1487.9453125 1254.1875 1423.9051339285713 7
stats: {recvpackets,"os_mon@test4"} 1 10478.0 0.0 13181 3491 8398.0 6
stats: {sentpackets,"os_mon@test4"} 1 7866.0 0.0 9402 2495 6007.666666666667 6
stats: {cpu,"os_mon@test4"} 1 33.75863902179692 0.0 34.45201887781856 1.8527791687531296 22.194237855277045 7
stats: {load,"os_mon@myserver"} 1 0.921875 0.0 0.921875 0.7890625 0.8532366071428571 7
stats: {recvpackets,"os_mon@myserver"} 1 10718.0 0.0 13013 3541 8.4e3 6
stats: {sentpackets,"os_mon@myserver"} 1 8030.0 0.0 9293 2530 6010.833333333333 6
stats: {cpu,"os_mon@myserver"} 1 100.0 0.0 100.0 4.550050556117291 80.44787935478782 7
stats: session 359 35087.185854261 12234.200751014443 60669.198974609375 21.663818359375 9453.099698582824 3618
stats: users_count 3770 18951
stats: finish_users_count 359 3977
stats: 200 10714 81538
stats: request 10714 4017.90818557896 6899.409189504957 44800.72412109375 1.390869140625 1841.8816168369415 70824
stats: page 362 34943.128761923756 12114.778408508122 58663.6640625 20.1171875 9384.648016479223 3608
stats: connect 10768 3619.605236104479 6787.97643612371 31113.193115234375 0.340087890625 1664.3377364356218 71078
stats: size_rcv 1596386 12138056
stats: newphase 6 40
stats: size_sent 1429920 10863186
stats: connected 54 308
# stats: dump at 1338918555
stats: users 16845 16848
stats: {load,"os_mon@test2"} 1 0.578125 0.0 1.2890625 0.578125 0.82666015625 8
stats: {recvpackets,"os_mon@test3"} 1 14259.0 0.0 14259 3465 8692.42857142857 7
stats: {sentpackets,"os_mon@test3"} 1 10382.0 0.0 10382 2478 6271.142857142857 7
stats: {freemem,"os_mon@test2"} 1 1280.703125 0.0 1510.98828125 1280.703125 1446.45166015625 8
stats: {cpu,"os_mon@test3"} 1 40.72081764389457 0.0 40.72081764389457 2.7176648213387016 27.187720507493438 8
stats: {load,"os_mon@test4"} 1 0.8984375 0.0 1.0703125 0.78125 0.93359375 8
stats: {freemem,"os_mon@test4"} 1 1175.359375 0.0 1436.7578125 1175.359375 1361.31201171875 8
stats: {freemem,"os_mon@myserver"} 1 3131.98828125 0.0 3131.98828125 3129.0625 3130.20068359375 8
stats: {recvpackets,"os_mon@test2"} 1 14210.0 0.0 14210 3492 8698.714285714286 7
stats: {sentpackets,"os_mon@test2"} 1 10347.0 0.0 10347 2495 6276.0 7
stats: {load,"os_mon@test3"} 1 0.9296875 0.0 1.2109375 0.66015625 0.92041015625 8
stats: {cpu,"os_mon@test2"} 1 36.324556689951635 0.0 38.113207547169814 2.155388471177945 24.62429936896483 8
stats: {freemem,"os_mon@test3"} 1 1184.86328125 0.0 1487.9453125 1184.86328125 1402.6904296875 8
stats: {recvpackets,"os_mon@test4"} 1 14216.0 0.0 14216 3491 8695.142857142857 7
stats: {sentpackets,"os_mon@test4"} 1 10352.0 0.0 10352 2495 6273.142857142857 7
stats: {cpu,"os_mon@test4"} 1 36.48936170212766 0.0 36.48936170212766 1.8527791687531296 23.63978800109203 8
stats: {load,"os_mon@myserver"} 1 0.94140625 0.0 0.94140625 0.7890625 0.86181640625 8
stats: {recvpackets,"os_mon@myserver"} 1 14001.0 0.0 14001 3541 8731.142857142857 7
stats: {sentpackets,"os_mon@myserver"} 1 10206.0 0.0 10206 2530 6299.285714285715 7
stats: {cpu,"os_mon@myserver"} 1 100.0 0.0 100.0 4.550050556117291 82.89189443543934 8
stats: session 334 39982.29803284056 14596.814918752634 65544.06787109375 21.663818359375 11767.064227093879 3977
stats: users_count 2205 21156
stats: finish_users_count 334 4311
stats: 200 10928 92466
stats: request 10929 4628.000595083008 7683.802294168112 56237.39501953125 1.390869140625 2127.8090207161385 81538
stats: page 333 39732.819419517204 14529.460363817163 65540.59692382813 20.1171875 11715.169434577692 3970
stats: connect 10901 4430.615595849119 7725.27273358613 31113.193115234375 0.340087890625 1921.5808568866426 81846
stats: size_rcv 1628272 13766328
stats: newphase 4 44
stats: size_sent 1447199 12310385
stats: connected -28 280
stats: error_connect_etimedout 113 113
# stats: dump at 1338918565
stats: users 19465 19466
stats: {load,"os_mon@test2"} 1 0.640625 0.0 1.2890625 0.578125 0.7990451388888888 9
stats: {recvpackets,"os_mon@test3"} 1 10830.0 0.0 14259 3465 9388.25 8
stats: {sentpackets,"os_mon@test3"} 1 8240.0 0.0 10382 2478 6785.0 8
stats: {freemem,"os_mon@test2"} 1 1241.1171875 0.0 1510.98828125 1241.1171875 1428.03515625 9
stats: {cpu,"os_mon@test3"} 1 35.12221041445271 0.0 40.72081764389457 2.7176648213387016 28.691397967093565 9
stats: {load,"os_mon@test4"} 1 1.28125 0.0 1.28125 0.78125 0.9296875 9
stats: {freemem,"os_mon@test4"} 1 1132.62890625 0.0 1436.7578125 1132.62890625 1340.650607638889 9
stats: {freemem,"os_mon@myserver"} 1 3132.41796875 0.0 3132.41796875 3129.0625 3130.3993055555557 9
stats: {recvpackets,"os_mon@test2"} 1 10904.0 0.0 14210 3492 9387.625 8
stats: {sentpackets,"os_mon@test2"} 1 8287.0 0.0 10347 2495 6784.875 8
stats: {load,"os_mon@test3"} 1 0.7890625 0.0 1.2109375 0.66015625 0.9214409722222222 9
stats: {cpu,"os_mon@test2"} 1 34.18940609951846 0.0 38.113207547169814 2.155388471177945 25.924327960185586 9
stats: {freemem,"os_mon@test3"} 1 1136.9453125 0.0 1487.9453125 1136.9453125 1378.4874131944443 9
stats: {recvpackets,"os_mon@test4"} 1 10891.0 0.0 14216 3491 9385.25 8
stats: {sentpackets,"os_mon@test4"} 1 8279.0 0.0 10352 2495 6783.0 8
stats: {cpu,"os_mon@test4"} 1 35.3968253968254 0.0 36.48936170212766 1.8527791687531296 25.06751841231821 9
stats: {load,"os_mon@myserver"} 1 0.94921875 0.0 0.94921875 0.7890625 0.8706597222222222 9
stats: {recvpackets,"os_mon@myserver"} 1 11125.0 0.0 14001 3541 9389.875 8
stats: {sentpackets,"os_mon@myserver"} 1 8442.0 0.0 10206 2530 6787.625 8
stats: {cpu,"os_mon@myserver"} 1 100.0 0.0 100.0 4.550050556117291 84.79279505372386 9
stats: session 352 42649.02808310765 16732.267771488936 80573.60620117188 21.663818359375 13953.073990749503 4311
stats: users_count 2972 24128
stats: finish_users_count 352 4663
stats: request 10430 5171.202747857731 8127.077840955342 62228.096923828125 1.390869140625 2423.3154577829355 92467
stats: page 348 42036.363332463414 16181.725026256241 79810.0419921875 20.1171875 13883.395659301106 4303
stats: connect 10413 4771.374168519809 7903.135655614319 31113.193115234375 0.340087890625 2216.479750537434 92747
stats: 200 10424 102890
stats: size_rcv 1556067 15322395
stats: newphase 6 50
stats: size_sent 1381983 13692368
stats: connected -17 263
stats: error_connect_etimedout 691 804
# stats: dump at 1338918575
stats: users 21677 21677
stats: {load,"os_mon@test2"} 1 0.62109375 0.0 1.2890625 0.578125 0.783203125 10
stats: {recvpackets,"os_mon@test3"} 1 13157.0 0.0 14259 3465 9548.444444444445 9
stats: {sentpackets,"os_mon@test3"} 1 9891.0 0.0 10382 2478 6946.666666666667 9
stats: {freemem,"os_mon@test2"} 1 1196.76171875 0.0 1510.98828125 1196.76171875 1409.343359375 10
stats: {cpu,"os_mon@test3"} 1 41.81523500810373 0.0 41.81523500810373 2.7176648213387016 29.33447921182948 10
stats: {load,"os_mon@test4"} 1 1.078125 0.0 1.28125 0.78125 0.96484375 10
stats: {freemem,"os_mon@test4"} 1 1103.3046875 0.0 1436.7578125 1103.3046875 1319.8484375 10
stats: {freemem,"os_mon@myserver"} 1 3132.2265625 0.0 3132.41796875 3129.0625 3130.601171875 10
stats: {recvpackets,"os_mon@test2"} 1 13079.0 0.0 14210 3492 9556.111111111111 9
stats: {sentpackets,"os_mon@test2"} 1 9841.0 0.0 10347 2495 6951.777777777777 9
stats: {load,"os_mon@test3"} 1 1.2890625 0.0 1.2890625 0.66015625 0.908203125 10
stats: {cpu,"os_mon@test2"} 1 34.440278521692555 0.0 38.113207547169814 2.155388471177945 26.750835774118872 10
stats: {freemem,"os_mon@test3"} 1 1066.41796875 0.0 1487.9453125 1066.41796875 1354.333203125 10
stats: {recvpackets,"os_mon@test4"} 1 13101.0 0.0 14216 3491 9552.555555555555 9
stats: {sentpackets,"os_mon@test4"} 1 9856.0 0.0 10352 2495 6949.222222222223 9
stats: {cpu,"os_mon@test4"} 1 27.611940298507463 0.0 36.48936170212766 1.8527791687531296 26.10044911076893 10
stats: {load,"os_mon@myserver"} 1 0.94921875 0.0 0.94921875 0.7890625 0.878515625 10
stats: {recvpackets,"os_mon@myserver"} 1 12875.0 0.0 14001 3541 9582.666666666666 9
stats: {sentpackets,"os_mon@myserver"} 1 9707.0 0.0 10206 2530 6971.444444444444 9
stats: {cpu,"os_mon@myserver"} 1 100.0 0.0 100.0 4.550050556117291 86.31351554835149 10
stats: session 390 49872.67474271335 21173.58980410268 89201.51098632813 21.663818359375 16119.27082551469 4663
stats: users_count 2602 26730
stats: finish_users_count 390 5053
stats: request 10618 4838.719472212965 7944.6145233302295 62228.096923828125 1.390869140625 2701.8509295214712 102897
stats: page 390 49774.39223945815 21003.660110577148 89200.05493164063 20.1171875 15989.874427363995 4651
stats: connect 10627 4441.593806423193 7971.431720599952 31113.193115234375 0.340087890625 2474.37152617189 103160
stats: 200 10618 113508
stats: size_rcv 1592700 16915095
stats: newphase 6 56
stats: size_sent 1411097 15103465
stats: connected 9 272
stats: error_connect_etimedout 1277 2081
# stats: dump at 1338918585
stats: users 23982 23982
stats: {load,"os_mon@test2"} 1 0.6015625 0.0 1.2890625 0.578125 0.7684659090909091 11
stats: {recvpackets,"os_mon@test3"} 1 13473.0 0.0 14259 3465 9909.3 10
stats: {sentpackets,"os_mon@test3"} 1 10090.0 0.0 10382 2478 7241.1 10
stats: {freemem,"os_mon@test2"} 1 1143.7578125 0.0 1510.98828125 1143.7578125 1390.0177556818182 11
stats: {cpu,"os_mon@test3"} 1 26.185344827586203 0.0 41.81523500810373 2.7176648213387016 30.469093375127137 11
stats: {load,"os_mon@test4"} 1 1.0703125 0.0 1.28125 0.78125 0.9751420454545454 11
stats: {freemem,"os_mon@test4"} 1 1032.72265625 0.0 1436.7578125 1032.72265625 1300.1626420454545 11
stats: {freemem,"os_mon@myserver"} 1 3132.3125 0.0 3132.41796875 3129.0625 3130.748934659091 11
stats: {recvpackets,"os_mon@test2"} 1 13538.0 0.0 14210 3492 9908.4 10
stats: {sentpackets,"os_mon@test2"} 1 10133.0 0.0 10347 2495 7240.7 10
stats: {load,"os_mon@test3"} 1 1.16015625 0.0 1.2890625 0.66015625 0.9428267045454546 11
stats: {cpu,"os_mon@test2"} 1 41.15138592750533 0.0 41.15138592750533 2.155388471177945 27.449876023898298 11
stats: {freemem,"os_mon@test3"} 1 1043.12109375 0.0 1487.9453125 1043.12109375 1328.159090909091 11
stats: {recvpackets,"os_mon@test4"} 1 13547.0 0.0 14216 3491 9907.4 10
stats: {sentpackets,"os_mon@test4"} 1 10139.0 0.0 10352 2495 7239.9 10
stats: {cpu,"os_mon@test4"} 1 43.289124668435015 0.0 43.289124668435015 1.8527791687531296 26.237857400563346 11
stats: {load,"os_mon@myserver"} 1 0.9609375 0.0 0.9609375 0.7890625 0.8849431818181818 11
stats: {recvpackets,"os_mon@myserver"} 1 13915.0 0.0 14001 3541 9911.9 10
stats: {sentpackets,"os_mon@myserver"} 1 10387.0 0.0 10387 2530 7245.0 10
stats: {cpu,"os_mon@myserver"} 1 100.0 0.0 100.0 4.550050556117291 87.55774140759226 11
stats: session 336 57813.766903105236 25229.727424316727 99629.287109375 21.663818359375 18724.421731453236 5053
stats: users_count 2641 29371
stats: finish_users_count 336 5389
stats: 200 10402 123910
stats: request 10402 4380.312384032014 7282.9152294310925 62228.096923828125 1.390869140625 2901.729977984655 113515
stats: connect 10378 3983.2985496851784 7185.399025262299 31113.193115234375 0.340087890625 2658.0978848264863 113787
stats: page 334 57493.81697859165 25141.154510909284 99627.1669921875 20.1171875 18603.633988307603 5041
stats: size_rcv 1560300 18475395
stats: newphase 6 62
stats: size_sent 1377182 16480647
stats: connected -24 248
stats: error_connect_etimedout 1701 3782
# stats: dump at 1338918595
stats: users 27392 27392
stats: {load,"os_mon@test2"} 1 0.671875 0.0 1.2890625 0.578125 0.7545572916666666 12
stats: {recvpackets,"os_mon@test3"} 1 12991.0 0.0 14259 3465 10233.272727272728 11
stats: {sentpackets,"os_mon@test3"} 1 9915.0 0.0 10382 2478 7500.090909090909 11
stats: {freemem,"os_mon@test2"} 1 1099.50390625 0.0 1510.98828125 1099.50390625 1369.49609375 12
stats: {cpu,"os_mon@test3"} 1 34.56722917800762 0.0 41.81523500810373 2.7176648213387016 30.112114329498727 12
stats: {load,"os_mon@test4"} 1 1.140625 0.0 1.28125 0.78125 0.9830729166666666 12
stats: {freemem,"os_mon@test4"} 1 967.44140625 0.0 1436.7578125 967.44140625 1277.8759765625 12
stats: {freemem,"os_mon@myserver"} 1 3132.22265625 0.0 3132.41796875 3129.0625 3130.8792317708335 12
stats: {recvpackets,"os_mon@test2"} 1 12944.0 0.0 14210 3492 10238.363636363636 11
stats: {sentpackets,"os_mon@test2"} 1 9889.0 0.0 10347 2495 7503.636363636364 11
stats: {load,"os_mon@test3"} 1 1.12890625 0.0 1.2890625 0.66015625 0.9609375 12
stats: {cpu,"os_mon@test2"} 1 35.36977491961415 0.0 41.15138592750533 2.155388471177945 28.59166851586555 12
stats: {freemem,"os_mon@test3"} 1 987.08984375 0.0 1487.9453125 987.08984375 1304.4059244791667 12
stats: {recvpackets,"os_mon@test4"} 1 12938.0 0.0 14216 3491 10238.272727272728 11
stats: {sentpackets,"os_mon@test4"} 1 9885.0 0.0 10352 2495 7503.454545454545 11
stats: {cpu,"os_mon@test4"} 1 41.16693679092383 0.0 43.289124668435015 1.8527791687531296 27.65879633955265 12
stats: {load,"os_mon@myserver"} 1 0.96875 0.0 0.96875 0.7890625 0.8912760416666666 12
stats: {recvpackets,"os_mon@myserver"} 1 12654.0 0.0 14001 3541 10275.818181818182 11
stats: {sentpackets,"os_mon@myserver"} 1 9708.0 0.0 10387 2530 7530.636363636364 11
stats: {cpu,"os_mon@myserver"} 1 100.0 0.0 100.0 4.550050556117291 88.5945962902929 12
stats: session 396 62028.63225085327 31811.05986332454 110828.7099609375 21.663818359375 21161.612300700792 5389
stats: users_count 3806 33177
stats: finish_users_count 396 5785
stats: error_unknown 42 42
stats: request 10616 5112.96796512102 8444.50105340212 87276.166015625 1.390869140625 3025.8470417265517 123917
stats: page 354 68355.6823606329 26797.883644930018 110826.90991210938 20.1171875 21020.251870866647 5375
stats: connect 10624 4699.70960497569 8380.02176501675 31113.193115234375 0.340087890625 2768.8612440654306 124165
stats: 200 10614 134524
stats: size_rcv 1592100 20067495
stats: newphase 4 66
stats: size_sent 1410792 17891439
stats: connected 8 256
stats: error_connect_etimedout 2345 6127
# stats: dump at 1338918605
stats: users 29931 29931
stats: {load,"os_mon@test2"} 1 0.71875 0.0 1.2890625 0.578125 0.7481971153846154 13
stats: {recvpackets,"os_mon@test3"} 1 18382.0 0.0 18382 3465 10463.083333333334 12
stats: {sentpackets,"os_mon@test3"} 1 13632.0 0.0 13632 2478 7701.333333333333 12
stats: {freemem,"os_mon@test2"} 1 1031.453125 0.0 1510.98828125 1031.453125 1348.7274639423076 13
stats: {cpu,"os_mon@test3"} 1 50.92997811816192 0.0 50.92997811816192 2.7176648213387016 30.45481547169172 13
stats: {load,"os_mon@test4"} 1 1.12109375 0.0 1.28125 0.78125 0.9951923076923077 13
stats: {freemem,"os_mon@test4"} 1 938.078125 0.0 1436.7578125 938.078125 1253.9963942307693 13
stats: {freemem,"os_mon@myserver"} 1 3131.41015625 0.0 3132.41796875 3129.0625 3130.9825721153848 13
stats: {recvpackets,"os_mon@test2"} 1 18396.0 0.0 18396 3492 10463.833333333334 12
stats: {sentpackets,"os_mon@test2"} 1 13613.0 0.0 13613 2495 7702.416666666667 12
stats: {load,"os_mon@test3"} 1 1.33984375 0.0 1.33984375 0.66015625 0.9738581730769231 13
stats: {cpu,"os_mon@test2"} 1 46.05475040257649 0.0 46.05475040257649 2.155388471177945 29.113061316153903 13
stats: {freemem,"os_mon@test3"} 1 897.78125 0.0 1487.9453125 897.78125 1279.9969951923076 13
stats: {recvpackets,"os_mon@test4"} 1 18391.0 0.0 18391 3491 10463.25 12
stats: {sentpackets,"os_mon@test4"} 1 13611.0 0.0 13611 2495 7701.916666666667 12
stats: {cpu,"os_mon@test4"} 1 29.75027144408252 0.0 43.289124668435015 1.8527791687531296 28.697884066581203 13
stats: {load,"os_mon@myserver"} 1 0.96875 0.0 0.96875 0.7890625 0.8972355769230769 13
stats: {recvpackets,"os_mon@myserver"} 1 18447.0 0.0 18447 3541 10474.0 12
stats: {sentpackets,"os_mon@myserver"} 1 13694.0 0.0 13694 2530 7712.083333333333 12
stats: {cpu,"os_mon@myserver"} 1 100.0 0.0 100.0 4.550050556117291 89.47193503719345 13
stats: session 312 76802.93154359475 28477.0312866966 119969.96606445313 21.663818359375 23959.078143442428 5785
stats: users_count 2851 36028
stats: finish_users_count 312 6097
stats: request 10185 4189.800403569134 7020.0093199773155 87276.166015625 1.390869140625 3190.5417688400157 134533
stats: page 321 76008.17714874174 28953.080871361613 119968.703125 20.1171875 23945.150176570478 5729
stats: connect 10234 3758.8293458939725 6944.765971433095 31115.434814453125 0.340087890625 2921.049723735957 134789
stats: error_unknown 0 42
stats: 200 10185 144709
stats: size_rcv 1527750 21595245
stats: newphase 6 72
stats: size_sent 1358046 19249485
stats: connected 49 305
stats: error_connect_etimedout 2297 8424
# stats: dump at 1338918615
stats: users 33031 33031
stats: {load,"os_mon@test2"} 1 0.76171875 0.0 1.2890625 0.578125 0.74609375 14
stats: {recvpackets,"os_mon@test3"} 1 13257.0 0.0 18382 3465 11072.23076923077 13
stats: {sentpackets,"os_mon@test3"} 1 10031.0 0.0 13632 2478 8157.538461538462 13
stats: {freemem,"os_mon@test2"} 1 978.65625 0.0 1510.98828125 978.65625 1326.0650111607142 14
stats: {cpu,"os_mon@test3"} 1 31.514178705189945 0.0 50.92997811816192 2.7176648213387016 31.91732708929673 14
stats: {load,"os_mon@test4"} 1 1.1796875 0.0 1.28125 0.78125 1.0041852678571428 14
stats: {freemem,"os_mon@test4"} 1 876.109375 0.0 1436.7578125 876.109375 1231.4308035714287 14
stats: {freemem,"os_mon@myserver"} 1 3131.26953125 0.0 3132.41796875 3129.0625 3131.013113839286 14
stats: {recvpackets,"os_mon@test2"} 1 13268.0 0.0 18396 3492 11074.0 13
stats: {sentpackets,"os_mon@test2"} 1 10060.0 0.0 13613 2495 8157.076923076923 13
stats: {load,"os_mon@test3"} 1 1.12890625 0.0 1.33984375 0.66015625 1.0 14
stats: {cpu,"os_mon@test2"} 1 44.21621621621622 0.0 46.05475040257649 2.155388471177945 30.323181965184087 14
stats: {freemem,"os_mon@test3"} 1 869.6328125 0.0 1487.9453125 869.6328125 1252.6958705357142 14
stats: {recvpackets,"os_mon@test4"} 1 13272.0 0.0 18391 3491 11073.076923076924 13
stats: {sentpackets,"os_mon@test4"} 1 10061.0 0.0 13611 2495 8156.461538461538 13
stats: {cpu,"os_mon@test4"} 1 40.55944055944056 0.0 43.289124668435015 1.8527791687531296 28.773054593545584 14
stats: {load,"os_mon@myserver"} 1 0.98046875 0.0 0.98046875 0.7890625 0.90234375 14
stats: {recvpackets,"os_mon@myserver"} 1 13515.0 0.0 18447 3541 11087.307692307691 13
stats: {sentpackets,"os_mon@myserver"} 1 10161.0 0.0 13694 2530 8172.2307692307695 13
stats: {cpu,"os_mon@myserver"} 1 100.0 0.0 100.0 4.550050556117291 90.22393967739391 14
stats: session 295 83999.75837278206 29517.854705228565 127632.05908203125 21.663818359375 26663.24121722421 6097
stats: users_count 3395 39423
stats: finish_users_count 295 6392
stats: error_unknown 0 42
stats: request 10399 4884.876567157893 7832.626512901561 87276.166015625 1.390869140625 3260.8678457255173 144718
stats: page 295 82249.77839562368 30553.787347873735 127627.84399414063 20.1171875 26707.502516746838 6050
stats: connect 10402 4399.137101272933 7630.991246706506 31115.434814453125 0.340087890625 2980.1702539495445 145023
stats: 200 10393 155102
stats: size_rcv 1558950 23154195
stats: newphase 3 75
stats: size_sent 1381574 20631059
stats: connected 3 308
stats: error_connect_etimedout 2626 11050
# stats: dump at 1338918625
stats: users 35904 35910
stats: {load,"os_mon@test2"} 1 0.640625 0.0 1.2890625 0.578125 0.7471354166666667 15
stats: {recvpackets,"os_mon@test3"} 1 17029.0 0.0 18382 3465 11228.285714285714 14
stats: {sentpackets,"os_mon@test3"} 1 12792.0 0.0 13632 2478 8291.357142857143 14
stats: {freemem,"os_mon@test2"} 1 938.44140625 0.0 1510.98828125 938.44140625 1302.9044270833333 15
stats: {cpu,"os_mon@test3"} 1 46.292257360959645 0.0 50.92997811816192 2.7176648213387016 31.89045053035628 15
stats: {load,"os_mon@test4"} 1 1.53125 0.0 1.53125 0.78125 1.0158854166666667 15
stats: {freemem,"os_mon@test4"} 1 820.44140625 0.0 1436.7578125 820.44140625 1207.7427083333334 15
stats: {freemem,"os_mon@myserver"} 1 3131.15234375 0.0 3132.41796875 3129.0625 3131.030208333333 15
stats: {recvpackets,"os_mon@test2"} 1 17012.0 0.0 18396 3492 11230.714285714286 14
stats: {sentpackets,"os_mon@test2"} 1 12777.0 0.0 13613 2495 8293.0 14
stats: {load,"os_mon@test3"} 1 1.109375 0.0 1.33984375 0.66015625 1.00859375 15
stats: {cpu,"os_mon@test2"} 1 33.56948228882834 0.0 46.05475040257649 2.155388471177945 31.249384248586228 15
stats: {freemem,"os_mon@test3"} 1 788.45703125 0.0 1487.9453125 788.45703125 1227.1583333333333 15
stats: {recvpackets,"os_mon@test4"} 1 17011.0 0.0 18391 3491 11230.142857142857 14
stats: {sentpackets,"os_mon@test4"} 1 12776.0 0.0 13611 2495 8292.5 14
stats: {cpu,"os_mon@test4"} 1 41.48590021691974 0.0 43.289124668435015 1.8527791687531296 29.55881365793858 15
stats: {load,"os_mon@myserver"} 1 0.98046875 0.0 0.98046875 0.7890625 0.9075520833333334 15
stats: {recvpackets,"os_mon@myserver"} 1 16829.0 0.0 18447 3541 11260.714285714286 14
stats: {sentpackets,"os_mon@myserver"} 1 12615.0 0.0 13694 2530 8314.285714285714 14
stats: {cpu,"os_mon@myserver"} 1 100.0 0.0 100.0 4.550050556117291 90.87567703223432 15
stats: session 284 92617.33634325485 30592.39344096441 135819.14794921875 21.663818359375 29309.404008352114 6392
stats: users_count 3157 42580
stats: finish_users_count 284 6676
stats: request 9992 5122.0259043660735 8493.963135556523 113660.04809570313 1.390869140625 3369.7409330994046 155117
stats: error_unknown 0 42
stats: page 284 91568.21269892305 31539.33438806802 135817.82788085938 20.1171875 29289.84631253386 6345
stats: connect 10033 4620.296250595698 8282.342851154799 31115.434814453125 0.340087890625 3075.13627065122 155425
stats: 200 9991 165093
stats: size_rcv 1498650 24652845
stats: newphase 6 81
stats: size_sent 1332179 21963238
stats: connected 41 349
stats: error_connect_etimedout 2746 13796
# stats: dump at 1338918635
stats: users 39266 39266
stats: {load,"os_mon@test2"} 1 0.69921875 0.0 1.2890625 0.578125 0.740478515625 16
stats: {recvpackets,"os_mon@test3"} 1 17098.0 0.0 18382 3465 11615.0 15
stats: {sentpackets,"os_mon@test3"} 1 12536.0 0.0 13632 2478 8591.4 15
stats: {freemem,"os_mon@test2"} 1 884.91796875 0.0 1510.98828125 884.91796875 1280.12548828125 16
stats: {cpu,"os_mon@test3"} 1 44.389978213507625 0.0 50.92997811816192 2.7176648213387016 32.79056345726899 16
stats: {load,"os_mon@test4"} 1 1.2890625 0.0 1.53125 0.78125 1.048095703125 16
stats: {freemem,"os_mon@test4"} 1 763.44921875 0.0 1436.7578125 763.44921875 1183.536376953125 16
stats: {freemem,"os_mon@myserver"} 1 3130.828125 0.0 3132.41796875 3129.0625 3131.037841796875 16
stats: {recvpackets,"os_mon@test2"} 1 17081.0 0.0 18396 3492 11616.133333333333 15
stats: {sentpackets,"os_mon@test2"} 1 12531.0 0.0 13613 2495 8591.933333333332 15
stats: {load,"os_mon@test3"} 1 1.1015625 0.0 1.33984375 0.66015625 1.014892578125 16
stats: {cpu,"os_mon@test2"} 1 43.48534201954398 0.0 46.05475040257649 2.155388471177945 31.39439037610136 16
stats: {freemem,"os_mon@test3"} 1 713.17578125 0.0 1487.9453125 713.17578125 1199.739501953125 16
stats: {recvpackets,"os_mon@test4"} 1 17076.0 0.0 18391 3491 11615.533333333333 15
stats: {sentpackets,"os_mon@test4"} 1 12525.0 0.0 13611 2495 8591.4 15
stats: {cpu,"os_mon@test4"} 1 38.816503800217156 0.0 43.289124668435015 1.8527791687531296 30.3042565678749 16
stats: {load,"os_mon@myserver"} 1 0.98046875 0.0 0.98046875 0.7890625 0.912109375 16
stats: {recvpackets,"os_mon@myserver"} 1 16942.0 0.0 18447 3541 11631.933333333332 15
stats: {sentpackets,"os_mon@myserver"} 1 12458.0 0.0 13694 2530 8601.0 15
stats: {cpu,"os_mon@myserver"} 1 100.0 0.0 100.0 4.550050556117291 91.44594721771968 16
stats: session 290 99794.96200330013 30265.54844332932 146070.34985351563 21.663818359375 32002.551519303637 6676
stats: users_count 3652 46232
stats: finish_users_count 290 6966
stats: request 9937 5238.18669357677 8354.342841447915 113660.04809570313 1.390869140625 3475.785009636096 165109
stats: page 292 98095.76338258511 30480.008316095027 146068.25 20.1171875 31957.97967408681 6629
stats: connect 9886 4694.473717419595 8254.356312265132 31115.434814453125 0.340087890625 3168.831287385273 165458
stats: error_unknown 0 42
stats: 200 9934 175027
stats: size_rcv 1490100 26142945
stats: newphase 6 87
stats: size_sent 1312314 23275552
stats: connected -51 298
stats: error_connect_etimedout 2893 16689
# stats: dump at 1338918645
stats: users 42174 42184
stats: {load,"os_mon@test2"} 1 0.75 0.0 1.2890625 0.578125 0.7380514705882353 17
stats: {recvpackets,"os_mon@test3"} 1 17540.0 0.0 18382 3465 11957.6875 16
stats: {sentpackets,"os_mon@test3"} 1 13369.0 0.0 13632 2478 8837.9375 16
stats: {freemem,"os_mon@test2"} 1 810.9375 0.0 1510.98828125 810.9375 1256.877987132353 17
stats: {cpu,"os_mon@test3"} 1 40.66232356134636 0.0 50.92997811816192 2.7176648213387016 33.47288197234185 17
stats: {load,"os_mon@test4"} 1 1.171875 0.0 1.53125 0.78125 1.0622702205882353 17
stats: {freemem,"os_mon@test4"} 1 723.59375 0.0 1436.7578125 723.59375 1158.8253676470588 17
stats: {freemem,"os_mon@myserver"} 1 3130.78515625 0.0 3132.41796875 3129.0625 3131.025505514706 17
stats: {recvpackets,"os_mon@test2"} 1 17575.0 0.0 18396 3492 11957.6875 16
stats: {sentpackets,"os_mon@test2"} 1 13392.0 0.0 13613 2495 8838.125 16
stats: {load,"os_mon@test3"} 1 1.0703125 0.0 1.33984375 0.66015625 1.0199908088235294 17
stats: {cpu,"os_mon@test2"} 1 47.391304347826086 0.0 47.391304347826086 2.155388471177945 32.105622825715635 17
stats: {freemem,"os_mon@test3"} 1 652.83203125 0.0 1487.9453125 652.83203125 1171.118106617647 17
stats: {recvpackets,"os_mon@test4"} 1 17570.0 0.0 18391 3491 11956.8125 16
stats: {sentpackets,"os_mon@test4"} 1 13390.0 0.0 13611 2495 8837.25 16
stats: {cpu,"os_mon@test4"} 1 35.749053542455385 0.0 43.289124668435015 1.8527791687531296 30.804976993306795 17
stats: {load,"os_mon@myserver"} 1 0.98828125 0.0 0.98828125 0.7890625 0.9161305147058824 17
stats: {recvpackets,"os_mon@myserver"} 1 17969.0 0.0 18447 3541 11963.8125 16
stats: {sentpackets,"os_mon@myserver"} 1 13666.0 0.0 13694 2530 8842.0625 16
stats: {cpu,"os_mon@myserver"} 1 100.0 0.0 100.0 4.550050556117291 91.94912679314793 17
stats: session 288 105998.60561540393 30709.003144953032 161937.56884765625 21.663818359375 34824.802314646586 6966
stats: users_count 3196 49428
stats: finish_users_count 288 7254
stats: request 10185 5268.826565927798 8358.500157649923 113660.04809570313 1.390869140625 3575.832914377241 175046
stats: page 279 103878.7334553161 31653.793985853023 156154.921875 20.1171875 34748.361532616145 6921
stats: connect 10183 4846.745617648213 8282.718284845845 31115.434814453125 0.340087890625 3254.8479236164485 175344
stats: error_unknown 0 42
stats: 200 10185 185212
stats: size_rcv 1527750 27670695
stats: newphase 4 91
stats: size_sent 1351661 24627213
stats: connected -2 296
stats: error_connect_etimedout 3337 20026
# stats: dump at 1338918655
stats: users 43856 43865
stats: {load,"os_mon@test2"} 1 1.26171875 0.0 1.2890625 0.578125 0.7387152777777778 18
stats: {recvpackets,"os_mon@test3"} 1 15852.0 0.0 18382 3465 12286.058823529413 17
stats: {sentpackets,"os_mon@test3"} 1 11965.0 0.0 13632 2478 9104.470588235294 17
stats: {freemem,"os_mon@test2"} 1 770.84765625 0.0 1510.98828125 770.84765625 1232.103515625 18
stats: {cpu,"os_mon@test3"} 1 45.69247546346783 0.0 50.92997811816192 2.7176648213387016 33.872295393953216 18
stats: {load,"os_mon@test4"} 1 1.2890625 0.0 1.53125 0.78125 1.068359375 18
stats: {freemem,"os_mon@test4"} 1 670.65625 0.0 1436.7578125 670.65625 1134.6458333333333 18
stats: {freemem,"os_mon@myserver"} 1 3130.71484375 0.0 3132.41796875 3129.0625 3131.012152777778 18
stats: {recvpackets,"os_mon@test2"} 1 15828.0 0.0 18396 3492 12288.117647058823 17
stats: {sentpackets,"os_mon@test2"} 1 11949.0 0.0 13613 2495 9106.0 17
stats: {load,"os_mon@test3"} 1 0.98828125 0.0 1.33984375 0.66015625 1.0227864583333333 18
stats: {cpu,"os_mon@test2"} 1 37.71459227467811 0.0 47.391304347826086 2.155388471177945 32.95482735472177 18
stats: {freemem,"os_mon@test3"} 1 573.11328125 0.0 1487.9453125 573.11328125 1142.324435763889 18
stats: {recvpackets,"os_mon@test4"} 1 15820.0 0.0 18391 3491 12287.0 17
stats: {sentpackets,"os_mon@test4"} 1 11943.0 0.0 13611 2495 9105.058823529413 17
stats: {cpu,"os_mon@test4"} 1 38.819707634001084 0.0 43.289124668435015 1.8527791687531296 31.07964791270394 18
stats: {load,"os_mon@myserver"} 1 0.98828125 0.0 0.98828125 0.7890625 0.9201388888888888 18
stats: {recvpackets,"os_mon@myserver"} 1 15681.0 0.0 18447 3541 12317.058823529413 17
stats: {sentpackets,"os_mon@myserver"} 1 11890.0 0.0 13694 2530 9125.823529411764 17
stats: {cpu,"os_mon@myserver"} 1 100.0 0.0 100.0 4.550050556117291 92.39639752686193 18
stats: session 364 109544.6017509712 33236.77944368801 169032.61987304688 21.663818359375 37650.56125462703 7254
stats: users_count 2046 51474
stats: finish_users_count 364 7618
stats: error_unknown 0 42
stats: request 10221 5566.711711125541 9021.047061023277 113660.04809570313 1.390869140625 3668.922841770833 185231
stats: page 364 109086.78522063873 33793.77945938532 169031.26904296875 20.1171875 37427.16344462077 7200
stats: connect 10185 5167.097840536024 8967.36969735135 31135.43310546875 0.340087890625 3342.2222368879693 185527
stats: 200 10221 195433
stats: size_rcv 1533150 29203845
stats: newphase 5 96
stats: size_sent 1352507 25979720
stats: connected -36 260
stats: error_connect_etimedout 4663 24689
# stats: dump at 1338918665
stats: users 46293 46293
stats: {load,"os_mon@test2"} 1 1.21875 0.0 1.2890625 0.578125 0.7662417763157895 19
stats: {recvpackets,"os_mon@test3"} 1 15890.0 0.0 18382 3465 12484.166666666666 18
stats: {sentpackets,"os_mon@test3"} 1 12895.0 0.0 13632 2478 9263.388888888889 18
stats: {freemem,"os_mon@test2"} 1 746.37109375 0.0 1510.98828125 746.37109375 1207.8268914473683 19
stats: {cpu,"os_mon@test3"} 1 52.265372168284784 0.0 52.265372168284784 2.7176648213387016 34.494410134453986 19
stats: {load,"os_mon@test4"} 1 1.08984375 0.0 1.53125 0.78125 1.0799753289473684 19
stats: {freemem,"os_mon@test4"} 1 623.25390625 0.0 1436.7578125 623.25390625 1110.2253289473683 19
stats: {freemem,"os_mon@myserver"} 1 3130.40625 0.0 3132.41796875 3129.0625 3130.9965049342104 19
stats: {recvpackets,"os_mon@test2"} 1 16548.0 0.0 18396 3492 12484.777777777777 18
stats: {sentpackets,"os_mon@test2"} 1 13397.0 0.0 13613 2495 9263.944444444445 18
stats: {load,"os_mon@test3"} 1 1.05859375 0.0 1.33984375 0.66015625 1.020970394736842 19
stats: {cpu,"os_mon@test2"} 1 48.03234501347709 0.0 48.03234501347709 2.155388471177945 33.20534129787737 19
stats: {freemem,"os_mon@test3"} 1 493.62890625 0.0 1487.9453125 493.62890625 1112.3659539473683 19
stats: {recvpackets,"os_mon@test4"} 1 15885.0 0.0 18391 3491 12483.277777777777 18
stats: {sentpackets,"os_mon@test4"} 1 12892.0 0.0 13611 2495 9262.722222222223 18
stats: {cpu,"os_mon@test4"} 1 38.934203371397494 0.0 43.289124668435015 1.8527791687531296 31.487019476982738 19
stats: {load,"os_mon@myserver"} 1 0.98828125 0.0 0.98828125 0.7890625 0.9237253289473685 19
stats: {recvpackets,"os_mon@myserver"} 1 15895.0 0.0 18447 3541 12503.944444444445 18
stats: {sentpackets,"os_mon@myserver"} 1 12871.0 0.0 13694 2530 9279.388888888889 18
stats: {cpu,"os_mon@myserver"} 1 100.0 0.0 100.0 4.550050556117291 92.7965871307113 19
stats: session 423 93088.31424996306 55782.59858027942 176425.06713867188 21.663818359375 41085.77138073221 7618
stats: users_count 2860 54334
stats: finish_users_count 423 8041
stats: request 10366 4945.361792971951 8106.924661881493 113660.04809570313 1.390869140625 3768.1661344139093 195452
stats: connect 10408 4302.441006683205 7996.596628437991 31217.97705078125 0.340087890625 3437.1901388211945 195712
stats: error_unknown 85 127
stats: page 343 111942.29094515876 40892.710964734586 176423.2548828125 20.1171875 40875.61695155765 7564
stats: 200 10366 205799
stats: size_rcv 1554900 30758745
stats: newphase 6 102
stats: size_sent 1380600 27360320
stats: connected 42 302
stats: error_connect_etimedout 4726 29415
stats: error_abort 1 1
EndMonitor:{1338,918665,779352}
