# stats: dump at 1339062186
stats: users 0 0
# stats: dump at 1339062196
stats: users 6 12
stats: {load,"os_mon@test2"} 1 1.328125 0 1.328125 1.328125 0 0
stats: {freemem,"os_mon@test2"} 1 1586.30859375 0 1586.30859375 1586.30859375 0 0
stats: {cpu,"os_mon@test3"} 1 2.7610441767068274 0 2.7610441767068274 2.7610441767068274 0 0
stats: {load,"os_mon@test4"} 1 1.21875 0 1.21875 1.21875 0 0
stats: {freemem,"os_mon@test4"} 1 1588.30078125 0 1588.30078125 1588.30078125 0 0
stats: {freemem,"os_mon@myserver"} 1 2893.3828125 0 2893.3828125 2893.3828125 0 0
stats: {load,"os_mon@test3"} 1 1.4296875 0 1.4296875 1.4296875 0 0
stats: {cpu,"os_mon@test2"} 1 4.400606980273141 0 4.400606980273141 4.400606980273141 0 0
stats: {freemem,"os_mon@test3"} 1 1404.43359375 0 1404.43359375 1404.43359375 0 0
stats: {cpu,"os_mon@test4"} 1 2.410848819688599 0 2.410848819688599 2.410848819688599 0 0
stats: {load,"os_mon@myserver"} 1 2.48046875 0 2.48046875 2.48046875 0 0
stats: {cpu,"os_mon@myserver"} 1 2.9109159347553324 0 2.9109159347553324 2.9109159347553324 0 0
stats: session 886 22.478814325268075 18.68237224487241 308.14697265625 10.7470703125 0 0
stats: users_count 892 892
stats: finish_users_count 886 886
stats: 200 8696 8696
stats: request 8696 1.926761349956157 3.924602682419338 215.7060546875 0.221923828125 0 0
stats: page 869 19.91790609941383 18.262547297975836 303.569091796875 9.18798828125 0 0
stats: connect 871 1.596718368793054 2.4437488175262194 36.453125 0.600830078125 0 0
stats: size_rcv 1269557 1269557
stats: newphase 1 1
stats: size_sent 1152478 1152478
stats: connected 2 2
# stats: dump at 1339062206
stats: users 383 405
stats: {load,"os_mon@test2"} 1 1.19921875 0.0 1.328125 1.19921875 1.328125 1
stats: {recvpackets,"os_mon@test3"} 1 4813 0 4813 4813 0 0
stats: {sentpackets,"os_mon@test3"} 1 3253 0 3253 3253 0 0
stats: {freemem,"os_mon@test2"} 1 1585.546875 0.0 1586.30859375 1585.546875 1586.30859375 1
stats: {cpu,"os_mon@test3"} 1 8.52593733949666 0.0 8.52593733949666 2.7610441767068274 2.7610441767068274 1
stats: {load,"os_mon@test4"} 1 1.03125 0.0 1.21875 1.03125 1.21875 1
stats: {freemem,"os_mon@test4"} 1 1587.71875 0.0 1588.30078125 1587.71875 1588.30078125 1
stats: {freemem,"os_mon@myserver"} 1 2891.07421875 0.0 2893.3828125 2891.07421875 2893.3828125 1
stats: {recvpackets,"os_mon@test2"} 1 4870 0 4870 4870 0 0
stats: {sentpackets,"os_mon@test2"} 1 3288 0 3288 3288 0 0
stats: {load,"os_mon@test3"} 1 1.28125 0.0 1.4296875 1.28125 1.4296875 1
stats: {cpu,"os_mon@test2"} 1 16.173361522198732 0.0 16.173361522198732 4.400606980273141 4.400606980273141 1
stats: {freemem,"os_mon@test3"} 1 1404.09375 0.0 1404.43359375 1404.09375 1404.43359375 1
stats: {recvpackets,"os_mon@test4"} 1 4816 0 4816 4816 0 0
stats: {sentpackets,"os_mon@test4"} 1 3254 0 3254 3254 0 0
stats: {cpu,"os_mon@test4"} 1 7.268041237113403 0.0 7.268041237113403 2.410848819688599 2.410848819688599 1
stats: {load,"os_mon@myserver"} 1 2.25 0.0 2.48046875 2.25 2.48046875 1
stats: {recvpackets,"os_mon@myserver"} 1 4941 0 4941 4941 0 0
stats: {sentpackets,"os_mon@myserver"} 1 3339 0 3339 3339 0 0
stats: {cpu,"os_mon@myserver"} 1 15.263157894736842 0.0 15.263157894736842 2.9109159347553324 2.9109159347553324 1
stats: session 1502 819.7471133865773 647.8950021197614 2105.14111328125 10.7470703125 22.478814325268075 886
stats: users_count 1879 2771
stats: finish_users_count 1502 2388
stats: request 16391 91.9512678868645 77.86297204734375 455.326904296875 0.221923828125 1.926761349956157 8696
stats: page 1507 799.7328251039415 643.5270908027992 2103.735107421875 9.18798828125 19.91790609941383 869
stats: connect 1872 1.1856508173494238 1.416707831949953 36.453125 0.44677734375 1.596718368793054 871
stats: 200 16391 25087
stats: size_rcv 2159624 3429181
stats: newphase 6 7
stats: size_sent 2226628 3379106
stats: connected 365 367
# stats: dump at 1339062216
stats: users 1745 1745
stats: {load,"os_mon@test2"} 1 1.01171875 0.0 1.328125 1.01171875 1.263671875 2
stats: {recvpackets,"os_mon@test3"} 1 8097.0 0.0 8097 4813 4813.0 1
stats: {sentpackets,"os_mon@test3"} 1 5634.0 0.0 5634 3253 3253.0 1
stats: {freemem,"os_mon@test2"} 1 1578.94921875 0.0 1586.30859375 1578.94921875 1585.927734375 2
stats: {cpu,"os_mon@test3"} 1 20.822880080280985 0.0 20.822880080280985 2.7610441767068274 5.643490758101744 2
stats: {load,"os_mon@test4"} 1 0.94921875 0.0 1.21875 0.94921875 1.125 2
stats: {freemem,"os_mon@test4"} 1 1582.6484375 0.0 1588.30078125 1582.6484375 1588.009765625 2
stats: {freemem,"os_mon@myserver"} 1 2873.23828125 0.0 2893.3828125 2873.23828125 2892.228515625 2
stats: {recvpackets,"os_mon@test2"} 1 8122.0 0.0 8122 4870 4870.0 1
stats: {sentpackets,"os_mon@test2"} 1 5649.0 0.0 5649 3288 3288.0 1
stats: {load,"os_mon@test3"} 1 1.16015625 0.0 1.4296875 1.16015625 1.35546875 2
stats: {cpu,"os_mon@test2"} 1 24.749498997995993 0.0 24.749498997995993 4.400606980273141 10.286984251235936 2
stats: {freemem,"os_mon@test3"} 1 1397.7734375 0.0 1404.43359375 1397.7734375 1404.263671875 2
stats: {recvpackets,"os_mon@test4"} 1 8097.0 0.0 8097 4816 4816.0 1
stats: {sentpackets,"os_mon@test4"} 1 5635.0 0.0 5635 3254 3254.0 1
stats: {cpu,"os_mon@test4"} 1 17.733739837398375 0.0 17.733739837398375 2.410848819688599 4.839445028401001 2
stats: {load,"os_mon@myserver"} 1 2.05859375 0.0 2.48046875 2.05859375 2.365234375 2
stats: {recvpackets,"os_mon@myserver"} 1 8109.0 0.0 8109 4941 4941.0 1
stats: {sentpackets,"os_mon@myserver"} 1 5645.0 0.0 5645 3339 3339.0 1
stats: {cpu,"os_mon@myserver"} 1 25.41311967951928 0.0 25.41311967951928 2.9109159347553324 9.087036914746088 2
stats: session 1378 4351.032733800969 1188.2020000266903 6444.02197265625 10.7470703125 523.9432134835957 2388
stats: users_count 2740 5511
stats: finish_users_count 1378 3766
stats: request 15761 552.1143328004313 463.75861710527926 3637.4970703125 0.221923828125 60.745738774377756 25087
stats: page 1368 4302.114994339077 1193.9757479217446 6435.832763671875 9.18798828125 514.5227389865448 2376
stats: connect 2708 2.196677271337244 33.321928298528924 1006.634033203125 0.44677734375 1.3161793763386334 2743
stats: 200 15761 40848
stats: size_rcv 1989864 5419045
stats: newphase 5 12
stats: size_sent 2272463 5651569
stats: connected 1340 1707
# stats: dump at 1339062226
stats: users 3871 3871
stats: {load,"os_mon@test2"} 1 0.859375 0.0 1.328125 0.859375 1.1796875 3
stats: {recvpackets,"os_mon@test3"} 1 10901.0 0.0 10901 4813 6455.0 2
stats: {sentpackets,"os_mon@test3"} 1 7404.0 0.0 7404 3253 4443.5 2
stats: {freemem,"os_mon@test2"} 1 1566.90234375 0.0 1586.30859375 1566.90234375 1583.6015625 3
stats: {cpu,"os_mon@test3"} 1 24.636226793778224 0.0 24.636226793778224 2.7610441767068274 10.703287198828157 3
stats: {load,"os_mon@test4"} 1 0.80078125 0.0 1.21875 0.80078125 1.06640625 3
stats: {freemem,"os_mon@test4"} 1 1569.578125 0.0 1588.30078125 1569.578125 1586.22265625 3
stats: {freemem,"os_mon@myserver"} 1 2850.90625 0.0 2893.3828125 2850.90625 2885.8984375 3
stats: {recvpackets,"os_mon@test2"} 1 10890.0 0.0 10890 4870 6496.0 2
stats: {sentpackets,"os_mon@test2"} 1 7403.0 0.0 7403 3288 4468.5 2
stats: {load,"os_mon@test3"} 1 0.98046875 0.0 1.4296875 0.98046875 1.2903645833333333 3
stats: {cpu,"os_mon@test2"} 1 28.28882294757666 0.0 28.28882294757666 4.400606980273141 15.107822500155955 3
stats: {freemem,"os_mon@test3"} 1 1384.88671875 0.0 1404.43359375 1384.88671875 1402.1002604166667 3
stats: {recvpackets,"os_mon@test4"} 1 10914.0 0.0 10914 4816 6456.5 2
stats: {sentpackets,"os_mon@test4"} 1 7413.0 0.0 7413 3254 4444.5 2
stats: {cpu,"os_mon@test4"} 1 21.490116573745567 0.0 21.490116573745567 2.410848819688599 9.137543298066793 3
stats: {load,"os_mon@myserver"} 1 1.890625 0.0 2.48046875 1.890625 2.2630208333333335 3
stats: {recvpackets,"os_mon@myserver"} 1 10953.0 0.0 10953 4941 6525.0 2
stats: {sentpackets,"os_mon@myserver"} 1 7438.0 0.0 7438 3339 4492.0 2
stats: {cpu,"os_mon@myserver"} 1 25.381727158948685 0.0 25.41311967951928 2.9109159347553324 14.529064503003818 3
stats: session 1512 8359.086314690814 1263.0171556416203 10600.057861328125 10.7470703125 1924.2962031270745 3766
stats: users_count 3638 9149
stats: finish_users_count 1512 5278
stats: request 15873 1042.2122488887703 1625.5798152971872 8511.013916015625 0.221923828125 250.33789531679423 40848
stats: page 1534 8323.355555329199 1285.2006970214065 10598.275146484375 9.18798828125 1898.4506784422776 3744
stats: connect 2626 160.85318948436316 529.8662127473299 3008.8291015625 0.44677734375 1.7536015556921902 5451
stats: 200 15873 56721
stats: size_rcv 1942547 7361592
stats: newphase 6 18
stats: size_sent 2247252 7898821
stats: connected 1092 2799
# stats: dump at 1339062236
stats: users 5171 5171
stats: {load,"os_mon@test2"} 1 0.71875 0.0 1.328125 0.71875 1.099609375 4
stats: {recvpackets,"os_mon@test3"} 1 13421.0 0.0 13421 4813 7937.0 3
stats: {sentpackets,"os_mon@test3"} 1 8916.0 0.0 8916 3253 5430.333333333333 3
stats: {freemem,"os_mon@test2"} 1 1552.33203125 0.0 1586.30859375 1552.33203125 1579.4267578125 4
stats: {cpu,"os_mon@test3"} 1 26.008064516129032 0.0 26.008064516129032 2.7610441767068274 14.186522097565675 4
stats: {load,"os_mon@test4"} 1 0.6796875 0.0 1.21875 0.6796875 1.0 4
stats: {freemem,"os_mon@test4"} 1 1556.765625 0.0 1588.30078125 1556.765625 1582.0615234375 4
stats: {freemem,"os_mon@myserver"} 1 2846.02734375 0.0 2893.3828125 2846.02734375 2877.150390625 4
stats: {recvpackets,"os_mon@test2"} 1 13445.0 0.0 13445 4870 7960.666666666667 3
stats: {sentpackets,"os_mon@test2"} 1 8925.0 0.0 8925 3288 5446.666666666667 3
stats: {load,"os_mon@test3"} 1 0.828125 0.0 1.4296875 0.828125 1.212890625 4
stats: {cpu,"os_mon@test2"} 1 30.792227204783256 0.0 30.792227204783256 4.400606980273141 18.40307261201113 4
stats: {freemem,"os_mon@test3"} 1 1372.0 0.0 1404.43359375 1372.0 1397.796875 4
stats: {recvpackets,"os_mon@test4"} 1 13422.0 0.0 13422 4816 7942.333333333333 3
stats: {sentpackets,"os_mon@test4"} 1 8914.0 0.0 8914 3254 5434.0 3
stats: {cpu,"os_mon@test4"} 1 22.638603696098563 0.0 22.638603696098563 2.410848819688599 12.225686616986486 4
stats: {load,"os_mon@myserver"} 1 1.76171875 0.0 2.48046875 1.76171875 2.169921875 4
stats: {recvpackets,"os_mon@myserver"} 1 13644.0 0.0 13644 4941 8001.0 3
stats: {sentpackets,"os_mon@myserver"} 1 9040.0 0.0 9040 3339 5474.0 3
stats: {cpu,"os_mon@myserver"} 1 25.431789737171464 0.0 25.431789737171464 2.9109159347553324 17.242230166990034 4
stats: session 1654 13093.776468002518 1615.8815951708416 15860.759033203125 10.7470703125 3767.684351797854 5278
stats: users_count 2954 12103
stats: finish_users_count 1654 6932
stats: 200 15743 72464
stats: request 15743 1551.5308703824905 3160.4388197438334 14565.989990234375 0.221923828125 471.9387418154098 56721
stats: page 1605 13009.530897251014 1568.6968065309545 15851.458984375 9.18798828125 3765.78756384291 5278
stats: connect 1653 1964.4631397872713 2157.3841330385567 7021.883056640625 0.44677734375 53.48017304271583 8077
stats: size_rcv 1951125 9312717
stats: newphase 6 24
stats: size_sent 2092653 9991474
stats: connected 48 2847
# stats: dump at 1339062246
stats: users 7206 7299
stats: {load,"os_mon@test2"} 1 0.69140625 0.0 1.328125 0.69140625 1.0234375 5
stats: {recvpackets,"os_mon@test3"} 1 11869.0 0.0 13421 4813 9308.0 4
stats: {sentpackets,"os_mon@test3"} 1 8452.0 0.0 8916 3253 6301.75 4
stats: {freemem,"os_mon@test2"} 1 1511.23046875 0.0 1586.30859375 1511.23046875 1574.0078125 5
stats: {cpu,"os_mon@test3"} 1 27.479757085020246 0.0 27.479757085020246 2.7610441767068274 16.550830581278348 5
stats: {load,"os_mon@test4"} 1 0.73046875 0.0 1.21875 0.6796875 0.9359375 5
stats: {freemem,"os_mon@test4"} 1 1508.88671875 0.0 1588.30078125 1508.88671875 1577.00234375 5
stats: {freemem,"os_mon@myserver"} 1 2846.1796875 0.0 2893.3828125 2846.02734375 2870.92578125 5
stats: {recvpackets,"os_mon@test2"} 1 11825.0 0.0 13445 4870 9331.75 4
stats: {sentpackets,"os_mon@test2"} 1 8417.0 0.0 8925 3288 6316.25 4
stats: {load,"os_mon@test3"} 1 0.69921875 0.0 1.4296875 0.69921875 1.1359375 5
stats: {cpu,"os_mon@test2"} 1 32.329317269076306 0.0 32.329317269076306 4.400606980273141 20.880903530565554 5
stats: {freemem,"os_mon@test3"} 1 1332.87109375 0.0 1404.43359375 1332.87109375 1392.6375 5
stats: {recvpackets,"os_mon@test4"} 1 11857.0 0.0 13422 4816 9312.25 4
stats: {sentpackets,"os_mon@test4"} 1 8445.0 0.0 8914 3254 6304.0 4
stats: {cpu,"os_mon@test4"} 1 28.055698813821557 0.0 28.055698813821557 2.410848819688599 14.3082700328089 5
stats: {load,"os_mon@myserver"} 1 1.640625 0.0 2.48046875 1.640625 2.08828125 5
stats: {recvpackets,"os_mon@myserver"} 1 11652.0 0.0 13644 4941 9411.75 4
stats: {sentpackets,"os_mon@myserver"} 1 8313.0 0.0 9040 3339 6365.5 4
stats: {cpu,"os_mon@myserver"} 1 25.488232348522782 0.0 25.488232348522782 2.9109159347553324 18.88014208102632 5
stats: session 1533 18234.91326892354 1243.5884232400608 21573.4541015625 10.7470703125 5992.9232958547655 6932
stats: users_count 3568 15671
stats: finish_users_count 1533 8465
stats: connect 1510 3529.964027253207 4792.519334413082 15082.19287109375 0.44677734375 378.1312361494733 9730
stats: 200 15392 87856
stats: request 15392 1940.595307395762 4291.138127551953 22637.264892578125 0.221923828125 706.4830518180531 72464
stats: page 1491 18112.596066634145 1286.2940155564843 21561.77880859375 9.18798828125 5921.27326050425 6883
stats: size_rcv 1895826 11208543
stats: newphase 6 30
stats: size_sent 2041888 12033362
stats: connected 19 2866
# stats: dump at 1339062256
stats: users 7884 8100
stats: {load,"os_mon@test2"} 1 0.6484375 0.0 1.328125 0.6484375 0.9680989583333334 6
stats: {recvpackets,"os_mon@test3"} 1 13361.0 0.0 13421 4813 9820.2 5
stats: {sentpackets,"os_mon@test3"} 1 9654.0 0.0 9654 3253 6731.8 5
stats: {freemem,"os_mon@test2"} 1 1495.03515625 0.0 1586.30859375 1495.03515625 1563.544921875 6
stats: {cpu,"os_mon@test3"} 1 33.87096774193548 0.0 33.87096774193548 2.7610441767068274 18.372318331901997 6
stats: {load,"os_mon@test4"} 1 0.62109375 0.0 1.21875 0.62109375 0.9016927083333334 6
stats: {freemem,"os_mon@test4"} 1 1477.49609375 0.0 1588.30078125 1477.49609375 1565.6497395833333 6
stats: {freemem,"os_mon@myserver"} 1 2846.1796875 0.0 2893.3828125 2846.02734375 2866.8014322916665 6
stats: {recvpackets,"os_mon@test2"} 1 13315.0 0.0 13445 4870 9830.4 5
stats: {sentpackets,"os_mon@test2"} 1 9641.0 0.0 9641 3288 6736.4 5
stats: {load,"os_mon@test3"} 1 0.6015625 0.0 1.4296875 0.6015625 1.0631510416666667 6
stats: {cpu,"os_mon@test2"} 1 25.22704339051463 0.0 32.329317269076306 4.400606980273141 22.78897248698401 6
stats: {freemem,"os_mon@test3"} 1 1281.8125 0.0 1404.43359375 1281.8125 1382.6764322916667 6
stats: {recvpackets,"os_mon@test4"} 1 13358.0 0.0 13422 4816 9821.2 5
stats: {sentpackets,"os_mon@test4"} 1 9652.0 0.0 9652 3254 6732.2 5
stats: {cpu,"os_mon@test4"} 1 24.47516641065028 0.0 28.055698813821557 2.410848819688599 16.599508162977674 6
stats: {load,"os_mon@myserver"} 1 1.62109375 0.0 2.48046875 1.62109375 2.013671875 6
stats: {recvpackets,"os_mon@myserver"} 1 13319.0 0.0 13644 4941 9859.8 5
stats: {sentpackets,"os_mon@myserver"} 1 9732.0 0.0 9732 3339 6755.0 5
stats: {cpu,"os_mon@myserver"} 1 25.544158118588946 0.0 25.544158118588946 2.9109159347553324 19.9814904589424 6
stats: session 1650 20673.121732214724 3721.4001283208718 32382.178955078125 10.7470703125 8209.931048803903 8465
stats: users_count 2328 17999
stats: finish_users_count 1650 10115
stats: request 16061 2106.1882193187453 4920.189044658148 28477.590087890625 0.221923828125 922.6943047529932 87856
stats: page 1709 20512.12566213681 3548.9279721350813 32380.97705078125 9.18798828125 8091.951825579443 8374
stats: connect 1770 5633.5185440667055 6100.280305044198 31099.903076171875 0.44677734375 801.5536128902775 11240
stats: 200 16061 103917
stats: size_rcv 2077267 13285810
stats: newphase 6 36
stats: size_sent 2119122 14152484
stats: connected -20 2846
# stats: dump at 1339062266
stats: users 9572 9572
stats: {load,"os_mon@test2"} 1 0.62890625 0.0 1.328125 0.62890625 0.9224330357142857 7
stats: {recvpackets,"os_mon@test3"} 1 11803.0 0.0 13421 4813 10410.333333333334 6
stats: {sentpackets,"os_mon@test3"} 1 8817.0 0.0 9654 3253 7218.833333333333 6
stats: {freemem,"os_mon@test2"} 1 1454.90234375 0.0 1586.30859375 1454.90234375 1553.7578125 7
stats: {cpu,"os_mon@test3"} 1 29.372427983539097 0.0 33.87096774193548 2.7610441767068274 20.586411104763926 7
stats: {load,"os_mon@test4"} 1 0.53125 0.0 1.21875 0.53125 0.8616071428571429 7
stats: {freemem,"os_mon@test4"} 1 1440.6328125 0.0 1588.30078125 1440.6328125 1553.056361607143 7
stats: {freemem,"os_mon@myserver"} 1 2845.98828125 0.0 2893.3828125 2845.98828125 2863.85546875 7
stats: {recvpackets,"os_mon@test2"} 1 11859.0 0.0 13445 4870 10411.166666666666 6
stats: {sentpackets,"os_mon@test2"} 1 8846.0 0.0 9641 3288 7220.5 6
stats: {load,"os_mon@test3"} 1 0.5 0.0 1.4296875 0.5 0.9972098214285714 7
stats: {cpu,"os_mon@test2"} 1 32.661498708010335 0.0 32.661498708010335 4.400606980273141 23.13726833034553 7
stats: {freemem,"os_mon@test3"} 1 1237.390625 0.0 1404.43359375 1237.390625 1368.267299107143 7
stats: {recvpackets,"os_mon@test4"} 1 11822.0 0.0 13422 4816 10410.666666666666 6
stats: {sentpackets,"os_mon@test4"} 1 8831.0 0.0 9652 3254 7218.833333333333 6
stats: {cpu,"os_mon@test4"} 1 23.601847101077475 0.0 28.055698813821557 2.410848819688599 17.724602198359474 7
stats: {load,"os_mon@myserver"} 1 1.6015625 0.0 2.48046875 1.6015625 1.9575892857142858 7
stats: {recvpackets,"os_mon@myserver"} 1 11858.0 0.0 13644 4941 10436.333333333334 6
stats: {sentpackets,"os_mon@myserver"} 1 8761.0 0.0 9732 3339 7251.166666666667 6
stats: {cpu,"os_mon@myserver"} 1 25.531382845711427 0.0 25.544158118588946 2.9109159347553324 20.776157267463333 7
stats: session 1512 20729.567895959943 4395.732334544165 38748.823974609375 10.7470703125 10242.977477635128 10115
stats: users_count 3200 21199
stats: finish_users_count 1512 11627
stats: 200 16058 119975
stats: request 16069 2237.5121532774683 5300.353878485943 43303.4619140625 0.221923828125 1105.610437453519 103917
stats: connect 1736 6946.010538268186 10221.315993496904 31104.1650390625 0.44677734375 1458.9385420357255 13010
stats: page 1490 20869.523875970015 4502.563959025242 38747.48095703125 9.18798828125 10197.086913021329 10083
stats: size_rcv 1964129 15249939
stats: newphase 6 42
stats: size_sent 2165104 16317588
stats: connected 108 2954
# stats: dump at 1339062276
stats: users 10605 10934
stats: {load,"os_mon@test2"} 1 0.6796875 0.0 1.328125 0.62890625 0.8857421875 8
stats: {recvpackets,"os_mon@test3"} 1 15895.0 0.0 15895 4813 10609.285714285714 7
stats: {sentpackets,"os_mon@test3"} 1 11385.0 0.0 11385 3253 7447.142857142857 7
stats: {freemem,"os_mon@test2"} 1 1437.5546875 0.0 1586.30859375 1437.5546875 1541.40087890625 8
stats: {cpu,"os_mon@test3"} 1 31.73076923076923 0.0 33.87096774193548 2.7610441767068274 21.684663214610822 8
stats: {load,"os_mon@test4"} 1 0.73828125 0.0 1.21875 0.53125 0.8203125 8
stats: {freemem,"os_mon@test4"} 1 1375.23828125 0.0 1588.30078125 1375.23828125 1539.00341796875 8
stats: {freemem,"os_mon@myserver"} 1 2845.59375 0.0 2893.3828125 2845.59375 2861.6220703125 8
stats: {recvpackets,"os_mon@test2"} 1 15950.0 0.0 15950 4870 10618.0 7
stats: {sentpackets,"os_mon@test2"} 1 11428.0 0.0 11428 3288 7452.714285714285 7
stats: {load,"os_mon@test3"} 1 0.4296875 0.0 1.4296875 0.4296875 0.93505859375 8
stats: {cpu,"os_mon@test2"} 1 23.28418912048805 0.0 32.661498708010335 4.400606980273141 24.32779712755363 8
stats: {freemem,"os_mon@test3"} 1 1212.49609375 0.0 1404.43359375 1212.49609375 1351.90771484375 8
stats: {recvpackets,"os_mon@test4"} 1 15897.0 0.0 15897 4816 10612.285714285714 7
stats: {sentpackets,"os_mon@test4"} 1 11385.0 0.0 11385 3254 7449.142857142857 7
stats: {cpu,"os_mon@test4"} 1 32.80922431865828 0.0 32.80922431865828 2.410848819688599 18.459257811199222 8
stats: {load,"os_mon@myserver"} 1 1.51171875 0.0 2.48046875 1.51171875 1.9130859375 8
stats: {recvpackets,"os_mon@myserver"} 1 15902.0 0.0 15902 4941 10639.42857142857 7
stats: {sentpackets,"os_mon@myserver"} 1 11407.0 0.0 11407 3339 7466.857142857143 7
stats: {cpu,"os_mon@myserver"} 1 25.5005005005005 0.0 25.544158118588946 2.9109159347553324 21.370560464744344 8
stats: session 1561 25137.151077065253 8811.503563208244 50078.98681640625 10.7470703125 11606.676171408853 11627
stats: users_count 2594 23793
stats: finish_users_count 1561 13188
stats: 200 16345 136320
stats: request 16346 2585.990159875212 7080.462000413705 47034.64697265625 0.221923828125 1257.1991950716997 119986
stats: page 1578 24582.83879679205 8355.438999129889 50077.828125 9.18798828125 11571.14127012783 11573
stats: connect 1551 8169.173607910473 10322.263095249102 31115.263916015625 0.44677734375 2104.9141954644215 14746
stats: size_rcv 2019049 17268988
stats: newphase 5 47
stats: size_sent 2151770 18469358
stats: connected -28 2926
# stats: dump at 1339062286
stats: users 12177 12462
stats: {load,"os_mon@test2"} 1 0.6484375 0.0 1.328125 0.62890625 0.8628472222222222 9
stats: {recvpackets,"os_mon@test3"} 1 10620.0 0.0 15895 4813 11270.0 8
stats: {sentpackets,"os_mon@test3"} 1 8132.0 0.0 11385 3253 7939.375 8
stats: {freemem,"os_mon@test2"} 1 1388.79296875 0.0 1586.30859375 1388.79296875 1529.8624131944443 9
stats: {cpu,"os_mon@test3"} 1 30.47520661157025 0.0 33.87096774193548 2.7610441767068274 22.8008972164062 9
stats: {load,"os_mon@test4"} 1 0.62890625 0.0 1.21875 0.53125 0.8111979166666666 9
stats: {freemem,"os_mon@test4"} 1 1370.64453125 0.0 1588.30078125 1370.64453125 1520.8072916666667 9
stats: {freemem,"os_mon@myserver"} 1 2845.078125 0.0 2893.3828125 2845.078125 2859.8411458333335 9
stats: {recvpackets,"os_mon@test2"} 1 10919.0 0.0 15950 4870 11284.5 8
stats: {sentpackets,"os_mon@test2"} 1 8360.0 0.0 11428 3288 7949.625 8
stats: {load,"os_mon@test3"} 1 0.4296875 0.0 1.4296875 0.4296875 0.87890625 9
stats: {cpu,"os_mon@test2"} 1 30.804248861911987 0.0 32.661498708010335 4.400606980273141 24.211840682324123 9
stats: {freemem,"os_mon@test3"} 1 1165.25390625 0.0 1404.43359375 1165.25390625 1336.4175347222222 9
stats: {recvpackets,"os_mon@test4"} 1 10638.0 0.0 15897 4816 11272.875 8
stats: {sentpackets,"os_mon@test4"} 1 8145.0 0.0 11385 3254 7941.125 8
stats: {cpu,"os_mon@test4"} 1 18.3248730964467 0.0 32.80922431865828 2.410848819688599 20.053698534250227 9
stats: {load,"os_mon@myserver"} 1 1.4296875 0.0 2.48046875 1.4296875 1.8684895833333333 9
stats: {recvpackets,"os_mon@myserver"} 1 10707.0 0.0 15902 4941 11297.25 8
stats: {sentpackets,"os_mon@myserver"} 1 8203.0 0.0 11407 3339 7959.375 8
stats: {cpu,"os_mon@myserver"} 1 25.50688360450563 0.0 25.544158118588946 2.9109159347553324 21.829442690939473 9
stats: session 1653 23556.72845388827 9303.633849134789 51343.248779296875 10.7470703125 13208.213275422322 13188
stats: users_count 3225 27018
stats: finish_users_count 1653 14841
stats: request 15588 2396.426491650997 6288.9969192338185 59356.52099609375 0.221923828125 1416.519216128225 136332
stats: page 1677 23938.702268396886 9692.935078055898 51341.201171875 9.18798828125 13132.426244432152 13151
stats: connect 1702 6330.2610711031475 9673.117941405659 31115.263916015625 0.416015625 2682.0551630476466 16297
stats: 200 15579 151899
stats: size_rcv 1893576 19162564
stats: newphase 5 52
stats: size_sent 2067481 20536839
stats: connected -43 2883
stats: error_connect_etimedout 57 57
# stats: dump at 1339062296
stats: users 13400 13400
stats: {load,"os_mon@test2"} 1 0.69921875 0.0 1.328125 0.62890625 0.84140625 10
stats: {recvpackets,"os_mon@test3"} 1 14717.0 0.0 15895 4813 11197.777777777777 9
stats: {sentpackets,"os_mon@test3"} 1 10932.0 0.0 11385 3253 7960.777777777777 9
stats: {freemem,"os_mon@test2"} 1 1352.15625 0.0 1586.30859375 1352.15625 1515.75546875 10
stats: {cpu,"os_mon@test3"} 1 28.37493632195619 0.0 33.87096774193548 2.7610441767068274 23.568328155922607 10
stats: {load,"os_mon@test4"} 1 0.6796875 0.0 1.21875 0.53125 0.79296875 10
stats: {freemem,"os_mon@test4"} 1 1320.4375 0.0 1588.30078125 1320.4375 1505.791015625 10
stats: {freemem,"os_mon@myserver"} 1 2845.02734375 0.0 2893.3828125 2845.02734375 2858.36484375 10
stats: {recvpackets,"os_mon@test2"} 1 14346.0 0.0 15950 4870 11243.888888888889 9
stats: {sentpackets,"os_mon@test2"} 1 10633.0 0.0 11428 3288 7995.222222222223 9
stats: {load,"os_mon@test3"} 1 0.58984375 0.0 1.4296875 0.4296875 0.833984375 10
stats: {cpu,"os_mon@test2"} 1 32.81004709576138 0.0 32.81004709576138 4.400606980273141 24.87108150028291 10
stats: {freemem,"os_mon@test3"} 1 1128.19921875 0.0 1404.43359375 1128.19921875 1319.301171875 10
stats: {recvpackets,"os_mon@test4"} 1 14472.0 0.0 15897 4816 11202.333333333334 9
stats: {sentpackets,"os_mon@test4"} 1 10731.0 0.0 11385 3254 7963.777777777777 9
stats: {cpu,"os_mon@test4"} 1 29.843750000000004 0.0 32.80922431865828 2.410848819688599 19.880815990469877 10
stats: {load,"os_mon@myserver"} 1 1.359375 0.0 2.48046875 1.359375 1.824609375 10
stats: {recvpackets,"os_mon@myserver"} 1 14377.0 0.0 15902 4941 11231.666666666666 9
stats: {sentpackets,"os_mon@myserver"} 1 10652.0 0.0 11407 3339 7986.444444444444 9
stats: {cpu,"os_mon@myserver"} 1 25.481852315394242 0.0 25.544158118588946 2.9109159347553324 22.197186782296086 10
stats: session 1552 25894.790558490557 11000.579210097618 63337.863037109375 10.7470703125 14360.837464493425 14841
stats: users_count 2775 29793
stats: finish_users_count 1552 16393
stats: request 16537 2453.974426059152 6634.686176235092 59356.52099609375 0.156982421875 1517.0642043512962 151920
stats: page 1500 26104.619546875 11095.265890077555 63335.583984375 9.18798828125 14354.581956071539 14828
stats: connect 1668 5650.724677289415 8706.702684042924 31115.333984375 0.416015625 3027.0324648705514 17999
stats: 200 16517 168416
stats: size_rcv 2164886 21327450
stats: newphase 6 58
stats: size_sent 2198734 22735573
stats: connected -37 2846
stats: error_connect_etimedout 1113 1170
# stats: dump at 1339062306
stats: users 14884 14884
stats: {load,"os_mon@test2"} 1 0.73828125 0.0 1.328125 0.62890625 0.8284801136363636 11
stats: {recvpackets,"os_mon@test3"} 1 14914.0 0.0 15895 4813 11549.7 10
stats: {sentpackets,"os_mon@test3"} 1 10864.0 0.0 11385 3253 8257.9 10
stats: {freemem,"os_mon@test2"} 1 1341.12109375 0.0 1586.30859375 1341.12109375 1500.8828125 11
stats: {cpu,"os_mon@test3"} 1 29.03875188726724 0.0 33.87096774193548 2.7610441767068274 24.005292534652934 11
stats: {load,"os_mon@test4"} 1 0.66015625 0.0 1.21875 0.53125 0.7826704545454546 11
stats: {freemem,"os_mon@test4"} 1 1263.25390625 0.0 1588.30078125 1263.25390625 1488.9406960227273 11
stats: {freemem,"os_mon@myserver"} 1 2845.00390625 0.0 2893.3828125 2845.00390625 2857.15234375 11
stats: {recvpackets,"os_mon@test2"} 1 14929.0 0.0 15950 4870 11554.1 10
stats: {sentpackets,"os_mon@test2"} 1 10945.0 0.0 11428 3288 8259.0 10
stats: {load,"os_mon@test3"} 1 0.5703125 0.0 1.4296875 0.4296875 0.8117897727272727 11
stats: {cpu,"os_mon@test2"} 1 33.07250912884715 0.0 33.07250912884715 4.400606980273141 25.592805645326404 11
stats: {freemem,"os_mon@test3"} 1 1089.1875 0.0 1404.43359375 1089.1875 1301.9282670454545 11
stats: {recvpackets,"os_mon@test4"} 1 14798.0 0.0 15897 4816 11529.3 10
stats: {sentpackets,"os_mon@test4"} 1 10804.0 0.0 11385 3254 8240.5 10
stats: {cpu,"os_mon@test4"} 1 31.723779854620975 0.0 32.80922431865828 2.410848819688599 20.786537264063522 11
stats: {load,"os_mon@myserver"} 1 1.30859375 0.0 2.48046875 1.30859375 1.7823153409090908 11
stats: {recvpackets,"os_mon@myserver"} 1 14910.0 0.0 15902 4941 11546.2 10
stats: {sentpackets,"os_mon@myserver"} 1 10935.0 0.0 11407 3339 8253.0 10
stats: {cpu,"os_mon@myserver"} 1 25.407166123778502 0.0 25.544158118588946 2.9109159347553324 22.49579273985046 11
stats: session 1622 23680.01720017364 9817.204000842517 77609.35107421875 10.7470703125 15452.809355049365 16393
stats: users_count 3106 32899
stats: finish_users_count 1622 18015
stats: 200 15995 184411
stats: request 16001 2549.6732235942864 6801.12351650433 76813.951171875 0.156982421875 1609.0383243723272 168457
stats: page 1597 23405.841369590664 9744.284123445359 77608.23120117188 9.18798828125 15434.019510346723 16328
stats: connect 1772 6014.647663882841 9168.47956914534 31115.333984375 0.416015625 3249.5533684305587 19667
stats: size_rcv 2012687 23340137
stats: newphase 6 64
stats: size_sent 2109834 24845407
stats: connected 32 2878
stats: error_connect_etimedout 1511 2681
# stats: dump at 1339062316
stats: users 16118 16252
stats: {load,"os_mon@test2"} 1 0.69921875 0.0 1.328125 0.62890625 0.8209635416666666 12
stats: {recvpackets,"os_mon@test3"} 1 14107.0 0.0 15895 4813 11855.545454545454 11
stats: {sentpackets,"os_mon@test3"} 1 10997.0 0.0 11385 3253 8494.818181818182 11
stats: {freemem,"os_mon@test2"} 1 1313.9453125 0.0 1586.30859375 1313.9453125 1487.5693359375 12
stats: {cpu,"os_mon@test3"} 1 23.84378211716341 0.0 33.87096774193548 2.7610441767068274 24.424747480704127 12
stats: {load,"os_mon@test4"} 1 0.78125 0.0 1.21875 0.53125 0.7724609375 12
stats: {freemem,"os_mon@test4"} 1 1200.578125 0.0 1588.30078125 1200.578125 1470.1334635416667 12
stats: {freemem,"os_mon@myserver"} 1 2844.36328125 0.0 2893.3828125 2844.36328125 2856.1399739583335 12
stats: {recvpackets,"os_mon@test2"} 1 13851.0 0.0 15950 4870 11860.90909090909 11
stats: {sentpackets,"os_mon@test2"} 1 10762.0 0.0 11428 3288 8503.181818181818 11
stats: {load,"os_mon@test3"} 1 0.62890625 0.0 1.4296875 0.4296875 0.7916666666666666 12
stats: {cpu,"os_mon@test2"} 1 31.298499741334712 0.0 33.07250912884715 4.400606980273141 26.216114268953135 12
stats: {freemem,"os_mon@test3"} 1 1064.0078125 0.0 1404.43359375 1064.0078125 1284.1998697916667 12
stats: {recvpackets,"os_mon@test4"} 1 13899.0 0.0 15897 4816 11826.454545454546 11
stats: {sentpackets,"os_mon@test4"} 1 10883.0 0.0 11385 3254 8473.545454545454 11
stats: {cpu,"os_mon@test4"} 1 35.44502617801047 0.0 35.44502617801047 2.410848819688599 21.69797414660998 12
stats: {load,"os_mon@myserver"} 1 1.328125 0.0 2.48046875 1.30859375 1.7428385416666667 12
stats: {recvpackets,"os_mon@myserver"} 1 13875.0 0.0 15902 4941 11852.0 11
stats: {sentpackets,"os_mon@myserver"} 1 10776.0 0.0 11407 3339 8496.818181818182 11
stats: {cpu,"os_mon@myserver"} 1 25.51326990485729 0.0 25.544158118588946 2.9109159347553324 22.738407188511133 12
stats: session 1462 31481.959001074087 20230.237307460695 92364.97900390625 10.7470703125 16193.554907355307 18015
stats: users_count 2696 35595
stats: finish_users_count 1462 19477
stats: 200 15747 200158
stats: request 15761 2368.8956614440544 6132.031180351945 76813.951171875 0.156982421875 1690.6346716299715 184458
stats: page 1509 25797.405207912645 10969.92855509804 77608.23120117188 9.18798828125 16144.25658199038 17925
stats: connect 1842 6083.6148901658835 7849.022203622461 31115.333984375 0.416015625 3478.0970081311716 21439
stats: size_rcv 1995571 25335708
stats: newphase 4 68
stats: size_sent 2105181 26950588
stats: connected -32 2846
stats: error_connect_etimedout 861 3542
# stats: dump at 1339062326
stats: users 18178 18178
stats: {load,"os_mon@test2"} 1 0.671875 0.0 1.328125 0.62890625 0.8115985576923077 13
stats: {recvpackets,"os_mon@test3"} 1 16940.0 0.0 16940 4813 12043.166666666666 12
stats: {sentpackets,"os_mon@test3"} 1 12268.0 0.0 12268 3253 8703.333333333334 12
stats: {freemem,"os_mon@test2"} 1 1281.91796875 0.0 1586.30859375 1281.91796875 1474.213641826923 13
stats: {cpu,"os_mon@test3"} 1 40.680628272251305 0.0 40.680628272251305 2.7610441767068274 24.38005783735484 13
stats: {load,"os_mon@test4"} 1 0.9609375 0.0 1.21875 0.53125 0.7731370192307693 13
stats: {freemem,"os_mon@test4"} 1 1182.28125 0.0 1588.30078125 1182.28125 1449.3984375 13
stats: {freemem,"os_mon@myserver"} 1 2843.73828125 0.0 2893.3828125 2843.73828125 2855.234074519231 13
stats: {recvpackets,"os_mon@test2"} 1 16740.0 0.0 16740 4870 12026.75 12
stats: {sentpackets,"os_mon@test2"} 1 12116.0 0.0 12116 3288 8691.416666666666 12
stats: {load,"os_mon@test3"} 1 1.12890625 0.0 1.4296875 0.4296875 0.7791466346153846 13
stats: {cpu,"os_mon@test2"} 1 33.909853249475894 0.0 33.909853249475894 4.400606980273141 26.60706699759787 13
stats: {freemem,"os_mon@test3"} 1 992.4375 0.0 1404.43359375 992.4375 1267.2620192307693 13
stats: {recvpackets,"os_mon@test4"} 1 16434.0 0.0 16434 4816 11999.166666666666 12
stats: {sentpackets,"os_mon@test4"} 1 11879.0 0.0 11879 3254 8674.333333333334 12
stats: {cpu,"os_mon@test4"} 1 24.822695035460992 0.0 35.44502617801047 2.410848819688599 22.75543968748694 13
stats: {load,"os_mon@myserver"} 1 1.28125 0.0 2.48046875 1.28125 1.7109375 13
stats: {recvpackets,"os_mon@myserver"} 1 16835.0 0.0 16835 4941 12020.583333333334 12
stats: {sentpackets,"os_mon@myserver"} 1 12190.0 0.0 12190 3339 8686.75 12
stats: {cpu,"os_mon@myserver"} 1 25.463194792188283 0.0 25.544158118588946 2.9109159347553324 22.951858166691604 13
stats: session 1602 36634.10404764429 28282.940400727926 98697.72998046875 10.7470703125 17341.14677391673 19477
stats: users_count 3662 39257
stats: finish_users_count 1602 21079
stats: request 15492 2407.7658477081864 6113.632732809872 76813.951171875 0.156982421875 1744.026564809239 200219
stats: page 1586 21978.859499225404 8166.999178548005 77608.23120117188 9.18798828125 16893.798687399285 19434
stats: connect 1765 5465.634183007257 6816.1165729426675 31115.333984375 0.416015625 3684.2463977067027 23281
stats: 200 15491 215649
stats: size_rcv 1886996 27222704
stats: newphase 6 74
stats: size_sent 2080641 29031229
stats: connected 178 3024
stats: error_connect_etimedout 1291 4833
# stats: dump at 1339062336
stats: users 19846 19846
stats: {load,"os_mon@test2"} 1 1.23046875 0.0 1.328125 0.62890625 0.8016183035714286 14
stats: {recvpackets,"os_mon@test3"} 1 18757.0 0.0 18757 4813 12419.846153846154 13
stats: {sentpackets,"os_mon@test3"} 1 13887.0 0.0 13887 3253 8977.538461538461 13
stats: {freemem,"os_mon@test2"} 1 1227.1171875 0.0 1586.30859375 1227.1171875 1460.478236607143 14
stats: {cpu,"os_mon@test3"} 1 27.7027027027027 0.0 40.680628272251305 2.7610441767068274 25.5443842969903 14
stats: {load,"os_mon@test4"} 1 0.8203125 0.0 1.21875 0.53125 0.7865513392857143 14
stats: {freemem,"os_mon@test4"} 1 1115.19921875 0.0 1588.30078125 1115.19921875 1430.318638392857 14
stats: {freemem,"os_mon@myserver"} 1 2843.74609375 0.0 2893.3828125 2843.73828125 2854.4129464285716 14
stats: {recvpackets,"os_mon@test2"} 1 19005.0 0.0 19005 4870 12389.307692307691 13
stats: {sentpackets,"os_mon@test2"} 1 14065.0 0.0 14065 3288 8954.846153846154 13
stats: {load,"os_mon@test3"} 1 1.03125 0.0 1.4296875 0.4296875 0.8041294642857143 14
stats: {cpu,"os_mon@test2"} 1 34.071464519375944 0.0 34.071464519375944 4.400606980273141 27.128694587017726 14
stats: {freemem,"os_mon@test3"} 1 957.60546875 0.0 1404.43359375 957.60546875 1247.6316964285713 14
stats: {recvpackets,"os_mon@test4"} 1 19485.0 0.0 19485 4816 12340.307692307691 13
stats: {sentpackets,"os_mon@test4"} 1 14378.0 0.0 14378 3254 8920.846153846154 13
stats: {cpu,"os_mon@test4"} 1 40.51094890510949 0.0 40.51094890510949 2.410848819688599 22.903100783770803 14
stats: {load,"os_mon@myserver"} 1 1.3203125 0.0 2.48046875 1.28125 1.6802455357142858 14
stats: {recvpackets,"os_mon@myserver"} 1 18870.0 0.0 18870 4941 12390.923076923076 13
stats: {sentpackets,"os_mon@myserver"} 1 13965.0 0.0 13965 3339 8956.23076923077 13
stats: {cpu,"os_mon@myserver"} 1 25.469571750563485 0.0 25.544158118588946 2.9109159347553324 23.131239354227084 14
stats: session 1489 48358.01023849383 32990.88677108026 107711.96997070313 10.7470703125 18807.407865643643 21079
stats: users_count 3157 42414
stats: finish_users_count 1489 22568
stats: 200 15423 231072
stats: request 15424 2394.086120193912 6064.445281262189 109517.17602539063 0.156982421875 1791.695200023347 215711
stats: page 1515 24491.1604674286 7983.742530637668 77608.23120117188 9.18798828125 17277.47644418122 21020
stats: connect 1590 7931.499450299725 9411.732249155373 31115.333984375 0.416015625 3809.7813909613337 25046
stats: size_rcv 1904823 29127527
stats: newphase 5 79
stats: size_sent 2052331 31083560
stats: connected 73 3097
stats: error_connect_etimedout 1849 6682
# stats: dump at 1339062346
stats: users 21668 21845
stats: {load,"os_mon@test2"} 1 1.12109375 0.0 1.328125 0.62890625 0.8302083333333333 15
stats: {recvpackets,"os_mon@test3"} 1 13348.0 0.0 18757 4813 12872.5 14
stats: {sentpackets,"os_mon@test3"} 1 10672.0 0.0 13887 3253 9328.214285714286 14
stats: {freemem,"os_mon@test2"} 1 1193.28125 0.0 1586.30859375 1193.28125 1444.9208333333333 15
stats: {cpu,"os_mon@test3"} 1 29.83789260385005 0.0 40.680628272251305 2.7610441767068274 25.688272190704463 15
stats: {load,"os_mon@test4"} 1 0.69140625 0.0 1.21875 0.53125 0.7888020833333333 15
stats: {freemem,"os_mon@test4"} 1 1063.40234375 0.0 1588.30078125 1063.40234375 1409.3106770833333 15
stats: {freemem,"os_mon@myserver"} 1 2843.484375 0.0 2893.3828125 2843.484375 2853.7018229166665 15
stats: {recvpackets,"os_mon@test2"} 1 13710.0 0.0 19005 4870 12861.857142857143 14
stats: {sentpackets,"os_mon@test2"} 1 10933.0 0.0 14065 3288 9319.857142857143 14
stats: {load,"os_mon@test3"} 1 1.03125 0.0 1.4296875 0.4296875 0.8192708333333333 15
stats: {cpu,"os_mon@test2"} 1 29.327170005136104 0.0 34.071464519375944 4.400606980273141 27.591545915841607 15
stats: {freemem,"os_mon@test3"} 1 929.3359375 0.0 1404.43359375 929.3359375 1228.2966145833334 15
stats: {recvpackets,"os_mon@test4"} 1 12942.0 0.0 19485 4816 12850.642857142857 14
stats: {sentpackets,"os_mon@test4"} 1 10434.0 0.0 14378 3254 9310.642857142857 14
stats: {cpu,"os_mon@test4"} 1 28.00624674648621 0.0 40.51094890510949 2.410848819688599 24.076957325193383 15
stats: {load,"os_mon@myserver"} 1 1.26953125 0.0 2.48046875 1.26953125 1.65625 15
stats: {recvpackets,"os_mon@myserver"} 1 13264.0 0.0 18870 4941 12853.714285714286 14
stats: {sentpackets,"os_mon@myserver"} 1 10622.0 0.0 13965 3339 9314.0 14
stats: {cpu,"os_mon@myserver"} 1 25.469571750563485 0.0 25.544158118588946 2.9109159347553324 23.28712818064951 15
stats: session 1622 40388.72664980068 31332.45795769927 122079.0439453125 10.7470703125 20757.108633685733 22568
stats: users_count 3444 45858
stats: finish_users_count 1622 24190
stats: request 15449 2537.5762373310467 6658.211559189322 109517.17602539063 0.156982421875 1831.893688148083 231135
stats: page 1554 24510.158737437912 8887.599375674581 107517.330078125 9.18798828125 17762.4434419722 22535
stats: connect 1536 6790.587335109706 9252.80358714043 31115.333984375 0.416015625 4055.8217766929765 26636
stats: 200 15431 246503
stats: size_rcv 1880944 31008471
stats: newphase 3 82
stats: size_sent 2036560 33120120
stats: connected -99 2998
stats: error_connect_etimedout 1409 8091
# stats: dump at 1339062356
stats: users 23579 23579
stats: {load,"os_mon@test2"} 1 1.08984375 0.0 1.328125 0.62890625 0.848388671875 16
stats: {recvpackets,"os_mon@test3"} 1 17158.0 0.0 18757 4813 12904.2 15
stats: {sentpackets,"os_mon@test3"} 1 13128.0 0.0 13887 3253 9417.8 15
stats: {freemem,"os_mon@test2"} 1 1157.265625 0.0 1586.30859375 1157.265625 1429.193359375 16
stats: {cpu,"os_mon@test3"} 1 33.40281396560709 0.0 40.680628272251305 2.7610441767068274 25.94762346652606 16
stats: {load,"os_mon@test4"} 1 0.73828125 0.0 1.21875 0.53125 0.78271484375 16
stats: {freemem,"os_mon@test4"} 1 1012.265625 0.0 1588.30078125 1012.265625 1387.69140625 16
stats: {freemem,"os_mon@myserver"} 1 2843.41015625 0.0 2893.3828125 2843.41015625 2853.063232421875 16
stats: {recvpackets,"os_mon@test2"} 1 17220.0 0.0 19005 4870 12918.4 15
stats: {sentpackets,"os_mon@test2"} 1 13172.0 0.0 14065 3288 9427.4 15
stats: {load,"os_mon@test3"} 1 0.87109375 0.0 1.4296875 0.4296875 0.83251953125 16
stats: {cpu,"os_mon@test2"} 1 29.299691040164777 0.0 34.071464519375944 4.400606980273141 27.700022421422513 16
stats: {freemem,"os_mon@test3"} 1 875.0390625 0.0 1404.43359375 875.0390625 1209.611572265625 16
stats: {recvpackets,"os_mon@test4"} 1 17141.0 0.0 19485 4816 12856.733333333334 15
stats: {sentpackets,"os_mon@test4"} 1 13108.0 0.0 14378 3254 9385.533333333333 15
stats: {cpu,"os_mon@test4"} 1 32.93381969775925 0.0 40.51094890510949 2.410848819688599 24.322537914024185 16
stats: {load,"os_mon@myserver"} 1 1.23046875 0.0 2.48046875 1.23046875 1.632080078125 16
stats: {recvpackets,"os_mon@myserver"} 1 17181.0 0.0 18870 4941 12881.066666666668 15
stats: {sentpackets,"os_mon@myserver"} 1 13144.0 0.0 13965 3339 9401.2 15
stats: {cpu,"os_mon@myserver"} 1 25.41990473802958 0.0 25.544158118588946 2.9109159347553324 23.423530903769134 16
stats: session 1460 47626.74492521939 35282.5560072973 126542.60595703125 10.7470703125 22073.45772100026 24190
stats: users_count 3371 49229
stats: finish_users_count 1460 25650
stats: 200 15458 261961
stats: request 15469 2687.8232452177645 7259.0525046234025 111558.06298828125 0.156982421875 1876.106166258291 246584
stats: connect 1621 7724.408279786061 9316.404170781281 31115.333984375 0.416015625 4204.927267880258 28172
stats: page 1522 27987.41892526153 15212.87093666487 126541.50708007813 9.18798828125 18197.7437686422 24089
stats: size_rcv 1910563 32919034
stats: newphase 6 88
stats: size_sent 2054417 35174537
stats: connected 87 3085
stats: error_connect_etimedout 866 8957
# stats: dump at 1339062366
stats: users 25775 25775
stats: {load,"os_mon@test2"} 1 1.078125 0.0 1.328125 0.62890625 0.8625919117647058 17
stats: {recvpackets,"os_mon@test3"} 1 17753.0 0.0 18757 4813 13170.0625 16
stats: {sentpackets,"os_mon@test3"} 1 13664.0 0.0 13887 3253 9649.6875 16
stats: {freemem,"os_mon@test2"} 1 1119.28515625 0.0 1586.30859375 1119.28515625 1413.1976102941176 17
stats: {cpu,"os_mon@test3"} 1 30.65352697095436 0.0 40.680628272251305 2.7610441767068274 26.386164084119063 17
stats: {load,"os_mon@test4"} 1 0.69921875 0.0 1.21875 0.53125 0.7801011029411765 17
stats: {freemem,"os_mon@test4"} 1 959.02734375 0.0 1588.30078125 959.02734375 1365.6075367647059 17
stats: {freemem,"os_mon@myserver"} 1 2843.4296875 0.0 2893.3828125 2843.41015625 2852.495404411765 17
stats: {recvpackets,"os_mon@test2"} 1 17711.0 0.0 19005 4870 13187.25 16
stats: {sentpackets,"os_mon@test2"} 1 13631.0 0.0 14065 3288 9661.4375 16
stats: {load,"os_mon@test3"} 1 1.05859375 0.0 1.4296875 0.4296875 0.8347886029411765 17
stats: {cpu,"os_mon@test2"} 1 34.75826972010178 0.0 34.75826972010178 4.400606980273141 27.794120575466174 17
stats: {freemem,"os_mon@test3"} 1 826.9921875 0.0 1404.43359375 826.9921875 1189.9308363970588 17
stats: {recvpackets,"os_mon@test4"} 1 17806.0 0.0 19485 4816 13124.5 16
stats: {sentpackets,"os_mon@test4"} 1 13684.0 0.0 14378 3254 9618.1875 16
stats: {cpu,"os_mon@test4"} 1 33.41968911917099 0.0 40.51094890510949 2.410848819688599 24.829083901302717 17
stats: {load,"os_mon@myserver"} 1 1.19140625 0.0 2.48046875 1.19140625 1.6084558823529411 17
stats: {recvpackets,"os_mon@myserver"} 1 17773.0 0.0 18870 4941 13149.8125 16
stats: {sentpackets,"os_mon@myserver"} 1 13670.0 0.0 13965 3339 9635.125 16
stats: {cpu,"os_mon@myserver"} 1 25.569176882662 0.0 25.569176882662 2.9109159347553324 23.54096465872563 17
stats: session 1607 55494.60681813209 37773.740146561555 137913.6689453125 10.7470703125 23527.952821123457 25650
stats: users_count 3803 53032
stats: finish_users_count 1607 27257
stats: 200 15608 277569
stats: request 15663 2725.845258534378 7578.284303062263 139642.18798828125 0.156982421875 1924.0218607720883 262053
stats: page 1628 26783.248714662608 12328.878222396728 137912.40893554688 9.18798828125 18779.520567219948 25611
stats: connect 1810 9412.185616340419 10723.27548504109 31115.333984375 0.416015625 4396.417843528877 29793
stats: size_rcv 1884453 34803487
stats: newphase 6 94
stats: size_sent 2092303 37266840
stats: connected -41 3044
stats: error_connect_etimedout 2566 11523
# stats: dump at 1339062376
stats: users 27147 27284
stats: {load,"os_mon@test2"} 1 0.921875 0.0 1.328125 0.62890625 0.8745659722222222 18
stats: {recvpackets,"os_mon@test3"} 1 1.94e4 0.0 19400 4813 13439.64705882353 17
stats: {sentpackets,"os_mon@test3"} 1 14686.0 0.0 14686 3253 9885.823529411764 17
stats: {freemem,"os_mon@test2"} 1 1105.01953125 0.0 1586.30859375 1105.01953125 1396.869140625 18
stats: {cpu,"os_mon@test3"} 1 44.40357330530741 0.0 44.40357330530741 2.7610441767068274 26.623239800054357 18
stats: {load,"os_mon@test4"} 1 0.58984375 0.0 1.21875 0.53125 0.7756076388888888 18
stats: {freemem,"os_mon@test4"} 1 920.1640625 0.0 1588.30078125 920.1640625 1343.019748263889 18
stats: {freemem,"os_mon@myserver"} 1 2842.44140625 0.0 2893.3828125 2842.44140625 2851.991753472222 18
stats: {recvpackets,"os_mon@test2"} 1 19237.0 0.0 19237 4870 13453.35294117647 17
stats: {sentpackets,"os_mon@test2"} 1 14572.0 0.0 14572 3288 9894.941176470587 17
stats: {load,"os_mon@test3"} 1 1.19140625 0.0 1.4296875 0.4296875 0.8472222222222222 18
stats: {cpu,"os_mon@test2"} 1 25.562372188139058 0.0 34.75826972010178 4.400606980273141 28.181017750168152 18
stats: {freemem,"os_mon@test3"} 1 736.5 0.0 1404.43359375 736.5 1169.767578125 18
stats: {recvpackets,"os_mon@test4"} 1 19602.0 0.0 19602 4816 13399.882352941177 17
stats: {sentpackets,"os_mon@test4"} 1 14848.0 0.0 14848 3254 9857.35294117647 17
stats: {cpu,"os_mon@test4"} 1 29.807191245440336 0.0 40.51094890510949 2.410848819688599 25.306339746739845 18
stats: {load,"os_mon@myserver"} 1 1.23828125 0.0 2.48046875 1.19140625 1.5852864583333333 18
stats: {recvpackets,"os_mon@myserver"} 1 19411.0 0.0 19411 4941 13421.764705882353 17
stats: {sentpackets,"os_mon@myserver"} 1 14696.0 0.0 14696 3339 9872.470588235294 17
stats: {cpu,"os_mon@myserver"} 1 25.53191489361702 0.0 25.569176882662 2.9109159347553324 23.653643115610986 18
stats: session 1513 51296.670824049594 35327.69124895117 139434.80297851563 10.7470703125 25412.62145571981 27257
stats: users_count 2885 55917
stats: finish_users_count 1513 28770
stats: request 15810 2831.962218551111 8126.612589602532 139642.18798828125 0.156982421875 1969.2441737794438 277716
stats: page 1481 28966.876542487396 16908.263803268204 137912.40893554688 9.18798828125 19257.88135227214 27239
stats: connect 1554 8760.373697445342 11002.71222398667 31115.333984375 0.416015625 4683.6861303620535 31603
stats: 200 15800 293369
stats: size_rcv 1953225 36756712
stats: newphase 6 100
stats: size_sent 2107419 39374259
stats: connected 63 3107
stats: error_connect_etimedout 2418 13941
# stats: dump at 1339062386
stats: users 28950 28950
stats: {load,"os_mon@test2"} 1 1.1015625 0.0 1.328125 0.62890625 0.8770559210526315 19
stats: {recvpackets,"os_mon@test3"} 1 17128.0 0.0 19400 4813 13770.777777777777 18
stats: {sentpackets,"os_mon@test3"} 1 13452.0 0.0 14686 3253 10152.5 18
stats: {freemem,"os_mon@test2"} 1 1061.01171875 0.0 1586.30859375 1061.01171875 1381.508634868421 19
stats: {cpu,"os_mon@test3"} 1 31.557165028453184 0.0 44.40357330530741 2.7610441767068274 27.559046826646625 19
stats: {load,"os_mon@test4"} 1 0.73046875 0.0 1.21875 0.53125 0.7658305921052632 19
stats: {freemem,"os_mon@test4"} 1 852.8828125 0.0 1588.30078125 852.8828125 1320.7641858552631 19
stats: {freemem,"os_mon@myserver"} 1 2842.5390625 0.0 2893.3828125 2842.44140625 2851.4891036184213 19
stats: {recvpackets,"os_mon@test2"} 1 17446.0 0.0 19237 4870 13774.666666666666 18
stats: {sentpackets,"os_mon@test2"} 1 13735.0 0.0 14572 3288 10154.777777777777 18
stats: {load,"os_mon@test3"} 1 1.01171875 0.0 1.4296875 0.4296875 0.8653371710526315 19
stats: {cpu,"os_mon@test2"} 1 35.853780671006504 0.0 35.853780671006504 4.400606980273141 28.043194299535045 19
stats: {freemem,"os_mon@test3"} 1 697.140625 0.0 1404.43359375 697.140625 1146.964021381579 19
stats: {recvpackets,"os_mon@test4"} 1 17086.0 0.0 19602 4816 13744.444444444445 18
stats: {sentpackets,"os_mon@test4"} 1 13398.0 0.0 14848 3254 10134.611111111111 18
stats: {cpu,"os_mon@test4"} 1 35.84415584415584 0.0 40.51094890510949 2.410848819688599 25.54322666772408 19
stats: {load,"os_mon@myserver"} 1 1.19921875 0.0 2.48046875 1.19140625 1.5670230263157894 19
stats: {recvpackets,"os_mon@myserver"} 1 17118.0 0.0 19411 4941 13754.5 18
stats: {sentpackets,"os_mon@myserver"} 1 13456.0 0.0 14696 3339 10140.444444444445 18
stats: {cpu,"os_mon@myserver"} 1 25.444973677613437 0.0 25.569176882662 2.9109159347553324 23.752499524979722 19
stats: session 1612 36366.670781062305 27389.92174066762 139434.80297851563 10.7470703125 26773.850746449145 28770
stats: users_count 3415 59332
stats: finish_users_count 1612 30382
stats: request 15876 2616.784660249018 7207.696350854858 139642.18798828125 0.156982421875 2015.7121946288407 293526
stats: page 1609 25982.686337562864 9530.2922492909 137912.40893554688 9.18798828125 19758.54367388456 28720
stats: connect 1623 6959.073202174307 9404.214302840994 31115.333984375 0.416015625 4874.75204341955 33157
stats: 200 15875 309244
stats: size_rcv 1952992 38709704
stats: newphase 6 106
stats: size_sent 2095117 41469376
stats: connected 13 3120
stats: error_connect_etimedout 2780 16721
stats: error_abort 1 1
EndMonitor:{1339,62386,862834}
