# stats: dump at 1338908780
stats: users 0 0
# stats: dump at 1338908790
stats: users 8 12
stats: {load,"os_mon@test2"} 1 4.55078125 0 4.55078125 4.55078125 0 0
stats: {freemem,"os_mon@test2"} 1 1520.96875 0 1520.96875 1520.96875 0 0
stats: {cpu,"os_mon@test3"} 1 2.6091319618665327 0 2.6091319618665327 2.6091319618665327 0 0
stats: {load,"os_mon@test4"} 1 1.58984375 0 1.58984375 1.58984375 0 0
stats: {freemem,"os_mon@test4"} 1 1448.0625 0 1448.0625 1448.0625 0 0
stats: {freemem,"os_mon@myserver"} 1 2142.9609375 0 2142.9609375 2142.9609375 0 0
stats: {load,"os_mon@test3"} 1 1.921875 0 1.921875 1.921875 0 0
stats: {cpu,"os_mon@test2"} 1 2.053079619429144 0 2.053079619429144 2.053079619429144 0 0
stats: {freemem,"os_mon@test3"} 1 1500.83203125 0 1500.83203125 1500.83203125 0 0
stats: {cpu,"os_mon@test4"} 1 1.6 0 1.6 1.6 0 0
stats: {load,"os_mon@myserver"} 1 2.01953125 0 2.01953125 2.01953125 0 0
stats: {cpu,"os_mon@myserver"} 1 1.7115529826327711 0 1.7115529826327711 1.7115529826327711 0 0
stats: session 572 36.50438855578015 63.31322438599261 1034.031982421875 18.18115234375 0 0
stats: users_count 580 580
stats: finish_users_count 572 572
stats: request 5683 3.2879868721680956 19.655997854599264 999.366943359375 1.235107421875 0 0
stats: page 565 34.143482093473445 63.626354845614394 1032.2109375 16.574951171875 0 0
stats: connect 5683 1.267204718293594 13.260581219496354 997.925048828125 0.41796875 0 0
stats: 200 5683 5683
stats: size_rcv 855698 855698
stats: size_sent 753513 753513
stats: connected 0 0
# stats: dump at 1338908800
stats: users 13 25
stats: {load,"os_mon@test2"} 1 3.9296875 0.0 4.55078125 3.9296875 4.55078125 1
stats: {recvpackets,"os_mon@test3"} 1 3569 0 3569 3569 0 0
stats: {sentpackets,"os_mon@test3"} 1 2485 0 2485 2485 0 0
stats: {freemem,"os_mon@test2"} 1 1519.5234375 0.0 1520.96875 1519.5234375 1520.96875 1
stats: {cpu,"os_mon@test3"} 1 19.64930376482723 0.0 19.64930376482723 2.6091319618665327 2.6091319618665327 1
stats: {load,"os_mon@test4"} 1 1.4296875 0.0 1.58984375 1.4296875 1.58984375 1
stats: {freemem,"os_mon@test4"} 1 1446.50390625 0.0 1448.0625 1446.50390625 1448.0625 1
stats: {freemem,"os_mon@myserver"} 1 2142.48046875 0.0 2142.9609375 2142.48046875 2142.9609375 1
stats: {recvpackets,"os_mon@test2"} 1 3586 0 3586 3586 0 0
stats: {sentpackets,"os_mon@test2"} 1 2500 0 2500 2500 0 0
stats: {load,"os_mon@test3"} 1 1.76953125 0.0 1.921875 1.76953125 1.921875 1
stats: {cpu,"os_mon@test2"} 1 15.725806451612904 0.0 15.725806451612904 2.053079619429144 2.053079619429144 1
stats: {freemem,"os_mon@test3"} 1 1499.89453125 0.0 1500.83203125 1499.89453125 1500.83203125 1
stats: {recvpackets,"os_mon@test4"} 1 3584 0 3584 3584 0 0
stats: {sentpackets,"os_mon@test4"} 1 2497 0 2497 2497 0 0
stats: {cpu,"os_mon@test4"} 1 10.857432775240994 0.0 10.857432775240994 1.6 1.6 1
stats: {load,"os_mon@myserver"} 1 2.37890625 0.0 2.37890625 2.01953125 2.01953125 1
stats: {recvpackets,"os_mon@myserver"} 1 3676 0 3676 3676 0 0
stats: {sentpackets,"os_mon@myserver"} 1 2563 0 2563 2563 0 0
stats: {cpu,"os_mon@myserver"} 1 20.08767405879319 0.0 20.08767405879319 1.7115529826327711 1.7115529826327711 1
stats: session 1432 48.93035871622953 109.5781223976927 1238.733154296875 18.18115234375 36.50438855578015 572
stats: users_count 1437 2017
stats: finish_users_count 1432 2004
stats: request 14267 4.537592402785919 33.53941325862045 1004.341064453125 1.216796875 3.2879868721680956 5683
stats: page 1417 46.66682626835965 109.73725440938001 1237.005126953125 16.574951171875 34.143482093473445 565
stats: connect 14279 2.0194175832954007 30.101985094156117 1003.005859375 0.404052734375 1.267204718293594 5683
stats: 200 14268 19951
stats: size_rcv 2086934 2942632
stats: newphase 6 6
stats: size_sent 1896301 2649814
stats: connected 12 12
# stats: dump at 1338908810
stats: users 761 761
stats: {load,"os_mon@test2"} 1 3.6484375 0.0 4.55078125 3.6484375 4.240234375 2
stats: {recvpackets,"os_mon@test3"} 1 7136.0 0.0 7136 3569 3569.0 1
stats: {sentpackets,"os_mon@test3"} 1 4779.0 0.0 4779 2485 2485.0 1
stats: {freemem,"os_mon@test2"} 1 1518.4453125 0.0 1520.96875 1518.4453125 1520.24609375 2
stats: {cpu,"os_mon@test3"} 1 36.27348643006263 0.0 36.27348643006263 2.6091319618665327 11.12921786334688 2
stats: {load,"os_mon@test4"} 1 1.2890625 0.0 1.58984375 1.2890625 1.509765625 2
stats: {freemem,"os_mon@test4"} 1 1446.01953125 0.0 1448.0625 1446.01953125 1447.283203125 2
stats: {freemem,"os_mon@myserver"} 1 2143.8828125 0.0 2143.8828125 2142.48046875 2142.720703125 2
stats: {recvpackets,"os_mon@test2"} 1 7157.0 0.0 7157 3586 3586.0 1
stats: {sentpackets,"os_mon@test2"} 1 4791.0 0.0 4791 2500 2.5e3 1
stats: {load,"os_mon@test3"} 1 1.578125 0.0 1.921875 1.578125 1.845703125 2
stats: {cpu,"os_mon@test2"} 1 34.7870182555781 0.0 34.7870182555781 2.053079619429144 8.889443035521024 2
stats: {freemem,"os_mon@test3"} 1 1499.03125 0.0 1500.83203125 1499.03125 1500.36328125 2
stats: {recvpackets,"os_mon@test4"} 1 7133.0 0.0 7133 3584 3584.0 1
stats: {sentpackets,"os_mon@test4"} 1 4774.0 0.0 4774 2497 2497.0 1
stats: {cpu,"os_mon@test4"} 1 29.641025641025642 0.0 29.641025641025642 1.6 6.228716387620497 2
stats: {load,"os_mon@myserver"} 1 2.83984375 0.0 2.83984375 2.01953125 2.19921875 2
stats: {recvpackets,"os_mon@myserver"} 1 7304.0 0.0 7304 3676 3676.0 1
stats: {sentpackets,"os_mon@myserver"} 1 4889.0 0.0 4889 2563 2563.0 1
stats: {cpu,"os_mon@myserver"} 1 41.55980109918869 0.0 41.55980109918869 1.7115529826327711 10.89961352071298 2
stats: session 1763 243.75779505149262 470.468044191622 5834.84814453125 18.18115234375 45.38362471833679 2004
stats: users_count 2511 4528
stats: finish_users_count 1763 3767
stats: request 19632 54.253173057102124 189.49718672879482 3660.447021484375 1.18994140625 4.1816270779487725 19950
stats: page 1785 239.7175208169204 468.01844541705685 5832.7861328125 16.574951171875 43.09685176845516 1982
stats: connect 20304 11.718613813203406 90.33703581682357 3002.553955078125 0.404052734375 1.8052694161876326 19962
stats: 200 19631 39582
stats: size_rcv 2773638 5716270
stats: newphase 6 12
stats: size_sent 2696208 5346022
stats: connected 672 684
# stats: dump at 1338908820
stats: users 3742 3742
stats: {load,"os_mon@test2"} 1 3.30859375 0.0 4.55078125 3.30859375 4.04296875 3
stats: {recvpackets,"os_mon@test3"} 1 10199.0 0.0 10199 3569 5352.5 2
stats: {sentpackets,"os_mon@test3"} 1 6.9e3 0.0 6900 2485 3632.0 2
stats: {freemem,"os_mon@test2"} 1 1507.01953125 0.0 1520.96875 1507.01953125 1519.6458333333333 3
stats: {cpu,"os_mon@test3"} 1 38.760504201680675 0.0 38.760504201680675 2.6091319618665327 19.510640718918797 3
stats: {load,"os_mon@test4"} 1 1.16015625 0.0 1.58984375 1.16015625 1.4361979166666667 3
stats: {freemem,"os_mon@test4"} 1 1433.21875 0.0 1448.0625 1433.21875 1446.8619791666667 3
stats: {freemem,"os_mon@myserver"} 1 2144.16796875 0.0 2144.16796875 2142.48046875 2143.1080729166665 3
stats: {recvpackets,"os_mon@test2"} 1 10188.0 0.0 10188 3586 5371.5 2
stats: {sentpackets,"os_mon@test2"} 1 6894.0 0.0 6894 2500 3645.5 2
stats: {load,"os_mon@test3"} 1 1.48828125 0.0 1.921875 1.48828125 1.7565104166666667 3
stats: {cpu,"os_mon@test2"} 1 43.50949204720369 0.0 43.50949204720369 2.053079619429144 17.52196810887338 3
stats: {freemem,"os_mon@test3"} 1 1488.76171875 0.0 1500.83203125 1488.76171875 1499.9192708333333 3
stats: {recvpackets,"os_mon@test4"} 1 10192.0 0.0 10192 3584 5358.5 2
stats: {sentpackets,"os_mon@test4"} 1 6.9e3 0.0 6900 2497 3635.5 2
stats: {cpu,"os_mon@test4"} 1 39.693094629156015 0.0 39.693094629156015 1.6 14.03281947208888 3
stats: {load,"os_mon@myserver"} 1 2.48046875 0.0 2.83984375 2.01953125 2.4127604166666665 3
stats: {recvpackets,"os_mon@myserver"} 1 1.08e4 0.0 10800 3676 5490.0 2
stats: {sentpackets,"os_mon@myserver"} 1 7321.0 0.0 7321 2563 3726.0 2
stats: {cpu,"os_mon@myserver"} 1 42.66824085005903 0.0 42.66824085005903 1.7115529826327711 21.11967604687155 3
stats: session 362 7071.933413005005 2339.9295363278407 12719.0029296875 18.18115234375 138.2250535203951 3767
stats: users_count 3343 7871
stats: finish_users_count 362 4129
stats: request 11497 1342.9051200134752 964.607743248546 5128.777099609375 1.18994140625 29.016263798244328 39582
stats: page 356 7015.543551670029 2314.146821481913 12717.1171875 16.574951171875 136.26592377575815 3767
stats: connect 12966 173.8124922611605 381.3448439579017 3049.93798828125 0.404052734375 6.804041199752135 40266
stats: 200 11512 51094
stats: size_rcv 1396994 7113264
stats: newphase 6 18
stats: size_sent 1719706 7065728
stats: connected 1469 2153
# stats: dump at 1338908830
stats: users 5460 5472
stats: {load,"os_mon@test2"} 1 2.87890625 0.0 4.55078125 2.87890625 3.859375 4
stats: {recvpackets,"os_mon@test3"} 1 11490.0 0.0 11490 3569 6968.0 3
stats: {sentpackets,"os_mon@test3"} 1 7862.0 0.0 7862 2485 4721.333333333333 3
stats: {freemem,"os_mon@test2"} 1 1476.38671875 0.0 1520.96875 1476.38671875 1516.4892578125 4
stats: {cpu,"os_mon@test3"} 1 29.741151611199157 0.0 38.760504201680675 2.6091319618665327 24.323106589609267 4
stats: {load,"os_mon@test4"} 1 1.37109375 0.0 1.58984375 1.16015625 1.3671875 4
stats: {freemem,"os_mon@test4"} 1 1401.20703125 0.0 1448.0625 1401.20703125 1443.451171875 4
stats: {freemem,"os_mon@myserver"} 1 2141.40234375 0.0 2144.16796875 2141.40234375 2143.373046875 4
stats: {recvpackets,"os_mon@test2"} 1 11475.0 0.0 11475 3586 6977.0 3
stats: {sentpackets,"os_mon@test2"} 1 7852.0 0.0 7852 2500 4728.333333333333 3
stats: {load,"os_mon@test3"} 1 1.41015625 0.0 1.921875 1.41015625 1.689453125 4
stats: {cpu,"os_mon@test2"} 1 32.462101411395714 0.0 43.50949204720369 2.053079619429144 24.01884909345596 4
stats: {freemem,"os_mon@test3"} 1 1450.33203125 0.0 1500.83203125 1450.33203125 1497.1298828125 4
stats: {recvpackets,"os_mon@test4"} 1 11470.0 0.0 11470 3584 6969.666666666667 3
stats: {sentpackets,"os_mon@test4"} 1 7840.0 0.0 7840 2497 4723.666666666667 3
stats: {cpu,"os_mon@test4"} 1 30.82085699535364 0.0 39.693094629156015 1.6 20.447888261355665 4
stats: {load,"os_mon@myserver"} 1 2.171875 0.0 2.83984375 2.01953125 2.4296875 4
stats: {recvpackets,"os_mon@myserver"} 1 11470.0 0.0 11470 3676 7260.0 3
stats: {sentpackets,"os_mon@myserver"} 1 7896.0 0.0 7896 2563 4924.333333333333 3
stats: {cpu,"os_mon@myserver"} 1 15.990818668706963 0.0 42.66824085005903 1.7115529826327711 26.506817247668423 4
stats: session 329 16023.037090081212 2774.737094801045 21990.35888671875 18.18115234375 746.121015286786 4129
stats: users_count 2047 9918
stats: finish_users_count 329 4458
stats: 200 8113 59207
stats: request 8125 3864.135778034853 2598.63876554143 14002.43310546875 1.18994140625 324.74993477666027 51079
stats: page 328 15841.839322718179 2832.777131394147 21988.15185546875 16.574951171875 730.2564247532891 4123
stats: connect 9170 943.8538395040277 1985.1192489710434 15108.705810546875 0.3388671875 47.483173609998246 53232
stats: size_rcv 957630 8070894
stats: newphase 5 23
stats: size_sent 1215942 8281670
stats: connected 1045 3198
# stats: dump at 1338908840
stats: users 8742 8742
stats: {load,"os_mon@test2"} 1 2.66015625 0.0 4.55078125 2.66015625 3.66328125 5
stats: {recvpackets,"os_mon@test3"} 1 7772.0 0.0 11490 3569 8098.5 4
stats: {sentpackets,"os_mon@test3"} 1 5696.0 0.0 7862 2485 5506.5 4
stats: {freemem,"os_mon@test2"} 1 1439.4296875 0.0 1520.96875 1439.4296875 1508.46875 5
stats: {cpu,"os_mon@test3"} 1 28.744725738396625 0.0 38.760504201680675 2.6091319618665327 25.406715593927245 5
stats: {load,"os_mon@test4"} 1 1.390625 0.0 1.58984375 1.16015625 1.36796875 5
stats: {freemem,"os_mon@test4"} 1 1352.3203125 0.0 1448.0625 1352.3203125 1435.00234375 5
stats: {freemem,"os_mon@myserver"} 1 2145.55078125 0.0 2145.55078125 2141.40234375 2142.97890625 5
stats: {recvpackets,"os_mon@test2"} 1 7814.0 0.0 11475 3586 8101.5 4
stats: {sentpackets,"os_mon@test2"} 1 5725.0 0.0 7852 2500 5509.25 4
stats: {load,"os_mon@test3"} 1 1.26953125 0.0 1.921875 1.26953125 1.63359375 5
stats: {cpu,"os_mon@test2"} 1 27.639751552795033 0.0 43.50949204720369 2.053079619429144 25.70749955704391 5
stats: {freemem,"os_mon@test3"} 1 1393.03125 0.0 1500.83203125 1393.03125 1487.7703125 5
stats: {recvpackets,"os_mon@test4"} 1 7746.0 0.0 11470 3584 8094.75 4
stats: {sentpackets,"os_mon@test4"} 1 5682.0 0.0 7840 2497 5502.75 4
stats: {cpu,"os_mon@test4"} 1 27.77777777777778 0.0 39.693094629156015 1.6 22.522482008155258 5
stats: {load,"os_mon@myserver"} 1 1.98046875 0.0 2.83984375 1.98046875 2.378125 5
stats: {recvpackets,"os_mon@myserver"} 1 8375.0 0.0 11470 3676 8312.5 4
stats: {sentpackets,"os_mon@myserver"} 1 6095.0 0.0 7896 2563 5667.25 4
stats: {cpu,"os_mon@myserver"} 1 19.1500126486213 0.0 42.66824085005903 1.7115529826327711 24.40361753187613 5
stats: session 186 21463.02974840391 2406.6102137487596 28668.64208984375 18.18115234375 1873.55605086493 4458
stats: users_count 3468 13386
stats: finish_users_count 186 4644
stats: request 4306 3390.585045927467 3003.2217473530764 24260.482177734375 1.18994140625 810.4858643839979 59204
stats: page 192 21355.2756729126 2365.2115741568114 28666.597900390625 16.574951171875 1843.8486940259206 4451
stats: connect 6160 1150.7701210319208 2455.095092759939 15108.705810546875 0.3388671875 179.20521787537837 62402
stats: 200 4334 63541
stats: size_rcv 602528 8673422
stats: newphase 6 29
stats: size_sent 817424 9099094
stats: connected 1854 5052
# stats: dump at 1338908850
stats: users 11315 11316
stats: {load,"os_mon@test2"} 1 2.328125 0.0 4.55078125 2.328125 3.49609375 6
stats: {recvpackets,"os_mon@test3"} 1 12705.0 0.0 12705 3569 8033.2 5
stats: {sentpackets,"os_mon@test3"} 1 9032.0 0.0 9032 2485 5544.4 5
stats: {freemem,"os_mon@test2"} 1 1407.71875 0.0 1520.96875 1407.71875 1496.9622395833333 6
stats: {cpu,"os_mon@test3"} 1 27.97872340425532 0.0 38.760504201680675 2.6091319618665327 25.96305061800548 6
stats: {load,"os_mon@test4"} 1 1.171875 0.0 1.58984375 1.16015625 1.3717447916666667 6
stats: {freemem,"os_mon@test4"} 1 1309.80078125 0.0 1448.0625 1309.80078125 1421.2220052083333 6
stats: {freemem,"os_mon@myserver"} 1 2134.515625 0.0 2145.55078125 2134.515625 2143.4075520833335 6
stats: {recvpackets,"os_mon@test2"} 1 12835.0 0.0 12835 3586 8044.0 5
stats: {sentpackets,"os_mon@test2"} 1 9202.0 0.0 9202 2500 5552.4 5
stats: {load,"os_mon@test3"} 1 1.078125 0.0 1.921875 1.078125 1.5729166666666667 6
stats: {cpu,"os_mon@test2"} 1 20.374220374220375 0.0 43.50949204720369 2.053079619429144 26.02954155633576 6
stats: {freemem,"os_mon@test3"} 1 1329.21484375 0.0 1500.83203125 1329.21484375 1471.98046875 6
stats: {recvpackets,"os_mon@test4"} 1 12687.0 0.0 12687 3584 8025.0 5
stats: {sentpackets,"os_mon@test4"} 1 9014.0 0.0 9014 2497 5538.6 5
stats: {cpu,"os_mon@test4"} 1 23.48717948717949 0.0 39.693094629156015 1.6 23.39836463642568 6
stats: {load,"os_mon@myserver"} 1 1.6796875 0.0 2.83984375 1.6796875 2.3118489583333335 6
stats: {recvpackets,"os_mon@myserver"} 1 12701.0 0.0 12701 3676 8325.0 5
stats: {sentpackets,"os_mon@myserver"} 1 9113.0 0.0 9113 2563 5752.8 5
stats: {cpu,"os_mon@myserver"} 1 4.753386148734986 0.0 42.66824085005903 1.7115529826327711 23.528016718000327 6
stats: session 133 33863.75292601623 3415.0113289976525 40662.701171875 18.18115234375 2658.147374668171 4644
stats: users_count 2706 16092
stats: finish_users_count 133 4777
stats: request 5169 9115.518609570727 6022.839632172558 32890.685791015625 1.18994140625 985.4174826445266 63510
stats: page 129 33653.279684850415 3396.58757124845 40660.159912109375 16.574951171875 2650.6964174690056 4643
stats: connect 5957 2541.230324282025 4426.566347672878 32370.1220703125 0.3388671875 266.4961341765992 68562
stats: 200 5168 68709
stats: size_rcv 497956 9171378
stats: newphase 5 34
stats: size_sent 790903 9889997
stats: connected 788 5840
# stats: dump at 1338908860
stats: users 13917 13917
stats: {load,"os_mon@test2"} 1 2.2109375 0.0 4.55078125 2.2109375 3.3292410714285716 7
stats: {recvpackets,"os_mon@test3"} 1 10048.0 0.0 12705 3569 8811.833333333334 6
stats: {sentpackets,"os_mon@test3"} 1 7334.0 0.0 9032 2485 6125.666666666667 6
stats: {freemem,"os_mon@test2"} 1 1368.04296875 0.0 1520.96875 1368.04296875 1484.213169642857 7
stats: {cpu,"os_mon@test3"} 1 28.79746835443038 0.0 38.760504201680675 2.6091319618665327 26.25100387318403 7
stats: {load,"os_mon@test4"} 1 0.98828125 0.0 1.58984375 0.98828125 1.3431919642857142 7
stats: {freemem,"os_mon@test4"} 1 1270.0703125 0.0 1448.0625 1270.0703125 1405.3046875 7
stats: {freemem,"os_mon@myserver"} 1 2138.48046875 0.0 2145.55078125 2134.515625 2142.137276785714 7
stats: {recvpackets,"os_mon@test2"} 1 9898.0 0.0 12835 3586 8842.5 6
stats: {sentpackets,"os_mon@test2"} 1 7153.0 0.0 9202 2500 6160.666666666667 6
stats: {load,"os_mon@test3"} 1 0.91015625 0.0 1.921875 0.91015625 1.5022321428571428 7
stats: {cpu,"os_mon@test2"} 1 25.48505506030414 0.0 43.50949204720369 2.053079619429144 25.22163853031928 7
stats: {freemem,"os_mon@test3"} 1 1273.80078125 0.0 1500.83203125 1273.80078125 1451.5853794642858 7
stats: {recvpackets,"os_mon@test4"} 1 10053.0 0.0 12687 3584 8802.0 6
stats: {sentpackets,"os_mon@test4"} 1 7342.0 0.0 9014 2497 6117.833333333333 6
stats: {cpu,"os_mon@test4"} 1 22.325581395348838 0.0 39.693094629156015 1.6 23.411052472247654 7
stats: {load,"os_mon@myserver"} 1 1.421875 0.0 2.83984375 1.421875 2.2215401785714284 7
stats: {recvpackets,"os_mon@myserver"} 1 10047.0 0.0 12701 3676 9054.333333333334 6
stats: {sentpackets,"os_mon@myserver"} 1 7237.0 0.0 9113 2563 6312.833333333333 6
stats: {cpu,"os_mon@myserver"} 1 11.494252873563218 0.0 42.66824085005903 1.7115529826327711 20.845926636676705 7
stats: session 144 40961.866277058914 3563.669766289563 47657.410888671875 18.18115234375 3526.9657833617634 4777
stats: users_count 2746 18838
stats: finish_users_count 144 4921
stats: request 5693 8787.289084456803 7638.781990805864 43174.568115234375 1.18994140625 1597.3147543736072 68679
stats: page 149 40862.67199788956 3544.8735501589863 47655.787841796875 16.574951171875 3488.7796617045888 4772
stats: connect 6227 2068.4685066435122 4733.443889224694 32681.093994140625 0.3388671875 448.33689385477555 74519
stats: 200 5010 73719
stats: size_rcv 601628 9773006
stats: newphase 5 39
stats: size_sent 826473 10716470
stats: connected 534 6374
# stats: dump at 1338908870
stats: users 16967 16967
stats: {load,"os_mon@test2"} 1 2.25 0.0 4.55078125 2.2109375 3.189453125 8
stats: {recvpackets,"os_mon@test3"} 1 11446.0 0.0 12705 3569 8988.42857142857 7
stats: {sentpackets,"os_mon@test3"} 1 8237.0 0.0 9032 2485 6298.285714285715 7
stats: {freemem,"os_mon@test2"} 1 1311.984375 0.0 1520.96875 1311.984375 1469.69189453125 8
stats: {cpu,"os_mon@test3"} 1 28.3148441627047 0.0 38.760504201680675 2.6091319618665327 26.569311933339822 8
stats: {load,"os_mon@test4"} 1 0.921875 0.0 1.58984375 0.921875 1.298828125 8
stats: {freemem,"os_mon@test4"} 1 1249.21484375 0.0 1448.0625 1249.21484375 1388.400390625 8
stats: {freemem,"os_mon@myserver"} 1 2131.48828125 0.0 2145.55078125 2131.48828125 2141.68017578125 8
stats: {recvpackets,"os_mon@test2"} 1 11464.0 0.0 12835 3586 8993.285714285714 7
stats: {sentpackets,"os_mon@test2"} 1 8240.0 0.0 9202 2500 6302.428571428572 7
stats: {load,"os_mon@test3"} 1 1.0703125 0.0 1.921875 0.91015625 1.42822265625 8
stats: {cpu,"os_mon@test2"} 1 26.492537313432834 0.0 43.50949204720369 2.053079619429144 25.25456559656739 8
stats: {freemem,"os_mon@test3"} 1 1210.7734375 0.0 1500.83203125 1210.7734375 1429.3623046875 8
stats: {recvpackets,"os_mon@test4"} 1 11408.0 0.0 12687 3584 8980.714285714286 7
stats: {sentpackets,"os_mon@test4"} 1 8216.0 0.0 9014 2497 6292.714285714285 7
stats: {cpu,"os_mon@test4"} 1 16.666666666666664 0.0 39.693094629156015 1.6 23.275368587635302 8
stats: {load,"os_mon@myserver"} 1 1.28125 0.0 2.83984375 1.28125 2.12158203125 8
stats: {recvpackets,"os_mon@myserver"} 1 12421.0 0.0 12701 3676 9196.142857142857 7
stats: {sentpackets,"os_mon@myserver"} 1 8903.0 0.0 9113 2563 6444.857142857143 7
stats: {cpu,"os_mon@myserver"} 1 15.584088620342396 0.0 42.66824085005903 1.7115529826327711 19.67696741628752 8
stats: session 138 48443.52463520437 4775.929824060528 60151.787109375 18.18115234375 4622.398758588829 4921
stats: users_count 3188 22026
stats: finish_users_count 138 5059
stats: request 5533 11503.407036253724 10615.028949660058 51996.052001953125 1.18994140625 2147.6902163910822 74372
stats: page 137 48388.69577761461 4753.263169070193 60150.51904296875 16.574951171875 4620.401274809966 4921
stats: connect 5511 2371.4404340732613 5280.250502637067 32681.093994140625 0.3388671875 573.278804944309 80746
stats: 200 4494 78213
stats: size_rcv 486740 10259746
stats: newphase 5 44
stats: size_sent 731573 11448043
stats: connected -22 6352
# stats: dump at 1338908880
stats: users 20433 20433
stats: {load,"os_mon@test2"} 1 2.140625 0.0 4.55078125 2.140625 3.0850694444444446 9
stats: {recvpackets,"os_mon@test3"} 1 13633.0 0.0 13633 3569 9295.625 8
stats: {sentpackets,"os_mon@test3"} 1 9.7e3 0.0 9700 2485 6540.625 8
stats: {freemem,"os_mon@test2"} 1 1267.8125 0.0 1520.96875 1267.8125 1452.1688368055557 9
stats: {cpu,"os_mon@test3"} 1 28.214665249734328 0.0 38.760504201680675 2.6091319618665327 26.763259958824808 9
stats: {load,"os_mon@test4"} 1 0.78125 0.0 1.58984375 0.78125 1.2569444444444444 9
stats: {freemem,"os_mon@test4"} 1 1189.3671875 0.0 1448.0625 1189.3671875 1372.935329861111 9
stats: {freemem,"os_mon@myserver"} 1 2140.42578125 0.0 2145.55078125 2131.48828125 2140.5477430555557 9
stats: {recvpackets,"os_mon@test2"} 1 13634.0 0.0 13634 3586 9302.125 8
stats: {sentpackets,"os_mon@test2"} 1 9698.0 0.0 9698 2500 6544.625 8
stats: {load,"os_mon@test3"} 1 1.2109375 0.0 1.921875 0.91015625 1.3884548611111112 9
stats: {cpu,"os_mon@test2"} 1 27.839408346539884 0.0 43.50949204720369 2.053079619429144 25.392118009552437 9
stats: {freemem,"os_mon@test3"} 1 1158.7578125 0.0 1500.83203125 1158.7578125 1405.0746527777778 9
stats: {recvpackets,"os_mon@test4"} 1 13598.0 0.0 13598 3584 9284.125 8
stats: {sentpackets,"os_mon@test4"} 1 9665.0 0.0 9665 2497 6533.125 8
stats: {cpu,"os_mon@test4"} 1 27.72845953002611 0.0 39.693094629156015 1.6 22.541068374194342 9
stats: {load,"os_mon@myserver"} 1 1.078125 0.0 2.83984375 1.078125 2.0282118055555554 9
stats: {recvpackets,"os_mon@myserver"} 1 14706.0 0.0 14706 3676 9599.25 8
stats: {sentpackets,"os_mon@myserver"} 1 10361.0 0.0 10361 2563 6752.125 8
stats: {cpu,"os_mon@myserver"} 1 1.3596716264751154 0.0 42.66824085005903 1.3596716264751154 19.22220310562695 9
stats: session 68 60246.55307186351 4440.124078509713 67960.587890625 18.18115234375 5817.756610135171 5059
stats: users_count 3534 25560
stats: finish_users_count 68 5127
stats: 200 2372 80585
stats: request 3455 19379.93905147655 10339.689660510627 61841.833984375 1.18994140625 2795.524283899999 79905
stats: page 69 60178.08594103827 4441.775098452236 67959.26000976563 16.574951171875 5805.900750271459 5058
stats: connect 3253 5297.231831224302 8955.8415513842 32681.093994140625 0.3388671875 688.1641909202838 86257
stats: size_rcv 228468 10488214
stats: newphase 6 50
stats: size_sent 431879 11879922
stats: connected -202 6150
stats: error_connect_etimedout 3 3
# stats: dump at 1338908890
stats: users 23510 23510
stats: {load,"os_mon@test2"} 1 1.80859375 0.0 4.55078125 1.80859375 2.990625 10
stats: {recvpackets,"os_mon@test3"} 1 12338.0 0.0 13633 3569 9777.555555555555 9
stats: {sentpackets,"os_mon@test3"} 1 9010.0 0.0 9700 2485 6891.666666666667 9
stats: {freemem,"os_mon@test2"} 1 1214.1640625 0.0 1520.96875 1214.1640625 1433.733203125 10
stats: {cpu,"os_mon@test3"} 1 22.968012585212374 0.0 38.760504201680675 2.6091319618665327 26.90840048791576 10
stats: {load,"os_mon@test4"} 1 0.66015625 0.0 1.58984375 0.66015625 1.209375 10
stats: {freemem,"os_mon@test4"} 1 1151.76171875 0.0 1448.0625 1151.76171875 1354.578515625 10
stats: {freemem,"os_mon@myserver"} 1 2144.53125 0.0 2145.55078125 2131.48828125 2140.535546875 10
stats: {recvpackets,"os_mon@test2"} 1 12290.0 0.0 13634 3586 9783.444444444445 9
stats: {sentpackets,"os_mon@test2"} 1 9.0e3 0.0 9698 2500 6895.0 9
stats: {load,"os_mon@test3"} 1 1.171875 0.0 1.921875 0.91015625 1.370703125 10
stats: {cpu,"os_mon@test2"} 1 21.560358460727464 0.0 43.50949204720369 2.053079619429144 25.63684704325118 10
stats: {freemem,"os_mon@test3"} 1 1113.0703125 0.0 1500.83203125 1113.0703125 1380.44296875 10
stats: {recvpackets,"os_mon@test4"} 1 12294.0 0.0 13598 3584 9763.444444444445 9
stats: {sentpackets,"os_mon@test4"} 1 8962.0 0.0 9665 2497 6881.111111111111 9
stats: {cpu,"os_mon@test4"} 1 21.499219156689225 0.0 39.693094629156015 1.6 23.05980748977752 10
stats: {load,"os_mon@myserver"} 1 0.98828125 0.0 2.83984375 0.98828125 1.933203125 10
stats: {recvpackets,"os_mon@myserver"} 1 9794.0 0.0 14706 3676 10166.666666666666 9
stats: {sentpackets,"os_mon@myserver"} 1 7441.0 0.0 10361 2563 7153.111111111111 9
stats: {cpu,"os_mon@myserver"} 1 4.788446921712693 0.0 42.66824085005903 1.3596716264751154 17.435949957711767 10
stats: session 75 70546.62826822913 5278.120847711609 78584.48901367188 18.18115234375 6539.6520966570215 5127
stats: users_count 3152 28712
stats: finish_users_count 75 5202
stats: 200 3187 83772
stats: request 4640 19229.410758446007 14221.219940159492 68616.25 1.18994140625 3482.8941618027943 83360
stats: page 74 70526.9961993243 5311.607469368379 78581.27001953125 16.574951171875 6537.650463195764 5127
stats: connect 4860 3960.8155895342998 7275.315465424204 32681.093994140625 0.3388671875 855.6683472593404 89510
stats: size_rcv 404118 10892332
stats: newphase 5 55
stats: size_sent 645468 12525390
stats: connected 220 6370
stats: error_connect_etimedout 807 810
# stats: dump at 1338908900
stats: users 26151 26151
stats: {load,"os_mon@test2"} 1 1.5390625 0.0 4.55078125 1.5390625 2.8831676136363638 11
stats: {recvpackets,"os_mon@test3"} 1 13491.0 0.0 13633 3569 10033.6 10
stats: {sentpackets,"os_mon@test3"} 1 9788.0 0.0 9788 2485 7103.5 10
stats: {freemem,"os_mon@test2"} 1 1183.734375 0.0 1520.96875 1183.734375 1413.772372159091 11
stats: {cpu,"os_mon@test3"} 1 26.70940170940171 0.0 38.760504201680675 2.6091319618665327 26.550183405851815 11
stats: {load,"os_mon@test4"} 1 0.640625 0.0 1.58984375 0.640625 1.1594460227272727 11
stats: {freemem,"os_mon@test4"} 1 1095.92578125 0.0 1448.0625 1095.92578125 1336.140625 11
stats: {freemem,"os_mon@myserver"} 1 2147.7265625 0.0 2147.7265625 2131.48828125 2140.8987926136365 11
stats: {recvpackets,"os_mon@test2"} 1 13482.0 0.0 13634 3586 10034.1 10
stats: {sentpackets,"os_mon@test2"} 1 9763.0 0.0 9763 2500 7105.5 10
stats: {load,"os_mon@test3"} 1 0.98828125 0.0 1.921875 0.91015625 1.3526278409090908 11
stats: {cpu,"os_mon@test2"} 1 22.983014861995755 0.0 43.50949204720369 2.053079619429144 25.26625717211266 11
stats: {freemem,"os_mon@test3"} 1 1049.4453125 0.0 1500.83203125 1049.4453125 1356.1363636363637 11
stats: {recvpackets,"os_mon@test4"} 1 13419.0 0.0 13598 3584 10016.5 10
stats: {sentpackets,"os_mon@test4"} 1 9769.0 0.0 9769 2497 7089.2 10
stats: {cpu,"os_mon@test4"} 1 26.99896157840083 0.0 39.693094629156015 1.6 22.917935823133128 11
stats: {load,"os_mon@myserver"} 1 0.98828125 0.0 2.83984375 0.98828125 1.8473011363636365 11
stats: {recvpackets,"os_mon@myserver"} 1 14143.0 0.0 14706 3676 10129.4 10
stats: {sentpackets,"os_mon@myserver"} 1 10196.0 0.0 10361 2563 7181.9 10
stats: {cpu,"os_mon@myserver"} 1 10.580547876350842 0.0 42.66824085005903 1.3596716264751154 16.286176954439124 11
stats: session 91 75835.44626223386 8236.536778404152 88887.03002929688 18.18115234375 7462.474705820403 5202
stats: users_count 2732 31444
stats: finish_users_count 91 5293
stats: request 6508 13329.391513404771 13408.132367437851 75376.10693359375 1.18994140625 4313.1650368985265 88000
stats: page 90 75517.20447591148 8083.505255376869 88885.73999023438 16.574951171875 7448.092990493113 5201
stats: 200 4670 88442
stats: connect 6603 5317.220923786995 8976.532069980905 32681.093994140625 0.3388671875 1015.5816205183878 94370
stats: size_rcv 618074 11510406
stats: newphase 6 61
stats: size_sent 876329 13401719
stats: connected 95 6465
stats: error_connect_etimedout 1587 2397
# stats: dump at 1338908910
stats: users 28970 28970
stats: {load,"os_mon@test2"} 1 1.58984375 0.0 4.55078125 1.5390625 2.7711588541666665 12
stats: {recvpackets,"os_mon@test3"} 1 12892.0 0.0 13633 3569 10347.90909090909 11
stats: {sentpackets,"os_mon@test3"} 1 9476.0 0.0 9788 2485 7347.545454545455 11
stats: {freemem,"os_mon@test2"} 1 1140.43359375 0.0 1520.96875 1140.43359375 1394.6025390625 12
stats: {cpu,"os_mon@test3"} 1 27.978436657681943 0.0 38.760504201680675 2.6091319618665327 26.563451597814307 12
stats: {load,"os_mon@test4"} 1 0.5390625 0.0 1.58984375 0.5390625 1.1162109375 12
stats: {freemem,"os_mon@test4"} 1 1044.03515625 0.0 1448.0625 1044.03515625 1316.1227213541667 12
stats: {freemem,"os_mon@myserver"} 1 2149.23828125 0.0 2149.23828125 2131.48828125 2141.4677734375 12
stats: {recvpackets,"os_mon@test2"} 1 12880.0 0.0 13634 3586 10347.545454545454 11
stats: {sentpackets,"os_mon@test2"} 1 9469.0 0.0 9763 2500 7347.090909090909 11
stats: {load,"os_mon@test3"} 1 0.83984375 0.0 1.921875 0.83984375 1.322265625 12
stats: {cpu,"os_mon@test2"} 1 26.996805111821086 0.0 43.50949204720369 2.053079619429144 25.075986979602916 12
stats: {freemem,"os_mon@test3"} 1 1003.9296875 0.0 1500.83203125 1003.9296875 1330.5787760416667 12
stats: {recvpackets,"os_mon@test4"} 1 12916.0 0.0 13598 3584 10325.818181818182 11
stats: {sentpackets,"os_mon@test4"} 1 9502.0 0.0 9769 2497 7332.818181818182 11
stats: {cpu,"os_mon@test4"} 1 31.77521008403361 0.0 39.693094629156015 1.6 23.25802130273877 12
stats: {load,"os_mon@myserver"} 1 1.140625 0.0 2.83984375 0.98828125 1.7757161458333333 12
stats: {recvpackets,"os_mon@myserver"} 1 12549.0 0.0 14706 3676 10494.272727272728 11
stats: {sentpackets,"os_mon@myserver"} 1 9140.0 0.0 10361 2563 7455.909090909091 11
stats: {cpu,"os_mon@myserver"} 1 6.100051046452271 0.0 42.66824085005903 1.3596716264751154 15.810707864598434 12
stats: session 93 86913.96386718749 8925.166329217074 100305.69018554688 18.18115234375 8637.978278772154 5293
stats: users_count 2912 34356
stats: finish_users_count 93 5386
stats: request 5095 16210.530013436151 14869.603238779719 91504.16186523438 1.18994140625 4934.039480428203 94508
stats: page 95 86936.21987561679 8832.55237027688 100303.1318359375 16.574951171875 8605.949734716824 5291
stats: connect 6859 4898.985099840306 8580.322040852214 32758.412109375 0.3388671875 1296.8818128419061 100973
stats: 200 3303 91745
stats: size_rcv 441544 11951950
stats: newphase 6 67
stats: size_sent 910185 14311904
stats: connected 1764 8229
stats: error_connect_etimedout 1070 3467
# stats: dump at 1338908920
stats: users 32078 32082
stats: {load,"os_mon@test2"} 1 1.51171875 0.0 4.55078125 1.51171875 2.6802884615384617 13
stats: {recvpackets,"os_mon@test3"} 1 13068.0 0.0 13633 3569 10559.916666666666 12
stats: {sentpackets,"os_mon@test3"} 1 9886.0 0.0 9886 2485 7524.916666666667 12
stats: {freemem,"os_mon@test2"} 1 1073.2265625 0.0 1520.96875 1073.2265625 1375.0510817307693 13
stats: {cpu,"os_mon@test3"} 1 27.480106100795755 0.0 38.760504201680675 2.6091319618665327 26.672296602419507 13
stats: {load,"os_mon@test4"} 1 0.4609375 0.0 1.58984375 0.4609375 1.0718149038461537 13
stats: {freemem,"os_mon@test4"} 1 996.4921875 0.0 1448.0625 996.4921875 1295.1929086538462 13
stats: {freemem,"os_mon@myserver"} 1 2134.77734375 0.0 2149.23828125 2131.48828125 2142.0655048076924 13
stats: {recvpackets,"os_mon@test2"} 1 13077.0 0.0 13634 3586 10558.583333333334 12
stats: {sentpackets,"os_mon@test2"} 1 9891.0 0.0 9891 2500 7523.916666666667 12
stats: {load,"os_mon@test3"} 1 0.7109375 0.0 1.921875 0.7109375 1.28515625 13
stats: {cpu,"os_mon@test2"} 1 33.10048361096185 0.0 43.50949204720369 2.053079619429144 25.223742220542775 13
stats: {freemem,"os_mon@test3"} 1 955.61328125 0.0 1500.83203125 955.61328125 1305.451923076923 13
stats: {recvpackets,"os_mon@test4"} 1 13040.0 0.0 13598 3584 10541.666666666666 12
stats: {sentpackets,"os_mon@test4"} 1 9853.0 0.0 9853 2497 7513.583333333333 12
stats: {cpu,"os_mon@test4"} 1 31.019978969505786 0.0 39.693094629156015 1.6 23.91318967053068 13
stats: {load,"os_mon@myserver"} 1 1.0390625 0.0 2.83984375 0.98828125 1.7268629807692308 13
stats: {recvpackets,"os_mon@myserver"} 1 14503.0 0.0 14706 3676 10665.5 12
stats: {sentpackets,"os_mon@myserver"} 1 10889.0 0.0 10889 2563 7596.25 12
stats: {cpu,"os_mon@myserver"} 1 14.206268958543983 0.0 42.66824085005903 1.3596716264751154 15.063734263202576 13
stats: session 133 92838.76312852446 12610.550753713615 110890.26586914063 18.18115234375 9989.568820866962 5386
stats: users_count 3241 37597
stats: finish_users_count 133 5519
stats: 200 6261 98006
stats: request 7782 13571.145510698772 13520.439134804275 91504.16186523438 1.18994140625 5510.866677055569 99603
stats: connect 8232 4442.967872226669 7705.973591941197 32758.412109375 0.3388671875 1526.0051384365536 107832
stats: page 129 92688.8599635871 12548.564865240687 109744.42016601563 16.574951171875 9987.564228475734 5386
stats: size_rcv 774994 12726944
stats: newphase 6 73
stats: size_sent 1093056 15404960
stats: connected 450 8679
stats: error_connect_etimedout 1785 5252
# stats: dump at 1338908930
stats: users 35094 35095
stats: {load,"os_mon@test2"} 1 1.5 0.0 4.55078125 1.5 2.5968191964285716 14
stats: {recvpackets,"os_mon@test3"} 1 15170.0 0.0 15170 3569 10752.846153846154 13
stats: {sentpackets,"os_mon@test3"} 1 11060.0 0.0 11060 2485 7706.538461538462 13
stats: {freemem,"os_mon@test2"} 1 1047.02734375 0.0 1520.96875 1047.02734375 1353.4921875 14
stats: {cpu,"os_mon@test3"} 1 29.87220447284345 0.0 38.760504201680675 2.6091319618665327 26.729997280874954 14
stats: {load,"os_mon@test4"} 1 0.4609375 0.0 1.58984375 0.4609375 1.0281808035714284 14
stats: {freemem,"os_mon@test4"} 1 893.51171875 0.0 1448.0625 893.51171875 1273.857142857143 14
stats: {freemem,"os_mon@myserver"} 1 2137.61328125 0.0 2149.23828125 2131.48828125 2141.544921875 14
stats: {recvpackets,"os_mon@test2"} 1 15173.0 0.0 15173 3586 10752.307692307691 13
stats: {sentpackets,"os_mon@test2"} 1 11063.0 0.0 11063 2500 7706.0 13
stats: {load,"os_mon@test3"} 1 0.6015625 0.0 1.921875 0.6015625 1.244140625 14
stats: {cpu,"os_mon@test2"} 1 30.201698513800423 0.0 43.50949204720369 2.053079619429144 25.78636660557271 14
stats: {freemem,"os_mon@test3"} 1 913.75390625 0.0 1500.83203125 913.75390625 1280.4634486607142 14
stats: {recvpackets,"os_mon@test4"} 1 15121.0 0.0 15121 3584 10733.846153846154 13
stats: {sentpackets,"os_mon@test4"} 1 11015.0 0.0 11015 2497 7693.538461538462 13
stats: {cpu,"os_mon@test4"} 1 45.80917237743806 0.0 45.80917237743806 1.6 24.42081747760033 14
stats: {load,"os_mon@myserver"} 1 0.9609375 0.0 2.83984375 0.9609375 1.677734375 14
stats: {recvpackets,"os_mon@myserver"} 1 14522.0 0.0 14706 3676 10960.692307692309 13
stats: {sentpackets,"os_mon@myserver"} 1 10779.0 0.0 10889 2563 7849.538461538462 13
stats: {cpu,"os_mon@myserver"} 1 12.755102040816327 0.0 42.66824085005903 1.3596716264751154 15.002486741441247 14
stats: session 128 101357.57360267639 12959.632504036008 118482.77001953125 18.18115234375 11986.115811792572 5519
stats: users_count 3144 40741
stats: finish_users_count 128 5647
stats: 200 5358 103364
stats: request 7919 14589.283551346776 13537.907074462748 107635.9970703125 1.18994140625 6094.980751492514 107385
stats: page 131 101153.31526568462 13006.300100154771 118481.47314453125 16.574951171875 11922.009767882691 5515
stats: connect 8089 3948.3091717919397 7413.09195433501 32758.412109375 0.3388671875 1732.8947616148018 116064
stats: size_rcv 657858 13384802
stats: newphase 4 77
stats: size_sent 1073531 16478491
stats: connected 170 8849
stats: error_connect_etimedout 2760 8012
# stats: dump at 1338908940
stats: users 37996 37996
stats: {load,"os_mon@test2"} 1 1.421875 0.0 4.55078125 1.421875 2.523697916666667 15
stats: {recvpackets,"os_mon@test3"} 1 14445.0 0.0 15170 3569 11068.357142857143 14
stats: {sentpackets,"os_mon@test3"} 1 10424.0 0.0 11060 2485 7946.071428571428 14
stats: {freemem,"os_mon@test2"} 1 991.0546875 0.0 1520.96875 991.0546875 1333.0611979166667 15
stats: {cpu,"os_mon@test3"} 1 32.35294117647059 0.0 38.760504201680675 2.6091319618665327 26.93947776033952 15
stats: {load,"os_mon@test4"} 1 0.390625 0.0 1.58984375 0.390625 0.9903645833333331 15
stats: {freemem,"os_mon@test4"} 1 841.828125 0.0 1448.0625 841.828125 1248.50078125 15
stats: {freemem,"os_mon@myserver"} 1 2137.92578125 0.0 2149.23828125 2131.48828125 2141.2828125 15
stats: {recvpackets,"os_mon@test2"} 1 14430.0 0.0 15173 3586 11068.07142857143 14
stats: {sentpackets,"os_mon@test2"} 1 10417.0 0.0 11063 2500 7945.785714285715 14
stats: {load,"os_mon@test3"} 1 0.828125 0.0 1.921875 0.6015625 1.2013020833333334 15
stats: {cpu,"os_mon@test2"} 1 36.267232237539766 0.0 43.50949204720369 2.053079619429144 26.080722066121222 15
stats: {freemem,"os_mon@test3"} 1 862.82421875 0.0 1500.83203125 862.82421875 1256.0161458333334 15
stats: {recvpackets,"os_mon@test4"} 1 14632.0 0.0 15121 3584 11047.214285714286 14
stats: {sentpackets,"os_mon@test4"} 1 10561.0 0.0 11015 2497 7930.785714285715 14
stats: {cpu,"os_mon@test4"} 1 32.33438485804416 0.0 45.80917237743806 1.6 25.84670780425618 15
stats: {load,"os_mon@myserver"} 1 0.9609375 0.0 2.83984375 0.9609375 1.6299479166666666 15
stats: {recvpackets,"os_mon@myserver"} 1 14217.0 0.0 14706 3676 11215.07142857143 14
stats: {sentpackets,"os_mon@myserver"} 1 10098.0 0.0 10889 2563 8058.785714285715 14
stats: {cpu,"os_mon@myserver"} 1 9.309462915601022 0.0 42.66824085005903 1.3596716264751154 14.85266109473292 15
stats: session 97 109855.59622160922 14309.16387981077 129915.77392578125 18.18115234375 14011.889956866617 5647
stats: users_count 2999 43740
stats: finish_users_count 97 5744
stats: request 6822 17729.21717439477 14733.802312489765 117679.18090820313 1.18994140625 6678.363668581652 115304
stats: page 97 110088.93301234294 14167.312592521765 129914.5400390625 16.574951171875 13992.378350987909 5646
stats: connect 5328 3320.119724353872 5703.898138061304 32758.412109375 0.3388671875 1877.23672003645 124153
stats: 200 4236 107600
stats: size_rcv 528056 13912858
stats: newphase 3 80
stats: size_sent 707200 17185691
stats: connected -1494 7355
stats: error_connect_etimedout 3222 11234
# stats: dump at 1338908950
stats: users 41348 41348
stats: {load,"os_mon@test2"} 1 1.28125 0.0 4.55078125 1.28125 2.454833984375 16
stats: {recvpackets,"os_mon@test3"} 1 16386.0 0.0 16386 3569 11293.466666666667 15
stats: {sentpackets,"os_mon@test3"} 1 11914.0 0.0 11914 2485 8111.266666666666 15
stats: {freemem,"os_mon@test2"} 1 919.92578125 0.0 1520.96875 919.92578125 1311.685791015625 16
stats: {cpu,"os_mon@test3"} 1 29.301075268817208 0.0 38.760504201680675 2.6091319618665327 27.277819223847715 16
stats: {load,"os_mon@test4"} 1 0.328125 0.0 1.58984375 0.328125 0.9528808593749998 16
stats: {freemem,"os_mon@test4"} 1 809.1796875 0.0 1448.0625 809.1796875 1223.083740234375 16
stats: {freemem,"os_mon@myserver"} 1 2141.41015625 0.0 2149.23828125 2131.48828125 2141.072998046875 16
stats: {recvpackets,"os_mon@test2"} 1 16391.0 0.0 16391 3586 11292.2 15
stats: {sentpackets,"os_mon@test2"} 1 11914.0 0.0 11914 2500 8110.533333333334 15
stats: {load,"os_mon@test3"} 1 0.8515625 0.0 1.921875 0.6015625 1.177978515625 16
stats: {cpu,"os_mon@test2"} 1 39.083557951482476 0.0 43.50949204720369 2.053079619429144 26.71737895183488 16
stats: {freemem,"os_mon@test3"} 1 816.796875 0.0 1500.83203125 816.796875 1231.441650390625 16
stats: {recvpackets,"os_mon@test4"} 1 15946.0 0.0 15946 3584 11286.2 15
stats: {sentpackets,"os_mon@test4"} 1 11589.0 0.0 11589 2497 8106.133333333333 15
stats: {cpu,"os_mon@test4"} 1 23.207647371216144 0.0 45.80917237743806 1.6 26.25218762011793 16
stats: {load,"os_mon@myserver"} 1 0.8203125 0.0 2.83984375 0.8203125 1.588134765625 16
stats: {recvpackets,"os_mon@myserver"} 1 16587.0 0.0 16587 3676 11415.2 15
stats: {sentpackets,"os_mon@myserver"} 1 12164.0 0.0 12164 2563 8194.733333333334 15
stats: {cpu,"os_mon@myserver"} 1 5.824993584808827 0.0 42.66824085005903 1.3596716264751154 14.506211208537175 16
stats: session 101 119410.18430925124 16674.69158060726 139955.78393554688 18.18115234375 15630.42051182484 5744
stats: users_count 3453 47193
stats: finish_users_count 101 5845
stats: request 5342 17693.21299651668 17276.64746234463 122469.10522460938 1.18994140625 7295.668113308057 122126
stats: page 102 119119.61947811351 16844.29899672313 139954.72290039063 16.574951171875 15615.461374172906 5743
stats: connect 5886 4225.214322369167 6995.149361948548 32758.412109375 0.3388671875 1936.609760459394 129481
stats: 200 3433 111033
stats: size_rcv 456124 14368982
stats: newphase 5 85
stats: size_sent 781722 17967413
stats: connected 544 7899
stats: error_connect_etimedout 1993 13227
# stats: dump at 1338908960
stats: users 44866 44867
stats: {load,"os_mon@test2"} 1 1.08984375 0.0 4.55078125 1.08984375 2.385799632352941 17
stats: {recvpackets,"os_mon@test3"} 1 17674.0 0.0 17674 3569 11611.75 16
stats: {sentpackets,"os_mon@test3"} 1 13389.0 0.0 13389 2485 8348.9375 16
stats: {freemem,"os_mon@test2"} 1 862.64453125 0.0 1520.96875 862.64453125 1288.6410845588234 17
stats: {cpu,"os_mon@test3"} 1 37.02310585706609 0.0 38.760504201680675 2.6091319618665327 27.39683428531651 17
stats: {load,"os_mon@test4"} 1 0.3515625 0.0 1.58984375 0.328125 0.9161305147058821 17
stats: {freemem,"os_mon@test4"} 1 758.046875 0.0 1448.0625 758.046875 1198.7364430147059 17
stats: {freemem,"os_mon@myserver"} 1 2139.1484375 0.0 2149.23828125 2131.48828125 2141.092830882353 17
stats: {recvpackets,"os_mon@test2"} 1 17734.0 0.0 17734 3586 11610.875 16
stats: {sentpackets,"os_mon@test2"} 1 13490.0 0.0 13490 2500 8348.25 16
stats: {load,"os_mon@test3"} 1 1.8515625 0.0 1.921875 0.6015625 1.1587775735294117 17
stats: {cpu,"os_mon@test2"} 1 38.70101986044015 0.0 43.50949204720369 2.053079619429144 27.4448012459318 17
stats: {freemem,"os_mon@test3"} 1 741.2109375 0.0 1500.83203125 741.2109375 1207.05078125 17
stats: {recvpackets,"os_mon@test4"} 1 17928.0 0.0 17928 3584 11577.4375 16
stats: {sentpackets,"os_mon@test4"} 1 13586.0 0.0 13586 2497 8323.8125 16
stats: {cpu,"os_mon@test4"} 1 27.229044313934864 0.0 45.80917237743806 1.6 26.073097017241352 17
stats: {load,"os_mon@myserver"} 1 0.7890625 0.0 2.83984375 0.7890625 1.54296875 17
stats: {recvpackets,"os_mon@myserver"} 1 17848.0 0.0 17848 3676 11738.4375 16
stats: {sentpackets,"os_mon@myserver"} 1 13514.0 0.0 13514 2563 8442.8125 16
stats: {cpu,"os_mon@myserver"} 1 11.418598853153828 0.0 42.66824085005903 1.3596716264751154 13.99555134831786 17
stats: session 115 118331.91231742527 37368.52910120115 147848.44897460938 18.18115234375 17423.706421754705 5845
stats: users_count 3633 50826
stats: finish_users_count 115 5960
stats: request 7358 14336.140635053622 12523.050157469448 134471.97802734375 1.18994140625 7731.414220300405 127468
stats: page 104 129436.61194551908 15951.28664396567 147846.544921875 16.574951171875 17421.693046816523 5845
stats: connect 7697 5163.416018035652 8063.402388692043 32758.412109375 0.3388671875 2036.1223924258327 135367
stats: error_unknown 11 11
stats: 200 5595 116628
stats: size_rcv 697470 15066452
stats: newphase 6 91
stats: size_sent 1022123 18989536
stats: connected 339 8238
stats: error_connect_etimedout 2895 16122
# stats: dump at 1338908970
stats: users 48468 48469
stats: {load,"os_mon@test2"} 1 0.921875 0.0 4.55078125 0.921875 2.3138020833333335 18
stats: {recvpackets,"os_mon@test3"} 1 16866.0 0.0 17674 3569 11968.35294117647 17
stats: {sentpackets,"os_mon@test3"} 1 12928.0 0.0 13389 2485 8645.411764705883 17
stats: {freemem,"os_mon@test2"} 1 804.30078125 0.0 1520.96875 804.30078125 1264.974609375 18
stats: {cpu,"os_mon@test3"} 1 36.92390139335477 0.0 38.760504201680675 2.6091319618665327 27.931627150413707 18
stats: {load,"os_mon@test4"} 1 0.30078125 0.0 1.58984375 0.30078125 0.8847656249999998 18
stats: {freemem,"os_mon@test4"} 1 702.078125 0.0 1448.0625 702.078125 1174.253689236111 18
stats: {freemem,"os_mon@myserver"} 1 2141.33203125 0.0 2149.23828125 2131.48828125 2140.984809027778 18
stats: {recvpackets,"os_mon@test2"} 1 16879.0 0.0 17734 3586 11971.058823529413 17
stats: {sentpackets,"os_mon@test2"} 1 12876.0 0.0 13490 2500 8650.70588235294 17
stats: {load,"os_mon@test3"} 1 2.078125 0.0 2.078125 0.6015625 1.197265625 18
stats: {cpu,"os_mon@test2"} 1 30.96392030156166 0.0 43.50949204720369 2.053079619429144 28.070146724515595 18
stats: {freemem,"os_mon@test3"} 1 670.11328125 0.0 1500.83203125 670.11328125 1181.1707899305557 18
stats: {recvpackets,"os_mon@test4"} 1 16796.0 0.0 17928 3584 11951.0 17
stats: {sentpackets,"os_mon@test4"} 1 12901.0 0.0 13586 2497 8633.35294117647 17
stats: {cpu,"os_mon@test4"} 1 35.46850185283218 0.0 45.80917237743806 1.6 26.137316311502104 18
stats: {load,"os_mon@myserver"} 1 0.671875 0.0 2.83984375 0.671875 1.5010850694444444 18
stats: {recvpackets,"os_mon@myserver"} 1 18669.0 0.0 18669 3676 12097.823529411764 17
stats: {sentpackets,"os_mon@myserver"} 1 14272.0 0.0 14272 2563 8741.117647058823 17
stats: {cpu,"os_mon@myserver"} 1 9.20951650038373 0.0 42.66824085005903 1.3596716264751154 13.852387320808749 18
stats: session 109 133469.9176686138 22980.834701095704 158704.72583007813 18.18115234375 19370.76073014432 5960
stats: users_count 3711 54537
stats: finish_users_count 109 6069
stats: request 6443 16493.845932601318 12125.068814496783 134471.97802734375 1.18994140625 8091.860847506983 134826
stats: page 95 133333.6394839638 23094.819207868943 158702.708984375 16.574951171875 19379.92998839747 5949
stats: connect 6065 5564.998125249565 8883.560256168483 32758.412109375 0.3388671875 2204.374217038026 143064
stats: error_unknown 0 11
stats: 200 3677 120305
stats: size_rcv 455412 15521864
stats: newphase 6 97
stats: size_sent 805035 19794571
stats: connected -378 7860
stats: error_connect_etimedout 2635 18757
# stats: dump at 1338908980
stats: users 52235 52235
stats: {load,"os_mon@test2"} 1 0.94140625 0.0 4.55078125 0.921875 2.2405427631578947 19
stats: {recvpackets,"os_mon@test3"} 1 19786.0 0.0 19786 3569 12240.444444444445 18
stats: {sentpackets,"os_mon@test3"} 1 15001.0 0.0 15001 2485 8883.333333333334 18
stats: {freemem,"os_mon@test2"} 1 753.21875 0.0 1520.96875 753.21875 1240.7286184210527 19
stats: {cpu,"os_mon@test3"} 1 44.58945078847199 0.0 44.58945078847199 2.6091319618665327 28.404904742147448 19
stats: {load,"os_mon@test4"} 1 0.328125 0.0 1.58984375 0.30078125 0.8540296052631577 19
stats: {freemem,"os_mon@test4"} 1 627.984375 0.0 1448.0625 627.984375 1149.40234375 19
stats: {freemem,"os_mon@myserver"} 1 2144.55859375 0.0 2149.23828125 2131.48828125 2141.0030838815787 19
stats: {recvpackets,"os_mon@test2"} 1 19946.0 0.0 19946 3586 12243.722222222223 18
stats: {sentpackets,"os_mon@test2"} 1 15114.0 0.0 15114 2500 8885.444444444445 18
stats: {load,"os_mon@test3"} 1 2.87109375 0.0 2.87109375 0.6015625 1.243626644736842 19
stats: {cpu,"os_mon@test2"} 1 36.38275499474238 0.0 43.50949204720369 2.053079619429144 28.222450596991706 19
stats: {freemem,"os_mon@test3"} 1 583.91015625 0.0 1500.83203125 583.91015625 1154.2730263157894 19
stats: {recvpackets,"os_mon@test4"} 1 19761.0 0.0 19761 3584 12220.166666666666 18
stats: {sentpackets,"os_mon@test4"} 1 1.47e4 0.0 14700 2497 8870.444444444445 18
stats: {cpu,"os_mon@test4"} 1 38.18280151433207 0.0 45.80917237743806 1.6 26.62843133999316 19
stats: {load,"os_mon@myserver"} 1 0.640625 0.0 2.83984375 0.640625 1.4574424342105263 19
stats: {recvpackets,"os_mon@myserver"} 1 19044.0 0.0 19044 3676 12462.888888888889 18
stats: {sentpackets,"os_mon@myserver"} 1 14263.0 0.0 14272 2563 9048.388888888889 18
stats: {cpu,"os_mon@myserver"} 1 10.668708524757529 0.0 42.66824085005903 1.3596716264751154 13.608025698681116 19
stats: session 60 145391.02379557292 19483.40256961076 169042.71801757813 18.18115234375 21419.995877004294 6069
stats: users_count 3827 58364
stats: finish_users_count 60 6129
stats: request 5635 21167.094523797885 17323.484521126047 137254.8671875 1.18994140625 8475.058788338041 141269
stats: page 73 141987.70604465433 22190.545102633638 169040.63818359375 16.574951171875 21171.06208668979 6044
stats: connect 4934 7218.674141539411 10882.306243819625 32758.412109375 0.3388671875 2341.049069033969 149129
stats: error_unknown 0 11
stats: 200 2241 122546
stats: size_rcv 291668 15813532
stats: newphase 6 103
stats: size_sent 655154 20449725
stats: connected -701 7159
stats: error_connect_etimedout 3954 22711
stats: error_abort 1 1
EndMonitor:{1338,908980,510092}
