# stats: dump at 1338914815
stats: users 0 0
stats: {freemem,"os_mon@myserver"} 1 1097.67578125 0 1097.67578125 1097.67578125 0 0
stats: {load,"os_mon@myserver"} 1 1.1015625 0 1.1015625 1.1015625 0 0
stats: {cpu,"os_mon@myserver"} 1 35.6589233195516 0 35.6589233195516 35.6589233195516 0 0
# stats: dump at 1338914825
stats: users 2 12
stats: {load,"os_mon@test2"} 1 0.96875 0 0.96875 0.96875 0 0
stats: {freemem,"os_mon@test2"} 1 1496.921875 0 1496.921875 1496.921875 0 0
stats: {load,"os_mon@test4"} 1 0.44140625 0 0.44140625 0.44140625 0 0
stats: {cpu,"os_mon@test3"} 1 3.6418816388467374 0 3.6418816388467374 3.6418816388467374 0 0
stats: {freemem,"os_mon@test4"} 1 1420.3359375 0 1420.3359375 1420.3359375 0 0
stats: {freemem,"os_mon@myserver"} 1 1095.59765625 0.0 1097.67578125 1095.59765625 1097.67578125 1
stats: {load,"os_mon@test3"} 1 0.7890625 0 0.7890625 0.7890625 0 0
stats: {cpu,"os_mon@test2"} 1 2.3653749370910924 0 2.3653749370910924 2.3653749370910924 0 0
stats: {freemem,"os_mon@test3"} 1 1470.74609375 0 1470.74609375 1470.74609375 0 0
stats: {load,"os_mon@myserver"} 1 0.9296875 0.0 1.1015625 0.9296875 1.1015625 1
stats: {recvpackets,"os_mon@myserver"} 1 711 0 711 711 0 0
stats: {sentpackets,"os_mon@myserver"} 1 635 0 635 635 0 0
stats: {cpu,"os_mon@test4"} 1 2.260170768458061 0 2.260170768458061 2.260170768458061 0 0
stats: {cpu,"os_mon@myserver"} 1 2.5246149962130775 0.0 35.6589233195516 2.5246149962130775 35.6589233195516 1
stats: session 627 33.90089487078845 68.88612714103316 1023.47412109375 20.098876953125 0 0
stats: users_count 629 629
stats: finish_users_count 627 627
stats: 200 6065 6065
stats: request 6065 3.0249933178328465 22.049593156125727 999.2919921875 1.298095703125 0 0
stats: page 605 31.8002756166064 70.05455925625543 1021.968994140625 18.157958984375 0 0
stats: connect 6068 1.384840782331497 18.099216362319815 997.651123046875 0.407958984375 0 0
stats: size_rcv 924994 924994
stats: size_sent 804500 804500
stats: connected 3 3
# stats: dump at 1338914835
stats: users 16 50
stats: {load,"os_mon@test2"} 1 0.8203125 0.0 0.96875 0.8203125 0.96875 1
stats: {recvpackets,"os_mon@test3"} 1 3655 0 3655 3655 0 0
stats: {sentpackets,"os_mon@test3"} 1 2527 0 2527 2527 0 0
stats: {freemem,"os_mon@test2"} 1 1498.8203125 0.0 1498.8203125 1496.921875 1496.921875 1
stats: {load,"os_mon@test4"} 1 0.44921875 0.0 0.44921875 0.44140625 0.44140625 1
stats: {cpu,"os_mon@test3"} 1 19.9288256227758 0.0 19.9288256227758 3.6418816388467374 3.6418816388467374 1
stats: {freemem,"os_mon@test4"} 1 1420.4765625 0.0 1420.4765625 1420.3359375 1420.3359375 1
stats: {freemem,"os_mon@myserver"} 1 1095.85546875 0.0 1097.67578125 1095.59765625 1096.63671875 2
stats: {recvpackets,"os_mon@test2"} 1 3678 0 3678 3678 0 0
stats: {sentpackets,"os_mon@test2"} 1 2538 0 2538 2538 0 0
stats: {load,"os_mon@test3"} 1 0.671875 0.0 0.7890625 0.671875 0.7890625 1
stats: {cpu,"os_mon@test2"} 1 17.72406847935549 0.0 17.72406847935549 2.3653749370910924 2.3653749370910924 1
stats: {recvpackets,"os_mon@test4"} 1 3651 0 3651 3651 0 0
stats: {sentpackets,"os_mon@test4"} 1 2521 0 2521 2521 0 0
stats: {freemem,"os_mon@test3"} 1 1473.43359375 0.0 1473.43359375 1470.74609375 1470.74609375 1
stats: {load,"os_mon@myserver"} 1 0.7890625 0.0 1.1015625 0.7890625 1.015625 2
stats: {recvpackets,"os_mon@myserver"} 1 3838.0 0.0 3838 711 711.0 1
stats: {sentpackets,"os_mon@myserver"} 1 2643.0 0.0 2643 635 635.0 1
stats: {cpu,"os_mon@test4"} 1 12.038442083965604 0.0 12.038442083965604 2.260170768458061 2.260170768458061 1
stats: {cpu,"os_mon@myserver"} 1 25.153374233128833 0.0 35.6589233195516 2.5246149962130775 19.091769157882336 2
stats: session 1556 86.33164401409861 214.63515535226475 2190.4990234375 19.97314453125 33.90089487078845 627
stats: users_count 1570 2199
stats: finish_users_count 1556 2183
stats: request 15490 8.088039678446798 61.933632757933125 1847.57177734375 1.263916015625 3.0249933178328465 6065
stats: page 1545 79.675037292678 198.96285706037722 2188.97900390625 18.157958984375 31.8002756166064 605
stats: connect 15494 3.785297559740864 51.320550195440184 1005.740966796875 0.39404296875 1.384840782331497 6068
stats: 200 15492 21557
stats: size_rcv 2280278 3205272
stats: newphase 6 6
stats: size_sent 2057754 2862254
stats: connected 4 7
# stats: dump at 1338914845
stats: users 324 325
stats: {load,"os_mon@test2"} 1 0.78125 0.0 0.96875 0.78125 0.89453125 2
stats: {recvpackets,"os_mon@test3"} 1 7682.0 0.0 7682 3655 3655.0 1
stats: {sentpackets,"os_mon@test3"} 1 5139.0 0.0 5139 2527 2527.0 1
stats: {freemem,"os_mon@test2"} 1 1498.765625 0.0 1498.8203125 1496.921875 1497.87109375 2
stats: {load,"os_mon@test4"} 1 0.4609375 0.0 0.4609375 0.44140625 0.4453125 2
stats: {cpu,"os_mon@test3"} 1 37.840616966580974 0.0 37.840616966580974 3.6418816388467374 11.785353630811269 2
stats: {freemem,"os_mon@test4"} 1 1419.71875 0.0 1420.4765625 1419.71875 1420.40625 2
stats: {freemem,"os_mon@myserver"} 1 1095.63671875 0.0 1097.67578125 1095.59765625 1096.3763020833333 3
stats: {recvpackets,"os_mon@test2"} 1 7702.0 0.0 7702 3678 3678.0 1
stats: {sentpackets,"os_mon@test2"} 1 5154.0 0.0 5154 2538 2538.0 1
stats: {load,"os_mon@test3"} 1 0.71875 0.0 0.7890625 0.671875 0.73046875 2
stats: {cpu,"os_mon@test2"} 1 33.16248077908765 0.0 33.16248077908765 2.3653749370910924 10.044721708223292 2
stats: {recvpackets,"os_mon@test4"} 1 7674.0 0.0 7674 3651 3651.0 1
stats: {sentpackets,"os_mon@test4"} 1 5133.0 0.0 5133 2521 2521.0 1
stats: {freemem,"os_mon@test3"} 1 1473.16796875 0.0 1473.43359375 1470.74609375 1472.08984375 2
stats: {load,"os_mon@myserver"} 1 0.91015625 0.0 1.1015625 0.7890625 0.9401041666666666 3
stats: {recvpackets,"os_mon@myserver"} 1 7855.0 0.0 7855 711 2274.5 2
stats: {sentpackets,"os_mon@myserver"} 1 5255.0 0.0 5255 635 1639.0 2
stats: {cpu,"os_mon@test4"} 1 32.243229432805315 0.0 32.243229432805315 2.260170768458061 7.149306426211833 2
stats: {cpu,"os_mon@myserver"} 1 52.98047276464543 0.0 52.98047276464543 2.5246149962130775 21.112304182964504 3
stats: session 2240 346.8905569893973 490.7752169139756 2857.4140625 19.18310546875 71.27251450752257 2183
stats: users_count 2548 4747
stats: finish_users_count 2240 4423
stats: request 23133 34.26980611268269 134.9790854530718 2020.33984375 1.263916015625 6.663433963896874 21555
stats: page 2200 319.9392826704546 465.35018555821085 2855.919921875 17.641845703125 66.20330203034158 2150
stats: connect 23248 19.361391554515453 125.2083859160349 2059.2060546875 0.39404296875 3.1097585686769533 21562
stats: 200 23135 44692
stats: size_rcv 3201216 6406488
stats: newphase 6 12
stats: size_sent 3087432 5949686
stats: connected 115 122
# stats: dump at 1338914855
stats: users 1461 1461
stats: {load,"os_mon@test2"} 1 0.890625 0.0 0.96875 0.78125 0.8567708333333334 3
stats: {recvpackets,"os_mon@test3"} 1 11377.0 0.0 11377 3655 5668.5 2
stats: {sentpackets,"os_mon@test3"} 1 7629.0 0.0 7629 2527 3833.0 2
stats: {freemem,"os_mon@test2"} 1 1494.6953125 0.0 1498.8203125 1494.6953125 1498.1692708333333 3
stats: {load,"os_mon@test4"} 1 0.62109375 0.0 0.62109375 0.44140625 0.4505208333333333 3
stats: {cpu,"os_mon@test3"} 1 49.55706096925482 0.0 49.55706096925482 3.6418816388467374 20.47044140940117 3
stats: {freemem,"os_mon@test4"} 1 1416.26171875 0.0 1420.4765625 1416.26171875 1420.1770833333333 3
stats: {freemem,"os_mon@myserver"} 1 1094.6640625 0.0 1097.67578125 1094.6640625 1096.19140625 4
stats: {recvpackets,"os_mon@test2"} 1 11372.0 0.0 11372 3678 5690.0 2
stats: {sentpackets,"os_mon@test2"} 1 7624.0 0.0 7624 2538 3846.0 2
stats: {load,"os_mon@test3"} 1 0.69140625 0.0 0.7890625 0.671875 0.7265625 3
stats: {cpu,"os_mon@test2"} 1 51.011935651271415 0.0 51.011935651271415 2.3653749370910924 17.750641398511412 3
stats: {recvpackets,"os_mon@test4"} 1 11382.0 0.0 11382 3651 5662.5 2
stats: {sentpackets,"os_mon@test4"} 1 7632.0 0.0 7632 2521 3827.0 2
stats: {freemem,"os_mon@test3"} 1 1470.81640625 0.0 1473.43359375 1470.74609375 1472.44921875 3
stats: {load,"os_mon@myserver"} 1 1.08984375 0.0 1.1015625 0.7890625 0.9326171875 4
stats: {recvpackets,"os_mon@myserver"} 1 12114.0 0.0 12114 711 4134.666666666667 3
stats: {sentpackets,"os_mon@myserver"} 1 8120.0 0.0 8120 635 2844.3333333333335 3
stats: {cpu,"os_mon@test4"} 1 42.96754250386399 0.0 42.96754250386399 2.260170768458061 15.51394742840966 3
stats: {cpu,"os_mon@myserver"} 1 73.6688548504741 0.0 73.6688548504741 2.5246149962130775 29.079346328384734 4
stats: session 2386 2545.9134005780825 1270.6390420595692 8000.2001953125 19.18310546875 210.85750549992576 4423
stats: users_count 3523 8270
stats: finish_users_count 2386 6809
stats: request 28103 272.06267618816395 388.8128624034489 5399.28515625 1.263916015625 20.954031146985447 44688
stats: page 2369 2472.234010695611 1275.929554652511 7998.06884765625 17.641845703125 194.52954511269758 4350
stats: connect 28542 148.22453369157753 324.4689099009503 3442.06396484375 0.39404296875 11.54131321395197 44810
stats: 200 28124 72816
stats: size_rcv 3388148 9794636
stats: newphase 6 18
stats: size_sent 3784002 9733688
stats: connected 439 561
# stats: dump at 1338914865
stats: users 3631 3632
stats: {load,"os_mon@test2"} 1 0.75 0.0 0.96875 0.75 0.865234375 4
stats: {recvpackets,"os_mon@test3"} 1 14105.0 0.0 14105 3655 7571.333333333333 3
stats: {sentpackets,"os_mon@test3"} 1 9459.0 0.0 9459 2527 5098.333333333333 3
stats: {freemem,"os_mon@test2"} 1 1480.1015625 0.0 1498.8203125 1480.1015625 1497.30078125 4
stats: {load,"os_mon@test4"} 1 0.76171875 0.0 0.76171875 0.44140625 0.4931640625 4
stats: {cpu,"os_mon@test3"} 1 56.72113863995782 0.0 56.72113863995782 3.6418816388467374 27.742096299364583 4
stats: {freemem,"os_mon@test4"} 1 1400.23828125 0.0 1420.4765625 1400.23828125 1419.1982421875 4
stats: {freemem,"os_mon@myserver"} 1 1091.51953125 0.0 1097.67578125 1091.51953125 1095.8859375 5
stats: {recvpackets,"os_mon@test2"} 1 14117.0 0.0 14117 3678 7584.0 3
stats: {sentpackets,"os_mon@test2"} 1 9465.0 0.0 9465 2538 5105.333333333333 3
stats: {load,"os_mon@test3"} 1 0.890625 0.0 0.890625 0.671875 0.7177734375 4
stats: {cpu,"os_mon@test2"} 1 54.35233160621762 0.0 54.35233160621762 2.3653749370910924 26.06596496170141 4
stats: {recvpackets,"os_mon@test4"} 1 14098.0 0.0 14098 3651 7569.0 3
stats: {sentpackets,"os_mon@test4"} 1 9454.0 0.0 9454 2521 5095.333333333333 3
stats: {freemem,"os_mon@test3"} 1 1452.62109375 0.0 1473.43359375 1452.62109375 1472.041015625 4
stats: {load,"os_mon@myserver"} 1 1.4609375 0.0 1.4609375 0.7890625 0.9640625 5
stats: {recvpackets,"os_mon@myserver"} 1 16048.0 0.0 16048 711 6129.5 4
stats: {sentpackets,"os_mon@myserver"} 1 10764.0 0.0 10764 635 4163.25 4
stats: {cpu,"os_mon@test4"} 1 53.17708333333333 0.0 53.17708333333333 2.260170768458061 22.37734619727324 4
stats: {cpu,"os_mon@myserver"} 1 80.36529680365297 0.0 80.36529680365297 2.5246149962130775 37.99724803280261 5
stats: session 2124 5631.061218721505 1995.1500338720364 16570.52685546875 19.18310546875 1029.1044383324243 6809
stats: users_count 4294 12564
stats: finish_users_count 2124 8933
stats: request 29215 693.5582381729471 748.4077659336203 14855.555908203125 1.263916015625 117.90154185012511 72791
stats: page 2160 5481.948192455137 2000.85371674616 16569.327880859375 17.641845703125 997.6076637264676 6719
stats: connect 30810 338.3172495058557 465.2214761455565 4637.7890625 0.39404296875 64.72612724591276 73352
stats: 200 28856 101672
stats: size_rcv 3356676 13151312
stats: newphase 6 24
stats: error_connect_eaddrinuse 1 1
stats: size_sent 4088294 13821982
stats: connected 1589 2150
# stats: dump at 1338914875
stats: users 4162 4607
stats: {load,"os_mon@test2"} 1 0.94140625 0.0 0.96875 0.75 0.8421875 5
stats: {recvpackets,"os_mon@test3"} 1 16309.0 0.0 16309 3655 9204.75 4
stats: {sentpackets,"os_mon@test3"} 1 10950.0 0.0 10950 2527 6188.5 4
stats: {freemem,"os_mon@test2"} 1 1445.24609375 0.0 1498.8203125 1445.24609375 1493.8609375 5
stats: {load,"os_mon@test4"} 1 0.80078125 0.0 0.80078125 0.44140625 0.546875 5
stats: {cpu,"os_mon@test3"} 1 58.761249338274226 0.0 58.761249338274226 3.6418816388467374 33.53790476748323 5
stats: {freemem,"os_mon@test4"} 1 1367.96875 0.0 1420.4765625 1367.96875 1415.40625 5
stats: {freemem,"os_mon@myserver"} 1 1080.9765625 0.0 1097.67578125 1080.9765625 1095.158203125 6
stats: {recvpackets,"os_mon@test2"} 1 16307.0 0.0 16307 3678 9217.25 4
stats: {sentpackets,"os_mon@test2"} 1 10954.0 0.0 10954 2538 6195.25 4
stats: {load,"os_mon@test3"} 1 1.140625 0.0 1.140625 0.671875 0.75234375 5
stats: {cpu,"os_mon@test2"} 1 59.3011305241521 0.0 59.3011305241521 2.3653749370910924 31.723238290604648 5
stats: {recvpackets,"os_mon@test4"} 1 16303.0 0.0 16303 3651 9201.25 4
stats: {sentpackets,"os_mon@test4"} 1 10947.0 0.0 10947 2521 6185.0 4
stats: {freemem,"os_mon@test3"} 1 1413.90234375 0.0 1473.43359375 1413.90234375 1468.15703125 5
stats: {load,"os_mon@myserver"} 1 1.8515625 0.0 1.8515625 0.7890625 1.046875 6
stats: {recvpackets,"os_mon@myserver"} 1 17689.0 0.0 17689 711 8113.2 5
stats: {sentpackets,"os_mon@myserver"} 1 12158.0 0.0 12158 635 5483.4 5
stats: {cpu,"os_mon@test4"} 1 55.76036866359447 0.0 55.76036866359447 2.260170768458061 28.537293624485255 5
stats: {cpu,"os_mon@myserver"} 1 81.36246786632391 0.0 81.36246786632391 2.5246149962130775 45.058589494611 6
stats: session 2562 9756.424064546884 3035.1801524312773 26030.301025390625 19.18310546875 2123.3120059520825 8933
stats: users_count 3093 15657
stats: finish_users_count 2562 11495
stats: request 30841 1165.5841282898011 1410.5849977973737 23110.471923828125 1.263916015625 282.77233751970573 102006
stats: page 2473 9610.937511747972 2989.741814113108 26028.958984375 17.641845703125 2088.5160477847994 8879
stats: connect 31607 434.1351888216514 637.9248659074406 8693.68408203125 0.39404296875 145.65144047750243 104162
stats: 200 28832 130504
stats: size_rcv 3432272 16583584
stats: newphase 6 30
stats: error_connect_eaddrinuse 0 1
stats: size_sent 4222873 18044855
stats: connected 779 2929
# stats: dump at 1338914885
stats: users 4435 4610
stats: {load,"os_mon@test2"} 1 0.94921875 0.0 0.96875 0.75 0.8587239583333334 6
stats: {recvpackets,"os_mon@test3"} 1 12618.0 0.0 16309 3655 10625.6 5
stats: {sentpackets,"os_mon@test3"} 1 9216.0 0.0 10950 2527 7140.8 5
stats: {freemem,"os_mon@test2"} 1 1401.234375 0.0 1498.8203125 1401.234375 1485.7584635416667 6
stats: {load,"os_mon@test4"} 1 0.828125 0.0 0.828125 0.44140625 0.5891927083333334 6
stats: {cpu,"os_mon@test3"} 1 64.9581589958159 0.0 64.9581589958159 3.6418816388467374 37.741795529281724 6
stats: {freemem,"os_mon@test4"} 1 1352.45703125 0.0 1420.4765625 1352.45703125 1407.5 6
stats: {freemem,"os_mon@myserver"} 1 1070.43359375 0.0 1097.67578125 1070.43359375 1093.1322544642858 7
stats: {recvpackets,"os_mon@test2"} 1 12607.0 0.0 16307 3678 10635.2 5
stats: {sentpackets,"os_mon@test2"} 1 9208.0 0.0 10954 2538 7147.0 5
stats: {load,"os_mon@test3"} 1 1.109375 0.0 1.140625 0.671875 0.8170572916666666 6
stats: {cpu,"os_mon@test2"} 1 65.38065843621399 0.0 65.38065843621399 2.3653749370910924 36.31955366286255 6
stats: {recvpackets,"os_mon@test4"} 1 12619.0 0.0 16303 3651 10621.6 5
stats: {sentpackets,"os_mon@test4"} 1 9218.0 0.0 10947 2521 7137.4 5
stats: {freemem,"os_mon@test3"} 1 1358.96484375 0.0 1473.43359375 1358.96484375 1459.1145833333333 6
stats: {load,"os_mon@myserver"} 1 2.328125 0.0 2.328125 0.7890625 1.1618303571428572 7
stats: {recvpackets,"os_mon@myserver"} 1 15981.0 0.0 17689 711 9709.166666666666 6
stats: {sentpackets,"os_mon@myserver"} 1 11657.0 0.0 12158 635 6595.833333333333 6
stats: {cpu,"os_mon@test4"} 1 48.38212634822804 0.0 55.76036866359447 2.260170768458061 33.074472797670126 6
stats: {cpu,"os_mon@myserver"} 1 81.41986879100281 0.0 81.41986879100281 2.5246149962130775 50.24485783342713 7
stats: session 2845 11953.48238068433 4960.95478122914 34075.764892578125 19.18310546875 3824.576302961206 11495
stats: users_count 3118 18775
stats: finish_users_count 2845 14340
stats: request 29395 1304.5851743975486 2119.3094987443824 28950.8701171875 1.263916015625 487.7208756059291 132847
stats: page 2900 11878.549798626067 4806.520989718531 32551.48095703125 17.641845703125 3727.253563674592 11352
stats: connect 29728 326.1826378747371 532.0174926372154 15193.206787109375 0.39404296875 212.81040779635666 135769
stats: 200 28039 158543
stats: size_rcv 3400998 19984582
stats: newphase 6 36
stats: error_connect_eaddrinuse 2 3
stats: size_sent 3913624 21958479
stats: connected 283 3212
# stats: dump at 1338914895
stats: users 5658 5804
stats: {load,"os_mon@test2"} 1 1.26953125 0.0 1.26953125 0.75 0.8716517857142857 7
stats: {recvpackets,"os_mon@test3"} 1 14243.0 0.0 16309 3655 10957.666666666666 6
stats: {sentpackets,"os_mon@test3"} 1 10330.0 0.0 10950 2527 7486.666666666667 6
stats: {freemem,"os_mon@test2"} 1 1349.76171875 0.0 1498.8203125 1349.76171875 1473.68359375 7
stats: {load,"os_mon@test4"} 1 0.9296875 0.0 0.9296875 0.44140625 0.6233258928571429 7
stats: {cpu,"os_mon@test3"} 1 55.63086548488009 0.0 64.9581589958159 3.6418816388467374 41.62984745307232 7
stats: {freemem,"os_mon@test4"} 1 1328.546875 0.0 1420.4765625 1328.546875 1399.63671875 7
stats: {freemem,"os_mon@myserver"} 1 1063.578125 0.0 1097.67578125 1063.578125 1090.294921875 8
stats: {recvpackets,"os_mon@test2"} 1 14295.0 0.0 16307 3678 10963.833333333334 6
stats: {sentpackets,"os_mon@test2"} 1 10364.0 0.0 10954 2538 7490.5 6
stats: {load,"os_mon@test3"} 1 1.1015625 0.0 1.140625 0.671875 0.8588169642857143 7
stats: {cpu,"os_mon@test2"} 1 68.57727737973389 0.0 68.57727737973389 2.3653749370910924 40.47114005905562 7
stats: {recvpackets,"os_mon@test4"} 1 14201.0 0.0 16303 3651 10954.5 6
stats: {sentpackets,"os_mon@test4"} 1 10301.0 0.0 10947 2521 7484.166666666667 6
stats: {freemem,"os_mon@test3"} 1 1352.28125 0.0 1473.43359375 1352.28125 1444.8074776785713 7
stats: {load,"os_mon@myserver"} 1 2.6484375 0.0 2.6484375 0.7890625 1.3076171875 8
stats: {recvpackets,"os_mon@myserver"} 1 16063.0 0.0 17689 711 10605.142857142857 7
stats: {sentpackets,"os_mon@myserver"} 1 11614.0 0.0 12158 635 7318.857142857143 7
stats: {cpu,"os_mon@test4"} 1 56.90721649484536 0.0 56.90721649484536 2.260170768458061 35.261280447749826 7
stats: {cpu,"os_mon@myserver"} 1 80.08228460793805 0.0 81.41986879100281 2.5246149962130775 54.14173420312409 8
stats: session 2635 13237.601095992202 7240.129832880271 44301.296875 19.18310546875 5437.319524099441 14340
stats: users_count 3858 22633
stats: finish_users_count 2635 16975
stats: request 29556 1436.2726778027109 2528.640424703101 45079.069091796875 1.263916015625 635.7203212672231 162242
stats: page 2635 13207.887671500675 7225.888360595203 44299.74609375 17.641845703125 5385.881060261687 14252
stats: connect 30802 313.91282434353747 453.51148382959127 16484.14501953125 0.39404296875 233.17530659071602 165497
stats: 200 28799 187342
stats: size_rcv 3402438 23387020
stats: newphase 6 42
stats: error_connect_eaddrinuse 1 4
stats: size_sent 4079395 26037874
stats: connected 1172 4384
# stats: dump at 1338914905
stats: users 5456 5804
stats: {load,"os_mon@test2"} 1 1.2890625 0.0 1.2890625 0.75 0.92138671875 8
stats: {recvpackets,"os_mon@test3"} 1 14817.0 0.0 16309 3655 11427.0 7
stats: {sentpackets,"os_mon@test3"} 1 10773.0 0.0 10950 2527 7892.857142857143 7
stats: {freemem,"os_mon@test2"} 1 1325.2890625 0.0 1498.8203125 1325.2890625 1458.193359375 8
stats: {load,"os_mon@test4"} 1 1.1796875 0.0 1.1796875 0.44140625 0.66162109375 8
stats: {cpu,"os_mon@test3"} 1 67.68100734522561 0.0 67.68100734522561 3.6418816388467374 43.37997470704829 8
stats: {freemem,"os_mon@test4"} 1 1279.90234375 0.0 1420.4765625 1279.90234375 1390.75048828125 8
stats: {freemem,"os_mon@myserver"} 0 0 0 1097.67578125 1063.578125 1087.326388888889 9
stats: {recvpackets,"os_mon@test2"} 1 14765.0 0.0 16307 3678 11439.714285714286 7
stats: {sentpackets,"os_mon@test2"} 1 10744.0 0.0 10954 2538 7901.0 7
stats: {load,"os_mon@test3"} 1 1.390625 0.0 1.390625 0.671875 0.88916015625 8
stats: {cpu,"os_mon@test2"} 1 58.281893004115226 0.0 68.57727737973389 2.3653749370910924 43.9844072241404 8
stats: {recvpackets,"os_mon@test4"} 1 14854.0 0.0 16303 3651 11418.285714285714 7
stats: {sentpackets,"os_mon@test4"} 1 1.08e4 0.0 10947 2521 7886.571428571428 7
stats: {freemem,"os_mon@test3"} 1 1307.21484375 0.0 1473.43359375 1307.21484375 1433.24169921875 8
stats: {load,"os_mon@myserver"} 0 0 0 2.6484375 0.7890625 1.4565972222222223 9
stats: {recvpackets,"os_mon@myserver"} 0 0 0 17689 711 11287.375 8
stats: {sentpackets,"os_mon@myserver"} 0 0 0 12158 635 7855.75 8
stats: {cpu,"os_mon@test4"} 1 65.31881804043546 0.0 65.31881804043546 2.260170768458061 37.96702245363677 8
stats: {cpu,"os_mon@myserver"} 0 0 0 81.41986879100281 2.5246149962130775 57.02401758143675 9
stats: session 2902 15224.29364303915 8085.9121430423265 49478.929931640625 19.18310546875 6648.1437916657105 16975
stats: users_count 2700 25333
stats: finish_users_count 2902 19877
stats: request 30304 1721.8601851981982 2911.1722242698665 45079.069091796875 1.263916015625 759.0851397208195 191798
stats: page 2917 15101.91457270954 8037.615207496967 49477.446044921875 17.641845703125 6606.40497928903 16887
stats: connect 29406 324.495092844838 481.2397550922654 16484.14501953125 0.39404296875 245.8441282445319 196299
stats: 200 28621 215963
stats: size_rcv 3424600 26811620
stats: newphase 5 47
stats: error_connect_eaddrinuse 0 4
stats: size_sent 3901310 29939184
stats: connected -910 3474
# stats: dump at 1338914915
stats: users 5099 5804
stats: {load,"os_mon@test2"} 1 1.3203125 0.0 1.3203125 0.75 0.9622395833333334 9
stats: {recvpackets,"os_mon@test3"} 1 13801.0 0.0 16309 3655 11850.75 8
stats: {sentpackets,"os_mon@test3"} 1 10308.0 0.0 10950 2527 8252.875 8
stats: {freemem,"os_mon@test2"} 1 1310.015625 0.0 1498.8203125 1310.015625 1443.4262152777778 9
stats: {load,"os_mon@test4"} 1 1.30078125 0.0 1.30078125 0.44140625 0.7191840277777778 9
stats: {cpu,"os_mon@test3"} 1 77.04580545548122 0.0 77.04580545548122 3.6418816388467374 46.08008944462355 9
stats: {freemem,"os_mon@test4"} 1 1253.359375 0.0 1420.4765625 1253.359375 1378.4340277777778 9
stats: {freemem,"os_mon@myserver"} 1 1058.16015625 0.0 1097.67578125 1058.16015625 1087.326388888889 9
stats: {recvpackets,"os_mon@test2"} 1 13769.0 0.0 16307 3678 11855.375 8
stats: {sentpackets,"os_mon@test2"} 1 10283.0 0.0 10954 2538 8256.375 8
stats: {load,"os_mon@test3"} 1 1.7890625 0.0 1.7890625 0.671875 0.9448784722222222 9
stats: {cpu,"os_mon@test2"} 1 46.01036269430052 0.0 68.57727737973389 2.3653749370910924 45.57301675524871 9
stats: {recvpackets,"os_mon@test4"} 1 13819.0 0.0 16303 3651 11847.75 8
stats: {sentpackets,"os_mon@test4"} 1 10316.0 0.0 10947 2521 8250.75 8
stats: {freemem,"os_mon@test3"} 1 1234.72265625 0.0 1473.43359375 1234.72265625 1419.2387152777778 9
stats: {load,"os_mon@myserver"} 1 2.9296875 0.0 2.9296875 0.7890625 1.4565972222222223 9
stats: {recvpackets,"os_mon@myserver"} 1 14669.0 0.0 17689 711 11287.375 8
stats: {sentpackets,"os_mon@myserver"} 1 10931.0 0.0 12158 635 7855.75 8
stats: {cpu,"os_mon@test4"} 1 62.33090530697191 0.0 65.31881804043546 2.260170768458061 41.00611085216996 9
stats: {cpu,"os_mon@myserver"} 1 79.33529278770065 0.0 81.41986879100281 2.5246149962130775 57.02401758143675 9
stats: session 2681 16966.074125774405 9356.142381391273 59587.719970703125 19.18310546875 7900.2435486051745 19877
stats: users_count 2324 27657
stats: finish_users_count 2681 22558
stats: request 25544 1916.015137397343 3436.7252029598426 53933.705078125 1.263916015625 890.4479143835712 222102
stats: page 2668 16793.4732172793 9275.63704275744 59586.23193359375 17.641845703125 7857.738118251241 19804
stats: connect 25400 366.985502189573 550.8235536187807 16484.14501953125 0.39404296875 256.09117755684935 225705
stats: 200 24656 240619
stats: size_rcv 2824020 29635640
stats: newphase 3 50
stats: error_connect_eaddrinuse 0 4
stats: size_sent 3370800 33309984
stats: connected -144 3330
# stats: dump at 1338914925
stats: users 5918 6117
stats: {load,"os_mon@test2"} 1 1.421875 0.0 1.421875 0.75 0.998046875 10
stats: {recvpackets,"os_mon@test3"} 1 11766.0 0.0 16309 3655 12067.444444444445 9
stats: {sentpackets,"os_mon@test3"} 1 9050.0 0.0 10950 2527 8481.222222222223 9
stats: {freemem,"os_mon@test2"} 1 1269.625 0.0 1498.8203125 1269.625 1430.08515625 10
stats: {load,"os_mon@test4"} 1 1.26171875 0.0 1.30078125 0.44140625 0.77734375 10
stats: {cpu,"os_mon@test3"} 1 54.12558380902958 0.0 77.04580545548122 3.6418816388467374 49.176661045709324 10
stats: {freemem,"os_mon@test4"} 1 1234.0859375 0.0 1420.4765625 1234.0859375 1365.9265625 10
stats: {freemem,"os_mon@myserver"} 1 1058.5625 0.0 1097.67578125 1058.16015625 1084.409765625 10
stats: {recvpackets,"os_mon@test2"} 1 11832.0 0.0 16307 3678 12068.0 9
stats: {sentpackets,"os_mon@test2"} 1 9093.0 0.0 10954 2538 8481.555555555555 9
stats: {load,"os_mon@test3"} 1 1.73828125 0.0 1.7890625 0.671875 1.029296875 10
stats: {cpu,"os_mon@test2"} 1 62.596203181118526 0.0 68.57727737973389 2.3653749370910924 45.61675134915389 10
stats: {recvpackets,"os_mon@test4"} 1 11707.0 0.0 16303 3651 12066.777777777777 9
stats: {sentpackets,"os_mon@test4"} 1 9010.0 0.0 10947 2521 8480.222222222223 9
stats: {freemem,"os_mon@test3"} 1 1227.65625 0.0 1473.43359375 1227.65625 1400.787109375 10
stats: {load,"os_mon@myserver"} 1 3.08984375 0.0 3.08984375 0.7890625 1.60390625 10
stats: {recvpackets,"os_mon@myserver"} 1 14028.0 0.0 17689 711 11663.111111111111 9
stats: {sentpackets,"os_mon@myserver"} 1 10665.0 0.0 12158 635 8197.444444444445 9
stats: {cpu,"os_mon@test4"} 1 53.49075975359343 0.0 65.31881804043546 2.260170768458061 43.138590297650154 10
stats: {cpu,"os_mon@myserver"} 1 68.3765067966145 0.0 81.41986879100281 2.5246149962130775 59.25514510206314 10
stats: session 2834 19041.12308124762 11007.703785652106 62535.409912109375 19.18310546875 8977.710158118018 22558
stats: users_count 3653 31310
stats: finish_users_count 2834 25392
stats: 200 28528 269147
stats: connect 31385 295.8120175684801 474.8804141603194 16484.14501953125 0.39404296875 267.30846054871006 251105
stats: page 2877 19071.946303488603 10939.609046267391 61135.117919921875 17.641845703125 8918.63796001908 22472
stats: request 30088 1843.7593932391412 3595.3179828325087 53933.705078125 1.263916015625 996.2323370863961 247646
stats: size_rcv 3545894 33181534
stats: newphase 6 56
stats: error_connect_eaddrinuse 0 4
stats: size_sent 4165363 37475347
stats: connected 1297 4627
# stats: dump at 1338914935
stats: users 6196 6484
stats: {load,"os_mon@test2"} 1 1.6796875 0.0 1.6796875 0.75 1.0365767045454546 11
stats: {recvpackets,"os_mon@test3"} 1 16088.0 0.0 16309 3655 12037.3 10
stats: {sentpackets,"os_mon@test3"} 1 11854.0 0.0 11854 2527 8538.1 10
stats: {freemem,"os_mon@test2"} 1 1216.8359375 0.0 1498.8203125 1216.8359375 1415.4978693181818 11
stats: {load,"os_mon@test4"} 1 1.37109375 0.0 1.37109375 0.44140625 0.8213778409090909 11
stats: {cpu,"os_mon@test3"} 1 63.08724832214765 0.0 77.04580545548122 3.6418816388467374 49.62656311510207 11
stats: {freemem,"os_mon@test4"} 1 1195.01171875 0.0 1420.4765625 1195.01171875 1353.9410511363637 11
stats: {freemem,"os_mon@myserver"} 1 1047.81640625 0.0 1097.67578125 1047.81640625 1082.0600142045455 11
stats: {recvpackets,"os_mon@test2"} 1 16022.0 0.0 16307 3678 12044.4 10
stats: {sentpackets,"os_mon@test2"} 1 11808.0 0.0 11808 2538 8542.7 10
stats: {load,"os_mon@test3"} 1 1.7109375 0.0 1.7890625 0.671875 1.09375 11
stats: {cpu,"os_mon@test2"} 1 63.77183967112025 0.0 68.57727737973389 2.3653749370910924 47.160337879332495 11
stats: {recvpackets,"os_mon@test4"} 1 16053.0 0.0 16303 3651 12030.8 10
stats: {sentpackets,"os_mon@test4"} 1 11796.0 0.0 11796 2521 8533.2 10
stats: {freemem,"os_mon@test3"} 1 1176.0546875 0.0 1473.43359375 1176.0546875 1385.047940340909 11
stats: {load,"os_mon@myserver"} 1 3.16015625 0.0 3.16015625 0.7890625 1.7389914772727273 11
stats: {recvpackets,"os_mon@myserver"} 1 18165.0 0.0 18165 711 11899.6 10
stats: {sentpackets,"os_mon@myserver"} 1 13412.0 0.0 13412 635 8444.2 10
stats: {cpu,"os_mon@test4"} 1 62.083333333333336 0.0 65.31881804043546 2.260170768458061 44.07969661182681 11
stats: {cpu,"os_mon@myserver"} 1 75.52305504773513 0.0 81.41986879100281 2.5246149962130775 60.08435980156781 11
stats: session 2485 18569.58383189763 11414.239548663461 80876.06005859375 19.18310546875 10100.887230587665 25392
stats: users_count 2763 34073
stats: finish_users_count 2485 27877
stats: request 27969 1965.0092049281816 3460.8092196476396 58071.153076171875 1.263916015625 1088.04822590636 277734
stats: page 2468 18670.69566505962 11475.714580092439 80873.5419921875 17.641845703125 10070.99379670541 25349
stats: connect 28262 390.90246717655447 569.4094599252159 16484.14501953125 0.39404296875 270.47524215891036 282490
stats: 200 26081 295228
stats: size_rcv 3054796 36236330
stats: newphase 4 60
stats: error_connect_eaddrinuse 0 4
stats: size_sent 3750386 41225733
stats: connected 293 4920
# stats: dump at 1338914945
stats: users 6633 6784
stats: {load,"os_mon@test2"} 1 1.5703125 0.0 1.6796875 0.75 1.0901692708333333 12
stats: {recvpackets,"os_mon@test3"} 1 15239.0 0.0 16309 3655 12405.545454545454 11
stats: {sentpackets,"os_mon@test3"} 1 11539.0 0.0 11854 2527 8839.545454545454 11
stats: {freemem,"os_mon@test2"} 1 1162.3671875 0.0 1498.8203125 1162.3671875 1398.9427083333333 12
stats: {load,"os_mon@test4"} 1 1.5390625 0.0 1.5390625 0.44140625 0.8671875 12
stats: {cpu,"os_mon@test3"} 1 68.88423258250393 0.0 77.04580545548122 3.6418816388467374 50.74828688235587 12
stats: {freemem,"os_mon@test4"} 1 1157.046875 0.0 1420.4765625 1157.046875 1340.6969401041667 12
stats: {freemem,"os_mon@myserver"} 1 1041.08984375 0.0 1097.67578125 1041.08984375 1079.2063802083333 12
stats: {recvpackets,"os_mon@test2"} 1 15244.0 0.0 16307 3678 12406.0 11
stats: {sentpackets,"os_mon@test2"} 1 11552.0 0.0 11808 2538 8839.545454545454 11
stats: {load,"os_mon@test3"} 1 1.58984375 0.0 1.7890625 0.671875 1.1451822916666667 12
stats: {cpu,"os_mon@test2"} 1 66.61514683153014 0.0 68.57727737973389 2.3653749370910924 48.5446296953148 12
stats: {recvpackets,"os_mon@test4"} 1 15328.0 0.0 16303 3651 12396.454545454546 11
stats: {sentpackets,"os_mon@test4"} 1 11636.0 0.0 11796 2521 8829.818181818182 11
stats: {freemem,"os_mon@test3"} 1 1128.74609375 0.0 1473.43359375 1128.74609375 1367.6318359375 12
stats: {load,"os_mon@myserver"} 1 3.21875 0.0 3.21875 0.7890625 1.857421875 12
stats: {recvpackets,"os_mon@myserver"} 1 20768.0 0.0 20768 711 12469.181818181818 11
stats: {sentpackets,"os_mon@myserver"} 1 16083.0 0.0 16083 635 8895.818181818182 11
stats: {cpu,"os_mon@test4"} 1 67.46237675142709 0.0 67.46237675142709 2.260170768458061 45.57999967195236 12
stats: {cpu,"os_mon@myserver"} 1 80.50675050859996 0.0 81.41986879100281 2.5246149962130775 61.370917738748425 12
stats: session 2836 19125.85344296819 11775.798552809038 81209.6640625 19.18310546875 10855.800279131456 27877
stats: users_count 3273 37346
stats: finish_users_count 2836 30713
stats: request 27514 2055.349746973629 3820.3936873703333 66055.255859375 1.263916015625 1168.2820529288665 305703
stats: page 2837 19024.961182759314 11706.79762371177 81207.416015625 17.641845703125 10833.982767877651 27817
stats: connect 26886 338.2741318197376 489.5225410361136 16484.14501953125 0.39404296875 281.4277516631087 310752
stats: 200 26006 321234
stats: size_rcv 3109794 39346124
stats: newphase 6 66
stats: error_connect_eaddrinuse 0 4
stats: size_sent 3566866 44792599
stats: connected -628 4292
# stats: dump at 1338914955
stats: users 6978 7090
stats: {load,"os_mon@test2"} 1 1.48828125 0.0 1.6796875 0.75 1.1271033653846154 13
stats: {recvpackets,"os_mon@test3"} 1 14870.0 0.0 16309 3655 12641.666666666666 12
stats: {sentpackets,"os_mon@test3"} 1 11469.0 0.0 11854 2527 9064.5 12
stats: {freemem,"os_mon@test2"} 1 1120.83984375 0.0 1498.8203125 1120.83984375 1380.7445913461538 13
stats: {load,"os_mon@test4"} 1 1.62109375 0.0 1.62109375 0.44140625 0.9188701923076923 13
stats: {cpu,"os_mon@test3"} 1 63.28125 0.0 77.04580545548122 3.6418816388467374 52.14335962852111 13
stats: {freemem,"os_mon@test4"} 1 1112.11328125 0.0 1420.4765625 1112.11328125 1326.5700120192307 13
stats: {freemem,"os_mon@myserver"} 1 1034.30078125 0.0 1097.67578125 1034.30078125 1076.2743389423076 13
stats: {recvpackets,"os_mon@test2"} 1 14890.0 0.0 16307 3678 12642.5 12
stats: {sentpackets,"os_mon@test2"} 1 11476.0 0.0 11808 2538 9065.583333333334 12
stats: {load,"os_mon@test3"} 1 1.5703125 0.0 1.7890625 0.671875 1.1793870192307692 13
stats: {cpu,"os_mon@test2"} 1 61.569826707441386 0.0 68.57727737973389 2.3653749370910924 49.93466947502368 13
stats: {recvpackets,"os_mon@test4"} 1 14835.0 0.0 16303 3651 12640.75 12
stats: {sentpackets,"os_mon@test4"} 1 11445.0 0.0 11796 2521 9063.666666666666 12
stats: {freemem,"os_mon@test3"} 1 1077.9765625 0.0 1473.43359375 1077.9765625 1349.2560096153845 13
stats: {load,"os_mon@myserver"} 1 3.69140625 0.0 3.69140625 0.7890625 1.9621394230769231 13
stats: {recvpackets,"os_mon@myserver"} 1 16573.0 0.0 20768 711 13160.75 12
stats: {sentpackets,"os_mon@myserver"} 1 12643.0 0.0 16083 635 9494.75 12
stats: {cpu,"os_mon@test4"} 1 62.41610738255034 0.0 67.46237675142709 2.260170768458061 47.26325944729657 13
stats: {cpu,"os_mon@myserver"} 1 74.60885113991952 0.0 81.41986879100281 2.5246149962130775 62.84290487489084 13
stats: session 2640 20750.571096154457 12456.708699288663 90490.17504882813 19.18310546875 11619.446642972205 30713
stats: users_count 2985 40331
stats: finish_users_count 2640 33353
stats: request 29456 2123.1438968706234 4052.5720159330913 69552.76293945313 1.263916015625 1241.5279573513526 333217
stats: page 2653 20769.071938018315 12475.68948781653 90487.5849609375 17.641845703125 11592.05041852746 30654
stats: connect 30536 404.42607781497975 691.5143729005476 16484.14501953125 0.39404296875 285.9544097314871 337638
stats: 200 28194 349428
stats: size_rcv 3401542 42747666
stats: newphase 6 72
stats: error_connect_eaddrinuse 0 4
stats: size_sent 4052336 48844935
stats: connected 1080 5372
# stats: dump at 1338914965
stats: users 7231 7332
stats: {load,"os_mon@test2"} 1 1.33984375 0.0 1.6796875 0.75 1.1529017857142858 14
stats: {recvpackets,"os_mon@test3"} 1 14209.0 0.0 16309 3655 12813.076923076924 13
stats: {sentpackets,"os_mon@test3"} 1 11039.0 0.0 11854 2527 9249.461538461539 13
stats: {freemem,"os_mon@test2"} 1 1093.86328125 0.0 1498.8203125 1093.86328125 1362.179966517857 14
stats: {load,"os_mon@test4"} 1 1.75 0.0 1.75 0.44140625 0.9690290178571429 14
stats: {cpu,"os_mon@test3"} 1 61.743589743589745 0.0 77.04580545548122 3.6418816388467374 52.93892322648389 14
stats: {freemem,"os_mon@test4"} 1 1051.46875 0.0 1420.4765625 1051.46875 1311.251674107143 14
stats: {freemem,"os_mon@myserver"} 1 1030.03515625 0.0 1097.67578125 1030.03515625 1073.2762276785713 14
stats: {recvpackets,"os_mon@test2"} 1 14218.0 0.0 16307 3678 12815.384615384615 13
stats: {sentpackets,"os_mon@test2"} 1 11046.0 0.0 11808 2538 9251.0 13
stats: {load,"os_mon@test3"} 1 1.5703125 0.0 1.7890625 0.671875 1.2073102678571428 14
stats: {cpu,"os_mon@test2"} 1 61.348430262480704 0.0 68.57727737973389 2.3653749370910924 50.76575213448209 14
stats: {recvpackets,"os_mon@test4"} 1 14228.0 0.0 16303 3651 12809.538461538461 13
stats: {sentpackets,"os_mon@test4"} 1 11051.0 0.0 11796 2521 9246.846153846154 13
stats: {freemem,"os_mon@test3"} 1 1038.4921875 0.0 1473.43359375 1038.4921875 1329.87890625 14
stats: {load,"os_mon@myserver"} 1 3.66015625 0.0 3.69140625 0.7890625 2.085658482142857 14
stats: {recvpackets,"os_mon@myserver"} 1 17856.0 0.0 20768 711 13423.23076923077 13
stats: {sentpackets,"os_mon@myserver"} 1 13631.0 0.0 16083 635 9736.923076923076 13
stats: {cpu,"os_mon@test4"} 1 71.42121524201855 0.0 71.42121524201855 2.260170768458061 48.345605728386126 14
stats: {cpu,"os_mon@myserver"} 1 79.78857286685125 0.0 81.41986879100281 2.5246149962130775 63.68332960810718 14
stats: session 2723 21214.78284861455 13194.898402189483 97852.26708984375 19.18310546875 12342.20527207307 33353
stats: users_count 2976 43307
stats: finish_users_count 2723 36076
stats: request 29145 2223.8960774069574 4315.0692546750615 81809.4677734375 1.263916015625 1313.132072117215 362673
stats: page 2709 21230.457812608154 13210.116613503174 97849.95703125 17.641845703125 12323.027032789005 33307
stats: connect 29164 357.9025528148713 532.5736269842041 16484.14501953125 0.39404296875 295.7803367567456 368174
stats: 200 27439 376867
stats: size_rcv 3267076 46014742
stats: newphase 6 78
stats: error_connect_eaddrinuse 0 4
stats: size_sent 3870732 52715667
stats: connected 19 5391
# stats: dump at 1338914975
stats: users 7846 7945
stats: {load,"os_mon@test2"} 1 1.359375 0.0 1.6796875 0.75 1.1653645833333333 15
stats: {recvpackets,"os_mon@test3"} 1 16111.0 0.0 16309 3655 12912.785714285714 14
stats: {sentpackets,"os_mon@test3"} 1 12368.0 0.0 12368 2527 9377.285714285714 14
stats: {freemem,"os_mon@test2"} 1 1059.4375 0.0 1498.8203125 1059.4375 1344.2921875 15
stats: {load,"os_mon@test4"} 1 1.94140625 0.0 1.94140625 0.44140625 1.02109375 15
stats: {cpu,"os_mon@test3"} 1 73.65145228215768 0.0 77.04580545548122 3.6418816388467374 53.52590099429094 15
stats: {freemem,"os_mon@test4"} 1 1011.51171875 0.0 1420.4765625 1011.51171875 1293.9328125 15
stats: {freemem,"os_mon@myserver"} 0 0 0 1097.67578125 1030.03515625 1070.3934895833331 15
stats: {recvpackets,"os_mon@test2"} 1 16149.0 0.0 16307 3678 12915.57142857143 14
stats: {sentpackets,"os_mon@test2"} 1 12397.0 0.0 12397 2538 9379.214285714286 14
stats: {load,"os_mon@test3"} 1 1.7890625 0.0 1.7890625 0.671875 1.2315104166666666 15
stats: {cpu,"os_mon@test2"} 1 60.09316770186336 0.0 68.57727737973389 2.3653749370910924 51.471264009682 15
stats: {recvpackets,"os_mon@test4"} 1 16063.0 0.0 16303 3651 12910.857142857143 14
stats: {sentpackets,"os_mon@test4"} 1 12330.0 0.0 12330 2521 9375.714285714286 14
stats: {freemem,"os_mon@test3"} 1 960.6875 0.0 1473.43359375 960.6875 1310.453125 15
stats: {load,"os_mon@myserver"} 0 0 0 3.69140625 0.7890625 2.190625 15
stats: {recvpackets,"os_mon@myserver"} 0 0 0 20768 711 13739.857142857143 14
stats: {sentpackets,"os_mon@myserver"} 0 0 0 16083 635 10015.07142857143 14
stats: {cpu,"os_mon@test4"} 1 70.223841749089 0.0 71.42121524201855 2.260170768458061 49.88397969596162 15
stats: {cpu,"os_mon@myserver"} 0 0 0 81.41986879100281 2.5246149962130775 64.75701249202345 15
stats: session 2763 21999.895738522315 14826.263283885395 104240.39892578125 19.18310546875 13011.903374438145 36076
stats: users_count 3378 46685
stats: finish_users_count 2763 38839
stats: request 29891 2243.0798910847684 4640.900262074997 104835.62719726563 1.263916015625 1380.878364870916 391818
stats: page 2762 21812.778030472826 14576.96711223606 104239.06298828125 17.641845703125 12993.013427239528 36016
stats: connect 30839 356.5000170286483 535.4141709666758 31247.11083984375 0.39404296875 300.3400121694149 397338
stats: 200 27762 404629
stats: size_rcv 3319520 49334262
stats: newphase 5 83
stats: error_connect_eaddrinuse 0 4
stats: size_sent 4093413 56809080
stats: connected 948 6339
# stats: dump at 1338914985
stats: users 7773 8222
stats: {load,"os_mon@test2"} 1 1.30078125 0.0 1.6796875 0.75 1.177490234375 16
stats: {recvpackets,"os_mon@test3"} 1 16247.0 0.0 16309 3655 13126.0 15
stats: {sentpackets,"os_mon@test3"} 1 12691.0 0.0 12691 2527 9576.666666666666 15
stats: {freemem,"os_mon@test2"} 1 1033.1640625 0.0 1498.8203125 1033.1640625 1326.48876953125 16
stats: {load,"os_mon@test4"} 1 1.87890625 0.0 1.94140625 0.44140625 1.07861328125 16
stats: {cpu,"os_mon@test3"} 1 77.74949083503056 0.0 77.74949083503056 3.6418816388467374 54.783747949782615 16
stats: {freemem,"os_mon@test4"} 1 959.6640625 0.0 1420.4765625 959.6640625 1276.281494140625 16
stats: {freemem,"os_mon@myserver"} 1 1020.0859375 0.0 1097.67578125 1020.0859375 1070.3934895833331 15
stats: {recvpackets,"os_mon@test2"} 1 16198.0 0.0 16307 3678 13131.133333333333 15
stats: {sentpackets,"os_mon@test2"} 1 12653.0 0.0 12653 2538 9580.4 15
stats: {load,"os_mon@test3"} 1 1.671875 0.0 1.7890625 0.671875 1.266357421875 16
stats: {cpu,"os_mon@test2"} 1 55.58974358974359 0.0 68.57727737973389 2.3653749370910924 52.01013299044333 16
stats: {recvpackets,"os_mon@test4"} 1 16241.0 0.0 16303 3651 13121.0 15
stats: {sentpackets,"os_mon@test4"} 1 12685.0 0.0 12685 2521 9572.666666666666 15
stats: {freemem,"os_mon@test3"} 1 878.54296875 0.0 1473.43359375 878.54296875 1288.5927734375 16
stats: {load,"os_mon@myserver"} 1 3.5390625 0.0 3.69140625 0.7890625 2.190625 15
stats: {recvpackets,"os_mon@myserver"} 1 18517.0 0.0 20768 711 13739.857142857143 14
stats: {sentpackets,"os_mon@myserver"} 1 14249.0 0.0 16083 635 10015.07142857143 14
stats: {cpu,"os_mon@test4"} 1 61.122554067971166 0.0 71.42121524201855 2.260170768458061 51.15522107428208 16
stats: {cpu,"os_mon@myserver"} 1 81.81616341030195 0.0 81.81616341030195 2.5246149962130775 64.75701249202345 15
stats: session 2751 23012.541741390945 14560.8491701488 114420.75903320313 19.18310546875 13651.307656267352 38839
stats: users_count 2678 49363
stats: finish_users_count 2751 41590
stats: request 28823 2598.0681455836198 5055.850699664697 111368.05908203125 1.263916015625 1441.99175306054 421709
stats: page 2731 23130.526576016673 14758.74928809622 114417.5380859375 17.641845703125 13621.209565104566 38778
stats: connect 27432 376.61751918842964 589.3912991851788 31247.11083984375 0.39404296875 304.384877703654 428177
stats: 200 25962 430591
stats: size_rcv 3161266 52495528
stats: newphase 4 87
stats: error_connect_eaddrinuse 0 4
stats: size_sent 3640485 60449565
stats: connected -1391 4948
# stats: dump at 1338914995
stats: users 7266 8222
stats: {load,"os_mon@test2"} 1 1.26171875 0.0 1.6796875 0.75 1.1847426470588236 17
stats: {recvpackets,"os_mon@test3"} 1 15870.0 0.0 16309 3655 13321.0625 16
stats: {sentpackets,"os_mon@test3"} 1 12602.0 0.0 12691 2527 9771.3125 16
stats: {freemem,"os_mon@test2"} 1 989.76171875 0.0 1498.8203125 989.76171875 1309.234375 17
stats: {load,"os_mon@test4"} 1 1.75 0.0 1.94140625 0.44140625 1.1256893382352942 17
stats: {cpu,"os_mon@test3"} 1 74.57713992824193 0.0 77.74949083503056 3.6418816388467374 56.13467400185602 17
stats: {freemem,"os_mon@test4"} 1 911.23046875 0.0 1420.4765625 911.23046875 1257.6569393382354 17
stats: {freemem,"os_mon@myserver"} 1 1022.515625 0.0 1097.67578125 1020.0859375 1067.2492675781248 16
stats: {recvpackets,"os_mon@test2"} 1 15858.0 0.0 16307 3678 13322.8125 16
stats: {sentpackets,"os_mon@test2"} 1 12596.0 0.0 12653 2538 9772.4375 16
stats: {load,"os_mon@test3"} 1 1.7109375 0.0 1.7890625 0.671875 1.2902113970588236 17
stats: {cpu,"os_mon@test2"} 1 62.96296296296296 0.0 68.57727737973389 2.3653749370910924 52.220698319813934 17
stats: {recvpackets,"os_mon@test4"} 1 15924.0 0.0 16303 3651 13316.0 16
stats: {sentpackets,"os_mon@test4"} 1 12640.0 0.0 12685 2521 9767.1875 16
stats: {freemem,"os_mon@test3"} 1 828.33984375 0.0 1473.43359375 828.33984375 1264.4721966911766 17
stats: {load,"os_mon@myserver"} 1 3.37890625 0.0 3.69140625 0.7890625 2.27490234375 16
stats: {recvpackets,"os_mon@myserver"} 1 17405.0 0.0 20768 711 14058.333333333334 15
stats: {sentpackets,"os_mon@myserver"} 1 13998.0 0.0 16083 635 10297.333333333334 15
stats: {cpu,"os_mon@test4"} 1 69.6923076923077 0.0 71.42121524201855 2.260170768458061 51.7415347797932 17
stats: {cpu,"os_mon@myserver"} 1 77.08674304418986 0.0 81.81616341030195 2.5246149962130775 65.82320942441585 16
stats: session 3177 24218.352436318997 15965.274250775472 126539.1669921875 19.18310546875 14270.513113544945 41590
stats: users_count 2670 52033
stats: finish_users_count 3177 44767
stats: request 28676 2530.480773483073 5363.622075545785 116480.2490234375 1.263916015625 1515.9522927373948 450532
stats: page 3186 24168.729257242427 15914.525414021084 126537.59399414063 17.641845703125 14246.855684182377 41509
stats: connect 29065 259.5382466175632 428.64562314002035 31247.11083984375 0.39404296875 308.73397050298496 455609
stats: 200 27020 457611
stats: size_rcv 3405870 55901398
stats: newphase 3 90
stats: error_connect_eaddrinuse 0 4
stats: size_sent 3857283 64306848
stats: connected 388 5336
# stats: dump at 1338915005
stats: users 7162 8222
stats: {load,"os_mon@test2"} 1 1.140625 0.0 1.6796875 0.75 1.1890190972222223 18
stats: {recvpackets,"os_mon@test3"} 1 16797.0 0.0 16797 3655 13471.0 17
stats: {sentpackets,"os_mon@test3"} 1 13267.0 0.0 13267 2527 9937.823529411764 17
stats: {freemem,"os_mon@test2"} 1 952.60546875 0.0 1498.8203125 952.60546875 1291.4858940972222 18
stats: {load,"os_mon@test4"} 1 1.94140625 0.0 1.94140625 0.44140625 1.1603732638888888 18
stats: {cpu,"os_mon@test3"} 1 57.34914904589995 0.0 77.74949083503056 3.6418816388467374 57.15925544221079 18
stats: {freemem,"os_mon@test4"} 1 832.59765625 0.0 1420.4765625 832.59765625 1238.4110243055557 18
stats: {freemem,"os_mon@myserver"} 1 1018.64453125 0.0 1097.67578125 1018.64453125 1064.6178768382351 17
stats: {recvpackets,"os_mon@test2"} 1 16775.0 0.0 16775 3678 13471.941176470587 17
stats: {sentpackets,"os_mon@test2"} 1 13250.0 0.0 13250 2538 9938.529411764706 17
stats: {load,"os_mon@test3"} 1 1.6015625 0.0 1.7890625 0.671875 1.3135850694444444 18
stats: {cpu,"os_mon@test2"} 1 57.414058491534114 0.0 68.57727737973389 2.3653749370910924 52.817490799988875 18
stats: {recvpackets,"os_mon@test4"} 1 16796.0 0.0 16796 3651 13469.411764705883 17
stats: {sentpackets,"os_mon@test4"} 1 13266.0 0.0 13266 2521 9936.176470588236 17
stats: {freemem,"os_mon@test3"} 1 828.83984375 0.0 1473.43359375 828.33984375 1240.2426215277778 18
stats: {load,"os_mon@myserver"} 1 3.3984375 0.0 3.69140625 0.7890625 2.33984375 17
stats: {recvpackets,"os_mon@myserver"} 1 18358.0 0.0 20768 711 14267.5 16
stats: {sentpackets,"os_mon@myserver"} 1 14533.0 0.0 16083 635 10528.625 16
stats: {cpu,"os_mon@test4"} 1 82.88334182373917 0.0 82.88334182373917 2.260170768458061 52.73879994159957 18
stats: {cpu,"os_mon@myserver"} 1 78.22203317737133 0.0 81.81616341030195 2.5246149962130775 66.48577022557903 17
stats: session 2793 24589.8384069654 17057.026889937315 134003.13696289063 19.18310546875 14976.485940146082 44767
stats: users_count 2689 54722
stats: finish_users_count 2793 47560
stats: request 27528 2496.5584529398966 5642.1335448922555 117205.49389648438 1.263916015625 1576.6620862171844 479208
stats: page 2819 24542.196688399952 17042.73133861898 134001.46899414063 17.641845703125 14954.11799996198 44695
stats: connect 27798 305.18442422159234 483.7826009975156 31247.11083984375 0.39404296875 305.7837942716836 484674
stats: 200 26239 483850
stats: size_rcv 3213164 59114562
stats: newphase 6 96
stats: error_connect_eaddrinuse 0 4
stats: size_sent 3688506 67995354
stats: connected 270 5606
# stats: dump at 1338915015
stats: users 8830 8831
stats: {load,"os_mon@test2"} 1 1.19921875 0.0 1.6796875 0.75 1.1864720394736843 19
stats: {recvpackets,"os_mon@test3"} 1 15062.0 0.0 16797 3655 13655.777777777777 18
stats: {sentpackets,"os_mon@test3"} 1 12323.0 0.0 13267 2527 10122.777777777777 18
stats: {freemem,"os_mon@test2"} 1 928.63671875 0.0 1498.8203125 928.63671875 1273.650082236842 19
stats: {load,"os_mon@test4"} 1 2.01171875 0.0 2.01171875 0.44140625 1.2014802631578947 19
stats: {cpu,"os_mon@test3"} 1 55.97092419522326 0.0 77.74949083503056 3.6418816388467374 57.169249842404966 19
stats: {freemem,"os_mon@test4"} 1 783.921875 0.0 1420.4765625 783.921875 1217.052425986842 19
stats: {freemem,"os_mon@myserver"} 1 1012.515625 0.0 1097.67578125 1012.515625 1062.063802083333 18
stats: {recvpackets,"os_mon@test2"} 1 15062.0 0.0 16775 3678 13655.444444444445 18
stats: {sentpackets,"os_mon@test2"} 1 12325.0 0.0 13250 2538 10122.5 18
stats: {load,"os_mon@test3"} 1 1.96875 0.0 1.96875 0.671875 1.3287417763157894 19
stats: {cpu,"os_mon@test2"} 1 55.54976550286608 0.0 68.57727737973389 2.3653749370910924 53.05941541533336 19
stats: {recvpackets,"os_mon@test4"} 1 15064.0 0.0 16796 3651 13654.222222222223 18
stats: {sentpackets,"os_mon@test4"} 1 12325.0 0.0 13266 2521 10121.166666666666 18
stats: {freemem,"os_mon@test3"} 1 780.15234375 0.0 1473.43359375 780.15234375 1218.58984375 19
stats: {load,"os_mon@myserver"} 1 3.6015625 0.0 3.69140625 0.7890625 2.398654513888889 18
stats: {recvpackets,"os_mon@myserver"} 1 18235.0 0.0 20768 711 14508.117647058823 17
stats: {sentpackets,"os_mon@myserver"} 1 14716.0 0.0 16083 635 10764.176470588236 17
stats: {cpu,"os_mon@test4"} 1 71.72449508026929 0.0 82.88334182373917 2.260170768458061 54.32535477750165 19
stats: {cpu,"os_mon@myserver"} 1 75.9334126040428 0.0 81.81616341030195 2.5246149962130775 67.13778483401194 18
stats: session 2392 26137.317291259726 18407.126158920273 138543.06616210938 19.18310546875 15541.037946870776 47560
stats: users_count 4060 58782
stats: finish_users_count 2392 49952
stats: request 26721 2569.2712248573794 5551.010240393346 117205.49389648438 1.263916015625 1626.6346699356156 506736
stats: page 2399 26159.4072820259 18370.20421871311 138541.06616210938 17.641845703125 15522.977574460163 47514
stats: connect 28162 361.5201785581538 540.5256823390919 31247.11083984375 0.39404296875 305.75128266392267 512472
stats: 200 26124 509974
stats: size_rcv 3060770 62175332
stats: newphase 5 101
stats: error_connect_eaddrinuse 0 4
stats: size_sent 3738470 71733824
stats: connected 1441 7047
stats: error_abort 1 1
EndMonitor:{1338,915015,987722}
