# stats: dump at 1338896704
stats: users 0 0
# stats: dump at 1338896714
stats: users 1 9
stats: {load,"os_mon@test2"} 1 2.109375 0 2.109375 2.109375 0 0
stats: {freemem,"os_mon@test2"} 1 1532.625 0 1532.625 1532.625 0 0
stats: {cpu,"os_mon@test3"} 1 2.610441767068273 0 2.610441767068273 2.610441767068273 0 0
stats: {load,"os_mon@test4"} 1 1.01953125 0 1.01953125 1.01953125 0 0
stats: {freemem,"os_mon@test4"} 1 1460.20703125 0 1460.20703125 1460.20703125 0 0
stats: {freemem,"os_mon@myserver"} 1 2659.171875 0 2659.171875 2659.171875 0 0
stats: {load,"os_mon@test3"} 1 1.78125 0 1.78125 1.78125 0 0
stats: {cpu,"os_mon@test2"} 1 1.9558676028084254 0 1.9558676028084254 1.9558676028084254 0 0
stats: {freemem,"os_mon@test3"} 1 1513.4765625 0 1513.4765625 1513.4765625 0 0
stats: {cpu,"os_mon@test4"} 1 1.951951951951952 0 1.951951951951952 1.951951951951952 0 0
stats: {load,"os_mon@myserver"} 1 2.21875 0 2.21875 2.21875 0 0
stats: {cpu,"os_mon@myserver"} 1 1.4831573655103065 0 1.4831573655103065 1.4831573655103065 0 0
stats: session 588 28.22221405652104 6.506519737250371 56.6640625 19.68798828125 0 0
stats: users_count 589 589
stats: finish_users_count 588 588
stats: 200 5850 5850
stats: request 5850 2.494774347288988 0.8580089838290765 16.756103515625 1.0791015625 0 0
stats: page 585 26.19701647636219 6.485529098841967 54.385009765625 18.155029296875 0 0
stats: connect 5850 0.9042848557692308 0.22705516231745299 4.346923828125 0.383056640625 0 0
stats: size_rcv 807300 807300
stats: size_sent 776030 776030
stats: connected 0 0
# stats: dump at 1338896724
stats: users 273 273
stats: {load,"os_mon@test2"} 1 1.7890625 0.0 2.109375 1.7890625 2.109375 1
stats: {recvpackets,"os_mon@test3"} 1 3541 0 3541 3541 0 0
stats: {sentpackets,"os_mon@test3"} 1 2428 0 2428 2428 0 0
stats: {freemem,"os_mon@test2"} 1 1531.4140625 0.0 1532.625 1531.4140625 1532.625 1
stats: {cpu,"os_mon@test3"} 1 21.136131013306038 0.0 21.136131013306038 2.610441767068273 2.610441767068273 1
stats: {load,"os_mon@test4"} 1 0.87109375 0.0 1.01953125 0.87109375 1.01953125 1
stats: {freemem,"os_mon@test4"} 1 1459.1015625 0.0 1460.20703125 1459.1015625 1460.20703125 1
stats: {freemem,"os_mon@myserver"} 1 2659.2109375 0.0 2659.2109375 2659.171875 2659.171875 1
stats: {recvpackets,"os_mon@test2"} 1 3572 0 3572 3572 0 0
stats: {sentpackets,"os_mon@test2"} 1 2451 0 2451 2451 0 0
stats: {load,"os_mon@test3"} 1 1.51171875 0.0 1.78125 1.51171875 1.78125 1
stats: {cpu,"os_mon@test2"} 1 11.969696969696969 0.0 11.969696969696969 1.9558676028084254 1.9558676028084254 1
stats: {freemem,"os_mon@test3"} 1 1512.6875 0.0 1513.4765625 1512.6875 1513.4765625 1
stats: {recvpackets,"os_mon@test4"} 1 3542 0 3542 3542 0 0
stats: {sentpackets,"os_mon@test4"} 1 2430 0 2430 2430 0 0
stats: {cpu,"os_mon@test4"} 1 11.317907444668009 0.0 11.317907444668009 1.951951951951952 1.951951951951952 1
stats: {load,"os_mon@myserver"} 1 1.87890625 0.0 2.21875 1.87890625 2.21875 1
stats: {recvpackets,"os_mon@myserver"} 1 3703 0 3703 3703 0 0
stats: {sentpackets,"os_mon@myserver"} 1 2543 0 2543 2543 0 0
stats: {cpu,"os_mon@myserver"} 1 14.491672880934626 0.0 14.491672880934626 1.4831573655103065 1.4831573655103065 1
stats: session 1269 247.46480392564263 416.87557130691573 2590.97998046875 19.68798828125 28.22221405652104 588
stats: users_count 1541 2130
stats: finish_users_count 1269 1857
stats: 200 13694 19544
stats: connect 13758 17.525327788689957 127.75843041012362 1004.7060546875 0.361083984375 0.9042848557692308 5850
stats: page 1265 239.31003118824125 408.8666507136442 2589.35205078125 18.155029296875 26.19701647636219 585
stats: request 13694 32.60589687859419 128.63149507882792 1259.012939453125 1.0791015625 2.494774347288988 5850
stats: size_rcv 1889772 2697072
stats: newphase 6 6
stats: size_sent 1826794 2602824
stats: connected 64 64
# stats: dump at 1338896734
stats: users 1635 1635
stats: {load,"os_mon@test2"} 1 1.51171875 0.0 2.109375 1.51171875 1.94921875 2
stats: {recvpackets,"os_mon@test3"} 1 7149.0 0.0 7149 3541 3541.0 1
stats: {sentpackets,"os_mon@test3"} 1 4991.0 0.0 4991 2428 2428.0 1
stats: {freemem,"os_mon@test2"} 1 1526.9453125 0.0 1532.625 1526.9453125 1532.01953125 2
stats: {cpu,"os_mon@test3"} 1 35.7736240913811 0.0 35.7736240913811 2.610441767068273 11.873286390187156 2
stats: {load,"os_mon@test4"} 1 0.73046875 0.0 1.01953125 0.73046875 0.9453125 2
stats: {freemem,"os_mon@test4"} 1 1453.71875 0.0 1460.20703125 1453.71875 1459.654296875 2
stats: {freemem,"os_mon@myserver"} 1 2658.16796875 0.0 2659.2109375 2658.16796875 2659.19140625 2
stats: {recvpackets,"os_mon@test2"} 1 7150.0 0.0 7150 3572 3572.0 1
stats: {sentpackets,"os_mon@test2"} 1 4991.0 0.0 4991 2451 2451.0 1
stats: {load,"os_mon@test3"} 1 1.359375 0.0 1.78125 1.359375 1.646484375 2
stats: {cpu,"os_mon@test2"} 1 28.388090349075974 0.0 28.388090349075974 1.9558676028084254 6.962782286252697 2
stats: {freemem,"os_mon@test3"} 1 1507.5546875 0.0 1513.4765625 1507.5546875 1513.08203125 2
stats: {recvpackets,"os_mon@test4"} 1 7147.0 0.0 7147 3542 3542.0 1
stats: {sentpackets,"os_mon@test4"} 1 4987.0 0.0 4987 2430 2430.0 1
stats: {cpu,"os_mon@test4"} 1 28.142493638676847 0.0 28.142493638676847 1.951951951951952 6.63492969830998 2
stats: {load,"os_mon@myserver"} 1 1.75 0.0 2.21875 1.75 2.048828125 2
stats: {recvpackets,"os_mon@myserver"} 1 7253.0 0.0 7253 3703 3703.0 1
stats: {sentpackets,"os_mon@myserver"} 1 5063.0 0.0 5063 2543 2543.0 1
stats: {cpu,"os_mon@myserver"} 1 24.24924924924925 0.0 24.24924924924925 1.4831573655103065 7.987415123222466 2
stats: session 1067 2592.7505875849347 2235.9726206872133 11377.141845703125 19.68798828125 178.04388693962028 1857
stats: users_count 2429 4559
stats: finish_users_count 1067 2924
stats: request 15848 322.8117956154742 740.1360440409354 7708.94091796875 1.0791015625 23.592897144244237 19544
stats: page 1071 2578.7021776158367 2231.0768454245845 11375.3369140625 18.155029296875 171.92024004962002 1850
stats: connect 15882 281.2173531473081 738.9232926488721 7024.43798828125 0.361083984375 12.566479300440966 19608
stats: 200 15848 35392
stats: size_rcv 2187024 4884096
stats: newphase 6 12
stats: size_sent 2109366 4712190
stats: connected 34 98
# stats: dump at 1338896744
stats: users 4153 4154
stats: {load,"os_mon@test2"} 1 1.58984375 0.0 2.109375 1.51171875 1.8033854166666667 3
stats: {recvpackets,"os_mon@test3"} 1 9509.0 0.0 9509 3541 5345.0 2
stats: {sentpackets,"os_mon@test3"} 1 6578.0 0.0 6578 2428 3709.5 2
stats: {freemem,"os_mon@test2"} 1 1508.078125 0.0 1532.625 1508.078125 1530.328125 3
stats: {cpu,"os_mon@test3"} 1 38.70967741935484 0.0 38.70967741935484 2.610441767068273 19.840065623918473 3
stats: {load,"os_mon@test4"} 1 0.76953125 0.0 1.01953125 0.73046875 0.8736979166666666 3
stats: {freemem,"os_mon@test4"} 1 1435.60546875 0.0 1460.20703125 1435.60546875 1457.67578125 3
stats: {freemem,"os_mon@myserver"} 1 2657.13671875 0.0 2659.2109375 2657.13671875 2658.8502604166665 3
stats: {recvpackets,"os_mon@test2"} 1 9497.0 0.0 9497 3572 5361.0 2
stats: {sentpackets,"os_mon@test2"} 1 6572.0 0.0 6572 2451 3721.0 2
stats: {load,"os_mon@test3"} 1 1.609375 0.0 1.78125 1.359375 1.55078125 3
stats: {cpu,"os_mon@test2"} 1 34.145077720207254 0.0 34.145077720207254 1.9558676028084254 14.104551640527122 3
stats: {freemem,"os_mon@test3"} 1 1485.37890625 0.0 1513.4765625 1485.37890625 1511.2395833333333 3
stats: {recvpackets,"os_mon@test4"} 1 9503.0 0.0 9503 3542 5344.5 2
stats: {sentpackets,"os_mon@test4"} 1 6579.0 0.0 6579 2430 3708.5 2
stats: {cpu,"os_mon@test4"} 1 32.15565796210957 0.0 32.15565796210957 1.951951951951952 13.804117678432268 3
stats: {load,"os_mon@myserver"} 1 1.62890625 0.0 2.21875 1.62890625 1.94921875 3
stats: {recvpackets,"os_mon@myserver"} 1 9534.0 0.0 9534 3703 5478.0 2
stats: {sentpackets,"os_mon@myserver"} 1 6596.0 0.0 6596 2543 3803.0 2
stats: {cpu,"os_mon@myserver"} 1 25.55638909727432 0.0 25.55638909727432 1.4831573655103065 13.408026498564729 3
stats: session 776 7310.491484651857 3809.837983147416 18459.56591796875 19.68798828125 1059.1971186730507 2924
stats: users_count 3294 7853
stats: finish_users_count 776 3700
stats: request 15737 1002.7354279058949 1694.823860573566 15084.402099609375 1.0791015625 157.57857478246902 35392
stats: page 776 7282.591943485216 3811.3353291936614 18457.675048828125 18.155029296875 1054.3794852168292 2921
stats: connect 15763 938.1387242716074 1681.6983688639502 15037.0830078125 0.361083984375 132.78944854349376 35490
stats: 200 15737 51129
stats: size_rcv 2171706 7055802
stats: newphase 6 18
stats: size_sent 2091409 6803599
stats: connected 26 124
# stats: dump at 1338896754
stats: users 5040 5116
stats: {load,"os_mon@test2"} 1 1.48828125 0.0 2.109375 1.48828125 1.75 4
stats: {recvpackets,"os_mon@test3"} 1 11220.0 0.0 11220 3541 6733.0 3
stats: {sentpackets,"os_mon@test3"} 1 7796.0 0.0 7796 2428 4665.666666666667 3
stats: {freemem,"os_mon@test2"} 1 1476.828125 0.0 1532.625 1476.828125 1524.765625 4
stats: {cpu,"os_mon@test3"} 1 40.02128791910591 0.0 40.02128791910591 2.610441767068273 24.557468572777566 4
stats: {load,"os_mon@test4"} 1 0.87890625 0.0 1.01953125 0.73046875 0.84765625 4
stats: {freemem,"os_mon@test4"} 1 1404.78125 0.0 1460.20703125 1404.78125 1452.158203125 4
stats: {freemem,"os_mon@myserver"} 1 2656.20703125 0.0 2659.2109375 2656.20703125 2658.421875 4
stats: {recvpackets,"os_mon@test2"} 1 11217.0 0.0 11217 3572 6739.666666666667 3
stats: {sentpackets,"os_mon@test2"} 1 7788.0 0.0 7788 2451 4671.333333333333 3
stats: {load,"os_mon@test3"} 1 1.359375 0.0 1.78125 1.359375 1.5654296875 4
stats: {cpu,"os_mon@test2"} 1 37.33474352194606 0.0 37.33474352194606 1.9558676028084254 19.114683160447157 4
stats: {freemem,"os_mon@test3"} 1 1436.86328125 0.0 1513.4765625 1436.86328125 1504.7744140625 4
stats: {recvpackets,"os_mon@test4"} 1 11193.0 0.0 11193 3542 6730.666666666667 3
stats: {sentpackets,"os_mon@test4"} 1 7772.0 0.0 7772 2430 4665.333333333333 3
stats: {cpu,"os_mon@test4"} 1 32.50790305584827 0.0 32.50790305584827 1.951951951951952 18.392002749351594 4
stats: {load,"os_mon@myserver"} 1 1.609375 0.0 2.21875 1.609375 1.869140625 4
stats: {recvpackets,"os_mon@myserver"} 1 11184.0 0.0 11184 3703 6830.0 3
stats: {sentpackets,"os_mon@myserver"} 1 7763.0 0.0 7763 2543 4734.0 3
stats: {cpu,"os_mon@myserver"} 1 25.5005005005005 0.0 25.55638909727432 1.4831573655103065 16.445117148242126 4
stats: session 964 12125.39623795505 5599.383535962973 30437.2900390625 19.68798828125 2370.2793965107676 3700
stats: users_count 1851 9704
stats: finish_users_count 964 4664
stats: 200 15106 66235
stats: request 15106 1725.0153009391213 3003.737497183567 16922.31689453125 1.0791015625 417.7094867424791 51129
stats: page 958 12123.812771663788 5594.2612706210375 30435.7890625 18.155029296875 2361.68077480738 3697
stats: connect 15095 1644.5264462602754 2984.0972555204685 15048.18701171875 0.361083984375 380.4768157864309 51253
stats: size_rcv 2084628 9140430
stats: newphase 6 24
stats: size_sent 2002437 8806036
stats: connected -11 113
# stats: dump at 1338896764
stats: users 8135 8135
stats: {load,"os_mon@test2"} 1 1.33984375 0.0 2.109375 1.33984375 1.69765625 5
stats: {recvpackets,"os_mon@test3"} 1 8971.0 0.0 11220 3541 7854.75 4
stats: {sentpackets,"os_mon@test3"} 1 6720.0 0.0 7796 2428 5448.25 4
stats: {freemem,"os_mon@test2"} 1 1430.7578125 0.0 1532.625 1430.7578125 1515.178125 5
stats: {cpu,"os_mon@test3"} 1 32.367149758454104 0.0 40.02128791910591 2.610441767068273 27.650232442043233 5
stats: {load,"os_mon@test4"} 1 0.98828125 0.0 1.01953125 0.73046875 0.85390625 5
stats: {freemem,"os_mon@test4"} 1 1353.83203125 0.0 1460.20703125 1353.83203125 1442.6828125 5
stats: {freemem,"os_mon@myserver"} 1 2655.43359375 0.0 2659.2109375 2655.43359375 2657.97890625 5
stats: {recvpackets,"os_mon@test2"} 1 9004.0 0.0 11217 3572 7859.0 4
stats: {sentpackets,"os_mon@test2"} 1 6742.0 0.0 7788 2451 5450.5 4
stats: {load,"os_mon@test3"} 1 1.1484375 0.0 1.78125 1.1484375 1.52421875 5
stats: {cpu,"os_mon@test2"} 1 41.92708333333333 0.0 41.92708333333333 1.9558676028084254 22.758695232746938 5
stats: {freemem,"os_mon@test3"} 1 1405.11328125 0.0 1513.4765625 1405.11328125 1491.1921875 5
stats: {recvpackets,"os_mon@test4"} 1 8959.0 0.0 11193 3542 7846.25 4
stats: {sentpackets,"os_mon@test4"} 1 6710.0 0.0 7772 2430 5442.0 4
stats: {cpu,"os_mon@test4"} 1 41.913319238900634 0.0 41.913319238900634 1.951951951951952 21.21518281065093 5
stats: {load,"os_mon@myserver"} 1 1.51953125 0.0 2.21875 1.51953125 1.8171875 5
stats: {recvpackets,"os_mon@myserver"} 1 9069.0 0.0 11184 3703 7918.5 4
stats: {sentpackets,"os_mon@myserver"} 1 6785.0 0.0 7763 2543 5491.25 4
stats: {cpu,"os_mon@myserver"} 1 25.488232348522782 0.0 25.55638909727432 1.4831573655103065 18.2561938186938 5
stats: session 780 17215.749111390687 7518.056567713188 41687.134033203125 19.68798828125 4386.559978661773 4664
stats: users_count 3875 13579
stats: finish_users_count 780 5444
stats: 200 15408 81643
stats: request 15408 1992.657995364637 3822.0502731361134 31129.6669921875 1.0791015625 715.862451628936 66235
stats: connect 15425 1903.0464398836352 3823.4143341657195 31080.157958984375 0.361083984375 668.0639197232892 66348
stats: page 773 17051.740860992068 7465.81957293 37423.135009765625 18.155029296875 4370.729636888678 4655
stats: size_rcv 2126304 11266734
stats: newphase 6 30
stats: size_sent 2047203 10853239
stats: connected 17 130
# stats: dump at 1338896774
stats: users 9732 9732
stats: {load,"os_mon@test2"} 1 1.5 0.0 2.109375 1.33984375 1.6380208333333333 6
stats: {recvpackets,"os_mon@test3"} 1 14380.0 0.0 14380 3541 8078.0 5
stats: {sentpackets,"os_mon@test3"} 1 10188.0 0.0 10188 2428 5702.6 5
stats: {freemem,"os_mon@test2"} 1 1386.8125 0.0 1532.625 1386.8125 1501.1080729166667 6
stats: {cpu,"os_mon@test3"} 1 50.758396533044426 0.0 50.758396533044426 2.610441767068273 28.43638532811171 6
stats: {load,"os_mon@test4"} 1 0.921875 0.0 1.01953125 0.73046875 0.8763020833333334 6
stats: {freemem,"os_mon@test4"} 1 1318.8515625 0.0 1460.20703125 1318.8515625 1427.8743489583333 6
stats: {freemem,"os_mon@myserver"} 1 2654.22265625 0.0 2659.2109375 2654.22265625 2657.5546875 6
stats: {recvpackets,"os_mon@test2"} 1 14324.0 0.0 14324 3572 8088.0 5
stats: {sentpackets,"os_mon@test2"} 1 10156.0 0.0 10156 2451 5708.8 5
stats: {load,"os_mon@test3"} 1 1.26953125 0.0 1.78125 1.1484375 1.4615885416666667 6
stats: {cpu,"os_mon@test2"} 1 42.962572482867685 0.0 42.962572482867685 1.9558676028084254 25.953426582844667 6
stats: {freemem,"os_mon@test3"} 1 1328.21875 0.0 1513.4765625 1328.21875 1476.845703125 6
stats: {recvpackets,"os_mon@test4"} 1 14382.0 0.0 14382 3542 8068.8 5
stats: {sentpackets,"os_mon@test4"} 1 10190.0 0.0 10190 2430 5695.6 5
stats: {cpu,"os_mon@test4"} 1 36.30573248407643 0.0 41.913319238900634 1.951951951951952 24.664872215359214 6
stats: {load,"os_mon@myserver"} 1 1.51953125 0.0 2.21875 1.51953125 1.767578125 6
stats: {recvpackets,"os_mon@myserver"} 1 14075.0 0.0 14075 3703 8148.6 5
stats: {sentpackets,"os_mon@myserver"} 1 9998.0 0.0 9998 2543 5750.0 5
stats: {cpu,"os_mon@myserver"} 1 25.519659403956922 0.0 25.55638909727432 1.4831573655103065 19.461533573665296 6
stats: session 906 22279.101638760265 10903.85902716925 47544.77197265625 19.68798828125 6224.687738310662 5444
stats: users_count 2503 16082
stats: finish_users_count 906 6350
stats: 200 15288 96931
stats: request 15288 3136.181182701637 5872.753889122954 34398.06591796875 1.0791015625 956.8245149764329 81643
stats: page 898 22053.201266486307 10835.902594127021 47543.008056640625 18.155029296875 6176.62898770517 5428
stats: connect 15279 2975.1485700763956 5843.644224928152 31091.244140625 0.30078125 901.0210739609147 81773
stats: size_rcv 2109744 13376478
stats: newphase 5 35
stats: size_sent 2027357 12880596
stats: connected -9 121
# stats: dump at 1338896784
stats: users 11709 11725
stats: {load,"os_mon@test2"} 1 1.421875 0.0 2.109375 1.33984375 1.6183035714285714 7
stats: {recvpackets,"os_mon@test3"} 1 12210.0 0.0 14380 3541 9128.333333333334 6
stats: {sentpackets,"os_mon@test3"} 1 9014.0 0.0 10188 2428 6450.166666666667 6
stats: {freemem,"os_mon@test2"} 1 1326.0078125 0.0 1532.625 1326.0078125 1484.7801339285713 7
stats: {cpu,"os_mon@test3"} 1 36.983360171765966 0.0 50.758396533044426 2.610441767068273 31.625244071673528 7
stats: {load,"os_mon@test4"} 1 0.76953125 0.0 1.01953125 0.73046875 0.8828125 7
stats: {freemem,"os_mon@test4"} 1 1262.58203125 0.0 1460.20703125 1262.58203125 1412.2996651785713 7
stats: {freemem,"os_mon@myserver"} 1 2654.01171875 0.0 2659.2109375 2654.01171875 2657.078683035714 7
stats: {recvpackets,"os_mon@test2"} 1 12250.0 0.0 14324 3572 9127.333333333334 6
stats: {sentpackets,"os_mon@test2"} 1 9038.0 0.0 10156 2451 6450.0 6
stats: {load,"os_mon@test3"} 1 1.23046875 0.0 1.78125 1.1484375 1.4341517857142858 7
stats: {cpu,"os_mon@test2"} 1 48.70164281928987 0.0 48.70164281928987 1.9558676028084254 28.38330456856224 7
stats: {freemem,"os_mon@test3"} 1 1297.58203125 0.0 1513.4765625 1297.58203125 1455.61328125 7
stats: {recvpackets,"os_mon@test4"} 1 12177.0 0.0 14382 3542 9121.0 6
stats: {sentpackets,"os_mon@test4"} 1 8991.0 0.0 10190 2430 6444.666666666667 6
stats: {cpu,"os_mon@test4"} 1 42.14477211796247 0.0 42.14477211796247 1.951951951951952 26.327852253747388 7
stats: {load,"os_mon@myserver"} 1 1.44140625 0.0 2.21875 1.44140625 1.7321428571428572 7
stats: {recvpackets,"os_mon@myserver"} 1 12299.0 0.0 14075 3703 9136.333333333334 6
stats: {sentpackets,"os_mon@myserver"} 1 9078.0 0.0 9998 2543 6458.0 6
stats: {cpu,"os_mon@myserver"} 1 25.43815723585378 0.0 25.55638909727432 1.4831573655103065 20.326980120849814 7
stats: session 769 26660.45943011418 11882.570909112279 51713.913818359375 19.68798828125 8515.286005051976 6350
stats: users_count 2746 18828
stats: finish_users_count 769 7119
stats: 200 15644 112575
stats: request 15644 3227.5172383662702 6013.346592129232 37940.549072265625 1.0791015625 1300.5536082095878 96931
stats: page 771 26674.380761212095 11805.759676781154 51712.06103515625 18.155029296875 8430.369409195126 6326
stats: connect 15628 3011.7540523469456 6025.121611192691 31099.60302734375 0.30078125 1227.5531805960013 97052
stats: size_rcv 2158872 15535350
stats: newphase 6 41
stats: size_sent 2073452 14954048
stats: connected -16 105
# stats: dump at 1338896794
stats: users 13908 13908
stats: {load,"os_mon@test2"} 1 1.44140625 0.0 2.109375 1.33984375 1.59375 8
stats: {recvpackets,"os_mon@test3"} 1 10355.0 0.0 14380 3541 9568.57142857143 7
stats: {sentpackets,"os_mon@test3"} 1 8004.0 0.0 10188 2428 6816.428571428572 7
stats: {freemem,"os_mon@test2"} 1 1286.82421875 0.0 1532.625 1286.82421875 1464.93359375 8
stats: {cpu,"os_mon@test3"} 1 50.40042712226375 0.0 50.758396533044426 2.610441767068273 32.295008584185084 8
stats: {load,"os_mon@test4"} 1 0.80859375 0.0 1.01953125 0.73046875 0.86865234375 8
stats: {freemem,"os_mon@test4"} 1 1226.47265625 0.0 1460.20703125 1226.47265625 1393.5849609375 8
stats: {freemem,"os_mon@myserver"} 1 2653.15625 0.0 2659.2109375 2653.15625 2656.6953125 8
stats: {recvpackets,"os_mon@test2"} 1 10310.0 0.0 14324 3572 9573.42857142857 7
stats: {sentpackets,"os_mon@test2"} 1 7972.0 0.0 10156 2451 6819.714285714285 7
stats: {load,"os_mon@test3"} 1 1.109375 0.0 1.78125 1.109375 1.40869140625 8
stats: {cpu,"os_mon@test2"} 1 40.65643197458973 0.0 48.70164281928987 1.9558676028084254 30.923096849903196 8
stats: {freemem,"os_mon@test3"} 1 1231.68359375 0.0 1513.4765625 1231.68359375 1435.859375 8
stats: {recvpackets,"os_mon@test4"} 1 10378.0 0.0 14382 3542 9557.57142857143 7
stats: {sentpackets,"os_mon@test4"} 1 8021.0 0.0 10190 2430 6808.428571428572 7
stats: {cpu,"os_mon@test4"} 1 35.03957783641161 0.0 42.14477211796247 1.951951951951952 28.304967236774274 8
stats: {load,"os_mon@myserver"} 1 1.51953125 0.0 2.21875 1.44140625 1.69580078125 8
stats: {recvpackets,"os_mon@myserver"} 1 10498.0 0.0 14075 3703 9588.142857142857 7
stats: {sentpackets,"os_mon@myserver"} 1 8104.0 0.0 9998 2543 6832.285714285715 7
stats: {cpu,"os_mon@myserver"} 1 25.382109746930592 0.0 25.55638909727432 1.4831573655103065 20.965877260225312 8
stats: session 781 30721.05002038152 14510.390151091467 66540.05102539063 19.68798828125 10475.341962893364 7119
stats: users_count 2980 21808
stats: finish_users_count 781 7900
stats: request 15299 3470.426951972838 6442.114542228154 37940.549072265625 1.0791015625 1568.3343679712677 112575
stats: page 775 30605.461611958166 14427.3841359665 66538.4619140625 18.155029296875 10412.352324850344 7097
stats: connect 15337 3306.763164698602 6410.549038492835 31111.726806640625 0.30078125 1475.0105042002235 112680
stats: 200 15299 127874
stats: size_rcv 2111262 17646612
stats: newphase 4 45
stats: size_sent 2036003 16990051
stats: connected 38 143
stats: error_connect_etimedout 51 51
# stats: dump at 1338896804
stats: users 16941 16966
stats: {load,"os_mon@test2"} 1 1.37109375 0.0 2.109375 1.33984375 1.5768229166666667 9
stats: {recvpackets,"os_mon@test3"} 1 15380.0 0.0 15380 3541 9666.875 8
stats: {sentpackets,"os_mon@test3"} 1 11369.0 0.0 11369 2428 6964.875 8
stats: {freemem,"os_mon@test2"} 1 1242.73046875 0.0 1532.625 1242.73046875 1445.1436631944443 9
stats: {cpu,"os_mon@test3"} 1 55.80021482277121 0.0 55.80021482277121 2.610441767068273 34.30672175508271 9
stats: {load,"os_mon@test4"} 1 0.98828125 0.0 1.01953125 0.73046875 0.8619791666666666 9
stats: {freemem,"os_mon@test4"} 1 1194.25390625 0.0 1460.20703125 1194.25390625 1375.0169270833333 9
stats: {freemem,"os_mon@myserver"} 1 2652.171875 0.0 2659.2109375 2652.171875 2656.3020833333335 9
stats: {recvpackets,"os_mon@test2"} 1 15393.0 0.0 15393 3572 9665.5 8
stats: {sentpackets,"os_mon@test2"} 1 11378.0 0.0 11378 2451 6963.75 8
stats: {load,"os_mon@test3"} 1 1.1015625 0.0 1.78125 1.1015625 1.3754340277777777 9
stats: {cpu,"os_mon@test2"} 1 41.74238375200427 0.0 48.70164281928987 1.9558676028084254 32.00457853042392 9
stats: {freemem,"os_mon@test3"} 1 1149.71484375 0.0 1513.4765625 1149.71484375 1413.1731770833333 9
stats: {recvpackets,"os_mon@test4"} 1 15356.0 0.0 15356 3542 9660.125 8
stats: {sentpackets,"os_mon@test4"} 1 11352.0 0.0 11352 2430 6960.0 8
stats: {cpu,"os_mon@test4"} 1 36.20320855614973 0.0 42.14477211796247 1.951951951951952 29.053257303400642 9
stats: {load,"os_mon@myserver"} 1 1.44140625 0.0 2.21875 1.44140625 1.6762152777777777 9
stats: {recvpackets,"os_mon@myserver"} 1 15792.0 0.0 15792 3703 9701.875 8
stats: {sentpackets,"os_mon@myserver"} 1 11637.0 0.0 11637 2543 6991.25 8
stats: {cpu,"os_mon@myserver"} 1 25.41990473802958 0.0 25.55638909727432 1.4831573655103065 21.45656975874812 9
stats: session 710 31812.232099334287 17246.60835504355 80488.41796875 19.68798828125 12476.848037943775 7900
stats: users_count 3743 25551
stats: finish_users_count 710 8610
stats: 200 15091 142965
stats: request 15091 3051.732501987931 6013.986641930027 37940.549072265625 1.0791015625 1795.9030249511075 127874
stats: page 718 31568.88933085067 16859.14084992366 80486.57421875 18.155029296875 12400.368038456614 7872
stats: connect 15058 2954.67392049245 6007.067658544941 31111.726806640625 0.30078125 1694.4625344310805 128017
stats: size_rcv 2082558 19729170
stats: newphase 5 50
stats: size_sent 1999046 18989097
stats: connected -33 110
stats: error_connect_etimedout 419 470
# stats: dump at 1338896814
stats: users 19583 19583
stats: {load,"os_mon@test2"} 1 1.23828125 0.0 2.109375 1.23828125 1.55625 10
stats: {recvpackets,"os_mon@test3"} 1 14858.0 0.0 15380 3541 10301.666666666666 9
stats: {sentpackets,"os_mon@test3"} 1 11203.0 0.0 11369 2428 7454.222222222223 9
stats: {freemem,"os_mon@test2"} 1 1200.44921875 0.0 1532.625 1200.44921875 1424.90234375 10
stats: {cpu,"os_mon@test3"} 1 36.33405639913232 0.0 55.80021482277121 2.610441767068273 36.45607106185156 10
stats: {load,"os_mon@test4"} 1 0.98046875 0.0 1.01953125 0.73046875 0.874609375 10
stats: {freemem,"os_mon@test4"} 1 1097.8359375 0.0 1460.20703125 1097.8359375 1356.940625 10
stats: {freemem,"os_mon@myserver"} 1 2651.85546875 0.0 2659.2109375 2651.85546875 2655.8890625 10
stats: {recvpackets,"os_mon@test2"} 1 14846.0 0.0 15393 3572 10301.888888888889 9
stats: {sentpackets,"os_mon@test2"} 1 11191.0 0.0 11378 2451 7454.222222222223 9
stats: {load,"os_mon@test3"} 1 1.16015625 0.0 1.78125 1.1015625 1.348046875 10
stats: {cpu,"os_mon@test2"} 1 40.67976633032395 0.0 48.70164281928987 1.9558676028084254 32.97835905258196 10
stats: {freemem,"os_mon@test3"} 1 1107.67578125 0.0 1513.4765625 1107.67578125 1386.82734375 10
stats: {recvpackets,"os_mon@test4"} 1 14862.0 0.0 15356 3542 10293.0 9
stats: {sentpackets,"os_mon@test4"} 1 11204.0 0.0 11352 2430 7448.0 9
stats: {cpu,"os_mon@test4"} 1 58.086680761099366 0.0 58.086680761099366 1.951951951951952 29.76825242867555 10
stats: {load,"os_mon@myserver"} 1 1.37109375 0.0 2.21875 1.37109375 1.652734375 10
stats: {recvpackets,"os_mon@myserver"} 1 14717.0 0.0 15792 3703 10378.555555555555 9
stats: {sentpackets,"os_mon@myserver"} 1 11109.0 0.0 11637 2543 7507.444444444444 9
stats: {cpu,"os_mon@myserver"} 1 25.519659403956922 0.0 25.55638909727432 1.4831573655103065 21.852903256676264 10
stats: session 700 36687.09071812227 19694.922820697222 89557.78100585938 19.68798828125 14071.287374016629 8610
stats: users_count 3342 28893
stats: finish_users_count 700 9310
stats: 200 15305 158270
stats: request 15305 3757.5660548342603 7224.4631331187575 44984.23388671875 1.0791015625 1928.464999126344 142965
stats: page 704 36579.85482337262 19572.6831956296 89556.5390625 18.155029296875 14002.579713420402 8590
stats: connect 15340 3636.8401854672975 7169.43020415381 31111.726806640625 0.30078125 1827.0941126335065 143075
stats: size_rcv 2112090 21841260
stats: newphase 6 56
stats: size_sent 2035668 21024765
stats: connected 35 145
stats: error_connect_etimedout 691 1161
# stats: dump at 1338896824
stats: users 21628 21676
stats: {load,"os_mon@test2"} 1 1.19921875 0.0 2.109375 1.19921875 1.52734375 11
stats: {recvpackets,"os_mon@test3"} 1 14405.0 0.0 15380 3541 10757.3 10
stats: {sentpackets,"os_mon@test3"} 1 11016.0 0.0 11369 2428 7829.1 10
stats: {freemem,"os_mon@test2"} 1 1136.765625 0.0 1532.625 1136.765625 1404.4975142045455 11
stats: {cpu,"os_mon@test3"} 1 43.85775862068966 0.0 55.80021482277121 2.610441767068273 36.44497881978618 11
stats: {load,"os_mon@test4"} 1 0.91015625 0.0 1.01953125 0.73046875 0.8842329545454546 11
stats: {freemem,"os_mon@test4"} 1 1052.20703125 0.0 1460.20703125 1052.20703125 1333.385653409091 11
stats: {freemem,"os_mon@myserver"} 1 2651.5390625 0.0 2659.2109375 2651.5390625 2655.522372159091 11
stats: {recvpackets,"os_mon@test2"} 1 14406.0 0.0 15393 3572 10756.3 10
stats: {sentpackets,"os_mon@test2"} 1 11008.0 0.0 11378 2451 7827.9 10
stats: {load,"os_mon@test3"} 1 1.05859375 0.0 1.78125 1.05859375 1.3309659090909092 11
stats: {cpu,"os_mon@test2"} 1 47.90322580645161 0.0 48.70164281928987 1.9558676028084254 33.67848698692214 11
stats: {freemem,"os_mon@test3"} 1 1056.62109375 0.0 1513.4765625 1056.62109375 1361.4499289772727 11
stats: {recvpackets,"os_mon@test4"} 1 14414.0 0.0 15356 3542 10749.9 10
stats: {sentpackets,"os_mon@test4"} 1 11026.0 0.0 11352 2430 7823.6 10
stats: {cpu,"os_mon@test4"} 1 40.41867954911433 0.0 58.086680761099366 1.951951951951952 32.34265500435044 11
stats: {load,"os_mon@myserver"} 1 1.3984375 0.0 2.21875 1.37109375 1.6271306818181819 11
stats: {recvpackets,"os_mon@myserver"} 1 14441.0 0.0 15792 3703 10812.4 10
stats: {sentpackets,"os_mon@myserver"} 1 11166.0 0.0 11637 2543 7867.6 10
stats: {cpu,"os_mon@myserver"} 1 25.37386614366266 0.0 25.55638909727432 1.4831573655103065 22.18624472461087 11
stats: session 781 46566.65296832484 25414.85467683135 100437.71704101563 19.68798828125 15771.723715678705 9310
stats: users_count 2826 31719
stats: finish_users_count 781 10091
stats: page 767 46004.80383316701 25198.463136191036 100435.82177734375 18.155029296875 15712.758503758938 9294
stats: 200 15346 173616
stats: request 15346 3897.86409116496 7143.933014666783 44984.23388671875 1.0791015625 2105.342434253719 158270
stats: connect 15341 3661.9544337567268 7120.169762533883 31111.726806640625 0.30078125 2002.3395424051214 158415
stats: size_rcv 2117748 23959008
stats: newphase 4 60
stats: size_sent 2036927 23061692
stats: connected -5 140
stats: error_connect_etimedout 1368 2529
# stats: dump at 1338896834
stats: users 24059 24073
stats: {load,"os_mon@test2"} 1 1.25 0.0 2.109375 1.19921875 1.5 12
stats: {recvpackets,"os_mon@test3"} 1 14708.0 0.0 15380 3541 11088.90909090909 11
stats: {sentpackets,"os_mon@test3"} 1 11464.0 0.0 11464 2428 8118.818181818182 11
stats: {freemem,"os_mon@test2"} 1 1105.18359375 0.0 1532.625 1105.18359375 1382.1865234375 12
stats: {cpu,"os_mon@test3"} 1 64.38868126001069 0.0 64.38868126001069 2.610441767068273 37.062710469861464 12
stats: {load,"os_mon@test4"} 1 0.76953125 0.0 1.01953125 0.73046875 0.8863932291666666 12
stats: {freemem,"os_mon@test4"} 1 1036.59375 0.0 1460.20703125 1036.59375 1309.9541015625 12
stats: {freemem,"os_mon@myserver"} 1 2651.5625 0.0 2659.2109375 2651.5390625 2655.1904296875 12
stats: {recvpackets,"os_mon@test2"} 1 14704.0 0.0 15393 3572 11088.09090909091 11
stats: {sentpackets,"os_mon@test2"} 1 11473.0 0.0 11473 2451 8117.0 11
stats: {load,"os_mon@test3"} 1 1.05078125 0.0 1.78125 1.05078125 1.3082682291666667 12
stats: {cpu,"os_mon@test2"} 1 41.39957264957265 0.0 48.70164281928987 1.9558676028084254 34.86388188854959 12
stats: {freemem,"os_mon@test3"} 1 955.78515625 0.0 1513.4765625 955.78515625 1336.0475260416667 12
stats: {recvpackets,"os_mon@test4"} 1 14678.0 0.0 15356 3542 11083.0 11
stats: {sentpackets,"os_mon@test4"} 1 11440.0 0.0 11440 2430 8114.727272727273 11
stats: {cpu,"os_mon@test4"} 1 28.563685636856366 0.0 58.086680761099366 1.951951951951952 33.01565704974743 12
stats: {load,"os_mon@myserver"} 1 1.328125 0.0 2.21875 1.328125 1.6080729166666667 12
stats: {recvpackets,"os_mon@myserver"} 1 14663.0 0.0 15792 3703 11142.272727272728 11
stats: {sentpackets,"os_mon@myserver"} 1 11344.0 0.0 11637 2543 8167.454545454545 11
stats: {cpu,"os_mon@myserver"} 1 25.488232348522782 0.0 25.55638909727432 1.4831573655103065 22.451879842865186 12
stats: session 798 52123.56062733738 27797.714502337014 103557.22094726563 19.68798828125 18155.118795087747 10091
stats: users_count 3229 34948
stats: finish_users_count 798 10889
stats: request 15479 3740.252054777972 7164.153446096386 56268.72998046875 1.0791015625 2263.7842676501796 173616
stats: connect 15471 3530.9298331227546 7144.566237000115 31111.726806640625 0.30078125 2148.867731637292 173756
stats: page 811 51909.77885194301 27712.13248519642 103555.05004882813 18.155029296875 18022.071570815493 10061
stats: 200 15479 189095
stats: size_rcv 2136102 26095110
stats: newphase 5 65
stats: size_sent 2054309 25116001
stats: connected -8 132
stats: error_connect_etimedout 1306 3835
# stats: dump at 1338896844
stats: users 26006 26006
stats: {load,"os_mon@test2"} 1 1.3515625 0.0 2.109375 1.19921875 1.4807692307692308 13
stats: {recvpackets,"os_mon@test3"} 1 16082.0 0.0 16082 3541 11390.5 12
stats: {sentpackets,"os_mon@test3"} 1 12354.0 0.0 12354 2428 8397.583333333334 12
stats: {freemem,"os_mon@test2"} 1 1039.75 0.0 1532.625 1039.75 1360.8786057692307 13
stats: {cpu,"os_mon@test3"} 1 52.08110992529349 0.0 64.38868126001069 2.610441767068273 39.16470822294987 13
stats: {load,"os_mon@test4"} 1 1.12890625 0.0 1.12890625 0.73046875 0.8774038461538461 13
stats: {freemem,"os_mon@test4"} 1 991.7265625 0.0 1460.20703125 991.7265625 1288.9263822115386 13
stats: {freemem,"os_mon@myserver"} 1 2651.046875 0.0 2659.2109375 2651.046875 2654.911358173077 13
stats: {recvpackets,"os_mon@test2"} 1 16023.0 0.0 16023 3572 11389.416666666666 12
stats: {sentpackets,"os_mon@test2"} 1 12309.0 0.0 12309 2451 8396.666666666666 12
stats: {load,"os_mon@test3"} 1 0.9609375 0.0 1.78125 0.9609375 1.2884615384615385 13
stats: {cpu,"os_mon@test2"} 1 50.348525469168905 0.0 50.348525469168905 1.9558676028084254 35.36662733170521 13
stats: {freemem,"os_mon@test3"} 1 899.63671875 0.0 1513.4765625 899.63671875 1306.7965745192307 13
stats: {recvpackets,"os_mon@test4"} 1 16068.0 0.0 16068 3542 11382.583333333334 12
stats: {sentpackets,"os_mon@test4"} 1 12341.0 0.0 12341 2430 8391.833333333334 12
stats: {cpu,"os_mon@test4"} 1 40.83288263926447 0.0 58.086680761099366 1.951951951951952 32.673197710294275 13
stats: {load,"os_mon@myserver"} 1 1.359375 0.0 2.21875 1.328125 1.5865384615384615 13
stats: {recvpackets,"os_mon@myserver"} 1 16117.0 0.0 16117 3703 11435.666666666666 12
stats: {sentpackets,"os_mon@myserver"} 1 12383.0 0.0 12383 2543 8432.166666666666 12
stats: {cpu,"os_mon@myserver"} 1 25.425851703406817 0.0 25.55638909727432 1.4831573655103065 22.685445420223463 13
stats: session 778 57847.827877407515 30482.88016993802 117848.71484375 19.68798828125 20644.494916139745 10889
stats: users_count 2725 37673
stats: finish_users_count 778 11667
stats: 200 15173 204268
stats: request 15173 3937.9510062397526 7153.764609368142 56268.72998046875 1.0791015625 2384.6454478873675 189095
stats: page 774 56253.79166130441 30476.43415056028 117846.38403320313 18.155029296875 20549.934945079145 10872
stats: connect 15172 3770.3304627929183 7147.592620189001 31111.726806640625 0.30078125 2261.863671815393 189227
stats: size_rcv 2093874 28188984
stats: newphase 6 71
stats: size_sent 2014436 27130437
stats: connected -1 131
stats: error_connect_etimedout 1857 5692
# stats: dump at 1338896854
stats: users 28985 28986
stats: {load,"os_mon@test2"} 1 1.30078125 0.0 2.109375 1.19921875 1.4715401785714286 14
stats: {recvpackets,"os_mon@test3"} 1 15715.0 0.0 16082 3541 11751.384615384615 13
stats: {sentpackets,"os_mon@test3"} 1 12384.0 0.0 12384 2428 8701.923076923076 13
stats: {freemem,"os_mon@test2"} 1 1014.4296875 0.0 1532.625 1014.4296875 1337.9408482142858 14
stats: {cpu,"os_mon@test3"} 1 55.34188034188035 0.0 64.38868126001069 2.610441767068273 40.08730834454584 14
stats: {load,"os_mon@test4"} 1 1.1015625 0.0 1.12890625 0.73046875 0.8953683035714286 14
stats: {freemem,"os_mon@test4"} 1 928.765625 0.0 1460.20703125 928.765625 1267.6978236607142 14
stats: {freemem,"os_mon@myserver"} 1 2648.3359375 0.0 2659.2109375 2648.3359375 2654.635323660714 14
stats: {recvpackets,"os_mon@test2"} 1 15691.0 0.0 16023 3572 11745.846153846154 13
stats: {sentpackets,"os_mon@test2"} 1 12369.0 0.0 12369 2451 8697.615384615385 13
stats: {load,"os_mon@test3"} 1 1.0390625 0.0 1.78125 0.9609375 1.2650669642857142 14
stats: {cpu,"os_mon@test2"} 1 39.0625 0.0 50.348525469168905 1.9558676028084254 36.43676291295262 14
stats: {freemem,"os_mon@test3"} 1 829.453125 0.0 1513.4765625 829.453125 1277.7137276785713 14
stats: {recvpackets,"os_mon@test4"} 1 15628.0 0.0 16068 3542 11743.0 13
stats: {sentpackets,"os_mon@test4"} 1 12327.0 0.0 12341 2430 8695.615384615385 13
stats: {cpu,"os_mon@test4"} 1 45.35637149028078 0.0 58.086680761099366 1.951951951951952 33.25603234807786 14
stats: {load,"os_mon@myserver"} 1 1.30078125 0.0 2.21875 1.30078125 1.5703125 14
stats: {recvpackets,"os_mon@myserver"} 1 16464.0 0.0 16464 3703 11795.76923076923 13
stats: {sentpackets,"os_mon@myserver"} 1 12878.0 0.0 12878 2543 8736.076923076924 13
stats: {cpu,"os_mon@myserver"} 1 25.68922305764411 0.0 25.68922305764411 1.4831573655103065 22.88118872616513 14
stats: session 735 64870.30668015253 32461.076074858494 126690.2548828125 19.68798828125 23125.354866758273 11667
stats: users_count 3714 41387
stats: finish_users_count 735 12402
stats: request 15159 4063.587465702106 7432.999796880413 56268.72998046875 1.0791015625 2500.024779142781 204268
stats: page 735 63999.97172486182 32594.02446927881 126688.42602539063 18.155029296875 22922.834232247133 11646
stats: connect 15178 3803.5720602657025 7355.596265148688 31111.726806640625 0.30078125 2373.833192961343 204399
stats: 200 15159 219427
stats: size_rcv 2091942 30280926
stats: newphase 6 77
stats: size_sent 2014542 29144979
stats: connected 19 150
stats: error_connect_etimedout 2301 7993
# stats: dump at 1338896864
stats: users 31110 31110
stats: {load,"os_mon@test2"} 1 1.1015625 0.0 2.109375 1.1015625 1.46015625 15
stats: {recvpackets,"os_mon@test3"} 1 17647.0 0.0 17647 3541 12034.5 14
stats: {sentpackets,"os_mon@test3"} 1 13472.0 0.0 13472 2428 8964.92857142857 14
stats: {freemem,"os_mon@test2"} 1 953.296875 0.0 1532.625 953.296875 1316.3734375 15
stats: {cpu,"os_mon@test3"} 1 51.45631067961165 0.0 64.38868126001069 2.610441767068273 41.10427981103481 15
stats: {load,"os_mon@test4"} 1 1.41015625 0.0 1.41015625 0.73046875 0.9091145833333333 15
stats: {freemem,"os_mon@test4"} 1 872.55859375 0.0 1460.20703125 872.55859375 1245.10234375 15
stats: {freemem,"os_mon@myserver"} 1 2650.12109375 0.0 2659.2109375 2648.3359375 2654.215364583333 15
stats: {recvpackets,"os_mon@test2"} 1 17667.0 0.0 17667 3572 12027.642857142857 14
stats: {sentpackets,"os_mon@test2"} 1 13484.0 0.0 13484 2451 8959.857142857143 14
stats: {load,"os_mon@test3"} 1 1.328125 0.0 1.78125 0.9609375 1.25 15
stats: {cpu,"os_mon@test2"} 1 48.44086021505377 0.0 50.348525469168905 1.9558676028084254 36.61181205208911 15
stats: {freemem,"os_mon@test3"} 1 772.0546875 0.0 1513.4765625 772.0546875 1247.8296875 15
stats: {recvpackets,"os_mon@test4"} 1 17747.0 0.0 17747 3542 12020.5 14
stats: {sentpackets,"os_mon@test4"} 1 13542.0 0.0 13542 2430 8955.0 14
stats: {cpu,"os_mon@test4"} 1 43.95008138903961 0.0 58.086680761099366 1.951951951951952 34.06272162422472 15
stats: {load,"os_mon@myserver"} 1 1.26171875 0.0 2.21875 1.26171875 1.55234375 15
stats: {recvpackets,"os_mon@myserver"} 1 16827.0 0.0 16827 3703 12129.214285714286 14
stats: {sentpackets,"os_mon@myserver"} 1 12888.0 0.0 12888 2543 9031.928571428572 14
stats: {cpu,"os_mon@myserver"} 1 25.98997493734336 0.0 25.98997493734336 1.4831573655103065 23.068391014930395 15
stats: session 790 74226.91988231806 34171.59310959426 133711.82202148438 19.68798828125 25599.3541880649 12402
stats: users_count 2915 44302
stats: finish_users_count 790 13192
stats: request 15241 4142.2826603482135 7570.237361505771 56268.72998046875 1.0791015625 2608.0426929161667 219427
stats: page 795 72591.90343823702 34417.22566381104 132336.06811523438 18.155029296875 25361.384919354135 12381
stats: connect 15222 3876.892150951079 7580.1800861494985 31111.726806640625 0.30078125 2472.6621984033773 219577
stats: 200 15241 234668
stats: size_rcv 2103258 32384184
stats: newphase 5 82
stats: size_sent 2021010 31165989
stats: connected -19 131
stats: error_connect_etimedout 2557 10550
# stats: dump at 1338896874
stats: users 33180 33180
stats: {load,"os_mon@test2"} 1 1.0 0.0 2.109375 1.0 1.437744140625 16
stats: {recvpackets,"os_mon@test3"} 1 16417.0 0.0 17647 3541 12408.666666666666 15
stats: {sentpackets,"os_mon@test3"} 1 12994.0 0.0 13472 2428 9265.4 15
stats: {freemem,"os_mon@test2"} 1 902.6171875 0.0 1532.625 902.6171875 1293.68115234375 16
stats: {cpu,"os_mon@test3"} 1 49.919137466307276 0.0 64.38868126001069 2.610441767068273 41.75128174032086 16
stats: {load,"os_mon@test4"} 1 1.33984375 0.0 1.41015625 0.73046875 0.9404296875 16
stats: {freemem,"os_mon@test4"} 1 806.5 0.0 1460.20703125 806.5 1221.818359375 16
stats: {freemem,"os_mon@myserver"} 1 2650.375 0.0 2659.2109375 2648.3359375 2653.95947265625 16
stats: {recvpackets,"os_mon@test2"} 1 16401.0 0.0 17667 3572 12403.6 15
stats: {sentpackets,"os_mon@test2"} 1 12983.0 0.0 13484 2451 9261.466666666667 15
stats: {load,"os_mon@test3"} 1 1.4296875 0.0 1.78125 0.9609375 1.2548828125 16
stats: {cpu,"os_mon@test2"} 1 50.64864864864865 0.0 50.64864864864865 1.9558676028084254 37.3511275622744 16
stats: {freemem,"os_mon@test3"} 1 726.09765625 0.0 1513.4765625 726.09765625 1218.09375 16
stats: {recvpackets,"os_mon@test4"} 1 16389.0 0.0 17747 3542 12402.266666666666 15
stats: {sentpackets,"os_mon@test4"} 1 12975.0 0.0 13542 2430 9260.8 15
stats: {cpu,"os_mon@test4"} 1 50.24523160762943 0.0 58.086680761099366 1.951951951951952 34.68068160952565 16
stats: {load,"os_mon@myserver"} 1 1.21875 0.0 2.21875 1.21875 1.5341796875 16
stats: {recvpackets,"os_mon@myserver"} 1 16720.0 0.0 16827 3703 12442.4 15
stats: {sentpackets,"os_mon@myserver"} 1 13208.0 0.0 13208 2543 9289.0 15
stats: {cpu,"os_mon@myserver"} 1 25.51326990485729 0.0 25.98997493734336 1.4831573655103065 23.250990010081203 16
stats: session 896 80836.30834497728 34355.218309384276 145255.6279296875 19.68798828125 28511.40519613494 13192
stats: users_count 2966 47268
stats: finish_users_count 896 14088
stats: request 15336 4375.318302972391 7474.392728520872 56268.72998046875 1.0791015625 2707.6870898668876 234668
stats: page 895 78576.4007092353 35083.31279432387 145254.10986328125 18.155029296875 28211.131596836825 13176
stats: connect 15343 3905.1061397826734 7418.106723279209 31111.726806640625 0.30078125 2563.6983115796734 234799
stats: 200 15336 250004
stats: size_rcv 2116368 34500552
stats: newphase 5 87
stats: size_sent 2036277 33202266
stats: connected 7 138
stats: error_connect_etimedout 2541 13091
# stats: dump at 1338896884
stats: users 35415 35415
stats: {load,"os_mon@test2"} 1 1.0703125 0.0 2.109375 1.0 1.4119944852941178 17
stats: {recvpackets,"os_mon@test3"} 1 18520.0 0.0 18520 3541 12659.1875 16
stats: {sentpackets,"os_mon@test3"} 1 14423.0 0.0 14423 2428 9498.4375 16
stats: {freemem,"os_mon@test2"} 1 853.39453125 0.0 1532.625 853.39453125 1270.6773897058824 17
stats: {cpu,"os_mon@test3"} 1 52.56895619253651 0.0 64.38868126001069 2.610441767068273 42.23174384184947 17
stats: {load,"os_mon@test4"} 1 1.37890625 0.0 1.41015625 0.73046875 0.9639246323529411 17
stats: {freemem,"os_mon@test4"} 1 750.1484375 0.0 1460.20703125 750.1484375 1197.3878676470588 17
stats: {freemem,"os_mon@myserver"} 1 2650.0546875 0.0 2659.2109375 2648.3359375 2653.7486213235293 17
stats: {recvpackets,"os_mon@test2"} 1 18493.0 0.0 18493 3572 12653.4375 16
stats: {sentpackets,"os_mon@test2"} 1 14404.0 0.0 14404 2451 9494.0625 16
stats: {load,"os_mon@test3"} 1 1.609375 0.0 1.78125 0.9609375 1.2651654411764706 17
stats: {cpu,"os_mon@test2"} 1 50.59912854030502 0.0 50.64864864864865 1.9558676028084254 38.133334685002296 17
stats: {freemem,"os_mon@test3"} 1 672.95703125 0.0 1513.4765625 672.95703125 1189.1528033088234 17
stats: {recvpackets,"os_mon@test4"} 1 18436.0 0.0 18436 3542 12651.4375 16
stats: {sentpackets,"os_mon@test4"} 1 14358.0 0.0 14358 2430 9492.9375 16
stats: {cpu,"os_mon@test4"} 1 49.649217485159205 0.0 58.086680761099366 1.951951951951952 35.596243374119986 17
stats: {load,"os_mon@myserver"} 1 1.1796875 0.0 2.21875 1.1796875 1.515625 17
stats: {recvpackets,"os_mon@myserver"} 1 18093.0 0.0 18093 3703 12709.75 16
stats: {sentpackets,"os_mon@myserver"} 1 14179.0 0.0 14179 2543 9533.9375 16
stats: {cpu,"os_mon@myserver"} 1 25.413533834586467 0.0 25.98997493734336 1.4831573655103065 23.384065298009208 17
stats: session 798 85334.0362744628 34521.183463826885 160662.97485351563 19.68798828125 31839.280921671758 14088
stats: users_count 3033 50301
stats: finish_users_count 798 14886
stats: request 15348 4401.9891233347125 7671.4766957559095 87292.85107421875 1.0791015625 2809.984622243114 250004
stats: page 806 83717.93297461401 34808.14087621113 160660.86206054688 18.155029296875 31414.66481093651 14071
stats: connect 15343 3940.41165439795 7576.833936131738 31111.726806640625 0.30078125 2645.9764588245125 250142
stats: 200 15348 265352
stats: size_rcv 2118024 36618576
stats: newphase 6 93
stats: size_sent 2036453 35238719
stats: connected -5 133
stats: error_connect_etimedout 2861 15952
# stats: dump at 1338896894
stats: users 38113 38113
stats: {load,"os_mon@test2"} 1 0.98828125 0.0 2.109375 0.98828125 1.3930121527777777 18
stats: {recvpackets,"os_mon@test3"} 1 17457.0 0.0 18520 3541 13003.941176470587 17
stats: {sentpackets,"os_mon@test3"} 1 14665.0 0.0 14665 2428 9788.117647058823 17
stats: {freemem,"os_mon@test2"} 1 813.75390625 0.0 1532.625 813.75390625 1247.4950086805557 18
stats: {cpu,"os_mon@test3"} 1 60.752688172043015 0.0 64.38868126001069 2.610441767068273 42.80603341688764 18
stats: {load,"os_mon@test4"} 1 1.23828125 0.0 1.41015625 0.73046875 0.9869791666666666 18
stats: {freemem,"os_mon@test4"} 1 683.46875 0.0 1460.20703125 683.46875 1172.541232638889 18
stats: {freemem,"os_mon@myserver"} 1 2649.859375 0.0 2659.2109375 2648.3359375 2653.543402777778 18
stats: {recvpackets,"os_mon@test2"} 1 17467.0 0.0 18493 3572 12996.941176470587 17
stats: {sentpackets,"os_mon@test2"} 1 14675.0 0.0 14675 2451 9782.882352941177 17
stats: {load,"os_mon@test3"} 1 1.671875 0.0 1.78125 0.9609375 1.2842881944444444 18
stats: {cpu,"os_mon@test2"} 1 47.06521739130435 0.0 50.64864864864865 1.9558676028084254 38.825878788074675 18
stats: {freemem,"os_mon@test3"} 1 594.6953125 0.0 1513.4765625 594.6953125 1160.4752604166667 18
stats: {recvpackets,"os_mon@test4"} 1 17498.0 0.0 18436 3542 12991.70588235294 17
stats: {sentpackets,"os_mon@test4"} 1 14702.0 0.0 14702 2430 9779.117647058823 17
stats: {cpu,"os_mon@test4"} 1 52.54329004329005 0.0 58.086680761099366 1.951951951951952 36.37696415806661 18
stats: {load,"os_mon@myserver"} 1 1.1484375 0.0 2.21875 1.1484375 1.4969618055555556 18
stats: {recvpackets,"os_mon@myserver"} 1 18232.0 0.0 18232 3703 13026.411764705883 17
stats: {sentpackets,"os_mon@myserver"} 1 15153.0 0.0 15153 2543 9807.176470588236 17
stats: {cpu,"os_mon@myserver"} 1 25.46365914786967 0.0 25.98997493734336 1.4831573655103065 23.496813550041278 18
stats: session 750 88763.2960472005 36435.76223026715 166418.7509765625 19.68798828125 34706.996545178896 14886
stats: users_count 3448 53749
stats: finish_users_count 750 15636
stats: request 15266 4084.9828233972207 7357.723390153108 87292.85107421875 1.0791015625 2902.0664044899177 265352
stats: page 745 86359.46779539376 37409.34911385478 166417.44604492188 18.155029296875 34248.329806562244 14877
stats: connect 15254 3701.1119811299486 7310.637843562986 31111.726806640625 0.30078125 2720.7849007541254 265485
stats: 200 15266 280618
stats: size_rcv 2106708 38725284
stats: newphase 4 97
stats: size_sent 2025722 37264441
stats: connected -12 121
stats: error_connect_etimedout 2975 18927
# stats: dump at 1338896904
stats: users 40807 40827
stats: {load,"os_mon@test2"} 1 1.0703125 0.0 2.109375 0.98828125 1.3717105263157894 19
stats: {recvpackets,"os_mon@test3"} 1 19563.0 0.0 19563 3541 13251.333333333334 18
stats: {sentpackets,"os_mon@test3"} 1 15724.0 0.0 15724 2428 10059.055555555555 18
stats: {freemem,"os_mon@test2"} 1 764.71875 0.0 1532.625 764.71875 1224.6665296052631 19
stats: {cpu,"os_mon@test3"} 1 58.74799357945425 0.0 64.38868126001069 2.610441767068273 43.75059419347476 19
stats: {load,"os_mon@test4"} 1 1.2890625 0.0 1.41015625 0.73046875 1.000205592105263 19
stats: {freemem,"os_mon@test4"} 1 619.84765625 0.0 1460.20703125 619.84765625 1146.8005756578948 19
stats: {freemem,"os_mon@myserver"} 1 2649.47265625 0.0 2659.2109375 2648.3359375 2653.3495065789475 19
stats: {recvpackets,"os_mon@test2"} 1 19509.0 0.0 19509 3572 13245.277777777777 18
stats: {sentpackets,"os_mon@test2"} 1 15690.0 0.0 15690 2451 10054.666666666666 18
stats: {load,"os_mon@test3"} 1 1.421875 0.0 1.78125 0.9609375 1.3046875 19
stats: {cpu,"os_mon@test2"} 1 49.97307485191168 0.0 50.64864864864865 1.9558676028084254 39.25952818824466 19
stats: {freemem,"os_mon@test3"} 1 520.13671875 0.0 1513.4765625 520.13671875 1130.6973684210527 19
stats: {recvpackets,"os_mon@test4"} 1 19497.0 0.0 19497 3542 13242.055555555555 18
stats: {sentpackets,"os_mon@test4"} 1 15680.0 0.0 15680 2430 10052.611111111111 18
stats: {cpu,"os_mon@test4"} 1 51.08342361863488 0.0 58.086680761099366 1.951951951951952 37.227823415183636 19
stats: {load,"os_mon@myserver"} 1 1.12890625 0.0 2.21875 1.12890625 1.4786184210526316 19
stats: {recvpackets,"os_mon@myserver"} 1 19488.0 0.0 19488 3703 13315.611111111111 18
stats: {sentpackets,"os_mon@myserver"} 1 15661.0 0.0 15661 2543 10104.166666666666 18
stats: {cpu,"os_mon@myserver"} 1 25.444973677613437 0.0 25.98997493734336 1.4831573655103065 23.60033173940067 19
stats: session 717 96123.38927150064 39200.46915521149 178253.19409179688 19.68798828125 37299.87353587448 15636
stats: users_count 3411 57160
stats: finish_users_count 717 16353
stats: request 14910 3883.500803650026 7299.807315971435 87292.85107421875 1.0791015625 2966.4186629018473 280618
stats: page 715 93581.69621667388 40533.35399287723 178251.80004882813 18.155029296875 36733.46601202118 15622
stats: connect 14933 3556.3997379211814 7180.663528790153 31116.94482421875 0.30078125 2774.0511348151317 280739
stats: 200 14910 295528
stats: size_rcv 2057580 40782864
stats: newphase 4 101
stats: size_sent 1982292 39246733
stats: connected 23 144
stats: error_connect_etimedout 3808 22735
stats: error_abort 1 1
EndMonitor:{1338,896907,296056}
