# stats: dump at 1338993416
stats: users 0 0
stats: {cpu,"os_mon@test3"} 1 7.771952042674261 0 7.771952042674261 7.771952042674261 0 0
stats: {freemem,"os_mon@myserver"} 1 1488.2578125 0 1488.2578125 1488.2578125 0 0
stats: {load,"os_mon@test3"} 1 1.58984375 0 1.58984375 1.58984375 0 0
stats: {freemem,"os_mon@test3"} 1 1416.01171875 0 1416.01171875 1416.01171875 0 0
stats: {load,"os_mon@myserver"} 1 5.28125 0 5.28125 5.28125 0 0
stats: {cpu,"os_mon@myserver"} 1 29.671754205104232 0 29.671754205104232 29.671754205104232 0 0
# stats: dump at 1338993426
stats: users 5 7
stats: {load,"os_mon@test2"} 1 1.03125 0 1.03125 1.03125 0 0
stats: {recvpackets,"os_mon@test3"} 1 1100 0 1100 1100 0 0
stats: {sentpackets,"os_mon@test3"} 1 816 0 816 816 0 0
stats: {freemem,"os_mon@test2"} 1 1431.71484375 0 1431.71484375 1431.71484375 0 0
stats: {cpu,"os_mon@test3"} 1 2.506265664160401 0.0 7.771952042674261 2.506265664160401 7.771952042674261 1
stats: {load,"os_mon@test4"} 1 1.171875 0 1.171875 1.171875 0 0
stats: {freemem,"os_mon@test4"} 1 1584.390625 0 1584.390625 1584.390625 0 0
stats: {freemem,"os_mon@myserver"} 1 1489.5546875 0.0 1489.5546875 1488.2578125 1488.2578125 1
stats: {load,"os_mon@test3"} 1 1.5703125 0.0 1.58984375 1.5703125 1.58984375 1
stats: {cpu,"os_mon@test2"} 1 3.7279596977329974 0 3.7279596977329974 3.7279596977329974 0 0
stats: {freemem,"os_mon@test3"} 1 1415.67578125 0.0 1416.01171875 1415.67578125 1416.01171875 1
stats: {load,"os_mon@myserver"} 1 4.46875 0.0 5.28125 4.46875 5.28125 1
stats: {recvpackets,"os_mon@myserver"} 1 1001 0 1001 1001 0 0
stats: {sentpackets,"os_mon@myserver"} 1 700 0 700 700 0 0
stats: {cpu,"os_mon@test4"} 1 2.1042084168336674 0 2.1042084168336674 2.1042084168336674 0 0
stats: {cpu,"os_mon@myserver"} 1 2.195306585919758 0.0 29.671754205104232 2.195306585919758 29.671754205104232 1
stats: session 885 13.28341305835099 3.6330865809558466 41.408935546875 9.22998046875 0 0
stats: users_count 890 890
stats: finish_users_count 885 885
stats: request 8600 1.0321449457212946 0.6739691018948776 13.489013671875 0.27197265625 0 0
stats: page 860 10.888066917242 3.142495557634225 37.6259765625 7.93798828125 0 0
stats: connect 860 1.2478484397710754 0.6134002002229296 9.726806640625 0.587158203125 0 0
stats: 200 8600 8600
stats: size_rcv 920200 920200
stats: size_sent 1139880 1139880
stats: connected 0 0
# stats: dump at 1338993436
stats: users 2 12
stats: {load,"os_mon@test2"} 1 0.87109375 0.0 1.03125 0.87109375 1.03125 1
stats: {recvpackets,"os_mon@test3"} 1 5061.0 0.0 5061 1100 1.1e3 1
stats: {sentpackets,"os_mon@test3"} 1 3394.0 0.0 3394 816 816.0 1
stats: {freemem,"os_mon@test2"} 1 1431.25390625 0.0 1431.71484375 1431.25390625 1431.71484375 1
stats: {cpu,"os_mon@test3"} 1 7.684373388344508 0.0 7.771952042674261 2.506265664160401 5.139108853417331 2
stats: {load,"os_mon@test4"} 1 1.0703125 0.0 1.171875 1.0703125 1.171875 1
stats: {freemem,"os_mon@test4"} 1 1583.55078125 0.0 1584.390625 1583.55078125 1584.390625 1
stats: {freemem,"os_mon@myserver"} 1 1489.42578125 0.0 1489.5546875 1488.2578125 1488.90625 2
stats: {recvpackets,"os_mon@test2"} 1 4999 0 4999 4999 0 0
stats: {sentpackets,"os_mon@test2"} 1 3346 0 3346 3346 0 0
stats: {load,"os_mon@test3"} 1 1.328125 0.0 1.58984375 1.328125 1.580078125 2
stats: {cpu,"os_mon@test2"} 1 11.20331950207469 0.0 11.20331950207469 3.7279596977329974 3.7279596977329974 1
stats: {freemem,"os_mon@test3"} 1 1415.21484375 0.0 1416.01171875 1415.21484375 1415.84375 2
stats: {recvpackets,"os_mon@test4"} 1 5045 0 5045 5045 0 0
stats: {sentpackets,"os_mon@test4"} 1 3374 0 3374 3374 0 0
stats: {load,"os_mon@myserver"} 1 3.78125 0.0 5.28125 3.78125 4.875 2
stats: {recvpackets,"os_mon@myserver"} 1 5068.0 0.0 5068 1001 1001.0 1
stats: {sentpackets,"os_mon@myserver"} 1 3.4e3 0.0 3400 700 700.0 1
stats: {cpu,"os_mon@test4"} 1 6.567470497691123 0.0 6.567470497691123 2.1042084168336674 2.1042084168336674 1
stats: {cpu,"os_mon@myserver"} 1 14.342530449913 0.0 29.671754205104232 2.195306585919758 15.933530395511996 2
stats: session 1831 14.33590509903229 26.81412357796167 1026.974853515625 8.971923828125 13.28341305835099 885
stats: users_count 1828 2718
stats: finish_users_count 1831 2716
stats: request 17738 1.1772681982625564 8.192248292191339 1001.157958984375 0.180908203125 1.0321449457212946 8600
stats: page 1773 12.351893941897561 26.942329710445577 1012.94091796875 7.7958984375 10.888066917242 860
stats: connect 1776 1.818370372325454 23.92137550931443 998.803955078125 0.493896484375 1.2478484397710754 860
stats: 200 17738 26338
stats: size_rcv 1897966 2818166
stats: newphase 6 6
stats: size_sent 2357236 3497116
stats: connected 3 3
# stats: dump at 1338993446
stats: users 3 14
stats: {load,"os_mon@test2"} 1 0.890625 0.0 1.03125 0.87109375 0.951171875 2
stats: {recvpackets,"os_mon@test3"} 1 8904.0 0.0 8904 1100 3080.5 2
stats: {sentpackets,"os_mon@test3"} 1 5961.0 0.0 5961 816 2105.0 2
stats: {freemem,"os_mon@test2"} 1 1431.76171875 0.0 1431.76171875 1431.25390625 1431.484375 2
stats: {cpu,"os_mon@test3"} 1 13.514929282346777 0.0 13.514929282346777 2.506265664160401 5.987530365059723 3
stats: {load,"os_mon@test4"} 1 0.8984375 0.0 1.171875 0.8984375 1.12109375 2
stats: {freemem,"os_mon@test4"} 1 1584.171875 0.0 1584.390625 1583.55078125 1583.970703125 2
stats: {freemem,"os_mon@myserver"} 1 1489.7734375 0.0 1489.7734375 1488.2578125 1489.0794270833333 3
stats: {recvpackets,"os_mon@test2"} 1 8814.0 0.0 8814 4999 4999.0 1
stats: {sentpackets,"os_mon@test2"} 1 5911.0 0.0 5911 3346 3346.0 1
stats: {load,"os_mon@test3"} 1 1.19921875 0.0 1.58984375 1.19921875 1.49609375 3
stats: {cpu,"os_mon@test2"} 1 19.732785200411097 0.0 19.732785200411097 3.7279596977329974 7.465639599903843 2
stats: {freemem,"os_mon@test3"} 1 1415.09375 0.0 1416.01171875 1415.09375 1415.6341145833333 3
stats: {recvpackets,"os_mon@test4"} 1 8717.0 0.0 8717 5045 5045.0 1
stats: {sentpackets,"os_mon@test4"} 1 5847.0 0.0 5847 3374 3374.0 1
stats: {load,"os_mon@myserver"} 1 3.19921875 0.0 5.28125 3.19921875 4.510416666666667 3
stats: {recvpackets,"os_mon@myserver"} 1 8910.0 0.0 8910 1001 3034.5 2
stats: {sentpackets,"os_mon@myserver"} 1 5966.0 0.0 5966 700 2050.0 2
stats: {cpu,"os_mon@test4"} 1 13.537344398340249 0.0 13.537344398340249 2.1042084168336674 4.335839457262395 2
stats: {cpu,"os_mon@myserver"} 1 23.93669634025717 0.0 29.671754205104232 2.195306585919758 15.40319708031233 3
stats: session 2783 13.564649104215336 4.183252566672452 1026.974853515625 8.971923828125 13.992953900209407 2716
stats: users_count 2784 5502
stats: finish_users_count 2783 5499
stats: request 27501 1.1091979734117583 0.7613010706404857 1001.157958984375 0.1298828125 1.1298819133565328 26338
stats: page 2750 11.726447798295451 4.0458737098812465 1012.94091796875 7.7958984375 11.873773455302883 2633
stats: connect 2748 1.1240364974242625 0.6700806860198392 998.803955078125 0.493896484375 1.632236509655968 2636
stats: 200 27501 53839
stats: size_rcv 2942607 5760773
stats: newphase 6 12
stats: size_sent 3648484 7145600
stats: connected -2 1
# stats: dump at 1338993456
stats: users 8 15
stats: {load,"os_mon@test2"} 1 0.828125 0.0 1.03125 0.828125 0.9309895833333334 3
stats: {recvpackets,"os_mon@test3"} 1 12870.0 0.0 12870 1100 5021.666666666667 3
stats: {sentpackets,"os_mon@test3"} 1 8539.0 0.0 8539 816 3390.3333333333335 3
stats: {freemem,"os_mon@test2"} 1 1431.98828125 0.0 1431.98828125 1431.25390625 1431.5768229166667 3
stats: {cpu,"os_mon@test3"} 1 23.8517745302714 0.0 23.8517745302714 2.506265664160401 7.869380094381487 4
stats: {load,"os_mon@test4"} 1 0.83984375 0.0 1.171875 0.83984375 1.046875 3
stats: {freemem,"os_mon@test4"} 1 1583.9453125 0.0 1584.390625 1583.55078125 1584.0377604166667 3
stats: {freemem,"os_mon@myserver"} 1 1490.20703125 0.0 1490.20703125 1488.2578125 1489.2529296875 4
stats: {recvpackets,"os_mon@test2"} 1 12750.0 0.0 12750 4999 6906.5 2
stats: {sentpackets,"os_mon@test2"} 1 8456.0 0.0 8456 3346 4628.5 2
stats: {load,"os_mon@test3"} 1 1.171875 0.0 1.58984375 1.171875 1.421875 4
stats: {cpu,"os_mon@test2"} 1 29.393785022924096 0.0 29.393785022924096 3.7279596977329974 11.55468813340626 3
stats: {freemem,"os_mon@test3"} 1 1415.3515625 0.0 1416.01171875 1415.09375 1415.4990234375 4
stats: {recvpackets,"os_mon@test4"} 1 12674.0 0.0 12674 5045 6881.0 2
stats: {sentpackets,"os_mon@test4"} 1 8410.0 0.0 8410 3374 4610.5 2
stats: {load,"os_mon@myserver"} 1 3.01953125 0.0 5.28125 3.01953125 4.1826171875 4
stats: {recvpackets,"os_mon@myserver"} 1 12888.0 0.0 12888 1001 4993.0 3
stats: {sentpackets,"os_mon@myserver"} 1 8549.0 0.0 8549 700 3355.3333333333335 3
stats: {cpu,"os_mon@test4"} 1 20.87912087912088 0.0 20.87912087912088 2.1042084168336674 7.403007770955013 3
stats: {cpu,"os_mon@myserver"} 1 33.0842052815147 0.0 33.0842052815147 2.195306585919758 17.53657189529854 4
stats: session 3679 13.247236346705966 3.255994401474792 1026.974853515625 8.971923828125 13.776192262229502 5499
stats: users_count 3684 9186
stats: finish_users_count 3679 9178
stats: request 36362 1.088847454556357 0.650355333281566 1001.157958984375 0.1298828125 1.1193165419265054 53839
stats: page 3636 11.506221288632778 3.1533635069515196 1012.94091796875 7.427001953125 11.798509558447888 5383
stats: connect 3638 1.0441079163302296 0.49017150595728637 998.803955078125 0.489013671875 1.3728506193118508 5384
stats: 200 36362 90201
stats: size_rcv 3890734 9651507
stats: newphase 6 18
stats: size_sent 4824108 11969708
stats: connected 2 3
# stats: dump at 1338993466
stats: users 8 24
stats: {load,"os_mon@test2"} 1 0.7109375 0.0 1.03125 0.7109375 0.9052734375 4
stats: {recvpackets,"os_mon@test3"} 1 16509.0 0.0 16509 1100 6983.75 4
stats: {sentpackets,"os_mon@test3"} 1 10901.0 0.0 10901 816 4677.5 4
stats: {freemem,"os_mon@test2"} 1 1432.00390625 0.0 1432.00390625 1431.25390625 1431.6796875 4
stats: {cpu,"os_mon@test3"} 1 28.902953586497894 0.0 28.902953586497894 2.506265664160401 11.065858981559469 5
stats: {load,"os_mon@test4"} 1 0.7109375 0.0 1.171875 0.7109375 0.9951171875 4
stats: {freemem,"os_mon@test4"} 1 1583.81640625 0.0 1584.390625 1583.55078125 1584.0146484375 4
stats: {freemem,"os_mon@myserver"} 1 1490.34375 0.0 1490.34375 1488.2578125 1489.44375 5
stats: {recvpackets,"os_mon@test2"} 1 16396.0 0.0 16396 4999 8854.333333333334 3
stats: {sentpackets,"os_mon@test2"} 1 10831.0 0.0 10831 3346 5904.333333333333 3
stats: {load,"os_mon@test3"} 1 1.1484375 0.0 1.58984375 1.1484375 1.371875 5
stats: {cpu,"os_mon@test2"} 1 35.30612244897959 0.0 35.30612244897959 3.7279596977329974 16.01446235578572 4
stats: {freemem,"os_mon@test3"} 1 1415.1171875 0.0 1416.01171875 1415.09375 1415.46953125 5
stats: {recvpackets,"os_mon@test4"} 1 16430.0 0.0 16430 5045 8812.0 3
stats: {sentpackets,"os_mon@test4"} 1 10852.0 0.0 10852 3374 5877.0 3
stats: {load,"os_mon@myserver"} 1 2.87109375 0.0 5.28125 2.87109375 3.95 5
stats: {recvpackets,"os_mon@myserver"} 1 16495.0 0.0 16495 1001 6966.75 4
stats: {sentpackets,"os_mon@myserver"} 1 10891.0 0.0 10891 700 4653.75 4
stats: {cpu,"os_mon@test4"} 1 26.817702845100104 0.0 26.817702845100104 2.1042084168336674 10.77203604799648 4
stats: {cpu,"os_mon@myserver"} 1 41.224794622852876 0.0 41.224794622852876 2.195306585919758 20.64609857254177 5
stats: session 4788 14.965474599584912 22.38094056138165 1026.974853515625 8.971923828125 13.564160358414826 9178
stats: users_count 4788 13974
stats: finish_users_count 4788 13966
stats: request 47903 1.2319353622571168 5.263333339181386 1002.44091796875 0.1298828125 1.1070337850285403 90201
stats: page 4786 13.033870864402676 17.03805690386015 1012.94091796875 7.427001953125 11.680673861691291 9019
stats: connect 4794 1.285143314722829 14.439254347067921 999.8740234375 0.465087890625 1.2402895515389472 9022
stats: 200 47903 138104
stats: size_rcv 5125621 14777128
stats: newphase 6 24
stats: size_sent 6359511 18329219
stats: connected 8 11
# stats: dump at 1338993476
stats: users 16 57
stats: {load,"os_mon@test2"} 1 0.75 0.0 1.03125 0.7109375 0.86640625 5
stats: {recvpackets,"os_mon@test3"} 1 20721.0 0.0 20721 1100 8888.8 5
stats: {sentpackets,"os_mon@test3"} 1 13561.0 0.0 13561 816 5922.2 5
stats: {freemem,"os_mon@test2"} 1 1431.51953125 0.0 1432.00390625 1431.25390625 1431.74453125 5
stats: {cpu,"os_mon@test3"} 1 37.420718816067655 0.0 37.420718816067655 2.506265664160401 14.038708082382541 6
stats: {load,"os_mon@test4"} 1 0.76171875 0.0 1.171875 0.7109375 0.93828125 5
stats: {freemem,"os_mon@test4"} 1 1583.16015625 0.0 1584.390625 1583.16015625 1583.975 5
stats: {freemem,"os_mon@myserver"} 1 1490.42578125 0.0 1490.42578125 1488.2578125 1489.59375 6
stats: {recvpackets,"os_mon@test2"} 1 20613.0 0.0 20613 4999 10739.75 4
stats: {sentpackets,"os_mon@test2"} 1 13494.0 0.0 13494 3346 7136.0 4
stats: {load,"os_mon@test3"} 1 0.96875 0.0 1.58984375 0.96875 1.3346354166666667 6
stats: {cpu,"os_mon@test2"} 1 44.572864321608044 0.0 44.572864321608044 3.7279596977329974 19.872794374424494 5
stats: {freemem,"os_mon@test3"} 1 1414.625 0.0 1416.01171875 1414.625 1415.4108072916667 6
stats: {recvpackets,"os_mon@test4"} 1 20467.0 0.0 20467 5045 10716.5 4
stats: {sentpackets,"os_mon@test4"} 1 13392.0 0.0 13392 3374 7120.75 4
stats: {load,"os_mon@myserver"} 1 2.5703125 0.0 5.28125 2.5703125 3.7701822916666665 6
stats: {recvpackets,"os_mon@myserver"} 1 20748.0 0.0 20748 1001 8872.4 5
stats: {sentpackets,"os_mon@myserver"} 1 13580.0 0.0 13580 700 5901.2 5
stats: {cpu,"os_mon@test4"} 1 34.159198734844495 0.0 34.159198734844495 2.1042084168336674 13.981169407417203 5
stats: {cpu,"os_mon@myserver"} 1 49.74785678265255 0.0 49.74785678265255 2.195306585919758 24.075881247593625 6
stats: session 5607 19.544367627449567 41.999399165059124 1026.974853515625 8.971923828125 14.044576553941274 13966
stats: users_count 5615 19589
stats: finish_users_count 5607 19573
stats: request 55921 1.7213815635980887 13.306767864004534 1002.44091796875 0.1298828125 1.150357369095479 138104
stats: page 5595 18.004444362991535 44.038277930771514 1020.141845703125 7.427001953125 12.149808295228175 13805
stats: connect 5589 2.4483193742032325 35.321940221725775 1000.057861328125 0.43603515625 1.255853313894443 13816
stats: 200 55921 194025
stats: size_rcv 5983547 20760675
stats: newphase 6 30
stats: size_sent 7420151 25749370
stats: connected -6 5
# stats: dump at 1338993486
stats: users 17 57
stats: {load,"os_mon@test2"} 1 0.94140625 0.0 1.03125 0.7109375 0.8470052083333334 6
stats: {recvpackets,"os_mon@test3"} 1 24093.0 0.0 24093 1100 10860.833333333334 6
stats: {sentpackets,"os_mon@test3"} 1 15759.0 0.0 15759 816 7195.333333333333 6
stats: {freemem,"os_mon@test2"} 1 1431.390625 0.0 1432.00390625 1431.25390625 1431.70703125 6
stats: {cpu,"os_mon@test3"} 1 42.37467018469657 0.0 42.37467018469657 2.506265664160401 17.378995330051843 7
stats: {load,"os_mon@test4"} 1 0.80078125 0.0 1.171875 0.7109375 0.9088541666666666 6
stats: {freemem,"os_mon@test4"} 1 1583.3125 0.0 1584.390625 1583.16015625 1583.8391927083333 6
stats: {freemem,"os_mon@myserver"} 1 1490.44140625 0.0 1490.44140625 1488.2578125 1489.712611607143 7
stats: {recvpackets,"os_mon@test2"} 1 24096.0 0.0 24096 4999 12714.4 5
stats: {sentpackets,"os_mon@test2"} 1 15767.0 0.0 15767 3346 8407.6 5
stats: {load,"os_mon@test3"} 1 0.8203125 0.0 1.58984375 0.8203125 1.2823660714285714 7
stats: {cpu,"os_mon@test2"} 1 50.839694656488554 0.0 50.839694656488554 3.7279596977329974 23.989472698955087 6
stats: {freemem,"os_mon@test3"} 1 1414.6171875 0.0 1416.01171875 1414.6171875 1415.298549107143 7
stats: {recvpackets,"os_mon@test4"} 1 24043.0 0.0 24043 5045 12666.6 5
stats: {sentpackets,"os_mon@test4"} 1 15739.0 0.0 15739 3374 8375.0 5
stats: {load,"os_mon@myserver"} 1 2.3984375 0.0 5.28125 2.3984375 3.5987723214285716 7
stats: {recvpackets,"os_mon@myserver"} 1 24089.0 0.0 24089 1001 10851.666666666666 6
stats: {sentpackets,"os_mon@myserver"} 1 15756.0 0.0 15756 700 7181.0 6
stats: {cpu,"os_mon@test4"} 1 39.5987328405491 0.0 39.5987328405491 2.1042084168336674 17.344174295321753 6
stats: {cpu,"os_mon@myserver"} 1 55.589047977895 0.0 55.589047977895 2.195306585919758 27.743306324030613 7
stats: session 6415 18.341711435295807 24.957390338870418 1026.974853515625 8.971923828125 15.620079979535769 19573
stats: users_count 6416 26005
stats: finish_users_count 6415 25988
stats: request 64013 1.5605002536105972 7.589272352106264 1002.44091796875 0.1298828125 1.314935356369183 194025
stats: page 6397 16.463099463127325 24.88286078268597 1020.141845703125 7.427001953125 13.8382974085857 19400
stats: connect 6405 1.6208042117974222 21.587826110465297 1000.057861328125 0.405029296875 1.599305661797861 19405
stats: 200 64013 258038
stats: size_rcv 6849391 27610066
stats: newphase 6 36
stats: size_sent 8483657 34233027
stats: connected 8 13
# stats: dump at 1338993496
stats: users 13 57
stats: {load,"os_mon@test2"} 1 0.87109375 0.0 1.03125 0.7109375 0.8604910714285714 7
stats: {recvpackets,"os_mon@test3"} 1 27845.0 0.0 27845 1100 12751.142857142857 7
stats: {sentpackets,"os_mon@test3"} 1 18764.0 0.0 18764 816 8418.714285714286 7
stats: {freemem,"os_mon@test2"} 1 1431.140625 0.0 1432.00390625 1431.140625 1431.661830357143 7
stats: {cpu,"os_mon@test3"} 1 47.85373608903021 0.0 47.85373608903021 2.506265664160401 20.503454686882435 8
stats: {load,"os_mon@test4"} 1 0.75 0.0 1.171875 0.7109375 0.8934151785714286 7
stats: {freemem,"os_mon@test4"} 1 1583.0546875 0.0 1584.390625 1583.0546875 1583.763950892857 7
stats: {freemem,"os_mon@myserver"} 1 1490.51171875 0.0 1490.51171875 1488.2578125 1489.8037109375 8
stats: {recvpackets,"os_mon@test2"} 1 27738.0 0.0 27738 4999 14611.333333333334 6
stats: {sentpackets,"os_mon@test2"} 1 18689.0 0.0 18689 3346 9634.166666666666 6
stats: {load,"os_mon@test3"} 1 0.859375 0.0 1.58984375 0.8203125 1.224609375 8
stats: {cpu,"os_mon@test2"} 1 57.64347384459116 0.0 57.64347384459116 3.7279596977329974 27.825218692888438 7
stats: {freemem,"os_mon@test3"} 1 1414.49609375 0.0 1416.01171875 1414.49609375 1415.21337890625 8
stats: {recvpackets,"os_mon@test4"} 1 27666.0 0.0 27666 5045 14562.666666666666 6
stats: {sentpackets,"os_mon@test4"} 1 18641.0 0.0 18641 3374 9602.333333333334 6
stats: {load,"os_mon@myserver"} 1 2.25 0.0 5.28125 2.25 3.44873046875 8
stats: {recvpackets,"os_mon@myserver"} 1 27865.0 0.0 27865 1001 12742.714285714286 7
stats: {sentpackets,"os_mon@myserver"} 1 18779.0 0.0 18779 700 8406.0 7
stats: {cpu,"os_mon@test4"} 1 45.46899841017488 0.0 45.46899841017488 2.1042084168336674 20.52339694463995 7
stats: {cpu,"os_mon@myserver"} 1 61.75288799598192 0.0 61.75288799598192 2.195306585919758 31.224024030763662 8
stats: session 7407 22.935879779051923 44.99958836663583 1047.41796875 8.971923828125 16.291900273082813 25988
stats: users_count 7403 33408
stats: finish_users_count 7407 33395
stats: request 73646 2.0071169680698033 13.769829782150891 1016.387939453125 0.1298828125 1.3758540806156687 258038
stats: page 7364 21.116259971175264 45.04390926433287 1045.244873046875 7.427001953125 14.48918157119774 25797
stats: connect 7370 2.9106287962707746 40.265189892888664 1003.754150390625 0.365966796875 1.604640733969391 25810
stats: 200 73646 331684
stats: size_rcv 7880122 35490188
stats: newphase 6 42
stats: size_sent 9762239 43995266
stats: connected 6 19
# stats: dump at 1338993506
stats: users 27 57
stats: {load,"os_mon@test2"} 1 0.8984375 0.0 1.03125 0.7109375 0.86181640625 8
stats: {recvpackets,"os_mon@test3"} 1 31198.0 0.0 31198 1100 14637.875 8
stats: {sentpackets,"os_mon@test3"} 1 20471.0 0.0 20471 816 9711.875 8
stats: {freemem,"os_mon@test2"} 1 1430.77734375 0.0 1432.00390625 1430.77734375 1431.5966796875 8
stats: {cpu,"os_mon@test3"} 1 54.211087420042645 0.0 54.211087420042645 2.506265664160401 23.542374842676633 9
stats: {load,"os_mon@test4"} 1 0.7890625 0.0 1.171875 0.7109375 0.87548828125 8
stats: {freemem,"os_mon@test4"} 1 1582.94921875 0.0 1584.390625 1582.94921875 1583.67529296875 8
stats: {freemem,"os_mon@myserver"} 1 1490.625 0.0 1490.625 1488.2578125 1489.8823784722222 9
stats: {recvpackets,"os_mon@test2"} 1 31279.0 0.0 31279 4999 16486.571428571428 7
stats: {sentpackets,"os_mon@test2"} 1 20524.0 0.0 20524 3346 10927.714285714286 7
stats: {load,"os_mon@test3"} 1 0.71875 0.0 1.58984375 0.71875 1.1840277777777777 9
stats: {cpu,"os_mon@test2"} 1 66.27551020408163 0.0 66.27551020408163 3.7279596977329974 31.55250058685128 8
stats: {freemem,"os_mon@test3"} 1 1414.51171875 0.0 1416.01171875 1414.49609375 1415.1336805555557 9
stats: {recvpackets,"os_mon@test4"} 1 31202.0 0.0 31202 5045 16434.571428571428 7
stats: {sentpackets,"os_mon@test4"} 1 20468.0 0.0 20468 3374 10893.57142857143 7
stats: {load,"os_mon@myserver"} 1 1.98046875 0.0 5.28125 1.98046875 3.3155381944444446 9
stats: {recvpackets,"os_mon@myserver"} 1 31246.0 0.0 31246 1001 14633.0 8
stats: {sentpackets,"os_mon@myserver"} 1 20499.0 0.0 20499 700 9702.625 8
stats: {cpu,"os_mon@test4"} 1 51.49413020277481 0.0 51.49413020277481 2.1042084168336674 23.641597127831815 8
stats: {cpu,"os_mon@myserver"} 1 67.0103092783505 0.0 67.0103092783505 2.195306585919758 34.616120026899026 9
stats: session 7999 28.39956956899887 56.55169895230756 1047.41796875 8.971923828125 17.765532739042186 33395
stats: users_count 8013 41421
stats: finish_users_count 7999 41394
stats: request 80023 2.5281559066416754 17.33135992237251 1016.387939453125 0.1298828125 1.5160175693864482 331684
stats: page 7997 26.431426860756392 56.06527042044993 1045.244873046875 7.427001953125 15.960844227252576 33161
stats: connect 8004 3.7341671571440855 48.61943489274866 1005.118896484375 0.365966796875 1.8947291010327183 33180
stats: 200 80023 411707
stats: size_rcv 8562461 44052649
stats: newphase 6 48
stats: size_sent 10615573 54610839
stats: connected 7 26
# stats: dump at 1338993516
stats: users 40 95
stats: {load,"os_mon@test2"} 1 1.0703125 0.0 1.0703125 0.7109375 0.8658854166666666 9
stats: {recvpackets,"os_mon@test3"} 1 33949.0 0.0 33949 1100 16477.88888888889 9
stats: {sentpackets,"os_mon@test3"} 1 22169.0 0.0 22169 816 10907.333333333334 9
stats: {freemem,"os_mon@test2"} 1 1430.28515625 0.0 1432.00390625 1430.28515625 1431.505642361111 9
stats: {cpu,"os_mon@test3"} 1 62.0010643959553 0.0 62.0010643959553 2.506265664160401 26.609246100413237 10
stats: {load,"os_mon@test4"} 1 0.828125 0.0 1.171875 0.7109375 0.8658854166666666 9
stats: {freemem,"os_mon@test4"} 1 1582.44921875 0.0 1584.390625 1582.44921875 1583.5946180555557 9
stats: {freemem,"os_mon@myserver"} 1 1490.84375 0.0 1490.84375 1488.2578125 1489.956640625 10
stats: {recvpackets,"os_mon@test2"} 1 33752.0 0.0 33752 4999 18335.625 8
stats: {sentpackets,"os_mon@test2"} 1 22038.0 0.0 22038 3346 12127.25 8
stats: {load,"os_mon@test3"} 1 0.69140625 0.0 1.58984375 0.69140625 1.1375 10
stats: {cpu,"os_mon@test2"} 1 68.19338422391857 0.0 68.19338422391857 3.7279596977329974 35.410612766543544 9
stats: {freemem,"os_mon@test3"} 1 1414.203125 0.0 1416.01171875 1414.203125 1415.071484375 10
stats: {recvpackets,"os_mon@test4"} 1 33631.0 0.0 33631 5045 18280.5 8
stats: {sentpackets,"os_mon@test4"} 1 21956.0 0.0 21956 3374 12090.375 8
stats: {load,"os_mon@myserver"} 1 2.140625 0.0 5.28125 1.98046875 3.18203125 10
stats: {recvpackets,"os_mon@myserver"} 1 33964.0 0.0 33964 1001 16478.88888888889 9
stats: {sentpackets,"os_mon@myserver"} 1 22180.0 0.0 22180 700 10902.222222222223 9
stats: {cpu,"os_mon@test4"} 1 54.35356200527705 0.0 54.35356200527705 2.1042084168336674 26.736323025047703 9
stats: {cpu,"os_mon@myserver"} 1 70.83124687030545 0.0 70.83124687030545 2.195306585919758 37.85553895204417 10
stats: session 8701 55.71814199135699 117.12798480023046 4002.8251953125 8.971923828125 19.820460037752714 41394
stats: users_count 8714 50135
stats: finish_users_count 8701 50095
stats: request 87127 5.201651873172598 32.94413526522478 2954.2060546875 0.1298828125 1.7127456943932493 411707
stats: page 8706 53.517590996645616 116.59284913549678 4000.951904296875 7.427001953125 17.995278585582184 41158
stats: connect 8721 7.58561125130791 77.04099600315193 1030.51123046875 0.365966796875 2.2522189563434067 41184
stats: 200 87127 498834
stats: size_rcv 9322589 53375238
stats: newphase 6 54
stats: size_sent 11559156 66169995
stats: connected 15 41
# stats: dump at 1338993526
stats: users 704 756
stats: {load,"os_mon@test2"} 1 1.05859375 0.0 1.0703125 0.7109375 0.886328125 10
stats: {recvpackets,"os_mon@test3"} 1 36130.0 0.0 36130 1100 18225.0 10
stats: {sentpackets,"os_mon@test3"} 1 23699.0 0.0 23699 816 12033.5 10
stats: {freemem,"os_mon@test2"} 1 1429.12109375 0.0 1432.00390625 1429.12109375 1431.38359375 10
stats: {cpu,"os_mon@test3"} 1 64.49546182594767 0.0 64.49546182594767 2.506265664160401 29.826684127280693 11
stats: {load,"os_mon@test4"} 1 0.859375 0.0 1.171875 0.7109375 0.862109375 10
stats: {freemem,"os_mon@test4"} 1 1582.08203125 0.0 1584.390625 1582.08203125 1583.480078125 10
stats: {freemem,"os_mon@myserver"} 1 1490.421875 0.0 1490.84375 1488.2578125 1490.0372869318182 11
stats: {recvpackets,"os_mon@test2"} 1 36210.0 0.0 36210 4999 20048.555555555555 9
stats: {sentpackets,"os_mon@test2"} 1 23745.0 0.0 23745 3346 13228.444444444445 9
stats: {load,"os_mon@test3"} 1 0.6484375 0.0 1.58984375 0.6484375 1.0969460227272727 11
stats: {cpu,"os_mon@test2"} 1 75.56122448979592 0.0 75.56122448979592 3.7279596977329974 38.68888991228105 10
stats: {freemem,"os_mon@test3"} 1 1413.35546875 0.0 1416.01171875 1413.35546875 1414.9925426136363 11
stats: {recvpackets,"os_mon@test4"} 1 36080.0 0.0 36080 5045 19986.11111111111 9
stats: {sentpackets,"os_mon@test4"} 1 23658.0 0.0 23658 3374 13186.555555555555 9
stats: {load,"os_mon@myserver"} 1 2.26953125 0.0 5.28125 1.98046875 3.0873579545454546 11
stats: {recvpackets,"os_mon@myserver"} 1 36153.0 0.0 36153 1001 18227.4 10
stats: {sentpackets,"os_mon@myserver"} 1 23717.0 0.0 23717 700 12030.0 10
stats: {cpu,"os_mon@test4"} 1 60.99103848181338 0.0 60.99103848181338 2.1042084168336674 29.49804692307064 10
stats: {cpu,"os_mon@myserver"} 1 72.9098669344715 0.0 72.9098669344715 2.195306585919758 40.853330580977016 11
stats: session 8860 352.4412379142121 375.69353136722657 4002.8251953125 8.971923828125 26.055528022148575 50095
stats: users_count 9524 59659
stats: finish_users_count 8860 58955
stats: request 91161 35.058434816625095 76.07294864014412 2954.2060546875 0.1298828125 2.3221226186576502 498834
stats: page 8866 334.1179668169221 366.1049712589478 4000.951904296875 7.427001953125 24.19729310208143 49864
stats: connect 9405 26.89854938156233 153.69902590239852 1404.971923828125 0.365966796875 3.18424008056714 49905
stats: 200 91161 589995
stats: size_rcv 9754227 63129465
stats: newphase 6 60
stats: size_sent 12153362 78323357
stats: connected 539 580
# stats: dump at 1338993536
stats: users 1764 1784
stats: {load,"os_mon@test2"} 1 1.0390625 0.0 1.0703125 0.7109375 0.9019886363636364 11
stats: {recvpackets,"os_mon@test3"} 1 39129.0 0.0 39129 1100 19852.727272727272 11
stats: {sentpackets,"os_mon@test3"} 1 25561.0 0.0 25561 816 13094.0 11
stats: {freemem,"os_mon@test2"} 1 1418.30859375 0.0 1432.00390625 1418.30859375 1431.1779119318182 11
stats: {cpu,"os_mon@test3"} 1 67.4074074074074 0.0 67.4074074074074 2.506265664160401 32.715748935502944 12
stats: {load,"os_mon@test4"} 1 0.94921875 0.0 1.171875 0.7109375 0.8618607954545454 11
stats: {freemem,"os_mon@test4"} 1 1570.33203125 0.0 1584.390625 1570.33203125 1583.3529829545455 11
stats: {freemem,"os_mon@myserver"} 1 1487.09375 0.0 1490.84375 1487.09375 1490.0693359375 12
stats: {recvpackets,"os_mon@test2"} 1 39174.0 0.0 39174 4999 21664.7 10
stats: {sentpackets,"os_mon@test2"} 1 25597.0 0.0 25597 3346 14280.1 10
stats: {load,"os_mon@test3"} 1 0.62890625 0.0 1.58984375 0.62890625 1.0595703125 12
stats: {cpu,"os_mon@test2"} 1 71.33988618727368 0.0 75.56122448979592 3.7279596977329974 42.040920328418764 11
stats: {freemem,"os_mon@test3"} 1 1403.41796875 0.0 1416.01171875 1403.41796875 1414.8561197916667 12
stats: {recvpackets,"os_mon@test4"} 1 38948.0 0.0 38948 5045 21595.5 10
stats: {sentpackets,"os_mon@test4"} 1 25468.0 0.0 25468 3374 14233.7 10
stats: {load,"os_mon@myserver"} 1 2.37890625 0.0 5.28125 1.98046875 3.0192057291666665 12
stats: {recvpackets,"os_mon@myserver"} 1 39182.0 0.0 39182 1001 19857.0 11
stats: {sentpackets,"os_mon@myserver"} 1 25596.0 0.0 25596 700 13092.454545454546 11
stats: {cpu,"os_mon@test4"} 1 65.73830793483972 0.0 65.73830793483972 2.1042084168336674 32.36104615568362 11
stats: {cpu,"os_mon@myserver"} 1 78.67943548387096 0.0 78.67943548387096 2.195306585919758 43.52470861043489 12
stats: session 8972 1127.8232924197355 777.138306774416 6124.45703125 8.971923828125 75.10611558289293 58955
stats: users_count 10032 69691
stats: finish_users_count 8972 67927
stats: request 93342 117.61246525347065 235.2765274814396 8051.953857421875 0.1298828125 7.380258630452514 589995
stats: page 9008 1103.2643279758277 757.4231329449732 5914.01416015625 7.427001953125 70.9835470294742 58730
stats: connect 9937 227.20128287704713 485.6572446890313 3488.847900390625 0.365966796875 6.944703391574724 59310
stats: 200 93342 683337
stats: size_rcv 9987594 73117059
stats: newphase 6 66
stats: size_sent 12501346 90824703
stats: connected 929 1509
# stats: dump at 1338993546
stats: users 3604 3631
stats: {load,"os_mon@test2"} 1 1.03125 0.0 1.0703125 0.7109375 0.9134114583333334 12
stats: {recvpackets,"os_mon@test3"} 1 40827.0 0.0 40827 1100 21459.083333333332 12
stats: {sentpackets,"os_mon@test3"} 1 26735.0 0.0 26735 816 14132.916666666666 12
stats: {freemem,"os_mon@test2"} 1 1402.359375 0.0 1432.00390625 1402.359375 1430.10546875 12
stats: {cpu,"os_mon@test3"} 1 68.63565081024568 0.0 68.63565081024568 2.506265664160401 35.38433804872636 13
stats: {load,"os_mon@test4"} 1 0.96875 0.0 1.171875 0.7109375 0.869140625 12
stats: {freemem,"os_mon@test4"} 1 1554.17578125 0.0 1584.390625 1554.17578125 1582.2679036458333 12
stats: {freemem,"os_mon@myserver"} 1 1480.421875 0.0 1490.84375 1480.421875 1489.8404447115386 13
stats: {recvpackets,"os_mon@test2"} 1 40919.0 0.0 40919 4999 23256.454545454544 11
stats: {sentpackets,"os_mon@test2"} 1 26793.0 0.0 26793 3346 15308.90909090909 11
stats: {load,"os_mon@test3"} 1 0.609375 0.0 1.58984375 0.609375 1.0264423076923077 13
stats: {cpu,"os_mon@test2"} 1 70.45918367346938 0.0 75.56122448979592 3.7279596977329974 44.482500816656675 12
stats: {freemem,"os_mon@test3"} 1 1385.21875 0.0 1416.01171875 1385.21875 1413.9762620192307 13
stats: {recvpackets,"os_mon@test4"} 1 40819.0 0.0 40819 5045 23173.0 11
stats: {sentpackets,"os_mon@test4"} 1 26708.0 0.0 26708 3374 15255.0 11
stats: {load,"os_mon@myserver"} 1 2.48046875 0.0 5.28125 1.98046875 2.969951923076923 13
stats: {recvpackets,"os_mon@myserver"} 1 42179.0 0.0 42179 1001 21467.416666666668 12
stats: {sentpackets,"os_mon@myserver"} 1 27633.0 0.0 27633 700 14134.416666666666 12
stats: {cpu,"os_mon@test4"} 1 65.04751847940867 0.0 65.73830793483972 2.1042084168336674 35.142484637279956 12
stats: {cpu,"os_mon@myserver"} 1 86.24313350847862 0.0 86.24313350847862 2.195306585919758 46.22891836992998 13
stats: session 8778 2450.5841259420745 1363.2173139089175 13879.356201171875 8.971923828125 214.15212836985762 67927
stats: users_count 10618 80309
stats: finish_users_count 8778 76705
stats: request 93451 261.67237467174584 459.88053188851165 11285.97900390625 0.1298828125 22.43768217199316 683337
stats: page 8767 2418.349782643292 1358.1626143884675 13877.9521484375 7.427001953125 208.25930472478188 67738
stats: connect 10032 457.4811369486774 825.9572197933553 10327.90283203125 0.365966796875 38.551699078711195 69247
stats: 200 93451 776788
stats: size_rcv 9999257 83116316
stats: newphase 6 72
stats: size_sent 12560033 103384736
stats: connected 1265 2774
# stats: dump at 1338993556
stats: users 1364 4544
stats: {load,"os_mon@test2"} 1 0.94921875 0.0 1.0703125 0.7109375 0.9224759615384616 13
stats: {recvpackets,"os_mon@test3"} 1 41989.0 0.0 41989 1100 22948.923076923078 13
stats: {sentpackets,"os_mon@test3"} 1 27624.0 0.0 27624 816 15102.307692307691 13
stats: {freemem,"os_mon@test2"} 1 1380.2890625 0.0 1432.00390625 1380.2890625 1427.9711538461538 13
stats: {cpu,"os_mon@test3"} 1 69.65020576131687 0.0 69.65020576131687 2.506265664160401 37.759431817406316 14
stats: {load,"os_mon@test4"} 1 1.12109375 0.0 1.171875 0.7109375 0.8768028846153846 13
stats: {freemem,"os_mon@test4"} 1 1532.0078125 0.0 1584.390625 1532.0078125 1580.1069711538462 13
stats: {freemem,"os_mon@myserver"} 1 1465.5703125 0.0 1490.84375 1465.5703125 1489.167689732143 14
stats: {recvpackets,"os_mon@test2"} 1 42055.0 0.0 42055 4999 24728.333333333332 12
stats: {sentpackets,"os_mon@test2"} 1 27661.0 0.0 27661 3346 16265.916666666666 12
stats: {load,"os_mon@test3"} 1 0.671875 0.0 1.58984375 0.609375 0.9966517857142857 14
stats: {cpu,"os_mon@test2"} 1 71.81818181818181 0.0 75.56122448979592 3.7279596977329974 46.480707190257654 13
stats: {freemem,"os_mon@test3"} 1 1361.9375 0.0 1416.01171875 1361.9375 1411.922154017857 14
stats: {recvpackets,"os_mon@test4"} 1 41879.0 0.0 41879 5045 24643.5 12
stats: {sentpackets,"os_mon@test4"} 1 27550.0 0.0 27550 3374 16209.416666666666 12
stats: {load,"os_mon@myserver"} 1 2.671875 0.0 5.28125 1.98046875 2.9349888392857144 14
stats: {recvpackets,"os_mon@myserver"} 1 50047.0 0.0 50047 1001 23060.615384615383 13
stats: {sentpackets,"os_mon@myserver"} 1 32729.0 0.0 32729 700 15172.76923076923 13
stats: {cpu,"os_mon@test4"} 1 64.29708222811671 0.0 65.73830793483972 2.1042084168336674 37.442871855905246 13
stats: {cpu,"os_mon@myserver"} 1 91.68166366726655 0.0 91.68166366726655 2.195306585919758 49.08707659411203 14
stats: session 9698 3263.9056856922853 2559.51473593631 21055.162841796875 8.971923828125 470.0859015878867 76705
stats: users_count 7458 87767
stats: finish_users_count 9698 86403
stats: request 90333 318.56848839523667 867.2797654361154 19523.333984375 0.1298828125 51.21866391835689 776788
stats: page 9769 3286.107232515449 2541.202544359781 21052.991943359375 7.427001953125 461.52200938345226 76505
stats: connect 8184 818.001931258546 1608.8730762463495 15055.035888671875 0.365966796875 91.56321689189627 79279
stats: 200 90332 867120
stats: size_rcv 9665524 92781840
stats: newphase 6 78
stats: size_sent 11774636 115159372
stats: connected -1586 1188
# stats: dump at 1338993566
stats: users 3293 4585
stats: {load,"os_mon@test2"} 1 1.0390625 0.0 1.0703125 0.7109375 0.9243861607142857 14
stats: {recvpackets,"os_mon@test3"} 1 33302.0 0.0 41989 1100 24308.928571428572 14
stats: {sentpackets,"os_mon@test3"} 1 21865.0 0.0 27624 816 15996.714285714286 14
stats: {freemem,"os_mon@test2"} 1 1378.46875 0.0 1432.00390625 1378.46875 1424.5652901785713 14
stats: {cpu,"os_mon@test3"} 1 72.21937467965147 0.0 72.21937467965147 2.506265664160401 39.88548341366702 15
stats: {load,"os_mon@test4"} 1 1.1015625 0.0 1.171875 0.7109375 0.8942522321428571 14
stats: {freemem,"os_mon@test4"} 1 1529.8046875 0.0 1584.390625 1529.8046875 1576.6713169642858 14
stats: {freemem,"os_mon@myserver"} 1 1462.1015625 0.0 1490.84375 1462.1015625 1487.59453125 15
stats: {recvpackets,"os_mon@test2"} 1 33298.0 0.0 42055 4999 26061.153846153848 13
stats: {sentpackets,"os_mon@test2"} 1 21858.0 0.0 27661 3346 17142.46153846154 13
stats: {load,"os_mon@test3"} 1 0.87109375 0.0 1.58984375 0.609375 0.975 15
stats: {cpu,"os_mon@test2"} 1 60.69070594210258 0.0 75.56122448979592 3.7279596977329974 48.290526806537954 14
stats: {freemem,"os_mon@test3"} 1 1335.59375 0.0 1416.01171875 1335.59375 1408.58984375 15
stats: {recvpackets,"os_mon@test4"} 1 33384.0 0.0 41879 5045 25969.30769230769 13
stats: {sentpackets,"os_mon@test4"} 1 2.19e4 0.0 27550 3374 17081.76923076923 13
stats: {load,"os_mon@myserver"} 1 2.87890625 0.0 5.28125 1.98046875 2.9174479166666667 15
stats: {recvpackets,"os_mon@myserver"} 1 39984.0 0.0 50047 1001 24988.214285714286 14
stats: {sentpackets,"os_mon@myserver"} 1 26583.0 0.0 32729 700 16426.785714285714 14
stats: {cpu,"os_mon@test4"} 1 52.84384694932782 0.0 65.73830793483972 2.1042084168336674 39.36102973963464 14
stats: {cpu,"os_mon@myserver"} 1 83.27081770442611 0.0 91.68166366726655 2.195306585919758 51.92671573232233 15
stats: session 8365 2423.5505898192346 2227.8536182315183 28796.251953125 8.971923828125 783.668349723304 86403
stats: users_count 10294 98061
stats: finish_users_count 8365 94768
stats: request 90602 281.66221939214245 740.3475456449212 27016.2578125 0.1298828125 79.07003840296744 867121
stats: page 8252 2371.6710831997657 2208.924786310189 28794.81201171875 7.427001953125 781.3561777861747 86274
stats: connect 9911 442.1727399490238 1015.5537473749288 18348.48583984375 0.365966796875 159.5368107358836 87463
stats: 200 90602 957722
stats: size_rcv 9694414 102476254
stats: newphase 6 84
stats: size_sent 12239438 127398810
stats: connected 1659 2847
# stats: dump at 1338993576
stats: users 1662 4662
stats: {load,"os_mon@test2"} 1 1.19140625 0.0 1.19140625 0.7109375 0.93203125 15
stats: {recvpackets,"os_mon@test3"} 1 37984.0 0.0 41989 1100 24908.466666666667 15
stats: {sentpackets,"os_mon@test3"} 1 25307.0 0.0 27624 816 16387.933333333334 15
stats: {freemem,"os_mon@test2"} 1 1351.140625 0.0 1432.00390625 1351.140625 1421.4921875 15
stats: {cpu,"os_mon@test3"} 1 61.264425489212236 0.0 72.21937467965147 2.506265664160401 41.906351617791046 16
stats: {load,"os_mon@test4"} 1 1.16015625 0.0 1.171875 0.7109375 0.9080729166666667 15
stats: {freemem,"os_mon@test4"} 1 1524.86328125 0.0 1584.390625 1524.86328125 1573.546875 15
stats: {freemem,"os_mon@myserver"} 0 0 0 1490.84375 1462.1015625 1486.001220703125 16
stats: {recvpackets,"os_mon@test2"} 1 38010.0 0.0 42055 4999 26578.071428571428 14
stats: {sentpackets,"os_mon@test2"} 1 25335.0 0.0 27661 3346 17479.285714285714 14
stats: {load,"os_mon@test3"} 1 0.890625 0.0 1.58984375 0.609375 0.968505859375 16
stats: {cpu,"os_mon@test2"} 1 72.96049256028732 0.0 75.56122448979592 3.7279596977329974 49.11720541557559 15
stats: {freemem,"os_mon@test3"} 1 1322.74609375 0.0 1416.01171875 1322.74609375 1404.027587890625 16
stats: {recvpackets,"os_mon@test4"} 1 38052.0 0.0 41879 5045 26498.928571428572 14
stats: {sentpackets,"os_mon@test4"} 1 25347.0 0.0 27550 3374 17425.928571428572 14
stats: {load,"os_mon@myserver"} 0 0 0 5.28125 1.98046875 2.9150390625 16
stats: {recvpackets,"os_mon@myserver"} 0 0 0 50047 1001 25987.933333333334 15
stats: {sentpackets,"os_mon@myserver"} 0 0 0 32729 700 17103.866666666665 15
stats: {cpu,"os_mon@test4"} 1 62.16779572694111 0.0 65.73830793483972 2.1042084168336674 40.259884220280846 15
stats: {cpu,"os_mon@myserver"} 0 0 0 91.68166366726655 2.195306585919758 53.885722105578814 16
stats: session 9975 3398.565960922813 2858.2046170124436 28927.423095703125 8.971923828125 928.4177898128116 94768
stats: users_count 8344 106405
stats: finish_users_count 9975 104743
stats: request 94437 343.2479690468862 924.0564262171067 27057.2939453125 0.1298828125 98.23555576235135 957723
stats: page 10030 3376.2194144860327 2848.1385144103174 28924.580078125 7.427001953125 920.1886535015648 94526
stats: connect 8762 795.0828935439891 1378.1130636625257 18348.48583984375 0.365966796875 188.3042917311332 97374
stats: 200 94437 1052159
stats: size_rcv 10104759 112581013
stats: newphase 6 90
stats: size_sent 12362905 139761715
stats: connected -1268 1579
# stats: dump at 1338993586
stats: users 2484 4662
stats: {load,"os_mon@test2"} 1 1.23828125 0.0 1.23828125 0.7109375 0.9482421875 16
stats: {recvpackets,"os_mon@test3"} 1 35128.0 0.0 41989 1100 25725.6875 16
stats: {sentpackets,"os_mon@test3"} 1 23330.0 0.0 27624 816 16945.375 16
stats: {freemem,"os_mon@test2"} 1 1342.08203125 0.0 1432.00390625 1342.08203125 1417.09521484375 16
stats: {cpu,"os_mon@test3"} 1 68.7246963562753 0.0 72.21937467965147 2.506265664160401 43.04506184552171 17
stats: {load,"os_mon@test4"} 1 1.2109375 0.0 1.2109375 0.7109375 0.923828125 16
stats: {freemem,"os_mon@test4"} 1 1528.8671875 0.0 1584.390625 1524.86328125 1570.504150390625 16
stats: {freemem,"os_mon@myserver"} 2 1458.02734375 0.296875 1490.84375 1457.73046875 1486.001220703125 16
stats: {recvpackets,"os_mon@test2"} 1 35175.0 0.0 42055 4999 27340.2 15
stats: {sentpackets,"os_mon@test2"} 1 23357.0 0.0 27661 3346 18003.0 15
stats: {load,"os_mon@test3"} 1 0.98828125 0.0 1.58984375 0.609375 0.9639246323529411 17
stats: {cpu,"os_mon@test2"} 1 62.53854059609455 0.0 75.56122448979592 3.7279596977329974 50.607410862120076 16
stats: {freemem,"os_mon@test3"} 1 1308.99609375 0.0 1416.01171875 1308.99609375 1399.2463235294117 17
stats: {recvpackets,"os_mon@test4"} 1 35153.0 0.0 41879 5045 27269.133333333335 15
stats: {sentpackets,"os_mon@test4"} 1 23365.0 0.0 27550 3374 17954.0 15
stats: {load,"os_mon@myserver"} 2 2.904296875 0.005859375 5.28125 1.98046875 2.9150390625 16
stats: {recvpackets,"os_mon@myserver"} 2 41271.5 1280.5 50047 1001 25987.933333333334 15
stats: {sentpackets,"os_mon@myserver"} 2 27428.5 775.5 32729 700 17103.866666666665 15
stats: {cpu,"os_mon@test4"} 1 54.55958549222798 0.0 65.73830793483972 2.1042084168336674 41.629128689447114 16
stats: {cpu,"os_mon@myserver"} 2 86.7782189115915 3.54510142778021 91.68166366726655 2.195306585919758 53.885722105578814 16
stats: session 8327 2818.645925141394 3599.3527707192493 41931.8349609375 8.971923828125 1163.6576436151875 104743
stats: users_count 9149 115554
stats: finish_users_count 8327 113070
stats: request 86443 276.4313186580743 923.0042476168742 35863.3779296875 0.1298828125 120.22673321953621 1052160
stats: page 8333 2851.200893514254 3611.246611653697 41930.108154296875 7.427001953125 1155.7943435879702 104556
stats: connect 9017 449.25409629359024 1176.5068564549879 18348.48583984375 0.365966796875 238.39657059112645 106136
stats: 200 86441 1138600
stats: size_rcv 9249187 121830200
stats: newphase 6 96
stats: size_sent 11553939 151315654
stats: connected 682 2261
# stats: dump at 1338993596
stats: users 3052 4662
stats: {load,"os_mon@test2"} 1 1.19921875 0.0 1.23828125 0.7109375 0.9653033088235294 17
stats: {recvpackets,"os_mon@test3"} 1 39056.0 0.0 41989 1100 26278.764705882353 17
stats: {sentpackets,"os_mon@test3"} 1 25691.0 0.0 27624 816 17320.941176470587 17
stats: {freemem,"os_mon@test2"} 1 1340.91015625 0.0 1432.00390625 1340.91015625 1412.682674632353 17
stats: {cpu,"os_mon@test3"} 1 64.11675893306492 0.0 72.21937467965147 2.506265664160401 44.47170820723024 18
stats: {load,"os_mon@test4"} 1 1.328125 0.0 1.328125 0.7109375 0.9407169117647058 17
stats: {freemem,"os_mon@test4"} 1 1501.93359375 0.0 1584.390625 1501.93359375 1568.0549172794117 17
stats: {freemem,"os_mon@myserver"} 1 1459.96875 0.0 1490.84375 1457.73046875 1482.8930121527778 18
stats: {recvpackets,"os_mon@test2"} 1 39111.0 0.0 42055 4999 27829.875 16
stats: {sentpackets,"os_mon@test2"} 1 25735.0 0.0 27661 3346 18337.625 16
stats: {load,"os_mon@test3"} 1 1.21875 0.0 1.58984375 0.609375 0.9652777777777778 18
stats: {cpu,"os_mon@test2"} 1 68.21665815022995 0.0 75.56122448979592 3.7279596977329974 51.3092420229421 17
stats: {freemem,"os_mon@test3"} 1 1297.875 0.0 1416.01171875 1297.875 1394.232421875 18
stats: {recvpackets,"os_mon@test4"} 1 38954.0 0.0 41879 5045 27761.875 16
stats: {sentpackets,"os_mon@test4"} 1 25650.0 0.0 27550 3374 18292.1875 16
stats: {load,"os_mon@myserver"} 1 3.0 0.0 5.28125 1.98046875 2.913845486111111 18
stats: {recvpackets,"os_mon@myserver"} 1 40095.0 0.0 50047 1001 27786.0 17
stats: {sentpackets,"os_mon@myserver"} 1 26219.0 0.0 32729 700 18318.529411764706 17
stats: {cpu,"os_mon@test4"} 1 68.18663838812301 0.0 68.18663838812301 2.1042084168336674 42.38974379549305 17
stats: {cpu,"os_mon@myserver"} 1 85.4881908935963 0.0 91.68166366726655 2.195306585919758 57.54044397291356 18
stats: session 9023 2893.5030411647704 2949.91965515427 46823.525146484375 8.971923828125 1285.538667938781 113070
stats: users_count 9591 125145
stats: finish_users_count 9023 122093
stats: request 89919 296.93592547637525 854.1510324784516 44706.447998046875 0.1298828125 132.08582104827332 1138603
stats: page 8961 2876.418892048914 2925.782123607725 44986.1298828125 7.427001953125 1280.9422568526434 112889
stats: connect 9278 428.16934096872285 848.9603299570396 18348.48583984375 0.365966796875 254.90766721265706 115153
stats: 200 89916 1228516
stats: size_rcv 9621012 131451212
stats: newphase 6 102
stats: size_sent 11968772 163284426
stats: connected 314 2575
# stats: dump at 1338993606
stats: users 4026 4662
stats: {load,"os_mon@test2"} 1 1.3203125 0.0 1.3203125 0.7109375 0.9782986111111112 18
stats: {recvpackets,"os_mon@test3"} 1 42069.0 0.0 42069 1100 26988.61111111111 18
stats: {sentpackets,"os_mon@test3"} 1 27931.0 0.0 27931 816 17785.944444444445 18
stats: {freemem,"os_mon@test2"} 1 1334.578125 0.0 1432.00390625 1334.578125 1408.6953125 18
stats: {cpu,"os_mon@test3"} 1 73.48717948717949 0.0 73.48717948717949 2.506265664160401 45.505658245432066 19
stats: {load,"os_mon@test4"} 1 1.359375 0.0 1.359375 0.7109375 0.9622395833333334 18
stats: {freemem,"os_mon@test4"} 1 1486.69921875 0.0 1584.390625 1486.69921875 1564.3815104166667 18
stats: {freemem,"os_mon@myserver"} 0 0 0 1490.84375 1457.73046875 1481.6864720394738 19
stats: {recvpackets,"os_mon@test2"} 1 41975.0 0.0 42055 4999 28493.470588235294 17
stats: {sentpackets,"os_mon@test2"} 1 27858.0 0.0 27858 3346 18772.764705882353 17
stats: {load,"os_mon@test3"} 1 1.1796875 0.0 1.58984375 0.609375 0.9786184210526315 19
stats: {cpu,"os_mon@test2"} 1 65.40235776524858 0.0 75.56122448979592 3.7279596977329974 52.24854291890253 18
stats: {freemem,"os_mon@test3"} 1 1261.328125 0.0 1416.01171875 1261.328125 1389.160978618421 19
stats: {recvpackets,"os_mon@test4"} 1 41739.0 0.0 41879 5045 28420.235294117647 17
stats: {sentpackets,"os_mon@test4"} 1 27675.0 0.0 27675 3374 18725.0 17
stats: {load,"os_mon@myserver"} 0 0 0 5.28125 1.98046875 2.918379934210526 19
stats: {recvpackets,"os_mon@myserver"} 0 0 0 50047 1001 28469.833333333332 18
stats: {sentpackets,"os_mon@myserver"} 0 0 0 32729 700 18757.444444444445 18
stats: {cpu,"os_mon@test4"} 1 67.21660457690261 0.0 68.18663838812301 2.1042084168336674 43.82290460619471 18
stats: {cpu,"os_mon@myserver"} 0 0 0 91.68166366726655 2.195306585919758 59.01137802137055 19
stats: session 9036 3302.8505792098586 3569.3127614865534 57145.64111328125 8.971923828125 1404.3715456600105 122093
stats: users_count 10010 135155
stats: finish_users_count 9036 131129
stats: request 91643 325.66120488810805 968.8826700533241 44706.447998046875 0.1298828125 144.15166646257643 1228522
stats: page 8979 3315.102664490796 3573.262287773117 57143.89794921875 7.427001953125 1398.27558576519 121850
stats: connect 9544 436.62578616657913 979.1397579132083 18348.48583984375 0.365966796875 267.8266488901231 124431
stats: 200 91643 1320159
stats: size_rcv 9805801 141257013
stats: newphase 6 108
stats: size_sent 12230627 175515053
stats: connected 565 3140
stats: error_connect_etimedout 1 1
# stats: dump at 1338993616
stats: users 253 4744
stats: {load,"os_mon@test2"} 1 1.26953125 0.0 1.3203125 0.7109375 0.9962993421052632 19
stats: {recvpackets,"os_mon@test3"} 1 39171.0 0.0 42069 1100 27782.315789473683 19
stats: {sentpackets,"os_mon@test3"} 1 26008.0 0.0 27931 816 18319.894736842107 19
stats: {freemem,"os_mon@test2"} 1 1332.625 0.0 1432.00390625 1332.625 1404.7944078947369 19
stats: {cpu,"os_mon@test3"} 1 65.93296648324161 0.0 73.48717948717949 2.506265664160401 46.90473430751943 20
stats: {load,"os_mon@test4"} 1 1.37890625 0.0 1.37890625 0.7109375 0.983141447368421 19
stats: {freemem,"os_mon@test4"} 1 1451.39453125 0.0 1584.390625 1451.39453125 1560.29296875 19
stats: {freemem,"os_mon@myserver"} 1 1471.8203125 0.0 1490.84375 1457.73046875 1481.6864720394738 19
stats: {recvpackets,"os_mon@test2"} 1 39479.0 0.0 42055 4999 29242.444444444445 18
stats: {sentpackets,"os_mon@test2"} 1 26219.0 0.0 27858 3346 19277.5 18
stats: {load,"os_mon@test3"} 1 1.16015625 0.0 1.58984375 0.609375 0.988671875 20
stats: {cpu,"os_mon@test2"} 1 72.21074380165288 0.0 75.56122448979592 3.7279596977329974 52.94084896344706 19
stats: {freemem,"os_mon@test3"} 1 1242.69140625 0.0 1416.01171875 1242.69140625 1382.7693359375 20
stats: {recvpackets,"os_mon@test4"} 1 40539.0 0.0 41879 5045 29160.166666666668 18
stats: {sentpackets,"os_mon@test4"} 1 26949.0 0.0 27675 3374 19222.222222222223 18
stats: {load,"os_mon@myserver"} 1 4.640625 0.0 5.28125 1.98046875 2.918379934210526 19
stats: {recvpackets,"os_mon@myserver"} 1 45002.0 0.0 50047 1001 28469.833333333332 18
stats: {sentpackets,"os_mon@myserver"} 1 30103.0 0.0 32729 700 18757.444444444445 18
stats: {cpu,"os_mon@test4"} 1 70.9744658676394 0.0 70.9744658676394 2.1042084168336674 45.05415197307407 19
stats: {cpu,"os_mon@myserver"} 1 78.15818893236445 0.0 91.68166366726655 2.195306585919758 59.01137802137055 19
stats: session 7420 3860.179757155749 4784.8219949237155 73150.86499023438 8.971923828125 1535.1942968985347 131129
stats: users_count 3647 138802
stats: finish_users_count 7420 138549
stats: request 62868 366.0645281830598 1280.6192964650818 49608.0 0.1298828125 156.75166618225614 1320165
stats: page 7403 3962.8483095561965 4665.404672553577 57143.89794921875 7.427001953125 1529.830442409185 130829
stats: connect 4478 920.3240086298624 1652.547508176131 31080.248046875 0.365966796875 279.85142191618394 133975
stats: 200 62852 1383011
stats: size_rcv 6725164 147982177
stats: newphase 4 112
stats: size_sent 7949951 183465004
stats: connected -2941 199
stats: error_connect_etimedout 0 1
stats: error_abort 1 1
EndMonitor:{1338,993616,877221}
