# stats: dump at 1338975224
stats: users 0 0
# stats: dump at 1338975234
stats: users 12 15
stats: {load,"os_mon@test2"} 1 1.46875 0 1.46875 1.46875 0 0
stats: {freemem,"os_mon@test2"} 1 1443.34375 0 1443.34375 1443.34375 0 0
stats: {cpu,"os_mon@test3"} 1 2.812656956303365 0 2.812656956303365 2.812656956303365 0 0
stats: {load,"os_mon@test4"} 1 1.4609375 0 1.4609375 1.4609375 0 0
stats: {freemem,"os_mon@test4"} 1 1420.45703125 0 1420.45703125 1420.45703125 0 0
stats: {freemem,"os_mon@myserver"} 1 2884.95703125 0 2884.95703125 2884.95703125 0 0
stats: {load,"os_mon@test3"} 1 1.4296875 0 1.4296875 1.4296875 0 0
stats: {cpu,"os_mon@test2"} 1 2.7665995975855133 0 2.7665995975855133 2.7665995975855133 0 0
stats: {freemem,"os_mon@test3"} 1 1431.4921875 0 1431.4921875 1431.4921875 0 0
stats: {cpu,"os_mon@test4"} 1 1.999000499750125 0 1.999000499750125 1.999000499750125 0 0
stats: {load,"os_mon@myserver"} 1 1.12890625 0 1.12890625 1.12890625 0 0
stats: {cpu,"os_mon@myserver"} 1 1.6670876483960595 0 1.6670876483960595 1.6670876483960595 0 0
stats: session 530 27.79223678876769 24.925725264743736 593.13818359375 19.845947265625 0 0
stats: users_count 542 542
stats: finish_users_count 530 530
stats: request 5233 2.4214019279691414 7.870458770613493 570.14794921875 1.29296875 0 0
stats: page 519 25.615073496206644 25.153045114874768 591.088134765625 18.359130859375 0 0
stats: connect 5242 0.9892155233570202 0.3201591978426808 6.005126953125 0.43603515625 0 0
stats: 200 5237 5237
stats: size_rcv 786203 786203
stats: size_sent 695174 695174
stats: connected 9 9
# stats: dump at 1338975244
stats: users 16 47
stats: {load,"os_mon@test2"} 1 1.3203125 0.0 1.46875 1.3203125 1.46875 1
stats: {recvpackets,"os_mon@test3"} 1 3412 0 3412 3412 0 0
stats: {sentpackets,"os_mon@test3"} 1 2322 0 2322 2322 0 0
stats: {freemem,"os_mon@test2"} 1 1442.90234375 0.0 1443.34375 1442.90234375 1443.34375 1
stats: {cpu,"os_mon@test3"} 1 18.857431749241655 0.0 18.857431749241655 2.812656956303365 2.812656956303365 1
stats: {load,"os_mon@test4"} 1 1.30859375 0.0 1.4609375 1.30859375 1.4609375 1
stats: {freemem,"os_mon@test4"} 1 1420.01171875 0.0 1420.45703125 1420.01171875 1420.45703125 1
stats: {freemem,"os_mon@myserver"} 1 2882.53515625 0.0 2884.95703125 2882.53515625 2884.95703125 1
stats: {recvpackets,"os_mon@test2"} 1 3432 0 3432 3432 0 0
stats: {sentpackets,"os_mon@test2"} 1 2340 0 2340 2340 0 0
stats: {load,"os_mon@test3"} 1 1.28125 0.0 1.4296875 1.28125 1.4296875 1
stats: {cpu,"os_mon@test2"} 1 13.2085020242915 0.0 13.2085020242915 2.7665995975855133 2.7665995975855133 1
stats: {freemem,"os_mon@test3"} 1 1430.96484375 0.0 1431.4921875 1430.96484375 1431.4921875 1
stats: {recvpackets,"os_mon@test4"} 1 3414 0 3414 3414 0 0
stats: {sentpackets,"os_mon@test4"} 1 2327 0 2327 2327 0 0
stats: {cpu,"os_mon@test4"} 1 11.336032388663968 0.0 11.336032388663968 1.999000499750125 1.999000499750125 1
stats: {load,"os_mon@myserver"} 1 1.03125 0.0 1.12890625 1.03125 1.12890625 1
stats: {recvpackets,"os_mon@myserver"} 1 3487 0 3487 3487 0 0
stats: {sentpackets,"os_mon@myserver"} 1 2381 0 2381 2381 0 0
stats: {cpu,"os_mon@myserver"} 1 19.463262115685254 0.0 19.463262115685254 1.6670876483960595 1.6670876483960595 1
stats: session 1466 98.99116863755546 554.7607872480276 10248.676025390625 19.094970703125 27.79223678876769 530
stats: users_count 1470 2012
stats: finish_users_count 1466 1996
stats: request 14607 9.519353012468333 174.32599488156933 10223.89111328125 1.279052734375 2.4214019279691414 5233
stats: page 1459 96.68981071822525 555.5423311885609 10247.47509765625 17.02490234375 25.615073496206644 519
stats: connect 14607 1.6277343683144216 21.850420227183672 1000.865966796875 0.4150390625 0.9892155233570202 5242
stats: 200 14607 19844
stats: size_rcv 2104243 2890446
stats: newphase 6 6
stats: size_sent 1939549 2634723
stats: connected 0 9
# stats: dump at 1338975254
stats: users 333 334
stats: {load,"os_mon@test2"} 1 1.19921875 0.0 1.46875 1.19921875 1.39453125 2
stats: {recvpackets,"os_mon@test3"} 1 7015.0 0.0 7015 3412 3412.0 1
stats: {sentpackets,"os_mon@test3"} 1 4723.0 0.0 4723 2322 2322.0 1
stats: {freemem,"os_mon@test2"} 1 1441.8046875 0.0 1443.34375 1441.8046875 1443.123046875 2
stats: {cpu,"os_mon@test3"} 1 35.53634977122522 0.0 35.53634977122522 2.812656956303365 10.83504435277251 2
stats: {load,"os_mon@test4"} 1 1.26171875 0.0 1.4609375 1.26171875 1.384765625 2
stats: {freemem,"os_mon@test4"} 1 1419.15234375 0.0 1420.45703125 1419.15234375 1420.234375 2
stats: {freemem,"os_mon@myserver"} 1 2880.91796875 0.0 2884.95703125 2880.91796875 2883.74609375 2
stats: {recvpackets,"os_mon@test2"} 1 7067.0 0.0 7067 3432 3432.0 1
stats: {sentpackets,"os_mon@test2"} 1 4753.0 0.0 4753 2340 2340.0 1
stats: {load,"os_mon@test3"} 1 1.30859375 0.0 1.4296875 1.28125 1.35546875 2
stats: {cpu,"os_mon@test2"} 1 33.55464759959142 0.0 33.55464759959142 2.7665995975855133 7.987550810938506 2
stats: {freemem,"os_mon@test3"} 1 1430.4375 0.0 1431.4921875 1430.4375 1431.228515625 2
stats: {recvpackets,"os_mon@test4"} 1 7014.0 0.0 7014 3414 3414.0 1
stats: {sentpackets,"os_mon@test4"} 1 4719.0 0.0 4719 2327 2327.0 1
stats: {cpu,"os_mon@test4"} 1 28.2719836400818 0.0 28.2719836400818 1.999000499750125 6.667516444207046 2
stats: {load,"os_mon@myserver"} 1 1.8203125 0.0 1.8203125 1.03125 1.080078125 2
stats: {recvpackets,"os_mon@myserver"} 1 7162.0 0.0 7162 3487 3487.0 1
stats: {sentpackets,"os_mon@myserver"} 1 4819.0 0.0 4819 2381 2381.0 1
stats: {cpu,"os_mon@myserver"} 1 46.3102998696219 0.0 46.3102998696219 1.6670876483960595 10.565174882040656 2
stats: session 2109 397.42980673416037 665.4623909332782 14310.825927734375 18.340087890625 80.08564064163487 1996
stats: users_count 2426 4438
stats: finish_users_count 2109 4105
stats: request 22426 43.57870220217335 200.14489449888774 14275.12109375 1.279052734375 7.6471968620054165 19840
stats: page 2106 385.19808823747644 660.2139206509369 14309.194091796875 17.02490234375 78.04077703863594 1978
stats: connect 22559 20.342637141253196 89.33541272563988 1525.4599609375 0.4150390625 1.4591054305711249 19849
stats: 200 22418 42262
stats: size_rcv 3045049 5935495
stats: newphase 6 12
stats: size_sent 2995661 5630384
stats: connected 133 142
# stats: dump at 1338975264
stats: users 1592 1595
stats: {load,"os_mon@test2"} 1 1.08984375 0.0 1.46875 1.08984375 1.3294270833333333 3
stats: {recvpackets,"os_mon@test3"} 1 11030.0 0.0 11030 3412 5213.5 2
stats: {sentpackets,"os_mon@test3"} 1 7359.0 0.0 7359 2322 3522.5 2
stats: {freemem,"os_mon@test2"} 1 1436.82421875 0.0 1443.34375 1436.82421875 1442.68359375 3
stats: {cpu,"os_mon@test3"} 1 48.822605965463104 0.0 48.822605965463104 2.812656956303365 19.06881282559008 3
stats: {load,"os_mon@test4"} 1 1.140625 0.0 1.4609375 1.140625 1.34375 3
stats: {freemem,"os_mon@test4"} 1 1413.41015625 0.0 1420.45703125 1413.41015625 1419.8736979166667 3
stats: {freemem,"os_mon@myserver"} 1 2876.0546875 0.0 2884.95703125 2876.0546875 2882.8033854166665 3
stats: {recvpackets,"os_mon@test2"} 1 11002.0 0.0 11002 3432 5249.5 2
stats: {sentpackets,"os_mon@test2"} 1 7338.0 0.0 7338 2340 3546.5 2
stats: {load,"os_mon@test3"} 1 1.33984375 0.0 1.4296875 1.28125 1.33984375 3
stats: {cpu,"os_mon@test2"} 1 46.149897330595486 0.0 46.149897330595486 2.7665995975855133 16.509916407156144 3
stats: {freemem,"os_mon@test3"} 1 1424.15234375 0.0 1431.4921875 1424.15234375 1430.96484375 3
stats: {recvpackets,"os_mon@test4"} 1 10984.0 0.0 10984 3414 5214.0 2
stats: {sentpackets,"os_mon@test4"} 1 7321.0 0.0 7321 2327 3523.0 2
stats: {cpu,"os_mon@test4"} 1 44.78844169246646 0.0 44.78844169246646 1.999000499750125 13.86900550949863 3
stats: {load,"os_mon@myserver"} 1 2.2890625 0.0 2.2890625 1.03125 1.3268229166666667 3
stats: {recvpackets,"os_mon@myserver"} 1 11659.0 0.0 11659 3487 5324.5 2
stats: {sentpackets,"os_mon@myserver"} 1 7768.0 0.0 7768 2381 3.6e3 2
stats: {cpu,"os_mon@myserver"} 1 71.22596153846153 0.0 71.22596153846153 1.6670876483960595 22.48021654456774 3
stats: session 2102 2542.1678368072103 1282.8725211437454 23082.828857421875 18.340087890625 243.1255544757728 4105
stats: users_count 3361 7799
stats: finish_users_count 2102 6207
stats: request 26206 310.23304973172196 346.9195515082386 22617.5888671875 1.279052734375 26.712164892067552 42266
stats: page 2112 2517.0233391270503 1277.7605569311588 23080.9150390625 17.02490234375 236.4328674854425 4084
stats: connect 26902 147.13581294671778 194.80144523953402 3181.93212890625 0.4150390625 11.50422880024847 42408
stats: 200 26241 68503
stats: size_rcv 3506065 9441560
stats: newphase 6 18
stats: size_sent 3566602 9196986
stats: connected 696 838
# stats: dump at 1338975274
stats: users 3971 3972
stats: {load,"os_mon@test2"} 1 1.23046875 0.0 1.46875 1.08984375 1.26953125 4
stats: {recvpackets,"os_mon@test3"} 1 13354.0 0.0 13354 3412 7152.333333333333 3
stats: {sentpackets,"os_mon@test3"} 1 8984.0 0.0 8984 2322 4801.333333333333 3
stats: {freemem,"os_mon@test2"} 1 1415.3046875 0.0 1443.34375 1415.3046875 1441.21875 4
stats: {cpu,"os_mon@test3"} 1 54.48348190875721 0.0 54.48348190875721 2.812656956303365 26.507261110558336 4
stats: {load,"os_mon@test4"} 1 1.0390625 0.0 1.4609375 1.0390625 1.29296875 4
stats: {freemem,"os_mon@test4"} 1 1392.12109375 0.0 1420.45703125 1392.12109375 1418.2578125 4
stats: {freemem,"os_mon@myserver"} 1 2856.5234375 0.0 2884.95703125 2856.5234375 2881.1162109375 4
stats: {recvpackets,"os_mon@test2"} 1 13382.0 0.0 13382 3432 7167.0 3
stats: {sentpackets,"os_mon@test2"} 1 9003.0 0.0 9003 2340 4810.333333333333 3
stats: {load,"os_mon@test3"} 1 1.2109375 0.0 1.4296875 1.2109375 1.33984375 4
stats: {cpu,"os_mon@test2"} 1 53.46687211093991 0.0 53.46687211093991 2.7665995975855133 23.919911638015982 4
stats: {freemem,"os_mon@test3"} 1 1402.41015625 0.0 1431.4921875 1402.41015625 1429.26171875 4
stats: {recvpackets,"os_mon@test4"} 1 13339.0 0.0 13339 3414 7137.333333333333 3
stats: {sentpackets,"os_mon@test4"} 1 8976.0 0.0 8976 2327 4789.0 3
stats: {cpu,"os_mon@test4"} 1 50.02602811035919 0.0 50.02602811035919 1.999000499750125 21.59886455524059 4
stats: {load,"os_mon@myserver"} 1 2.328125 0.0 2.328125 1.03125 1.5673828125 4
stats: {recvpackets,"os_mon@myserver"} 1 14770.0 0.0 14770 3487 7436.0 3
stats: {sentpackets,"os_mon@myserver"} 1 9942.0 0.0 9942 2381 4989.333333333333 3
stats: {cpu,"os_mon@myserver"} 1 75.09261276966659 0.0 75.09261276966659 1.6670876483960595 34.66665279304119 4
stats: session 1879 6213.095330092673 1861.1085096160334 23082.828857421875 18.340087890625 1021.6960196700181 6207
stats: users_count 4258 12057
stats: finish_users_count 1879 8086
stats: request 26679 773.5764244528849 833.4273202335436 22617.5888671875 1.279052734375 135.22291831109993 68472
stats: page 1833 6122.424301089198 1807.9575804134654 23080.9150390625 17.02490234375 1013.8065079158936 6196
stats: connect 28393 325.59341829962506 412.4919783767217 8105.18115234375 0.4150390625 64.14830435512248 69310
stats: 200 25356 93859
stats: size_rcv 3386612 12828172
stats: newphase 6 24
stats: size_sent 3768323 12965309
stats: connected 1714 2552
# stats: dump at 1338975284
stats: users 4608 4749
stats: {load,"os_mon@test2"} 1 1.19140625 0.0 1.46875 1.08984375 1.26171875 5
stats: {recvpackets,"os_mon@test3"} 1 16050.0 0.0 16050 3412 8702.75 4
stats: {sentpackets,"os_mon@test3"} 1 10780.0 0.0 10780 2322 5847.0 4
stats: {freemem,"os_mon@test2"} 1 1374.74609375 0.0 1443.34375 1374.74609375 1436.0359375 5
stats: {cpu,"os_mon@test3"} 1 56.259989344698994 0.0 56.259989344698994 2.812656956303365 32.10250527019811 5
stats: {load,"os_mon@test4"} 1 0.9609375 0.0 1.4609375 0.9609375 1.2421875 5
stats: {freemem,"os_mon@test4"} 1 1351.13671875 0.0 1420.45703125 1351.13671875 1413.03046875 5
stats: {freemem,"os_mon@myserver"} 1 2824.03515625 0.0 2884.95703125 2824.03515625 2876.19765625 5
stats: {recvpackets,"os_mon@test2"} 1 16098.0 0.0 16098 3432 8720.75 4
stats: {sentpackets,"os_mon@test2"} 1 10812.0 0.0 10812 2340 5858.5 4
stats: {load,"os_mon@test3"} 1 1.03125 0.0 1.4296875 1.03125 1.3140625 5
stats: {cpu,"os_mon@test2"} 1 58.85117493472585 0.0 58.85117493472585 2.7665995975855133 29.829303732600767 5
stats: {freemem,"os_mon@test3"} 1 1359.34765625 0.0 1431.4921875 1359.34765625 1423.89140625 5
stats: {recvpackets,"os_mon@test4"} 1 16042.0 0.0 16042 3414 8687.75 4
stats: {sentpackets,"os_mon@test4"} 1 10776.0 0.0 10776 2327 5835.75 4
stats: {cpu,"os_mon@test4"} 1 54.84037075180227 0.0 54.84037075180227 1.999000499750125 27.28429726626431 5
stats: {load,"os_mon@myserver"} 1 2.8984375 0.0 2.8984375 1.03125 1.71953125 5
stats: {recvpackets,"os_mon@myserver"} 1 16551.0 0.0 16551 3487 9269.5 4
stats: {sentpackets,"os_mon@myserver"} 1 11329.0 0.0 11329 2381 6227.5 4
stats: {cpu,"os_mon@myserver"} 1 77.33540925266904 0.0 77.33540925266904 1.6670876483960595 42.75184478836627 5
stats: session 2174 10045.891835596103 3474.8922761105773 23082.828857421875 18.340087890625 2228.057546294328 8086
stats: users_count 2811 14868
stats: finish_users_count 2174 10260
stats: 200 25375 119234
stats: request 26761 1222.4040064351614 1869.4795325485316 22617.5888671875 1.279052734375 314.20824889466377 95151
stats: page 2169 9966.606334779493 3414.194462272141 23080.9150390625 17.02490234375 2180.0907792929847 8029
stats: connect 27842 359.57993191421014 596.9016867174676 15115.69384765625 0.4150390625 140.12561436838982 97703
stats: size_rcv 3372830 16201002
stats: newphase 6 30
stats: size_sent 3695770 16661079
stats: connected 1077 3629
# stats: dump at 1338975294
stats: users 4803 4923
stats: {load,"os_mon@test2"} 1 1.171875 0.0 1.46875 1.08984375 1.25 6
stats: {recvpackets,"os_mon@test3"} 1 10601.0 0.0 16050 3412 10172.2 5
stats: {sentpackets,"os_mon@test3"} 1 7795.0 0.0 10780 2322 6833.6 5
stats: {freemem,"os_mon@test2"} 1 1340.3828125 0.0 1443.34375 1340.3828125 1425.8209635416667 6
stats: {cpu,"os_mon@test3"} 1 58.185610010427524 0.0 58.185610010427524 2.812656956303365 36.12875261594825 6
stats: {load,"os_mon@test4"} 1 1.12109375 0.0 1.4609375 0.9609375 1.1953125 6
stats: {freemem,"os_mon@test4"} 1 1337.1328125 0.0 1420.45703125 1337.1328125 1402.71484375 6
stats: {freemem,"os_mon@myserver"} 1 2813.265625 0.0 2884.95703125 2813.265625 2867.50390625 6
stats: {recvpackets,"os_mon@test2"} 1 10521.0 0.0 16098 3432 10196.2 5
stats: {sentpackets,"os_mon@test2"} 1 7744.0 0.0 10812 2340 6849.2 5
stats: {load,"os_mon@test3"} 1 1.03125 0.0 1.4296875 1.03125 1.2669270833333333 6
stats: {cpu,"os_mon@test2"} 1 57.650695517774345 0.0 58.85117493472585 2.7665995975855133 34.66628226628828 6
stats: {freemem,"os_mon@test3"} 1 1300.88671875 0.0 1431.4921875 1300.88671875 1413.1341145833333 6
stats: {recvpackets,"os_mon@test4"} 1 10601.0 0.0 16042 3414 10158.6 5
stats: {sentpackets,"os_mon@test4"} 1 7796.0 0.0 10776 2327 6823.8 5
stats: {cpu,"os_mon@test4"} 1 47.993746743095365 0.0 54.84037075180227 1.999000499750125 31.876976180520632 6
stats: {load,"os_mon@myserver"} 1 4.01953125 0.0 4.01953125 1.03125 1.916015625 6
stats: {recvpackets,"os_mon@myserver"} 1 13551.0 0.0 16551 3487 10725.8 5
stats: {sentpackets,"os_mon@myserver"} 1 10040.0 0.0 11329 2381 7247.8 5
stats: {cpu,"os_mon@myserver"} 1 75.75547866205305 0.0 77.33540925266904 1.6670876483960595 48.51577219908339 6
stats: session 2576 13012.932321110118 6248.68033234738 31405.367919921875 18.340087890625 3884.5850068149966 10260
stats: users_count 2771 17639
stats: finish_users_count 2576 12836
stats: 200 26018 145252
stats: request 26796 1387.6727370634917 2794.796998774361 26579.83984375 1.279052734375 513.5670213497236 121912
stats: page 2584 12892.31363746477 6145.845144831622 29637.7548828125 17.02490234375 3836.1951369954986 10198
stats: connect 27248 250.80495964045815 547.2265776576426 15251.933837890625 0.4150390625 188.79379796081267 125545
stats: size_rcv 3367497 19568499
stats: newphase 6 36
stats: size_sent 3617864 20278943
stats: connected 452 4081
# stats: dump at 1338975304
stats: users 4955 4955
stats: {load,"os_mon@test2"} 1 1.37890625 0.0 1.46875 1.08984375 1.2388392857142858 7
stats: {recvpackets,"os_mon@test3"} 1 12603.0 0.0 16050 3412 10243.666666666666 6
stats: {sentpackets,"os_mon@test3"} 1 9336.0 0.0 10780 2322 6993.833333333333 6
stats: {freemem,"os_mon@test2"} 1 1313.45703125 0.0 1443.34375 1313.45703125 1413.615513392857 7
stats: {cpu,"os_mon@test3"} 1 56.39564992232005 0.0 58.185610010427524 2.812656956303365 39.279732243731004 7
stats: {load,"os_mon@test4"} 1 1.1015625 0.0 1.4609375 0.9609375 1.1847098214285714 7
stats: {freemem,"os_mon@test4"} 1 1302.1484375 0.0 1420.45703125 1302.1484375 1393.345982142857 7
stats: {freemem,"os_mon@myserver"} 1 2812.234375 0.0 2884.95703125 2812.234375 2859.7555803571427 7
stats: {recvpackets,"os_mon@test2"} 1 12576.0 0.0 16098 3432 10250.333333333334 6
stats: {sentpackets,"os_mon@test2"} 1 9324.0 0.0 10812 2340 6998.333333333333 6
stats: {load,"os_mon@test3"} 1 1.1015625 0.0 1.4296875 1.03125 1.2332589285714286 7
stats: {cpu,"os_mon@test2"} 1 58.26042202779207 0.0 58.85117493472585 2.7665995975855133 37.94976987364343 7
stats: {freemem,"os_mon@test3"} 1 1271.3046875 0.0 1431.4921875 1271.3046875 1397.0987723214287 7
stats: {recvpackets,"os_mon@test4"} 1 12601.0 0.0 16042 3414 10232.333333333334 6
stats: {sentpackets,"os_mon@test4"} 1 9332.0 0.0 10776 2327 6985.833333333333 6
stats: {cpu,"os_mon@test4"} 1 58.247950819672134 0.0 58.247950819672134 1.999000499750125 34.17937197517416 7
stats: {load,"os_mon@myserver"} 1 3.78125 0.0 4.01953125 1.03125 2.216517857142857 7
stats: {recvpackets,"os_mon@myserver"} 1 14946.0 0.0 16551 3487 11196.666666666666 6
stats: {sentpackets,"os_mon@myserver"} 1 11044.0 0.0 11329 2381 7713.166666666667 6
stats: {cpu,"os_mon@myserver"} 1 72.85017730496453 0.0 77.33540925266904 1.6670876483960595 52.40715883665049 7
stats: session 2795 14544.763388339949 8982.26506126617 38898.341064453125 18.340087890625 5716.512607440131 12836
stats: users_count 2947 20586
stats: finish_users_count 2795 15631
stats: request 26184 1706.8520770750335 3447.7660824644654 35605.81591796875 1.279052734375 671.0739258758159 148708
stats: page 2787 14504.247761737666 8912.793393868693 38071.674072265625 17.02490234375 5666.973591479351 12782
stats: connect 25600 227.79172684669487 621.6845564759532 31284.97705078125 0.4150390625 199.8524206296979 152793
stats: 200 25654 170906
stats: size_rcv 3259430 22827929
stats: newphase 6 42
stats: size_sent 3398024 23676967
stats: connected -584 3497
# stats: dump at 1338975314
stats: users 5136 5552
stats: {load,"os_mon@test2"} 1 1.62109375 0.0 1.62109375 1.08984375 1.25634765625 8
stats: {recvpackets,"os_mon@test3"} 1 13879.0 0.0 16050 3412 10580.714285714286 7
stats: {sentpackets,"os_mon@test3"} 1 10224.0 0.0 10780 2322 7328.428571428572 7
stats: {freemem,"os_mon@test2"} 1 1291.3828125 0.0 1443.34375 1291.3828125 1401.095703125 8
stats: {cpu,"os_mon@test3"} 1 67.53246753246754 0.0 67.53246753246754 2.812656956303365 41.41922195355463 8
stats: {load,"os_mon@test4"} 1 1.08984375 0.0 1.4609375 0.9609375 1.17431640625 8
stats: {freemem,"os_mon@test4"} 1 1271.1015625 0.0 1420.45703125 1271.1015625 1381.9462890625 8
stats: {freemem,"os_mon@myserver"} 1 2805.484375 0.0 2884.95703125 2805.484375 2853.8154296875 8
stats: {recvpackets,"os_mon@test2"} 1 13887.0 0.0 16098 3432 10582.57142857143 7
stats: {sentpackets,"os_mon@test2"} 1 10220.0 0.0 10812 2340 7330.571428571428 7
stats: {load,"os_mon@test3"} 1 1.16015625 0.0 1.4296875 1.03125 1.216796875 8
stats: {cpu,"os_mon@test2"} 1 60.75491209927611 0.0 60.75491209927611 2.7665995975855133 40.48860139291201 8
stats: {freemem,"os_mon@test3"} 1 1222.76953125 0.0 1431.4921875 1222.76953125 1381.37451171875 8
stats: {recvpackets,"os_mon@test4"} 1 13876.0 0.0 16042 3414 10570.714285714286 7
stats: {sentpackets,"os_mon@test4"} 1 10220.0 0.0 10776 2327 7321.0 7
stats: {cpu,"os_mon@test4"} 1 52.25974025974026 0.0 58.247950819672134 1.999000499750125 37.187944330736414 8
stats: {load,"os_mon@myserver"} 1 4.171875 0.0 4.171875 1.03125 2.412109375 8
stats: {recvpackets,"os_mon@myserver"} 1 15964.0 0.0 16551 3487 11732.285714285714 7
stats: {sentpackets,"os_mon@myserver"} 1 11684.0 0.0 11684 2381 8189.0 7
stats: {cpu,"os_mon@myserver"} 1 77.04720616570327 0.0 77.33540925266904 1.6670876483960595 54.962536145189745 8
stats: session 2390 16075.632161696723 9564.490966666172 46119.35107421875 18.340087890625 7295.103928060373 15631
stats: users_count 2571 23157
stats: finish_users_count 2390 18021
stats: 200 25745 196651
stats: request 27703 1556.244163185735 3144.956208617106 40913.77294921875 1.279052734375 826.145713670571 174892
stats: page 2397 16142.632333283642 9576.024916939665 46117.73095703125 17.02490234375 7248.930243320184 15569
stats: connect 28389 347.4318913272954 541.9021869862734 31284.97705078125 0.4150390625 203.86180574657539 178393
stats: size_rcv 3458716 26286645
stats: newphase 6 48
stats: size_sent 3766367 27443334
stats: connected 686 4183
# stats: dump at 1338975324
stats: users 5790 5959
stats: {load,"os_mon@test2"} 1 1.6015625 0.0 1.62109375 1.08984375 1.296875 9
stats: {recvpackets,"os_mon@test3"} 1 12144.0 0.0 16050 3412 10993.0 8
stats: {sentpackets,"os_mon@test3"} 1 9156.0 0.0 10780 2322 7690.375 8
stats: {freemem,"os_mon@test2"} 1 1278.890625 0.0 1443.34375 1278.890625 1388.9053819444443 9
stats: {cpu,"os_mon@test3"} 1 77.79495105615662 0.0 77.79495105615662 2.812656956303365 44.320693684544956 9
stats: {load,"os_mon@test4"} 1 1.30859375 0.0 1.4609375 0.9609375 1.1649305555555556 9
stats: {freemem,"os_mon@test4"} 1 1252.58984375 0.0 1420.45703125 1252.58984375 1369.6302083333333 9
stats: {freemem,"os_mon@myserver"} 0 0 0 2884.95703125 2805.484375 2848.4453125 9
stats: {recvpackets,"os_mon@test2"} 1 12170.0 0.0 16098 3432 10995.625 8
stats: {sentpackets,"os_mon@test2"} 1 9186.0 0.0 10812 2340 7691.75 8
stats: {load,"os_mon@test3"} 1 1.6015625 0.0 1.6015625 1.03125 1.2105034722222223 9
stats: {cpu,"os_mon@test2"} 1 47.18237704918033 0.0 60.75491209927611 2.7665995975855133 42.74041369361913 9
stats: {freemem,"os_mon@test3"} 1 1149.703125 0.0 1431.4921875 1149.703125 1363.751736111111 9
stats: {recvpackets,"os_mon@test4"} 1 12153.0 0.0 16042 3414 10983.875 8
stats: {sentpackets,"os_mon@test4"} 1 9164.0 0.0 10776 2327 7683.375 8
stats: {cpu,"os_mon@test4"} 1 53.79779989523311 0.0 58.247950819672134 1.999000499750125 38.862588322847955 9
stats: {load,"os_mon@myserver"} 0 0 0 4.171875 1.03125 2.607638888888889 9
stats: {recvpackets,"os_mon@myserver"} 0 0 0 16551 3487 12261.25 8
stats: {sentpackets,"os_mon@myserver"} 0 0 0 11684 2381 8625.875 8
stats: {cpu,"os_mon@myserver"} 0 0 0 77.33540925266904 1.6670876483960595 57.41638836969125 9
stats: session 2358 16023.391752933825 10958.732053011647 56682.102783203125 18.340087890625 8459.604370787794 18021
stats: users_count 3012 26169
stats: finish_users_count 2358 20379
stats: 200 25655 222306
stats: request 26371 1721.5887197736292 3916.6372781180576 51463.56103515625 1.279052734375 925.9799511735627 202595
stats: connect 26965 252.20813416987218 451.20402224294014 31284.97705078125 0.4150390625 223.57247282374388 206782
stats: page 2361 15905.106651089647 10861.292568241435 56680.7509765625 17.02490234375 8435.516234060604 17966
stats: size_rcv 3356493 29643138
stats: newphase 4 52
stats: size_sent 3577663 31020997
stats: connected 594 4777
# stats: dump at 1338975334
stats: users 6489 6727
stats: {load,"os_mon@test2"} 1 1.58984375 0.0 1.62109375 1.08984375 1.32734375 10
stats: {recvpackets,"os_mon@test3"} 1 13942.0 0.0 16050 3412 11120.888888888889 9
stats: {sentpackets,"os_mon@test3"} 1 10359.0 0.0 10780 2322 7853.222222222223 9
stats: {freemem,"os_mon@test2"} 1 1221.87890625 0.0 1443.34375 1221.87890625 1377.90390625 10
stats: {cpu,"os_mon@test3"} 1 58.13835198372329 0.0 77.79495105615662 2.812656956303365 47.66811942170612 10
stats: {load,"os_mon@test4"} 1 1.1796875 0.0 1.4609375 0.9609375 1.179296875 10
stats: {freemem,"os_mon@test4"} 1 1213.0390625 0.0 1420.45703125 1213.0390625 1357.926171875 10
stats: {freemem,"os_mon@myserver"} 1 2808.38671875 0.0 2884.95703125 2805.484375 2848.4453125 9
stats: {recvpackets,"os_mon@test2"} 1 13919.0 0.0 16098 3432 11126.111111111111 9
stats: {sentpackets,"os_mon@test2"} 1 10337.0 0.0 10812 2340 7857.777777777777 9
stats: {load,"os_mon@test3"} 1 1.5 0.0 1.6015625 1.03125 1.249609375 10
stats: {cpu,"os_mon@test2"} 1 67.36896197327852 0.0 67.36896197327852 2.7665995975855133 43.18461002917525 10
stats: {freemem,"os_mon@test3"} 1 1134.3203125 0.0 1431.4921875 1134.3203125 1342.346875 10
stats: {recvpackets,"os_mon@test4"} 1 13915.0 0.0 16042 3414 11113.777777777777 9
stats: {sentpackets,"os_mon@test4"} 1 10337.0 0.0 10776 2327 7847.888888888889 9
stats: {cpu,"os_mon@test4"} 1 56.85463010863943 0.0 58.247950819672134 1.999000499750125 40.35610948008647 10
stats: {load,"os_mon@myserver"} 1 4.55078125 0.0 4.55078125 1.03125 2.607638888888889 9
stats: {recvpackets,"os_mon@myserver"} 1 15348.0 0.0 16551 3487 12261.25 8
stats: {sentpackets,"os_mon@myserver"} 1 11572.0 0.0 11684 2381 8625.875 8
stats: {cpu,"os_mon@myserver"} 1 71.802982376864 0.0 77.33540925266904 1.6670876483960595 57.41638836969125 9
stats: session 2413 18739.731702808484 11484.912591735916 64990.996826171875 18.340087890625 9334.79013294984 20379
stats: users_count 3112 29281
stats: finish_users_count 2413 22792
stats: 200 24868 247174
stats: request 26364 2129.7684318022625 4432.221811889029 59115.656982421875 1.279052734375 1017.6136384317249 228966
stats: page 2417 18806.13056018406 11547.92629652552 64989.787109375 17.02490234375 9303.116124580876 20327
stats: connect 27037 320.8722747397515 449.5980469579159 31284.97705078125 0.4150390625 226.87587611105175 233747
stats: size_rcv 3272174 32915312
stats: newphase 5 57
stats: size_sent 3588375 34609372
stats: connected 673 5450
# stats: dump at 1338975344
stats: users 6184 6727
stats: {load,"os_mon@test2"} 1 1.71875 0.0 1.71875 1.08984375 1.3512073863636365 11
stats: {recvpackets,"os_mon@test3"} 1 14887.0 0.0 16050 3412 11403.0 10
stats: {sentpackets,"os_mon@test3"} 1 11115.0 0.0 11115 2322 8103.8 10
stats: {freemem,"os_mon@test2"} 1 1191.9609375 0.0 1443.34375 1191.9609375 1363.719815340909 11
stats: {cpu,"os_mon@test3"} 1 73.23362558019598 0.0 77.79495105615662 2.812656956303365 48.61995874552587 11
stats: {load,"os_mon@test4"} 1 1.23828125 0.0 1.4609375 0.9609375 1.1793323863636365 11
stats: {freemem,"os_mon@test4"} 1 1166.015625 0.0 1420.45703125 1166.015625 1344.7546164772727 11
stats: {freemem,"os_mon@myserver"} 1 2793.21484375 0.0 2884.95703125 2793.21484375 2844.439453125 10
stats: {recvpackets,"os_mon@test2"} 1 15006.0 0.0 16098 3432 11405.4 10
stats: {sentpackets,"os_mon@test2"} 1 11230.0 0.0 11230 2340 8105.7 10
stats: {load,"os_mon@test3"} 1 1.421875 0.0 1.6015625 1.03125 1.2723721590909092 11
stats: {cpu,"os_mon@test2"} 1 63.35372069317023 0.0 67.36896197327852 2.7665995975855133 45.38318747863919 11
stats: {freemem,"os_mon@test3"} 1 1061.96875 0.0 1431.4921875 1061.96875 1323.4353693181818 11
stats: {recvpackets,"os_mon@test4"} 1 14856.0 0.0 16042 3414 11393.9 10
stats: {sentpackets,"os_mon@test4"} 1 11085.0 0.0 11085 2327 8096.8 10
stats: {cpu,"os_mon@test4"} 1 62.09218021750389 0.0 62.09218021750389 1.999000499750125 41.8559749917731 11
stats: {load,"os_mon@myserver"} 1 5.76953125 0.0 5.76953125 1.03125 2.801953125 10
stats: {recvpackets,"os_mon@myserver"} 1 15889.0 0.0 16551 3487 12604.222222222223 9
stats: {sentpackets,"os_mon@myserver"} 1 11980.0 0.0 11980 2381 8953.222222222223 9
stats: {cpu,"os_mon@myserver"} 1 75.94339622641509 0.0 77.33540925266904 1.6670876483960595 58.85504777040852 10
stats: session 2761 18869.7504447763 13535.76683074799 82595.09887695313 18.340087890625 10330.49581950955 22792
stats: users_count 2456 31737
stats: finish_users_count 2761 25553
stats: request 25912 2021.5169036950028 4872.37729376912 72364.35815429688 1.279052734375 1132.4487497481423 255330
stats: page 2561 19662.2515735201 13692.478778989092 82593.03002929688 17.02490234375 10312.99942966586 22744
stats: connect 25740 223.60012796990335 361.2847305213618 31284.97705078125 0.4150390625 236.62103160266227 260784
stats: error_unknown 198 198
stats: 200 25365 272539
stats: size_rcv 3335844 36251156
stats: newphase 6 63
stats: size_sent 3415572 38024944
stats: connected -172 5278
# stats: dump at 1338975354
stats: users 6917 6936
stats: {load,"os_mon@test2"} 1 1.69140625 0.0 1.71875 1.08984375 1.3818359375 12
stats: {recvpackets,"os_mon@test3"} 1 14930.0 0.0 16050 3412 11719.727272727272 11
stats: {sentpackets,"os_mon@test3"} 1 11258.0 0.0 11258 2322 8377.545454545454 11
stats: {freemem,"os_mon@test2"} 1 1162.9609375 0.0 1443.34375 1162.9609375 1349.4065755208333 12
stats: {cpu,"os_mon@test3"} 1 60.270410816432666 0.0 77.79495105615662 2.812656956303365 50.67109764841504 12
stats: {load,"os_mon@test4"} 1 1.33984375 0.0 1.4609375 0.9609375 1.1842447916666667 12
stats: {freemem,"os_mon@test4"} 1 1114.03125 0.0 1420.45703125 1114.03125 1329.8597005208333 12
stats: {freemem,"os_mon@myserver"} 1 2790.6796875 0.0 2884.95703125 2790.6796875 2839.7826704545455 11
stats: {recvpackets,"os_mon@test2"} 1 14904.0 0.0 16098 3432 11732.727272727272 11
stats: {sentpackets,"os_mon@test2"} 1 11212.0 0.0 11230 2340 8389.727272727272 11
stats: {load,"os_mon@test3"} 1 1.2109375 0.0 1.6015625 1.03125 1.2848307291666667 12
stats: {cpu,"os_mon@test2"} 1 55.22842639593909 0.0 67.36896197327852 2.7665995975855133 46.88073191318344 12
stats: {freemem,"os_mon@test3"} 1 1043.1328125 0.0 1431.4921875 1043.1328125 1301.646484375 12
stats: {recvpackets,"os_mon@test4"} 1 14898.0 0.0 16042 3414 11708.636363636364 11
stats: {sentpackets,"os_mon@test4"} 1 11247.0 0.0 11247 2327 8368.454545454546 11
stats: {cpu,"os_mon@test4"} 1 70.11258955987716 0.0 70.11258955987716 1.999000499750125 43.54232542725067 12
stats: {load,"os_mon@myserver"} 1 6.71875 0.0 6.71875 1.03125 3.0717329545454546 11
stats: {recvpackets,"os_mon@myserver"} 1 16839.0 0.0 16839 3487 12932.7 10
stats: {sentpackets,"os_mon@myserver"} 1 12513.0 0.0 12513 2381 9255.9 10
stats: {cpu,"os_mon@myserver"} 1 74.19208010923988 0.0 77.33540925266904 1.6670876483960595 60.40853399368184 11
stats: session 2445 20975.4758086097 15364.94114290843 85327.21997070313 18.340087890625 11253.16173037565 25553
stats: users_count 3178 34915
stats: finish_users_count 2445 27998
stats: error_unknown 0 198
stats: request 26575 2211.6251583078524 5253.558135784524 87290.36499023438 1.279052734375 1214.3623117519364 281242
stats: page 2454 20928.274480619177 15254.610000751016 84940.30688476563 17.02490234375 11259.193254617876 25305
stats: connect 26776 249.4797585666583 348.8050400789102 31284.97705078125 0.4150390625 235.45129343236164 286524
stats: 200 25693 298232
stats: size_rcv 3336631 39587787
stats: newphase 5 68
stats: size_sent 3551928 41576872
stats: connected 201 5479
# stats: dump at 1338975364
stats: users 7847 8050
stats: {load,"os_mon@test2"} 1 1.4296875 0.0 1.71875 1.08984375 1.4056490384615385 13
stats: {recvpackets,"os_mon@test3"} 1 17236.0 0.0 17236 3412 11987.25 12
stats: {sentpackets,"os_mon@test3"} 1 12952.0 0.0 12952 2322 8617.583333333334 12
stats: {freemem,"os_mon@test2"} 1 1139.37890625 0.0 1443.34375 1139.37890625 1335.0646033653845 13
stats: {cpu,"os_mon@test3"} 1 63.952892985151045 0.0 77.79495105615662 2.812656956303365 51.40950635364717 13
stats: {load,"os_mon@test4"} 1 1.83984375 0.0 1.83984375 0.9609375 1.1962139423076923 13
stats: {freemem,"os_mon@test4"} 1 1034.796875 0.0 1420.45703125 1034.796875 1313.2575120192307 13
stats: {freemem,"os_mon@myserver"} 1 2780.9921875 0.0 2884.95703125 2780.9921875 2835.6907552083335 12
stats: {recvpackets,"os_mon@test2"} 1 17261.0 0.0 17261 3432 11997.0 12
stats: {sentpackets,"os_mon@test2"} 1 12957.0 0.0 12957 2340 8624.916666666666 12
stats: {load,"os_mon@test3"} 1 1.390625 0.0 1.6015625 1.03125 1.2791466346153846 13
stats: {cpu,"os_mon@test2"} 1 57.46192893401015 0.0 67.36896197327852 2.7665995975855133 47.5228622580108 13
stats: {freemem,"os_mon@test3"} 1 993.90234375 0.0 1431.4921875 993.90234375 1281.7608173076924 13
stats: {recvpackets,"os_mon@test4"} 1 17164.0 0.0 17164 3414 11974.416666666666 12
stats: {sentpackets,"os_mon@test4"} 1 12904.0 0.0 12904 2327 8608.333333333334 12
stats: {cpu,"os_mon@test4"} 1 77.13849287169042 0.0 77.13849287169042 1.999000499750125 45.58619189899117 13
stats: {load,"os_mon@myserver"} 1 6.91015625 0.0 6.91015625 1.03125 3.3756510416666665 12
stats: {recvpackets,"os_mon@myserver"} 1 17097.0 0.0 17097 3487 13287.818181818182 11
stats: {sentpackets,"os_mon@myserver"} 1 13140.0 0.0 13140 2381 9552.0 11
stats: {cpu,"os_mon@myserver"} 1 75.02431906614785 0.0 77.33540925266904 1.6670876483960595 61.55716283664501 12
stats: session 2188 22649.911819485904 16072.321430439859 90055.82690429688 18.340087890625 12102.188729492811 27998
stats: users_count 3118 38033
stats: finish_users_count 2188 30186
stats: error_unknown 0 198
stats: connect 26918 335.10086803520153 498.3896750515403 31284.97705078125 0.4150390625 236.65022794380732 313300
stats: page 2165 22558.517618382823 16059.768507690795 90053.34301757813 17.02490234375 12113.976399853915 27759
stats: request 26173 2476.746699880665 5489.333108708982 87290.36499023438 1.279052734375 1300.4597662369827 307817
stats: 200 24712 322944
stats: size_rcv 3187250 42775037
stats: newphase 5 73
stats: size_sent 3573874 45150746
stats: connected 745 6224
# stats: dump at 1338975374
stats: users 8124 8507
stats: {load,"os_mon@test2"} 1 1.37109375 0.0 1.71875 1.08984375 1.4073660714285714 14
stats: {recvpackets,"os_mon@test3"} 1 12888.0 0.0 17236 3412 12391.0 13
stats: {sentpackets,"os_mon@test3"} 1 10127.0 0.0 12952 2322 8951.0 13
stats: {freemem,"os_mon@test2"} 1 1068.58984375 0.0 1443.34375 1068.58984375 1321.0870535714287 14
stats: {cpu,"os_mon@test3"} 1 65.78263130525221 0.0 77.79495105615662 2.812656956303365 52.30546254161173 14
stats: {load,"os_mon@test4"} 1 1.55859375 0.0 1.83984375 0.9609375 1.2421875 14
stats: {freemem,"os_mon@test4"} 1 1016.87890625 0.0 1420.45703125 1016.87890625 1293.367466517857 14
stats: {freemem,"os_mon@myserver"} 1 2768.28125 0.0 2884.95703125 2768.28125 2831.483173076923 13
stats: {recvpackets,"os_mon@test2"} 1 12842.0 0.0 17261 3432 12401.923076923076 13
stats: {sentpackets,"os_mon@test2"} 1 10101.0 0.0 12957 2340 8958.153846153846 13
stats: {load,"os_mon@test3"} 1 1.55859375 0.0 1.6015625 1.03125 1.287109375 14
stats: {cpu,"os_mon@test2"} 1 71.87343043696634 0.0 71.87343043696634 2.7665995975855133 48.23279559201075 14
stats: {freemem,"os_mon@test3"} 1 934.82421875 0.0 1431.4921875 934.82421875 1261.199497767857 14
stats: {recvpackets,"os_mon@test4"} 1 12983.0 0.0 17164 3414 12373.615384615385 13
stats: {sentpackets,"os_mon@test4"} 1 10193.0 0.0 12904 2327 8938.76923076923 13
stats: {cpu,"os_mon@test4"} 1 51.508844953173785 0.0 77.13849287169042 1.999000499750125 47.8399276827554 14
stats: {load,"os_mon@myserver"} 1 6.6796875 0.0 6.91015625 1.03125 3.6475360576923075 13
stats: {recvpackets,"os_mon@myserver"} 1 15716.0 0.0 17097 3487 13605.25 12
stats: {sentpackets,"os_mon@myserver"} 1 12102.0 0.0 13140 2381 9851.0 12
stats: {cpu,"os_mon@myserver"} 1 73.19613191172824 0.0 77.33540925266904 1.6670876483960595 62.59309793122216 13
stats: session 2517 23492.1116238679 16081.183235791212 98930.72485351563 18.340087890625 12866.729182713008 30186
stats: users_count 2794 40827
stats: finish_users_count 2517 32703
stats: error_unknown 0 198
stats: request 26495 2494.6017190559305 6078.4976493351505 95025.68505859375 1.279052734375 1392.6390467970475 333990
stats: connect 27161 340.3769769718788 584.8952646993031 31284.97705078125 0.4150390625 244.43962865153046 340218
stats: page 2547 23487.05802571806 16039.174486701424 98928.5400390625 17.02490234375 12869.638468364645 29924
stats: 200 24974 347918
stats: size_rcv 3314519 46089556
stats: newphase 4 77
stats: size_sent 3604339 48755085
stats: connected 666 6890
# stats: dump at 1338975384
stats: users 8833 9007
stats: {load,"os_mon@test2"} 1 1.640625 0.0 1.71875 1.08984375 1.4049479166666667 15
stats: {recvpackets,"os_mon@test3"} 1 15827.0 0.0 17236 3412 12426.5 14
stats: {sentpackets,"os_mon@test3"} 1 12276.0 0.0 12952 2322 9035.0 14
stats: {freemem,"os_mon@test2"} 1 1010.9453125 0.0 1443.34375 1010.9453125 1304.25390625 15
stats: {cpu,"os_mon@test3"} 1 63.481404958677686 0.0 77.79495105615662 2.812656956303365 53.203940459187756 15
stats: {load,"os_mon@test4"} 1 1.3984375 0.0 1.83984375 0.9609375 1.26328125 15
stats: {freemem,"os_mon@test4"} 1 978.15234375 0.0 1420.45703125 978.15234375 1274.9348958333333 15
stats: {freemem,"os_mon@myserver"} 1 2763.4453125 0.0 2884.95703125 2763.4453125 2826.96875 14
stats: {recvpackets,"os_mon@test2"} 1 16224.0 0.0 17261 3432 12433.357142857143 14
stats: {sentpackets,"os_mon@test2"} 1 12579.0 0.0 12957 2340 9039.785714285714 14
stats: {load,"os_mon@test3"} 1 1.69921875 0.0 1.69921875 1.03125 1.3052083333333333 15
stats: {cpu,"os_mon@test2"} 1 73.58101135190918 0.0 73.58101135190918 2.7665995975855133 49.80883791500779 15
stats: {freemem,"os_mon@test3"} 1 891.86328125 0.0 1431.4921875 891.86328125 1239.4411458333334 15
stats: {recvpackets,"os_mon@test4"} 1 15796.0 0.0 17164 3414 12417.142857142857 14
stats: {sentpackets,"os_mon@test4"} 1 12252.0 0.0 12904 2327 9028.357142857143 14
stats: {cpu,"os_mon@test4"} 1 56.88405797101449 0.0 77.13849287169042 1.999000499750125 48.08452216744997 15
stats: {load,"os_mon@myserver"} 1 6.328125 0.0 6.91015625 1.03125 3.8641183035714284 14
stats: {recvpackets,"os_mon@myserver"} 1 15986.0 0.0 17097 3487 13767.615384615385 13
stats: {sentpackets,"os_mon@myserver"} 1 12662.0 0.0 13140 2381 10024.153846153846 13
stats: {cpu,"os_mon@myserver"} 1 75.02356267672008 0.0 77.33540925266904 1.6670876483960595 63.350457501258305 14
stats: session 2374 25779.975979092353 17703.074270375946 114390.75390625 18.340087890625 13684.516162634938 32703
stats: users_count 3083 43910
stats: finish_users_count 2374 35077
stats: error_unknown 0 198
stats: request 25957 2722.847319407967 6494.180809668111 95025.68505859375 1.279052734375 1473.6313238723742 360485
stats: page 2359 25804.965121732923 17699.866606392716 109386.9677734375 17.02490234375 13702.460605427845 32471
stats: connect 26871 278.33526791451334 470.3242709709942 31284.97705078125 0.4150390625 251.5324519150512 367379
stats: 200 25037 372955
stats: size_rcv 3279935 49369491
stats: newphase 5 82
stats: size_sent 3566725 52321810
stats: connected 914 7804
# stats: dump at 1338975394
stats: users 8879 9309
stats: {load,"os_mon@test2"} 1 1.76953125 0.0 1.76953125 1.08984375 1.419677734375 16
stats: {recvpackets,"os_mon@test3"} 1 14538.0 0.0 17236 3412 12653.2 15
stats: {sentpackets,"os_mon@test3"} 1 11646.0 0.0 12952 2322 9251.066666666668 15
stats: {freemem,"os_mon@test2"} 1 967.52734375 0.0 1443.34375 967.52734375 1285.922119140625 16
stats: {cpu,"os_mon@test3"} 1 62.217659137576995 0.0 77.79495105615662 2.812656956303365 53.84628199040588 16
stats: {load,"os_mon@test4"} 1 1.55078125 0.0 1.83984375 0.9609375 1.271728515625 16
stats: {freemem,"os_mon@test4"} 1 930.73828125 0.0 1420.45703125 930.73828125 1256.385986328125 16
stats: {freemem,"os_mon@myserver"} 1 2756.546875 0.0 2884.95703125 2756.546875 2822.733854166667 15
stats: {recvpackets,"os_mon@test2"} 1 14896.0 0.0 17261 3432 12686.066666666668 15
stats: {sentpackets,"os_mon@test2"} 1 11889.0 0.0 12957 2340 9275.733333333334 15
stats: {load,"os_mon@test3"} 1 1.51953125 0.0 1.69921875 1.03125 1.329833984375 16
stats: {cpu,"os_mon@test2"} 1 71.11801242236024 0.0 73.58101135190918 2.7665995975855133 51.29459875481413 16
stats: {freemem,"os_mon@test3"} 1 842.921875 0.0 1431.4921875 842.921875 1217.717529296875 16
stats: {recvpackets,"os_mon@test4"} 1 14557.0 0.0 17164 3414 12642.4 15
stats: {sentpackets,"os_mon@test4"} 1 11655.0 0.0 12904 2327 9243.266666666666 15
stats: {cpu,"os_mon@test4"} 1 57.270341207349084 0.0 77.13849287169042 1.999000499750125 48.63449315517275 16
stats: {load,"os_mon@myserver"} 1 5.75 0.0 6.91015625 1.03125 4.028385416666667 15
stats: {recvpackets,"os_mon@myserver"} 1 16166.0 0.0 17097 3487 13926.07142857143 14
stats: {sentpackets,"os_mon@myserver"} 1 12746.0 0.0 13140 2381 10212.57142857143 14
stats: {cpu,"os_mon@myserver"} 1 72.09964412811388 0.0 77.33540925266904 1.6670876483960595 64.12866451295575 15
stats: session 2552 26997.71221588996 19261.216741771994 118817.31884765625 18.340087890625 14503.132965789993 35077
stats: users_count 2598 46508
stats: finish_users_count 2552 37629
stats: error_unknown 0 198
stats: request 26658 2924.554614353068 7069.406892029368 97107.03198242188 1.279052734375 1557.540162963667 386442
stats: page 2529 26906.020438788935 19259.94292120456 118815.11303710938 17.02490234375 14522.150762015948 34830
stats: connect 26385 252.70569954778657 450.08535096939227 31284.97705078125 0.4150390625 253.35925843051487 394250
stats: 200 25602 398557
stats: size_rcv 3326543 52696034
stats: newphase 5 87
stats: size_sent 3501195 55823005
stats: connected -273 7531
# stats: dump at 1338975404
stats: users 9789 9972
stats: {load,"os_mon@test2"} 1 2.0390625 0.0 2.0390625 1.08984375 1.4402573529411764 17
stats: {recvpackets,"os_mon@test3"} 1 15403.0 0.0 17236 3412 12771.0 16
stats: {sentpackets,"os_mon@test3"} 1 12266.0 0.0 12952 2322 9400.75 16
stats: {freemem,"os_mon@test2"} 1 930.20703125 0.0 1443.34375 930.20703125 1267.1930147058824 17
stats: {cpu,"os_mon@test3"} 1 58.79319236719959 0.0 77.79495105615662 2.812656956303365 54.338715940239474 17
stats: {load,"os_mon@test4"} 1 1.87109375 0.0 1.87109375 0.9609375 1.2881433823529411 17
stats: {freemem,"os_mon@test4"} 1 858.96484375 0.0 1420.45703125 858.96484375 1237.2302389705883 17
stats: {freemem,"os_mon@myserver"} 1 2747.9375 0.0 2884.95703125 2747.9375 2818.59716796875 16
stats: {recvpackets,"os_mon@test2"} 1 14776.0 0.0 17261 3432 12824.1875 16
stats: {sentpackets,"os_mon@test2"} 1 11871.0 0.0 12957 2340 9439.0625 16
stats: {load,"os_mon@test3"} 1 1.359375 0.0 1.69921875 1.03125 1.3409926470588236 17
stats: {cpu,"os_mon@test2"} 1 67.0582226762002 0.0 73.58101135190918 2.7665995975855133 52.460681911728614 17
stats: {freemem,"os_mon@test3"} 1 824.2265625 0.0 1431.4921875 824.2265625 1195.6707261029412 17
stats: {recvpackets,"os_mon@test4"} 1 15456.0 0.0 17164 3414 12762.0625 16
stats: {sentpackets,"os_mon@test4"} 1 12299.0 0.0 12904 2327 9394.0 16
stats: {cpu,"os_mon@test4"} 1 70.77555213148433 0.0 77.13849287169042 1.999000499750125 49.14248421706548 17
stats: {load,"os_mon@myserver"} 1 5.671875 0.0 6.91015625 1.03125 4.135986328125 16
stats: {recvpackets,"os_mon@myserver"} 1 22203.0 0.0 22203 3487 14075.4 15
stats: {sentpackets,"os_mon@myserver"} 1 17375.0 0.0 17375 2381 10381.466666666667 15
stats: {cpu,"os_mon@myserver"} 1 75.3187988482106 0.0 77.33540925266904 1.6670876483960595 64.62685073890313 16
stats: session 2490 29611.486001721725 20219.090663181643 130219.3818359375 18.340087890625 15350.515735628553 37629
stats: users_count 3400 49908
stats: finish_users_count 2490 40119
stats: error_unknown 0 198
stats: request 27318 3031.1242190949633 7455.299123059871 108359.09692382813 1.279052734375 1645.7557796306692 413100
stats: page 2522 29548.259218099476 20121.496756879802 130218.17993164063 17.02490234375 15360.471017176922 37359
stats: connect 27628 284.32790059174675 431.3332233968721 31284.97705078125 0.4150390625 253.31826290917024 420635
stats: 200 26196 424753
stats: size_rcv 3442320 56138354
stats: newphase 5 92
stats: size_sent 3666348 59489353
stats: connected 310 7841
# stats: dump at 1338975414
stats: users 9844 10081
stats: {load,"os_mon@test2"} 1 1.80078125 0.0 2.0390625 1.08984375 1.4735243055555556 18
stats: {recvpackets,"os_mon@test3"} 1 16997.0 0.0 17236 3412 12925.823529411764 17
stats: {sentpackets,"os_mon@test3"} 1 13474.0 0.0 13474 2322 9569.29411764706 17
stats: {freemem,"os_mon@test2"} 1 873.16796875 0.0 1443.34375 873.16796875 1248.4715711805557 18
stats: {cpu,"os_mon@test3"} 1 68.50025947067981 0.0 77.79495105615662 2.812656956303365 54.58618685284837 18
stats: {load,"os_mon@test4"} 1 1.6484375 0.0 1.87109375 0.9609375 1.3205295138888888 18
stats: {freemem,"os_mon@test4"} 1 808.04296875 0.0 1420.45703125 808.04296875 1216.2154947916667 18
stats: {freemem,"os_mon@myserver"} 0 0 0 2884.95703125 2747.9375 2814.440716911765 17
stats: {recvpackets,"os_mon@test2"} 1 17227.0 0.0 17261 3432 12939.0 17
stats: {sentpackets,"os_mon@test2"} 1 13588.0 0.0 13588 2340 9582.117647058823 17
stats: {load,"os_mon@test3"} 1 1.69140625 0.0 1.69921875 1.03125 1.3420138888888888 18
stats: {cpu,"os_mon@test2"} 1 72.29660144181257 0.0 73.58101135190918 2.7665995975855133 53.27165639864371 18
stats: {freemem,"os_mon@test3"} 1 796.29296875 0.0 1431.4921875 796.29296875 1175.034939236111 18
stats: {recvpackets,"os_mon@test4"} 1 16974.0 0.0 17164 3414 12920.529411764706 17
stats: {sentpackets,"os_mon@test4"} 1 13462.0 0.0 13462 2327 9564.882352941177 17
stats: {cpu,"os_mon@test4"} 1 63.61757105943152 0.0 77.13849287169042 1.999000499750125 50.34432132342208 18
stats: {load,"os_mon@myserver"} 0 0 0 6.91015625 1.03125 4.2263327205882355 17
stats: {recvpackets,"os_mon@myserver"} 0 0 0 22203 3487 14583.375 16
stats: {sentpackets,"os_mon@myserver"} 0 0 0 17375 2381 10818.5625 16
stats: {cpu,"os_mon@myserver"} 0 0 0 77.33540925266904 1.6670876483960595 65.25578886298004 17
stats: session 2629 27957.099567028814 21684.20594540921 132603.19604492188 18.340087890625 16235.627925926716 40119
stats: users_count 2684 52592
stats: finish_users_count 2629 42748
stats: error_unknown 0 198
stats: request 26995 2919.7340850609676 7498.031186700155 114784.93481445313 1.279052734375 1731.6866340219194 440418
stats: page 2606 28063.18830989858 21786.39236685785 132600.13793945313 17.02490234375 16257.680260744704 39881
stats: connect 27181 292.6380595698447 451.6951118375796 31284.97705078125 0.4150390625 255.22949419503195 448263
stats: 200 26125 450878
stats: size_rcv 3445148 59583502
stats: newphase 6 98
stats: size_sent 3611463 63100816
stats: connected 218 8059
# stats: dump at 1338975424
stats: users 11082 11392
stats: {load,"os_mon@test2"} 1 2.05859375 0.0 2.05859375 1.08984375 1.490748355263158 19
stats: {recvpackets,"os_mon@test3"} 1 16567.0 0.0 17236 3412 13152.0 18
stats: {sentpackets,"os_mon@test3"} 1 13218.0 0.0 13474 2322 9786.222222222223 18
stats: {freemem,"os_mon@test2"} 1 827.7109375 0.0 1443.34375 827.7109375 1228.71875 19
stats: {cpu,"os_mon@test3"} 1 67.89178152118428 0.0 77.79495105615662 2.812656956303365 55.31850646431319 19
stats: {load,"os_mon@test4"} 1 1.7109375 0.0 1.87109375 0.9609375 1.3377878289473684 19
stats: {freemem,"os_mon@test4"} 1 765.2578125 0.0 1420.45703125 765.2578125 1194.732730263158 19
stats: {freemem,"os_mon@myserver"} 1 2741.73828125 0.0 2884.95703125 2741.73828125 2814.440716911765 17
stats: {recvpackets,"os_mon@test2"} 1 16999.0 0.0 17261 3432 13177.222222222223 18
stats: {sentpackets,"os_mon@test2"} 1 13526.0 0.0 13588 2340 9804.666666666666 18
stats: {load,"os_mon@test3"} 1 1.58984375 0.0 1.69921875 1.03125 1.3604029605263157 19
stats: {cpu,"os_mon@test2"} 1 70.67822539520652 0.0 73.58101135190918 2.7665995975855133 54.272969295652594 19
stats: {freemem,"os_mon@test3"} 1 745.3125 0.0 1431.4921875 745.3125 1155.1011513157894 19
stats: {recvpackets,"os_mon@test4"} 1 16523.0 0.0 17164 3414 13145.722222222223 18
stats: {sentpackets,"os_mon@test4"} 1 13190.0 0.0 13462 2327 9781.388888888889 18
stats: {cpu,"os_mon@test4"} 1 62.61004660797514 0.0 77.13849287169042 1.999000499750125 51.042913414790995 19
stats: {load,"os_mon@myserver"} 1 5.5703125 0.0 6.91015625 1.03125 4.2263327205882355 17
stats: {recvpackets,"os_mon@myserver"} 1 17354.0 0.0 22203 3487 14583.375 16
stats: {sentpackets,"os_mon@myserver"} 1 14212.0 0.0 17375 2381 10818.5625 16
stats: {cpu,"os_mon@myserver"} 1 75.5082284607938 0.0 77.33540925266904 1.6670876483960595 65.25578886298004 17
stats: session 2157 31973.12787298168 23557.13485373732 157935.208984375 18.340087890625 16956.497883455897 42748
stats: users_count 3395 55987
stats: finish_users_count 2157 44905
stats: request 26038 3121.8074185407863 8162.720442174754 127432.5068359375 1.279052734375 1800.301201739974 467413
stats: page 2173 31888.72261917388 23385.544695181165 157933.03295898438 17.02490234375 16981.787728348794 42487
stats: connect 27581 318.82193636576886 626.8985508191295 31284.97705078125 0.4150390625 257.3681313751263 475444
stats: error_unknown 0 198
stats: 200 24648 475526
stats: size_rcv 3190247 62773749
stats: newphase 5 103
stats: size_sent 3654895 66755711
stats: connected 1511 9570
stats: error_abort 1 1
EndMonitor:{1338,975424,53697}
