# stats: dump at 1338975012
stats: users 0 0
# stats: dump at 1338975022
stats: users 11 22
stats: {load,"os_mon@test2"} 1 1.890625 0 1.890625 1.890625 0 0
stats: {freemem,"os_mon@test2"} 1 1444.484375 0 1444.484375 1444.484375 0 0
stats: {cpu,"os_mon@test3"} 1 3.0792529025744573 0 3.0792529025744573 3.0792529025744573 0 0
stats: {load,"os_mon@test4"} 1 1.1796875 0 1.1796875 1.1796875 0 0
stats: {freemem,"os_mon@test4"} 1 1420.8515625 0 1420.8515625 1420.8515625 0 0
stats: {freemem,"os_mon@myserver"} 1 2862.06640625 0 2862.06640625 2862.06640625 0 0
stats: {load,"os_mon@test3"} 1 1.55859375 0 1.55859375 1.55859375 0 0
stats: {cpu,"os_mon@test2"} 1 2.619647355163728 0 2.619647355163728 2.619647355163728 0 0
stats: {freemem,"os_mon@test3"} 1 1431.9375 0 1431.9375 1431.9375 0 0
stats: {cpu,"os_mon@test4"} 1 2.2522522522522523 0 2.2522522522522523 2.2522522522522523 0 0
stats: {load,"os_mon@myserver"} 1 4.109375 0 4.109375 4.109375 0 0
stats: {cpu,"os_mon@myserver"} 1 2.2503160556257904 0 2.2503160556257904 2.2503160556257904 0 0
stats: session 596 67.0704247391464 42.44111507712248 175.6337890625 21.798095703125 0 0
stats: users_count 607 607
stats: finish_users_count 596 596
stats: 200 5817 5817
stats: request 5817 6.367779531572336 4.526931245793666 29.93505859375 1.43505859375 0 0
stats: page 579 65.13301363139577 43.02005854239335 173.62109375 20.1650390625 0 0
stats: connect 5821 0.9637312975111665 0.47244886096587096 14.739013671875 0.39990234375 0 0
stats: size_rcv 740213 740213
stats: size_sent 772151 772151
stats: connected 4 4
# stats: dump at 1338975032
stats: users 415 476
stats: {load,"os_mon@test2"} 1 1.6796875 0.0 1.890625 1.6796875 1.890625 1
stats: {recvpackets,"os_mon@test3"} 1 3588 0 3588 3588 0 0
stats: {sentpackets,"os_mon@test3"} 1 2574 0 2574 2574 0 0
stats: {freemem,"os_mon@test2"} 1 1444.265625 0.0 1444.484375 1444.265625 1444.484375 1
stats: {cpu,"os_mon@test3"} 1 22.19959266802444 0.0 22.19959266802444 3.0792529025744573 3.0792529025744573 1
stats: {load,"os_mon@test4"} 1 1.0703125 0.0 1.1796875 1.0703125 1.1796875 1
stats: {freemem,"os_mon@test4"} 1 1419.7265625 0.0 1420.8515625 1419.7265625 1420.8515625 1
stats: {freemem,"os_mon@myserver"} 1 2864.35546875 0.0 2864.35546875 2862.06640625 2862.06640625 1
stats: {recvpackets,"os_mon@test2"} 1 3612 0 3612 3612 0 0
stats: {sentpackets,"os_mon@test2"} 1 2594 0 2594 2594 0 0
stats: {load,"os_mon@test3"} 1 1.3203125 0.0 1.55859375 1.3203125 1.55859375 1
stats: {cpu,"os_mon@test2"} 1 16.78463094034378 0.0 16.78463094034378 2.619647355163728 2.619647355163728 1
stats: {freemem,"os_mon@test3"} 1 1431.515625 0.0 1431.9375 1431.515625 1431.9375 1
stats: {recvpackets,"os_mon@test4"} 1 3589 0 3589 3589 0 0
stats: {sentpackets,"os_mon@test4"} 1 2576 0 2576 2576 0 0
stats: {cpu,"os_mon@test4"} 1 13.590263691683571 0.0 13.590263691683571 2.2522522522522523 2.2522522522522523 1
stats: {load,"os_mon@myserver"} 1 3.55859375 0.0 4.109375 3.55859375 4.109375 1
stats: {recvpackets,"os_mon@myserver"} 1 3761 0 3761 3761 0 0
stats: {sentpackets,"os_mon@myserver"} 1 2709 0 2709 2709 0 0
stats: {cpu,"os_mon@myserver"} 1 18.421052631578945 0.0 18.421052631578945 2.2503160556257904 2.2503160556257904 1
stats: session 1128 997.3283094040895 772.84383444323 4929.43896484375 21.798095703125 67.0704247391464 596
stats: users_count 1532 2139
stats: finish_users_count 1128 1724
stats: 200 12898 18715
stats: request 12898 114.58633306914118 238.76902987594912 3073.927001953125 1.43505859375 6.367779531572336 5817
stats: page 1095 942.1400134221611 755.3702625907831 4928.159912109375 20.1650390625 65.13301363139577 579
stats: connect 13038 47.08562282112258 236.55807961462227 3008.7470703125 0.39990234375 0.9637312975111665 5821
stats: size_rcv 1667970 2408183
stats: newphase 6 6
stats: size_sent 1730866 2503017
stats: connected 140 144
# stats: dump at 1338975042
stats: users 372 476
stats: {load,"os_mon@test2"} 1 1.66015625 0.0 1.890625 1.66015625 1.78515625 2
stats: {recvpackets,"os_mon@test3"} 1 7136.0 0.0 7136 3588 3588.0 1
stats: {sentpackets,"os_mon@test3"} 1 5034.0 0.0 5034 2574 2574.0 1
stats: {freemem,"os_mon@test2"} 1 1437.08203125 0.0 1444.484375 1437.08203125 1444.375 2
stats: {cpu,"os_mon@test3"} 1 36.421052631578945 0.0 36.421052631578945 3.0792529025744573 12.639422785299448 2
stats: {load,"os_mon@test4"} 1 0.98828125 0.0 1.1796875 0.98828125 1.125 2
stats: {freemem,"os_mon@test4"} 1 1414.703125 0.0 1420.8515625 1414.703125 1420.2890625 2
stats: {freemem,"os_mon@myserver"} 1 2865.84375 0.0 2865.84375 2862.06640625 2863.2109375 2
stats: {recvpackets,"os_mon@test2"} 1 7163.0 0.0 7163 3612 3612.0 1
stats: {sentpackets,"os_mon@test2"} 1 5046.0 0.0 5046 2594 2594.0 1
stats: {load,"os_mon@test3"} 1 1.3515625 0.0 1.55859375 1.3203125 1.439453125 2
stats: {cpu,"os_mon@test2"} 1 35.74730354391371 0.0 35.74730354391371 2.619647355163728 9.702139147753755 2
stats: {freemem,"os_mon@test3"} 1 1426.11328125 0.0 1431.9375 1426.11328125 1431.7265625 2
stats: {recvpackets,"os_mon@test4"} 1 7145.0 0.0 7145 3589 3589.0 1
stats: {sentpackets,"os_mon@test4"} 1 5039.0 0.0 5039 2576 2576.0 1
stats: {cpu,"os_mon@test4"} 1 29.48717948717949 0.0 29.48717948717949 2.2522522522522523 7.921257971967911 2
stats: {load,"os_mon@myserver"} 1 3.171875 0.0 4.109375 3.171875 3.833984375 2
stats: {recvpackets,"os_mon@myserver"} 1 7310.0 0.0 7310 3761 3761.0 1
stats: {sentpackets,"os_mon@myserver"} 1 5139.0 0.0 5139 2709 2709.0 1
stats: {cpu,"os_mon@myserver"} 1 29.55793879152498 0.0 29.55793879152498 2.2503160556257904 10.335684343602368 2
stats: session 2359 1363.4563266678133 1233.1946041644974 9006.47314453125 21.798095703125 675.7310360512438 1724
stats: users_count 2316 4455
stats: finish_users_count 2359 4083
stats: request 23281 128.14304839011734 314.26190705146223 7050.287841796875 1.43505859375 80.94982086352867 18715
stats: page 2376 1369.0995171029972 1231.4043889919108 9004.432861328125 20.1650390625 638.8024668995488 1674
stats: connect 23282 67.67990707136592 300.6624826601962 7018.10009765625 0.39990234375 32.84968610343118 18859
stats: 200 23280 41995
stats: size_rcv 3488944 5897127
stats: newphase 6 12
stats: size_sent 3091582 5594599
stats: connected 1 145
# stats: dump at 1338975052
stats: users 1714 1714
stats: {load,"os_mon@test2"} 1 1.5703125 0.0 1.890625 1.5703125 1.7434895833333333 3
stats: {recvpackets,"os_mon@test3"} 1 10382.0 0.0 10382 3588 5362.0 2
stats: {sentpackets,"os_mon@test3"} 1 7084.0 0.0 7084 2574 3804.0 2
stats: {freemem,"os_mon@test2"} 1 1436.84765625 0.0 1444.484375 1436.84765625 1441.9440104166667 3
stats: {cpu,"os_mon@test3"} 1 50.786163522012586 0.0 50.786163522012586 3.0792529025744573 20.56663273405928 3
stats: {load,"os_mon@test4"} 1 1.05859375 0.0 1.1796875 0.98828125 1.0794270833333333 3
stats: {freemem,"os_mon@test4"} 1 1413.734375 0.0 1420.8515625 1413.734375 1418.4270833333333 3
stats: {freemem,"os_mon@myserver"} 1 2867.5859375 0.0 2867.5859375 2862.06640625 2864.0885416666665 3
stats: {recvpackets,"os_mon@test2"} 1 10360.0 0.0 10360 3612 5387.5 2
stats: {sentpackets,"os_mon@test2"} 1 7074.0 0.0 7074 2594 3820.0 2
stats: {load,"os_mon@test3"} 1 1.21875 0.0 1.55859375 1.21875 1.41015625 3
stats: {cpu,"os_mon@test2"} 1 54.42032821598729 0.0 54.42032821598729 2.619647355163728 18.383860613140406 3
stats: {freemem,"os_mon@test3"} 1 1425.8671875 0.0 1431.9375 1425.8671875 1429.85546875 3
stats: {recvpackets,"os_mon@test4"} 1 10362.0 0.0 10362 3589 5367.0 2
stats: {sentpackets,"os_mon@test4"} 1 7073.0 0.0 7073 2576 3807.5 2
stats: {cpu,"os_mon@test4"} 1 47.755102040816325 0.0 47.755102040816325 2.2522522522522523 15.109898477038437 3
stats: {load,"os_mon@myserver"} 1 2.828125 0.0 4.109375 2.828125 3.61328125 3
stats: {recvpackets,"os_mon@myserver"} 1 10351.0 0.0 10351 3761 5535.5 2
stats: {sentpackets,"os_mon@myserver"} 1 7070.0 0.0 7070 2709 3924.0 2
stats: {cpu,"os_mon@myserver"} 1 39.09324208725407 0.0 39.09324208725407 2.2503160556257904 16.743102492909905 3
stats: session 1801 2467.4803334627445 1594.9606531296497 11993.658935546875 21.798095703125 1073.0721971005917 4083
stats: users_count 3143 7598
stats: finish_users_count 1801 5884
stats: request 22726 297.13993571042244 581.8994812034072 7304.2412109375 1.43505859375 107.11196797388469 41996
stats: page 1795 2389.782972857552 1520.032449080447 11989.754150390625 20.1650390625 1067.2434030189052 4050
stats: connect 23052 207.74170065910775 562.8482815484031 7046.240966796875 0.39990234375 52.092637257306414 42141
stats: 200 22725 64720
stats: size_rcv 3387851 9284978
stats: newphase 6 18
stats: size_sent 3056996 8651595
stats: connected 326 471
# stats: dump at 1338975062
stats: users 4063 4089
stats: {load,"os_mon@test2"} 1 1.62890625 0.0 1.890625 1.5703125 1.7001953125 4
stats: {recvpackets,"os_mon@test3"} 1 12349.0 0.0 12349 3588 7035.333333333333 3
stats: {sentpackets,"os_mon@test3"} 1 8424.0 0.0 8424 2574 4897.333333333333 3
stats: {freemem,"os_mon@test2"} 1 1421.99609375 0.0 1444.484375 1421.99609375 1440.669921875 4
stats: {cpu,"os_mon@test3"} 1 52.32804232804232 0.0 52.32804232804232 3.0792529025744573 28.121515431047605 4
stats: {load,"os_mon@test4"} 1 1.05078125 0.0 1.1796875 0.98828125 1.07421875 4
stats: {freemem,"os_mon@test4"} 1 1392.99609375 0.0 1420.8515625 1392.99609375 1417.25390625 4
stats: {freemem,"os_mon@myserver"} 1 2868.3984375 0.0 2868.3984375 2862.06640625 2864.962890625 4
stats: {recvpackets,"os_mon@test2"} 1 12349.0 0.0 12349 3612 7045.0 3
stats: {sentpackets,"os_mon@test2"} 1 8423.0 0.0 8423 2594 4904.666666666667 3
stats: {load,"os_mon@test3"} 1 1.26171875 0.0 1.55859375 1.21875 1.3623046875 4
stats: {cpu,"os_mon@test2"} 1 51.15546218487395 0.0 54.42032821598729 2.619647355163728 27.392977513852127 4
stats: {freemem,"os_mon@test3"} 1 1400.6171875 0.0 1431.9375 1400.6171875 1428.8583984375 4
stats: {recvpackets,"os_mon@test4"} 1 12339.0 0.0 12339 3589 7032.0 3
stats: {sentpackets,"os_mon@test4"} 1 8414.0 0.0 8414 2576 4896.0 3
stats: {cpu,"os_mon@test4"} 1 49.79188345473465 0.0 49.79188345473465 2.2522522522522523 23.27119936798291 4
stats: {load,"os_mon@myserver"} 1 2.62890625 0.0 4.109375 2.62890625 3.4169921875 4
stats: {recvpackets,"os_mon@myserver"} 1 12481.0 0.0 12481 3761 7140.666666666667 3
stats: {sentpackets,"os_mon@myserver"} 1 8517.0 0.0 8517 2709 4972.666666666667 3
stats: {cpu,"os_mon@myserver"} 1 39.19612314709236 0.0 39.19612314709236 2.2503160556257904 22.330637391495948 4
stats: session 1362 6586.247768318074 2880.6889891282376 23352.4130859375 21.798095703125 1499.8786304092655 5884
stats: users_count 3711 11309
stats: finish_users_count 1362 7246
stats: request 22763 825.5049555623947 1300.2145318725966 15133.27392578125 1.43505859375 173.83697021084515 64722
stats: page 1362 6483.145789416705 2854.294208515557 23350.69091796875 20.1650390625 1473.3954180506198 5845
stats: connect 22861 619.8677274052292 1233.2025692955685 15055.47607421875 0.39990234375 107.12956161326986 65193
stats: 200 22751 87471
stats: size_rcv 3426441 12711419
stats: newphase 6 24
stats: size_sent 3033807 11685402
stats: connected 98 569
# stats: dump at 1338975072
stats: users 5136 5136
stats: {load,"os_mon@test2"} 1 1.4609375 0.0 1.890625 1.4609375 1.6859375 5
stats: {recvpackets,"os_mon@test3"} 1 13310.0 0.0 13310 3588 8363.75 4
stats: {sentpackets,"os_mon@test3"} 1 9195.0 0.0 9195 2574 5779.0 4
stats: {freemem,"os_mon@test2"} 1 1392.390625 0.0 1444.484375 1392.390625 1436.93515625 5
stats: {cpu,"os_mon@test3"} 1 60.10526315789474 0.0 60.10526315789474 3.0792529025744573 32.96282081044655 5
stats: {load,"os_mon@test4"} 1 0.890625 0.0 1.1796875 0.890625 1.06953125 5
stats: {freemem,"os_mon@test4"} 1 1359.4296875 0.0 1420.8515625 1359.4296875 1412.40234375 5
stats: {freemem,"os_mon@myserver"} 1 2874.3671875 0.0 2874.3671875 2862.06640625 2865.65 5
stats: {recvpackets,"os_mon@test2"} 1 13282.0 0.0 13282 3612 8371.0 4
stats: {sentpackets,"os_mon@test2"} 1 9174.0 0.0 9174 2594 5784.25 4
stats: {load,"os_mon@test3"} 1 1.2890625 0.0 1.55859375 1.21875 1.3421875 5
stats: {cpu,"os_mon@test2"} 1 49.03495044340115 0.0 54.42032821598729 2.619647355163728 32.14547444805649 5
stats: {freemem,"os_mon@test3"} 1 1328.9921875 0.0 1431.9375 1328.9921875 1423.21015625 5
stats: {recvpackets,"os_mon@test4"} 1 13234.0 0.0 13234 3589 8358.75 4
stats: {sentpackets,"os_mon@test4"} 1 9141.0 0.0 9141 2576 5775.5 4
stats: {cpu,"os_mon@test4"} 1 47.107438016528924 0.0 49.79188345473465 2.2522522522522523 28.57533618533326 5
stats: {load,"os_mon@myserver"} 1 2.37890625 0.0 4.109375 2.37890625 3.259375 5
stats: {recvpackets,"os_mon@myserver"} 1 13517.0 0.0 13517 3761 8475.75 4
stats: {sentpackets,"os_mon@myserver"} 1 9330.0 0.0 9330 2709 5858.75 4
stats: {cpu,"os_mon@myserver"} 1 39.56296722254169 0.0 39.56296722254169 2.2503160556257904 25.70373454261523 5
stats: session 1828 11292.41439278431 4296.555279326096 25308.93798828125 21.798095703125 2455.9419433863286 7246
stats: users_count 2901 14210
stats: finish_users_count 1828 9074
stats: 200 23186 110657
stats: request 23202 1464.1597407205877 2390.762485300762 16658.1181640625 1.43505859375 343.3965329994069 87485
stats: page 1822 11173.412340786012 4239.854353448144 25307.43701171875 20.1650390625 2420.1527381284063 7207
stats: connect 23511 1205.3739812365154 2329.8281198044724 15055.47607421875 0.39990234375 240.24909290281926 88054
stats: size_rcv 3492965 16204384
stats: newphase 6 30
stats: size_sent 3119885 14805287
stats: connected 309 878
# stats: dump at 1338975082
stats: users 6006 6109
stats: {load,"os_mon@test2"} 1 1.53125 0.0 1.890625 1.4609375 1.6484375 6
stats: {recvpackets,"os_mon@test3"} 1 12882.0 0.0 13310 3588 9353.0 5
stats: {sentpackets,"os_mon@test3"} 1 9348.0 0.0 9348 2574 6462.2 5
stats: {freemem,"os_mon@test2"} 1 1352.17578125 0.0 1444.484375 1352.17578125 1429.5110677083333 6
stats: {cpu,"os_mon@test3"} 1 52.96924708377519 0.0 60.10526315789474 3.0792529025744573 37.48656120168791 6
stats: {load,"os_mon@test4"} 1 0.91015625 0.0 1.1796875 0.890625 1.0397135416666667 6
stats: {freemem,"os_mon@test4"} 1 1310.35546875 0.0 1420.8515625 1310.35546875 1403.5735677083333 6
stats: {freemem,"os_mon@myserver"} 1 2874.95703125 0.0 2874.95703125 2862.06640625 2867.1028645833335 6
stats: {recvpackets,"os_mon@test2"} 1 12958.0 0.0 13282 3612 9353.2 5
stats: {sentpackets,"os_mon@test2"} 1 9422.0 0.0 9422 2594 6462.2 5
stats: {load,"os_mon@test3"} 1 1.25 0.0 1.55859375 1.21875 1.3333333333333333 6
stats: {cpu,"os_mon@test2"} 1 53.640040444893835 0.0 54.42032821598729 2.619647355163728 34.96038711394727 6
stats: {freemem,"os_mon@test3"} 1 1291.21875 0.0 1431.9375 1291.21875 1407.5071614583333 6
stats: {recvpackets,"os_mon@test4"} 1 13034.0 0.0 13234 3589 9333.8 5
stats: {sentpackets,"os_mon@test4"} 1 9469.0 0.0 9469 2576 6448.6 5
stats: {cpu,"os_mon@test4"} 1 53.88127853881278 0.0 53.88127853881278 2.2522522522522523 31.66401982386587 6
stats: {load,"os_mon@myserver"} 1 2.171875 0.0 4.109375 2.171875 3.1126302083333335 6
stats: {recvpackets,"os_mon@myserver"} 1 1.23e4 0.0 13517 3761 9484.0 5
stats: {sentpackets,"os_mon@myserver"} 1 8974.0 0.0 9330 2709 6553.0 5
stats: {cpu,"os_mon@myserver"} 1 38.98550724637681 0.0 39.56296722254169 2.2503160556257904 28.013606655936304 6
stats: session 1837 15413.799597626477 6337.720747113522 35467.636962890625 21.798095703125 4236.090900571639 9074
stats: users_count 2707 16917
stats: finish_users_count 1837 10911
stats: request 22977 1744.1454663201735 2922.503502770464 31125.739990234375 1.43505859375 578.3288009761958 110687
stats: page 1846 15287.890038983152 6274.723661636908 35465.408935546875 20.1650390625 4186.509920102286 9029
stats: connect 23080 1391.1687523588887 2727.405470055061 31064.114990234375 0.39990234375 443.63771164179235 111565
stats: 200 22936 133593
stats: size_rcv 3460249 19664633
stats: newphase 6 36
stats: size_sent 3063336 17868623
stats: connected 103 981
# stats: dump at 1338975092
stats: users 6634 6768
stats: {load,"os_mon@test2"} 1 1.37109375 0.0 1.890625 1.37109375 1.6316964285714286 7
stats: {recvpackets,"os_mon@test3"} 1 10642.0 0.0 13310 3588 9941.166666666666 6
stats: {sentpackets,"os_mon@test3"} 1 8048.0 0.0 9348 2574 6943.166666666667 6
stats: {freemem,"os_mon@test2"} 1 1321.015625 0.0 1444.484375 1321.015625 1418.463169642857 7
stats: {cpu,"os_mon@test3"} 1 58.95679662802951 0.0 60.10526315789474 3.0792529025744573 39.69837347055752 7
stats: {load,"os_mon@test4"} 1 1.078125 0.0 1.1796875 0.890625 1.0212053571428572 7
stats: {freemem,"os_mon@test4"} 1 1261.66015625 0.0 1420.8515625 1261.66015625 1390.2566964285713 7
stats: {freemem,"os_mon@myserver"} 1 2884.56640625 0.0 2884.56640625 2862.06640625 2868.2248883928573 7
stats: {recvpackets,"os_mon@test2"} 1 10746.0 0.0 13282 3612 9954.0 6
stats: {sentpackets,"os_mon@test2"} 1 8119.0 0.0 9422 2594 6955.5 6
stats: {load,"os_mon@test3"} 1 1.2890625 0.0 1.55859375 1.21875 1.3214285714285714 7
stats: {cpu,"os_mon@test2"} 1 43.46234309623431 0.0 54.42032821598729 2.619647355163728 37.62890901836821 7
stats: {freemem,"os_mon@test3"} 1 1226.18359375 0.0 1431.9375 1226.18359375 1390.89453125 7
stats: {recvpackets,"os_mon@test4"} 1 10713.0 0.0 13234 3589 9950.5 6
stats: {sentpackets,"os_mon@test4"} 1 8096.0 0.0 9469 2576 6952.0 6
stats: {cpu,"os_mon@test4"} 1 58.41995841995842 0.0 58.41995841995842 2.2522522522522523 34.83791392600114 7
stats: {load,"os_mon@myserver"} 1 1.98828125 0.0 4.109375 1.98828125 2.978236607142857 7
stats: {recvpackets,"os_mon@myserver"} 1 10977.0 0.0 13517 3761 9953.333333333334 6
stats: {sentpackets,"os_mon@myserver"} 1 8289.0 0.0 9330 2709 6956.5 6
stats: {cpu,"os_mon@myserver"} 1 38.73403019744483 0.0 39.56296722254169 2.2503160556257904 29.581021025999235 7
stats: session 2176 17467.1855854708 8428.928298691771 48543.455078125 21.798095703125 6117.994564442021 10911
stats: users_count 2804 19721
stats: finish_users_count 2176 13087
stats: request 23009 2065.8911687644018 4070.836632866895 32728.647216796875 1.43505859375 778.7340673127454 133664
stats: page 2172 17411.800476748638 8349.367294640202 44130.5830078125 20.1650390625 6070.93729476473 10875
stats: connect 23205 1663.9145096124407 3911.288262102745 31124.904052734375 0.35302734375 606.0575298285098 134645
stats: 200 22964 156557
stats: size_rcv 3459140 23123773
stats: newphase 6 42
stats: size_sent 3079295 20947918
stats: connected 196 1177
# stats: dump at 1338975102
stats: users 7515 7516
stats: {load,"os_mon@test2"} 1 1.30859375 0.0 1.890625 1.30859375 1.59912109375 8
stats: {recvpackets,"os_mon@test3"} 1 12851.0 0.0 13310 3588 10041.285714285714 7
stats: {sentpackets,"os_mon@test3"} 1 9641.0 0.0 9641 2574 7101.0 7
stats: {freemem,"os_mon@test2"} 1 1304.95703125 0.0 1444.484375 1304.95703125 1406.2822265625 8
stats: {cpu,"os_mon@test3"} 1 65.50816219062665 0.0 65.50816219062665 3.0792529025744573 42.10567636524152 8
stats: {load,"os_mon@test4"} 1 0.91015625 0.0 1.1796875 0.890625 1.0283203125 8
stats: {freemem,"os_mon@test4"} 1 1220.6875 0.0 1420.8515625 1220.6875 1374.18212890625 8
stats: {freemem,"os_mon@myserver"} 1 2899.39453125 0.0 2899.39453125 2862.06640625 2870.267578125 8
stats: {recvpackets,"os_mon@test2"} 1 12990.0 0.0 13282 3612 10067.142857142857 7
stats: {sentpackets,"os_mon@test2"} 1 9734.0 0.0 9734 2594 7121.714285714285 7
stats: {load,"os_mon@test3"} 1 1.640625 0.0 1.640625 1.21875 1.3173828125 8
stats: {cpu,"os_mon@test2"} 1 41.13364534581383 0.0 54.42032821598729 2.619647355163728 38.35808827810147 8
stats: {freemem,"os_mon@test3"} 1 1167.7734375 0.0 1431.9375 1167.7734375 1370.3056640625 8
stats: {recvpackets,"os_mon@test4"} 1 12936.0 0.0 13234 3589 10059.42857142857 7
stats: {sentpackets,"os_mon@test4"} 1 9701.0 0.0 9701 2576 7115.428571428572 7
stats: {cpu,"os_mon@test4"} 1 60.29030585795749 0.0 60.29030585795749 2.2522522522522523 37.78566948774581 8
stats: {load,"os_mon@myserver"} 1 1.91015625 0.0 4.109375 1.91015625 2.8544921875 8
stats: {recvpackets,"os_mon@myserver"} 1 13074.0 0.0 13517 3761 10099.57142857143 7
stats: {sentpackets,"os_mon@myserver"} 1 9791.0 0.0 9791 2709 7146.857142857143 7
stats: {cpu,"os_mon@myserver"} 1 38.96631823461092 0.0 39.56296722254169 2.2503160556257904 30.725147172429935 8
stats: session 1812 21032.032806463867 10295.093843893832 55014.904052734375 21.798095703125 8005.04581085133 13087
stats: users_count 2693 22414
stats: finish_users_count 1812 14899
stats: 200 22872 179429
stats: connect 23024 1827.7406417708844 4216.299391467196 31124.904052734375 0.35302734375 761.569542599407 157850
stats: page 1801 21137.735134940223 10261.43266569538 55013.452880859375 20.1650390625 7958.9080797167535 13047
stats: request 22890 2310.4449501820955 4404.432989592485 34476.868896484375 1.43505859375 967.7659856860527 156673
stats: size_rcv 3439110 26562883
stats: newphase 6 48
stats: size_sent 3055992 24003910
stats: connected 134 1311
# stats: dump at 1338975112
stats: users 7811 7976
stats: {load,"os_mon@test2"} 1 1.1796875 0.0 1.890625 1.1796875 1.5668402777777777 9
stats: {recvpackets,"os_mon@test3"} 1 12631.0 0.0 13310 3588 10392.5 8
stats: {sentpackets,"os_mon@test3"} 1 9554.0 0.0 9641 2574 7418.5 8
stats: {freemem,"os_mon@test2"} 1 1289.9609375 0.0 1444.484375 1289.9609375 1395.0238715277778 9
stats: {cpu,"os_mon@test3"} 1 64.01273885350318 0.0 65.50816219062665 3.0792529025744573 44.70595256806209 9
stats: {load,"os_mon@test4"} 1 1.0703125 0.0 1.1796875 0.890625 1.0151909722222223 9
stats: {freemem,"os_mon@test4"} 1 1151.66015625 0.0 1420.8515625 1151.66015625 1357.127170138889 9
stats: {freemem,"os_mon@myserver"} 1 2899.359375 0.0 2899.39453125 2862.06640625 2873.50390625 9
stats: {recvpackets,"os_mon@test2"} 1 12581.0 0.0 13282 3612 10432.5 8
stats: {sentpackets,"os_mon@test2"} 1 9530.0 0.0 9734 2594 7448.25 8
stats: {load,"os_mon@test3"} 1 1.46875 0.0 1.640625 1.21875 1.3532986111111112 9
stats: {cpu,"os_mon@test2"} 1 38.56041131105398 0.0 54.42032821598729 2.619647355163728 38.66648350784729 9
stats: {freemem,"os_mon@test3"} 1 1107.171875 0.0 1431.9375 1107.171875 1347.8020833333333 9
stats: {recvpackets,"os_mon@test4"} 1 12605.0 0.0 13234 3589 10419.0 8
stats: {sentpackets,"os_mon@test4"} 1 9542.0 0.0 9701 2576 7438.625 8
stats: {cpu,"os_mon@test4"} 1 66.7189132706374 0.0 66.7189132706374 2.2522522522522523 40.286184639991546 9
stats: {load,"os_mon@myserver"} 1 1.76953125 0.0 4.109375 1.76953125 2.7495659722222223 9
stats: {recvpackets,"os_mon@myserver"} 1 12624.0 0.0 13517 3761 10471.375 8
stats: {sentpackets,"os_mon@myserver"} 1 9567.0 0.0 9791 2709 7477.375 8
stats: {cpu,"os_mon@myserver"} 1 39.77175463623395 0.0 39.77175463623395 2.2503160556257904 31.6408328460056 9
stats: session 2057 21979.12682446752 12176.75152857506 60554.657958984375 21.798095703125 9589.373647353774 14899
stats: users_count 2353 24767
stats: finish_users_count 2057 16956
stats: 200 22839 202268
stats: request 22888 2492.736058640173 4703.075716632742 45074.39208984375 1.43505859375 1138.9255313458734 179563
stats: page 2048 21776.1547979116 12065.102467416042 60553.0048828125 20.1650390625 9557.444416358556 14848
stats: connect 23129 1966.423990892455 4418.594813932193 31178.064208984375 0.35302734375 897.2856952101972 180874
stats: size_rcv 3436929 29999812
stats: newphase 4 52
stats: size_sent 3068779 27072689
stats: connected 241 1552
stats: error_connect_etimedout 4 4
# stats: dump at 1338975122
stats: users 8952 9086
stats: {load,"os_mon@test2"} 1 1.0 0.0 1.890625 1.0 1.528125 10
stats: {recvpackets,"os_mon@test3"} 1 12009.0 0.0 13310 3588 10641.222222222223 9
stats: {sentpackets,"os_mon@test3"} 1 9361.0 0.0 9641 2574 7655.777777777777 9
stats: {freemem,"os_mon@test2"} 1 1235.20703125 0.0 1444.484375 1235.20703125 1384.517578125 10
stats: {cpu,"os_mon@test3"} 1 63.57992757371961 0.0 65.50816219062665 3.0792529025744573 46.636631196606196 10
stats: {load,"os_mon@test4"} 1 0.98828125 0.0 1.1796875 0.890625 1.020703125 10
stats: {freemem,"os_mon@test4"} 1 1112.92578125 0.0 1420.8515625 1112.92578125 1336.58046875 10
stats: {freemem,"os_mon@myserver"} 1 2900.98046875 0.0 2900.98046875 2862.06640625 2876.089453125 10
stats: {recvpackets,"os_mon@test2"} 1 12413.0 0.0 13282 3612 10671.222222222223 9
stats: {sentpackets,"os_mon@test2"} 1 9737.0 0.0 9737 2594 7679.555555555556 9
stats: {load,"os_mon@test3"} 1 1.609375 0.0 1.640625 1.21875 1.36484375 10
stats: {cpu,"os_mon@test2"} 1 57.083764219234745 0.0 57.083764219234745 2.619647355163728 38.65587628816796 10
stats: {freemem,"os_mon@test3"} 1 1060.20703125 0.0 1431.9375 1060.20703125 1323.7390625 10
stats: {recvpackets,"os_mon@test4"} 1 12096.0 0.0 13234 3589 10661.888888888889 9
stats: {sentpackets,"os_mon@test4"} 1 9461.0 0.0 9701 2576 7672.333333333333 9
stats: {cpu,"os_mon@test4"} 1 52.40128068303095 0.0 66.7189132706374 2.2522522522522523 42.929457503056135 10
stats: {load,"os_mon@myserver"} 1 1.6484375 0.0 4.109375 1.6484375 2.6515625 10
stats: {recvpackets,"os_mon@myserver"} 1 12109.0 0.0 13517 3761 10710.555555555555 9
stats: {sentpackets,"os_mon@myserver"} 1 9503.0 0.0 9791 2709 7709.555555555556 9
stats: {cpu,"os_mon@myserver"} 1 40.337078651685395 0.0 40.337078651685395 2.2503160556257904 32.45392502502843 10
stats: session 2009 24730.34020479619 12973.924625663578 69441.93090820313 21.798095703125 11092.424029833308 16956
stats: users_count 3150 27917
stats: finish_users_count 2009 18965
stats: request 22795 2505.9666573951527 4645.542838546586 56345.592041015625 1.43505859375 1291.9799264771 202451
stats: 200 22734 225002
stats: page 2021 24691.322246659118 13051.398229472958 69440.52514648438 20.1650390625 11038.500220183167 16896
stats: connect 22773 1860.1881988449006 4160.228846410083 31178.064208984375 0.35302734375 1018.5000873555821 204003
stats: size_rcv 3421840 33421652
stats: newphase 5 57
stats: size_sent 3021495 30094184
stats: connected -22 1530
stats: error_connect_etimedout 164 168
# stats: dump at 1338975132
stats: users 9692 9746
stats: {load,"os_mon@test2"} 1 1.1484375 0.0 1.890625 1.0 1.4801136363636365 11
stats: {recvpackets,"os_mon@test3"} 1 15352.0 0.0 15352 3588 10778.0 10
stats: {sentpackets,"os_mon@test3"} 1 11543.0 0.0 11543 2574 7826.3 10
stats: {freemem,"os_mon@test2"} 1 1200.41015625 0.0 1444.484375 1200.41015625 1370.9438920454545 11
stats: {cpu,"os_mon@test3"} 1 58.90483785220627 0.0 65.50816219062665 3.0792529025744573 48.17693086725287 11
stats: {load,"os_mon@test4"} 1 1.23046875 0.0 1.23046875 0.890625 1.0177556818181819 11
stats: {freemem,"os_mon@test4"} 1 1057.15234375 0.0 1420.8515625 1057.15234375 1316.2482244318182 11
stats: {freemem,"os_mon@myserver"} 1 2901.8359375 0.0 2901.8359375 2862.06640625 2878.3522727272725 11
stats: {recvpackets,"os_mon@test2"} 1 15555.0 0.0 15555 3612 10845.4 10
stats: {sentpackets,"os_mon@test2"} 1 11594.0 0.0 11594 2594 7885.3 10
stats: {load,"os_mon@test3"} 1 1.58984375 0.0 1.640625 1.21875 1.3870738636363635 11
stats: {cpu,"os_mon@test2"} 1 53.13653136531366 0.0 57.083764219234745 2.619647355163728 40.33113882735585 11
stats: {freemem,"os_mon@test3"} 1 1003.58984375 0.0 1431.9375 1003.58984375 1299.7816051136363 11
stats: {recvpackets,"os_mon@test4"} 1 15332.0 0.0 15332 3589 10805.3 10
stats: {sentpackets,"os_mon@test4"} 1 11480.0 0.0 11480 2576 7851.2 10
stats: {cpu,"os_mon@test4"} 1 62.97071129707113 0.0 66.7189132706374 2.2522522522522523 43.7905323375993 11
stats: {load,"os_mon@myserver"} 1 1.55078125 0.0 4.109375 1.55078125 2.5603693181818183 11
stats: {recvpackets,"os_mon@myserver"} 1 15856.0 0.0 15856 3761 10850.4 10
stats: {sentpackets,"os_mon@myserver"} 1 11809.0 0.0 11809 2709 7888.9 10
stats: {cpu,"os_mon@myserver"} 1 39.62101636520241 0.0 40.337078651685395 2.2503160556257904 33.17057535472452 11
stats: session 1785 26909.920106519152 15999.700446350058 87783.89697265625 21.798095703125 12537.115492817777 18965
stats: users_count 2525 30442
stats: finish_users_count 1785 20750
stats: request 22876 2816.3006252416153 5218.426311892431 66354.43701171875 1.43505859375 1414.8359484765008 225246
stats: page 1796 26881.736144883587 15819.31537679444 87781.20288085938 20.1650390625 12497.101124951781 18917
stats: connect 22945 2090.4020540158886 4489.049991780059 31223.583984375 0.35302734375 1103.022979385366 226776
stats: 200 22851 247853
stats: size_rcv 3440881 36862533
stats: newphase 3 60
stats: size_sent 3046859 33141043
stats: connected 69 1599
stats: error_connect_etimedout 263 431
# stats: dump at 1338975142
stats: users 11054 11068
stats: {load,"os_mon@test2"} 1 1.421875 0.0 1.890625 1.0 1.4524739583333333 12
stats: {recvpackets,"os_mon@test3"} 1 13583.0 0.0 15352 3588 11193.818181818182 11
stats: {sentpackets,"os_mon@test3"} 1 10594.0 0.0 11543 2574 8164.181818181818 11
stats: {freemem,"os_mon@test2"} 1 1161.109375 0.0 1444.484375 1161.109375 1356.7327473958333 12
stats: {cpu,"os_mon@test3"} 1 68.12272490899636 0.0 68.12272490899636 3.0792529025744573 49.07092311599899 12
stats: {load,"os_mon@test4"} 1 1.44140625 0.0 1.44140625 0.890625 1.0354817708333333 12
stats: {freemem,"os_mon@test4"} 1 1014.98828125 0.0 1420.8515625 1014.98828125 1294.6569010416667 12
stats: {freemem,"os_mon@myserver"} 1 2901.44140625 0.0 2901.8359375 2862.06640625 2880.3092447916665 12
stats: {recvpackets,"os_mon@test2"} 1 13367.0 0.0 15555 3612 11273.545454545454 11
stats: {sentpackets,"os_mon@test2"} 1 10513.0 0.0 11594 2594 8222.454545454546 11
stats: {load,"os_mon@test3"} 1 1.421875 0.0 1.640625 1.21875 1.4039713541666667 12
stats: {cpu,"os_mon@test2"} 1 52.94117647058824 0.0 57.083764219234745 2.619647355163728 41.39825487218567 12
stats: {freemem,"os_mon@test3"} 1 924.44921875 0.0 1431.9375 924.44921875 1275.0989583333333 12
stats: {recvpackets,"os_mon@test4"} 1 13558.0 0.0 15332 3589 11216.818181818182 11
stats: {sentpackets,"os_mon@test4"} 1 10649.0 0.0 11480 2576 8181.090909090909 11
stats: {cpu,"os_mon@test4"} 1 49.68186638388123 0.0 66.7189132706374 2.2522522522522523 45.38888058422196 12
stats: {load,"os_mon@myserver"} 1 1.5390625 0.0 4.109375 1.5390625 2.4762369791666665 12
stats: {recvpackets,"os_mon@myserver"} 1 13219.0 0.0 15856 3761 11305.454545454546 11
stats: {sentpackets,"os_mon@myserver"} 1 10419.0 0.0 11809 2709 8245.272727272728 11
stats: {cpu,"os_mon@myserver"} 1 38.847262247838614 0.0 40.337078651685395 2.2503160556257904 33.70811210559768 12
stats: session 2037 28240.90853032376 18861.963549154094 96037.24389648438 21.798095703125 13773.523022237387 20750
stats: users_count 3399 33841
stats: finish_users_count 2037 22787
stats: error_unknown 153 153
stats: request 22591 2681.5069598071723 4973.22967549281 66354.43701171875 1.43505859375 1544.0461996661522 248122
stats: page 1885 29640.806695928994 18197.91036386527 96035.59985351563 20.1650390625 13744.37600043083 20713
stats: connect 22819 1974.6659260208207 4407.782905343636 31223.583984375 0.35302734375 1193.7458776093733 249721
stats: 200 22539 270392
stats: size_rcv 3397843 40260376
stats: newphase 7 67
stats: size_sent 3028873 36169916
stats: connected 228 1827
stats: error_connect_etimedout 265 696
# stats: dump at 1338975152
stats: users 11639 11639
stats: {load,"os_mon@test2"} 1 1.26953125 0.0 1.890625 1.0 1.4501201923076923 13
stats: {recvpackets,"os_mon@test3"} 1 17233.0 0.0 17233 3588 11392.916666666666 12
stats: {sentpackets,"os_mon@test3"} 1 13060.0 0.0 13060 2574 8366.666666666666 12
stats: {freemem,"os_mon@test2"} 1 1115.6171875 0.0 1444.484375 1115.6171875 1341.684795673077 13
stats: {cpu,"os_mon@test3"} 1 67.77777777777779 0.0 68.12272490899636 3.0792529025744573 50.53644633084494 13
stats: {load,"os_mon@test4"} 1 1.21875 0.0 1.44140625 0.890625 1.0667067307692308 13
stats: {freemem,"os_mon@test4"} 1 956.09765625 0.0 1420.8515625 956.09765625 1273.1439302884614 13
stats: {freemem,"os_mon@myserver"} 1 2901.296875 0.0 2901.8359375 2862.06640625 2881.934795673077 13
stats: {recvpackets,"os_mon@test2"} 1 17376.0 0.0 17376 3612 11448.0 12
stats: {sentpackets,"os_mon@test2"} 1 13111.0 0.0 13111 2594 8413.333333333334 12
stats: {load,"os_mon@test3"} 1 1.3515625 0.0 1.640625 1.21875 1.4053485576923077 13
stats: {cpu,"os_mon@test2"} 1 53.93024466423738 0.0 57.083764219234745 2.619647355163728 42.28617191821664 13
stats: {freemem,"os_mon@test3"} 1 860.125 0.0 1431.9375 860.125 1248.1259014423076 13
stats: {recvpackets,"os_mon@test4"} 1 17258.0 0.0 17258 3589 11411.916666666666 12
stats: {sentpackets,"os_mon@test4"} 1 13017.0 0.0 13017 2576 8386.75 12
stats: {cpu,"os_mon@test4"} 1 60.46875000000001 0.0 66.7189132706374 2.2522522522522523 45.71911026111882 13
stats: {load,"os_mon@myserver"} 1 1.4609375 0.0 4.109375 1.4609375 2.4041466346153846 13
stats: {recvpackets,"os_mon@myserver"} 1 17473.0 0.0 17473 3761 11464.916666666666 12
stats: {sentpackets,"os_mon@myserver"} 1 1.32e4 0.0 13200 2709 8426.416666666666 12
stats: {cpu,"os_mon@myserver"} 1 38.06884480746791 0.0 40.337078651685395 2.2503160556257904 34.10343134730852 13
stats: session 1807 33498.29589330346 21970.622605718105 102861.4189453125 21.798095703125 15066.80709999979 22787
stats: users_count 2392 36233
stats: finish_users_count 1807 24594
stats: request 22789 3365.5742028732075 5830.185022073274 66354.43701171875 1.43505859375 1638.9673007301787 270713
stats: page 1796 32990.78150229683 21573.473582361035 102860.02685546875 20.1650390625 15070.368205980614 22598
stats: connect 23024 2531.9641135337015 5129.965921597919 31223.583984375 0.35302734375 1259.1300949158265 272540
stats: error_unknown 0 153
stats: 200 22743 293135
stats: size_rcv 3425169 43685545
stats: newphase 5 72
stats: size_sent 3056632 39226548
stats: connected 235 2062
stats: error_connect_etimedout 146 842
# stats: dump at 1338975162
stats: users 13212 13470
stats: {load,"os_mon@test2"} 1 1.53125 0.0 1.890625 1.0 1.4372209821428572 14
stats: {recvpackets,"os_mon@test3"} 1 13931.0 0.0 17233 3588 11842.153846153846 13
stats: {sentpackets,"os_mon@test3"} 1 11171.0 0.0 13060 2574 8727.692307692309 13
stats: {freemem,"os_mon@test2"} 1 1069.1484375 0.0 1444.484375 1069.1484375 1325.537109375 14
stats: {cpu,"os_mon@test3"} 1 69.52678107124285 0.0 69.52678107124285 3.0792529025744573 51.767970005625855 14
stats: {load,"os_mon@test4"} 1 1.328125 0.0 1.44140625 0.890625 1.0775669642857142 14
stats: {freemem,"os_mon@test4"} 1 911.94921875 0.0 1420.8515625 911.94921875 1250.497767857143 14
stats: {freemem,"os_mon@myserver"} 1 2901.05859375 0.0 2901.8359375 2862.06640625 2883.317801339286 14
stats: {recvpackets,"os_mon@test2"} 1 14028.0 0.0 17376 3612 11904.0 13
stats: {sentpackets,"os_mon@test2"} 1 11229.0 0.0 13111 2594 8774.692307692309 13
stats: {load,"os_mon@test3"} 1 1.4609375 0.0 1.640625 1.21875 1.4015066964285714 14
stats: {cpu,"os_mon@test2"} 1 56.21052631578948 0.0 57.083764219234745 2.619647355163728 43.117891400075266 14
stats: {freemem,"os_mon@test3"} 1 784.0625 0.0 1431.9375 784.0625 1220.4115513392858 14
stats: {recvpackets,"os_mon@test4"} 1 13869.0 0.0 17258 3589 11861.615384615385 13
stats: {sentpackets,"os_mon@test4"} 1 11125.0 0.0 13017 2576 8742.923076923076 13
stats: {cpu,"os_mon@test4"} 1 54.92146596858639 0.0 66.7189132706374 2.2522522522522523 46.77265595675319 14
stats: {load,"os_mon@myserver"} 1 1.390625 0.0 4.109375 1.390625 2.3367745535714284 14
stats: {recvpackets,"os_mon@myserver"} 1 14471.0 0.0 17473 3761 11927.076923076924 13
stats: {sentpackets,"os_mon@myserver"} 1 11523.0 0.0 13200 2709 8793.615384615385 13
stats: {cpu,"os_mon@myserver"} 1 38.93703061813981 0.0 40.337078651685395 2.2503160556257904 34.38667516589134 14
stats: session 1760 35889.288279585344 22650.079606011477 113521.30786132813 21.798095703125 16421.02765174004 24594
stats: users_count 3333 39566
stats: finish_users_count 1760 26354
stats: request 22625 3142.1700474253307 5573.534347284945 66354.43701171875 1.43505859375 1773.0299125452175 293502
stats: page 1765 35525.026674956905 22311.798588344955 113519.44799804688 20.1650390625 16389.75257427544 24394
stats: connect 22987 2290.963942191689 4840.981044998425 31223.583984375 0.35302734375 1358.2819890729565 295564
stats: error_unknown 0 153
stats: 200 22578 315713
stats: size_rcv 3415127 47100672
stats: newphase 4 76
stats: size_sent 3051025 42277573
stats: connected 362 2424
stats: error_connect_etimedout 358 1200
# stats: dump at 1338975172
stats: users 14207 14208
stats: {load,"os_mon@test2"} 1 1.69140625 0.0 1.890625 1.0 1.4434895833333334 15
stats: {recvpackets,"os_mon@test3"} 1 16172.0 0.0 17233 3588 11991.357142857143 14
stats: {sentpackets,"os_mon@test3"} 1 12776.0 0.0 13060 2574 8902.214285714286 14
stats: {freemem,"os_mon@test2"} 1 987.8359375 0.0 1444.484375 987.8359375 1308.44453125 15
stats: {cpu,"os_mon@test3"} 1 58.44362096347274 0.0 69.52678107124285 3.0792529025744573 52.951890743333664 15
stats: {load,"os_mon@test4"} 1 1.51171875 0.0 1.51171875 0.890625 1.0942708333333333 15
stats: {freemem,"os_mon@test4"} 1 854.69921875 0.0 1420.8515625 854.69921875 1227.9278645833333 15
stats: {freemem,"os_mon@myserver"} 1 2897.69140625 0.0 2901.8359375 2862.06640625 2884.500520833333 15
stats: {recvpackets,"os_mon@test2"} 1 15923.0 0.0 17376 3612 12055.714285714286 14
stats: {sentpackets,"os_mon@test2"} 1 12684.0 0.0 13111 2594 8950.000000000002 14
stats: {load,"os_mon@test3"} 1 1.55859375 0.0 1.640625 1.21875 1.40546875 15
stats: {cpu,"os_mon@test2"} 1 65.91722023505365 0.0 65.91722023505365 2.619647355163728 43.99073372778955 15
stats: {freemem,"os_mon@test3"} 1 742.625 0.0 1431.9375 742.625 1191.3216145833333 15
stats: {recvpackets,"os_mon@test4"} 1 16226.0 0.0 17258 3589 12005.0 14
stats: {sentpackets,"os_mon@test4"} 1 12815.0 0.0 13017 2576 8913.071428571428 14
stats: {cpu,"os_mon@test4"} 1 55.331564986737405 0.0 66.7189132706374 2.2522522522522523 47.315909957542075 15
stats: {load,"os_mon@myserver"} 1 1.41015625 0.0 4.109375 1.390625 2.273697916666667 15
stats: {recvpackets,"os_mon@myserver"} 1 15880.0 0.0 17473 3761 12108.785714285714 14
stats: {sentpackets,"os_mon@myserver"} 1 12802.0 0.0 13200 2709 8988.57142857143 14
stats: {cpu,"os_mon@myserver"} 1 37.32946298984035 0.0 40.337078651685395 2.2503160556257904 34.69003219604124 15
stats: session 1890 38177.64875979143 24621.54292514665 118372.08813476563 21.798095703125 17721.177105523442 26354
stats: users_count 2885 42451
stats: finish_users_count 1890 28244
stats: request 22980 3801.7627254210543 6343.72668329902 73344.97680664063 1.43505859375 1871.0183651344064 316127
stats: page 1880 37802.89303601861 24288.42460502164 118369.71997070313 20.1650390625 17680.847753284685 26159
stats: connect 23188 2769.2530683089917 5655.70609186541 31223.583984375 0.35302734375 1425.5853723815642 318551
stats: error_unknown 0 153
stats: 200 22922 338635
stats: size_rcv 3446184 50546856
stats: newphase 6 82
stats: size_sent 3077868 45355441
stats: connected 208 2632
stats: error_connect_etimedout 368 1568
# stats: dump at 1338975182
stats: users 16150 16205
stats: {load,"os_mon@test2"} 1 1.98828125 0.0 1.98828125 1.0 1.458984375 16
stats: {recvpackets,"os_mon@test3"} 1 18296.0 0.0 18296 3588 12270.066666666668 15
stats: {sentpackets,"os_mon@test3"} 1 14320.0 0.0 14320 2574 9160.466666666667 15
stats: {freemem,"os_mon@test2"} 1 935.60546875 0.0 1444.484375 935.60546875 1288.406494140625 16
stats: {cpu,"os_mon@test3"} 1 68.24012314007183 0.0 69.52678107124285 3.0792529025744573 53.295123882092355 16
stats: {load,"os_mon@test4"} 1 1.4296875 0.0 1.51171875 0.890625 1.120361328125 16
stats: {freemem,"os_mon@test4"} 1 796.66015625 0.0 1420.8515625 796.66015625 1204.60107421875 16
stats: {freemem,"os_mon@myserver"} 1 2896.0234375 0.0 2901.8359375 2862.06640625 2885.324951171875 16
stats: {recvpackets,"os_mon@test2"} 1 18395.0 0.0 18395 3612 12313.533333333333 15
stats: {sentpackets,"os_mon@test2"} 1 14289.0 0.0 14289 2594 9198.933333333336 15
stats: {load,"os_mon@test3"} 1 1.62109375 0.0 1.640625 1.21875 1.4150390625 16
stats: {cpu,"os_mon@test2"} 1 61.52241918665277 0.0 65.91722023505365 2.619647355163728 45.36113913449355 16
stats: {freemem,"os_mon@test3"} 1 663.8515625 0.0 1431.9375 663.8515625 1163.278076171875 16
stats: {recvpackets,"os_mon@test4"} 1 18119.0 0.0 18119 3589 12286.4 15
stats: {sentpackets,"os_mon@test4"} 1 14183.0 0.0 14183 2576 9173.2 15
stats: {cpu,"os_mon@test4"} 1 60.41450777202072 0.0 66.7189132706374 2.2522522522522523 47.81688839686678 16
stats: {load,"os_mon@myserver"} 1 1.3515625 0.0 4.109375 1.3515625 2.2197265625 16
stats: {recvpackets,"os_mon@myserver"} 1 18220.0 0.0 18220 3761 12360.2 15
stats: {sentpackets,"os_mon@myserver"} 1 14021.0 0.0 14021 2709 9242.8 15
stats: {cpu,"os_mon@myserver"} 1 39.11653589072944 0.0 40.337078651685395 2.2503160556257904 34.85499662065368 16
stats: session 1665 42083.67510645406 25900.514909429174 133162.62280273438 21.798095703125 19090.06010462295 28244
stats: users_count 3608 46059
stats: finish_users_count 1665 29909
stats: error_unknown 0 153
stats: request 22662 3425.891131897211 6163.812463407874 119827.21020507813 1.43505859375 2001.857614690998 339107
stats: page 1675 41204.483513001425 25144.004814591157 133160.52001953125 20.1650390625 19030.020160700777 28039
stats: connect 23493 2448.7967046222066 4846.714607254163 31223.583984375 0.35302734375 1516.7571922006812 341739
stats: 200 22628 361263
stats: size_rcv 3406579 53953435
stats: newphase 6 88
stats: size_sent 3119031 48474472
stats: connected 831 3463
stats: error_connect_etimedout 534 2102
# stats: dump at 1338975192
stats: users 17617 17676
stats: {load,"os_mon@test2"} 1 1.828125 0.0 1.98828125 1.0 1.4901194852941178 17
stats: {recvpackets,"os_mon@test3"} 1 17412.0 0.0 18296 3588 12646.6875 16
stats: {sentpackets,"os_mon@test3"} 1 1.35e4 0.0 14320 2574 9482.9375 16
stats: {freemem,"os_mon@test2"} 1 906.171875 0.0 1444.484375 906.171875 1267.6534926470588 17
stats: {cpu,"os_mon@test3"} 1 62.101910828025474 0.0 69.52678107124285 3.0792529025744573 54.17424148550291 17
stats: {load,"os_mon@test4"} 1 1.44921875 0.0 1.51171875 0.890625 1.1385569852941178 17
stats: {freemem,"os_mon@test4"} 1 704.49609375 0.0 1420.8515625 704.49609375 1180.604549632353 17
stats: {freemem,"os_mon@myserver"} 1 2892.96484375 0.0 2901.8359375 2862.06640625 2885.954273897059 17
stats: {recvpackets,"os_mon@test2"} 1 17025.0 0.0 18395 3612 12693.625 16
stats: {sentpackets,"os_mon@test2"} 1 13301.0 0.0 14289 2594 9517.062500000002 16
stats: {load,"os_mon@test3"} 1 1.51953125 0.0 1.640625 1.21875 1.4271599264705883 17
stats: {cpu,"os_mon@test2"} 1 55.235602094240846 0.0 65.91722023505365 2.619647355163728 46.311802666973506 17
stats: {freemem,"os_mon@test3"} 1 602.9375 0.0 1431.9375 602.9375 1133.9000459558824 17
stats: {recvpackets,"os_mon@test4"} 1 17360.0 0.0 18119 3589 12650.9375 16
stats: {sentpackets,"os_mon@test4"} 1 13462.0 0.0 14183 2576 9486.3125 16
stats: {cpu,"os_mon@test4"} 1 71.16596638655463 0.0 71.16596638655463 2.2522522522522523 48.55792483069936 17
stats: {load,"os_mon@myserver"} 1 1.37109375 0.0 4.109375 1.3515625 2.168658088235294 17
stats: {recvpackets,"os_mon@myserver"} 1 16925.0 0.0 18220 3761 12726.4375 16
stats: {sentpackets,"os_mon@myserver"} 1 13342.0 0.0 14021 2709 9541.4375 16
stats: {cpu,"os_mon@myserver"} 1 37.848956802821036 0.0 40.337078651685395 2.2503160556257904 35.10567540124637 17
stats: session 1779 46083.26765017328 27769.33846052582 136812.18310546875 21.798095703125 20370.088489993534 29909
stats: users_count 3246 49305
stats: finish_users_count 1779 31688
stats: request 22979 4316.197019083203 7535.300094371079 119827.21020507813 1.43505859375 2091.062183260796 361769
stats: page 1791 45444.690556188 27198.55184213367 136810.416015625 20.1650390625 20280.01094333198 29714
stats: connect 22866 3058.420773035961 6164.165659780199 31223.583984375 0.35302734375 1576.7092343692723 365232
stats: error_unknown 0 153
stats: 200 22908 384171
stats: size_rcv 3462633 57416068
stats: newphase 5 93
stats: size_sent 3036406 51510878
stats: connected -113 3350
stats: error_connect_etimedout 556 2658
# stats: dump at 1338975202
stats: users 17850 18046
stats: {load,"os_mon@test2"} 1 1.76953125 0.0 1.98828125 1.0 1.5088975694444444 18
stats: {recvpackets,"os_mon@test3"} 1 17205.0 0.0 18296 3588 12927.0 17
stats: {sentpackets,"os_mon@test3"} 1 14101.0 0.0 14320 2574 9719.235294117647 17
stats: {freemem,"os_mon@test2"} 1 831.05078125 0.0 1444.484375 831.05078125 1247.5711805555557 18
stats: {cpu,"os_mon@test3"} 1 66.01890756302521 0.0 69.52678107124285 3.0792529025744573 54.6146675600875 18
stats: {load,"os_mon@test4"} 1 1.30078125 0.0 1.51171875 0.890625 1.1558159722222223 18
stats: {freemem,"os_mon@test4"} 1 659.9921875 0.0 1420.8515625 659.9921875 1154.154079861111 18
stats: {freemem,"os_mon@myserver"} 1 2889.92578125 0.0 2901.8359375 2862.06640625 2886.34375 18
stats: {recvpackets,"os_mon@test2"} 1 17535.0 0.0 18395 3612 12948.411764705883 17
stats: {sentpackets,"os_mon@test2"} 1 14306.0 0.0 14306 2594 9739.647058823532 17
stats: {load,"os_mon@test3"} 1 1.4296875 0.0 1.640625 1.21875 1.4322916666666667 18
stats: {cpu,"os_mon@test2"} 1 65.29227557411274 0.0 65.91722023505365 2.619647355163728 46.8075693018217 18
stats: {freemem,"os_mon@test3"} 1 518.89453125 0.0 1431.9375 518.89453125 1104.402126736111 18
stats: {recvpackets,"os_mon@test4"} 1 17150.0 0.0 18119 3589 12927.941176470587 17
stats: {sentpackets,"os_mon@test4"} 1 14057.0 0.0 14183 2576 9720.176470588236 17
stats: {cpu,"os_mon@test4"} 1 57.01476793248945 0.0 71.16596638655463 2.2522522522522523 49.813927139357986 18
stats: {load,"os_mon@myserver"} 1 1.4609375 0.0 4.109375 1.3515625 2.1243489583333335 18
stats: {recvpackets,"os_mon@myserver"} 1 17902.0 0.0 18220 3761 12973.411764705883 17
stats: {sentpackets,"os_mon@myserver"} 1 14492.0 0.0 14492 2709 9765.0 17
stats: {cpu,"os_mon@myserver"} 1 37.806680461129176 0.0 40.337078651685395 2.2503160556257904 35.258079923556075 18
stats: session 1849 49079.46308261014 29807.666763723697 148007.60815429688 21.798095703125 21813.65532052748 31688
stats: users_count 2082 51387
stats: finish_users_count 1849 33537
stats: request 22545 3992.9875909963803 6702.31013669223 119827.21020507813 1.43505859375 2223.9579316269032 384748
stats: page 1842 48245.59611850863 29206.33816703744 144099.87109375 20.1650390625 21710.575653270884 31505
stats: connect 22956 2856.888732218874 5514.918146408725 31223.583984375 0.35302734375 1664.008875292834 388098
stats: error_unknown 0 153
stats: 200 22502 406673
stats: size_rcv 3374586 60790654
stats: newphase 5 98
stats: size_sent 3049917 54560795
stats: connected 411 3761
stats: error_connect_etimedout 573 3231
# stats: dump at 1338975212
stats: users 18649 18935
stats: {load,"os_mon@test2"} 1 1.5703125 0.0 1.98828125 1.0 1.5226151315789473 19
stats: {recvpackets,"os_mon@test3"} 1 15194.0 0.0 18296 3588 13164.666666666666 18
stats: {sentpackets,"os_mon@test3"} 1 12960.0 0.0 14320 2574 9962.666666666666 18
stats: {freemem,"os_mon@test2"} 1 777.91015625 0.0 1444.484375 777.91015625 1225.6490542763158 19
stats: {cpu,"os_mon@test3"} 1 62.06349206349206 0.0 69.52678107124285 3.0792529025744573 55.21489071813685 19
stats: {load,"os_mon@test4"} 1 1.859375 0.0 1.859375 0.890625 1.1634457236842106 19
stats: {freemem,"os_mon@test4"} 1 613.19921875 0.0 1420.8515625 613.19921875 1128.1455592105262 19
stats: {freemem,"os_mon@myserver"} 1 2888.921875 0.0 2901.8359375 2862.06640625 2886.5322779605262 19
stats: {recvpackets,"os_mon@test2"} 1 15556.0 0.0 18395 3612 13203.222222222223 18
stats: {sentpackets,"os_mon@test2"} 1 13222.0 0.0 14306 2594 9993.333333333336 18
stats: {load,"os_mon@test3"} 1 2.0 0.0 2.0 1.21875 1.432154605263158 19
stats: {cpu,"os_mon@test2"} 1 64.71518987341773 0.0 65.91722023505365 2.619647355163728 47.7804485793107 19
stats: {freemem,"os_mon@test3"} 1 449.30078125 0.0 1431.9375 449.30078125 1073.5859375 19
stats: {recvpackets,"os_mon@test4"} 1 15170.0 0.0 18119 3589 13162.5 18
stats: {sentpackets,"os_mon@test4"} 1 12942.0 0.0 14183 2576 9961.111111111111 18
stats: {cpu,"os_mon@test4"} 1 56.414300736067304 0.0 71.16596638655463 2.2522522522522523 50.19291876004912 19
stats: {load,"os_mon@myserver"} 1 1.390625 0.0 4.109375 1.3515625 2.089432565789474 19
stats: {recvpackets,"os_mon@myserver"} 1 15560.0 0.0 18220 3761 13247.222222222223 18
stats: {sentpackets,"os_mon@myserver"} 1 13218.0 0.0 14492 2709 10027.611111111111 18
stats: {cpu,"os_mon@myserver"} 1 37.68115942028986 0.0 40.337078651685395 2.2503160556257904 35.39221679395466 19
stats: session 1953 50640.46270148789 30600.77637390098 152796.14306640625 21.798095703125 23316.904822632343 33537
stats: users_count 2752 54139
stats: finish_users_count 1953 35490
stats: error_unknown 62 215
stats: connect 22994 3310.3944265288023 6467.370566668047 31223.583984375 0.35302734375 1730.6272514565358 411054
stats: page 1880 51111.837307674294 29661.519904947756 152794.01611328125 20.1650390625 23176.2999372235 33347
stats: request 22742 4815.0168243400085 8383.76936824193 119827.21020507813 1.43505859375 2321.8795106142293 407293
stats: 200 22657 429330
stats: size_rcv 3430793 64221447
stats: newphase 5 103
stats: size_sent 3050685 57611480
stats: connected 252 4013
stats: error_connect_etimedout 545 3776
stats: error_abort 1 1
EndMonitor:{1338,975212,779599}
