# stats: dump at 1339065585
stats: users 0 0
# stats: dump at 1339065595
stats: users 1 7
stats: {load,"os_mon@test2"} 1 1.05078125 0 1.05078125 1.05078125 0 0
stats: {freemem,"os_mon@test2"} 1 1549.5234375 0 1549.5234375 1549.5234375 0 0
stats: {cpu,"os_mon@test3"} 1 2.3138832997987926 0 2.3138832997987926 2.3138832997987926 0 0
stats: {load,"os_mon@test4"} 1 1.2109375 0 1.2109375 1.2109375 0 0
stats: {freemem,"os_mon@test4"} 1 1551.96875 0 1551.96875 1551.96875 0 0
stats: {freemem,"os_mon@myserver"} 1 2736.14453125 0 2736.14453125 2736.14453125 0 0
stats: {load,"os_mon@test3"} 1 0.828125 0 0.828125 0.828125 0 0
stats: {cpu,"os_mon@test2"} 1 3.5211267605633805 0 3.5211267605633805 3.5211267605633805 0 0
stats: {freemem,"os_mon@test3"} 1 1400.640625 0 1400.640625 1400.640625 0 0
stats: {cpu,"os_mon@test4"} 1 2.055137844611529 0 2.055137844611529 2.055137844611529 0 0
stats: {load,"os_mon@myserver"} 1 2.75 0 2.75 2.75 0 0
stats: {cpu,"os_mon@myserver"} 1 2.3425692695214106 0 2.3425692695214106 2.3425692695214106 0 0
stats: session 920 12.323000965947683 1.8716818146364678 27.14794921875 9.100830078125 0 0
stats: users_count 921 921
stats: finish_users_count 920 920
stats: request 9075 0.9535724431818182 0.5105269823964383 6.469970703125 0.217041015625 0 0
stats: page 907 10.030058098470235 1.3254207592077523 23.10205078125 7.7421875 0 0
stats: connect 908 1.1075197463518733 0.24781362778435656 2.97021484375 0.625 0 0
stats: 200 9075 9075
stats: size_rcv 971025 971025
stats: size_sent 1203276 1203276
stats: connected 1 1
# stats: dump at 1339065605
stats: users 3 11
stats: {load,"os_mon@test2"} 1 0.890625 0.0 1.05078125 0.890625 1.05078125 1
stats: {recvpackets,"os_mon@test3"} 1 4982 0 4982 4982 0 0
stats: {sentpackets,"os_mon@test3"} 1 3376 0 3376 3376 0 0
stats: {freemem,"os_mon@test2"} 1 1548.8046875 0.0 1549.5234375 1548.8046875 1549.5234375 1
stats: {cpu,"os_mon@test3"} 1 7.565620174987134 0.0 7.565620174987134 2.3138832997987926 2.3138832997987926 1
stats: {load,"os_mon@test4"} 1 1.01953125 0.0 1.2109375 1.01953125 1.2109375 1
stats: {freemem,"os_mon@test4"} 1 1551.484375 0.0 1551.96875 1551.484375 1551.96875 1
stats: {freemem,"os_mon@myserver"} 1 2733.49609375 0.0 2736.14453125 2733.49609375 2736.14453125 1
stats: {recvpackets,"os_mon@test2"} 1 5002 0 5002 5002 0 0
stats: {sentpackets,"os_mon@test2"} 1 3391 0 3391 3391 0 0
stats: {load,"os_mon@test3"} 1 0.69921875 0.0 0.828125 0.69921875 0.828125 1
stats: {cpu,"os_mon@test2"} 1 10.153061224489795 0.0 10.153061224489795 3.5211267605633805 3.5211267605633805 1
stats: {freemem,"os_mon@test3"} 1 1400.1484375 0.0 1400.640625 1400.1484375 1400.640625 1
stats: {recvpackets,"os_mon@test4"} 1 4976 0 4976 4976 0 0
stats: {sentpackets,"os_mon@test4"} 1 3371 0 3371 3371 0 0
stats: {cpu,"os_mon@test4"} 1 6.745017884517118 0.0 6.745017884517118 2.055137844611529 2.055137844611529 1
stats: {load,"os_mon@myserver"} 1 2.3203125 0.0 2.75 2.3203125 2.75 1
stats: {recvpackets,"os_mon@myserver"} 1 5063 0 5063 5063 0 0
stats: {sentpackets,"os_mon@myserver"} 1 3422 0 3422 3422 0 0
stats: {cpu,"os_mon@myserver"} 1 14.367959949937422 0.0 14.367959949937422 2.3425692695214106 2.3425692695214106 1
stats: session 1870 12.096129783589571 1.8418740782361607 34.02294921875 9.100830078125 12.323000965947683 920
stats: users_count 1872 2793
stats: finish_users_count 1870 2790
stats: request 18228 0.9638988368469874 0.5052463628598148 12.251953125 0.196044921875 0.9535724431818182 9075
stats: page 1823 10.140094265333573 1.5599324543666915 32.697998046875 7.7421875 10.030058098470235 907
stats: connect 1824 1.0330441123560838 0.38300984018098194 11.376953125 0.5048828125 1.1075197463518733 908
stats: 200 18228 27303
stats: size_rcv 1950396 2921421
stats: newphase 7 7
stats: size_sent 2422479 3625755
stats: connected 1 2
# stats: dump at 1339065615
stats: users 1 14
stats: {load,"os_mon@test2"} 1 0.828125 0.0 1.05078125 0.828125 0.970703125 2
stats: {recvpackets,"os_mon@test3"} 1 8684.0 0.0 8684 4982 4982.0 1
stats: {sentpackets,"os_mon@test3"} 1 5860.0 0.0 5860 3376 3376.0 1
stats: {freemem,"os_mon@test2"} 1 1548.796875 0.0 1549.5234375 1548.796875 1549.1640625 2
stats: {cpu,"os_mon@test3"} 1 15.02079002079002 0.0 15.02079002079002 2.3138832997987926 4.939751737392964 2
stats: {load,"os_mon@test4"} 1 0.94140625 0.0 1.2109375 0.94140625 1.115234375 2
stats: {freemem,"os_mon@test4"} 1 1551.484375 0.0 1551.96875 1551.484375 1551.7265625 2
stats: {freemem,"os_mon@myserver"} 1 2731.9453125 0.0 2736.14453125 2731.9453125 2734.8203125 2
stats: {recvpackets,"os_mon@test2"} 1 8722.0 0.0 8722 5002 5002.0 1
stats: {sentpackets,"os_mon@test2"} 1 5884.0 0.0 5884 3391 3391.0 1
stats: {load,"os_mon@test3"} 1 0.671875 0.0 0.828125 0.671875 0.763671875 2
stats: {cpu,"os_mon@test2"} 1 17.23610402855686 0.0 17.23610402855686 3.5211267605633805 6.8370939925265874 2
stats: {freemem,"os_mon@test3"} 1 1399.9140625 0.0 1400.640625 1399.9140625 1400.39453125 2
stats: {recvpackets,"os_mon@test4"} 1 8697.0 0.0 8697 4976 4976.0 1
stats: {sentpackets,"os_mon@test4"} 1 5869.0 0.0 5869 3371 3371.0 1
stats: {cpu,"os_mon@test4"} 1 12.883116883116882 0.0 12.883116883116882 2.055137844611529 4.400077864564324 2
stats: {load,"os_mon@myserver"} 1 1.96875 0.0 2.75 1.96875 2.53515625 2
stats: {recvpackets,"os_mon@myserver"} 1 8914.0 0.0 8914 5063 5063.0 1
stats: {sentpackets,"os_mon@myserver"} 1 6012.0 0.0 6012 3422 3422.0 1
stats: {cpu,"os_mon@myserver"} 1 24.556582563077693 0.0 24.556582563077693 2.3425692695214106 8.355264609729417 2
stats: session 2849 12.30621472857801 1.9076384298438847 34.02294921875 8.926025390625 12.17094035268257 2790
stats: users_count 2847 5640
stats: finish_users_count 2849 5639
stats: request 28387 0.9936674805203528 0.4863160196833675 14.91015625 0.121826171875 0.9604665392052846 27303
stats: page 2837 10.49249635467151 1.7111591840199896 32.697998046875 7.52294921875 10.103536461910478 2730
stats: connect 2838 0.9901975560473926 0.25918376161647705 11.376953125 0.4990234375 1.0577966290721075 2732
stats: 200 28387 55690
stats: size_rcv 3037409 5958830
stats: newphase 6 13
stats: size_sent 3765548 7391303
stats: connected 1 3
# stats: dump at 1339065625
stats: users 4 16
stats: {load,"os_mon@test2"} 1 0.859375 0.0 1.05078125 0.828125 0.9231770833333334 3
stats: {recvpackets,"os_mon@test3"} 1 12895.0 0.0 12895 4982 6833.0 2
stats: {sentpackets,"os_mon@test3"} 1 8565.0 0.0 8565 3376 4618.0 2
stats: {freemem,"os_mon@test2"} 1 1548.5546875 0.0 1549.5234375 1548.5546875 1549.0416666666667 3
stats: {cpu,"os_mon@test3"} 1 23.568849922640535 0.0 23.568849922640535 2.3138832997987926 8.300097831858649 3
stats: {load,"os_mon@test4"} 1 0.7890625 0.0 1.2109375 0.7890625 1.0572916666666667 3
stats: {freemem,"os_mon@test4"} 1 1551.10546875 0.0 1551.96875 1551.10546875 1551.6458333333333 3
stats: {freemem,"os_mon@myserver"} 1 2731.36328125 0.0 2736.14453125 2731.36328125 2733.8619791666665 3
stats: {recvpackets,"os_mon@test2"} 1 12883.0 0.0 12883 5002 6862.0 2
stats: {sentpackets,"os_mon@test2"} 1 8560.0 0.0 8560 3391 4637.5 2
stats: {load,"os_mon@test3"} 1 0.73046875 0.0 0.828125 0.671875 0.7330729166666666 3
stats: {cpu,"os_mon@test2"} 1 25.51124744376278 0.0 25.51124744376278 3.5211267605633805 10.303430671203344 3
stats: {freemem,"os_mon@test3"} 1 1400.03515625 0.0 1400.640625 1399.9140625 1400.234375 3
stats: {recvpackets,"os_mon@test4"} 1 12863.0 0.0 12863 4976 6836.5 2
stats: {sentpackets,"os_mon@test4"} 1 8542.0 0.0 8542 3371 4620.0 2
stats: {cpu,"os_mon@test4"} 1 19.91657977059437 0.0 19.91657977059437 2.055137844611529 7.227757537415177 3
stats: {load,"os_mon@myserver"} 1 1.8203125 0.0 2.75 1.8203125 2.3463541666666665 3
stats: {recvpackets,"os_mon@myserver"} 1 12952.0 0.0 12952 5063 6988.5 2
stats: {sentpackets,"os_mon@myserver"} 1 8601.0 0.0 8601 3422 4717.0 2
stats: {cpu,"os_mon@myserver"} 1 34.97870207967928 0.0 34.97870207967928 2.3425692695214106 13.755703927512178 3
stats: session 3778 12.801084648685647 2.4350644589210875 35.010009765625 8.7880859375 12.23928521824847 5639
stats: users_count 3781 9421
stats: finish_users_count 3778 9417
stats: request 37689 1.051959899450515 0.5713676812928971 18.89697265625 0.121826171875 0.9773901362803581 55690
stats: page 3770 11.115549296978621 2.3501895226444303 32.97802734375 7.52294921875 10.301754391812228 5567
stats: connect 3769 0.9835129614121781 0.4200836200729252 17.14794921875 0.47802734375 1.0233538697823157 5570
stats: 200 37689 93379
stats: size_rcv 4032723 9991553
stats: newphase 5 18
stats: size_sent 5001992 12393295
stats: connected -1 2
# stats: dump at 1339065635
stats: users 16 21
stats: {load,"os_mon@test2"} 1 0.80078125 0.0 1.05078125 0.80078125 0.9072265625 4
stats: {recvpackets,"os_mon@test3"} 1 16515.0 0.0 16515 4982 8853.666666666666 3
stats: {sentpackets,"os_mon@test3"} 1 10911.0 0.0 10911 3376 5933.666666666667 3
stats: {freemem,"os_mon@test2"} 1 1548.68359375 0.0 1549.5234375 1548.5546875 1548.919921875 4
stats: {cpu,"os_mon@test3"} 1 28.786307053941908 0.0 28.786307053941908 2.3138832997987926 12.117285854554119 4
stats: {load,"os_mon@test4"} 1 0.671875 0.0 1.2109375 0.671875 0.990234375 4
stats: {freemem,"os_mon@test4"} 1 1551.34765625 0.0 1551.96875 1551.10546875 1551.5107421875 4
stats: {freemem,"os_mon@myserver"} 1 2731.265625 0.0 2736.14453125 2731.265625 2733.2373046875 4
stats: {recvpackets,"os_mon@test2"} 1 16570.0 0.0 16570 5002 8869.0 3
stats: {sentpackets,"os_mon@test2"} 1 10941.0 0.0 10941 3391 5945.0 3
stats: {load,"os_mon@test3"} 1 0.78125 0.0 0.828125 0.671875 0.732421875 4
stats: {cpu,"os_mon@test2"} 1 32.907511497189574 0.0 32.907511497189574 3.5211267605633805 14.105384864343204 4
stats: {freemem,"os_mon@test3"} 1 1399.9296875 0.0 1400.640625 1399.9140625 1400.1845703125 4
stats: {recvpackets,"os_mon@test4"} 1 16496.0 0.0 16496 4976 8845.333333333334 3
stats: {sentpackets,"os_mon@test4"} 1 10896.0 0.0 10896 3371 5927.333333333333 3
stats: {cpu,"os_mon@test4"} 1 28.1055900621118 0.0 28.1055900621118 2.055137844611529 10.399963095709975 4
stats: {load,"os_mon@myserver"} 1 1.5390625 0.0 2.75 1.5390625 2.21484375 4
stats: {recvpackets,"os_mon@myserver"} 1 16641.0 0.0 16641 5063 8976.333333333334 3
stats: {sentpackets,"os_mon@myserver"} 1 10986.0 0.0 10986 3422 6011.666666666667 3
stats: {cpu,"os_mon@myserver"} 1 43.76428752857506 0.0 43.76428752857506 2.3425692695214106 19.061453465553953 4
stats: session 4731 13.767815763465048 6.456448022303003 221.409912109375 8.7880859375 12.464673160076192 9417
stats: users_count 4743 14164
stats: finish_users_count 4731 14148
stats: request 46282 1.1404287886286881 1.8037813903849131 210.9189453125 0.121826171875 1.0074874794101845 93379
stats: page 4626 12.065462830671759 6.427448328654912 219.798828125 7.52294921875 10.630340317963807 9337
stats: connect 4630 0.9986049709773214 0.5263440928403821 21.18505859375 0.405029296875 1.0072750194078592 9339
stats: 200 46282 139661
stats: size_rcv 4952174 14943727
stats: newphase 6 24
stats: size_sent 6143458 18536753
stats: connected 4 6
# stats: dump at 1339065645
stats: users 12 29
stats: {load,"os_mon@test2"} 1 0.75 0.0 1.05078125 0.75 0.8859375 5
stats: {recvpackets,"os_mon@test3"} 1 20466.0 0.0 20466 4982 10769.0 4
stats: {sentpackets,"os_mon@test3"} 1 13412.0 0.0 13412 3376 7178.0 4
stats: {freemem,"os_mon@test2"} 1 1548.328125 0.0 1549.5234375 1548.328125 1548.87265625 5
stats: {cpu,"os_mon@test3"} 1 36.39191290824261 0.0 36.39191290824261 2.3138832997987926 15.451090094431677 5
stats: {load,"os_mon@test4"} 1 0.640625 0.0 1.2109375 0.640625 0.9265625 5
stats: {freemem,"os_mon@test4"} 1 1551.10546875 0.0 1551.96875 1551.10546875 1551.478125 5
stats: {freemem,"os_mon@myserver"} 1 2730.0546875 0.0 2736.14453125 2730.0546875 2732.84296875 5
stats: {recvpackets,"os_mon@test2"} 1 20403.0 0.0 20403 5002 10794.25 4
stats: {sentpackets,"os_mon@test2"} 1 13378.0 0.0 13378 3391 7194.0 4
stats: {load,"os_mon@test3"} 1 0.73046875 0.0 0.828125 0.671875 0.7421875 5
stats: {cpu,"os_mon@test2"} 1 40.35443037974684 0.0 40.35443037974684 3.5211267605633805 17.865810190912477 5
stats: {freemem,"os_mon@test3"} 1 1399.30859375 0.0 1400.640625 1399.30859375 1400.13359375 5
stats: {recvpackets,"os_mon@test4"} 1 20463.0 0.0 20463 4976 10758.0 4
stats: {sentpackets,"os_mon@test4"} 1 13412.0 0.0 13412 3371 7169.5 4
stats: {cpu,"os_mon@test4"} 1 34.63917525773196 0.0 34.63917525773196 2.055137844611529 13.94108848899034 5
stats: {load,"os_mon@myserver"} 1 1.6796875 0.0 2.75 1.5390625 2.0796875 5
stats: {recvpackets,"os_mon@myserver"} 1 20635.0 0.0 20635 5063 10892.5 4
stats: {sentpackets,"os_mon@myserver"} 1 13526.0 0.0 13526 3422 7255.25 4
stats: {cpu,"os_mon@myserver"} 1 53.7612323491656 0.0 53.7612323491656 2.3425692695214106 24.002020278158177 5
stats: session 5625 16.054032725694487 24.716958378621264 1016.843994140625 8.7880859375 12.900435646408724 14148
stats: users_count 5621 19785
stats: finish_users_count 5625 19773
stats: request 56137 1.3701530494732768 7.684338210587128 1001.2880859375 0.121826171875 1.0515426535336032 139661
stats: page 5613 14.423951086971643 24.73578094070028 1015.240966796875 7.52294921875 11.105802377964308 13963
stats: connect 5616 1.3830922009938098 18.828179073385417 1000.172119140625 0.405029296875 1.004401347403178 13969
stats: 200 56137 195798
stats: size_rcv 6006659 20950386
stats: newphase 6 30
stats: size_sent 7448100 25984853
stats: connected 3 9
# stats: dump at 1339065655
stats: users 29 43
stats: {load,"os_mon@test2"} 1 0.7109375 0.0 1.05078125 0.7109375 0.86328125 6
stats: {recvpackets,"os_mon@test3"} 1 24134.0 0.0 24134 4982 12708.4 5
stats: {sentpackets,"os_mon@test3"} 1 15819.0 0.0 15819 3376 8424.8 5
stats: {freemem,"os_mon@test2"} 1 1547.94921875 0.0 1549.5234375 1547.94921875 1548.7819010416667 6
stats: {cpu,"os_mon@test3"} 1 41.44050104384134 0.0 41.44050104384134 2.3138832997987926 18.941227230066833 6
stats: {load,"os_mon@test4"} 1 0.78125 0.0 1.2109375 0.640625 0.87890625 6
stats: {freemem,"os_mon@test4"} 1 1550.5 0.0 1551.96875 1550.5 1551.416015625 6
stats: {freemem,"os_mon@myserver"} 1 2729.59375 0.0 2736.14453125 2729.59375 2732.3782552083335 6
stats: {recvpackets,"os_mon@test2"} 1 24252.0 0.0 24252 5002 12716.0 5
stats: {sentpackets,"os_mon@test2"} 1 15897.0 0.0 15897 3391 8430.8 5
stats: {load,"os_mon@test3"} 1 0.62109375 0.0 0.828125 0.62109375 0.740234375 6
stats: {cpu,"os_mon@test2"} 1 45.58375634517767 0.0 45.58375634517767 3.5211267605633805 21.613913555718202 6
stats: {freemem,"os_mon@test3"} 1 1398.9453125 0.0 1400.640625 1398.9453125 1399.99609375 6
stats: {recvpackets,"os_mon@test4"} 1 24137.0 0.0 24137 4976 12699.0 5
stats: {sentpackets,"os_mon@test4"} 1 15818.0 0.0 15818 3371 8418.0 5
stats: {cpu,"os_mon@test4"} 1 42.06471494607088 0.0 42.06471494607088 2.055137844611529 17.390769617113943 6
stats: {load,"os_mon@myserver"} 1 1.8984375 0.0 2.75 1.5390625 2.0130208333333335 6
stats: {recvpackets,"os_mon@myserver"} 1 24285.0 0.0 24285 5063 12841.0 5
stats: {sentpackets,"os_mon@myserver"} 1 15917.0 0.0 15917 3422 8509.4 5
stats: {cpu,"os_mon@myserver"} 1 62.69697752518729 0.0 62.69697752518729 2.3425692695214106 28.96188895665941 6
stats: session 6523 23.708868274399258 59.646141550955974 1055.7421875 8.7880859375 13.797567268872811 19773
stats: users_count 6540 26325
stats: finish_users_count 6523 26296
stats: request 64369 2.1231518908558704 18.59825255365547 1002.678955078125 0.121826171875 1.142891042163035 195798
stats: page 6432 22.0325260447032 59.99716125543738 1053.597900390625 7.52294921875 12.057210668915378 19576
stats: connect 6440 3.606156930864228 49.682929249825044 1000.386962890625 0.405029296875 1.1129909738399912 19585
stats: 200 64369 260167
stats: size_rcv 6887483 27837869
stats: newphase 6 36
stats: size_sent 8531495 34516348
stats: connected 8 17
# stats: dump at 1339065665
stats: users 41 101
stats: {load,"os_mon@test2"} 1 0.83984375 0.0 1.05078125 0.7109375 0.8415178571428571 7
stats: {recvpackets,"os_mon@test3"} 1 27633.0 0.0 27633 4982 14612.666666666666 6
stats: {sentpackets,"os_mon@test3"} 1 18059.0 0.0 18059 3376 9657.166666666666 6
stats: {freemem,"os_mon@test2"} 1 1547.84375 0.0 1549.5234375 1547.84375 1548.6629464285713 7
stats: {cpu,"os_mon@test3"} 1 47.76902887139108 0.0 47.76902887139108 2.3138832997987926 22.155409203463194 7
stats: {load,"os_mon@test4"} 1 0.66015625 0.0 1.2109375 0.640625 0.8649553571428571 7
stats: {freemem,"os_mon@test4"} 1 1550.2578125 0.0 1551.96875 1550.2578125 1551.28515625 7
stats: {freemem,"os_mon@myserver"} 1 2728.890625 0.0 2736.14453125 2728.890625 2731.98046875 7
stats: {recvpackets,"os_mon@test2"} 1 27612.0 0.0 27612 5002 14638.666666666666 6
stats: {sentpackets,"os_mon@test2"} 1 18040.0 0.0 18040 3391 9675.166666666666 6
stats: {load,"os_mon@test3"} 1 0.51953125 0.0 0.828125 0.51953125 0.7232142857142857 7
stats: {cpu,"os_mon@test2"} 1 49.795918367346935 0.0 49.795918367346935 3.5211267605633805 25.03817681135527 7
stats: {freemem,"os_mon@test3"} 1 1398.9609375 0.0 1400.640625 1398.9453125 1399.845982142857 7
stats: {recvpackets,"os_mon@test4"} 1 27618.0 0.0 27618 4976 14605.333333333334 6
stats: {sentpackets,"os_mon@test4"} 1 18051.0 0.0 18051 3371 9651.333333333334 6
stats: {cpu,"os_mon@test4"} 1 46.2655601659751 0.0 46.2655601659751 2.055137844611529 20.915618949822072 7
stats: {load,"os_mon@myserver"} 1 2.3203125 0.0 2.75 1.5390625 1.9966517857142858 7
stats: {recvpackets,"os_mon@myserver"} 1 27719.0 0.0 27719 5063 14748.333333333334 6
stats: {sentpackets,"os_mon@myserver"} 1 18122.0 0.0 18122 3422 9744.0 6
stats: {cpu,"os_mon@myserver"} 1 71.26288659793815 0.0 71.26288659793815 2.3425692695214106 33.781187323591965 7
stats: session 7534 48.70777575900708 112.73437635552537 1642.135986328125 8.7880859375 16.256169963543066 26296
stats: users_count 7546 33871
stats: finish_users_count 7534 33830
stats: request 75054 4.437810190074669 33.76693138261065 1204.64501953125 0.121826171875 1.3854214575097512 260167
stats: page 7496 45.24391876188134 109.1999609134721 1640.616943359375 7.52294921875 14.524191155575915 26008
stats: connect 7519 7.974591029548084 81.90775516164062 1003.836181640625 0.317138671875 1.7299357870286978 26025
stats: 200 75054 335221
stats: size_rcv 8030778 35868647
stats: newphase 6 42
stats: size_sent 9950077 44466425
stats: connected 23 40
# stats: dump at 1339065675
stats: users 96 122
stats: {load,"os_mon@test2"} 1 1.01953125 0.0 1.05078125 0.7109375 0.84130859375 8
stats: {recvpackets,"os_mon@test3"} 1 31887.0 0.0 31887 4982 16472.714285714286 7
stats: {sentpackets,"os_mon@test3"} 1 20823.0 0.0 20823 3376 10857.42857142857 7
stats: {freemem,"os_mon@test2"} 1 1547.109375 0.0 1549.5234375 1547.109375 1548.560546875 8
stats: {cpu,"os_mon@test3"} 1 54.11140583554377 0.0 54.11140583554377 2.3138832997987926 25.35711166195418 8
stats: {load,"os_mon@test4"} 1 0.7890625 0.0 1.2109375 0.640625 0.83935546875 8
stats: {freemem,"os_mon@test4"} 1 1550.15625 0.0 1551.96875 1550.15625 1551.15673828125 8
stats: {freemem,"os_mon@myserver"} 1 2728.34375 0.0 2736.14453125 2728.34375 2731.59423828125 8
stats: {recvpackets,"os_mon@test2"} 1 31896.0 0.0 31896 5002 16492.0 7
stats: {sentpackets,"os_mon@test2"} 1 20830.0 0.0 20830 3391 10870.142857142857 7
stats: {load,"os_mon@test3"} 1 0.6015625 0.0 0.828125 0.51953125 0.69775390625 8
stats: {cpu,"os_mon@test2"} 1 56.70103092783505 0.0 56.70103092783505 3.5211267605633805 28.132894505854228 8
stats: {freemem,"os_mon@test3"} 1 1398.7109375 0.0 1400.640625 1398.7109375 1399.7353515625 8
stats: {recvpackets,"os_mon@test4"} 1 31885.0 0.0 31885 4976 16464.285714285714 7
stats: {sentpackets,"os_mon@test4"} 1 20821.0 0.0 20821 3371 10851.285714285714 7
stats: {cpu,"os_mon@test4"} 1 52.162584679520585 0.0 52.162584679520585 2.055137844611529 24.084361601841202 8
stats: {load,"os_mon@myserver"} 1 2.80078125 0.0 2.80078125 1.5390625 2.037109375 8
stats: {recvpackets,"os_mon@myserver"} 1 31969.0 0.0 31969 5063 16601.285714285714 7
stats: {sentpackets,"os_mon@myserver"} 1 20870.0 0.0 20870 3422 10940.857142857143 7
stats: {cpu,"os_mon@myserver"} 1 81.00025779840165 0.0 81.00025779840165 2.3425692695214106 38.466399732885236 8
stats: session 8167 70.17982510001187 144.44480192743592 1642.135986328125 8.7880859375 23.48319917025385 33830
stats: users_count 8222 42093
stats: finish_users_count 8167 41997
stats: request 81825 6.605673562576374 43.54765710820493 1249.04296875 0.121826171875 2.068833248340061 335221
stats: page 8174 66.60510038857012 141.21158728634157 1640.616943359375 7.52294921875 21.397253420883505 33504
stats: connect 8193 12.819967252437305 106.93142411891694 1248.06494140625 0.317138671875 3.129696184372582 33544
stats: 200 81825 417046
stats: size_rcv 8755275 44623922
stats: newphase 6 48
stats: size_sent 10857546 55323971
stats: connected 19 59
# stats: dump at 1339065685
stats: users 264 382
stats: {load,"os_mon@test2"} 1 1.01171875 0.0 1.05078125 0.7109375 0.8611111111111112 9
stats: {recvpackets,"os_mon@test3"} 1 34687.0 0.0 34687 4982 18399.5 8
stats: {sentpackets,"os_mon@test3"} 1 2.27e4 0.0 22700 3376 12103.125 8
stats: {freemem,"os_mon@test2"} 1 1545.7265625 0.0 1549.5234375 1545.7265625 1548.3993055555557 9
stats: {cpu,"os_mon@test3"} 1 58.9622641509434 0.0 58.9622641509434 2.3138832997987926 28.55203323679747 9
stats: {load,"os_mon@test4"} 1 0.8984375 0.0 1.2109375 0.640625 0.8337673611111112 9
stats: {freemem,"os_mon@test4"} 1 1548.4765625 0.0 1551.96875 1548.4765625 1551.0455729166667 9
stats: {freemem,"os_mon@myserver"} 1 2726.359375 0.0 2736.14453125 2726.359375 2731.2330729166665 9
stats: {recvpackets,"os_mon@test2"} 1 34743.0 0.0 34743 5002 18417.5 8
stats: {sentpackets,"os_mon@test2"} 1 22733.0 0.0 22733 3391 12115.125 8
stats: {load,"os_mon@test3"} 1 0.73046875 0.0 0.828125 0.51953125 0.6870659722222222 9
stats: {cpu,"os_mon@test2"} 1 61.07969151670951 0.0 61.07969151670951 3.5211267605633805 31.307131886074316 9
stats: {freemem,"os_mon@test3"} 1 1396.51953125 0.0 1400.640625 1396.51953125 1399.6215277777778 9
stats: {recvpackets,"os_mon@test4"} 1 34692.0 0.0 34692 4976 18391.875 8
stats: {sentpackets,"os_mon@test4"} 1 22701.0 0.0 22701 3371 12097.5 8
stats: {cpu,"os_mon@test4"} 1 54.42317640972581 0.0 54.42317640972581 2.055137844611529 27.2041641660278 9
stats: {load,"os_mon@myserver"} 1 2.921875 0.0 2.921875 1.5390625 2.1219618055555554 9
stats: {recvpackets,"os_mon@myserver"} 1 34789.0 0.0 34789 5063 18522.25 8
stats: {sentpackets,"os_mon@myserver"} 1 22761.0 0.0 22761 3422 12182.0 8
stats: {cpu,"os_mon@myserver"} 1 86.28745556119858 0.0 86.28745556119858 2.3425692695214106 43.19238396238706 9
stats: session 8831 260.07986138142627 352.15412049370934 3704.4541015625 8.7880859375 32.56411790179024 41997
stats: users_count 8999 51092
stats: finish_users_count 8831 50828
stats: request 88742 24.867895114951384 99.997880400042 3125.018798828125 0.121826171875 2.9589675709624728 417046
stats: page 8760 245.34551154707148 341.22056892139386 3702.529052734375 7.52294921875 30.26353637865188 41678
stats: connect 8986 51.84428142562036 219.71255266723517 1599.0400390625 0.317138671875 5.031902640530291 41737
stats: 200 88742 505788
stats: size_rcv 9495394 54119316
stats: newphase 6 54
stats: size_sent 11798856 67122827
stats: connected 226 285
# stats: dump at 1339065695
stats: users 1154 1207
stats: {load,"os_mon@test2"} 1 1.08984375 0.0 1.08984375 0.7109375 0.876171875 10
stats: {recvpackets,"os_mon@test3"} 1 37271.0 0.0 37271 4982 20209.222222222223 9
stats: {sentpackets,"os_mon@test3"} 1 24219.0 0.0 24219 3376 13280.555555555555 9
stats: {freemem,"os_mon@test2"} 1 1541.9765625 0.0 1549.5234375 1541.9765625 1548.13203125 10
stats: {cpu,"os_mon@test3"} 1 63.81856540084389 0.0 63.81856540084389 2.3138832997987926 31.59305632821206 10
stats: {load,"os_mon@test4"} 1 0.98828125 0.0 1.2109375 0.640625 0.840234375 10
stats: {freemem,"os_mon@test4"} 1 1545.6484375 0.0 1551.96875 1545.6484375 1550.788671875 10
stats: {freemem,"os_mon@myserver"} 1 2719.3046875 0.0 2736.14453125 2719.3046875 2730.745703125 10
stats: {recvpackets,"os_mon@test2"} 1 37242.0 0.0 37242 5002 20231.444444444445 9
stats: {sentpackets,"os_mon@test2"} 1 24205.0 0.0 24205 3391 13294.888888888889 9
stats: {load,"os_mon@test3"} 1 0.8515625 0.0 0.8515625 0.51953125 0.69140625 10
stats: {cpu,"os_mon@test2"} 1 63.78155589902113 0.0 63.78155589902113 3.5211267605633805 34.284387849137836 10
stats: {freemem,"os_mon@test3"} 1 1394.109375 0.0 1400.640625 1394.109375 1399.311328125 10
stats: {recvpackets,"os_mon@test4"} 1 37287.0 0.0 37287 4976 20203.0 9
stats: {sentpackets,"os_mon@test4"} 1 24232.0 0.0 24232 3371 13275.666666666666 9
stats: {cpu,"os_mon@test4"} 1 59.36025170424751 0.0 59.36025170424751 2.055137844611529 29.926065390397603 10
stats: {load,"os_mon@myserver"} 1 3.62890625 0.0 3.62890625 1.5390625 2.201953125 10
stats: {recvpackets,"os_mon@myserver"} 1 37383.0 0.0 37383 5063 20329.666666666668 9
stats: {sentpackets,"os_mon@myserver"} 1 24294.0 0.0 24294 3422 13357.444444444445 9
stats: {cpu,"os_mon@myserver"} 1 90.61635220125787 0.0 90.61635220125787 2.3425692695214106 47.50189112226822 10
stats: session 8836 766.8999645670078 732.8095399518779 7208.949951171875 8.7880859375 72.09334452232747 50828
stats: users_count 9726 60818
stats: finish_users_count 8836 59664
stats: request 91357 76.71272059749191 212.9739239536647 4130.1708984375 0.121826171875 6.8029536839360185 505788
stats: page 8891 733.3928927261865 709.1112065971907 6197.98779296875 7.52294921875 67.6186674797137 50438
stats: connect 9364 159.5654950245783 419.7166257461944 3571.02685546875 0.317138671875 13.325103668916217 50723
stats: 200 91357 597145
stats: size_rcv 9775199 63894515
stats: newphase 6 60
stats: size_sent 12169434 79292261
stats: connected 473 758
# stats: dump at 1339065705
stats: users 2416 2445
stats: {load,"os_mon@test2"} 1 1.0703125 0.0 1.08984375 0.7109375 0.8955965909090909 11
stats: {recvpackets,"os_mon@test3"} 1 39607.0 0.0 39607 4982 21915.4 10
stats: {sentpackets,"os_mon@test3"} 1 25840.0 0.0 25840 3376 14374.4 10
stats: {freemem,"os_mon@test2"} 1 1530.3828125 0.0 1549.5234375 1530.3828125 1547.5724431818182 11
stats: {cpu,"os_mon@test3"} 1 65.95970307529161 0.0 65.95970307529161 2.3138832997987926 34.52264806208768 11
stats: {load,"os_mon@test4"} 1 1.0703125 0.0 1.2109375 0.640625 0.8536931818181818 11
stats: {freemem,"os_mon@test4"} 1 1533.62890625 0.0 1551.96875 1533.62890625 1550.321377840909 11
stats: {freemem,"os_mon@myserver"} 1 2698.32421875 0.0 2736.14453125 2698.32421875 2729.7056107954545 11
stats: {recvpackets,"os_mon@test2"} 1 39540.0 0.0 39540 5002 21932.5 10
stats: {sentpackets,"os_mon@test2"} 1 25788.0 0.0 25788 3391 14385.9 10
stats: {load,"os_mon@test3"} 1 0.80078125 0.0 0.8515625 0.51953125 0.7059659090909091 11
stats: {cpu,"os_mon@test2"} 1 65.11862695608278 0.0 65.11862695608278 3.5211267605633805 36.96594858094541 11
stats: {freemem,"os_mon@test3"} 1 1379.82421875 0.0 1400.640625 1379.82421875 1398.8384232954545 11
stats: {recvpackets,"os_mon@test4"} 1 39582.0 0.0 39582 4976 21911.4 10
stats: {sentpackets,"os_mon@test4"} 1 25823.0 0.0 25823 3371 14371.3 10
stats: {cpu,"os_mon@test4"} 1 61.510416666666664 0.0 61.510416666666664 2.055137844611529 32.60190050983851 11
stats: {load,"os_mon@myserver"} 1 4.21875 0.0 4.21875 1.5390625 2.3316761363636362 11
stats: {recvpackets,"os_mon@myserver"} 1 39584.0 0.0 39584 5063 22035.0 10
stats: {sentpackets,"os_mon@myserver"} 1 25817.0 0.0 25817 3422 14451.1 10
stats: {cpu,"os_mon@myserver"} 1 91.91447530105677 0.0 91.91447530105677 2.3425692695214106 51.42138758399455 11
stats: session 8974 1486.751802706736 1221.703054949756 14257.9228515625 8.7880859375 174.99142870566743 59664
stats: users_count 10236 71054
stats: finish_users_count 8974 68638
stats: request 90688 151.06624396787765 411.2928284958409 8540.23193359375 0.121826171875 17.498423923026568 597145
stats: page 9010 1463.0308159391016 1191.406223191518 14246.6240234375 7.52294921875 167.39109979218128 59329
stats: connect 9282 543.149868466016 941.3425210755274 8332.4970703125 0.317138671875 36.11530828313259 60087
stats: 200 90688 687833
stats: size_rcv 9703616 73598131
stats: newphase 6 66
stats: size_sent 12064688 91356949
stats: connected 272 1030
# stats: dump at 1339065715
stats: users 4287 4287
stats: {load,"os_mon@test2"} 1 1.140625 0.0 1.140625 0.7109375 0.91015625 12
stats: {recvpackets,"os_mon@test3"} 1 41312.0 0.0 41312 4982 23523.727272727272 11
stats: {sentpackets,"os_mon@test3"} 1 26883.0 0.0 26883 3376 15416.727272727272 11
stats: {freemem,"os_mon@test2"} 1 1520.3515625 0.0 1549.5234375 1520.3515625 1546.1399739583333 12
stats: {cpu,"os_mon@test3"} 1 67.57478632478633 0.0 67.57478632478633 2.3138832997987926 37.14240264652134 12
stats: {load,"os_mon@test4"} 1 1.12890625 0.0 1.2109375 0.640625 0.8717447916666666 12
stats: {freemem,"os_mon@test4"} 1 1520.703125 0.0 1551.96875 1520.703125 1548.9303385416667 12
stats: {freemem,"os_mon@myserver"} 1 2690.3046875 0.0 2736.14453125 2690.3046875 2727.0904947916665 12
stats: {recvpackets,"os_mon@test2"} 1 41278.0 0.0 41278 5002 23533.18181818182 11
stats: {sentpackets,"os_mon@test2"} 1 26871.0 0.0 26871 3391 15422.454545454546 11
stats: {load,"os_mon@test3"} 1 0.83984375 0.0 0.8515625 0.51953125 0.7138671875 12
stats: {cpu,"os_mon@test2"} 1 67.3407482305359 0.0 67.3407482305359 3.5211267605633805 39.312005112206855 12
stats: {freemem,"os_mon@test3"} 1 1370.1171875 0.0 1400.640625 1370.1171875 1397.25390625 12
stats: {recvpackets,"os_mon@test4"} 1 41209.0 0.0 41209 4976 23517.81818181818 11
stats: {sentpackets,"os_mon@test4"} 1 26820.0 0.0 26820 3371 15412.363636363636 11
stats: {cpu,"os_mon@test4"} 1 63.514902363823225 0.0 63.514902363823225 2.055137844611529 35.010943522907525 12
stats: {load,"os_mon@myserver"} 1 4.58984375 0.0 4.58984375 1.5390625 2.4889322916666665 12
stats: {recvpackets,"os_mon@myserver"} 1 42577.0 0.0 42577 5063 23630.363636363636 11
stats: {sentpackets,"os_mon@myserver"} 1 27737.0 0.0 27737 3422 15484.363636363636 11
stats: {cpu,"os_mon@myserver"} 1 92.18712894799334 0.0 92.18712894799334 2.3425692695214106 54.7958115604164 12
stats: session 9210 2059.984566362776 2150.458398718743 19163.1298828125 8.7880859375 346.49609953357026 68638
stats: users_count 11081 82135
stats: finish_users_count 9210 77848
stats: request 91479 208.51015456224152 759.2949369217552 16488.850830078125 0.121826171875 35.10880095382831 687833
stats: page 9244 2037.1382226023723 2111.601350553147 19160.69482421875 7.52294921875 338.2117708948277 68339
stats: connect 9021 1026.4160605776178 1976.4400830264956 16412.864013671875 0.317138671875 103.95965932779986 69369
stats: 200 91479 779312
stats: size_rcv 9788253 83386384
stats: newphase 6 72
stats: size_sent 12103624 103460573
stats: connected -223 807
# stats: dump at 1339065725
stats: users 4011 4460
stats: {load,"os_mon@test2"} 1 1.19921875 0.0 1.19921875 0.7109375 0.9278846153846154 13
stats: {recvpackets,"os_mon@test3"} 1 39966.0 0.0 41312 4982 25006.083333333332 12
stats: {sentpackets,"os_mon@test3"} 1 26080.0 0.0 26883 3376 16372.25 12
stats: {freemem,"os_mon@test2"} 1 1509.0 0.0 1549.5234375 1509.0 1544.15625 13
stats: {cpu,"os_mon@test3"} 1 64.55083378160302 0.0 67.57478632478633 2.3138832997987926 39.48335523715711 13
stats: {load,"os_mon@test4"} 1 1.109375 0.0 1.2109375 0.640625 0.8915264423076923 13
stats: {freemem,"os_mon@test4"} 1 1494.4375 0.0 1551.96875 1494.4375 1546.759014423077 13
stats: {freemem,"os_mon@myserver"} 1 2678.65234375 0.0 2736.14453125 2678.65234375 2724.2608173076924 13
stats: {recvpackets,"os_mon@test2"} 1 39903.0 0.0 41278 5002 25011.916666666668 12
stats: {sentpackets,"os_mon@test2"} 1 26036.0 0.0 26871 3391 16376.5 12
stats: {load,"os_mon@test3"} 1 0.94140625 0.0 0.94140625 0.51953125 0.7235576923076923 13
stats: {cpu,"os_mon@test2"} 1 65.41623843782118 0.0 67.3407482305359 3.5211267605633805 41.46806227515525 13
stats: {freemem,"os_mon@test3"} 1 1359.90625 0.0 1400.640625 1359.90625 1395.1664663461538 13
stats: {recvpackets,"os_mon@test4"} 1 40071.0 0.0 41209 4976 24992.083333333332 12
stats: {sentpackets,"os_mon@test4"} 1 26147.0 0.0 26820 3371 16363.0 12
stats: {cpu,"os_mon@test4"} 1 64.29683445770628 0.0 64.29683445770628 2.055137844611529 37.2035557414395 13
stats: {load,"os_mon@myserver"} 1 5.03125 0.0 5.03125 1.5390625 2.6505408653846154 13
stats: {recvpackets,"os_mon@myserver"} 1 39676.0 0.0 42577 5063 25209.25 12
stats: {sentpackets,"os_mon@myserver"} 1 25943.0 0.0 27737 3422 16505.416666666668 12
stats: {cpu,"os_mon@myserver"} 1 90.55079559363524 0.0 92.18712894799334 2.3425692695214106 57.67206674407616 13
stats: session 8776 3342.2313752917653 4217.636489310278 28792.14208984375 8.7880859375 549.2145865787993 77848
stats: users_count 8500 90635
stats: finish_users_count 8776 86624
stats: request 88460 336.417437326019 1540.0168490766946 26508.72607421875 0.121826171875 55.46339888988477 779312
stats: page 8825 3322.826374629297 4171.564541056821 28789.82080078125 7.52294921875 540.6385411870893 77583
stats: connect 8908 2455.353757545663 4177.376393285908 22518.5029296875 0.317138671875 210.11451575941877 78390
stats: 200 88460 867772
stats: size_rcv 9465220 92851604
stats: newphase 6 78
stats: size_sent 11746642 115207215
stats: connected 83 890
# stats: dump at 1339065735
stats: users 4226 4798
stats: {load,"os_mon@test2"} 1 1.1796875 0.0 1.19921875 0.7109375 0.947265625 14
stats: {recvpackets,"os_mon@test3"} 1 39135.0 0.0 41312 4982 26156.846153846152 13
stats: {sentpackets,"os_mon@test3"} 1 25957.0 0.0 26883 3376 17119.0 13
stats: {freemem,"os_mon@test2"} 1 1504.49609375 0.0 1549.5234375 1504.49609375 1541.6450892857142 14
stats: {cpu,"os_mon@test3"} 1 51.21822033898306 0.0 67.57478632478633 2.3138832997987926 41.27388941890325 14
stats: {load,"os_mon@test4"} 1 0.94140625 0.0 1.2109375 0.640625 0.9070870535714286 14
stats: {freemem,"os_mon@test4"} 1 1479.8125 0.0 1551.96875 1479.8125 1543.021763392857 14
stats: {freemem,"os_mon@myserver"} 1 2671.75 0.0 2736.14453125 2671.75 2721.0030691964284 14
stats: {recvpackets,"os_mon@test2"} 1 39118.0 0.0 41278 5002 26157.384615384617 13
stats: {sentpackets,"os_mon@test2"} 1 25945.0 0.0 26871 3391 17119.53846153846 13
stats: {load,"os_mon@test3"} 1 0.9609375 0.0 0.9609375 0.51953125 0.7391183035714286 14
stats: {cpu,"os_mon@test2"} 1 68.04853387259858 0.0 68.04853387259858 3.5211267605633805 43.178646286774246 14
stats: {freemem,"os_mon@test3"} 1 1360.8515625 0.0 1400.640625 1359.90625 1392.6478794642858 14
stats: {recvpackets,"os_mon@test4"} 1 39127.0 0.0 41209 4976 26152.0 13
stats: {sentpackets,"os_mon@test4"} 1 25958.0 0.0 26820 3371 17115.615384615383 13
stats: {cpu,"os_mon@test4"} 1 66.66666666666666 0.0 66.66666666666666 2.055137844611529 39.138789935458554 14
stats: {load,"os_mon@myserver"} 1 5.48046875 0.0 5.48046875 1.5390625 2.820591517857143 14
stats: {recvpackets,"os_mon@myserver"} 1 39121.0 0.0 42577 5063 26322.076923076922 13
stats: {sentpackets,"os_mon@myserver"} 1 25980.0 0.0 27737 3422 17231.384615384617 13
stats: {cpu,"os_mon@myserver"} 1 89.1844416562108 0.0 92.18712894799334 2.3425692695214106 60.02054737618753 14
stats: session 8802 2794.099570654216 4213.966027799512 35093.017822265625 8.7880859375 832.1790691441968 86624
stats: users_count 9017 99652
stats: finish_users_count 8802 95426
stats: request 87063 277.6835894371612 1429.0230402202785 34278.595947265625 0.121826171875 84.10363415912651 867772
stats: page 8769 2828.194881627577 4279.068553224623 35091.52099609375 7.52294921875 824.7882452668908 86408
stats: connect 8578 1927.421446999693 4031.589609808328 34265.137939453125 0.317138671875 439.2216106050265 87298
stats: 200 87063 954835
stats: size_rcv 9315741 102167345
stats: newphase 6 84
stats: size_sent 11528443 126735658
stats: connected -191 699
# stats: dump at 1339065745
stats: users 3279 4798
stats: {load,"os_mon@test2"} 1 1.1484375 0.0 1.19921875 0.7109375 0.9627604166666667 15
stats: {recvpackets,"os_mon@test3"} 1 33928.0 0.0 41312 4982 27083.85714285714 14
stats: {sentpackets,"os_mon@test3"} 1 22758.0 0.0 26883 3376 17750.285714285714 14
stats: {freemem,"os_mon@test2"} 1 1460.234375 0.0 1549.5234375 1460.234375 1539.1684895833334 15
stats: {cpu,"os_mon@test3"} 1 57.05975674246431 0.0 67.57478632478633 2.3138832997987926 41.93684481357524 15
stats: {load,"os_mon@test4"} 1 0.87109375 0.0 1.2109375 0.640625 0.909375 15
stats: {freemem,"os_mon@test4"} 1 1478.29296875 0.0 1551.96875 1478.29296875 1538.8078125 15
stats: {freemem,"os_mon@myserver"} 1 2670.17578125 0.0 2736.14453125 2670.17578125 2717.71953125 15
stats: {recvpackets,"os_mon@test2"} 1 34014.0 0.0 41278 5002 27083.14285714286 14
stats: {sentpackets,"os_mon@test2"} 1 22821.0 0.0 26871 3391 17749.928571428572 14
stats: {load,"os_mon@test3"} 1 1.0390625 0.0 1.0390625 0.51953125 0.75390625 15
stats: {cpu,"os_mon@test2"} 1 73.86363636363636 0.0 73.86363636363636 3.5211267605633805 44.83663879249586 15
stats: {freemem,"os_mon@test3"} 1 1360.1171875 0.0 1400.640625 1359.90625 1390.528125 15
stats: {recvpackets,"os_mon@test4"} 1 33931.0 0.0 41209 4976 27078.785714285714 14
stats: {sentpackets,"os_mon@test4"} 1 22751.0 0.0 26820 3371 17747.214285714283 14
stats: {cpu,"os_mon@test4"} 1 46.001045478306324 0.0 66.66666666666666 2.055137844611529 40.9739817175391 15
stats: {load,"os_mon@myserver"} 1 5.421875 0.0 5.48046875 1.5390625 2.997916666666667 15
stats: {recvpackets,"os_mon@myserver"} 1 35651.0 0.0 42577 5063 27236.285714285714 14
stats: {sentpackets,"os_mon@myserver"} 1 23939.0 0.0 27737 3422 17856.285714285717 14
stats: {cpu,"os_mon@myserver"} 1 89.4351991931417 0.0 92.18712894799334 2.3425692695214106 61.96480699485574 15
stats: session 8833 4039.804003060485 6279.04706009622 41654.492919921875 8.7880859375 1013.1446786666664 95426
stats: users_count 7886 107538
stats: finish_users_count 8833 104259
stats: request 89095 404.5725040796513 2191.987759309581 34863.54296875 0.121826171875 101.75448655390836 954835
stats: page 8852 3994.930879464496 6218.119536638349 41652.472900390625 7.52294921875 1009.3693183648752 95177
stats: connect 8939 3170.841452991494 6163.017205483329 34484.657958984375 0.317138671875 572.3704507380468 95876
stats: 200 89095 1043930
stats: size_rcv 9533165 111700510
stats: newphase 6 90
stats: size_sent 11830991 138566649
stats: connected 87 786
# stats: dump at 1339065755
stats: users 4582 5079
stats: {load,"os_mon@test2"} 1 1.28125 0.0 1.28125 0.7109375 0.974365234375 16
stats: {recvpackets,"os_mon@test3"} 1 38329.0 0.0 41312 4982 27540.133333333335 15
stats: {sentpackets,"os_mon@test3"} 1 25721.0 0.0 26883 3376 18084.133333333335 15
stats: {freemem,"os_mon@test2"} 1 1448.4609375 0.0 1549.5234375 1448.4609375 1534.235107421875 16
stats: {cpu,"os_mon@test3"} 1 59.541188738269035 0.0 67.57478632478633 2.3138832997987926 42.88202680913081 16
stats: {load,"os_mon@test4"} 1 0.890625 0.0 1.2109375 0.640625 0.906982421875 16
stats: {freemem,"os_mon@test4"} 1 1452.171875 0.0 1551.96875 1452.171875 1535.025634765625 16
stats: {freemem,"os_mon@myserver"} 1 2665.81640625 0.0 2736.14453125 2665.81640625 2714.748046875 16
stats: {recvpackets,"os_mon@test2"} 1 38386.0 0.0 41278 5002 27545.2 15
stats: {sentpackets,"os_mon@test2"} 1 25759.0 0.0 26871 3391 18088.0 15
stats: {load,"os_mon@test3"} 1 1.109375 0.0 1.109375 0.51953125 0.771728515625 16
stats: {cpu,"os_mon@test2"} 1 60.54905948144382 0.0 73.86363636363636 3.5211267605633805 46.650826140692146 16
stats: {freemem,"os_mon@test3"} 1 1356.546875 0.0 1400.640625 1356.546875 1388.62744140625 16
stats: {recvpackets,"os_mon@test4"} 1 38286.0 0.0 41209 4976 27535.6 15
stats: {sentpackets,"os_mon@test4"} 1 25691.0 0.0 26820 3371 18080.799999999996 15
stats: {cpu,"os_mon@test4"} 1 63.19371727748692 0.0 66.66666666666666 2.055137844611529 41.288173202587046 16
stats: {load,"os_mon@myserver"} 1 5.41015625 0.0 5.48046875 1.5390625 3.1494140625 16
stats: {recvpackets,"os_mon@myserver"} 1 43918.0 0.0 43918 5063 27797.266666666666 15
stats: {sentpackets,"os_mon@myserver"} 1 29327.0 0.0 29327 3422 18261.800000000003 15
stats: {cpu,"os_mon@myserver"} 1 91.21799473558268 0.0 92.18712894799334 2.3425692695214106 63.68170650724861 16
stats: session 9057 2887.898155513127 4864.108605556433 47285.888916015625 8.7880859375 1269.5684100699084 104259
stats: users_count 10360 117898
stats: finish_users_count 9057 113316
stats: request 89696 289.10539352847235 1674.712017754653 46743.215087890625 0.121826171875 127.59872062272147 1043930
stats: page 9007 2899.579997187518 4874.454819387105 41652.472900390625 7.52294921875 1263.415699074618 104029
stats: connect 9023 1975.0639441717528 4870.605898103311 46739.070068359375 0.317138671875 793.977399067423 104815
stats: 200 89696 1133626
stats: size_rcv 9597472 121297982
stats: newphase 6 96
stats: size_sent 11899900 150466549
stats: connected 16 802
# stats: dump at 1339065765
stats: users 4590 5163
stats: {load,"os_mon@test2"} 1 1.30859375 0.0 1.30859375 0.7109375 0.9924172794117647 17
stats: {recvpackets,"os_mon@test3"} 1 40246.0 0.0 41312 4982 28214.4375 16
stats: {sentpackets,"os_mon@test3"} 1 26586.0 0.0 26883 3376 18561.4375 16
stats: {freemem,"os_mon@test2"} 1 1442.25 0.0 1549.5234375 1442.25 1529.1895680147059 17
stats: {cpu,"os_mon@test3"} 1 66.73706441393875 0.0 67.57478632478633 2.3138832997987926 43.861977510844824 17
stats: {load,"os_mon@test4"} 1 1.12890625 0.0 1.2109375 0.640625 0.9060202205882353 17
stats: {freemem,"os_mon@test4"} 1 1418.38671875 0.0 1551.96875 1418.38671875 1530.1518841911766 17
stats: {freemem,"os_mon@myserver"} 1 2663.08203125 0.0 2736.14453125 2663.08203125 2711.8697150735293 17
stats: {recvpackets,"os_mon@test2"} 1 40173.0 0.0 41278 5002 28222.75 16
stats: {sentpackets,"os_mon@test2"} 1 26529.0 0.0 26871 3391 18567.4375 16
stats: {load,"os_mon@test3"} 1 1.1015625 0.0 1.109375 0.51953125 0.7915900735294118 17
stats: {cpu,"os_mon@test2"} 1 61.61257606490872 0.0 73.86363636363636 3.5211267605633805 47.46836927838342 17
stats: {freemem,"os_mon@test3"} 1 1336.94921875 0.0 1400.640625 1336.94921875 1386.7403492647059 17
stats: {recvpackets,"os_mon@test4"} 1 40284.0 0.0 41209 4976 28207.5 16
stats: {sentpackets,"os_mon@test4"} 1 26609.0 0.0 26820 3371 18556.437499999996 16
stats: {cpu,"os_mon@test4"} 1 67.55346896191968 0.0 67.55346896191968 2.055137844611529 42.57673461875763 17
stats: {load,"os_mon@myserver"} 1 6.2109375 0.0 6.2109375 1.5390625 3.2823988970588234 17
stats: {recvpackets,"os_mon@myserver"} 1 45748.0 0.0 45748 5063 28804.8125 16
stats: {sentpackets,"os_mon@myserver"} 1 30189.0 0.0 30189 3422 18953.375000000004 16
stats: {cpu,"os_mon@myserver"} 1 91.41205615194055 0.0 92.18712894799334 2.3425692695214106 65.30148816773885 17
stats: session 8914 3888.67138113151 6719.462513955336 59706.113037109375 8.7880859375 1398.9165383525801 113316
stats: users_count 8922 126820
stats: finish_users_count 8914 122230
stats: 200 89628 1223254
stats: request 89628 391.9093358451065 2323.261297095575 55538.56005859375 0.121826171875 140.37762877492884 1133626
stats: page 8969 3850.232083497018 6665.652850196302 59704.281005859375 7.52294921875 1393.7894900182368 113036
stats: connect 8890 2930.6771772455436 6735.643438014579 46739.070068359375 0.317138671875 887.5923949077959 113838
stats: size_rcv 9590196 130888178
stats: newphase 6 102
stats: size_sent 11878755 162345304
stats: connected -79 723
stats: error_connect_etimedout 47 47
# stats: dump at 1339065775
stats: users 4750 5738
stats: {load,"os_mon@test2"} 1 1.26171875 0.0 1.30859375 0.7109375 1.0099826388888888 18
stats: {recvpackets,"os_mon@test3"} 1 37419.0 0.0 41312 4982 28922.176470588234 17
stats: {sentpackets,"os_mon@test3"} 1 24959.0 0.0 26883 3376 19033.470588235294 17
stats: {freemem,"os_mon@test2"} 1 1417.19140625 0.0 1549.5234375 1417.19140625 1524.359592013889 18
stats: {cpu,"os_mon@test3"} 1 64.56776947705443 0.0 67.57478632478633 2.3138832997987926 45.13281567212781 18
stats: {load,"os_mon@test4"} 1 1.109375 0.0 1.2109375 0.640625 0.9184027777777778 18
stats: {freemem,"os_mon@test4"} 1 1416.390625 0.0 1551.96875 1416.390625 1523.9427083333333 18
stats: {freemem,"os_mon@myserver"} 1 2657.6015625 0.0 2736.14453125 2657.6015625 2709.1592881944443 18
stats: {recvpackets,"os_mon@test2"} 1 37423.0 0.0 41278 5002 28925.70588235294 17
stats: {sentpackets,"os_mon@test2"} 1 24965.0 0.0 26871 3391 19035.764705882353 17
stats: {load,"os_mon@test3"} 1 1.23046875 0.0 1.23046875 0.51953125 0.8088107638888888 18
stats: {cpu,"os_mon@test2"} 1 71.02125453602903 0.0 73.86363636363636 3.5211267605633805 48.25415854430149 18
stats: {freemem,"os_mon@test3"} 1 1311.3359375 0.0 1400.640625 1311.3359375 1383.9741753472222 18
stats: {recvpackets,"os_mon@test4"} 1 37404.0 0.0 41209 4976 28917.882352941175 17
stats: {sentpackets,"os_mon@test4"} 1 24953.0 0.0 26820 3371 19030.11764705882 17
stats: {cpu,"os_mon@test4"} 1 48.26154644525168 0.0 67.55346896191968 2.055137844611529 43.96433097115552 18
stats: {load,"os_mon@myserver"} 1 5.94921875 0.0 6.2109375 1.5390625 3.445095486111111 18
stats: {recvpackets,"os_mon@myserver"} 1 41043.0 0.0 45748 5063 29801.470588235294 17
stats: {sentpackets,"os_mon@myserver"} 1 27492.0 0.0 30189 3422 19614.294117647063 17
stats: {cpu,"os_mon@myserver"} 1 89.518555667001 0.0 92.18712894799334 2.3425692695214106 66.75207527797228 18
stats: session 8645 3767.2098966052376 7621.774571199398 76637.62280273438 8.7880859375 1580.489594627892 122230
stats: users_count 8805 135625
stats: finish_users_count 8645 130875
stats: 200 87392 1310646
stats: request 87392 346.13845757309855 2102.3517883238396 55538.56005859375 0.121826171875 158.80739384521343 1223254
stats: page 8723 3505.397491332635 6357.34151891374 59704.281005859375 7.52294921875 1574.3708893126197 122005
stats: connect 8789 2628.376578344549 6103.109487281547 46739.070068359375 0.317138671875 1035.5865259535442 122728
stats: size_rcv 9350944 140239122
stats: newphase 5 107
stats: size_sent 11599507 173944811
stats: connected 66 789
stats: error_connect_etimedout 141 188
# stats: dump at 1339065785
stats: users 4124 5793
stats: {load,"os_mon@test2"} 1 1.30078125 0.0 1.30859375 0.7109375 1.023231907894737 19
stats: {recvpackets,"os_mon@test3"} 1 37940.0 0.0 41312 4982 29394.222222222223 18
stats: {sentpackets,"os_mon@test3"} 1 25708.0 0.0 26883 3376 19362.666666666668 18
stats: {freemem,"os_mon@test2"} 1 1388.8828125 0.0 1549.5234375 1388.8828125 1518.7191611842106 19
stats: {cpu,"os_mon@test3"} 1 58.032443746729456 0.0 67.57478632478633 2.3138832997987926 46.155707977650266 19
stats: {load,"os_mon@test4"} 1 1.1015625 0.0 1.2109375 0.640625 0.928453947368421 19
stats: {freemem,"os_mon@test4"} 1 1398.265625 0.0 1551.96875 1398.265625 1518.282072368421 19
stats: {freemem,"os_mon@myserver"} 1 2653.37109375 0.0 2736.14453125 2653.37109375 2706.4457236842104 19
stats: {recvpackets,"os_mon@test2"} 1 37865.0 0.0 41278 5002 29397.777777777777 18
stats: {sentpackets,"os_mon@test2"} 1 25654.0 0.0 26871 3391 19365.166666666668 18
stats: {load,"os_mon@test3"} 1 1.12109375 0.0 1.23046875 0.51953125 0.8310032894736842 19
stats: {cpu,"os_mon@test2"} 1 70.63044592516658 0.0 73.86363636363636 3.5211267605633805 49.45242675439241 19
stats: {freemem,"os_mon@test3"} 1 1299.04296875 0.0 1400.640625 1299.04296875 1380.1511101973683 19
stats: {recvpackets,"os_mon@test4"} 1 37963.0 0.0 41209 4976 29389.333333333332 18
stats: {sentpackets,"os_mon@test4"} 1 25729.0 0.0 26820 3371 19359.166666666664 18
stats: {cpu,"os_mon@test4"} 1 58.55434217368695 0.0 67.55346896191968 2.055137844611529 44.19050020663426 19
stats: {load,"os_mon@myserver"} 1 6.19921875 0.0 6.2109375 1.5390625 3.5768914473684212 19
stats: {recvpackets,"os_mon@myserver"} 1 34117.0 0.0 45748 5063 30426.0 18
stats: {sentpackets,"os_mon@myserver"} 1 23448.0 0.0 30189 3422 20051.94444444445 18
stats: {cpu,"os_mon@myserver"} 1 90.79739217652958 0.0 92.18712894799334 2.3425692695214106 67.95031108792116 19
stats: session 8882 4860.936739981058 10333.48975653956 81171.02197265625 8.7880859375 1724.9342709266057 130875
stats: users_count 8256 143881
stats: finish_users_count 8882 139757
stats: 200 88310 1398956
stats: request 88310 398.9121896032982 2243.1161700924968 55538.56005859375 0.121826171875 171.2983611402018 1310646
stats: page 8768 3817.1014792727688 6220.060254643284 59704.281005859375 7.52294921875 1703.221212498323 130728
stats: connect 8752 3110.7969112082405 6475.731591318312 46739.070068359375 0.317138671875 1142.0292806579896 131517
stats: size_rcv 9449170 149688292
stats: newphase 6 113
stats: size_sent 11712332 185657143
stats: connected -35 754
stats: error_connect_etimedout 114 302
stats: error_abort 1 1
EndMonitor:{1339,65785,185660}
