# stats: dump at 1339074314
stats: users 1 7
stats: session 6 46.605631510416664 7.002447991209604 55.699951171875 32.35107421875 0 0
stats: users_count 7 7
stats: finish_users_count 6 6
stats: 200 20 20
stats: request 20 3.03519287109375 0.7487219024243787 4.345947265625 1.651123046875 0 0
stats: connect 20 0.99066162109375 0.4696886701626392 2.368896484375 0.527099609375 0 0
stats: page 2 36.412109375 6.510009765625 42.922119140625 29.902099609375 0 0
stats: size_rcv 3400 3400
stats: size_sent 2700 2700
stats: connected 0 0
# stats: dump at 1339074324
stats: users 10 40
stats: {load,"os_mon@test2"} 1 1.5 0 1.5 1.5 0 0
stats: {freemem,"os_mon@test2"} 1 1539.68359375 0 1539.68359375 1539.68359375 0 0
stats: {cpu,"os_mon@test3"} 1 3.3685268979386627 0 3.3685268979386627 3.3685268979386627 0 0
stats: {load,"os_mon@test4"} 1 2.26171875 0 2.26171875 2.26171875 0 0
stats: {freemem,"os_mon@test4"} 1 1542.49609375 0 1542.49609375 1542.49609375 0 0
stats: {freemem,"os_mon@myserver"} 1 1371.78515625 0 1371.78515625 1371.78515625 0 0
stats: {load,"os_mon@test3"} 1 2.25 0 2.25 2.25 0 0
stats: {cpu,"os_mon@test2"} 1 5.923694779116466 0 5.923694779116466 5.923694779116466 0 0
stats: {freemem,"os_mon@test3"} 1 1389.8671875 0 1389.8671875 1389.8671875 0 0
stats: {cpu,"os_mon@test4"} 1 2.751375687843922 0 2.751375687843922 2.751375687843922 0 0
stats: {load,"os_mon@myserver"} 1 2.48828125 0 2.48828125 2.48828125 0 0
stats: {cpu,"os_mon@myserver"} 1 3.735271997994485 0 3.735271997994485 3.735271997994485 0 0
stats: session 951 49.81358874909634 44.008436753883494 389.68798828125 20.510986328125 46.605631510416664 6
stats: users_count 960 967
stats: finish_users_count 951 957
stats: 200 9234 9254
stats: connect 9247 0.9745824712153274 0.6454198064610218 21.160888671875 0.40087890625 0.99066162109375 20
stats: page 914 44.07471798285363 37.91812458772407 215.85693359375 19.06103515625 36.412109375 2
stats: request 9234 4.403081168905334 4.187272305080903 30.343017578125 1.283935546875 3.03519287109375 20
stats: size_rcv 1569780 1573180
stats: newphase 2 2
stats: size_sent 1226341 1229041
stats: connected 13 13
# stats: dump at 1339074334
stats: users 696 696
stats: {load,"os_mon@test2"} 1 1.51171875 0.0 1.51171875 1.5 1.5 1
stats: {recvpackets,"os_mon@test3"} 1 4896 0 4896 4896 0 0
stats: {sentpackets,"os_mon@test3"} 1 3414 0 3414 3414 0 0
stats: {freemem,"os_mon@test2"} 1 1538.59375 0.0 1539.68359375 1538.59375 1539.68359375 1
stats: {cpu,"os_mon@test3"} 1 21.435793731041457 0.0 21.435793731041457 3.3685268979386627 3.3685268979386627 1
stats: {load,"os_mon@test4"} 1 2.0703125 0.0 2.26171875 2.0703125 2.26171875 1
stats: {freemem,"os_mon@test4"} 1 1541.890625 0.0 1542.49609375 1541.890625 1542.49609375 1
stats: {freemem,"os_mon@myserver"} 1 1371.67578125 0.0 1371.78515625 1371.67578125 1371.78515625 1
stats: {recvpackets,"os_mon@test2"} 1 4902 0 4902 4902 0 0
stats: {sentpackets,"os_mon@test2"} 1 3425 0 3425 3425 0 0
stats: {load,"os_mon@test3"} 1 1.98046875 0.0 2.25 1.98046875 2.25 1
stats: {cpu,"os_mon@test2"} 1 27.152988855116515 0.0 27.152988855116515 5.923694779116466 5.923694779116466 1
stats: {freemem,"os_mon@test3"} 1 1389.140625 0.0 1389.8671875 1389.140625 1389.8671875 1
stats: {recvpackets,"os_mon@test4"} 1 4901 0 4901 4901 0 0
stats: {sentpackets,"os_mon@test4"} 1 3423 0 3423 3423 0 0
stats: {cpu,"os_mon@test4"} 1 18.888317035512095 0.0 18.888317035512095 2.751375687843922 2.751375687843922 1
stats: {load,"os_mon@myserver"} 1 2.109375 0.0 2.48828125 2.109375 2.48828125 1
stats: {recvpackets,"os_mon@myserver"} 1 4981 0 4981 4981 0 0
stats: {sentpackets,"os_mon@myserver"} 1 3476 0 3476 3476 0 0
stats: {cpu,"os_mon@myserver"} 1 20.50457581004205 0.0 20.50457581004205 3.735271997994485 3.735271997994485 1
stats: session 1166 1260.2955990197524 1070.0882531675804 6005.969970703125 20.510986328125 49.79347616452782 957
stats: users_count 1852 2819
stats: finish_users_count 1166 2123
stats: request 14486 151.31170277619876 305.5735565827282 3120.05712890625 1.265869140625 4.400124850993488 9254
stats: page 1193 1205.2958249702033 1047.971203520415 5971.8798828125 19.06103515625 44.0579873963736 916
stats: connect 14635 77.38571457884046 309.0951269473075 3010.034912109375 0.34814453125 0.9746171731682322 9267
stats: 200 14486 23740
stats: size_rcv 2462620 4035800
stats: newphase 6 8
stats: size_sent 1943657 3172698
stats: connected 149 162
# stats: dump at 1339074344
stats: users 2813 2814
stats: {load,"os_mon@test2"} 1 1.28125 0.0 1.51171875 1.28125 1.505859375 2
stats: {recvpackets,"os_mon@test3"} 1 7873.0 0.0 7873 4896 4896.0 1
stats: {sentpackets,"os_mon@test3"} 1 5550.0 0.0 5550 3414 3414.0 1
stats: {freemem,"os_mon@test2"} 1 1526.48828125 0.0 1539.68359375 1526.48828125 1539.138671875 2
stats: {cpu,"os_mon@test3"} 1 30.90722706304459 0.0 30.90722706304459 3.3685268979386627 12.40216031449006 2
stats: {load,"os_mon@test4"} 1 1.8984375 0.0 2.26171875 1.8984375 2.166015625 2
stats: {freemem,"os_mon@test4"} 1 1532.00390625 0.0 1542.49609375 1532.00390625 1542.193359375 2
stats: {freemem,"os_mon@myserver"} 1 1368.1640625 0.0 1371.78515625 1368.1640625 1371.73046875 2
stats: {recvpackets,"os_mon@test2"} 1 7916.0 0.0 7916 4902 4902.0 1
stats: {sentpackets,"os_mon@test2"} 1 5578.0 0.0 5578 3425 3425.0 1
stats: {load,"os_mon@test3"} 1 1.828125 0.0 2.25 1.828125 2.115234375 2
stats: {cpu,"os_mon@test2"} 1 40.131578947368425 0.0 40.131578947368425 5.923694779116466 16.53834181711649 2
stats: {freemem,"os_mon@test3"} 1 1380.29296875 0.0 1389.8671875 1380.29296875 1389.50390625 2
stats: {recvpackets,"os_mon@test4"} 1 7902.0 0.0 7902 4901 4901.0 1
stats: {sentpackets,"os_mon@test4"} 1 5568.0 0.0 5568 3423 3423.0 1
stats: {cpu,"os_mon@test4"} 1 28.930817610062892 0.0 28.930817610062892 2.751375687843922 10.819846361678009 2
stats: {load,"os_mon@myserver"} 1 1.94140625 0.0 2.48828125 1.94140625 2.298828125 2
stats: {recvpackets,"os_mon@myserver"} 1 8007.0 0.0 8007 4981 4981.0 1
stats: {sentpackets,"os_mon@myserver"} 1 5641.0 0.0 5641 3476 3476.0 1
stats: {cpu,"os_mon@myserver"} 1 25.475475475475474 0.0 25.475475475475474 3.735271997994485 12.119923904018266 2
stats: session 782 4190.1968326032 2817.6035255563497 14052.08203125 20.510986328125 714.6288389762055 2123
stats: users_count 2899 5718
stats: finish_users_count 782 2905
stats: request 14548 652.0415295655143 1231.8822172313762 8640.14794921875 1.265869140625 94.0446538242253 23740
stats: page 769 4083.650282999939 2706.0511750455453 14049.70703125 19.06103515625 700.9364796797205 2109
stats: connect 14560 539.9094740312204 1223.8924263701292 7020.48095703125 0.280029296875 47.76051000774329 23902
stats: 200 14548 38288
stats: size_rcv 2473160 6508960
stats: newphase 6 14
stats: size_sent 1933184 5105882
stats: connected 12 174
# stats: dump at 1339074354
stats: users 4703 4722
stats: {load,"os_mon@test2"} 1 1.078125 0.0 1.51171875 1.078125 1.4309895833333333 3
stats: {recvpackets,"os_mon@test3"} 1 10553.0 0.0 10553 4896 6384.5 2
stats: {sentpackets,"os_mon@test3"} 1 7353.0 0.0 7353 3414 4482.0 2
stats: {freemem,"os_mon@test2"} 1 1495.2265625 0.0 1539.68359375 1495.2265625 1534.921875 3
stats: {cpu,"os_mon@test3"} 1 33.01936159079016 0.0 33.01936159079016 3.3685268979386627 18.57051589734157 3
stats: {load,"os_mon@test4"} 1 1.76171875 0.0 2.26171875 1.76171875 2.0768229166666665 3
stats: {freemem,"os_mon@test4"} 1 1503.25390625 0.0 1542.49609375 1503.25390625 1538.796875 3
stats: {freemem,"os_mon@myserver"} 1 1368.28515625 0.0 1371.78515625 1368.1640625 1370.5416666666667 3
stats: {recvpackets,"os_mon@test2"} 1 10561.0 0.0 10561 4902 6409.0 2
stats: {sentpackets,"os_mon@test2"} 1 7357.0 0.0 7357 3425 4501.5 2
stats: {load,"os_mon@test3"} 1 1.69921875 0.0 2.25 1.69921875 2.01953125 3
stats: {cpu,"os_mon@test2"} 1 44.15851775604735 0.0 44.15851775604735 5.923694779116466 24.402754193867136 3
stats: {freemem,"os_mon@test3"} 1 1351.54296875 0.0 1389.8671875 1351.54296875 1386.43359375 3
stats: {recvpackets,"os_mon@test4"} 1 10570.0 0.0 10570 4901 6401.5 2
stats: {sentpackets,"os_mon@test4"} 1 7364.0 0.0 7364 3423 4495.5 2
stats: {cpu,"os_mon@test4"} 1 30.875331564986734 0.0 30.875331564986734 2.751375687843922 16.856836777806304 3
stats: {load,"os_mon@myserver"} 1 1.7890625 0.0 2.48828125 1.7890625 2.1796875 3
stats: {recvpackets,"os_mon@myserver"} 1 10548.0 0.0 10548 4981 6494.0 2
stats: {sentpackets,"os_mon@myserver"} 1 7349.0 0.0 7349 3476 4558.5 2
stats: {cpu,"os_mon@myserver"} 1 25.406758448060074 0.0 25.475475475475474 3.735271997994485 16.571774427837337 3
stats: session 737 10914.10654502257 5248.223472813073 24168.09912109375 20.510986328125 1650.2206362279476 2905
stats: users_count 2627 8345
stats: finish_users_count 737 3642
stats: request 15072 1858.1118848116282 2590.4957250586617 15784.972900390625 1.265869140625 306.06248051363906 38288
stats: page 723 10678.303152757071 5255.359528808455 24166.698974609375 19.06103515625 1604.7957273354702 2878
stats: connect 15106 1714.640514420748 2554.8967435531786 15040.3720703125 0.280029296875 234.06618616035695 38462
stats: 200 15072 53360
stats: size_rcv 2562240 9071200
stats: newphase 4 18
stats: size_sent 2004782 7110664
stats: connected 34 208
# stats: dump at 1339074364
stats: users 6309 6309
stats: {load,"os_mon@test2"} 1 1.0703125 0.0 1.51171875 1.0703125 1.3427734375 4
stats: {recvpackets,"os_mon@test3"} 1 9377.0 0.0 10553 4896 7774.0 3
stats: {sentpackets,"os_mon@test3"} 1 6801.0 0.0 7353 3414 5439.0 3
stats: {freemem,"os_mon@test2"} 1 1441.62109375 0.0 1539.68359375 1441.62109375 1524.998046875 4
stats: {cpu,"os_mon@test3"} 1 35.08302088912694 0.0 35.08302088912694 3.3685268979386627 22.18272732070372 4
stats: {load,"os_mon@test4"} 1 1.55859375 0.0 2.26171875 1.55859375 1.998046875 4
stats: {freemem,"os_mon@test4"} 1 1462.55078125 0.0 1542.49609375 1462.55078125 1529.9111328125 4
stats: {freemem,"os_mon@myserver"} 1 1368.49609375 0.0 1371.78515625 1368.1640625 1369.9775390625 4
stats: {recvpackets,"os_mon@test2"} 1 9367.0 0.0 10561 4902 7793.0 3
stats: {sentpackets,"os_mon@test2"} 1 6793.0 0.0 7357 3425 5453.333333333333 3
stats: {load,"os_mon@test3"} 1 1.51953125 0.0 2.25 1.51953125 1.939453125 4
stats: {cpu,"os_mon@test2"} 1 44.90765171503958 0.0 44.90765171503958 5.923694779116466 29.341695084412187 4
stats: {freemem,"os_mon@test3"} 1 1309.0546875 0.0 1389.8671875 1309.0546875 1377.7109375 4
stats: {recvpackets,"os_mon@test4"} 1 9362.0 0.0 10570 4901 7791.0 3
stats: {sentpackets,"os_mon@test4"} 1 6790.0 0.0 7364 3423 5451.666666666667 3
stats: {cpu,"os_mon@test4"} 1 32.376827287493235 0.0 32.376827287493235 2.751375687843922 20.36146047460141 4
stats: {load,"os_mon@myserver"} 1 1.671875 0.0 2.48828125 1.671875 2.08203125 4
stats: {recvpackets,"os_mon@myserver"} 1 9366.0 0.0 10548 4981 7845.333333333333 3
stats: {sentpackets,"os_mon@myserver"} 1 6795.0 0.0 7349 3476 5488.666666666667 3
stats: {cpu,"os_mon@myserver"} 1 25.53776888444222 0.0 25.53776888444222 3.735271997994485 18.78052043289302 4
stats: session 958 15739.250650616928 6619.402565083467 32173.791015625 20.510986328125 3524.8730016265295 3642
stats: users_count 2564 10909
stats: finish_users_count 958 4600
stats: 200 14796 68156
stats: request 14796 2003.7133850774228 2963.247203253511 31174.93994140625 1.265869140625 744.4524471849152 53360
stats: page 968 15363.702764085498 6568.342026468903 30841.863037109375 19.06103515625 3426.55242508049 3601
stats: connect 14819 1831.3782394968282 2931.5148240369754 31047.531982421875 0.280029296875 651.5832822382666 53568
stats: size_rcv 2515320 11586520
stats: newphase 6 24
stats: size_sent 1966441 9077105
stats: connected 23 231
# stats: dump at 1339074374
stats: users 8416 8416
stats: {load,"os_mon@test2"} 1 0.98046875 0.0 1.51171875 0.98046875 1.28828125 5
stats: {recvpackets,"os_mon@test3"} 1 11776.0 0.0 11776 4896 8174.75 4
stats: {sentpackets,"os_mon@test3"} 1 8498.0 0.0 8498 3414 5779.5 4
stats: {freemem,"os_mon@test2"} 1 1411.7109375 0.0 1539.68359375 1411.7109375 1508.32265625 5
stats: {cpu,"os_mon@test3"} 1 41.40127388535032 0.0 41.40127388535032 3.3685268979386627 24.762786034388363 5
stats: {load,"os_mon@test4"} 1 1.46875 0.0 2.26171875 1.46875 1.91015625 5
stats: {freemem,"os_mon@test4"} 1 1423.66796875 0.0 1542.49609375 1423.66796875 1516.4390625 5
stats: {freemem,"os_mon@myserver"} 1 1366.2421875 0.0 1371.78515625 1366.2421875 1369.68125 5
stats: {recvpackets,"os_mon@test2"} 1 11845.0 0.0 11845 4902 8186.5 4
stats: {sentpackets,"os_mon@test2"} 1 8546.0 0.0 8546 3425 5788.25 4
stats: {load,"os_mon@test3"} 1 1.359375 0.0 2.25 1.359375 1.85546875 5
stats: {cpu,"os_mon@test2"} 1 40.802501302761854 0.0 44.90765171503958 5.923694779116466 32.45488641053767 5
stats: {freemem,"os_mon@test3"} 1 1263.61328125 0.0 1389.8671875 1263.61328125 1363.9796875 5
stats: {recvpackets,"os_mon@test4"} 1 11838.0 0.0 11838 4901 8183.75 4
stats: {sentpackets,"os_mon@test4"} 1 8541.0 0.0 8541 3423 5786.25 4
stats: {cpu,"os_mon@test4"} 1 34.445640473627556 0.0 34.445640473627556 2.751375687843922 22.764533837179776 5
stats: {load,"os_mon@myserver"} 1 1.5703125 0.0 2.48828125 1.5703125 2.0 5
stats: {recvpackets,"os_mon@myserver"} 1 12061.0 0.0 12061 4981 8225.5 4
stats: {sentpackets,"os_mon@myserver"} 1 8685.0 0.0 8685 3476 5815.25 4
stats: {cpu,"os_mon@myserver"} 1 25.407166123778502 0.0 25.53776888444222 3.735271997994485 20.13197012320286 5
stats: session 742 21024.745046774973 9342.091176590171 43353.671875 20.510986328125 6068.649912003225 4600
stats: users_count 2849 13758
stats: finish_users_count 742 5342
stats: request 14839 2728.5715051513744 4338.187050094899 31237.300048828125 1.265869140625 1017.8256621191476 68156
stats: page 749 20995.46223023927 9155.95390016241 43352.4169921875 19.06103515625 5955.587559279845 4569
stats: connect 14867 2569.150861384354 4371.697453965786 31095.20703125 0.280029296875 907.2368636443033 68387
stats: 200 14839 82995
stats: size_rcv 2522630 14109150
stats: newphase 6 30
stats: size_sent 1973257 11050362
stats: connected 28 259
# stats: dump at 1339074384
stats: users 11153 11170
stats: {load,"os_mon@test2"} 1 0.8984375 0.0 1.51171875 0.8984375 1.2369791666666667 6
stats: {recvpackets,"os_mon@test3"} 1 11822.0 0.0 11822 4896 8895.0 5
stats: {sentpackets,"os_mon@test3"} 1 8705.0 0.0 8705 3414 6323.2 5
stats: {freemem,"os_mon@test2"} 1 1344.32421875 0.0 1539.68359375 1344.32421875 1492.220703125 6
stats: {cpu,"os_mon@test3"} 1 39.55342902711323 0.0 41.40127388535032 3.3685268979386627 27.535867342882025 6
stats: {load,"os_mon@test4"} 1 1.62890625 0.0 2.26171875 1.46875 1.8365885416666667 6
stats: {freemem,"os_mon@test4"} 1 1372.68359375 0.0 1542.49609375 1372.68359375 1500.9772135416667 6
stats: {freemem,"os_mon@myserver"} 1 1365.85546875 0.0 1371.78515625 1365.85546875 1369.1080729166667 6
stats: {recvpackets,"os_mon@test2"} 1 11799.0 0.0 11845 4902 8918.2 5
stats: {sentpackets,"os_mon@test2"} 1 8691.0 0.0 8691 3425 6339.8 5
stats: {load,"os_mon@test3"} 1 1.23046875 0.0 2.25 1.23046875 1.7727864583333333 6
stats: {cpu,"os_mon@test2"} 1 47.25918041511442 0.0 47.25918041511442 5.923694779116466 33.8461555592417 6
stats: {freemem,"os_mon@test3"} 1 1216.4921875 0.0 1389.8671875 1216.4921875 1347.251953125 6
stats: {recvpackets,"os_mon@test4"} 1 11810.0 0.0 11838 4901 8914.6 5
stats: {sentpackets,"os_mon@test4"} 1 8697.0 0.0 8697 3423 6337.2 5
stats: {cpu,"os_mon@test4"} 1 36.071817192600655 0.0 36.071817192600655 2.751375687843922 24.711384943254405 6
stats: {load,"os_mon@myserver"} 1 1.48046875 0.0 2.48828125 1.48046875 1.9283854166666667 6
stats: {recvpackets,"os_mon@myserver"} 1 11363.0 0.0 12061 4981 8992.6 5
stats: {sentpackets,"os_mon@myserver"} 1 8409.0 0.0 8685 3476 6389.2 5
stats: {cpu,"os_mon@myserver"} 1 25.463194792188283 0.0 25.53776888444222 3.735271997994485 21.011169456632132 6
stats: session 719 25927.93093876317 10835.44156226879 52235.972900390625 20.510986328125 8146.040887293499 5342
stats: users_count 3456 17214
stats: finish_users_count 719 6061
stats: request 14643 3618.5386947301486 6286.383502874665 32731.450927734375 1.265869140625 1323.696588858773 82995
stats: page 726 25603.577403002866 10652.114377529286 52232.68310546875 19.06103515625 8073.839933959914 5318
stats: connect 14749 3358.334017977646 6250.225935067841 31100.671875 0.280029296875 1204.0114979489772 83254
stats: 200 14731 97726
stats: size_rcv 2504270 16613420
stats: newphase 6 36
stats: size_sent 1962100 13012462
stats: connected 57 316
# stats: dump at 1339074394
stats: users 12066 12066
stats: {load,"os_mon@test2"} 1 0.76171875 0.0 1.51171875 0.76171875 1.1886160714285714 7
stats: {recvpackets,"os_mon@test3"} 1 11952.0 0.0 11952 4896 9382.833333333334 6
stats: {sentpackets,"os_mon@test3"} 1 8873.0 0.0 8873 3414 6720.166666666667 6
stats: {freemem,"os_mon@test2"} 1 1313.55859375 0.0 1539.68359375 1313.55859375 1471.0926339285713 7
stats: {cpu,"os_mon@test3"} 1 43.04884594739667 0.0 43.04884594739667 3.3685268979386627 29.252661869200768 7
stats: {load,"os_mon@test4"} 1 1.37890625 0.0 2.26171875 1.37890625 1.8069196428571428 7
stats: {freemem,"os_mon@test4"} 1 1319.71875 0.0 1542.49609375 1319.71875 1482.6495535714287 7
stats: {freemem,"os_mon@myserver"} 1 1364.70703125 0.0 1371.78515625 1364.70703125 1368.6434151785713 7
stats: {recvpackets,"os_mon@test2"} 1 11894.0 0.0 11894 4902 9398.333333333334 6
stats: {sentpackets,"os_mon@test2"} 1 8840.0 0.0 8840 3425 6731.666666666667 6
stats: {load,"os_mon@test3"} 1 1.0390625 0.0 2.25 1.0390625 1.6953125 7
stats: {cpu,"os_mon@test2"} 1 40.9967845659164 0.0 47.25918041511442 5.923694779116466 35.762301967223515 7
stats: {freemem,"os_mon@test3"} 1 1149.30859375 0.0 1389.8671875 1149.30859375 1328.571986607143 7
stats: {recvpackets,"os_mon@test4"} 1 11888.0 0.0 11888 4901 9397.166666666666 6
stats: {sentpackets,"os_mon@test4"} 1 8836.0 0.0 8836 3423 6730.5 6
stats: {cpu,"os_mon@test4"} 1 38.48666303756124 0.0 38.48666303756124 2.751375687843922 26.334303836018158 7
stats: {load,"os_mon@myserver"} 1 1.41015625 0.0 2.48828125 1.41015625 1.8643973214285714 7
stats: {recvpackets,"os_mon@myserver"} 1 11977.0 0.0 12061 4981 9387.666666666666 6
stats: {sentpackets,"os_mon@myserver"} 1 8899.0 0.0 8899 3476 6725.833333333333 6
stats: {cpu,"os_mon@myserver"} 1 25.463194792188283 0.0 25.53776888444222 3.735271997994485 21.647173075997298 7
stats: session 839 31841.254324402656 12470.411572049421 59302.0068359375 20.510986328125 10255.458301417684 6061
stats: users_count 1752 18966
stats: finish_users_count 839 6900
stats: request 14793 4220.692622794182 6613.021926139273 32769.4580078125 1.265869140625 1667.8594450855965 97638
stats: page 833 31749.284891007184 12343.591150758219 59299.944091796875 19.06103515625 10179.496684874075 6044
stats: connect 14738 4050.6809365796257 6740.933159777653 31100.671875 0.280029296875 1528.227112245507 98003
stats: 200 14705 112431
stats: size_rcv 2499850 19113270
stats: newphase 6 42
stats: size_sent 1951697 14964159
stats: connected -6 310
# stats: dump at 1339074404
stats: users 13561 13563
stats: {load,"os_mon@test2"} 1 0.9609375 0.0 1.51171875 0.76171875 1.13525390625 8
stats: {recvpackets,"os_mon@test3"} 1 9652.0 0.0 11952 4896 9749.857142857143 7
stats: {sentpackets,"os_mon@test3"} 1 7640.0 0.0 8873 3414 7027.714285714285 7
stats: {freemem,"os_mon@test2"} 1 1257.390625 0.0 1539.68359375 1257.390625 1451.40087890625 8
stats: {cpu,"os_mon@test3"} 1 39.446185997910135 0.0 43.04884594739667 3.3685268979386627 30.977184878975255 8
stats: {load,"os_mon@test4"} 1 1.171875 0.0 2.26171875 1.171875 1.75341796875 8
stats: {freemem,"os_mon@test4"} 1 1278.30078125 0.0 1542.49609375 1278.30078125 1462.283203125 8
stats: {freemem,"os_mon@myserver"} 1 1364.390625 0.0 1371.78515625 1364.390625 1368.1513671875 8
stats: {recvpackets,"os_mon@test2"} 1 9661.0 0.0 11894 4902 9754.857142857143 7
stats: {sentpackets,"os_mon@test2"} 1 7650.0 0.0 8840 3425 7032.857142857143 7
stats: {load,"os_mon@test3"} 1 1.12109375 0.0 2.25 1.0390625 1.61328125 8
stats: {cpu,"os_mon@test2"} 1 46.85242518059856 0.0 47.25918041511442 5.923694779116466 36.41661229206012 8
stats: {freemem,"os_mon@test3"} 1 1095.37890625 0.0 1389.8671875 1095.37890625 1306.1640625 8
stats: {recvpackets,"os_mon@test4"} 1 9656.0 0.0 11888 4901 9753.0 7
stats: {sentpackets,"os_mon@test4"} 1 7633.0 0.0 8836 3423 7031.285714285715 7
stats: {cpu,"os_mon@test4"} 1 32.0254506892895 0.0 38.48666303756124 2.751375687843922 27.853348736211043 8
stats: {load,"os_mon@myserver"} 1 1.33984375 0.0 2.48828125 1.33984375 1.8076171875 8
stats: {recvpackets,"os_mon@myserver"} 1 9549.0 0.0 12061 4981 9757.57142857143 7
stats: {sentpackets,"os_mon@myserver"} 1 7551.0 0.0 8899 3476 7036.285714285715 7
stats: {cpu,"os_mon@myserver"} 1 25.50688360450563 0.0 25.53776888444222 3.735271997994485 22.12417579052117 8
stats: session 893 33737.20999429151 14600.947361586874 67810.97509765625 20.510986328125 12880.165962763247 6900
stats: users_count 2388 21354
stats: finish_users_count 893 7793
stats: 200 14568 126999
stats: request 14568 4700.665097701155 7899.073286423113 45144.537109375 1.265869140625 2003.7459994864564 112431
stats: page 889 33916.39237902267 14607.969708974277 67166.63012695313 19.06103515625 12792.210597293571 6877
stats: connect 14567 4268.248903705168 7711.864474998352 31112.31103515625 0.280029296875 1857.973384347371 112741
stats: size_rcv 2476560 21589830
stats: newphase 6 48
stats: size_sent 1933429 16897588
stats: connected -1 309
stats: error_connect_etimedout 81 81
# stats: dump at 1339074414
stats: users 16322 16323
stats: {load,"os_mon@test2"} 1 0.80859375 0.0 1.51171875 0.76171875 1.1158854166666667 9
stats: {recvpackets,"os_mon@test3"} 1 14168.0 0.0 14168 4896 9737.625 8
stats: {sentpackets,"os_mon@test3"} 1 10494.0 0.0 10494 3414 7104.25 8
stats: {freemem,"os_mon@test2"} 1 1230.8828125 0.0 1539.68359375 1230.8828125 1429.8441840277778 9
stats: {cpu,"os_mon@test3"} 1 45.9673168160253 0.0 45.9673168160253 3.3685268979386627 31.918185003301353 9
stats: {load,"os_mon@test4"} 1 1.21875 0.0 2.26171875 1.171875 1.6888020833333333 9
stats: {freemem,"os_mon@test4"} 1 1219.359375 0.0 1542.49609375 1219.359375 1441.8407118055557 9
stats: {freemem,"os_mon@myserver"} 1 1363.2890625 0.0 1371.78515625 1363.2890625 1367.7335069444443 9
stats: {recvpackets,"os_mon@test2"} 1 14347.0 0.0 14347 4902 9743.125 8
stats: {sentpackets,"os_mon@test2"} 1 10605.0 0.0 10605 3425 7110.0 8
stats: {load,"os_mon@test3"} 1 1.03125 0.0 2.25 1.03125 1.55859375 9
stats: {cpu,"os_mon@test2"} 1 32.745726495726494 0.0 47.25918041511442 5.923694779116466 37.576147057453284 9
stats: {freemem,"os_mon@test3"} 1 1042.93359375 0.0 1389.8671875 1042.93359375 1282.7434895833333 9
stats: {recvpackets,"os_mon@test4"} 1 14284.0 0.0 14284 4901 9740.875 8
stats: {sentpackets,"os_mon@test4"} 1 10579.0 0.0 10579 3423 7106.5 8
stats: {cpu,"os_mon@test4"} 1 47.647058823529406 0.0 47.647058823529406 2.751375687843922 28.316915619886426 9
stats: {load,"os_mon@myserver"} 1 1.37109375 0.0 2.48828125 1.33984375 1.7556423611111112 9
stats: {recvpackets,"os_mon@myserver"} 1 14420.0 0.0 14420 4981 9731.5 8
stats: {sentpackets,"os_mon@myserver"} 1 10664.0 0.0 10664 3476 7100.625 8
stats: {cpu,"os_mon@myserver"} 1 25.481852315394242 0.0 25.53776888444222 3.735271997994485 22.50003221429722 9
stats: session 727 40829.26982139782 17410.308718811564 80746.921875 20.510986328125 15270.174986265716 7793
stats: users_count 3488 24842
stats: finish_users_count 727 8520
stats: request 14595 4451.481786323172 7932.579462287756 45144.537109375 1.265869140625 2313.1084151180103 126999
stats: page 734 40306.541623315636 17322.4003341157 80744.94604492188 19.06103515625 15210.366353661995 7766
stats: connect 14621 4156.737497248203 7892.558523421375 31112.31103515625 0.280029296875 2133.765035229366 127308
stats: 200 14595 141594
stats: size_rcv 2481150 24070980
stats: newphase 6 54
stats: size_sent 1940591 18838179
stats: connected 26 335
stats: error_connect_etimedout 632 713
# stats: dump at 1339074424
stats: users 19124 19149
stats: {load,"os_mon@test2"} 1 0.76171875 0.0 1.51171875 0.76171875 1.08515625 10
stats: {recvpackets,"os_mon@test3"} 1 13402.0 0.0 14168 4896 10229.888888888889 9
stats: {sentpackets,"os_mon@test3"} 1 10365.0 0.0 10494 3414 7480.888888888889 9
stats: {freemem,"os_mon@test2"} 1 1180.65234375 0.0 1539.68359375 1180.65234375 1409.948046875 10
stats: {cpu,"os_mon@test3"} 1 47.51585623678647 0.0 47.51585623678647 3.3685268979386627 33.323098184573745 10
stats: {load,"os_mon@test4"} 1 1.3203125 0.0 2.26171875 1.171875 1.641796875 10
stats: {freemem,"os_mon@test4"} 1 1156.9921875 0.0 1542.49609375 1156.9921875 1419.592578125 10
stats: {freemem,"os_mon@myserver"} 1 1362.96875 0.0 1371.78515625 1362.96875 1367.2890625 10
stats: {recvpackets,"os_mon@test2"} 1 13283.0 0.0 14347 4902 10254.666666666666 9
stats: {sentpackets,"os_mon@test2"} 1 10284.0 0.0 10605 3425 7498.333333333333 9
stats: {load,"os_mon@test3"} 1 1.19140625 0.0 2.25 1.03125 1.505859375 10
stats: {cpu,"os_mon@test2"} 1 41.53439153439153 0.0 47.25918041511442 5.923694779116466 37.093105001280605 10
stats: {freemem,"os_mon@test3"} 1 971.46484375 0.0 1389.8671875 971.46484375 1258.7625 10
stats: {recvpackets,"os_mon@test4"} 1 13342.0 0.0 14284 4901 10245.666666666666 9
stats: {sentpackets,"os_mon@test4"} 1 10324.0 0.0 10579 3423 7492.333333333333 9
stats: {cpu,"os_mon@test4"} 1 40.635091496232505 0.0 47.647058823529406 2.751375687843922 30.249929940250723 10
stats: {load,"os_mon@myserver"} 1 1.390625 0.0 2.48828125 1.33984375 1.7171875 10
stats: {recvpackets,"os_mon@myserver"} 1 13235.0 0.0 14420 4981 10252.444444444445 9
stats: {sentpackets,"os_mon@myserver"} 1 10250.0 0.0 10664 3476 7496.555555555556 9
stats: {cpu,"os_mon@myserver"} 1 25.51326990485729 0.0 25.53776888444222 3.735271997994485 22.798214224406923 10
stats: session 693 44379.43314281211 19841.886001820112 90179.88891601563 20.510986328125 17451.09774977992 8520
stats: users_count 3495 28337
stats: finish_users_count 693 9213
stats: 200 14423 156017
stats: request 14423 3990.384583776381 6922.190894056376 45144.537109375 1.265869140625 2533.5242473760113 141594
stats: connect 14477 3623.964924140854 6838.9652411141815 31112.31103515625 0.280029296875 2342.164166958452 141929
stats: page 687 44240.01352510634 19692.931541779955 90178.59008789063 19.06103515625 17377.49490047679 8500
stats: size_rcv 2451910 26522890
stats: newphase 4 58
stats: size_sent 1922191 20760370
stats: connected 54 389
stats: error_connect_etimedout 429 1142
# stats: dump at 1339074434
stats: users 20700 20700
stats: {load,"os_mon@test2"} 1 0.7890625 0.0 1.51171875 0.76171875 1.0557528409090908 11
stats: {recvpackets,"os_mon@test3"} 1 15024.0 0.0 15024 4896 10547.1 10
stats: {sentpackets,"os_mon@test3"} 1 11520.0 0.0 11520 3414 7769.3 10
stats: {freemem,"os_mon@test2"} 1 1106.41015625 0.0 1539.68359375 1106.41015625 1389.1029829545455 11
stats: {cpu,"os_mon@test3"} 1 42.910848549946294 0.0 47.51585623678647 3.3685268979386627 34.61334891659308 11
stats: {load,"os_mon@test4"} 1 1.19921875 0.0 2.26171875 1.171875 1.6125710227272727 11
stats: {freemem,"os_mon@test4"} 1 1106.703125 0.0 1542.49609375 1106.703125 1395.719815340909 11
stats: {freemem,"os_mon@myserver"} 1 1362.8828125 0.0 1371.78515625 1362.8828125 1366.8963068181818 11
stats: {recvpackets,"os_mon@test2"} 1 15022.0 0.0 15022 4902 10557.5 10
stats: {sentpackets,"os_mon@test2"} 1 11502.0 0.0 11502 3425 7776.9 10
stats: {load,"os_mon@test3"} 1 1.08984375 0.0 2.25 1.03125 1.4772727272727273 11
stats: {cpu,"os_mon@test2"} 1 51.14789108382275 0.0 51.14789108382275 5.923694779116466 37.49685832247251 11
stats: {freemem,"os_mon@test3"} 1 913.79296875 0.0 1389.8671875 913.79296875 1232.64453125 11
stats: {recvpackets,"os_mon@test4"} 1 15001.0 0.0 15001 4901 10555.3 10
stats: {sentpackets,"os_mon@test4"} 1 11487.0 0.0 11487 3423 7775.5 10
stats: {cpu,"os_mon@test4"} 1 40.0 0.0 47.647058823529406 2.751375687843922 31.194035536249068 11
stats: {load,"os_mon@myserver"} 1 1.328125 0.0 2.48828125 1.328125 1.6875 11
stats: {recvpackets,"os_mon@myserver"} 1 15011.0 0.0 15011 4981 10550.7 10
stats: {sentpackets,"os_mon@myserver"} 1 11490.0 0.0 11490 3476 7771.9 10
stats: {cpu,"os_mon@myserver"} 1 25.432222500626413 0.0 25.53776888444222 3.735271997994485 23.045037468084228 11
stats: session 743 53476.723673557346 24594.43653489387 102064.47119140625 20.510986328125 19476.64170151891 9213
stats: users_count 2319 30656
stats: finish_users_count 743 9956
stats: 200 14652 170669
stats: request 14652 4683.9629845854915 7588.009699217364 45144.537109375 1.265869140625 2668.2037799391455 156017
stats: page 750 53045.26866210937 24625.748566797538 102063.31494140625 19.06103515625 19386.26275669977 9187
stats: connect 14702 4112.236222195669 7529.056152054602 31112.31103515625 0.280029296875 2460.808142008831 156406
stats: size_rcv 2490840 29013730
stats: newphase 3 61
stats: size_sent 1951682 22712052
stats: connected 50 439
stats: error_connect_etimedout 1206 2348
# stats: dump at 1339074444
stats: users 23364 23364
stats: {load,"os_mon@test2"} 1 0.9609375 0.0 1.51171875 0.76171875 1.0335286458333333 12
stats: {recvpackets,"os_mon@test3"} 1 12917.0 0.0 15024 4896 10954.09090909091 11
stats: {sentpackets,"os_mon@test3"} 1 10173.0 0.0 11520 3414 8110.272727272727 11
stats: {freemem,"os_mon@test2"} 1 1067.9921875 0.0 1539.68359375 1067.9921875 1365.5452473958333 12
stats: {cpu,"os_mon@test3"} 1 49.973502914679386 0.0 49.973502914679386 3.3685268979386627 35.30480721937252 12
stats: {load,"os_mon@test4"} 1 1.23828125 0.0 2.26171875 1.171875 1.578125 12
stats: {freemem,"os_mon@test4"} 1 1053.55078125 0.0 1542.49609375 1053.55078125 1371.6350911458333 12
stats: {freemem,"os_mon@myserver"} 1 1361.73046875 0.0 1371.78515625 1361.73046875 1366.5618489583333 12
stats: {recvpackets,"os_mon@test2"} 1 12910.0 0.0 15022 4902 10963.363636363636 11
stats: {sentpackets,"os_mon@test2"} 1 10194.0 0.0 11502 3425 8115.545454545455 11
stats: {load,"os_mon@test3"} 1 1.21875 0.0 2.25 1.03125 1.4449869791666667 12
stats: {cpu,"os_mon@test2"} 1 50.36958817317846 0.0 51.14789108382275 5.923694779116466 38.634444385918364 12
stats: {freemem,"os_mon@test3"} 1 857.1328125 0.0 1389.8671875 857.1328125 1206.0735677083333 12
stats: {recvpackets,"os_mon@test4"} 1 12918.0 0.0 15001 4901 10959.454545454546 11
stats: {sentpackets,"os_mon@test4"} 1 10196.0 0.0 11487 3423 8112.909090909091 11
stats: {cpu,"os_mon@test4"} 1 44.11764705882353 0.0 47.647058823529406 2.751375687843922 31.927865908228313 12
stats: {load,"os_mon@myserver"} 1 1.28125 0.0 2.48828125 1.28125 1.6575520833333333 12
stats: {recvpackets,"os_mon@myserver"} 1 12938.0 0.0 15011 4981 10956.181818181818 11
stats: {sentpackets,"os_mon@myserver"} 1 10217.0 0.0 11490 3476 8109.909090909091 11
stats: {cpu,"os_mon@myserver"} 1 25.53776888444222 0.0 25.53776888444222 3.735271997994485 23.24396955412941 12
stats: session 737 56161.35361666015 27429.335354544557 112656.52294921875 20.510986328125 22014.012222332945 9956
stats: users_count 3401 34057
stats: finish_users_count 737 10693
stats: request 14447 5178.161212491556 8179.332528885117 45144.537109375 1.265869140625 2841.2574913130816 170669
stats: page 742 56045.0802745562 27277.881097047586 108842.27099609375 19.06103515625 21926.692909568563 9937
stats: connect 14457 4588.125139979374 8011.068408182199 31112.31103515625 0.280029296875 2602.7027093867846 171108
stats: 200 14447 185116
stats: size_rcv 2455990 31469720
stats: newphase 6 67
stats: size_sent 1919411 24631463
stats: connected 10 449
stats: error_connect_etimedout 844 3192
# stats: dump at 1339074454
stats: users 25371 25378
stats: {load,"os_mon@test2"} 1 0.8203125 0.0 1.51171875 0.76171875 1.0279447115384615 13
stats: {recvpackets,"os_mon@test3"} 1 16831.0 0.0 16831 4896 11117.666666666666 12
stats: {sentpackets,"os_mon@test3"} 1 12777.0 0.0 12777 3414 8282.166666666666 12
stats: {freemem,"os_mon@test2"} 1 1019.24609375 0.0 1539.68359375 1019.24609375 1342.6565504807693 13
stats: {cpu,"os_mon@test3"} 1 51.157781367797526 0.0 51.157781367797526 3.3685268979386627 36.433168426703816 13
stats: {load,"os_mon@test4"} 1 1.421875 0.0 2.26171875 1.171875 1.5519831730769231 13
stats: {freemem,"os_mon@test4"} 1 993.0390625 0.0 1542.49609375 993.0390625 1347.1670673076924 13
stats: {freemem,"os_mon@myserver"} 1 1359.97265625 0.0 1371.78515625 1359.97265625 1366.190204326923 13
stats: {recvpackets,"os_mon@test2"} 1 16840.0 0.0 16840 4902 11125.583333333334 12
stats: {sentpackets,"os_mon@test2"} 1 12777.0 0.0 12777 3425 8288.75 12
stats: {load,"os_mon@test3"} 1 1.25 0.0 2.25 1.03125 1.4275841346153846 13
stats: {cpu,"os_mon@test2"} 1 43.345804382683056 0.0 51.14789108382275 5.923694779116466 39.53714775416915 13
stats: {freemem,"os_mon@test3"} 1 773.69921875 0.0 1389.8671875 773.69921875 1179.2319711538462 13
stats: {recvpackets,"os_mon@test4"} 1 16825.0 0.0 16825 4901 11122.666666666666 12
stats: {sentpackets,"os_mon@test4"} 1 12771.0 0.0 12771 3423 8286.5 12
stats: {cpu,"os_mon@test4"} 1 43.428880475932935 0.0 47.647058823529406 2.751375687843922 32.86554138135102 13
stats: {load,"os_mon@myserver"} 1 1.3203125 0.0 2.48828125 1.28125 1.6286057692307692 13
stats: {recvpackets,"os_mon@myserver"} 1 16837.0 0.0 16837 4981 11121.333333333334 12
stats: {sentpackets,"os_mon@myserver"} 1 12774.0 0.0 12774 3476 8285.5 12
stats: {cpu,"os_mon@myserver"} 1 25.475951903807616 0.0 25.53776888444222 3.735271997994485 23.420415656461167 13
stats: session 641 64420.14343090325 30150.79435740553 121858.81884765625 20.510986328125 24367.56974665906 10693
stats: users_count 2648 36705
stats: finish_users_count 641 11334
stats: 200 14541 199657
stats: request 14541 4309.481445698707 7073.864546256436 45144.537109375 1.265869140625 3023.63636758453 185116
stats: page 636 63653.295033196984 29950.95967363383 121856.99291992188 19.06103515625 24297.31220208854 10679
stats: connect 14625 4008.3015808961004 7011.817109664818 31112.31103515625 0.280029296875 2757.3830212940793 185565
stats: size_rcv 2471970 33941690
stats: newphase 4 71
stats: size_sent 1941227 26572690
stats: connected 84 533
stats: error_connect_etimedout 1709 4901
# stats: dump at 1339074464
stats: users 27909 27914
stats: {load,"os_mon@test2"} 1 0.69140625 0.0 1.51171875 0.69140625 1.0131138392857142 14
stats: {recvpackets,"os_mon@test3"} 1 15753.0 0.0 16831 4896 11557.153846153846 13
stats: {sentpackets,"os_mon@test3"} 1 12009.0 0.0 12777 3414 8627.923076923076 13
stats: {freemem,"os_mon@test2"} 1 986.91796875 0.0 1539.68359375 986.91796875 1319.5558035714287 14
stats: {cpu,"os_mon@test3"} 1 44.703965236284624 0.0 51.157781367797526 3.3685268979386627 37.48492649392479 14
stats: {load,"os_mon@test4"} 1 1.359375 0.0 2.26171875 1.171875 1.5426897321428572 14
stats: {freemem,"os_mon@test4"} 1 913.546875 0.0 1542.49609375 913.546875 1321.8722098214287 14
stats: {freemem,"os_mon@myserver"} 1 1358.66796875 0.0 1371.78515625 1358.66796875 1365.74609375 14
stats: {recvpackets,"os_mon@test2"} 1 16433.0 0.0 16840 4902 11565.153846153846 13
stats: {sentpackets,"os_mon@test2"} 1 12498.0 0.0 12777 3425 8634.0 13
stats: {load,"os_mon@test3"} 1 1.05859375 0.0 2.25 1.03125 1.4148995535714286 14
stats: {cpu,"os_mon@test2"} 1 39.44181147972618 0.0 51.14789108382275 5.923694779116466 39.809194656205854 14
stats: {freemem,"os_mon@test3"} 1 715.84375 0.0 1389.8671875 715.84375 1150.265345982143 14
stats: {recvpackets,"os_mon@test4"} 1 15808.0 0.0 16825 4901 11561.307692307691 13
stats: {sentpackets,"os_mon@test4"} 1 12047.0 0.0 12771 3423 8631.461538461539 13
stats: {cpu,"os_mon@test4"} 1 48.456957227937195 0.0 48.456957227937195 2.751375687843922 33.620065602392586 14
stats: {load,"os_mon@myserver"} 1 1.26953125 0.0 2.48828125 1.26953125 1.6065848214285714 14
stats: {recvpackets,"os_mon@myserver"} 1 15796.0 0.0 16837 4981 11561.0 13
stats: {sentpackets,"os_mon@myserver"} 1 12042.0 0.0 12774 3476 8630.76923076923 13
stats: {cpu,"os_mon@myserver"} 1 25.53191489361702 0.0 25.53776888444222 3.735271997994485 23.567239674128775 14
stats: session 608 69958.83038530842 31762.204251795956 129458.7529296875 20.510986328125 26632.76294690615 11334
stats: users_count 3146 39851
stats: finish_users_count 608 11942
stats: request 14326 5325.335234935331 7896.177220386945 45144.537109375 1.265869140625 3117.284340261963 199657
stats: page 616 69537.96713217205 31861.820212649236 129456.92407226563 19.06103515625 26509.45582388129 11315
stats: connect 14316 4761.890865712865 7691.199569869687 31112.31103515625 0.280029296875 2848.769623692698 200190
stats: 200 14321 213978
stats: size_rcv 2434570 36376260
stats: newphase 6 77
stats: size_sent 1900468 28473158
stats: connected -10 523
stats: error_connect_etimedout 1742 6643
# stats: dump at 1339074474
stats: users 30362 30546
stats: {load,"os_mon@test2"} 1 0.8203125 0.0 1.51171875 0.69140625 0.9916666666666666 15
stats: {recvpackets,"os_mon@test3"} 1 14761.0 0.0 16831 4896 11856.857142857143 14
stats: {sentpackets,"os_mon@test3"} 1 11890.0 0.0 12777 3414 8869.42857142857 14
stats: {freemem,"os_mon@test2"} 1 927.02734375 0.0 1539.68359375 927.02734375 1297.3799479166667 15
stats: {cpu,"os_mon@test3"} 1 50.26968716289104 0.0 51.157781367797526 3.3685268979386627 37.96619574341545 15
stats: {load,"os_mon@test4"} 1 1.46875 0.0 2.26171875 1.171875 1.53046875 15
stats: {freemem,"os_mon@test4"} 1 854.79296875 0.0 1542.49609375 854.79296875 1294.6505208333333 15
stats: {freemem,"os_mon@myserver"} 1 1358.18359375 0.0 1371.78515625 1358.18359375 1365.27421875 15
stats: {recvpackets,"os_mon@test2"} 1 14268.0 0.0 16840 4902 11912.857142857143 14
stats: {sentpackets,"os_mon@test2"} 1 11548.0 0.0 12777 3425 8910.0 14
stats: {load,"os_mon@test3"} 1 0.8984375 0.0 2.25 0.8984375 1.3911458333333333 15
stats: {cpu,"os_mon@test2"} 1 46.211312700106724 0.0 51.14789108382275 5.923694779116466 39.78470244444054 15
stats: {freemem,"os_mon@test3"} 1 644.4921875 0.0 1389.8671875 644.4921875 1121.30390625 15
stats: {recvpackets,"os_mon@test4"} 1 14685.0 0.0 16825 4901 11864.642857142857 14
stats: {sentpackets,"os_mon@test4"} 1 11836.0 0.0 12771 3423 8875.42857142857 14
stats: {cpu,"os_mon@test4"} 1 45.67099567099567 0.0 48.456957227937195 2.751375687843922 34.60919171076223 15
stats: {load,"os_mon@myserver"} 1 1.23046875 0.0 2.48828125 1.23046875 1.5841145833333334 15
stats: {recvpackets,"os_mon@myserver"} 1 14605.0 0.0 16837 4981 11863.5 14
stats: {sentpackets,"os_mon@myserver"} 1 11779.0 0.0 12774 3476 8874.42857142857 14
stats: {cpu,"os_mon@myserver"} 1 25.488232348522782 0.0 25.53776888444222 3.735271997994485 23.698218022094654 15
stats: session 887 78826.63107158733 33944.760802205776 140513.93310546875 20.510986328125 28838.611967384175 11942
stats: users_count 3340 43191
stats: finish_users_count 887 12829
stats: request 16348 4816.6880398184085 7795.743213889796 59167.0009765625 1.265869140625 3265.1116775602095 213983
stats: 200 16343 230321
stats: page 832 77095.81103398265 34300.556219080245 137431.04296875 19.06103515625 28731.026770650806 11931
stats: connect 16273 4109.604039162803 7552.237312806525 31112.31103515625 0.280029296875 2976.450172025895 214506
stats: size_rcv 2778310 39154570
stats: newphase 5 82
stats: size_sent 2160123 30633281
stats: connected -75 448
stats: error_connect_etimedout 2459 9102
# stats: dump at 1339074484
stats: users 30280 31018
stats: {load,"os_mon@test2"} 1 1.0703125 0.0 1.51171875 0.69140625 0.9809570312499999 16
stats: {recvpackets,"os_mon@test3"} 1 18227.0 0.0 18227 4896 12050.466666666667 15
stats: {sentpackets,"os_mon@test3"} 1 14037.0 0.0 14037 3414 9070.8 15
stats: {freemem,"os_mon@test2"} 1 889.94921875 0.0 1539.68359375 889.94921875 1274.23291015625 16
stats: {cpu,"os_mon@test3"} 1 61.7678381256656 0.0 61.7678381256656 3.3685268979386627 38.73516395713267 16
stats: {load,"os_mon@test4"} 1 1.48046875 0.0 2.26171875 1.171875 1.526611328125 16
stats: {freemem,"os_mon@test4"} 1 771.02734375 0.0 1542.49609375 771.02734375 1267.159423828125 16
stats: {freemem,"os_mon@myserver"} 1 1356.69140625 0.0 1371.78515625 1356.69140625 1364.8310546875 16
stats: {recvpackets,"os_mon@test2"} 1 18793.0 0.0 18793 4902 12069.866666666667 15
stats: {sentpackets,"os_mon@test2"} 1 14435.0 0.0 14435 3425 9085.866666666667 15
stats: {load,"os_mon@test3"} 1 0.98828125 0.0 2.25 0.8984375 1.3603515625 16
stats: {cpu,"os_mon@test2"} 1 47.45762711864407 0.0 51.14789108382275 5.923694779116466 40.18636558541968 16
stats: {freemem,"os_mon@test3"} 1 577.95703125 0.0 1389.8671875 577.95703125 1091.503173828125 16
stats: {recvpackets,"os_mon@test4"} 1 18367.0 0.0 18367 4901 12052.666666666666 15
stats: {sentpackets,"os_mon@test4"} 1 14134.0 0.0 14134 3423 9072.8 15
stats: {cpu,"os_mon@test4"} 1 61.600429645542434 0.0 61.600429645542434 2.751375687843922 35.30055445827682 16
stats: {load,"os_mon@myserver"} 1 1.19140625 0.0 2.48828125 1.19140625 1.56201171875 16
stats: {recvpackets,"os_mon@myserver"} 1 18590.0 0.0 18590 4981 12046.266666666666 15
stats: {sentpackets,"os_mon@myserver"} 1 14298.0 0.0 14298 3476 9068.066666666668 15
stats: {cpu,"os_mon@myserver"} 1 30.95670210007778 0.0 30.95670210007778 3.735271997994485 23.810093917496413 16
stats: session 2185 73803.03033489187 38188.30804815737 149994.453125 20.510986328125 32294.795063917667 12829
stats: users_count 2103 45294
stats: finish_users_count 2185 15014
stats: request 30460 3405.705413758252 6625.3011310412585 59184.950927734375 1.265869140625 3375.2365429504393 230331
stats: page 2182 72022.90453363079 38641.18679053003 149993.03295898438 19.06103515625 31883.851381407843 12763
stats: connect 30440 3110.910186895911 6514.661143874778 31130.26513671875 0.280029296875 3056.3526453008417 230779
stats: 200 30445 260766
stats: size_rcv 5175650 44330220
stats: newphase 5 87
stats: size_sent 4040792 34674073
stats: connected -20 428
stats: error_connect_etimedout 2925 12027
# stats: dump at 1339074494
stats: users 29500 31018
stats: {load,"os_mon@test2"} 1 1.1484375 0.0 1.51171875 0.69140625 0.9862132352941176 17
stats: {recvpackets,"os_mon@test3"} 1 15206.0 0.0 18227 4896 12436.5 16
stats: {sentpackets,"os_mon@test3"} 1 13041.0 0.0 14037 3414 9381.1875 16
stats: {freemem,"os_mon@test2"} 1 826.8046875 0.0 1539.68359375 826.8046875 1251.627987132353 17
stats: {cpu,"os_mon@test3"} 1 73.68697478991596 0.0 73.68697478991596 3.3685268979386627 40.090027143516956 17
stats: {load,"os_mon@test4"} 1 2.23828125 0.0 2.26171875 1.171875 1.5238970588235294 17
stats: {freemem,"os_mon@test4"} 1 696.8671875 0.0 1542.49609375 696.8671875 1237.9751838235295 17
stats: {freemem,"os_mon@myserver"} 1 1352.6484375 0.0 1371.78515625 1352.6484375 1364.3522518382354 17
stats: {recvpackets,"os_mon@test2"} 1 14960.0 0.0 18793 4902 12490.0625 16
stats: {sentpackets,"os_mon@test2"} 1 12904.0 0.0 14435 3425 9420.1875 16
stats: {load,"os_mon@test3"} 1 2.19140625 0.0 2.25 0.8984375 1.3384650735294117 17
stats: {cpu,"os_mon@test2"} 1 68.3742812336644 0.0 68.3742812336644 5.923694779116466 40.614086852079936 17
stats: {freemem,"os_mon@test3"} 1 541.5078125 0.0 1389.8671875 541.5078125 1061.2945772058824 17
stats: {recvpackets,"os_mon@test4"} 1 15111.0 0.0 18367 4901 12447.3125 16
stats: {sentpackets,"os_mon@test4"} 1 12982.0 0.0 14134 3423 9389.125 16
stats: {cpu,"os_mon@test4"} 1 77.27509100364016 0.0 77.27509100364016 2.751375687843922 36.84760593988068 17
stats: {load,"os_mon@myserver"} 1 1.16015625 0.0 2.48828125 1.16015625 1.5402113970588236 17
stats: {recvpackets,"os_mon@myserver"} 1 15054.0 0.0 18590 4981 12455.25 16
stats: {sentpackets,"os_mon@myserver"} 1 12959.0 0.0 14298 3476 9394.9375 16
stats: {cpu,"os_mon@myserver"} 1 42.37475781898699 0.0 42.37475781898699 3.735271997994485 24.230482634118847 17
stats: session 2890 70230.64724695557 40859.62550754723 162300.708984375 20.510986328125 38335.52332201535 15014
stats: users_count 2110 47404
stats: finish_users_count 2890 17904
stats: request 30727 3391.2182865006876 6360.973188202112 112722.32397460938 1.265869140625 3378.7952616363063 260791
stats: page 2873 67110.05359562271 41289.38986416628 162298.19702148438 19.06103515625 37744.233715175025 14945
stats: connect 30747 2814.4216971450614 6182.241178231192 31307.366943359375 0.280029296875 3062.710266936917 261219
stats: 200 30725 291491
stats: size_rcv 5223250 49553470
stats: newphase 5 92
stats: size_sent 4082641 38756714
stats: connected 20 448
stats: error_connect_etimedout 2083 14110
# stats: dump at 1339074504
stats: users 29846 31018
stats: {load,"os_mon@test2"} 1 1.05078125 0.0 1.51171875 0.69140625 0.9952256944444444 18
stats: {recvpackets,"os_mon@test3"} 1 18195.0 0.0 18227 4896 12599.411764705883 17
stats: {sentpackets,"os_mon@test3"} 1 15003.0 0.0 15003 3414 9596.470588235294 17
stats: {freemem,"os_mon@test2"} 1 795.1953125 0.0 1539.68359375 795.1953125 1228.0266927083333 18
stats: {cpu,"os_mon@test3"} 1 78.53430353430353 0.0 78.53430353430353 3.3685268979386627 41.95652423498357 18
stats: {load,"os_mon@test4"} 1 2.26953125 0.0 2.26953125 1.171875 1.5635850694444444 18
stats: {freemem,"os_mon@test4"} 1 634.3515625 0.0 1542.49609375 634.3515625 1207.9136284722222 18
stats: {freemem,"os_mon@myserver"} 1 1351.51953125 0.0 1371.78515625 1351.51953125 1363.7020399305557 18
stats: {recvpackets,"os_mon@test2"} 1 18445.0 0.0 18793 4902 12635.35294117647 17
stats: {sentpackets,"os_mon@test2"} 1 15166.0 0.0 15166 3425 9625.117647058823 17
stats: {load,"os_mon@test3"} 1 2.37890625 0.0 2.37890625 0.8984375 1.3858506944444444 18
stats: {cpu,"os_mon@test2"} 1 65.77825159914713 0.0 68.3742812336644 5.923694779116466 42.156319873279074 18
stats: {freemem,"os_mon@test3"} 1 492.87890625 0.0 1389.8671875 492.87890625 1032.4175347222222 18
stats: {recvpackets,"os_mon@test4"} 1 18235.0 0.0 18367 4901 12604.0 17
stats: {sentpackets,"os_mon@test4"} 1 15032.0 0.0 15032 3423 9600.470588235294 17
stats: {cpu,"os_mon@test4"} 1 80.80124869927158 0.0 80.80124869927158 2.751375687843922 39.09357733231175 18
stats: {load,"os_mon@myserver"} 1 1.140625 0.0 2.48828125 1.140625 1.5190972222222223 18
stats: {recvpackets,"os_mon@myserver"} 1 18807.0 0.0 18807 4981 12608.117647058823 17
stats: {sentpackets,"os_mon@myserver"} 1 15446.0 0.0 15446 3476 9604.588235294117 17
stats: {cpu,"os_mon@myserver"} 1 44.630071599045344 0.0 44.630071599045344 3.735271997994485 25.238497922167078 18
stats: session 2771 72335.72172197815 42155.829897385825 169927.2529296875 20.510986328125 43483.92078308982 17904
stats: users_count 3117 50521
stats: finish_users_count 2771 20675
stats: request 30784 3344.079084892041 6816.667023045421 112722.32397460938 1.265869140625 3380.1046911912836 291518
stats: page 2720 69021.70297986192 42781.57213868667 169925.708984375 19.06103515625 42479.220835869055 17818
stats: connect 30768 2978.8311417411433 6709.728919345024 31307.366943359375 0.280029296875 3036.562946168779 291966
stats: error_unknown 58 58
stats: 200 30773 322264
stats: size_rcv 5231410 54784880
stats: newphase 5 97
stats: size_sent 4084192 42840906
stats: connected -16 432
stats: error_connect_etimedout 3065 17175
# stats: dump at 1339074514
stats: users 29324 31018
stats: {load,"os_mon@test2"} 1 0.890625 0.0 1.51171875 0.69140625 0.9981496710526315 19
stats: {recvpackets,"os_mon@test3"} 1 17962.0 0.0 18227 4896 12910.277777777777 18
stats: {sentpackets,"os_mon@test3"} 1 15024.0 0.0 15024 3414 9896.833333333334 18
stats: {freemem,"os_mon@test2"} 1 747.25390625 0.0 1539.68359375 747.25390625 1205.24609375 19
stats: {cpu,"os_mon@test3"} 1 76.7321613236815 0.0 78.53430353430353 3.3685268979386627 43.881670513895145 19
stats: {load,"os_mon@test4"} 1 2.3203125 0.0 2.3203125 1.171875 1.6007401315789473 19
stats: {freemem,"os_mon@test4"} 1 556.21875 0.0 1542.49609375 556.21875 1177.7261513157894 19
stats: {freemem,"os_mon@myserver"} 1 1348.26953125 0.0 1371.78515625 1348.26953125 1363.060855263158 19
stats: {recvpackets,"os_mon@test2"} 1 17809.0 0.0 18793 4902 12958.111111111111 18
stats: {sentpackets,"os_mon@test2"} 1 15187.0 0.0 15187 3425 9932.944444444445 18
stats: {load,"os_mon@test3"} 1 2.25 0.0 2.37890625 0.8984375 1.4381167763157894 19
stats: {cpu,"os_mon@test2"} 1 70.37815126050421 0.0 70.37815126050421 5.923694779116466 43.399579437798444 19
stats: {freemem,"os_mon@test3"} 1 440.29296875 0.0 1389.8671875 440.29296875 1004.0207648026316 19
stats: {recvpackets,"os_mon@test4"} 1 17847.0 0.0 18367 4901 12916.833333333334 18
stats: {sentpackets,"os_mon@test4"} 1 14937.0 0.0 15032 3423 9902.222222222223 18
stats: {cpu,"os_mon@test4"} 1 78.09076682316119 0.0 80.80124869927158 2.751375687843922 41.288717930572794 19
stats: {load,"os_mon@myserver"} 1 1.28125 0.0 2.48828125 1.140625 1.4991776315789473 19
stats: {recvpackets,"os_mon@myserver"} 1 17885.0 0.0 18807 4981 12952.5 18
stats: {sentpackets,"os_mon@myserver"} 1 15224.0 0.0 15446 3476 9929.111111111111 18
stats: {cpu,"os_mon@myserver"} 1 44.87213287635117 0.0 44.87213287635117 3.735271997994485 26.259107063055406 19
stats: session 2957 76476.19503946192 44314.18917827623 180143.60205078125 20.510986328125 47350.82962960298 20675
stats: users_count 2435 52956
stats: finish_users_count 2957 23632
stats: request 30807 3184.5468357482537 6507.764578377172 112722.32397460938 1.265869140625 3376.663780913607 322302
stats: page 2962 71049.2345986992 45119.79528268059 180141.99096679688 19.06103515625 45994.43903781962 20538
stats: connect 30817 2788.036816330201 6403.4868998505135 31307.366943359375 0.280029296875 3031.0590570259264 322734
stats: error_unknown 0 58
stats: 200 30806 353070
stats: size_rcv 5237020 60021900
stats: newphase 5 102
stats: size_sent 4088688 46929594
stats: connected 10 442
stats: error_connect_etimedout 3017 20192
stats: error_abort 1 1
EndMonitor:{1339,74517,653195}
