# stats: dump at 1338916085
stats: users 0 0
# stats: dump at 1338916095
stats: users 5 16
stats: {load,"os_mon@test2"} 1 1.01171875 0 1.01171875 1.01171875 0 0
stats: {freemem,"os_mon@test2"} 1 1509.72265625 0 1509.72265625 1509.72265625 0 0
stats: {cpu,"os_mon@test3"} 1 3.2306915699141845 0 3.2306915699141845 3.2306915699141845 0 0
stats: {load,"os_mon@test4"} 1 1.2109375 0 1.2109375 1.2109375 0 0
stats: {freemem,"os_mon@test4"} 1 1434.69140625 0 1434.69140625 1434.69140625 0 0
stats: {freemem,"os_mon@myserver"} 1 1085.91796875 0 1085.91796875 1085.91796875 0 0
stats: {load,"os_mon@test3"} 1 1.58984375 0 1.58984375 1.58984375 0 0
stats: {cpu,"os_mon@test2"} 1 2.368951612903226 0 2.368951612903226 2.368951612903226 0 0
stats: {freemem,"os_mon@test3"} 1 1488.51953125 0 1488.51953125 1488.51953125 0 0
stats: {cpu,"os_mon@test4"} 1 2.3115577889447234 0 2.3115577889447234 2.3115577889447234 0 0
stats: {load,"os_mon@myserver"} 1 1.21875 0 1.21875 1.21875 0 0
stats: {cpu,"os_mon@myserver"} 1 2.7700831024930745 0 2.7700831024930745 2.7700831024930745 0 0
stats: session 554 46.53988526271999 126.58853703876 1143.86083984375 19.43310546875 0 0
stats: users_count 559 559
stats: finish_users_count 554 554
stats: request 5538 4.294630872424039 38.03677128447417 1002.908935546875 1.169189453125 0 0
stats: page 553 44.432941236720154 126.64081915184369 1140.10107421875 18.27587890625 0 0
stats: connect 5538 2.439229175130916 37.88519243784144 998.954833984375 0.35107421875 0 0
stats: 200 5538 5538
stats: size_rcv 703326 703326
stats: size_sent 734358 734358
stats: connected 0 0
# stats: dump at 1338916105
stats: users 180 180
stats: {load,"os_mon@test2"} 1 1.01171875 0.0 1.01171875 1.01171875 1.01171875 1
stats: {recvpackets,"os_mon@test3"} 1 4123 0 4123 4123 0 0
stats: {sentpackets,"os_mon@test3"} 1 3094 0 3094 3094 0 0
stats: {freemem,"os_mon@test2"} 1 1510.66015625 0.0 1510.66015625 1509.72265625 1509.72265625 1
stats: {cpu,"os_mon@test3"} 1 19.58290946083418 0.0 19.58290946083418 3.2306915699141845 3.2306915699141845 1
stats: {load,"os_mon@test4"} 1 1.01953125 0.0 1.2109375 1.01953125 1.2109375 1
stats: {freemem,"os_mon@test4"} 1 1437.40234375 0.0 1437.40234375 1434.69140625 1434.69140625 1
stats: {freemem,"os_mon@myserver"} 1 1086.51953125 0.0 1086.51953125 1085.91796875 1085.91796875 1
stats: {recvpackets,"os_mon@test2"} 1 4144 0 4144 4144 0 0
stats: {sentpackets,"os_mon@test2"} 1 3108 0 3108 3108 0 0
stats: {load,"os_mon@test3"} 1 1.3515625 0.0 1.58984375 1.3515625 1.58984375 1
stats: {cpu,"os_mon@test2"} 1 14.437689969604865 0.0 14.437689969604865 2.368951612903226 2.368951612903226 1
stats: {freemem,"os_mon@test3"} 1 1490.703125 0.0 1490.703125 1488.51953125 1488.51953125 1
stats: {recvpackets,"os_mon@test4"} 1 4126 0 4126 4126 0 0
stats: {sentpackets,"os_mon@test4"} 1 3098 0 3098 3098 0 0
stats: {cpu,"os_mon@test4"} 1 11.376333164042661 0.0 11.376333164042661 2.3115577889447234 2.3115577889447234 1
stats: {load,"os_mon@myserver"} 1 1.109375 0.0 1.21875 1.109375 1.21875 1
stats: {recvpackets,"os_mon@myserver"} 1 4257 0 4257 4257 0 0
stats: {sentpackets,"os_mon@myserver"} 1 3191 0 3191 3191 0 0
stats: {cpu,"os_mon@myserver"} 1 15.220624690133864 0.0 15.220624690133864 2.7700831024930745 2.7700831024930745 1
stats: session 1339 276.92022600238045 290.9372231122034 1143.86083984375 19.43310546875 46.53988526271999 554
stats: users_count 1514 2073
stats: finish_users_count 1339 1893
stats: request 13989 30.1660114887981 32.32492704810397 1002.908935546875 1.169189453125 4.294630872424039 5538
stats: page 1330 270.9589946546052 288.37442439915446 1140.10107421875 18.27587890625 44.432941236720154 553
stats: connect 14147 1.4842100363869102 2.3615482349776964 998.954833984375 0.341064453125 2.439229175130916 5538
stats: 200 13989 19527
stats: size_rcv 1776603 2479929
stats: newphase 6 6
stats: size_sent 1878441 2612799
stats: connected 158 158
# stats: dump at 1338916115
stats: users 1620 1620
stats: {load,"os_mon@test2"} 1 0.94140625 0.0 1.01171875 0.94140625 1.01171875 2
stats: {recvpackets,"os_mon@test3"} 1 7361.0 0.0 7361 4123 4123.0 1
stats: {sentpackets,"os_mon@test3"} 1 5275.0 0.0 5275 3094 3094.0 1
stats: {freemem,"os_mon@test2"} 1 1508.76171875 0.0 1510.66015625 1508.76171875 1510.19140625 2
stats: {cpu,"os_mon@test3"} 1 37.43589743589744 0.0 37.43589743589744 3.2306915699141845 11.406800515374183 2
stats: {load,"os_mon@test4"} 1 0.87109375 0.0 1.2109375 0.87109375 1.115234375 2
stats: {freemem,"os_mon@test4"} 1 1434.671875 0.0 1437.40234375 1434.671875 1436.046875 2
stats: {freemem,"os_mon@myserver"} 1 1086.6484375 0.0 1086.6484375 1085.91796875 1086.21875 2
stats: {recvpackets,"os_mon@test2"} 1 7409.0 0.0 7409 4144 4144.0 1
stats: {sentpackets,"os_mon@test2"} 1 5313.0 0.0 5313 3108 3108.0 1
stats: {load,"os_mon@test3"} 1 1.2890625 0.0 1.58984375 1.2890625 1.470703125 2
stats: {cpu,"os_mon@test2"} 1 29.63917525773196 0.0 29.63917525773196 2.368951612903226 8.403320791254046 2
stats: {freemem,"os_mon@test3"} 1 1486.4375 0.0 1490.703125 1486.4375 1489.611328125 2
stats: {recvpackets,"os_mon@test4"} 1 7353.0 0.0 7353 4126 4126.0 1
stats: {sentpackets,"os_mon@test4"} 1 5267.0 0.0 5267 3098 3098.0 1
stats: {cpu,"os_mon@test4"} 1 28.316326530612244 0.0 28.316326530612244 2.3115577889447234 6.843945476493692 2
stats: {load,"os_mon@myserver"} 1 1.01953125 0.0 1.21875 1.01953125 1.1640625 2
stats: {recvpackets,"os_mon@myserver"} 1 7467.0 0.0 7467 4257 4257.0 1
stats: {sentpackets,"os_mon@myserver"} 1 5359.0 0.0 5359 3191 3191.0 1
stats: {cpu,"os_mon@myserver"} 1 24.805618259342864 0.0 24.805618259342864 2.7700831024930745 8.99535389631347 2
stats: session 1061 2867.462505890668 1465.9993712778803 5868.4599609375 19.43310546875 209.49777023387972 1893
stats: users_count 2501 4574
stats: finish_users_count 1061 2954
stats: request 15104 428.3642980607884 250.89439139721517 1160.43603515625 1.169189453125 22.828698749847952 19527
stats: page 1046 2776.9243014683916 1419.0812954169185 5863.673095703125 18.27587890625 204.4327559184977 1883
stats: connect 16497 1.8719117402264338 30.19104609717923 1005.3359375 0.341064453125 1.7528864900503243 19685
stats: 200 15104 34631
stats: size_rcv 1918208 4398137
stats: newphase 6 12
stats: size_sent 2191563 4804362
stats: connected 1393 1551
# stats: dump at 1338916125
stats: users 3197 3219
stats: {load,"os_mon@test2"} 1 1.1015625 0.0 1.1015625 0.94140625 0.98828125 3
stats: {recvpackets,"os_mon@test3"} 1 9908.0 0.0 9908 4123 5742.0 2
stats: {sentpackets,"os_mon@test3"} 1 6878.0 0.0 6878 3094 4184.5 2
stats: {freemem,"os_mon@test2"} 1 1487.6953125 0.0 1510.66015625 1487.6953125 1509.71484375 3
stats: {cpu,"os_mon@test3"} 1 39.36605316973415 0.0 39.36605316973415 3.2306915699141845 20.0831661555486 3
stats: {load,"os_mon@test4"} 1 0.73046875 0.0 1.2109375 0.73046875 1.0338541666666667 3
stats: {freemem,"os_mon@test4"} 1 1415.33984375 0.0 1437.40234375 1415.33984375 1435.5885416666667 3
stats: {freemem,"os_mon@myserver"} 1 1082.50390625 0.0 1086.6484375 1082.50390625 1086.3619791666667 3
stats: {recvpackets,"os_mon@test2"} 1 9880.0 0.0 9880 4144 5776.5 2
stats: {sentpackets,"os_mon@test2"} 1 6856.0 0.0 6856 3108 4210.5 2
stats: {load,"os_mon@test3"} 1 1.328125 0.0 1.58984375 1.2890625 1.41015625 3
stats: {cpu,"os_mon@test2"} 1 36.75564681724846 0.0 36.75564681724846 2.368951612903226 15.481938946746686 3
stats: {freemem,"os_mon@test3"} 1 1466.43359375 0.0 1490.703125 1466.43359375 1488.5533854166667 3
stats: {recvpackets,"os_mon@test4"} 1 9861.0 0.0 9861 4126 5739.5 2
stats: {sentpackets,"os_mon@test4"} 1 6847.0 0.0 6847 3098 4182.5 2
stats: {cpu,"os_mon@test4"} 1 33.89312977099237 0.0 33.89312977099237 2.3115577889447234 14.001405827866543 3
stats: {load,"os_mon@myserver"} 1 1.01171875 0.0 1.21875 1.01171875 1.1158854166666667 3
stats: {recvpackets,"os_mon@myserver"} 1 10007.0 0.0 10007 4257 5862.0 2
stats: {sentpackets,"os_mon@myserver"} 1 6933.0 0.0 6933 3191 4275.0 2
stats: {cpu,"os_mon@myserver"} 1 25.469571750563485 0.0 25.469571750563485 2.7700831024930745 14.265442017323267 3
stats: session 1798 8828.682953661644 940.3291115295159 12152.5 19.43310546875 1164.1695997978109 2954
stats: users_count 3375 7949
stats: finish_users_count 1798 4752
stats: request 26066 932.7326742110906 261.76899146265885 3902.22216796875 1.169189453125 199.69941261870665 34631
stats: page 1693 8741.379787924994 996.5190825886505 12150.095947265625 18.27587890625 1123.117001956459 2929
stats: connect 26783 89.35782599277344 236.93697174641628 3075.013916015625 0.341064453125 1.8071554511955146 36182
stats: 200 26066 60697
stats: size_rcv 3310382 7708519
stats: newphase 6 18
stats: size_sent 3551333 8355695
stats: connected 717 2268
# stats: dump at 1338916135
stats: users 4233 4412
stats: {load,"os_mon@test2"} 1 1.08984375 0.0 1.1015625 0.94140625 1.0166015625 4
stats: {recvpackets,"os_mon@test3"} 1 13882.0 0.0 13882 4123 7130.666666666667 3
stats: {sentpackets,"os_mon@test3"} 1 9526.0 0.0 9526 3094 5082.333333333333 3
stats: {freemem,"os_mon@test2"} 1 1469.90625 0.0 1510.66015625 1469.90625 1504.2099609375 4
stats: {cpu,"os_mon@test3"} 1 56.822916666666664 0.0 56.822916666666664 3.2306915699141845 24.90388790909499 4
stats: {load,"os_mon@test4"} 1 0.9296875 0.0 1.2109375 0.73046875 0.9580078125 4
stats: {freemem,"os_mon@test4"} 1 1394.01953125 0.0 1437.40234375 1394.01953125 1430.5263671875 4
stats: {freemem,"os_mon@myserver"} 1 1077.6015625 0.0 1086.6484375 1077.6015625 1085.3974609375 4
stats: {recvpackets,"os_mon@test2"} 1 13926.0 0.0 13926 4144 7144.333333333333 3
stats: {sentpackets,"os_mon@test2"} 1 9545.0 0.0 9545 3108 5092.333333333333 3
stats: {load,"os_mon@test3"} 1 1.4296875 0.0 1.58984375 1.2890625 1.3896484375 4
stats: {cpu,"os_mon@test2"} 1 56.185031185031185 0.0 56.185031185031185 2.368951612903226 20.80036591437213 4
stats: {freemem,"os_mon@test3"} 1 1438.73046875 0.0 1490.703125 1438.73046875 1483.0234375 4
stats: {recvpackets,"os_mon@test4"} 1 13877.0 0.0 13877 4126 7113.333333333333 3
stats: {sentpackets,"os_mon@test4"} 1 9517.0 0.0 9517 3098 5070.666666666667 3
stats: {cpu,"os_mon@test4"} 1 54.44388014220416 0.0 54.44388014220416 2.3115577889447234 18.974336813648 4
stats: {load,"os_mon@myserver"} 1 1.25 0.0 1.25 1.01171875 1.08984375 4
stats: {recvpackets,"os_mon@myserver"} 1 13948.0 0.0 13948 4257 7243.666666666667 3
stats: {sentpackets,"os_mon@myserver"} 1 9564.0 0.0 9564 3191 5161.0 3
stats: {cpu,"os_mon@myserver"} 1 42.941478439425055 0.0 42.941478439425055 2.7700831024930745 17.066474450633322 4
stats: session 2730 9849.578114715712 1161.7606805579908 15435.1201171875 19.43310546875 4064.16854976565 4752
stats: users_count 3766 11715
stats: finish_users_count 2730 7482
stats: request 31400 1104.1150818881968 457.3383809652895 5400.297119140625 1.169189453125 514.496601881225 60697
stats: page 2782 9806.597016763015 1151.0540975771235 15432.81298828125 18.27587890625 3913.6230375784253 4622
stats: connect 32650 254.75693949350378 447.66284104495645 3091.885986328125 0.341064453125 39.04799733343298 62965
stats: 200 31400 92097
stats: size_rcv 3987800 11696319
stats: newphase 6 24
stats: size_sent 4332670 12688365
stats: connected 1250 3518
# stats: dump at 1338916145
stats: users 4195 4676
stats: {load,"os_mon@test2"} 1 1.30078125 0.0 1.30078125 0.94140625 1.03125 5
stats: {recvpackets,"os_mon@test3"} 1 14513.0 0.0 14513 4123 8818.5 4
stats: {sentpackets,"os_mon@test3"} 1 9865.0 0.0 9865 3094 6193.25 4
stats: {freemem,"os_mon@test2"} 1 1455.04296875 0.0 1510.66015625 1455.04296875 1497.34921875 5
stats: {cpu,"os_mon@test3"} 1 61.51022548505506 0.0 61.51022548505506 3.2306915699141845 31.287693660609325 5
stats: {load,"os_mon@test4"} 1 0.9296875 0.0 1.2109375 0.73046875 0.95234375 5
stats: {freemem,"os_mon@test4"} 1 1380.1171875 0.0 1437.40234375 1380.1171875 1423.225 5
stats: {freemem,"os_mon@myserver"} 1 1069.76171875 0.0 1086.6484375 1069.76171875 1083.83828125 5
stats: {recvpackets,"os_mon@test2"} 1 14780.0 0.0 14780 4144 8839.75 4
stats: {sentpackets,"os_mon@test2"} 1 10074.0 0.0 10074 3108 6205.5 4
stats: {load,"os_mon@test3"} 1 1.2109375 0.0 1.58984375 1.2109375 1.39765625 5
stats: {cpu,"os_mon@test2"} 1 57.56196256954982 0.0 57.56196256954982 2.368951612903226 27.877298968503943 5
stats: {freemem,"os_mon@test3"} 1 1409.0234375 0.0 1490.703125 1409.0234375 1474.16484375 5
stats: {recvpackets,"os_mon@test4"} 1 14505.0 0.0 14505 4126 8804.25 4
stats: {sentpackets,"os_mon@test4"} 1 9864.0 0.0 9864 3098 6182.25 4
stats: {cpu,"os_mon@test4"} 1 55.116883116883116 0.0 55.116883116883116 2.3115577889447234 26.068245479359234 5
stats: {load,"os_mon@myserver"} 1 1.359375 0.0 1.359375 1.01171875 1.121875 5
stats: {recvpackets,"os_mon@myserver"} 1 14976.0 0.0 14976 4257 8919.75 4
stats: {sentpackets,"os_mon@myserver"} 1 1.02e4 0.0 10200 3191 6261.75 4
stats: {cpu,"os_mon@myserver"} 1 46.79124661912958 0.0 46.79124661912958 2.7700831024930745 22.24147524839167 5
stats: session 3173 12202.581665385316 1599.5279458164725 20331.369873046875 19.43310546875 6175.12392430637 7482
stats: users_count 3135 14850
stats: finish_users_count 3173 10655
stats: 200 31720 123817
stats: request 31720 1346.7288095481397 666.5487048352628 15989.839111328125 1.169189453125 715.5239998661639 92097
stats: connect 31671 365.77725732833665 593.315023160691 15081.076171875 0.341064453125 112.7069102814674 95615
stats: page 3067 12114.75689548012 1613.225584839296 20329.501220703125 18.27587890625 6127.865826623743 7404
stats: size_rcv 4028440 15724759
stats: newphase 6 30
stats: size_sent 4204365 16892730
stats: connected -49 3469
# stats: dump at 1338916155
stats: users 4983 5030
stats: {load,"os_mon@test2"} 1 1.328125 0.0 1.328125 0.94140625 1.076171875 6
stats: {recvpackets,"os_mon@test3"} 1 14714.0 0.0 14714 4123 9957.4 5
stats: {sentpackets,"os_mon@test3"} 1 10464.0 0.0 10464 3094 6927.6 5
stats: {freemem,"os_mon@test2"} 1 1452.6015625 0.0 1510.66015625 1452.6015625 1490.2981770833333 6
stats: {cpu,"os_mon@test3"} 1 67.13250517598344 0.0 67.13250517598344 3.2306915699141845 36.32478229801695 6
stats: {load,"os_mon@test4"} 1 1.08984375 0.0 1.2109375 0.73046875 0.9485677083333334 6
stats: {freemem,"os_mon@test4"} 1 1356.93359375 0.0 1437.40234375 1356.93359375 1416.0403645833333 6
stats: {freemem,"os_mon@myserver"} 1 1069.29296875 0.0 1086.6484375 1069.29296875 1081.4921875 6
stats: {recvpackets,"os_mon@test2"} 1 14457.0 0.0 14780 4144 10027.8 5
stats: {sentpackets,"os_mon@test2"} 1 10297.0 0.0 10297 3108 6979.2 5
stats: {load,"os_mon@test3"} 1 1.1015625 0.0 1.58984375 1.1015625 1.3665364583333333 6
stats: {cpu,"os_mon@test2"} 1 52.71238485158649 0.0 57.56196256954982 2.368951612903226 32.824742902011586 6
stats: {freemem,"os_mon@test3"} 1 1351.16796875 0.0 1490.703125 1351.16796875 1463.3079427083333 6
stats: {recvpackets,"os_mon@test4"} 1 14712.0 0.0 14712 4126 9944.4 5
stats: {sentpackets,"os_mon@test4"} 1 10462.0 0.0 10462 3098 6918.6 5
stats: {cpu,"os_mon@test4"} 1 56.02471678681772 0.0 56.02471678681772 2.3115577889447234 30.909685085613216 6
stats: {load,"os_mon@myserver"} 1 1.55078125 0.0 1.55078125 1.01171875 1.1614583333333333 6
stats: {recvpackets,"os_mon@myserver"} 1 15509.0 0.0 15509 4257 10131.0 5
stats: {sentpackets,"os_mon@myserver"} 1 11097.0 0.0 11097 3191 7049.4 5
stats: {cpu,"os_mon@myserver"} 1 46.62402274342573 0.0 46.79124661912958 2.7700831024930745 26.333103810181324 6
stats: session 2888 13883.9767708818 2209.543884200809 28368.744140625 19.43310546875 7970.0674637191805 10655
stats: users_count 3676 18526
stats: finish_users_count 2888 13543
stats: request 31121 1404.8722494739443 870.3203988409987 15989.839111328125 1.169189453125 877.2289076180257 123817
stats: page 2963 13840.490954849385 2167.767450072055 28366.7138671875 18.27587890625 7881.451435274541 10471
stats: connect 30983 359.32609243060347 784.8709976226736 15087.73388671875 0.341064453125 175.6752725626405 127286
stats: 200 31121 154938
stats: size_rcv 3952367 19677126
stats: newphase 6 36
stats: size_sent 4114093 21006823
stats: connected -138 3331
# stats: dump at 1338916165
stats: users 4858 5324
stats: {load,"os_mon@test2"} 1 1.12109375 0.0 1.328125 0.94140625 1.1121651785714286 7
stats: {recvpackets,"os_mon@test3"} 1 15549.0 0.0 15549 4123 10750.166666666666 6
stats: {sentpackets,"os_mon@test3"} 1 11275.0 0.0 11275 3094 7517.0 6
stats: {freemem,"os_mon@test2"} 1 1451.5078125 0.0 1510.66015625 1451.5078125 1484.9129464285713 7
stats: {cpu,"os_mon@test3"} 1 73.20872274143302 0.0 73.20872274143302 3.2306915699141845 40.72588556629788 7
stats: {load,"os_mon@test4"} 1 1.30078125 0.0 1.30078125 0.73046875 0.96875 7
stats: {freemem,"os_mon@test4"} 1 1322.83984375 0.0 1437.40234375 1322.83984375 1407.5965401785713 7
stats: {freemem,"os_mon@myserver"} 1 1073.34375 0.0 1086.6484375 1069.29296875 1079.7494419642858 7
stats: {recvpackets,"os_mon@test2"} 1 15601.0 0.0 15601 4144 10766.0 6
stats: {sentpackets,"os_mon@test2"} 1 11264.0 0.0 11264 3108 7532.166666666667 6
stats: {load,"os_mon@test3"} 1 0.9296875 0.0 1.58984375 0.9296875 1.3286830357142858 7
stats: {cpu,"os_mon@test2"} 1 50.442477876106196 0.0 57.56196256954982 2.368951612903226 35.665834609093714 7
stats: {freemem,"os_mon@test3"} 1 1275.390625 0.0 1490.703125 1275.390625 1447.2879464285713 7
stats: {recvpackets,"os_mon@test4"} 1 15489.0 0.0 15489 4126 10739.0 6
stats: {sentpackets,"os_mon@test4"} 1 11192.0 0.0 11192 3098 7509.166666666667 6
stats: {cpu,"os_mon@test4"} 1 55.856324830817286 0.0 56.02471678681772 2.3115577889447234 34.49754675721386 7
stats: {load,"os_mon@myserver"} 1 1.62109375 0.0 1.62109375 1.01171875 1.2170758928571428 7
stats: {recvpackets,"os_mon@myserver"} 1 15105.0 0.0 15509 4257 11027.333333333334 6
stats: {sentpackets,"os_mon@myserver"} 1 10988.0 0.0 11097 3191 7724.0 6
stats: {cpu,"os_mon@myserver"} 1 46.34572212521826 0.0 46.79124661912958 2.7700831024930745 29.231806514930526 7
stats: session 2995 14758.61797478219 3522.9234874126814 28868.9609375 19.43310546875 9231.189082199993 13543
stats: users_count 2870 21396
stats: finish_users_count 2995 16538
stats: request 31774 1536.5258241985962 1202.305766591741 16438.453857421875 1.169189453125 983.2118713964277 154938
stats: page 3029 14708.374457393642 3507.848649829115 28866.842041015625 18.27587890625 9195.775843231982 13434
stats: connect 31780 564.187357640967 1117.6665080284906 15087.73388671875 0.341064453125 211.62705940636286 158269
stats: 200 31774 186712
stats: size_rcv 4035298 23712424
stats: newphase 3 39
stats: size_sent 4218964 25225787
stats: connected 6 3337
# stats: dump at 1338916175
stats: users 4882 5326
stats: {load,"os_mon@test2"} 1 1.25 0.0 1.328125 0.94140625 1.11328125 8
stats: {recvpackets,"os_mon@test3"} 1 12775.0 0.0 15549 4123 11435.714285714286 7
stats: {sentpackets,"os_mon@test3"} 1 9641.0 0.0 11275 3094 8053.857142857143 7
stats: {freemem,"os_mon@test2"} 1 1449.38671875 0.0 1510.66015625 1449.38671875 1480.7373046875 8
stats: {cpu,"os_mon@test3"} 1 67.11758584807492 0.0 73.20872274143302 3.2306915699141845 44.78624021318977 8
stats: {load,"os_mon@test4"} 1 1.7890625 0.0 1.7890625 0.73046875 1.01025390625 8
stats: {freemem,"os_mon@test4"} 1 1276.7265625 0.0 1437.40234375 1276.7265625 1397.001953125 8
stats: {freemem,"os_mon@myserver"} 1 1073.0859375 0.0 1086.6484375 1069.29296875 1078.94873046875 8
stats: {recvpackets,"os_mon@test2"} 1 12979.0 0.0 15601 4144 11456.714285714286 7
stats: {sentpackets,"os_mon@test2"} 1 9852.0 0.0 11264 3108 8065.285714285715 7
stats: {load,"os_mon@test3"} 1 1.1796875 0.0 1.58984375 0.9296875 1.27880859375 8
stats: {cpu,"os_mon@test2"} 1 50.56526207605344 0.0 57.56196256954982 2.368951612903226 37.51291501747028 8
stats: {freemem,"os_mon@test3"} 1 1218.47265625 0.0 1490.703125 1218.47265625 1425.80078125 8
stats: {recvpackets,"os_mon@test4"} 1 12820.0 0.0 15489 4126 11417.57142857143 7
stats: {sentpackets,"os_mon@test4"} 1 9709.0 0.0 11192 3098 8035.285714285715 7
stats: {cpu,"os_mon@test4"} 1 63.71997956055186 0.0 63.71997956055186 2.3115577889447234 37.16739401641429 8
stats: {load,"os_mon@myserver"} 1 1.69140625 0.0 1.69140625 1.01171875 1.267578125 8
stats: {recvpackets,"os_mon@myserver"} 1 14711.0 0.0 15509 4257 11609.857142857143 7
stats: {sentpackets,"os_mon@myserver"} 1 11032.0 0.0 11097 3191 8190.285714285715 7
stats: {cpu,"os_mon@myserver"} 1 46.884772672600434 0.0 46.884772672600434 2.7700831024930745 31.371045966216492 8
stats: session 3221 15439.585770292852 3298.6203497566985 31589.012939453125 19.43310546875 10232.195826261166 16538
stats: users_count 3245 24641
stats: finish_users_count 3221 19759
stats: request 31690 1479.2174232509421 694.9922275382214 16438.453857421875 1.169189453125 1077.3729190866463 186712
stats: page 3224 15394.059936977792 3288.5303333841957 31586.629150390625 18.27587890625 10210.029697468493 16463
stats: connect 30658 403.1836610005571 564.7551723432683 15087.73388671875 0.341064453125 270.5822040158884 190049
stats: 200 31690 218402
stats: size_rcv 4024630 27737054
stats: newphase 5 44
stats: size_sent 4067966 29293753
stats: connected -1032 2305
# stats: dump at 1338916185
stats: users 4033 5326
stats: {load,"os_mon@test2"} 1 1.2890625 0.0 1.328125 0.94140625 1.1284722222222223 9
stats: {recvpackets,"os_mon@test3"} 1 15058.0 0.0 15549 4123 11603.125 8
stats: {sentpackets,"os_mon@test3"} 1 11302.0 0.0 11302 3094 8252.25 8
stats: {freemem,"os_mon@test2"} 1 1434.3046875 0.0 1510.66015625 1434.3046875 1477.25390625 9
stats: {cpu,"os_mon@test3"} 1 72.16811891337775 0.0 73.20872274143302 3.2306915699141845 47.26750083928812 9
stats: {load,"os_mon@test4"} 1 1.6015625 0.0 1.7890625 0.73046875 1.0967881944444444 9
stats: {freemem,"os_mon@test4"} 1 1232.37109375 0.0 1437.40234375 1232.37109375 1383.6380208333333 9
stats: {freemem,"os_mon@myserver"} 1 1079.79296875 0.0 1086.6484375 1069.29296875 1078.2973090277778 9
stats: {recvpackets,"os_mon@test2"} 1 14914.0 0.0 15601 4144 11647.0 8
stats: {sentpackets,"os_mon@test2"} 1 11183.0 0.0 11264 3108 8288.625 8
stats: {load,"os_mon@test3"} 1 1.37109375 0.0 1.58984375 0.9296875 1.2677951388888888 9
stats: {cpu,"os_mon@test2"} 1 50.59370160041301 0.0 57.56196256954982 2.368951612903226 38.963175801757295 9
stats: {freemem,"os_mon@test3"} 1 1153.71875 0.0 1490.703125 1153.71875 1402.7643229166667 9
stats: {recvpackets,"os_mon@test4"} 1 15037.0 0.0 15489 4126 11592.875 8
stats: {sentpackets,"os_mon@test4"} 1 11290.0 0.0 11290 3098 8244.5 8
stats: {cpu,"os_mon@test4"} 1 60.64049586776859 0.0 63.71997956055186 2.3115577889447234 40.11768129909624 9
stats: {load,"os_mon@myserver"} 1 1.73828125 0.0 1.73828125 1.01171875 1.3146701388888888 9
stats: {recvpackets,"os_mon@myserver"} 1 14908.0 0.0 15509 4257 11997.5 8
stats: {sentpackets,"os_mon@myserver"} 1 1.12e4 0.0 11200 3191 8545.5 8
stats: {cpu,"os_mon@myserver"} 1 46.31188118811881 0.0 46.884772672600434 2.7700831024930745 33.09479337803693 9
stats: session 3701 14364.129967447037 3475.931060640352 44602.471923828125 19.43310546875 11081.07497043476 19759
stats: users_count 2852 27493
stats: finish_users_count 3701 23460
stats: request 31871 1410.5246785105164 1294.516103002594 31867.751953125 1.169189453125 1135.6803170819328 218402
stats: page 3663 14382.893693187147 3453.05656867322 44600.1650390625 18.27587890625 11058.981467274862 19687
stats: connect 32141 331.5297969375283 1126.3359702618498 31079.52392578125 0.341064453125 289.00162645485034 220707
stats: 200 31871 250273
stats: size_rcv 4047617 31784671
stats: newphase 6 50
stats: size_sent 4265487 33559240
stats: connected 270 2575
# stats: dump at 1338916195
stats: users 4575 5326
stats: {load,"os_mon@test2"} 1 1.41015625 0.0 1.41015625 0.94140625 1.14453125 10
stats: {recvpackets,"os_mon@test3"} 1 1.48e4 0.0 15549 4123 11987.0 9
stats: {sentpackets,"os_mon@test3"} 1 11056.0 0.0 11302 3094 8591.111111111111 9
stats: {freemem,"os_mon@test2"} 1 1433.359375 0.0 1510.66015625 1433.359375 1472.958984375 10
stats: {cpu,"os_mon@test3"} 1 83.49564325986674 0.0 83.49564325986674 3.2306915699141845 49.75756264669708 10
stats: {load,"os_mon@test4"} 1 1.73046875 0.0 1.7890625 0.73046875 1.147265625 10
stats: {freemem,"os_mon@test4"} 1 1211.1171875 0.0 1437.40234375 1211.1171875 1368.511328125 10
stats: {freemem,"os_mon@myserver"} 1 1082.55859375 0.0 1086.6484375 1069.29296875 1078.446875 10
stats: {recvpackets,"os_mon@test2"} 1 14774.0 0.0 15601 4144 12010.0 9
stats: {sentpackets,"os_mon@test2"} 1 11038.0 0.0 11264 3108 8610.222222222223 9
stats: {load,"os_mon@test3"} 1 1.859375 0.0 1.859375 0.9296875 1.278125 10
stats: {cpu,"os_mon@test2"} 1 37.88343558282208 0.0 57.56196256954982 2.368951612903226 40.126228381622866 10
stats: {freemem,"os_mon@test3"} 1 1062.7890625 0.0 1490.703125 1062.7890625 1377.859765625 10
stats: {recvpackets,"os_mon@test4"} 1 14758.0 0.0 15489 4126 11975.555555555555 9
stats: {sentpackets,"os_mon@test4"} 1 11014.0 0.0 11290 3098 8582.888888888889 9
stats: {cpu,"os_mon@test4"} 1 56.73722250903459 0.0 63.71997956055186 2.3115577889447234 42.16996275596348 10
stats: {load,"os_mon@myserver"} 1 1.94140625 0.0 1.94140625 1.01171875 1.35703125 10
stats: {recvpackets,"os_mon@myserver"} 1 15786.0 0.0 15786 4257 12320.888888888889 9
stats: {sentpackets,"os_mon@myserver"} 1 11712.0 0.0 11712 3191 8840.444444444445 9
stats: {cpu,"os_mon@myserver"} 1 45.95427690726946 0.0 46.884772672600434 2.7700831024930745 34.41650215904512 10
stats: session 2845 13652.081846235165 4556.630600948956 44602.471923828125 19.43310546875 11599.002785607072 23460
stats: users_count 3387 30880
stats: finish_users_count 2845 26305
stats: 200 31871 282144
stats: size_rcv 4047617 35832288
stats: request 31871 1279.6229002420084 1036.6884192626937 31867.751953125 1.169189453125 1170.6803556122193 250273
stats: page 2921 13728.502381896446 4572.877033795626 44600.1650390625 18.27587890625 11580.415749224185 23350
stats: connect 31958 312.5095070458717 817.7055856127201 31079.52392578125 0.341064453125 294.4076329389189 252848
stats: newphase 6 56
stats: size_sent 4241610 37800850
stats: connected 87 2662
# stats: dump at 1338916205
stats: users 5925 5928
stats: {load,"os_mon@test2"} 1 1.578125 0.0 1.578125 0.94140625 1.1686789772727273 11
stats: {recvpackets,"os_mon@test3"} 1 17557.0 0.0 17557 4123 12268.3 10
stats: {sentpackets,"os_mon@test3"} 1 12907.0 0.0 12907 3094 8837.6 10
stats: {freemem,"os_mon@test2"} 1 1409.37109375 0.0 1510.66015625 1409.37109375 1469.3590198863637 11
stats: {cpu,"os_mon@test3"} 1 77.39443872296602 0.0 83.49564325986674 3.2306915699141845 52.82466088425795 11
stats: {load,"os_mon@test4"} 1 1.46875 0.0 1.7890625 0.73046875 1.2002840909090908 11
stats: {freemem,"os_mon@test4"} 1 1184.0234375 0.0 1437.40234375 1184.0234375 1354.2027698863637 11
stats: {freemem,"os_mon@myserver"} 1 1080.1015625 0.0 1086.6484375 1069.29296875 1078.8206676136363 11
stats: {recvpackets,"os_mon@test2"} 1 17558.0 0.0 17558 4144 12286.4 10
stats: {sentpackets,"os_mon@test2"} 1 12897.0 0.0 12897 3108 8853.0 10
stats: {load,"os_mon@test3"} 1 2.1015625 0.0 2.1015625 0.9296875 1.3309659090909092 11
stats: {cpu,"os_mon@test2"} 1 54.86725663716814 0.0 57.56196256954982 2.368951612903226 39.92233812718643 11
stats: {freemem,"os_mon@test3"} 1 987.78515625 0.0 1490.703125 987.78515625 1349.2169744318182 11
stats: {recvpackets,"os_mon@test4"} 1 17437.0 0.0 17437 4126 12253.8 10
stats: {sentpackets,"os_mon@test4"} 1 12833.0 0.0 12833 3098 8826.0 10
stats: {cpu,"os_mon@test4"} 1 64.59948320413437 0.0 64.59948320413437 2.3115577889447234 43.49425909715176 11
stats: {load,"os_mon@myserver"} 1 1.9609375 0.0 1.9609375 1.01171875 1.41015625 11
stats: {recvpackets,"os_mon@myserver"} 1 17525.0 0.0 17525 4257 12667.4 10
stats: {sentpackets,"os_mon@myserver"} 1 12985.0 0.0 12985 3191 9127.6 10
stats: {cpu,"os_mon@myserver"} 1 46.62062160828811 0.0 46.884772672600434 2.7700831024930745 35.46539077252007 11
stats: session 2856 13541.821431905282 3867.603586344197 48619.548828125 19.43310546875 11821.052203112753 26305
stats: users_count 4206 35086
stats: finish_users_count 2856 29161
stats: request 31563 1451.871296229781 1336.2259213058383 32171.58984375 1.169189453125 1182.9865107666653 282144
stats: page 2869 13500.67925410571 3869.121509624528 48617.450927734375 18.27587890625 11819.255574660434 26271
stats: connect 32085 393.3666008472367 1133.497876036735 31166.55908203125 0.341064453125 296.4388390676872 284806
stats: 200 31563 313707
stats: size_rcv 4008501 39840789
stats: newphase 6 62
stats: size_sent 4256615 42057465
stats: connected 522 3184
# stats: dump at 1338916215
stats: users 6041 6182
stats: {load,"os_mon@test2"} 1 1.48828125 0.0 1.578125 0.94140625 1.2027994791666667 12
stats: {recvpackets,"os_mon@test3"} 1 15686.0 0.0 17557 4123 12749.09090909091 11
stats: {sentpackets,"os_mon@test3"} 1 11736.0 0.0 12907 3094 9207.545454545454 11
stats: {freemem,"os_mon@test2"} 1 1401.04296875 0.0 1510.66015625 1401.04296875 1464.3600260416667 12
stats: {cpu,"os_mon@test3"} 1 80.68823831535697 0.0 83.49564325986674 3.2306915699141845 54.87214237081696 12
stats: {load,"os_mon@test4"} 1 1.3984375 0.0 1.7890625 0.73046875 1.22265625 12
stats: {freemem,"os_mon@test4"} 1 1163.60546875 0.0 1437.40234375 1163.60546875 1340.0211588541667 12
stats: {freemem,"os_mon@myserver"} 1 1079.125 0.0 1086.6484375 1069.29296875 1078.9274088541665 12
stats: {recvpackets,"os_mon@test2"} 1 15739.0 0.0 17558 4144 12765.636363636364 11
stats: {sentpackets,"os_mon@test2"} 1 11773.0 0.0 12897 3108 9220.636363636364 11
stats: {load,"os_mon@test3"} 1 2.609375 0.0 2.609375 0.9296875 1.3951822916666667 12
stats: {cpu,"os_mon@test2"} 1 54.0187891440501 0.0 57.56196256954982 2.368951612903226 41.16774800301824 12
stats: {freemem,"os_mon@test3"} 1 934.1796875 0.0 1490.703125 934.1796875 1319.09765625 12
stats: {recvpackets,"os_mon@test4"} 1 15823.0 0.0 17437 4126 12725.0 11
stats: {sentpackets,"os_mon@test4"} 1 11828.0 0.0 12833 3098 9190.272727272728 11
stats: {cpu,"os_mon@test4"} 1 56.3343717549325 0.0 64.59948320413437 2.3115577889447234 45.253027772733645 12
stats: {load,"os_mon@myserver"} 1 1.890625 0.0 1.9609375 1.01171875 1.4560546875 12
stats: {recvpackets,"os_mon@myserver"} 1 14727.0 0.0 17525 4257 13109.0 11
stats: {sentpackets,"os_mon@myserver"} 1 11147.0 0.0 12985 3191 9478.272727272728 11
stats: {cpu,"os_mon@myserver"} 1 46.418628195393566 0.0 46.884772672600434 2.7700831024930745 36.3949933421674 12
stats: session 2596 15807.156816808765 3615.8067504979713 48619.548828125 19.43310546875 11989.582669058072 29161
stats: users_count 2712 37798
stats: finish_users_count 2596 31757
stats: request 30438 1757.6895587524389 1422.624895105355 32171.58984375 1.169189453125 1210.03981363709 313707
stats: page 2569 15756.5731292879 3597.3223444617593 48617.450927734375 18.27587890625 11984.801372063608 29140
stats: connect 32019 588.8282964756393 1281.4967879407695 31166.55908203125 0.341064453125 306.2527095679439 316891
stats: 200 30438 344145
stats: size_rcv 3865626 43706415
stats: newphase 5 67
stats: size_sent 4249593 46307058
stats: connected 1581 4765
# stats: dump at 1338916225
stats: users 5429 6182
stats: {load,"os_mon@test2"} 1 1.6484375 0.0 1.6484375 0.94140625 1.2247596153846154 13
stats: {recvpackets,"os_mon@test3"} 1 14042.0 0.0 17557 4123 12993.833333333334 12
stats: {sentpackets,"os_mon@test3"} 1 10776.0 0.0 12907 3094 9418.25 12
stats: {freemem,"os_mon@test2"} 1 1380.65234375 0.0 1510.66015625 1380.65234375 1459.489483173077 13
stats: {cpu,"os_mon@test3"} 1 79.11975435005118 0.0 83.49564325986674 3.2306915699141845 56.857995905012345 13
stats: {load,"os_mon@test4"} 1 1.33984375 0.0 1.7890625 0.73046875 1.2361778846153846 13
stats: {freemem,"os_mon@test4"} 1 1117.8984375 0.0 1437.40234375 1117.8984375 1326.4507211538462 13
stats: {freemem,"os_mon@myserver"} 1 1082.046875 0.0 1086.6484375 1069.29296875 1078.9426081730767 13
stats: {recvpackets,"os_mon@test2"} 1 13956.0 0.0 17558 4144 13013.416666666666 12
stats: {sentpackets,"os_mon@test2"} 1 10708.0 0.0 12897 3108 9433.333333333334 12
stats: {load,"os_mon@test3"} 1 2.6484375 0.0 2.6484375 0.9296875 1.4885817307692308 13
stats: {cpu,"os_mon@test2"} 1 51.55691679428279 0.0 57.56196256954982 2.368951612903226 42.15628962925146 13
stats: {freemem,"os_mon@test3"} 1 926.03515625 0.0 1490.703125 926.03515625 1289.4885817307693 13
stats: {recvpackets,"os_mon@test4"} 1 14017.0 0.0 17437 4126 12983.166666666666 12
stats: {sentpackets,"os_mon@test4"} 1 10760.0 0.0 12833 3098 9410.083333333334 12
stats: {cpu,"os_mon@test4"} 1 54.23901940755873 0.0 64.59948320413437 2.3115577889447234 46.1054388482874 13
stats: {load,"os_mon@myserver"} 1 1.96875 0.0 1.96875 1.01171875 1.4894831730769231 13
stats: {recvpackets,"os_mon@myserver"} 1 14258.0 0.0 17525 4257 13243.833333333334 12
stats: {sentpackets,"os_mon@myserver"} 1 10883.0 0.0 12985 3191 9617.333333333334 12
stats: {cpu,"os_mon@myserver"} 1 47.19742063492063 0.0 47.19742063492063 2.7700831024930745 37.16604217703096 13
stats: session 3455 17794.2194465251 3948.4521407109905 48619.548828125 19.43310546875 12301.653157062632 31757
stats: users_count 2843 40641
stats: finish_users_count 3455 35212
stats: page 3469 17772.167915333204 3942.954957374352 48617.450927734375 18.27587890625 12290.382804600402 31709
stats: connect 29666 609.4946496531854 1279.5309741504373 31166.55908203125 0.341064453125 332.18428996746667 348910
stats: request 31980 1775.9587576631754 1381.964919282409 32667.364013671875 1.169189453125 1258.47684727646 344145
stats: 200 31980 376125
stats: size_rcv 4061460 47767875
stats: newphase 5 72
stats: size_sent 3936142 50243200
stats: connected -2314 2451
stats: error_connect_etimedout 7 7
# stats: dump at 1338916235
stats: users 5888 6182
stats: {load,"os_mon@test2"} 1 1.3984375 0.0 1.6484375 0.94140625 1.2550223214285714 14
stats: {recvpackets,"os_mon@test3"} 1 16642.0 0.0 17557 4123 13074.461538461539 13
stats: {sentpackets,"os_mon@test3"} 1 12549.0 0.0 12907 3094 9522.692307692309 13
stats: {freemem,"os_mon@test2"} 1 1371.7578125 0.0 1510.66015625 1371.7578125 1453.8582589285713 14
stats: {cpu,"os_mon@test3"} 1 71.28815312984997 0.0 83.49564325986674 3.2306915699141845 58.448121508229406 14
stats: {load,"os_mon@test4"} 1 1.671875 0.0 1.7890625 0.73046875 1.2435825892857142 14
stats: {freemem,"os_mon@test4"} 1 1141.91796875 0.0 1437.40234375 1117.8984375 1311.5541294642858 14
stats: {freemem,"os_mon@myserver"} 1 1074.2265625 0.0 1086.6484375 1069.29296875 1079.1643415178569 14
stats: {recvpackets,"os_mon@test2"} 1 17039.0 0.0 17558 4144 13085.923076923076 13
stats: {sentpackets,"os_mon@test2"} 1 12830.0 0.0 12897 3108 9531.384615384615 13
stats: {load,"os_mon@test3"} 1 2.828125 0.0 2.828125 0.9296875 1.5714285714285714 14
stats: {cpu,"os_mon@test2"} 1 44.04332129963899 0.0 57.56196256954982 2.368951612903226 42.827762998182266 14
stats: {freemem,"os_mon@test3"} 1 868.2890625 0.0 1490.703125 868.2890625 1263.527622767857 14
stats: {recvpackets,"os_mon@test4"} 1 16468.0 0.0 17437 4126 13062.692307692309 13
stats: {sentpackets,"os_mon@test4"} 1 12412.0 0.0 12833 3098 9513.923076923076 13
stats: {cpu,"os_mon@test4"} 1 71.90549563430919 0.0 71.90549563430919 2.3115577889447234 46.686408888235356 14
stats: {load,"os_mon@myserver"} 1 2.05078125 0.0 2.05078125 1.01171875 1.5237165178571428 14
stats: {recvpackets,"os_mon@myserver"} 1 17840.0 0.0 17840 4257 13321.846153846154 13
stats: {sentpackets,"os_mon@myserver"} 1 13444.0 0.0 13444 3191 9714.692307692309 13
stats: {cpu,"os_mon@myserver"} 1 46.58947898313617 0.0 47.19742063492063 2.7700831024930745 37.88256920973736 14
stats: session 2905 17612.221520512914 5405.286270364763 84895.65600585938 19.43310546875 12840.58353676537 35212
stats: users_count 3364 44005
stats: finish_users_count 2905 38117
stats: request 31329 1679.9893933838396 1558.1494864413608 32667.364013671875 1.169189453125 1302.4757080120323 376125
stats: page 2857 17757.944753035972 5403.418195493311 84893.69702148438 18.27587890625 12830.956815321082 35178
stats: connect 31511 589.5551842185969 1461.0614055248523 31181.275146484375 0.341064453125 353.91490450836875 378576
stats: 200 31329 407454
stats: size_rcv 3978783 51746658
stats: newphase 6 78
stats: size_sent 4182901 54426101
stats: connected 182 2633
stats: error_connect_etimedout 13 20
# stats: dump at 1338916245
stats: users 5295 6182
stats: {load,"os_mon@test2"} 1 1.55859375 0.0 1.6484375 0.94140625 1.2645833333333334 15
stats: {recvpackets,"os_mon@test3"} 1 14782.0 0.0 17557 4123 13329.285714285714 14
stats: {sentpackets,"os_mon@test3"} 1 11453.0 0.0 12907 3094 9738.857142857143 14
stats: {freemem,"os_mon@test2"} 1 1314.09375 0.0 1510.66015625 1314.09375 1448.3848958333333 15
stats: {cpu,"os_mon@test3"} 1 48.744233726294205 0.0 83.49564325986674 3.2306915699141845 59.30412361633744 15
stats: {load,"os_mon@test4"} 1 1.87109375 0.0 1.87109375 0.73046875 1.2721354166666667 15
stats: {freemem,"os_mon@test4"} 1 1084.21875 0.0 1437.40234375 1084.21875 1300.2450520833333 15
stats: {freemem,"os_mon@myserver"} 1 1071.390625 0.0 1086.6484375 1069.29296875 1078.8351562499997 15
stats: {recvpackets,"os_mon@test2"} 1 14673.0 0.0 17558 4144 13368.285714285714 14
stats: {sentpackets,"os_mon@test2"} 1 11381.0 0.0 12897 3108 9767.0 14
stats: {load,"os_mon@test3"} 1 2.3984375 0.0 2.828125 0.9296875 1.6552083333333334 15
stats: {cpu,"os_mon@test2"} 1 63.81243628950051 0.0 63.81243628950051 2.368951612903226 42.90880021827938 15
stats: {freemem,"os_mon@test3"} 1 943.07421875 0.0 1490.703125 868.2890625 1237.1783854166667 15
stats: {recvpackets,"os_mon@test4"} 1 14923.0 0.0 17437 4126 13305.92857142857 14
stats: {sentpackets,"os_mon@test4"} 1 11562.0 0.0 12833 3098 9720.92857142857 14
stats: {cpu,"os_mon@test4"} 1 79.04956566172713 0.0 79.04956566172713 2.3115577889447234 48.367681337973615 15
stats: {load,"os_mon@myserver"} 1 1.96875 0.0 2.05078125 1.01171875 1.5588541666666667 15
stats: {recvpackets,"os_mon@myserver"} 1 14941.0 0.0 17840 4257 13644.57142857143 14
stats: {sentpackets,"os_mon@myserver"} 1 11633.0 0.0 13444 3191 9981.07142857143 14
stats: {cpu,"os_mon@myserver"} 1 46.60332541567696 0.0 47.19742063492063 2.7700831024930745 38.46302986129728 15
stats: session 3565 17927.960497978445 7028.611805305501 92159.97998046875 19.43310546875 13204.243015286414 38117
stats: users_count 2972 46977
stats: finish_users_count 3565 41682
stats: request 31245 1780.9439955392877 1473.7315321296776 35380.865966796875 1.169189453125 1331.502607365121 407454
stats: page 3510 17799.461145193374 7056.709932509609 92158.18505859375 18.27587890625 13201.047640562347 38035
stats: connect 31144 473.0558433581692 1172.1295141986693 31181.275146484375 0.341064453125 372.02145471344477 410087
stats: 200 31245 438699
stats: size_rcv 3968115 55714773
stats: newphase 5 83
stats: size_sent 4133480 58559581
stats: connected -101 2532
stats: error_connect_etimedout 0 20
# stats: dump at 1338916255
stats: users 5398 6182
stats: {load,"os_mon@test2"} 1 2.01171875 0.0 2.01171875 0.94140625 1.282958984375 16
stats: {recvpackets,"os_mon@test3"} 1 18133.0 0.0 18133 4123 13426.133333333333 15
stats: {sentpackets,"os_mon@test3"} 1 13750.0 0.0 13750 3094 9853.133333333333 15
stats: {freemem,"os_mon@test2"} 1 1285.75 0.0 1510.66015625 1285.75 1439.99169921875 16
stats: {cpu,"os_mon@test3"} 1 74.96143958868895 0.0 83.49564325986674 3.2306915699141845 58.64413049820974 16
stats: {load,"os_mon@test4"} 1 1.890625 0.0 1.890625 0.73046875 1.3095703125 16
stats: {freemem,"os_mon@test4"} 1 1066.35546875 0.0 1437.40234375 1066.35546875 1286.743408203125 16
stats: {freemem,"os_mon@myserver"} 1 1062.56640625 0.0 1086.6484375 1062.56640625 1078.3698730468748 16
stats: {recvpackets,"os_mon@test2"} 1 18357.0 0.0 18357 4144 13455.266666666666 15
stats: {sentpackets,"os_mon@test2"} 1 13903.0 0.0 13903 3108 9874.6 15
stats: {load,"os_mon@test3"} 1 2.578125 0.0 2.828125 0.9296875 1.70166015625 16
stats: {cpu,"os_mon@test2"} 1 62.7188465499485 0.0 63.81243628950051 2.368951612903226 44.215277472730705 16
stats: {freemem,"os_mon@test3"} 1 962.75 0.0 1490.703125 868.2890625 1218.796875 16
stats: {recvpackets,"os_mon@test4"} 1 17832.0 0.0 17832 4126 13413.733333333334 15
stats: {sentpackets,"os_mon@test4"} 1 13548.0 0.0 13548 3098 9843.666666666666 15
stats: {cpu,"os_mon@test4"} 1 56.6321243523316 0.0 79.04956566172713 2.3115577889447234 50.28529910820821 16
stats: {load,"os_mon@myserver"} 1 2.05078125 0.0 2.05078125 1.01171875 1.58447265625 16
stats: {recvpackets,"os_mon@myserver"} 1 17133.0 0.0 17840 4257 13731.0 15
stats: {sentpackets,"os_mon@myserver"} 1 13115.0 0.0 13444 3191 10091.2 15
stats: {cpu,"os_mon@myserver"} 1 46.870342771982116 0.0 47.19742063492063 2.7700831024930745 38.97179833344601 16
stats: session 2646 17973.72794771664 6299.201377864805 95793.50610351563 19.43310546875 13608.255606471988 41682
stats: users_count 2749 49726
stats: finish_users_count 2646 44328
stats: request 31502 1508.8636751594536 1112.3397122000104 35380.865966796875 1.169189453125 1363.5127012415644 438699
stats: page 2756 17982.092779727038 6227.19475411156 95791.73193359375 18.27587890625 13589.552428172286 41545
stats: connect 31946 619.4790899278754 1861.9248358757654 31181.275146484375 0.341064453125 379.1529005999561 441231
stats: 200 31502 470201
stats: size_rcv 4000754 59715527
stats: newphase 4 87
stats: size_sent 4239934 62799515
stats: connected 444 2976
stats: error_connect_etimedout 2 22
# stats: dump at 1338916265
stats: users 4385 6182
stats: {load,"os_mon@test2"} 1 1.69921875 0.0 2.01171875 0.94140625 1.325827205882353 17
stats: {recvpackets,"os_mon@test3"} 1 13275.0 0.0 18133 4123 13720.3125 16
stats: {sentpackets,"os_mon@test3"} 1 10509.0 0.0 13750 3094 10096.6875 16
stats: {freemem,"os_mon@test2"} 1 1213.38671875 0.0 1510.66015625 1213.38671875 1430.9186580882354 17
stats: {cpu,"os_mon@test3"} 1 74.74332648870636 0.0 83.49564325986674 3.2306915699141845 59.603972209414394 17
stats: {load,"os_mon@test4"} 1 2.08984375 0.0 2.08984375 0.73046875 1.34375 17
stats: {freemem,"os_mon@test4"} 1 1037.96484375 0.0 1437.40234375 1037.96484375 1273.7794117647059 17
stats: {freemem,"os_mon@myserver"} 1 1065.36328125 0.0 1086.6484375 1062.56640625 1077.440257352941 17
stats: {recvpackets,"os_mon@test2"} 1 13249.0 0.0 18357 4144 13761.625 16
stats: {sentpackets,"os_mon@test2"} 1 10610.0 0.0 13903 3108 10126.375 16
stats: {load,"os_mon@test3"} 1 2.73828125 0.0 2.828125 0.9296875 1.7532169117647058 17
stats: {cpu,"os_mon@test2"} 1 67.30672056594238 0.0 67.30672056594238 2.368951612903226 45.303722712567044 17
stats: {freemem,"os_mon@test3"} 1 955.53125 0.0 1490.703125 868.2890625 1203.735294117647 17
stats: {recvpackets,"os_mon@test4"} 1 13618.0 0.0 17832 4126 13689.875 16
stats: {sentpackets,"os_mon@test4"} 1 10737.0 0.0 13548 3098 10075.1875 16
stats: {cpu,"os_mon@test4"} 1 45.95985589294905 0.0 79.04956566172713 2.3115577889447234 50.65864176962723 17
stats: {load,"os_mon@myserver"} 1 1.96875 0.0 2.05078125 1.01171875 1.6119025735294117 17
stats: {recvpackets,"os_mon@myserver"} 1 14413.0 0.0 17840 4257 13943.625 16
stats: {sentpackets,"os_mon@myserver"} 1 11266.0 0.0 13444 3191 10280.1875 16
stats: {cpu,"os_mon@myserver"} 1 45.64102564102564 0.0 47.19742063492063 2.7700831024930745 39.43641859453637 17
stats: session 3763 16791.362314419363 6092.809871222115 95793.50610351563 19.43310546875 13868.836724838107 44328
stats: users_count 2750 52476
stats: finish_users_count 3763 48091
stats: request 31918 1581.315528841424 1997.210346598359 35380.865966796875 1.169189453125 1373.2507630074078 470201
stats: page 3723 16858.47351405384 6071.755229922419 95791.73193359375 18.27587890625 13862.815812946556 44301
stats: connect 30190 260.78492561433853 633.2007192302532 31181.275146484375 0.341064453125 395.37824638867727 473177
stats: 200 31918 502119
stats: size_rcv 4053586 63769113
stats: newphase 5 92
stats: size_sent 4006738 66806253
stats: connected -1728 1248
stats: error_connect_etimedout 0 22
# stats: dump at 1338916275
stats: users 4910 6182
stats: {load,"os_mon@test2"} 1 1.671875 0.0 2.01171875 0.94140625 1.3465711805555556 18
stats: {recvpackets,"os_mon@test3"} 1 14051.0 0.0 18133 4123 13694.117647058823 17
stats: {sentpackets,"os_mon@test3"} 1 10890.0 0.0 13750 3094 10120.941176470587 17
stats: {freemem,"os_mon@test2"} 1 1195.99609375 0.0 1510.66015625 1195.99609375 1418.8335503472222 18
stats: {cpu,"os_mon@test3"} 1 58.6508753861998 0.0 83.49564325986674 3.2306915699141845 60.44504744715284 18
stats: {load,"os_mon@test4"} 1 2.23828125 0.0 2.23828125 0.73046875 1.3851996527777777 18
stats: {freemem,"os_mon@test4"} 1 1027.30859375 0.0 1437.40234375 1027.30859375 1260.6786024305557 18
stats: {freemem,"os_mon@myserver"} 1 1066.36328125 0.0 1086.6484375 1062.56640625 1076.7693142361109 18
stats: {recvpackets,"os_mon@test2"} 1 15152.0 0.0 18357 4144 13731.470588235294 17
stats: {sentpackets,"os_mon@test2"} 1 11602.0 0.0 13903 3108 10154.823529411764 17
stats: {load,"os_mon@test3"} 1 2.5390625 0.0 2.828125 0.9296875 1.8079427083333333 18
stats: {cpu,"os_mon@test2"} 1 59.91586538461539 0.0 67.30672056594238 2.368951612903226 46.52611148219901 18
stats: {freemem,"os_mon@test3"} 1 1021.65625 0.0 1490.703125 868.2890625 1189.9461805555557 18
stats: {recvpackets,"os_mon@test4"} 1 13913.0 0.0 17832 4126 13685.64705882353 17
stats: {sentpackets,"os_mon@test4"} 1 10793.0 0.0 13548 3098 10114.117647058823 17
stats: {cpu,"os_mon@test4"} 1 77.74949083503056 0.0 79.04956566172713 2.3115577889447234 50.397598109811774 18
stats: {load,"os_mon@myserver"} 1 1.8203125 0.0 2.05078125 1.01171875 1.6317274305555556 18
stats: {recvpackets,"os_mon@myserver"} 1 16705.0 0.0 17840 4257 13971.235294117647 17
stats: {sentpackets,"os_mon@myserver"} 1 12704.0 0.0 13444 3191 10338.176470588236 17
stats: {cpu,"os_mon@myserver"} 1 47.077603143418465 0.0 47.19742063492063 2.7700831024930745 39.781118986007996 18
stats: session 3321 15871.909007296726 7047.08891476582 95793.50610351563 19.43310546875 14097.517014156156 48091
stats: users_count 3846 56322
stats: finish_users_count 3321 51412
stats: request 31026 1516.0392176354496 2332.6595370179402 36087.935791015625 1.169189453125 1386.4767337352434 502119
stats: page 3345 15757.427192667461 6931.699462263679 95791.73193359375 18.27587890625 14095.050396097113 48024
stats: connect 32980 456.79310750596954 1963.4326236061331 31181.275146484375 0.341064453125 387.30586112270373 503367
stats: 200 31026 533145
stats: size_rcv 3940302 67709415
stats: newphase 6 98
stats: size_sent 4377364 71183617
stats: connected 1954 3202
stats: error_connect_etimedout 0 22
# stats: dump at 1338916285
stats: users 5200 6182
stats: {load,"os_mon@test2"} 1 1.80078125 0.0 2.01171875 0.94140625 1.3636924342105263 19
stats: {recvpackets,"os_mon@test3"} 1 18151.0 0.0 18151 4123 13713.944444444445 18
stats: {sentpackets,"os_mon@test3"} 1 13585.0 0.0 13750 3094 10163.666666666666 18
stats: {freemem,"os_mon@test2"} 1 1191.328125 0.0 1510.66015625 1191.328125 1407.1052631578948 19
stats: {cpu,"os_mon@test3"} 1 75.50077041602465 0.0 83.49564325986674 3.2306915699141845 60.350617338681616 19
stats: {load,"os_mon@test4"} 1 1.890625 0.0 2.23828125 0.73046875 1.4300986842105263 19
stats: {freemem,"os_mon@test4"} 1 968.41015625 0.0 1437.40234375 968.41015625 1248.3959703947369 19
stats: {freemem,"os_mon@myserver"} 1 1066.20703125 0.0 1086.6484375 1062.56640625 1076.2216282894735 19
stats: {recvpackets,"os_mon@test2"} 1 18097.0 0.0 18357 4144 13810.388888888889 18
stats: {sentpackets,"os_mon@test2"} 1 13621.0 0.0 13903 3108 10235.222222222223 18
stats: {load,"os_mon@test3"} 1 2.37109375 0.0 2.828125 0.9296875 1.846422697368421 19
stats: {cpu,"os_mon@test2"} 1 49.48612538540596 0.0 67.30672056594238 2.368951612903226 47.23083537179987 19
stats: {freemem,"os_mon@test3"} 1 1044.640625 0.0 1490.703125 868.2890625 1181.0888157894738 19
stats: {recvpackets,"os_mon@test4"} 1 18355.0 0.0 18355 4126 13698.277777777777 18
stats: {sentpackets,"os_mon@test4"} 1 13748.0 0.0 13748 3098 10151.833333333334 18
stats: {cpu,"os_mon@test4"} 1 67.60780287474333 0.0 79.04956566172713 2.3115577889447234 51.83717141113908 19
stats: {load,"os_mon@myserver"} 1 1.76953125 0.0 2.05078125 1.01171875 1.6416529605263157 19
stats: {recvpackets,"os_mon@myserver"} 1 16985.0 0.0 17840 4257 14123.111111111111 18
stats: {sentpackets,"os_mon@myserver"} 1 12911.0 0.0 13444 3191 10469.611111111111 18
stats: {cpu,"os_mon@myserver"} 1 46.45649432534679 0.0 47.19742063492063 2.7700831024930745 40.16514446797697 19
stats: session 2740 15988.313813904277 6998.709744956985 95793.50610351563 19.43310546875 14212.135309675097 51412
stats: users_count 3030 59352
stats: finish_users_count 2740 54152
stats: request 31624 1558.03084902543 1128.560492335126 36087.935791015625 1.169189453125 1394.0165317742155 533145
stats: page 2721 15993.077177598005 6979.860466389704 95791.73193359375 18.27587890625 14203.29954216824 51369
stats: connect 31223 396.1064910942414 826.465071521409 31181.275146484375 0.341064453125 391.57863487872385 536347
stats: 200 31624 564769
stats: size_rcv 4016248 71725663
stats: newphase 6 104
stats: size_sent 4142989 75326606
stats: connected -401 2801
stats: error_connect_etimedout 0 22
stats: error_abort 1 1
EndMonitor:{1338,916285,885686}
