# stats: dump at 1339074528
stats: users 8 8
stats: {load,"os_mon@test2"} 1 1.140625 0 1.140625 1.140625 0 0
stats: {freemem,"os_mon@test2"} 1 1540.80859375 0 1540.80859375 1540.80859375 0 0
stats: {cpu,"os_mon@test2"} 1 44.21441950574994 0 44.21441950574994 44.21441950574994 0 0
stats: session 1 227.072998046875 0 227.072998046875 227.072998046875 0 0
stats: users_count 9 9
stats: finish_users_count 1 1
# stats: dump at 1339074538
stats: users 44 48
stats: {load,"os_mon@test2"} 1 0.9609375 0.0 1.140625 0.9609375 1.140625 1
stats: {freemem,"os_mon@test2"} 1 1538.75 0.0 1540.80859375 1538.75 1540.80859375 1
stats: {cpu,"os_mon@test3"} 1 3.2696177062374243 0 3.2696177062374243 3.2696177062374243 0 0
stats: {load,"os_mon@test4"} 1 1.828125 0 1.828125 1.828125 0 0
stats: {freemem,"os_mon@test4"} 1 1542.3828125 0 1542.3828125 1542.3828125 0 0
stats: {freemem,"os_mon@myserver"} 1 1351.0078125 0 1351.0078125 1351.0078125 0 0
stats: {recvpackets,"os_mon@test2"} 1 1143 0 1143 1143 0 0
stats: {sentpackets,"os_mon@test2"} 1 970 0 970 970 0 0
stats: {cpu,"os_mon@test2"} 1 15.085287846481876 0.0 44.21441950574994 15.085287846481876 44.21441950574994 1
stats: {load,"os_mon@test3"} 1 1.8515625 0 1.8515625 1.8515625 0 0
stats: {freemem,"os_mon@test3"} 1 1390.25390625 0 1390.25390625 1390.25390625 0 0
stats: {cpu,"os_mon@test4"} 1 3.481331987891019 0 3.481331987891019 3.481331987891019 0 0
stats: {load,"os_mon@myserver"} 1 1.1015625 0 1.1015625 1.1015625 0 0
stats: {cpu,"os_mon@myserver"} 1 3.8384345208228803 0 3.8384345208228803 3.8384345208228803 0 0
stats: session 902 180.58646475713678 364.9625808285524 3689.891845703125 26.31396484375 227.072998046875 1
stats: users_count 938 947
stats: finish_users_count 902 903
stats: request 9079 18.186567672694206 85.01368251689716 1083.705078125 1.469970703125 0 0
stats: page 891 173.09306004927757 354.3670248420464 3628.5458984375 23.827880859375 0 0
stats: connect 9091 8.892878070731 82.16682658704053 1026.091796875 0.39599609375 0 0
stats: 200 9079 9079
stats: size_rcv 1361850 1361850
stats: newphase 2 2
stats: size_sent 1205361 1205361
stats: connected 12 12
# stats: dump at 1339074548
stats: users 1201 1202
stats: {load,"os_mon@test2"} 1 0.890625 0.0 1.140625 0.890625 1.05078125 2
stats: {freemem,"os_mon@test2"} 1 1536.4765625 0.0 1540.80859375 1536.4765625 1539.779296875 2
stats: {recvpackets,"os_mon@test3"} 1 4691 0 4691 4691 0 0
stats: {sentpackets,"os_mon@test3"} 1 3501 0 3501 3501 0 0
stats: {cpu,"os_mon@test3"} 1 20.81841432225064 0.0 20.81841432225064 3.2696177062374243 3.2696177062374243 1
stats: {load,"os_mon@test4"} 1 1.5390625 0.0 1.828125 1.5390625 1.828125 1
stats: {freemem,"os_mon@test4"} 1 1541.171875 0.0 1542.3828125 1541.171875 1542.3828125 1
stats: {freemem,"os_mon@myserver"} 1 1353.921875 0.0 1353.921875 1351.0078125 1351.0078125 1
stats: {recvpackets,"os_mon@test2"} 1 5104.0 0.0 5104 1143 1143.0 1
stats: {sentpackets,"os_mon@test2"} 1 3792.0 0.0 3792 970 970.0 1
stats: {cpu,"os_mon@test2"} 1 35.27309851965288 0.0 44.21441950574994 15.085287846481876 29.649853676115907 2
stats: {load,"os_mon@test3"} 1 1.55859375 0.0 1.8515625 1.55859375 1.8515625 1
stats: {freemem,"os_mon@test3"} 1 1388.83203125 0.0 1390.25390625 1388.83203125 1390.25390625 1
stats: {recvpackets,"os_mon@test4"} 1 4692 0 4692 4692 0 0
stats: {sentpackets,"os_mon@test4"} 1 3502 0 3502 3502 0 0
stats: {cpu,"os_mon@test4"} 1 19.794344473007712 0.0 19.794344473007712 3.481331987891019 3.481331987891019 1
stats: {load,"os_mon@myserver"} 1 1.078125 0.0 1.1015625 1.078125 1.1015625 1
stats: {recvpackets,"os_mon@myserver"} 1 4739 0 4739 4739 0 0
stats: {sentpackets,"os_mon@myserver"} 1 3525 0 3525 3525 0 0
stats: {cpu,"os_mon@myserver"} 1 23.644952759820985 0.0 23.644952759820985 3.8384345208228803 3.8384345208228803 1
stats: session 635 2220.4917453555604 1677.3983297077098 9252.626953125 26.31396484375 180.63794486044767 903
stats: users_count 1792 2739
stats: finish_users_count 635 1538
stats: request 10488 348.7316431064455 550.8652766765589 7187.784912109375 1.469970703125 18.186567672694206 9079
stats: page 643 2175.0527780393422 1674.840834791809 9251.058837890625 23.827880859375 173.09306004927757 891
stats: connect 10681 218.37017204542545 534.1155103811066 7029.052001953125 0.27490234375 8.892878070731 9091
stats: 200 10488 19567
stats: size_rcv 1573200 2935050
stats: newphase 6 8
stats: size_sent 1419051 2624412
stats: connected 193 205
# stats: dump at 1339074558
stats: users 3661 3661
stats: {load,"os_mon@test2"} 1 0.75 0.0 1.140625 0.75 0.9973958333333334 3
stats: {freemem,"os_mon@test2"} 1 1522.55859375 0.0 1540.80859375 1522.55859375 1538.6783854166667 3
stats: {recvpackets,"os_mon@test3"} 1 7138.0 0.0 7138 4691 4691.0 1
stats: {sentpackets,"os_mon@test3"} 1 5122.0 0.0 5122 3501 3501.0 1
stats: {cpu,"os_mon@test3"} 1 26.233766233766232 0.0 26.233766233766232 3.2696177062374243 12.044016014244033 2
stats: {load,"os_mon@test4"} 1 1.5390625 0.0 1.828125 1.5390625 1.68359375 2
stats: {freemem,"os_mon@test4"} 1 1525.59375 0.0 1542.3828125 1525.59375 1541.77734375 2
stats: {freemem,"os_mon@myserver"} 1 1356.94921875 0.0 1356.94921875 1351.0078125 1352.46484375 2
stats: {recvpackets,"os_mon@test2"} 1 7384.0 0.0 7384 1143 3123.5 2
stats: {sentpackets,"os_mon@test2"} 1 5285.0 0.0 5285 970 2381.0 2
stats: {cpu,"os_mon@test2"} 1 30.521225147770014 0.0 44.21441950574994 15.085287846481876 31.524268623961564 3
stats: {load,"os_mon@test3"} 1 1.3203125 0.0 1.8515625 1.3203125 1.705078125 2
stats: {freemem,"os_mon@test3"} 1 1373.24609375 0.0 1390.25390625 1373.24609375 1389.54296875 2
stats: {recvpackets,"os_mon@test4"} 1 7146.0 0.0 7146 4692 4692.0 1
stats: {sentpackets,"os_mon@test4"} 1 5128.0 0.0 5128 3502 3502.0 1
stats: {cpu,"os_mon@test4"} 1 25.025906735751295 0.0 25.025906735751295 3.481331987891019 11.637838230449365 2
stats: {load,"os_mon@myserver"} 1 1.140625 0.0 1.140625 1.078125 1.08984375 2
stats: {recvpackets,"os_mon@myserver"} 1 7255.0 0.0 7255 4739 4739.0 1
stats: {sentpackets,"os_mon@myserver"} 1 5205.0 0.0 5205 3525 3525.0 1
stats: {cpu,"os_mon@myserver"} 1 25.400801603206414 0.0 25.400801603206414 3.8384345208228803 13.741693640321932 2
stats: session 364 7977.714077792326 2871.8535502118007 15559.9189453125 26.31396484375 1022.8402617098603 1538
stats: users_count 2824 5563
stats: finish_users_count 364 1902
stats: request 10319 1107.4940615318599 1566.84749209133 15233.7470703125 1.469970703125 195.3602146880355 19567
stats: page 366 7905.0594402375755 2866.775525966962 15557.724853515625 23.827880859375 1012.2456667426359 1534
stats: connect 10360 926.8182848131341 1549.1710233151425 15064.948974609375 0.27490234375 122.05426674884711 19772
stats: 200 10319 29886
stats: size_rcv 1547850 4482900
stats: newphase 6 14
stats: size_sent 1375712 4000124
stats: connected 41 246
# stats: dump at 1339074568
stats: users 5409 5409
stats: {load,"os_mon@test2"} 1 0.80078125 0.0 1.140625 0.75 0.935546875 4
stats: {freemem,"os_mon@test2"} 1 1493.84765625 0.0 1540.80859375 1493.84765625 1534.6484375 4
stats: {recvpackets,"os_mon@test3"} 1 10054.0 0.0 10054 4691 5914.5 2
stats: {sentpackets,"os_mon@test3"} 1 6995.0 0.0 6995 3501 4311.5 2
stats: {cpu,"os_mon@test3"} 1 26.015831134564642 0.0 26.233766233766232 3.2696177062374243 16.773932754084765 3
stats: {load,"os_mon@test4"} 1 1.37109375 0.0 1.828125 1.37109375 1.6354166666666667 3
stats: {freemem,"os_mon@test4"} 1 1495.71875 0.0 1542.3828125 1495.71875 1536.3828125 3
stats: {freemem,"os_mon@myserver"} 1 1356.9140625 0.0 1356.94921875 1351.0078125 1353.9596354166667 3
stats: {recvpackets,"os_mon@test2"} 1 10227.0 0.0 10227 1143 4543.666666666667 3
stats: {sentpackets,"os_mon@test2"} 1 7098.0 0.0 7098 970 3349.0 3
stats: {cpu,"os_mon@test2"} 1 30.531201650335227 0.0 44.21441950574994 15.085287846481876 31.273507754913677 4
stats: {load,"os_mon@test3"} 1 1.19140625 0.0 1.8515625 1.19140625 1.5768229166666667 3
stats: {freemem,"os_mon@test3"} 1 1345.5078125 0.0 1390.25390625 1345.5078125 1384.1106770833333 3
stats: {recvpackets,"os_mon@test4"} 1 10065.0 0.0 10065 4692 5919.0 2
stats: {sentpackets,"os_mon@test4"} 1 7002.0 0.0 7002 3502 4315.0 2
stats: {cpu,"os_mon@test4"} 1 26.76205617382088 0.0 26.76205617382088 3.481331987891019 16.100527732216676 3
stats: {load,"os_mon@myserver"} 1 1.12109375 0.0 1.140625 1.078125 1.1067708333333333 3
stats: {recvpackets,"os_mon@myserver"} 1 10129.0 0.0 10129 4739 5997.0 2
stats: {sentpackets,"os_mon@myserver"} 1 7038.0 0.0 7038 3525 4365.0 2
stats: {cpu,"os_mon@myserver"} 1 25.51224387806097 0.0 25.51224387806097 3.8384345208228803 17.628062961283426 3
stats: session 339 14555.50660331973 4693.954442209242 25683.988037109375 26.31396484375 2353.8466071641283 1902
stats: users_count 2087 7650
stats: finish_users_count 339 2241
stats: request 10011 2346.3088094063314 3291.371259898629 16653.239990234375 1.469970703125 510.3006271079453 29886
stats: page 335 14491.413789937036 4663.3040247371855 24686.10498046875 23.827880859375 2340.019267321135 1900
stats: connect 10012 2122.8294787953773 3339.024118318788 15064.948974609375 0.27490234375 398.7486523570382 30132
stats: 200 10011 39897
stats: size_rcv 1501650 5984550
stats: newphase 6 20
stats: size_sent 1327300 5327424
stats: connected 1 247
# stats: dump at 1339074578
stats: users 9007 9012
stats: {load,"os_mon@test2"} 1 0.75 0.0 1.140625 0.75 0.90859375 5
stats: {freemem,"os_mon@test2"} 1 1442.0234375 0.0 1540.80859375 1442.0234375 1526.48828125 5
stats: {recvpackets,"os_mon@test3"} 1 9059.0 0.0 10054 4691 7294.333333333333 3
stats: {sentpackets,"os_mon@test3"} 1 6710.0 0.0 6995 3501 5206.0 3
stats: {cpu,"os_mon@test3"} 1 33.56309650053022 0.0 33.56309650053022 3.2696177062374243 19.08440734920473 4
stats: {load,"os_mon@test4"} 1 1.16015625 0.0 1.828125 1.16015625 1.5693359375 4
stats: {freemem,"os_mon@test4"} 1 1443.97265625 0.0 1542.3828125 1443.97265625 1526.216796875 4
stats: {freemem,"os_mon@myserver"} 1 1359.43359375 0.0 1359.43359375 1351.0078125 1354.6982421875 4
stats: {recvpackets,"os_mon@test2"} 1 9375.0 0.0 10227 1143 5964.5 4
stats: {sentpackets,"os_mon@test2"} 1 6941.0 0.0 7098 970 4286.25 4
stats: {cpu,"os_mon@test2"} 1 32.998413537810684 0.0 44.21441950574994 15.085287846481876 31.12504653399799 5
stats: {load,"os_mon@test3"} 1 1.16015625 0.0 1.8515625 1.16015625 1.48046875 4
stats: {freemem,"os_mon@test3"} 1 1290.63671875 0.0 1390.25390625 1290.63671875 1374.4599609375 4
stats: {recvpackets,"os_mon@test4"} 1 9062.0 0.0 10065 4692 7301.0 3
stats: {sentpackets,"os_mon@test4"} 1 6712.0 0.0 7002 3502 5210.666666666667 3
stats: {cpu,"os_mon@test4"} 1 29.60805084745763 0.0 29.60805084745763 3.481331987891019 18.765909842617727 4
stats: {load,"os_mon@myserver"} 1 1.1015625 0.0 1.140625 1.078125 1.1103515625 4
stats: {recvpackets,"os_mon@myserver"} 1 9230.0 0.0 10129 4739 7374.333333333333 3
stats: {sentpackets,"os_mon@myserver"} 1 6830.0 0.0 7038 3525 5256.0 3
stats: {cpu,"os_mon@myserver"} 1 25.469571750563485 0.0 25.51224387806097 3.8384345208228803 19.599108190477814 4
stats: session 282 20463.079602829952 5613.1597428751065 33852.40087890625 26.31396484375 4199.613112606676 2241
stats: users_count 3880 11530
stats: finish_users_count 282 2523
stats: 200 9820 49717
stats: request 9820 2423.4931816147687 3446.7649532848723 31310.451904296875 1.469970703125 970.9938600073899 39897
stats: page 280 20285.0692905971 5613.380691574583 33850.301025390625 23.827880859375 4161.369229323966 2235
stats: connect 9853 2160.302671636335 3392.017698778746 31064.64892578125 0.27490234375 828.7381211269827 40144
stats: size_rcv 1473000 7457550
stats: newphase 6 26
stats: size_sent 1308087 6635511
stats: connected 33 280
# stats: dump at 1339074588
stats: users 10539 10539
stats: {load,"os_mon@test2"} 1 0.7109375 0.0 1.140625 0.7109375 0.8821614583333334 6
stats: {freemem,"os_mon@test2"} 1 1393.66015625 0.0 1540.80859375 1393.66015625 1512.4108072916667 6
stats: {recvpackets,"os_mon@test3"} 1 12237.0 0.0 12237 4691 7735.5 4
stats: {sentpackets,"os_mon@test3"} 1 8774.0 0.0 8774 3501 5582.0 4
stats: {cpu,"os_mon@test3"} 1 34.46808510638298 0.0 34.46808510638298 3.2696177062374243 21.98014517946983 5
stats: {load,"os_mon@test4"} 1 0.98046875 0.0 1.828125 0.98046875 1.4875 5
stats: {freemem,"os_mon@test4"} 1 1398.97265625 0.0 1542.3828125 1398.97265625 1509.76796875 5
stats: {freemem,"os_mon@myserver"} 1 1362.82421875 0.0 1362.82421875 1351.0078125 1355.6453125 5
stats: {recvpackets,"os_mon@test2"} 1 11469.0 0.0 11469 1143 6646.6 5
stats: {sentpackets,"os_mon@test2"} 1 8247.0 0.0 8247 970 4817.2 5
stats: {cpu,"os_mon@test2"} 1 36.775553213909376 0.0 44.21441950574994 15.085287846481876 31.43727436796677 6
stats: {load,"os_mon@test3"} 1 1.140625 0.0 1.8515625 1.140625 1.41640625 5
stats: {freemem,"os_mon@test3"} 1 1240.3984375 0.0 1390.25390625 1240.3984375 1357.6953125 5
stats: {recvpackets,"os_mon@test4"} 1 12220.0 0.0 12220 4692 7741.25 4
stats: {sentpackets,"os_mon@test4"} 1 8760.0 0.0 8760 3502 5586.0 4
stats: {cpu,"os_mon@test4"} 1 28.049435787211173 0.0 29.60805084745763 3.481331987891019 20.934338043585708 5
stats: {load,"os_mon@myserver"} 1 1.08984375 0.0 1.140625 1.078125 1.10859375 5
stats: {recvpackets,"os_mon@myserver"} 1 11851.0 0.0 11851 4739 7838.25 4
stats: {sentpackets,"os_mon@myserver"} 1 8503.0 0.0 8503 3525 5649.5 4
stats: {cpu,"os_mon@myserver"} 1 25.53776888444222 0.0 25.53776888444222 3.8384345208228803 20.77320090249495 5
stats: session 326 26572.238457989846 8030.109358441953 44053.428955078125 26.31396484375 6017.408415913439 2523
stats: users_count 1858 13388
stats: finish_users_count 326 2849
stats: 200 9874 59591
stats: connect 9833 3513.715977254727 6136.286850562214 31107.152099609375 0.27490234375 1091.151976281665 49997
stats: page 325 26479.583387169478 7871.975146841077 44050.3740234375 23.827880859375 5956.453132765904 2515
stats: request 9874 3800.849022364407 6014.353815581504 32774.839111328125 1.469970703125 1257.8885507205152 49717
stats: size_rcv 1481100 8938650
stats: newphase 5 31
stats: size_sent 1305603 7941114
stats: connected -41 239
# stats: dump at 1339074598
stats: users 12937 12937
stats: {load,"os_mon@test2"} 1 0.6796875 0.0 1.140625 0.6796875 0.8577008928571429 7
stats: {freemem,"os_mon@test2"} 1 1353.3515625 0.0 1540.80859375 1353.3515625 1495.4464285714287 7
stats: {recvpackets,"os_mon@test3"} 1 8839.0 0.0 12237 4691 8635.8 5
stats: {sentpackets,"os_mon@test3"} 1 6656.0 0.0 8774 3501 6220.4 5
stats: {cpu,"os_mon@test3"} 1 32.83819628647215 0.0 34.46808510638298 3.2696177062374243 24.061468500622023 6
stats: {load,"os_mon@test4"} 1 0.828125 0.0 1.828125 0.828125 1.4029947916666667 6
stats: {freemem,"os_mon@test4"} 1 1362.79296875 0.0 1542.3828125 1362.79296875 1491.3020833333333 6
stats: {freemem,"os_mon@myserver"} 1 1362.87109375 0.0 1362.87109375 1351.0078125 1356.841796875 6
stats: {recvpackets,"os_mon@test2"} 1 9177.0 0.0 11469 1143 7450.333333333333 6
stats: {sentpackets,"os_mon@test2"} 1 6903.0 0.0 8247 970 5388.833333333333 6
stats: {cpu,"os_mon@test2"} 1 33.40347185691741 0.0 44.21441950574994 15.085287846481876 32.199885631672856 7
stats: {load,"os_mon@test3"} 1 1.19140625 0.0 1.8515625 1.140625 1.3704427083333333 6
stats: {freemem,"os_mon@test3"} 1 1197.9453125 0.0 1390.25390625 1197.9453125 1338.1458333333333 6
stats: {recvpackets,"os_mon@test4"} 1 8842.0 0.0 12220 4692 8637.0 5
stats: {sentpackets,"os_mon@test4"} 1 6659.0 0.0 8760 3502 6220.8 5
stats: {cpu,"os_mon@test4"} 1 24.855186940494995 0.0 29.60805084745763 3.481331987891019 22.120187667523286 6
stats: {load,"os_mon@myserver"} 1 1.0703125 0.0 1.140625 1.0703125 1.10546875 6
stats: {recvpackets,"os_mon@myserver"} 1 8980.0 0.0 11851 4739 8640.8 5
stats: {sentpackets,"os_mon@myserver"} 1 6771.0 0.0 8503 3525 6220.2 5
stats: {cpu,"os_mon@myserver"} 1 25.55638909727432 0.0 25.55638909727432 3.8384345208228803 21.567295566152826 6
stats: session 340 32052.5508451574 10603.503259685907 56841.06591796875 26.31396484375 8369.417750317409 2849
stats: users_count 2738 16126
stats: finish_users_count 340 3189
stats: page 338 31854.012796435836 10602.501676748467 52506.680908203125 23.827880859375 8305.050785118425 2840
stats: request 9917 4869.5267612541675 7765.108019790726 34278.489013671875 1.469970703125 1679.2473414273634 59591
stats: connect 9959 4476.542466470945 7737.900382575679 31107.152099609375 0.27490234375 1489.2979201487572 59830
stats: 200 9917 69508
stats: size_rcv 1487550 10426200
stats: newphase 5 36
stats: size_sent 1322341 9263455
stats: connected 42 281
# stats: dump at 1339074608
stats: users 14562 14579
stats: {load,"os_mon@test2"} 1 0.578125 0.0 1.140625 0.578125 0.83544921875 8
stats: {freemem,"os_mon@test2"} 1 1310.05859375 0.0 1540.80859375 1310.05859375 1477.6845703125 8
stats: {recvpackets,"os_mon@test3"} 1 12446.0 0.0 12446 4691 8669.666666666666 6
stats: {sentpackets,"os_mon@test3"} 1 9044.0 0.0 9044 3501 6293.0 6
stats: {cpu,"os_mon@test3"} 1 37.4331550802139 0.0 37.4331550802139 3.2696177062374243 25.315286755743468 7
stats: {load,"os_mon@test4"} 1 0.78125 0.0 1.828125 0.78125 1.3208705357142858 7
stats: {freemem,"os_mon@test4"} 1 1332.4765625 0.0 1542.3828125 1332.4765625 1472.943638392857 7
stats: {freemem,"os_mon@myserver"} 1 1363.06640625 0.0 1363.06640625 1351.0078125 1357.703125 7
stats: {recvpackets,"os_mon@test2"} 1 12315.0 0.0 12315 1143 7697.0 7
stats: {sentpackets,"os_mon@test2"} 1 9014.0 0.0 9014 970 5605.142857142857 7
stats: {cpu,"os_mon@test2"} 1 37.26215644820296 0.0 44.21441950574994 15.085287846481876 32.35033390982843 8
stats: {load,"os_mon@test3"} 1 1.01171875 0.0 1.8515625 1.01171875 1.3448660714285714 7
stats: {freemem,"os_mon@test3"} 1 1146.4375 0.0 1390.25390625 1146.4375 1318.1171875 7
stats: {recvpackets,"os_mon@test4"} 1 12440.0 0.0 12440 4692 8671.166666666666 6
stats: {sentpackets,"os_mon@test4"} 1 9041.0 0.0 9041 3502 6293.833333333333 6
stats: {cpu,"os_mon@test4"} 1 26.439232409381663 0.0 29.60805084745763 3.481331987891019 22.51090184937639 7
stats: {load,"os_mon@myserver"} 1 1.05859375 0.0 1.140625 1.05859375 1.1004464285714286 7
stats: {recvpackets,"os_mon@myserver"} 1 12214.0 0.0 12214 4739 8697.333333333334 6
stats: {sentpackets,"os_mon@myserver"} 1 8893.0 0.0 8893 3525 6312.0 6
stats: {cpu,"os_mon@myserver"} 1 25.475475475475474 0.0 25.55638909727432 3.8384345208228803 22.137166070598756 7
stats: session 330 38883.834758226774 12375.377979812623 63974.958984375 26.31396484375 10894.430372533023 3189
stats: users_count 1955 18081
stats: finish_users_count 330 3519
stats: 200 10061 79569
stats: request 10061 5132.872308289551 8121.156882265637 57361.385986328125 1.469970703125 2134.417983747994 69508
stats: connect 10038 4818.278004739222 8062.850357090563 31107.152099609375 0.27490234375 1915.582412501745 69789
stats: page 331 38642.20006033444 12406.89643448522 63973.477783203125 23.827880859375 10809.628871910523 3178
stats: size_rcv 1509150 11935350
stats: newphase 6 42
stats: size_sent 1333170 10596625
stats: connected -23 258
stats: error_connect_etimedout 4 4
# stats: dump at 1339074618
stats: users 18085 18085
stats: {load,"os_mon@test2"} 1 0.5703125 0.0 1.140625 0.5703125 0.8068576388888888 9
stats: {freemem,"os_mon@test2"} 1 1295.75 0.0 1540.80859375 1295.75 1459.0594618055557 9
stats: {recvpackets,"os_mon@test3"} 1 8845.0 0.0 12446 4691 9209.142857142857 7
stats: {sentpackets,"os_mon@test3"} 1 6743.0 0.0 9044 3501 6686.0 7
stats: {cpu,"os_mon@test3"} 1 36.78590496529632 0.0 37.4331550802139 3.2696177062374243 26.830020296302273 8
stats: {load,"os_mon@test4"} 1 0.73828125 0.0 1.828125 0.73828125 1.25341796875 8
stats: {freemem,"os_mon@test4"} 1 1272.39453125 0.0 1542.3828125 1272.39453125 1455.38525390625 8
stats: {freemem,"os_mon@myserver"} 1 1362.921875 0.0 1363.06640625 1351.0078125 1358.37353515625 8
stats: {recvpackets,"os_mon@test2"} 1 9346.0 0.0 12315 1143 8274.25 8
stats: {sentpackets,"os_mon@test2"} 1 7036.0 0.0 9014 970 6031.25 8
stats: {cpu,"os_mon@test2"} 1 24.973600844772967 0.0 44.21441950574994 15.085287846481876 32.89609196964782 9
stats: {load,"os_mon@test3"} 1 1.328125 0.0 1.8515625 1.01171875 1.30322265625 8
stats: {freemem,"os_mon@test3"} 1 1090.09375 0.0 1390.25390625 1090.09375 1296.6572265625 8
stats: {recvpackets,"os_mon@test4"} 1 8866.0 0.0 12440 4692 9209.57142857143 7
stats: {sentpackets,"os_mon@test4"} 1 6758.0 0.0 9041 3502 6686.285714285715 7
stats: {cpu,"os_mon@test4"} 1 33.35123523093448 0.0 33.35123523093448 3.481331987891019 23.00194316937705 8
stats: {load,"os_mon@myserver"} 1 1.05078125 0.0 1.140625 1.05078125 1.09521484375 8
stats: {recvpackets,"os_mon@myserver"} 1 9206.0 0.0 12214 4739 9199.714285714286 7
stats: {sentpackets,"os_mon@myserver"} 1 6984.0 0.0 8893 3525 6680.714285714285 7
stats: {cpu,"os_mon@myserver"} 1 25.41990473802958 0.0 25.55638909727432 3.8384345208228803 22.554454746208343 8
stats: session 297 41252.818501584836 15019.215551705256 70170.38305664063 26.31396484375 13519.18270196722 3519
stats: users_count 3820 21901
stats: finish_users_count 297 3816
stats: request 9710 4587.558139160682 7672.17926013674 57361.385986328125 1.469970703125 2513.553689352094 79569
stats: page 303 41247.95931070156 14869.596248137474 70168.88305664063 23.827880859375 13435.043822998674 3509
stats: connect 9715 4168.959004001727 7597.035807548557 31107.152099609375 0.27490234375 2280.5874653645583 79827
stats: 200 9710 89279
stats: size_rcv 1456500 13391850
stats: newphase 6 48
stats: size_sent 1290713 11887338
stats: connected 5 263
stats: error_connect_etimedout 597 601
# stats: dump at 1339074628
stats: users 20608 20622
stats: {load,"os_mon@test2"} 1 0.8515625 0.0 1.140625 0.5703125 0.783203125 10
stats: {freemem,"os_mon@test2"} 1 1250.86328125 0.0 1540.80859375 1250.86328125 1442.728515625 10
stats: {recvpackets,"os_mon@test3"} 1 14735.0 0.0 14735 4691 9163.625 8
stats: {sentpackets,"os_mon@test3"} 1 10841.0 0.0 10841 3501 6693.125 8
stats: {cpu,"os_mon@test3"} 1 45.14224369296833 0.0 45.14224369296833 3.2696177062374243 27.936229703968277 9
stats: {load,"os_mon@test4"} 1 0.83984375 0.0 1.828125 0.73828125 1.1961805555555556 9
stats: {freemem,"os_mon@test4"} 1 1222.63671875 0.0 1542.3828125 1222.63671875 1435.052951388889 9
stats: {freemem,"os_mon@myserver"} 1 1363.1484375 0.0 1363.1484375 1351.0078125 1358.87890625 9
stats: {recvpackets,"os_mon@test2"} 1 14625.0 0.0 14625 1143 8393.333333333334 9
stats: {sentpackets,"os_mon@test2"} 1 10763.0 0.0 10763 970 6142.888888888889 9
stats: {cpu,"os_mon@test2"} 1 34.57556935817806 0.0 44.21441950574994 15.085287846481876 32.10384285716034 10
stats: {load,"os_mon@test3"} 1 1.28125 0.0 1.8515625 1.01171875 1.3059895833333333 9
stats: {freemem,"os_mon@test3"} 1 1016.26171875 0.0 1390.25390625 1016.26171875 1273.7057291666667 9
stats: {recvpackets,"os_mon@test4"} 1 14727.0 0.0 14727 4692 9166.625 8
stats: {sentpackets,"os_mon@test4"} 1 10836.0 0.0 10836 3502 6695.25 8
stats: {cpu,"os_mon@test4"} 1 31.132581857219538 0.0 33.35123523093448 3.481331987891019 24.151864509550098 9
stats: {load,"os_mon@myserver"} 1 1.0390625 0.0 1.140625 1.0390625 1.0902777777777777 9
stats: {recvpackets,"os_mon@myserver"} 1 14683.0 0.0 14683 4739 9200.5 8
stats: {sentpackets,"os_mon@myserver"} 1 10795.0 0.0 10795 3525 6718.625 8
stats: {cpu,"os_mon@myserver"} 1 25.593601599600103 0.0 25.593601599600103 3.8384345208228803 22.872838078632924 9
stats: session 310 50396.265602161024 17801.440274078264 88563.93701171875 26.31396484375 15677.69680901293 3816
stats: users_count 2833 24734
stats: finish_users_count 310 4126
stats: request 9840 5020.1156360161185 7927.21627878124 57361.385986328125 1.469970703125 2739.1227840736005 89279
stats: page 307 50409.6140136719 17703.275526019606 88561.29296875 23.827880859375 15645.776612288802 3812
stats: connect 9808 4593.784580249393 7851.218792104384 31107.152099609375 0.27490234375 2485.4693029140894 89542
stats: 200 9840 99119
stats: size_rcv 1476000 14867850
stats: newphase 5 53
stats: size_sent 1302312 13189650
stats: connected -32 231
stats: error_connect_etimedout 1064 1665
# stats: dump at 1339074638
stats: users 23871 23872
stats: {load,"os_mon@test2"} 1 1.03125 0.0 1.140625 0.5703125 0.7894176136363636 11
stats: {freemem,"os_mon@test2"} 1 1187.0390625 0.0 1540.80859375 1187.0390625 1425.286221590909 11
stats: {recvpackets,"os_mon@test3"} 1 14142.0 0.0 14735 4691 9782.666666666666 9
stats: {sentpackets,"os_mon@test3"} 1 10479.0 0.0 10841 3501 7154.0 9
stats: {cpu,"os_mon@test3"} 1 36.383092562867844 0.0 45.14224369296833 3.2696177062374243 29.656831102868285 10
stats: {load,"os_mon@test4"} 1 0.7890625 0.0 1.828125 0.73828125 1.160546875 10
stats: {freemem,"os_mon@test4"} 1 1162.484375 0.0 1542.3828125 1162.484375 1413.811328125 10
stats: {freemem,"os_mon@myserver"} 1 1363.0078125 0.0 1363.1484375 1351.0078125 1359.305859375 10
stats: {recvpackets,"os_mon@test2"} 1 14498.0 0.0 14625 1143 9016.5 10
stats: {sentpackets,"os_mon@test2"} 1 10739.0 0.0 10763 970 6604.9 10
stats: {cpu,"os_mon@test2"} 1 40.55496264674493 0.0 44.21441950574994 15.085287846481876 32.328545266343774 11
stats: {load,"os_mon@test3"} 1 1.16015625 0.0 1.8515625 1.01171875 1.303515625 10
stats: {freemem,"os_mon@test3"} 1 974.8125 0.0 1390.25390625 974.8125 1247.961328125 10
stats: {recvpackets,"os_mon@test4"} 1 14143.0 0.0 14727 4692 9784.444444444445 9
stats: {sentpackets,"os_mon@test4"} 1 10478.0 0.0 10836 3502 7155.333333333333 9
stats: {cpu,"os_mon@test4"} 1 33.74463519313305 0.0 33.74463519313305 3.481331987891019 24.849936244317043 10
stats: {load,"os_mon@myserver"} 1 1.0390625 0.0 1.140625 1.0390625 1.08515625 10
stats: {recvpackets,"os_mon@myserver"} 1 14327.0 0.0 14683 4739 9809.666666666666 9
stats: {sentpackets,"os_mon@myserver"} 1 10610.0 0.0 10795 3525 7171.555555555556 9
stats: {cpu,"os_mon@myserver"} 1 25.51326990485729 0.0 25.593601599600103 3.8384345208228803 23.144914430729642 10
stats: session 252 58503.005233522446 22603.136127848757 94129.27807617188 26.31396484375 18286.217489060415 4126
stats: users_count 3515 28249
stats: finish_users_count 252 4378
stats: 200 9534 108653
stats: request 9534 4337.2712334740445 7208.369986971741 57425.69482421875 1.469970703125 2965.567458284542 99119
stats: page 249 57191.789145841176 22471.25458330592 94127.60913085938 23.827880859375 18236.81766162714 4119
stats: connect 9524 3960.1098948370077 7130.263239746969 31107.152099609375 0.27490234375 2693.6057522357264 99350
stats: size_rcv 1430100 16297950
stats: newphase 6 59
stats: size_sent 1263556 14453206
stats: connected -10 221
stats: error_connect_etimedout 1933 3598
# stats: dump at 1339074648
stats: users 26185 26185
stats: {load,"os_mon@test2"} 1 0.87109375 0.0 1.140625 0.5703125 0.8095703125 12
stats: {freemem,"os_mon@test2"} 1 1137.84375 0.0 1540.80859375 1137.84375 1405.4322916666667 12
stats: {recvpackets,"os_mon@test3"} 1 15215.0 0.0 15215 4691 10218.6 10
stats: {sentpackets,"os_mon@test3"} 1 11150.0 0.0 11150 3501 7486.5 10
stats: {cpu,"os_mon@test3"} 1 41.891891891891895 0.0 45.14224369296833 3.2696177062374243 30.268309417413697 11
stats: {load,"os_mon@test4"} 1 0.828125 0.0 1.828125 0.73828125 1.1267755681818181 11
stats: {freemem,"os_mon@test4"} 1 1118.078125 0.0 1542.3828125 1118.078125 1390.9634232954545 11
stats: {freemem,"os_mon@myserver"} 1 1362.6640625 0.0 1363.1484375 1351.0078125 1359.6424005681818 11
stats: {recvpackets,"os_mon@test2"} 1 14830.0 0.0 14830 1143 9514.818181818182 11
stats: {sentpackets,"os_mon@test2"} 1 11010.0 0.0 11010 970 6980.727272727273 11
stats: {cpu,"os_mon@test2"} 1 34.74304068522484 0.0 44.21441950574994 15.085287846481876 33.01408004804387 12
stats: {load,"os_mon@test3"} 1 1.05859375 0.0 1.8515625 1.01171875 1.2904829545454546 11
stats: {freemem,"os_mon@test3"} 1 903.29296875 0.0 1390.25390625 903.29296875 1223.1296164772727 11
stats: {recvpackets,"os_mon@test4"} 1 15204.0 0.0 15204 4692 10220.3 10
stats: {sentpackets,"os_mon@test4"} 1 11140.0 0.0 11140 3502 7487.6 10
stats: {cpu,"os_mon@test4"} 1 29.93527508090615 0.0 33.74463519313305 3.481331987891019 25.65854523966395 11
stats: {load,"os_mon@myserver"} 1 1.03125 0.0 1.140625 1.03125 1.0809659090909092 11
stats: {recvpackets,"os_mon@myserver"} 1 15010.0 0.0 15010 4739 10261.4 10
stats: {sentpackets,"os_mon@myserver"} 1 11085.0 0.0 11085 3525 7515.4 10
stats: {cpu,"os_mon@myserver"} 1 25.51326990485729 0.0 25.593601599600103 3.8384345208228803 23.360219473832156 11
stats: session 306 69867.33727867776 24781.517751673706 103040.01000976563 26.31396484375 20601.117103405875 4378
stats: users_count 2620 30869
stats: finish_users_count 306 4684
stats: request 9608 4954.736487929338 7665.663774642836 57425.69482421875 1.469970703125 3085.9306677003588 108653
stats: page 309 70234.31700593524 24529.64771901269 103038.326171875 23.827880859375 20457.4650745322 4368
stats: connect 9688 4545.839786444494 7688.711009352399 31107.152099609375 0.27490234375 2804.396073654381 108874
stats: 200 9608 118261
stats: size_rcv 1441200 17739150
stats: newphase 6 65
stats: size_sent 1285152 15738358
stats: connected 80 301
stats: error_connect_etimedout 1670 5268
# stats: dump at 1339074658
stats: users 29422 29422
stats: {load,"os_mon@test2"} 1 0.8203125 0.0 1.140625 0.5703125 0.8143028846153846 13
stats: {freemem,"os_mon@test2"} 1 1094.20703125 0.0 1540.80859375 1094.20703125 1384.8485576923076 13
stats: {recvpackets,"os_mon@test3"} 1 14865.0 0.0 15215 4691 10672.818181818182 11
stats: {sentpackets,"os_mon@test3"} 1 11082.0 0.0 11150 3501 7819.545454545455 11
stats: {cpu,"os_mon@test3"} 1 41.15092290988056 0.0 45.14224369296833 3.2696177062374243 31.23694129028688 12
stats: {load,"os_mon@test4"} 1 0.69921875 0.0 1.828125 0.69921875 1.1018880208333333 12
stats: {freemem,"os_mon@test4"} 1 1063.30078125 0.0 1542.3828125 1063.30078125 1368.2229817708333 12
stats: {freemem,"os_mon@myserver"} 1 1362.4375 0.0 1363.1484375 1351.0078125 1359.8942057291667 12
stats: {recvpackets,"os_mon@test2"} 1 15188.0 0.0 15188 1143 9957.75 12
stats: {sentpackets,"os_mon@test2"} 1 11408.0 0.0 11408 970 7316.5 12
stats: {cpu,"os_mon@test2"} 1 33.101975440469836 0.0 44.21441950574994 15.085287846481876 33.14707702013472 13
stats: {load,"os_mon@test3"} 1 0.8984375 0.0 1.8515625 0.8984375 1.2711588541666667 12
stats: {freemem,"os_mon@test3"} 1 844.35546875 0.0 1390.25390625 844.35546875 1196.4765625 12
stats: {recvpackets,"os_mon@test4"} 1 14870.0 0.0 15204 4692 10673.363636363636 11
stats: {sentpackets,"os_mon@test4"} 1 11090.0 0.0 11140 3502 7819.636363636364 11
stats: {cpu,"os_mon@test4"} 1 36.51987110633727 0.0 36.51987110633727 3.481331987891019 26.0149393931008 12
stats: {load,"os_mon@myserver"} 1 1.03125 0.0 1.140625 1.03125 1.0768229166666667 12
stats: {recvpackets,"os_mon@myserver"} 1 14817.0 0.0 15010 4739 10693.09090909091 11
stats: {sentpackets,"os_mon@myserver"} 1 11008.0 0.0 11085 3525 7839.909090909091 11
stats: {cpu,"os_mon@myserver"} 1 25.519139354515886 0.0 25.593601599600103 3.8384345208228803 23.539640343084248 12
stats: session 221 74859.79634694928 26990.45824483938 115034.89599609375 26.31396484375 23819.619104608522 4684
stats: users_count 3458 34327
stats: finish_users_count 221 4905
stats: request 9584 4498.237876548214 7668.06626343869 57425.69482421875 1.469970703125 3237.75998015975 118261
stats: page 220 74143.61753151631 26933.181862313206 115030.72802734375 23.827880859375 23746.121744791668 4677
stats: connect 9571 4129.764320603908 7561.822768943141 31107.322998046875 0.27490234375 2946.693830857453 118562
stats: 200 9584 127845
stats: size_rcv 1437600 19176750
stats: newphase 4 69
stats: size_sent 1269777 17008135
stats: connected -13 288
stats: error_connect_etimedout 1932 7200
# stats: dump at 1339074668
stats: users 31752 31752
stats: {load,"os_mon@test2"} 1 0.69140625 0.0 1.140625 0.5703125 0.8147321428571429 14
stats: {freemem,"os_mon@test2"} 1 1027.59765625 0.0 1540.80859375 1027.59765625 1364.0884486607142 14
stats: {recvpackets,"os_mon@test3"} 1 15473.0 0.0 15473 4691 11022.166666666666 12
stats: {sentpackets,"os_mon@test3"} 1 11499.0 0.0 11499 3501 8091.416666666667 12
stats: {cpu,"os_mon@test3"} 1 36.61670235546038 0.0 45.14224369296833 3.2696177062374243 31.999555261024852 13
stats: {load,"os_mon@test4"} 1 0.671875 0.0 1.828125 0.671875 1.0709134615384615 13
stats: {freemem,"os_mon@test4"} 1 1007.3359375 0.0 1542.3828125 1007.3359375 1344.7674278846155 13
stats: {freemem,"os_mon@myserver"} 1 1362.58984375 0.0 1363.1484375 1351.0078125 1360.08984375 13
stats: {recvpackets,"os_mon@test2"} 1 15563.0 0.0 15563 1143 10360.076923076924 13
stats: {sentpackets,"os_mon@test2"} 1 11435.0 0.0 11435 970 7631.2307692307695 13
stats: {cpu,"os_mon@test2"} 1 41.60427807486631 0.0 44.21441950574994 15.085287846481876 33.14385547873008 14
stats: {load,"os_mon@test3"} 1 0.828125 0.0 1.8515625 0.828125 1.2424879807692308 13
stats: {freemem,"os_mon@test3"} 1 784.70703125 0.0 1390.25390625 784.70703125 1169.3903245192307 13
stats: {recvpackets,"os_mon@test4"} 1 15467.0 0.0 15467 4692 11023.083333333334 12
stats: {sentpackets,"os_mon@test4"} 1 11491.0 0.0 11491 3502 8092.166666666667 12
stats: {cpu,"os_mon@test4"} 1 37.26338561384532 0.0 37.26338561384532 3.481331987891019 26.82301106334976 13
stats: {load,"os_mon@myserver"} 1 1.01953125 0.0 1.140625 1.01953125 1.0733173076923077 13
stats: {recvpackets,"os_mon@myserver"} 1 15427.0 0.0 15427 4739 11036.75 12
stats: {sentpackets,"os_mon@myserver"} 1 11537.0 0.0 11537 3525 8103.916666666667 12
stats: {cpu,"os_mon@myserver"} 1 25.413533834586467 0.0 25.593601599600103 3.8384345208228803 23.691909497809757 13
stats: session 273 84732.50555799998 27667.68394596383 122067.17797851563 26.31396484375 26119.2886602777 4905
stats: users_count 2603 36930
stats: finish_users_count 273 5178
stats: request 9699 5400.894339441402 8424.491792619463 57425.69482421875 1.469970703125 3332.2526874145274 127845
stats: page 272 83765.15954320572 28487.170893972387 122065.1650390625 23.827880859375 26010.252656182198 4897
stats: connect 9696 4921.0369981067 8458.530072579777 31110.737060546875 0.27490234375 3035.0642557859514 128133
stats: 200 9699 137544
stats: size_rcv 1454850 20631600
stats: newphase 5 74
stats: size_sent 1287168 18295303
stats: connected -3 285
stats: error_connect_etimedout 2301 9501
# stats: dump at 1339074678
stats: users 35122 35142
stats: {load,"os_mon@test2"} 1 0.8203125 0.0 1.140625 0.5703125 0.8065104166666667 15
stats: {freemem,"os_mon@test2"} 1 978.8046875 0.0 1540.80859375 978.8046875 1341.6557291666666 15
stats: {recvpackets,"os_mon@test3"} 1 14534.0 0.0 15473 4691 11364.538461538461 13
stats: {sentpackets,"os_mon@test3"} 1 10919.0 0.0 11499 3501 8353.538461538461 13
stats: {cpu,"os_mon@test3"} 1 33.00760043431053 0.0 45.14224369296833 3.2696177062374243 32.32935148205596 14
stats: {load,"os_mon@test4"} 1 0.5703125 0.0 1.828125 0.5703125 1.0424107142857142 14
stats: {freemem,"os_mon@test4"} 1 933.734375 0.0 1542.3828125 933.734375 1320.6651785714287 14
stats: {freemem,"os_mon@myserver"} 1 1362.43359375 0.0 1363.1484375 1351.0078125 1360.2684151785713 14
stats: {recvpackets,"os_mon@test2"} 1 14631.0 0.0 15563 1143 10731.714285714286 14
stats: {sentpackets,"os_mon@test2"} 1 11146.0 0.0 11435 970 7902.928571428572 14
stats: {cpu,"os_mon@test2"} 1 35.338345864661655 0.0 44.21441950574994 15.085287846481876 33.70788365180583 15
stats: {load,"os_mon@test3"} 1 0.69921875 0.0 1.8515625 0.69921875 1.212890625 14
stats: {freemem,"os_mon@test3"} 1 741.5390625 0.0 1390.25390625 741.5390625 1141.9129464285713 14
stats: {recvpackets,"os_mon@test4"} 1 14737.0 0.0 15467 4692 11364.923076923076 13
stats: {sentpackets,"os_mon@test4"} 1 11132.0 0.0 11491 3502 8353.615384615385 13
stats: {cpu,"os_mon@test4"} 1 44.49864498644986 0.0 44.49864498644986 3.481331987891019 27.568752102670874 14
stats: {load,"os_mon@myserver"} 1 1.01953125 0.0 1.140625 1.01953125 1.0694754464285714 14
stats: {recvpackets,"os_mon@myserver"} 1 14781.0 0.0 15427 4739 11374.461538461539 13
stats: {sentpackets,"os_mon@myserver"} 1 11245.0 0.0 11537 3525 8368.0 13
stats: {cpu,"os_mon@myserver"} 1 25.469571750563485 0.0 25.593601599600103 3.8384345208228803 23.81488266472238 14
stats: session 215 93950.98090366094 28014.753761272354 132548.99682617188 26.31396484375 29209.556758593302 5178
stats: users_count 3585 40515
stats: finish_users_count 215 5393
stats: request 9276 5216.705683712683 8512.24058373947 63225.802978515625 1.469970703125 3478.1242294883996 137544
stats: page 215 93057.90688022351 28691.229939233654 132545.15600585938 23.827880859375 29049.396527969853 5169
stats: connect 9289 4795.3154207776415 8466.847639068745 31110.737060546875 0.27490234375 3167.738741631035 137829
stats: 200 9274 146818
stats: size_rcv 1391100 22022700
stats: newphase 4 78
stats: size_sent 1232507 19527810
stats: connected 13 298
stats: error_connect_etimedout 2737 12238
# stats: dump at 1339074688
stats: users 37620 37634
stats: {load,"os_mon@test2"} 1 0.859375 0.0 1.140625 0.5703125 0.807373046875 16
stats: {freemem,"os_mon@test2"} 1 925.90234375 0.0 1540.80859375 925.90234375 1318.9775390625 16
stats: {recvpackets,"os_mon@test3"} 1 15577.0 0.0 15577 4691 11590.92857142857 14
stats: {sentpackets,"os_mon@test3"} 1 11867.0 0.0 11867 3501 8536.785714285714 14
stats: {cpu,"os_mon@test3"} 1 27.926960257787325 0.0 45.14224369296833 3.2696177062374243 32.37456807887293 15
stats: {load,"os_mon@test4"} 1 0.55859375 0.0 1.828125 0.55859375 1.0109374999999998 15
stats: {freemem,"os_mon@test4"} 1 861.6796875 0.0 1542.3828125 861.6796875 1294.8697916666667 15
stats: {freemem,"os_mon@myserver"} 1 1362.54296875 0.0 1363.1484375 1351.0078125 1360.4127604166667 15
stats: {recvpackets,"os_mon@test2"} 1 15882.0 0.0 15882 1143 10991.666666666666 15
stats: {sentpackets,"os_mon@test2"} 1 11814.0 0.0 11814 970 8119.133333333333 15
stats: {cpu,"os_mon@test2"} 1 38.30818965517241 0.0 44.21441950574994 15.085287846481876 33.80978754010932 16
stats: {load,"os_mon@test3"} 1 0.83984375 0.0 1.8515625 0.69921875 1.1786458333333334 15
stats: {freemem,"os_mon@test3"} 1 713.23828125 0.0 1390.25390625 713.23828125 1115.2213541666667 15
stats: {recvpackets,"os_mon@test4"} 1 15403.0 0.0 15467 4692 11605.785714285714 14
stats: {sentpackets,"os_mon@test4"} 1 11680.0 0.0 11680 3502 8552.07142857143 14
stats: {cpu,"os_mon@test4"} 1 41.94248507867607 0.0 44.49864498644986 3.481331987891019 28.697411628256138 15
stats: {load,"os_mon@myserver"} 1 1.1015625 0.0 1.140625 1.01953125 1.0661458333333333 15
stats: {recvpackets,"os_mon@myserver"} 1 15408.0 0.0 15427 4739 11617.785714285714 14
stats: {sentpackets,"os_mon@myserver"} 1 11503.0 0.0 11537 3525 8573.5 14
stats: {cpu,"os_mon@myserver"} 1 25.544158118588946 0.0 25.593601599600103 3.8384345208228803 23.92519527044512 15
stats: session 297 100005.39535820438 28793.254985577914 144312.90795898438 26.31396484375 31790.57033011 5393
stats: users_count 2795 43310
stats: finish_users_count 297 5690
stats: request 9528 6083.028549668378 9021.647738418027 63225.802978515625 1.469970703125 3587.9667684434767 146820
stats: page 300 98332.35792805991 29735.386164803833 141374.04907226563 23.827880859375 31605.457026806132 5384
stats: connect 9498 5546.561029424157 8907.310055752347 31120.906005859375 0.27490234375 3270.5035955074663 147118
stats: 200 9528 156346
stats: size_rcv 1429200 23451900
stats: newphase 6 84
stats: size_sent 1260246 20788056
stats: connected -30 268
stats: error_connect_etimedout 3310 15548
# stats: dump at 1339074698
stats: users 41323 41324
stats: {load,"os_mon@test2"} 1 0.80859375 0.0 1.140625 0.5703125 0.8104319852941176 17
stats: {freemem,"os_mon@test2"} 1 860.36328125 0.0 1540.80859375 860.36328125 1295.85546875 17
stats: {recvpackets,"os_mon@test3"} 1 16289.0 0.0 16289 4691 11856.666666666666 15
stats: {sentpackets,"os_mon@test3"} 1 12584.0 0.0 12584 3501 8758.8 15
stats: {cpu,"os_mon@test3"} 1 43.18669527896996 0.0 45.14224369296833 3.2696177062374243 32.09659259005508 16
stats: {load,"os_mon@test4"} 1 0.62109375 0.0 1.828125 0.55859375 0.9826660156249998 16
stats: {freemem,"os_mon@test4"} 1 811.46875 0.0 1542.3828125 811.46875 1267.79541015625 16
stats: {freemem,"os_mon@myserver"} 1 1362.28125 0.0 1363.1484375 1351.0078125 1360.5458984375 16
stats: {recvpackets,"os_mon@test2"} 1 16630.0 0.0 16630 1143 11297.3125 16
stats: {sentpackets,"os_mon@test2"} 1 12694.0 0.0 12694 970 8350.0625 16
stats: {cpu,"os_mon@test2"} 1 42.406417112299465 0.0 44.21441950574994 15.085287846481876 34.07439942923068 17
stats: {load,"os_mon@test3"} 1 0.859375 0.0 1.8515625 0.69921875 1.157470703125 16
stats: {freemem,"os_mon@test3"} 1 645.73828125 0.0 1390.25390625 645.73828125 1090.097412109375 16
stats: {recvpackets,"os_mon@test4"} 1 16293.0 0.0 16293 4692 11858.933333333332 15
stats: {sentpackets,"os_mon@test4"} 1 12573.0 0.0 12573 3502 8760.6 15
stats: {cpu,"os_mon@test4"} 1 38.161411010155 0.0 44.49864498644986 3.481331987891019 29.525228718907385 16
stats: {load,"os_mon@myserver"} 1 1.078125 0.0 1.140625 1.01953125 1.068359375 16
stats: {recvpackets,"os_mon@myserver"} 1 16470.0 0.0 16470 4739 11870.466666666667 15
stats: {sentpackets,"os_mon@myserver"} 1 12666.0 0.0 12666 3525 8768.8 15
stats: {cpu,"os_mon@myserver"} 1 25.457278877474316 0.0 25.593601599600103 3.8384345208228803 24.02638044845411 16
stats: session 278 106977.23241397116 27109.32863258337 148967.57104492188 26.31396484375 35351.16840275394 5690
stats: users_count 3981 47291
stats: finish_users_count 278 5968
stats: request 9297 4999.337381309382 7894.5043960500525 63225.802978515625 1.469970703125 3740.0182731094196 156348
stats: page 275 105823.31239701707 28799.177564840957 148966.40502929688 23.827880859375 35127.28501244585 5684
stats: connect 9299 4280.223212084079 7733.103160768228 31120.906005859375 0.27490234375 3408.5354281895725 156616
stats: 200 9297 165643
stats: size_rcv 1394550 24846450
stats: newphase 6 90
stats: size_sent 1235057 22023113
stats: connected 2 270
stats: error_connect_etimedout 3691 19239
# stats: dump at 1339074708
stats: users 43820 43820
stats: {load,"os_mon@test2"} 1 0.6796875 0.0 1.140625 0.5703125 0.8103298611111112 18
stats: {freemem,"os_mon@test2"} 1 829.0859375 0.0 1540.80859375 829.0859375 1271.6614583333333 18
stats: {recvpackets,"os_mon@test3"} 1 20826.0 0.0 20826 4691 12133.6875 16
stats: {sentpackets,"os_mon@test3"} 1 14755.0 0.0 14755 3501 8997.875 16
stats: {cpu,"os_mon@test3"} 1 53.35497835497836 0.0 53.35497835497836 3.2696177062374243 32.74895157175596 17
stats: {load,"os_mon@test4"} 1 0.98828125 0.0 1.828125 0.55859375 0.9613970588235292 17
stats: {freemem,"os_mon@test4"} 1 751.59765625 0.0 1542.3828125 751.59765625 1240.9526654411766 17
stats: {freemem,"os_mon@myserver"} 1 1362.08203125 0.0 1363.1484375 1351.0078125 1360.6479779411766 17
stats: {recvpackets,"os_mon@test2"} 1 19925.0 0.0 19925 1143 11611.0 17
stats: {sentpackets,"os_mon@test2"} 1 14442.0 0.0 14442 970 8605.588235294117 17
stats: {cpu,"os_mon@test2"} 1 30.45356371490281 0.0 44.21441950574994 15.085287846481876 34.53728930051228 18
stats: {load,"os_mon@test3"} 1 1.2890625 0.0 1.8515625 0.69921875 1.1399356617647058 17
stats: {freemem,"os_mon@test3"} 1 554.69140625 0.0 1390.25390625 554.69140625 1063.9586397058824 17
stats: {recvpackets,"os_mon@test4"} 1 20807.0 0.0 20807 4692 12136.0625 16
stats: {sentpackets,"os_mon@test4"} 1 14749.0 0.0 14749 3502 8998.875 16
stats: {cpu,"os_mon@test4"} 1 39.64401294498382 0.0 44.49864498644986 3.481331987891019 30.03323944192195 17
stats: {load,"os_mon@myserver"} 1 1.0703125 0.0 1.140625 1.01953125 1.0689338235294117 17
stats: {recvpackets,"os_mon@myserver"} 1 20438.0 0.0 20438 4739 12157.9375 16
stats: {sentpackets,"os_mon@myserver"} 1 14519.0 0.0 14519 3525 9012.375 16
stats: {cpu,"os_mon@myserver"} 1 25.50688360450563 0.0 25.593601599600103 3.8384345208228803 24.110550944278828 17
stats: session 247 110154.71715468433 29453.17124935698 165974.34594726563 26.31396484375 38687.63720220407 5968
stats: users_count 2744 50035
stats: finish_users_count 247 6215
stats: request 9617 5043.2789190751955 8253.778725666503 63225.802978515625 1.469970703125 3810.6988837462336 165645
stats: connect 9642 4638.294678493991 8201.54784534449 31120.906005859375 0.27490234375 3457.390713742024 165915
stats: page 245 109873.0292201451 29441.524432378395 165965.43579101563 23.827880859375 38389.81354588386 5959
stats: 200 9617 175260
stats: size_rcv 1442550 26289000
stats: newphase 5 95
stats: size_sent 1279910 23303023
stats: connected 25 295
stats: error_connect_etimedout 4143 23382
# stats: dump at 1339074718
stats: users 46001 46001
stats: {load,"os_mon@test2"} 1 1.0390625 0.0 1.140625 0.5703125 0.803453947368421 19
stats: {freemem,"os_mon@test2"} 1 761.41015625 0.0 1540.80859375 761.41015625 1248.368009868421 19
stats: {recvpackets,"os_mon@test3"} 1 14456.0 0.0 20826 4691 12645.0 17
stats: {sentpackets,"os_mon@test3"} 1 11149.0 0.0 14755 3501 9336.529411764706 17
stats: {cpu,"os_mon@test3"} 1 33.3694474539545 0.0 53.35497835497836 3.2696177062374243 33.89373083749054 18
stats: {load,"os_mon@test4"} 1 0.83984375 0.0 1.828125 0.55859375 0.9628906249999998 18
stats: {freemem,"os_mon@test4"} 1 698.66015625 0.0 1542.3828125 698.66015625 1213.7662760416667 18
stats: {freemem,"os_mon@myserver"} 1 1361.99609375 0.0 1363.1484375 1351.0078125 1360.7276475694443 18
stats: {recvpackets,"os_mon@test2"} 1 15373.0 0.0 19925 1143 12072.888888888889 18
stats: {sentpackets,"os_mon@test2"} 1 11491.0 0.0 14442 970 8929.833333333334 18
stats: {cpu,"os_mon@test2"} 1 43.73304395008139 0.0 44.21441950574994 15.085287846481876 34.322356374953884 19
stats: {load,"os_mon@test3"} 1 1.328125 0.0 1.8515625 0.69921875 1.1482204861111112 18
stats: {freemem,"os_mon@test3"} 1 511.1015625 0.0 1390.25390625 511.1015625 1035.666015625 18
stats: {recvpackets,"os_mon@test4"} 1 14456.0 0.0 20807 4692 12646.117647058823 17
stats: {sentpackets,"os_mon@test4"} 1 11150.0 0.0 14749 3502 9337.117647058823 17
stats: {cpu,"os_mon@test4"} 1 37.62322015334064 0.0 44.49864498644986 3.481331987891019 30.567171303203168 18
stats: {load,"os_mon@myserver"} 1 1.12890625 0.0 1.140625 1.01953125 1.0690104166666667 18
stats: {recvpackets,"os_mon@myserver"} 1 14676.0 0.0 20438 4739 12645.0 17
stats: {sentpackets,"os_mon@myserver"} 1 11270.0 0.0 14519 3525 9336.29411764706 17
stats: {cpu,"os_mon@myserver"} 1 25.53191489361702 0.0 25.593601599600103 3.8384345208228803 24.188124980958094 18
stats: session 345 96223.48928399575 51537.394681486694 172927.60498046875 26.31396484375 41527.92179564938 6215
stats: users_count 2526 52561
stats: finish_users_count 345 6560
stats: request 9533 4980.871547278419 8083.465390875932 63225.802978515625 1.469970703125 3878.3331809684423 175262
stats: page 285 114197.73251696136 34145.32905979095 172925.62084960938 23.827880859375 41212.73228221429 6204
stats: connect 9540 4561.596825429735 8073.640637947295 31120.906005859375 0.27490234375 3522.2487144377437 175557
stats: error_unknown 63 63
stats: 200 9533 184793
stats: size_rcv 1429950 27718950
stats: newphase 5 100
stats: size_sent 1266708 24569731
stats: connected 7 302
stats: error_connect_etimedout 4400 27782
# stats: dump at 1339074728
stats: users 49132 49137
stats: {load,"os_mon@test2"} 1 0.9609375 0.0 1.140625 0.5703125 0.815234375 20
stats: {freemem,"os_mon@test2"} 1 739.03125 0.0 1540.80859375 739.03125 1224.0201171875 20
stats: {recvpackets,"os_mon@test3"} 1 18096.0 0.0 20826 4691 12745.611111111111 18
stats: {sentpackets,"os_mon@test3"} 1 13257.0 0.0 14755 3501 9437.222222222223 18
stats: {cpu,"os_mon@test3"} 1 38.432432432432435 0.0 53.35497835497836 3.2696177062374243 33.86613697519917 19
stats: {load,"os_mon@test4"} 1 0.7890625 0.0 1.828125 0.55859375 0.9564144736842103 19
stats: {freemem,"os_mon@test4"} 1 605.42578125 0.0 1542.3828125 605.42578125 1186.655427631579 19
stats: {freemem,"os_mon@myserver"} 1 1361.9140625 0.0 1363.1484375 1351.0078125 1360.7944078947369 19
stats: {recvpackets,"os_mon@test2"} 1 18049.0 0.0 19925 1143 12246.578947368422 19
stats: {sentpackets,"os_mon@test2"} 1 13449.0 0.0 14442 970 9064.631578947368 19
stats: {cpu,"os_mon@test2"} 1 35.14394350896252 0.0 44.21441950574994 15.085287846481876 34.79289075371026 20
stats: {load,"os_mon@test3"} 1 1.69140625 0.0 1.8515625 0.69921875 1.157689144736842 19
stats: {freemem,"os_mon@test3"} 1 461.60546875 0.0 1390.25390625 461.60546875 1008.0573601973684 19
stats: {recvpackets,"os_mon@test4"} 1 18184.0 0.0 20807 4692 12746.666666666666 18
stats: {sentpackets,"os_mon@test4"} 1 13321.0 0.0 14749 3502 9437.833333333334 18
stats: {cpu,"os_mon@test4"} 1 50.84468664850136 0.0 50.84468664850136 3.481331987891019 30.938542295315667 19
stats: {load,"os_mon@myserver"} 1 1.109375 0.0 1.140625 1.01953125 1.0721628289473684 19
stats: {recvpackets,"os_mon@myserver"} 1 18822.0 0.0 20438 4739 12757.833333333334 18
stats: {sentpackets,"os_mon@myserver"} 1 13984.0 0.0 14519 3525 9443.722222222223 18
stats: {cpu,"os_mon@myserver"} 1 25.481852315394242 0.0 25.593601599600103 3.8384345208228803 24.25885076583488 19
stats: session 259 128971.03588301611 37886.34947315532 184495.91381835938 26.31396484375 44404.44173215541 6560
stats: users_count 3390 55951
stats: finish_users_count 259 6819
stats: error_unknown 3 66
stats: request 9293 5130.110382667907 8478.903695734223 63225.802978515625 1.469970703125 3935.2097103444157 184795
stats: page 261 127747.13100155651 38455.02150759665 184494.28100585938 23.827880859375 44418.26858471127 6489
stats: connect 9260 4605.095807820707 8316.68404737082 31239.752197265625 0.27490234375 3575.8172810750402 185097
stats: 200 9292 194085
stats: size_rcv 1393800 29112750
stats: newphase 3 103
stats: size_sent 1229340 25799071
stats: connected -33 269
stats: error_connect_etimedout 4449 32231
# stats: dump at 1339074729
stats: users 49130 49137
stats: {load,"os_mon@test2"} 0 0 0 1.140625 0.5703125 0.8221726190476191 21
stats: {freemem,"os_mon@test2"} 0 0 0 1540.80859375 739.03125 1200.9254092261904 21
stats: {recvpackets,"os_mon@test3"} 0 0 0 20826 4691 13027.21052631579 19
stats: {sentpackets,"os_mon@test3"} 0 0 0 14755 3501 9638.263157894737 19
stats: {cpu,"os_mon@test3"} 0 0 0 53.35497835497836 3.2696177062374243 34.09445174806083 20
stats: {load,"os_mon@test4"} 0 0 0 1.828125 0.55859375 0.9480468749999998 20
stats: {freemem,"os_mon@test4"} 0 0 0 1542.3828125 605.42578125 1157.5939453125 20
stats: {freemem,"os_mon@myserver"} 0 0 0 1363.1484375 1351.0078125 1360.850390625 20
stats: {recvpackets,"os_mon@test2"} 0 0 0 19925 1143 12536.7 20
stats: {sentpackets,"os_mon@test2"} 0 0 0 14442 970 9283.85 20
stats: {cpu,"os_mon@test2"} 0 0 0 44.21441950574994 15.085287846481876 34.80960755157941 21
stats: {load,"os_mon@test3"} 0 0 0 1.8515625 0.69921875 1.184375 20
stats: {freemem,"os_mon@test3"} 0 0 0 1390.25390625 461.60546875 980.734765625 20
stats: {recvpackets,"os_mon@test4"} 0 0 0 20807 4692 13032.842105263158 19
stats: {sentpackets,"os_mon@test4"} 0 0 0 14749 3502 9642.21052631579 19
stats: {cpu,"os_mon@test4"} 0 0 0 50.84468664850136 3.481331987891019 31.933849512974952 20
stats: {load,"os_mon@myserver"} 0 0 0 1.140625 1.01953125 1.0740234375 20
stats: {recvpackets,"os_mon@myserver"} 0 0 0 20438 4739 13077.0 19
stats: {sentpackets,"os_mon@myserver"} 0 0 0 14519 3525 9682.684210526315 19
stats: {cpu,"os_mon@myserver"} 0 0 0 25.593601599600103 3.8384345208228803 24.320000843312847 20
stats: session 5 159987.6921875 22544.009102709402 184495.91381835938 26.31396484375 47616.459313189705 6819
stats: users_count 3 55954
stats: finish_users_count 5 6824
stats: request 190 6344.889212839227 8967.33226392764 63225.802978515625 1.469970703125 3992.421964311184 194088
stats: page 3 131035.6416829427 19724.505706855227 184494.28100585938 23.827880859375 47640.317931495956 6750
stats: connect 200 4629.740130615234 7565.086178563021 31239.752197265625 0.27490234375 3624.856518960297 194357
stats: error_unknown 0 66
stats: 200 190 194275
stats: size_rcv 28500 29141250
stats: newphase 0 103
stats: size_sent 26512 25825583
stats: connected 10 279
stats: error_connect_etimedout 29 32260
stats: error_abort 1 1
EndMonitor:{1339,74729,197838}
