# stats: dump at 1338995109
stats: users 0 0
# stats: dump at 1338995119
stats: users 2 14
stats: {load,"os_mon@test2"} 1 0.8203125 0 0.8203125 0.8203125 0 0
stats: {freemem,"os_mon@test2"} 1 1429.78125 0 1429.78125 1429.78125 0 0
stats: {load,"os_mon@test4"} 1 1.12109375 0 1.12109375 1.12109375 0 0
stats: {cpu,"os_mon@test3"} 1 2.062374245472837 0 2.062374245472837 2.062374245472837 0 0
stats: {freemem,"os_mon@test4"} 1 1582.1328125 0 1582.1328125 1582.1328125 0 0
stats: {freemem,"os_mon@myserver"} 1 1250.00390625 0 1250.00390625 1250.00390625 0 0
stats: {load,"os_mon@test3"} 1 1.01171875 0 1.01171875 1.01171875 0 0
stats: {cpu,"os_mon@test2"} 1 2.507522567703109 0 2.507522567703109 2.507522567703109 0 0
stats: {freemem,"os_mon@test3"} 1 1414.64453125 0 1414.64453125 1414.64453125 0 0
stats: {cpu,"os_mon@test4"} 1 2.2511255627813904 0 2.2511255627813904 2.2511255627813904 0 0
stats: {load,"os_mon@myserver"} 1 5.0390625 0 5.0390625 5.0390625 0 0
stats: {cpu,"os_mon@myserver"} 1 1.2060301507537687 0 1.2060301507537687 1.2060301507537687 0 0
stats: session 822 27.3839589511101 10.250575049559668 136.77490234375 17.468994140625 0 0
stats: users_count 824 824
stats: finish_users_count 822 822
stats: request 8141 2.3688030085946172 1.3492933178258706 50.10302734375 1.214111328125 0 0
stats: page 813 25.23337711648602 10.096456709509068 133.099853515625 15.58203125 0 0
stats: connect 8142 1.0389648077675933 0.5438949484758319 11.35205078125 0.429931640625 0 0
stats: 200 8141 8141
stats: size_rcv 1220508 1220508
stats: size_sent 1079082 1079082
stats: connected 1 1
# stats: dump at 1338995129
stats: users 5 27
stats: {load,"os_mon@test2"} 1 0.76171875 0.0 0.8203125 0.76171875 0.8203125 1
stats: {recvpackets,"os_mon@test3"} 1 4707 0 4707 4707 0 0
stats: {sentpackets,"os_mon@test3"} 1 3161 0 3161 3161 0 0
stats: {freemem,"os_mon@test2"} 1 1428.109375 0.0 1429.78125 1428.109375 1429.78125 1
stats: {load,"os_mon@test4"} 1 0.94921875 0.0 1.12109375 0.94921875 1.12109375 1
stats: {cpu,"os_mon@test3"} 1 17.905918057663126 0.0 17.905918057663126 2.062374245472837 2.062374245472837 1
stats: {freemem,"os_mon@test4"} 1 1581.171875 0.0 1582.1328125 1581.171875 1582.1328125 1
stats: {freemem,"os_mon@myserver"} 1 1249.45703125 0.0 1250.00390625 1249.45703125 1250.00390625 1
stats: {recvpackets,"os_mon@test2"} 1 4758 0 4758 4758 0 0
stats: {sentpackets,"os_mon@test2"} 1 3191 0 3191 3191 0 0
stats: {load,"os_mon@test3"} 1 0.8515625 0.0 1.01171875 0.8515625 1.01171875 1
stats: {cpu,"os_mon@test2"} 1 26.128868594622016 0.0 26.128868594622016 2.507522567703109 2.507522567703109 1
stats: {recvpackets,"os_mon@test4"} 1 4700 0 4700 4700 0 0
stats: {sentpackets,"os_mon@test4"} 1 3153 0 3153 3153 0 0
stats: {freemem,"os_mon@test3"} 1 1413.69140625 0.0 1414.64453125 1413.69140625 1414.64453125 1
stats: {cpu,"os_mon@test4"} 1 18.04202972834444 0.0 18.04202972834444 2.2511255627813904 2.2511255627813904 1
stats: {load,"os_mon@myserver"} 1 4.26171875 0.0 5.0390625 4.26171875 5.0390625 1
stats: {recvpackets,"os_mon@myserver"} 1 4821 0 4821 4821 0 0
stats: {sentpackets,"os_mon@myserver"} 1 3237 0 3237 3237 0 0
stats: {cpu,"os_mon@myserver"} 1 25.579103006407095 0.0 25.579103006407095 1.2060301507537687 1.2060301507537687 1
stats: session 1763 40.117973375239295 46.02433804187087 1058.123046875 17.05810546875 27.3839589511101 822
stats: users_count 1766 2590
stats: finish_users_count 1763 2585
stats: request 17350 3.620259267493697 11.626032439973661 999.89794921875 1.14111328125 2.3688030085946172 8141
stats: page 1733 37.72371917037827 39.469820798587364 1034.18701171875 14.93505859375 25.23337711648602 813
stats: connect 17350 1.466191251463438 7.616021310282133 998.7021484375 0.39990234375 1.0389648077675933 8142
stats: 200 17351 25492
stats: size_rcv 2531304 3751812
stats: newphase 6 6
stats: size_sent 2305154 3384236
stats: connected 0 1
# stats: dump at 1338995139
stats: users 1892 1892
stats: {load,"os_mon@test2"} 1 0.71875 0.0 0.8203125 0.71875 0.791015625 2
stats: {recvpackets,"os_mon@test3"} 1 8616.0 0.0 8616 4707 4707.0 1
stats: {sentpackets,"os_mon@test3"} 1 5694.0 0.0 5694 3161 3161.0 1
stats: {freemem,"os_mon@test2"} 1 1427.5390625 0.0 1429.78125 1427.5390625 1428.9453125 2
stats: {load,"os_mon@test4"} 1 0.80078125 0.0 1.12109375 0.80078125 1.03515625 2
stats: {cpu,"os_mon@test3"} 1 36.471193415637856 0.0 36.471193415637856 2.062374245472837 9.98414615156798 2
stats: {freemem,"os_mon@test4"} 1 1580.32421875 0.0 1582.1328125 1580.32421875 1581.65234375 2
stats: {freemem,"os_mon@myserver"} 1 1249.36328125 0.0 1250.00390625 1249.36328125 1249.73046875 2
stats: {recvpackets,"os_mon@test2"} 1 8676.0 0.0 8676 4758 4758.0 1
stats: {sentpackets,"os_mon@test2"} 1 5733.0 0.0 5733 3191 3191.0 1
stats: {load,"os_mon@test3"} 1 0.87890625 0.0 1.01171875 0.8515625 0.931640625 2
stats: {cpu,"os_mon@test2"} 1 43.34523202447731 0.0 43.34523202447731 2.507522567703109 14.318195581162563 2
stats: {recvpackets,"os_mon@test4"} 1 8613.0 0.0 8613 4700 4.7e3 1
stats: {sentpackets,"os_mon@test4"} 1 5695.0 0.0 5695 3153 3153.0 1
stats: {freemem,"os_mon@test3"} 1 1413.44921875 0.0 1414.64453125 1413.44921875 1414.16796875 2
stats: {cpu,"os_mon@test4"} 1 37.316561844863735 0.0 37.316561844863735 2.2511255627813904 10.146577645562914 2
stats: {load,"os_mon@myserver"} 1 3.83984375 0.0 5.0390625 3.83984375 4.650390625 2
stats: {recvpackets,"os_mon@myserver"} 1 8752.0 0.0 8752 4821 4821.0 1
stats: {sentpackets,"os_mon@myserver"} 1 5785.0 0.0 5785 3237 3237.0 1
stats: {cpu,"os_mon@myserver"} 1 44.9508939813649 0.0 44.9508939813649 1.2060301507537687 13.392566578580432 2
stats: session 871 361.01730847714543 626.6841290913675 5584.218017578125 17.05810546875 36.068704571899175 2585
stats: users_count 2758 5348
stats: finish_users_count 871 3456
stats: request 10306 85.04093756917241 327.071087064393 5240.5751953125 1.14111328125 3.2205846606247075 25491
stats: page 910 346.2952717204669 617.0524158695961 5582.235107421875 14.93505859375 33.735247807528935 2546
stats: connect 10596 33.87768884171351 205.76077223284912 3012.56298828125 0.39990234375 1.3297375520843557 25492
stats: 200 10305 35797
stats: size_rcv 1448502 5200314
stats: newphase 6 12
stats: size_sent 1407412 4791648
stats: connected 290 291
# stats: dump at 1338995149
stats: users 4818 4818
stats: {load,"os_mon@test2"} 1 0.609375 0.0 0.8203125 0.609375 0.7669270833333334 3
stats: {recvpackets,"os_mon@test3"} 1 9896.0 0.0 9896 4707 6661.5 2
stats: {sentpackets,"os_mon@test3"} 1 6824.0 0.0 6824 3161 4427.5 2
stats: {freemem,"os_mon@test2"} 1 1413.8515625 0.0 1429.78125 1413.8515625 1428.4765625 3
stats: {load,"os_mon@test4"} 1 0.76171875 0.0 1.12109375 0.76171875 0.95703125 3
stats: {cpu,"os_mon@test3"} 1 20.68412613575628 0.0 36.471193415637856 2.062374245472837 18.81316190625794 3
stats: {freemem,"os_mon@test4"} 1 1565.2734375 0.0 1582.1328125 1565.2734375 1581.2096354166667 3
stats: {freemem,"os_mon@myserver"} 1 1249.953125 0.0 1250.00390625 1249.36328125 1249.6080729166667 3
stats: {recvpackets,"os_mon@test2"} 1 9877.0 0.0 9877 4758 6717.0 2
stats: {sentpackets,"os_mon@test2"} 1 6819.0 0.0 6819 3191 4462.0 2
stats: {load,"os_mon@test3"} 1 0.73828125 0.0 1.01171875 0.73828125 0.9140625 3
stats: {cpu,"os_mon@test2"} 1 23.186925434116446 0.0 43.34523202447731 2.507522567703109 23.993874395600812 3
stats: {recvpackets,"os_mon@test4"} 1 9903.0 0.0 9903 4700 6656.5 2
stats: {sentpackets,"os_mon@test4"} 1 6827.0 0.0 6827 3153 4424.0 2
stats: {freemem,"os_mon@test3"} 1 1399.01953125 0.0 1414.64453125 1399.01953125 1413.9283854166667 3
stats: {cpu,"os_mon@test4"} 1 18.96280775275013 0.0 37.316561844863735 2.2511255627813904 19.203239045329855 3
stats: {load,"os_mon@myserver"} 1 3.7109375 0.0 5.0390625 3.7109375 4.380208333333333 3
stats: {recvpackets,"os_mon@myserver"} 1 9921.0 0.0 9921 4821 6786.5 2
stats: {sentpackets,"os_mon@myserver"} 1 6853.0 0.0 6853 3237 4511.0 2
stats: {cpu,"os_mon@myserver"} 1 16.100405679513187 0.0 44.9508939813649 1.2060301507537687 23.912009046175257 3
stats: session 40 9700.981164550783 2621.0022578863145 17303.746826171875 17.05810546875 117.96402691028734 3456
stats: users_count 2966 8314
stats: finish_users_count 40 3496
stats: 200 2290 38087
stats: request 2359 1892.838526694641 2733.035687369519 15142.532958984375 1.14111328125 26.776764147047942 35797
stats: page 39 9503.843468299277 2350.6324577715895 13676.025146484375 14.93505859375 116.03548558553054 3456
stats: connect 2840 992.5436894806345 2168.8792554645092 15043.13818359375 0.39990234375 10.88632400367243 36088
stats: size_rcv 319972 5520286
stats: newphase 6 18
stats: size_sent 376568 5168216
stats: connected 481 772
# stats: dump at 1338995159
stats: users 8010 8010
stats: {load,"os_mon@test2"} 1 0.6015625 0.0 0.8203125 0.6015625 0.7275390625 4
stats: {recvpackets,"os_mon@test3"} 1 9607.0 0.0 9896 4707 7739.666666666667 3
stats: {sentpackets,"os_mon@test3"} 1 6862.0 0.0 6862 3161 5226.333333333333 3
stats: {freemem,"os_mon@test2"} 1 1375.84765625 0.0 1429.78125 1375.84765625 1424.8203125 4
stats: {load,"os_mon@test4"} 1 0.71875 0.0 1.12109375 0.71875 0.908203125 4
stats: {cpu,"os_mon@test3"} 1 17.36590546999469 0.0 36.471193415637856 2.062374245472837 19.280902963632524 4
stats: {freemem,"os_mon@test4"} 1 1515.46484375 0.0 1582.1328125 1515.46484375 1577.2255859375 4
stats: {freemem,"os_mon@myserver"} 1 1249.4765625 0.0 1250.00390625 1249.36328125 1249.6943359375 4
stats: {recvpackets,"os_mon@test2"} 1 9553.0 0.0 9877 4758 7770.333333333333 3
stats: {sentpackets,"os_mon@test2"} 1 6825.0 0.0 6825 3191 5247.666666666667 3
stats: {load,"os_mon@test3"} 1 0.7109375 0.0 1.01171875 0.7109375 0.8701171875 4
stats: {cpu,"os_mon@test2"} 1 21.406411582213032 0.0 43.34523202447731 2.507522567703109 23.79213715522972 4
stats: {recvpackets,"os_mon@test4"} 1 9609.0 0.0 9903 4700 7738.666666666667 3
stats: {sentpackets,"os_mon@test4"} 1 6864.0 0.0 6864 3153 5225.0 3
stats: {freemem,"os_mon@test3"} 1 1350.421875 0.0 1414.64453125 1350.421875 1410.201171875 4
stats: {cpu,"os_mon@test4"} 1 17.967522262964902 0.0 37.316561844863735 2.2511255627813904 19.143131222184927 4
stats: {load,"os_mon@myserver"} 1 3.2109375 0.0 5.0390625 3.2109375 4.212890625 4
stats: {recvpackets,"os_mon@myserver"} 1 9394.0 0.0 9921 4821 7831.333333333333 3
stats: {sentpackets,"os_mon@myserver"} 1 6717.0 0.0 6853 3237 5291.666666666667 3
stats: {cpu,"os_mon@myserver"} 1 5.1405419093441385 0.0 44.9508939813649 1.2060301507537687 21.95910820450974 4
stats: session 52 13125.057659442607 5687.792715359622 26444.256103515625 17.05810546875 227.60953191761567 3496
stats: users_count 3244 11558
stats: finish_users_count 52 3548
stats: 200 3142 41229
stats: request 3286 2625.1487676025085 4604.10652736948 23679.962890625 1.14111328125 142.14629181896774 38156
stats: page 53 13201.931364239384 5662.465307310947 26442.181884765625 14.93505859375 220.79214118662816 3495
stats: connect 4142 1872.6814848984097 3907.6400958608397 15053.493896484375 0.39990234375 82.50333278795553 38928
stats: size_rcv 411324 5931610
stats: newphase 6 24
stats: size_sent 549290 5717506
stats: connected 856 1628
# stats: dump at 1338995169
stats: users 10031 10032
stats: {load,"os_mon@test2"} 1 0.66015625 0.0 0.8203125 0.6015625 0.70234375 5
stats: {recvpackets,"os_mon@test3"} 1 12167.0 0.0 12167 4707 8206.5 4
stats: {sentpackets,"os_mon@test3"} 1 8496.0 0.0 8496 3161 5635.25 4
stats: {freemem,"os_mon@test2"} 1 1332.66796875 0.0 1429.78125 1332.66796875 1415.02578125 5
stats: {load,"os_mon@test4"} 1 0.76953125 0.0 1.12109375 0.71875 0.8703125 5
stats: {cpu,"os_mon@test3"} 1 20.06335797254488 0.0 36.471193415637856 2.062374245472837 18.897903464904957 5
stats: {freemem,"os_mon@test4"} 1 1482.5859375 0.0 1582.1328125 1482.5859375 1564.8734375 5
stats: {freemem,"os_mon@myserver"} 1 1249.375 0.0 1250.00390625 1249.36328125 1249.65078125 5
stats: {recvpackets,"os_mon@test2"} 1 12161.0 0.0 12161 4758 8216.0 4
stats: {sentpackets,"os_mon@test2"} 1 8496.0 0.0 8496 3191 5642.0 4
stats: {load,"os_mon@test3"} 1 0.6796875 0.0 1.01171875 0.6796875 0.83828125 5
stats: {cpu,"os_mon@test2"} 1 27.409326424870468 0.0 43.34523202447731 2.507522567703109 23.314992040626386 5
stats: {recvpackets,"os_mon@test4"} 1 12170.0 0.0 12170 4700 8206.25 4
stats: {sentpackets,"os_mon@test4"} 1 8498.0 0.0 8498 3153 5634.75 4
stats: {freemem,"os_mon@test3"} 1 1320.9296875 0.0 1414.64453125 1320.9296875 1398.2453125 5
stats: {cpu,"os_mon@test4"} 1 18.306878306878307 0.0 37.316561844863735 2.2511255627813904 18.908009430340922 5
stats: {load,"os_mon@myserver"} 1 2.87109375 0.0 5.0390625 2.87109375 4.0125 5
stats: {recvpackets,"os_mon@myserver"} 1 12322.0 0.0 12322 4821 8222.0 4
stats: {sentpackets,"os_mon@myserver"} 1 8644.0 0.0 8644 3237 5648.0 4
stats: {cpu,"os_mon@myserver"} 1 7.758402830427091 0.0 44.9508939813649 1.2060301507537687 18.59539494547662 5
stats: session 9 23545.40394422743 7605.038958554212 34350.421875 17.05810546875 416.63639286217585 3548
stats: users_count 2030 13588
stats: finish_users_count 9 3557
stats: 200 1715 42944
stats: request 1865 4439.275233537196 6594.073284630358 33939.7548828125 1.14111328125 339.02738190691514 41442
stats: page 9 23543.142523871527 7605.329235073377 34349.204833984375 14.93505859375 414.7043110913057 3548
stats: connect 2246 3283.517404095995 6700.0685165254345 31107.2080078125 0.39990234375 254.6630241285987 43070
stats: size_rcv 212934 6144544
stats: newphase 6 30
stats: size_sent 297954 6015460
stats: connected 381 2009
# stats: dump at 1338995179
stats: users 13695 13695
stats: {load,"os_mon@test2"} 1 0.859375 0.0 0.859375 0.6015625 0.6953125 6
stats: {recvpackets,"os_mon@test3"} 1 7375.0 0.0 12167 4707 8998.6 5
stats: {sentpackets,"os_mon@test3"} 1 5518.0 0.0 8496 3161 6207.4 5
stats: {freemem,"os_mon@test2"} 1 1288.8203125 0.0 1429.78125 1288.8203125 1401.2994791666667 6
stats: {load,"os_mon@test4"} 1 0.6484375 0.0 1.12109375 0.6484375 0.853515625 6
stats: {cpu,"os_mon@test3"} 1 16.49867374005305 0.0 36.471193415637856 2.062374245472837 19.092145882844942 6
stats: {freemem,"os_mon@test4"} 1 1455.48828125 0.0 1582.1328125 1455.48828125 1551.1588541666667 6
stats: {freemem,"os_mon@myserver"} 1 1248.41015625 0.0 1250.00390625 1248.41015625 1249.6048177083333 6
stats: {recvpackets,"os_mon@test2"} 1 7551.0 0.0 12161 4758 9005.0 5
stats: {sentpackets,"os_mon@test2"} 1 5636.0 0.0 8496 3191 6212.8 5
stats: {load,"os_mon@test3"} 1 0.5703125 0.0 1.01171875 0.5703125 0.8118489583333334 6
stats: {cpu,"os_mon@test2"} 1 24.487651077246454 0.0 43.34523202447731 2.507522567703109 23.997381104667067 6
stats: {recvpackets,"os_mon@test4"} 1 7682.0 0.0 12170 4700 8999.0 5
stats: {sentpackets,"os_mon@test4"} 1 5742.0 0.0 8498 3153 6207.4 5
stats: {freemem,"os_mon@test3"} 1 1270.6796875 0.0 1414.64453125 1270.6796875 1385.359375 6
stats: {cpu,"os_mon@test4"} 1 11.213517665130567 0.0 37.316561844863735 2.2511255627813904 18.80782090976382 6
stats: {load,"os_mon@myserver"} 1 2.5 0.0 5.0390625 2.5 3.822265625 6
stats: {recvpackets,"os_mon@myserver"} 1 7637.0 0.0 12322 4821 9042.0 5
stats: {sentpackets,"os_mon@myserver"} 1 5662.0 0.0 8644 3237 6247.2 5
stats: {cpu,"os_mon@myserver"} 1 4.446690247599798 0.0 44.9508939813649 1.2060301507537687 16.789229592968365 6
stats: session 40 25378.169696044926 9964.691045741898 41575.298095703125 17.05810546875 475.1573116033306 3557
stats: users_count 3704 17292
stats: finish_users_count 40 3597
stats: 200 4850 47794
stats: request 4980 4704.607384322452 8805.621127325756 43524.595947265625 1.14111328125 515.603045039676 43307
stats: page 40 25375.81169433594 9964.813197569278 41573.165771484375 14.93505859375 473.2243965326951 3557
stats: connect 6750 4544.40286957463 9033.158329699398 31107.2080078125 0.375 404.78234042762716 45316
stats: size_rcv 587222 6731766
stats: newphase 6 36
stats: size_sent 896506 6911966
stats: connected 1770 3779
# stats: dump at 1338995189
stats: users 15651 15651
stats: {load,"os_mon@test2"} 1 0.890625 0.0 0.890625 0.6015625 0.71875 7
stats: {recvpackets,"os_mon@test3"} 1 12967.0 0.0 12967 4707 8728.0 6
stats: {sentpackets,"os_mon@test3"} 1 9215.0 0.0 9215 3161 6092.5 6
stats: {freemem,"os_mon@test2"} 1 1250.67578125 0.0 1429.78125 1250.67578125 1385.2310267857142 7
stats: {load,"os_mon@test4"} 1 0.55078125 0.0 1.12109375 0.55078125 0.82421875 7
stats: {cpu,"os_mon@test3"} 1 25.974710221285562 0.0 36.471193415637856 2.062374245472837 18.7216498624461 7
stats: {freemem,"os_mon@test4"} 1 1389.14453125 0.0 1582.1328125 1389.14453125 1537.4916294642858 7
stats: {freemem,"os_mon@myserver"} 1 1247.3359375 0.0 1250.00390625 1247.3359375 1249.4341517857142 7
stats: {recvpackets,"os_mon@test2"} 1 12820.0 0.0 12820 4758 8762.666666666666 6
stats: {sentpackets,"os_mon@test2"} 1 9105.0 0.0 9105 3191 6116.666666666667 6
stats: {load,"os_mon@test3"} 1 0.7109375 0.0 1.01171875 0.5703125 0.77734375 7
stats: {cpu,"os_mon@test2"} 1 28.854166666666664 0.0 43.34523202447731 2.507522567703109 24.067419672178406 7
stats: {recvpackets,"os_mon@test4"} 1 12794.0 0.0 12794 4700 8779.5 6
stats: {sentpackets,"os_mon@test4"} 1 9084.0 0.0 9084 3153 6129.833333333333 6
stats: {freemem,"os_mon@test3"} 1 1221.93359375 0.0 1414.64453125 1221.93359375 1368.9765625 7
stats: {cpu,"os_mon@test4"} 1 24.494142705005327 0.0 37.316561844863735 2.2511255627813904 17.722920446244782 7
stats: {load,"os_mon@myserver"} 1 2.26171875 0.0 5.0390625 2.26171875 3.6333705357142856 7
stats: {recvpackets,"os_mon@myserver"} 1 12710.0 0.0 12710 4821 8807.833333333334 6
stats: {sentpackets,"os_mon@myserver"} 1 9016.0 0.0 9016 3237 6149.666666666667 6
stats: {cpu,"os_mon@myserver"} 1 10.922882427307206 0.0 44.9508939813649 1.2060301507537687 15.026009686487141 7
stats: session 26 31223.286714993992 12279.599590738775 50425.27099609375 17.05810546875 752.0882249693756 3597
stats: users_count 1982 19274
stats: finish_users_count 26 3623
stats: 200 2381 50175
stats: request 2540 5881.410601854694 9563.044130141281 52838.800048828125 1.14111328125 947.6290895159993 48287
stats: page 26 31221.18220402644 12279.535706103701 50423.737060546875 14.93505859375 750.1505827745993 3597
stats: connect 2785 3094.075216614538 6812.728818978733 31107.2080078125 0.375 941.4557659210828 52066
stats: size_rcv 302850 7034616
stats: newphase 6 42
stats: size_sent 369691 7281657
stats: connected 245 4024
# stats: dump at 1338995199
stats: users 19053 19053
stats: {load,"os_mon@test2"} 1 0.828125 0.0 0.890625 0.6015625 0.740234375 8
stats: {recvpackets,"os_mon@test3"} 1 10116.0 0.0 12967 4707 9333.57142857143 7
stats: {sentpackets,"os_mon@test3"} 1 7320.0 0.0 9215 3161 6538.571428571428 7
stats: {freemem,"os_mon@test2"} 1 1194.9453125 0.0 1429.78125 1194.9453125 1368.41162109375 8
stats: {load,"os_mon@test4"} 1 0.46875 0.0 1.12109375 0.46875 0.7900390625 8
stats: {cpu,"os_mon@test3"} 1 12.209302325581394 0.0 36.471193415637856 2.062374245472837 19.628282407301032 8
stats: {freemem,"os_mon@test4"} 1 1350.01171875 0.0 1582.1328125 1350.01171875 1518.9482421875 8
stats: {freemem,"os_mon@myserver"} 1 1246.25390625 0.0 1250.00390625 1246.25390625 1249.171875 8
stats: {recvpackets,"os_mon@test2"} 1 1.03e4 0.0 12820 4758 9342.285714285714 7
stats: {sentpackets,"os_mon@test2"} 1 7461.0 0.0 9105 3191 6543.571428571428 7
stats: {load,"os_mon@test3"} 1 0.6015625 0.0 1.01171875 0.5703125 0.76904296875 8
stats: {cpu,"os_mon@test2"} 1 30.338266384778013 0.0 43.34523202447731 2.507522567703109 24.665763046489438 8
stats: {recvpackets,"os_mon@test4"} 1 10329.0 0.0 12794 4700 9353.0 7
stats: {sentpackets,"os_mon@test4"} 1 7483.0 0.0 9084 3153 6551.857142857143 7
stats: {freemem,"os_mon@test3"} 1 1202.734375 0.0 1414.64453125 1202.734375 1350.59619140625 8
stats: {cpu,"os_mon@test4"} 1 16.7192429022082 0.0 37.316561844863735 2.2511255627813904 18.569323228589848 8
stats: {load,"os_mon@myserver"} 1 1.921875 0.0 5.0390625 1.921875 3.4619140625 8
stats: {recvpackets,"os_mon@myserver"} 1 10502.0 0.0 12710 4821 9365.285714285714 7
stats: {sentpackets,"os_mon@myserver"} 1 7613.0 0.0 9016 3237 6559.142857142857 7
stats: {cpu,"os_mon@myserver"} 1 5.268490374873354 0.0 44.9508939813649 1.2060301507537687 14.513118779089648 8
stats: session 16 39341.27062988281 15213.34197994047 61171.301025390625 17.05810546875 970.7609163137421 3623
stats: users_count 3418 22692
stats: finish_users_count 16 3639
stats: page 16 39339.28256225586 15213.07939377847 61169.56298828125 14.93505859375 968.8220766063819 3623
stats: connect 2772 4946.936567650562 8834.04380232756 31107.2080078125 0.375 1050.7526824801478 54851
stats: 200 2073 52248
stats: request 2288 7422.82106850364 11376.967009188955 60637.3251953125 1.14111328125 1194.1871205101615 50827
stats: size_rcv 266710 7301326
stats: newphase 6 48
stats: size_sent 368204 7649861
stats: connected 484 4508
stats: error_connect_etimedout 507 507
# stats: dump at 1338995209
stats: users 20498 20498
stats: {load,"os_mon@test2"} 1 0.7890625 0.0 0.890625 0.6015625 0.75 9
stats: {recvpackets,"os_mon@test3"} 1 11570.0 0.0 12967 4707 9431.375 8
stats: {sentpackets,"os_mon@test3"} 1 8578.0 0.0 9215 3161 6636.25 8
stats: {freemem,"os_mon@test2"} 1 1164.82421875 0.0 1429.78125 1164.82421875 1349.1375868055557 9
stats: {load,"os_mon@test4"} 1 0.3984375 0.0 1.12109375 0.3984375 0.7543402777777778 9
stats: {cpu,"os_mon@test3"} 1 22.903225806451612 0.0 36.471193415637856 2.062374245472837 18.803951287109964 9
stats: {freemem,"os_mon@test4"} 1 1311.0390625 0.0 1582.1328125 1311.0390625 1500.177517361111 9
stats: {freemem,"os_mon@myserver"} 1 1245.90234375 0.0 1250.00390625 1245.90234375 1248.84765625 9
stats: {recvpackets,"os_mon@test2"} 1 11467.0 0.0 12820 4758 9462.0 8
stats: {sentpackets,"os_mon@test2"} 1 8518.0 0.0 9105 3191 6658.25 8
stats: {load,"os_mon@test3"} 1 0.671875 0.0 1.01171875 0.5703125 0.7504340277777778 9
stats: {cpu,"os_mon@test2"} 1 23.61863488624052 0.0 43.34523202447731 2.507522567703109 25.29604119518817 9
stats: {recvpackets,"os_mon@test4"} 1 11440.0 0.0 12794 4700 9475.0 8
stats: {sentpackets,"os_mon@test4"} 1 8499.0 0.0 9084 3153 6668.25 8
stats: {freemem,"os_mon@test3"} 1 1146.30859375 0.0 1414.64453125 1146.30859375 1334.1671006944443 9
stats: {cpu,"os_mon@test4"} 1 15.457914240338805 0.0 37.316561844863735 2.2511255627813904 18.363758747880777 9
stats: {load,"os_mon@myserver"} 1 1.62109375 0.0 5.0390625 1.62109375 3.290798611111111 9
stats: {recvpackets,"os_mon@myserver"} 1 11316.0 0.0 12710 4821 9507.375 8
stats: {sentpackets,"os_mon@myserver"} 1 8390.0 0.0 9016 3237 6690.875 8
stats: {cpu,"os_mon@myserver"} 1 3.3451596553471874 0.0 44.9508939813649 1.2060301507537687 13.485937845287838 9
stats: session 28 47799.68212890625 15949.492206906263 72588.52197265625 17.05810546875 1139.468845804565 3639
stats: users_count 1473 24165
stats: finish_users_count 28 3667
stats: 200 1677 53925
stats: request 3062 14749.23682422005 16416.748705426107 69807.76416015625 1.14111328125 1462.4938977484007 53115
stats: page 27 47350.855170355906 16068.845833769112 72587.18798828125 14.93505859375 1137.529789651282 3639
stats: connect 2443 4639.681956918516 8730.290635569245 31153.138916015625 0.375 1238.1816905097955 57623
stats: size_rcv 218096 7519422
stats: newphase 3 51
stats: size_sent 324537 7974398
stats: connected -619 3889
stats: error_connect_etimedout 1740 2247
# stats: dump at 1338995219
stats: users 22822 22822
stats: {load,"os_mon@test2"} 1 1.05078125 0.0 1.05078125 0.6015625 0.75390625 10
stats: {recvpackets,"os_mon@test3"} 1 7171.0 0.0 12967 4707 9669.0 9
stats: {sentpackets,"os_mon@test3"} 1 5748.0 0.0 9215 3161 6852.0 9
stats: {freemem,"os_mon@test2"} 1 1137.79296875 0.0 1429.78125 1137.79296875 1330.70625 10
stats: {load,"os_mon@test4"} 1 0.328125 0.0 1.12109375 0.328125 0.71875 10
stats: {cpu,"os_mon@test3"} 1 19.151193633952253 0.0 36.471193415637856 2.062374245472837 19.213878739044127 10
stats: {freemem,"os_mon@test4"} 1 1278.86328125 0.0 1582.1328125 1278.86328125 1481.263671875 10
stats: {freemem,"os_mon@myserver"} 1 1246.0546875 0.0 1250.00390625 1245.90234375 1248.553125 10
stats: {recvpackets,"os_mon@test2"} 1 7479.0 0.0 12820 4758 9684.777777777777 9
stats: {sentpackets,"os_mon@test2"} 1 5928.0 0.0 9105 3191 6864.888888888889 9
stats: {load,"os_mon@test3"} 1 0.5703125 0.0 1.01171875 0.5703125 0.742578125 10
stats: {cpu,"os_mon@test2"} 1 38.06561085972851 0.0 43.34523202447731 2.507522567703109 25.128300564293404 10
stats: {recvpackets,"os_mon@test4"} 1 7141.0 0.0 12794 4700 9693.333333333334 9
stats: {sentpackets,"os_mon@test4"} 1 5688.0 0.0 9084 3153 6871.666666666667 9
stats: {freemem,"os_mon@test3"} 1 1110.53515625 0.0 1414.64453125 1110.53515625 1315.38125 10
stats: {cpu,"os_mon@test4"} 1 14.141949152542374 0.0 37.316561844863735 2.2511255627813904 18.073174297126577 10
stats: {load,"os_mon@myserver"} 1 1.44921875 0.0 5.0390625 1.44921875 3.123828125 10
stats: {recvpackets,"os_mon@myserver"} 1 7143.0 0.0 12710 4821 9708.333333333334 9
stats: {sentpackets,"os_mon@myserver"} 1 5709.0 0.0 9016 3237 6879.666666666667 9
stats: {cpu,"os_mon@myserver"} 1 5.063291139240507 0.0 44.9508939813649 1.2060301507537687 12.471860026293772 10
stats: session 7 46045.84817940848 25250.308509351573 83087.74194335938 17.05810546875 1495.7508125149134 3667
stats: users_count 2331 26496
stats: finish_users_count 7 3674
stats: 200 1620 55545
stats: connect 2832 4298.4560563254445 7946.709690768399 31153.138916015625 0.375 1376.5272628941145 60066
stats: page 8 47772.407775878906 24058.191895425713 83086.08911132813 14.93505859375 1477.8897965468154 3666
stats: request 1778 6347.03763747671 11109.579299649888 70822.51806640625 1.14111328125 2186.704995543872 56177
stats: size_rcv 201822 7721244
stats: newphase 4 55
stats: size_sent 375904 8350302
stats: connected 1054 4943
stats: error_connect_etimedout 1531 3778
# stats: dump at 1338995229
stats: users 25978 25980
stats: {load,"os_mon@test2"} 1 0.890625 0.0 1.05078125 0.6015625 0.7808948863636364 11
stats: {recvpackets,"os_mon@test3"} 1 11592.0 0.0 12967 4707 9419.2 10
stats: {sentpackets,"os_mon@test3"} 1 8480.0 0.0 9215 3161 6741.6 10
stats: {freemem,"os_mon@test2"} 1 1120.3828125 0.0 1429.78125 1120.3828125 1313.1686789772727 11
stats: {load,"os_mon@test4"} 1 0.359375 0.0 1.12109375 0.328125 0.6832386363636364 11
stats: {cpu,"os_mon@test3"} 1 24.325782092772382 0.0 36.471193415637856 2.062374245472837 19.208180093126686 11
stats: {freemem,"os_mon@test4"} 1 1240.25 0.0 1582.1328125 1240.25 1462.8636363636363 11
stats: {freemem,"os_mon@myserver"} 1 1245.703125 0.0 1250.00390625 1245.703125 1248.3259943181818 11
stats: {recvpackets,"os_mon@test2"} 1 12074.0 0.0 12820 4758 9464.2 10
stats: {sentpackets,"os_mon@test2"} 1 8823.0 0.0 9105 3191 6771.2 10
stats: {load,"os_mon@test3"} 1 0.55078125 0.0 1.01171875 0.55078125 0.7269176136363636 11
stats: {cpu,"os_mon@test2"} 1 22.48104008667389 0.0 43.34523202447731 2.507522567703109 26.30441968206023 11
stats: {recvpackets,"os_mon@test4"} 1 11779.0 0.0 12794 4700 9438.1 10
stats: {sentpackets,"os_mon@test4"} 1 8623.0 0.0 9084 3153 6753.3 10
stats: {freemem,"os_mon@test3"} 1 1056.734375 0.0 1414.64453125 1056.734375 1296.758877840909 11
stats: {cpu,"os_mon@test4"} 1 14.824654622741765 0.0 37.316561844863735 2.2511255627813904 17.715790193073467 11
stats: {load,"os_mon@myserver"} 1 1.21875 0.0 5.0390625 1.21875 2.971590909090909 11
stats: {recvpackets,"os_mon@myserver"} 1 11890.0 0.0 12710 4821 9451.8 10
stats: {sentpackets,"os_mon@myserver"} 1 8698.0 0.0 9016 3237 6762.6 10
stats: {cpu,"os_mon@myserver"} 1 2.921005842011684 0.0 44.9508939813649 1.2060301507537687 11.798353763834383 11
stats: session 42 63827.8076578776 24989.93369646132 91922.005859375 17.05810546875 1580.6312375471005 3674
stats: users_count 3198 29694
stats: finish_users_count 42 3716
stats: 200 3912 59457
stats: request 5373 10678.005842517343 16623.763242202313 90432.59301757813 1.14111328125 2314.3397369355826 57955
stats: page 41 61701.16561070884 25268.917516575235 91920.68310546875 14.93505859375 1578.6944083689864 3674
stats: connect 5604 3942.3332445470046 7343.057797634195 32316.364990234375 0.375 1508.0879221042248 62898
stats: size_rcv 532382 8253626
stats: newphase 5 60
stats: size_sent 743948 9094250
stats: connected 231 5174
stats: error_connect_etimedout 2031 5809
# stats: dump at 1338995239
stats: users 29258 29258
stats: {load,"os_mon@test2"} 1 0.98828125 0.0 1.05078125 0.6015625 0.7900390625 12
stats: {recvpackets,"os_mon@test3"} 1 11453.0 0.0 12967 4707 9616.727272727272 11
stats: {sentpackets,"os_mon@test3"} 1 8574.0 0.0 9215 3161 6899.636363636364 11
stats: {freemem,"os_mon@test2"} 1 1088.7890625 0.0 1429.78125 1088.7890625 1297.1031901041667 12
stats: {load,"os_mon@test4"} 1 0.44921875 0.0 1.12109375 0.328125 0.65625 12
stats: {cpu,"os_mon@test3"} 1 32.12351029252438 0.0 36.471193415637856 2.062374245472837 19.634646926430495 12
stats: {freemem,"os_mon@test4"} 1 1174.06640625 0.0 1582.1328125 1174.06640625 1444.3125 12
stats: {freemem,"os_mon@myserver"} 1 1243.7421875 0.0 1250.00390625 1243.7421875 1248.107421875 12
stats: {recvpackets,"os_mon@test2"} 1 11084.0 0.0 12820 4758 9701.454545454546 11
stats: {sentpackets,"os_mon@test2"} 1 8488.0 0.0 9105 3191 6957.727272727273 11
stats: {load,"os_mon@test3"} 1 0.62109375 0.0 1.01171875 0.55078125 0.7122395833333334 12
stats: {cpu,"os_mon@test2"} 1 22.994652406417114 0.0 43.34523202447731 2.507522567703109 25.985804715778034 12
stats: {recvpackets,"os_mon@test4"} 1 11341.0 0.0 12794 4700 9650.90909090909 11
stats: {sentpackets,"os_mon@test4"} 1 8532.0 0.0 9084 3153 6923.272727272727 11
stats: {freemem,"os_mon@test3"} 1 990.75 0.0 1414.64453125 990.75 1276.7568359375 12
stats: {cpu,"os_mon@test4"} 1 25.49757934373319 0.0 37.316561844863735 2.2511255627813904 17.474862228879157 12
stats: {load,"os_mon@myserver"} 1 1.0390625 0.0 5.0390625 1.0390625 2.8255208333333335 12
stats: {recvpackets,"os_mon@myserver"} 1 11225.0 0.0 12710 4821 9673.454545454546 11
stats: {sentpackets,"os_mon@myserver"} 1 8569.0 0.0 9016 3237 6938.545454545455 11
stats: {cpu,"os_mon@myserver"} 1 9.634888438133874 0.0 44.9508939813649 1.2060301507537687 11.058574770349159 12
stats: session 24 66423.33243815105 27464.94402456839 100160.01611328125 17.05810546875 2284.178441436735 3716
stats: users_count 3304 32998
stats: finish_users_count 24 3740
stats: page 25 63950.198857421885 29507.72108678554 100158.07592773438 14.93505859375 2242.2263920287264 3715
stats: request 3561 6153.905296953435 12279.98776338625 95603.21606445313 1.14111328125 3023.946514116147 63328
stats: connect 5429 4541.5832777657515 8519.666922156632 32316.364990234375 0.375 1707.2282506635272 68502
stats: 200 3431 62888
stats: size_rcv 437284 8690910
stats: newphase 5 65
stats: size_sent 720663 9814913
stats: connected 1868 7042
stats: error_connect_etimedout 1423 7232
# stats: dump at 1338995249
stats: users 33032 33032
stats: {load,"os_mon@test2"} 1 0.83984375 0.0 1.05078125 0.6015625 0.8052884615384616 13
stats: {recvpackets,"os_mon@test3"} 1 15086.0 0.0 15086 4707 9769.75 12
stats: {sentpackets,"os_mon@test3"} 1 11113.0 0.0 11113 3161 7039.166666666667 12
stats: {freemem,"os_mon@test2"} 1 1037.18359375 0.0 1429.78125 1037.18359375 1281.0790264423076 13
stats: {load,"os_mon@test4"} 1 0.37890625 0.0 1.12109375 0.328125 0.6403245192307693 13
stats: {cpu,"os_mon@test3"} 1 28.365384615384613 0.0 36.471193415637856 2.062374245472837 20.595328723822334 13
stats: {freemem,"os_mon@test4"} 1 1117.40234375 0.0 1582.1328125 1117.40234375 1423.5243389423076 13
stats: {freemem,"os_mon@myserver"} 1 1243.046875 0.0 1250.00390625 1243.046875 1247.7716346153845 13
stats: {recvpackets,"os_mon@test2"} 1 15346.0 0.0 15346 4758 9816.666666666666 12
stats: {sentpackets,"os_mon@test2"} 1 11140.0 0.0 11140 3191 7085.25 12
stats: {load,"os_mon@test3"} 1 0.6015625 0.0 1.01171875 0.55078125 0.7052283653846154 13
stats: {cpu,"os_mon@test2"} 1 31.629392971246006 0.0 43.34523202447731 2.507522567703109 25.755716076596425 13
stats: {recvpackets,"os_mon@test4"} 1 15152.0 0.0 15152 4700 9791.749999999998 12
stats: {sentpackets,"os_mon@test4"} 1 11140.0 0.0 11140 3153 7057.333333333333 12
stats: {freemem,"os_mon@test3"} 1 934.94921875 0.0 1414.64453125 934.94921875 1254.7563100961538 13
stats: {cpu,"os_mon@test4"} 1 25.02668089647812 0.0 37.316561844863735 2.2511255627813904 18.09199431463716 13
stats: {load,"os_mon@myserver"} 1 1.0390625 0.0 5.0390625 1.0390625 2.6881009615384617 13
stats: {recvpackets,"os_mon@myserver"} 1 15250.0 0.0 15250 4821 9802.75 12
stats: {sentpackets,"os_mon@myserver"} 1 11089.0 0.0 11089 3237 7074.416666666667 12
stats: {cpu,"os_mon@myserver"} 1 9.215189873417721 0.0 44.9508939813649 1.2060301507537687 10.94906043710183 13
stats: session 29 75952.0470938847 28761.7686312271 110957.32592773438 17.05810546875 2695.7665954263452 3740
stats: users_count 3803 36801
stats: finish_users_count 29 3769
stats: 200 3683 66571
stats: request 3806 5503.9547779847035 11443.102991190832 106082.78686523438 1.14111328125 3190.5775480033867 66889
stats: connect 6131 4069.280577149877 7791.441270948142 32316.364990234375 0.357177734375 1915.3643970992305 73931
stats: page 29 63344.07146585399 30334.134749105946 108281.162109375 14.93505859375 2654.712838989911 3740
stats: size_rcv 446054 9136964
stats: newphase 6 71
stats: size_sent 813513 10628426
stats: connected 2325 9367
stats: error_connect_etimedout 2151 9383
# stats: dump at 1338995259
stats: users 35435 35435
stats: {load,"os_mon@test2"} 1 0.9296875 0.0 1.05078125 0.6015625 0.8077566964285714 14
stats: {recvpackets,"os_mon@test3"} 1 15981.0 0.0 15981 4707 10178.692307692309 13
stats: {sentpackets,"os_mon@test3"} 1 11628.0 0.0 11628 3161 7352.538461538462 13
stats: {freemem,"os_mon@test2"} 1 996.26953125 0.0 1429.78125 996.26953125 1263.657924107143 14
stats: {load,"os_mon@test4"} 1 0.3984375 0.0 1.12109375 0.328125 0.6216517857142857 14
stats: {cpu,"os_mon@test3"} 1 36.01078167115903 0.0 36.471193415637856 2.062374245472837 21.150332716076782 14
stats: {freemem,"os_mon@test4"} 1 1066.19140625 0.0 1582.1328125 1066.19140625 1401.658482142857 14
stats: {freemem,"os_mon@myserver"} 1 1242.19140625 0.0 1250.00390625 1242.19140625 1247.4341517857142 14
stats: {recvpackets,"os_mon@test2"} 1 15798.0 0.0 15798 4758 10242.0 13
stats: {sentpackets,"os_mon@test2"} 1 11625.0 0.0 11625 3191 7397.153846153846 13
stats: {load,"os_mon@test3"} 1 0.51171875 0.0 1.01171875 0.51171875 0.6978236607142857 14
stats: {cpu,"os_mon@test2"} 1 23.99139322216245 0.0 43.34523202447731 2.507522567703109 26.175264426214255 14
stats: {recvpackets,"os_mon@test4"} 1 15919.0 0.0 15919 4700 10204.07692307692 13
stats: {sentpackets,"os_mon@test4"} 1 11677.0 0.0 11677 3153 7371.384615384615 13
stats: {freemem,"os_mon@test3"} 1 849.44140625 0.0 1414.64453125 849.44140625 1231.9129464285713 14
stats: {cpu,"os_mon@test4"} 1 21.455525606469003 0.0 37.316561844863735 2.2511255627813904 18.58732907048294 14
stats: {load,"os_mon@myserver"} 1 0.87890625 0.0 5.0390625 0.87890625 2.5703125 14
stats: {recvpackets,"os_mon@myserver"} 1 15901.0 0.0 15901 4821 10221.76923076923 13
stats: {sentpackets,"os_mon@myserver"} 1 11692.0 0.0 11692 3237 7383.2307692307695 13
stats: {cpu,"os_mon@myserver"} 1 7.054047196143111 0.0 44.9508939813649 1.2060301507537687 10.825212539695823 14
stats: session 37 88575.2650641364 26087.000086362426 120927.94799804688 17.05810546875 3259.42595718153 3769
stats: users_count 2440 39241
stats: finish_users_count 37 3806
stats: request 4542 7531.263228261487 13207.36243100403 114966.31787109375 1.14111328125 3315.1226181965953 70695
stats: page 35 85654.34504045759 29495.11273702901 120926.09887695313 14.93505859375 3121.6779226139643 3769
stats: connect 5757 4610.580227739056 8312.229951836602 32316.364990234375 0.357177734375 2080.3073175844856 80062
stats: 200 4384 70955
stats: size_rcv 586816 9723780
stats: newphase 6 77
stats: size_sent 764495 11392921
stats: connected 1215 10582
stats: error_connect_etimedout 2699 12082
# stats: dump at 1338995269
stats: users 38811 38811
stats: {load,"os_mon@test2"} 1 0.7890625 0.0 1.05078125 0.6015625 0.8158854166666667 15
stats: {recvpackets,"os_mon@test3"} 1 13231.0 0.0 15981 4707 10593.142857142857 14
stats: {sentpackets,"os_mon@test3"} 1 9802.0 0.0 11628 3161 7657.928571428572 14
stats: {freemem,"os_mon@test2"} 1 944.453125 0.0 1429.78125 944.453125 1245.83203125 15
stats: {load,"os_mon@test4"} 1 0.94140625 0.0 1.12109375 0.328125 0.6067708333333334 15
stats: {cpu,"os_mon@test3"} 1 28.69333333333333 0.0 36.471193415637856 2.062374245472837 22.141029313082264 15
stats: {freemem,"os_mon@test4"} 1 1001.13671875 0.0 1582.1328125 1001.13671875 1379.2940104166667 15
stats: {freemem,"os_mon@myserver"} 1 1240.3828125 0.0 1250.00390625 1240.3828125 1247.0846354166667 15
stats: {recvpackets,"os_mon@test2"} 1 13405.0 0.0 15798 4758 10638.857142857143 14
stats: {sentpackets,"os_mon@test2"} 1 9744.0 0.0 11625 3191 7699.142857142857 14
stats: {load,"os_mon@test3"} 1 0.4296875 0.0 1.01171875 0.4296875 0.6854166666666667 15
stats: {cpu,"os_mon@test2"} 1 33.279656468062264 0.0 43.34523202447731 2.507522567703109 26.029673012610804 15
stats: {recvpackets,"os_mon@test4"} 1 13281.0 0.0 15919 4700 10612.285714285712 14
stats: {sentpackets,"os_mon@test4"} 1 9711.0 0.0 11677 3153 7678.928571428572 14
stats: {freemem,"os_mon@test3"} 1 813.53125 0.0 1414.64453125 813.53125 1206.41484375 15
stats: {cpu,"os_mon@test4"} 1 27.22852512155591 0.0 37.316561844863735 2.2511255627813904 18.77854217288201 15
stats: {load,"os_mon@myserver"} 1 0.8203125 0.0 5.0390625 0.8203125 2.4575520833333333 15
stats: {recvpackets,"os_mon@myserver"} 1 13298.0 0.0 15901 4821 10627.42857142857 14
stats: {sentpackets,"os_mon@myserver"} 1 9681.0 0.0 11692 3237 7691.0 14
stats: {cpu,"os_mon@myserver"} 1 12.471540602074374 0.0 44.9508939813649 1.2060301507537687 10.573801516792308 15
stats: session 33 91464.3407685251 30601.53679634724 127720.39404296875 17.05810546875 4088.8232369916536 3806
stats: users_count 3409 42650
stats: finish_users_count 33 3839
stats: 200 3424 74379
stats: connect 5585 3796.18955580832 7289.896795554868 32316.364990234375 0.357177734375 2250.045733829838 85819
stats: page 35 85859.45903320314 35121.54175664007 127718.68505859375 14.93505859375 3881.0478882092657 3804
stats: request 3624 6633.081077794618 12633.461665076173 114966.31787109375 1.14111328125 3569.647793986629 75237
stats: size_rcv 438208 10161988
stats: newphase 6 83
stats: size_sent 742003 12134924
stats: connected 1961 12543
stats: error_connect_etimedout 2588 14670
# stats: dump at 1338995279
stats: users 41410 41410
stats: {load,"os_mon@test2"} 1 0.671875 0.0 1.05078125 0.6015625 0.814208984375 16
stats: {recvpackets,"os_mon@test3"} 1 15378.0 0.0 15981 4707 10769.0 15
stats: {sentpackets,"os_mon@test3"} 1 11230.0 0.0 11628 3161 7800.866666666667 15
stats: {freemem,"os_mon@test2"} 1 928.640625 0.0 1429.78125 928.640625 1226.995849609375 16
stats: {load,"os_mon@test4"} 1 0.87109375 0.0 1.12109375 0.328125 0.627685546875 16
stats: {cpu,"os_mon@test3"} 1 23.425827107790823 0.0 36.471193415637856 2.062374245472837 22.550548314347957 16
stats: {freemem,"os_mon@test4"} 1 893.41015625 0.0 1582.1328125 893.41015625 1355.6591796875 16
stats: {freemem,"os_mon@myserver"} 1 1240.30859375 0.0 1250.00390625 1240.30859375 1246.665771484375 16
stats: {recvpackets,"os_mon@test2"} 1 15326.0 0.0 15798 4758 10823.266666666666 15
stats: {sentpackets,"os_mon@test2"} 1 11217.0 0.0 11625 3191 7835.466666666666 15
stats: {load,"os_mon@test3"} 1 0.44140625 0.0 1.01171875 0.4296875 0.66943359375 16
stats: {cpu,"os_mon@test2"} 1 15.873015873015872 0.0 43.34523202447731 2.507522567703109 26.48279697857652 16
stats: {recvpackets,"os_mon@test4"} 1 15573.0 0.0 15919 4700 10790.199999999999 15
stats: {sentpackets,"os_mon@test4"} 1 11367.0 0.0 11677 3153 7814.4 15
stats: {freemem,"os_mon@test3"} 1 770.32421875 0.0 1414.64453125 770.32421875 1181.859619140625 16
stats: {cpu,"os_mon@test4"} 1 37.87795492028587 0.0 37.87795492028587 2.2511255627813904 19.306666107174127 16
stats: {load,"os_mon@myserver"} 1 0.921875 0.0 5.0390625 0.8203125 2.355224609375 16
stats: {recvpackets,"os_mon@myserver"} 1 15461.0 0.0 15901 4821 10805.466666666667 15
stats: {sentpackets,"os_mon@myserver"} 1 11304.0 0.0 11692 3237 7823.666666666667 15
stats: {cpu,"os_mon@myserver"} 1 6.580284552845528 0.0 44.9508939813649 1.2060301507537687 10.692410209622437 16
stats: session 18 105725.59688313802 27145.8951608127 136130.50805664063 17.05810546875 4839.902184254119 3839
stats: users_count 2617 45267
stats: finish_users_count 18 3857
stats: page 18 97596.22781032986 33625.532927660955 136126.31420898438 14.93505859375 4628.441581898973 3839
stats: 200 2597 76976
stats: request 2784 8251.537691752113 14665.01945906154 134047.02001953125 1.14111328125 3710.4256464171094 78861
stats: connect 3693 3120.4250617854955 6163.204954696971 32316.364990234375 0.357177734375 2344.518768333249 91404
stats: size_rcv 351704 10513692
stats: newphase 3 86
stats: size_sent 490367 12625291
stats: connected 909 13452
stats: error_connect_etimedout 2330 17000
# stats: dump at 1338995289
stats: users 45037 45037
stats: {load,"os_mon@test2"} 1 0.859375 0.0 1.05078125 0.6015625 0.8058363970588235 17
stats: {recvpackets,"os_mon@test3"} 1 13108.0 0.0 15981 4707 11057.0625 16
stats: {sentpackets,"os_mon@test3"} 1 10141.0 0.0 11628 3161 8015.1875 16
stats: {freemem,"os_mon@test2"} 1 900.06640625 0.0 1429.78125 900.06640625 1209.4455422794117 17
stats: {load,"os_mon@test4"} 1 0.8203125 0.0 1.12109375 0.328125 0.6420036764705882 17
stats: {cpu,"os_mon@test3"} 1 23.59192348565356 0.0 36.471193415637856 2.062374245472837 22.60203530219754 17
stats: {freemem,"os_mon@test4"} 1 821.625 0.0 1582.1328125 821.625 1328.4680606617646 17
stats: {freemem,"os_mon@myserver"} 1 1238.9609375 0.0 1250.00390625 1238.9609375 1246.2918198529412 17
stats: {recvpackets,"os_mon@test2"} 1 13223.0 0.0 15798 4758 11104.6875 16
stats: {sentpackets,"os_mon@test2"} 1 10237.0 0.0 11625 3191 8046.8125 16
stats: {load,"os_mon@test3"} 1 0.37109375 0.0 1.01171875 0.37109375 0.6560202205882353 17
stats: {cpu,"os_mon@test2"} 1 27.927927927927925 0.0 43.34523202447731 2.507522567703109 25.858692207661186 17
stats: {recvpackets,"os_mon@test4"} 1 12922.0 0.0 15919 4700 11089.124999999998 16
stats: {sentpackets,"os_mon@test4"} 1 10020.0 0.0 11677 3153 8036.4375 16
stats: {freemem,"os_mon@test3"} 1 724.28125 0.0 1414.64453125 724.28125 1157.6516544117646 17
stats: {cpu,"os_mon@test4"} 1 26.157158234660926 0.0 37.87795492028587 2.2511255627813904 20.39909486088658 17
stats: {load,"os_mon@myserver"} 1 0.78125 0.0 5.0390625 0.78125 2.2709099264705883 17
stats: {recvpackets,"os_mon@myserver"} 1 13040.0 0.0 15901 4821 11096.4375 16
stats: {sentpackets,"os_mon@myserver"} 1 10104.0 0.0 11692 3237 8041.1875 16
stats: {cpu,"os_mon@myserver"} 1 4.800609601219202 0.0 44.9508939813649 1.2060301507537687 10.45052046510615 17
stats: session 34 113403.65673110064 31179.82769522092 151104.4599609375 17.05810546875 5310.719530528402 3857
stats: users_count 3661 48928
stats: finish_users_count 34 3891
stats: request 5213 10932.998692655718 17460.348914155693 143805.2509765625 1.14111328125 3865.2723110531883 81645
stats: page 34 109099.66470157399 32591.547680718802 149986.77319335938 14.93505859375 5062.307320066398 3857
stats: 200 4237 81213
stats: connect 6463 4649.9135823781835 8192.200187277553 32316.364990234375 0.357177734375 2374.6503386427135 95097
stats: size_rcv 574114 11087806
stats: newphase 4 90
stats: size_sent 857797 13483088
stats: connected 1250 14702
stats: error_connect_etimedout 3747 20747
# stats: dump at 1338995299
stats: users 47501 47501
stats: {load,"os_mon@test2"} 1 0.73046875 0.0 1.05078125 0.6015625 0.8088107638888888 18
stats: {recvpackets,"os_mon@test3"} 1 17445.0 0.0 17445 4707 11177.70588235294 17
stats: {sentpackets,"os_mon@test3"} 1 12980.0 0.0 12980 3161 8140.235294117647 17
stats: {freemem,"os_mon@test2"} 1 860.671875 0.0 1429.78125 860.671875 1192.2578125 18
stats: {load,"os_mon@test4"} 1 0.76953125 0.0 1.12109375 0.328125 0.6519097222222222 18
stats: {cpu,"os_mon@test3"} 1 45.53812871822607 0.0 45.53812871822607 2.062374245472837 22.657029090167317 18
stats: {freemem,"os_mon@test4"} 1 765.390625 0.0 1582.1328125 765.390625 1300.3101128472222 18
stats: {freemem,"os_mon@myserver"} 1 1239.046875 0.0 1250.00390625 1238.9609375 1245.884548611111 18
stats: {recvpackets,"os_mon@test2"} 1 17344.0 0.0 17344 4758 11229.29411764706 17
stats: {sentpackets,"os_mon@test2"} 1 12992.0 0.0 12992 3191 8175.64705882353 17
stats: {load,"os_mon@test3"} 1 0.69921875 0.0 1.01171875 0.37109375 0.6401909722222222 18
stats: {cpu,"os_mon@test2"} 1 28.663101604278076 0.0 43.34523202447731 2.507522567703109 25.973649747676006 18
stats: {recvpackets,"os_mon@test4"} 1 17298.0 0.0 17298 4700 11196.941176470587 17
stats: {sentpackets,"os_mon@test4"} 1 12849.0 0.0 12849 3153 8153.117647058823 17
stats: {freemem,"os_mon@test3"} 1 635.6328125 0.0 1414.64453125 635.6328125 1133.5755208333333 18
stats: {cpu,"os_mon@test4"} 1 28.30902215018909 0.0 37.87795492028587 2.2511255627813904 20.718987270540712 18
stats: {load,"os_mon@myserver"} 1 0.66015625 0.0 5.0390625 0.66015625 2.1881510416666665 18
stats: {recvpackets,"os_mon@myserver"} 1 17726.0 0.0 17726 4821 11210.764705882353 17
stats: {sentpackets,"os_mon@myserver"} 1 13314.0 0.0 13314 3237 8162.529411764706 17
stats: {cpu,"os_mon@myserver"} 1 12.527908707516744 0.0 44.9508939813649 1.2060301507537687 10.13663652822354 18
stats: session 39 107646.08831004608 43936.88093968864 163680.06616210938 17.05810546875 6255.247894655736 3891
stats: users_count 2503 51431
stats: finish_users_count 39 3930
stats: request 5353 8615.378521681778 15945.983815441623 149860.66015625 1.14111328125 4289.459577940453 86858
stats: 200 5193 86406
stats: connect 7202 5068.812919296765 9214.503530949805 32316.364990234375 0.357177734375 2519.4418544389164 101560
stats: page 39 96393.83085436697 46657.31158789515 163678.61401367188 14.93505859375 5971.397567039221 3891
stats: size_rcv 710736 11798542
stats: newphase 5 95
stats: size_sent 956374 14439462
stats: connected 1849 16551
stats: error_connect_etimedout 3480 24227
# stats: dump at 1338995309
stats: users 51437 51437
stats: {load,"os_mon@test2"} 1 0.94140625 0.0 1.05078125 0.6015625 0.8046875 19
stats: {recvpackets,"os_mon@test3"} 1 14123.0 0.0 17445 4707 11525.888888888889 18
stats: {sentpackets,"os_mon@test3"} 1 10891.0 0.0 12980 3161 8409.111111111111 18
stats: {freemem,"os_mon@test2"} 1 816.78515625 0.0 1429.78125 816.78515625 1174.8059210526317 19
stats: {load,"os_mon@test4"} 1 0.890625 0.0 1.12109375 0.328125 0.6581003289473685 19
stats: {cpu,"os_mon@test3"} 1 36.967080410145705 0.0 45.53812871822607 2.062374245472837 23.861297491644095 19
stats: {freemem,"os_mon@test4"} 1 719.640625 0.0 1582.1328125 719.640625 1272.1564555921052 19
stats: {freemem,"os_mon@myserver"} 1 1237.6875 0.0 1250.00390625 1237.6875 1245.5246710526317 19
stats: {recvpackets,"os_mon@test2"} 1 14576.0 0.0 17344 4758 11569.0 18
stats: {sentpackets,"os_mon@test2"} 1 11564.0 0.0 12992 3191 8443.222222222223 18
stats: {load,"os_mon@test3"} 1 0.890625 0.0 1.01171875 0.37109375 0.643297697368421 19
stats: {cpu,"os_mon@test2"} 1 37.32876712328767 0.0 43.34523202447731 2.507522567703109 26.115199845391906 19
stats: {recvpackets,"os_mon@test4"} 1 14181.0 0.0 17298 4700 11535.888888888889 18
stats: {sentpackets,"os_mon@test4"} 1 11080.0 0.0 12849 3153 8414.0 18
stats: {freemem,"os_mon@test3"} 1 561.12890625 0.0 1414.64453125 561.12890625 1107.368009868421 19
stats: {cpu,"os_mon@test4"} 1 23.210412147505423 0.0 37.87795492028587 2.2511255627813904 21.118462790522205 19
stats: {load,"os_mon@myserver"} 1 0.7890625 0.0 5.0390625 0.66015625 2.1077302631578947 19
stats: {recvpackets,"os_mon@myserver"} 1 13699.0 0.0 17726 4821 11572.722222222223 18
stats: {sentpackets,"os_mon@myserver"} 1 10626.0 0.0 13314 3237 8448.722222222223 18
stats: {cpu,"os_mon@myserver"} 1 9.395632300660234 0.0 44.9508939813649 1.2060301507537687 10.262492958712656 19
stats: session 35 123663.58861607143 37496.5890064781 173966.47485351563 17.05810546875 7261.416539999304 3930
stats: users_count 3971 55402
stats: finish_users_count 35 3965
stats: 200 4541 90947
stats: request 4702 6797.029464741155 13875.08865503025 158164.71704101563 1.14111328125 4540.586277638399 92211
stats: page 34 123468.25603889016 38026.829040990655 173964.92700195313 14.93505859375 6868.7194240890385 3930
stats: connect 7062 4241.703123686308 8075.009843789525 32316.364990234375 0.357177734375 2688.2560580128325 108762
stats: size_rcv 597218 12395760
stats: newphase 6 101
stats: size_sent 937842 15377304
stats: connected 2360 18911
stats: error_connect_etimedout 2871 27098
stats: error_abort 1 1
EndMonitor:{1338,995309,664269}
