# stats: dump at 1338982426
stats: users 0 0
stats: {freemem,"os_mon@myserver"} 1 1998.484375 0 1998.484375 1998.484375 0 0
stats: {load,"os_mon@myserver"} 1 1.73828125 0 1.73828125 1.73828125 0 0
stats: {cpu,"os_mon@myserver"} 1 44.833728997589205 0 44.833728997589205 44.833728997589205 0 0
# stats: dump at 1338982436
stats: users 0 7
stats: {load,"os_mon@test2"} 1 1.390625 0 1.390625 1.390625 0 0
stats: {freemem,"os_mon@test2"} 1 1436.9296875 0 1436.9296875 1436.9296875 0 0
stats: {load,"os_mon@test4"} 1 1.5 0 1.5 1.5 0 0
stats: {cpu,"os_mon@test3"} 1 1.8574297188755018 0 1.8574297188755018 1.8574297188755018 0 0
stats: {freemem,"os_mon@test4"} 1 1413.11328125 0 1413.11328125 1413.11328125 0 0
stats: {freemem,"os_mon@myserver"} 1 1997.6796875 0.0 1998.484375 1997.6796875 1998.484375 1
stats: {load,"os_mon@test3"} 1 1.94140625 0 1.94140625 1.94140625 0 0
stats: {cpu,"os_mon@test2"} 1 2.3069207622868606 0 2.3069207622868606 2.3069207622868606 0 0
stats: {freemem,"os_mon@test3"} 1 1423.08203125 0 1423.08203125 1423.08203125 0 0
stats: {load,"os_mon@myserver"} 1 1.46875 0.0 1.73828125 1.46875 1.73828125 1
stats: {recvpackets,"os_mon@myserver"} 1 504 0 504 504 0 0
stats: {sentpackets,"os_mon@myserver"} 1 449 0 449 449 0 0
stats: {cpu,"os_mon@test4"} 1 1.8527791687531296 0 1.8527791687531296 1.8527791687531296 0 0
stats: {cpu,"os_mon@myserver"} 1 1.2277624655474817 0.0 44.833728997589205 1.2277624655474817 44.833728997589205 1
stats: session 507 12.596991725221892 4.848434087419219 80.864013671875 8.970947265625 0 0
stats: users_count 507 507
stats: finish_users_count 507 507
stats: 200 4782 4782
stats: request 4782 0.9521031014742788 0.8046452817593313 35.697998046875 0.1669921875 0 0
stats: page 478 10.21307347509152 4.3703432969504385 74.785888671875 7.35595703125 0 0
stats: connect 480 1.2469853719075525 0.40112071778975705 5.10107421875 0.60498046875 0 0
stats: size_rcv 1754994 1754994
stats: size_sent 610544 610544
stats: connected 2 2
# stats: dump at 1338982446
stats: users 1 11
stats: {load,"os_mon@test2"} 1 1.1796875 0.0 1.390625 1.1796875 1.390625 1
stats: {recvpackets,"os_mon@test3"} 1 3380 0 3380 3380 0 0
stats: {sentpackets,"os_mon@test3"} 1 2258 0 2258 2258 0 0
stats: {freemem,"os_mon@test2"} 1 1436.03125 0.0 1436.9296875 1436.03125 1436.9296875 1
stats: {load,"os_mon@test4"} 1 1.26953125 0.0 1.5 1.26953125 1.5 1
stats: {cpu,"os_mon@test3"} 1 7.846153846153846 0.0 7.846153846153846 1.8574297188755018 1.8574297188755018 1
stats: {freemem,"os_mon@test4"} 1 1412.12890625 0.0 1413.11328125 1412.12890625 1413.11328125 1
stats: {freemem,"os_mon@myserver"} 1 1997.375 0.0 1998.484375 1997.375 1998.08203125 2
stats: {recvpackets,"os_mon@test2"} 1 3394 0 3394 3394 0 0
stats: {sentpackets,"os_mon@test2"} 1 2260 0 2260 2260 0 0
stats: {load,"os_mon@test3"} 1 1.640625 0.0 1.94140625 1.640625 1.94140625 1
stats: {cpu,"os_mon@test2"} 1 5.37525354969574 0.0 5.37525354969574 2.3069207622868606 2.3069207622868606 1
stats: {recvpackets,"os_mon@test4"} 1 3371 0 3371 3371 0 0
stats: {sentpackets,"os_mon@test4"} 1 2247 0 2247 2247 0 0
stats: {freemem,"os_mon@test3"} 1 1421.90234375 0.0 1423.08203125 1421.90234375 1423.08203125 1
stats: {load,"os_mon@myserver"} 1 1.25 0.0 1.73828125 1.25 1.603515625 2
stats: {recvpackets,"os_mon@myserver"} 1 3444.0 0.0 3444 504 504.0 1
stats: {sentpackets,"os_mon@myserver"} 1 2297.0 0.0 2297 449 449.0 1
stats: {cpu,"os_mon@test4"} 1 3.623553095118269 0.0 3.623553095118269 1.8527791687531296 1.8527791687531296 1
stats: {cpu,"os_mon@myserver"} 1 5.926294820717132 0.0 44.833728997589205 1.2277624655474817 23.030745731568345 2
stats: session 1404 12.336849897335737 7.642634629364823 196.56201171875 8.490966796875 12.596991725221892 507
stats: users_count 1405 1912
stats: finish_users_count 1404 1911
stats: 200 13958 18740
stats: request 13958 0.9659117559150664 1.2684136671622834 66.24609375 0.093994140625 0.9521031014742788 4782
stats: page 1396 10.190654415797342 7.374071187808458 188.092041015625 6.864990234375 10.21307347509152 478
stats: connect 1394 1.232676348693061 1.3532536582325914 40.886962890625 0.56201171875 1.2469853719075525 480
stats: size_rcv 5122586 6877580
stats: newphase 6 6
stats: size_sent 1782776 2393320
stats: connected -2 0
# stats: dump at 1338982456
stats: users 3 18
stats: {load,"os_mon@test2"} 1 1.0 0.0 1.390625 1.0 1.28515625 2
stats: {recvpackets,"os_mon@test3"} 1 6977.0 0.0 6977 3380 3380.0 1
stats: {sentpackets,"os_mon@test3"} 1 4.7e3 0.0 4700 2258 2258.0 1
stats: {freemem,"os_mon@test2"} 1 1435.43359375 0.0 1436.9296875 1435.43359375 1436.48046875 2
stats: {load,"os_mon@test4"} 1 1.0703125 0.0 1.5 1.0703125 1.384765625 2
stats: {cpu,"os_mon@test3"} 1 14.698298091799897 0.0 14.698298091799897 1.8574297188755018 4.851791782514674 2
stats: {freemem,"os_mon@test4"} 1 1412.0390625 0.0 1413.11328125 1412.0390625 1412.62109375 2
stats: {freemem,"os_mon@myserver"} 1 1996.97265625 0.0 1998.484375 1996.97265625 1997.8463541666667 3
stats: {recvpackets,"os_mon@test2"} 1 6998.0 0.0 6998 3394 3394.0 1
stats: {sentpackets,"os_mon@test2"} 1 4722.0 0.0 4722 2260 2260.0 1
stats: {load,"os_mon@test3"} 1 1.390625 0.0 1.94140625 1.390625 1.791015625 2
stats: {cpu,"os_mon@test2"} 1 15.309779825908858 0.0 15.309779825908858 2.3069207622868606 3.8410871559913007 2
stats: {recvpackets,"os_mon@test4"} 1 6956.0 0.0 6956 3371 3371.0 1
stats: {sentpackets,"os_mon@test4"} 1 4687.0 0.0 4687 2247 2247.0 1
stats: {freemem,"os_mon@test3"} 1 1421.4921875 0.0 1423.08203125 1421.4921875 1422.4921875 2
stats: {load,"os_mon@myserver"} 1 1.05078125 0.0 1.73828125 1.05078125 1.4856770833333333 3
stats: {recvpackets,"os_mon@myserver"} 1 7106.0 0.0 7106 504 1974.0 2
stats: {sentpackets,"os_mon@myserver"} 1 4792.0 0.0 4792 449 1373.0 2
stats: {cpu,"os_mon@test4"} 1 10.304568527918782 0.0 10.304568527918782 1.8527791687531296 2.7381661319356994 2
stats: {cpu,"os_mon@myserver"} 1 11.948305291392343 0.0 44.833728997589205 1.2277624655474817 17.329262094617942 3
stats: session 2403 13.915286962260724 30.414759428350624 1018.9521484375 8.39111328125 12.405867116979003 1911
stats: users_count 2405 4317
stats: finish_users_count 2403 4314
stats: request 23974 1.1082294209840486 9.333048864655773 1004.22119140625 0.093994140625 0.9623881174126199 18740
stats: page 2396 11.705118475453888 30.205337733162825 1015.405029296875 6.864990234375 10.196372831134918 1874
stats: connect 2400 2.0451653035481807 28.846816770447703 1001.27490234375 0.494873046875 1.2363414133371144 1874
stats: 200 23974 42714
stats: size_rcv 8798458 15676038
stats: newphase 6 12
stats: size_sent 3064348 5457668
stats: connected 4 4
# stats: dump at 1338982466
stats: users 5 18
stats: {load,"os_mon@test2"} 1 0.83984375 0.0 1.390625 0.83984375 1.1901041666666667 3
stats: {recvpackets,"os_mon@test3"} 1 10984.0 0.0 10984 3380 5178.5 2
stats: {sentpackets,"os_mon@test3"} 1 7355.0 0.0 7355 2258 3479.0 2
stats: {freemem,"os_mon@test2"} 1 1435.390625 0.0 1436.9296875 1435.390625 1436.1315104166667 3
stats: {load,"os_mon@test4"} 1 0.91015625 0.0 1.5 0.91015625 1.2799479166666667 3
stats: {cpu,"os_mon@test3"} 1 21.30977130977131 0.0 21.30977130977131 1.8574297188755018 8.133960552276415 3
stats: {freemem,"os_mon@test4"} 1 1411.7734375 0.0 1413.11328125 1411.7734375 1412.4270833333333 3
stats: {freemem,"os_mon@myserver"} 1 1997.453125 0.0 1998.484375 1996.97265625 1997.6279296875 4
stats: {recvpackets,"os_mon@test2"} 1 11047.0 0.0 11047 3394 5196.0 2
stats: {sentpackets,"os_mon@test2"} 1 7393.0 0.0 7393 2260 3491.0 2
stats: {load,"os_mon@test3"} 1 1.171875 0.0 1.94140625 1.171875 1.6575520833333333 3
stats: {cpu,"os_mon@test2"} 1 24.42827442827443 0.0 24.42827442827443 2.3069207622868606 7.663984712630487 3
stats: {recvpackets,"os_mon@test4"} 1 10992.0 0.0 10992 3371 5163.5 2
stats: {sentpackets,"os_mon@test4"} 1 7359.0 0.0 7359 2247 3467.0 2
stats: {freemem,"os_mon@test3"} 1 1421.578125 0.0 1423.08203125 1421.4921875 1422.1588541666667 3
stats: {load,"os_mon@myserver"} 1 0.96875 0.0 1.73828125 0.96875 1.376953125 4
stats: {recvpackets,"os_mon@myserver"} 1 11151.0 0.0 11151 504 3684.6666666666665 3
stats: {sentpackets,"os_mon@myserver"} 1 7460.0 0.0 7460 449 2512.6666666666665 3
stats: {cpu,"os_mon@test4"} 1 18.325676365492598 0.0 18.325676365492598 1.8527791687531296 5.26030026393006 3
stats: {cpu,"os_mon@myserver"} 1 16.775441140923377 0.0 44.833728997589205 1.2277624655474817 15.984022893811542 4
stats: session 3390 12.755365908462375 5.538923902084698 1018.9521484375 8.001953125 13.246649659448169 4314
stats: users_count 3392 7709
stats: finish_users_count 3390 7704
stats: request 33780 1.0459133764778477 1.1901126276665779 1004.22119140625 0.093994140625 1.0442441695693234 42714
stats: page 3378 11.110528054923389 5.963887268389379 1015.405029296875 6.68310546875 11.042966405792589 4270
stats: connect 3377 1.142563882861082 1.16665475764843 1001.27490234375 0.458984375 1.690524224873511 4274
stats: 200 33780 76494
stats: size_rcv 12397260 28073298
stats: newphase 6 18
stats: size_sent 4309738 9767406
stats: connected -1 3
# stats: dump at 1338982476
stats: users 7 20
stats: {load,"os_mon@test2"} 1 0.87109375 0.0 1.390625 0.83984375 1.1025390625 4
stats: {recvpackets,"os_mon@test3"} 1 15020.0 0.0 15020 3380 7113.666666666667 3
stats: {sentpackets,"os_mon@test3"} 1 9930.0 0.0 9930 2258 4771.0 3
stats: {freemem,"os_mon@test2"} 1 1435.27734375 0.0 1436.9296875 1435.27734375 1435.9462890625 4
stats: {load,"os_mon@test4"} 1 0.76953125 0.0 1.5 0.76953125 1.1875 4
stats: {cpu,"os_mon@test3"} 1 30.056906363166064 0.0 30.056906363166064 1.8574297188755018 11.427913241650138 4
stats: {freemem,"os_mon@test4"} 1 1411.3203125 0.0 1413.11328125 1411.3203125 1412.263671875 4
stats: {freemem,"os_mon@myserver"} 1 1997.921875 0.0 1998.484375 1996.97265625 1997.59296875 5
stats: {recvpackets,"os_mon@test2"} 1 15028.0 0.0 15028 3394 7146.333333333333 3
stats: {sentpackets,"os_mon@test2"} 1 9935.0 0.0 9935 2260 4791.666666666667 3
stats: {load,"os_mon@test3"} 1 1.21875 0.0 1.94140625 1.171875 1.5361328125 4
stats: {cpu,"os_mon@test2"} 1 32.18928757150286 0.0 32.18928757150286 2.3069207622868606 11.855057141541472 4
stats: {recvpackets,"os_mon@test4"} 1 15014.0 0.0 15014 3371 7106.333333333333 3
stats: {sentpackets,"os_mon@test4"} 1 9926.0 0.0 9926 2247 4764.333333333333 3
stats: {freemem,"os_mon@test3"} 1 1420.796875 0.0 1423.08203125 1420.796875 1422.013671875 4
stats: {load,"os_mon@myserver"} 1 0.8984375 0.0 1.73828125 0.8984375 1.2953125 5
stats: {recvpackets,"os_mon@myserver"} 1 15120.0 0.0 15120 504 5551.25 4
stats: {sentpackets,"os_mon@myserver"} 1 9987.0 0.0 9987 449 3749.5 4
stats: {cpu,"os_mon@test4"} 1 26.615776081424936 0.0 26.615776081424936 1.8527791687531296 8.526644289320695 4
stats: {cpu,"os_mon@myserver"} 1 20.423563777994158 0.0 44.833728997589205 1.2277624655474817 16.142306543233907 5
stats: session 4240 14.49150425173201 31.699475023275927 1018.9521484375 7.97900390625 13.03046950422467 7704
stats: users_count 4242 11951
stats: finish_users_count 4240 11944
stats: request 41653 1.2063539125989733 9.960850849349884 1004.22119140625 0.093994140625 1.0449812967867518 76494
stats: page 4165 12.757538347370206 31.856456501495273 1015.405029296875 6.68310546875 11.072807312011712 7648
stats: connect 4166 2.054044389289782 30.938239729990205 1001.27490234375 0.35009765625 1.448665373092571 7651
stats: 200 41653 118147
stats: size_rcv 15286651 43359949
stats: newphase 6 24
stats: size_sent 5321580 15088986
stats: connected 1 4
# stats: dump at 1338982486
stats: users 17 37
stats: {load,"os_mon@test2"} 1 0.87890625 0.0 1.390625 0.83984375 1.05625 5
stats: {recvpackets,"os_mon@test3"} 1 18478.0 0.0 18478 3380 9090.25 4
stats: {sentpackets,"os_mon@test3"} 1 12152.0 0.0 12152 2258 6060.75 4
stats: {freemem,"os_mon@test2"} 1 1434.75390625 0.0 1436.9296875 1434.75390625 1435.8125 5
stats: {load,"os_mon@test4"} 1 0.73046875 0.0 1.5 0.73046875 1.10390625 5
stats: {cpu,"os_mon@test3"} 1 35.44171458442237 0.0 35.44171458442237 1.8574297188755018 15.153711865953323 5
stats: {freemem,"os_mon@test4"} 1 1411.0859375 0.0 1413.11328125 1411.0859375 1412.075 5
stats: {freemem,"os_mon@myserver"} 1 2002.21484375 0.0 2002.21484375 1996.97265625 1997.6477864583333 6
stats: {recvpackets,"os_mon@test2"} 1 18495.0 0.0 18495 3394 9116.75 4
stats: {sentpackets,"os_mon@test2"} 1 12164.0 0.0 12164 2260 6077.5 4
stats: {load,"os_mon@test3"} 1 1.19140625 0.0 1.94140625 1.171875 1.47265625 5
stats: {cpu,"os_mon@test2"} 1 39.979497693490515 0.0 39.979497693490515 2.3069207622868606 15.92190322753375 5
stats: {recvpackets,"os_mon@test4"} 1 18471.0 0.0 18471 3371 9083.25 4
stats: {sentpackets,"os_mon@test4"} 1 12149.0 0.0 12149 2247 6054.75 4
stats: {freemem,"os_mon@test3"} 1 1420.5859375 0.0 1423.08203125 1420.5859375 1421.7703125 5
stats: {load,"os_mon@myserver"} 1 0.76171875 0.0 1.73828125 0.76171875 1.2291666666666667 6
stats: {recvpackets,"os_mon@myserver"} 1 18532.0 0.0 18532 504 7465.0 5
stats: {sentpackets,"os_mon@myserver"} 1 12197.0 0.0 12197 449 4997.0 5
stats: {cpu,"os_mon@test4"} 1 32.91139240506329 0.0 32.91139240506329 1.8527791687531296 12.144470647741542 5
stats: {cpu,"os_mon@myserver"} 1 23.39641189481445 0.0 44.833728997589205 1.2277624655474817 16.85584941569395 6
stats: session 5161 17.239872634376308 26.902124239228748 1030.0908203125 7.794921875 13.549122160741005 11944
stats: users_count 5171 17122
stats: finish_users_count 5161 17105
stats: request 51550 1.4611917235617708 7.770349604032762 1008.30810546875 0.093994140625 1.1018735883085549 118147
stats: page 5155 15.38500005683196 26.781119713813737 1028.321044921875 6.489990234375 11.666805852794589 11813
stats: connect 5154 1.503036599682891 19.771698079880586 1006.998779296875 0.35009765625 1.6620874752739692 11817
stats: 200 51550 169697
stats: size_rcv 18918850 62278799
stats: newphase 6 30
stats: size_sent 6585558 21674544
stats: connected -1 3
# stats: dump at 1338982496
stats: users 19 85
stats: {load,"os_mon@test2"} 1 0.75 0.0 1.390625 0.75 1.0266927083333333 6
stats: {recvpackets,"os_mon@test3"} 1 22123.0 0.0 22123 3380 10967.8 5
stats: {sentpackets,"os_mon@test3"} 1 14522.0 0.0 14522 2258 7279.0 5
stats: {freemem,"os_mon@test2"} 1 1434.6328125 0.0 1436.9296875 1434.6328125 1435.6360677083333 6
stats: {load,"os_mon@test4"} 1 0.69140625 0.0 1.5 0.69140625 1.0416666666666667 6
stats: {cpu,"os_mon@test3"} 1 43.57774310972439 0.0 43.57774310972439 1.8574297188755018 18.535045652364833 6
stats: {freemem,"os_mon@test4"} 1 1410.8515625 0.0 1413.11328125 1410.8515625 1411.91015625 6
stats: {freemem,"os_mon@myserver"} 1 2002.171875 0.0 2002.21484375 1996.97265625 1998.3002232142858 7
stats: {recvpackets,"os_mon@test2"} 1 22171.0 0.0 22171 3394 10992.4 5
stats: {sentpackets,"os_mon@test2"} 1 14551.0 0.0 14551 2260 7294.8 5
stats: {load,"os_mon@test3"} 1 1.078125 0.0 1.94140625 1.078125 1.42578125 6
stats: {cpu,"os_mon@test2"} 1 45.010288065843625 0.0 45.010288065843625 2.3069207622868606 19.93150230519321 6
stats: {recvpackets,"os_mon@test4"} 1 22088.0 0.0 22088 3371 10960.8 5
stats: {sentpackets,"os_mon@test4"} 1 14497.0 0.0 14497 2247 7273.6 5
stats: {freemem,"os_mon@test3"} 1 1420.34375 0.0 1423.08203125 1420.34375 1421.5729166666667 6
stats: {load,"os_mon@myserver"} 1 0.640625 0.0 1.73828125 0.640625 1.1623883928571428 7
stats: {recvpackets,"os_mon@myserver"} 1 2.24e4 0.0 22400 504 9309.5 6
stats: {sentpackets,"os_mon@myserver"} 1 14699.0 0.0 14699 449 6197.0 6
stats: {cpu,"os_mon@test4"} 1 39.435199193141706 0.0 39.435199193141706 1.8527791687531296 15.605624273961832 6
stats: {cpu,"os_mon@myserver"} 1 26.80998270323697 0.0 44.833728997589205 1.2277624655474817 17.790215484139733 7
stats: session 6072 22.083729941226068 31.262579556766593 1040.324951171875 7.794921875 14.662712525805711 17105
stats: users_count 6074 23196
stats: finish_users_count 6072 23177
stats: request 60330 1.9550041220228827 8.930352975638952 1013.916015625 0.093994140625 1.211026076993112 169697
stats: page 6031 20.4804477403856 31.32636729476404 1037.578857421875 6.322021484375 12.796419898163085 16968
stats: connect 6038 1.7088392572949458 22.286164670663425 1006.998779296875 0.35009765625 1.6137845931340586 16971
stats: 200 60330 230027
stats: size_rcv 22141110 84419909
stats: newphase 6 36
stats: size_sent 7697446 29371990
stats: connected 7 10
# stats: dump at 1338982506
stats: users 23 90
stats: {load,"os_mon@test2"} 1 0.7890625 0.0 1.390625 0.75 0.9871651785714286 7
stats: {recvpackets,"os_mon@test3"} 1 25806.0 0.0 25806 3380 12827.0 6
stats: {sentpackets,"os_mon@test3"} 1 16879.0 0.0 16879 2258 8486.166666666666 6
stats: {freemem,"os_mon@test2"} 1 1434.08203125 0.0 1436.9296875 1434.08203125 1435.4927455357142 7
stats: {load,"os_mon@test4"} 1 0.66015625 0.0 1.5 0.66015625 0.9916294642857143 7
stats: {cpu,"os_mon@test3"} 1 49.13112164296998 0.0 49.13112164296998 1.8574297188755018 22.112573860559056 7
stats: {freemem,"os_mon@test4"} 1 1410.48828125 0.0 1413.11328125 1410.48828125 1411.7589285714287 7
stats: {freemem,"os_mon@myserver"} 1 2015.578125 0.0 2015.578125 1996.97265625 1998.7841796875 8
stats: {recvpackets,"os_mon@test2"} 1 25873.0 0.0 25873 3394 12855.5 6
stats: {sentpackets,"os_mon@test2"} 1 16924.0 0.0 16924 2260 8504.166666666666 6
stats: {load,"os_mon@test3"} 1 1.1484375 0.0 1.94140625 1.078125 1.3761160714285714 7
stats: {cpu,"os_mon@test2"} 1 53.13786008230452 0.0 53.13786008230452 2.3069207622868606 23.514185985286126 7
stats: {recvpackets,"os_mon@test4"} 1 25799.0 0.0 25799 3371 12815.333333333334 6
stats: {sentpackets,"os_mon@test4"} 1 16878.0 0.0 16878 2247 8477.5 6
stats: {freemem,"os_mon@test3"} 1 1420.00390625 0.0 1423.08203125 1420.00390625 1421.3973214285713 7
stats: {load,"os_mon@myserver"} 1 0.69921875 0.0 1.73828125 0.640625 1.09716796875 8
stats: {recvpackets,"os_mon@myserver"} 1 26035.0 0.0 26035 504 11179.57142857143 7
stats: {sentpackets,"os_mon@myserver"} 1 17024.0 0.0 17024 449 7411.571428571428 7
stats: {cpu,"os_mon@test4"} 1 43.60940695296524 0.0 43.60940695296524 1.8527791687531296 19.0098492624161 7
stats: {cpu,"os_mon@myserver"} 1 29.770229770229772 0.0 44.833728997589205 1.2277624655474817 18.91768638652689 8
stats: session 6871 23.200874756108092 30.068767365348094 1040.324951171875 7.794921875 16.606899338008862 23177
stats: users_count 6875 30071
stats: finish_users_count 6871 30048
stats: 200 68925 298952
stats: request 68925 2.0351161957064106 8.212514794454208 1013.916015625 0.093994140625 1.4061518468229408 230027
stats: page 6891 21.38077806564954 29.65563035564929 1037.578857421875 6.322021484375 14.811393241197303 22999
stats: connect 6891 1.674255645667811 20.899308700551664 1006.998779296875 0.35009765625 1.638728748125733 23009
stats: size_rcv 25295475 109715384
stats: newphase 6 42
stats: size_sent 8791016 38163006
stats: connected 0 10
# stats: dump at 1338982516
stats: users 13 90
stats: {load,"os_mon@test2"} 1 0.75 0.0 1.390625 0.75 0.96240234375 8
stats: {recvpackets,"os_mon@test3"} 1 29144.0 0.0 29144 3380 14681.142857142857 7
stats: {sentpackets,"os_mon@test3"} 1 19064.0 0.0 19064 2258 9685.142857142857 7
stats: {freemem,"os_mon@test2"} 1 1434.08203125 0.0 1436.9296875 1434.08203125 1435.31640625 8
stats: {load,"os_mon@test4"} 1 0.62890625 0.0 1.5 0.62890625 0.9501953125 8
stats: {cpu,"os_mon@test3"} 1 58.02534318901795 0.0 58.02534318901795 1.8574297188755018 25.489892333360423 8
stats: {freemem,"os_mon@test4"} 1 1410.30859375 0.0 1413.11328125 1410.30859375 1411.60009765625 8
stats: {freemem,"os_mon@myserver"} 1 2043.9375 0.0 2043.9375 1996.97265625 2000.650173611111 9
stats: {recvpackets,"os_mon@test2"} 1 29174.0 0.0 29174 3394 14715.142857142857 7
stats: {sentpackets,"os_mon@test2"} 1 19087.0 0.0 19087 2260 9707.0 7
stats: {load,"os_mon@test3"} 1 1.19921875 0.0 1.94140625 1.078125 1.34765625 8
stats: {cpu,"os_mon@test2"} 1 56.79012345679012 0.0 56.79012345679012 2.3069207622868606 27.217145247413423 8
stats: {recvpackets,"os_mon@test4"} 1 29105.0 0.0 29105 3371 14670.142857142857 7
stats: {sentpackets,"os_mon@test4"} 1 19042.0 0.0 19042 2247 9677.57142857143 7
stats: {freemem,"os_mon@test3"} 1 1420.234375 0.0 1423.08203125 1420.00390625 1421.22314453125 8
stats: {load,"os_mon@myserver"} 1 0.8203125 0.0 1.73828125 0.640625 1.0529513888888888 9
stats: {recvpackets,"os_mon@myserver"} 1 29123.0 0.0 29123 504 13036.5 8
stats: {sentpackets,"os_mon@myserver"} 1 19064.0 0.0 19064 449 8613.125 8
stats: {cpu,"os_mon@test4"} 1 51.65562913907284 0.0 51.65562913907284 1.8527791687531296 22.08479397373474 8
stats: {cpu,"os_mon@myserver"} 1 32.61469039859614 0.0 44.833728997589205 1.2277624655474817 20.123524540271653 9
stats: session 7627 22.763935957884012 38.76665682309002 1263.483154296875 7.794921875 18.114726983701082 30048
stats: users_count 7617 37688
stats: finish_users_count 7627 37675
stats: 200 74392 373344
stats: request 74392 1.9557940820197102 10.86610453002853 1036.988037109375 0.093994140625 1.5511629781978544 298952
stats: page 7433 20.713574468375803 35.63338246416936 1060.919921875 6.322021484375 16.325934252415113 29890
stats: connect 7444 2.316928869674821 28.431547163267684 1006.998779296875 0.35009765625 1.6469165692281564 29900
stats: size_rcv 27301864 137017248
stats: newphase 6 48
stats: size_sent 9489296 47652302
stats: connected 11 21
# stats: dump at 1338982526
stats: users 17 132
stats: {load,"os_mon@test2"} 1 0.640625 0.0 1.390625 0.640625 0.9388020833333334 9
stats: {recvpackets,"os_mon@test3"} 1 32291.0 0.0 32291 3380 16489.0 8
stats: {sentpackets,"os_mon@test3"} 1 20965.0 0.0 20965 2258 10857.5 8
stats: {freemem,"os_mon@test2"} 1 1434.10546875 0.0 1436.9296875 1434.08203125 1435.1792534722222 9
stats: {load,"os_mon@test4"} 1 0.69140625 0.0 1.5 0.62890625 0.9144965277777778 9
stats: {cpu,"os_mon@test3"} 1 65.0 0.0 65.0 1.8574297188755018 29.104942428433485 9
stats: {freemem,"os_mon@test4"} 1 1410.2265625 0.0 1413.11328125 1410.2265625 1411.4565972222222 9
stats: {freemem,"os_mon@myserver"} 1 2043.66015625 0.0 2043.9375 1996.97265625 2004.97890625 10
stats: {recvpackets,"os_mon@test2"} 1 32293.0 0.0 32293 3394 16522.5 8
stats: {sentpackets,"os_mon@test2"} 1 20959.0 0.0 20959 2260 10879.5 8
stats: {load,"os_mon@test3"} 1 1.3203125 0.0 1.94140625 1.078125 1.3311631944444444 9
stats: {cpu,"os_mon@test2"} 1 62.87004515805319 0.0 62.87004515805319 2.3069207622868606 30.503031715121942 9
stats: {recvpackets,"os_mon@test4"} 1 32283.0 0.0 32283 3371 16474.5 8
stats: {sentpackets,"os_mon@test4"} 1 20945.0 0.0 20945 2247 10848.125 8
stats: {freemem,"os_mon@test3"} 1 1420.2421875 0.0 1423.08203125 1420.00390625 1421.11328125 9
stats: {load,"os_mon@myserver"} 1 0.78125 0.0 1.73828125 0.640625 1.0296875 10
stats: {recvpackets,"os_mon@myserver"} 1 32303.0 0.0 32303 504 14823.888888888889 9
stats: {sentpackets,"os_mon@myserver"} 1 20941.0 0.0 20941 449 9774.333333333334 9
stats: {cpu,"os_mon@test4"} 1 55.957230142566196 0.0 55.957230142566196 1.8527791687531296 25.370442325438976 9
stats: {cpu,"os_mon@myserver"} 1 35.93671521848317 0.0 44.833728997589205 1.2277624655474817 21.372641126104103 10
stats: session 8447 30.569491953966597 59.03566568670706 1263.483154296875 7.794921875 19.055921856855512 37675
stats: users_count 8451 46139
stats: finish_users_count 8447 46122
stats: request 84680 2.7717843842720287 17.221052949217547 1036.988037109375 0.093994140625 1.6317892024722918 373344
stats: page 8473 29.228532279464833 60.92689391694613 1261.31201171875 6.322021484375 17.199747443349278 37323
stats: connect 8464 4.01596692379119 47.31681348717737 1016.113037109375 0.35009765625 1.7804740768471843 37344
stats: 200 84680 458024
stats: size_rcv 31077560 168094808
stats: newphase 6 54
stats: size_sent 10811970 58464272
stats: connected -9 12
# stats: dump at 1338982536
stats: users 11 204
stats: {load,"os_mon@test2"} 1 0.76953125 0.0 1.390625 0.640625 0.908984375 10
stats: {recvpackets,"os_mon@test3"} 1 35363.0 0.0 35363 3380 18244.777777777777 9
stats: {sentpackets,"os_mon@test3"} 1 23012.0 0.0 23012 2258 11980.555555555555 9
stats: {freemem,"os_mon@test2"} 1 1433.2734375 0.0 1436.9296875 1433.2734375 1435.071875 10
stats: {load,"os_mon@test4"} 1 0.8203125 0.0 1.5 0.62890625 0.8921875 10
stats: {cpu,"os_mon@test3"} 1 66.15869679453495 0.0 66.15869679453495 1.8574297188755018 32.69444818559013 10
stats: {freemem,"os_mon@test4"} 1 1410.10546875 0.0 1413.11328125 1410.10546875 1411.33359375 10
stats: {freemem,"os_mon@myserver"} 1 2052.08203125 0.0 2052.08203125 1996.97265625 2008.4953835227273 11
stats: {recvpackets,"os_mon@test2"} 1 36102.0 0.0 36102 3394 18274.777777777777 9
stats: {sentpackets,"os_mon@test2"} 1 23501.0 0.0 23501 2260 11999.444444444445 9
stats: {load,"os_mon@test3"} 1 1.3515625 0.0 1.94140625 1.078125 1.330078125 10
stats: {cpu,"os_mon@test2"} 1 67.18266253869969 0.0 67.18266253869969 2.3069207622868606 33.739733059415066 10
stats: {recvpackets,"os_mon@test4"} 1 35280.0 0.0 35280 3371 18231.0 9
stats: {sentpackets,"os_mon@test4"} 1 22965.0 0.0 22965 2247 11970.0 9
stats: {freemem,"os_mon@test3"} 1 1419.94140625 0.0 1423.08203125 1419.94140625 1421.026171875 10
stats: {load,"os_mon@myserver"} 1 0.890625 0.0 1.73828125 0.640625 1.0071022727272727 11
stats: {recvpackets,"os_mon@myserver"} 1 35568.0 0.0 35568 504 16571.8 10
stats: {sentpackets,"os_mon@myserver"} 1 23173.0 0.0 23173 449 10891.0 10
stats: {cpu,"os_mon@test4"} 1 59.77710233029382 0.0 59.77710233029382 1.8527791687531296 28.429121107151694 10
stats: {cpu,"os_mon@myserver"} 1 39.56907477820025 0.0 44.833728997589205 1.2277624655474817 22.696647861774924 11
stats: session 9246 29.852986363191004 52.29733945179242 1263.483154296875 7.794921875 21.16457123481608 46122
stats: users_count 9240 55379
stats: finish_users_count 9246 55368
stats: request 92078 2.6799749150134864 13.669434267393983 1036.988037109375 0.093994140625 1.8425528131014326 458024
stats: page 9207 28.104557498498114 52.334593394285285 1261.31201171875 6.322021484375 19.42526700655146 45796
stats: connect 9210 2.6697473184293594 27.633943914844007 1016.113037109375 0.35009765625 2.193528815245151 45808
stats: 200 92078 550102
stats: size_rcv 33792626 201887434
stats: newphase 6 60
stats: size_sent 11748834 70213106
stats: connected 3 15
# stats: dump at 1338982546
stats: users 152 231
stats: {load,"os_mon@test2"} 1 0.80859375 0.0 1.390625 0.640625 0.8963068181818182 11
stats: {recvpackets,"os_mon@test3"} 1 38308.0 0.0 38308 3380 19956.6 10
stats: {sentpackets,"os_mon@test3"} 1 25050.0 0.0 25050 2258 13083.7 10
stats: {freemem,"os_mon@test2"} 1 1432.5625 0.0 1436.9296875 1432.5625 1434.9083806818182 11
stats: {load,"os_mon@test4"} 1 0.921875 0.0 1.5 0.62890625 0.8856534090909091 11
stats: {cpu,"os_mon@test3"} 1 68.91109942135718 0.0 68.91109942135718 1.8574297188755018 35.73665260458512 11
stats: {freemem,"os_mon@test4"} 1 1410.13671875 0.0 1413.11328125 1410.10546875 1411.2219460227273 11
stats: {freemem,"os_mon@myserver"} 1 2051.53515625 0.0 2052.08203125 1996.97265625 2012.1276041666667 12
stats: {recvpackets,"os_mon@test2"} 1 38326.0 0.0 38326 3394 20057.5 10
stats: {sentpackets,"os_mon@test2"} 1 25059.0 0.0 25059 2260 13149.6 10
stats: {load,"os_mon@test3"} 1 1.37109375 0.0 1.94140625 1.078125 1.33203125 11
stats: {cpu,"os_mon@test2"} 1 68.24498198661864 0.0 68.24498198661864 2.3069207622868606 36.779999375713665 11
stats: {recvpackets,"os_mon@test4"} 1 38258.0 0.0 38258 3371 19935.9 10
stats: {sentpackets,"os_mon@test4"} 1 25014.0 0.0 25014 2247 13069.5 10
stats: {freemem,"os_mon@test3"} 1 1419.4921875 0.0 1423.08203125 1419.4921875 1420.9275568181818 11
stats: {load,"os_mon@myserver"} 1 1.28125 0.0 1.73828125 0.640625 0.9973958333333334 12
stats: {recvpackets,"os_mon@myserver"} 1 38287.0 0.0 38287 504 18298.727272727272 11
stats: {sentpackets,"os_mon@myserver"} 1 25031.0 0.0 25031 449 12007.545454545454 11
stats: {cpu,"os_mon@test4"} 1 64.2230252968508 0.0 64.2230252968508 1.8527791687531296 31.2789375819828 11
stats: {cpu,"os_mon@myserver"} 1 43.46496815286624 0.0 44.833728997589205 1.2277624655474817 24.1026834381437 12
stats: session 9745 48.51630618867042 84.6003894393487 1377.7119140625 7.794921875 22.61546500516998 55368
stats: users_count 9886 65265
stats: finish_users_count 9745 65113
stats: request 98040 4.06211412134875 18.18711514539707 1036.988037109375 0.093994140625 1.982723458363326 550102
stats: page 9733 40.58408754466913 72.6698734561225 1261.31201171875 6.322021484375 20.87810098941336 55003
stats: connect 9890 5.124581875236976 43.908777726208825 1016.113037109375 0.35009765625 2.2732476784231395 55018
stats: 200 98040 648142
stats: size_rcv 35980680 237868114
stats: newphase 6 66
stats: size_sent 12523492 82736598
stats: connected 157 172
# stats: dump at 1338982556
stats: users 214 378
stats: {load,"os_mon@test2"} 1 0.921875 0.0 1.390625 0.640625 0.8889973958333334 12
stats: {recvpackets,"os_mon@test3"} 1 41227.0 0.0 41227 3380 21624.909090909092 11
stats: {sentpackets,"os_mon@test3"} 1 27057.0 0.0 27057 2258 14171.545454545454 11
stats: {freemem,"os_mon@test2"} 1 1429.77734375 0.0 1436.9296875 1429.77734375 1434.712890625 12
stats: {load,"os_mon@test4"} 1 0.859375 0.0 1.5 0.62890625 0.888671875 12
stats: {cpu,"os_mon@test3"} 1 72.86166842661035 0.0 72.86166842661035 1.8574297188755018 38.50118983931612 12
stats: {freemem,"os_mon@test4"} 1 1405.5703125 0.0 1413.11328125 1405.5703125 1411.1315104166667 12
stats: {freemem,"os_mon@myserver"} 1 2050.34375 0.0 2052.08203125 1996.97265625 2015.158954326923 13
stats: {recvpackets,"os_mon@test2"} 1 41284.0 0.0 41284 3394 21718.272727272728 11
stats: {sentpackets,"os_mon@test2"} 1 27095.0 0.0 27095 2260 14232.272727272728 11
stats: {load,"os_mon@test3"} 1 1.30859375 0.0 1.94140625 1.078125 1.3352864583333333 12
stats: {cpu,"os_mon@test2"} 1 73.07890665291387 0.0 73.07890665291387 2.3069207622868606 39.40208125995574 12
stats: {recvpackets,"os_mon@test4"} 1 41197.0 0.0 41197 3371 21601.545454545456 11
stats: {sentpackets,"os_mon@test4"} 1 27039.0 0.0 27039 2247 14155.363636363636 11
stats: {freemem,"os_mon@test3"} 1 1415.8203125 0.0 1423.08203125 1415.8203125 1420.8079427083333 12
stats: {load,"os_mon@myserver"} 1 1.3203125 0.0 1.73828125 0.640625 1.0192307692307692 13
stats: {recvpackets,"os_mon@myserver"} 1 41510.0 0.0 41510 504 19964.416666666668 12
stats: {sentpackets,"os_mon@myserver"} 1 27248.0 0.0 27248 449 13092.833333333334 12
stats: {cpu,"os_mon@test4"} 1 68.54961832061068 0.0 68.54961832061068 1.8527791687531296 34.02427822488846 12
stats: {cpu,"os_mon@myserver"} 1 50.714650331801934 0.0 50.714650331801934 1.2277624655474817 25.592089954660818 13
stats: session 10079 243.21305950568643 170.259565788526 4194.903076171875 7.794921875 26.49185984695598 65113
stats: users_count 10141 75406
stats: finish_users_count 10079 75192
stats: request 100968 23.790112313392374 50.636692158579656 2823.559814453125 0.093994140625 2.297258638307059 648142
stats: page 10069 240.53922585042108 173.97584458188206 4193.179931640625 6.322021484375 23.840878534246286 64736
stats: connect 10115 27.1934119442814 102.52065515577306 1057.89013671875 0.35009765625 2.7077040660254204 64908
stats: 200 100968 749110
stats: size_rcv 37055256 274923370
stats: newphase 6 72
stats: size_sent 12893156 95629754
stats: connected 46 218
# stats: dump at 1338982566
stats: users 828 828
stats: {load,"os_mon@test2"} 1 1.078125 0.0 1.390625 0.640625 0.8915264423076923 13
stats: {recvpackets,"os_mon@test3"} 1 41636.0 0.0 41636 3380 23258.416666666668 12
stats: {sentpackets,"os_mon@test3"} 1 27353.0 0.0 27353 2258 15245.333333333334 12
stats: {freemem,"os_mon@test2"} 1 1425.453125 0.0 1436.9296875 1425.453125 1434.333233173077 13
stats: {load,"os_mon@test4"} 1 1.0390625 0.0 1.5 0.62890625 0.8864182692307693 13
stats: {cpu,"os_mon@test3"} 1 75.144813059505 0.0 75.144813059505 1.8574297188755018 41.14430357680029 13
stats: {freemem,"os_mon@test4"} 1 1405.37890625 0.0 1413.11328125 1405.37890625 1410.7037259615386 13
stats: {freemem,"os_mon@myserver"} 1 2049.79296875 0.0 2052.08203125 1996.97265625 2017.672154017857 14
stats: {recvpackets,"os_mon@test2"} 1 41744.0 0.0 41744 3394 23348.75 12
stats: {sentpackets,"os_mon@test2"} 1 27445.0 0.0 27445 2260 15304.166666666666 12
stats: {load,"os_mon@test3"} 1 1.33984375 0.0 1.94140625 1.078125 1.3332331730769231 13
stats: {cpu,"os_mon@test2"} 1 68.20062047569803 0.0 73.07890665291387 2.3069207622868606 41.992606290183296 13
stats: {recvpackets,"os_mon@test4"} 1 41661.0 0.0 41661 3371 23234.5 12
stats: {sentpackets,"os_mon@test4"} 1 27366.0 0.0 27366 2247 15229.0 12
stats: {freemem,"os_mon@test3"} 1 1412.76171875 0.0 1423.08203125 1412.76171875 1420.4242788461538 13
stats: {load,"os_mon@myserver"} 1 1.5703125 0.0 1.73828125 0.640625 1.0407366071428572 14
stats: {recvpackets,"os_mon@myserver"} 1 42205.0 0.0 42205 504 21621.76923076923 13
stats: {sentpackets,"os_mon@myserver"} 1 27746.0 0.0 27746 449 14181.692307692309 13
stats: {cpu,"os_mon@test4"} 1 71.9020907700153 0.0 71.9020907700153 1.8527791687531296 36.68007361686709 13
stats: {cpu,"os_mon@myserver"} 1 60.09814049586777 0.0 60.09814049586777 1.2277624655474817 27.38655855302804 14
stats: session 10129 405.8230793467403 257.27122870873524 4194.903076171875 7.794921875 55.54193128221963 75192
stats: users_count 10743 86149
stats: finish_users_count 10129 85321
stats: request 105127 39.8327153091476 68.79711458425156 3767.112060546875 0.093994140625 5.1941502161340996 749110
stats: page 10365 394.05158306292907 255.94540278463646 4193.179931640625 6.322021484375 53.00919160324654 74805
stats: connect 10710 54.0143339041346 158.31747590953722 3033.125 0.35009765625 6.008997471895078 75023
stats: 200 105127 854237
stats: size_rcv 38581609 313504979
stats: newphase 6 78
stats: size_sent 13461510 109091264
stats: connected 345 563
# stats: dump at 1338982576
stats: users 2218 2319
stats: {load,"os_mon@test2"} 1 0.98828125 0.0 1.390625 0.640625 0.9048549107142857 14
stats: {recvpackets,"os_mon@test3"} 1 4.4e4 0.0 44000 3380 24672.076923076922 13
stats: {sentpackets,"os_mon@test3"} 1 28841.0 0.0 28841 2258 16176.692307692309 13
stats: {freemem,"os_mon@test2"} 1 1417.23046875 0.0 1436.9296875 1417.23046875 1433.698939732143 14
stats: {load,"os_mon@test4"} 1 0.9609375 0.0 1.5 0.62890625 0.8973214285714286 14
stats: {cpu,"os_mon@test3"} 1 74.82776894541601 0.0 75.144813059505 1.8574297188755018 43.57291139699349 14
stats: {freemem,"os_mon@test4"} 1 1393.65625 0.0 1413.11328125 1393.65625 1410.3233816964287 14
stats: {freemem,"os_mon@myserver"} 1 2046.8671875 0.0 2052.08203125 1996.97265625 2019.8135416666667 15
stats: {recvpackets,"os_mon@test2"} 1 44183.0 0.0 44183 3394 24763.76923076923 13
stats: {sentpackets,"os_mon@test2"} 1 28920.0 0.0 28920 2260 16238.076923076924 13
stats: {load,"os_mon@test3"} 1 1.359375 0.0 1.94140625 1.078125 1.3337053571428572 14
stats: {cpu,"os_mon@test2"} 1 70.94594594594594 0.0 73.07890665291387 2.3069207622868606 43.864607303434354 14
stats: {recvpackets,"os_mon@test4"} 1 43889.0 0.0 43889 3371 24651.923076923078 13
stats: {sentpackets,"os_mon@test4"} 1 28776.0 0.0 28776 2247 16162.615384615385 13
stats: {freemem,"os_mon@test3"} 1 1404.5703125 0.0 1423.08203125 1404.5703125 1419.876953125 14
stats: {load,"os_mon@myserver"} 1 1.640625 0.0 1.73828125 0.640625 1.0760416666666666 15
stats: {recvpackets,"os_mon@myserver"} 1 45109.0 0.0 45109 504 23092.0 14
stats: {sentpackets,"os_mon@myserver"} 1 29498.0 0.0 29498 449 15150.57142857143 14
stats: {cpu,"os_mon@test4"} 1 74.69325153374233 0.0 74.69325153374233 1.8527791687531296 39.195931984949105 14
stats: {cpu,"os_mon@myserver"} 1 60.886172650878535 0.0 60.886172650878535 1.2277624655474817 29.567330682550686 15
stats: session 10087 1225.959177155814 637.4490914311722 7890.093017578125 7.794921875 97.12604010355939 85321
stats: users_count 11477 97626
stats: finish_users_count 10087 95408
stats: request 106114 128.99008646968872 156.17604150444626 5972.190185546875 0.093994140625 9.456958350800745 854237
stats: page 9951 1193.7164337921893 630.2581596352053 7887.80810546875 6.322021484375 94.5132938397102 85170
stats: connect 11392 159.12844814343327 276.8164129062432 3147.3798828125 0.35009765625 12.005954923393164 85733
stats: 200 106114 960351
stats: size_rcv 38943838 352448817
stats: newphase 6 84
stats: size_sent 13733236 122824500
stats: connected 1441 2004
# stats: dump at 1338982586
stats: users 4075 4076
stats: {load,"os_mon@test2"} 1 0.98828125 0.0 1.390625 0.640625 0.9104166666666667 15
stats: {recvpackets,"os_mon@test3"} 1 45707.0 0.0 45707 3380 26052.64285714286 14
stats: {sentpackets,"os_mon@test3"} 1 30167.0 0.0 30167 2258 17081.285714285714 14
stats: {freemem,"os_mon@test2"} 1 1389.4140625 0.0 1436.9296875 1389.4140625 1432.6010416666666 15
stats: {load,"os_mon@test4"} 1 1.12109375 0.0 1.5 0.62890625 0.9015625 15
stats: {cpu,"os_mon@test3"} 1 78.28843106180665 0.0 78.28843106180665 1.8574297188755018 45.65656856688832 15
stats: {freemem,"os_mon@test4"} 1 1359.55078125 0.0 1413.11328125 1359.55078125 1409.2122395833333 15
stats: {freemem,"os_mon@myserver"} 1 2026.96875 0.0 2052.08203125 1996.97265625 2021.50439453125 16
stats: {recvpackets,"os_mon@test2"} 1 45522.0 0.0 45522 3394 26150.85714285714 14
stats: {sentpackets,"os_mon@test2"} 1 30078.0 0.0 30078 2260 17143.928571428572 14
stats: {load,"os_mon@test3"} 1 1.4609375 0.0 1.94140625 1.078125 1.3354166666666667 15
stats: {cpu,"os_mon@test2"} 1 74.71443406022846 0.0 74.71443406022846 2.3069207622868606 45.67002987960179 15
stats: {recvpackets,"os_mon@test4"} 1 45736.0 0.0 45736 3371 26026.0 14
stats: {sentpackets,"os_mon@test4"} 1 30178.0 0.0 30178 2247 17063.571428571428 14
stats: {freemem,"os_mon@test3"} 1 1370.1484375 0.0 1423.08203125 1370.1484375 1418.8565104166667 15
stats: {load,"os_mon@myserver"} 1 1.8515625 0.0 1.8515625 0.640625 1.111328125 16
stats: {recvpackets,"os_mon@myserver"} 1 47728.0 0.0 47728 504 24559.8 15
stats: {sentpackets,"os_mon@myserver"} 1 31611.0 0.0 31611 449 16107.066666666668 15
stats: {cpu,"os_mon@test4"} 1 76.66499749624437 0.0 76.66499749624437 1.8527791687531296 41.56241995486866 15
stats: {cpu,"os_mon@myserver"} 1 61.910377358490564 0.0 61.910377358490564 1.2277624655474817 31.524758305571176 16
stats: session 9455 2592.847076303054 1012.4251449343179 12765.203125 7.794921875 216.47179573669382 95408
stats: users_count 11312 108938
stats: finish_users_count 9455 104863
stats: request 101517 276.7853259438097 358.1257224969832 10965.052001953125 0.093994140625 22.664773365527317 960351
stats: page 9505 2555.791782208578 987.797540638969 12763.907958984375 6.322021484375 209.50546639537214 95121
stats: connect 11039 273.1923862405089 427.1530079984583 7169.027099609375 0.35009765625 29.262268362391332 97125
stats: 200 101517 1061868
stats: size_rcv 37256739 389705556
stats: newphase 6 90
stats: size_sent 13155162 135979662
stats: connected 1534 3538
# stats: dump at 1338982596
stats: users 1696 4339
stats: {load,"os_mon@test2"} 1 1.140625 0.0 1.390625 0.640625 0.915283203125 16
stats: {recvpackets,"os_mon@test3"} 1 42663.0 0.0 45707 3380 27362.933333333334 15
stats: {sentpackets,"os_mon@test3"} 1 28352.0 0.0 30167 2258 17953.666666666668 15
stats: {freemem,"os_mon@test2"} 1 1358.125 0.0 1436.9296875 1358.125 1429.90185546875 16
stats: {load,"os_mon@test4"} 1 1.1015625 0.0 1.5 0.62890625 0.915283203125 16
stats: {cpu,"os_mon@test3"} 1 79.66368891224383 0.0 79.66368891224383 1.8574297188755018 47.69605997282072 16
stats: {freemem,"os_mon@test4"} 1 1301.2421875 0.0 1413.11328125 1301.2421875 1406.1083984375 16
stats: {freemem,"os_mon@myserver"} 1 2028.9609375 0.0 2052.08203125 1996.97265625 2021.8258272058824 17
stats: {recvpackets,"os_mon@test2"} 1 42369.0 0.0 45522 3394 27442.266666666666 15
stats: {sentpackets,"os_mon@test2"} 1 28066.0 0.0 30078 2260 18006.2 15
stats: {load,"os_mon@test3"} 1 1.4609375 0.0 1.94140625 1.078125 1.34326171875 16
stats: {cpu,"os_mon@test2"} 1 68.42907981698018 0.0 74.71443406022846 2.3069207622868606 47.48530514089096 16
stats: {recvpackets,"os_mon@test4"} 1 42834.0 0.0 45736 3371 27340.0 15
stats: {sentpackets,"os_mon@test4"} 1 28474.0 0.0 30178 2247 17937.866666666665 15
stats: {freemem,"os_mon@test3"} 1 1327.59375 0.0 1423.08203125 1327.59375 1415.812255859375 16
stats: {load,"os_mon@myserver"} 1 2.171875 0.0 2.171875 0.640625 1.1548713235294117 17
stats: {recvpackets,"os_mon@myserver"} 1 42102.0 0.0 47728 504 26007.8125 16
stats: {sentpackets,"os_mon@myserver"} 1 27676.0 0.0 31611 449 17076.0625 16
stats: {cpu,"os_mon@test4"} 1 78.4771573604061 0.0 78.4771573604061 1.8527791687531296 43.75633105120464 16
stats: {cpu,"os_mon@myserver"} 1 62.20452209660843 0.0 62.20452209660843 1.2277624655474817 33.31214766162526 17
stats: session 11088 2124.1899658687553 2092.992068652391 17915.300048828125 7.794921875 430.7382984855655 104863
stats: users_count 8709 117647
stats: finish_users_count 11088 115951
stats: request 101609 186.6241623859024 513.8337318140224 15197.849853515625 0.093994140625 46.95927714197551 1061868
stats: page 11189 2156.1783407881053 2097.3197517437357 17914.10693359375 6.322021484375 422.6594762189774 104626
stats: connect 8942 207.43800351614925 653.7656428705759 15121.1259765625 0.35009765625 54.157284922952506 108164
stats: 200 101608 1163476
stats: size_rcv 37290136 426995692
stats: newphase 6 96
stats: size_sent 12680554 148660216
stats: connected -2248 1290
# stats: dump at 1338982606
stats: users 840 4376
stats: {load,"os_mon@test2"} 1 1.0390625 0.0 1.390625 0.640625 0.9285386029411765 17
stats: {recvpackets,"os_mon@test3"} 1 4.02e4 0.0 45707 3380 28319.1875 16
stats: {sentpackets,"os_mon@test3"} 1 26320.0 0.0 30167 2258 18603.5625 16
stats: {freemem,"os_mon@test2"} 1 1386.4140625 0.0 1436.9296875 1358.125 1425.6796875 17
stats: {load,"os_mon@test4"} 1 1.01171875 0.0 1.5 0.62890625 0.9262408088235294 17
stats: {cpu,"os_mon@test3"} 1 66.98162729658793 0.0 79.66368891224383 1.8574297188755018 49.57650873396326 17
stats: {freemem,"os_mon@test4"} 1 1300.52734375 0.0 1413.11328125 1300.52734375 1399.9397977941176 17
stats: {freemem,"os_mon@myserver"} 1 2021.09375 0.0 2052.08203125 1996.97265625 2022.2222222222222 18
stats: {recvpackets,"os_mon@test2"} 1 41595.0 0.0 45522 3394 28375.1875 16
stats: {sentpackets,"os_mon@test2"} 1 27343.0 0.0 30078 2260 18634.9375 16
stats: {load,"os_mon@test3"} 1 1.55078125 0.0 1.94140625 1.078125 1.3501838235294117 17
stats: {cpu,"os_mon@test2"} 1 64.72107438016529 0.0 74.71443406022846 2.3069207622868606 48.717291886543265 17
stats: {recvpackets,"os_mon@test4"} 1 40082.0 0.0 45736 3371 28308.375 16
stats: {sentpackets,"os_mon@test4"} 1 26238.0 0.0 30178 2247 18596.375 16
stats: {freemem,"os_mon@test3"} 1 1347.0703125 0.0 1423.08203125 1327.59375 1410.6229319852941 17
stats: {load,"os_mon@myserver"} 1 2.37890625 0.0 2.37890625 0.640625 1.2113715277777777 18
stats: {recvpackets,"os_mon@myserver"} 1 47251.0 0.0 47728 504 26954.529411764706 17
stats: {sentpackets,"os_mon@myserver"} 1 31246.0 0.0 31611 449 17699.58823529412 17
stats: {cpu,"os_mon@test4"} 1 73.7029501525941 0.0 78.4771573604061 1.8527791687531296 45.798732598804726 17
stats: {cpu,"os_mon@myserver"} 1 59.14494741655235 0.0 62.20452209660843 1.2277624655474817 34.91727957467988 18
stats: session 10613 2510.9650467136244 1162.9479831589447 17915.300048828125 7.794921875 592.6773252118966 115951
stats: users_count 9757 127404
stats: finish_users_count 10613 126564
stats: request 103086 257.5078636414977 367.15059797572053 15197.849853515625 0.093994140625 59.15651810569904 1163477
stats: page 10312 2488.3030557447555 1137.619756901275 17914.10693359375 6.322021484375 590.1364228637468 115815
stats: connect 10084 290.18265728040694 454.3220676671763 15121.1259765625 0.35009765625 65.86152027947024 117106
stats: 200 103086 1266562
stats: size_rcv 37832562 464828254
stats: newphase 5 101
stats: size_sent 13132670 161792886
stats: connected -228 1062
# stats: dump at 1338982616
stats: users 2667 4376
stats: {load,"os_mon@test2"} 1 1.03125 0.0 1.390625 0.640625 0.9346788194444444 18
stats: {recvpackets,"os_mon@test3"} 1 40113.0 0.0 45707 3380 29018.058823529413 17
stats: {sentpackets,"os_mon@test3"} 1 26109.0 0.0 30167 2258 19057.470588235294 17
stats: {freemem,"os_mon@test2"} 1 1363.43359375 0.0 1436.9296875 1358.125 1423.498263888889 18
stats: {load,"os_mon@test4"} 1 1.078125 0.0 1.5 0.62890625 0.9309895833333334 18
stats: {cpu,"os_mon@test3"} 1 65.36863966770508 0.0 79.66368891224383 1.8574297188755018 50.543459765220184 18
stats: {freemem,"os_mon@test4"} 1 1239.7578125 0.0 1413.11328125 1239.7578125 1394.4168836805557 18
stats: {freemem,"os_mon@myserver"} 1 2037.00390625 0.0 2052.08203125 1996.97265625 2022.1628289473683 19
stats: {recvpackets,"os_mon@test2"} 1 40389.0 0.0 45522 3394 29152.823529411766 17
stats: {sentpackets,"os_mon@test2"} 1 26278.0 0.0 30078 2260 19147.176470588234 17
stats: {load,"os_mon@test3"} 1 1.5390625 0.0 1.94140625 1.078125 1.361328125 18
stats: {cpu,"os_mon@test2"} 1 71.50982419855222 0.0 74.71443406022846 2.3069207622868606 49.60639091396671 18
stats: {recvpackets,"os_mon@test4"} 1 39938.0 0.0 45736 3371 29000.941176470587 17
stats: {sentpackets,"os_mon@test4"} 1 25991.0 0.0 30178 2247 19045.882352941175 17
stats: {freemem,"os_mon@test3"} 1 1335.4296875 0.0 1423.08203125 1327.59375 1407.0922309027778 18
stats: {load,"os_mon@myserver"} 1 2.58984375 0.0 2.58984375 0.640625 1.2728207236842106 19
stats: {recvpackets,"os_mon@myserver"} 1 45054.0 0.0 47728 504 28082.11111111111 18
stats: {sentpackets,"os_mon@myserver"} 1 29335.0 0.0 31611 449 18452.166666666668 18
stats: {cpu,"os_mon@test4"} 1 76.55137334689725 0.0 78.4771573604061 1.8527791687531296 47.348966907348576 18
stats: {cpu,"os_mon@myserver"} 1 62.15545070772287 0.0 62.20452209660843 1.2277624655474817 36.192419987410005 19
stats: session 9987 1077.2417579621092 1041.839176795154 23890.740966796875 7.794921875 753.5349750040795 126564
stats: users_count 11814 139218
stats: finish_users_count 9987 136551
stats: request 105851 110.34568878345988 248.46960728251454 15197.849853515625 0.093994140625 75.3004026230135 1266563
stats: page 10206 1124.6904002643232 1125.0496066146666 23889.360107421875 6.322021484375 745.3283668429817 126127
stats: connect 11421 113.90344989664052 296.1339641438615 15121.1259765625 0.35009765625 83.6463645716115 127190
stats: 200 105851 1372413
stats: size_rcv 38847317 503675571
stats: newphase 6 107
stats: size_sent 13662602 175455488
stats: connected 1215 2277
# stats: dump at 1338982626
stats: users 1014 4418
stats: {load,"os_mon@test2"} 1 1.1796875 0.0 1.390625 0.640625 0.9397615131578947 19
stats: {recvpackets,"os_mon@test3"} 1 4.74e4 0.0 47400 3380 29634.444444444445 18
stats: {sentpackets,"os_mon@test3"} 1 31418.0 0.0 31418 2258 19449.222222222223 18
stats: {freemem,"os_mon@test2"} 1 1356.98046875 0.0 1436.9296875 1356.98046875 1420.3369654605262 19
stats: {load,"os_mon@test4"} 1 1.1484375 0.0 1.5 0.62890625 0.938733552631579 19
stats: {cpu,"os_mon@test3"} 1 83.31584470094438 0.0 83.31584470094438 1.8574297188755018 51.32373239166676 19
stats: {freemem,"os_mon@test4"} 1 1231.4296875 0.0 1413.11328125 1231.4296875 1386.2769325657894 19
stats: {freemem,"os_mon@myserver"} 1 2017.9296875 0.0 2052.08203125 1996.97265625 2022.9048828125 20
stats: {recvpackets,"os_mon@test2"} 1 48786.0 0.0 48786 3394 29777.055555555555 18
stats: {sentpackets,"os_mon@test2"} 1 32377.0 0.0 32377 2260 19543.333333333332 18
stats: {load,"os_mon@test3"} 1 1.4609375 0.0 1.94140625 1.078125 1.3706825657894737 19
stats: {cpu,"os_mon@test2"} 1 68.92511462047885 0.0 74.71443406022846 2.3069207622868606 50.759203192102795 19
stats: {recvpackets,"os_mon@test4"} 1 47316.0 0.0 47316 3371 29608.555555555555 18
stats: {sentpackets,"os_mon@test4"} 1 31357.0 0.0 31357 2247 19431.722222222223 18
stats: {freemem,"os_mon@test3"} 1 1345.5703125 0.0 1423.08203125 1327.59375 1403.3205180921052 19
stats: {load,"os_mon@myserver"} 1 2.890625 0.0 2.890625 0.640625 1.338671875 20
stats: {recvpackets,"os_mon@myserver"} 1 49085.0 0.0 49085 504 28975.36842105263 19
stats: {sentpackets,"os_mon@myserver"} 1 32580.0 0.0 32580 449 19024.947368421053 19
stats: {cpu,"os_mon@test4"} 1 83.50357507660878 0.0 83.50357507660878 1.8527791687531296 48.88593566732482 19
stats: {cpu,"os_mon@myserver"} 1 61.62361623616236 0.0 62.20452209660843 1.2277624655474817 37.49057152342565 20
stats: session 10584 2862.881313424892 1590.3709052614483 23890.740966796875 7.794921875 777.2100827762806 136551
stats: users_count 8931 148149
stats: finish_users_count 10584 147135
stats: request 100136 289.19496170023666 499.7132445652917 15197.849853515625 0.093994140625 78.00336148627882 1372414
stats: page 10551 2875.3998835316675 1562.961979020704 23889.360107421875 6.322021484375 773.7277192602118 136333
stats: connect 9154 372.57516530832453 679.9865536959494 15121.1259765625 0.35009765625 86.13942912995937 138611
stats: 200 100136 1472549
stats: size_rcv 36749912 540425483
stats: newphase 6 113
stats: size_sent 12603818 188059306
stats: connected -1397 880
stats: error_abort 1 1
EndMonitor:{1338,982626,296258}
