# stats: dump at 1338905820
stats: users 0 0
# stats: dump at 1338905830
stats: users 2 15
stats: {load,"os_mon@test2"} 1 3.05859375 0 3.05859375 3.05859375 0 0
stats: {freemem,"os_mon@test2"} 1 1523.40234375 0 1523.40234375 1523.40234375 0 0
stats: {cpu,"os_mon@test3"} 1 2.6222894604135147 0 2.6222894604135147 2.6222894604135147 0 0
stats: {load,"os_mon@test4"} 1 1.671875 0 1.671875 1.671875 0 0
stats: {freemem,"os_mon@test4"} 1 1450.640625 0 1450.640625 1450.640625 0 0
stats: {freemem,"os_mon@myserver"} 1 2512.796875 0 2512.796875 2512.796875 0 0
stats: {load,"os_mon@test3"} 1 2.140625 0 2.140625 2.140625 0 0
stats: {cpu,"os_mon@test2"} 1 2.91018564977421 0 2.91018564977421 2.91018564977421 0 0
stats: {freemem,"os_mon@test3"} 1 1503.53125 0 1503.53125 1503.53125 0 0
stats: {cpu,"os_mon@test4"} 1 2.1 0 2.1 2.1 0 0
stats: {load,"os_mon@myserver"} 1 0.87890625 0 0.87890625 0.87890625 0 0
stats: {cpu,"os_mon@myserver"} 1 1.6595423686195625 0 1.6595423686195625 1.6595423686195625 0 0
stats: session 583 32.29757015169385 84.57313459003018 1039.135009765625 16.611083984375 0 0
stats: users_count 585 585
stats: finish_users_count 583 583
stats: request 5690 2.881156248283727 26.837234007579568 1003.928955078125 1.1279296875 0 0
stats: page 568 30.352685632839997 85.6943773879588 1037.72705078125 15.31298828125 0 0
stats: connect 5692 1.684618951900692 26.484395810934874 1000.676025390625 0.409912109375 0 0
stats: 200 5690 5690
stats: size_rcv 967300 967300
stats: size_sent 754676 754676
stats: connected 2 2
# stats: dump at 1338905840
stats: users 8 22
stats: {load,"os_mon@test2"} 1 2.58984375 0.0 3.05859375 2.58984375 3.05859375 1
stats: {recvpackets,"os_mon@test3"} 1 3594 0 3594 3594 0 0
stats: {sentpackets,"os_mon@test3"} 1 2458 0 2458 2458 0 0
stats: {freemem,"os_mon@test2"} 1 1522.20703125 0.0 1523.40234375 1522.20703125 1523.40234375 1
stats: {cpu,"os_mon@test3"} 1 19.85706993363961 0.0 19.85706993363961 2.6222894604135147 2.6222894604135147 1
stats: {load,"os_mon@test4"} 1 1.41015625 0.0 1.671875 1.41015625 1.671875 1
stats: {freemem,"os_mon@test4"} 1 1449.55859375 0.0 1450.640625 1449.55859375 1450.640625 1
stats: {freemem,"os_mon@myserver"} 1 2512.5625 0.0 2512.796875 2512.5625 2512.796875 1
stats: {recvpackets,"os_mon@test2"} 1 3722 0 3722 3722 0 0
stats: {sentpackets,"os_mon@test2"} 1 2546 0 2546 2546 0 0
stats: {load,"os_mon@test3"} 1 1.890625 0.0 2.140625 1.890625 2.140625 1
stats: {cpu,"os_mon@test2"} 1 13.03688731682668 0.0 13.03688731682668 2.91018564977421 2.91018564977421 1
stats: {freemem,"os_mon@test3"} 1 1503.19140625 0.0 1503.53125 1503.19140625 1503.53125 1
stats: {recvpackets,"os_mon@test4"} 1 3593 0 3593 3593 0 0
stats: {sentpackets,"os_mon@test4"} 1 2460 0 2460 2460 0 0
stats: {cpu,"os_mon@test4"} 1 10.974987238386932 0.0 10.974987238386932 2.1 2.1 1
stats: {load,"os_mon@myserver"} 1 0.96875 0.0 0.96875 0.87890625 0.87890625 1
stats: {recvpackets,"os_mon@myserver"} 1 3752 0 3752 3752 0 0
stats: {sentpackets,"os_mon@myserver"} 1 2570 0 2570 2570 0 0
stats: {cpu,"os_mon@myserver"} 1 13.450740173557937 0.0 13.450740173557937 1.6595423686195625 1.6595423686195625 1
stats: session 1505 34.891995107454306 73.54417253434356 1090.319091796875 16.11083984375 32.29757015169385 583
stats: users_count 1511 2096
stats: finish_users_count 1505 2088
stats: request 15029 3.1298959706546423 21.80469673148579 1004.005859375 0.997802734375 2.881156248283727 5690
stats: page 1502 32.78788925963292 73.37500635828454 1087.875 14.802001953125 30.352685632839997 568
stats: connect 15029 1.5427193948470477 19.94396348651655 1000.676025390625 0.341064453125 1.684618951900692 5692
stats: 200 15029 20719
stats: size_rcv 2554930 3522230
stats: newphase 6 6
stats: size_sent 1996447 2751123
stats: connected 0 2
# stats: dump at 1338905850
stats: users 118 133
stats: {load,"os_mon@test2"} 1 2.3515625 0.0 3.05859375 2.3515625 2.82421875 2
stats: {recvpackets,"os_mon@test3"} 1 7342.0 0.0 7342 3594 3594.0 1
stats: {sentpackets,"os_mon@test3"} 1 4928.0 0.0 4928 2458 2458.0 1
stats: {freemem,"os_mon@test2"} 1 1521.23828125 0.0 1523.40234375 1521.23828125 1522.8046875 2
stats: {cpu,"os_mon@test3"} 1 36.9262506446622 0.0 36.9262506446622 2.6222894604135147 11.239679697026563 2
stats: {load,"os_mon@test4"} 1 1.26953125 0.0 1.671875 1.26953125 1.541015625 2
stats: {freemem,"os_mon@test4"} 1 1448.9765625 0.0 1450.640625 1448.9765625 1450.099609375 2
stats: {freemem,"os_mon@myserver"} 1 2513.68359375 0.0 2513.68359375 2512.5625 2512.6796875 2
stats: {recvpackets,"os_mon@test2"} 1 7427.0 0.0 7427 3722 3722.0 1
stats: {sentpackets,"os_mon@test2"} 1 4976.0 0.0 4976 2546 2546.0 1
stats: {load,"os_mon@test3"} 1 1.671875 0.0 2.140625 1.671875 2.015625 2
stats: {cpu,"os_mon@test2"} 1 33.55464759959142 0.0 33.55464759959142 2.91018564977421 7.973536483300445 2
stats: {freemem,"os_mon@test3"} 1 1502.45703125 0.0 1503.53125 1502.45703125 1503.361328125 2
stats: {recvpackets,"os_mon@test4"} 1 7368.0 0.0 7368 3593 3593.0 1
stats: {sentpackets,"os_mon@test4"} 1 4944.0 0.0 4944 2460 2460.0 1
stats: {cpu,"os_mon@test4"} 1 28.971486761710796 0.0 28.971486761710796 2.1 6.537493619193466 2
stats: {load,"os_mon@myserver"} 1 1.12890625 0.0 1.12890625 0.87890625 0.923828125 2
stats: {recvpackets,"os_mon@myserver"} 1 7464.0 0.0 7464 3752 3752.0 1
stats: {sentpackets,"os_mon@myserver"} 1 4997.0 0.0 4997 2570 2570.0 1
stats: {cpu,"os_mon@myserver"} 1 26.277372262773724 0.0 26.277372262773724 1.6595423686195625 7.55514127108875 2
stats: session 2352 107.40589198936404 178.5873243458064 2177.174072265625 16.11083984375 34.16759388656909 2088
stats: users_count 2462 4558
stats: finish_users_count 2352 4440
stats: request 23905 10.440690219913522 44.99809714623092 1036.157958984375 0.997802734375 3.0615852886579 20719
stats: page 2337 98.80270428835036 165.1352125539611 2175.4169921875 14.802001953125 32.119678795855926 2070
stats: connect 23961 5.339312572709307 41.13032850449817 1018.274169921875 0.341064453125 1.5816988011859956 20721
stats: 200 23905 44624
stats: size_rcv 4063850 7586080
stats: newphase 6 12
stats: size_sent 3181243 5932366
stats: connected 56 58
# stats: dump at 1338905860
stats: users 1067 1070
stats: {load,"os_mon@test2"} 1 2.1484375 0.0 3.05859375 2.1484375 2.6666666666666665 3
stats: {recvpackets,"os_mon@test3"} 1 11150.0 0.0 11150 3594 5468.0 2
stats: {sentpackets,"os_mon@test3"} 1 7406.0 0.0 7406 2458 3693.0 2
stats: {freemem,"os_mon@test2"} 1 1517.83203125 0.0 1523.40234375 1517.83203125 1522.2825520833333 3
stats: {cpu,"os_mon@test3"} 1 49.395691014188124 0.0 49.395691014188124 2.6222894604135147 19.80187001290511 3
stats: {load,"os_mon@test4"} 1 1.23046875 0.0 1.671875 1.23046875 1.4505208333333333 3
stats: {freemem,"os_mon@test4"} 1 1446.62109375 0.0 1450.640625 1446.62109375 1449.7252604166667 3
stats: {freemem,"os_mon@myserver"} 1 2513.31640625 0.0 2513.68359375 2512.5625 2513.0143229166665 3
stats: {recvpackets,"os_mon@test2"} 1 11194.0 0.0 11194 3722 5574.5 2
stats: {sentpackets,"os_mon@test2"} 1 7444.0 0.0 7444 2546 3761.0 2
stats: {load,"os_mon@test3"} 1 1.48828125 0.0 2.140625 1.48828125 1.9010416666666667 3
stats: {cpu,"os_mon@test2"} 1 51.32924335378323 0.0 51.32924335378323 2.91018564977421 16.500573522064105 3
stats: {freemem,"os_mon@test3"} 1 1500.296875 0.0 1503.53125 1500.296875 1503.0598958333333 3
stats: {recvpackets,"os_mon@test4"} 1 11151.0 0.0 11151 3593 5480.5 2
stats: {sentpackets,"os_mon@test4"} 1 7414.0 0.0 7414 2460 3702.0 2
stats: {cpu,"os_mon@test4"} 1 44.20401854714065 0.0 44.20401854714065 2.1 14.01549133336591 3
stats: {load,"os_mon@myserver"} 1 1.3515625 0.0 1.3515625 0.87890625 0.9921875 3
stats: {recvpackets,"os_mon@myserver"} 1 11341.0 0.0 11341 3752 5608.0 2
stats: {sentpackets,"os_mon@myserver"} 1 7545.0 0.0 7545 2570 3783.5 2
stats: {cpu,"os_mon@myserver"} 1 44.57202505219207 0.0 44.57202505219207 1.6595423686195625 13.795884934983741 3
stats: session 2479 1000.8921004799695 1040.3882268236991 8326.60107421875 16.11083984375 72.96409774642802 4440
stats: users_count 3428 7986
stats: finish_users_count 2479 6919
stats: request 28514 110.79386914377554 351.32844384539004 7054.43896484375 0.997802734375 7.014559100545352 44624
stats: page 2459 970.9802619403532 1019.0370304057062 8325.136962890625 14.802001953125 67.48120150426516 4407
stats: connect 28514 92.71369133843781 349.0595907918256 7034.528076171875 0.341064453125 3.596742523030812 44682
stats: 200 28514 73138
stats: size_rcv 4847380 12433460
stats: newphase 6 18
stats: size_sent 3780078 9712444
stats: connected 0 58
# stats: dump at 1338905870
stats: users 3130 3130
stats: {load,"os_mon@test2"} 1 1.8203125 0.0 3.05859375 1.8203125 2.537109375 4
stats: {recvpackets,"os_mon@test3"} 1 13978.0 0.0 13978 3594 7362.0 3
stats: {sentpackets,"os_mon@test3"} 1 9363.0 0.0 9363 2458 4930.666666666667 3
stats: {freemem,"os_mon@test2"} 1 1505.71484375 0.0 1523.40234375 1505.71484375 1521.169921875 4
stats: {cpu,"os_mon@test3"} 1 56.917411888479755 0.0 56.917411888479755 2.6222894604135147 27.200325263225864 4
stats: {load,"os_mon@test4"} 1 1.0390625 0.0 1.671875 1.0390625 1.3955078125 4
stats: {freemem,"os_mon@test4"} 1 1432.69921875 0.0 1450.640625 1432.69921875 1448.94921875 4
stats: {freemem,"os_mon@myserver"} 1 2513.453125 0.0 2513.68359375 2512.5625 2513.08984375 4
stats: {recvpackets,"os_mon@test2"} 1 14056.0 0.0 14056 3722 7447.666666666667 3
stats: {sentpackets,"os_mon@test2"} 1 9414.0 0.0 9414 2546 4988.666666666667 3
stats: {load,"os_mon@test3"} 1 1.5703125 0.0 2.140625 1.48828125 1.7978515625 4
stats: {cpu,"os_mon@test2"} 1 58.354755784061695 0.0 58.354755784061695 2.91018564977421 25.207740979993886 4
stats: {freemem,"os_mon@test3"} 1 1486.19921875 0.0 1503.53125 1486.19921875 1502.369140625 4
stats: {recvpackets,"os_mon@test4"} 1 13981.0 0.0 13981 3593 7370.666666666667 3
stats: {sentpackets,"os_mon@test4"} 1 9361.0 0.0 9361 2460 4939.333333333333 3
stats: {cpu,"os_mon@test4"} 1 51.38461538461539 0.0 51.38461538461539 2.1 21.562623136809595 4
stats: {load,"os_mon@myserver"} 1 1.51953125 0.0 1.51953125 0.87890625 1.08203125 4
stats: {recvpackets,"os_mon@myserver"} 1 14249.0 0.0 14249 3752 7519.0 3
stats: {sentpackets,"os_mon@myserver"} 1 9539.0 0.0 9539 2570 5037.333333333333 3
stats: {cpu,"os_mon@myserver"} 1 53.001579778830965 0.0 53.001579778830965 1.6595423686195625 21.489919964285825 4
stats: session 2165 3327.0899474956695 2424.474682088128 16291.375 16.11083984375 405.4302805440071 6919
stats: users_count 4228 12214
stats: finish_users_count 2165 9084
stats: request 29204 379.15593126456696 942.1315922619848 15061.757080078125 0.997802734375 47.47455590894407 73138
stats: page 2179 3261.4715540878483 2394.2186695765663 16290.132080078125 14.802001953125 391.06177092056873 6866
stats: connect 29202 357.95162515958333 939.6574053359328 15040.666015625 0.341064453125 38.31285649814578 73196
stats: 200 29204 102342
stats: size_rcv 4964680 17398140
stats: newphase 6 24
stats: size_sent 3875550 13587994
stats: connected -2 56
# stats: dump at 1338905880
stats: users 3969 4508
stats: {load,"os_mon@test2"} 1 1.69140625 0.0 3.05859375 1.69140625 2.39375 5
stats: {recvpackets,"os_mon@test3"} 1 16263.0 0.0 16263 3594 9016.0 4
stats: {sentpackets,"os_mon@test3"} 1 10948.0 0.0 10948 2458 6038.75 4
stats: {freemem,"os_mon@test2"} 1 1472.3125 0.0 1523.40234375 1472.3125 1518.07890625 5
stats: {cpu,"os_mon@test3"} 1 61.48936170212767 0.0 61.48936170212767 2.6222894604135147 33.143742588276645 5
stats: {load,"os_mon@test4"} 1 1.109375 0.0 1.671875 1.0390625 1.32421875 5
stats: {freemem,"os_mon@test4"} 1 1397.828125 0.0 1450.640625 1397.828125 1445.69921875 5
stats: {freemem,"os_mon@myserver"} 1 2513.09375 0.0 2513.68359375 2512.5625 2513.1625 5
stats: {recvpackets,"os_mon@test2"} 1 16270.0 0.0 16270 3722 9099.75 4
stats: {sentpackets,"os_mon@test2"} 1 10955.0 0.0 10955 2546 6095.0 4
stats: {load,"os_mon@test3"} 1 1.3984375 0.0 2.140625 1.3984375 1.75234375 5
stats: {cpu,"os_mon@test2"} 1 61.968911917098445 0.0 61.968911917098445 2.91018564977421 31.837143940807447 5
stats: {freemem,"os_mon@test3"} 1 1446.375 0.0 1503.53125 1446.375 1499.13515625 5
stats: {recvpackets,"os_mon@test4"} 1 16254.0 0.0 16254 3593 9023.25 4
stats: {sentpackets,"os_mon@test4"} 1 10939.0 0.0 10939 2460 6044.75 4
stats: {cpu,"os_mon@test4"} 1 54.96143958868894 0.0 54.96143958868894 2.1 27.527021586370758 5
stats: {load,"os_mon@myserver"} 1 1.51953125 0.0 1.51953125 0.87890625 1.16953125 5
stats: {recvpackets,"os_mon@myserver"} 1 17225.0 0.0 17225 3752 9201.5 4
stats: {sentpackets,"os_mon@myserver"} 1 11602.0 0.0 11602 2570 6162.75 4
stats: {cpu,"os_mon@myserver"} 1 54.157131960335626 0.0 54.157131960335626 1.6595423686195625 27.792251927194854 5
stats: session 2548 6635.511691346452 4417.210878999749 24398.10302734375 16.11083984375 1101.7527352941556 9084
stats: users_count 3387 15601
stats: finish_users_count 2548 11632
stats: request 30139 792.0550620017856 1920.4313849715454 15663.05810546875 0.997802734375 142.12213838618322 102342
stats: page 2471 6519.4600807847655 4341.778523211083 22388.541015625 14.802001953125 1082.562369872642 9045
stats: connect 30147 766.2174945307053 1918.9893334990777 15059.77099609375 0.341064453125 129.46787244036437 102398
stats: 200 30139 132481
stats: size_rcv 5123630 22521770
stats: newphase 6 30
stats: size_sent 4003353 17591347
stats: connected 8 64
# stats: dump at 1338905890
stats: users 4962 5171
stats: {load,"os_mon@test2"} 1 1.51171875 0.0 3.05859375 1.51171875 2.2766927083333335 6
stats: {recvpackets,"os_mon@test3"} 1 14125.0 0.0 16263 3594 10465.4 5
stats: {sentpackets,"os_mon@test3"} 1 10074.0 0.0 10948 2458 7020.6 5
stats: {freemem,"os_mon@test2"} 1 1437.79296875 0.0 1523.40234375 1437.79296875 1510.451171875 6
stats: {cpu,"os_mon@test3"} 1 68.80252100840336 0.0 68.80252100840336 2.6222894604135147 37.86801244058515 6
stats: {load,"os_mon@test4"} 1 1.08984375 0.0 1.671875 1.0390625 1.2884114583333333 6
stats: {freemem,"os_mon@test4"} 1 1375.7890625 0.0 1450.640625 1375.7890625 1437.720703125 6
stats: {freemem,"os_mon@myserver"} 1 2513.30859375 0.0 2513.68359375 2512.5625 2513.1510416666665 6
stats: {recvpackets,"os_mon@test2"} 1 14184.0 0.0 16270 3722 10533.8 5
stats: {sentpackets,"os_mon@test2"} 1 10118.0 0.0 10955 2546 7067.0 5
stats: {load,"os_mon@test3"} 1 1.41015625 0.0 2.140625 1.3984375 1.693359375 6
stats: {cpu,"os_mon@test2"} 1 61.131105398457585 0.0 61.968911917098445 2.91018564977421 36.85910527018928 6
stats: {freemem,"os_mon@test3"} 1 1381.07421875 0.0 1503.53125 1381.07421875 1490.341796875 6
stats: {recvpackets,"os_mon@test4"} 1 14115.0 0.0 16254 3593 10469.4 5
stats: {sentpackets,"os_mon@test4"} 1 10066.0 0.0 10939 2460 7023.6 5
stats: {cpu,"os_mon@test4"} 1 51.94401244167963 0.0 54.96143958868894 2.1 32.09942458675712 6
stats: {load,"os_mon@myserver"} 1 1.51171875 0.0 1.51953125 0.87890625 1.2278645833333333 6
stats: {recvpackets,"os_mon@myserver"} 1 14099.0 0.0 17225 3752 10806.2 5
stats: {sentpackets,"os_mon@myserver"} 1 1.01e4 0.0 11602 2570 7250.6 5
stats: {cpu,"os_mon@myserver"} 1 53.253652058432934 0.0 54.157131960335626 1.6595423686195625 32.18639859938498 6
stats: session 2456 9196.102149988223 6585.5921649502425 35483.362060546875 16.11083984375 2313.927582269848 11632
stats: users_count 3449 19050
stats: finish_users_count 2456 14088
stats: request 29029 980.4516431002986 2655.48150468931 34417.7470703125 0.997802734375 289.9797812545994 132481
stats: page 2517 9098.677712453751 6493.39028548781 35482.078125 14.802001953125 2249.163120451303 11516
stats: connect 29011 950.7213739373635 2651.2297743212034 31096.306884765625 0.341064453125 274.29484333445697 132545
stats: 200 29029 161510
stats: size_rcv 4934930 27456700
stats: newphase 6 36
stats: size_sent 3853681 21445028
stats: connected -18 46
# stats: dump at 1338905900
stats: users 5720 6154
stats: {load,"os_mon@test2"} 1 1.359375 0.0 3.05859375 1.359375 2.1674107142857144 7
stats: {recvpackets,"os_mon@test3"} 1 14094.0 0.0 16263 3594 11075.333333333334 6
stats: {sentpackets,"os_mon@test3"} 1 10172.0 0.0 10948 2458 7529.5 6
stats: {freemem,"os_mon@test2"} 1 1419.76171875 0.0 1523.40234375 1419.76171875 1500.0714285714287 7
stats: {cpu,"os_mon@test3"} 1 71.4958158995816 0.0 71.4958158995816 2.6222894604135147 42.28722795027346 7
stats: {load,"os_mon@test4"} 1 1.1484375 0.0 1.671875 1.0390625 1.2600446428571428 7
stats: {freemem,"os_mon@test4"} 1 1337.421875 0.0 1450.640625 1337.421875 1428.873325892857 7
stats: {freemem,"os_mon@myserver"} 1 2512.83203125 0.0 2513.68359375 2512.5625 2513.1735491071427 7
stats: {recvpackets,"os_mon@test2"} 1 14018.0 0.0 16270 3722 11142.166666666666 6
stats: {sentpackets,"os_mon@test2"} 1 10140.0 0.0 10955 2546 7575.5 6
stats: {load,"os_mon@test3"} 1 1.48828125 0.0 2.140625 1.3984375 1.6529017857142858 7
stats: {cpu,"os_mon@test2"} 1 51.702786377708975 0.0 61.968911917098445 2.91018564977421 40.3265338599419 7
stats: {freemem,"os_mon@test3"} 1 1317.61328125 0.0 1503.53125 1317.61328125 1474.732142857143 7
stats: {recvpackets,"os_mon@test4"} 1 14085.0 0.0 16254 3593 11077.0 6
stats: {sentpackets,"os_mon@test4"} 1 10169.0 0.0 10939 2460 7530.666666666667 6
stats: {cpu,"os_mon@test4"} 1 55.87778353184878 0.0 55.87778353184878 2.1 34.934365708888905 7
stats: {load,"os_mon@myserver"} 1 1.4296875 0.0 1.51953125 0.87890625 1.2684151785714286 7
stats: {recvpackets,"os_mon@myserver"} 1 15006.0 0.0 17225 3752 11355.0 6
stats: {sentpackets,"os_mon@myserver"} 1 10805.0 0.0 11602 2570 7725.5 6
stats: {cpu,"os_mon@myserver"} 1 53.69548184904674 0.0 54.157131960335626 1.6595423686195625 35.19600623639183 7
stats: session 2586 11319.37151037513 9330.186170721272 41407.528076171875 16.11083984375 3513.71610713614 14088
stats: users_count 3344 22394
stats: finish_users_count 2586 16674
stats: request 29567 1204.806471517543 3643.4519077525592 34417.7470703125 0.997802734375 414.0817419847015 161510
stats: page 2592 11233.679538773906 9200.853040416403 41383.531005859375 14.802001953125 3477.7121283662295 14033
stats: connect 29561 1141.973666673894 3634.235540362728 31108.291015625 0.341064453125 395.76238449245125 161556
stats: 200 29567 191077
stats: size_rcv 5026390 32483090
stats: newphase 5 41
stats: size_sent 3921283 25366311
stats: connected -6 40
# stats: dump at 1338905910
stats: users 6919 6920
stats: {load,"os_mon@test2"} 1 1.37109375 0.0 3.05859375 1.359375 2.06640625 8
stats: {recvpackets,"os_mon@test3"} 1 15234.0 0.0 16263 3594 11506.57142857143 7
stats: {sentpackets,"os_mon@test3"} 1 11084.0 0.0 11084 2458 7907.0 7
stats: {freemem,"os_mon@test2"} 1 1395.63671875 0.0 1523.40234375 1395.63671875 1490.03271484375 8
stats: {cpu,"os_mon@test3"} 1 60.29943211151265 0.0 71.4958158995816 2.6222894604135147 45.93830144393698 8
stats: {load,"os_mon@test4"} 1 1.05078125 0.0 1.671875 1.0390625 1.24609375 8
stats: {freemem,"os_mon@test4"} 1 1271.890625 0.0 1450.640625 1271.890625 1417.44189453125 8
stats: {freemem,"os_mon@myserver"} 1 2513.4296875 0.0 2513.68359375 2512.5625 2513.130859375 8
stats: {recvpackets,"os_mon@test2"} 1 15170.0 0.0 16270 3722 11553.0 7
stats: {sentpackets,"os_mon@test2"} 1 11031.0 0.0 11031 2546 7941.857142857143 7
stats: {load,"os_mon@test3"} 1 1.5 0.0 2.140625 1.3984375 1.63232421875 8
stats: {cpu,"os_mon@test2"} 1 61.602933473022524 0.0 61.968911917098445 2.91018564977421 41.748565424662786 8
stats: {freemem,"os_mon@test3"} 1 1293.640625 0.0 1503.53125 1293.640625 1455.09228515625 8
stats: {recvpackets,"os_mon@test4"} 1 15179.0 0.0 16254 3593 11506.714285714286 7
stats: {sentpackets,"os_mon@test4"} 1 11046.0 0.0 11046 2460 7907.571428571428 7
stats: {cpu,"os_mon@test4"} 1 69.0721649484536 0.0 69.0721649484536 2.1 37.55229293675889 8
stats: {load,"os_mon@myserver"} 1 1.73828125 0.0 1.73828125 0.87890625 1.28857421875 8
stats: {recvpackets,"os_mon@myserver"} 1 14088.0 0.0 17225 3752 11876.57142857143 7
stats: {sentpackets,"os_mon@myserver"} 1 10435.0 0.0 11602 2570 8165.428571428572 7
stats: {cpu,"os_mon@myserver"} 1 53.98740818467995 0.0 54.157131960335626 1.6595423686195625 37.508440687973696 8
stats: session 2631 12626.391252193667 10613.976763022161 49502.587158203125 16.11083984375 4724.308938656833 16674
stats: users_count 3830 26224
stats: finish_users_count 2631 19305
stats: request 30025 1297.0380031370382 3920.501046903966 34417.7470703125 0.997802734375 536.4374314611823 191077
stats: page 2656 12693.604603686954 10661.488600108052 49501.298095703125 14.802001953125 4686.9432578565575 16625
stats: connect 30051 1234.6366756591913 3908.097181696224 32599.487060546875 0.341064453125 511.18252876305843 191117
stats: 200 30025 221102
stats: size_rcv 5104250 37587340
stats: newphase 6 47
stats: size_sent 3986905 29353216
stats: connected 26 66
# stats: dump at 1338905920
stats: users 8048 8131
stats: {load,"os_mon@test2"} 1 1.46875 0.0 3.05859375 1.359375 1.9891493055555556 9
stats: {recvpackets,"os_mon@test3"} 1 15462.0 0.0 16263 3594 11972.5 8
stats: {sentpackets,"os_mon@test3"} 1 1.14e4 0.0 11400 2458 8304.125 8
stats: {freemem,"os_mon@test2"} 1 1364.3046875 0.0 1523.40234375 1364.3046875 1479.5442708333333 9
stats: {cpu,"os_mon@test3"} 1 59.72515856236787 0.0 71.4958158995816 2.6222894604135147 47.53398262922317 9
stats: {load,"os_mon@test4"} 1 1.19921875 0.0 1.671875 1.0390625 1.2243923611111112 9
stats: {freemem,"os_mon@test4"} 1 1212.9765625 0.0 1450.640625 1212.9765625 1401.26953125 9
stats: {freemem,"os_mon@myserver"} 1 2513.28125 0.0 2513.68359375 2512.5625 2513.1640625 9
stats: {recvpackets,"os_mon@test2"} 1 15305.0 0.0 16270 3722 12005.125 8
stats: {sentpackets,"os_mon@test2"} 1 11323.0 0.0 11323 2546 8328.0 8
stats: {load,"os_mon@test3"} 1 1.3515625 0.0 2.140625 1.3515625 1.6176215277777777 9
stats: {cpu,"os_mon@test2"} 1 60.89211618257261 0.0 61.968911917098445 2.91018564977421 43.95460631892498 9
stats: {freemem,"os_mon@test3"} 1 1260.1328125 0.0 1503.53125 1260.1328125 1437.1532118055557 9
stats: {recvpackets,"os_mon@test4"} 1 15446.0 0.0 16254 3593 11965.75 8
stats: {sentpackets,"os_mon@test4"} 1 11384.0 0.0 11384 2460 8299.875 8
stats: {cpu,"os_mon@test4"} 1 72.35814679854242 0.0 72.35814679854242 2.1 41.054500938058304 9
stats: {load,"os_mon@myserver"} 1 1.78125 0.0 1.78125 0.87890625 1.3385416666666667 9
stats: {recvpackets,"os_mon@myserver"} 1 16255.0 0.0 17225 3752 12153.0 8
stats: {sentpackets,"os_mon@myserver"} 1 11960.0 0.0 11960 2570 8449.125 8
stats: {cpu,"os_mon@myserver"} 1 54.106029106029105 0.0 54.157131960335626 1.6595423686195625 39.339437076496615 9
stats: session 2509 13078.927232860147 11098.118076491299 57757.739990234375 16.11083984375 5801.251625365739 19305
stats: users_count 3638 29862
stats: finish_users_count 2509 21814
stats: request 28010 1270.8006592755662 3720.820890726082 34417.7470703125 0.997802734375 639.7247475622016 221102
stats: page 2507 13057.832443864216 11084.879545620683 57753.35595703125 14.802001953125 5789.878403052633 19281
stats: connect 28005 1188.3425676811332 3706.7642435290154 32599.487060546875 0.341064453125 609.481200218132 221168
stats: 200 28010 249112
stats: size_rcv 4761700 42349040
stats: newphase 6 53
stats: size_sent 3716543 33069759
stats: connected -5 61
stats: error_connect_etimedout 9 9
# stats: dump at 1338905930
stats: users 8330 8476
stats: {load,"os_mon@test2"} 1 1.5390625 0.0 3.05859375 1.359375 1.937109375 10
stats: {recvpackets,"os_mon@test3"} 1 16330.0 0.0 16330 3594 12360.222222222223 9
stats: {sentpackets,"os_mon@test3"} 1 12189.0 0.0 12189 2458 8648.111111111111 9
stats: {freemem,"os_mon@test2"} 1 1300.19140625 0.0 1523.40234375 1300.19140625 1468.0203125 10
stats: {cpu,"os_mon@test3"} 1 62.87004515805319 0.0 71.4958158995816 2.6222894604135147 48.75310022253764 10
stats: {load,"os_mon@test4"} 1 1.171875 0.0 1.671875 1.0390625 1.221875 10
stats: {freemem,"os_mon@test4"} 1 1169.26171875 0.0 1450.640625 1169.26171875 1382.440234375 10
stats: {freemem,"os_mon@myserver"} 1 2512.9375 0.0 2513.68359375 2512.5625 2513.17578125 10
stats: {recvpackets,"os_mon@test2"} 1 15998.0 0.0 16270 3722 12371.777777777777 9
stats: {sentpackets,"os_mon@test2"} 1 11863.0 0.0 11863 2546 8660.777777777777 9
stats: {load,"os_mon@test3"} 1 1.44140625 0.0 2.140625 1.3515625 1.591015625 10
stats: {cpu,"os_mon@test2"} 1 68.25232678386763 0.0 68.25232678386763 2.91018564977421 45.64835730528974 10
stats: {freemem,"os_mon@test3"} 1 1211.94921875 0.0 1503.53125 1211.94921875 1419.451171875 10
stats: {recvpackets,"os_mon@test4"} 1 16075.0 0.0 16254 3593 12352.444444444445 9
stats: {sentpackets,"os_mon@test4"} 1 11930.0 0.0 11930 2460 8642.555555555555 9
stats: {cpu,"os_mon@test4"} 1 60.20779220779221 0.0 72.35814679854242 2.1 44.18486552410671 10
stats: {load,"os_mon@myserver"} 1 1.890625 0.0 1.890625 0.87890625 1.3828125 10
stats: {recvpackets,"os_mon@myserver"} 1 15794.0 0.0 17225 3752 12608.777777777777 9
stats: {sentpackets,"os_mon@myserver"} 1 11753.0 0.0 11960 2570 8839.222222222223 9
stats: {cpu,"os_mon@myserver"} 1 52.90271966527197 0.0 54.157131960335626 1.6595423686195625 40.816096279449866 10
stats: session 2713 14664.573883450337 12255.758750354122 65392.284912109375 16.11083984375 6638.31443361748 21814
stats: users_count 2995 32857
stats: finish_users_count 2713 24527
stats: 200 29425 278537
stats: request 29425 1581.8989630764768 4473.983830818457 35032.593994140625 0.997802734375 710.6825347707318 249112
stats: connect 29419 1446.3860184857383 4451.11159094443 32599.487060546875 0.341064453125 674.5404666547096 249173
stats: page 2685 14717.825836806762 12239.033923634915 65390.128173828125 14.802001953125 6626.153452635643 21788
stats: size_rcv 5002250 47351290
stats: newphase 6 59
stats: size_sent 3902865 36972624
stats: connected -6 55
stats: error_connect_etimedout 259 268
# stats: dump at 1338905940
stats: users 9681 9904
stats: {load,"os_mon@test2"} 1 1.6796875 0.0 3.05859375 1.359375 1.9009232954545454 11
stats: {recvpackets,"os_mon@test3"} 1 15860.0 0.0 16330 3594 12757.2 10
stats: {sentpackets,"os_mon@test3"} 1 11828.0 0.0 12189 2458 9002.2 10
stats: {freemem,"os_mon@test2"} 1 1263.5703125 0.0 1523.40234375 1263.5703125 1452.7631392045455 11
stats: {cpu,"os_mon@test3"} 1 63.494539781591264 0.0 71.4958158995816 2.6222894604135147 50.03645885303906 11
stats: {load,"os_mon@test4"} 1 1.2890625 0.0 1.671875 1.0390625 1.2173295454545454 11
stats: {freemem,"os_mon@test4"} 1 1125.390625 0.0 1450.640625 1125.390625 1363.0603693181818 11
stats: {freemem,"os_mon@myserver"} 1 2512.34765625 0.0 2513.68359375 2512.34765625 2513.154119318182 11
stats: {recvpackets,"os_mon@test2"} 1 15861.0 0.0 16270 3722 12734.4 10
stats: {sentpackets,"os_mon@test2"} 1 11878.0 0.0 11878 2546 8981.0 10
stats: {load,"os_mon@test3"} 1 1.44140625 0.0 2.140625 1.3515625 1.5774147727272727 11
stats: {cpu,"os_mon@test2"} 1 73.77220480668757 0.0 73.77220480668757 2.91018564977421 47.703263621524094 11
stats: {freemem,"os_mon@test3"} 1 1171.046875 0.0 1503.53125 1171.046875 1400.5873579545455 11
stats: {recvpackets,"os_mon@test4"} 1 15501.0 0.0 16254 3593 12724.7 10
stats: {sentpackets,"os_mon@test4"} 1 11642.0 0.0 11930 2460 8971.3 10
stats: {cpu,"os_mon@test4"} 1 64.03966597077245 0.0 72.35814679854242 2.1 45.641495222623576 11
stats: {load,"os_mon@myserver"} 1 2.12890625 0.0 2.12890625 0.87890625 1.4289772727272727 11
stats: {recvpackets,"os_mon@myserver"} 1 17306.0 0.0 17306 3752 12927.3 10
stats: {sentpackets,"os_mon@myserver"} 1 12901.0 0.0 12901 2570 9130.6 10
stats: {cpu,"os_mon@myserver"} 1 54.17761429322123 0.0 54.17761429322123 1.6595423686195625 41.91488022361551 11
stats: session 2492 16567.015718071252 17740.35386317372 81450.6689453125 16.11083984375 7526.1214172435475 24527
stats: users_count 3843 36700
stats: finish_users_count 2492 27019
stats: request 30074 1311.8090691479836 3805.0956261518813 35032.593994140625 0.997802734375 802.7189371262413 278537
stats: page 2495 16071.790462272198 17147.275582370778 81448.96508789063 14.802001953125 7513.913038771363 24473
stats: connect 30104 1252.0782515794285 3791.5322283518753 32599.487060546875 0.341064453125 756.0464836592073 278592
stats: 200 30074 308611
stats: size_rcv 5112580 52463870
stats: newphase 4 63
stats: size_sent 3994624 40967248
stats: connected 30 85
stats: error_connect_etimedout 494 762
# stats: dump at 1338905950
stats: users 10878 10878
stats: {load,"os_mon@test2"} 1 1.5703125 0.0 3.05859375 1.359375 1.8824869791666667 12
stats: {recvpackets,"os_mon@test3"} 1 18043.0 0.0 18043 3594 13039.272727272728 11
stats: {sentpackets,"os_mon@test3"} 1 13502.0 0.0 13502 2458 9259.09090909091 11
stats: {freemem,"os_mon@test2"} 1 1216.1796875 0.0 1523.40234375 1216.1796875 1436.9970703125 12
stats: {cpu,"os_mon@test3"} 1 72.13459516298633 0.0 72.13459516298633 2.6222894604135147 51.157965597085074 12
stats: {load,"os_mon@test4"} 1 1.1796875 0.0 1.671875 1.0390625 1.2233072916666667 12
stats: {freemem,"os_mon@test4"} 1 1077.26953125 0.0 1450.640625 1077.26953125 1343.2545572916667 12
stats: {freemem,"os_mon@myserver"} 1 2512.41015625 0.0 2513.68359375 2512.34765625 2513.0869140625 12
stats: {recvpackets,"os_mon@test2"} 1 18012.0 0.0 18012 3722 13018.636363636364 11
stats: {sentpackets,"os_mon@test2"} 1 13480.0 0.0 13480 2546 9244.363636363636 11
stats: {load,"os_mon@test3"} 1 1.2890625 0.0 2.140625 1.2890625 1.5660807291666667 12
stats: {cpu,"os_mon@test2"} 1 67.26410121244069 0.0 73.77220480668757 2.91018564977421 49.875675386954384 12
stats: {freemem,"os_mon@test3"} 1 1106.578125 0.0 1503.53125 1106.578125 1381.458984375 12
stats: {recvpackets,"os_mon@test4"} 1 18075.0 0.0 18075 3593 12977.09090909091 11
stats: {sentpackets,"os_mon@test4"} 1 13516.0 0.0 13516 2460 9214.09090909091 11
stats: {cpu,"os_mon@test4"} 1 61.41649048625793 0.0 72.35814679854242 2.1 47.17467611830265 12
stats: {load,"os_mon@myserver"} 1 2.26953125 0.0 2.26953125 0.87890625 1.4873046875 12
stats: {recvpackets,"os_mon@myserver"} 1 17340.0 0.0 17340 3752 13325.363636363636 11
stats: {sentpackets,"os_mon@myserver"} 1 13103.0 0.0 13103 2570 9473.363636363636 11
stats: {cpu,"os_mon@myserver"} 1 53.90913893291073 0.0 54.17761429322123 1.6595423686195625 42.93677472941599 12
stats: session 2652 22678.259517617877 23308.938816971804 91543.77416992188 16.11083984375 8359.975690076097 27019
stats: users_count 3849 40549
stats: finish_users_count 2652 29671
stats: request 28478 1606.1127246422864 4449.985861376888 35032.593994140625 0.997802734375 852.3295363285441 308611
stats: page 2659 22012.017255572864 22755.937227662504 91542.59497070313 14.802001953125 8305.662674325893 26968
stats: connect 28475 1486.0214068330204 4416.816239232487 32599.487060546875 0.341064453125 804.4194471620397 308696
stats: 200 28478 337089
stats: size_rcv 4841260 57305130
stats: newphase 6 69
stats: size_sent 3778625 44745873
stats: connected -3 82
stats: error_connect_etimedout 455 1217
# stats: dump at 1338905960
stats: users 10066 10965
stats: {load,"os_mon@test2"} 1 1.7109375 0.0 3.05859375 1.359375 1.8584735576923077 13
stats: {recvpackets,"os_mon@test3"} 1 16287.0 0.0 18043 3594 13456.25 12
stats: {sentpackets,"os_mon@test3"} 1 12481.0 0.0 13502 2458 9612.666666666668 12
stats: {freemem,"os_mon@test2"} 1 1189.36328125 0.0 1523.40234375 1189.36328125 1420.0111177884614 13
stats: {cpu,"os_mon@test3"} 1 77.4176685833769 0.0 77.4176685833769 2.6222894604135147 52.771552486769785 13
stats: {load,"os_mon@test4"} 1 1.23046875 0.0 1.671875 1.0390625 1.2199519230769231 13
stats: {freemem,"os_mon@test4"} 1 1035.79296875 0.0 1450.640625 1035.79296875 1322.794170673077 13
stats: {freemem,"os_mon@myserver"} 1 2511.40234375 0.0 2513.68359375 2511.40234375 2513.034855769231 13
stats: {recvpackets,"os_mon@test2"} 1 16392.0 0.0 18012 3722 13434.75 12
stats: {sentpackets,"os_mon@test2"} 1 12547.0 0.0 13480 2546 9597.333333333334 12
stats: {load,"os_mon@test3"} 1 1.55859375 0.0 2.140625 1.2890625 1.5447716346153846 13
stats: {cpu,"os_mon@test2"} 1 58.42239185750636 0.0 73.77220480668757 2.91018564977421 51.213246604299485 13
stats: {freemem,"os_mon@test3"} 1 1024.73046875 0.0 1503.53125 1024.73046875 1360.3143028846155 13
stats: {recvpackets,"os_mon@test4"} 1 16657.0 0.0 18075 3593 13401.916666666666 12
stats: {sentpackets,"os_mon@test4"} 1 12753.0 0.0 13516 2460 9572.583333333334 12
stats: {cpu,"os_mon@test4"} 1 60.79271558650241 0.0 72.35814679854242 2.1 48.270200300453055 13
stats: {load,"os_mon@myserver"} 1 2.0703125 0.0 2.26953125 0.87890625 1.5474759615384615 13
stats: {recvpackets,"os_mon@myserver"} 1 15908.0 0.0 17340 3752 13659.916666666666 12
stats: {sentpackets,"os_mon@myserver"} 1 12332.0 0.0 13103 2570 9775.833333333334 12
stats: {cpu,"os_mon@myserver"} 1 52.43257535695399 0.0 54.17761429322123 1.6595423686195625 43.78080274506943 13
stats: session 3046 26014.27787330914 25518.839277915402 108649.18286132813 16.11083984375 9639.746803642905 29671
stats: users_count 2234 42783
stats: finish_users_count 3046 32717
stats: request 29415 1723.7569803635076 4649.200210822596 36072.6201171875 0.997802734375 916.0107529710294 337089
stats: page 3014 25313.08071148117 24890.96480457906 99507.080078125 14.802001953125 9535.79724183309 29627
stats: connect 29397 1596.527282932852 4609.723175111897 32634.761962890625 0.341064453125 861.9825703299016 337171
stats: 200 29415 366504
stats: size_rcv 5000550 62305680
stats: newphase 5 74
stats: size_sent 3898495 48644368
stats: connected -18 64
stats: error_connect_etimedout 585 1802
# stats: dump at 1338905970
stats: users 10350 10965
stats: {load,"os_mon@test2"} 1 1.75 0.0 3.05859375 1.359375 1.8479352678571428 14
stats: {recvpackets,"os_mon@test3"} 1 14657.0 0.0 18043 3594 13674.0 13
stats: {sentpackets,"os_mon@test3"} 1 11784.0 0.0 13502 2458 9833.307692307693 13
stats: {freemem,"os_mon@test2"} 1 1141.6875 0.0 1523.40234375 1141.6875 1403.5362723214287 14
stats: {cpu,"os_mon@test3"} 1 79.35517420696829 0.0 79.35517420696829 2.6222894604135147 54.53198935081315 14
stats: {load,"os_mon@test4"} 1 1.26953125 0.0 1.671875 1.0390625 1.220703125 14
stats: {freemem,"os_mon@test4"} 1 1028.79296875 0.0 1450.640625 1028.79296875 1302.2940848214287 14
stats: {freemem,"os_mon@myserver"} 1 2511.8828125 0.0 2513.68359375 2511.40234375 2512.9182477678573 14
stats: {recvpackets,"os_mon@test2"} 1 15115.0 0.0 18012 3722 13662.23076923077 13
stats: {sentpackets,"os_mon@test2"} 1 12133.0 0.0 13480 2546 9824.23076923077 13
stats: {load,"os_mon@test3"} 1 1.3984375 0.0 2.140625 1.2890625 1.5457589285714286 14
stats: {cpu,"os_mon@test2"} 1 69.27490871152843 0.0 73.77220480668757 2.91018564977421 51.728185550957114 14
stats: {freemem,"os_mon@test3"} 1 956.3203125 0.0 1503.53125 956.3203125 1336.344029017857 14
stats: {recvpackets,"os_mon@test4"} 1 14189.0 0.0 18075 3593 13652.307692307691 13
stats: {sentpackets,"os_mon@test4"} 1 11443.0 0.0 13516 2460 9817.23076923077 13
stats: {cpu,"os_mon@test4"} 1 43.526315789473685 0.0 72.35814679854242 2.1 49.16466567802801 14
stats: {load,"os_mon@myserver"} 1 2.28125 0.0 2.28125 0.87890625 1.5848214285714286 14
stats: {recvpackets,"os_mon@myserver"} 1 17659.0 0.0 17659 3752 13832.846153846154 13
stats: {sentpackets,"os_mon@myserver"} 1 13645.0 0.0 13645 2570 9972.461538461539 13
stats: {cpu,"os_mon@myserver"} 1 53.51450222106088 0.0 54.17761429322123 1.6595423686195625 44.39878650306118 14
stats: session 2907 28240.92423922522 27009.699601596978 111588.36206054688 16.11083984375 11164.239319405455 32717
stats: users_count 3191 45974
stats: finish_users_count 2907 35624
stats: request 30076 1775.5350084960578 4882.682057017804 36072.6201171875 0.997802734375 980.839118497053 366504
stats: 200 30076 396580
stats: page 2920 26861.103772975952 26192.63930587791 111586.2548828125 14.802001953125 10992.637791372605 32641
stats: connect 30094 1583.5785271822085 4854.305914807761 32634.761962890625 0.341064453125 920.8895423416128 366568
stats: size_rcv 5112920 67418600
stats: newphase 5 79
stats: size_sent 3994738 52639106
stats: connected 18 82
stats: error_connect_etimedout 602 2404
# stats: dump at 1338905980
stats: users 11374 11849
stats: {load,"os_mon@test2"} 1 1.7890625 0.0 3.05859375 1.359375 1.84140625 15
stats: {recvpackets,"os_mon@test3"} 1 19503.0 0.0 19503 3594 13744.214285714286 14
stats: {sentpackets,"os_mon@test3"} 1 14826.0 0.0 14826 2458 9972.642857142857 14
stats: {freemem,"os_mon@test2"} 1 1100.4375 0.0 1523.40234375 1100.4375 1386.0796875 15
stats: {cpu,"os_mon@test3"} 1 84.82829318298309 0.0 84.82829318298309 2.6222894604135147 56.186868341223494 15
stats: {load,"os_mon@test4"} 1 1.0703125 0.0 1.671875 1.0390625 1.2239583333333333 15
stats: {freemem,"os_mon@test4"} 1 989.27734375 0.0 1450.640625 989.27734375 1284.0606770833333 15
stats: {freemem,"os_mon@myserver"} 1 2511.7421875 0.0 2513.68359375 2511.40234375 2512.84921875 15
stats: {recvpackets,"os_mon@test2"} 1 19231.0 0.0 19231 3722 13766.0 14
stats: {sentpackets,"os_mon@test2"} 1 14640.0 0.0 14640 2546 9989.142857142857 14
stats: {load,"os_mon@test3"} 1 1.5703125 0.0 2.140625 1.2890625 1.5359375 15
stats: {cpu,"os_mon@test2"} 1 65.23316062176166 0.0 73.77220480668757 2.91018564977421 52.8979670949952 15
stats: {freemem,"os_mon@test3"} 1 882.12109375 0.0 1503.53125 882.12109375 1311.0091145833333 15
stats: {recvpackets,"os_mon@test4"} 1 19689.0 0.0 19689 3593 13690.642857142857 14
stats: {sentpackets,"os_mon@test4"} 1 14884.0 0.0 14884 2460 9933.357142857143 14
stats: {cpu,"os_mon@test4"} 1 57.30042016806722 0.0 72.35814679854242 2.1 48.788775685457715 15
stats: {load,"os_mon@myserver"} 1 2.62890625 0.0 2.62890625 0.87890625 1.63125 15
stats: {recvpackets,"os_mon@myserver"} 1 17593.0 0.0 17659 3752 14106.142857142857 14
stats: {sentpackets,"os_mon@myserver"} 1 13803.0 0.0 13803 2570 10234.785714285714 14
stats: {cpu,"os_mon@myserver"} 1 53.80296069423175 0.0 54.17761429322123 1.6595423686195625 45.006500884261165 15
stats: session 2511 27203.1163305285 27898.232369554542 116517.81494140625 16.11083984375 12557.735924556928 35624
stats: users_count 3535 49509
stats: finish_users_count 2511 38135
stats: request 29983 1594.3475691156546 4343.47308480916 36072.6201171875 0.997802734375 1041.1075979655338 396580
stats: page 2522 26044.24867803951 26937.261869633378 116516.02416992188 14.802001953125 12295.636038505187 35561
stats: connect 29935 1435.7074764936685 4305.047401113856 32634.761962890625 0.341064453125 971.1665094062494 396662
stats: 200 29983 426563
stats: size_rcv 5097110 72515710
stats: newphase 6 85
stats: size_sent 3972661 56611767
stats: connected -48 34
stats: error_connect_etimedout 546 2950
# stats: dump at 1338905990
stats: users 12623 12894
stats: {load,"os_mon@test2"} 1 1.58984375 0.0 3.05859375 1.359375 1.838134765625 16
stats: {recvpackets,"os_mon@test3"} 1 17856.0 0.0 19503 3594 14128.133333333333 15
stats: {sentpackets,"os_mon@test3"} 1 13894.0 0.0 14826 2458 10296.2 15
stats: {freemem,"os_mon@test2"} 1 1060.2109375 0.0 1523.40234375 1060.2109375 1368.22705078125 16
stats: {cpu,"os_mon@test3"} 1 68.59676577986437 0.0 84.82829318298309 2.6222894604135147 57.976957393833466 16
stats: {load,"os_mon@test4"} 1 1.359375 0.0 1.671875 1.0390625 1.21435546875 16
stats: {freemem,"os_mon@test4"} 1 919.12109375 0.0 1450.640625 919.12109375 1265.63671875 16
stats: {freemem,"os_mon@myserver"} 1 2511.30859375 0.0 2513.68359375 2511.30859375 2512.780029296875 16
stats: {recvpackets,"os_mon@test2"} 1 17859.0 0.0 19231 3722 14130.333333333334 15
stats: {sentpackets,"os_mon@test2"} 1 13902.0 0.0 14640 2546 10299.2 15
stats: {load,"os_mon@test3"} 1 1.78125 0.0 2.140625 1.2890625 1.5380859375 16
stats: {cpu,"os_mon@test2"} 1 62.153846153846146 0.0 73.77220480668757 2.91018564977421 53.6689166904181 16
stats: {freemem,"os_mon@test3"} 1 837.71875 0.0 1503.53125 837.71875 1284.20361328125 16
stats: {recvpackets,"os_mon@test4"} 1 17811.0 0.0 19689 3593 14090.533333333333 15
stats: {sentpackets,"os_mon@test4"} 1 13938.0 0.0 14884 2460 10263.4 15
stats: {cpu,"os_mon@test4"} 1 72.91880781089414 0.0 72.91880781089414 2.1 49.32075346562081 16
stats: {load,"os_mon@myserver"} 1 2.91015625 0.0 2.91015625 0.87890625 1.693603515625 16
stats: {recvpackets,"os_mon@myserver"} 1 1.83e4 0.0 18300 3752 14338.6 15
stats: {sentpackets,"os_mon@myserver"} 1 14353.0 0.0 14353 2570 10472.666666666666 15
stats: {cpu,"os_mon@myserver"} 1 54.26765015806112 0.0 54.26765015806112 1.6595423686195625 45.556279622384324 16
stats: session 2660 27438.80054748076 28414.282422081196 121651.20703125 16.11083984375 13522.06135262549 38135
stats: users_count 3909 53418
stats: finish_users_count 2660 40795
stats: request 30267 1403.9120302856065 3965.4354211825184 36072.6201171875 0.997802734375 1079.994688629736 426563
stats: page 2661 25994.274570767597 27482.270411807684 121649.451171875 14.802001953125 13206.121060087142 38083
stats: connect 30283 1280.0153625748305 3906.688380218647 32662.259033203125 0.341064453125 1003.7640988167747 426597
stats: 200 30267 456830
stats: size_rcv 5145390 77661100
stats: newphase 4 89
stats: size_sent 4017913 60629680
stats: connected 16 50
stats: error_connect_etimedout 948 3898
# stats: dump at 1338906000
stats: users 12939 13513
stats: {load,"os_mon@test2"} 1 1.421875 0.0 3.05859375 1.359375 1.8235294117647058 17
stats: {recvpackets,"os_mon@test3"} 1 19303.0 0.0 19503 3594 14361.125 16
stats: {sentpackets,"os_mon@test3"} 1 14924.0 0.0 14924 2458 10521.0625 16
stats: {freemem,"os_mon@test2"} 1 1008.421875 0.0 1523.40234375 1008.421875 1350.108455882353 17
stats: {cpu,"os_mon@test3"} 1 68.79543094496366 0.0 84.82829318298309 2.6222894604135147 58.601652004776454 17
stats: {load,"os_mon@test4"} 1 1.37890625 0.0 1.671875 1.0390625 1.2228860294117647 17
stats: {freemem,"os_mon@test4"} 1 843.6953125 0.0 1450.640625 843.6953125 1245.2534466911766 17
stats: {freemem,"os_mon@myserver"} 1 2511.23828125 0.0 2513.68359375 2511.23828125 2512.693474264706 17
stats: {recvpackets,"os_mon@test2"} 1 19381.0 0.0 19381 3722 14363.375 16
stats: {sentpackets,"os_mon@test2"} 1 15026.0 0.0 15026 2546 10524.375 16
stats: {load,"os_mon@test3"} 1 1.73046875 0.0 2.140625 1.2890625 1.552389705882353 17
stats: {cpu,"os_mon@test2"} 1 67.69795490298898 0.0 73.77220480668757 2.91018564977421 54.16803018826681 17
stats: {freemem,"os_mon@test3"} 1 786.0546875 0.0 1503.53125 786.0546875 1257.9397977941176 17
stats: {recvpackets,"os_mon@test4"} 1 19582.0 0.0 19689 3593 14323.0625 16
stats: {sentpackets,"os_mon@test4"} 1 15068.0 0.0 15068 2460 10493.0625 16
stats: {cpu,"os_mon@test4"} 1 73.1233595800525 0.0 73.1233595800525 2.1 50.70887430946042 17
stats: {load,"os_mon@myserver"} 1 2.921875 0.0 2.921875 0.87890625 1.7651654411764706 17
stats: {recvpackets,"os_mon@myserver"} 1 20207.0 0.0 20207 3752 14586.1875 16
stats: {sentpackets,"os_mon@myserver"} 1 15437.0 0.0 15437 2570 10715.1875 16
stats: {cpu,"os_mon@myserver"} 1 54.68184169684428 0.0 54.68184169684428 1.6595423686195625 46.068713183306485 17
stats: session 2781 30490.61000628918 31187.58480918849 130559.4208984375 16.11083984375 14429.489377096994 40795
stats: users_count 3097 56515
stats: finish_users_count 2781 43576
stats: request 29574 1636.8619334408597 4294.751461266473 38638.302978515625 0.997802734375 1101.455639486506 456830
stats: page 2758 28383.674656060943 29997.74836237563 130557.48510742188 14.802001953125 14041.318303654802 40744
stats: connect 29578 1540.2431265887528 4257.0024823425065 32662.259033203125 0.341064453125 1022.0746333562274 456880
stats: 200 29574 486404
stats: size_rcv 5027580 82688680
stats: newphase 6 95
stats: size_sent 3925502 64555182
stats: connected 4 54
stats: error_connect_etimedout 661 4559
# stats: dump at 1338906010
stats: users 13987 14387
stats: {load,"os_mon@test2"} 1 1.58984375 0.0 3.05859375 1.359375 1.8012152777777777 18
stats: {recvpackets,"os_mon@test3"} 1 17297.0 0.0 19503 3594 14651.823529411764 17
stats: {sentpackets,"os_mon@test3"} 1 14064.0 0.0 14924 2458 10780.058823529413 17
stats: {freemem,"os_mon@test2"} 1 956.7734375 0.0 1523.40234375 956.7734375 1331.1258680555557 18
stats: {cpu,"os_mon@test3"} 1 65.36254564423578 0.0 84.82829318298309 2.6222894604135147 59.167973057009085 18
stats: {load,"os_mon@test4"} 1 1.48046875 0.0 1.671875 1.0390625 1.2315538194444444 18
stats: {freemem,"os_mon@test4"} 1 798.2421875 0.0 1450.640625 798.2421875 1222.9446614583333 18
stats: {freemem,"os_mon@myserver"} 1 2511.41796875 0.0 2513.68359375 2511.23828125 2512.6126302083335 18
stats: {recvpackets,"os_mon@test2"} 1 17447.0 0.0 19381 3722 14658.529411764706 17
stats: {sentpackets,"os_mon@test2"} 1 14095.0 0.0 15026 2546 10789.176470588236 17
stats: {load,"os_mon@test3"} 1 1.4609375 0.0 2.140625 1.2890625 1.5622829861111112 18
stats: {cpu,"os_mon@test2"} 1 71.43603133159269 0.0 73.77220480668757 2.91018564977421 54.919692672418044 18
stats: {freemem,"os_mon@test3"} 1 732.94921875 0.0 1503.53125 732.94921875 1231.7239583333333 18
stats: {recvpackets,"os_mon@test4"} 1 16663.0 0.0 19689 3593 14632.411764705883 17
stats: {sentpackets,"os_mon@test4"} 1 13664.0 0.0 15068 2460 10762.176470588236 17
stats: {cpu,"os_mon@test4"} 1 70.78768909754825 0.0 73.1233595800525 2.1 51.954123491159976 18
stats: {load,"os_mon@myserver"} 1 2.69921875 0.0 2.921875 0.87890625 1.8294270833333333 18
stats: {recvpackets,"os_mon@myserver"} 1 19171.0 0.0 20207 3752 14916.823529411764 17
stats: {sentpackets,"os_mon@myserver"} 1 15408.0 0.0 15437 2570 10992.941176470587 17
stats: {cpu,"os_mon@myserver"} 1 53.23004201680672 0.0 54.68184169684428 1.6595423686195625 46.547220322947474 18
stats: session 2613 30176.963149341194 30259.92880059999 138613.06909179688 16.11083984375 15454.502606163074 43576
stats: users_count 3661 60176
stats: finish_users_count 2613 46189
stats: 200 29680 516084
stats: request 29680 1788.7120789808096 4907.951594273084 38638.302978515625 0.997802734375 1134.0090431127223 486404
stats: connect 29701 1633.4907720499084 4862.217804064828 32662.259033203125 0.341064453125 1053.580719581208 486458
stats: page 2615 28533.724263003387 29376.760082173932 138610.89501953125 14.802001953125 14950.614860593245 43502
stats: size_rcv 5045600 87734280
stats: newphase 6 101
stats: size_sent 3940817 68495999
stats: connected 21 75
stats: error_connect_etimedout 958 5517
# stats: dump at 1338906020
stats: users 15892 15897
stats: {load,"os_mon@test2"} 1 1.3515625 0.0 3.05859375 1.3515625 1.7900904605263157 19
stats: {recvpackets,"os_mon@test3"} 1 20067.0 0.0 20067 3594 14798.777777777777 18
stats: {sentpackets,"os_mon@test3"} 1 15807.0 0.0 15807 2458 10962.5 18
stats: {freemem,"os_mon@test2"} 1 908.0078125 0.0 1523.40234375 908.0078125 1311.4231085526317 19
stats: {cpu,"os_mon@test3"} 1 64.6161934805468 0.0 84.82829318298309 2.6222894604135147 59.49400319317891 19
stats: {load,"os_mon@test4"} 1 1.48046875 0.0 1.671875 1.0390625 1.244654605263158 19
stats: {freemem,"os_mon@test4"} 1 712.1953125 0.0 1450.640625 712.1953125 1200.5918996710527 19
stats: {freemem,"os_mon@myserver"} 1 2511.171875 0.0 2513.68359375 2511.171875 2512.5497532894738 19
stats: {recvpackets,"os_mon@test2"} 1 20201.0 0.0 20201 3722 14813.444444444445 18
stats: {sentpackets,"os_mon@test2"} 1 15902.0 0.0 15902 2546 10972.833333333334 18
stats: {load,"os_mon@test3"} 1 1.5390625 0.0 2.140625 1.2890625 1.5569490131578947 19
stats: {cpu,"os_mon@test2"} 1 66.9098488796248 0.0 73.77220480668757 2.91018564977421 55.78897365447987 19
stats: {freemem,"os_mon@test3"} 1 697.4375 0.0 1503.53125 697.4375 1205.47265625 19
stats: {recvpackets,"os_mon@test4"} 1 19779.0 0.0 19779 3593 14745.222222222223 18
stats: {sentpackets,"os_mon@test4"} 1 15618.0 0.0 15618 2460 10923.388888888889 18
stats: {cpu,"os_mon@test4"} 1 79.03391572456322 0.0 79.03391572456322 2.1 52.945363786233045 19
stats: {load,"os_mon@myserver"} 1 2.828125 0.0 2.921875 0.87890625 1.875205592105263 19
stats: {recvpackets,"os_mon@myserver"} 1 19491.0 0.0 20207 3752 15153.166666666666 18
stats: {sentpackets,"os_mon@myserver"} 1 15491.0 0.0 15491 2570 11238.222222222223 18
stats: {cpu,"os_mon@myserver"} 1 55.03020751247701 0.0 55.03020751247701 1.6595423686195625 46.89894778051901 19
stats: session 2540 35023.84862243164 32492.510988409445 160398.15991210938 16.11083984375 16287.380334611935 46189
stats: users_count 4445 64621
stats: finish_users_count 2540 48729
stats: 200 29791 545875
stats: request 29791 1837.4001161542617 5049.310989160754 38638.302978515625 0.997802734375 1171.661026325852 516084
stats: connect 29796 1668.0027366348345 5015.987050016642 32680.43310546875 0.341064453125 1086.9501047287554 516159
stats: page 2558 32822.649000416866 31346.60681896321 160396.55102539063 14.802001953125 15720.826086113175 46117
stats: size_rcv 5064470 92798750
stats: newphase 6 107
stats: size_sent 3953481 72449480
stats: connected 3 78
stats: error_connect_etimedout 954 6471
# stats: dump at 1338906020
stats: users 15740 15897
stats: {load,"os_mon@test2"} 0 0 0 3.05859375 1.3515625 1.7681640625 20
stats: {recvpackets,"os_mon@test3"} 0 0 0 20067 3594 15076.052631578947 19
stats: {sentpackets,"os_mon@test3"} 0 0 0 15807 2458 11217.473684210527 19
stats: {freemem,"os_mon@test2"} 0 0 0 1523.40234375 908.0078125 1291.25234375 20
stats: {cpu,"os_mon@test3"} 0 0 0 84.82829318298309 2.6222894604135147 59.7501127075473 20
stats: {load,"os_mon@test4"} 0 0 0 1.671875 1.0390625 1.2564453125 20
stats: {freemem,"os_mon@test4"} 0 0 0 1450.640625 712.1953125 1176.1720703125 20
stats: {freemem,"os_mon@myserver"} 0 0 0 2513.68359375 2511.171875 2512.480859375 20
stats: {recvpackets,"os_mon@test2"} 0 0 0 20201 3722 15097.0 19
stats: {sentpackets,"os_mon@test2"} 0 0 0 15902 2546 11232.263157894737 19
stats: {load,"os_mon@test3"} 0 0 0 2.140625 1.2890625 1.5560546875 20
stats: {cpu,"os_mon@test2"} 0 0 0 73.77220480668757 2.91018564977421 56.34501741573712 20
stats: {freemem,"os_mon@test3"} 0 0 0 1503.53125 697.4375 1180.0708984375 20
stats: {recvpackets,"os_mon@test4"} 0 0 0 19779 3593 15010.157894736842 19
stats: {sentpackets,"os_mon@test4"} 0 0 0 15618 2460 11170.473684210527 19
stats: {cpu,"os_mon@test4"} 0 0 0 79.03391572456322 2.1 54.24979138314956 20
stats: {load,"os_mon@myserver"} 0 0 0 2.921875 0.87890625 1.9228515625 20
stats: {recvpackets,"os_mon@myserver"} 0 0 0 20207 3752 15381.473684210527 19
stats: {sentpackets,"os_mon@myserver"} 0 0 0 15491 2570 11462.052631578947 19
stats: {cpu,"os_mon@myserver"} 0 0 0 55.03020751247701 1.6595423686195625 47.30551076711691 20
stats: session 155 34881.310531123985 31169.718031821147 160398.15991210938 16.11083984375 17264.01908055505 48729
stats: users_count 3 64624
stats: finish_users_count 155 48884
stats: request 2190 1239.9076473985094 3331.8629028250643 38638.302978515625 0.997802734375 1207.9935808943485 545875
stats: page 153 36105.97476256129 32892.82156686402 160396.55102539063 14.802001953125 16619.572116206422 48675
stats: connect 2164 1161.1295257399129 3339.371540223916 32680.43310546875 0.341064453125 1118.6615905110516 545955
stats: 200 2190 548065
stats: size_rcv 372300 93171050
stats: newphase 0 107
stats: size_sent 286764 72736244
stats: connected -26 52
stats: error_connect_etimedout 32 6503
stats: error_abort 1 1
EndMonitor:{1338,906020,842559}
