# stats: dump at 1338979883
stats: users 0 0
# stats: dump at 1338979893
stats: users 1 10
stats: {load,"os_mon@test2"} 1 1.3984375 0 1.3984375 1.3984375 0 0
stats: {freemem,"os_mon@test2"} 1 1437.0546875 0 1437.0546875 1437.0546875 0 0
stats: {cpu,"os_mon@test3"} 1 2.7522935779816518 0 2.7522935779816518 2.7522935779816518 0 0
stats: {load,"os_mon@test4"} 1 1.94921875 0 1.94921875 1.94921875 0 0
stats: {freemem,"os_mon@test4"} 1 1410.64453125 0 1410.64453125 1410.64453125 0 0
stats: {freemem,"os_mon@myserver"} 1 2203.32421875 0 2203.32421875 2203.32421875 0 0
stats: {load,"os_mon@test3"} 1 1.66015625 0 1.66015625 1.66015625 0 0
stats: {cpu,"os_mon@test2"} 1 2.330293819655522 0 2.330293819655522 2.330293819655522 0 0
stats: {freemem,"os_mon@test3"} 1 1420.953125 0 1420.953125 1420.953125 0 0
stats: {cpu,"os_mon@test4"} 1 2.6222894604135147 0 2.6222894604135147 2.6222894604135147 0 0
stats: {load,"os_mon@myserver"} 1 4.51171875 0 4.51171875 4.51171875 0 0
stats: {cpu,"os_mon@myserver"} 1 4.160324708269913 0 4.160324708269913 4.160324708269913 0 0
stats: session 555 29.536592940596847 96.43719769776429 2296.923828125 18.246826171875 0 0
stats: users_count 556 556
stats: finish_users_count 555 555
stats: request 5538 2.603182477527427 30.495554284692854 2271.372802734375 1.18994140625 0 0
stats: page 553 27.510933350050852 96.46959899808373 2291.785888671875 16.876953125 0 0
stats: connect 5539 0.9642301588029202 0.3283683151086514 10.31396484375 0.39208984375 0 0
stats: 200 5538 5538
stats: size_rcv 837316 837316
stats: size_sent 734729 734729
stats: connected 1 1
# stats: dump at 1338979903
stats: users 12 34
stats: {load,"os_mon@test2"} 1 1.1796875 0.0 1.3984375 1.1796875 1.3984375 1
stats: {recvpackets,"os_mon@test3"} 1 3344 0 3344 3344 0 0
stats: {sentpackets,"os_mon@test3"} 1 2313 0 2313 2313 0 0
stats: {freemem,"os_mon@test2"} 1 1436.89453125 0.0 1437.0546875 1436.89453125 1437.0546875 1
stats: {cpu,"os_mon@test3"} 1 19.705434230573896 0.0 19.705434230573896 2.7522935779816518 2.7522935779816518 1
stats: {load,"os_mon@test4"} 1 1.73046875 0.0 1.94921875 1.73046875 1.94921875 1
stats: {freemem,"os_mon@test4"} 1 1412.8515625 0.0 1412.8515625 1410.64453125 1410.64453125 1
stats: {freemem,"os_mon@myserver"} 1 2211.171875 0.0 2211.171875 2203.32421875 2203.32421875 1
stats: {recvpackets,"os_mon@test2"} 1 3364 0 3364 3364 0 0
stats: {sentpackets,"os_mon@test2"} 1 2323 0 2323 2323 0 0
stats: {load,"os_mon@test3"} 1 1.48046875 0.0 1.66015625 1.48046875 1.66015625 1
stats: {cpu,"os_mon@test2"} 1 12.663316582914572 0.0 12.663316582914572 2.330293819655522 2.330293819655522 1
stats: {freemem,"os_mon@test3"} 1 1422.42578125 0.0 1422.42578125 1420.953125 1420.953125 1
stats: {recvpackets,"os_mon@test4"} 1 3408 0 3408 3408 0 0
stats: {sentpackets,"os_mon@test4"} 1 2352 0 2352 2352 0 0
stats: {cpu,"os_mon@test4"} 1 10.207175341081353 0.0 10.207175341081353 2.6222894604135147 2.6222894604135147 1
stats: {load,"os_mon@myserver"} 1 3.96875 0.0 4.51171875 3.96875 4.51171875 1
stats: {recvpackets,"os_mon@myserver"} 1 3428 0 3428 3428 0 0
stats: {sentpackets,"os_mon@myserver"} 1 2370 0 2370 2370 0 0
stats: {cpu,"os_mon@myserver"} 1 19.731610337972167 0.0 19.731610337972167 4.160324708269913 4.160324708269913 1
stats: session 1508 48.78367375948073 218.9704167644522 6671.3388671875 17.119140625 29.536592940596847 555
stats: users_count 1519 2075
stats: finish_users_count 1508 2063
stats: request 15072 4.53738628476541 68.94688237970898 6633.732177734375 1.095947265625 2.603182477527427 5538
stats: page 1502 46.93918655334557 219.3352356454973 6669.776123046875 15.672119140625 27.510933350050852 553
stats: connect 15083 1.5730628089674612 18.25126027003225 1005.156005859375 0.326904296875 0.9642301588029202 5539
stats: 200 15076 20614
stats: size_rcv 2216172 3053488
stats: newphase 6 6
stats: size_sent 2002985 2737714
stats: connected 11 12
# stats: dump at 1338979913
stats: users 347 347
stats: {load,"os_mon@test2"} 1 1.1484375 0.0 1.3984375 1.1484375 1.2890625 2
stats: {recvpackets,"os_mon@test3"} 1 7352.0 0.0 7352 3344 3344.0 1
stats: {sentpackets,"os_mon@test3"} 1 4916.0 0.0 4916 2313 2313.0 1
stats: {freemem,"os_mon@test2"} 1 1436.328125 0.0 1437.0546875 1436.328125 1436.974609375 2
stats: {cpu,"os_mon@test3"} 1 38.06847215125192 0.0 38.06847215125192 2.7522935779816518 11.228863904277773 2
stats: {load,"os_mon@test4"} 1 1.4609375 0.0 1.94921875 1.4609375 1.83984375 2
stats: {freemem,"os_mon@test4"} 1 1412.03515625 0.0 1412.8515625 1410.64453125 1411.748046875 2
stats: {freemem,"os_mon@myserver"} 1 2219.0 0.0 2219.0 2203.32421875 2207.248046875 2
stats: {recvpackets,"os_mon@test2"} 1 7383.0 0.0 7383 3364 3364.0 1
stats: {sentpackets,"os_mon@test2"} 1 4938.0 0.0 4938 2323 2323.0 1
stats: {load,"os_mon@test3"} 1 1.48046875 0.0 1.66015625 1.48046875 1.5703125 2
stats: {cpu,"os_mon@test2"} 1 33.36729495669893 0.0 33.36729495669893 2.330293819655522 7.496805201285047 2
stats: {freemem,"os_mon@test3"} 1 1422.0234375 0.0 1422.42578125 1420.953125 1421.689453125 2
stats: {recvpackets,"os_mon@test4"} 1 7432.0 0.0 7432 3408 3408.0 1
stats: {sentpackets,"os_mon@test4"} 1 4970.0 0.0 4970 2352 2352.0 1
stats: {cpu,"os_mon@test4"} 1 30.596634370219277 0.0 30.596634370219277 2.6222894604135147 6.414732400747434 2
stats: {load,"os_mon@myserver"} 1 3.5 0.0 4.51171875 3.5 4.240234375 2
stats: {recvpackets,"os_mon@myserver"} 1 7760.0 0.0 7760 3428 3428.0 1
stats: {sentpackets,"os_mon@myserver"} 1 5181.0 0.0 5181 2370 2370.0 1
stats: {cpu,"os_mon@myserver"} 1 39.852760736196316 0.0 39.852760736196316 4.160324708269913 11.945967523121041 2
stats: session 2123 266.6544479822921 609.6861693189625 16597.322998046875 17.048095703125 43.60571454742035 2063
stats: users_count 2458 4533
stats: finish_users_count 2123 4186
stats: request 22097 28.706956793572807 179.42569423625278 16571.471923828125 1.093017578125 4.017656993912234 20610
stats: page 2122 262.16931163848966 609.0875441872382 16596.173095703125 15.548095703125 41.71104834340787 2055
stats: connect 22257 10.544554133864537 62.1137695445031 1024.93798828125 0.326904296875 1.4095324021562212 20622
stats: 200 22095 42709
stats: size_rcv 3135918 6189406
stats: newphase 6 12
stats: size_sent 2955291 5693005
stats: connected 160 172
# stats: dump at 1338979923
stats: users 3677 3677
stats: {load,"os_mon@test2"} 1 1.12890625 0.0 1.3984375 1.12890625 1.2421875 3
stats: {recvpackets,"os_mon@test3"} 1 10616.0 0.0 10616 3344 5348.0 2
stats: {sentpackets,"os_mon@test3"} 1 7150.0 0.0 7150 2313 3614.5 2
stats: {freemem,"os_mon@test2"} 1 1431.3515625 0.0 1437.0546875 1431.3515625 1436.7591145833333 3
stats: {cpu,"os_mon@test3"} 1 44.421487603305785 0.0 44.421487603305785 2.7522935779816518 20.17539998660249 3
stats: {load,"os_mon@test4"} 1 1.37890625 0.0 1.94921875 1.37890625 1.7135416666666667 3
stats: {freemem,"os_mon@test4"} 1 1406.90234375 0.0 1412.8515625 1406.90234375 1411.84375 3
stats: {freemem,"os_mon@myserver"} 1 2227.86328125 0.0 2227.86328125 2203.32421875 2211.1653645833335 3
stats: {recvpackets,"os_mon@test2"} 1 10591.0 0.0 10591 3364 5373.5 2
stats: {sentpackets,"os_mon@test2"} 1 7136.0 0.0 7136 2323 3630.5 2
stats: {load,"os_mon@test3"} 1 1.26171875 0.0 1.66015625 1.26171875 1.5403645833333333 3
stats: {cpu,"os_mon@test2"} 1 41.04401228249744 0.0 41.04401228249744 2.330293819655522 16.120301786423006 3
stats: {freemem,"os_mon@test3"} 1 1416.4375 0.0 1422.42578125 1416.4375 1421.80078125 3
stats: {recvpackets,"os_mon@test4"} 1 10596.0 0.0 10596 3408 5420.0 2
stats: {sentpackets,"os_mon@test4"} 1 7140.0 0.0 7140 2352 3661.0 2
stats: {cpu,"os_mon@test4"} 1 39.46419371458011 0.0 39.46419371458011 2.6222894604135147 14.47536639057138 3
stats: {load,"os_mon@myserver"} 1 3.19140625 0.0 4.51171875 3.19140625 3.9934895833333335 3
stats: {recvpackets,"os_mon@myserver"} 1 10630.0 0.0 10630 3428 5594.0 2
stats: {sentpackets,"os_mon@myserver"} 1 7178.0 0.0 7178 2370 3775.5 2
stats: {cpu,"os_mon@myserver"} 1 42.28817858954845 0.0 42.28817858954845 4.160324708269913 21.248231927479466 3
stats: session 125 4197.3420429687485 2193.86512962779 16597.322998046875 17.048095703125 156.72861494929154 4186
stats: users_count 3455 7988
stats: finish_users_count 125 4311
stats: request 3705 709.6025221934034 1376.1670109952045 18728.180908203125 1.093017578125 16.792130913248634 42707
stats: page 134 3959.9797618353555 2294.726757416729 16596.173095703125 15.548095703125 153.70827954095716 4177
stats: connect 5210 717.6573312477503 1677.594770125527 7097.684814453125 0.326904296875 6.151204985067016 42879
stats: 200 3689 46398
stats: size_rcv 511254 6700660
stats: newphase 6 18
stats: size_sent 690198 6383203
stats: connected 1505 1677
# stats: dump at 1338979933
stats: users 6061 6061
stats: {load,"os_mon@test2"} 1 1.03125 0.0 1.3984375 1.03125 1.2138671875 4
stats: {recvpackets,"os_mon@test3"} 1 11301.0 0.0 11301 3344 7104.0 3
stats: {sentpackets,"os_mon@test3"} 1 7752.0 0.0 7752 2313 4793.0 3
stats: {freemem,"os_mon@test2"} 1 1408.89453125 0.0 1437.0546875 1408.89453125 1435.4072265625 4
stats: {cpu,"os_mon@test3"} 1 17.857142857142858 0.0 44.421487603305785 2.7522935779816518 26.236921890778312 4
stats: {load,"os_mon@test4"} 1 1.171875 0.0 1.94921875 1.171875 1.6298828125 4
stats: {freemem,"os_mon@test4"} 1 1383.44921875 0.0 1412.8515625 1383.44921875 1410.6083984375 4
stats: {freemem,"os_mon@myserver"} 1 2234.09375 0.0 2234.09375 2203.32421875 2215.33984375 4
stats: {recvpackets,"os_mon@test2"} 1 11285.0 0.0 11285 3364 7112.666666666667 3
stats: {sentpackets,"os_mon@test2"} 1 7743.0 0.0 7743 2323 4799.0 3
stats: {load,"os_mon@test3"} 1 1.140625 0.0 1.66015625 1.140625 1.470703125 4
stats: {cpu,"os_mon@test2"} 1 17.489495798319325 0.0 41.04401228249744 2.330293819655522 22.351229410441615 4
stats: {freemem,"os_mon@test3"} 1 1387.8671875 0.0 1422.42578125 1387.8671875 1420.4599609375 4
stats: {recvpackets,"os_mon@test4"} 1 11194.0 0.0 11194 3408 7145.333333333333 3
stats: {sentpackets,"os_mon@test4"} 1 7682.0 0.0 7682 2352 4820.666666666667 3
stats: {cpu,"os_mon@test4"} 1 17.046029337379867 0.0 39.46419371458011 2.6222894604135147 20.722573221573562 4
stats: {load,"os_mon@myserver"} 1 2.78125 0.0 4.51171875 2.78125 3.79296875 4
stats: {recvpackets,"os_mon@myserver"} 1 11053.0 0.0 11053 3428 7272.666666666667 3
stats: {sentpackets,"os_mon@myserver"} 1 7640.0 0.0 7640 2370 4909.666666666667 3
stats: {cpu,"os_mon@myserver"} 1 6.583945302608256 0.0 42.28817858954845 4.160324708269913 26.508218592996712 4
stats: session 62 12489.826479019655 3535.257170449932 20179.85400390625 17.048095703125 273.8885960447293 4311
stats: users_count 2446 10434
stats: finish_users_count 62 4373
stats: request 3249 2872.2042312598555 4009.021779801298 24728.222900390625 1.093017578125 72.09814012838639 46412
stats: page 62 12487.85072375882 3535.5194066208796 20178.13916015625 15.548095703125 272.0196640520797 4311
stats: connect 3156 1102.9790310587746 2716.3565738328684 15044.96484375 0.326904296875 83.23633709071655 48089
stats: 200 2721 49119
stats: size_rcv 372900 7073560
stats: newphase 5 23
stats: size_sent 418948 6802151
stats: connected -93 1584
# stats: dump at 1338979943
stats: users 8747 8747
stats: {load,"os_mon@test2"} 1 0.87109375 0.0 1.3984375 0.87109375 1.17734375 5
stats: {recvpackets,"os_mon@test3"} 1 8698.0 0.0 11301 3344 8153.25 4
stats: {sentpackets,"os_mon@test3"} 1 6340.0 0.0 7752 2313 5532.75 4
stats: {freemem,"os_mon@test2"} 1 1363.9609375 0.0 1437.0546875 1363.9609375 1430.1046875 5
stats: {cpu,"os_mon@test3"} 1 18.86993603411514 0.0 44.421487603305785 2.7522935779816518 24.560966084051223 5
stats: {load,"os_mon@test4"} 1 1.140625 0.0 1.94921875 1.140625 1.53828125 5
stats: {freemem,"os_mon@test4"} 1 1333.23828125 0.0 1412.8515625 1333.23828125 1405.1765625 5
stats: {freemem,"os_mon@myserver"} 1 2242.328125 0.0 2242.328125 2203.32421875 2219.090625 5
stats: {recvpackets,"os_mon@test2"} 1 8.7e3 0.0 11285 3364 8155.75 4
stats: {sentpackets,"os_mon@test2"} 1 6338.0 0.0 7743 2323 5535.0 4
stats: {load,"os_mon@test3"} 1 1.12109375 0.0 1.66015625 1.12109375 1.4046875 5
stats: {cpu,"os_mon@test2"} 1 17.281348788198102 0.0 41.04401228249744 2.330293819655522 21.378882688017157 5
stats: {freemem,"os_mon@test3"} 1 1339.2890625 0.0 1422.42578125 1339.2890625 1413.94140625 5
stats: {recvpackets,"os_mon@test4"} 1 8772.0 0.0 11194 3408 8157.5 4
stats: {sentpackets,"os_mon@test4"} 1 6394.0 0.0 7682 2352 5536.0 4
stats: {cpu,"os_mon@test4"} 1 20.878552971576227 0.0 39.46419371458011 2.6222894604135147 19.987264444734823 5
stats: {load,"os_mon@myserver"} 1 2.3515625 0.0 4.51171875 2.3515625 3.590625 5
stats: {recvpackets,"os_mon@myserver"} 1 9039.0 0.0 11053 3428 8217.75 4
stats: {sentpackets,"os_mon@myserver"} 1 6520.0 0.0 7640 2370 5592.25 4
stats: {cpu,"os_mon@myserver"} 1 6.550768455530361 0.0 42.28817858954845 4.160324708269913 22.523363934919022 5
stats: session 30 22999.020458984374 3575.9459762768347 29436.97607421875 17.048095703125 447.08506271393696 4373
stats: users_count 2716 13150
stats: finish_users_count 30 4403
stats: request 2021 7820.480335143102 7178.820571121528 29081.98486328125 1.093017578125 255.29108207651754 49661
stats: page 23 22762.43029254416 3869.027102245845 29435.093017578125 15.548095703125 445.2146161906157 4373
stats: connect 2187 4046.9203613727814 5187.893193043607 15044.96484375 0.326904296875 146.0387166821536 51245
stats: 200 1273 50392
stats: size_rcv 159734 7233294
stats: newphase 6 29
stats: size_sent 290329 7092480
stats: connected 166 1750
# stats: dump at 1338979953
stats: users 12141 12141
stats: {load,"os_mon@test2"} 1 0.8984375 0.0 1.3984375 0.87109375 1.1263020833333333 6
stats: {recvpackets,"os_mon@test3"} 1 8913.0 0.0 11301 3344 8262.2 5
stats: {sentpackets,"os_mon@test3"} 1 6379.0 0.0 7752 2313 5694.2 5
stats: {freemem,"os_mon@test2"} 1 1325.21484375 0.0 1437.0546875 1325.21484375 1419.0807291666667 6
stats: {cpu,"os_mon@test3"} 1 15.405117270788912 0.0 44.421487603305785 2.7522935779816518 23.612461075728543 6
stats: {load,"os_mon@test4"} 1 0.9609375 0.0 1.94921875 0.9609375 1.4720052083333333 6
stats: {freemem,"os_mon@test4"} 1 1302.546875 0.0 1412.8515625 1302.546875 1393.1868489583333 6
stats: {freemem,"os_mon@myserver"} 1 2251.92578125 0.0 2251.92578125 2203.32421875 2222.9635416666665 6
stats: {recvpackets,"os_mon@test2"} 1 8914.0 0.0 11285 3364 8264.6 5
stats: {sentpackets,"os_mon@test2"} 1 6382.0 0.0 7743 2323 5695.6 5
stats: {load,"os_mon@test3"} 1 1.01953125 0.0 1.66015625 1.01953125 1.357421875 6
stats: {cpu,"os_mon@test2"} 1 22.228088701161564 0.0 41.04401228249744 2.330293819655522 20.695960371380647 6
stats: {freemem,"os_mon@test3"} 1 1304.5390625 0.0 1422.42578125 1304.5390625 1401.4993489583333 6
stats: {recvpackets,"os_mon@test4"} 1 9118.0 0.0 11194 3408 8280.4 5
stats: {sentpackets,"os_mon@test4"} 1 6590.0 0.0 7682 2352 5707.6 5
stats: {cpu,"os_mon@test4"} 1 12.366953877344146 0.0 39.46419371458011 2.6222894604135147 20.135812532541724 6
stats: {load,"os_mon@myserver"} 1 1.98828125 0.0 4.51171875 1.98828125 3.3841145833333335 6
stats: {recvpackets,"os_mon@myserver"} 1 8728.0 0.0 11053 3428 8382.0 5
stats: {sentpackets,"os_mon@myserver"} 1 6329.0 0.0 7640 2370 5777.8 5
stats: {cpu,"os_mon@myserver"} 1 6.112654710785552 0.0 42.28817858954845 4.160324708269913 19.861264688354243 6
stats: session 98 24207.32439064494 8300.897008974474 39811.239990234375 17.048095703125 600.7434914870719 4403
stats: users_count 3492 16642
stats: finish_users_count 98 4501
stats: request 6770 3324.0261939810816 6534.902371268308 38162.224853515625 1.093017578125 551.1242054163181 51682
stats: page 105 24176.15972609747 8040.370102829548 39809.595947265625 15.548095703125 561.9789384281343 4396
stats: connect 8751 2882.5343242301255 6256.074642077911 31112.0439453125 0.326904296875 305.7038641020219 53432
stats: 200 6689 57081
stats: size_rcv 884660 8117954
stats: newphase 6 35
stats: size_sent 1161245 8253725
stats: connected 1981 3731
# stats: dump at 1338979963
stats: users 15757 15757
stats: {load,"os_mon@test2"} 1 0.76171875 0.0 1.3984375 0.76171875 1.09375 7
stats: {recvpackets,"os_mon@test3"} 1 13383.0 0.0 13383 3344 8370.666666666666 6
stats: {sentpackets,"os_mon@test3"} 1 9539.0 0.0 9539 2313 5808.333333333333 6
stats: {freemem,"os_mon@test2"} 1 1273.08984375 0.0 1437.0546875 1273.08984375 1405.6713169642858 7
stats: {cpu,"os_mon@test3"} 1 30.005339028296852 0.0 44.421487603305785 2.7522935779816518 22.439983389308594 7
stats: {load,"os_mon@test4"} 1 0.8203125 0.0 1.94921875 0.8203125 1.3989955357142858 7
stats: {freemem,"os_mon@test4"} 1 1237.46484375 0.0 1412.8515625 1237.46484375 1380.23828125 7
stats: {freemem,"os_mon@myserver"} 1 2254.84765625 0.0 2254.84765625 2203.32421875 2227.101004464286 7
stats: {recvpackets,"os_mon@test2"} 1 13356.0 0.0 13356 3364 8372.833333333334 6
stats: {sentpackets,"os_mon@test2"} 1 9519.0 0.0 9519 2323 5810.0 6
stats: {load,"os_mon@test3"} 1 1.01171875 0.0 1.66015625 1.01171875 1.3091517857142858 7
stats: {cpu,"os_mon@test2"} 1 29.417989417989414 0.0 41.04401228249744 2.330293819655522 20.914835847063635 7
stats: {freemem,"os_mon@test3"} 1 1248.10546875 0.0 1422.42578125 1248.10546875 1387.6478794642858 7
stats: {recvpackets,"os_mon@test4"} 1 13093.0 0.0 13093 3408 8420.0 6
stats: {sentpackets,"os_mon@test4"} 1 9271.0 0.0 9271 2352 5854.666666666667 6
stats: {cpu,"os_mon@test4"} 1 28.076525336091002 0.0 39.46419371458011 2.6222894604135147 19.025975581799212 7
stats: {load,"os_mon@myserver"} 1 1.6796875 0.0 4.51171875 1.6796875 3.1847098214285716 7
stats: {recvpackets,"os_mon@myserver"} 1 13269.0 0.0 13269 3428 8439.666666666666 6
stats: {sentpackets,"os_mon@myserver"} 1 9505.0 0.0 9505 2370 5869.666666666667 6
stats: {cpu,"os_mon@myserver"} 1 12.22165991902834 0.0 42.28817858954845 4.160324708269913 17.897177548701574 7
stats: session 58 28327.18852286503 14642.452618314039 50026.4599609375 17.048095703125 1114.7281455900425 4501
stats: users_count 3674 20316
stats: finish_users_count 58 4559
stats: request 6187 3652.8096009336623 7304.847128701101 47468.6591796875 1.093017578125 872.2859528771997 58452
stats: page 57 28396.116450794958 14760.43677606665 50024.0810546875 15.548095703125 1112.8540734437486 4501
stats: connect 7850 2870.8947945486652 6641.768205526473 31126.7529296875 0.326904296875 668.3406515934752 62183
stats: 200 6029 63110
stats: size_rcv 808274 8926228
stats: newphase 5 40
stats: size_sent 1042006 9295731
stats: connected 1663 5394
# stats: dump at 1338979973
stats: users 18707 18707
stats: {load,"os_mon@test2"} 1 1.1015625 0.0 1.3984375 0.76171875 1.05224609375 8
stats: {recvpackets,"os_mon@test3"} 1 14106.0 0.0 14106 3344 9086.714285714286 7
stats: {sentpackets,"os_mon@test3"} 1 10057.0 0.0 10057 2313 6341.285714285715 7
stats: {freemem,"os_mon@test2"} 1 1220.390625 0.0 1437.0546875 1220.390625 1389.0986328125 8
stats: {cpu,"os_mon@test3"} 1 34.62157809983897 0.0 44.421487603305785 2.7522935779816518 23.385652844182125 8
stats: {load,"os_mon@test4"} 1 0.8515625 0.0 1.94921875 0.8203125 1.32666015625 8
stats: {freemem,"os_mon@test4"} 1 1182.06640625 0.0 1412.8515625 1182.06640625 1362.3916015625 8
stats: {freemem,"os_mon@myserver"} 1 2271.85546875 0.0 2271.85546875 2203.32421875 2230.5693359375 8
stats: {recvpackets,"os_mon@test2"} 1 14117.0 0.0 14117 3364 9084.714285714286 7
stats: {sentpackets,"os_mon@test2"} 1 10065.0 0.0 10065 2323 6339.857142857143 7
stats: {load,"os_mon@test3"} 1 0.8515625 0.0 1.66015625 0.8515625 1.27197265625 8
stats: {cpu,"os_mon@test2"} 1 33.559853633037115 0.0 41.04401228249744 2.330293819655522 21.977730043429357 8
stats: {freemem,"os_mon@test3"} 1 1174.88671875 0.0 1422.42578125 1174.88671875 1370.205078125 8
stats: {recvpackets,"os_mon@test4"} 1 14298.0 0.0 14298 3408 9087.57142857143 7
stats: {sentpackets,"os_mon@test4"} 1 10187.0 0.0 10187 2352 6342.714285714285 7
stats: {cpu,"os_mon@test4"} 1 27.56644085461178 0.0 39.46419371458011 2.6222894604135147 20.157294301085688 8
stats: {load,"os_mon@myserver"} 1 1.5 0.0 4.51171875 1.5 2.99658203125 8
stats: {recvpackets,"os_mon@myserver"} 1 14182.0 0.0 14182 3428 9129.57142857143 7
stats: {sentpackets,"os_mon@myserver"} 1 9986.0 0.0 9986 2370 6389.0 7
stats: {cpu,"os_mon@myserver"} 1 14.722222222222223 0.0 42.28817858954845 4.160324708269913 17.18773784499242 8
stats: session 40 33181.54450073242 16026.025644762603 59766.0859375 17.048095703125 1460.9274660291628 4559
stats: users_count 2990 23306
stats: finish_users_count 40 4599
stats: request 3737 11596.89291647241 13311.675751077288 55252.0771484375 1.093017578125 1138.4271340607784 64639
stats: page 40 32458.835815429688 15759.669533909775 59764.85205078125 15.548095703125 1454.0444980837265 4558
stats: connect 3160 2851.31942733571 5737.185518192485 31126.7529296875 0.326904296875 915.224977871062 70033
stats: 200 1763 64873
stats: size_rcv 249828 9176056
stats: newphase 5 45
stats: size_sent 419288 9715019
stats: connected -577 4817
# stats: dump at 1338979983
stats: users 22687 22687
stats: {load,"os_mon@test2"} 1 0.9296875 0.0 1.3984375 0.76171875 1.0577256944444444 9
stats: {recvpackets,"os_mon@test3"} 1 11638.0 0.0 14106 3344 9714.125 8
stats: {sentpackets,"os_mon@test3"} 1 8501.0 0.0 10057 2313 6805.75 8
stats: {freemem,"os_mon@test2"} 1 1189.34765625 0.0 1437.0546875 1189.34765625 1370.353298611111 9
stats: {cpu,"os_mon@test3"} 1 16.53333333333333 0.0 44.421487603305785 2.7522935779816518 24.634088983699556 9
stats: {load,"os_mon@test4"} 1 0.71875 0.0 1.94921875 0.71875 1.2738715277777777 9
stats: {freemem,"os_mon@test4"} 1 1125.4453125 0.0 1412.8515625 1125.4453125 1342.35546875 9
stats: {freemem,"os_mon@myserver"} 1 2296.61328125 0.0 2296.61328125 2203.32421875 2235.156684027778 9
stats: {recvpackets,"os_mon@test2"} 1 11628.0 0.0 14117 3364 9713.75 8
stats: {sentpackets,"os_mon@test2"} 1 8495.0 0.0 10065 2323 6805.5 8
stats: {load,"os_mon@test3"} 1 0.87890625 0.0 1.66015625 0.8515625 1.2252604166666667 9
stats: {cpu,"os_mon@test2"} 1 15.557939914163091 0.0 41.04401228249744 2.330293819655522 23.264632664496887 9
stats: {freemem,"os_mon@test3"} 1 1138.22265625 0.0 1422.42578125 1138.22265625 1348.5030381944443 9
stats: {recvpackets,"os_mon@test4"} 1 11467.0 0.0 14298 3408 9738.875 8
stats: {sentpackets,"os_mon@test4"} 1 8388.0 0.0 10187 2352 6823.25 8
stats: {cpu,"os_mon@test4"} 1 21.409921671018274 0.0 39.46419371458011 2.6222894604135147 20.980532807033033 9
stats: {load,"os_mon@myserver"} 1 1.671875 0.0 4.51171875 1.5 2.830295138888889 9
stats: {recvpackets,"os_mon@myserver"} 1 11646.0 0.0 14182 3428 9761.125 8
stats: {sentpackets,"os_mon@myserver"} 1 8642.0 0.0 9986 2370 6838.625 8
stats: {cpu,"os_mon@myserver"} 1 2.536783358701167 0.0 42.28817858954845 2.536783358701167 16.91379166468462 9
stats: session 16 42489.49827575683 17317.896257101373 69814.68286132813 17.048095703125 1736.8188949024245 4599
stats: users_count 3996 27302
stats: finish_users_count 16 4615
stats: request 749 16582.404733003375 15640.176524020868 65680.7060546875 1.093017578125 1710.0207726016738 68376
stats: page 17 43112.1865234375 16985.909581156477 69812.73291015625 15.548095703125 1723.7686504747307 4598
stats: connect 597 4097.285268710088 7452.536406224718 31126.7529296875 0.326904296875 998.8130048723912 73193
stats: 200 368 65241
stats: size_rcv 52282 9228338
stats: newphase 6 51
stats: size_sent 79151 9794170
stats: connected -152 4665
stats: error_connect_etimedout 830 830
# stats: dump at 1338979993
stats: users 25092 25092
stats: {load,"os_mon@test2"} 1 0.87109375 0.0 1.3984375 0.76171875 1.044921875 10
stats: {recvpackets,"os_mon@test3"} 1 14481.0 0.0 14481 3344 9927.888888888889 9
stats: {sentpackets,"os_mon@test3"} 1 10508.0 0.0 10508 2313 6994.111111111111 9
stats: {freemem,"os_mon@test2"} 1 1136.1015625 0.0 1437.0546875 1136.1015625 1352.252734375 10
stats: {cpu,"os_mon@test3"} 1 23.02313071543841 0.0 44.421487603305785 2.7522935779816518 23.824013418662933 10
stats: {load,"os_mon@test4"} 1 0.609375 0.0 1.94921875 0.609375 1.218359375 10
stats: {freemem,"os_mon@test4"} 1 1107.59765625 0.0 1412.8515625 1107.59765625 1320.664453125 10
stats: {freemem,"os_mon@myserver"} 1 2297.66015625 0.0 2297.66015625 2203.32421875 2241.30234375 10
stats: {recvpackets,"os_mon@test2"} 1 14493.0 0.0 14493 3364 9926.444444444445 9
stats: {sentpackets,"os_mon@test2"} 1 10513.0 0.0 10513 2323 6993.222222222223 9
stats: {load,"os_mon@test3"} 1 0.8203125 0.0 1.66015625 0.8203125 1.190625 10
stats: {cpu,"os_mon@test2"} 1 21.604278074866308 0.0 41.04401228249744 2.330293819655522 22.49396338946351 10
stats: {freemem,"os_mon@test3"} 1 1075.16015625 0.0 1422.42578125 1075.16015625 1327.475 10
stats: {recvpackets,"os_mon@test4"} 1 14579.0 0.0 14579 3408 9930.888888888889 9
stats: {sentpackets,"os_mon@test4"} 1 10565.0 0.0 10565 2352 6997.111111111111 9
stats: {cpu,"os_mon@test4"} 1 10.559006211180124 0.0 39.46419371458011 2.6222894604135147 21.023471693431556 10
stats: {load,"os_mon@myserver"} 1 1.55859375 0.0 4.51171875 1.5 2.714453125 10
stats: {recvpackets,"os_mon@myserver"} 1 14423.0 0.0 14423 3428 9970.555555555555 9
stats: {sentpackets,"os_mon@myserver"} 1 10325.0 0.0 10325 2370 7039.0 9
stats: {cpu,"os_mon@myserver"} 1 1.4467005076142132 0.0 42.28817858954845 1.4467005076142132 15.476090834086275 10
stats: session 19 49337.03073601974 15151.601809799318 74107.57104492188 17.048095703125 1878.1066240668167 4615
stats: users_count 2424 29726
stats: finish_users_count 19 4634
stats: page 19 49335.43810392681 15151.777767258845 74106.4990234375 15.548095703125 1876.2286946438244 4615
stats: connect 26 3584.3658447265625 6709.198828053548 31126.7529296875 0.326904296875 1023.8812789137396 73790
stats: 200 13 65254
stats: request 2416 28914.68018376429 14682.664713141316 76619.22485351563 1.093017578125 1871.169641843495 69125
stats: size_rcv 926 9229264
stats: newphase 5 56
stats: size_sent 3470 9797640
stats: connected -2390 2275
stats: error_connect_etimedout 1499 2329
# stats: dump at 1338980003
stats: users 28472 28472
stats: {load,"os_mon@test2"} 1 0.73828125 0.0 1.3984375 0.73828125 1.0291193181818181 11
stats: {recvpackets,"os_mon@test3"} 1 12088.0 0.0 14481 3344 10383.2 10
stats: {sentpackets,"os_mon@test3"} 1 9159.0 0.0 10508 2313 7345.5 10
stats: {freemem,"os_mon@test2"} 1 1097.7421875 0.0 1437.0546875 1097.7421875 1332.602627840909 11
stats: {cpu,"os_mon@test3"} 1 22.941176470588236 0.0 44.421487603305785 2.7522935779816518 23.751205900187973 11
stats: {load,"os_mon@test4"} 1 0.58984375 0.0 1.94921875 0.58984375 1.1629971590909092 11
stats: {freemem,"os_mon@test4"} 1 1050.1015625 0.0 1412.8515625 1050.1015625 1301.2947443181818 11
stats: {freemem,"os_mon@myserver"} 1 2302.921875 0.0 2302.921875 2203.32421875 2246.42578125 11
stats: {recvpackets,"os_mon@test2"} 1 12084.0 0.0 14493 3364 10383.1 10
stats: {sentpackets,"os_mon@test2"} 1 9160.0 0.0 10513 2323 7345.2 10
stats: {load,"os_mon@test3"} 1 0.83984375 0.0 1.66015625 0.8203125 1.1569602272727273 11
stats: {cpu,"os_mon@test2"} 1 22.481442205726403 0.0 41.04401228249744 2.330293819655522 22.41308290631831 11
stats: {freemem,"os_mon@test3"} 1 1017.265625 0.0 1422.42578125 1017.265625 1304.5372869318182 11
stats: {recvpackets,"os_mon@test4"} 1 12639.0 0.0 14579 3408 10395.7 10
stats: {sentpackets,"os_mon@test4"} 1 9541.0 0.0 10565 2352 7353.9 10
stats: {cpu,"os_mon@test4"} 1 23.024236037934667 0.0 39.46419371458011 2.6222894604135147 20.072156649590518 11
stats: {load,"os_mon@myserver"} 1 1.640625 0.0 4.51171875 1.5 2.609375 11
stats: {recvpackets,"os_mon@myserver"} 1 13050.0 0.0 14423 3428 10415.8 10
stats: {sentpackets,"os_mon@myserver"} 1 9821.0 0.0 10325 2370 7367.6 10
stats: {cpu,"os_mon@myserver"} 1 4.3942087884175765 0.0 42.28817858954845 1.4467005076142132 14.200691713497907 11
stats: session 46 62457.7975278108 20167.638986692175 90105.33618164063 17.048095703125 2072.6943578016258 4634
stats: users_count 3426 33152
stats: finish_users_count 46 4680
stats: request 4450 5852.410079441707 9781.820505303558 81504.30297851563 1.093017578125 2784.4518362394447 71541
stats: page 46 60865.376119862434 21101.30981597596 90103.86303710938 15.548095703125 2070.8175981346267 4634
stats: connect 7253 5581.211139766772 9089.390823583895 31140.619140625 0.326904296875 1024.7831511191034 73816
stats: 200 4386 69640
stats: size_rcv 585092 9814356
stats: newphase 4 60
stats: size_sent 962959 10760599
stats: connected 2803 5078
stats: error_connect_etimedout 2143 4472
# stats: dump at 1338980013
stats: users 31774 31774
stats: {load,"os_mon@test2"} 1 1.0703125 0.0 1.3984375 0.73828125 1.0048828125 12
stats: {recvpackets,"os_mon@test3"} 1 13932.0 0.0 14481 3344 10538.181818181818 11
stats: {sentpackets,"os_mon@test3"} 1 10422.0 0.0 10508 2313 7510.363636363636 11
stats: {freemem,"os_mon@test2"} 1 1030.1015625 0.0 1437.0546875 1030.1015625 1313.0309244791667 12
stats: {cpu,"os_mon@test3"} 1 23.378016085790883 0.0 44.421487603305785 2.7522935779816518 23.683703447721328 12
stats: {load,"os_mon@test4"} 1 0.6484375 0.0 1.94921875 0.58984375 1.115234375 12
stats: {freemem,"os_mon@test4"} 1 1003.8984375 0.0 1412.8515625 1003.8984375 1280.3619791666667 12
stats: {freemem,"os_mon@myserver"} 1 2306.55078125 0.0 2306.55078125 2203.32421875 2251.1337890625 12
stats: {recvpackets,"os_mon@test2"} 1 13921.0 0.0 14493 3364 10537.727272727272 11
stats: {sentpackets,"os_mon@test2"} 1 10409.0 0.0 10513 2323 7510.181818181818 11
stats: {load,"os_mon@test3"} 1 0.7109375 0.0 1.66015625 0.7109375 1.1305338541666667 12
stats: {cpu,"os_mon@test2"} 1 32.975871313672926 0.0 41.04401228249744 2.330293819655522 22.418779514602317 12
stats: {freemem,"os_mon@test3"} 1 967.91015625 0.0 1422.42578125 967.91015625 1280.5979817708333 12
stats: {recvpackets,"os_mon@test4"} 1 14014.0 0.0 14579 3408 10599.636363636364 11
stats: {sentpackets,"os_mon@test4"} 1 10454.0 0.0 10565 2352 7552.727272727273 11
stats: {cpu,"os_mon@test4"} 1 20.042083114150447 0.0 39.46419371458011 2.6222894604135147 20.318163265285865 12
stats: {load,"os_mon@myserver"} 1 1.4609375 0.0 4.51171875 1.4609375 2.5286458333333335 12
stats: {recvpackets,"os_mon@myserver"} 1 13467.0 0.0 14423 3428 10655.272727272728 11
stats: {sentpackets,"os_mon@myserver"} 1 10088.0 0.0 10325 2370 7590.636363636364 11
stats: {cpu,"os_mon@myserver"} 1 7.548125633232017 0.0 42.28817858954845 1.4467005076142132 13.383484803074547 12
stats: session 18 71001.31722005208 20853.431993386923 96174.69604492188 17.048095703125 2666.2231496435966 4680
stats: users_count 3320 36472
stats: finish_users_count 18 4698
stats: request 2051 6596.77475366913 11936.744021200335 94195.80810546875 1.093017578125 2964.1101402787394 75991
stats: page 18 70999.58672417534 20853.50282870667 96173.01000976563 15.548095703125 2648.7128314678484 4680
stats: connect 2942 3986.7660943607652 7678.574598978927 31140.619140625 0.326904296875 1432.433081445881 81069
stats: 200 1898 71538
stats: size_rcv 251426 10065782
stats: newphase 4 64
stats: size_sent 391066 11151665
stats: connected 891 5969
stats: error_connect_etimedout 1619 6091
# stats: dump at 1338980023
stats: users 35025 35025
stats: {load,"os_mon@test2"} 1 1.05078125 0.0 1.3984375 0.73828125 1.0099158653846154 13
stats: {recvpackets,"os_mon@test3"} 1 14488.0 0.0 14488 3344 10821.0 12
stats: {sentpackets,"os_mon@test3"} 1 10697.0 0.0 10697 2313 7753.0 12
stats: {freemem,"os_mon@test2"} 1 986.5 0.0 1437.0546875 986.5 1291.2671274038462 13
stats: {cpu,"os_mon@test3"} 1 21.103374397429032 0.0 44.421487603305785 2.7522935779816518 23.66018903526514 13
stats: {load,"os_mon@test4"} 1 0.55078125 0.0 1.94921875 0.55078125 1.0793269230769231 13
stats: {freemem,"os_mon@test4"} 1 938.6953125 0.0 1412.8515625 938.6953125 1259.0955528846155 13
stats: {freemem,"os_mon@myserver"} 1 2306.125 0.0 2306.55078125 2203.32421875 2255.3966346153848 13
stats: {recvpackets,"os_mon@test2"} 1 14459.0 0.0 14493 3364 10819.666666666666 12
stats: {sentpackets,"os_mon@test2"} 1 10681.0 0.0 10681 2323 7751.75 12
stats: {load,"os_mon@test3"} 1 0.76171875 0.0 1.66015625 0.7109375 1.0982572115384615 13
stats: {cpu,"os_mon@test2"} 1 22.318059299191376 0.0 41.04401228249744 2.330293819655522 23.23086349914621 13
stats: {freemem,"os_mon@test3"} 1 919.1171875 0.0 1422.42578125 919.1171875 1256.5450721153845 13
stats: {recvpackets,"os_mon@test4"} 1 14291.0 0.0 14579 3408 10884.166666666666 12
stats: {sentpackets,"os_mon@test4"} 1 10833.0 0.0 10833 2352 7794.5 12
stats: {cpu,"os_mon@test4"} 1 22.646310432569976 0.0 39.46419371458011 2.6222894604135147 20.29692633058314 13
stats: {load,"os_mon@myserver"} 1 1.3203125 0.0 4.51171875 1.3203125 2.446514423076923 13
stats: {recvpackets,"os_mon@myserver"} 1 14274.0 0.0 14423 3428 10889.583333333334 12
stats: {sentpackets,"os_mon@myserver"} 1 10817.0 0.0 10817 2370 7798.75 12
stats: {cpu,"os_mon@myserver"} 1 4.26179604261796 0.0 42.28817858954845 1.4467005076142132 12.934611020778968 13
stats: session 27 87966.93677662041 22823.592601159202 106769.68310546875 17.048095703125 2928.043433438265 4698
stats: users_count 3278 39750
stats: finish_users_count 27 4725
stats: request 4313 7831.407498213526 12489.813501968829 100963.83618164063 1.093017578125 3059.5791841533674 78042
stats: page 26 85893.26932466947 26716.41099204902 106768.31787109375 15.548095703125 2910.5935743517853 4698
stats: connect 6028 6117.9666427278125 9997.853240264772 31140.619140625 0.326904296875 1521.8838405607064 84011
stats: 200 3468 75006
stats: size_rcv 459396 10525178
stats: newphase 6 70
stats: size_sent 799812 11951477
stats: connected 1715 7684
stats: error_connect_etimedout 2289 8380
# stats: dump at 1338980033
stats: users 38898 38898
stats: {load,"os_mon@test2"} 1 0.96875 0.0 1.3984375 0.73828125 1.0128348214285714 14
stats: {recvpackets,"os_mon@test3"} 1 14868.0 0.0 14868 3344 11103.076923076924 13
stats: {sentpackets,"os_mon@test3"} 1 11437.0 0.0 11437 2313 7979.461538461538 13
stats: {freemem,"os_mon@test2"} 1 939.9296875 0.0 1437.0546875 939.9296875 1269.498046875 14
stats: {cpu,"os_mon@test3"} 1 27.17920952896589 0.0 44.421487603305785 2.7522935779816518 23.477559418276847 14
stats: {load,"os_mon@test4"} 1 0.609375 0.0 1.94921875 0.55078125 1.0415736607142858 14
stats: {freemem,"os_mon@test4"} 1 867.55859375 0.0 1412.8515625 867.55859375 1236.2098214285713 14
stats: {freemem,"os_mon@myserver"} 1 2306.55078125 0.0 2306.55078125 2203.32421875 2259.020089285714 14
stats: {recvpackets,"os_mon@test2"} 1 14853.0 0.0 14853 3364 11099.615384615385 13
stats: {sentpackets,"os_mon@test2"} 1 11424.0 0.0 11424 2323 7977.076923076923 13
stats: {load,"os_mon@test3"} 1 0.7109375 0.0 1.66015625 0.7109375 1.0742187499999998 14
stats: {cpu,"os_mon@test2"} 1 34.05056481979559 0.0 41.04401228249744 2.330293819655522 23.165663199149435 14
stats: {freemem,"os_mon@test3"} 1 858.71875 0.0 1422.42578125 858.71875 1232.443080357143 14
stats: {recvpackets,"os_mon@test4"} 1 15337.0 0.0 15337 3408 11146.23076923077 13
stats: {sentpackets,"os_mon@test4"} 1 11565.0 0.0 11565 2352 8028.2307692307695 13
stats: {cpu,"os_mon@test4"} 1 32.07952713594842 0.0 39.46419371458011 2.6222894604135147 20.464739480725058 14
stats: {load,"os_mon@myserver"} 1 1.12109375 0.0 4.51171875 1.12109375 2.3660714285714284 14
stats: {recvpackets,"os_mon@myserver"} 1 15359.0 0.0 15359 3428 11149.923076923076 13
stats: {sentpackets,"os_mon@myserver"} 1 11571.0 0.0 11571 2370 8030.923076923077 13
stats: {cpu,"os_mon@myserver"} 1 7.87001777100787 0.0 42.28817858954845 1.4467005076142132 12.31512423662461 14
stats: session 30 89662.06970214844 29217.71310258108 120045.12109375 17.048095703125 3413.979966827877 4725
stats: users_count 3903 43653
stats: finish_users_count 30 4755
stats: 200 1087 76093
stats: request 3805 18578.480570897682 16590.884270128685 112425.65283203125 1.093017578125 3309.4838106914212 82355
stats: connect 2201 5293.217034693035 8651.260506289973 32644.947998046875 0.326904296875 1829.585915566685 90039
stats: page 31 86624.45911825857 31351.423246369366 120043.47998046875 15.548095703125 3367.314482376396 4724
stats: size_rcv 152492 10677670
stats: newphase 5 75
stats: size_sent 292123 12243600
stats: connected -1604 6080
stats: error_connect_etimedout 3305 11685
# stats: dump at 1338980043
stats: users 42342 42342
stats: {load,"os_mon@test2"} 1 0.8203125 0.0 1.3984375 0.73828125 1.0098958333333334 15
stats: {recvpackets,"os_mon@test3"} 1 17833.0 0.0 17833 3344 11372.0 14
stats: {sentpackets,"os_mon@test3"} 1 12821.0 0.0 12821 2313 8226.42857142857 14
stats: {freemem,"os_mon@test2"} 1 927.1796875 0.0 1437.0546875 927.1796875 1247.5268229166666 15
stats: {cpu,"os_mon@test3"} 1 26.822633297062026 0.0 44.421487603305785 2.7522935779816518 23.724336092322783 15
stats: {load,"os_mon@test4"} 1 0.6015625 0.0 1.94921875 0.55078125 1.0127604166666668 15
stats: {freemem,"os_mon@test4"} 1 786.25390625 0.0 1412.8515625 786.25390625 1211.6330729166666 15
stats: {freemem,"os_mon@myserver"} 1 2305.54296875 0.0 2306.55078125 2203.32421875 2262.1888020833335 15
stats: {recvpackets,"os_mon@test2"} 1 17845.0 0.0 17845 3364 11367.714285714286 14
stats: {sentpackets,"os_mon@test2"} 1 12829.0 0.0 12829 2323 8223.285714285714 14
stats: {load,"os_mon@test3"} 1 0.921875 0.0 1.66015625 0.7109375 1.0499999999999998 15
stats: {cpu,"os_mon@test2"} 1 14.003206841261356 0.0 41.04401228249744 2.330293819655522 23.89132330719251 15
stats: {freemem,"os_mon@test3"} 1 807.390625 0.0 1422.42578125 807.390625 1207.528125 15
stats: {recvpackets,"os_mon@test4"} 1 17923.0 0.0 17923 3408 11445.57142857143 14
stats: {sentpackets,"os_mon@test4"} 1 12820.0 0.0 12820 2352 8280.857142857143 14
stats: {cpu,"os_mon@test4"} 1 35.46694648478489 0.0 39.46419371458011 2.6222894604135147 21.23905865773995 15
stats: {load,"os_mon@myserver"} 1 1.03125 0.0 4.51171875 1.03125 2.283072916666667 15
stats: {recvpackets,"os_mon@myserver"} 1 17956.0 0.0 17956 3428 11450.57142857143 14
stats: {sentpackets,"os_mon@myserver"} 1 12852.0 0.0 12852 2370 8283.785714285714 14
stats: {cpu,"os_mon@myserver"} 1 3.444756315386578 0.0 42.28817858954845 1.4467005076142132 12.018783805583494 15
stats: session 14 106183.94928850446 13546.559876599224 122042.40698242188 17.048095703125 3958.1319525396784 4755
stats: users_count 3458 47111
stats: finish_users_count 14 4769
stats: request 2658 20209.55305052698 31244.99518103607 121597.11596679688 1.093017578125 3983.7936142265285 86160
stats: page 14 100960.33585030692 24240.518577434887 122039.22412109375 15.548095703125 3910.10554099098 4755
stats: connect 2839 5951.955045532779 7826.603221300335 32644.947998046875 0.326904296875 1912.2339217808774 92240
stats: 200 1773 77866
stats: size_rcv 254876 10932546
stats: newphase 5 80
stats: size_sent 377045 12620645
stats: connected 181 6261
stats: error_connect_etimedout 2861 14546
# stats: dump at 1338980053
stats: users 46732 46732
stats: {load,"os_mon@test2"} 1 0.8515625 0.0 1.3984375 0.73828125 0.9980468750000001 16
stats: {recvpackets,"os_mon@test3"} 1 16720.0 0.0 17833 3344 11802.733333333334 15
stats: {sentpackets,"os_mon@test3"} 1 12520.0 0.0 12821 2313 8532.733333333332 15
stats: {freemem,"os_mon@test2"} 1 879.17578125 0.0 1437.0546875 879.17578125 1227.505126953125 16
stats: {cpu,"os_mon@test3"} 1 32.522960561858454 0.0 44.421487603305785 2.7522935779816518 23.917979667618987 16
stats: {load,"os_mon@test4"} 1 0.5 0.0 1.94921875 0.5 0.9870605468750001 16
stats: {freemem,"os_mon@test4"} 1 719.66796875 0.0 1412.8515625 719.66796875 1185.046875 16
stats: {freemem,"os_mon@myserver"} 1 2304.87890625 0.0 2306.55078125 2203.32421875 2264.8984375 16
stats: {recvpackets,"os_mon@test2"} 1 16735.0 0.0 17845 3364 11799.533333333333 15
stats: {sentpackets,"os_mon@test2"} 1 12533.0 0.0 12829 2323 8530.333333333334 15
stats: {load,"os_mon@test3"} 1 0.859375 0.0 1.66015625 0.7109375 1.0419921874999998 16
stats: {cpu,"os_mon@test2"} 1 25.79787234042553 0.0 41.04401228249744 2.330293819655522 23.273316028071815 16
stats: {freemem,"os_mon@test3"} 1 727.25 0.0 1422.42578125 727.25 1182.51953125 16
stats: {recvpackets,"os_mon@test4"} 1 16320.0 0.0 17923 3408 11877.4 15
stats: {sentpackets,"os_mon@test4"} 1 12510.0 0.0 12820 2352 8583.466666666667 15
stats: {cpu,"os_mon@test4"} 1 25.145272054939248 0.0 39.46419371458011 2.6222894604135147 22.128301646930257 16
stats: {load,"os_mon@myserver"} 1 0.87109375 0.0 4.51171875 0.87109375 2.204833984375 16
stats: {recvpackets,"os_mon@myserver"} 1 16178.0 0.0 17956 3428 11884.266666666666 15
stats: {sentpackets,"os_mon@myserver"} 1 12412.0 0.0 12852 2370 8588.333333333334 15
stats: {cpu,"os_mon@myserver"} 1 5.171974522292993 0.0 42.28817858954845 1.4467005076142132 11.482907087446186 16
stats: session 13 93898.40448467548 22776.79491150238 125855.00805664063 17.048095703125 4258.2287113368075 4769
stats: users_count 4403 51514
stats: finish_users_count 13 4782
stats: request 2657 6364.601313948844 10800.56330359801 121597.11596679688 1.093017578125 4469.371634241465 88818
stats: page 13 93896.37590144231 22776.87176685668 125853.38208007813 15.548095703125 4195.008712375006 4769
stats: connect 6386 5878.791076029356 9364.677419903259 34217.68408203125 0.326904296875 2032.857490290555 95079
stats: 200 2519 80385
stats: size_rcv 352698 11285244
stats: newphase 6 86
stats: size_sent 847470 13468115
stats: connected 3729 9990
stats: error_connect_etimedout 4300 18846
# stats: dump at 1338980063
stats: users 49158 49158
stats: {load,"os_mon@test2"} 1 0.7890625 0.0 1.3984375 0.73828125 0.9894301470588235 17
stats: {recvpackets,"os_mon@test3"} 1 16876.0 0.0 17833 3344 12110.0625 16
stats: {sentpackets,"os_mon@test3"} 1 13139.0 0.0 13139 2313 8781.937499999998 16
stats: {freemem,"os_mon@test2"} 1 810.26953125 0.0 1437.0546875 810.26953125 1207.0151654411766 17
stats: {cpu,"os_mon@test3"} 1 23.62204724409449 0.0 44.421487603305785 2.7522935779816518 24.424155014338954 17
stats: {load,"os_mon@test4"} 1 0.51171875 0.0 1.94921875 0.5 0.9584099264705882 17
stats: {freemem,"os_mon@test4"} 1 662.8203125 0.0 1412.8515625 662.8203125 1157.6716452205883 17
stats: {freemem,"os_mon@myserver"} 1 2305.49609375 0.0 2306.55078125 2203.32421875 2267.2502297794117 17
stats: {recvpackets,"os_mon@test2"} 1 16667.0 0.0 17845 3364 12108.0 16
stats: {sentpackets,"os_mon@test2"} 1 12982.0 0.0 12982 2323 8780.5 16
stats: {load,"os_mon@test3"} 1 0.80078125 0.0 1.66015625 0.7109375 1.0312499999999998 17
stats: {cpu,"os_mon@test2"} 1 34.71252015045675 0.0 41.04401228249744 2.330293819655522 23.42181934056321 17
stats: {freemem,"os_mon@test3"} 1 670.64453125 0.0 1422.42578125 670.64453125 1155.7389705882354 17
stats: {recvpackets,"os_mon@test4"} 1 16183.0 0.0 17923 3408 12155.0625 16
stats: {sentpackets,"os_mon@test4"} 1 12424.0 0.0 12820 2352 8828.875 16
stats: {cpu,"os_mon@test4"} 1 26.872012745618694 0.0 39.46419371458011 2.6222894604135147 22.305770494460198 17
stats: {load,"os_mon@myserver"} 1 0.80859375 0.0 4.51171875 0.80859375 2.1263786764705883 17
stats: {recvpackets,"os_mon@myserver"} 1 16273.0 0.0 17956 3428 12152.625 16
stats: {sentpackets,"os_mon@myserver"} 1 12491.0 0.0 12852 2370 8827.3125 16
stats: {cpu,"os_mon@myserver"} 1 6.054439074026965 0.0 42.28817858954845 1.4467005076142132 11.111675760084234 17
stats: session 11 117421.95183771307 27652.30520057102 144045.55200195313 17.048095703125 4501.918022305733 4782
stats: users_count 2437 53951
stats: finish_users_count 11 4793
stats: request 1790 11887.814611748212 17562.120552846194 125776.30102539063 1.093017578125 4524.420830841437 91475
stats: page 11 117420.2481134588 27652.36539384424 144044.13891601563 15.548095703125 4438.864373909485 4782
stats: connect 2829 8617.26513870364 11014.145565368859 34217.68408203125 0.326904296875 2274.91270024993 101465
stats: 200 1635 82020
stats: size_rcv 208338 11493582
stats: newphase 4 90
stats: size_sent 375487 13843602
stats: connected 1039 11029
stats: error_connect_etimedout 4402 23248
# stats: dump at 1338980073
stats: users 51819 51819
stats: {load,"os_mon@test2"} 1 0.75 0.0 1.3984375 0.73828125 0.9782986111111112 18
stats: {recvpackets,"os_mon@test3"} 1 15496.0 0.0 17833 3344 12390.411764705883 17
stats: {sentpackets,"os_mon@test3"} 1 12107.0 0.0 13139 2313 9038.235294117645 17
stats: {freemem,"os_mon@test2"} 1 761.65234375 0.0 1437.0546875 761.65234375 1184.9737413194443 18
stats: {cpu,"os_mon@test3"} 1 29.028757460661964 0.0 44.421487603305785 2.7522935779816518 24.379593471547594 18
stats: {load,"os_mon@test4"} 1 0.5 0.0 1.94921875 0.5 0.93359375 18
stats: {freemem,"os_mon@test4"} 1 610.4453125 0.0 1412.8515625 610.4453125 1130.179904513889 18
stats: {freemem,"os_mon@myserver"} 1 2306.6015625 0.0 2306.6015625 2203.32421875 2269.375 18
stats: {recvpackets,"os_mon@test2"} 1 15615.0 0.0 17845 3364 12376.176470588236 17
stats: {sentpackets,"os_mon@test2"} 1 12188.0 0.0 12982 2323 9027.64705882353 17
stats: {load,"os_mon@test3"} 1 0.75 0.0 1.66015625 0.7109375 1.0184461805555554 18
stats: {cpu,"os_mon@test2"} 1 27.073301230604603 0.0 41.04401228249744 2.330293819655522 24.049080496668406 18
stats: {freemem,"os_mon@test3"} 1 598.87890625 0.0 1422.42578125 598.87890625 1128.789279513889 18
stats: {recvpackets,"os_mon@test4"} 1 15513.0 0.0 17923 3408 12392.0 17
stats: {sentpackets,"os_mon@test4"} 1 12123.0 0.0 12820 2352 9040.35294117647 17
stats: {cpu,"os_mon@test4"} 1 23.224773091297386 0.0 39.46419371458011 2.6222894604135147 22.559450619524558 18
stats: {load,"os_mon@myserver"} 1 0.76953125 0.0 4.51171875 0.76953125 2.0531684027777777 18
stats: {recvpackets,"os_mon@myserver"} 1 15464.0 0.0 17956 3428 12395.0 17
stats: {sentpackets,"os_mon@myserver"} 1 12102.0 0.0 12852 2370 9042.823529411764 17
stats: {cpu,"os_mon@myserver"} 1 5.119714722363729 0.0 42.28817858954845 1.4467005076142132 10.830718166414385 18
stats: session 16 131087.25718688965 29199.454076904818 159939.77294921875 17.048095703125 4761.071031270782 4793
stats: users_count 2677 56628
stats: finish_users_count 16 4809
stats: request 3782 11210.559262070454 19531.075440943525 152172.27490234375 1.093017578125 4665.743672934646 93265
stats: page 16 131085.25360107422 29199.31476825197 159938.212890625 15.548095703125 4698.1581817824335 4793
stats: connect 5668 6333.120763333155 8883.399875702702 34217.68408203125 0.326904296875 2446.9505456522115 104294
stats: 200 3487 85507
stats: size_rcv 469020 11962602
stats: newphase 4 94
stats: size_sent 752324 14595926
stats: connected 1886 12915
stats: error_connect_etimedout 3066 26314
# stats: dump at 1338980083
stats: users 55409 55409
stats: {load,"os_mon@test2"} 1 0.62890625 0.0 1.3984375 0.62890625 0.9662828947368421 19
stats: {recvpackets,"os_mon@test3"} 1 14370.0 0.0 17833 3344 12562.944444444445 18
stats: {sentpackets,"os_mon@test3"} 1 11595.0 0.0 13139 2313 9208.72222222222 18
stats: {freemem,"os_mon@test2"} 1 719.390625 0.0 1437.0546875 719.390625 1162.693667763158 19
stats: {cpu,"os_mon@test3"} 1 31.491416309012877 0.0 44.421487603305785 2.7522935779816518 24.624286313079928 19
stats: {load,"os_mon@test4"} 1 0.73046875 0.0 1.94921875 0.5 0.9107730263157895 19
stats: {freemem,"os_mon@test4"} 1 553.18359375 0.0 1412.8515625 553.18359375 1102.8254523026317 19
stats: {freemem,"os_mon@myserver"} 1 2306.60546875 0.0 2306.60546875 2203.32421875 2271.334292763158 19
stats: {recvpackets,"os_mon@test2"} 1 13910.0 0.0 17845 3364 12556.111111111111 18
stats: {sentpackets,"os_mon@test2"} 1 11293.0 0.0 12982 2323 9203.222222222223 18
stats: {load,"os_mon@test3"} 1 0.7109375 0.0 1.66015625 0.7109375 1.004317434210526 19
stats: {cpu,"os_mon@test2"} 1 31.61290322580645 0.0 41.04401228249744 2.330293819655522 24.208250008980837 19
stats: {freemem,"os_mon@test3"} 1 527.33203125 0.0 1422.42578125 527.33203125 1100.899259868421 19
stats: {recvpackets,"os_mon@test4"} 1 15036.0 0.0 17923 3408 12565.388888888889 18
stats: {sentpackets,"os_mon@test4"} 1 12023.0 0.0 12820 2352 9211.611111111111 18
stats: {cpu,"os_mon@test4"} 1 28.413284132841326 0.0 39.46419371458011 2.6222894604135147 22.594467591723127 19
stats: {load,"os_mon@myserver"} 1 0.6484375 0.0 4.51171875 0.6484375 1.985608552631579 19
stats: {recvpackets,"os_mon@myserver"} 1 15283.0 0.0 17956 3428 12565.5 18
stats: {sentpackets,"os_mon@myserver"} 1 12170.0 0.0 12852 2370 9212.777777777777 18
stats: {cpu,"os_mon@myserver"} 1 8.797355708110857 0.0 42.28817858954845 1.4467005076142132 10.53013903778014 19
stats: session 38 121487.16135125411 42206.8595011244 169885.50805664063 17.048095703125 5181.370257407173 4809
stats: users_count 3628 60256
stats: finish_users_count 38 4847
stats: error_unknown 4 4
stats: request 4629 7818.581028369484 15442.458533724357 152172.27490234375 1.093017578125 4920.800424386125 97047
stats: page 34 126682.19753848805 36398.18983759079 169883.39086914063 15.548095703125 5118.66005882728 4809
stats: connect 8321 5288.060115601947 8374.290069653163 34217.68408203125 0.326904296875 2647.2634973429376 109962
stats: 200 4397 89904
stats: size_rcv 572426 12535028
stats: newphase 5 99
stats: size_sent 1104251 15700177
stats: connected 3692 16607
stats: error_connect_etimedout 3440 29754
stats: error_abort 1 1
EndMonitor:{1338,980083,856036}
