# stats: dump at 1338915661
stats: users 0 0
# stats: dump at 1338915671
stats: users 5 25
stats: {load,"os_mon@test2"} 1 0.71875 0 0.71875 0.71875 0 0
stats: {freemem,"os_mon@test2"} 1 1504.15625 0 1504.15625 1504.15625 0 0
stats: {cpu,"os_mon@test3"} 1 3.780241935483871 0 3.780241935483871 3.780241935483871 0 0
stats: {load,"os_mon@test4"} 1 0.71875 0 0.71875 0.71875 0 0
stats: {freemem,"os_mon@test4"} 1 1425.35546875 0 1425.35546875 1425.35546875 0 0
stats: {freemem,"os_mon@myserver"} 1 1110.46875 0 1110.46875 1110.46875 0 0
stats: {load,"os_mon@test3"} 1 1.12109375 0 1.12109375 1.12109375 0 0
stats: {cpu,"os_mon@test2"} 1 2.7094831911690918 0 2.7094831911690918 2.7094831911690918 0 0
stats: {freemem,"os_mon@test3"} 1 1475.484375 0 1475.484375 1475.484375 0 0
stats: {cpu,"os_mon@test4"} 1 2.0080321285140563 0 2.0080321285140563 2.0080321285140563 0 0
stats: {load,"os_mon@myserver"} 1 0.671875 0 0.671875 0.671875 0 0
stats: {cpu,"os_mon@myserver"} 1 3.826787512588117 0 3.826787512588117 3.826787512588117 0 0
stats: session 596 66.3409219012164 84.614315882721 1089.02197265625 22.77587890625 0 0
stats: users_count 601 601
stats: finish_users_count 596 596
stats: 200 5950 5950
stats: request 5950 6.304195320706387 23.020087534305954 1003.466064453125 1.489990234375 0 0
stats: connect 5950 1.4497235261292014 22.42553578105478 1001.652099609375 0.42822265625 0 0
stats: page 595 64.42234809939599 84.73100996316798 1087.73681640625 21.02197265625 0 0
stats: size_rcv 803518 803518
stats: size_sent 789290 789290
stats: connected 0 0
# stats: dump at 1338915681
stats: users 734 735
stats: {load,"os_mon@test2"} 1 0.6796875 0.0 0.71875 0.6796875 0.71875 1
stats: {recvpackets,"os_mon@test3"} 1 3601 0 3601 3601 0 0
stats: {sentpackets,"os_mon@test3"} 1 2567 0 2567 2567 0 0
stats: {freemem,"os_mon@test2"} 1 1502.96875 0.0 1504.15625 1502.96875 1504.15625 1
stats: {cpu,"os_mon@test3"} 1 22.57405515832482 0.0 22.57405515832482 3.780241935483871 3.780241935483871 1
stats: {load,"os_mon@test4"} 1 0.609375 0.0 0.71875 0.609375 0.71875 1
stats: {freemem,"os_mon@test4"} 1 1424.796875 0.0 1425.35546875 1424.796875 1425.35546875 1
stats: {freemem,"os_mon@myserver"} 1 1112.26953125 0.0 1112.26953125 1110.46875 1110.46875 1
stats: {recvpackets,"os_mon@test2"} 1 3612 0 3612 3612 0 0
stats: {sentpackets,"os_mon@test2"} 1 2575 0 2575 2575 0 0
stats: {load,"os_mon@test3"} 1 0.94921875 0.0 1.12109375 0.94921875 1.12109375 1
stats: {cpu,"os_mon@test2"} 1 15.42313470205308 0.0 15.42313470205308 2.7094831911690918 2.7094831911690918 1
stats: {freemem,"os_mon@test3"} 1 1475.2890625 0.0 1475.484375 1475.2890625 1475.484375 1
stats: {recvpackets,"os_mon@test4"} 1 3598 0 3598 3598 0 0
stats: {sentpackets,"os_mon@test4"} 1 2566 0 2566 2566 0 0
stats: {cpu,"os_mon@test4"} 1 13.025848960973137 0.0 13.025848960973137 2.0080321285140563 2.0080321285140563 1
stats: {load,"os_mon@myserver"} 1 0.6484375 0.0 0.671875 0.6484375 0.671875 1
stats: {recvpackets,"os_mon@myserver"} 1 3719 0 3719 3719 0 0
stats: {sentpackets,"os_mon@myserver"} 1 2661 0 2661 2661 0 0
stats: {cpu,"os_mon@myserver"} 1 19.526774595267746 0.0 19.526774595267746 3.826787512588117 3.826787512588117 1
stats: session 833 1293.4455299698009 1078.402620142661 3962.739013671875 22.77587890625 66.3409219012164 596
stats: users_count 1562 2163
stats: finish_users_count 833 1429
stats: 200 10895 16845
stats: request 10895 204.14934970528373 180.13186126197974 1563.56103515625 1.489990234375 6.304195320706387 5950
stats: page 823 1256.572362331978 1045.7179965632777 3960.82080078125 21.02197265625 64.42234809939599 595
stats: connect 11607 2.171071799008675 34.770062466748385 1006.27099609375 0.41796875 1.4497235261292014 5950
stats: size_rcv 1425650 2229168
stats: newphase 6 6
stats: size_sent 1540685 2329975
stats: connected 712 712
# stats: dump at 1338915691
stats: users 2274 2274
stats: {load,"os_mon@test2"} 1 0.578125 0.0 0.71875 0.578125 0.69921875 2
stats: {recvpackets,"os_mon@test3"} 1 6557.0 0.0 6557 3601 3601.0 1
stats: {sentpackets,"os_mon@test3"} 1 4754.0 0.0 4754 2567 2567.0 1
stats: {freemem,"os_mon@test2"} 1 1493.64453125 0.0 1504.15625 1493.64453125 1503.5625 2
stats: {cpu,"os_mon@test3"} 1 33.0082135523614 0.0 33.0082135523614 3.780241935483871 13.177148546904347 2
stats: {load,"os_mon@test4"} 1 0.671875 0.0 0.71875 0.609375 0.6640625 2
stats: {freemem,"os_mon@test4"} 1 1413.82421875 0.0 1425.35546875 1413.82421875 1425.076171875 2
stats: {freemem,"os_mon@myserver"} 1 1110.91796875 0.0 1112.26953125 1110.46875 1111.369140625 2
stats: {recvpackets,"os_mon@test2"} 1 6557.0 0.0 6557 3612 3612.0 1
stats: {sentpackets,"os_mon@test2"} 1 4756.0 0.0 4756 2575 2575.0 1
stats: {load,"os_mon@test3"} 1 0.94921875 0.0 1.12109375 0.94921875 1.03515625 2
stats: {cpu,"os_mon@test2"} 1 29.832572298325722 0.0 29.832572298325722 2.7094831911690918 9.066308946611086 2
stats: {freemem,"os_mon@test3"} 1 1464.73046875 0.0 1475.484375 1464.73046875 1475.38671875 2
stats: {recvpackets,"os_mon@test4"} 1 6559.0 0.0 6559 3598 3598.0 1
stats: {sentpackets,"os_mon@test4"} 1 4756.0 0.0 4756 2566 2566.0 1
stats: {cpu,"os_mon@test4"} 1 25.0253807106599 0.0 25.0253807106599 2.0080321285140563 7.516940544743597 2
stats: {load,"os_mon@myserver"} 1 0.78125 0.0 0.78125 0.6484375 0.66015625 2
stats: {recvpackets,"os_mon@myserver"} 1 6599.0 0.0 6599 3719 3719.0 1
stats: {sentpackets,"os_mon@myserver"} 1 4789.0 0.0 4789 2661 2661.0 1
stats: {cpu,"os_mon@myserver"} 1 25.50688360450563 0.0 25.50688360450563 3.826787512588117 11.67678105392793 2
stats: session 651 6915.145790955626 1784.4157971043826 10849.817138671875 22.77587890625 781.651025834828 1429
stats: users_count 2191 4354
stats: finish_users_count 651 2080
stats: request 11252 1074.7552518007208 359.2059814947422 4249.9970703125 1.489990234375 134.26637739372333 16845
stats: page 658 6841.437246583511 1800.9213153320397 10847.7900390625 21.02197265625 756.340163130013 1418
stats: connect 12655 29.20411599293752 174.714064229658 3049.66796875 0.399169921875 1.9266096344228765 17557
stats: 200 11253 28098
stats: size_rcv 1464228 3693396
stats: newphase 6 12
stats: size_sent 1680885 4010860
stats: connected 1403 2115
# stats: dump at 1338915701
stats: users 3980 3990
stats: {load,"os_mon@test2"} 1 0.62890625 0.0 0.71875 0.578125 0.6588541666666666 3
stats: {recvpackets,"os_mon@test3"} 1 7967.0 0.0 7967 3601 5079.0 2
stats: {sentpackets,"os_mon@test3"} 1 5642.0 0.0 5642 2567 3660.5 2
stats: {freemem,"os_mon@test2"} 1 1484.07421875 0.0 1504.15625 1484.07421875 1500.2565104166667 3
stats: {cpu,"os_mon@test3"} 1 34.83904465212876 0.0 34.83904465212876 3.780241935483871 19.787503548723365 3
stats: {load,"os_mon@test4"} 1 0.5703125 0.0 0.71875 0.5703125 0.6666666666666666 3
stats: {freemem,"os_mon@test4"} 1 1392.515625 0.0 1425.35546875 1392.515625 1421.3255208333333 3
stats: {freemem,"os_mon@myserver"} 1 1107.3046875 0.0 1112.26953125 1107.3046875 1111.21875 3
stats: {recvpackets,"os_mon@test2"} 1 7992.0 0.0 7992 3612 5084.5 2
stats: {sentpackets,"os_mon@test2"} 1 5663.0 0.0 5663 2575 3665.5 2
stats: {load,"os_mon@test3"} 1 0.87890625 0.0 1.12109375 0.87890625 1.0065104166666667 3
stats: {cpu,"os_mon@test2"} 1 37.606352807714124 0.0 37.606352807714124 2.7094831911690918 15.988396730515964 3
stats: {freemem,"os_mon@test3"} 1 1437.5234375 0.0 1475.484375 1437.5234375 1471.8346354166667 3
stats: {recvpackets,"os_mon@test4"} 1 7971.0 0.0 7971 3598 5078.5 2
stats: {sentpackets,"os_mon@test4"} 1 5645.0 0.0 5645 2566 3661.0 2
stats: {cpu,"os_mon@test4"} 1 31.048805815160957 0.0 31.048805815160957 2.0080321285140563 13.353087266715697 3
stats: {load,"os_mon@myserver"} 1 0.890625 0.0 0.890625 0.6484375 0.7005208333333334 3
stats: {recvpackets,"os_mon@myserver"} 1 7943.0 0.0 7943 3719 5159.0 2
stats: {sentpackets,"os_mon@myserver"} 1 5622.0 0.0 5622 2661 3725.0 2
stats: {cpu,"os_mon@myserver"} 1 25.525 0.0 25.525 3.826787512588117 16.286815237453833 3
stats: session 523 13879.71695092167 2179.9533114547507 19450.56591796875 22.77587890625 2701.3169354952315 2080
stats: users_count 2229 6583
stats: finish_users_count 523 2603
stats: 200 10834 38932
stats: request 10835 2337.7680666766423 810.761857256656 9303.56005859375 1.489990234375 510.9037698138228 28097
stats: page 516 13769.20389858512 2144.8498567870743 19173.926025390625 21.02197265625 2685.0462714693203 2076
stats: connect 10918 473.8184019956287 960.2610232655758 7038.071044921875 0.360107421875 13.352428612544246 30212
stats: size_rcv 1418824 5112220
stats: newphase 6 18
stats: size_sent 1448826 5459686
stats: connected 83 2198
# stats: dump at 1338915711
stats: users 6043 6043
stats: {load,"os_mon@test2"} 1 0.609375 0.0 0.71875 0.578125 0.6513671875 4
stats: {recvpackets,"os_mon@test3"} 1 7999.0 0.0 7999 3601 6041.666666666667 3
stats: {sentpackets,"os_mon@test3"} 1 5744.0 0.0 5744 2567 4321.0 3
stats: {freemem,"os_mon@test2"} 1 1477.8984375 0.0 1504.15625 1477.8984375 1496.2109375 4
stats: {cpu,"os_mon@test3"} 1 37.93650793650794 0.0 37.93650793650794 3.780241935483871 23.550388824574714 4
stats: {load,"os_mon@test4"} 1 0.55859375 0.0 0.71875 0.55859375 0.642578125 4
stats: {freemem,"os_mon@test4"} 1 1341.53515625 0.0 1425.35546875 1341.53515625 1414.123046875 4
stats: {freemem,"os_mon@myserver"} 1 1107.6015625 0.0 1112.26953125 1107.3046875 1110.240234375 4
stats: {recvpackets,"os_mon@test2"} 1 8110.0 0.0 8110 3612 6053.666666666667 3
stats: {sentpackets,"os_mon@test2"} 1 5850.0 0.0 5850 2575 4331.333333333333 3
stats: {load,"os_mon@test3"} 1 0.96875 0.0 1.12109375 0.87890625 0.974609375 4
stats: {cpu,"os_mon@test2"} 1 23.949115044247787 0.0 37.606352807714124 2.7094831911690918 21.392885749815505 4
stats: {freemem,"os_mon@test3"} 1 1399.12890625 0.0 1475.484375 1399.12890625 1463.2568359375 4
stats: {recvpackets,"os_mon@test4"} 1 7973.0 0.0 7973 3598 6042.666666666667 3
stats: {sentpackets,"os_mon@test4"} 1 5724.0 0.0 5724 2566 4322.333333333333 3
stats: {cpu,"os_mon@test4"} 1 38.29015544041451 0.0 38.29015544041451 2.0080321285140563 17.77701690382701 4
stats: {load,"os_mon@myserver"} 1 0.91015625 0.0 0.91015625 0.6484375 0.748046875 4
stats: {recvpackets,"os_mon@myserver"} 1 7950.0 0.0 7950 3719 6087.0 3
stats: {sentpackets,"os_mon@myserver"} 1 5735.0 0.0 5735 2661 4357.333333333333 3
stats: {cpu,"os_mon@myserver"} 1 25.388861013547416 0.0 25.525 3.826787512588117 18.596361428090376 4
stats: session 490 20920.483962452145 2270.3388498902286 27581.488037109375 22.77587890625 4947.303569405346 2603
stats: users_count 2553 9136
stats: finish_users_count 490 3093
stats: 200 10948 49880
stats: request 10948 3474.43249721339 1893.3283473191352 10053.62890625 1.489990234375 1019.3306334866022 38932
stats: page 497 20818.87662940533 2284.6583182459417 27579.4189453125 21.02197265625 4891.614687978484 2592
stats: connect 11313 1387.7984481348901 2018.208415045022 7149.235107421875 0.360107421875 135.58358585534793 41130
stats: size_rcv 1452088 6564308
stats: newphase 6 24
stats: size_sent 1500955 6960641
stats: connected 365 2563
# stats: dump at 1338915721
stats: users 7803 7803
stats: {load,"os_mon@test2"} 1 0.75 0.0 0.75 0.578125 0.64296875 5
stats: {recvpackets,"os_mon@test3"} 1 10301.0 0.0 10301 3601 6531.0 4
stats: {sentpackets,"os_mon@test3"} 1 7302.0 0.0 7302 2567 4676.75 4
stats: {freemem,"os_mon@test2"} 1 1469.05859375 0.0 1504.15625 1469.05859375 1492.5484375 5
stats: {cpu,"os_mon@test3"} 1 38.924731182795696 0.0 38.924731182795696 3.780241935483871 26.427612646961357 5
stats: {load,"os_mon@test4"} 1 0.55859375 0.0 0.71875 0.55859375 0.62578125 5
stats: {freemem,"os_mon@test4"} 1 1317.4609375 0.0 1425.35546875 1317.4609375 1399.60546875 5
stats: {freemem,"os_mon@myserver"} 1 1107.234375 0.0 1112.26953125 1107.234375 1109.7125 5
stats: {recvpackets,"os_mon@test2"} 1 10422.0 0.0 10422 3612 6567.75 4
stats: {sentpackets,"os_mon@test2"} 1 7386.0 0.0 7386 2575 4711.0 4
stats: {load,"os_mon@test3"} 1 0.8984375 0.0 1.12109375 0.87890625 0.9734375 5
stats: {cpu,"os_mon@test2"} 1 37.41457858769932 0.0 37.606352807714124 2.7094831911690918 21.904131608701963 5
stats: {freemem,"os_mon@test3"} 1 1363.6015625 0.0 1475.484375 1363.6015625 1450.43125 5
stats: {recvpackets,"os_mon@test4"} 1 10277.0 0.0 10277 3598 6525.25 4
stats: {sentpackets,"os_mon@test4"} 1 7286.0 0.0 7286 2566 4672.75 4
stats: {cpu,"os_mon@test4"} 1 38.445378151260506 0.0 38.445378151260506 2.0080321285140563 21.87964461114451 5
stats: {load,"os_mon@myserver"} 1 1.0 0.0 1.0 0.6484375 0.78046875 5
stats: {recvpackets,"os_mon@myserver"} 1 10307.0 0.0 10307 3719 6552.75 4
stats: {sentpackets,"os_mon@myserver"} 1 7276.0 0.0 7276 2661 4701.75 4
stats: {cpu,"os_mon@myserver"} 1 25.432222500626413 0.0 25.525 3.826787512588117 19.954861345181783 5
stats: session 450 28453.44800509983 3004.0524760024464 36145.361083984375 22.77587890625 7477.810647514925 3093
stats: users_count 2210 11346
stats: finish_users_count 450 3543
stats: request 11059 4873.787090323253 2887.0343111880343 18811.3701171875 1.489990234375 1558.1930072652885 49880
stats: page 448 28374.911098480225 3014.236933795361 36143.38916015625 21.02197265625 7454.207496294814 3089
stats: connect 11026 2888.4043166037573 2912.373941704647 15069.445068359375 0.360107421875 405.7112813908524 52443
stats: 200 11059 60939
stats: size_rcv 1460066 8024374
stats: newphase 6 30
stats: size_sent 1463206 8423847
stats: connected -33 2530
# stats: dump at 1338915731
stats: users 10735 10735
stats: {load,"os_mon@test2"} 1 0.71875 0.0 0.75 0.578125 0.6608072916666666 6
stats: {recvpackets,"os_mon@test3"} 1 10211.0 0.0 10301 3601 7285.0 5
stats: {sentpackets,"os_mon@test3"} 1 7520.0 0.0 7520 2567 5201.8 5
stats: {freemem,"os_mon@test2"} 1 1441.03125 0.0 1504.15625 1441.03125 1488.6334635416667 6
stats: {cpu,"os_mon@test3"} 1 45.797413793103445 0.0 45.797413793103445 3.780241935483871 28.510465736267083 6
stats: {load,"os_mon@test4"} 1 0.62890625 0.0 0.71875 0.55859375 0.6145833333333334 6
stats: {freemem,"os_mon@test4"} 1 1257.0234375 0.0 1425.35546875 1257.0234375 1385.9147135416667 6
stats: {freemem,"os_mon@myserver"} 1 1106.578125 0.0 1112.26953125 1106.578125 1109.2994791666667 6
stats: {recvpackets,"os_mon@test2"} 1 11193.0 0.0 11193 3612 7338.6 5
stats: {sentpackets,"os_mon@test2"} 1 8161.0 0.0 8161 2575 5246.0 5
stats: {load,"os_mon@test3"} 1 1.140625 0.0 1.140625 0.87890625 0.9609375 6
stats: {cpu,"os_mon@test2"} 1 29.91021324354658 0.0 37.606352807714124 2.7094831911690918 24.48920610520152 6
stats: {freemem,"os_mon@test3"} 1 1293.2421875 0.0 1475.484375 1293.2421875 1435.9596354166667 6
stats: {recvpackets,"os_mon@test4"} 1 10202.0 0.0 10277 3598 7275.6 5
stats: {sentpackets,"os_mon@test4"} 1 7511.0 0.0 7511 2566 5195.4 5
stats: {cpu,"os_mon@test4"} 1 40.40728831725616 0.0 40.40728831725616 2.0080321285140563 24.640600201163846 6
stats: {load,"os_mon@myserver"} 1 1.0 0.0 1.0 0.6484375 0.8170572916666666 6
stats: {recvpackets,"os_mon@myserver"} 1 1.06e4 0.0 10600 3719 7303.6 5
stats: {sentpackets,"os_mon@myserver"} 1 7773.0 0.0 7773 2661 5216.6 5
stats: {cpu,"os_mon@myserver"} 1 25.56334501752629 0.0 25.56334501752629 3.826787512588117 20.867754871089222 6
stats: session 424 36223.62113348047 3541.367804407468 46567.06787109375 22.77587890625 10141.947483787351 3543
stats: users_count 3356 14702
stats: finish_users_count 424 3967
stats: 200 10673 71612
stats: request 10687 6191.577412841325 3923.9206747329686 18985.2080078125 1.489990234375 2159.8956109269507 60939
stats: page 426 36123.14200789048 3566.437863479507 46565.84814453125 21.02197265625 10104.044989588301 3537
stats: connect 10486 4245.533708961261 3929.3291899570436 15109.429931640625 0.360107421875 837.011182228387 63469
stats: size_rcv 1406044 9430418
stats: newphase 5 35
stats: size_sent 1391314 9815161
stats: connected -201 2329
# stats: dump at 1338915741
stats: users 13735 13735
stats: {load,"os_mon@test2"} 1 0.6796875 0.0 0.75 0.578125 0.6690848214285714 7
stats: {recvpackets,"os_mon@test3"} 1 12744.0 0.0 12744 3601 7772.666666666667 6
stats: {sentpackets,"os_mon@test3"} 1 9153.0 0.0 9153 2567 5588.166666666667 6
stats: {freemem,"os_mon@test2"} 1 1401.4609375 0.0 1504.15625 1401.4609375 1481.8331473214287 7
stats: {cpu,"os_mon@test3"} 1 47.1169686985173 0.0 47.1169686985173 3.780241935483871 30.980029744386563 7
stats: {load,"os_mon@test4"} 1 0.53125 0.0 0.71875 0.53125 0.6166294642857143 7
stats: {freemem,"os_mon@test4"} 1 1222.91015625 0.0 1425.35546875 1222.91015625 1367.501674107143 7
stats: {freemem,"os_mon@myserver"} 1 1106.43359375 0.0 1112.26953125 1106.43359375 1108.9107142857142 7
stats: {recvpackets,"os_mon@test2"} 1 12943.0 0.0 12943 3612 7981.0 6
stats: {sentpackets,"os_mon@test2"} 1 9283.0 0.0 9283 2575 5731.833333333333 6
stats: {load,"os_mon@test3"} 1 1.0390625 0.0 1.140625 0.87890625 0.9866071428571429 7
stats: {cpu,"os_mon@test2"} 1 24.84008528784648 0.0 37.606352807714124 2.7094831911690918 25.263635696393674 7
stats: {freemem,"os_mon@test3"} 1 1213.1328125 0.0 1475.484375 1213.1328125 1415.5714285714287 7
stats: {recvpackets,"os_mon@test4"} 1 12743.0 0.0 12743 3598 7763.333333333333 6
stats: {sentpackets,"os_mon@test4"} 1 9152.0 0.0 9152 2566 5581.333333333333 6
stats: {cpu,"os_mon@test4"} 1 32.65415549597856 0.0 40.40728831725616 2.0080321285140563 26.89298421774846 7
stats: {load,"os_mon@myserver"} 1 1.0 0.0 1.0 0.6484375 0.8431919642857143 7
stats: {recvpackets,"os_mon@myserver"} 1 12796.0 0.0 12796 3719 7853.0 6
stats: {sentpackets,"os_mon@myserver"} 1 9188.0 0.0 9188 2661 5642.666666666667 6
stats: {cpu,"os_mon@myserver"} 1 25.426278836509532 0.0 25.56334501752629 3.826787512588117 21.538553463437378 7
stats: session 353 43430.38942435376 4197.367242308476 52769.982177734375 22.77587890625 12929.60304906839 3967
stats: users_count 3353 18055
stats: finish_users_count 353 4320
stats: 200 10377 81989
stats: request 10378 6641.947406985674 4566.951138458353 23155.631103515625 1.489990234375 2761.4450959890637 71626
stats: page 349 43275.69750976562 4166.787904971727 52768.041015625 21.02197265625 12900.950195189293 3963
stats: connect 10795 4553.508755929937 4955.390448553631 31115.679931640625 0.360107421875 1320.3019295114768 73955
stats: size_rcv 1344230 10774648
stats: newphase 6 41
stats: size_sent 1433089 11248250
stats: connected 417 2746
# stats: dump at 1338915751
stats: users 15739 15739
stats: {load,"os_mon@test2"} 1 0.578125 0.0 0.75 0.578125 0.67041015625 8
stats: {recvpackets,"os_mon@test3"} 1 11377.0 0.0 12744 3601 8482.857142857143 7
stats: {sentpackets,"os_mon@test3"} 1 8204.0 0.0 9153 2567 6097.428571428572 7
stats: {freemem,"os_mon@test2"} 1 1376.8203125 0.0 1504.15625 1376.8203125 1471.78662109375 8
stats: {cpu,"os_mon@test3"} 1 42.673107890499196 0.0 47.1169686985173 3.780241935483871 32.9971471136529 8
stats: {load,"os_mon@test4"} 1 0.6015625 0.0 0.71875 0.53125 0.60595703125 8
stats: {freemem,"os_mon@test4"} 1 1153.53515625 0.0 1425.35546875 1153.53515625 1349.427734375 8
stats: {freemem,"os_mon@myserver"} 1 1106.33203125 0.0 1112.26953125 1106.33203125 1108.60107421875 8
stats: {recvpackets,"os_mon@test2"} 1 10801.0 0.0 12943 3612 8689.857142857143 7
stats: {sentpackets,"os_mon@test2"} 1 7820.0 0.0 9283 2575 6239.142857142857 7
stats: {load,"os_mon@test3"} 1 0.9609375 0.0 1.140625 0.87890625 0.9931640625 8
stats: {cpu,"os_mon@test2"} 1 22.07112970711297 0.0 37.606352807714124 2.7094831911690918 25.210691895325276 8
stats: {freemem,"os_mon@test3"} 1 1142.26171875 0.0 1475.484375 1142.26171875 1390.2666015625 8
stats: {recvpackets,"os_mon@test4"} 1 11380.0 0.0 12743 3598 8474.714285714286 7
stats: {sentpackets,"os_mon@test4"} 1 8207.0 0.0 9152 2566 6091.428571428572 7
stats: {cpu,"os_mon@test4"} 1 41.80459156433529 0.0 41.80459156433529 2.0080321285140563 27.613130627527223 8
stats: {load,"os_mon@myserver"} 1 1.0 0.0 1.0 0.6484375 0.86279296875 8
stats: {recvpackets,"os_mon@myserver"} 1 11069.0 0.0 12796 3719 8559.142857142857 7
stats: {sentpackets,"os_mon@myserver"} 1 7994.0 0.0 9188 2661 6149.142857142857 7
stats: {cpu,"os_mon@myserver"} 1 25.46365914786967 0.0 25.56334501752629 3.826787512588117 22.024519135071397 8
stats: session 339 52003.64494175193 4809.972800990808 61233.968994140625 22.77587890625 15421.912676493328 4320
stats: users_count 2343 20398
stats: finish_users_count 339 4659
stats: request 10627 8377.765074896783 5614.2567064726245 33676.385986328125 1.489990234375 3252.5412984123946 82004
stats: page 337 51775.968642780994 4788.926331802351 61232.159912109375 21.02197265625 15359.388695371837 4312
stats: connect 10239 5410.138174032228 5348.838613493441 31225.64697265625 0.360107421875 1732.1304568411203 84750
stats: 200 10625 92614
stats: size_rcv 1417476 12192124
stats: newphase 4 45
stats: size_sent 1358541 12606791
stats: connected -388 2358
# stats: dump at 1338915761
stats: users 19513 19513
stats: {load,"os_mon@test2"} 1 0.48828125 0.0 0.75 0.48828125 0.66015625 9
stats: {recvpackets,"os_mon@test3"} 1 12056.0 0.0 12744 3601 8844.625 8
stats: {sentpackets,"os_mon@test3"} 1 8768.0 0.0 9153 2567 6360.75 8
stats: {freemem,"os_mon@test2"} 1 1319.453125 0.0 1504.15625 1319.453125 1461.2348090277778 9
stats: {cpu,"os_mon@test3"} 1 36.27982646420824 0.0 47.1169686985173 3.780241935483871 34.07225386663582 9
stats: {load,"os_mon@test4"} 1 0.91015625 0.0 0.91015625 0.53125 0.60546875 9
stats: {freemem,"os_mon@test4"} 1 1080.02734375 0.0 1425.35546875 1080.02734375 1327.661892361111 9
stats: {freemem,"os_mon@myserver"} 1 1106.48828125 0.0 1112.26953125 1106.33203125 1108.3489583333333 9
stats: {recvpackets,"os_mon@test2"} 1 11947.0 0.0 12943 3612 8953.75 8
stats: {sentpackets,"os_mon@test2"} 1 8796.0 0.0 9283 2575 6436.75 8
stats: {load,"os_mon@test3"} 1 0.9609375 0.0 1.140625 0.87890625 0.9895833333333334 9
stats: {cpu,"os_mon@test2"} 1 32.96296296296296 0.0 37.606352807714124 2.7094831911690918 24.861851652190573 9
stats: {freemem,"os_mon@test3"} 1 1097.4140625 0.0 1475.484375 1097.4140625 1362.7105034722222 9
stats: {recvpackets,"os_mon@test4"} 1 12056.0 0.0 12743 3598 8837.875 8
stats: {sentpackets,"os_mon@test4"} 1 8768.0 0.0 9152 2566 6355.875 8
stats: {cpu,"os_mon@test4"} 1 42.08289054197662 0.0 42.08289054197662 2.0080321285140563 29.1899596205059 9
stats: {load,"os_mon@myserver"} 1 1.0 0.0 1.0 0.6484375 0.8780381944444444 9
stats: {recvpackets,"os_mon@myserver"} 1 12153.0 0.0 12796 3719 8872.875 8
stats: {sentpackets,"os_mon@myserver"} 1 8970.0 0.0 9188 2661 6379.75 8
stats: {cpu,"os_mon@myserver"} 1 25.426278836509532 0.0 25.56334501752629 3.826787512588117 22.406645803160092 9
stats: session 300 57827.49319417318 6936.180053386417 74215.61889648438 22.77587890625 18083.68714267119 4659
stats: users_count 4074 24472
stats: finish_users_count 300 4959
stats: request 10495 7844.57497776098 6523.771055143417 37194.117919921875 1.489990234375 3840.5275349066524 92631
stats: page 304 57656.62016296387 6852.220900017612 74214.044921875 21.02197265625 17999.179498184676 4649
stats: connect 10962 5415.098767109856 6775.07497364682 31225.64697265625 0.360107421875 2128.588162642 94989
stats: 200 10483 103097
stats: size_rcv 1380170 13572294
stats: newphase 5 50
stats: size_sent 1454966 14061757
stats: connected 467 2825
# stats: dump at 1338915771
stats: users 21259 21259
stats: {load,"os_mon@test2"} 1 0.48828125 0.0 0.75 0.48828125 0.64296875 10
stats: {recvpackets,"os_mon@test3"} 1 15523.0 0.0 15523 3601 9201.444444444445 9
stats: {sentpackets,"os_mon@test3"} 1 11264.0 0.0 11264 2567 6628.222222222223 9
stats: {freemem,"os_mon@test2"} 1 1269.58203125 0.0 1504.15625 1269.58203125 1447.056640625 10
stats: {cpu,"os_mon@test3"} 1 47.99566630552546 0.0 47.99566630552546 3.780241935483871 34.29301112639306 10
stats: {load,"os_mon@test4"} 1 0.76953125 0.0 0.91015625 0.53125 0.6359375 10
stats: {freemem,"os_mon@test4"} 1 1015.2578125 0.0 1425.35546875 1015.2578125 1302.8984375 10
stats: {freemem,"os_mon@myserver"} 1 1106.41015625 0.0 1112.26953125 1106.33203125 1108.162890625 10
stats: {recvpackets,"os_mon@test2"} 1 15233.0 0.0 15233 3612 9286.333333333334 9
stats: {sentpackets,"os_mon@test2"} 1 11115.0 0.0 11115 2575 6698.888888888889 9
stats: {load,"os_mon@test3"} 1 1.3515625 0.0 1.3515625 0.87890625 0.98671875 10
stats: {cpu,"os_mon@test2"} 1 29.20634920634921 0.0 37.606352807714124 2.7094831911690918 25.671962783267816 10
stats: {freemem,"os_mon@test3"} 1 1008.74609375 0.0 1475.484375 1008.74609375 1336.180859375 10
stats: {recvpackets,"os_mon@test4"} 1 15512.0 0.0 15512 3598 9195.444444444445 9
stats: {sentpackets,"os_mon@test4"} 1 11256.0 0.0 11256 2566 6623.888888888889 9
stats: {cpu,"os_mon@test4"} 1 41.90272581507216 0.0 42.08289054197662 2.0080321285140563 30.479252712652972 10
stats: {load,"os_mon@myserver"} 1 1.0 0.0 1.0 0.6484375 0.890234375 10
stats: {recvpackets,"os_mon@myserver"} 1 15491.0 0.0 15491 3719 9237.333333333334 9
stats: {sentpackets,"os_mon@myserver"} 1 11259.0 0.0 11259 2661 6667.555555555556 9
stats: {cpu,"os_mon@myserver"} 1 25.460348637368035 0.0 25.56334501752629 3.826787512588117 22.70860910649504 10
stats: session 273 63739.60436788147 8489.894154529033 82917.64306640625 22.77587890625 20488.031126428115 4959
stats: users_count 2019 26491
stats: finish_users_count 273 5232
stats: request 10584 6789.738693617906 4549.959571420138 45148.9619140625 1.489990234375 4248.014278431623 103126
stats: page 269 63328.89423900732 8187.115427317843 77461.53002929688 21.02197265625 20433.23198396963 4953
stats: connect 10690 4452.817158563984 4807.053214587593 31225.64697265625 0.360107421875 2468.6201514498134 105951
stats: 200 10557 113654
stats: size_rcv 1396112 14968406
stats: newphase 6 56
stats: size_sent 1418390 15480147
stats: connected 106 2931
stats: error_connect_etimedout 24 24
# stats: dump at 1338915781
stats: users 24603 24625
stats: {load,"os_mon@test2"} 1 0.48046875 0.0 0.75 0.48046875 0.62890625 11
stats: {recvpackets,"os_mon@test3"} 1 13756.0 0.0 15523 3601 9833.6 10
stats: {sentpackets,"os_mon@test3"} 1 10337.0 0.0 11264 2567 7091.8 10
stats: {freemem,"os_mon@test2"} 1 1215.7734375 0.0 1504.15625 1215.7734375 1430.9225852272727 11
stats: {cpu,"os_mon@test3"} 1 44.951664876476904 0.0 47.99566630552546 3.780241935483871 35.53870705176873 11
stats: {load,"os_mon@test4"} 1 0.9609375 0.0 0.9609375 0.53125 0.6480823863636364 11
stats: {freemem,"os_mon@test4"} 1 961.95703125 0.0 1425.35546875 961.95703125 1276.7492897727273 11
stats: {freemem,"os_mon@myserver"} 1 1105.61328125 0.0 1112.26953125 1105.61328125 1108.0035511363637 11
stats: {recvpackets,"os_mon@test2"} 1 15251.0 0.0 15251 3612 9881.0 10
stats: {sentpackets,"os_mon@test2"} 1 11210.0 0.0 11210 2575 7140.5 10
stats: {load,"os_mon@test3"} 1 1.2109375 0.0 1.3515625 0.87890625 1.0198863636363635 11
stats: {cpu,"os_mon@test2"} 1 34.53964874933475 0.0 37.606352807714124 2.7094831911690918 25.99327063991158 11
stats: {freemem,"os_mon@test3"} 1 927.1015625 0.0 1475.484375 927.1015625 1306.4140625 11
stats: {recvpackets,"os_mon@test4"} 1 13689.0 0.0 15512 3598 9827.1 10
stats: {sentpackets,"os_mon@test4"} 1 10292.0 0.0 11256 2566 7087.1 10
stats: {cpu,"os_mon@test4"} 1 37.230603448275865 0.0 42.08289054197662 2.0080321285140563 31.517750267418354 11
stats: {load,"os_mon@myserver"} 1 1.0 0.0 1.0 0.6484375 0.9002130681818182 11
stats: {recvpackets,"os_mon@myserver"} 1 14839.0 0.0 15491 3719 9862.7 10
stats: {sentpackets,"os_mon@myserver"} 1 10934.0 0.0 11259 2661 7126.7 10
stats: {cpu,"os_mon@myserver"} 1 25.495111556781147 0.0 25.56334501752629 3.826787512588117 22.95876724566531 11
stats: session 317 68376.4300194388 8825.50515147615 87837.34497070313 22.77587890625 22744.850601756243 5232
stats: users_count 3661 30152
stats: finish_users_count 317 5549
stats: request 10641 6996.447364809288 5527.23197251035 47310.508056640625 1.489990234375 4484.595152676031 113710
stats: page 323 68459.67760965912 8789.665927000273 85300.5458984375 21.02197265625 22642.90895574388 5222
stats: connect 10332 4293.016365006959 4294.872802864128 31225.64697265625 0.360107421875 2650.4692954562133 116641
stats: 200 10583 124237
stats: size_rcv 1407558 16375964
stats: newphase 4 60
stats: size_sent 1371668 16851815
stats: connected -309 2622
stats: error_connect_etimedout 628 652
# stats: dump at 1338915791
stats: users 26744 26744
stats: {load,"os_mon@test2"} 1 0.7109375 0.0 0.75 0.48046875 0.6165364583333334 12
stats: {recvpackets,"os_mon@test3"} 1 13993.0 0.0 15523 3601 10190.181818181818 11
stats: {sentpackets,"os_mon@test3"} 1 10628.0 0.0 11264 2567 7386.818181818182 11
stats: {freemem,"os_mon@test2"} 1 1164.57421875 0.0 1504.15625 1164.57421875 1412.9934895833333 12
stats: {cpu,"os_mon@test3"} 1 39.17970858067998 0.0 47.99566630552546 3.780241935483871 36.32312020382775 12
stats: {load,"os_mon@test4"} 1 1.05078125 0.0 1.05078125 0.53125 0.6741536458333334 12
stats: {freemem,"os_mon@test4"} 1 886.6484375 0.0 1425.35546875 886.6484375 1250.5166015625 12
stats: {freemem,"os_mon@myserver"} 1 1105.11328125 0.0 1112.26953125 1105.11328125 1107.8043619791667 12
stats: {recvpackets,"os_mon@test2"} 1 12512.0 0.0 15251 3612 10369.181818181818 11
stats: {sentpackets,"os_mon@test2"} 1 9640.0 0.0 11210 2575 7510.454545454545 11
stats: {load,"os_mon@test3"} 1 1.03125 0.0 1.3515625 0.87890625 1.0358072916666665 12
stats: {cpu,"os_mon@test2"} 1 32.108626198083066 0.0 37.606352807714124 2.7094831911690918 26.705468815696843 12
stats: {freemem,"os_mon@test3"} 1 854.07421875 0.0 1475.484375 854.07421875 1274.8046875 12
stats: {recvpackets,"os_mon@test4"} 1 14048.0 0.0 15512 3598 10178.181818181818 11
stats: {sentpackets,"os_mon@test4"} 1 10665.0 0.0 11256 2566 7378.454545454545 11
stats: {cpu,"os_mon@test4"} 1 43.4203516249334 0.0 43.4203516249334 2.0080321285140563 31.99382136582315 12
stats: {load,"os_mon@myserver"} 1 1.0 0.0 1.0 0.6484375 0.9085286458333334 12
stats: {recvpackets,"os_mon@myserver"} 1 12943.0 0.0 15491 3719 10315.09090909091 11
stats: {sentpackets,"os_mon@myserver"} 1 9924.0 0.0 11259 2661 7472.818181818182 11
stats: {cpu,"os_mon@myserver"} 1 25.507391631170133 0.0 25.56334501752629 3.826787512588117 23.17012927159163 12
stats: session 298 70918.99401036209 11270.428828576381 105318.80395507813 22.77587890625 25351.664563804425 5549
stats: users_count 2439 32591
stats: finish_users_count 298 5847
stats: request 10614 6878.960921421771 4871.939460145353 47310.508056640625 1.489990234375 4699.540101967231 124351
stats: page 291 71112.77289300773 11169.706863835374 105315.81909179688 21.02197265625 25311.766715025144 5545
stats: connect 10957 4084.2220923446444 5685.325705935073 31225.64697265625 0.360107421875 2784.1260281678788 126973
stats: 200 10592 134829
stats: size_rcv 1399070 17775034
stats: newphase 6 66
stats: size_sent 1454303 18306118
stats: connected 343 2965
stats: error_connect_etimedout 1508 2160
# stats: dump at 1338915801
stats: users 31045 31051
stats: {load,"os_mon@test2"} 1 0.98828125 0.0 0.98828125 0.48046875 0.6237980769230769 13
stats: {recvpackets,"os_mon@test3"} 1 14489.0 0.0 15523 3601 10507.083333333334 12
stats: {sentpackets,"os_mon@test3"} 1 10862.0 0.0 11264 2567 7656.916666666667 12
stats: {freemem,"os_mon@test2"} 1 1087.13671875 0.0 1504.15625 1087.13671875 1393.8843149038462 13
stats: {cpu,"os_mon@test3"} 1 44.805540756526376 0.0 47.99566630552546 3.780241935483871 36.542857771277916 13
stats: {load,"os_mon@test4"} 1 1.12890625 0.0 1.12890625 0.53125 0.703125 13
stats: {freemem,"os_mon@test4"} 1 853.859375 0.0 1425.35546875 853.859375 1222.5267427884614 13
stats: {freemem,"os_mon@myserver"} 1 1105.0234375 0.0 1112.26953125 1105.0234375 1107.5973557692307 13
stats: {recvpackets,"os_mon@test2"} 1 16105.0 0.0 16105 3612 10547.75 12
stats: {sentpackets,"os_mon@test2"} 1 11957.0 0.0 11957 2575 7687.916666666667 12
stats: {load,"os_mon@test3"} 1 1.1015625 0.0 1.3515625 0.87890625 1.0354567307692306 13
stats: {cpu,"os_mon@test2"} 1 43.08595835557929 0.0 43.08595835557929 2.7094831911690918 27.12109630664963 13
stats: {freemem,"os_mon@test3"} 1 788.21875 0.0 1475.484375 788.21875 1242.4408052884614 13
stats: {recvpackets,"os_mon@test4"} 1 14437.0 0.0 15512 3598 10500.666666666666 12
stats: {sentpackets,"os_mon@test4"} 1 10826.0 0.0 11256 2566 7652.333333333333 12
stats: {cpu,"os_mon@test4"} 1 32.152300370174515 0.0 43.4203516249334 2.0080321285140563 32.87278523190855 13
stats: {load,"os_mon@myserver"} 1 1.0703125 0.0 1.0703125 0.6484375 0.9155649038461539 13
stats: {recvpackets,"os_mon@myserver"} 1 15572.0 0.0 15572 3719 10534.083333333334 12
stats: {sentpackets,"os_mon@myserver"} 1 11599.0 0.0 11599 2661 7677.083333333333 12
stats: {cpu,"os_mon@myserver"} 1 25.401203610832496 0.0 25.56334501752629 3.826787512588117 23.3499186838669 13
stats: session 279 78378.58472292227 16950.92124442944 114443.30615234375 22.77587890625 27674.063088701667 5847
stats: users_count 4580 37171
stats: finish_users_count 279 6126
stats: request 10286 7043.2001533248695 6299.554922963986 76006.42993164063 1.489990234375 4870.935445780001 134965
stats: page 286 78094.9246535935 16980.62270772618 114442.12719726563 21.02197265625 27595.538613207624 5836
stats: connect 10561 4344.106563556927 5219.74946634273 31225.64697265625 0.360107421875 2887.404158923949 137930
stats: 200 10227 145056
stats: size_rcv 1338772 19113806
stats: newphase 6 72
stats: size_sent 1403822 19709940
stats: connected 284 3249
stats: error_connect_etimedout 1473 3633
# stats: dump at 1338915811
stats: users 33280 33283
stats: {load,"os_mon@test2"} 1 0.83984375 0.0 0.98828125 0.48046875 0.6498325892857143 14
stats: {recvpackets,"os_mon@test3"} 1 16466.0 0.0 16466 3601 10813.384615384615 13
stats: {sentpackets,"os_mon@test3"} 1 12368.0 0.0 12368 2567 7903.461538461538 13
stats: {freemem,"os_mon@test2"} 1 1034.07421875 0.0 1504.15625 1034.07421875 1371.9737723214287 14
stats: {cpu,"os_mon@test3"} 1 47.784303256807256 0.0 47.99566630552546 3.780241935483871 37.13304941308138 14
stats: {load,"os_mon@test4"} 1 1.03125 0.0 1.12890625 0.53125 0.7335379464285714 14
stats: {freemem,"os_mon@test4"} 1 796.8046875 0.0 1425.35546875 796.8046875 1196.193359375 14
stats: {freemem,"os_mon@myserver"} 1 1103.79296875 0.0 1112.26953125 1103.79296875 1107.4135044642858 14
stats: {recvpackets,"os_mon@test2"} 1 15449.0 0.0 16105 3612 10975.23076923077 13
stats: {sentpackets,"os_mon@test2"} 1 11662.0 0.0 11957 2575 8016.307692307692 13
stats: {load,"os_mon@test3"} 1 1.44921875 0.0 1.44921875 0.87890625 1.0401785714285714 14
stats: {cpu,"os_mon@test2"} 1 35.53542887586574 0.0 43.08595835557929 2.7094831911690918 28.26144359585889 14
stats: {freemem,"os_mon@test3"} 1 715.0546875 0.0 1475.484375 715.0546875 1209.996372767857 14
stats: {recvpackets,"os_mon@test4"} 1 16498.0 0.0 16498 3598 10803.461538461539 13
stats: {sentpackets,"os_mon@test4"} 1 12393.0 0.0 12393 2566 7896.461538461538 13
stats: {cpu,"os_mon@test4"} 1 37.997847147470395 0.0 43.4203516249334 2.0080321285140563 32.82132202749898 14
stats: {load,"os_mon@myserver"} 1 1.05859375 0.0 1.0703125 0.6484375 0.9266183035714286 14
stats: {recvpackets,"os_mon@myserver"} 1 15543.0 0.0 15572 3719 10921.615384615385 13
stats: {sentpackets,"os_mon@myserver"} 1 11732.0 0.0 11732 2661 7978.7692307692305 13
stats: {cpu,"os_mon@myserver"} 1 25.469571750563485 0.0 25.56334501752629 3.826787512588117 23.496439035793014 14
stats: session 288 86427.426322937 19520.522554892475 123650.15991210938 22.77587890625 29983.328765480568 6126
stats: users_count 2523 39694
stats: finish_users_count 288 6414
stats: 200 10038 155094
stats: request 10155 8272.552058859173 6390.5661291794495 76006.42993164063 1.489990234375 5024.765125312717 145251
stats: page 288 86258.25764973956 19634.92905325175 123648.00415039063 21.02197265625 29954.706272069165 6122
stats: connect 11756 6340.901076631915 7332.748937986358 31225.64697265625 0.360107421875 2991.0079739385214 148491
stats: size_rcv 1323424 20437230
stats: newphase 5 77
stats: size_sent 1559889 21269829
stats: connected 1592 4841
stats: error_connect_etimedout 3739 7372
# stats: dump at 1338915821
stats: users 35143 35146
stats: {load,"os_mon@test2"} 1 0.7109375 0.0 0.98828125 0.48046875 0.6625 15
stats: {recvpackets,"os_mon@test3"} 1 16041.0 0.0 16466 3601 11217.142857142857 14
stats: {sentpackets,"os_mon@test3"} 1 11738.0 0.0 12368 2567 8222.357142857143 14
stats: {freemem,"os_mon@test2"} 1 981.4375 0.0 1504.15625 981.4375 1349.4471354166667 15
stats: {cpu,"os_mon@test3"} 1 38.43648208469055 0.0 47.99566630552546 3.780241935483871 37.8431330026631 15
stats: {load,"os_mon@test4"} 1 1.03125 0.0 1.12890625 0.53125 0.7533854166666667 15
stats: {freemem,"os_mon@test4"} 1 720.6015625 0.0 1425.35546875 720.6015625 1169.5674479166667 15
stats: {freemem,"os_mon@myserver"} 1 1102.625 0.0 1112.26953125 1102.625 1107.1721354166666 15
stats: {recvpackets,"os_mon@test2"} 1 16556.0 0.0 16556 3612 11294.785714285714 14
stats: {sentpackets,"os_mon@test2"} 1 12210.0 0.0 12210 2575 8276.714285714286 14
stats: {load,"os_mon@test3"} 1 1.5390625 0.0 1.5390625 0.87890625 1.0674479166666666 15
stats: {cpu,"os_mon@test2"} 1 35.11250654107797 0.0 43.08595835557929 2.7094831911690918 28.74637594785935 15
stats: {freemem,"os_mon@test3"} 1 666.06640625 0.0 1475.484375 666.06640625 1177.0002604166666 15
stats: {recvpackets,"os_mon@test4"} 1 16016.0 0.0 16498 3598 11210.214285714286 14
stats: {sentpackets,"os_mon@test4"} 1 11718.0 0.0 12393 2566 8217.642857142857 14
stats: {cpu,"os_mon@test4"} 1 45.683646112600535 0.0 45.683646112600535 2.0080321285140563 33.16642370216374 15
stats: {load,"os_mon@myserver"} 1 1.12890625 0.0 1.12890625 0.6484375 0.9354166666666667 15
stats: {recvpackets,"os_mon@myserver"} 1 16479.0 0.0 16479 3719 11251.714285714286 14
stats: {sentpackets,"os_mon@myserver"} 1 12111.0 0.0 12111 2661 8246.857142857143 14
stats: {cpu,"os_mon@myserver"} 1 25.507391631170133 0.0 25.56334501752629 3.826787512588117 23.627981216777712 15
stats: session 472 95926.62401723057 26955.5835112524 133305.72094726563 22.77587890625 32517.769067405647 6414
stats: users_count 2335 42029
stats: finish_users_count 472 6886
stats: request 15691 9319.575427923723 9066.211279413359 76006.42993164063 1.489990234375 5236.991656528786 155406
stats: page 445 96889.18401948738 25053.522015150214 133304.5029296875 21.02197265625 32484.413416650925 6410
stats: connect 16245 5714.2007859088835 8099.885766028855 31225.64697265625 0.360107421875 3236.761986901407 160247
stats: 200 15351 170445
stats: size_rcv 2247804 22685034
stats: newphase 6 83
stats: size_sent 2156503 23426332
stats: connected 554 5395
stats: error_connect_etimedout 3020 10392
# stats: dump at 1338915831
stats: users 36863 36863
stats: {load,"os_mon@test2"} 1 0.921875 0.0 0.98828125 0.48046875 0.66552734375 16
stats: {recvpackets,"os_mon@test3"} 1 20415.0 0.0 20415 3601 11538.733333333334 15
stats: {sentpackets,"os_mon@test3"} 1 15336.0 0.0 15336 2567 8456.733333333334 15
stats: {freemem,"os_mon@test2"} 1 931.8359375 0.0 1504.15625 931.8359375 1326.446533203125 16
stats: {cpu,"os_mon@test3"} 1 64.19818859882793 0.0 64.19818859882793 3.780241935483871 37.880217320289816 16
stats: {load,"os_mon@test4"} 1 1.1015625 0.0 1.12890625 0.53125 0.770751953125 16
stats: {freemem,"os_mon@test4"} 1 653.53125 0.0 1425.35546875 653.53125 1141.507080078125 16
stats: {freemem,"os_mon@myserver"} 1 1098.703125 0.0 1112.26953125 1098.703125 1106.887939453125 16
stats: {recvpackets,"os_mon@test2"} 1 19971.0 0.0 19971 3612 11645.533333333333 15
stats: {sentpackets,"os_mon@test2"} 1 15102.0 0.0 15102 2575 8538.933333333332 15
stats: {load,"os_mon@test3"} 1 2.12109375 0.0 2.12109375 0.87890625 1.096923828125 16
stats: {cpu,"os_mon@test2"} 1 45.91460200316289 0.0 45.91460200316289 2.7094831911690918 29.14425910993551 16
stats: {freemem,"os_mon@test3"} 1 597.42578125 0.0 1475.484375 597.42578125 1145.06689453125 16
stats: {recvpackets,"os_mon@test4"} 1 20449.0 0.0 20449 3598 11530.6 15
stats: {sentpackets,"os_mon@test4"} 1 15354.0 0.0 15354 2566 8451.0 15
stats: {cpu,"os_mon@test4"} 1 55.47250400427123 0.0 55.47250400427123 2.0080321285140563 33.94875010281604 16
stats: {load,"os_mon@myserver"} 1 1.109375 0.0 1.12890625 0.6484375 0.947509765625 16
stats: {recvpackets,"os_mon@myserver"} 1 20084.0 0.0 20084 3719 11600.2 15
stats: {sentpackets,"os_mon@myserver"} 1 15215.0 0.0 15215 2661 8504.466666666667 15
stats: {cpu,"os_mon@myserver"} 1 37.47656040717921 0.0 37.47656040717921 3.826787512588117 23.74544436767724 16
stats: session 821 85370.67885159346 42103.53626985626 142938.89111328125 22.77587890625 36864.12101865708 6886
stats: users_count 2541 44570
stats: finish_users_count 821 7707
stats: request 18432 7519.744658748312 8570.16061387047 76006.42993164063 1.489990234375 5611.398115770958 171097
stats: page 656 102555.55377569431 27932.075716438358 141998.86791992188 21.02197265625 36665.32120924935 6855
stats: connect 20405 4939.488880887126 8063.256608537956 31225.64697265625 0.360107421875 3464.794947544816 176492
stats: error_unknown 178 178
stats: 200 18039 188484
stats: size_rcv 2678628 25363662
stats: newphase 6 89
stats: size_sent 2709895 26136227
stats: connected 1973 7368
stats: error_connect_etimedout 2690 13082
# stats: dump at 1338915841
stats: users 38537 38587
stats: {load,"os_mon@test2"} 1 1.1796875 0.0 1.1796875 0.48046875 0.6806066176470589 17
stats: {recvpackets,"os_mon@test3"} 1 18792.0 0.0 20415 3601 12093.5 16
stats: {sentpackets,"os_mon@test3"} 1 14683.0 0.0 15336 2567 8886.6875 16
stats: {freemem,"os_mon@test2"} 1 880.7734375 0.0 1504.15625 880.7734375 1303.2341452205883 17
stats: {cpu,"os_mon@test3"} 1 67.18085106382978 0.0 67.18085106382978 3.780241935483871 39.42833327785088 17
stats: {load,"os_mon@test4"} 1 1.37109375 0.0 1.37109375 0.53125 0.7902113970588235 17
stats: {freemem,"os_mon@test4"} 1 596.73828125 0.0 1425.35546875 596.73828125 1112.8026194852941 17
stats: {freemem,"os_mon@myserver"} 1 1094.1953125 0.0 1112.26953125 1094.1953125 1106.4064797794117 17
stats: {recvpackets,"os_mon@test2"} 1 19561.0 0.0 19971 3612 12165.875 16
stats: {sentpackets,"os_mon@test2"} 1 15165.0 0.0 15165 2575 8949.125 16
stats: {load,"os_mon@test3"} 1 1.94140625 0.0 2.12109375 0.87890625 1.1571691176470589 17
stats: {cpu,"os_mon@test2"} 1 50.02678093197643 0.0 50.02678093197643 2.7094831911690918 30.130749868360652 17
stats: {freemem,"os_mon@test3"} 1 529.62890625 0.0 1475.484375 529.62890625 1112.8527113970588 17
stats: {recvpackets,"os_mon@test4"} 1 18817.0 0.0 20449 3598 12088.0 16
stats: {sentpackets,"os_mon@test4"} 1 14702.0 0.0 15354 2566 8882.4375 16
stats: {cpu,"os_mon@test4"} 1 55.758880516684606 0.0 55.758880516684606 2.0080321285140563 35.21485327348987 17
stats: {load,"os_mon@myserver"} 1 1.08984375 0.0 1.12890625 0.6484375 0.95703125 17
stats: {recvpackets,"os_mon@myserver"} 1 18963.0 0.0 20084 3719 12130.4375 16
stats: {sentpackets,"os_mon@myserver"} 1 14839.0 0.0 15215 2661 8923.875 16
stats: {cpu,"os_mon@myserver"} 1 38.33883388338834 0.0 38.33883388338834 3.826787512588117 24.553157075883238 17
stats: session 695 104163.86668446483 29977.125239231464 152243.1650390625 22.77587890625 42031.356516365755 7707
stats: users_count 2369 46939
stats: finish_users_count 695 8402
stats: error_unknown 0 178
stats: 200 17949 206433
stats: size_rcv 2670666 28034328
stats: newphase 5 94
stats: size_sent 2524663 28660890
stats: connected 477 7845
stats: error_connect_etimedout 3147 16229
stats: connect 19013 4475.356256001778 6750.282295325008 31225.64697265625 0.360107421875 3617.621703208182 196897
stats: page 691 103683.13664632042 29900.93639076202 152241.85595703125 21.02197265625 42420.07990497401 7511
stats: request 18536 8117.265774044836 9203.178761359646 112641.27099609375 1.489990234375 5796.987885569557 189529
# stats: dump at 1338915851
stats: users 41035 41075
stats: {load,"os_mon@test2"} 1 1.0 0.0 1.1796875 0.48046875 0.7083333333333334 18
stats: {recvpackets,"os_mon@test3"} 1 20940.0 0.0 20940 3601 12487.529411764706 17
stats: {sentpackets,"os_mon@test3"} 1 15629.0 0.0 15629 2567 9227.64705882353 17
stats: {freemem,"os_mon@test2"} 1 860.3125 0.0 1504.15625 860.3125 1279.7641059027778 18
stats: {cpu,"os_mon@test3"} 1 73.4704641350211 0.0 73.4704641350211 3.780241935483871 40.970139821516376 18
stats: {load,"os_mon@test4"} 1 1.30859375 0.0 1.37109375 0.53125 0.8224826388888888 18
stats: {freemem,"os_mon@test4"} 1 518.578125 0.0 1425.35546875 518.578125 1084.1323784722222 18
stats: {freemem,"os_mon@myserver"} 1 1090.6640625 0.0 1112.26953125 1090.6640625 1105.7280815972222 18
stats: {recvpackets,"os_mon@test2"} 1 20293.0 0.0 20293 3612 12600.882352941177 17
stats: {sentpackets,"os_mon@test2"} 1 15135.0 0.0 15165 2575 9314.764705882353 17
stats: {load,"os_mon@test3"} 1 2.1015625 0.0 2.12109375 0.87890625 1.2007378472222223 18
stats: {cpu,"os_mon@test2"} 1 43.132014965259216 0.0 50.02678093197643 2.7094831911690918 31.23608492745042 18
stats: {freemem,"os_mon@test3"} 1 454.4765625 0.0 1475.484375 454.4765625 1080.451388888889 18
stats: {recvpackets,"os_mon@test4"} 1 20870.0 0.0 20870 3598 12483.823529411764 17
stats: {sentpackets,"os_mon@test4"} 1 15583.0 0.0 15583 2566 9224.764705882353 17
stats: {cpu,"os_mon@test4"} 1 62.944983818770226 0.0 62.944983818770226 2.0080321285140563 36.356188120334025 18
stats: {load,"os_mon@myserver"} 1 1.078125 0.0 1.12890625 0.6484375 0.9644097222222222 18
stats: {recvpackets,"os_mon@myserver"} 1 21108.0 0.0 21108 3719 12532.35294117647 17
stats: {sentpackets,"os_mon@myserver"} 1 15565.0 0.0 15565 2661 9271.823529411764 17
stats: {cpu,"os_mon@myserver"} 1 36.20495495495496 0.0 38.33883388338834 3.826787512588117 25.319028009633524 18
stats: session 751 107837.71882119415 32758.419811204163 161541.24389648438 22.77587890625 47170.858369118534 8402
stats: users_count 3249 50188
stats: finish_users_count 751 9153
stats: error_unknown 0 178
stats: request 18498 8131.978956115432 9838.9718842018 112641.27099609375 1.489990234375 6003.695745809278 208065
stats: page 746 107281.15507085969 32919.37848297397 160373.96899414063 21.02197265625 47581.35425370241 8202
stats: connect 19420 4511.899819333408 7787.736191005882 31225.64697265625 0.360107421875 3693.153670473546 215910
stats: 200 17866 224299
stats: size_rcv 2662628 30696956
stats: newphase 2 96
stats: size_sent 2577668 31238558
stats: connected 922 8767
stats: error_connect_etimedout 1521 17750
# stats: dump at 1338915861
stats: users 43287 43287
stats: {load,"os_mon@test2"} 1 0.921875 0.0 1.1796875 0.48046875 0.7236842105263158 19
stats: {recvpackets,"os_mon@test3"} 1 22969.0 0.0 22969 3601 12957.111111111111 18
stats: {sentpackets,"os_mon@test3"} 1 16697.0 0.0 16697 2567 9583.277777777777 18
stats: {freemem,"os_mon@test2"} 1 801.75 0.0 1504.15625 801.75 1257.6877055921052 19
stats: {cpu,"os_mon@test3"} 1 65.80338266384777 0.0 73.4704641350211 3.780241935483871 42.68068320643768 19
stats: {load,"os_mon@test4"} 1 1.4296875 0.0 1.4296875 0.53125 0.8480674342105263 19
stats: {freemem,"os_mon@test4"} 1 430.60546875 0.0 1425.35546875 430.60546875 1054.366365131579 19
stats: {freemem,"os_mon@myserver"} 1 1088.30078125 0.0 1112.26953125 1088.30078125 1104.935238486842 19
stats: {recvpackets,"os_mon@test2"} 1 23691.0 0.0 23691 3612 13028.222222222223 18
stats: {sentpackets,"os_mon@test2"} 1 17134.0 0.0 17134 2575 9638.111111111111 18
stats: {load,"os_mon@test3"} 1 1.9296875 0.0 2.12109375 0.87890625 1.2481496710526316 19
stats: {cpu,"os_mon@test2"} 1 52.2299838796346 0.0 52.2299838796346 2.7094831911690918 31.862186508387726 19
stats: {freemem,"os_mon@test3"} 1 388.6015625 0.0 1475.484375 388.6015625 1047.5053453947369 19
stats: {recvpackets,"os_mon@test4"} 1 22980.0 0.0 22980 3598 12949.722222222223 18
stats: {sentpackets,"os_mon@test4"} 1 16722.0 0.0 16722 2566 9578.0 18
stats: {cpu,"os_mon@test4"} 1 62.76195593766792 0.0 62.944983818770226 2.0080321285140563 37.755598420251715 19
stats: {load,"os_mon@myserver"} 1 1.05859375 0.0 1.12890625 0.6484375 0.9703947368421053 19
stats: {recvpackets,"os_mon@myserver"} 1 23294.0 0.0 23294 3719 13008.777777777777 18
stats: {sentpackets,"os_mon@myserver"} 1 16951.0 0.0 16951 2661 9621.444444444445 18
stats: {cpu,"os_mon@myserver"} 1 35.002878526194586 0.0 38.33883388338834 3.826787512588117 25.89197153307149 19
stats: session 907 112362.8237229319 35453.69886814278 168999.89990234375 22.77587890625 52148.55007670171 9153
stats: users_count 3159 53347
stats: finish_users_count 907 10060
stats: request 19679 9201.711053881998 11084.737866988675 127684.05712890625 1.489990234375 6177.461907204754 226563
stats: connect 19705 4946.340714094916 8019.564793099734 31225.64697265625 0.360107421875 3760.7185802209583 235330
stats: error_unknown 0 178
stats: 200 18090 242389
stats: page 906 110963.00482325949 35848.66640196527 168998.2919921875 21.02197265625 52558.56160837377 8948
stats: size_rcv 2694380 33391336
stats: newphase 6 102
stats: size_sent 2615203 33853761
stats: connected 26 8793
stats: error_connect_etimedout 1737 19487
stats: error_abort 1 1
EndMonitor:{1338,915861,983736}
