# stats: dump at 1339072193
stats: users 0 4
stats: session 7 29.862269810267858 6.2187970761827485 42.0771484375 19.7509765625 0 0
stats: users_count 7 7
stats: finish_users_count 7 7
# stats: dump at 1339072203
stats: users 3 11
stats: {load,"os_mon@test2"} 1 0.96875 0 0.96875 0.96875 0 0
stats: {freemem,"os_mon@test2"} 1 1542.265625 0 1542.265625 1542.265625 0 0
stats: {load,"os_mon@test4"} 1 1.98046875 0 1.98046875 1.98046875 0 0
stats: {cpu,"os_mon@test3"} 1 2.562814070351759 0 2.562814070351759 2.562814070351759 0 0
stats: {freemem,"os_mon@test4"} 1 1546.19921875 0 1546.19921875 1546.19921875 0 0
stats: {freemem,"os_mon@myserver"} 1 1373.86328125 0 1373.86328125 1373.86328125 0 0
stats: {load,"os_mon@test3"} 1 2.1796875 0 2.1796875 2.1796875 0 0
stats: {cpu,"os_mon@test2"} 1 6.4128256513026045 0 6.4128256513026045 6.4128256513026045 0 0
stats: {freemem,"os_mon@test3"} 1 1393.92578125 0 1393.92578125 1393.92578125 0 0
stats: {cpu,"os_mon@test4"} 1 2.798600699650175 0 2.798600699650175 2.798600699650175 0 0
stats: {load,"os_mon@myserver"} 1 2.73828125 0 2.73828125 2.73828125 0 0
stats: {cpu,"os_mon@myserver"} 1 2.9700478228039264 0 2.9700478228039264 2.9700478228039264 0 0
stats: session 909 25.881304146039597 8.566016329226175 89.86279296875 17.4150390625 29.862269810267858 7
stats: users_count 912 919
stats: finish_users_count 909 916
stats: request 8989 2.2299266920854666 1.2428999652224888 26.179931640625 1.06787109375 0 0
stats: page 898 23.65586638928522 8.227446737745373 85.180908203125 15.797119140625 0 0
stats: connect 8991 1.037917094611981 0.6968504858390364 21.93310546875 0.406982421875 0 0
stats: 200 8989 8989
stats: size_rcv 1195537 1195537
stats: size_sent 1191885 1191885
stats: connected 2 2
# stats: dump at 1339072213
stats: users 8 30
stats: {load,"os_mon@test2"} 1 0.890625 0.0 0.96875 0.890625 0.96875 1
stats: {recvpackets,"os_mon@test3"} 1 4952 0 4952 4952 0 0
stats: {sentpackets,"os_mon@test3"} 1 3388 0 3388 3388 0 0
stats: {freemem,"os_mon@test2"} 1 1541.546875 0.0 1542.265625 1541.546875 1542.265625 1
stats: {load,"os_mon@test4"} 1 1.76171875 0.0 1.98046875 1.76171875 1.98046875 1
stats: {cpu,"os_mon@test3"} 1 20.543032786885245 0.0 20.543032786885245 2.562814070351759 2.562814070351759 1
stats: {freemem,"os_mon@test4"} 1 1545.57421875 0.0 1546.19921875 1545.57421875 1546.19921875 1
stats: {freemem,"os_mon@myserver"} 1 1374.4921875 0.0 1374.4921875 1373.86328125 1373.86328125 1
stats: {recvpackets,"os_mon@test2"} 1 5127 0 5127 5127 0 0
stats: {sentpackets,"os_mon@test2"} 1 3502 0 3502 3502 0 0
stats: {load,"os_mon@test3"} 1 1.83984375 0.0 2.1796875 1.83984375 2.1796875 1
stats: {cpu,"os_mon@test2"} 1 28.73855544252289 0.0 28.73855544252289 6.4128256513026045 6.4128256513026045 1
stats: {recvpackets,"os_mon@test4"} 1 4975 0 4975 4975 0 0
stats: {sentpackets,"os_mon@test4"} 1 3405 0 3405 3405 0 0
stats: {freemem,"os_mon@test3"} 1 1393.23046875 0.0 1393.92578125 1393.23046875 1393.92578125 1
stats: {cpu,"os_mon@test4"} 1 19.24643584521385 0.0 19.24643584521385 2.798600699650175 2.798600699650175 1
stats: {load,"os_mon@myserver"} 1 2.71875 0.0 2.73828125 2.71875 2.73828125 1
stats: {recvpackets,"os_mon@myserver"} 1 5156 0 5156 5156 0 0
stats: {sentpackets,"os_mon@myserver"} 1 3524 0 3524 3524 0 0
stats: {cpu,"os_mon@myserver"} 1 19.299163179916317 0.0 19.299163179916317 2.9700478228039264 2.9700478228039264 1
stats: session 1879 44.34401116160519 103.14198056281384 1069.510009765625 17.4150390625 25.911726372731298 916
stats: users_count 1884 2803
stats: finish_users_count 1879 2795
stats: request 18804 4.034339461725239 31.187280242697017 1009.807861328125 0.968017578125 2.2299266920854666 8989
stats: page 1880 41.8919456968917 100.40972549437818 1068.112060546875 15.797119140625 23.65586638928522 898
stats: connect 18803 2.196877698102527 30.054745740268427 1005.951171875 0.27001953125 1.037917094611981 8991
stats: 200 18804 27793
stats: size_rcv 2500932 3696469
stats: newphase 6 6
stats: size_sent 2499129 3691014
stats: connected -1 1
# stats: dump at 1339072223
stats: users 296 300
stats: {load,"os_mon@test2"} 1 0.91015625 0.0 0.96875 0.890625 0.9296875 2
stats: {recvpackets,"os_mon@test3"} 1 8879.0 0.0 8879 4952 4952.0 1
stats: {sentpackets,"os_mon@test3"} 1 5922.0 0.0 5922 3388 3388.0 1
stats: {freemem,"os_mon@test2"} 1 1539.90625 0.0 1542.265625 1539.90625 1541.90625 2
stats: {load,"os_mon@test4"} 1 1.71875 0.0 1.98046875 1.71875 1.87109375 2
stats: {cpu,"os_mon@test3"} 1 39.038262668045505 0.0 39.038262668045505 2.562814070351759 11.552923428618502 2
stats: {freemem,"os_mon@test4"} 1 1544.37109375 0.0 1546.19921875 1544.37109375 1545.88671875 2
stats: {freemem,"os_mon@myserver"} 1 1374.47265625 0.0 1374.4921875 1373.86328125 1374.177734375 2
stats: {recvpackets,"os_mon@test2"} 1 8903.0 0.0 8903 5127 5127.0 1
stats: {sentpackets,"os_mon@test2"} 1 5936.0 0.0 5936 3502 3502.0 1
stats: {load,"os_mon@test3"} 1 1.7890625 0.0 2.1796875 1.7890625 2.009765625 2
stats: {cpu,"os_mon@test2"} 1 43.81789963786859 0.0 43.81789963786859 6.4128256513026045 17.575690546912746 2
stats: {recvpackets,"os_mon@test4"} 1 8869.0 0.0 8869 4975 4975.0 1
stats: {sentpackets,"os_mon@test4"} 1 5914.0 0.0 5914 3405 3405.0 1
stats: {freemem,"os_mon@test3"} 1 1391.890625 0.0 1393.92578125 1391.890625 1393.578125 2
stats: {cpu,"os_mon@test4"} 1 37.37006237006237 0.0 37.37006237006237 2.798600699650175 11.022518272432013 2
stats: {load,"os_mon@myserver"} 1 2.6015625 0.0 2.73828125 2.6015625 2.728515625 2
stats: {recvpackets,"os_mon@myserver"} 1 8947.0 0.0 8947 5156 5156.0 1
stats: {sentpackets,"os_mon@myserver"} 1 5965.0 0.0 5965 3524 3524.0 1
stats: {cpu,"os_mon@myserver"} 1 36.30354309888948 0.0 36.30354309888948 2.9700478228039264 11.134605501360122 2
stats: session 2456 544.1336166928569 618.5807135983949 4812.029052734375 17.4150390625 38.303233749580684 2795
stats: users_count 2744 5547
stats: finish_users_count 2456 5251
stats: request 25635 56.23027532319683 182.25799101479873 3685.721923828125 0.968017578125 3.450744082086772 27793
stats: page 2440 531.2613498375061 612.4078576654525 4810.68310546875 15.797119140625 35.997057569378875 2778
stats: connect 25699 37.59800463417825 173.4432554374703 3028.510986328125 0.27001953125 1.8219689125378908 27794
stats: 200 25635 53428
stats: size_rcv 3409455 7105924
stats: newphase 6 12
stats: size_sent 3408865 7099879
stats: connected 64 65
# stats: dump at 1339072233
stats: users 1747 1747
stats: {load,"os_mon@test2"} 1 0.83984375 0.0 0.96875 0.83984375 0.9231770833333334 3
stats: {recvpackets,"os_mon@test3"} 1 11898.0 0.0 11898 4952 6915.5 2
stats: {sentpackets,"os_mon@test3"} 1 8011.0 0.0 8011 3388 4655.0 2
stats: {freemem,"os_mon@test2"} 1 1533.4375 0.0 1542.265625 1533.4375 1541.2395833333333 3
stats: {load,"os_mon@test4"} 1 1.62109375 0.0 1.98046875 1.62109375 1.8203125 3
stats: {cpu,"os_mon@test3"} 1 49.21135646687697 0.0 49.21135646687697 2.562814070351759 20.71470317509417 3
stats: {freemem,"os_mon@test4"} 1 1540.15625 0.0 1546.19921875 1540.15625 1545.3815104166667 3
stats: {freemem,"os_mon@myserver"} 1 1373.7265625 0.0 1374.4921875 1373.7265625 1374.2760416666667 3
stats: {recvpackets,"os_mon@test2"} 1 12228.0 0.0 12228 5127 7015.0 2
stats: {sentpackets,"os_mon@test2"} 1 8246.0 0.0 8246 3502 4719.0 2
stats: {load,"os_mon@test3"} 1 1.75 0.0 2.1796875 1.75 1.9361979166666667 3
stats: {cpu,"os_mon@test2"} 1 49.59183673469388 0.0 49.59183673469388 6.4128256513026045 26.32309357723136 3
stats: {recvpackets,"os_mon@test4"} 1 11914.0 0.0 11914 4975 6922.0 2
stats: {sentpackets,"os_mon@test4"} 1 8024.0 0.0 8024 3405 4659.5 2
stats: {freemem,"os_mon@test3"} 1 1388.6171875 0.0 1393.92578125 1388.6171875 1393.015625 3
stats: {cpu,"os_mon@test4"} 1 48.95615866388309 0.0 48.95615866388309 2.798600699650175 19.80503297164213 3
stats: {load,"os_mon@myserver"} 1 2.66015625 0.0 2.73828125 2.6015625 2.6861979166666665 3
stats: {recvpackets,"os_mon@myserver"} 1 12085.0 0.0 12085 5156 7051.5 2
stats: {sentpackets,"os_mon@myserver"} 1 8143.0 0.0 8143 3524 4744.5 2
stats: {cpu,"os_mon@myserver"} 1 57.40935365212822 0.0 57.40935365212822 2.9700478228039264 19.524251367203238 3
stats: session 2111 1985.0810189511424 1730.978712999806 12041.39404296875 17.4150390625 274.8904400928841 5251
stats: users_count 3562 9109
stats: finish_users_count 2111 7362
stats: request 26999 225.1490334060403 594.5058230745467 7063.81201171875 0.968017578125 28.774605790663855 53428
stats: page 2121 1960.8495792171304 1722.3651867708782 12039.9150390625 15.797119140625 267.5886392355787 5218
stats: connect 27008 197.56217592248333 588.2905793771117 7037.614990234375 0.27001953125 19.009420392365822 53493
stats: 200 26999 80427
stats: size_rcv 3590867 10696791
stats: newphase 6 18
stats: size_sent 3583168 10683047
stats: connected 9 74
# stats: dump at 1339072243
stats: users 4337 4429
stats: {load,"os_mon@test2"} 1 1.03125 0.0 1.03125 0.83984375 0.90234375 4
stats: {recvpackets,"os_mon@test3"} 1 14255.0 0.0 14255 4952 8576.333333333334 3
stats: {sentpackets,"os_mon@test3"} 1 9631.0 0.0 9631 3388 5773.666666666667 3
stats: {freemem,"os_mon@test2"} 1 1511.22265625 0.0 1542.265625 1511.22265625 1539.2890625 4
stats: {load,"os_mon@test4"} 1 1.51953125 0.0 1.98046875 1.51953125 1.7705078125 4
stats: {cpu,"os_mon@test3"} 1 53.149401353461734 0.0 53.149401353461734 2.562814070351759 27.83886649803987 4
stats: {freemem,"os_mon@test4"} 1 1520.73828125 0.0 1546.19921875 1520.73828125 1544.0751953125 4
stats: {freemem,"os_mon@myserver"} 1 1373.22265625 0.0 1374.4921875 1373.22265625 1374.138671875 4
stats: {recvpackets,"os_mon@test2"} 1 14317.0 0.0 14317 5127 8752.666666666666 3
stats: {sentpackets,"os_mon@test2"} 1 9673.0 0.0 9673 3502 5894.666666666667 3
stats: {load,"os_mon@test3"} 1 1.640625 0.0 2.1796875 1.640625 1.8896484375 4
stats: {cpu,"os_mon@test2"} 1 56.134020618556704 0.0 56.134020618556704 6.4128256513026045 32.14027936659699 4
stats: {recvpackets,"os_mon@test4"} 1 14282.0 0.0 14282 4975 8586.0 3
stats: {sentpackets,"os_mon@test4"} 1 9651.0 0.0 9651 3405 5781.0 3
stats: {freemem,"os_mon@test3"} 1 1366.0 0.0 1393.92578125 1366.0 1391.916015625 4
stats: {cpu,"os_mon@test4"} 1 54.249737670514165 0.0 54.249737670514165 2.798600699650175 27.09281439470237 4
stats: {load,"os_mon@myserver"} 1 3.359375 0.0 3.359375 2.6015625 2.6796875 4
stats: {recvpackets,"os_mon@myserver"} 1 14662.0 0.0 14662 5156 8729.333333333334 3
stats: {sentpackets,"os_mon@myserver"} 1 9914.0 0.0 9914 3524 5877.333333333333 3
stats: {cpu,"os_mon@myserver"} 1 58.72765509989485 0.0 58.72765509989485 2.9700478228039264 28.995526938434484 4
stats: session 1705 4994.636273998804 3359.673383500455 20374.0419921875 17.4150390625 765.2751605451773 7362
stats: users_count 4295 13404
stats: finish_users_count 1705 9067
stats: request 26009 589.6112315726335 1390.7097884303003 15076.31787109375 0.968017578125 94.69666145838177 80427
stats: page 1692 4931.417932244346 3327.572049597753 20371.419921875 15.797119140625 756.9477417973543 7339
stats: connect 26017 560.8448522127705 1383.572866471644 15057.182861328125 0.27001953125 78.91368023208724 80501
stats: 200 26009 106436
stats: size_rcv 3459197 14155988
stats: newphase 6 24
stats: size_sent 3451835 14134882
stats: connected 8 82
# stats: dump at 1339072253
stats: users 5525 5552
stats: {load,"os_mon@test2"} 1 1.01953125 0.0 1.03125 0.83984375 0.928125 5
stats: {recvpackets,"os_mon@test3"} 1 14694.0 0.0 14694 4952 9996.0 4
stats: {sentpackets,"os_mon@test3"} 1 10131.0 0.0 10131 3388 6738.0 4
stats: {freemem,"os_mon@test2"} 1 1481.5078125 0.0 1542.265625 1481.5078125 1533.67578125 5
stats: {load,"os_mon@test4"} 1 1.51953125 0.0 1.98046875 1.51953125 1.7203125 5
stats: {cpu,"os_mon@test3"} 1 55.026455026455025 0.0 55.026455026455025 2.562814070351759 32.900973469124246 5
stats: {freemem,"os_mon@test4"} 1 1487.77734375 0.0 1546.19921875 1487.77734375 1539.4078125 5
stats: {freemem,"os_mon@myserver"} 1 1373.3359375 0.0 1374.4921875 1373.22265625 1373.95546875 5
stats: {recvpackets,"os_mon@test2"} 1 14638.0 0.0 14638 5127 10143.75 4
stats: {sentpackets,"os_mon@test2"} 1 10108.0 0.0 10108 3502 6839.25 4
stats: {load,"os_mon@test3"} 1 1.62109375 0.0 2.1796875 1.62109375 1.83984375 5
stats: {cpu,"os_mon@test2"} 1 52.759154203197525 0.0 56.134020618556704 6.4128256513026045 36.93902761698894 5
stats: {recvpackets,"os_mon@test4"} 1 14697.0 0.0 14697 4975 10010.0 4
stats: {sentpackets,"os_mon@test4"} 1 10132.0 0.0 10132 3405 6748.5 4
stats: {freemem,"os_mon@test3"} 1 1315.99609375 0.0 1393.92578125 1315.99609375 1386.7328125 5
stats: {cpu,"os_mon@test4"} 1 55.91623036649215 0.0 55.91623036649215 2.798600699650175 32.52419904986473 5
stats: {load,"os_mon@myserver"} 1 3.76171875 0.0 3.76171875 2.6015625 2.815625 5
stats: {recvpackets,"os_mon@myserver"} 1 14768.0 0.0 14768 5156 10212.5 4
stats: {sentpackets,"os_mon@myserver"} 1 10193.0 0.0 10193 3524 6886.5 4
stats: {cpu,"os_mon@myserver"} 1 58.77561744613767 0.0 58.77561744613767 2.9700478228039264 34.941952570726556 5
stats: session 2153 8312.3325386951 5181.363757873194 25486.14794921875 17.4150390625 1560.5834983017048 9067
stats: users_count 3341 16745
stats: finish_users_count 2153 11220
stats: request 25947 988.4704104987449 2375.517697316961 31089.446044921875 0.968017578125 215.63537631145377 106436
stats: page 2138 8268.541441672089 5174.610009679223 25482.052001953125 15.797119140625 1539.0542153037554 9031
stats: connect 25928 949.1072681571763 2365.7507679983046 31078.051025390625 0.27001953125 196.62527171354049 106518
stats: 200 25947 132383
stats: size_rcv 3450951 17606939
stats: newphase 6 30
stats: size_sent 3442952 17577834
stats: connected -19 63
# stats: dump at 1339072263
stats: users 5724 6128
stats: {load,"os_mon@test2"} 1 1.171875 0.0 1.171875 0.83984375 0.943359375 6
stats: {recvpackets,"os_mon@test3"} 1 13167.0 0.0 14694 4952 10935.6 5
stats: {sentpackets,"os_mon@test3"} 1 9415.0 0.0 10131 3388 7416.6 5
stats: {freemem,"os_mon@test2"} 1 1449.421875 0.0 1542.265625 1449.421875 1524.9811197916667 6
stats: {load,"os_mon@test4"} 1 1.44140625 0.0 1.98046875 1.44140625 1.6868489583333333 6
stats: {cpu,"os_mon@test3"} 1 59.64453737584945 0.0 59.64453737584945 2.562814070351759 36.58855372867938 6
stats: {freemem,"os_mon@test4"} 1 1461.13671875 0.0 1546.19921875 1461.13671875 1530.802734375 6
stats: {freemem,"os_mon@myserver"} 1 1372.76953125 0.0 1374.4921875 1372.76953125 1373.8522135416667 6
stats: {recvpackets,"os_mon@test2"} 1 13078.0 0.0 14638 5127 11042.6 5
stats: {sentpackets,"os_mon@test2"} 1 9364.0 0.0 10108 3502 7493.0 5
stats: {load,"os_mon@test3"} 1 1.609375 0.0 2.1796875 1.609375 1.8033854166666667 6
stats: {cpu,"os_mon@test2"} 1 53.02874743326489 0.0 56.134020618556704 6.4128256513026045 39.575715381357035 6
stats: {recvpackets,"os_mon@test4"} 1 13176.0 0.0 14697 4975 10947.4 5
stats: {sentpackets,"os_mon@test4"} 1 9423.0 0.0 10132 3405 7425.2 5
stats: {freemem,"os_mon@test3"} 1 1268.12890625 0.0 1393.92578125 1268.12890625 1374.943359375 6
stats: {cpu,"os_mon@test4"} 1 60.041407867494826 0.0 60.041407867494826 2.798600699650175 36.4228709359693 6
stats: {load,"os_mon@myserver"} 1 4.5703125 0.0 4.5703125 2.6015625 2.9733072916666665 6
stats: {recvpackets,"os_mon@myserver"} 1 13254.0 0.0 14768 5156 11123.6 5
stats: {sentpackets,"os_mon@myserver"} 1 9519.0 0.0 10193 3524 7547.8 5
stats: {cpu,"os_mon@myserver"} 1 58.364116094986805 0.0 58.77561744613767 2.9700478228039264 38.91423004996174 6
stats: session 2445 11105.704252739955 7836.785412645845 37198.52587890625 17.4150390625 2856.1731314538424 11220
stats: users_count 2644 19389
stats: finish_users_count 2445 13665
stats: 200 27318 159701
stats: request 27318 1234.4347258339558 3251.724174453616 31698.8671875 0.968017578125 367.1106460368539 132383
stats: page 2438 10983.928028785747 7741.302931737953 37196.317138671875 15.797119140625 2827.2307476679325 11169
stats: connect 27346 1198.8277772161275 3255.3608302880175 31116.930908203125 0.27001953125 343.9332553732251 132446
stats: size_rcv 3633294 21240233
stats: newphase 6 36
stats: size_sent 3629558 21207392
stats: connected 28 91
# stats: dump at 1339072273
stats: users 6059 6128
stats: {load,"os_mon@test2"} 1 1.0703125 0.0 1.171875 0.83984375 0.9760044642857143 7
stats: {recvpackets,"os_mon@test3"} 1 13155.0 0.0 14694 4952 11307.5 6
stats: {sentpackets,"os_mon@test3"} 1 9734.0 0.0 10131 3388 7749.666666666667 6
stats: {freemem,"os_mon@test2"} 1 1423.609375 0.0 1542.265625 1423.609375 1514.1869419642858 7
stats: {load,"os_mon@test4"} 1 1.30078125 0.0 1.98046875 1.30078125 1.6517857142857142 7
stats: {cpu,"os_mon@test3"} 1 57.194244604316545 0.0 59.64453737584945 2.562814070351759 39.8822656782751 7
stats: {freemem,"os_mon@test4"} 1 1417.0625 0.0 1546.19921875 1417.0625 1520.8504464285713 7
stats: {freemem,"os_mon@myserver"} 1 1372.27734375 0.0 1374.4921875 1372.27734375 1373.697544642857 7
stats: {recvpackets,"os_mon@test2"} 1 13553.0 0.0 14638 5127 11381.833333333334 6
stats: {sentpackets,"os_mon@test2"} 1 10001.0 0.0 10108 3502 7804.833333333333 6
stats: {load,"os_mon@test3"} 1 1.671875 0.0 2.1796875 1.609375 1.7756696428571428 7
stats: {cpu,"os_mon@test2"} 1 51.922064244339126 0.0 56.134020618556704 6.4128256513026045 41.497577103058156 7
stats: {recvpackets,"os_mon@test4"} 1 13513.0 0.0 14697 4975 11318.833333333334 6
stats: {sentpackets,"os_mon@test4"} 1 9992.0 0.0 10132 3405 7758.166666666667 6
stats: {freemem,"os_mon@test3"} 1 1245.29296875 0.0 1393.92578125 1245.29296875 1359.6841517857142 7
stats: {cpu,"os_mon@test4"} 1 70.1392470345539 0.0 70.1392470345539 2.798600699650175 39.79694764047294 7
stats: {load,"os_mon@myserver"} 1 5.23828125 0.0 5.23828125 2.6015625 3.201450892857143 7
stats: {recvpackets,"os_mon@myserver"} 1 13556.0 0.0 14768 5156 11478.666666666666 6
stats: {sentpackets,"os_mon@myserver"} 1 9996.0 0.0 10193 3524 7876.333333333333 6
stats: {cpu,"os_mon@myserver"} 1 59.014232999472846 0.0 59.014232999472846 2.9700478228039264 41.692785199251034 7
stats: session 2547 14037.548363807286 10646.086766170989 49987.73193359375 17.4150390625 4332.214374889228 13665
stats: users_count 2882 22271
stats: finish_users_count 2547 16212
stats: request 26828 1553.9804308839932 4523.85086086198 35201.5810546875 0.968017578125 515.4726425922745 159701
stats: page 2546 13904.253154457965 10513.628504994093 49985.676025390625 15.797119140625 4288.686466883427 13607
stats: connect 26818 1478.5122382566299 4516.658275161339 31180.161865234375 0.27001953125 490.23560839663054 159792
stats: 200 26828 186529
stats: size_rcv 3568124 24808357
stats: newphase 6 42
stats: size_sent 3558582 24765974
stats: connected -10 81
# stats: dump at 1339072283
stats: users 7512 7759
stats: {load,"os_mon@test2"} 1 1.05859375 0.0 1.171875 0.83984375 0.98779296875 8
stats: {recvpackets,"os_mon@test3"} 1 14389.0 0.0 14694 4952 11571.42857142857 7
stats: {sentpackets,"os_mon@test3"} 1 10604.0 0.0 10604 3388 8033.142857142857 7
stats: {freemem,"os_mon@test2"} 1 1410.28125 0.0 1542.265625 1410.28125 1502.86474609375 8
stats: {load,"os_mon@test4"} 1 1.33984375 0.0 1.98046875 1.30078125 1.60791015625 8
stats: {cpu,"os_mon@test3"} 1 76.13577023498695 0.0 76.13577023498695 2.562814070351759 42.04626304403028 8
stats: {freemem,"os_mon@test4"} 1 1402.91015625 0.0 1546.19921875 1402.91015625 1507.876953125 8
stats: {freemem,"os_mon@myserver"} 1 1371.8671875 0.0 1374.4921875 1371.8671875 1373.52001953125 8
stats: {recvpackets,"os_mon@test2"} 1 14348.0 0.0 14638 5127 11692.0 7
stats: {sentpackets,"os_mon@test2"} 1 10577.0 0.0 10577 3502 8118.571428571428 7
stats: {load,"os_mon@test3"} 1 1.6484375 0.0 2.1796875 1.609375 1.7626953125 8
stats: {cpu,"os_mon@test2"} 1 51.53439153439153 0.0 56.134020618556704 6.4128256513026045 42.800637995718276 8
stats: {recvpackets,"os_mon@test4"} 1 14539.0 0.0 14697 4975 11632.285714285714 7
stats: {sentpackets,"os_mon@test4"} 1 10702.0 0.0 10702 3405 8077.285714285715 7
stats: {freemem,"os_mon@test3"} 1 1176.1328125 0.0 1393.92578125 1176.1328125 1345.38525390625 8
stats: {cpu,"os_mon@test4"} 1 53.68146214099217 0.0 70.1392470345539 2.798600699650175 43.58973506473306 8
stats: {load,"os_mon@myserver"} 1 4.890625 0.0 5.23828125 2.6015625 3.4560546875 8
stats: {recvpackets,"os_mon@myserver"} 1 14363.0 0.0 14768 5156 11775.42857142857 7
stats: {sentpackets,"os_mon@myserver"} 1 10696.0 0.0 10696 3524 8179.142857142857 7
stats: {cpu,"os_mon@myserver"} 1 58.32012678288431 0.0 59.014232999472846 2.9700478228039264 43.85796617427876 8
stats: session 2107 13751.492436623086 12253.387303828442 55524.385009765625 17.4150390625 5856.97909668631 16212
stats: users_count 3560 25831
stats: finish_users_count 2107 18319
stats: 200 26417 212946
stats: request 26417 1389.4330015262324 4085.266104040884 35201.5810546875 0.968017578125 664.8386229186057 186529
stats: connect 26423 1343.616858206278 4068.708337371683 31180.161865234375 0.27001953125 632.2623093214763 186610
stats: page 2120 13895.883729639594 12320.899729706001 55522.451904296875 15.797119140625 5804.270741418483 16153
stats: size_rcv 3513461 28321818
stats: newphase 6 48
stats: size_sent 3504757 28270731
stats: connected 6 87
# stats: dump at 1339072293
stats: users 7424 7818
stats: {load,"os_mon@test2"} 1 1.19921875 0.0 1.19921875 0.83984375 0.9956597222222222 9
stats: {recvpackets,"os_mon@test3"} 1 13507.0 0.0 14694 4952 11923.625 8
stats: {sentpackets,"os_mon@test3"} 1 10171.0 0.0 10604 3388 8354.5 8
stats: {freemem,"os_mon@test2"} 1 1374.1484375 0.0 1542.265625 1374.1484375 1492.5776909722222 9
stats: {load,"os_mon@test4"} 1 1.66015625 0.0 1.98046875 1.30078125 1.578125 9
stats: {cpu,"os_mon@test3"} 1 56.87401986408782 0.0 76.13577023498695 2.562814070351759 45.833986065247686 9
stats: {freemem,"os_mon@test4"} 1 1362.7109375 0.0 1546.19921875 1362.7109375 1496.2139756944443 9
stats: {freemem,"os_mon@myserver"} 1 1371.9140625 0.0 1374.4921875 1371.8671875 1373.3363715277778 9
stats: {recvpackets,"os_mon@test2"} 1 13745.0 0.0 14638 5127 12024.0 8
stats: {sentpackets,"os_mon@test2"} 1 10335.0 0.0 10577 3502 8425.875 8
stats: {load,"os_mon@test3"} 1 1.69140625 0.0 2.1796875 1.609375 1.75 9
stats: {cpu,"os_mon@test2"} 1 55.96094552929085 0.0 56.134020618556704 6.4128256513026045 43.77105505557086 9
stats: {recvpackets,"os_mon@test4"} 1 13508.0 0.0 14697 4975 11995.625 8
stats: {sentpackets,"os_mon@test4"} 1 10171.0 0.0 10702 3405 8405.375 8
stats: {freemem,"os_mon@test3"} 1 1143.61328125 0.0 1393.92578125 1143.61328125 1326.5794270833333 9
stats: {cpu,"os_mon@test4"} 1 65.20605112154408 0.0 70.1392470345539 2.798600699650175 44.711038073206296 9
stats: {load,"os_mon@myserver"} 1 5.26953125 0.0 5.26953125 2.6015625 3.615451388888889 9
stats: {recvpackets,"os_mon@myserver"} 1 14732.0 0.0 14768 5156 12098.875 8
stats: {sentpackets,"os_mon@myserver"} 1 10903.0 0.0 10903 3524 8493.75 8
stats: {cpu,"os_mon@myserver"} 1 57.35858715126696 0.0 59.014232999472846 2.9700478228039264 45.46487290856826 9
stats: session 2663 15361.670268145806 12430.69125568072 65575.27197265625 17.4150390625 6764.983879002309 18319
stats: users_count 2575 28406
stats: finish_users_count 2663 20982
stats: request 27052 1680.1249275032626 4521.893548715315 35201.5810546875 0.968017578125 754.7281240112661 212946
stats: page 2646 15335.046318809642 12416.561935617234 65572.7158203125 15.797119140625 6743.044863622214 18273
stats: connect 27058 1488.7482897163327 4496.042074732066 31180.161865234375 0.27001953125 720.4933404067218 213033
stats: 200 27052 239998
stats: size_rcv 3597916 31919734
stats: newphase 6 54
stats: size_sent 3589990 31860721
stats: connected 6 93
stats: error_connect_etimedout 85 85
# stats: dump at 1339072303
stats: users 8749 8880
stats: {load,"os_mon@test2"} 1 1.3984375 0.0 1.3984375 0.83984375 1.016015625 10
stats: {recvpackets,"os_mon@test3"} 1 15213.0 0.0 15213 4952 12099.555555555555 9
stats: {sentpackets,"os_mon@test3"} 1 11425.0 0.0 11425 3388 8556.333333333334 9
stats: {freemem,"os_mon@test2"} 1 1343.87109375 0.0 1542.265625 1343.87109375 1480.734765625 10
stats: {load,"os_mon@test4"} 1 1.48828125 0.0 1.98046875 1.30078125 1.586328125 10
stats: {cpu,"os_mon@test3"} 1 62.87027579162411 0.0 76.13577023498695 2.562814070351759 46.9379894451317 10
stats: {freemem,"os_mon@test4"} 1 1331.4375 0.0 1546.19921875 1331.4375 1482.863671875 10
stats: {freemem,"os_mon@myserver"} 1 1371.52734375 0.0 1374.4921875 1371.52734375 1373.194140625 10
stats: {recvpackets,"os_mon@test2"} 1 14619.0 0.0 14638 5127 12215.222222222223 9
stats: {sentpackets,"os_mon@test2"} 1 10999.0 0.0 10999 3502 8638.0 9
stats: {load,"os_mon@test3"} 1 1.73828125 0.0 2.1796875 1.609375 1.744140625 10
stats: {cpu,"os_mon@test2"} 1 59.27291886195996 0.0 59.27291886195996 6.4128256513026045 44.99004410294286 10
stats: {recvpackets,"os_mon@test4"} 1 14566.0 0.0 14697 4975 12163.666666666666 9
stats: {sentpackets,"os_mon@test4"} 1 10969.0 0.0 10969 3405 8601.555555555555 9
stats: {freemem,"os_mon@test3"} 1 1105.71875 0.0 1393.92578125 1105.71875 1308.2828125 10
stats: {cpu,"os_mon@test4"} 1 71.00468505986466 0.0 71.00468505986466 2.798600699650175 46.76053937804007 10
stats: {load,"os_mon@myserver"} 1 5.37890625 0.0 5.37890625 2.6015625 3.780859375 10
stats: {recvpackets,"os_mon@myserver"} 1 14745.0 0.0 14768 5156 12391.444444444445 9
stats: {sentpackets,"os_mon@myserver"} 1 11254.0 0.0 11254 3524 8761.444444444445 9
stats: {cpu,"os_mon@myserver"} 1 58.845048340736874 0.0 59.014232999472846 2.9700478228039264 46.65424433283813 10
stats: session 2287 15128.696764853834 14505.0538491825 79068.92407226563 17.4150390625 7856.0607951346665 20982
stats: users_count 3612 32018
stats: finish_users_count 2287 23269
stats: request 27711 1316.9667492997005 3928.443299037568 35201.5810546875 0.968017578125 859.0366362824745 239998
stats: page 2252 15010.693307337922 14196.44401038088 79066.66088867188 15.797119140625 7829.828928368421 20919
stats: connect 27688 1247.349709031068 3903.6479089560253 31180.161865234375 0.27001953125 807.0748549925224 240091
stats: 200 27711 267709
stats: size_rcv 3685563 35605297
stats: newphase 5 59
stats: size_sent 3674304 35535025
stats: connected -23 70
stats: error_connect_etimedout 489 574
# stats: dump at 1339072313
stats: users 9450 9769
stats: {load,"os_mon@test2"} 1 1.19140625 0.0 1.3984375 0.83984375 1.05078125 11
stats: {recvpackets,"os_mon@test3"} 1 1.52e4 0.0 15213 4952 12410.9 10
stats: {sentpackets,"os_mon@test3"} 1 11497.0 0.0 11497 3388 8843.2 10
stats: {freemem,"os_mon@test2"} 1 1333.68359375 0.0 1542.265625 1333.68359375 1468.2926136363637 11
stats: {load,"os_mon@test4"} 1 1.48828125 0.0 1.98046875 1.30078125 1.5774147727272727 11
stats: {cpu,"os_mon@test3"} 1 63.25678496868476 0.0 76.13577023498695 2.562814070351759 48.38637911299464 11
stats: {freemem,"os_mon@test4"} 1 1265.53125 0.0 1546.19921875 1265.53125 1469.09765625 11
stats: {freemem,"os_mon@myserver"} 1 1371.28125 0.0 1374.4921875 1371.28125 1373.0426136363637 11
stats: {recvpackets,"os_mon@test2"} 1 15183.0 0.0 15183 5127 12455.6 10
stats: {sentpackets,"os_mon@test2"} 1 11489.0 0.0 11489 3502 8874.1 10
stats: {load,"os_mon@test3"} 1 1.859375 0.0 2.1796875 1.609375 1.7436079545454546 11
stats: {cpu,"os_mon@test2"} 1 45.5020920502092 0.0 59.27291886195996 6.4128256513026045 46.28848726285351 11
stats: {recvpackets,"os_mon@test4"} 1 15210.0 0.0 15210 4975 12403.9 10
stats: {sentpackets,"os_mon@test4"} 1 11502.0 0.0 11502 3405 8838.3 10
stats: {freemem,"os_mon@test3"} 1 1065.9765625 0.0 1393.92578125 1065.9765625 1289.8678977272727 11
stats: {cpu,"os_mon@test4"} 1 80.56410256410257 0.0 80.56410256410257 2.798600699650175 48.96455262184231 11
stats: {load,"os_mon@myserver"} 1 5.25 0.0 5.37890625 2.6015625 3.9261363636363638 11
stats: {recvpackets,"os_mon@myserver"} 1 16575.0 0.0 16575 5156 12626.8 10
stats: {sentpackets,"os_mon@myserver"} 1 12315.0 0.0 12315 3524 9010.7 10
stats: {cpu,"os_mon@myserver"} 1 57.46822033898306 0.0 59.014232999472846 2.9700478228039264 47.7624992426471 11
stats: session 2310 20401.49618665026 21161.542594965693 88691.330078125 17.4150390625 8570.853801398267 23269
stats: users_count 3011 35029
stats: finish_users_count 2310 25579
stats: request 26623 1626.9278744511764 4271.556995115938 35201.5810546875 0.968017578125 906.4377373355597 267709
stats: page 2338 19724.756892325866 20432.100411340532 88689.07202148438 15.797119140625 8527.740394487248 23171
stats: connect 26592 1512.7178438831631 4245.113906939341 32600.717041015625 0.27001953125 852.5987017415927 267779
stats: 200 26623 294332
stats: size_rcv 3540859 39146156
stats: newphase 6 65
stats: size_sent 3530336 39065361
stats: connected -31 39
stats: error_connect_etimedout 645 1219
# stats: dump at 1339072323
stats: users 10752 10755
stats: {load,"os_mon@test2"} 1 1.08984375 0.0 1.3984375 0.83984375 1.0625 12
stats: {recvpackets,"os_mon@test3"} 1 14630.0 0.0 15213 4952 12664.454545454546 11
stats: {sentpackets,"os_mon@test3"} 1 11245.0 0.0 11497 3388 9084.454545454546 11
stats: {freemem,"os_mon@test2"} 1 1306.6953125 0.0 1542.265625 1306.6953125 1457.0751953125 12
stats: {load,"os_mon@test4"} 1 1.48828125 0.0 1.98046875 1.30078125 1.5699869791666667 12
stats: {cpu,"os_mon@test3"} 1 61.31045241809673 0.0 76.13577023498695 2.562814070351759 49.62557960096882 12
stats: {freemem,"os_mon@test4"} 1 1216.5625 0.0 1546.19921875 1216.5625 1452.1337890625 12
stats: {freemem,"os_mon@myserver"} 1 1371.484375 0.0 1374.4921875 1371.28125 1372.8958333333333 12
stats: {recvpackets,"os_mon@test2"} 1 14648.0 0.0 15183 5127 12703.545454545454 11
stats: {sentpackets,"os_mon@test2"} 1 11269.0 0.0 11489 3502 9111.818181818182 11
stats: {load,"os_mon@test3"} 1 1.87890625 0.0 2.1796875 1.609375 1.7532552083333333 12
stats: {cpu,"os_mon@test2"} 1 57.935200439319054 0.0 59.27291886195996 6.4128256513026045 46.22295432846648 12
stats: {recvpackets,"os_mon@test4"} 1 14651.0 0.0 15210 4975 12659.0 11
stats: {sentpackets,"os_mon@test4"} 1 11259.0 0.0 11502 3405 9080.454545454546 11
stats: {freemem,"os_mon@test3"} 1 1029.38671875 0.0 1393.92578125 1029.38671875 1271.2102864583333 12
stats: {cpu,"os_mon@test4"} 1 76.35619242579324 0.0 80.56410256410257 2.798600699650175 51.59784845036399 12
stats: {load,"os_mon@myserver"} 1 5.1484375 0.0 5.37890625 2.6015625 4.036458333333333 12
stats: {recvpackets,"os_mon@myserver"} 1 14023.0 0.0 16575 5156 12985.727272727272 11
stats: {sentpackets,"os_mon@myserver"} 1 11050.0 0.0 12315 3524 9311.09090909091 11
stats: {cpu,"os_mon@myserver"} 1 57.762851976233534 0.0 59.014232999472846 2.9700478228039264 48.57130933400844 12
stats: session 2400 26954.33871144613 26084.534901964187 94620.7451171875 17.4150390625 9639.260850537486 25579
stats: users_count 3702 38731
stats: finish_users_count 2400 27979
stats: request 27370 1492.1872839574053 4062.1220218862604 35201.5810546875 0.968017578125 971.6077117876379 294332
stats: page 2414 25387.158577123428 25069.15472934214 94618.68896484375 15.797119140625 9553.990916732208 25509
stats: connect 27410 1299.398723904303 4001.010146168393 32600.717041015625 0.27001953125 912.2305548379528 294371
stats: 200 27370 321702
stats: size_rcv 3640210 42786366
stats: newphase 5 70
stats: size_sent 3637566 42702927
stats: connected 40 79
stats: error_connect_etimedout 453 1672
# stats: dump at 1339072333
stats: users 10821 10973
stats: {load,"os_mon@test2"} 1 1.30859375 0.0 1.3984375 0.83984375 1.0646033653846154 13
stats: {recvpackets,"os_mon@test3"} 1 16885.0 0.0 16885 4952 12828.25 12
stats: {sentpackets,"os_mon@test3"} 1 12924.0 0.0 12924 3388 9264.5 12
stats: {freemem,"os_mon@test2"} 1 1263.87890625 0.0 1542.265625 1263.87890625 1445.5075120192307 13
stats: {load,"os_mon@test4"} 1 1.33984375 0.0 1.98046875 1.30078125 1.5637019230769231 13
stats: {cpu,"os_mon@test3"} 1 66.89366160293348 0.0 76.13577023498695 2.562814070351759 50.524415971517115 13
stats: {freemem,"os_mon@test4"} 1 1170.62109375 0.0 1546.19921875 1170.62109375 1434.012920673077 13
stats: {freemem,"os_mon@myserver"} 1 1371.2734375 0.0 1374.4921875 1371.2734375 1372.7872596153845 13
stats: {recvpackets,"os_mon@test2"} 1 16488.0 0.0 16488 5127 12865.583333333334 12
stats: {sentpackets,"os_mon@test2"} 1 12666.0 0.0 12666 3502 9291.583333333334 12
stats: {load,"os_mon@test3"} 1 2.140625 0.0 2.1796875 1.609375 1.7629206730769231 13
stats: {cpu,"os_mon@test2"} 1 61.99895887558563 0.0 61.99895887558563 6.4128256513026045 47.1238963369936 13
stats: {recvpackets,"os_mon@test4"} 1 16898.0 0.0 16898 4975 12825.0 12
stats: {sentpackets,"os_mon@test4"} 1 12930.0 0.0 12930 3405 9262.0 12
stats: {freemem,"os_mon@test3"} 1 984.5078125 0.0 1393.92578125 984.5078125 1252.6084735576924 13
stats: {cpu,"os_mon@test4"} 1 74.63617463617463 0.0 80.56410256410257 2.798600699650175 53.50233644847393 13
stats: {load,"os_mon@myserver"} 1 4.8984375 0.0 5.37890625 2.6015625 4.1219951923076925 13
stats: {recvpackets,"os_mon@myserver"} 1 16050.0 0.0 16575 5156 13072.166666666666 12
stats: {sentpackets,"os_mon@myserver"} 1 12362.0 0.0 12362 3524 9456.000000000002 12
stats: {cpu,"os_mon@myserver"} 1 58.368532206969384 0.0 59.014232999472846 2.9700478228039264 49.27835107571806 13
stats: session 2543 27629.60203244435 27584.127837013784 105632.13916015625 17.4150390625 11124.524329081421 27979
stats: users_count 2612 41343
stats: finish_users_count 2543 30522
stats: request 25850 1774.2369872102408 4712.017342588557 35334.512939453125 0.968017578125 1015.8979645379675 321702
stats: page 2549 26221.015330958515 26653.831034273975 105630.78784179688 15.797119140625 10922.800383200152 27923
stats: connect 25832 1693.0470188267266 4679.115566026862 32600.717041015625 0.27001953125 945.2103750079089 321781
stats: 200 25850 347552
stats: size_rcv 3438050 46224416
stats: newphase 5 75
stats: size_sent 3427352 46130279
stats: connected -18 61
stats: error_connect_etimedout 589 2261
# stats: dump at 1339072343
stats: users 11003 11139
stats: {load,"os_mon@test2"} 1 1.421875 0.0 1.421875 0.83984375 1.08203125 14
stats: {recvpackets,"os_mon@test3"} 1 13131.0 0.0 16885 4952 13140.307692307691 13
stats: {sentpackets,"os_mon@test3"} 1 10441.0 0.0 12924 3388 9546.0 13
stats: {freemem,"os_mon@test2"} 1 1231.3203125 0.0 1542.265625 1231.3203125 1432.5340401785713 14
stats: {load,"os_mon@test4"} 1 1.6796875 0.0 1.98046875 1.30078125 1.5477120535714286 14
stats: {cpu,"os_mon@test3"} 1 43.005181347150256 0.0 76.13577023498695 2.562814070351759 51.69364780233257 14
stats: {freemem,"os_mon@test4"} 1 1125.546875 0.0 1546.19921875 1125.546875 1415.19921875 14
stats: {freemem,"os_mon@myserver"} 1 1370.7734375 0.0 1374.4921875 1370.7734375 1372.6791294642858 14
stats: {recvpackets,"os_mon@test2"} 1 13482.0 0.0 16488 5127 13144.23076923077 13
stats: {sentpackets,"os_mon@test2"} 1 10722.0 0.0 12666 3502 9551.153846153846 13
stats: {load,"os_mon@test3"} 1 1.890625 0.0 2.1796875 1.609375 1.7898995535714286 14
stats: {cpu,"os_mon@test2"} 1 61.42932212296374 0.0 61.99895887558563 6.4128256513026045 48.186400804035884 14
stats: {recvpackets,"os_mon@test4"} 1 13154.0 0.0 16898 4975 13138.307692307691 13
stats: {sentpackets,"os_mon@test4"} 1 10460.0 0.0 12930 3405 9544.153846153846 13
stats: {freemem,"os_mon@test3"} 1 980.76171875 0.0 1393.92578125 980.76171875 1233.4584263392858 14
stats: {cpu,"os_mon@test4"} 1 77.50775594622544 0.0 80.56410256410257 2.798600699650175 55.01189631902398 14
stats: {load,"os_mon@myserver"} 1 4.5390625 0.0 5.37890625 2.6015625 4.177455357142857 14
stats: {recvpackets,"os_mon@myserver"} 1 14909.0 0.0 16575 5156 13301.23076923077 13
stats: {sentpackets,"os_mon@myserver"} 1 11621.0 0.0 12362 3524 9679.538461538465 13
stats: {cpu,"os_mon@myserver"} 1 57.8125 0.0 59.014232999472846 2.9700478228039264 49.92764972795029 14
stats: session 2613 27657.360366698635 28096.400749764278 114138.99584960938 17.4150390625 12499.677091012223 30522
stats: users_count 2795 44138
stats: finish_users_count 2613 33135
stats: request 27287 1725.6423557885532 4680.532188001647 35334.512939453125 0.968017578125 1072.3012185433486 347552
stats: page 2579 27140.126915164386 27590.518951789854 114137.01391601563 15.797119140625 12202.504698697527 30472
stats: connect 27307 1591.6400462131812 4639.443761008832 32600.717041015625 0.27001953125 1000.7840048293705 347613
stats: 200 27287 374839
stats: size_rcv 3629171 49853587
stats: newphase 5 80
stats: size_sent 3623174 49753453
stats: connected 20 81
stats: error_connect_etimedout 580 2841
# stats: dump at 1339072353
stats: users 12006 12196
stats: {load,"os_mon@test2"} 1 1.44140625 0.0 1.44140625 0.83984375 1.1046875 15
stats: {recvpackets,"os_mon@test3"} 1 18074.0 0.0 18074 4952 13139.642857142857 14
stats: {sentpackets,"os_mon@test3"} 1 13913.0 0.0 13913 3388 9609.92857142857 14
stats: {freemem,"os_mon@test2"} 1 1210.6796875 0.0 1542.265625 1210.6796875 1419.1197916666667 15
stats: {load,"os_mon@test4"} 1 1.71875 0.0 1.98046875 1.30078125 1.5565104166666666 15
stats: {cpu,"os_mon@test3"} 1 74.13347128815313 0.0 76.13577023498695 2.562814070351759 51.114416705320416 15
stats: {freemem,"os_mon@test4"} 1 1097.09765625 0.0 1546.19921875 1097.09765625 1395.8890625 15
stats: {freemem,"os_mon@myserver"} 1 1370.90234375 0.0 1374.4921875 1370.7734375 1372.5520833333333 15
stats: {recvpackets,"os_mon@test2"} 1 18185.0 0.0 18185 5127 13168.357142857143 14
stats: {sentpackets,"os_mon@test2"} 1 13945.0 0.0 13945 3502 9634.785714285714 14
stats: {load,"os_mon@test3"} 1 1.91015625 0.0 2.1796875 1.609375 1.7966145833333333 15
stats: {cpu,"os_mon@test2"} 1 53.33680917622523 0.0 61.99895887558563 6.4128256513026045 49.06926222529774 15
stats: {recvpackets,"os_mon@test4"} 1 18076.0 0.0 18076 4975 13139.42857142857 14
stats: {sentpackets,"os_mon@test4"} 1 13917.0 0.0 13917 3405 9609.57142857143 14
stats: {freemem,"os_mon@test3"} 1 918.7890625 0.0 1393.92578125 918.7890625 1216.6119791666667 15
stats: {cpu,"os_mon@test4"} 1 67.47114375655823 0.0 80.56410256410257 2.798600699650175 56.51162029417074 15
stats: {load,"os_mon@myserver"} 1 5.12890625 0.0 5.37890625 2.6015625 4.2015625 15
stats: {recvpackets,"os_mon@myserver"} 1 17615.0 0.0 17615 5156 13416.07142857143 14
stats: {sentpackets,"os_mon@myserver"} 1 13742.0 0.0 13742 3524 9818.21428571429 14
stats: {cpu,"os_mon@myserver"} 1 58.512616201859224 0.0 59.014232999472846 2.9700478228039264 50.453306412753605 15
stats: session 2465 29278.73152524007 29748.3865423929 125054.77709960938 17.4150390625 13695.000054626787 33135
stats: users_count 3468 47606
stats: finish_users_count 2465 35600
stats: request 27970 1650.6810406430832 4481.694195982325 38694.2861328125 0.968017578125 1119.8622237002555 374839
stats: page 2466 27381.63520796904 28371.711426209553 125045.34594726563 15.797119140625 13368.101131370307 33051
stats: connect 27992 1507.7055924059227 4449.862193350423 32600.717041015625 0.27001953125 1043.8185346545804 374920
stats: 200 27970 402809
stats: size_rcv 3720010 53573597
stats: newphase 5 85
stats: size_sent 3713240 53466693
stats: connected 21 102
stats: error_connect_etimedout 750 3591
# stats: dump at 1339072363
stats: users 13029 13030
stats: {load,"os_mon@test2"} 1 1.2890625 0.0 1.44140625 0.83984375 1.125732421875 16
stats: {recvpackets,"os_mon@test3"} 1 16985.0 0.0 18074 4952 13468.6 15
stats: {sentpackets,"os_mon@test3"} 1 13166.0 0.0 13913 3388 9896.8 15
stats: {freemem,"os_mon@test2"} 1 1176.7265625 0.0 1542.265625 1176.7265625 1406.09228515625 16
stats: {load,"os_mon@test4"} 1 1.69140625 0.0 1.98046875 1.30078125 1.566650390625 16
stats: {cpu,"os_mon@test3"} 1 60.39340776182881 0.0 76.13577023498695 2.562814070351759 52.55310761674746 16
stats: {freemem,"os_mon@test4"} 1 1031.86328125 0.0 1546.19921875 1031.86328125 1377.214599609375 16
stats: {freemem,"os_mon@myserver"} 1 1371.51953125 0.0 1374.4921875 1370.7734375 1372.448974609375 16
stats: {recvpackets,"os_mon@test2"} 1 17141.0 0.0 18185 5127 13502.8 15
stats: {sentpackets,"os_mon@test2"} 1 13271.0 0.0 13945 3502 9922.133333333333 15
stats: {load,"os_mon@test3"} 1 2.0 0.0 2.1796875 1.609375 1.8037109375 16
stats: {cpu,"os_mon@test2"} 1 58.37245696400626 0.0 61.99895887558563 6.4128256513026045 49.33598390973071 16
stats: {recvpackets,"os_mon@test4"} 1 16969.0 0.0 18076 4975 13468.533333333333 15
stats: {sentpackets,"os_mon@test4"} 1 13153.0 0.0 13917 3405 9896.733333333334 15
stats: {freemem,"os_mon@test3"} 1 895.6328125 0.0 1393.92578125 895.6328125 1197.998046875 16
stats: {cpu,"os_mon@test4"} 1 79.6002050230651 0.0 80.56410256410257 2.798600699650175 57.19659051056996 16
stats: {load,"os_mon@myserver"} 1 5.171875 0.0 5.37890625 2.6015625 4.259521484375 16
stats: {recvpackets,"os_mon@myserver"} 1 18009.0 0.0 18009 5156 13696.0 15
stats: {sentpackets,"os_mon@myserver"} 1 13878.0 0.0 13878 3524 10079.800000000005 15
stats: {cpu,"os_mon@myserver"} 1 58.184210526315795 0.0 59.014232999472846 2.9700478228039264 50.95701327457271 16
stats: session 2417 31617.224086750415 31169.677382242913 126765.08276367188 17.4150390625 14774.04213538695 35600
stats: users_count 3440 51046
stats: finish_users_count 2417 38017
stats: request 27874 1715.5131647625037 4522.374062320565 38694.2861328125 0.968017578125 1156.720889494443 402809
stats: page 2466 29831.00532248343 30077.31286451335 126763.67211914063 15.797119140625 14341.082380712665 35517
stats: connect 27868 1577.496334307533 4507.586147447883 32600.717041015625 0.27001953125 1076.046729696117 402912
stats: 200 27874 430683
stats: size_rcv 3707242 57280839
stats: newphase 5 90
stats: size_sent 3700940 57167633
stats: connected -6 96
stats: error_connect_etimedout 838 4429
# stats: dump at 1339072373
stats: users 12988 13885
stats: {load,"os_mon@test2"} 1 1.328125 0.0 1.44140625 0.83984375 1.1353400735294117 17
stats: {recvpackets,"os_mon@test3"} 1 17566.0 0.0 18074 4952 13688.375 16
stats: {sentpackets,"os_mon@test3"} 1 13918.0 0.0 13918 3388 10101.125 16
stats: {freemem,"os_mon@test2"} 1 1164.67578125 0.0 1542.265625 1164.67578125 1392.6001838235295 17
stats: {load,"os_mon@test4"} 1 2.2109375 0.0 2.2109375 1.30078125 1.5739889705882353 17
stats: {cpu,"os_mon@test3"} 1 69.09937888198758 0.0 76.13577023498695 2.562814070351759 53.014301742928716 17
stats: {freemem,"os_mon@test4"} 1 961.37109375 0.0 1546.19921875 961.37109375 1356.8998161764705 17
stats: {freemem,"os_mon@myserver"} 1 1371.09375 0.0 1374.4921875 1370.7734375 1372.3943014705883 17
stats: {recvpackets,"os_mon@test2"} 1 17320.0 0.0 18185 5127 13730.1875 16
stats: {sentpackets,"os_mon@test2"} 1 13741.0 0.0 13945 3502 10131.4375 16
stats: {load,"os_mon@test3"} 1 2.0 0.0 2.1796875 1.609375 1.8152573529411764 17
stats: {cpu,"os_mon@test2"} 1 48.554913294797686 0.0 61.99895887558563 6.4128256513026045 49.867541148217505 17
stats: {recvpackets,"os_mon@test4"} 1 17641.0 0.0 18076 4975 13687.3125 16
stats: {sentpackets,"os_mon@test4"} 1 13974.0 0.0 13974 3405 10100.25 16
stats: {freemem,"os_mon@test3"} 1 832.1328125 0.0 1393.92578125 832.1328125 1180.211856617647 17
stats: {cpu,"os_mon@test4"} 1 81.56137647663071 0.0 81.56137647663071 2.798600699650175 58.51445018777556 17
stats: {load,"os_mon@myserver"} 1 4.8984375 0.0 5.37890625 2.6015625 4.313189338235294 17
stats: {recvpackets,"os_mon@myserver"} 1 18109.0 0.0 18109 5156 13965.5625 16
stats: {sentpackets,"os_mon@myserver"} 1 14169.0 0.0 14169 3524 10317.187500000004 16
stats: {cpu,"os_mon@myserver"} 1 57.58703162370449 0.0 59.014232999472846 2.9700478228039264 51.382142524675245 17
stats: session 2533 31429.3722274184 32065.49562991841 138892.00415039063 17.4150390625 15844.878097626093 38017
stats: users_count 2492 53538
stats: finish_users_count 2533 40550
stats: request 26176 1763.739502046393 4683.5248180224635 38694.2861328125 0.968017578125 1192.8861801625724 430683
stats: page 2497 30189.30202727648 31132.16486562894 137054.48388671875 15.797119140625 15346.746756207142 37983
stats: connect 26185 1602.7592709476992 4617.7987043263165 32600.717041015625 0.27001953125 1108.486484516004 430780
stats: 200 26176 456859
stats: size_rcv 3481408 60762247
stats: newphase 5 95
stats: size_sent 3475739 60643372
stats: connected 9 105
stats: error_connect_etimedout 908 5337
# stats: dump at 1339072383
stats: users 14952 14969
stats: {load,"os_mon@test2"} 1 1.58984375 0.0 1.58984375 0.83984375 1.1460503472222223 18
stats: {recvpackets,"os_mon@test3"} 1 15570.0 0.0 18074 4952 13916.470588235294 17
stats: {sentpackets,"os_mon@test3"} 1 12527.0 0.0 13918 3388 10325.64705882353 17
stats: {freemem,"os_mon@test2"} 1 1107.8203125 0.0 1542.265625 1107.8203125 1379.937717013889 18
stats: {load,"os_mon@test4"} 1 2.5703125 0.0 2.5703125 1.30078125 1.609375 18
stats: {cpu,"os_mon@test3"} 1 57.66045548654244 0.0 76.13577023498695 2.562814070351759 53.9079171395431 18
stats: {freemem,"os_mon@test4"} 1 939.40625 0.0 1546.19921875 939.40625 1334.925998263889 18
stats: {freemem,"os_mon@myserver"} 1 1371.17578125 0.0 1374.4921875 1370.7734375 1372.322048611111 18
stats: {recvpackets,"os_mon@test2"} 1 15503.0 0.0 18185 5127 13941.35294117647 17
stats: {sentpackets,"os_mon@test2"} 1 12490.0 0.0 13945 3502 10343.764705882353 17
stats: {load,"os_mon@test3"} 1 1.76171875 0.0 2.1796875 1.609375 1.8255208333333333 18
stats: {cpu,"os_mon@test2"} 1 61.78310740354536 0.0 61.99895887558563 6.4128256513026045 49.79461737858307 18
stats: {recvpackets,"os_mon@test4"} 1 15522.0 0.0 18076 4975 13919.882352941177 17
stats: {sentpackets,"os_mon@test4"} 1 12490.0 0.0 13974 3405 10328.117647058823 17
stats: {freemem,"os_mon@test3"} 1 796.46875 0.0 1393.92578125 796.46875 1160.8741319444443 18
stats: {cpu,"os_mon@test4"} 1 69.87381703470031 0.0 81.56137647663071 2.798600699650175 59.79483498160084 18
stats: {load,"os_mon@myserver"} 1 4.53125 0.0 5.37890625 2.6015625 4.345703125 18
stats: {recvpackets,"os_mon@myserver"} 1 15655.0 0.0 18109 5156 14209.29411764706 17
stats: {sentpackets,"os_mon@myserver"} 1 12947.0 0.0 14169 3524 10543.764705882357 17
stats: {cpu,"os_mon@myserver"} 1 58.306431586789174 0.0 59.014232999472846 2.9700478228039264 51.72685858573243 18
stats: session 2131 36062.04453063138 32463.908870142517 143885.56494140625 17.4150390625 16818.380529950726 40550
stats: users_count 4095 57633
stats: finish_users_count 2131 42681
stats: request 24876 1944.9773272305642 5166.587640846322 39110.219970703125 0.968017578125 1225.593550606475 456859
stats: page 2152 34298.738126166194 31739.746879692764 143884.07592773438 15.797119140625 16262.306551460604 40480
stats: connect 24891 1812.4213566168023 5146.190740094633 32600.717041015625 0.27001953125 1136.8092946058664 456965
stats: 200 24876 481735
stats: size_rcv 3308508 64070755
stats: newphase 5 100
stats: size_sent 3303881 63947253
stats: connected 15 120
stats: error_connect_etimedout 1058 6395
# stats: dump at 1339072393
stats: users 15141 15168
stats: {load,"os_mon@test2"} 1 1.33984375 0.0 1.58984375 0.83984375 1.169407894736842 19
stats: {recvpackets,"os_mon@test3"} 1 19237.0 0.0 19237 4952 14008.333333333334 18
stats: {sentpackets,"os_mon@test3"} 1 14919.0 0.0 14919 3388 10447.944444444445 18
stats: {freemem,"os_mon@test2"} 1 1073.95703125 0.0 1542.265625 1073.95703125 1365.6157483552631 19
stats: {load,"os_mon@test4"} 1 2.328125 0.0 2.5703125 1.30078125 1.659950657894737 19
stats: {cpu,"os_mon@test3"} 1 78.11048012390295 0.0 78.11048012390295 2.562814070351759 54.10541915780622 19
stats: {freemem,"os_mon@test4"} 1 902.1796875 0.0 1546.19921875 902.1796875 1314.1091694078948 19
stats: {freemem,"os_mon@myserver"} 1 1371.1796875 0.0 1374.4921875 1370.7734375 1372.26171875 19
stats: {recvpackets,"os_mon@test2"} 1 19274.0 0.0 19274 5127 14028.111111111111 18
stats: {sentpackets,"os_mon@test2"} 1 15021.0 0.0 15021 3502 10463.0 18
stats: {load,"os_mon@test3"} 1 1.890625 0.0 2.1796875 1.609375 1.8221628289473684 19
stats: {cpu,"os_mon@test2"} 1 55.35055350553506 0.0 61.99895887558563 6.4128256513026045 50.425590537791614 19
stats: {recvpackets,"os_mon@test4"} 1 19243.0 0.0 19243 4975 14008.888888888889 18
stats: {sentpackets,"os_mon@test4"} 1 14923.0 0.0 14923 3405 10448.222222222223 18
stats: {freemem,"os_mon@test3"} 1 714.24609375 0.0 1393.92578125 714.24609375 1141.6949013157894 19
stats: {cpu,"os_mon@test4"} 1 65.72327044025157 0.0 81.56137647663071 2.798600699650175 60.32530772123766 19
stats: {load,"os_mon@myserver"} 1 4.1484375 0.0 5.37890625 2.6015625 4.35546875 19
stats: {recvpackets,"os_mon@myserver"} 1 20310.0 0.0 20310 5156 14289.611111111111 18
stats: {sentpackets,"os_mon@myserver"} 1 15769.0 0.0 15769 3524 10677.277777777781 18
stats: {cpu,"os_mon@myserver"} 1 59.24684034046943 0.0 59.24684034046943 2.9700478228039264 52.07315190157752 19
stats: session 2495 37973.98964559977 35244.28797968927 166634.02905273438 17.4150390625 17779.18857065855 42681
stats: users_count 2684 60317
stats: finish_users_count 2495 45176
stats: request 26374 1779.5370259058286 4968.678313153852 39110.219970703125 0.968017578125 1262.7413410458262 481735
stats: page 2477 36373.934270582315 34520.11773049449 166632.171875 15.797119140625 17172.758811471074 42632
stats: connect 26355 1668.1426779118644 4934.743035968184 32600.717041015625 0.27001953125 1171.7090568491801 481856
stats: 200 26374 508109
stats: size_rcv 3507742 67578497
stats: newphase 5 105
stats: size_sent 3497609 67444862
stats: connected -19 101
stats: error_connect_etimedout 1066 7461
# stats: dump at 1339072393
stats: users 15012 15168
stats: {load,"os_mon@test2"} 0 0 0 1.58984375 0.83984375 1.1779296875 20
stats: {recvpackets,"os_mon@test3"} 0 0 0 19237 4952 14283.526315789473 19
stats: {sentpackets,"os_mon@test3"} 0 0 0 14919 3388 10683.263157894737 19
stats: {freemem,"os_mon@test2"} 0 0 0 1542.265625 1073.95703125 1351.0328125 20
stats: {load,"os_mon@test4"} 0 0 0 2.5703125 1.30078125 1.693359375 20
stats: {cpu,"os_mon@test3"} 0 0 0 78.11048012390295 2.562814070351759 55.305672206111055 20
stats: {freemem,"os_mon@test4"} 0 0 0 1546.19921875 902.1796875 1293.5126953125 20
stats: {freemem,"os_mon@myserver"} 0 0 0 1374.4921875 1370.7734375 1372.2076171875 20
stats: {recvpackets,"os_mon@test2"} 0 0 0 19274 5127 14304.21052631579 19
stats: {sentpackets,"os_mon@test2"} 0 0 0 15021 3502 10702.894736842105 19
stats: {load,"os_mon@test3"} 0 0 0 2.1796875 1.609375 1.8255859375 20
stats: {cpu,"os_mon@test2"} 0 0 0 61.99895887558563 6.4128256513026045 50.67183868617879 20
stats: {recvpackets,"os_mon@test4"} 0 0 0 19243 4975 14284.368421052632 19
stats: {sentpackets,"os_mon@test4"} 0 0 0 14923 3405 10683.736842105263 19
stats: {freemem,"os_mon@test3"} 0 0 0 1393.92578125 714.24609375 1120.3224609374997 20
stats: {cpu,"os_mon@test4"} 0 0 0 81.56137647663071 2.798600699650175 60.595205857188354 20
stats: {load,"os_mon@myserver"} 0 0 0 5.37890625 2.6015625 4.3451171875 20
stats: {recvpackets,"os_mon@myserver"} 0 0 0 20310 5156 14606.473684210527 19
stats: {sentpackets,"os_mon@myserver"} 0 0 0 15769 3524 10945.26315789474 19
stats: {cpu,"os_mon@myserver"} 0 0 0 59.24684034046943 2.9700478228039264 52.43183632352211 20
stats: session 130 46571.95062913162 37187.30976974166 166634.02905273438 17.4150390625 18894.515927706063 45176
stats: users_count 1 60318
stats: finish_users_count 130 45306
stats: 200 1884 509993
stats: request 1884 1337.4576847538058 4148.499397793408 39110.219970703125 0.968017578125 1289.566233721409 508109
stats: page 150 38385.21449381511 34907.57021041369 166632.171875 15.797119140625 18227.122943068287 45109
stats: connect 1882 1234.1364938085317 4085.2329008012534 32600.717041015625 0.27001953125 1197.4533010373364 508211
stats: size_rcv 250572 67829069
stats: newphase 0 105
stats: size_sent 249654 67694516
stats: connected -2 99
stats: error_connect_etimedout 87 7548
stats: error_abort 1 1
EndMonitor:{1339,72393,928250}
