# stats: dump at 1338913333
stats: users 0 0
# stats: dump at 1338913343
stats: users 8 11
stats: {load,"os_mon@test2"} 1 1.26171875 0 1.26171875 1.26171875 0 0
stats: {freemem,"os_mon@test2"} 1 1486.06640625 0 1486.06640625 1486.06640625 0 0
stats: {cpu,"os_mon@test3"} 1 3.643724696356275 0 3.643724696356275 3.643724696356275 0 0
stats: {load,"os_mon@test4"} 1 1.9609375 0 1.9609375 1.9609375 0 0
stats: {freemem,"os_mon@test4"} 1 1407.52734375 0 1407.52734375 1407.52734375 0 0
stats: {freemem,"os_mon@myserver"} 1 1041.8828125 0 1041.8828125 1041.8828125 0 0
stats: {load,"os_mon@test3"} 1 1.0703125 0 1.0703125 1.0703125 0 0
stats: {cpu,"os_mon@test2"} 1 2.374936836786256 0 2.374936836786256 2.374936836786256 0 0
stats: {freemem,"os_mon@test3"} 1 1464.66015625 0 1464.66015625 1464.66015625 0 0
stats: {cpu,"os_mon@test4"} 1 1.7632241813602016 0 1.7632241813602016 1.7632241813602016 0 0
stats: {load,"os_mon@myserver"} 1 4.73046875 0 4.73046875 4.73046875 0 0
stats: {cpu,"os_mon@myserver"} 1 2.137948587426826 0 2.137948587426826 2.137948587426826 0 0
stats: session 544 28.357470792882584 43.03256885976588 1025.87890625 18.76318359375 0 0
stats: users_count 552 552
stats: finish_users_count 544 544
stats: 200 5450 5450
stats: request 5449 2.4834776969541483 13.537305688714868 999.8369140625 1.2509765625 0 0
stats: page 543 26.222432342023474 43.06576681036601 1023.93896484375 17.449951171875 0 0
stats: connect 5452 1.1525297661695282 13.511327507205609 998.298095703125 0.366943359375 0 0
stats: size_rcv 831544 831544
stats: size_sent 723116 723116
stats: connected 3 3
# stats: dump at 1338913353
stats: users 13 36
stats: {load,"os_mon@test2"} 1 1.1484375 0.0 1.26171875 1.1484375 1.26171875 1
stats: {recvpackets,"os_mon@test3"} 1 3377 0 3377 3377 0 0
stats: {sentpackets,"os_mon@test3"} 1 2326 0 2326 2326 0 0
stats: {freemem,"os_mon@test2"} 1 1498.40234375 0.0 1498.40234375 1486.06640625 1486.06640625 1
stats: {cpu,"os_mon@test3"} 1 20.327700972862264 0.0 20.327700972862264 3.643724696356275 3.643724696356275 1
stats: {load,"os_mon@test4"} 1 1.66015625 0.0 1.9609375 1.66015625 1.9609375 1
stats: {freemem,"os_mon@test4"} 1 1423.3515625 0.0 1423.3515625 1407.52734375 1407.52734375 1
stats: {freemem,"os_mon@myserver"} 1 1060.79296875 0.0 1060.79296875 1041.8828125 1041.8828125 1
stats: {recvpackets,"os_mon@test2"} 1 3414 0 3414 3414 0 0
stats: {sentpackets,"os_mon@test2"} 1 2356 0 2356 2356 0 0
stats: {load,"os_mon@test3"} 1 1.12890625 0.0 1.12890625 1.0703125 1.0703125 1
stats: {cpu,"os_mon@test2"} 1 11.526794742163801 0.0 11.526794742163801 2.374936836786256 2.374936836786256 1
stats: {freemem,"os_mon@test3"} 1 1480.6171875 0.0 1480.6171875 1464.66015625 1464.66015625 1
stats: {recvpackets,"os_mon@test4"} 1 3400 0 3400 3400 0 0
stats: {sentpackets,"os_mon@test4"} 1 2344 0 2344 2344 0 0
stats: {cpu,"os_mon@test4"} 1 10.496957403651114 0.0 10.496957403651114 1.7632241813602016 1.7632241813602016 1
stats: {load,"os_mon@myserver"} 1 4.01171875 0.0 4.73046875 4.01171875 4.73046875 1
stats: {recvpackets,"os_mon@myserver"} 1 3587 0 3587 3587 0 0
stats: {sentpackets,"os_mon@myserver"} 1 2469 0 2469 2469 0 0
stats: {cpu,"os_mon@myserver"} 1 21.673101673101673 0.0 21.673101673101673 2.137948587426826 2.137948587426826 1
stats: session 1547 69.0574667892998 337.996685683805 11169.598876953125 18.76318359375 28.357470792882584 544
stats: users_count 1552 2104
stats: finish_users_count 1547 2091
stats: 200 15446 20896
stats: request 15447 6.573979730211577 107.31520415198753 11144.320068359375 1.246826171875 2.4834776969541483 5449
stats: page 1540 67.2972784661628 338.7584702878704 11167.2958984375 17.449951171875 26.222432342023474 543
stats: connect 15450 1.871840156629249 26.61769660298853 999.77099609375 0.366943359375 1.1525297661695282 5452
stats: size_rcv 2260696 3092240
stats: newphase 6 6
stats: size_sent 2051846 2774962
stats: connected 3 6
# stats: dump at 1338913363
stats: users 272 273
stats: {load,"os_mon@test2"} 1 1.0390625 0.0 1.26171875 1.0390625 1.205078125 2
stats: {recvpackets,"os_mon@test3"} 1 7595.0 0.0 7595 3377 3377.0 1
stats: {sentpackets,"os_mon@test3"} 1 5095.0 0.0 5095 2326 2326.0 1
stats: {freemem,"os_mon@test2"} 1 1505.96484375 0.0 1505.96484375 1486.06640625 1492.234375 2
stats: {cpu,"os_mon@test3"} 1 39.721792890262755 0.0 39.721792890262755 3.643724696356275 11.98571283460927 2
stats: {load,"os_mon@test4"} 1 1.48828125 0.0 1.9609375 1.48828125 1.810546875 2
stats: {freemem,"os_mon@test4"} 1 1433.55859375 0.0 1433.55859375 1407.52734375 1415.439453125 2
stats: {freemem,"os_mon@myserver"} 1 1070.32421875 0.0 1070.32421875 1041.8828125 1051.337890625 2
stats: {recvpackets,"os_mon@test2"} 1 7591.0 0.0 7591 3414 3414.0 1
stats: {sentpackets,"os_mon@test2"} 1 5092.0 0.0 5092 2356 2356.0 1
stats: {load,"os_mon@test3"} 1 1.109375 0.0 1.12890625 1.0703125 1.099609375 2
stats: {cpu,"os_mon@test2"} 1 32.68542199488491 0.0 32.68542199488491 2.374936836786256 6.950865789475029 2
stats: {freemem,"os_mon@test3"} 1 1486.94921875 0.0 1486.94921875 1464.66015625 1472.638671875 2
stats: {recvpackets,"os_mon@test4"} 1 7586.0 0.0 7586 3400 3.4e3 1
stats: {sentpackets,"os_mon@test4"} 1 5090.0 0.0 5090 2344 2344.0 1
stats: {cpu,"os_mon@test4"} 1 30.114226375908622 0.0 30.114226375908622 1.7632241813602016 6.1300907925056585 2
stats: {load,"os_mon@myserver"} 1 3.5390625 0.0 4.73046875 3.5390625 4.37109375 2
stats: {recvpackets,"os_mon@myserver"} 1 7670.0 0.0 7670 3587 3587.0 1
stats: {sentpackets,"os_mon@myserver"} 1 5141.0 0.0 5141 2469 2469.0 1
stats: {cpu,"os_mon@myserver"} 1 48.892363825905655 0.0 48.892363825905655 2.137948587426826 11.90552513026425 2
stats: session 2268 288.0393126687886 427.05321262264675 11169.598876953125 18.76318359375 58.46884994470345 2091
stats: users_count 2527 4631
stats: finish_users_count 2268 4359
stats: request 23805 31.295841127783028 151.04230572508663 12758.85400390625 1.246826171875 5.507309287101903 20896
stats: page 2273 285.1026796608625 426.7161773896679 11167.2958984375 17.449951171875 56.58981737859311 2083
stats: connect 23924 16.110438466929125 108.79731601351745 3001.343994140625 0.366943359375 1.6842179076202355 20902
stats: 200 23816 44712
stats: size_rcv 3256614 6348854
stats: newphase 6 12
stats: size_sent 3176852 5951814
stats: connected 119 125
# stats: dump at 1338913373
stats: users 1048 1048
stats: {load,"os_mon@test2"} 1 0.9609375 0.0 1.26171875 0.9609375 1.1497395833333333 3
stats: {recvpackets,"os_mon@test3"} 1 11277.0 0.0 11277 3377 5486.0 2
stats: {sentpackets,"os_mon@test3"} 1 7538.0 0.0 7538 2326 3710.5 2
stats: {freemem,"os_mon@test2"} 1 1504.15234375 0.0 1505.96484375 1486.06640625 1496.8111979166667 3
stats: {cpu,"os_mon@test3"} 1 51.80598555211559 0.0 51.80598555211559 3.643724696356275 21.23107285316043 3
stats: {load,"os_mon@test4"} 1 1.328125 0.0 1.9609375 1.328125 1.703125 3
stats: {freemem,"os_mon@test4"} 1 1430.50390625 0.0 1433.55859375 1407.52734375 1421.4791666666667 3
stats: {freemem,"os_mon@myserver"} 1 1072.90625 0.0 1072.90625 1041.8828125 1057.6666666666667 3
stats: {recvpackets,"os_mon@test2"} 1 11299.0 0.0 11299 3414 5502.5 2
stats: {sentpackets,"os_mon@test2"} 1 7554.0 0.0 7554 2356 3724.0 2
stats: {load,"os_mon@test3"} 1 1.08984375 0.0 1.12890625 1.0703125 1.1028645833333333 3
stats: {cpu,"os_mon@test2"} 1 47.788065843621396 0.0 47.788065843621396 2.374936836786256 15.529051191278322 3
stats: {freemem,"os_mon@test3"} 1 1483.44140625 0.0 1486.94921875 1464.66015625 1477.4088541666667 3
stats: {recvpackets,"os_mon@test4"} 1 11281.0 0.0 11281 3400 5493.0 2
stats: {sentpackets,"os_mon@test4"} 1 7543.0 0.0 7543 2344 3717.0 2
stats: {cpu,"os_mon@test4"} 1 41.86046511627907 0.0 41.86046511627907 1.7632241813602016 14.12480265363998 3
stats: {load,"os_mon@myserver"} 1 3.7890625 0.0 4.73046875 3.5390625 4.09375 3
stats: {recvpackets,"os_mon@myserver"} 1 11458.0 0.0 11458 3587 5628.5 2
stats: {sentpackets,"os_mon@myserver"} 1 7662.0 0.0 7662 2469 3805.0 2
stats: {cpu,"os_mon@myserver"} 1 71.27877237851662 0.0 71.27877237851662 2.137948587426826 24.234471362144717 3
stats: session 2516 1647.602871990356 1084.5899011016472 26893.783935546875 18.76318359375 177.91500949006365 4359
stats: users_count 3292 7923
stats: finish_users_count 2516 6875
stats: request 27621 181.57048392258787 292.43079190132886 12758.85400390625 1.246826171875 19.240693338183853 44701
stats: page 2464 1621.6268591942714 1076.2779502876215 26892.262939453125 17.449951171875 175.8298853234045 4356
stats: connect 27983 100.86704979955793 241.91830398361054 3086.263916015625 0.366943359375 9.38360890081405 44826
stats: 200 27705 72417
stats: size_rcv 3524526 9873380
stats: newphase 6 18
stats: size_sent 3709165 9660979
stats: connected 362 487
# stats: dump at 1338913383
stats: users 3317 3317
stats: {load,"os_mon@test2"} 1 1.0390625 0.0 1.26171875 0.9609375 1.1025390625 4
stats: {recvpackets,"os_mon@test3"} 1 13748.0 0.0 13748 3377 7416.333333333333 3
stats: {sentpackets,"os_mon@test3"} 1 9162.0 0.0 9162 2326 4986.333333333333 3
stats: {freemem,"os_mon@test2"} 1 1492.84375 0.0 1505.96484375 1486.06640625 1498.646484375 4
stats: {cpu,"os_mon@test3"} 1 56.81341719077568 0.0 56.81341719077568 3.643724696356275 28.87480102789922 4
stats: {load,"os_mon@test4"} 1 1.359375 0.0 1.9609375 1.328125 1.609375 4
stats: {freemem,"os_mon@test4"} 1 1419.671875 0.0 1433.55859375 1407.52734375 1423.7353515625 4
stats: {freemem,"os_mon@myserver"} 1 1068.96484375 0.0 1072.90625 1041.8828125 1061.4765625 4
stats: {recvpackets,"os_mon@test2"} 1 13739.0 0.0 13739 3414 7434.666666666667 3
stats: {sentpackets,"os_mon@test2"} 1 9155.0 0.0 9155 2356 5000.666666666667 3
stats: {load,"os_mon@test3"} 1 1.078125 0.0 1.12890625 1.0703125 1.099609375 4
stats: {cpu,"os_mon@test2"} 1 53.28165374677003 0.0 53.28165374677003 2.374936836786256 23.59380485436409 4
stats: {freemem,"os_mon@test3"} 1 1470.00390625 0.0 1486.94921875 1464.66015625 1478.9169921875 4
stats: {recvpackets,"os_mon@test4"} 1 13740.0 0.0 13740 3400 7422.333333333333 3
stats: {sentpackets,"os_mon@test4"} 1 9155.0 0.0 9155 2344 4992.333333333333 3
stats: {cpu,"os_mon@test4"} 1 50.90720580611716 0.0 50.90720580611716 1.7632241813602016 21.058718269299753 4
stats: {load,"os_mon@myserver"} 1 4.4296875 0.0 4.73046875 3.5390625 4.017578125 4
stats: {recvpackets,"os_mon@myserver"} 1 15393.0 0.0 15393 3587 7571.666666666667 3
stats: {sentpackets,"os_mon@myserver"} 1 10257.0 0.0 10257 2469 5090.666666666667 3
stats: {cpu,"os_mon@myserver"} 1 77.7327935222672 0.0 77.7327935222672 2.137948587426826 35.99554661623769 4
stats: session 2109 4562.383472918337 1734.604348233812 26893.783935546875 18.76318359375 715.7673239701708 6875
stats: users_count 4378 12301
stats: finish_users_count 2109 8984
stats: request 28381 571.7036043349075 599.8514060595545 12758.85400390625 1.246826171875 81.23719710926075 72322
stats: page 2086 4424.242523281138 1688.9121220606644 26892.262939453125 17.449951171875 698.1823403993307 6820
stats: connect 29905 265.73169127366833 341.1582696339288 4757.927001953125 0.366943359375 44.54383808497466 72809
stats: 200 27954 100371
stats: size_rcv 3505506 13378886
stats: newphase 6 24
stats: size_sent 3969355 13630334
stats: connected 1524 2011
# stats: dump at 1338913393
stats: users 3571 4446
stats: {load,"os_mon@test2"} 1 0.9609375 0.0 1.26171875 0.9609375 1.08984375 5
stats: {recvpackets,"os_mon@test3"} 1 16558.0 0.0 16558 3377 8999.25 4
stats: {sentpackets,"os_mon@test3"} 1 11094.0 0.0 11094 2326 6030.25 4
stats: {freemem,"os_mon@test2"} 1 1452.8359375 0.0 1505.96484375 1452.8359375 1497.4859375 5
stats: {cpu,"os_mon@test3"} 1 57.78364116094987 0.0 57.78364116094987 3.643724696356275 34.46252426047452 5
stats: {load,"os_mon@test4"} 1 1.21875 0.0 1.9609375 1.21875 1.559375 5
stats: {freemem,"os_mon@test4"} 1 1378.375 0.0 1433.55859375 1378.375 1422.92265625 5
stats: {freemem,"os_mon@myserver"} 1 1056.703125 0.0 1072.90625 1041.8828125 1062.97421875 5
stats: {recvpackets,"os_mon@test2"} 1 16546.0 0.0 16546 3414 9010.75 4
stats: {sentpackets,"os_mon@test2"} 1 11087.0 0.0 11087 2356 6039.25 4
stats: {load,"os_mon@test3"} 1 1.16015625 0.0 1.16015625 1.0703125 1.0953125 5
stats: {cpu,"os_mon@test2"} 1 57.135443694862474 0.0 57.135443694862474 2.374936836786256 29.531374632845278 5
stats: {freemem,"os_mon@test3"} 1 1428.80859375 0.0 1486.94921875 1428.80859375 1477.134375 5
stats: {recvpackets,"os_mon@test4"} 1 16564.0 0.0 16564 3400 9001.75 4
stats: {sentpackets,"os_mon@test4"} 1 11099.0 0.0 11099 2344 6033.0 4
stats: {cpu,"os_mon@test4"} 1 54.67145790554415 0.0 54.67145790554415 1.7632241813602016 27.028415776663234 5
stats: {load,"os_mon@myserver"} 1 4.671875 0.0 4.73046875 3.5390625 4.1 5
stats: {recvpackets,"os_mon@myserver"} 1 18897.0 0.0 18897 3587 9527.0 4
stats: {sentpackets,"os_mon@myserver"} 1 12766.0 0.0 12766 2469 6382.25 4
stats: {cpu,"os_mon@myserver"} 1 78.06208053691275 0.0 78.06208053691275 2.137948587426826 44.342995997443595 5
stats: session 2437 9097.604263574885 2755.8558138620633 26893.783935546875 18.76318359375 1618.7630339135906 8984
stats: users_count 2691 14992
stats: finish_users_count 2437 11421
stats: request 29597 1159.7676675670652 1452.6117432445662 16489.76806640625 1.246826171875 219.46472859760846 100703
stats: page 2376 8913.449107263219 2671.810779198589 26892.262939453125 17.449951171875 1570.9155024801134 8906
stats: connect 29466 359.01044950211417 533.4801487826978 8174.66796875 0.366943359375 108.94229155390668 102714
stats: 200 27478 127849
stats: size_rcv 3456694 16835580
stats: newphase 6 30
stats: size_sent 3911995 17542329
stats: connected -132 1879
# stats: dump at 1338913403
stats: users 4706 4828
stats: {load,"os_mon@test2"} 1 1.12109375 0.0 1.26171875 0.9609375 1.068359375 6
stats: {recvpackets,"os_mon@test3"} 1 11868.0 0.0 16558 3377 10511.0 5
stats: {sentpackets,"os_mon@test3"} 1 8571.0 0.0 11094 2326 7043.0 5
stats: {freemem,"os_mon@test2"} 1 1436.125 0.0 1505.96484375 1436.125 1490.0442708333333 6
stats: {cpu,"os_mon@test3"} 1 67.32467532467533 0.0 67.32467532467533 3.643724696356275 38.3493770772204 6
stats: {load,"os_mon@test4"} 1 1.26171875 0.0 1.9609375 1.21875 1.5026041666666667 6
stats: {freemem,"os_mon@test4"} 1 1362.15234375 0.0 1433.55859375 1362.15234375 1415.498046875 6
stats: {freemem,"os_mon@myserver"} 1 1048.8671875 0.0 1072.90625 1041.8828125 1061.9290364583333 6
stats: {recvpackets,"os_mon@test2"} 1 11871.0 0.0 16546 3414 10517.8 5
stats: {sentpackets,"os_mon@test2"} 1 8573.0 0.0 11087 2356 7048.8 5
stats: {load,"os_mon@test3"} 1 0.98046875 0.0 1.16015625 0.98046875 1.1061197916666667 6
stats: {cpu,"os_mon@test2"} 1 51.876606683804624 0.0 57.135443694862474 2.374936836786256 34.13205280984815 6
stats: {freemem,"os_mon@test3"} 1 1358.08203125 0.0 1486.94921875 1358.08203125 1469.080078125 6
stats: {recvpackets,"os_mon@test4"} 1 11849.0 0.0 16564 3400 10514.2 5
stats: {sentpackets,"os_mon@test4"} 1 8559.0 0.0 11099 2344 7046.2 5
stats: {cpu,"os_mon@test4"} 1 48.405645582854156 0.0 54.67145790554415 1.7632241813602016 31.635589464810053 6
stats: {load,"os_mon@myserver"} 1 5.26953125 0.0 5.26953125 3.5390625 4.1953125 6
stats: {recvpackets,"os_mon@myserver"} 1 15273.0 0.0 18897 3587 11401.0 5
stats: {sentpackets,"os_mon@myserver"} 1 11052.0 0.0 12766 2469 7659.0 5
stats: {cpu,"os_mon@myserver"} 1 77.32660228270413 0.0 78.06208053691275 2.137948587426826 49.96284342068845 6
stats: session 2695 12259.948380065822 4672.6840532638835 27975.9560546875 18.76318359375 3214.589675773723 11421
stats: users_count 3830 18822
stats: finish_users_count 2695 14116
stats: request 29838 1266.827352158041 1932.6876080271575 23259.505126953125 1.246826171875 433.04988657672595 130300
stats: page 2744 12199.377690796235 4587.0032461451765 26892.262939453125 17.449951171875 3117.2601084865537 11282
stats: connect 31489 324.22168685146283 454.2633593355048 8174.66796875 0.366943359375 164.68830715461692 132180
stats: 200 28864 156713
stats: size_rcv 3505558 20341138
stats: newphase 6 36
stats: size_sent 4180253 21722582
stats: connected 1649 3528
# stats: dump at 1338913413
stats: users 4690 5100
stats: {load,"os_mon@test2"} 1 1.109375 0.0 1.26171875 0.9609375 1.0758928571428572 7
stats: {recvpackets,"os_mon@test3"} 1 15439.0 0.0 16558 3377 10737.166666666666 6
stats: {sentpackets,"os_mon@test3"} 1 10985.0 0.0 11094 2326 7297.666666666667 6
stats: {freemem,"os_mon@test2"} 1 1424.55078125 0.0 1505.96484375 1424.55078125 1482.341517857143 7
stats: {cpu,"os_mon@test3"} 1 69.32773109243698 0.0 69.32773109243698 3.643724696356275 42.4887053982854 7
stats: {load,"os_mon@test4"} 1 1.05859375 0.0 1.9609375 1.05859375 1.4681919642857142 7
stats: {freemem,"os_mon@test4"} 1 1322.98046875 0.0 1433.55859375 1322.98046875 1407.877232142857 7
stats: {freemem,"os_mon@myserver"} 1 1045.078125 0.0 1072.90625 1041.8828125 1060.0630580357142 7
stats: {recvpackets,"os_mon@test2"} 1 15397.0 0.0 16546 3414 10743.333333333334 6
stats: {sentpackets,"os_mon@test2"} 1 10954.0 0.0 11087 2356 7302.833333333333 6
stats: {load,"os_mon@test3"} 1 0.98046875 0.0 1.16015625 0.98046875 1.0881696428571428 7
stats: {cpu,"os_mon@test2"} 1 52.83116883116883 0.0 57.135443694862474 2.374936836786256 36.66698907755621 7
stats: {freemem,"os_mon@test3"} 1 1288.37109375 0.0 1486.94921875 1288.37109375 1453.2232142857142 7
stats: {recvpackets,"os_mon@test4"} 1 15422.0 0.0 16564 3400 10736.666666666666 6
stats: {sentpackets,"os_mon@test4"} 1 10971.0 0.0 11099 2344 7298.333333333333 6
stats: {cpu,"os_mon@test4"} 1 58.22454308093995 0.0 58.22454308093995 1.7632241813602016 34.031311767387784 7
stats: {load,"os_mon@myserver"} 1 5.140625 0.0 5.26953125 3.5390625 4.348772321428571 7
stats: {recvpackets,"os_mon@myserver"} 1 16637.0 0.0 18897 3587 12046.333333333334 6
stats: {sentpackets,"os_mon@myserver"} 1 12109.0 0.0 12766 2469 8224.5 6
stats: {cpu,"os_mon@myserver"} 1 76.440489432703 0.0 78.06208053691275 2.137948587426826 53.87195182954783 7
stats: session 2783 13658.140578154487 6438.004243215312 36688.483154296875 18.76318359375 4941.512437750714 14116
stats: users_count 2767 21589
stats: finish_users_count 2783 16899
stats: request 30023 1542.273873501992 2424.3755123239207 56296.242919921875 1.246826171875 588.4049679316529 160138
stats: page 2787 13553.832670553289 6422.347232828525 36686.31201171875 17.449951171875 4894.0553919499625 14026
stats: connect 29759 379.9860679210886 602.0786223911621 8671.376953125 0.366943359375 195.38163694384997 163669
stats: 200 28265 184978
stats: size_rcv 3328318 23669456
stats: newphase 5 41
stats: size_sent 3949991 25672573
stats: connected -266 3262
# stats: dump at 1338913423
stats: users 5702 5861
stats: {load,"os_mon@test2"} 1 1.3203125 0.0 1.3203125 0.9609375 1.080078125 8
stats: {recvpackets,"os_mon@test3"} 1 12513.0 0.0 16558 3377 11408.857142857143 7
stats: {sentpackets,"os_mon@test3"} 1 9428.0 0.0 11094 2326 7824.428571428572 7
stats: {freemem,"os_mon@test2"} 1 1398.5 0.0 1505.96484375 1398.5 1475.11767578125 8
stats: {cpu,"os_mon@test3"} 1 55.619445896497645 0.0 69.32773109243698 3.643724696356275 45.843583610054345 8
stats: {load,"os_mon@test4"} 1 1.44921875 0.0 1.9609375 1.05859375 1.4169921875 8
stats: {freemem,"os_mon@test4"} 1 1247.8828125 0.0 1433.55859375 1247.8828125 1397.26513671875 8
stats: {freemem,"os_mon@myserver"} 0 0 0 1072.90625 1041.8828125 1058.18994140625 8
stats: {recvpackets,"os_mon@test2"} 1 12519.0 0.0 16546 3414 11408.142857142857 7
stats: {sentpackets,"os_mon@test2"} 1 9435.0 0.0 11087 2356 7824.428571428572 7
stats: {load,"os_mon@test3"} 1 0.91015625 0.0 1.16015625 0.91015625 1.07470703125 8
stats: {cpu,"os_mon@test2"} 1 49.134419551934826 0.0 57.135443694862474 2.374936836786256 38.68751154675779 8
stats: {freemem,"os_mon@test3"} 1 1265.88671875 0.0 1486.94921875 1265.88671875 1432.61669921875 8
stats: {recvpackets,"os_mon@test4"} 1 12505.0 0.0 16564 3400 11406.0 7
stats: {sentpackets,"os_mon@test4"} 1 9424.0 0.0 11099 2344 7823.0 7
stats: {cpu,"os_mon@test4"} 1 74.69135802469135 0.0 74.69135802469135 1.7632241813602016 37.05546568158181 8
stats: {load,"os_mon@myserver"} 0 0 0 5.26953125 3.5390625 4.44775390625 8
stats: {recvpackets,"os_mon@myserver"} 0 0 0 18897 3587 12702.142857142857 7
stats: {sentpackets,"os_mon@myserver"} 0 0 0 12766 2469 8779.42857142857 7
stats: {cpu,"os_mon@myserver"} 0 0 0 78.06208053691275 2.137948587426826 56.693019029942235 8
stats: session 2377 15434.644573977183 7376.272321673578 41787.260986328125 18.76318359375 6377.004248789456 16899
stats: users_count 3389 24978
stats: finish_users_count 2377 19276
stats: request 25117 1765.4122405287778 2774.2814665831274 56296.242919921875 1.246826171875 739.003703486989 190161
stats: page 2386 15337.559634673125 7254.121566865968 41784.736083984375 17.449951171875 6329.539795415582 16813
stats: connect 25599 437.3672426149934 611.5001248022375 8671.376953125 0.366943359375 223.78312618765975 193428
stats: 200 23698 208676
stats: size_rcv 2700274 26369730
stats: newphase 6 47
stats: size_sent 3396606 29069179
stats: connected 477 3739
# stats: dump at 1338913433
stats: users 5820 5973
stats: {load,"os_mon@test2"} 1 1.19140625 0.0 1.3203125 0.9609375 1.1067708333333333 9
stats: {recvpackets,"os_mon@test3"} 1 14523.0 0.0 16558 3377 11546.875 8
stats: {sentpackets,"os_mon@test3"} 1 10614.0 0.0 11094 2326 8024.875 8
stats: {freemem,"os_mon@test2"} 1 1366.98828125 0.0 1505.96484375 1366.98828125 1466.6046006944443 9
stats: {cpu,"os_mon@test3"} 1 55.28497409326425 0.0 69.32773109243698 3.643724696356275 46.92979053077027 9
stats: {load,"os_mon@test4"} 1 1.51953125 0.0 1.9609375 1.05859375 1.4205729166666667 9
stats: {freemem,"os_mon@test4"} 1 1194.62890625 0.0 1433.55859375 1194.62890625 1380.6671006944443 9
stats: {freemem,"os_mon@myserver"} 1 1048.58203125 0.0 1072.90625 1041.8828125 1058.18994140625 8
stats: {recvpackets,"os_mon@test2"} 1 14506.0 0.0 16546 3414 11547.0 8
stats: {sentpackets,"os_mon@test2"} 1 10601.0 0.0 11087 2356 8025.75 8
stats: {load,"os_mon@test3"} 1 1.1484375 0.0 1.16015625 0.91015625 1.0564236111111112 9
stats: {cpu,"os_mon@test2"} 1 50.077041602465336 0.0 57.135443694862474 2.374936836786256 39.84827910288857 9
stats: {freemem,"os_mon@test3"} 1 1233.66796875 0.0 1486.94921875 1233.66796875 1414.0911458333333 9
stats: {recvpackets,"os_mon@test4"} 1 14567.0 0.0 16564 3400 11543.375 8
stats: {sentpackets,"os_mon@test4"} 1 10646.0 0.0 11099 2344 8023.125 8
stats: {cpu,"os_mon@test4"} 1 61.11680327868852 0.0 74.69135802469135 1.7632241813602016 41.23723149748287 9
stats: {load,"os_mon@myserver"} 1 4.640625 0.0 5.26953125 3.5390625 4.44775390625 8
stats: {recvpackets,"os_mon@myserver"} 1 16168.0 0.0 18897 3587 12702.142857142857 7
stats: {sentpackets,"os_mon@myserver"} 1 11954.0 0.0 12766 2469 8779.42857142857 7
stats: {cpu,"os_mon@myserver"} 1 64.90548849920292 0.0 78.06208053691275 2.137948587426826 56.693019029942235 8
stats: session 2841 17883.02884176451 8907.08132073716 77570.90307617188 18.76318359375 7493.937795841293 19276
stats: users_count 2959 27937
stats: finish_users_count 2841 22117
stats: 200 27830 236506
stats: request 30422 1860.4254212505155 3142.012777545353 56296.242919921875 1.246826171875 858.757246463413 215278
stats: connect 31053 277.46329038728857 421.71736471117174 16484.369140625 0.366943359375 248.74598371857292 219027
stats: page 2855 17819.008828398633 8875.247017224985 77568.5048828125 17.449951171875 7449.032234421183 19199
stats: size_rcv 3450122 29819852
stats: newphase 5 52
stats: size_sent 4119638 33188817
stats: connected 630 4369
# stats: dump at 1338913443
stats: users 6781 7131
stats: {load,"os_mon@test2"} 1 1.1484375 0.0 1.3203125 0.9609375 1.115234375 10
stats: {recvpackets,"os_mon@test3"} 1 15575.0 0.0 16558 3377 11877.555555555555 9
stats: {sentpackets,"os_mon@test3"} 1 11539.0 0.0 11539 2326 8312.555555555555 9
stats: {freemem,"os_mon@test2"} 1 1357.32421875 0.0 1505.96484375 1357.32421875 1456.64296875 10
stats: {cpu,"os_mon@test3"} 1 73.3298808907302 0.0 73.3298808907302 3.643724696356275 47.76530888701967 10
stats: {load,"os_mon@test4"} 1 2.12890625 0.0 2.12890625 1.05859375 1.43046875 10
stats: {freemem,"os_mon@test4"} 1 1137.1875 0.0 1433.55859375 1137.1875 1362.06328125 10
stats: {freemem,"os_mon@myserver"} 1 1041.51171875 0.0 1072.90625 1041.51171875 1057.1223958333333 9
stats: {recvpackets,"os_mon@test2"} 1 15580.0 0.0 16546 3414 11875.777777777777 9
stats: {sentpackets,"os_mon@test2"} 1 11541.0 0.0 11541 2356 8311.888888888889 9
stats: {load,"os_mon@test3"} 1 1.6015625 0.0 1.6015625 0.91015625 1.065625 10
stats: {cpu,"os_mon@test2"} 1 46.820512820512825 0.0 57.135443694862474 2.374936836786256 40.871155352846245 10
stats: {freemem,"os_mon@test3"} 1 1153.34375 0.0 1486.94921875 1153.34375 1396.048828125 10
stats: {recvpackets,"os_mon@test4"} 1 15583.0 0.0 16564 3400 11879.333333333334 9
stats: {sentpackets,"os_mon@test4"} 1 11541.0 0.0 11541 2344 8314.555555555555 9
stats: {cpu,"os_mon@test4"} 1 74.56320657759507 0.0 74.69135802469135 1.7632241813602016 43.225188675603434 10
stats: {load,"os_mon@myserver"} 1 4.8515625 0.0 5.26953125 3.5390625 4.469184027777778 9
stats: {recvpackets,"os_mon@myserver"} 1 16363.0 0.0 18897 3587 13135.375 8
stats: {sentpackets,"os_mon@myserver"} 1 12206.0 0.0 12766 2469 9176.25 8
stats: {cpu,"os_mon@myserver"} 1 77.49377968785342 0.0 78.06208053691275 2.137948587426826 57.605515637637865 9
stats: session 2612 18839.074740493103 9380.029857629004 77570.90307617188 18.76318359375 8828.450056159956 22117
stats: users_count 3573 31510
stats: finish_users_count 2612 24729
stats: request 29629 1949.7922894920966 3251.726536895151 56296.242919921875 1.246826171875 982.7814597860554 245700
stats: page 2618 18814.422470617348 9314.146943923655 77568.5048828125 17.449951171875 8791.477286375732 22054
stats: connect 29681 405.8990502739686 557.9038607273033 16484.369140625 0.366943359375 252.31187672874415 250080
stats: 200 26612 263118
stats: size_rcv 3264834 33084686
stats: newphase 4 56
stats: size_sent 3939011 37127828
stats: connected 50 4419
# stats: dump at 1338913453
stats: users 5709 7131
stats: {load,"os_mon@test2"} 1 1.140625 0.0 1.3203125 0.9609375 1.1182528409090908 11
stats: {recvpackets,"os_mon@test3"} 1 14879.0 0.0 16558 3377 12247.3 10
stats: {sentpackets,"os_mon@test3"} 1 11281.0 0.0 11539 2326 8635.2 10
stats: {freemem,"os_mon@test2"} 1 1338.45703125 0.0 1505.96484375 1338.45703125 1447.6139914772727 11
stats: {cpu,"os_mon@test3"} 1 72.0580611715915 0.0 73.3298808907302 3.643724696356275 50.089360887356996 11
stats: {load,"os_mon@test4"} 1 1.87890625 0.0 2.12890625 1.05859375 1.4939630681818181 11
stats: {freemem,"os_mon@test4"} 1 1081.2109375 0.0 1433.55859375 1081.2109375 1341.620028409091 11
stats: {freemem,"os_mon@myserver"} 1 1041.07421875 0.0 1072.90625 1041.07421875 1055.561328125 10
stats: {recvpackets,"os_mon@test2"} 1 14859.0 0.0 16546 3414 12246.2 10
stats: {sentpackets,"os_mon@test2"} 1 11268.0 0.0 11541 2356 8634.8 10
stats: {load,"os_mon@test3"} 1 1.71875 0.0 1.71875 0.91015625 1.1143465909090908 11
stats: {cpu,"os_mon@test2"} 1 47.007672634271096 0.0 57.135443694862474 2.374936836786256 41.41200603172502 11
stats: {freemem,"os_mon@test3"} 1 1078.42578125 0.0 1486.94921875 1078.42578125 1373.9847301136363 11
stats: {recvpackets,"os_mon@test4"} 1 14850.0 0.0 16564 3400 12249.7 10
stats: {sentpackets,"os_mon@test4"} 1 11264.0 0.0 11541 2344 8637.2 10
stats: {cpu,"os_mon@test4"} 1 65.35880227155396 0.0 74.69135802469135 1.7632241813602016 46.07409939396631 11
stats: {load,"os_mon@myserver"} 1 5.5703125 0.0 5.5703125 3.5390625 4.507421875 10
stats: {recvpackets,"os_mon@myserver"} 1 16405.0 0.0 18897 3587 13494.0 9
stats: {sentpackets,"os_mon@myserver"} 1 12413.0 0.0 12766 2469 9512.888888888889 9
stats: {cpu,"os_mon@myserver"} 1 73.9347774339443 0.0 78.06208053691275 2.137948587426826 59.59434204265942 10
stats: session 3042 19760.426959497374 10210.715722508481 77570.90307617188 18.76318359375 9885.82203543442 24729
stats: users_count 1970 33480
stats: finish_users_count 3042 27771
stats: request 28973 2060.000557319469 3622.8146545338905 56296.242919921875 1.246826171875 1086.8444675816756 275329
stats: page 3020 19836.27324121744 10251.314003009256 77568.5048828125 17.449951171875 9855.033969755455 24672
stats: connect 29151 283.82603985095835 510.21284552177826 16484.369140625 0.366943359375 268.6065743384747 279761
stats: 200 26520 289638
stats: size_rcv 3350918 36435604
stats: newphase 5 61
stats: size_sent 3868581 40996409
stats: connected 178 4597
# stats: dump at 1338913463
stats: users 5612 7131
stats: {load,"os_mon@test2"} 1 1.33984375 0.0 1.33984375 0.9609375 1.1201171875 12
stats: {recvpackets,"os_mon@test3"} 1 12609.0 0.0 16558 3377 12486.545454545454 11
stats: {sentpackets,"os_mon@test3"} 1 10038.0 0.0 11539 2326 8875.727272727272 11
stats: {freemem,"os_mon@test2"} 1 1271.54296875 0.0 1505.96484375 1271.54296875 1438.517578125 12
stats: {cpu,"os_mon@test3"} 1 60.217842323651446 0.0 73.3298808907302 3.643724696356275 51.9200859110432 12
stats: {load,"os_mon@test4"} 1 1.73828125 0.0 2.12890625 1.05859375 1.5260416666666667 12
stats: {freemem,"os_mon@test4"} 1 1048.84765625 0.0 1433.55859375 1048.84765625 1319.9192708333333 12
stats: {freemem,"os_mon@myserver"} 1 1036.6875 0.0 1072.90625 1036.6875 1054.2443181818182 11
stats: {recvpackets,"os_mon@test2"} 1 12619.0 0.0 16546 3414 12483.727272727272 11
stats: {sentpackets,"os_mon@test2"} 1 10044.0 0.0 11541 2356 8874.181818181818 11
stats: {load,"os_mon@test3"} 1 1.6796875 0.0 1.71875 0.91015625 1.1647135416666667 12
stats: {cpu,"os_mon@test2"} 1 72.46153846153847 0.0 72.46153846153847 2.374936836786256 41.87831158193719 12
stats: {freemem,"os_mon@test3"} 1 1059.8359375 0.0 1486.94921875 1059.8359375 1349.3548177083333 12
stats: {recvpackets,"os_mon@test4"} 1 12629.0 0.0 16564 3400 12486.09090909091 11
stats: {sentpackets,"os_mon@test4"} 1 10052.0 0.0 11541 2344 8876.0 11
stats: {cpu,"os_mon@test4"} 1 64.08268733850129 0.0 74.69135802469135 1.7632241813602016 47.68115796709861 12
stats: {load,"os_mon@myserver"} 1 6.5390625 0.0 6.5390625 3.5390625 4.604048295454546 11
stats: {recvpackets,"os_mon@myserver"} 1 15193.0 0.0 18897 3587 13785.1 10
stats: {sentpackets,"os_mon@myserver"} 1 11923.0 0.0 12766 2469 9802.9 10
stats: {cpu,"os_mon@myserver"} 1 77.09151001859121 0.0 78.06208053691275 2.137948587426826 60.89801798732169 11
stats: session 3096 19200.090988277425 11280.551756674884 77570.90307617188 18.76318359375 10967.473692882819 27771
stats: users_count 2999 36479
stats: finish_users_count 3096 30867
stats: request 28891 1852.616702683416 3754.3958575361485 71161.48999023438 1.246826171875 1179.4999591261712 304302
stats: page 3062 19328.036885885027 11226.525602240177 77568.5048828125 17.449951171875 10943.5556583231 27692
stats: connect 28785 278.01419357344855 418.83943377920974 16484.369140625 0.366943359375 270.042784777546 308912
stats: 200 28043 317681
stats: size_rcv 3415412 39851016
stats: newphase 5 66
stats: size_sent 3820979 44817388
stats: connected -106 4491
# stats: dump at 1338913473
stats: users 5898 7131
stats: {load,"os_mon@test2"} 1 1.51953125 0.0 1.51953125 0.9609375 1.1370192307692308 13
stats: {recvpackets,"os_mon@test3"} 1 16908.0 0.0 16908 3377 12496.75 12
stats: {sentpackets,"os_mon@test3"} 1 12781.0 0.0 12781 2326 8972.583333333334 12
stats: {freemem,"os_mon@test2"} 1 1250.6875 0.0 1505.96484375 1250.6875 1425.6733774038462 13
stats: {cpu,"os_mon@test3"} 1 56.79012345679012 0.0 73.3298808907302 3.643724696356275 52.55837486585922 13
stats: {load,"os_mon@test4"} 1 1.62890625 0.0 2.12890625 1.05859375 1.5423677884615385 13
stats: {freemem,"os_mon@test4"} 1 983.52734375 0.0 1433.55859375 983.52734375 1299.067608173077 13
stats: {freemem,"os_mon@myserver"} 1 1034.93359375 0.0 1072.90625 1034.93359375 1052.78125 12
stats: {recvpackets,"os_mon@test2"} 1 16861.0 0.0 16861 3414 12495.0 12
stats: {sentpackets,"os_mon@test2"} 1 12748.0 0.0 12748 2356 8971.666666666666 12
stats: {load,"os_mon@test3"} 1 1.58984375 0.0 1.71875 0.91015625 1.2043269230769231 13
stats: {cpu,"os_mon@test2"} 1 56.867845993756504 0.0 72.46153846153847 2.374936836786256 44.23086749575267 13
stats: {freemem,"os_mon@test3"} 1 1009.265625 0.0 1486.94921875 1009.265625 1327.0841346153845 13
stats: {recvpackets,"os_mon@test4"} 1 16876.0 0.0 16876 3400 12498.0 12
stats: {sentpackets,"os_mon@test4"} 1 12761.0 0.0 12761 2344 8974.0 12
stats: {cpu,"os_mon@test4"} 1 78.42835130970724 0.0 78.42835130970724 1.7632241813602016 48.942814072591126 13
stats: {load,"os_mon@myserver"} 1 6.76953125 0.0 6.76953125 3.5390625 4.765299479166667 12
stats: {recvpackets,"os_mon@myserver"} 1 20634.0 0.0 20634 3587 13913.09090909091 11
stats: {sentpackets,"os_mon@myserver"} 1 15819.0 0.0 15819 2469 9995.636363636364 11
stats: {cpu,"os_mon@myserver"} 1 77.14421477785697 0.0 78.06208053691275 2.137948587426826 62.24747565659414 12
stats: session 2954 18734.103238342694 12902.888777435768 88325.796875 18.76318359375 11793.215849442955 30867
stats: users_count 3240 39719
stats: finish_users_count 2954 33821
stats: request 30725 1837.6256586592272 3814.342706867814 83968.50317382813 1.246826171875 1237.8655785662925 333193
stats: page 2994 18540.430883984773 12844.72335207678 88324.6240234375 17.449951171875 11778.350531145972 30754
stats: connect 30749 301.1129814355634 483.138074279314 16484.369140625 0.366943359375 270.7222607639778 337697
stats: 200 29553 347234
stats: size_rcv 3600828 43451844
stats: newphase 5 71
stats: size_sent 4079574 48896962
stats: connected 21 4512
# stats: dump at 1338913483
stats: users 7037 7466
stats: {load,"os_mon@test2"} 1 1.4296875 0.0 1.51953125 0.9609375 1.1643415178571428 14
stats: {recvpackets,"os_mon@test3"} 1 16609.0 0.0 16908 3377 12836.076923076924 13
stats: {sentpackets,"os_mon@test3"} 1 12682.0 0.0 12781 2326 9265.538461538461 13
stats: {freemem,"os_mon@test2"} 1 1178.828125 0.0 1505.96484375 1178.828125 1413.1743861607142 14
stats: {cpu,"os_mon@test3"} 1 57.51840168243953 0.0 73.3298808907302 3.643724696356275 52.860642622354284 14
stats: {load,"os_mon@test4"} 1 1.609375 0.0 2.12890625 1.05859375 1.5485491071428572 14
stats: {freemem,"os_mon@test4"} 1 947.5234375 0.0 1433.55859375 947.5234375 1276.529017857143 14
stats: {freemem,"os_mon@myserver"} 1 1027.328125 0.0 1072.90625 1027.328125 1051.4083533653845 13
stats: {recvpackets,"os_mon@test2"} 1 16601.0 0.0 16861 3414 12830.846153846154 13
stats: {sentpackets,"os_mon@test2"} 1 12675.0 0.0 12748 2356 9262.153846153846 13
stats: {load,"os_mon@test3"} 1 1.66015625 0.0 1.71875 0.91015625 1.2318638392857142 14
stats: {cpu,"os_mon@test2"} 1 74.42689760570556 0.0 74.42689760570556 2.374936836786256 45.13350881703866 14
stats: {freemem,"os_mon@test3"} 1 980.546875 0.0 1486.94921875 980.546875 1304.3828125 14
stats: {recvpackets,"os_mon@test4"} 1 16657.0 0.0 16876 3400 12834.76923076923 13
stats: {sentpackets,"os_mon@test4"} 1 12711.0 0.0 12761 2344 9265.307692307691 13
stats: {cpu,"os_mon@test4"} 1 68.35897435897435 0.0 78.42835130970724 1.7632241813602016 51.04892387524228 14
stats: {load,"os_mon@myserver"} 1 6.58984375 0.0 6.76953125 3.5390625 4.919471153846154 13
stats: {recvpackets,"os_mon@myserver"} 1 19568.0 0.0 20634 3587 14473.166666666666 12
stats: {sentpackets,"os_mon@myserver"} 1 14599.0 0.0 15819 2469 10480.916666666666 12
stats: {cpu,"os_mon@myserver"} 1 77.7877094972067 0.0 78.06208053691275 2.137948587426826 63.39337866592205 13
stats: session 2510 19291.05054858693 12552.572965287096 99937.162109375 18.76318359375 12399.44811184826 33821
stats: users_count 3649 43368
stats: finish_users_count 2510 36331
stats: request 29630 2032.3543289684103 3847.750708471748 87796.91479492188 1.246826171875 1288.50233866295 363918
stats: page 2537 19295.78689044715 12527.208057523685 99935.07299804688 17.449951171875 12378.257742725898 33748
stats: connect 30092 415.6627086602398 653.9332136053584 16484.369140625 0.366943359375 273.2585463253099 368446
stats: 200 26357 373591
stats: size_rcv 3338298 46790142
stats: newphase 6 77
stats: size_sent 3994844 52891806
stats: connected 462 4974
# stats: dump at 1338913493
stats: users 7328 7466
stats: {load,"os_mon@test2"} 1 1.359375 0.0 1.51953125 0.9609375 1.18203125 15
stats: {recvpackets,"os_mon@test3"} 1 16421.0 0.0 16908 3377 13105.57142857143 14
stats: {sentpackets,"os_mon@test3"} 1 12616.0 0.0 12781 2326 9509.57142857143 14
stats: {freemem,"os_mon@test2"} 1 1112.015625 0.0 1505.96484375 1112.015625 1397.5513020833334 15
stats: {cpu,"os_mon@test3"} 1 64.56733230926778 0.0 73.3298808907302 3.643724696356275 53.171159893026626 15
stats: {load,"os_mon@test4"} 1 1.8203125 0.0 2.12890625 1.05859375 1.5526041666666666 15
stats: {freemem,"os_mon@test4"} 1 909.08984375 0.0 1433.55859375 909.08984375 1254.5953125 15
stats: {freemem,"os_mon@myserver"} 0 0 0 1072.90625 1027.328125 1049.6883370535713 14
stats: {recvpackets,"os_mon@test2"} 1 16465.0 0.0 16861 3414 13100.142857142857 14
stats: {sentpackets,"os_mon@test2"} 1 12646.0 0.0 12748 2356 9505.92857142857 14
stats: {load,"os_mon@test3"} 1 1.87109375 0.0 1.87109375 0.91015625 1.2604166666666667 15
stats: {cpu,"os_mon@test2"} 1 76.40102827763496 0.0 76.40102827763496 2.374936836786256 47.08640140294979 15
stats: {freemem,"os_mon@test3"} 1 925.91796875 0.0 1486.94921875 925.91796875 1282.79375 15
stats: {recvpackets,"os_mon@test4"} 1 16409.0 0.0 16876 3400 13107.785714285714 14
stats: {sentpackets,"os_mon@test4"} 1 12610.0 0.0 12761 2344 9511.42857142857 14
stats: {cpu,"os_mon@test4"} 1 57.23237597911227 0.0 78.42835130970724 1.7632241813602016 52.20292724082442 15
stats: {load,"os_mon@myserver"} 0 0 0 6.76953125 3.5390625 5.038783482142857 14
stats: {recvpackets,"os_mon@myserver"} 0 0 0 20634 3587 14865.076923076924 13
stats: {sentpackets,"os_mon@myserver"} 0 0 0 15819 2469 10797.692307692309 13
stats: {cpu,"os_mon@myserver"} 0 0 0 78.06208053691275 2.137948587426826 64.42154515387095 14
stats: session 2776 20948.205005480835 13250.727445616132 104864.97607421875 18.76318359375 12875.568287902155 36331
stats: users_count 3067 46435
stats: finish_users_count 2776 39107
stats: request 28063 2265.705745612051 4416.667057595442 87796.91479492188 1.246826171875 1344.5065223273334 393548
stats: page 2790 20954.998401097684 13298.920799985717 104863.12890625 17.449951171875 12861.922382322668 36285
stats: connect 28441 260.4640658581028 443.5515987215006 16484.369140625 0.366943359375 284.010911351939 398538
stats: 200 26565 400156
stats: size_rcv 3322136 50112278
stats: newphase 5 82
stats: size_sent 3774275 56666081
stats: connected 378 5352
# stats: dump at 1338913503
stats: users 7484 7762
stats: {load,"os_mon@test2"} 1 1.37890625 0.0 1.51953125 0.9609375 1.193115234375 16
stats: {recvpackets,"os_mon@test3"} 1 15738.0 0.0 16908 3377 13326.6 15
stats: {sentpackets,"os_mon@test3"} 1 12283.0 0.0 12781 2326 9716.666666666666 15
stats: {freemem,"os_mon@test2"} 1 1057.6796875 0.0 1505.96484375 1057.6796875 1379.705322265625 16
stats: {cpu,"os_mon@test3"} 1 67.01137538779732 0.0 73.3298808907302 3.643724696356275 53.8834206690417 16
stats: {load,"os_mon@test4"} 1 1.76953125 0.0 2.12890625 1.05859375 1.5693359375 16
stats: {freemem,"os_mon@test4"} 1 875.19921875 0.0 1433.55859375 875.19921875 1233.001220703125 16
stats: {freemem,"os_mon@myserver"} 1 1019.140625 0.0 1072.90625 1019.140625 1049.6883370535713 14
stats: {recvpackets,"os_mon@test2"} 1 15732.0 0.0 16861 3414 13324.466666666667 15
stats: {sentpackets,"os_mon@test2"} 1 12280.0 0.0 12748 2356 9715.266666666666 15
stats: {load,"os_mon@test3"} 1 1.9609375 0.0 1.9609375 0.91015625 1.298583984375 16
stats: {cpu,"os_mon@test2"} 1 75.90422822210901 0.0 76.40102827763496 2.374936836786256 48.91856558261761 16
stats: {freemem,"os_mon@test3"} 1 882.23828125 0.0 1486.94921875 882.23828125 1260.489013671875 16
stats: {recvpackets,"os_mon@test4"} 1 15744.0 0.0 16876 3400 13327.866666666667 15
stats: {sentpackets,"os_mon@test4"} 1 12284.0 0.0 12761 2344 9718.0 15
stats: {cpu,"os_mon@test4"} 1 53.77892030848329 0.0 78.42835130970724 1.7632241813602016 52.51726778696741 16
stats: {load,"os_mon@myserver"} 1 7.12109375 0.0 7.12109375 3.5390625 5.038783482142857 14
stats: {recvpackets,"os_mon@myserver"} 1 16192.0 0.0 20634 3587 14865.076923076924 13
stats: {sentpackets,"os_mon@myserver"} 1 12982.0 0.0 15819 2469 10797.692307692309 13
stats: {cpu,"os_mon@myserver"} 1 75.2145280383157 0.0 78.06208053691275 2.137948587426826 64.42154515387095 14
stats: session 2813 21630.02152178156 13052.140987561113 109118.14013671875 18.76318359375 13448.60225951845 39107
stats: users_count 2969 49404
stats: finish_users_count 2813 41920
stats: request 30221 2209.0151827016152 4538.222112610345 103746.27490234375 1.246826171875 1405.8227920713368 421611
stats: page 2789 21636.260554858356 13032.350211064215 109116.56884765625 17.449951171875 13439.777330304301 39075
stats: connect 30344 353.84540286518046 477.4597392815524 16484.369140625 0.366943359375 282.4424598995486 426979
stats: 200 27708 427864
stats: size_rcv 3498348 53610626
stats: newphase 5 87
stats: size_sent 4026501 60692582
stats: connected 123 5475
# stats: dump at 1338913513
stats: users 8444 8815
stats: {load,"os_mon@test2"} 1 1.48046875 0.0 1.51953125 0.9609375 1.2040441176470589 17
stats: {recvpackets,"os_mon@test3"} 1 16059.0 0.0 16908 3377 13477.3125 16
stats: {sentpackets,"os_mon@test3"} 1 12750.0 0.0 12781 2326 9877.0625 16
stats: {freemem,"os_mon@test2"} 1 1018.78515625 0.0 1505.96484375 1018.78515625 1360.762637867647 17
stats: {cpu,"os_mon@test3"} 1 65.39864512767066 0.0 73.3298808907302 3.643724696356275 54.65565329955673 17
stats: {load,"os_mon@test4"} 1 1.73828125 0.0 2.12890625 1.05859375 1.5811121323529411 17
stats: {freemem,"os_mon@test4"} 1 813.65625 0.0 1433.55859375 813.65625 1211.954044117647 17
stats: {freemem,"os_mon@myserver"} 1 1013.55078125 0.0 1072.90625 1013.55078125 1047.6518229166666 15
stats: {recvpackets,"os_mon@test2"} 1 16038.0 0.0 16861 3414 13474.9375 16
stats: {sentpackets,"os_mon@test2"} 1 12736.0 0.0 12748 2356 9875.5625 16
stats: {load,"os_mon@test3"} 1 2.44140625 0.0 2.44140625 0.91015625 1.337545955882353 17
stats: {cpu,"os_mon@test2"} 1 63.505894413121474 0.0 76.40102827763496 2.374936836786256 50.5059575025877 17
stats: {freemem,"os_mon@test3"} 1 825.30859375 0.0 1486.94921875 825.30859375 1238.2389705882354 17
stats: {recvpackets,"os_mon@test4"} 1 16020.0 0.0 16876 3400 13478.875 16
stats: {sentpackets,"os_mon@test4"} 1 12725.0 0.0 12761 2344 9878.375 16
stats: {cpu,"os_mon@test4"} 1 66.23578076525337 0.0 78.42835130970724 1.7632241813602016 52.591482641174224 17
stats: {load,"os_mon@myserver"} 1 6.41015625 0.0 7.12109375 3.5390625 5.177604166666667 15
stats: {recvpackets,"os_mon@myserver"} 1 22217.0 0.0 22217 3587 14959.857142857143 14
stats: {sentpackets,"os_mon@myserver"} 1 17427.0 0.0 17427 2469 10953.714285714286 14
stats: {cpu,"os_mon@myserver"} 1 75.8239225628025 0.0 78.06208053691275 2.137948587426826 65.14107734616726 15
stats: session 2581 22933.873440659358 14806.182430932015 124036.26586914063 18.76318359375 13997.608280146935 41920
stats: users_count 3541 52945
stats: finish_users_count 2581 44501
stats: request 28560 2407.286841410141 4812.689109488766 103746.27490234375 1.246826171875 1459.5447002966014 451832
stats: page 2626 22907.301864263776 14800.211368885344 124034.47900390625 17.449951171875 13985.831021143238 41864
stats: connect 29441 324.6059583165923 532.2376710503877 16613.4150390625 0.366943359375 287.18014180347456 457323
stats: 200 26740 454604
stats: size_rcv 3321348 56931974
stats: newphase 5 92
stats: size_sent 3907339 64599921
stats: connected 880 6355
# stats: dump at 1338913523
stats: users 9371 9413
stats: {load,"os_mon@test2"} 1 1.7890625 0.0 1.7890625 0.9609375 1.2194010416666667 18
stats: {recvpackets,"os_mon@test3"} 1 18119.0 0.0 18119 3377 13629.176470588236 17
stats: {sentpackets,"os_mon@test3"} 1 14210.0 0.0 14210 2326 10046.058823529413 17
stats: {freemem,"os_mon@test2"} 1 978.3984375 0.0 1505.96484375 978.3984375 1341.763888888889 18
stats: {cpu,"os_mon@test3"} 1 68.36363636363636 0.0 73.3298808907302 3.643724696356275 55.2524861788964 18
stats: {load,"os_mon@test4"} 1 1.921875 0.0 2.12890625 1.05859375 1.58984375 18
stats: {freemem,"os_mon@test4"} 1 747.8984375 0.0 1433.55859375 747.8984375 1189.826388888889 18
stats: {freemem,"os_mon@myserver"} 1 1005.296875 0.0 1072.90625 1005.296875 1045.5205078125 16
stats: {recvpackets,"os_mon@test2"} 1 18094.0 0.0 18094 3414 13625.70588235294 17
stats: {sentpackets,"os_mon@test2"} 1 14184.0 0.0 14184 2356 10043.823529411764 17
stats: {load,"os_mon@test3"} 1 2.359375 0.0 2.44140625 0.91015625 1.3988715277777777 18
stats: {cpu,"os_mon@test2"} 1 53.58432181536875 0.0 76.40102827763496 2.374936836786256 51.228176219839575 18
stats: {freemem,"os_mon@test3"} 1 798.1171875 0.0 1486.94921875 798.1171875 1215.2983940972222 18
stats: {recvpackets,"os_mon@test4"} 1 18144.0 0.0 18144 3400 13628.35294117647 17
stats: {sentpackets,"os_mon@test4"} 1 14235.0 0.0 14235 2344 10045.823529411764 17
stats: {cpu,"os_mon@test4"} 1 65.70841889117042 0.0 78.42835130970724 1.7632241813602016 53.34949920362307 18
stats: {load,"os_mon@myserver"} 1 6.01953125 0.0 7.12109375 3.5390625 5.254638671875 16
stats: {recvpackets,"os_mon@myserver"} 1 19162.0 0.0 22217 3587 15443.666666666666 15
stats: {sentpackets,"os_mon@myserver"} 1 15005.0 0.0 17427 2469 11385.266666666666 15
stats: {cpu,"os_mon@myserver"} 1 68.10624055279636 0.0 78.06208053691275 2.137948587426826 65.80875517220696 16
stats: session 1808 26074.799662497175 14735.76997988528 125513.72314453125 18.76318359375 14515.900012451435 44501
stats: users_count 2735 55680
stats: finish_users_count 1808 46309
stats: request 21287 3379.311721702116 5660.893102210683 114826.39697265625 1.246826171875 1515.8893429013963 480392
stats: page 1767 25945.43600448321 14652.603828601028 125511.32299804688 17.449951171875 14512.416375920367 44490
stats: connect 21349 610.1430954643473 1016.4388940961331 16613.4150390625 0.366943359375 289.443771537725 486764
stats: 200 18979 473583
stats: size_rcv 2313780 59245754
stats: newphase 5 97
stats: size_sent 2834047 67433968
stats: connected 62 6417
# stats: dump at 1338913533
stats: users 9916 10075
stats: {load,"os_mon@test2"} 1 1.8203125 0.0 1.8203125 0.9609375 1.2493832236842106 19
stats: {recvpackets,"os_mon@test3"} 1 14538.0 0.0 18119 3377 13878.611111111111 18
stats: {sentpackets,"os_mon@test3"} 1 11695.0 0.0 14210 2326 10277.388888888889 18
stats: {freemem,"os_mon@test2"} 1 933.09375 0.0 1505.96484375 933.09375 1322.6393914473683 19
stats: {cpu,"os_mon@test3"} 1 59.145388223032825 0.0 73.3298808907302 3.643724696356275 55.94254671493534 19
stats: {load,"os_mon@test4"} 1 2.171875 0.0 2.171875 1.05859375 1.6073190789473684 19
stats: {freemem,"os_mon@test4"} 1 690.78125 0.0 1433.55859375 690.78125 1166.5670230263158 19
stats: {freemem,"os_mon@myserver"} 1 999.50390625 0.0 1072.90625 999.50390625 1043.1544117647059 17
stats: {recvpackets,"os_mon@test2"} 1 14528.0 0.0 18094 3414 13873.944444444445 18
stats: {sentpackets,"os_mon@test2"} 1 11694.0 0.0 14184 2356 10273.833333333334 18
stats: {load,"os_mon@test3"} 1 2.0 0.0 2.44140625 0.91015625 1.449424342105263 19
stats: {cpu,"os_mon@test2"} 1 56.99427977119085 0.0 76.40102827763496 2.374936836786256 51.35218388276216 19
stats: {freemem,"os_mon@test3"} 1 754.91015625 0.0 1486.94921875 754.91015625 1193.341488486842 19
stats: {recvpackets,"os_mon@test4"} 1 14490.0 0.0 18144 3400 13879.222222222223 18
stats: {sentpackets,"os_mon@test4"} 1 11651.0 0.0 14235 2344 10278.555555555555 18
stats: {cpu,"os_mon@test4"} 1 59.405433111225015 0.0 78.42835130970724 1.7632241813602016 53.9999686608624 19
stats: {load,"os_mon@myserver"} 1 5.98046875 0.0 7.12109375 3.5390625 5.299632352941177 17
stats: {recvpackets,"os_mon@myserver"} 1 16321.0 0.0 22217 3587 15676.0625 16
stats: {sentpackets,"os_mon@myserver"} 1 13118.0 0.0 17427 2469 11611.5 16
stats: {cpu,"os_mon@myserver"} 1 63.113113113113116 0.0 78.06208053691275 2.137948587426826 65.94390137106517 17
stats: session 2603 27973.09896305419 15575.058552786979 132697.26098632813 18.76318359375 14967.183576494768 46309
stats: users_count 3148 58828
stats: finish_users_count 2603 48912
# stats: dump at 1338913533
stats: request 28483 2863.7526878697236 5820.077124572928 114826.39697265625 1.246826171875 1594.9571774679835 501679
stats: page 2574 27886.044969583894 15586.49701705364 132695.8359375 17.449951171875 14949.153425094992 46257
stats: connect 30274 368.2356590890449 619.1897786470417 16613.4150390625 0.366943359375 302.91835271653656 508113
stats: 200 26632 500215
stats: users 9920 10075
stats: size_rcv 3341762 62587516
stats: {load,"os_mon@test2"} 0 0 0 1.8203125 0.9609375 1.2779296875 20
stats: newphase 5 102
stats: {recvpackets,"os_mon@test3"} 0 0 0 18119 3377 13913.315789473685 19
stats: size_sent 4017798 71451766
stats: {sentpackets,"os_mon@test3"} 0 0 0 14210 2326 10352.0 19
stats: connected 1791 8208
stats: {freemem,"os_mon@test2"} 0 0 0 1505.96484375 933.09375 1303.162109375 20
stats: {cpu,"os_mon@test3"} 0 0 0 73.3298808907302 3.643724696356275 56.10268879034021 20
stats: {load,"os_mon@test4"} 0 0 0 2.171875 1.05859375 1.635546875 20
stats: {freemem,"os_mon@test4"} 0 0 0 1433.55859375 690.78125 1142.777734375 20
stats: {freemem,"os_mon@myserver"} 0 0 0 1072.90625 999.50390625 1040.7293836805557 18
stats: {recvpackets,"os_mon@test2"} 0 0 0 18094 3414 13908.368421052632 19
stats: {sentpackets,"os_mon@test2"} 0 0 0 14184 2356 10348.578947368422 19
stats: {load,"os_mon@test3"} 0 0 0 2.44140625 0.91015625 1.4769531249999999 20
stats: {cpu,"os_mon@test2"} 0 0 0 76.40102827763496 2.374936836786256 51.6342886771836 20
stats: {freemem,"os_mon@test3"} 0 0 0 1486.94921875 754.91015625 1171.419921875 20
stats: {recvpackets,"os_mon@test4"} 0 0 0 18144 3400 13911.368421052632 19
stats: {sentpackets,"os_mon@test4"} 0 0 0 14235 2344 10350.78947368421 19
stats: {cpu,"os_mon@test4"} 0 0 0 78.42835130970724 1.7632241813602016 54.27024188338053 20
stats: {load,"os_mon@myserver"} 0 0 0 7.12109375 3.5390625 5.337456597222222 18
stats: {recvpackets,"os_mon@myserver"} 0 0 0 22217 3587 15714.0 17
stats: {sentpackets,"os_mon@myserver"} 0 0 0 17427 2469 11700.117647058823 17
stats: {cpu,"os_mon@myserver"} 0 0 0 78.06208053691275 2.137948587426826 65.7866353567345 18
stats: session 0 0 0 132697.26098632813 18.76318359375 15659.332696367483 48912
stats: users_count 4 58832
stats: finish_users_count 0 48912
stats: request 0 0 0 114826.39697265625 1.246826171875 1663.123327668814 530162
stats: page 0 0 0 132695.8359375 17.449951171875 15631.08823772456 48831
stats: 200 0 500215
stats: connect 0 0 0 16613.4150390625 0.366943359375 306.59120539151075 538387
stats: size_rcv 0 62587516
stats: newphase 0 102
stats: size_sent 0 71451766
stats: connected 0 8208
stats: error_abort 1 1
EndMonitor:{1338,913533,167838}
