# stats: dump at 1338913121
stats: users 0 0
# stats: dump at 1338913131
stats: users 6 17
stats: {load,"os_mon@test2"} 1 0.9296875 0 0.9296875 0.9296875 0 0
stats: {freemem,"os_mon@test2"} 1 1505.5 0 1505.5 1505.5 0 0
stats: {cpu,"os_mon@test3"} 1 2.993404363267377 0 2.993404363267377 2.993404363267377 0 0
stats: {load,"os_mon@test4"} 1 0.53125 0 0.53125 0.53125 0 0
stats: {freemem,"os_mon@test4"} 1 1431.94921875 0 1431.94921875 1431.94921875 0 0
stats: {freemem,"os_mon@myserver"} 1 1073.8203125 0 1073.8203125 1073.8203125 0 0
stats: {load,"os_mon@test3"} 1 0.44921875 0 0.44921875 0.44921875 0 0
stats: {cpu,"os_mon@test2"} 1 2.127659574468085 0 2.127659574468085 2.127659574468085 0 0
stats: {freemem,"os_mon@test3"} 1 1478.890625 0 1478.890625 1478.890625 0 0
stats: {cpu,"os_mon@test4"} 1 2.3713420787083757 0 2.3713420787083757 2.3713420787083757 0 0
stats: {load,"os_mon@myserver"} 1 0.609375 0 0.609375 0.609375 0 0
stats: {cpu,"os_mon@myserver"} 1 5.387547649301143 0 5.387547649301143 5.387547649301143 0 0
stats: session 548 38.647914914319124 136.54809355722395 2184.8818359375 20.5849609375 0 0
stats: users_count 554 554
stats: finish_users_count 548 548
stats: 200 5430 5430
stats: request 5426 3.5333785138972065 43.489019299005705 2162.39501953125 1.364013671875 0 0
stats: page 537 36.80573862313783 137.96064177622273 2183.44189453125 19.06298828125 0 0
stats: connect 5436 1.15131976062362 13.521380412798543 997.635986328125 0.303955078125 0 0
stats: size_rcv 821440 821440
stats: size_sent 720724 720724
stats: connected 10 10
# stats: dump at 1338913141
stats: users 30 55
stats: {load,"os_mon@test2"} 1 0.87109375 0.0 0.9296875 0.87109375 0.9296875 1
stats: {recvpackets,"os_mon@test3"} 1 3561 0 3561 3561 0 0
stats: {sentpackets,"os_mon@test3"} 1 2407 0 2407 2407 0 0
stats: {freemem,"os_mon@test2"} 1 1509.8515625 0.0 1509.8515625 1505.5 1505.5 1
stats: {cpu,"os_mon@test3"} 1 20.619603859827322 0.0 20.619603859827322 2.993404363267377 2.993404363267377 1
stats: {load,"os_mon@test4"} 1 0.53125 0.0 0.53125 0.53125 0.53125 1
stats: {freemem,"os_mon@test4"} 1 1438.79296875 0.0 1438.79296875 1431.94921875 1431.94921875 1
stats: {freemem,"os_mon@myserver"} 1 1078.59765625 0.0 1078.59765625 1073.8203125 1073.8203125 1
stats: {recvpackets,"os_mon@test2"} 1 3595 0 3595 3595 0 0
stats: {sentpackets,"os_mon@test2"} 1 2430 0 2430 2430 0 0
stats: {load,"os_mon@test3"} 1 0.69140625 0.0 0.69140625 0.44921875 0.44921875 1
stats: {cpu,"os_mon@test2"} 1 11.359026369168356 0.0 11.359026369168356 2.127659574468085 2.127659574468085 1
stats: {freemem,"os_mon@test3"} 1 1491.75390625 0.0 1491.75390625 1478.890625 1478.890625 1
stats: {recvpackets,"os_mon@test4"} 1 3557 0 3557 3557 0 0
stats: {sentpackets,"os_mon@test4"} 1 2404 0 2404 2404 0 0
stats: {cpu,"os_mon@test4"} 1 11.212121212121213 0.0 11.212121212121213 2.3713420787083757 2.3713420787083757 1
stats: {load,"os_mon@myserver"} 1 0.51171875 0.0 0.609375 0.51171875 0.609375 1
stats: {recvpackets,"os_mon@myserver"} 1 3684 0 3684 3684 0 0
stats: {sentpackets,"os_mon@myserver"} 1 2494 0 2494 2494 0 0
stats: {cpu,"os_mon@myserver"} 1 25.604734945959855 0.0 25.604734945959855 5.387547649301143 5.387547649301143 1
stats: session 1510 119.43999880354937 533.0654316273004 15627.592041015625 20.263916015625 38.647914914319124 548
stats: users_count 1534 2088
stats: finish_users_count 1510 2058
stats: 200 15167 20597
stats: request 15164 11.578203213872113 168.54699374782453 15606.44091796875 1.14013671875 3.5333785138972065 5426
stats: page 1509 115.52925367715582 531.4196221815836 15626.197998046875 18.7080078125 36.80573862313783 537
stats: connect 15173 4.1438749360243134 54.89661859573614 1003.48193359375 0.303955078125 1.15131976062362 5436
stats: size_rcv 2225782 3047222
stats: newphase 6 6
stats: size_sent 2015671 2736395
stats: connected 9 19
# stats: dump at 1338913151
stats: users 319 322
stats: {load,"os_mon@test2"} 1 0.80859375 0.0 0.9296875 0.80859375 0.900390625 2
stats: {recvpackets,"os_mon@test3"} 1 7474.0 0.0 7474 3561 3561.0 1
stats: {sentpackets,"os_mon@test3"} 1 5026.0 0.0 5026 2407 2407.0 1
stats: {freemem,"os_mon@test2"} 1 1511.75 0.0 1511.75 1505.5 1507.67578125 2
stats: {cpu,"os_mon@test3"} 1 35.8908341915551 0.0 35.8908341915551 2.993404363267377 11.80650411154735 2
stats: {load,"os_mon@test4"} 1 0.44140625 0.0 0.53125 0.44140625 0.53125 2
stats: {freemem,"os_mon@test4"} 1 1438.8984375 0.0 1438.8984375 1431.94921875 1435.37109375 2
stats: {freemem,"os_mon@myserver"} 1 1084.37890625 0.0 1084.37890625 1073.8203125 1076.208984375 2
stats: {recvpackets,"os_mon@test2"} 1 7501.0 0.0 7501 3595 3595.0 1
stats: {sentpackets,"os_mon@test2"} 1 5044.0 0.0 5044 2430 2430.0 1
stats: {load,"os_mon@test3"} 1 0.73828125 0.0 0.73828125 0.44921875 0.5703125 2
stats: {cpu,"os_mon@test2"} 1 32.014388489208635 0.0 32.014388489208635 2.127659574468085 6.743342971818221 2
stats: {freemem,"os_mon@test3"} 1 1492.66015625 0.0 1492.66015625 1478.890625 1485.322265625 2
stats: {recvpackets,"os_mon@test4"} 1 7429.0 0.0 7429 3557 3557.0 1
stats: {sentpackets,"os_mon@test4"} 1 4998.0 0.0 4998 2404 2404.0 1
stats: {cpu,"os_mon@test4"} 1 29.535002554931015 0.0 29.535002554931015 2.3713420787083757 6.791731645414794 2
stats: {load,"os_mon@myserver"} 1 0.51171875 0.0 0.609375 0.51171875 0.560546875 2
stats: {recvpackets,"os_mon@myserver"} 1 7603.0 0.0 7603 3684 3684.0 1
stats: {sentpackets,"os_mon@myserver"} 1 5109.0 0.0 5109 2494 2494.0 1
stats: {cpu,"os_mon@myserver"} 1 54.56656346749226 0.0 54.56656346749226 5.387547649301143 15.4961412976305 2
stats: session 2195 446.953384823462 756.8995773904913 16330.568115234375 20.263916015625 97.92684915763189 2058
stats: users_count 2484 4572
stats: finish_users_count 2195 4253
stats: request 23160 48.82996864121216 267.5485200253184 18098.041015625 1.14013671875 9.458182872829672 20590
stats: page 2196 440.50736713235705 753.6174681575791 16328.637939453125 18.7080078125 94.86721673482558 2046
stats: connect 23275 24.27192044005092 144.3179009342011 1507.864013671875 0.303955078125 3.3545338746686837 20609
stats: 200 23171 43768
stats: size_rcv 3143938 6191160
stats: newphase 6 12
stats: size_sent 3090049 5826444
stats: connected 115 134
# stats: dump at 1338913161
stats: users 1412 1414
stats: {load,"os_mon@test2"} 1 0.76171875 0.0 0.9296875 0.76171875 0.8697916666666666 3
stats: {recvpackets,"os_mon@test3"} 1 11039.0 0.0 11039 3561 5517.5 2
stats: {sentpackets,"os_mon@test3"} 1 7392.0 0.0 7392 2407 3716.5 2
stats: {freemem,"os_mon@test2"} 1 1507.125 0.0 1511.75 1505.5 1509.0338541666667 3
stats: {cpu,"os_mon@test3"} 1 51.493305870236874 0.0 51.493305870236874 2.993404363267377 19.834614138216597 3
stats: {load,"os_mon@test4"} 1 0.44921875 0.0 0.53125 0.44140625 0.5013020833333334 3
stats: {freemem,"os_mon@test4"} 1 1434.63671875 0.0 1438.8984375 1431.94921875 1436.546875 3
stats: {freemem,"os_mon@myserver"} 1 1091.6796875 0.0 1091.6796875 1073.8203125 1078.9322916666667 3
stats: {recvpackets,"os_mon@test2"} 1 11004.0 0.0 11004 3595 5548.0 2
stats: {sentpackets,"os_mon@test2"} 1 7367.0 0.0 7367 2430 3737.0 2
stats: {load,"os_mon@test3"} 1 0.69921875 0.0 0.73828125 0.44921875 0.6263020833333334 3
stats: {cpu,"os_mon@test2"} 1 44.39347604485219 0.0 44.39347604485219 2.127659574468085 15.167024810948357 3
stats: {freemem,"os_mon@test3"} 1 1488.89453125 0.0 1492.66015625 1478.890625 1487.7682291666667 3
stats: {recvpackets,"os_mon@test4"} 1 11039.0 0.0 11039 3557 5493.0 2
stats: {sentpackets,"os_mon@test4"} 1 7392.0 0.0 7392 2404 3701.0 2
stats: {cpu,"os_mon@test4"} 1 43.50051177072671 0.0 43.50051177072671 2.3713420787083757 14.372821948586868 3
stats: {load,"os_mon@myserver"} 1 1.28125 0.0 1.28125 0.51171875 0.5442708333333334 3
stats: {recvpackets,"os_mon@myserver"} 1 11515.0 0.0 11515 3684 5643.5 2
stats: {sentpackets,"os_mon@myserver"} 1 7708.0 0.0 7708 2494 3801.5 2
stats: {cpu,"os_mon@myserver"} 1 74.67217095677513 0.0 74.67217095677513 5.387547649301143 28.519615354251087 3
stats: session 2353 2137.1457818351923 1451.50297118081 32197.553955078125 20.263916015625 278.0616353759477 4253
stats: users_count 3446 8018
stats: finish_users_count 2353 6606
stats: request 27751 247.79702507729223 422.60839693852546 18098.041015625 1.14013671875 30.30048135044655 43750
stats: page 2359 2128.6206533861346 1450.7053020324843 32196.051025390625 18.7080078125 273.7983271244953 4242
stats: connect 28346 140.07996865532775 313.8140241268106 3437.2138671875 0.303955078125 14.448603975600038 43884
stats: 200 27801 71569
stats: size_rcv 3327500 9518660
stats: newphase 6 18
stats: size_sent 3757550 9583994
stats: connected 595 729
# stats: dump at 1338913171
stats: users 3526 3526
stats: {load,"os_mon@test2"} 1 0.890625 0.0 0.9296875 0.76171875 0.8427734375 4
stats: {recvpackets,"os_mon@test3"} 1 13975.0 0.0 13975 3561 7358.0 3
stats: {sentpackets,"os_mon@test3"} 1 9320.0 0.0 9320 2407 4941.666666666667 3
stats: {freemem,"os_mon@test2"} 1 1483.3984375 0.0 1511.75 1483.3984375 1508.556640625 4
stats: {cpu,"os_mon@test3"} 1 54.09494001043297 0.0 54.09494001043297 2.993404363267377 27.749287071221666 4
stats: {load,"os_mon@test4"} 1 0.53125 0.0 0.53125 0.44140625 0.48828125 4
stats: {freemem,"os_mon@test4"} 1 1414.671875 0.0 1438.8984375 1414.671875 1436.0693359375 4
stats: {freemem,"os_mon@myserver"} 1 1086.2265625 0.0 1091.6796875 1073.8203125 1082.119140625 4
stats: {recvpackets,"os_mon@test2"} 1 14042.0 0.0 14042 3595 7366.666666666667 3
stats: {sentpackets,"os_mon@test2"} 1 9363.0 0.0 9363 2430 4947.0 3
stats: {load,"os_mon@test3"} 1 0.8984375 0.0 0.8984375 0.44921875 0.64453125 4
stats: {cpu,"os_mon@test2"} 1 55.590223608944356 0.0 55.590223608944356 2.127659574468085 22.473637619424316 4
stats: {freemem,"os_mon@test3"} 1 1468.453125 0.0 1492.66015625 1468.453125 1488.0498046875 4
stats: {recvpackets,"os_mon@test4"} 1 13995.0 0.0 13995 3557 7341.666666666667 3
stats: {sentpackets,"os_mon@test4"} 1 9331.0 0.0 9331 2404 4931.333333333333 3
stats: {cpu,"os_mon@test4"} 1 49.69199178644764 0.0 49.69199178644764 2.3713420787083757 21.65474440412183 4
stats: {load,"os_mon@myserver"} 1 2.41015625 0.0 2.41015625 0.51171875 0.728515625 4
stats: {recvpackets,"os_mon@myserver"} 1 16124.0 0.0 16124 3684 7600.666666666667 3
stats: {sentpackets,"os_mon@myserver"} 1 10763.0 0.0 10763 2494 5103.666666666667 3
stats: {cpu,"os_mon@myserver"} 1 82.46543778801843 0.0 82.46543778801843 5.387547649301143 40.0577542548821 4
stats: session 2106 5670.287029965547 2053.443122482579 32197.553955078125 20.263916015625 940.251310916154 6606
stats: users_count 4220 12238
stats: finish_users_count 2106 8712
stats: request 28745 719.2467010736926 768.685683662858 18098.041015625 1.14013671875 114.71533687643493 71501
stats: page 2110 5662.233740118658 2054.8051121232006 32196.051025390625 18.7080078125 936.6563588850175 6601
stats: connect 30262 332.9715953975927 448.47119841669763 7157.328125 0.303955078125 63.751479002757186 72230
stats: 200 28498 100067
stats: size_rcv 3260348 12779008
stats: newphase 6 24
stats: size_sent 4017186 13601180
stats: connected 1517 2246
# stats: dump at 1338913181
stats: users 4362 4809
stats: {load,"os_mon@test2"} 1 0.828125 0.0 0.9296875 0.76171875 0.85234375 5
stats: {recvpackets,"os_mon@test3"} 1 16034.0 0.0 16034 3561 9012.25 4
stats: {sentpackets,"os_mon@test3"} 1 10738.0 0.0 10738 2407 6036.25 4
stats: {freemem,"os_mon@test2"} 1 1447.390625 0.0 1511.75 1447.390625 1503.525 5
stats: {cpu,"os_mon@test3"} 1 55.6553911205074 0.0 55.6553911205074 2.993404363267377 33.01841765906393 5
stats: {load,"os_mon@test4"} 1 0.6015625 0.0 0.6015625 0.44140625 0.496875 5
stats: {freemem,"os_mon@test4"} 1 1375.85546875 0.0 1438.8984375 1375.85546875 1431.78984375 5
stats: {freemem,"os_mon@myserver"} 1 1072.0078125 0.0 1091.6796875 1072.0078125 1082.940625 5
stats: {recvpackets,"os_mon@test2"} 1 16002.0 0.0 16002 3595 9035.5 4
stats: {sentpackets,"os_mon@test2"} 1 10716.0 0.0 10716 2430 6051.0 4
stats: {load,"os_mon@test3"} 1 0.98828125 0.0 0.98828125 0.44921875 0.6953125 5
stats: {cpu,"os_mon@test2"} 1 58.714652956298195 0.0 58.714652956298195 2.127659574468085 29.09695481732832 5
stats: {freemem,"os_mon@test3"} 1 1423.9140625 0.0 1492.66015625 1423.9140625 1484.13046875 5
stats: {recvpackets,"os_mon@test4"} 1 16011.0 0.0 16011 3557 9005.0 4
stats: {sentpackets,"os_mon@test4"} 1 10724.0 0.0 10724 2404 6031.25 4
stats: {cpu,"os_mon@test4"} 1 52.72914521112255 0.0 52.72914521112255 2.3713420787083757 27.262193880586988 5
stats: {load,"os_mon@myserver"} 1 3.6015625 0.0 3.6015625 0.51171875 1.06484375 5
stats: {recvpackets,"os_mon@myserver"} 1 17841.0 0.0 17841 3684 9731.5 4
stats: {sentpackets,"os_mon@myserver"} 1 1.21e4 0.0 12100 2494 6518.5 4
stats: {cpu,"os_mon@myserver"} 1 82.94187898089172 0.0 82.94187898089172 5.387547649301143 48.539290961509366 5
stats: session 2149 10040.3559167009 3007.706279743269 32197.553955078125 20.263916015625 2083.669036388838 8712
stats: users_count 2985 15223
stats: finish_users_count 2149 10861
stats: request 28396 1288.7522946003153 1515.1344761314226 26065.23095703125 1.14013671875 288.06144608628045 100246
stats: page 2098 10030.97963124759 2997.168014282734 32196.051025390625 18.7080078125 2081.2974189703095 8711
stats: connect 29256 446.15313803318367 616.7646809487295 8938.375 0.303955078125 143.24196764909556 102492
stats: 200 25838 125905
stats: size_rcv 2997700 15776708
stats: newphase 6 30
stats: size_sent 3884008 17485188
stats: connected 860 3106
# stats: dump at 1338913191
stats: users 4589 4809
stats: {load,"os_mon@test2"} 1 0.94140625 0.0 0.94140625 0.76171875 0.8483072916666666 6
stats: {recvpackets,"os_mon@test3"} 1 11324.0 0.0 16034 3561 10416.6 5
stats: {sentpackets,"os_mon@test3"} 1 8214.0 0.0 10738 2407 6976.6 5
stats: {freemem,"os_mon@test2"} 1 1403.75 0.0 1511.75 1403.75 1494.1692708333333 6
stats: {cpu,"os_mon@test3"} 1 61.327713382507895 0.0 61.327713382507895 2.993404363267377 36.791246569304505 6
stats: {load,"os_mon@test4"} 1 0.66015625 0.0 0.66015625 0.44140625 0.5143229166666666 6
stats: {freemem,"os_mon@test4"} 1 1357.25 0.0 1438.8984375 1357.25 1422.4674479166667 6
stats: {freemem,"os_mon@myserver"} 1 1066.5703125 0.0 1091.6796875 1066.5703125 1081.1184895833333 6
stats: {recvpackets,"os_mon@test2"} 1 11302.0 0.0 16002 3595 10428.8 5
stats: {sentpackets,"os_mon@test2"} 1 8207.0 0.0 10716 2430 6984.0 5
stats: {load,"os_mon@test3"} 1 1.0 0.0 1.0 0.44921875 0.744140625 6
stats: {cpu,"os_mon@test2"} 1 59.80290456431535 0.0 59.80290456431535 2.127659574468085 34.03323784048997 6
stats: {freemem,"os_mon@test3"} 1 1360.921875 0.0 1492.66015625 1360.921875 1474.0944010416667 6
stats: {recvpackets,"os_mon@test4"} 1 11298.0 0.0 16011 3557 10406.2 5
stats: {sentpackets,"os_mon@test4"} 1 8187.0 0.0 10724 2404 6969.8 5
stats: {cpu,"os_mon@test4"} 1 45.74522949974214 0.0 52.72914521112255 2.3713420787083757 31.506685769009582 6
stats: {load,"os_mon@myserver"} 1 4.26953125 0.0 4.26953125 0.51171875 1.4876302083333333 6
stats: {recvpackets,"os_mon@myserver"} 1 15550.0 0.0 17841 3684 11353.4 5
stats: {sentpackets,"os_mon@myserver"} 1 11288.0 0.0 12100 2494 7634.8 5
stats: {cpu,"os_mon@myserver"} 1 82.21131369798972 0.0 82.94187898089172 5.387547649301143 54.27305563140643 6
stats: session 2930 12671.132892824768 4896.085350886033 39681.362060546875 20.263916015625 3658.010267011306 10861
stats: users_count 3157 18380
stats: finish_users_count 2930 13791
stats: request 28037 1328.640785728593 2086.3300900373974 42793.80615234375 1.14013671875 508.9505595515914 128642
stats: page 2873 12580.393599810586 4827.001585638175 39679.283203125 18.7080078125 3624.3109522627265 10809
stats: connect 28082 314.9408359075236 539.9884263410457 15202.22314453125 0.303955078125 210.50651208815256 131748
stats: 200 26981 152886
stats: size_rcv 3161466 18938174
stats: newphase 6 36
stats: size_sent 3729262 21214450
stats: connected 45 3151
# stats: dump at 1338913201
stats: users 5133 5277
stats: {load,"os_mon@test2"} 1 1.03125 0.0 1.03125 0.76171875 0.8616071428571429 7
stats: {recvpackets,"os_mon@test3"} 1 13752.0 0.0 16034 3561 10567.833333333334 6
stats: {sentpackets,"os_mon@test3"} 1 9976.0 0.0 10738 2407 7182.833333333333 6
stats: {freemem,"os_mon@test2"} 1 1351.04296875 0.0 1511.75 1351.04296875 1481.252232142857 7
stats: {cpu,"os_mon@test3"} 1 47.29448491155047 0.0 61.327713382507895 2.993404363267377 40.29645611404784 7
stats: {load,"os_mon@test4"} 1 0.7109375 0.0 0.7109375 0.44140625 0.53515625 7
stats: {freemem,"os_mon@test4"} 1 1334.8046875 0.0 1438.8984375 1334.8046875 1413.150669642857 7
stats: {freemem,"os_mon@myserver"} 1 1053.66015625 0.0 1091.6796875 1053.66015625 1079.0401785714287 7
stats: {recvpackets,"os_mon@test2"} 1 13736.0 0.0 16002 3595 10574.333333333334 6
stats: {sentpackets,"os_mon@test2"} 1 9965.0 0.0 10716 2430 7187.833333333333 6
stats: {load,"os_mon@test3"} 1 1.01171875 0.0 1.01171875 0.44921875 0.7806919642857143 7
stats: {cpu,"os_mon@test2"} 1 70.91383812010443 0.0 70.91383812010443 2.127659574468085 37.71461880103645 7
stats: {freemem,"os_mon@test3"} 1 1339.52734375 0.0 1492.66015625 1339.52734375 1457.9268973214287 7
stats: {recvpackets,"os_mon@test4"} 1 13769.0 0.0 16011 3557 10554.833333333334 6
stats: {sentpackets,"os_mon@test4"} 1 9991.0 0.0 10724 2404 7172.666666666667 6
stats: {cpu,"os_mon@test4"} 1 52.50645994832042 0.0 52.72914521112255 2.3713420787083757 33.54076344482852 7
stats: {load,"os_mon@myserver"} 1 5.078125 0.0 5.078125 0.51171875 1.8850446428571428 7
stats: {recvpackets,"os_mon@myserver"} 1 15628.0 0.0 17841 3684 12052.833333333334 6
stats: {sentpackets,"os_mon@myserver"} 1 11315.0 0.0 12100 2494 8243.666666666666 6
stats: {cpu,"os_mon@myserver"} 1 82.14522180534098 0.0 82.94187898089172 5.387547649301143 58.26423535520404 7
stats: session 2646 13449.602067020402 7025.903037244639 55354.052978515625 20.263916015625 5572.914863750733 13791
stats: users_count 3190 21570
stats: finish_users_count 2646 16437
stats: request 29121 1425.8221572913164 2550.1651995715933 42793.80615234375 1.14013671875 655.6304264854153 156679
stats: page 2681 13408.10926472237 6939.522082927158 55351.4521484375 18.7080078125 5504.944298732907 13682
stats: connect 30039 314.95522696308603 468.744064337437 15202.22314453125 0.303955078125 228.85553718666705 159830
stats: 200 28724 181610
stats: size_rcv 3346588 22284762
stats: newphase 4 40
stats: size_sent 3986071 25200521
stats: connected 917 4068
# stats: dump at 1338913211
stats: users 4459 5277
stats: {load,"os_mon@test2"} 1 1.08984375 0.0 1.08984375 0.76171875 0.8828125 8
stats: {recvpackets,"os_mon@test3"} 1 14267.0 0.0 16034 3561 11022.714285714286 7
stats: {sentpackets,"os_mon@test3"} 1 10392.0 0.0 10738 2407 7581.857142857143 7
stats: {freemem,"os_mon@test2"} 1 1305.91015625 0.0 1511.75 1305.91015625 1464.97607421875 8
stats: {cpu,"os_mon@test3"} 1 61.74777603349032 0.0 61.74777603349032 2.993404363267377 41.17120971373567 8
stats: {load,"os_mon@test4"} 1 0.6796875 0.0 0.7109375 0.44140625 0.55712890625 8
stats: {freemem,"os_mon@test4"} 1 1308.73828125 0.0 1438.8984375 1308.73828125 1403.357421875 8
stats: {freemem,"os_mon@myserver"} 0 0 0 1091.6796875 1053.66015625 1075.86767578125 8
stats: {recvpackets,"os_mon@test2"} 1 14278.0 0.0 16002 3595 11026.0 7
stats: {sentpackets,"os_mon@test2"} 1 10397.0 0.0 10716 2430 7584.571428571428 7
stats: {load,"os_mon@test3"} 1 1.08984375 0.0 1.08984375 0.44921875 0.8095703125 8
stats: {cpu,"os_mon@test2"} 1 66.61506707946336 0.0 70.91383812010443 2.127659574468085 41.86452121591995 8
stats: {freemem,"os_mon@test3"} 1 1280.875 0.0 1492.66015625 1280.875 1443.126953125 8
stats: {recvpackets,"os_mon@test4"} 1 14260.0 0.0 16011 3557 11014.0 7
stats: {sentpackets,"os_mon@test4"} 1 10392.0 0.0 10724 2404 7575.285714285715 7
stats: {cpu,"os_mon@test4"} 1 54.96894409937888 0.0 54.96894409937888 2.3713420787083757 35.91147550776501 8
stats: {load,"os_mon@myserver"} 0 0 0 5.078125 0.51171875 2.2841796875 8
stats: {recvpackets,"os_mon@myserver"} 0 0 0 17841 3684 12563.57142857143 7
stats: {sentpackets,"os_mon@myserver"} 0 0 0 12100 2494 8682.42857142857 7
stats: {cpu,"os_mon@myserver"} 0 0 0 82.94187898089172 5.387547649301143 61.24935866147116 8
stats: session 3139 14301.503835784435 8674.996645767878 56538.72412109375 20.263916015625 6840.890427409037 16437
stats: users_count 2465 24035
stats: finish_users_count 3139 19576
stats: request 28025 1644.5473326689353 3148.4416775041354 42793.80615234375 1.14013671875 776.3449226791648 185800
stats: page 3140 14307.195684231305 8649.194513460978 56537.51806640625 18.7080078125 6799.840422537694 16363
stats: connect 27267 278.5898306955032 430.3820958476634 15202.22314453125 0.303955078125 242.477289980403 189869
stats: 200 27422 209032
stats: size_rcv 3129524 25414286
stats: newphase 6 46
stats: size_sent 3617681 28818202
stats: connected -759 3309
# stats: dump at 1338913221
stats: users 5393 5451
stats: {load,"os_mon@test2"} 1 0.921875 0.0 1.08984375 0.76171875 0.9058159722222222 9
stats: {recvpackets,"os_mon@test3"} 1 15668.0 0.0 16034 3561 11428.25 8
stats: {sentpackets,"os_mon@test3"} 1 11463.0 0.0 11463 2407 7933.125 8
stats: {freemem,"os_mon@test2"} 1 1285.703125 0.0 1511.75 1285.703125 1447.3020833333333 9
stats: {cpu,"os_mon@test3"} 1 71.63788592360021 0.0 71.63788592360021 2.993404363267377 43.45749486037508 9
stats: {load,"os_mon@test4"} 1 0.80859375 0.0 0.80859375 0.44140625 0.5707465277777778 9
stats: {freemem,"os_mon@test4"} 1 1311.46484375 0.0 1438.8984375 1308.73828125 1392.8441840277778 9
stats: {freemem,"os_mon@myserver"} 1 1054.74609375 0.0 1091.6796875 1053.66015625 1075.86767578125 8
stats: {recvpackets,"os_mon@test2"} 1 15698.0 0.0 16002 3595 11432.5 8
stats: {sentpackets,"os_mon@test2"} 1 11483.0 0.0 11483 2430 7936.125 8
stats: {load,"os_mon@test3"} 1 1.078125 0.0 1.08984375 0.44921875 0.8407118055555556 9
stats: {cpu,"os_mon@test2"} 1 62.284820031298906 0.0 70.91383812010443 2.127659574468085 44.614581867424775 9
stats: {freemem,"os_mon@test3"} 1 1232.9765625 0.0 1492.66015625 1232.9765625 1425.0989583333333 9
stats: {recvpackets,"os_mon@test4"} 1 15571.0 0.0 16011 3557 11419.75 8
stats: {sentpackets,"os_mon@test4"} 1 11393.0 0.0 11393 2404 7927.375 8
stats: {cpu,"os_mon@test4"} 1 45.624029000517865 0.0 54.96894409937888 2.3713420787083757 38.02897201794433 9
stats: {load,"os_mon@myserver"} 1 4.609375 0.0 5.078125 0.51171875 2.2841796875 8
stats: {recvpackets,"os_mon@myserver"} 1 14221.0 0.0 17841 3684 12563.57142857143 7
stats: {sentpackets,"os_mon@myserver"} 1 10753.0 0.0 12100 2494 8682.42857142857 7
stats: {cpu,"os_mon@myserver"} 1 80.79908675799086 0.0 82.94187898089172 5.387547649301143 61.24935866147116 8
stats: session 1921 18115.830939543543 10763.452512952446 56538.72412109375 20.263916015625 8037.195366563633 19576
stats: users_count 2855 26890
stats: finish_users_count 1921 21497
stats: request 23221 1979.2466784742048 3673.1094745414803 66312.59399414063 1.14013671875 890.1359786359674 213825
stats: page 1903 17945.81583573323 10666.317146884543 56537.51806640625 18.7080078125 8008.531163537435 19503
stats: connect 23809 376.5145831699485 714.4449567418021 15202.22314453125 0.303955078125 247.0121466954509 217136
stats: 200 22435 231467
stats: size_rcv 2597462 28011748
stats: newphase 5 51
stats: size_sent 3159891 31978093
stats: connected 588 3897
# stats: dump at 1338913231
stats: users 6331 6655
stats: {load,"os_mon@test2"} 1 0.94140625 0.0 1.08984375 0.76171875 0.907421875 10
stats: {recvpackets,"os_mon@test3"} 1 9747.0 0.0 16034 3561 11899.333333333334 9
stats: {sentpackets,"os_mon@test3"} 1 7510.0 0.0 11463 2407 8325.333333333334 9
stats: {freemem,"os_mon@test2"} 1 1258.6171875 0.0 1511.75 1258.6171875 1431.1421875 10
stats: {cpu,"os_mon@test3"} 1 56.134020618556704 0.0 71.63788592360021 2.993404363267377 46.27553396669759 10
stats: {load,"os_mon@test4"} 1 1.0 0.0 1.0 0.44140625 0.59453125 10
stats: {freemem,"os_mon@test4"} 1 1284.84765625 0.0 1438.8984375 1284.84765625 1384.70625 10
stats: {freemem,"os_mon@myserver"} 1 1050.86328125 0.0 1091.6796875 1050.86328125 1073.5208333333333 9
stats: {recvpackets,"os_mon@test2"} 1 9713.0 0.0 16002 3595 11906.444444444445 9
stats: {sentpackets,"os_mon@test2"} 1 7488.0 0.0 11483 2430 8330.222222222223 9
stats: {load,"os_mon@test3"} 1 0.98828125 0.0 1.08984375 0.44921875 0.864453125 10
stats: {cpu,"os_mon@test2"} 1 50.48494129657989 0.0 70.91383812010443 2.127659574468085 46.38160568381219 10
stats: {freemem,"os_mon@test3"} 1 1181.8828125 0.0 1492.66015625 1181.8828125 1405.88671875 10
stats: {recvpackets,"os_mon@test4"} 1 9819.0 0.0 16011 3557 11881.0 9
stats: {sentpackets,"os_mon@test4"} 1 7552.0 0.0 11393 2404 8312.444444444445 9
stats: {cpu,"os_mon@test4"} 1 41.64070612668744 0.0 54.96894409937888 2.3713420787083757 38.78847771620168 10
stats: {load,"os_mon@myserver"} 1 3.859375 0.0 5.078125 0.51171875 2.5425347222222223 9
stats: {recvpackets,"os_mon@myserver"} 1 13588.0 0.0 17841 3684 12770.75 8
stats: {sentpackets,"os_mon@myserver"} 1 10071.0 0.0 12100 2494 8941.25 8
stats: {cpu,"os_mon@myserver"} 1 65.36107711138311 0.0 82.94187898089172 5.387547649301143 63.42155067219557 9
stats: session 2046 19253.43555475051 11392.09377455705 72773.05297851563 20.263916015625 8937.835406368928 21497
stats: users_count 2984 29874
stats: finish_users_count 2046 23543
stats: request 23952 2136.904774453687 3800.2021460884453 66312.59399414063 1.14013671875 996.8251425996864 237046
stats: 200 22520 253987
stats: page 2063 19288.24861290723 11478.165789489085 72770.91918945313 18.7080078125 8891.958834806639 21406
stats: connect 24975 530.0325172926835 817.4344585835469 15667.069091796875 0.303955078125 259.8089406111633 240945
stats: size_rcv 2590882 30602630
stats: newphase 5 56
stats: size_sent 3314333 35292426
stats: connected 1023 4920
# stats: dump at 1338913241
stats: users 7550 7565
stats: {load,"os_mon@test2"} 1 1.25 0.0 1.25 0.76171875 0.9105113636363636 11
stats: {recvpackets,"os_mon@test3"} 1 15040.0 0.0 16034 3561 11684.1 10
stats: {sentpackets,"os_mon@test3"} 1 11174.0 0.0 11463 2407 8243.8 10
stats: {freemem,"os_mon@test2"} 1 1227.60546875 0.0 1511.75 1227.60546875 1415.458096590909 11
stats: {cpu,"os_mon@test3"} 1 53.68916797488226 0.0 71.63788592360021 2.993404363267377 47.171760025957504 11
stats: {load,"os_mon@test4"} 1 1.16015625 0.0 1.16015625 0.44140625 0.6313920454545454 11
stats: {freemem,"os_mon@test4"} 1 1205.234375 0.0 1438.8984375 1205.234375 1375.6281960227273 11
stats: {freemem,"os_mon@myserver"} 1 1035.59765625 0.0 1091.6796875 1035.59765625 1071.255078125 10
stats: {recvpackets,"os_mon@test2"} 1 15035.0 0.0 16002 3595 11687.1 10
stats: {sentpackets,"os_mon@test2"} 1 11168.0 0.0 11483 2430 8246.0 10
stats: {load,"os_mon@test3"} 1 1.37109375 0.0 1.37109375 0.44921875 0.8757102272727273 11
stats: {cpu,"os_mon@test2"} 1 54.248704663212436 0.0 70.91383812010443 2.127659574468085 46.7546361940638 11
stats: {freemem,"os_mon@test3"} 1 1142.37890625 0.0 1492.66015625 1142.37890625 1385.5227272727273 11
stats: {recvpackets,"os_mon@test4"} 1 14942.0 0.0 16011 3557 11674.8 10
stats: {sentpackets,"os_mon@test4"} 1 11108.0 0.0 11393 2404 8236.4 10
stats: {cpu,"os_mon@test4"} 1 60.65318818040435 0.0 60.65318818040435 2.3713420787083757 39.04777120806403 11
stats: {load,"os_mon@myserver"} 1 3.859375 0.0 5.078125 0.51171875 2.67421875 10
stats: {recvpackets,"os_mon@myserver"} 1 23863.0 0.0 23863 3684 12861.555555555555 9
stats: {sentpackets,"os_mon@myserver"} 1 18007.0 0.0 18007 2494 9066.777777777777 9
stats: {cpu,"os_mon@myserver"} 1 82.12508115126596 0.0 82.94187898089172 5.387547649301143 63.61550331611433 10
stats: session 2598 20979.363921108965 11760.71331996858 72773.05297851563 20.263916015625 9834.310702787765 23543
stats: users_count 3817 33691
stats: finish_users_count 2598 26141
stats: 200 27803 281790
stats: connect 29828 338.4164355783032 582.4624786650176 15667.069091796875 0.303955078125 285.1881291927704 265920
stats: page 2630 20906.073258154083 11709.765833020934 72770.91918945313 18.7080078125 9805.825885478655 23469
stats: request 29269 2195.0509383661456 3909.0972732884875 66312.59399414063 1.14013671875 1101.4511831906757 260998
stats: size_rcv 3143018 33745648
stats: newphase 6 62
stats: size_sent 3958492 39250918
stats: connected 559 5479
# stats: dump at 1338913251
stats: users 7116 7703
stats: {load,"os_mon@test2"} 1 1.53125 0.0 1.53125 0.76171875 0.9388020833333334 12
stats: {recvpackets,"os_mon@test3"} 1 15574.0 0.0 16034 3561 11989.181818181818 11
stats: {sentpackets,"os_mon@test3"} 1 11747.0 0.0 11747 2407 8510.181818181818 11
stats: {freemem,"os_mon@test2"} 1 1184.93359375 0.0 1511.75 1184.93359375 1399.8037109375 12
stats: {cpu,"os_mon@test3"} 1 62.34796404019038 0.0 71.63788592360021 2.993404363267377 47.71487735503457 12
stats: {load,"os_mon@test4"} 1 1.2890625 0.0 1.2890625 0.44140625 0.6754557291666666 12
stats: {freemem,"os_mon@test4"} 1 1144.18359375 0.0 1438.8984375 1144.18359375 1361.4287109375 12
stats: {freemem,"os_mon@myserver"} 0 0 0 1091.6796875 1035.59765625 1068.0134943181818 11
stats: {recvpackets,"os_mon@test2"} 1 15780.0 0.0 16002 3595 11991.454545454546 11
stats: {sentpackets,"os_mon@test2"} 1 11902.0 0.0 11902 2430 8511.636363636364 11
stats: {load,"os_mon@test3"} 1 1.3984375 0.0 1.3984375 0.44921875 0.9169921875 12
stats: {cpu,"os_mon@test2"} 1 62.857142857142854 0.0 70.91383812010443 2.127659574468085 47.37914189982619 12
stats: {freemem,"os_mon@test3"} 1 1086.390625 0.0 1492.66015625 1086.390625 1365.2607421875 12
stats: {recvpackets,"os_mon@test4"} 1 15662.0 0.0 16011 3557 11971.818181818182 11
stats: {sentpackets,"os_mon@test4"} 1 11816.0 0.0 11816 2404 8497.454545454546 11
stats: {cpu,"os_mon@test4"} 1 66.28807434176561 0.0 66.28807434176561 2.3713420787083757 40.84822262242572 12
stats: {load,"os_mon@myserver"} 0 0 0 5.078125 0.51171875 2.781960227272727 11
stats: {recvpackets,"os_mon@myserver"} 0 0 0 23863 3684 13961.7 10
stats: {sentpackets,"os_mon@myserver"} 0 0 0 18007 2494 9960.8 10
stats: {cpu,"os_mon@myserver"} 0 0 0 82.94187898089172 5.387547649301143 65.29819221021901 11
stats: session 2684 22259.572931008253 12303.382402831758 82407.57690429688 20.263916015625 10941.951889475285 26141
stats: users_count 2250 35941
stats: finish_users_count 2684 28825
stats: request 29853 2291.702273276137 3989.328635568796 75389.45385742188 1.14013671875 1211.724039678774 290267
stats: page 2644 22249.801380151675 12294.955798385323 82405.85302734375 18.7080078125 10924.399416653656 26099
stats: connect 29622 449.28588049594197 650.3272915428969 15667.069091796875 0.303955078125 290.5565304088993 295748
stats: 200 28147 309937
stats: size_rcv 3176192 36921840
stats: newphase 5 67
stats: size_sent 3931570 43182488
stats: connected -231 5248
# stats: dump at 1338913261
stats: users 6949 7703
stats: {load,"os_mon@test2"} 1 1.53125 0.0 1.53125 0.76171875 0.984375 13
stats: {recvpackets,"os_mon@test3"} 1 13461.0 0.0 16034 3561 12287.916666666666 12
stats: {sentpackets,"os_mon@test3"} 1 10572.0 0.0 11747 2407 8779.916666666666 12
stats: {freemem,"os_mon@test2"} 1 1132.328125 0.0 1511.75 1132.328125 1383.2752403846155 13
stats: {cpu,"os_mon@test3"} 1 59.833506763787724 0.0 71.63788592360021 2.993404363267377 48.84049940773886 13
stats: {load,"os_mon@test4"} 1 1.37890625 0.0 1.37890625 0.44140625 0.72265625 13
stats: {freemem,"os_mon@test4"} 1 1086.36328125 0.0 1438.8984375 1086.36328125 1344.717548076923 13
stats: {freemem,"os_mon@myserver"} 1 1026.93359375 0.0 1091.6796875 1026.93359375 1068.0134943181818 11
stats: {recvpackets,"os_mon@test2"} 1 13678.0 0.0 16002 3595 12307.166666666666 12
stats: {sentpackets,"os_mon@test2"} 1 10712.0 0.0 11902 2430 8794.166666666666 12
stats: {load,"os_mon@test3"} 1 1.4296875 0.0 1.4296875 0.44921875 0.9540264423076923 13
stats: {cpu,"os_mon@test2"} 1 64.24581005586593 0.0 70.91383812010443 2.127659574468085 48.56975735808132 13
stats: {freemem,"os_mon@test3"} 1 1036.66796875 0.0 1492.66015625 1036.66796875 1343.8091947115386 13
stats: {recvpackets,"os_mon@test4"} 1 13395.0 0.0 16011 3557 12279.333333333334 12
stats: {sentpackets,"os_mon@test4"} 1 10505.0 0.0 11816 2404 8774.0 12
stats: {cpu,"os_mon@test4"} 1 71.12135176651306 0.0 71.12135176651306 2.3713420787083757 42.80513429314418 13
stats: {load,"os_mon@myserver"} 1 3.69140625 0.0 5.078125 0.51171875 2.781960227272727 11
stats: {recvpackets,"os_mon@myserver"} 1 20568.0 0.0 23863 3684 13961.7 10
stats: {sentpackets,"os_mon@myserver"} 1 15661.0 0.0 18007 2494 9960.8 10
stats: {cpu,"os_mon@myserver"} 1 80.90142004527681 0.0 82.94187898089172 5.387547649301143 65.29819221021901 11
stats: session 3057 22328.295311685466 12336.966278816566 94810.92504882813 20.263916015625 11995.77651655159 28825
stats: users_count 2890 38831
stats: finish_users_count 3057 31882
stats: request 28599 2404.39653684145 4381.040305955749 75389.45385742188 1.14013671875 1312.4381162987354 320120
stats: page 3074 22256.3823177062 12349.024251831388 94807.0830078125 18.7080078125 11966.196125121414 28743
stats: connect 28821 349.6574071626912 466.58080126397465 15667.069091796875 0.303955078125 305.00740420881436 325370
stats: 200 27300 337237
stats: size_rcv 3115238 40037078
stats: newphase 4 71
stats: size_sent 3825543 47008031
stats: connected 222 5470
# stats: dump at 1338913271
stats: users 8022 8022
stats: {load,"os_mon@test2"} 1 1.58984375 0.0 1.58984375 0.76171875 1.0234375 14
stats: {recvpackets,"os_mon@test3"} 1 16674.0 0.0 16674 3561 12378.153846153846 13
stats: {sentpackets,"os_mon@test3"} 1 12684.0 0.0 12684 2407 8917.76923076923 13
stats: {freemem,"os_mon@test2"} 1 1108.84375 0.0 1511.75 1108.84375 1365.3504464285713 14
stats: {cpu,"os_mon@test3"} 1 76.08024691358025 0.0 76.08024691358025 2.993404363267377 49.62571421888521 14
stats: {load,"os_mon@test4"} 1 1.3203125 0.0 1.37890625 0.44140625 0.76953125 14
stats: {freemem,"os_mon@test4"} 1 1045.87109375 0.0 1438.8984375 1045.87109375 1326.263671875 14
stats: {freemem,"os_mon@myserver"} 1 1022.5078125 0.0 1091.6796875 1022.5078125 1064.5901692708333 12
stats: {recvpackets,"os_mon@test2"} 1 16690.0 0.0 16690 3595 12412.615384615385 13
stats: {sentpackets,"os_mon@test2"} 1 12716.0 0.0 12716 2430 8941.692307692309 13
stats: {load,"os_mon@test3"} 1 1.44140625 0.0 1.44140625 0.44921875 0.9880022321428571 14
stats: {cpu,"os_mon@test2"} 1 55.53830227743271 0.0 70.91383812010443 2.127659574468085 49.68947540792308 14
stats: {freemem,"os_mon@test3"} 1 948.02734375 0.0 1492.66015625 948.02734375 1321.8705357142858 14
stats: {recvpackets,"os_mon@test4"} 1 16684.0 0.0 16684 3557 12365.153846153846 13
stats: {sentpackets,"os_mon@test4"} 1 12699.0 0.0 12699 2404 8907.153846153846 13
stats: {cpu,"os_mon@test4"} 1 63.38541666666667 0.0 71.12135176651306 2.3713420787083757 44.82772125552766 14
stats: {load,"os_mon@myserver"} 1 4.578125 0.0 5.078125 0.51171875 2.8577473958333335 12
stats: {recvpackets,"os_mon@myserver"} 1 17843.0 0.0 23863 3684 14562.272727272728 11
stats: {sentpackets,"os_mon@myserver"} 1 13669.0 0.0 18007 2494 10479.0 11
stats: {cpu,"os_mon@myserver"} 1 82.18403306504241 0.0 82.94187898089172 5.387547649301143 66.59846119647383 12
stats: session 2548 24473.586464107895 13733.230648326957 94810.92504882813 20.263916015625 12986.508276062421 31882
stats: users_count 3621 42452
stats: finish_users_count 2548 34430
stats: 200 26044 363281
stats: request 28293 2338.379638240405 4062.7355772413844 76190.03393554688 1.14013671875 1401.9913636672502 348719
stats: page 2574 24481.501555234634 13695.772825160037 94807.0830078125 18.7080078125 12960.382640380729 31817
stats: connect 28346 371.0954496135635 540.3667269429604 15667.069091796875 0.303955078125 308.6406352483769 354191
stats: size_rcv 2923664 42960742
stats: newphase 5 76
stats: size_sent 3762486 50770517
stats: connected 53 5523
# stats: dump at 1338913281
stats: users 8195 8341
stats: {load,"os_mon@test2"} 1 1.5 0.0 1.58984375 0.76171875 1.0611979166666667 15
stats: {recvpackets,"os_mon@test3"} 1 16262.0 0.0 16674 3561 12685.0 14
stats: {sentpackets,"os_mon@test3"} 1 12506.0 0.0 12684 2407 9186.785714285714 14
stats: {freemem,"os_mon@test2"} 1 1059.1328125 0.0 1511.75 1059.1328125 1348.25 15
stats: {cpu,"os_mon@test3"} 1 70.89590885551527 0.0 76.08024691358025 2.993404363267377 51.389349731864876 15
stats: {load,"os_mon@test4"} 1 1.578125 0.0 1.578125 0.44140625 0.80625 15
stats: {freemem,"os_mon@test4"} 1 984.2578125 0.0 1438.8984375 984.2578125 1307.5708333333334 15
stats: {freemem,"os_mon@myserver"} 1 1017.0234375 0.0 1091.6796875 1017.0234375 1061.3530649038462 13
stats: {recvpackets,"os_mon@test2"} 1 16130.0 0.0 16690 3595 12718.142857142857 14
stats: {sentpackets,"os_mon@test2"} 1 12405.0 0.0 12716 2430 9211.285714285716 14
stats: {load,"os_mon@test3"} 1 1.51953125 0.0 1.51953125 0.44921875 1.0182291666666667 15
stats: {cpu,"os_mon@test2"} 1 58.149100257069406 0.0 70.91383812010443 2.127659574468085 50.07939719922373 15
stats: {freemem,"os_mon@test3"} 1 881.73828125 0.0 1492.66015625 881.73828125 1296.94765625 15
stats: {recvpackets,"os_mon@test4"} 1 16256.0 0.0 16684 3557 12673.642857142857 14
stats: {sentpackets,"os_mon@test4"} 1 12498.0 0.0 12699 2404 9178.0 14
stats: {cpu,"os_mon@test4"} 1 64.18293936279548 0.0 71.12135176651306 2.3713420787083757 46.0649009496036 15
stats: {load,"os_mon@myserver"} 1 5.33984375 0.0 5.33984375 0.51171875 2.9900841346153846 13
stats: {recvpackets,"os_mon@myserver"} 1 18732.0 0.0 23863 3684 14835.666666666666 12
stats: {sentpackets,"os_mon@myserver"} 1 14540.0 0.0 18007 2494 10744.833333333334 12
stats: {cpu,"os_mon@myserver"} 1 81.60270880361173 0.0 82.94187898089172 5.387547649301143 67.79735134020987 13
stats: session 2676 23820.656756619202 13557.859663936693 103461.93286132813 20.263916015625 13836.61211640921 34430
stats: users_count 2849 45301
stats: finish_users_count 2676 37106
stats: request 29183 2565.2757127939312 4672.705528096534 104560.17407226563 1.14013671875 1472.2629556921677 377012
stats: page 2673 23800.810702054492 13535.239614919474 103460.50903320313 18.7080078125 13822.682663259795 34391
stats: connect 29224 422.4889470394626 608.790275939199 15667.069091796875 0.303955078125 313.2685383479348 382537
stats: 200 26693 389974
stats: size_rcv 3026158 45986900
stats: newphase 4 80
stats: size_sent 3878304 54648821
stats: connected 41 5564
# stats: dump at 1338913291
stats: users 7824 8629
stats: {load,"os_mon@test2"} 1 1.5 0.0 1.58984375 0.76171875 1.088623046875 16
stats: {recvpackets,"os_mon@test3"} 1 16638.0 0.0 16674 3561 12923.466666666667 15
stats: {sentpackets,"os_mon@test3"} 1 13083.0 0.0 13083 2407 9408.066666666668 15
stats: {freemem,"os_mon@test2"} 1 1008.23046875 0.0 1511.75 1008.23046875 1330.18017578125 16
stats: {cpu,"os_mon@test3"} 1 61.61038961038962 0.0 76.08024691358025 2.993404363267377 52.608509677093025 16
stats: {load,"os_mon@test4"} 1 1.7109375 0.0 1.7109375 0.44140625 0.8544921875 16
stats: {freemem,"os_mon@test4"} 1 899.3359375 0.0 1438.8984375 899.3359375 1287.36376953125 16
stats: {freemem,"os_mon@myserver"} 1 1013.08203125 0.0 1091.6796875 1013.08203125 1058.1866629464287 14
stats: {recvpackets,"os_mon@test2"} 1 16667.0 0.0 16690 3595 12945.6 15
stats: {sentpackets,"os_mon@test2"} 1 13142.0 0.0 13142 2430 9424.2 15
stats: {load,"os_mon@test3"} 1 1.44140625 0.0 1.51953125 0.44921875 1.049560546875 16
stats: {cpu,"os_mon@test2"} 1 63.41968911917098 0.0 70.91383812010443 2.127659574468085 50.58375364033908 16
stats: {freemem,"os_mon@test3"} 1 845.0546875 0.0 1492.66015625 845.0546875 1270.9970703125 16
stats: {recvpackets,"os_mon@test4"} 1 16667.0 0.0 16684 3557 12912.466666666667 15
stats: {sentpackets,"os_mon@test4"} 1 13116.0 0.0 13116 2404 9399.333333333334 15
stats: {cpu,"os_mon@test4"} 1 73.96419437340154 0.0 73.96419437340154 2.3713420787083757 47.19727835042809 16
stats: {load,"os_mon@myserver"} 1 5.66015625 0.0 5.66015625 0.51171875 3.157924107142857 14
stats: {recvpackets,"os_mon@myserver"} 1 19601.0 0.0 23863 3684 15135.384615384615 13
stats: {sentpackets,"os_mon@myserver"} 1 15260.0 0.0 18007 2494 11036.76923076923 13
stats: {cpu,"os_mon@myserver"} 1 81.68455436304247 0.0 82.94187898089172 5.387547649301143 68.78344830188144 14
stats: session 2951 23944.237052356482 14453.360041840277 114523.15307617188 20.263916015625 14556.638620403222 37106
stats: users_count 2580 47881
stats: finish_users_count 2951 40057
stats: request 27959 2682.594714232808 4719.829480047456 106536.337890625 1.14013671875 1550.7902425630075 406195
stats: page 2735 25113.54696596134 14300.081914103892 114520.97509765625 18.7080078125 14542.29026761168 37064
stats: error_unknown 190 190
stats: connect 27792 406.0926466586612 607.095781147247 15766.566162109375 0.303955078125 321.0202613707592 411761
stats: 200 25805 415779
stats: size_rcv 2949248 48936148
stats: newphase 5 85
stats: size_sent 3687288 58336109
stats: connected -167 5397
# stats: dump at 1338913301
stats: users 7839 8629
stats: {load,"os_mon@test2"} 1 1.48828125 0.0 1.58984375 0.76171875 1.1128216911764706 17
stats: {recvpackets,"os_mon@test3"} 1 16634.0 0.0 16674 3561 13155.625 16
stats: {sentpackets,"os_mon@test3"} 1 13008.0 0.0 13083 2407 9637.75 16
stats: {freemem,"os_mon@test2"} 1 925.91015625 0.0 1511.75 925.91015625 1311.2419577205883 17
stats: {cpu,"os_mon@test3"} 1 66.26506024096386 0.0 76.08024691358025 2.993404363267377 53.138032026110466 17
stats: {load,"os_mon@test4"} 1 1.51953125 0.0 1.7109375 0.44140625 0.9048713235294118 17
stats: {freemem,"os_mon@test4"} 1 894.88671875 0.0 1438.8984375 894.88671875 1264.5386029411766 17
stats: {freemem,"os_mon@myserver"} 1 1012.2578125 0.0 1091.6796875 1012.2578125 1055.1796875000002 15
stats: {recvpackets,"os_mon@test2"} 1 16943.0 0.0 16943 3595 13178.1875 16
stats: {sentpackets,"os_mon@test2"} 1 13198.0 0.0 13198 2430 9656.5625 16
stats: {load,"os_mon@test3"} 1 1.6015625 0.0 1.6015625 0.44921875 1.072610294117647 17
stats: {cpu,"os_mon@test2"} 1 77.64705882352942 0.0 77.64705882352942 2.127659574468085 51.33880866850566 17
stats: {freemem,"os_mon@test3"} 1 792.0078125 0.0 1492.66015625 792.0078125 1245.9416360294117 17
stats: {recvpackets,"os_mon@test4"} 1 16531.0 0.0 16684 3557 13147.125 16
stats: {sentpackets,"os_mon@test4"} 1 12938.0 0.0 13116 2404 9631.625 16
stats: {cpu,"os_mon@test4"} 1 47.56161510225485 0.0 73.96419437340154 2.3713420787083757 48.77180282236771 17
stats: {load,"os_mon@myserver"} 1 5.8203125 0.0 5.8203125 0.51171875 3.3247395833333333 15
stats: {recvpackets,"os_mon@myserver"} 1 20561.0 0.0 23863 3684 15454.357142857143 14
stats: {sentpackets,"os_mon@myserver"} 1 16140.0 0.0 18007 2494 11338.42857142857 14
stats: {cpu,"os_mon@myserver"} 1 80.54474708171206 0.0 82.94187898089172 5.387547649301143 69.64352203929217 15
stats: session 2895 25894.78374512562 15472.591977942495 130841.69702148438 20.263916015625 15248.223186713583 40057
stats: users_count 2910 50791
stats: finish_users_count 2895 42952
stats: error_unknown 47 237
stats: request 28642 2596.9510650368416 5197.581866625949 115397.97314453125 1.14013671875 1623.6771011970775 434154
stats: page 2830 26064.51580909756 15488.886837476859 130839.69799804688 18.7080078125 15268.750406559551 39799
stats: connect 29073 335.6678737910301 510.91447994902575 15766.566162109375 0.303955078125 326.3992070995368 439553
stats: 200 27545 443324
stats: size_rcv 3134876 52071024
stats: newphase 5 90
stats: size_sent 3857955 62194064
stats: connected 431 5828
# stats: dump at 1338913311
stats: users 9047 9271
stats: {load,"os_mon@test2"} 1 1.41015625 0.0 1.58984375 0.76171875 1.1336805555555556 18
stats: {recvpackets,"os_mon@test3"} 1 16465.0 0.0 16674 3561 13360.235294117647 17
stats: {sentpackets,"os_mon@test3"} 1 13152.0 0.0 13152 2407 9836.0 17
stats: {freemem,"os_mon@test2"} 1 900.45703125 0.0 1511.75 900.45703125 1289.8346354166667 18
stats: {cpu,"os_mon@test3"} 1 65.76341844710787 0.0 76.08024691358025 2.993404363267377 53.867311371380104 18
stats: {load,"os_mon@test4"} 1 1.58984375 0.0 1.7109375 0.44140625 0.9390190972222222 18
stats: {freemem,"os_mon@test4"} 1 819.3203125 0.0 1438.8984375 819.3203125 1244.0023871527778 18
stats: {freemem,"os_mon@myserver"} 1 1003.08984375 0.0 1091.6796875 1003.08984375 1052.4970703125002 16
stats: {recvpackets,"os_mon@test2"} 1 16632.0 0.0 16943 3595 13399.64705882353 17
stats: {sentpackets,"os_mon@test2"} 1 13274.0 0.0 13274 2430 9864.882352941177 17
stats: {load,"os_mon@test3"} 1 1.4296875 0.0 1.6015625 0.44921875 1.1019965277777777 18
stats: {cpu,"os_mon@test2"} 1 66.08695652173913 0.0 77.64705882352942 2.127659574468085 52.80037812156254 18
stats: {freemem,"os_mon@test3"} 1 747.13671875 0.0 1492.66015625 747.13671875 1220.7230902777778 18
stats: {recvpackets,"os_mon@test4"} 1 16459.0 0.0 16684 3557 13346.176470588236 17
stats: {sentpackets,"os_mon@test4"} 1 13140.0 0.0 13140 2404 9826.117647058823 17
stats: {cpu,"os_mon@test4"} 1 69.61832061068702 0.0 73.96419437340154 2.3713420787083757 48.704570171250325 18
stats: {load,"os_mon@myserver"} 1 5.98046875 0.0 5.98046875 0.51171875 3.480712890625 16
stats: {recvpackets,"os_mon@myserver"} 1 22892.0 0.0 23863 3684 15794.8 15
stats: {sentpackets,"os_mon@myserver"} 1 18130.0 0.0 18130 2494 11658.533333333333 15
stats: {cpu,"os_mon@myserver"} 1 82.38592913586541 0.0 82.94187898089172 5.387547649301143 70.32484860444342 16
stats: session 2678 26288.872962000096 16249.98965688304 131262.994140625 20.263916015625 15965.810093414153 42952
stats: users_count 3886 54677
stats: finish_users_count 2678 45630
stats: request 28472 2713.321790145866 5349.624624185766 133791.13793945313 1.14013671875 1683.9120921483789 462796
stats: page 2701 26232.609872320132 16239.182463846111 131261.02099609375 18.7080078125 15985.445991470822 42629
stats: connect 29422 406.811097705774 548.9535696736137 15766.566162109375 0.303955078125 326.974224163724 468626
stats: error_unknown 0 237
stats: 200 26893 470217
stats: size_rcv 3076832 55147856
stats: newphase 6 96
stats: size_sent 3906362 66100426
stats: connected 950 6778
# stats: dump at 1338913321
stats: users 8587 9302
stats: {load,"os_mon@test2"} 1 1.48828125 0.0 1.58984375 0.76171875 1.148231907894737 19
stats: {recvpackets,"os_mon@test3"} 1 19877.0 0.0 19877 3561 13532.722222222223 18
stats: {sentpackets,"os_mon@test3"} 1 15504.0 0.0 15504 2407 10020.222222222223 18
stats: {freemem,"os_mon@test2"} 1 849.77734375 0.0 1511.75 849.77734375 1269.3410773026317 19
stats: {cpu,"os_mon@test3"} 1 58.878023674729796 0.0 76.08024691358025 2.993404363267377 54.49342227010262 19
stats: {load,"os_mon@test4"} 1 2.12890625 0.0 2.12890625 0.44140625 0.9732730263157895 19
stats: {freemem,"os_mon@test4"} 1 712.91015625 0.0 1438.8984375 712.91015625 1221.650699013158 19
stats: {freemem,"os_mon@myserver"} 0 0 0 1091.6796875 1003.08984375 1049.5907628676473 17
stats: {recvpackets,"os_mon@test2"} 1 19182.0 0.0 19182 3595 13579.222222222223 18
stats: {sentpackets,"os_mon@test2"} 1 15026.0 0.0 15026 2430 10054.277777777777 18
stats: {load,"os_mon@test3"} 1 1.44140625 0.0 1.6015625 0.44921875 1.1192434210526316 19
stats: {cpu,"os_mon@test2"} 1 67.09710743801654 0.0 77.64705882352942 2.127659574468085 53.49967172157183 19
stats: {freemem,"os_mon@test3"} 1 705.85546875 0.0 1492.66015625 705.85546875 1195.7974917763158 19
stats: {recvpackets,"os_mon@test4"} 1 20053.0 0.0 20053 3557 13519.111111111111 18
stats: {sentpackets,"os_mon@test4"} 1 15624.0 0.0 15624 2404 10010.222222222223 18
stats: {cpu,"os_mon@test4"} 1 76.30234933605719 0.0 76.30234933605719 2.3713420787083757 49.805293878589104 19
stats: {load,"os_mon@myserver"} 0 0 0 5.98046875 0.51171875 3.6277573529411766 17
stats: {recvpackets,"os_mon@myserver"} 0 0 0 23863 3684 16238.375 16
stats: {sentpackets,"os_mon@myserver"} 0 0 0 18130 2494 12063.0 16
stats: {cpu,"os_mon@myserver"} 0 0 0 82.94187898089172 5.387547649301143 71.03432392982118 17
stats: session 2684 26555.758615144157 17504.371576756002 148544.85888671875 20.263916015625 16571.66506518871 45630
stats: users_count 2224 56901
stats: finish_users_count 2684 48314
stats: request 27156 3042.995070806548 5339.05233195313 133791.13793945313 1.14013671875 1743.5727110394616 491268
stats: page 2523 27715.906073014958 17211.486467984334 148543.07397460938 18.7080078125 16596.0259526924 45330
stats: connect 26705 348.39700804544094 583.706386218034 15766.566162109375 0.303955078125 331.6905577166229 498048
stats: error_unknown 156 393
stats: 200 25641 495858
stats: size_rcv 2912584 58060440
stats: newphase 4 100
stats: size_sent 3545784 69646210
stats: connected -452 6326
stats: error_abort 1 1
EndMonitor:{1338,913321,845722}
