# stats: dump at 1338994687
stats: users 0 0
# stats: dump at 1338994697
stats: users 1 7
stats: {load,"os_mon@test2"} 1 0.48046875 0 0.48046875 0.48046875 0 0
stats: {freemem,"os_mon@test2"} 1 1431.1953125 0 1431.1953125 1431.1953125 0 0
stats: {load,"os_mon@test4"} 1 0.5 0 0.5 0.5 0 0
stats: {cpu,"os_mon@test3"} 1 2.2704339051463167 0 2.2704339051463167 2.2704339051463167 0 0
stats: {freemem,"os_mon@test4"} 1 1582.6171875 0 1582.6171875 1582.6171875 0 0
stats: {freemem,"os_mon@myserver"} 1 1392.51171875 0 1392.51171875 1392.51171875 0 0
stats: {load,"os_mon@test3"} 1 0.58984375 0 0.58984375 0.58984375 0 0
stats: {cpu,"os_mon@test2"} 1 3.3668341708542715 0 3.3668341708542715 3.3668341708542715 0 0
stats: {freemem,"os_mon@test3"} 1 1415.35546875 0 1415.35546875 1415.35546875 0 0
stats: {cpu,"os_mon@test4"} 1 2.3535302954431647 0 2.3535302954431647 2.3535302954431647 0 0
stats: {load,"os_mon@myserver"} 1 4.16015625 0 4.16015625 4.16015625 0 0
stats: {cpu,"os_mon@myserver"} 1 3.090452261306533 0 3.090452261306533 3.090452261306533 0 0
stats: session 915 15.490243446892077 3.903274229882162 41.4111328125 9.873046875 0 0
stats: users_count 916 916
stats: finish_users_count 915 915
stats: request 9048 1.2663386688097538 1.0967298267957937 24.804931640625 0.297119140625 0 0
stats: page 904 13.237444852305721 3.6323280700537985 39.486083984375 8.675048828125 0 0
stats: connect 906 1.227628526834989 1.0728723012737529 20.73388671875 0.598876953125 0 0
stats: 200 9049 9049
stats: size_rcv 1308398 1308398
stats: newphase 2 2
stats: size_sent 1199710 1199710
stats: connected 2 2
# stats: dump at 1338994707
stats: users 2 11
stats: {load,"os_mon@test2"} 1 0.48046875 0.0 0.48046875 0.48046875 0.48046875 1
stats: {recvpackets,"os_mon@test3"} 1 4856 0 4856 4856 0 0
stats: {sentpackets,"os_mon@test3"} 1 3284 0 3284 3284 0 0
stats: {freemem,"os_mon@test2"} 1 1430.83203125 0.0 1431.1953125 1430.83203125 1431.1953125 1
stats: {load,"os_mon@test4"} 1 0.5703125 0.0 0.5703125 0.5 0.5 1
stats: {cpu,"os_mon@test3"} 1 8.371854134566 0.0 8.371854134566 2.2704339051463167 2.2704339051463167 1
stats: {freemem,"os_mon@test4"} 1 1582.375 0.0 1582.6171875 1582.375 1582.6171875 1
stats: {freemem,"os_mon@myserver"} 1 1395.66796875 0.0 1395.66796875 1392.51171875 1392.51171875 1
stats: {recvpackets,"os_mon@test2"} 1 4881 0 4881 4881 0 0
stats: {sentpackets,"os_mon@test2"} 1 3300 0 3300 3300 0 0
stats: {load,"os_mon@test3"} 1 0.5 0.0 0.58984375 0.5 0.58984375 1
stats: {cpu,"os_mon@test2"} 1 11.472081218274113 0.0 11.472081218274113 3.3668341708542715 3.3668341708542715 1
stats: {recvpackets,"os_mon@test4"} 1 4854 0 4854 4854 0 0
stats: {sentpackets,"os_mon@test4"} 1 3277 0 3277 3277 0 0
stats: {freemem,"os_mon@test3"} 1 1415.0 0.0 1415.35546875 1415.0 1415.35546875 1
stats: {cpu,"os_mon@test4"} 1 9.75359342915811 0.0 9.75359342915811 2.3535302954431647 2.3535302954431647 1
stats: {load,"os_mon@myserver"} 1 3.51953125 0.0 4.16015625 3.51953125 4.16015625 1
stats: {recvpackets,"os_mon@myserver"} 1 4944 0 4944 4944 0 0
stats: {sentpackets,"os_mon@myserver"} 1 3339 0 3339 3339 0 0
stats: {cpu,"os_mon@myserver"} 1 18.840943301555445 0.0 18.840943301555445 3.090452261306533 3.090452261306533 1
stats: session 1803 15.103385091687466 2.827991232858917 41.4111328125 9.873046875 15.490243446892077 915
stats: users_count 1804 2720
stats: finish_users_count 1803 2718
stats: request 17817 1.2505558628609565 0.6590026650753907 24.804931640625 0.279052734375 1.2663386688097538 9048
stats: page 1782 13.095233065244452 2.559286492877373 39.486083984375 8.675048828125 13.237444852305721 904
stats: connect 1781 1.0615386534513598 0.2764232909034922 20.73388671875 0.3759765625 1.227628526834989 906
stats: 200 17816 26865
stats: size_rcv 2564570 3872968
stats: newphase 5 7
stats: size_sent 2367736 3567446
stats: connected -1 1
# stats: dump at 1338994717
stats: users 5 20
stats: {load,"os_mon@test2"} 1 0.41015625 0.0 0.48046875 0.41015625 0.48046875 2
stats: {recvpackets,"os_mon@test3"} 1 8693.0 0.0 8693 4856 4856.0 1
stats: {sentpackets,"os_mon@test3"} 1 5798.0 0.0 5798 3284 3284.0 1
stats: {freemem,"os_mon@test2"} 1 1430.58984375 0.0 1431.1953125 1430.58984375 1431.013671875 2
stats: {load,"os_mon@test4"} 1 0.5703125 0.0 0.5703125 0.5 0.53515625 2
stats: {cpu,"os_mon@test3"} 1 17.080745341614907 0.0 17.080745341614907 2.2704339051463167 5.321144019856158 2
stats: {freemem,"os_mon@test4"} 1 1582.25390625 0.0 1582.6171875 1582.25390625 1582.49609375 2
stats: {freemem,"os_mon@myserver"} 1 1401.99609375 0.0 1401.99609375 1392.51171875 1394.08984375 2
stats: {recvpackets,"os_mon@test2"} 1 8707.0 0.0 8707 4881 4881.0 1
stats: {sentpackets,"os_mon@test2"} 1 5805.0 0.0 5805 3300 3.3e3 1
stats: {load,"os_mon@test3"} 1 0.421875 0.0 0.58984375 0.421875 0.544921875 2
stats: {cpu,"os_mon@test2"} 1 19.621870209504344 0.0 19.621870209504344 3.3668341708542715 7.419457694564192 2
stats: {recvpackets,"os_mon@test4"} 1 8703.0 0.0 8703 4854 4854.0 1
stats: {sentpackets,"os_mon@test4"} 1 5807.0 0.0 5807 3277 3277.0 1
stats: {freemem,"os_mon@test3"} 1 1414.515625 0.0 1415.35546875 1414.515625 1415.177734375 2
stats: {cpu,"os_mon@test4"} 1 16.640906749098402 0.0 16.640906749098402 2.3535302954431647 6.053561862300637 2
stats: {load,"os_mon@myserver"} 1 3.140625 0.0 4.16015625 3.140625 3.83984375 2
stats: {recvpackets,"os_mon@myserver"} 1 8810.0 0.0 8810 4944 4944.0 1
stats: {sentpackets,"os_mon@myserver"} 1 5873.0 0.0 5873 3339 3339.0 1
stats: {cpu,"os_mon@myserver"} 1 34.49311639549437 0.0 34.49311639549437 3.090452261306533 10.96569778143099 2
stats: session 2863 20.066365574108257 44.424832344966795 1630.204833984375 9.873046875 15.233618864686811 2718
stats: users_count 2866 5586
stats: finish_users_count 2863 5581
stats: request 28826 1.748346346600617 13.890566413794936 1616.135009765625 0.279052734375 1.2558714343563862 26865
stats: page 2881 18.161666684744937 44.06258428600757 1628.1689453125 8.675048828125 13.143095855826502 2686
stats: connect 2886 1.4260028038104167 18.56050977172943 998.028076171875 0.3759765625 1.117540672537913 2687
stats: 200 28829 55694
stats: size_rcv 4136586 8009554
stats: newphase 6 13
stats: size_sent 3824333 7391779
stats: connected 5 6
# stats: dump at 1338994727
stats: users 14 39
stats: {load,"os_mon@test2"} 1 0.421875 0.0 0.48046875 0.41015625 0.45703125 3
stats: {recvpackets,"os_mon@test3"} 1 12676.0 0.0 12676 4856 6774.5 2
stats: {sentpackets,"os_mon@test3"} 1 8372.0 0.0 8372 3284 4541.0 2
stats: {freemem,"os_mon@test2"} 1 1430.12109375 0.0 1431.1953125 1430.12109375 1430.8723958333333 3
stats: {load,"os_mon@test4"} 1 0.62890625 0.0 0.62890625 0.5 0.546875 3
stats: {cpu,"os_mon@test3"} 1 27.305512622359608 0.0 27.305512622359608 2.2704339051463167 9.241011127109074 3
stats: {freemem,"os_mon@test4"} 1 1581.76171875 0.0 1582.6171875 1581.76171875 1582.4153645833333 3
stats: {freemem,"os_mon@myserver"} 1 1402.19921875 0.0 1402.19921875 1392.51171875 1396.7252604166667 3
stats: {recvpackets,"os_mon@test2"} 1 12716.0 0.0 12716 4881 6794.0 2
stats: {sentpackets,"os_mon@test2"} 1 8401.0 0.0 8401 3300 4552.5 2
stats: {load,"os_mon@test3"} 1 0.359375 0.0 0.58984375 0.359375 0.50390625 3
stats: {cpu,"os_mon@test2"} 1 29.994916115912556 0.0 29.994916115912556 3.3668341708542715 11.486928532877576 3
stats: {recvpackets,"os_mon@test4"} 1 12645.0 0.0 12645 4854 6778.5 2
stats: {sentpackets,"os_mon@test4"} 1 8353.0 0.0 8353 3277 4542.0 2
stats: {freemem,"os_mon@test3"} 1 1414.53125 0.0 1415.35546875 1414.515625 1414.95703125 3
stats: {cpu,"os_mon@test4"} 1 23.804573804573806 0.0 23.804573804573806 2.3535302954431647 9.58267682456656 3
stats: {load,"os_mon@myserver"} 1 2.73046875 0.0 4.16015625 2.73046875 3.6067708333333335 3
stats: {recvpackets,"os_mon@myserver"} 1 12831.0 0.0 12831 4944 6877.0 2
stats: {sentpackets,"os_mon@myserver"} 1 8470.0 0.0 8470 3339 4606.0 2
stats: {cpu,"os_mon@myserver"} 1 49.897907095456866 0.0 49.897907095456866 3.090452261306533 18.80817065278545 3
stats: session 3745 35.17603529967045 93.62223515806342 2352.073974609375 9.873046875 17.712772032411877 5581
stats: users_count 3754 9340
stats: finish_users_count 3745 9326
stats: request 37100 3.250965020110348 29.50454152919277 2337.559814453125 0.279052734375 1.5107794414015496 55691
stats: page 3706 33.261630804038305 93.70773875657703 2350.2939453125 8.675048828125 15.740276124932665 5567
stats: connect 3715 4.067829888858511 54.21327843228147 1000.77587890625 0.3759765625 1.2772790021364138 5573
stats: 200 37100 92794
stats: size_rcv 5285701 13295255
stats: newphase 5 18
stats: size_sent 4924785 12316564
stats: connected 8 14
# stats: dump at 1338994737
stats: users 99 124
stats: {load,"os_mon@test2"} 1 0.51171875 0.0 0.51171875 0.41015625 0.4482421875 4
stats: {recvpackets,"os_mon@test3"} 1 16666.0 0.0 16666 4856 8741.666666666666 3
stats: {sentpackets,"os_mon@test3"} 1 10935.0 0.0 10935 3284 5818.0 3
stats: {freemem,"os_mon@test2"} 1 1429.38671875 0.0 1431.1953125 1429.38671875 1430.6845703125 4
stats: {load,"os_mon@test4"} 1 0.5390625 0.0 0.62890625 0.5 0.5673828125 4
stats: {cpu,"os_mon@test3"} 1 37.125129265770425 0.0 37.125129265770425 2.2704339051463167 13.757136500921707 4
stats: {freemem,"os_mon@test4"} 1 1581.26953125 0.0 1582.6171875 1581.26953125 1582.251953125 4
stats: {freemem,"os_mon@myserver"} 1 1401.9296875 0.0 1402.19921875 1392.51171875 1398.09375 4
stats: {recvpackets,"os_mon@test2"} 1 16706.0 0.0 16706 4881 8768.0 3
stats: {sentpackets,"os_mon@test2"} 1 10960.0 0.0 10960 3300 5835.333333333333 3
stats: {load,"os_mon@test3"} 1 0.37890625 0.0 0.58984375 0.359375 0.4677734375 4
stats: {cpu,"os_mon@test2"} 1 39.18715504264927 0.0 39.18715504264927 3.3668341708542715 16.11392542863632 4
stats: {recvpackets,"os_mon@test4"} 1 16663.0 0.0 16663 4854 8734.0 3
stats: {sentpackets,"os_mon@test4"} 1 10929.0 0.0 10929 3277 5812.333333333333 3
stats: {freemem,"os_mon@test3"} 1 1413.5546875 0.0 1415.35546875 1413.5546875 1414.8505859375 4
stats: {cpu,"os_mon@test4"} 1 31.703551209469893 0.0 31.703551209469893 2.3535302954431647 13.138151069568371 4
stats: {load,"os_mon@myserver"} 1 2.62109375 0.0 4.16015625 2.62109375 3.3876953125 4
stats: {recvpackets,"os_mon@myserver"} 1 16770.0 0.0 16770 4944 8861.666666666666 3
stats: {sentpackets,"os_mon@myserver"} 1 11011.0 0.0 11011 3339 5894.0 3
stats: {cpu,"os_mon@myserver"} 1 66.03628929210325 0.0 66.03628929210325 3.090452261306533 26.5806047634533 4
stats: session 4767 135.49435885097043 212.0919724688294 2352.073974609375 9.873046875 24.725416353222876 9326
stats: users_count 4852 14192
stats: finish_users_count 4767 14093
stats: request 46991 13.308892609381042 63.539166968297565 2337.559814453125 0.279052734375 2.20654611026056 92791
stats: page 4674 132.7496007773221 211.32567689729163 2350.2939453125 8.675048828125 22.742771589266265 9273
stats: connect 4728 18.264152668857776 129.18342686392907 1378.213134765625 0.3759765625 2.3934392674435405 9288
stats: 200 47006 139800
stats: size_rcv 6570581 19865836
stats: newphase 6 24
stats: size_sent 6244116 18560680
stats: connected 54 68
# stats: dump at 1338994747
stats: users 622 628
stats: {load,"os_mon@test2"} 1 0.66015625 0.0 0.66015625 0.41015625 0.4609375 5
stats: {recvpackets,"os_mon@test3"} 1 20798.0 0.0 20798 4856 10722.75 4
stats: {sentpackets,"os_mon@test3"} 1 13583.0 0.0 13583 3284 7097.25 4
stats: {freemem,"os_mon@test2"} 1 1427.796875 0.0 1431.1953125 1427.796875 1430.425 5
stats: {load,"os_mon@test4"} 1 0.53125 0.0 0.62890625 0.5 0.56171875 5
stats: {cpu,"os_mon@test3"} 1 41.63244353182752 0.0 41.63244353182752 2.2704339051463167 18.43073505389145 5
stats: {freemem,"os_mon@test4"} 1 1579.98828125 0.0 1582.6171875 1579.98828125 1582.05546875 5
stats: {freemem,"os_mon@myserver"} 1 1402.26171875 0.0 1402.26171875 1392.51171875 1398.8609375 5
stats: {recvpackets,"os_mon@test2"} 1 20812.0 0.0 20812 4881 10752.5 4
stats: {sentpackets,"os_mon@test2"} 1 13594.0 0.0 13594 3300 7116.5 4
stats: {load,"os_mon@test3"} 1 0.48046875 0.0 0.58984375 0.359375 0.45 5
stats: {cpu,"os_mon@test2"} 1 48.06122448979592 0.0 48.06122448979592 3.3668341708542715 20.72857135143891 5
stats: {recvpackets,"os_mon@test4"} 1 20788.0 0.0 20788 4854 10716.25 4
stats: {sentpackets,"os_mon@test4"} 1 13576.0 0.0 13576 3277 7091.5 4
stats: {freemem,"os_mon@test3"} 1 1412.5703125 0.0 1415.35546875 1412.5703125 1414.59140625 5
stats: {cpu,"os_mon@test4"} 1 39.80125523012552 0.0 39.80125523012552 2.3535302954431647 16.851231097548673 5
stats: {load,"os_mon@myserver"} 1 2.76953125 0.0 4.16015625 2.62109375 3.234375 5
stats: {recvpackets,"os_mon@myserver"} 1 20865.0 0.0 20865 4944 10838.75 4
stats: {sentpackets,"os_mon@myserver"} 1 13625.0 0.0 13625 3339 7173.25 4
stats: {cpu,"os_mon@myserver"} 1 82.32142857142857 0.0 82.32142857142857 3.090452261306533 34.47174166918329 5
stats: session 5106 577.0705417703294 564.3202756992391 4180.69287109375 9.873046875 62.19334716190538 14093
stats: users_count 5629 19821
stats: finish_users_count 5106 19199
stats: request 52882 57.55893367341581 161.9754349711174 3287.97021484375 0.233154296875 5.938860459319599 139782
stats: page 5103 551.4145293477785 550.1830099378952 3992.77099609375 8.675048828125 59.60890191298986 13947
stats: connect 5523 89.16136068592421 289.62175055966554 3006.867919921875 0.3759765625 7.7470874525096445 14016
stats: 200 53015 192815
stats: size_rcv 6741457 26607293
stats: newphase 6 30
stats: size_sent 7071342 25632022
stats: connected 414 482
# stats: dump at 1338994757
stats: users 2502 2510
stats: {load,"os_mon@test2"} 1 0.7109375 0.0 0.7109375 0.41015625 0.494140625 6
stats: {recvpackets,"os_mon@test3"} 1 23338.0 0.0 23338 4856 12737.8 5
stats: {sentpackets,"os_mon@test3"} 1 15311.0 0.0 15311 3284 8394.4 5
stats: {freemem,"os_mon@test2"} 1 1419.74609375 0.0 1431.1953125 1419.74609375 1429.9869791666667 6
stats: {load,"os_mon@test4"} 1 0.51953125 0.0 0.62890625 0.5 0.556640625 6
stats: {cpu,"os_mon@test3"} 1 44.72573839662447 0.0 44.72573839662447 2.2704339051463167 22.297686466880794 6
stats: {freemem,"os_mon@test4"} 1 1570.90625 0.0 1582.6171875 1570.90625 1581.7109375 6
stats: {freemem,"os_mon@myserver"} 1 1392.0 0.0 1402.26171875 1392.0 1399.427734375 6
stats: {recvpackets,"os_mon@test2"} 1 23380.0 0.0 23380 4881 12764.4 5
stats: {sentpackets,"os_mon@test2"} 1 15335.0 0.0 15335 3300 8412.0 5
stats: {load,"os_mon@test3"} 1 0.41015625 0.0 0.58984375 0.359375 0.455078125 6
stats: {cpu,"os_mon@test2"} 1 52.588832487309645 0.0 52.588832487309645 3.3668341708542715 25.28401354116508 6
stats: {recvpackets,"os_mon@test4"} 1 23350.0 0.0 23350 4854 12730.6 5
stats: {sentpackets,"os_mon@test4"} 1 15322.0 0.0 15322 3277 8388.4 5
stats: {freemem,"os_mon@test3"} 1 1404.875 0.0 1415.35546875 1404.875 1414.2545572916667 6
stats: {cpu,"os_mon@test4"} 1 42.60544580886278 0.0 42.60544580886278 2.3535302954431647 20.676235119644815 6
stats: {load,"os_mon@myserver"} 1 3.19921875 0.0 4.16015625 2.62109375 3.1569010416666665 6
stats: {recvpackets,"os_mon@myserver"} 1 27717.0 0.0 27717 4944 12844.0 5
stats: {sentpackets,"os_mon@myserver"} 1 18194.0 0.0 18194 3339 8463.6 5
stats: {cpu,"os_mon@myserver"} 1 89.90630323679727 0.0 89.90630323679727 3.090452261306533 42.446689486224166 6
stats: session 4551 2086.4903357649773 1407.6027797663091 11984.173828125 9.873046875 199.12563299297017 19199
stats: users_count 6431 26252
stats: finish_users_count 4551 23750
stats: request 51051 230.25844399645135 474.30907768959327 7816.48095703125 0.067138671875 20.10742704003959 192664
stats: page 4520 1998.6904330903458 1381.510775523087 11982.323974609375 8.675048828125 191.35085030142696 19050
stats: connect 6247 323.452533114332 607.8240965167121 7032.237060546875 0.3759765625 30.760088684310077 19539
stats: 200 51295 244110
stats: size_rcv 5253449 31860742
stats: newphase 6 36
stats: size_sent 6957497 32589519
stats: connected 1434 1916
# stats: dump at 1338994767
stats: users 3138 4504
stats: {load,"os_mon@test2"} 1 0.76171875 0.0 0.76171875 0.41015625 0.5251116071428571 7
stats: {recvpackets,"os_mon@test3"} 1 25162.0 0.0 25162 4856 14504.5 6
stats: {sentpackets,"os_mon@test3"} 1 16563.0 0.0 16563 3284 9547.166666666666 6
stats: {freemem,"os_mon@test2"} 1 1391.5 0.0 1431.1953125 1391.5 1428.5239955357142 7
stats: {load,"os_mon@test4"} 1 0.6796875 0.0 0.6796875 0.5 0.5513392857142857 7
stats: {cpu,"os_mon@test3"} 1 48.06866952789699 0.0 48.06866952789699 2.2704339051463167 25.50169388541561 7
stats: {freemem,"os_mon@test4"} 1 1542.8671875 0.0 1582.6171875 1542.8671875 1580.1674107142858 7
stats: {freemem,"os_mon@myserver"} 1 1314.38671875 0.0 1402.26171875 1314.38671875 1398.3666294642858 7
stats: {recvpackets,"os_mon@test2"} 1 25210.0 0.0 25210 4881 14533.666666666666 6
stats: {sentpackets,"os_mon@test2"} 1 16598.0 0.0 16598 3300 9565.833333333334 6
stats: {load,"os_mon@test3"} 1 0.5703125 0.0 0.58984375 0.359375 0.4486607142857143 7
stats: {cpu,"os_mon@test2"} 1 53.02874743326489 0.0 53.02874743326489 3.3668341708542715 29.184701962042876 7
stats: {recvpackets,"os_mon@test4"} 1 25158.0 0.0 25158 4854 14500.5 6
stats: {sentpackets,"os_mon@test4"} 1 16562.0 0.0 16562 3277 9544.0 6
stats: {freemem,"os_mon@test3"} 1 1376.29296875 0.0 1415.35546875 1376.29296875 1412.9146205357142 7
stats: {cpu,"os_mon@test4"} 1 44.98121309715513 0.0 44.98121309715513 2.3535302954431647 23.80897950381881 7
stats: {load,"os_mon@myserver"} 1 4.51171875 0.0 4.51171875 2.62109375 3.1629464285714284 7
stats: {recvpackets,"os_mon@myserver"} 1 32877.0 0.0 32877 4944 15322.833333333334 6
stats: {sentpackets,"os_mon@myserver"} 1 21708.0 0.0 21708 3339 10085.333333333334 6
stats: {cpu,"os_mon@myserver"} 1 92.89963538668202 0.0 92.89963538668202 3.090452261306533 49.226634307734614 7
stats: session 4759 5062.766167147104 2674.0615538346838 21799.614990234375 9.873046875 560.7844440378293 23750
stats: users_count 5395 31647
stats: finish_users_count 4759 28509
stats: request 51956 589.0977928166845 1136.105133671956 17024.491943359375 0.06494140625 64.1277769021399 243715
stats: page 4661 4891.764046335692 2613.60936095675 21797.56005859375 8.675048828125 537.9429128472867 23570
stats: connect 8053 750.5771266397713 1329.7448563649093 15707.7490234375 0.3759765625 101.66870965516043 25786
stats: 200 49407 293517
stats: size_rcv 4496668 36357410
stats: newphase 6 42
stats: size_sent 6984741 39574260
stats: connected 739 2655
# stats: dump at 1338994777
stats: users 2659 4504
stats: {load,"os_mon@test2"} 1 0.7890625 0.0 0.7890625 0.41015625 0.5546875 8
stats: {recvpackets,"os_mon@test3"} 1 22859.0 0.0 25162 4856 16027.0 7
stats: {sentpackets,"os_mon@test3"} 1 15362.0 0.0 16563 3284 10549.42857142857 7
stats: {freemem,"os_mon@test2"} 1 1371.828125 0.0 1431.1953125 1371.828125 1423.89599609375 8
stats: {load,"os_mon@test4"} 1 0.80078125 0.0 0.80078125 0.5 0.5673828125 8
stats: {cpu,"os_mon@test3"} 1 56.91891891891891 0.0 56.91891891891891 2.2704339051463167 28.32256584072578 8
stats: {freemem,"os_mon@test4"} 1 1523.0859375 0.0 1582.6171875 1523.0859375 1575.5048828125 8
stats: {freemem,"os_mon@myserver"} 1 1307.44140625 0.0 1402.26171875 1307.44140625 1387.869140625 8
stats: {recvpackets,"os_mon@test2"} 1 22910.0 0.0 25210 4881 16058.857142857143 7
stats: {sentpackets,"os_mon@test2"} 1 15398.0 0.0 16598 3300 10570.42857142857 7
stats: {load,"os_mon@test3"} 1 0.55859375 0.0 0.58984375 0.359375 0.4638671875 8
stats: {cpu,"os_mon@test2"} 1 49.59141981613892 0.0 53.02874743326489 3.3668341708542715 32.16520764594563 8
stats: {recvpackets,"os_mon@test4"} 1 22872.0 0.0 25158 4854 16023.0 7
stats: {sentpackets,"os_mon@test4"} 1 15368.0 0.0 16562 3277 10546.57142857143 7
stats: {freemem,"os_mon@test3"} 1 1324.0625 0.0 1415.35546875 1324.0625 1408.3369140625 8
stats: {cpu,"os_mon@test4"} 1 43.093333333333334 0.0 44.98121309715513 2.3535302954431647 26.45550870298585 8
stats: {load,"os_mon@myserver"} 1 5.12890625 0.0 5.12890625 2.62109375 3.33154296875 8
stats: {recvpackets,"os_mon@myserver"} 1 22683.0 0.0 32877 4944 17830.571428571428 7
stats: {sentpackets,"os_mon@myserver"} 1 15458.0 0.0 21708 3339 11745.714285714286 7
stats: {cpu,"os_mon@myserver"} 1 91.98864876664484 0.0 92.89963538668202 3.090452261306533 54.685759442603036 8
stats: session 5340 6728.903274639007 4169.399057133132 26063.7099609375 9.873046875 1312.2990892473085 28509
stats: users_count 4861 36508
stats: finish_users_count 5340 33849
stats: request 52391 695.4405139025228 1501.7247158704342 20674.048095703125 0.06494140625 156.37673654598757 295671
stats: page 5415 6708.081686657785 4098.114425189984 26061.717041015625 8.675048828125 1256.7683282838445 28231
stats: connect 8064 792.2202627696688 1662.318247757123 18591.9130859375 0.3759765625 256.0958346286251 33839
stats: 200 48839 342356
stats: size_rcv 4444938 40802348
stats: newphase 6 48
stats: size_sent 6876218 46450478
stats: connected -507 2148
# stats: dump at 1338994787
stats: users 3708 4641
stats: {load,"os_mon@test2"} 1 0.8203125 0.0 0.8203125 0.41015625 0.5807291666666666 9
stats: {recvpackets,"os_mon@test3"} 1 21523.0 0.0 25162 4856 16881.0 8
stats: {sentpackets,"os_mon@test3"} 1 14552.0 0.0 16563 3284 11151.0 8
stats: {freemem,"os_mon@test2"} 1 1371.08203125 0.0 1431.1953125 1371.08203125 1418.1106770833333 9
stats: {load,"os_mon@test4"} 1 0.75 0.0 0.80078125 0.5 0.5933159722222222 9
stats: {cpu,"os_mon@test3"} 1 57.87781350482315 0.0 57.87781350482315 2.2704339051463167 31.49993840496946 9
stats: {freemem,"os_mon@test4"} 1 1498.2109375 0.0 1582.6171875 1498.2109375 1569.6805555555557 9
stats: {freemem,"os_mon@myserver"} 0 0 0 1402.26171875 1307.44140625 1378.9327256944443 9
stats: {recvpackets,"os_mon@test2"} 1 21544.0 0.0 25210 4881 16915.25 8
stats: {sentpackets,"os_mon@test2"} 1 14574.0 0.0 16598 3300 11173.875 8
stats: {load,"os_mon@test3"} 1 0.69921875 0.0 0.69921875 0.359375 0.4743923611111111 9
stats: {cpu,"os_mon@test2"} 1 46.24746450304259 0.0 53.02874743326489 3.3668341708542715 34.10145344263377 9
stats: {recvpackets,"os_mon@test4"} 1 21521.0 0.0 25158 4854 16879.125 8
stats: {sentpackets,"os_mon@test4"} 1 14552.0 0.0 16562 3277 11149.25 8
stats: {freemem,"os_mon@test3"} 1 1285.10546875 0.0 1415.35546875 1285.10546875 1398.9730902777778 9
stats: {cpu,"os_mon@test4"} 1 45.492883500263574 0.0 45.492883500263574 2.3535302954431647 28.304155884135568 9
stats: {load,"os_mon@myserver"} 0 0 0 5.12890625 2.62109375 3.53125 9
stats: {recvpackets,"os_mon@myserver"} 0 0 0 32877 4944 18437.125 8
stats: {sentpackets,"os_mon@myserver"} 0 0 0 21708 3339 12209.75 8
stats: {cpu,"os_mon@myserver"} 0 0 0 92.89963538668202 3.090452261306533 58.83052492305213 9
stats: session 4978 6660.823530810952 5206.355196766938 36168.416015625 9.873046875 2166.819646722911 33849
stats: users_count 6027 42535
stats: finish_users_count 4978 38827
stats: request 51914 650.8320407214209 1621.0218291118988 32139.426025390625 0.06494140625 237.51771246259506 348062
stats: page 5070 6670.168754863558 5190.414542128881 36167.198974609375 8.675048828125 2134.1047675513614 33646
stats: connect 8544 664.6344064433911 1470.1757935822254 31061.654052734375 0.3759765625 359.270008041731 41903
stats: 200 49329 391685
stats: size_rcv 4589771 45392119
stats: newphase 6 54
stats: size_sent 6996202 53446680
stats: connected 821 2969
# stats: dump at 1338994797
stats: users 4569 4771
stats: {load,"os_mon@test2"} 1 0.83984375 0.0 0.83984375 0.41015625 0.6046875 10
stats: {recvpackets,"os_mon@test3"} 1 25417.0 0.0 25417 4856 17396.777777777777 9
stats: {sentpackets,"os_mon@test3"} 1 17226.0 0.0 17226 3284 11528.888888888889 9
stats: {freemem,"os_mon@test2"} 1 1331.27734375 0.0 1431.1953125 1331.27734375 1413.4078125 10
stats: {load,"os_mon@test4"} 1 0.859375 0.0 0.859375 0.5 0.608984375 10
stats: {cpu,"os_mon@test3"} 1 51.600853788687296 0.0 57.87781350482315 2.2704339051463167 34.13772591495483 10
stats: {freemem,"os_mon@test4"} 1 1481.2890625 0.0 1582.6171875 1481.2890625 1562.53359375 10
stats: {freemem,"os_mon@myserver"} 1 1290.24609375 0.0 1402.26171875 1290.24609375 1378.9327256944443 9
stats: {recvpackets,"os_mon@test2"} 1 25465.0 0.0 25465 4881 17429.555555555555 9
stats: {sentpackets,"os_mon@test2"} 1 17256.0 0.0 17256 3300 11551.666666666666 9
stats: {load,"os_mon@test3"} 1 0.6796875 0.0 0.69921875 0.359375 0.496875 10
stats: {cpu,"os_mon@test2"} 1 63.72093023255814 0.0 63.72093023255814 3.3668341708542715 35.31605454867465 10
stats: {recvpackets,"os_mon@test4"} 1 25437.0 0.0 25437 4854 17394.88888888889 9
stats: {sentpackets,"os_mon@test4"} 1 17240.0 0.0 17240 3277 11527.333333333334 9
stats: {freemem,"os_mon@test3"} 1 1271.703125 0.0 1415.35546875 1271.703125 1387.586328125 10
stats: {cpu,"os_mon@test4"} 1 43.078567610903264 0.0 45.492883500263574 2.3535302954431647 30.023028645748372 10
stats: {load,"os_mon@myserver"} 1 5.69140625 0.0 5.69140625 2.62109375 3.53125 9
stats: {recvpackets,"os_mon@myserver"} 1 29495.0 0.0 32877 4944 18437.125 8
stats: {sentpackets,"os_mon@myserver"} 1 19924.0 0.0 21708 3339 12209.75 8
stats: {cpu,"os_mon@myserver"} 1 91.67556029882604 0.0 92.89963538668202 3.090452261306533 58.83052492305213 9
stats: session 4751 7095.661334558681 5467.473207436313 43084.385009765625 9.873046875 2742.994765454471 38827
stats: users_count 5612 48147
stats: finish_users_count 4751 43578
stats: request 50905 730.6014563596163 1817.6737075991769 44488.151123046875 0.06494140625 291.16293126879515 399976
stats: page 4770 7078.043299081984 5416.882522598175 43081.9189453125 8.675048828125 2728.118726009695 38716
stats: connect 8703 724.5842670597156 1540.2070888025132 31061.654052734375 0.3759765625 410.98831477838104 50447
stats: 200 47963 439648
stats: size_rcv 4401245 49793364
stats: newphase 6 60
stats: size_sent 6867683 60314363
stats: connected 839 3808
# stats: dump at 1338994807
stats: users 3668 4771
stats: {load,"os_mon@test2"} 1 0.859375 0.0 0.859375 0.41015625 0.6260653409090909 11
stats: {recvpackets,"os_mon@test3"} 1 20860.0 0.0 25417 4856 18198.8 10
stats: {sentpackets,"os_mon@test3"} 1 14739.0 0.0 17226 3284 12098.6 10
stats: {freemem,"os_mon@test2"} 1 1330.58203125 0.0 1431.1953125 1330.58203125 1405.94140625 11
stats: {load,"os_mon@test4"} 1 1.12109375 0.0 1.12109375 0.5 0.6317471590909091 11
stats: {cpu,"os_mon@test3"} 1 62.825278810408925 0.0 62.825278810408925 2.2704339051463167 35.725282994385054 11
stats: {freemem,"os_mon@test4"} 1 1451.36328125 0.0 1582.6171875 1451.36328125 1555.1477272727273 11
stats: {freemem,"os_mon@myserver"} 1 1282.63671875 0.0 1402.26171875 1282.63671875 1370.0640625 10
stats: {recvpackets,"os_mon@test2"} 1 20771.0 0.0 25465 4881 18233.1 10
stats: {sentpackets,"os_mon@test2"} 1 14693.0 0.0 17256 3300 12122.1 10
stats: {load,"os_mon@test3"} 1 0.80078125 0.0 0.80078125 0.359375 0.5134943181818182 11
stats: {cpu,"os_mon@test2"} 1 42.06510681586978 0.0 63.72093023255814 3.3668341708542715 37.898315974482244 11
stats: {recvpackets,"os_mon@test4"} 1 20897.0 0.0 25437 4854 18199.1 10
stats: {sentpackets,"os_mon@test4"} 1 14766.0 0.0 17240 3277 12098.6 10
stats: {freemem,"os_mon@test3"} 1 1213.04296875 0.0 1415.35546875 1213.04296875 1377.0514914772727 11
stats: {cpu,"os_mon@test4"} 1 47.36562001064396 0.0 47.36562001064396 2.3535302954431647 31.209895824398814 11
stats: {load,"os_mon@myserver"} 1 5.9609375 0.0 5.9609375 2.62109375 3.747265625 10
stats: {recvpackets,"os_mon@myserver"} 1 25090.0 0.0 32877 4944 19665.777777777777 9
stats: {sentpackets,"os_mon@myserver"} 1 17599.0 0.0 21708 3339 13066.888888888889 9
stats: {cpu,"os_mon@myserver"} 1 92.03793559770622 0.0 92.89963538668202 3.090452261306533 62.11502846062952 10
stats: session 5775 7210.073972411054 6205.510528342541 58791.010986328125 9.873046875 3217.5351039237466 43578
stats: users_count 4874 53021
stats: finish_users_count 5775 49353
stats: request 53644 712.5888637696053 2079.927471665409 56777.3349609375 0.06494140625 340.776062271761 450881
stats: page 5775 7188.0193497192895 6114.518122958273 58789.43603515625 8.675048828125 3205.264019059293 43486
stats: connect 7852 794.7570316355514 1771.9588247149354 31061.654052734375 0.3759765625 457.12906833213344 59150
stats: 200 50002 489650
stats: size_rcv 4957398 54750762
stats: newphase 6 66
stats: size_sent 6994588 67308951
stats: connected -942 2866
# stats: dump at 1338994817
stats: users 4656 4771
stats: {load,"os_mon@test2"} 1 0.80859375 0.0 0.859375 0.41015625 0.6455078125 12
stats: {recvpackets,"os_mon@test3"} 1 24901.0 0.0 25417 4856 18440.727272727272 11
stats: {sentpackets,"os_mon@test3"} 1 17329.0 0.0 17329 3284 12338.636363636364 11
stats: {freemem,"os_mon@test2"} 1 1319.78515625 0.0 1431.1953125 1319.78515625 1399.6614583333333 12
stats: {load,"os_mon@test4"} 1 1.1796875 0.0 1.1796875 0.5 0.6725260416666666 12
stats: {cpu,"os_mon@test3"} 1 69.32418162618796 0.0 69.32418162618796 2.2704339051463167 37.98361597905371 12
stats: {freemem,"os_mon@test4"} 1 1444.84765625 0.0 1582.6171875 1444.84765625 1546.4990234375 12
stats: {freemem,"os_mon@myserver"} 1 1281.7890625 0.0 1402.26171875 1281.7890625 1362.116122159091 11
stats: {recvpackets,"os_mon@test2"} 1 24714.0 0.0 25465 4881 18463.81818181818 11
stats: {sentpackets,"os_mon@test2"} 1 17202.0 0.0 17256 3300 12355.818181818182 11
stats: {load,"os_mon@test3"} 1 0.98046875 0.0 0.98046875 0.359375 0.5374348958333334 12
stats: {cpu,"os_mon@test2"} 1 49.464012251148546 0.0 63.72093023255814 3.3668341708542715 38.245548544597874 12
stats: {recvpackets,"os_mon@test4"} 1 24878.0 0.0 25437 4854 18444.363636363636 11
stats: {sentpackets,"os_mon@test4"} 1 17312.0 0.0 17312 3277 12341.09090909091 11
stats: {freemem,"os_mon@test3"} 1 1169.125 0.0 1415.35546875 1169.125 1363.3841145833333 12
stats: {cpu,"os_mon@test4"} 1 41.486557722720086 0.0 47.36562001064396 2.3535302954431647 32.556206173252576 12
stats: {load,"os_mon@myserver"} 1 6.26953125 0.0 6.26953125 2.62109375 3.948508522727273 11
stats: {recvpackets,"os_mon@myserver"} 1 26398.0 0.0 32877 4944 20208.2 10
stats: {sentpackets,"os_mon@myserver"} 1 18441.0 0.0 21708 3339 13520.1 10
stats: {cpu,"os_mon@myserver"} 1 92.52377792523778 0.0 92.89963538668202 3.090452261306533 64.83529274581831 11
stats: session 4983 6584.497656485172 6620.349522247872 62406.717041015625 9.873046875 3684.7186989537186 49353
stats: users_count 5971 58992
stats: finish_users_count 4983 54336
stats: request 52820 677.2974048572668 2046.81958751287 58727.075927734375 0.06005859375 380.30933797375866 504525
stats: page 4989 6627.557020611352 6759.511947314363 62405.452880859375 8.675048828125 3672.1731771064597 49261
stats: connect 8547 735.8663120843291 1914.5290923443708 32236.93603515625 0.3759765625 496.6958688434381 67002
stats: 200 50100 539750
stats: size_rcv 4919016 59669778
stats: newphase 6 72
stats: size_sent 7107318 74416269
stats: connected 750 3616
# stats: dump at 1338994827
stats: users 3469 5005
stats: {load,"os_mon@test2"} 1 0.83984375 0.0 0.859375 0.41015625 0.6580528846153846 13
stats: {recvpackets,"os_mon@test3"} 1 23969.0 0.0 25417 4856 18979.083333333332 12
stats: {sentpackets,"os_mon@test3"} 1 16773.0 0.0 17329 3284 12754.5 12
stats: {freemem,"os_mon@test2"} 1 1277.8828125 0.0 1431.1953125 1277.8828125 1393.5171274038462 13
stats: {load,"os_mon@test4"} 1 1.1484375 0.0 1.1796875 0.5 0.7115384615384616 13
stats: {cpu,"os_mon@test3"} 1 59.18904686677199 0.0 69.32418162618796 2.2704339051463167 40.39442872114096 13
stats: {freemem,"os_mon@test4"} 1 1443.82421875 0.0 1582.6171875 1443.82421875 1538.6796875 13
stats: {freemem,"os_mon@myserver"} 1 1280.84765625 0.0 1402.26171875 1280.84765625 1355.4222005208333 12
stats: {recvpackets,"os_mon@test2"} 1 24320.0 0.0 25465 4881 18984.666666666664 12
stats: {sentpackets,"os_mon@test2"} 1 17035.0 0.0 17256 3300 12759.666666666666 12
stats: {load,"os_mon@test3"} 1 1.0703125 0.0 1.0703125 0.359375 0.5715144230769231 13
stats: {cpu,"os_mon@test2"} 1 65.29262086513995 0.0 65.29262086513995 3.3668341708542715 39.10850729125562 13
stats: {recvpackets,"os_mon@test4"} 1 23949.0 0.0 25437 4854 18980.5 12
stats: {sentpackets,"os_mon@test4"} 1 16757.0 0.0 17312 3277 12755.333333333334 12
stats: {freemem,"os_mon@test3"} 1 1128.74609375 0.0 1415.35546875 1128.74609375 1348.4411057692307 13
stats: {cpu,"os_mon@test4"} 1 38.740661686232656 0.0 47.36562001064396 2.3535302954431647 33.243156292442386 13
stats: {load,"os_mon@myserver"} 1 6.75 0.0 6.75 2.62109375 4.141927083333333 12
stats: {recvpackets,"os_mon@myserver"} 1 29920.0 0.0 32877 4944 20770.909090909092 11
stats: {sentpackets,"os_mon@myserver"} 1 21050.0 0.0 21708 3339 13967.454545454546 11
stats: {cpu,"os_mon@myserver"} 1 93.21479664827305 0.0 93.21479664827305 3.090452261306533 67.14266651076993 12
stats: session 5574 7299.147071162218 7345.116571194666 71647.77197265625 9.873046875 3950.649178661081 54336
stats: users_count 4387 63379
stats: finish_users_count 5574 59910
stats: request 51715 716.4409116238805 2269.3908585879494 66791.55004882813 0.06005859375 408.4551178637494 557345
stats: page 5541 7322.949201257881 7327.1751027664495 71645.7958984375 8.675048828125 3943.9595364658317 54250
stats: connect 7642 725.8426909817362 1814.1176570177192 32515.318115234375 0.3759765625 523.7536694546956 75549
stats: 200 48383 588133
stats: size_rcv 4774706 64444484
stats: newphase 6 78
stats: size_sent 6747374 81163643
stats: connected -858 2758
stats: error_connect_etimedout 4 4
# stats: dump at 1338994837
stats: users 4070 5005
stats: {load,"os_mon@test2"} 1 0.7109375 0.0 0.859375 0.41015625 0.6710379464285714 14
stats: {recvpackets,"os_mon@test3"} 1 23736.0 0.0 25417 4856 19362.923076923078 13
stats: {sentpackets,"os_mon@test3"} 1 17006.0 0.0 17329 3284 13063.615384615385 13
stats: {freemem,"os_mon@test2"} 1 1265.84375 0.0 1431.1953125 1265.84375 1385.257533482143 14
stats: {load,"os_mon@test4"} 1 1.28125 0.0 1.28125 0.5 0.7427455357142857 14
stats: {cpu,"os_mon@test3"} 1 53.98837823560486 0.0 69.32418162618796 2.2704339051463167 41.73690144582889 14
stats: {freemem,"os_mon@test4"} 1 1412.35546875 0.0 1582.6171875 1412.35546875 1531.904296875 14
stats: {freemem,"os_mon@myserver"} 1 1277.6484375 0.0 1402.26171875 1277.6484375 1349.6856971153845 13
stats: {recvpackets,"os_mon@test2"} 1 23976.0 0.0 25465 4881 19395.076923076922 13
stats: {sentpackets,"os_mon@test2"} 1 17142.0 0.0 17256 3300 13088.538461538461 13
stats: {load,"os_mon@test3"} 1 0.91015625 0.0 1.0703125 0.359375 0.6071428571428571 14
stats: {cpu,"os_mon@test2"} 1 51.56169994879672 0.0 65.29262086513995 3.3668341708542715 40.978801117961645 14
stats: {recvpackets,"os_mon@test4"} 1 23638.0 0.0 25437 4854 19362.69230769231 13
stats: {sentpackets,"os_mon@test4"} 1 16936.0 0.0 17312 3277 13063.153846153846 13
stats: {freemem,"os_mon@test3"} 1 1121.41796875 0.0 1415.35546875 1121.41796875 1332.7486049107142 14
stats: {cpu,"os_mon@test4"} 1 56.55913978494623 0.0 56.55913978494623 2.3535302954431647 33.63583524914169 14
stats: {load,"os_mon@myserver"} 1 6.62890625 0.0 6.75 2.62109375 4.342548076923077 13
stats: {recvpackets,"os_mon@myserver"} 1 24732.0 0.0 32877 4944 21533.333333333332 12
stats: {sentpackets,"os_mon@myserver"} 1 17616.0 0.0 21708 3339 14557.666666666666 12
stats: {cpu,"os_mon@myserver"} 1 91.07723069232692 0.0 93.21479664827305 3.090452261306533 69.14821498288555 13
stats: session 4718 6489.731025129825 7061.711476849522 83991.4228515625 9.873046875 4262.191947026985 59910
stats: users_count 5319 68698
stats: finish_users_count 4718 64628
stats: page 4638 6460.2983176826465 7024.26038314328 83989.53588867188 8.675048828125 4257.100004640185 59791
stats: connect 8727 645.9262612225796 1453.7097376621145 34597.365966796875 0.3759765625 542.3177485318752 83191
stats: 200 47829 635962
stats: request 50993 715.9329532094199 2275.326180819199 76540.11791992188 0.06005859375 434.60604769710767 609060
stats: size_rcv 4715210 69159694
stats: newphase 6 84
stats: size_sent 6876245 88039888
stats: connected 821 3579
stats: error_connect_etimedout 1 5
# stats: dump at 1338994847
stats: users 4911 5005
stats: {load,"os_mon@test2"} 1 0.91015625 0.0 0.91015625 0.41015625 0.6736979166666667 15
stats: {recvpackets,"os_mon@test3"} 1 2.1e4 0.0 25417 4856 19675.285714285714 14
stats: {sentpackets,"os_mon@test3"} 1 15132.0 0.0 17329 3284 13345.214285714286 14
stats: {freemem,"os_mon@test2"} 1 1234.11328125 0.0 1431.1953125 1234.11328125 1377.2966145833334 15
stats: {load,"os_mon@test4"} 1 1.08984375 0.0 1.28125 0.5 0.7786458333333334 15
stats: {cpu,"os_mon@test3"} 1 53.31230283911672 0.0 69.32418162618796 2.2704339051463167 42.55366656514729 15
stats: {freemem,"os_mon@test4"} 1 1386.90234375 0.0 1582.6171875 1386.90234375 1523.934375 15
stats: {freemem,"os_mon@myserver"} 1 1280.69140625 0.0 1402.26171875 1277.6484375 1344.5401785714287 14
stats: {recvpackets,"os_mon@test2"} 1 20847.0 0.0 25465 4881 19722.285714285714 14
stats: {sentpackets,"os_mon@test2"} 1 15044.0 0.0 17256 3300 13378.07142857143 14
stats: {load,"os_mon@test3"} 1 0.83984375 0.0 1.0703125 0.359375 0.62734375 15
stats: {cpu,"os_mon@test2"} 1 63.51074718526101 0.0 65.29262086513995 3.3668341708542715 41.68432770668398 15
stats: {recvpackets,"os_mon@test4"} 1 21032.0 0.0 25437 4854 19668.071428571428 14
stats: {sentpackets,"os_mon@test4"} 1 15152.0 0.0 17312 3277 13339.785714285714 14
stats: {freemem,"os_mon@test3"} 1 1089.9453125 0.0 1415.35546875 1089.9453125 1318.6598958333334 15
stats: {cpu,"os_mon@test4"} 1 45.80474934036939 0.0 56.55913978494623 2.3535302954431647 35.16405555152866 15
stats: {load,"os_mon@myserver"} 1 6.51953125 0.0 6.75 2.62109375 4.505859375 14
stats: {recvpackets,"os_mon@myserver"} 1 24599.0 0.0 32877 4944 21779.384615384617 13
stats: {sentpackets,"os_mon@myserver"} 1 17681.0 0.0 21708 3339 14792.923076923076 13
stats: {cpu,"os_mon@myserver"} 1 91.38825482465242 0.0 93.21479664827305 3.090452261306533 70.71457324784565 14
stats: session 5282 6641.657338602789 7595.784031297818 83991.4228515625 9.873046875 4424.807676594497 64628
stats: users_count 6123 74821
stats: finish_users_count 5282 69910
stats: request 51926 617.2089211464956 2016.1012011793716 76540.11791992188 0.06005859375 456.34021585146695 660053
stats: page 5374 6586.982725347163 7350.493701750539 83989.53588867188 8.675048828125 4415.699917348607 64429
stats: connect 8550 556.6798370968118 1364.9692847567871 34597.365966796875 0.3759765625 552.1546846080711 91918
stats: 200 48711 684673
stats: size_rcv 5219140 74378834
stats: newphase 6 90
stats: size_sent 6931493 94971381
stats: connected 305 3884
stats: error_connect_etimedout 3 8
# stats: dump at 1338994857
stats: users 3018 5250
stats: {load,"os_mon@test2"} 1 0.83984375 0.0 0.91015625 0.41015625 0.6884765625 16
stats: {recvpackets,"os_mon@test3"} 1 26058.0 0.0 26058 4856 19763.6 15
stats: {sentpackets,"os_mon@test3"} 1 18392.0 0.0 18392 3284 13464.333333333334 15
stats: {freemem,"os_mon@test2"} 1 1215.42578125 0.0 1431.1953125 1215.42578125 1368.34765625 16
stats: {load,"os_mon@test4"} 1 1.078125 0.0 1.28125 0.5 0.798095703125 16
stats: {cpu,"os_mon@test3"} 1 65.28221512247072 0.0 69.32418162618796 2.2704339051463167 43.226081332270375 16
stats: {freemem,"os_mon@test4"} 1 1368.83203125 0.0 1582.6171875 1368.83203125 1515.369873046875 16
stats: {freemem,"os_mon@myserver"} 1 1276.46875 0.0 1402.26171875 1276.46875 1340.28359375 15
stats: {recvpackets,"os_mon@test2"} 1 26158.0 0.0 26158 4881 19797.266666666666 15
stats: {sentpackets,"os_mon@test2"} 1 18490.0 0.0 18490 3300 13489.133333333333 15
stats: {load,"os_mon@test3"} 1 1.08984375 0.0 1.08984375 0.359375 0.640625 16
stats: {cpu,"os_mon@test2"} 1 52.44825845532559 0.0 65.29262086513995 3.3668341708542715 43.04847892409504 16
stats: {recvpackets,"os_mon@test4"} 1 26104.0 0.0 26104 4854 19759.0 15
stats: {sentpackets,"os_mon@test4"} 1 18428.0 0.0 18428 3277 13460.6 15
stats: {freemem,"os_mon@test3"} 1 1033.94921875 0.0 1415.35546875 1033.94921875 1304.365234375 16
stats: {cpu,"os_mon@test4"} 1 45.94594594594595 0.0 56.55913978494623 2.3535302954431647 35.82909891333121 16
stats: {load,"os_mon@myserver"} 1 6.44140625 0.0 6.75 2.62109375 4.640104166666666 15
stats: {recvpackets,"os_mon@myserver"} 1 28781.0 0.0 32877 4944 21980.785714285714 14
stats: {sentpackets,"os_mon@myserver"} 1 20664.0 0.0 21708 3339 14999.214285714286 14
stats: {cpu,"os_mon@myserver"} 1 91.31125226860254 0.0 93.21479664827305 3.090452261306533 72.09281868629942 15
stats: session 5476 6823.195879605329 8244.327422764993 101218.9609375 9.873046875 4592.300165719484 69910
stats: users_count 3583 78404
stats: finish_users_count 5476 75386
stats: request 52120 739.3395249010316 2561.5777308354027 98641.02197265625 0.06005859375 468.0726804201546 711979
stats: page 5413 6761.25631040147 8101.249240604444 101216.3310546875 8.675048828125 4582.862844589332 69803
stats: connect 7611 653.8769640954508 1434.0251344991882 34597.365966796875 0.3759765625 552.5397828859182 100468
stats: 200 48340 733013
stats: size_rcv 4833582 79212416
stats: newphase 4 94
stats: size_sent 6762098 101733479
stats: connected -1154 2730
stats: error_connect_etimedout 2 10
# stats: dump at 1338994867
stats: users 5049 5394
stats: {load,"os_mon@test2"} 1 0.7109375 0.0 0.91015625 0.41015625 0.6973805147058824 17
stats: {recvpackets,"os_mon@test3"} 1 23109.0 0.0 26058 4856 20157.0 16
stats: {sentpackets,"os_mon@test3"} 1 16669.0 0.0 18392 3284 13772.3125 16
stats: {freemem,"os_mon@test2"} 1 1192.41015625 0.0 1431.1953125 1192.41015625 1359.3522518382354 17
stats: {load,"os_mon@test4"} 1 0.91015625 0.0 1.28125 0.5 0.8145680147058824 17
stats: {cpu,"os_mon@test3"} 1 58.24579831932773 0.0 69.32418162618796 2.2704339051463167 44.52350096698804 17
stats: {freemem,"os_mon@test4"} 1 1341.1484375 0.0 1582.6171875 1341.1484375 1506.75 17
stats: {freemem,"os_mon@myserver"} 1 1270.03125 0.0 1402.26171875 1270.03125 1336.295166015625 16
stats: {recvpackets,"os_mon@test2"} 1 24298.0 0.0 26158 4881 20194.8125 16
stats: {sentpackets,"os_mon@test2"} 1 17442.0 0.0 18490 3300 13801.6875 16
stats: {load,"os_mon@test3"} 1 1.0703125 0.0 1.08984375 0.359375 0.6670496323529411 17
stats: {cpu,"os_mon@test2"} 1 53.3197139938713 0.0 65.29262086513995 3.3668341708542715 43.60140713181448 17
stats: {recvpackets,"os_mon@test4"} 1 22934.0 0.0 26104 4854 20155.5625 16
stats: {sentpackets,"os_mon@test4"} 1 16549.0 0.0 18428 3277 13771.0625 16
stats: {freemem,"os_mon@test3"} 1 1019.41015625 0.0 1415.35546875 1019.41015625 1288.4584099264705 17
stats: {cpu,"os_mon@test4"} 1 51.16648992576882 0.0 56.55913978494623 2.3535302954431647 36.424207562308546 17
stats: {load,"os_mon@myserver"} 1 6.30078125 0.0 6.75 2.62109375 4.752685546875 16
stats: {recvpackets,"os_mon@myserver"} 1 27963.0 0.0 32877 4944 22434.133333333335 15
stats: {sentpackets,"os_mon@myserver"} 1 19898.0 0.0 21708 3339 15376.866666666667 15
stats: {cpu,"os_mon@myserver"} 1 91.93700047014575 0.0 93.21479664827305 3.090452261306533 73.29397078519338 16
stats: session 4415 6771.918692103002 8835.026253953793 107464.57397460938 9.873046875 4754.351275066562 75386
stats: users_count 6446 84850
stats: finish_users_count 4415 79801
stats: request 50621 706.248313842464 2595.315645103004 98641.02197265625 0.06005859375 486.5760784541048 764099
stats: 200 48419 781432
stats: page 4497 6728.868421829831 8600.123579336141 107462.52197265625 8.675048828125 4739.633263522021 75216
stats: connect 8903 559.2420442459741 1392.6550904209969 34597.365966796875 0.3759765625 559.6760192147678 108079
stats: size_rcv 4760694 83973110
stats: newphase 6 100
stats: size_sent 6954378 108687857
stats: connected 1785 4515
stats: error_connect_etimedout 2 12
# stats: dump at 1338994877
stats: users 4927 5394
stats: {load,"os_mon@test2"} 1 0.76171875 0.0 0.91015625 0.41015625 0.6981336805555556 18
stats: {recvpackets,"os_mon@test3"} 1 23587.0 0.0 26058 4856 20330.647058823528 17
stats: {sentpackets,"os_mon@test3"} 1 16986.0 0.0 18392 3284 13942.70588235294 17
stats: {freemem,"os_mon@test2"} 1 1154.234375 0.0 1431.1953125 1154.234375 1350.0776909722222 18
stats: {load,"os_mon@test4"} 1 0.76953125 0.0 1.28125 0.5 0.8198784722222222 18
stats: {cpu,"os_mon@test3"} 1 61.19324181626188 0.0 69.32418162618796 2.2704339051463167 45.2858508198958 18
stats: {freemem,"os_mon@test4"} 1 1315.48828125 0.0 1582.6171875 1315.48828125 1497.5499131944443 18
stats: {freemem,"os_mon@myserver"} 0 0 0 1402.26171875 1270.03125 1332.3972886029412 17
stats: {recvpackets,"os_mon@test2"} 1 22493.0 0.0 26158 4881 20436.176470588234 17
stats: {sentpackets,"os_mon@test2"} 1 16308.0 0.0 18490 3300 14015.823529411764 17
stats: {load,"os_mon@test3"} 1 1.19921875 0.0 1.19921875 0.359375 0.689453125 18
stats: {cpu,"os_mon@test2"} 1 51.54162384378211 0.0 65.29262086513995 3.3668341708542715 44.14131306859542 18
stats: {recvpackets,"os_mon@test4"} 1 23767.0 0.0 26104 4854 20319.0 17
stats: {sentpackets,"os_mon@test4"} 1 17109.0 0.0 18428 3277 13934.470588235294 17
stats: {freemem,"os_mon@test3"} 1 974.953125 0.0 1415.35546875 974.953125 1273.5112847222222 18
stats: {cpu,"os_mon@test4"} 1 44.79495268138801 0.0 56.55913978494623 2.3535302954431647 37.24322324916745 18
stats: {load,"os_mon@myserver"} 0 0 0 6.75 2.62109375 4.84375 17
stats: {recvpackets,"os_mon@myserver"} 0 0 0 32877 4944 22779.6875 16
stats: {sentpackets,"os_mon@myserver"} 0 0 0 21708 3339 15659.4375 16
stats: {cpu,"os_mon@myserver"} 0 0 0 93.21479664827305 3.090452261306533 74.39061959019057 17
stats: session 5126 7260.970528854504 8510.0011545029 107464.57397460938 9.873046875 4865.973437022125 79801
stats: users_count 5004 89854
stats: finish_users_count 5126 84927
stats: request 49830 839.5033849855115 2923.5447576880397 99199.376953125 0.06005859375 500.22497405945893 814720
stats: page 5050 7313.40600315207 8521.38080450163 107462.52197265625 8.675048828125 4851.855743003539 79713
stats: connect 8248 598.6865282326987 1289.262491997141 34597.365966796875 0.3759765625 559.6429912348464 116982
stats: 200 46080 827512
stats: size_rcv 4569255 88542365
stats: newphase 6 106
stats: size_sent 6586056 115273913
stats: connected -196 4319
stats: error_connect_etimedout 0 12
# stats: dump at 1338994887
stats: users 4732 5779
stats: {load,"os_mon@test2"} 1 0.73046875 0.0 0.91015625 0.41015625 0.7014802631578947 19
stats: {recvpackets,"os_mon@test3"} 1 24576.0 0.0 26058 4856 20511.555555555555 18
stats: {sentpackets,"os_mon@test3"} 1 17805.0 0.0 18392 3284 14111.777777777777 18
stats: {freemem,"os_mon@test2"} 1 1120.97265625 0.0 1431.1953125 1120.97265625 1339.7701480263158 19
stats: {load,"os_mon@test4"} 1 0.6484375 0.0 1.28125 0.5 0.8172286184210527 19
stats: {cpu,"os_mon@test3"} 1 62.142099681866384 0.0 69.32418162618796 2.2704339051463167 46.1230819249677 19
stats: {freemem,"os_mon@test4"} 1 1295.77734375 0.0 1582.6171875 1295.77734375 1487.9677220394738 19
stats: {freemem,"os_mon@myserver"} 1 1269.8828125 0.0 1402.26171875 1269.8828125 1332.3972886029412 17
stats: {recvpackets,"os_mon@test2"} 1 25092.0 0.0 26158 4881 20550.444444444445 18
stats: {sentpackets,"os_mon@test2"} 1 18129.0 0.0 18490 3300 14143.166666666666 18
stats: {load,"os_mon@test3"} 1 1.328125 0.0 1.328125 0.359375 0.7162828947368421 19
stats: {cpu,"os_mon@test2"} 1 57.47422680412371 0.0 65.29262086513995 3.3668341708542715 44.53080310939472 19
stats: {recvpackets,"os_mon@test4"} 1 24515.0 0.0 26104 4854 20510.555555555555 18
stats: {sentpackets,"os_mon@test4"} 1 17763.0 0.0 18428 3277 14110.833333333334 18
stats: {freemem,"os_mon@test3"} 1 941.69140625 0.0 1415.35546875 941.69140625 1257.797697368421 19
stats: {cpu,"os_mon@test4"} 1 48.83966244725738 0.0 56.55913978494623 2.3535302954431647 37.64068269296853 19
stats: {load,"os_mon@myserver"} 1 6.69921875 0.0 6.75 2.62109375 4.84375 17
stats: {recvpackets,"os_mon@myserver"} 1 25124.0 0.0 32877 4944 22779.6875 16
stats: {sentpackets,"os_mon@myserver"} 1 18268.0 0.0 21708 3339 15659.4375 16
stats: {cpu,"os_mon@myserver"} 1 90.24774774774775 0.0 93.21479664827305 3.090452261306533 74.39061959019057 17
stats: session 5068 7673.875467904086 9545.966095957658 107464.57397460938 9.873046875 5010.529998454093 84927
stats: users_count 4873 94727
stats: finish_users_count 5068 89995
stats: request 51619 863.5603294191511 3177.73021055067 100508.76684570313 0.06005859375 519.7799370071718 864550
stats: page 4994 7664.524514475965 9507.759444666946 107462.52197265625 8.675048828125 4998.50969359224 84763
stats: connect 8215 646.9758642548413 1226.2553564697862 34597.365966796875 0.3759765625 562.2145083885498 125230
stats: 200 48230 875742
stats: size_rcv 4716590 93258955
stats: newphase 4 110
stats: size_sent 6837439 122111352
stats: connected -103 4216
stats: error_connect_etimedout 0 12
stats: error_abort 1 1
EndMonitor:{1338,994887,15035}
