# stats: dump at 1338913544
stats: users 0 0
# stats: dump at 1338913554
stats: users 2 8
stats: {load,"os_mon@test2"} 1 2.140625 0 2.140625 2.140625 0 0
stats: {freemem,"os_mon@test2"} 1 1488.7109375 0 1488.7109375 1488.7109375 0 0
stats: {load,"os_mon@test4"} 1 1.80859375 0 1.80859375 1.80859375 0 0
stats: {cpu,"os_mon@test3"} 1 2.745297407219115 0 2.745297407219115 2.745297407219115 0 0
stats: {freemem,"os_mon@test4"} 1 1415.0859375 0 1415.0859375 1415.0859375 0 0
stats: {freemem,"os_mon@myserver"} 1 1017.94140625 0 1017.94140625 1017.94140625 0 0
stats: {cpu,"os_mon@test2"} 1 2.97079556898288 0 2.97079556898288 2.97079556898288 0 0
stats: {load,"os_mon@test3"} 1 1.55859375 0 1.55859375 1.55859375 0 0
stats: {freemem,"os_mon@test3"} 1 1465.15234375 0 1465.15234375 1465.15234375 0 0
stats: {cpu,"os_mon@test4"} 1 1.870576339737108 0 1.870576339737108 1.870576339737108 0 0
stats: {load,"os_mon@myserver"} 1 4.6796875 0 4.6796875 4.6796875 0 0
stats: {cpu,"os_mon@myserver"} 1 2.0183955033214103 0 2.0183955033214103 2.0183955033214103 0 0
stats: session 576 24.684721628824864 3.1824586534894683 39.77001953125 17.916015625 0 0
stats: users_count 578 578
stats: finish_users_count 576 576
stats: 200 5715 5715
stats: request 5715 2.1234094334399654 0.585471526151793 13.39111328125 1.033935546875 0 0
stats: page 570 22.58831894188597 2.9720833935314905 35.592041015625 16.42919921875 0 0
stats: connect 5717 0.951258180440463 0.3251876439465597 11.138916015625 0.318115234375 0 0
stats: size_rcv 725805 725805
stats: size_sent 758287 758287
stats: connected 2 2
# stats: dump at 1338913564
stats: users 16 32
stats: {load,"os_mon@test2"} 1 1.80859375 0.0 2.140625 1.80859375 2.140625 1
stats: {freemem,"os_mon@test2"} 1 1501.03125 0.0 1501.03125 1488.7109375 1488.7109375 1
stats: {recvpackets,"os_mon@test3"} 1 3515 0 3515 3515 0 0
stats: {sentpackets,"os_mon@test3"} 1 2424 0 2424 2424 0 0
stats: {load,"os_mon@test4"} 1 1.53125 0.0 1.80859375 1.53125 1.80859375 1
stats: {cpu,"os_mon@test3"} 1 19.19346605410924 0.0 19.19346605410924 2.745297407219115 2.745297407219115 1
stats: {freemem,"os_mon@test4"} 1 1429.95703125 0.0 1429.95703125 1415.0859375 1415.0859375 1
stats: {freemem,"os_mon@myserver"} 1 1045.11328125 0.0 1045.11328125 1017.94140625 1017.94140625 1
stats: {recvpackets,"os_mon@test2"} 1 3514 0 3514 3514 0 0
stats: {sentpackets,"os_mon@test2"} 1 2421 0 2421 2421 0 0
stats: {cpu,"os_mon@test2"} 1 12.57606490872211 0.0 12.57606490872211 2.97079556898288 2.97079556898288 1
stats: {load,"os_mon@test3"} 1 1.3203125 0.0 1.55859375 1.3203125 1.55859375 1
stats: {recvpackets,"os_mon@test4"} 1 3511 0 3511 3511 0 0
stats: {sentpackets,"os_mon@test4"} 1 2420 0 2420 2420 0 0
stats: {freemem,"os_mon@test3"} 1 1480.98828125 0.0 1480.98828125 1465.15234375 1465.15234375 1
stats: {cpu,"os_mon@test4"} 1 12.26653205451792 0.0 12.26653205451792 1.870576339737108 1.870576339737108 1
stats: {load,"os_mon@myserver"} 1 4.03125 0.0 4.6796875 4.03125 4.6796875 1
stats: {recvpackets,"os_mon@myserver"} 1 3643 0 3643 3643 0 0
stats: {sentpackets,"os_mon@myserver"} 1 2511 0 2511 2511 0 0
stats: {cpu,"os_mon@myserver"} 1 19.8919197117859 0.0 19.8919197117859 2.0183955033214103 2.0183955033214103 1
stats: session 1510 42.4105316768419 209.84010215002112 7396.570068359375 17.916015625 24.684721628824864 576
stats: users_count 1524 2102
stats: finish_users_count 1510 2086
stats: request 15146 4.008579561925379 67.09103021256445 7373.64794921875 1.0068359375 2.1234094334399654 5715
stats: page 1508 40.514396525820516 209.99100266786203 7395.195068359375 16.42919921875 22.58831894188597 570
stats: connect 15155 1.4033312992308615 18.133652745024573 1002.281005859375 0.318115234375 0.951258180440463 5717
stats: 200 15146 20861
stats: size_rcv 1923542 2649347
stats: newphase 6 6
stats: size_sent 2012409 2770696
stats: connected 9 11
# stats: dump at 1338913574
stats: users 159 159
stats: {load,"os_mon@test2"} 1 1.5390625 0.0 2.140625 1.5390625 1.974609375 2
stats: {freemem,"os_mon@test2"} 1 1507.12890625 0.0 1507.12890625 1488.7109375 1494.87109375 2
stats: {recvpackets,"os_mon@test3"} 1 7447.0 0.0 7447 3515 3515.0 1
stats: {sentpackets,"os_mon@test3"} 1 4962.0 0.0 4962 2424 2424.0 1
stats: {load,"os_mon@test4"} 1 1.30078125 0.0 1.80859375 1.30078125 1.669921875 2
stats: {cpu,"os_mon@test3"} 1 35.7840616966581 0.0 35.7840616966581 2.745297407219115 10.969381730664178 2
stats: {freemem,"os_mon@test4"} 1 1435.14453125 0.0 1435.14453125 1415.0859375 1422.521484375 2
stats: {freemem,"os_mon@myserver"} 1 1058.62109375 0.0 1058.62109375 1017.94140625 1031.52734375 2
stats: {recvpackets,"os_mon@test2"} 1 7438.0 0.0 7438 3514 3514.0 1
stats: {sentpackets,"os_mon@test2"} 1 4960.0 0.0 4960 2421 2421.0 1
stats: {cpu,"os_mon@test2"} 1 32.90881304126337 0.0 32.90881304126337 2.97079556898288 7.7734302388524945 2
stats: {load,"os_mon@test3"} 1 1.26953125 0.0 1.55859375 1.26953125 1.439453125 2
stats: {recvpackets,"os_mon@test4"} 1 7435.0 0.0 7435 3511 3511.0 1
stats: {sentpackets,"os_mon@test4"} 1 4956.0 0.0 4956 2420 2420.0 1
stats: {freemem,"os_mon@test3"} 1 1488.53125 0.0 1488.53125 1465.15234375 1473.0703125 2
stats: {cpu,"os_mon@test4"} 1 28.410832907511498 0.0 28.410832907511498 1.870576339737108 7.068554197127514 2
stats: {load,"os_mon@myserver"} 1 3.48828125 0.0 4.6796875 3.48828125 4.35546875 2
stats: {recvpackets,"os_mon@myserver"} 1 7514.0 0.0 7514 3643 3643.0 1
stats: {sentpackets,"os_mon@myserver"} 1 5003.0 0.0 5003 2511 2511.0 1
stats: {cpu,"os_mon@myserver"} 1 41.916949595194566 0.0 41.916949595194566 2.0183955033214103 10.955157607553655 2
stats: session 2399 148.72792272659188 367.1142636010682 9093.107177734375 17.218017578125 37.51596476041917 2086
stats: users_count 2542 4644
stats: finish_users_count 2399 4485
stats: request 24526 15.037232978283912 113.23993804957651 9066.68310546875 1.0068359375 3.492125543216106 20861
stats: page 2402 145.99787876151387 366.3132023058109 9091.845947265625 16.02294921875 35.597233762181105 2078
stats: connect 24586 6.960299741452836 68.39686422954702 1123.677001953125 0.318115234375 1.2795050238320156 20872
stats: 200 24526 45387
stats: size_rcv 3114802 5764149
stats: newphase 6 12
stats: size_sent 3265406 6036102
stats: connected 60 71
# stats: dump at 1338913584
stats: users 746 750
stats: {load,"os_mon@test2"} 1 1.53125 0.0 2.140625 1.53125 1.8294270833333333 3
stats: {freemem,"os_mon@test2"} 1 1506.5625 0.0 1507.12890625 1488.7109375 1498.95703125 3
stats: {recvpackets,"os_mon@test3"} 1 11502.0 0.0 11502 3515 5481.0 2
stats: {sentpackets,"os_mon@test3"} 1 7597.0 0.0 7597 2424 3693.0 2
stats: {load,"os_mon@test4"} 1 1.171875 0.0 1.80859375 1.171875 1.546875 3
stats: {cpu,"os_mon@test3"} 1 49.47698744769875 0.0 49.47698744769875 2.745297407219115 19.24094171932882 3
stats: {freemem,"os_mon@test4"} 1 1435.1953125 0.0 1435.1953125 1415.0859375 1426.7291666666667 3
stats: {freemem,"os_mon@myserver"} 1 1066.390625 0.0 1066.390625 1017.94140625 1040.55859375 3
stats: {recvpackets,"os_mon@test2"} 1 11464.0 0.0 11464 3514 5476.0 2
stats: {sentpackets,"os_mon@test2"} 1 7569.0 0.0 7569 2421 3690.5 2
stats: {cpu,"os_mon@test2"} 1 47.77721001532959 0.0 47.77721001532959 2.97079556898288 16.151891172989455 3
stats: {load,"os_mon@test3"} 1 1.30078125 0.0 1.55859375 1.26953125 1.3828125 3
stats: {recvpackets,"os_mon@test4"} 1 11484.0 0.0 11484 3511 5473.0 2
stats: {sentpackets,"os_mon@test4"} 1 7587.0 0.0 7587 2420 3688.0 2
stats: {freemem,"os_mon@test3"} 1 1487.92578125 0.0 1488.53125 1465.15234375 1478.2239583333333 3
stats: {cpu,"os_mon@test4"} 1 43.61593462717058 0.0 43.61593462717058 1.870576339737108 14.182647100588843 3
stats: {load,"os_mon@myserver"} 1 3.19140625 0.0 4.6796875 3.19140625 4.06640625 3
stats: {recvpackets,"os_mon@myserver"} 1 12042.0 0.0 12042 3643 5578.5 2
stats: {sentpackets,"os_mon@myserver"} 1 7949.0 0.0 7949 2511 3757.0 2
stats: {cpu,"os_mon@myserver"} 1 64.90215755143001 0.0 64.90215755143001 2.0183955033214103 21.275754936767292 3
stats: session 2852 978.0083387891183 940.2993054120378 26676.84814453125 17.218017578125 97.00258397131066 4485
stats: users_count 3439 8083
stats: finish_users_count 2852 7337
stats: request 30692 105.64264446583205 284.7805756665959 26346.56787109375 1.0068359375 9.730812941644576 45387
stats: page 2832 971.412449120129 941.8680416009176 26674.806884765625 16.02294921875 94.78972244262692 4480
stats: connect 30846 57.16088149313079 185.3474506812299 1629.443115234375 0.318115234375 4.351967933054276 45458
stats: 200 30692 76079
stats: size_rcv 3897884 9662033
stats: newphase 6 18
stats: size_sent 4088274 10124376
stats: connected 154 225
# stats: dump at 1338913594
stats: users 2563 2563
stats: {load,"os_mon@test2"} 1 1.53125 0.0 2.140625 1.53125 1.7548828125 4
stats: {freemem,"os_mon@test2"} 1 1496.6328125 0.0 1507.12890625 1488.7109375 1500.8583984375 4
stats: {recvpackets,"os_mon@test3"} 1 14517.0 0.0 14517 3515 7488.0 3
stats: {sentpackets,"os_mon@test3"} 1 9626.0 0.0 9626 2424 4994.333333333333 3
stats: {load,"os_mon@test4"} 1 1.0703125 0.0 1.80859375 1.0703125 1.453125 4
stats: {cpu,"os_mon@test3"} 1 57.81664016958135 0.0 57.81664016958135 2.745297407219115 26.799953151421303 4
stats: {freemem,"os_mon@test4"} 1 1426.01953125 0.0 1435.1953125 1415.0859375 1428.845703125 4
stats: {freemem,"os_mon@myserver"} 1 1068.07421875 0.0 1068.07421875 1017.94140625 1047.0166015625 4
stats: {recvpackets,"os_mon@test2"} 1 14514.0 0.0 14514 3514 7472.0 3
stats: {sentpackets,"os_mon@test2"} 1 9631.0 0.0 9631 2421 4983.333333333333 3
stats: {cpu,"os_mon@test2"} 1 55.406797116374875 0.0 55.406797116374875 2.97079556898288 24.05822088357449 4
stats: {load,"os_mon@test3"} 1 1.25 0.0 1.55859375 1.25 1.3623046875 4
stats: {recvpackets,"os_mon@test4"} 1 14497.0 0.0 14497 3511 7476.666666666667 3
stats: {sentpackets,"os_mon@test4"} 1 9614.0 0.0 9614 2420 4987.666666666667 3
stats: {freemem,"os_mon@test3"} 1 1476.46875 0.0 1488.53125 1465.15234375 1480.6494140625 4
stats: {cpu,"os_mon@test4"} 1 51.60621761658031 0.0 51.60621761658031 1.870576339737108 21.540968982234276 4
stats: {load,"os_mon@myserver"} 1 3.44921875 0.0 4.6796875 3.19140625 3.84765625 4
stats: {recvpackets,"os_mon@myserver"} 1 15460.0 0.0 15460 3643 7733.0 3
stats: {sentpackets,"os_mon@myserver"} 1 10254.0 0.0 10254 2511 5154.333333333333 3
stats: {cpu,"os_mon@myserver"} 1 75.85058291696407 0.0 75.85058291696407 2.0183955033214103 32.18235559043297 4
stats: session 2587 3379.8045976577614 1357.2469160614817 26676.84814453125 17.218017578125 439.462501204565 7337
stats: users_count 4404 12487
stats: finish_users_count 2587 9924
stats: request 32772 395.1687440372819 430.2802499340355 26346.56787109375 1.0068359375 48.423828532548264 76079
stats: page 2576 3331.407274139599 1306.0534873955646 26674.806884765625 16.02294921875 434.31318551028096 7312
stats: connect 34000 205.60041019933286 270.5337074060237 3204.471923828125 0.318115234375 25.70004598497973 76304
stats: 200 32772 108851
stats: size_rcv 4162044 13824077
stats: newphase 6 24
stats: size_sent 4514152 14638528
stats: connected 1228 1453
# stats: dump at 1338913604
stats: users 4192 4436
stats: {load,"os_mon@test2"} 1 1.671875 0.0 2.140625 1.53125 1.71015625 5
stats: {freemem,"os_mon@test2"} 1 1470.8359375 0.0 1507.12890625 1470.8359375 1500.01328125 5
stats: {recvpackets,"os_mon@test3"} 1 17139.0 0.0 17139 3515 9245.25 4
stats: {sentpackets,"os_mon@test3"} 1 11419.0 0.0 11419 2424 6152.25 4
stats: {load,"os_mon@test4"} 1 0.98046875 0.0 1.80859375 0.98046875 1.3765625 5
stats: {cpu,"os_mon@test3"} 1 61.53846153846154 0.0 61.53846153846154 2.745297407219115 33.00329055505331 5
stats: {freemem,"os_mon@test4"} 1 1399.08984375 0.0 1435.1953125 1399.08984375 1428.28046875 5
stats: {freemem,"os_mon@myserver"} 1 1054.89453125 0.0 1068.07421875 1017.94140625 1051.228125 5
stats: {recvpackets,"os_mon@test2"} 1 17150.0 0.0 17150 3514 9232.5 4
stats: {sentpackets,"os_mon@test2"} 1 11425.0 0.0 11425 2421 6145.25 4
stats: {cpu,"os_mon@test2"} 1 59.596482152095184 0.0 59.596482152095184 2.97079556898288 30.327936130134567 5
stats: {load,"os_mon@test3"} 1 1.05859375 0.0 1.55859375 1.05859375 1.33984375 5
stats: {recvpackets,"os_mon@test4"} 1 17145.0 0.0 17145 3511 9231.75 4
stats: {sentpackets,"os_mon@test4"} 1 11423.0 0.0 11423 2420 6144.25 4
stats: {freemem,"os_mon@test3"} 1 1445.703125 0.0 1488.53125 1445.703125 1479.81328125 5
stats: {cpu,"os_mon@test4"} 1 56.734693877551024 0.0 56.734693877551024 1.870576339737108 27.55401870910348 5
stats: {load,"os_mon@myserver"} 1 3.41015625 0.0 4.6796875 3.19140625 3.76796875 5
stats: {recvpackets,"os_mon@myserver"} 1 19110.0 0.0 19110 3643 9664.75 4
stats: {sentpackets,"os_mon@myserver"} 1 12740.0 0.0 12740 2511 6429.25 4
stats: {cpu,"os_mon@myserver"} 1 76.53567340709652 0.0 76.53567340709652 2.0183955033214103 40.91600105573919 5
stats: session 2466 6896.4930176375265 2598.2858510143246 26676.84814453125 17.218017578125 1205.9543395282672 9924
stats: users_count 4095 16582
stats: finish_users_count 2466 12390
stats: request 31723 852.7091555728116 1259.826167765589 26346.56787109375 1.0068359375 152.81905109293936 108851
stats: page 2383 6796.2628681472615 2547.1829023692135 26674.806884765625 16.02294921875 1189.057761997854 9888
stats: connect 33261 330.1521838816004 471.58249867359535 10315.005859375 0.318115234375 81.15236306584721 110304
stats: 200 31723 140574
stats: size_rcv 4028821 17852898
stats: newphase 6 30
stats: size_sent 4415503 19054031
stats: connected 1538 2991
# stats: dump at 1338913614
stats: users 3777 4599
stats: {load,"os_mon@test2"} 1 1.71875 0.0 2.140625 1.53125 1.7037760416666667 6
stats: {freemem,"os_mon@test2"} 1 1445.79296875 0.0 1507.12890625 1445.79296875 1495.150390625 6
stats: {recvpackets,"os_mon@test3"} 1 14968.0 0.0 17139 3515 10824.0 5
stats: {sentpackets,"os_mon@test3"} 1 10332.0 0.0 11419 2424 7205.6 5
stats: {load,"os_mon@test4"} 1 0.98046875 0.0 1.80859375 0.98046875 1.310546875 6
stats: {cpu,"os_mon@test3"} 1 61.59957627118644 0.0 61.59957627118644 2.745297407219115 37.75915238562135 6
stats: {freemem,"os_mon@test4"} 1 1361.76953125 0.0 1435.1953125 1361.76953125 1423.4153645833333 6
stats: {freemem,"os_mon@myserver"} 1 1052.10546875 0.0 1068.07421875 1017.94140625 1051.8391927083333 6
stats: {recvpackets,"os_mon@test2"} 1 14972.0 0.0 17150 3514 10816.0 5
stats: {sentpackets,"os_mon@test2"} 1 10334.0 0.0 11425 2421 7201.2 5
stats: {cpu,"os_mon@test2"} 1 60.673575129533674 0.0 60.673575129533674 2.97079556898288 35.20602713379467 6
stats: {load,"os_mon@test3"} 1 1.05078125 0.0 1.55859375 1.05078125 1.29296875 6
stats: {recvpackets,"os_mon@test4"} 1 14968.0 0.0 17145 3511 10814.4 5
stats: {sentpackets,"os_mon@test4"} 1 10333.0 0.0 11423 2420 7.2e3 5
stats: {freemem,"os_mon@test3"} 1 1402.69921875 0.0 1488.53125 1402.69921875 1474.1282552083333 6
stats: {cpu,"os_mon@test4"} 1 54.94562402900052 0.0 56.734693877551024 1.870576339737108 32.417464570511406 6
stats: {load,"os_mon@myserver"} 1 4.578125 0.0 4.6796875 3.19140625 3.7083333333333335 6
stats: {recvpackets,"os_mon@myserver"} 1 20003.0 0.0 20003 3643 11553.8 5
stats: {sentpackets,"os_mon@myserver"} 1 14019.0 0.0 14019 2511 7691.4 5
stats: {cpu,"os_mon@myserver"} 1 76.12359550561798 0.0 76.53567340709652 2.0183955033214103 46.85261311429874 6
stats: session 3266 10557.167081142623 4439.983764503895 32233.429931640625 17.218017578125 2338.5506575442023 12390
stats: users_count 2851 19433
stats: finish_users_count 3266 15656
stats: 200 32891 173465
stats: request 32891 1224.3002249914848 2085.10187162685 26346.56787109375 1.0068359375 310.7615851633577 140574
stats: page 3216 10453.516735247686 4372.135664709944 32232.134033203125 16.02294921875 2277.964107687206 12271
stats: connect 32721 268.6210191894075 353.4134440182506 10315.005859375 0.318115234375 138.8404001232969 143565
stats: size_rcv 4177157 22030055
stats: newphase 5 35
stats: size_sent 4342771 23396802
stats: connected -170 2821
# stats: dump at 1338913624
stats: users 4989 5235
stats: {load,"os_mon@test2"} 1 1.5390625 0.0 2.140625 1.53125 1.7059151785714286 7
stats: {freemem,"os_mon@test2"} 1 1424.21484375 0.0 1507.12890625 1424.21484375 1488.099330357143 7
stats: {recvpackets,"os_mon@test3"} 1 14178.0 0.0 17139 3515 11514.666666666666 6
stats: {sentpackets,"os_mon@test3"} 1 10304.0 0.0 11419 2424 7726.666666666667 6
stats: {load,"os_mon@test4"} 1 1.05859375 0.0 1.80859375 0.98046875 1.2633928571428572 7
stats: {cpu,"os_mon@test3"} 1 70.07299270072993 0.0 70.07299270072993 2.745297407219115 41.16492722641636 7
stats: {freemem,"os_mon@test4"} 1 1348.2578125 0.0 1435.1953125 1348.2578125 1414.6088169642858 7
stats: {freemem,"os_mon@myserver"} 0 0 0 1068.07421875 1017.94140625 1051.877232142857 7
stats: {recvpackets,"os_mon@test2"} 1 14165.0 0.0 17150 3514 11508.666666666666 6
stats: {sentpackets,"os_mon@test2"} 1 10293.0 0.0 11425 2421 7723.333333333333 6
stats: {cpu,"os_mon@test2"} 1 63.87030365414308 0.0 63.87030365414308 2.97079556898288 38.8442482760431 7
stats: {load,"os_mon@test3"} 1 1.12890625 0.0 1.55859375 1.05078125 1.2583705357142858 7
stats: {recvpackets,"os_mon@test4"} 1 14165.0 0.0 17145 3511 11506.666666666666 6
stats: {sentpackets,"os_mon@test4"} 1 10291.0 0.0 11423 2420 7722.166666666667 6
stats: {freemem,"os_mon@test3"} 1 1360.76171875 0.0 1488.53125 1360.76171875 1463.924107142857 7
stats: {cpu,"os_mon@test4"} 1 51.39318885448917 0.0 56.734693877551024 1.870576339737108 35.63577306458128 7
stats: {load,"os_mon@myserver"} 0 0 0 4.6796875 3.19140625 3.8325892857142856 7
stats: {recvpackets,"os_mon@myserver"} 0 0 0 20003 3643 12962.0 6
stats: {sentpackets,"os_mon@myserver"} 0 0 0 14019 2511 8746.0 6
stats: {cpu,"os_mon@myserver"} 0 0 0 76.53567340709652 2.0183955033214103 51.03418202734434 7
stats: session 2897 12583.887252707522 6412.19379411977 40445.468994140625 17.218017578125 4053.037195578978 15656
stats: users_count 4109 23542
stats: finish_users_count 2897 18553
stats: request 32083 1271.7887832255883 2318.865469364836 38480.074951171875 1.0068359375 483.97923369526285 173465
stats: page 2959 12456.307785503443 6328.867361087213 40443.840087890625 16.02294921875 3975.6833076765197 15487
stats: connect 33180 287.748416742897 372.00721858511275 10315.005859375 0.318115234375 162.9293898131316 176286
stats: 200 32083 205548
stats: size_rcv 4074541 26104596
stats: newphase 6 41
stats: size_sent 4402204 27799006
stats: connected 1097 3918
# stats: dump at 1338913634
stats: users 4758 5235
stats: {load,"os_mon@test2"} 1 1.4609375 0.0 2.140625 1.4609375 1.68505859375 8
stats: {freemem,"os_mon@test2"} 1 1387.22265625 0.0 1507.12890625 1387.22265625 1480.11376953125 8
stats: {recvpackets,"os_mon@test3"} 1 16260.0 0.0 17139 3515 11895.142857142857 7
stats: {sentpackets,"os_mon@test3"} 1 11685.0 0.0 11685 2424 8094.857142857143 7
stats: {load,"os_mon@test4"} 1 1.05078125 0.0 1.80859375 0.98046875 1.23779296875 8
stats: {cpu,"os_mon@test3"} 1 72.1875 0.0 72.1875 2.745297407219115 44.778435410705555 8
stats: {freemem,"os_mon@test4"} 1 1336.20703125 0.0 1435.1953125 1336.20703125 1406.31494140625 8
stats: {freemem,"os_mon@myserver"} 2 1047.947265625 0.650390625 1068.07421875 1017.94140625 1051.877232142857 7
stats: {recvpackets,"os_mon@test2"} 1 16250.0 0.0 17150 3514 11888.142857142857 7
stats: {sentpackets,"os_mon@test2"} 1 11669.0 0.0 11669 2421 8090.428571428572 7
stats: {cpu,"os_mon@test2"} 1 65.85869004641567 0.0 65.85869004641567 2.97079556898288 41.9725051983056 8
stats: {load,"os_mon@test3"} 1 1.1015625 0.0 1.55859375 1.05078125 1.2421875 8
stats: {recvpackets,"os_mon@test4"} 1 16248.0 0.0 17145 3511 11886.42857142857 7
stats: {sentpackets,"os_mon@test4"} 1 11667.0 0.0 11667 2420 8089.142857142857 7
stats: {freemem,"os_mon@test3"} 1 1311.41015625 0.0 1488.53125 1311.41015625 1451.02880859375 8
stats: {cpu,"os_mon@test4"} 1 49.665121071612575 0.0 56.734693877551024 1.870576339737108 37.605450038319766 8
stats: {load,"os_mon@myserver"} 2 5.095703125 0.095703125 5.19140625 3.19140625 3.8325892857142856 7
stats: {recvpackets,"os_mon@myserver"} 2 16998.0 120.0 20003 3643 12962.0 6
stats: {sentpackets,"os_mon@myserver"} 2 12466.5 14.5 14019 2511 8746.0 6
stats: {cpu,"os_mon@myserver"} 2 75.6426660166215 0.08767106203018216 76.53567340709652 2.0183955033214103 51.03418202734434 7
stats: session 3239 13269.101838825889 7423.5301651362 56115.454833984375 17.218017578125 5385.106004693482 18553
stats: users_count 3008 26550
stats: finish_users_count 3239 21792
stats: request 32104 1422.4085877316577 2735.878558213455 55492.7119140625 1.0068359375 606.9446421525645 205548
stats: page 3262 13284.132223927996 7414.945711007907 56113.0869140625 16.02294921875 5336.095745597471 18446
stats: connect 32198 271.89236689232894 438.31173054723513 15056.43310546875 0.318115234375 182.70107263291914 209466
stats: 200 32104 237652
stats: size_rcv 4077208 30181804
stats: newphase 4 45
stats: size_sent 4273143 32072149
stats: connected 94 4012
# stats: dump at 1338913644
stats: users 5700 5718
stats: {load,"os_mon@test2"} 1 1.5390625 0.0 2.140625 1.4609375 1.66015625 9
stats: {freemem,"os_mon@test2"} 1 1370.890625 0.0 1507.12890625 1370.890625 1469.7925347222222 9
stats: {recvpackets,"os_mon@test3"} 1 15690.0 0.0 17139 3515 12440.75 8
stats: {sentpackets,"os_mon@test3"} 1 11511.0 0.0 11685 2424 8543.625 8
stats: {load,"os_mon@test4"} 1 0.9609375 0.0 1.80859375 0.9609375 1.2170138888888888 9
stats: {cpu,"os_mon@test3"} 1 66.1594963273872 0.0 72.1875 2.745297407219115 47.82388703173827 9
stats: {freemem,"os_mon@test4"} 1 1289.90625 0.0 1435.1953125 1289.90625 1398.525173611111 9
stats: {freemem,"os_mon@myserver"} 0 0 0 1068.07421875 1017.94140625 1051.00390625 9
stats: {recvpackets,"os_mon@test2"} 1 15721.0 0.0 17150 3514 12433.375 8
stats: {sentpackets,"os_mon@test2"} 1 11532.0 0.0 11669 2421 8537.75 8
stats: {cpu,"os_mon@test2"} 1 59.04664274730907 0.0 65.85869004641567 2.97079556898288 44.6265257369845 9
stats: {load,"os_mon@test3"} 1 1.08984375 0.0 1.55859375 1.05078125 1.2265625 9
stats: {recvpackets,"os_mon@test4"} 1 15732.0 0.0 17145 3511 12431.625 8
stats: {sentpackets,"os_mon@test4"} 1 11540.0 0.0 11667 2420 8536.375 8
stats: {freemem,"os_mon@test3"} 1 1271.53515625 0.0 1488.53125 1271.53515625 1435.515625 9
stats: {cpu,"os_mon@test4"} 1 62.150982419855225 0.0 62.150982419855225 1.870576339737108 38.945413486463416 9
stats: {load,"os_mon@myserver"} 0 0 0 5.19140625 3.19140625 4.11328125 9
stats: {recvpackets,"os_mon@myserver"} 0 0 0 20003 3643 13971.0 8
stats: {sentpackets,"os_mon@myserver"} 0 0 0 14019 2511 9676.125 8
stats: {cpu,"os_mon@myserver"} 0 0 0 76.53567340709652 2.0183955033214103 56.50273402496149 9
stats: session 3150 14466.577049386166 8532.401110764402 56115.454833984375 17.218017578125 6556.924218109179 21792
stats: users_count 4092 30642
stats: finish_users_count 3150 24942
stats: request 32456 1522.321188678701 2965.5471741394076 55492.7119140625 1.0068359375 717.1042642423058 237652
stats: page 3172 14369.32504584178 8464.067145281477 56113.0869140625 16.02294921875 6530.4247944418685 21708
stats: connect 32528 214.21536486804396 304.06228196957574 15056.43310546875 0.318115234375 194.58443669444455 241664
stats: 200 32456 270108
stats: size_rcv 4121912 34303716
stats: newphase 6 51
stats: size_sent 4315208 36387357
stats: connected 71 4083
# stats: dump at 1338913654
stats: users 6004 6105
stats: {load,"os_mon@test2"} 1 1.609375 0.0 2.140625 1.4609375 1.648046875 10
stats: {freemem,"os_mon@test2"} 1 1343.87890625 0.0 1507.12890625 1343.87890625 1459.90234375 10
stats: {recvpackets,"os_mon@test3"} 1 16406.0 0.0 17139 3515 12801.777777777777 9
stats: {sentpackets,"os_mon@test3"} 1 12064.0 0.0 12064 2424 8873.333333333334 9
stats: {load,"os_mon@test4"} 1 0.890625 0.0 1.80859375 0.890625 1.19140625 10
stats: {cpu,"os_mon@test3"} 1 70.45454545454545 0.0 72.1875 2.745297407219115 49.65744796130316 10
stats: {freemem,"os_mon@test4"} 1 1261.80078125 0.0 1435.1953125 1261.80078125 1387.66328125 10
stats: {freemem,"os_mon@myserver"} 1 1046.24609375 0.0 1068.07421875 1017.94140625 1051.00390625 9
stats: {recvpackets,"os_mon@test2"} 1 16373.0 0.0 17150 3514 12798.666666666666 9
stats: {sentpackets,"os_mon@test2"} 1 12050.0 0.0 12050 2421 8870.444444444445 9
stats: {cpu,"os_mon@test2"} 1 59.10249872514024 0.0 65.85869004641567 2.97079556898288 46.06853743801695 10
stats: {load,"os_mon@test3"} 1 1.25 0.0 1.55859375 1.05078125 1.212890625 10
stats: {recvpackets,"os_mon@test4"} 1 16364.0 0.0 17145 3511 12798.333333333334 9
stats: {sentpackets,"os_mon@test4"} 1 12046.0 0.0 12046 2420 8870.111111111111 9
stats: {freemem,"os_mon@test3"} 1 1218.2578125 0.0 1488.53125 1218.2578125 1419.117578125 10
stats: {cpu,"os_mon@test4"} 1 62.76214833759591 0.0 62.76214833759591 1.870576339737108 41.265970379802596 10
stats: {load,"os_mon@myserver"} 1 5.2109375 0.0 5.2109375 3.19140625 4.11328125 9
stats: {recvpackets,"os_mon@myserver"} 1 18889.0 0.0 20003 3643 13971.0 8
stats: {sentpackets,"os_mon@myserver"} 1 13793.0 0.0 14019 2511 9676.125 8
stats: {cpu,"os_mon@myserver"} 1 74.31693989071039 0.0 76.53567340709652 2.0183955033214103 56.50273402496149 9
stats: session 2960 14867.09048676363 9146.103048277746 56115.454833984375 17.218017578125 7555.858001226911 24942
stats: users_count 3264 33906
stats: finish_users_count 2960 27902
stats: request 31914 1574.1139927186532 3119.6599199424486 55492.7119140625 1.0068359375 813.8586013945103 270108
stats: page 2949 14861.423869849954 9164.167510038624 56113.0869140625 16.02294921875 7529.821562827741 24880
stats: connect 32458 250.89550511971757 379.91045616613616 15056.43310546875 0.318115234375 196.91329687866158 274192
stats: 200 31914 302022
stats: size_rcv 4053078 38356794
stats: newphase 6 57
stats: size_sent 4306936 40694293
stats: connected 544 4627
# stats: dump at 1338913664
stats: users 5929 6425
stats: {load,"os_mon@test2"} 1 1.828125 0.0 2.140625 1.4609375 1.64453125 11
stats: {freemem,"os_mon@test2"} 1 1305.51171875 0.0 1507.12890625 1305.51171875 1449.3547585227273 11
stats: {recvpackets,"os_mon@test3"} 1 15948.0 0.0 17139 3515 13162.2 10
stats: {sentpackets,"os_mon@test3"} 1 11878.0 0.0 12064 2424 9192.4 10
stats: {load,"os_mon@test4"} 1 0.828125 0.0 1.80859375 0.828125 1.1640625 11
stats: {cpu,"os_mon@test3"} 1 81.83694530443756 0.0 81.83694530443756 2.745297407219115 51.548093187961555 11
stats: {freemem,"os_mon@test4"} 1 1249.74609375 0.0 1435.1953125 1249.74609375 1376.2212357954545 11
stats: {freemem,"os_mon@myserver"} 1 1037.34375 0.0 1068.07421875 1017.94140625 1050.528125 10
stats: {recvpackets,"os_mon@test2"} 1 15958.0 0.0 17150 3514 13156.1 10
stats: {sentpackets,"os_mon@test2"} 1 11880.0 0.0 12050 2421 9188.4 10
stats: {cpu,"os_mon@test2"} 1 66.94087403598972 0.0 66.94087403598972 2.97079556898288 47.25344300957362 11
stats: {load,"os_mon@test3"} 1 1.12890625 0.0 1.55859375 1.05078125 1.2162642045454546 11
stats: {recvpackets,"os_mon@test4"} 1 15940.0 0.0 17145 3511 13154.9 10
stats: {sentpackets,"os_mon@test4"} 1 11865.0 0.0 12046 2420 9187.7 10
stats: {freemem,"os_mon@test3"} 1 1131.6484375 0.0 1488.53125 1131.6484375 1400.8575994318182 11
stats: {cpu,"os_mon@test4"} 1 49.79381443298969 0.0 62.76214833759591 1.870576339737108 43.22016837596562 11
stats: {load,"os_mon@myserver"} 1 5.33984375 0.0 5.33984375 3.19140625 4.223046875 10
stats: {recvpackets,"os_mon@myserver"} 1 16637.0 0.0 20003 3643 14517.444444444445 9
stats: {sentpackets,"os_mon@myserver"} 1 12395.0 0.0 14019 2511 10133.555555555555 9
stats: {cpu,"os_mon@myserver"} 1 76.07040913415794 0.0 76.53567340709652 2.0183955033214103 58.28415461153638 10
stats: session 2912 16000.795688419552 9923.188996307976 67181.40991210938 17.218017578125 8331.474378446777 27902
stats: users_count 2837 36743
stats: finish_users_count 2912 30814
stats: 200 32382 334404
stats: request 32382 1702.3732856701963 3236.7628648076607 60151.7958984375 1.0068359375 894.1931152998507 302022
stats: page 2875 15998.274896993886 9906.96446187954 67179.373046875 16.02294921875 8306.741150430908 27829
stats: connect 31904 299.506581902383 423.0341698414406 15056.43310546875 0.318115234375 202.62715474622456 306650
stats: size_rcv 4112514 42469308
stats: newphase 5 62
stats: size_sent 4231495 44925788
stats: connected -480 4147
# stats: dump at 1338913674
stats: users 6043 6657
stats: {load,"os_mon@test2"} 1 2.01171875 0.0 2.140625 1.4609375 1.6598307291666667 12
stats: {freemem,"os_mon@test2"} 1 1260.60546875 0.0 1507.12890625 1260.60546875 1437.3678385416667 12
stats: {recvpackets,"os_mon@test3"} 1 14776.0 0.0 17139 3515 13415.454545454546 11
stats: {sentpackets,"os_mon@test3"} 1 11278.0 0.0 12064 2424 9436.545454545454 11
stats: {load,"os_mon@test4"} 1 1.25 0.0 1.80859375 0.828125 1.1360677083333333 12
stats: {cpu,"os_mon@test3"} 1 64.81384373361301 0.0 81.83694530443756 2.745297407219115 54.07216419766789 12
stats: {freemem,"os_mon@test4"} 1 1189.29296875 0.0 1435.1953125 1189.29296875 1365.681640625 12
stats: {freemem,"os_mon@myserver"} 1 1035.84765625 0.0 1068.07421875 1017.94140625 1049.3295454545455 11
stats: {recvpackets,"os_mon@test2"} 1 14674.0 0.0 17150 3514 13410.818181818182 11
stats: {sentpackets,"os_mon@test2"} 1 11170.0 0.0 12050 2421 9433.09090909091 11
stats: {cpu,"os_mon@test2"} 1 67.46314184036603 0.0 67.46314184036603 2.97079556898288 48.89406226177496 12
stats: {load,"os_mon@test3"} 1 1.1796875 0.0 1.55859375 1.05078125 1.208984375 12
stats: {recvpackets,"os_mon@test4"} 1 14651.0 0.0 17145 3511 13408.09090909091 11
stats: {sentpackets,"os_mon@test4"} 1 11144.0 0.0 12046 2420 9431.09090909091 11
stats: {freemem,"os_mon@test3"} 1 1099.76171875 0.0 1488.53125 1099.76171875 1378.4235026041667 12
stats: {cpu,"os_mon@test4"} 1 67.66497461928934 0.0 67.66497461928934 1.870576339737108 43.76797221405096 12
stats: {load,"os_mon@myserver"} 1 5.6484375 0.0 5.6484375 3.19140625 4.324573863636363 11
stats: {recvpackets,"os_mon@myserver"} 1 16149.0 0.0 20003 3643 14729.4 10
stats: {sentpackets,"os_mon@myserver"} 1 12324.0 0.0 14019 2511 10359.7 10
stats: {cpu,"os_mon@myserver"} 1 75.33202699760506 0.0 76.53567340709652 2.0183955033214103 59.90108684086561 11
stats: session 3189 17425.567117082788 10163.193812673853 80318.82104492188 17.218017578125 9056.244406831302 30814
stats: users_count 3303 40046
stats: finish_users_count 3189 34003
stats: request 31655 1789.6713895106918 3572.392071588482 60151.7958984375 1.0068359375 972.4532146914026 334404
stats: page 3191 17400.914814661213 10099.875821003729 80317.21899414063 16.02294921875 9026.945668453594 30704
stats: connect 31896 238.73628212283208 376.0905158850673 15056.43310546875 0.318115234375 211.75669167088083 338554
stats: 200 31655 366059
stats: size_rcv 4020185 46489493
stats: newphase 6 68
stats: size_sent 4232589 49158377
stats: connected 238 4385
# stats: dump at 1338913684
stats: users 6822 6822
stats: {load,"os_mon@test2"} 1 2.1015625 0.0 2.140625 1.4609375 1.6868990384615385 13
stats: {freemem,"os_mon@test2"} 1 1204.234375 0.0 1507.12890625 1204.234375 1423.770733173077 13
stats: {recvpackets,"os_mon@test3"} 1 17268.0 0.0 17268 3515 13528.833333333334 12
stats: {sentpackets,"os_mon@test3"} 1 13016.0 0.0 13016 2424 9590.0 12
stats: {load,"os_mon@test4"} 1 1.140625 0.0 1.80859375 0.828125 1.1448317307692308 13
stats: {cpu,"os_mon@test3"} 1 58.9622641509434 0.0 81.83694530443756 2.745297407219115 54.898447238894434 13
stats: {freemem,"os_mon@test4"} 1 1130.27734375 0.0 1435.1953125 1130.27734375 1352.11328125 13
stats: {freemem,"os_mon@myserver"} 1 1033.85546875 0.0 1068.07421875 1017.94140625 1048.2060546875 12
stats: {recvpackets,"os_mon@test2"} 1 17384.0 0.0 17384 3514 13516.083333333334 12
stats: {sentpackets,"os_mon@test2"} 1 13126.0 0.0 13126 2421 9577.833333333334 12
stats: {cpu,"os_mon@test2"} 1 75.0 0.0 75.0 2.97079556898288 50.32245299858966 13
stats: {load,"os_mon@test3"} 1 1.1484375 0.0 1.55859375 1.05078125 1.2067307692307692 13
stats: {recvpackets,"os_mon@test4"} 1 17418.0 0.0 17418 3511 13511.666666666666 12
stats: {sentpackets,"os_mon@test4"} 1 13157.0 0.0 13157 2420 9573.833333333334 12
stats: {freemem,"os_mon@test3"} 1 1063.67578125 0.0 1488.53125 1063.67578125 1356.9879807692307 13
stats: {cpu,"os_mon@test4"} 1 71.05263157894737 0.0 71.05263157894737 1.870576339737108 45.60620316830006 13
stats: {load,"os_mon@myserver"} 1 5.390625 0.0 5.6484375 3.19140625 4.434895833333333 12
stats: {recvpackets,"os_mon@myserver"} 1 20235.0 0.0 20235 3643 14858.454545454546 11
stats: {sentpackets,"os_mon@myserver"} 1 15392.0 0.0 15392 2511 10538.272727272728 11
stats: {cpu,"os_mon@myserver"} 1 76.18488972313467 0.0 76.53567340709652 2.0183955033214103 61.186998520593896 12
stats: session 2689 18097.462600634233 11278.412716149902 80318.82104492188 17.218017578125 9841.168387744516 34003
stats: users_count 3468 43514
stats: finish_users_count 2689 36692
stats: 200 27951 394010
stats: request 27951 1845.4270782847357 3768.44313200128 60151.7958984375 1.0068359375 1043.1222634619685 366059
stats: page 2797 18066.399611679353 11299.767058734826 80317.21899414063 16.02294921875 9815.30193178295 33895
stats: connect 28085 237.8277972595744 358.88169016590047 15056.43310546875 0.318115234375 214.07965298024902 370450
stats: size_rcv 3549777 50039270
stats: newphase 5 73
stats: size_sent 3726719 52885096
stats: connected 133 4518
# stats: dump at 1338913694
stats: users 6588 7392
stats: {load,"os_mon@test2"} 1 1.94140625 0.0 2.140625 1.4609375 1.7165178571428572 14
stats: {freemem,"os_mon@test2"} 1 1164.7578125 0.0 1507.12890625 1164.7578125 1408.089564732143 14
stats: {recvpackets,"os_mon@test3"} 1 15436.0 0.0 17268 3515 13816.461538461539 13
stats: {sentpackets,"os_mon@test3"} 1 11859.0 0.0 13016 2424 9853.538461538461 13
stats: {load,"os_mon@test4"} 1 0.96875 0.0 1.80859375 0.828125 1.14453125 14
stats: {cpu,"os_mon@test3"} 1 62.48699271592092 0.0 81.83694530443756 2.745297407219115 55.18871987546936 14
stats: {freemem,"os_mon@test4"} 1 1122.08984375 0.0 1435.1953125 1122.08984375 1336.267857142857 14
stats: {freemem,"os_mon@myserver"} 1 1030.07421875 0.0 1068.07421875 1017.94140625 1047.1021634615386 13
stats: {recvpackets,"os_mon@test2"} 1 15419.0 0.0 17384 3514 13813.615384615385 13
stats: {sentpackets,"os_mon@test2"} 1 11854.0 0.0 13126 2421 9850.76923076923 13
stats: {cpu,"os_mon@test2"} 1 61.92660550458715 0.0 75.0 2.97079556898288 52.08513492726183 14
stats: {load,"os_mon@test3"} 1 1.05078125 0.0 1.55859375 1.05078125 1.2025669642857142 14
stats: {recvpackets,"os_mon@test4"} 1 15373.0 0.0 17418 3511 13812.153846153846 13
stats: {sentpackets,"os_mon@test4"} 1 11823.0 0.0 13157 2420 9849.461538461539 13
stats: {freemem,"os_mon@test3"} 1 1016.83203125 0.0 1488.53125 1016.83203125 1336.037109375 14
stats: {cpu,"os_mon@test4"} 1 44.98448810754912 0.0 71.05263157894737 1.870576339737108 47.423805197632014 14
stats: {load,"os_mon@myserver"} 1 5.26953125 0.0 5.6484375 3.19140625 4.508413461538462 13
stats: {recvpackets,"os_mon@myserver"} 1 17987.0 0.0 20235 3643 15306.5 12
stats: {sentpackets,"os_mon@myserver"} 1 13665.0 0.0 15392 2511 10942.75 12
stats: {cpu,"os_mon@myserver"} 1 61.51165323458942 0.0 76.53567340709652 2.0183955033214103 62.34068245925088 13
stats: session 2930 20293.55831819606 11884.785287659179 80318.82104492188 17.218017578125 10446.23693506983 36692
stats: users_count 2696 46210
stats: finish_users_count 2930 39622
stats: request 30455 2233.56666849176 4164.026605764546 67606.65209960938 1.0068359375 1100.0376257094017 394010
stats: page 2834 20289.143822604758 11948.264215136995 80317.21899414063 16.02294921875 10444.276100829888 36692
stats: connect 31167 383.04264663665316 698.3686719999445 15056.43310546875 0.318115234375 215.75319892247452 398535
stats: 200 30123 424133
stats: size_rcv 3825621 53864891
stats: newphase 6 79
stats: size_sent 4136229 57021325
stats: connected 712 5230
# stats: dump at 1338913704
stats: users 6977 7581
stats: {load,"os_mon@test2"} 1 1.87109375 0.0 2.140625 1.4609375 1.7315104166666666 15
stats: {freemem,"os_mon@test2"} 1 1139.67578125 0.0 1507.12890625 1139.67578125 1391.8674479166666 15
stats: {recvpackets,"os_mon@test3"} 1 17422.0 0.0 17422 3515 13932.142857142857 14
stats: {sentpackets,"os_mon@test3"} 1 13252.0 0.0 13252 2424 9996.785714285714 14
stats: {load,"os_mon@test4"} 1 1.05078125 0.0 1.80859375 0.828125 1.1328125 15
stats: {cpu,"os_mon@test3"} 1 74.7907949790795 0.0 81.83694530443756 2.745297407219115 55.67527139816613 15
stats: {freemem,"os_mon@test4"} 1 1048.94921875 0.0 1435.1953125 1048.94921875 1321.9893229166667 15
stats: {freemem,"os_mon@myserver"} 1 1026.7890625 0.0 1068.07421875 1017.94140625 1045.8858816964287 14
stats: {recvpackets,"os_mon@test2"} 1 17313.0 0.0 17384 3514 13928.285714285714 14
stats: {sentpackets,"os_mon@test2"} 1 13177.0 0.0 13177 2421 9993.857142857143 14
stats: {cpu,"os_mon@test2"} 1 65.95419847328245 0.0 75.0 2.97079556898288 52.741232965750186 15
stats: {load,"os_mon@test3"} 1 1.19140625 0.0 1.55859375 1.05078125 1.1924479166666666 15
stats: {recvpackets,"os_mon@test4"} 1 17256.0 0.0 17418 3511 13923.642857142857 14
stats: {sentpackets,"os_mon@test4"} 1 13140.0 0.0 13157 2420 9990.42857142857 14
stats: {freemem,"os_mon@test3"} 1 967.41015625 0.0 1488.53125 967.41015625 1314.7567708333333 15
stats: {cpu,"os_mon@test4"} 1 70.34376603386352 0.0 71.05263157894737 1.870576339737108 47.26118405829315 15
stats: {load,"os_mon@myserver"} 1 5.37109375 0.0 5.6484375 3.19140625 4.562779017857143 14
stats: {recvpackets,"os_mon@myserver"} 1 19619.0 0.0 20235 3643 15512.692307692309 13
stats: {sentpackets,"os_mon@myserver"} 1 15203.0 0.0 15392 2511 11152.153846153846 13
stats: {cpu,"os_mon@myserver"} 1 74.24688561721405 0.0 76.53567340709652 2.0183955033214103 62.281466086060775 14
stats: session 3039 20586.191174159805 13113.82023162324 85104.55712890625 17.218017578125 11174.43469521722 39622
stats: users_count 3428 49638
stats: finish_users_count 3039 42661
stats: request 30797 2253.9296355595634 4704.525129046678 67606.65209960938 1.0068359375 1181.3673631387226 424465
stats: page 3047 20569.40477978784 13055.606689471839 85102.59594726563 16.02294921875 11150.149579641555 39526
stats: connect 30741 258.27252443264734 398.4497522871982 15056.43310546875 0.318115234375 227.88698051275756 429702
stats: 200 30783 454916
stats: size_rcv 3909441 57774332
stats: newphase 3 82
stats: size_sent 4078495 61099820
stats: connected -56 5174
# stats: dump at 1338913714
stats: users 7625 7859
stats: {load,"os_mon@test2"} 1 1.890625 0.0 2.140625 1.4609375 1.740234375 16
stats: {freemem,"os_mon@test2"} 1 1104.8046875 0.0 1507.12890625 1104.8046875 1376.10546875 16
stats: {recvpackets,"os_mon@test3"} 1 16491.0 0.0 17422 3515 14164.8 15
stats: {sentpackets,"os_mon@test3"} 1 12936.0 0.0 13252 2424 10213.8 15
stats: {load,"os_mon@test4"} 1 1.5703125 0.0 1.80859375 0.828125 1.127685546875 16
stats: {cpu,"os_mon@test3"} 1 67.23963599595551 0.0 81.83694530443756 2.745297407219115 56.86999162197321 16
stats: {freemem,"os_mon@test4"} 1 980.5390625 0.0 1435.1953125 980.5390625 1304.92431640625 16
stats: {freemem,"os_mon@myserver"} 1 1021.15234375 0.0 1068.07421875 1017.94140625 1044.6127604166668 15
stats: {recvpackets,"os_mon@test2"} 1 16282.0 0.0 17384 3514 14153.933333333332 15
stats: {sentpackets,"os_mon@test2"} 1 12705.0 0.0 13177 2421 10206.066666666668 15
stats: {cpu,"os_mon@test2"} 1 59.190988223246286 0.0 75.0 2.97079556898288 53.56704330997095 16
stats: {load,"os_mon@test3"} 1 1.078125 0.0 1.55859375 1.05078125 1.1923828125 16
stats: {recvpackets,"os_mon@test4"} 1 16318.0 0.0 17418 3511 14145.8 15
stats: {sentpackets,"os_mon@test4"} 1 12725.0 0.0 13157 2420 10200.4 15
stats: {freemem,"os_mon@test3"} 1 922.2734375 0.0 1488.53125 922.2734375 1293.047607421875 16
stats: {cpu,"os_mon@test4"} 1 71.56614292954892 0.0 71.56614292954892 1.870576339737108 48.703845431766304 16
stats: {load,"os_mon@myserver"} 1 5.6796875 0.0 5.6796875 3.19140625 4.616666666666666 15
stats: {recvpackets,"os_mon@myserver"} 1 20233.0 0.0 20235 3643 15806.0 14
stats: {sentpackets,"os_mon@myserver"} 1 15678.0 0.0 15678 2511 11441.5 14
stats: {cpu,"os_mon@myserver"} 1 74.07584068685905 0.0 76.53567340709652 2.0183955033214103 63.07916072147099 15
stats: session 2868 22174.655771678445 13499.634849706961 95053.25390625 17.218017578125 11844.890801250986 42661
stats: users_count 3516 53154
stats: finish_users_count 2868 45529
stats: 200 31605 486521
stats: request 31606 2160.2627466649838 4591.276523802312 67606.65209960938 1.0068359375 1253.9227275305334 455262
stats: page 2888 22116.95329635494 13456.467306080287 95051.49584960938 16.02294921875 11824.29682307861 42573
stats: connect 32080 293.05412402831024 365.8809139194707 15056.43310546875 0.318115234375 229.9156398813251 460443
stats: size_rcv 4013835 61788167
stats: newphase 5 87
stats: size_sent 4258264 65358084
stats: connected 474 5648
# stats: dump at 1338913724
stats: users 7634 8062
stats: {load,"os_mon@test2"} 1 2.05859375 0.0 2.140625 1.4609375 1.7490808823529411 17
stats: {freemem,"os_mon@test2"} 1 1062.37890625 0.0 1507.12890625 1062.37890625 1360.1465992647059 17
stats: {recvpackets,"os_mon@test3"} 1 16681.0 0.0 17422 3515 14310.1875 16
stats: {sentpackets,"os_mon@test3"} 1 13029.0 0.0 13252 2424 10383.9375 16
stats: {load,"os_mon@test4"} 1 1.69921875 0.0 1.80859375 0.828125 1.1537224264705883 17
stats: {cpu,"os_mon@test3"} 1 64.4683026584867 0.0 81.83694530443756 2.745297407219115 57.4799707027957 17
stats: {freemem,"os_mon@test4"} 1 920.89453125 0.0 1435.1953125 920.89453125 1285.842830882353 17
stats: {freemem,"os_mon@myserver"} 0 0 0 1068.07421875 1017.94140625 1043.146484375 16
stats: {recvpackets,"os_mon@test2"} 1 16778.0 0.0 17384 3514 14286.9375 16
stats: {sentpackets,"os_mon@test2"} 1 13168.0 0.0 13177 2421 10362.25 16
stats: {cpu,"os_mon@test2"} 1 62.88232244686366 0.0 75.0 2.97079556898288 53.89786359898715 17
stats: {load,"os_mon@test3"} 1 1.0703125 0.0 1.55859375 1.05078125 1.1856617647058822 17
stats: {recvpackets,"os_mon@test4"} 1 16760.0 0.0 17418 3511 14281.5625 16
stats: {sentpackets,"os_mon@test4"} 1 13182.0 0.0 13182 2420 10358.1875 16
stats: {freemem,"os_mon@test3"} 1 882.4921875 0.0 1488.53125 882.4921875 1271.237362132353 17
stats: {cpu,"os_mon@test4"} 1 73.04747320061256 0.0 73.04747320061256 1.870576339737108 50.04868646104764 17
stats: {load,"os_mon@myserver"} 0 0 0 5.6796875 3.19140625 4.68310546875 16
stats: {recvpackets,"os_mon@myserver"} 0 0 0 20235 3643 16101.133333333333 15
stats: {sentpackets,"os_mon@myserver"} 0 0 0 15678 2511 11723.933333333332 15
stats: {cpu,"os_mon@myserver"} 0 0 0 76.53567340709652 2.0183955033214103 63.76645321930774 16
stats: session 3042 22463.95299971945 14278.949525577173 95053.25390625 17.218017578125 12495.591803583255 45529
stats: users_count 3051 56205
stats: finish_users_count 3042 48571
stats: request 32050 2302.597216324599 4745.9820049825 69090.88793945313 1.0068359375 1312.75958401887 486868
stats: page 3010 22547.034134428286 14232.257958108488 95051.49584960938 16.02294921875 12478.158196449676 45461
stats: connect 32473 263.6178982542356 368.3960833867934 15138.474853515625 0.318115234375 234.02810279460078 492523
stats: 200 32048 518569
stats: size_rcv 4070096 65858263
stats: newphase 6 93
stats: size_sent 4308043 69666127
stats: connected 423 6071
# stats: dump at 1338913734
stats: users 8689 8875
stats: {load,"os_mon@test2"} 1 1.98828125 0.0 2.140625 1.4609375 1.7662760416666667 18
stats: {freemem,"os_mon@test2"} 1 1021.0390625 0.0 1507.12890625 1021.0390625 1343.6039496527778 18
stats: {recvpackets,"os_mon@test3"} 1 20368.0 0.0 20368 3515 14449.64705882353 17
stats: {sentpackets,"os_mon@test3"} 1 15627.0 0.0 15627 2424 10539.529411764706 17
stats: {load,"os_mon@test4"} 1 1.96875 0.0 1.96875 0.828125 1.1840277777777777 18
stats: {cpu,"os_mon@test3"} 1 71.41388174807199 0.0 81.83694530443756 2.745297407219115 57.868211367000754 18
stats: {freemem,"os_mon@test4"} 1 859.6328125 0.0 1435.1953125 859.6328125 1265.5679253472222 18
stats: {freemem,"os_mon@myserver"} 1 1014.8203125 0.0 1068.07421875 1014.8203125 1043.146484375 16
stats: {recvpackets,"os_mon@test2"} 1 20494.0 0.0 20494 3514 14433.470588235294 17
stats: {sentpackets,"os_mon@test2"} 1 15701.0 0.0 15701 2421 10527.29411764706 17
stats: {cpu,"os_mon@test2"} 1 64.56410256410257 0.0 75.0 2.97079556898288 54.397000201646954 18
stats: {load,"os_mon@test3"} 1 1.12890625 0.0 1.55859375 1.05078125 1.1792534722222223 18
stats: {recvpackets,"os_mon@test4"} 1 20426.0 0.0 20426 3511 14427.35294117647 17
stats: {sentpackets,"os_mon@test4"} 1 15620.0 0.0 15620 2420 10524.29411764706 17
stats: {freemem,"os_mon@test3"} 1 821.5859375 0.0 1488.53125 821.5859375 1249.640407986111 18
stats: {cpu,"os_mon@test4"} 1 76.6359918200409 0.0 76.6359918200409 1.870576339737108 51.32639683546791 18
stats: {load,"os_mon@myserver"} 1 5.51953125 0.0 5.6796875 3.19140625 4.68310546875 16
stats: {recvpackets,"os_mon@myserver"} 1 19353.0 0.0 20235 3643 16101.133333333333 15
stats: {sentpackets,"os_mon@myserver"} 1 15249.0 0.0 15678 2511 11723.933333333332 15
stats: {cpu,"os_mon@myserver"} 1 75.95360249832702 0.0 76.53567340709652 2.0183955033214103 63.76645321930774 16
stats: session 2734 23063.335128371156 14500.171216795927 107820.79809570313 17.218017578125 13119.909910244562 48571
stats: users_count 3789 59994
stats: finish_users_count 2734 51305
stats: request 29661 2380.9491069396754 4799.125766638482 78895.97998046875 1.0068359375 1373.8950545853152 518918
stats: page 2834 22953.920816770133 14526.277090727619 107818.94311523438 16.02294921875 13103.425192660103 48471
stats: connect 29486 275.4424430734872 398.4719704444039 15138.474853515625 0.318115234375 235.85834422112734 524996
stats: 200 29661 548230
stats: size_rcv 3766947 69625210
stats: newphase 6 99
stats: size_sent 3913103 73579230
stats: connected -175 5896
# stats: dump at 1338913744
stats: users 9284 9493
stats: {load,"os_mon@test2"} 1 1.921875 0.0 2.140625 1.4609375 1.7779605263157894 19
stats: {freemem,"os_mon@test2"} 1 985.75390625 0.0 1507.12890625 985.75390625 1326.6268503289473 19
stats: {recvpackets,"os_mon@test3"} 1 17888.0 0.0 20368 3515 14778.444444444445 18
stats: {sentpackets,"os_mon@test3"} 1 14274.0 0.0 15627 2424 10822.166666666666 18
stats: {load,"os_mon@test4"} 1 2.359375 0.0 2.359375 0.828125 1.225328947368421 19
stats: {cpu,"os_mon@test3"} 1 78.98812596799173 0.0 81.83694530443756 2.745297407219115 58.58114138705714 19
stats: {freemem,"os_mon@test4"} 1 853.796875 0.0 1435.1953125 853.796875 1244.2029194078948 19
stats: {freemem,"os_mon@myserver"} 1 1010.9375 0.0 1068.07421875 1010.9375 1041.4802389705883 17
stats: {recvpackets,"os_mon@test2"} 1 17340.0 0.0 20494 3514 14770.166666666666 18
stats: {sentpackets,"os_mon@test2"} 1 13791.0 0.0 15701 2421 10814.722222222223 18
stats: {cpu,"os_mon@test2"} 1 57.06887622993268 0.0 75.0 2.97079556898288 54.932110852302515 19
stats: {load,"os_mon@test3"} 1 1.0390625 0.0 1.55859375 1.0390625 1.1766036184210527 19
stats: {recvpackets,"os_mon@test4"} 1 17433.0 0.0 20426 3511 14760.611111111111 18
stats: {sentpackets,"os_mon@test4"} 1 13849.0 0.0 15620 2420 10807.388888888889 18
stats: {freemem,"os_mon@test3"} 1 763.74609375 0.0 1488.53125 763.74609375 1227.1112253289473 19
stats: {cpu,"os_mon@test4"} 1 64.03508771929825 0.0 76.6359918200409 1.870576339737108 52.658480782024384 19
stats: {load,"os_mon@myserver"} 1 5.73828125 0.0 5.73828125 3.19140625 4.732306985294118 17
stats: {recvpackets,"os_mon@myserver"} 1 23361.0 0.0 23361 3643 16304.375 16
stats: {sentpackets,"os_mon@myserver"} 1 18312.0 0.0 18312 2511 11944.25 16
stats: {cpu,"os_mon@myserver"} 1 67.12810371346957 0.0 76.53567340709652 2.0183955033214103 64.4833443533677 17
stats: session 2880 24989.58248333404 14791.721782103243 115547.45385742188 17.218017578125 13649.786619071347 51305
stats: users_count 3475 63469
stats: finish_users_count 2880 54185
stats: 200 30164 578394
stats: request 30202 2702.59045827269 5381.841054048354 105781.15893554688 1.0068359375 1428.3452436134821 548579
stats: page 2822 25013.805989006563 14834.454277276376 115545.96704101563 16.02294921875 13647.549636646612 51305
stats: connect 32037 317.38207491137143 445.6250018893751 15138.474853515625 0.318115234375 237.96333002546487 554482
stats: size_rcv 3830828 73456038
stats: newphase 4 103
stats: size_sent 4250575 77829805
stats: connected 1834 7730
# stats: dump at 1338913744
stats: users 9243 9493
stats: {load,"os_mon@test2"} 0 0 0 2.140625 1.4609375 1.78515625 20
stats: {freemem,"os_mon@test2"} 0 0 0 1507.12890625 985.75390625 1309.583203125 20
stats: {recvpackets,"os_mon@test3"} 0 0 0 20368 3515 14942.105263157895 19
stats: {sentpackets,"os_mon@test3"} 0 0 0 15627 2424 11003.842105263158 19
stats: {load,"os_mon@test4"} 0 0 0 2.359375 0.828125 1.28203125 20
stats: {cpu,"os_mon@test3"} 0 0 0 81.83694530443756 2.745297407219115 59.60149061610387 20
stats: {freemem,"os_mon@test4"} 0 0 0 1435.1953125 853.796875 1224.6826171875 20
stats: {freemem,"os_mon@myserver"} 0 0 0 1068.07421875 1010.9375 1039.783420138889 18
stats: {recvpackets,"os_mon@test2"} 0 0 0 20494 3514 14905.421052631578 19
stats: {sentpackets,"os_mon@test2"} 0 0 0 15701 2421 10971.368421052632 19
stats: {cpu,"os_mon@test2"} 0 0 0 75.0 2.97079556898288 55.03894912118402 20
stats: {load,"os_mon@test3"} 0 0 0 1.55859375 1.0390625 1.1697265625 20
stats: {recvpackets,"os_mon@test4"} 0 0 0 20426 3511 14901.263157894737 19
stats: {sentpackets,"os_mon@test4"} 0 0 0 15620 2420 10967.473684210527 19
stats: {freemem,"os_mon@test3"} 0 0 0 1488.53125 763.74609375 1203.94296875 20
stats: {cpu,"os_mon@test4"} 0 0 0 76.6359918200409 1.870576339737108 53.227311128888076 20
stats: {load,"os_mon@myserver"} 0 0 0 5.73828125 3.19140625 4.788194444444445 18
stats: {recvpackets,"os_mon@myserver"} 0 0 0 23361 3643 16719.470588235294 17
stats: {sentpackets,"os_mon@myserver"} 0 0 0 18312 2511 12318.823529411764 17
stats: {cpu,"os_mon@myserver"} 0 0 0 76.53567340709652 2.0183955033214103 64.63027542892891 18
stats: session 44 26725.980490944603 17439.433877034324 115547.45385742188 17.218017578125 14252.510843286103 54185
stats: users_count 3 63472
stats: finish_users_count 44 54229
stats: 200 495 578889
stats: request 495 2103.765824258207 4807.184220140151 105781.15893554688 1.0068359375 1494.838017172285 578781
stats: connect 438 235.6928616179723 288.88800240267454 15138.474853515625 0.318115234375 242.30136226297088 586519
stats: page 30 24622.71095377604 15966.911321210606 115545.96704101563 16.02294921875 14240.148070447854 54127
stats: size_rcv 62865 73518903
stats: newphase 0 103
stats: size_sent 58010 77887815
stats: connected -57 7673
stats: error_abort 1 1
EndMonitor:{1338,913744,633093}
