# stats: dump at 1338904289
stats: users 0 0
# stats: dump at 1338904299
stats: users 2 9
stats: {load,"os_mon@test2"} 1 1.12890625 0 1.12890625 1.12890625 0 0
stats: {freemem,"os_mon@test2"} 1 1525.21875 0 1525.21875 1525.21875 0 0
stats: {cpu,"os_mon@test3"} 1 2.2704339051463167 0 2.2704339051463167 2.2704339051463167 0 0
stats: {load,"os_mon@test4"} 1 1.23828125 0 1.23828125 1.23828125 0 0
stats: {freemem,"os_mon@test4"} 1 1452.359375 0 1452.359375 1452.359375 0 0
stats: {freemem,"os_mon@myserver"} 1 1954.75 0 1954.75 1954.75 0 0
stats: {load,"os_mon@test3"} 1 1.140625 0 1.140625 1.140625 0 0
stats: {cpu,"os_mon@test2"} 1 2.308078273958856 0 2.308078273958856 2.308078273958856 0 0
stats: {freemem,"os_mon@test3"} 1 1505.3046875 0 1505.3046875 1505.3046875 0 0
stats: {cpu,"os_mon@test4"} 1 1.6508254127063533 0 1.6508254127063533 1.6508254127063533 0 0
stats: {load,"os_mon@myserver"} 1 3.03125 0 3.03125 3.03125 0 0
stats: {cpu,"os_mon@myserver"} 1 1.509813789632612 0 1.509813789632612 1.509813789632612 0 0
stats: session 601 18.72956855761231 5.7058086886679265 48.98193359375 10.298095703125 0 0
stats: users_count 603 603
stats: finish_users_count 601 601
stats: request 5938 1.5971051862080035 0.9288192865531697 7.899169921875 0.2978515625 0 0
stats: page 593 16.51748137449937 5.687321845039038 44.68994140625 9.12109375 0 0
stats: connect 594 1.116566462147516 0.27694733033464153 2.697998046875 0.5849609375 0 0
stats: 200 5938 5938
stats: size_rcv 848502 848502
stats: size_sent 787609 787609
stats: connected 1 1
# stats: dump at 1338904309
stats: users 226 230
stats: {load,"os_mon@test2"} 1 0.9609375 0.0 1.12890625 0.9609375 1.12890625 1
stats: {recvpackets,"os_mon@test3"} 1 6342 0 6342 6342 0 0
stats: {sentpackets,"os_mon@test3"} 1 3998 0 3998 3998 0 0
stats: {freemem,"os_mon@test2"} 1 1524.13671875 0.0 1525.21875 1524.13671875 1525.21875 1
stats: {cpu,"os_mon@test3"} 1 8.946830265848671 0.0 8.946830265848671 2.2704339051463167 2.2704339051463167 1
stats: {load,"os_mon@test4"} 1 1.05078125 0.0 1.23828125 1.05078125 1.23828125 1
stats: {freemem,"os_mon@test4"} 1 1451.390625 0.0 1452.359375 1451.390625 1452.359375 1
stats: {freemem,"os_mon@myserver"} 1 1954.2890625 0.0 1954.75 1954.2890625 1954.75 1
stats: {recvpackets,"os_mon@test2"} 1 6332 0 6332 6332 0 0
stats: {sentpackets,"os_mon@test2"} 1 3997 0 3997 3997 0 0
stats: {load,"os_mon@test3"} 1 0.96875 0.0 1.140625 0.96875 1.140625 1
stats: {cpu,"os_mon@test2"} 1 6.120384420839656 0.0 6.120384420839656 2.308078273958856 2.308078273958856 1
stats: {freemem,"os_mon@test3"} 1 1504.578125 0.0 1505.3046875 1504.578125 1505.3046875 1
stats: {recvpackets,"os_mon@test4"} 1 6349 0 6349 6349 0 0
stats: {sentpackets,"os_mon@test4"} 1 4014 0 4014 4014 0 0
stats: {cpu,"os_mon@test4"} 1 5.393145161290323 0.0 5.393145161290323 1.6508254127063533 1.6508254127063533 1
stats: {load,"os_mon@myserver"} 1 2.640625 0.0 3.03125 2.640625 3.03125 1
stats: {recvpackets,"os_mon@myserver"} 1 6471 0 6471 6471 0 0
stats: {sentpackets,"os_mon@myserver"} 1 4094 0 4094 4094 0 0
stats: {cpu,"os_mon@myserver"} 1 11.585825584317668 0.0 11.585825584317668 1.509813789632612 1.509813789632612 1
stats: session 1320 262.93637084960926 331.34259071502504 1054.64013671875 10.298095703125 18.72956855761231 601
stats: users_count 1544 2147
stats: finish_users_count 1320 1921
stats: 200 14046 19984
stats: request 14046 30.76358929546771 39.080696754915856 229.988037109375 0.2978515625 1.5971051862080035 5938
stats: page 1322 256.196314732354 327.9459927992204 1053.01611328125 9.12109375 16.51748137449937 593
stats: connect 1543 1.007981167470029 0.2691642366572187 4.017822265625 0.51904296875 1.116566462147516 594
stats: size_rcv 1885727 2734229
stats: newphase 6 6
stats: size_sent 1894617 2682226
stats: connected 221 222
# stats: dump at 1338904319
stats: users 1334 1366
stats: {load,"os_mon@test2"} 1 0.9609375 0.0 1.12890625 0.9609375 1.044921875 2
stats: {recvpackets,"os_mon@test3"} 1 8444.0 0.0 8444 6342 6342.0 1
stats: {sentpackets,"os_mon@test3"} 1 5635.0 0.0 5635 3998 3998.0 1
stats: {freemem,"os_mon@test2"} 1 1521.23828125 0.0 1525.21875 1521.23828125 1524.677734375 2
stats: {cpu,"os_mon@test3"} 1 18.205128205128204 0.0 18.205128205128204 2.2704339051463167 5.608632085497494 2
stats: {load,"os_mon@test4"} 1 0.890625 0.0 1.23828125 0.890625 1.14453125 2
stats: {freemem,"os_mon@test4"} 1 1447.87890625 0.0 1452.359375 1447.87890625 1451.875 2
stats: {freemem,"os_mon@myserver"} 1 1948.44140625 0.0 1954.75 1948.44140625 1954.51953125 2
stats: {recvpackets,"os_mon@test2"} 1 8452.0 0.0 8452 6332 6332.0 1
stats: {sentpackets,"os_mon@test2"} 1 5637.0 0.0 5637 3997 3997.0 1
stats: {load,"os_mon@test3"} 1 0.8203125 0.0 1.140625 0.8203125 1.0546875 2
stats: {cpu,"os_mon@test2"} 1 15.446744068652196 0.0 15.446744068652196 2.308078273958856 4.214231347399256 2
stats: {freemem,"os_mon@test3"} 1 1500.65234375 0.0 1505.3046875 1500.65234375 1504.94140625 2
stats: {recvpackets,"os_mon@test4"} 1 8457.0 0.0 8457 6349 6349.0 1
stats: {sentpackets,"os_mon@test4"} 1 5638.0 0.0 5638 4014 4014.0 1
stats: {cpu,"os_mon@test4"} 1 13.85390428211587 0.0 13.85390428211587 1.6508254127063533 3.521985286998338 2
stats: {load,"os_mon@myserver"} 1 2.390625 0.0 3.03125 2.390625 2.8359375 2
stats: {recvpackets,"os_mon@myserver"} 1 8679.0 0.0 8679 6471 6471.0 1
stats: {sentpackets,"os_mon@myserver"} 1 5841.0 0.0 5841 4094 4094.0 1
stats: {cpu,"os_mon@myserver"} 1 22.679377822378324 0.0 22.679377822378324 1.509813789632612 6.54781968697514 2
stats: session 1349 2822.8885649164285 1133.1073223402373 4881.56201171875 10.298095703125 186.53434681135303 1921
stats: users_count 2457 4604
stats: finish_users_count 1349 3270
stats: request 16304 365.82958653443393 236.28855818018903 2017.39697265625 0.2978515625 22.097126993587 19984
stats: page 1355 2813.0902408613947 1137.0581207523135 4879.906982421875 9.12109375 181.97722952023506 1915
stats: connect 2458 0.9567248326573943 0.24958090164332783 4.017822265625 0.51904296875 1.038163509556331 2137
stats: 200 16304 36288
stats: size_rcv 2051283 4785512
stats: newphase 6 12
stats: size_sent 2311973 4994199
stats: connected 1103 1325
# stats: dump at 1338904329
stats: users 3131 3131
stats: {load,"os_mon@test2"} 1 0.8984375 0.0 1.12890625 0.8984375 1.0169270833333333 3
stats: {recvpackets,"os_mon@test3"} 1 10061.0 0.0 10061 6342 7393.0 2
stats: {sentpackets,"os_mon@test3"} 1 6875.0 0.0 6875 3998 4816.5 2
stats: {freemem,"os_mon@test2"} 1 1509.19140625 0.0 1525.21875 1509.19140625 1523.53125 3
stats: {cpu,"os_mon@test3"} 1 25.49800796812749 0.0 25.49800796812749 2.2704339051463167 9.807464125374397 3
stats: {load,"os_mon@test4"} 1 0.75 0.0 1.23828125 0.75 1.0598958333333333 3
stats: {freemem,"os_mon@test4"} 1 1436.79296875 0.0 1452.359375 1436.79296875 1450.54296875 3
stats: {freemem,"os_mon@myserver"} 1 1919.953125 0.0 1954.75 1919.953125 1952.4934895833333 3
stats: {recvpackets,"os_mon@test2"} 1 10035.0 0.0 10035 6332 7392.0 2
stats: {sentpackets,"os_mon@test2"} 1 6862.0 0.0 6862 3997 4817.0 2
stats: {load,"os_mon@test3"} 1 0.76953125 0.0 1.140625 0.76953125 0.9765625 3
stats: {cpu,"os_mon@test2"} 1 23.207171314741036 0.0 23.207171314741036 2.308078273958856 7.958402254483569 3
stats: {freemem,"os_mon@test3"} 1 1488.359375 0.0 1505.3046875 1488.359375 1503.51171875 3
stats: {recvpackets,"os_mon@test4"} 1 10027.0 0.0 10027 6349 7403.0 2
stats: {sentpackets,"os_mon@test4"} 1 6859.0 0.0 6859 4014 4826.0 2
stats: {cpu,"os_mon@test4"} 1 19.851116625310176 0.0 19.851116625310176 1.6508254127063533 6.965958285370848 3
stats: {load,"os_mon@myserver"} 1 2.1796875 0.0 3.03125 2.1796875 2.6875 3
stats: {recvpackets,"os_mon@myserver"} 1 10057.0 0.0 10057 6471 7575.0 2
stats: {sentpackets,"os_mon@myserver"} 1 6811.0 0.0 6811 4094 4967.5 2
stats: {cpu,"os_mon@myserver"} 1 25.812093953023492 0.0 25.812093953023492 1.509813789632612 11.925005732109534 3
stats: session 1578 6897.223697792892 1341.9725290463487 9172.806884765625 10.298095703125 1274.131239846138 3270
stats: users_count 3375 7979
stats: finish_users_count 1578 4848
stats: request 15700 896.3674939664612 1219.0532204137075 6872.1640625 0.2978515625 176.53424175201866 36288
stats: page 1578 6895.507509567592 1341.957290280087 9170.777099609375 9.12109375 1272.239654709003 3270
stats: connect 3007 14.563072719643753 115.79682113815765 1004.698974609375 0.481201171875 0.9945995774959204 4595
stats: 200 15700 51988
stats: size_rcv 1929577 6715089
stats: newphase 6 18
stats: size_sent 2271795 7265994
stats: connected 1429 2754
# stats: dump at 1338904339
stats: users 4778 4803
stats: {load,"os_mon@test2"} 1 0.76171875 0.0 1.12890625 0.76171875 0.9873046875 4
stats: {recvpackets,"os_mon@test3"} 1 12760.0 0.0 12760 6342 8282.333333333334 3
stats: {sentpackets,"os_mon@test3"} 1 8483.0 0.0 8483 3998 5502.666666666667 3
stats: {freemem,"os_mon@test2"} 1 1498.578125 0.0 1525.21875 1498.578125 1519.9462890625 4
stats: {cpu,"os_mon@test3"} 1 26.19406737053796 0.0 26.19406737053796 2.2704339051463167 13.73010008606267 4
stats: {load,"os_mon@test4"} 1 0.71875 0.0 1.23828125 0.71875 0.982421875 4
stats: {freemem,"os_mon@test4"} 1 1424.9296875 0.0 1452.359375 1424.9296875 1447.10546875 4
stats: {freemem,"os_mon@myserver"} 1 1912.63671875 0.0 1954.75 1912.63671875 1944.3583984375 4
stats: {recvpackets,"os_mon@test2"} 1 12793.0 0.0 12793 6332 8273.0 3
stats: {sentpackets,"os_mon@test2"} 1 8.5e3 0.0 8500 3997 5498.666666666667 3
stats: {load,"os_mon@test3"} 1 0.6484375 0.0 1.140625 0.6484375 0.9248046875 4
stats: {cpu,"os_mon@test2"} 1 26.87531048186786 0.0 26.87531048186786 2.308078273958856 11.770594519547934 4
stats: {freemem,"os_mon@test3"} 1 1474.4296875 0.0 1505.3046875 1474.4296875 1499.7236328125 4
stats: {recvpackets,"os_mon@test4"} 1 12781.0 0.0 12781 6349 8277.666666666666 3
stats: {sentpackets,"os_mon@test4"} 1 8487.0 0.0 8487 4014 5503.666666666667 3
stats: {cpu,"os_mon@test4"} 1 23.69597615499255 0.0 23.69597615499255 1.6508254127063533 10.18724787035568 4
stats: {load,"os_mon@myserver"} 1 2.0703125 0.0 3.03125 2.0703125 2.560546875 4
stats: {recvpackets,"os_mon@myserver"} 1 12788.0 0.0 12788 6471 8402.333333333334 3
stats: {sentpackets,"os_mon@myserver"} 1 8502.0 0.0 8502 4094 5582.0 3
stats: {cpu,"os_mon@myserver"} 1 25.7386079118678 0.0 25.812093953023492 1.509813789632612 15.396777787338024 4
stats: session 1509 11734.28859379529 1452.5656539113231 14341.76708984375 10.298095703125 3104.4199978164306 4848
stats: users_count 3156 11135
stats: finish_users_count 1509 6357
stats: 200 15097 67085
stats: request 15096 1430.6114816509034 2703.16834936349 11978.390869140625 0.2978515625 393.9186777712298 51988
stats: page 1458 11645.794143739544 1400.2662426904396 14340.6259765625 9.12109375 3102.585503505796 4848
stats: connect 1556 1488.347979312692 2069.433158630113 7018.208984375 0.471923828125 6.361660711202647 7602
stats: size_rcv 1879143 8594232
stats: newphase 6 24
stats: size_sent 2013766 9279760
stats: connected 98 2852
# stats: dump at 1338904349
stats: users 6792 6792
stats: {load,"os_mon@test2"} 1 0.640625 0.0 1.12890625 0.640625 0.9421875 5
stats: {recvpackets,"os_mon@test3"} 1 11635.0 0.0 12760 6342 9401.75 4
stats: {sentpackets,"os_mon@test3"} 1 8030.0 0.0 8483 3998 6247.75 4
stats: {freemem,"os_mon@test2"} 1 1456.5390625 0.0 1525.21875 1456.5390625 1515.67265625 5
stats: {cpu,"os_mon@test3"} 1 26.616161616161616 0.0 26.616161616161616 2.2704339051463167 16.222893542957728 5
stats: {load,"os_mon@test4"} 1 0.6796875 0.0 1.23828125 0.6796875 0.9296875 5
stats: {freemem,"os_mon@test4"} 1 1382.7265625 0.0 1452.359375 1382.7265625 1442.6703125 5
stats: {freemem,"os_mon@myserver"} 1 1912.3671875 0.0 1954.75 1912.3671875 1938.0140625 5
stats: {recvpackets,"os_mon@test2"} 1 11607.0 0.0 12793 6332 9403.0 4
stats: {sentpackets,"os_mon@test2"} 1 8016.0 0.0 8500 3997 6249.0 4
stats: {load,"os_mon@test3"} 1 0.62890625 0.0 1.140625 0.62890625 0.86953125 5
stats: {cpu,"os_mon@test2"} 1 29.529170931422723 0.0 29.529170931422723 2.308078273958856 14.79153771201192 5
stats: {freemem,"os_mon@test3"} 1 1448.546875 0.0 1505.3046875 1448.546875 1494.66484375 5
stats: {recvpackets,"os_mon@test4"} 1 11611.0 0.0 12781 6349 9403.5 4
stats: {sentpackets,"os_mon@test4"} 1 8018.0 0.0 8487 4014 6249.5 4
stats: {cpu,"os_mon@test4"} 1 26.97768762677485 0.0 26.97768762677485 1.6508254127063533 12.888993527283054 5
stats: {load,"os_mon@myserver"} 1 1.91015625 0.0 3.03125 1.91015625 2.4625 5
stats: {recvpackets,"os_mon@myserver"} 1 11479.0 0.0 12788 6471 9498.75 4
stats: {sentpackets,"os_mon@myserver"} 1 7944.0 0.0 8502 4094 6312.0 4
stats: {cpu,"os_mon@myserver"} 1 25.58838257386079 0.0 25.812093953023492 1.509813789632612 17.46514381224398 5
stats: session 1603 16830.190204889303 1542.2933837476771 21272.47802734375 10.298095703125 5152.944728244635 6357
stats: users_count 3617 14752
stats: finish_users_count 1603 7960
stats: request 15526 1813.8612601788675 3939.5091446327456 20913.43603515625 0.2978515625 627.2070113137668 67084
stats: page 1588 16664.15499301402 1554.3318088788214 20772.033935546875 9.12109375 5077.846873226824 6306
stats: connect 1638 2577.816556788477 3884.8138403204216 15045.515869140625 0.4189453125 258.1601660337531 9158
stats: 200 15526 82611
stats: size_rcv 1914782 10509014
stats: newphase 6 30
stats: size_sent 2065440 11345200
stats: connected 50 2902
# stats: dump at 1338904359
stats: users 8482 8482
stats: {load,"os_mon@test2"} 1 0.69921875 0.0 1.12890625 0.640625 0.8919270833333334 6
stats: {recvpackets,"os_mon@test3"} 1 14791.0 0.0 14791 6342 9848.4 5
stats: {sentpackets,"os_mon@test3"} 1 10577.0 0.0 10577 3998 6604.2 5
stats: {freemem,"os_mon@test2"} 1 1433.80859375 0.0 1525.21875 1433.80859375 1505.8170572916667 6
stats: {cpu,"os_mon@test3"} 1 32.294911734164074 0.0 32.294911734164074 2.2704339051463167 17.95510488849171 6
stats: {load,"os_mon@test4"} 1 0.66015625 0.0 1.23828125 0.66015625 0.8880208333333334 6
stats: {freemem,"os_mon@test4"} 1 1345.796875 0.0 1452.359375 1345.796875 1432.6796875 6
stats: {freemem,"os_mon@myserver"} 1 1913.25390625 0.0 1954.75 1912.3671875 1933.7395833333333 6
stats: {recvpackets,"os_mon@test2"} 1 14792.0 0.0 14792 6332 9843.8 5
stats: {sentpackets,"os_mon@test2"} 1 10581.0 0.0 10581 3997 6602.4 5
stats: {load,"os_mon@test3"} 1 0.53125 0.0 1.140625 0.53125 0.8294270833333334 6
stats: {cpu,"os_mon@test2"} 1 26.74772036474164 0.0 29.529170931422723 2.308078273958856 17.247809915247053 6
stats: {freemem,"os_mon@test3"} 1 1398.265625 0.0 1505.3046875 1398.265625 1486.978515625 6
stats: {recvpackets,"os_mon@test4"} 1 14797.0 0.0 14797 6349 9845.0 5
stats: {sentpackets,"os_mon@test4"} 1 10586.0 0.0 10586 4014 6603.2 5
stats: {cpu,"os_mon@test4"} 1 28.03410230692076 0.0 28.03410230692076 1.6508254127063533 15.237109210531687 6
stats: {load,"os_mon@myserver"} 1 1.76953125 0.0 3.03125 1.76953125 2.3704427083333335 6
stats: {recvpackets,"os_mon@myserver"} 1 15082.0 0.0 15082 6471 9894.8 5
stats: {sentpackets,"os_mon@myserver"} 1 10771.0 0.0 10771 4094 6638.4 5
stats: {cpu,"os_mon@myserver"} 1 25.92778335005015 0.0 25.92778335005015 1.509813789632612 18.819016939180116 6
stats: session 1501 20047.42326453589 2369.5181783371904 26828.03515625 10.298095703125 7504.530720589033 7960
stats: users_count 3191 17943
stats: finish_users_count 1501 9461
stats: request 15570 2110.516896601042 4793.832603822501 29087.11083984375 0.2978515625 850.2307840758967 82610
stats: page 1548 19986.66659727267 2329.6011468079637 26824.14990234375 9.12109375 7408.611668542516 7894
stats: connect 1457 4532.7995486498285 4928.337881775711 15049.0029296875 0.4189453125 610.1050685954647 10796
stats: 200 15569 98180
stats: size_rcv 1908106 12417120
stats: newphase 6 36
stats: size_sent 2054005 13399205
stats: connected -91 2811
# stats: dump at 1338904369
stats: users 9658 9733
stats: {load,"os_mon@test2"} 1 0.8203125 0.0 1.12890625 0.640625 0.8643973214285714 7
stats: {recvpackets,"os_mon@test3"} 1 14021.0 0.0 14791 6342 10672.166666666666 6
stats: {sentpackets,"os_mon@test3"} 1 10323.0 0.0 10577 3998 7266.333333333333 6
stats: {freemem,"os_mon@test2"} 1 1380.30859375 0.0 1525.21875 1380.30859375 1495.5301339285713 7
stats: {cpu,"os_mon@test3"} 1 23.11635058944131 0.0 32.294911734164074 2.2704339051463167 20.003648723587762 7
stats: {load,"os_mon@test4"} 1 0.69921875 0.0 1.23828125 0.66015625 0.85546875 7
stats: {freemem,"os_mon@test4"} 1 1301.56640625 0.0 1452.359375 1301.56640625 1420.267857142857 7
stats: {freemem,"os_mon@myserver"} 1 1913.14453125 0.0 1954.75 1912.3671875 1930.8130580357142 7
stats: {recvpackets,"os_mon@test2"} 1 14013.0 0.0 14792 6332 10668.5 6
stats: {sentpackets,"os_mon@test2"} 1 10313.0 0.0 10581 3997 7265.5 6
stats: {load,"os_mon@test3"} 1 0.53125 0.0 1.140625 0.53125 0.7868303571428571 7
stats: {cpu,"os_mon@test2"} 1 33.538777606574214 0.0 33.538777606574214 2.308078273958856 18.604939979460564 7
stats: {freemem,"os_mon@test3"} 1 1366.82421875 0.0 1505.3046875 1366.82421875 1474.3052455357142 7
stats: {recvpackets,"os_mon@test4"} 1 14001.0 0.0 14797 6349 10670.333333333334 6
stats: {sentpackets,"os_mon@test4"} 1 10303.0 0.0 10586 4014 7267.0 6
stats: {cpu,"os_mon@test4"} 1 29.040404040404038 0.0 29.040404040404038 1.6508254127063533 17.065251081444412 7
stats: {load,"os_mon@myserver"} 1 1.73046875 0.0 3.03125 1.73046875 2.2845982142857144 7
stats: {recvpackets,"os_mon@myserver"} 1 13870.0 0.0 15082 6471 10759.333333333334 6
stats: {sentpackets,"os_mon@myserver"} 1 10205.0 0.0 10771 4094 7327.166666666667 6
stats: {cpu,"os_mon@myserver"} 1 25.79514149762084 0.0 25.92778335005015 1.509813789632612 19.834554997875834 7
stats: session 1584 21235.41843283298 4283.493335411643 33917.358154296875 10.298095703125 9494.476995661884 9461
stats: users_count 2760 20703
stats: finish_users_count 1584 11045
stats: request 15292 2212.149678431107 5232.744553239225 35766.26708984375 0.2978515625 1050.0948579403955 98180
stats: page 1579 21229.052019888724 4287.839385615499 33916.205078125 9.12109375 9470.762593100266 9442
stats: connect 1649 6430.900302533028 8485.837372817006 31092.903076171875 0.4189453125 1076.5513150199492 12253
stats: 200 15290 113470
stats: size_rcv 1849653 14266773
stats: newphase 6 42
stats: size_sent 2039656 15438861
stats: connected 68 2879
# stats: dump at 1338904379
stats: users 11754 11754
stats: {load,"os_mon@test2"} 1 0.69140625 0.0 1.12890625 0.640625 0.85888671875 8
stats: {recvpackets,"os_mon@test3"} 1 11426.0 0.0 14791 6342 11150.57142857143 7
stats: {sentpackets,"os_mon@test3"} 1 8488.0 0.0 10577 3998 7703.0 7
stats: {freemem,"os_mon@test2"} 1 1334.390625 0.0 1525.21875 1334.390625 1481.12744140625 8
stats: {cpu,"os_mon@test3"} 1 21.31565527791943 0.0 32.294911734164074 2.2704339051463167 20.392736456819456 8
stats: {load,"os_mon@test4"} 1 0.8203125 0.0 1.23828125 0.66015625 0.8359375 8
stats: {freemem,"os_mon@test4"} 1 1252.05859375 0.0 1452.359375 1252.05859375 1405.43017578125 8
stats: {freemem,"os_mon@myserver"} 1 1912.625 0.0 1954.75 1912.3671875 1928.6044921875 8
stats: {recvpackets,"os_mon@test2"} 1 11428.0 0.0 14792 6332 11146.285714285714 7
stats: {sentpackets,"os_mon@test2"} 1 8490.0 0.0 10581 3997 7700.857142857143 7
stats: {load,"os_mon@test3"} 1 0.44921875 0.0 1.140625 0.44921875 0.7548828125 8
stats: {cpu,"os_mon@test2"} 1 30.035158211953792 0.0 33.538777606574214 2.308078273958856 20.47166968284977 8
stats: {freemem,"os_mon@test3"} 1 1344.5078125 0.0 1505.3046875 1344.5078125 1460.8701171875 8
stats: {recvpackets,"os_mon@test4"} 1 11415.0 0.0 14797 6349 11146.142857142857 7
stats: {sentpackets,"os_mon@test4"} 1 8482.0 0.0 10586 4014 7700.714285714285 7
stats: {cpu,"os_mon@test4"} 1 28.1855249745158 0.0 29.040404040404038 1.6508254127063533 18.562145201314365 8
stats: {load,"os_mon@myserver"} 1 1.609375 0.0 3.03125 1.609375 2.21533203125 8
stats: {recvpackets,"os_mon@myserver"} 1 11314.0 0.0 15082 6471 11203.714285714286 7
stats: {sentpackets,"os_mon@myserver"} 1 8536.0 0.0 10771 4094 7738.285714285715 7
stats: {cpu,"os_mon@myserver"} 1 25.796737766624844 0.0 25.92778335005015 1.509813789632612 20.57962831034396 8
stats: session 1463 22989.266567686504 5131.92109853079 48967.998046875 10.298095703125 11178.28426016881 11045
stats: users_count 3559 24262
stats: finish_users_count 1463 12508
stats: 200 15140 128610
stats: request 15140 2361.5361038994206 5924.37416286127 45238.673828125 0.2978515625 1206.6986219962328 113472
stats: page 1447 22905.035630696053 4982.681569579996 40477.277099609375 9.12109375 11155.3954762233 11021
stats: connect 1433 6317.807152758097 8747.761723833812 31092.903076171875 0.4189453125 1711.6629162578333 13902
stats: size_rcv 1842720 16109493
stats: newphase 4 46
stats: size_sent 2007930 17446791
stats: connected -14 2865
# stats: dump at 1338904389
stats: users 13476 13504
stats: {load,"os_mon@test2"} 1 0.66015625 0.0 1.12890625 0.640625 0.8402777777777778 9
stats: {recvpackets,"os_mon@test3"} 1 16660.0 0.0 16660 6342 11185.0 8
stats: {sentpackets,"os_mon@test3"} 1 11986.0 0.0 11986 3998 7801.125 8
stats: {freemem,"os_mon@test2"} 1 1314.43359375 0.0 1525.21875 1314.43359375 1464.8233506944443 9
stats: {cpu,"os_mon@test3"} 1 38.376963350785346 0.0 38.376963350785346 2.2704339051463167 20.49528299249723 9
stats: {load,"os_mon@test4"} 1 0.76171875 0.0 1.23828125 0.66015625 0.8342013888888888 9
stats: {freemem,"os_mon@test4"} 1 1230.6796875 0.0 1452.359375 1230.6796875 1388.388888888889 9
stats: {freemem,"os_mon@myserver"} 1 1910.78125 0.0 1954.75 1910.78125 1926.8289930555557 9
stats: {recvpackets,"os_mon@test2"} 1 16646.0 0.0 16646 6332 11181.5 8
stats: {sentpackets,"os_mon@test2"} 1 11974.0 0.0 11974 3997 7799.5 8
stats: {load,"os_mon@test3"} 1 0.5390625 0.0 1.140625 0.44921875 0.7209201388888888 9
stats: {cpu,"os_mon@test2"} 1 26.605968639352557 0.0 33.538777606574214 2.308078273958856 21.534279519416884 9
stats: {freemem,"os_mon@test3"} 1 1269.52734375 0.0 1505.3046875 1269.52734375 1447.9409722222222 9
stats: {recvpackets,"os_mon@test4"} 1 16646.0 0.0 16646 6349 11179.75 8
stats: {sentpackets,"os_mon@test4"} 1 11976.0 0.0 11976 4014 7798.375 8
stats: {cpu,"os_mon@test4"} 1 24.411027568922307 0.0 29.040404040404038 1.6508254127063533 19.63140962055897 9
stats: {load,"os_mon@myserver"} 1 1.51953125 0.0 3.03125 1.51953125 2.1480034722222223 9
stats: {recvpackets,"os_mon@myserver"} 1 17071.0 0.0 17071 6471 11217.5 8
stats: {sentpackets,"os_mon@myserver"} 1 12180.0 0.0 12180 4094 7838.0 8
stats: {cpu,"os_mon@myserver"} 1 25.63330825181841 0.0 25.92778335005015 1.509813789632612 21.159307138819614 9
stats: session 1559 25675.858171679567 8514.200847428423 50269.06396484375 10.298095703125 12559.75748657578 12508
stats: users_count 3281 27543
stats: finish_users_count 1559 14067
stats: request 15342 2608.781064913354 6799.993626352268 46665.06298828125 0.2978515625 1342.6442528550504 128612
stats: page 1578 25676.536378964433 8554.339370030408 50267.9150390625 9.12109375 12519.024711346983 12468
stats: connect 1604 8247.207890612815 10559.681973416364 31098.26708984375 0.4189453125 2142.0903496393057 15335
stats: 200 15342 143952
stats: size_rcv 1887022 17996515
stats: newphase 4 50
stats: size_sent 2040312 19487103
stats: connected 26 2891
# stats: dump at 1338904399
stats: users 15108 15186
stats: {load,"os_mon@test2"} 1 0.62890625 0.0 1.12890625 0.62890625 0.822265625 10
stats: {recvpackets,"os_mon@test3"} 1 13797.0 0.0 16660 6342 11793.333333333334 9
stats: {sentpackets,"os_mon@test3"} 1 10534.0 0.0 11986 3998 8266.111111111111 9
stats: {freemem,"os_mon@test2"} 1 1258.046875 0.0 1525.21875 1258.046875 1449.784375 10
stats: {cpu,"os_mon@test3"} 1 23.21152856407617 0.0 38.376963350785346 2.2704339051463167 22.283451028326045 10
stats: {load,"os_mon@test4"} 1 0.73046875 0.0 1.23828125 0.66015625 0.826953125 10
stats: {freemem,"os_mon@test4"} 1 1184.18359375 0.0 1452.359375 1184.18359375 1372.61796875 10
stats: {freemem,"os_mon@myserver"} 1 1910.3515625 0.0 1954.75 1910.3515625 1925.22421875 10
stats: {recvpackets,"os_mon@test2"} 1 13809.0 0.0 16646 6332 11788.666666666666 9
stats: {sentpackets,"os_mon@test2"} 1 10548.0 0.0 11974 3997 8263.333333333334 9
stats: {load,"os_mon@test3"} 1 0.4609375 0.0 1.140625 0.44921875 0.702734375 10
stats: {cpu,"os_mon@test2"} 1 36.789994788952576 0.0 36.789994788952576 2.308078273958856 22.04144843141045 10
stats: {freemem,"os_mon@test3"} 1 1235.46484375 0.0 1505.3046875 1235.46484375 1430.099609375 10
stats: {recvpackets,"os_mon@test4"} 1 13782.0 0.0 16646 6349 11787.111111111111 9
stats: {sentpackets,"os_mon@test4"} 1 10523.0 0.0 11976 4014 8262.555555555555 9
stats: {cpu,"os_mon@test4"} 1 27.912867274569404 0.0 29.040404040404038 1.6508254127063533 20.109371415395305 10
stats: {load,"os_mon@myserver"} 1 1.44140625 0.0 3.03125 1.44140625 2.08515625 10
stats: {recvpackets,"os_mon@myserver"} 1 13458.0 0.0 17071 6471 11867.888888888889 9
stats: {sentpackets,"os_mon@myserver"} 1 10292.0 0.0 12180 4094 8320.444444444445 9
stats: {cpu,"os_mon@myserver"} 1 25.501504513540624 0.0 25.92778335005015 1.509813789632612 21.60670725011949 10
stats: session 1525 24722.78196977456 9035.857831159165 51283.423828125 10.298095703125 14013.372398644933 14067
stats: users_count 3157 30700
stats: finish_users_count 1525 15592
stats: request 15426 2536.8098919874774 6938.758361339762 51292.68505859375 0.2978515625 1477.5836846915988 143954
stats: page 1476 24779.847117023415 8991.548806571122 51281.662109375 9.12109375 13997.207354911012 14046
stats: connect 1538 6500.212341070485 9048.159488114434 31104.756103515625 0.4189453125 2720.2005412516505 16939
stats: 200 15426 159378
stats: size_rcv 1900949 19897464
stats: newphase 5 55
stats: size_sent 2056341 21543444
stats: connected 62 2953
stats: error_connect_etimedout 1111 1111
# stats: dump at 1338904409
stats: users 16092 16092
stats: {load,"os_mon@test2"} 1 0.69140625 0.0 1.12890625 0.62890625 0.8046875 11
stats: {recvpackets,"os_mon@test3"} 1 14351.0 0.0 16660 6342 11993.7 10
stats: {sentpackets,"os_mon@test3"} 1 11014.0 0.0 11986 3998 8492.9 10
stats: {freemem,"os_mon@test2"} 1 1225.69921875 0.0 1525.21875 1225.69921875 1432.3536931818182 11
stats: {cpu,"os_mon@test3"} 1 29.04392764857881 0.0 38.376963350785346 2.2704339051463167 22.367821713394235 11
stats: {load,"os_mon@test4"} 1 0.83984375 0.0 1.23828125 0.66015625 0.8181818181818182 11
stats: {freemem,"os_mon@test4"} 1 1131.81640625 0.0 1452.359375 1131.81640625 1355.4875710227273 11
stats: {freemem,"os_mon@myserver"} 1 1910.390625 0.0 1954.75 1910.3515625 1923.872159090909 11
stats: {recvpackets,"os_mon@test2"} 1 14294.0 0.0 16646 6332 11990.7 10
stats: {sentpackets,"os_mon@test2"} 1 10972.0 0.0 11974 3997 8491.8 10
stats: {load,"os_mon@test3"} 1 0.390625 0.0 1.140625 0.390625 0.6807528409090909 11
stats: {cpu,"os_mon@test2"} 1 32.965299684542586 0.0 36.789994788952576 2.308078273958856 23.38222537300519 11
stats: {freemem,"os_mon@test3"} 1 1196.828125 0.0 1505.3046875 1196.828125 1412.4055397727273 11
stats: {recvpackets,"os_mon@test4"} 1 14317.0 0.0 16646 6349 11986.6 10
stats: {sentpackets,"os_mon@test4"} 1 10992.0 0.0 11976 4014 8488.6 10
stats: {cpu,"os_mon@test4"} 1 27.081192189105856 0.0 29.040404040404038 1.6508254127063533 20.818780129865676 11
stats: {load,"os_mon@myserver"} 1 1.37109375 0.0 3.03125 1.37109375 2.026633522727273 11
stats: {recvpackets,"os_mon@myserver"} 1 14316.0 0.0 17071 6471 12026.9 10
stats: {sentpackets,"os_mon@myserver"} 1 10981.0 0.0 12180 4094 8517.6 10
stats: {cpu,"os_mon@myserver"} 1 25.650650650650654 0.0 25.92778335005015 1.509813789632612 21.96077972861232 11
stats: session 1524 27613.007408642705 10614.297723506523 62918.0361328125 10.298095703125 15060.822988432816 15592
stats: users_count 2508 33208
stats: finish_users_count 1524 17116
stats: request 14879 2767.585725716761 7107.918153416368 58085.026123046875 0.2978515625 1580.1035960590616 159380
stats: page 1568 27424.10828057115 10637.478534983838 62916.7080078125 9.12109375 15022.537614470213 15522
stats: 200 14879 174257
stats: connect 1696 8324.227619962869 10681.933639491035 31104.756103515625 0.4189453125 3034.843510787905 18477
stats: size_rcv 1848387 21745851
stats: newphase 6 61
stats: size_sent 1949235 23492679
stats: connected 95 3048
stats: error_connect_etimedout 1206 2317
# stats: dump at 1338904419
stats: users 17169 17221
stats: {load,"os_mon@test2"} 1 0.58984375 0.0 1.12890625 0.58984375 0.7952473958333334 12
stats: {recvpackets,"os_mon@test3"} 1 14240.0 0.0 16660 6342 12208.0 11
stats: {sentpackets,"os_mon@test3"} 1 10719.0 0.0 11986 3998 8722.09090909091 11
stats: {freemem,"os_mon@test2"} 1 1209.99609375 0.0 1525.21875 1209.99609375 1415.1324869791667 12
stats: {cpu,"os_mon@test3"} 1 27.68831168831169 0.0 38.376963350785346 2.2704339051463167 22.924163874659616 12
stats: {load,"os_mon@test4"} 1 0.78125 0.0 1.23828125 0.66015625 0.8199869791666666 12
stats: {freemem,"os_mon@test4"} 1 1090.3046875 0.0 1452.359375 1090.3046875 1336.8483072916667 12
stats: {freemem,"os_mon@myserver"} 1 1910.6953125 0.0 1954.75 1910.3515625 1922.7486979166667 12
stats: {recvpackets,"os_mon@test2"} 1 14273.0 0.0 16646 6332 12200.09090909091 11
stats: {sentpackets,"os_mon@test2"} 1 10741.0 0.0 11974 3997 8717.272727272728 11
stats: {load,"os_mon@test3"} 1 0.328125 0.0 1.140625 0.328125 0.6565755208333334 12
stats: {cpu,"os_mon@test2"} 1 26.714801444043324 0.0 36.789994788952576 2.308078273958856 24.18081489896664 12
stats: {freemem,"os_mon@test3"} 1 1148.3359375 0.0 1505.3046875 1148.3359375 1394.4407552083333 12
stats: {recvpackets,"os_mon@test4"} 1 14247.0 0.0 16646 6349 12198.454545454546 11
stats: {sentpackets,"os_mon@test4"} 1 10720.0 0.0 11976 4014 8716.181818181818 11
stats: {cpu,"os_mon@test4"} 1 27.655207798871217 0.0 29.040404040404038 1.6508254127063533 21.34064780146902 12
stats: {load,"os_mon@myserver"} 1 1.3203125 0.0 3.03125 1.3203125 1.9720052083333337 12
stats: {recvpackets,"os_mon@myserver"} 1 14509.0 0.0 17071 6471 12235.0 11
stats: {sentpackets,"os_mon@myserver"} 1 10898.0 0.0 12180 4094 8741.545454545454 11
stats: {cpu,"os_mon@myserver"} 1 25.513784461152884 0.0 25.92778335005015 1.509813789632612 22.268268972115518 12
stats: session 1658 25190.8538093889 12272.744805070379 90370.65698242188 10.298095703125 16178.463152980601 17116
stats: users_count 2735 35943
stats: finish_users_count 1658 18774
stats: error_unknown 127 127
stats: request 15657 2478.350024836626 6651.559541022127 69009.92016601563 0.2978515625 1681.4960441230176 174259
stats: page 1466 24300.66885621619 9055.649125506887 73575.88598632813 9.12109375 16160.376280616863 17090
stats: connect 1732 6450.766457784532 8901.886410661284 31104.756103515625 0.4189453125 3479.536687269377 20173
stats: 200 15620 189877
stats: size_rcv 1912380 23658231
stats: newphase 5 66
stats: size_sent 2115508 25608187
stats: connected -19 3029
stats: error_connect_etimedout 1189 3506
# stats: dump at 1338904429
stats: users 19373 19419
stats: {load,"os_mon@test2"} 1 0.578125 0.0 1.12890625 0.578125 0.7794471153846154 13
stats: {recvpackets,"os_mon@test3"} 1 14856.0 0.0 16660 6342 12377.333333333334 12
stats: {sentpackets,"os_mon@test3"} 1 10932.0 0.0 11986 3998 8888.500000000002 12
stats: {freemem,"os_mon@test2"} 1 1157.02734375 0.0 1525.21875 1157.02734375 1399.352764423077 13
stats: {cpu,"os_mon@test3"} 1 30.14055179593961 0.0 38.376963350785346 2.2704339051463167 23.290636783402082 13
stats: {load,"os_mon@test4"} 1 0.66015625 0.0 1.23828125 0.66015625 0.8170072115384616 13
stats: {freemem,"os_mon@test4"} 1 1078.48046875 0.0 1452.359375 1078.48046875 1317.8834134615386 13
stats: {freemem,"os_mon@myserver"} 1 1909.94140625 0.0 1954.75 1909.94140625 1921.821514423077 13
stats: {recvpackets,"os_mon@test2"} 1 14826.0 0.0 16646 6332 12372.833333333334 12
stats: {sentpackets,"os_mon@test2"} 1 10910.0 0.0 11974 3997 8885.916666666666 12
stats: {load,"os_mon@test3"} 1 0.3515625 0.0 1.140625 0.328125 0.6313100961538461 13
stats: {cpu,"os_mon@test2"} 1 35.69567483064096 0.0 36.789994788952576 2.308078273958856 24.375736940895614 13
stats: {freemem,"os_mon@test3"} 1 1104.265625 0.0 1505.3046875 1104.265625 1375.5096153846155 13
stats: {recvpackets,"os_mon@test4"} 1 14826.0 0.0 16646 6349 12369.166666666666 12
stats: {sentpackets,"os_mon@test4"} 1 10907.0 0.0 11976 4014 8883.166666666666 12
stats: {cpu,"os_mon@test4"} 1 20.861096873398257 0.0 29.040404040404038 1.6508254127063533 21.826383185884577 13
stats: {load,"os_mon@myserver"} 1 1.26953125 0.0 3.03125 1.26953125 1.9218750000000002 13
stats: {recvpackets,"os_mon@myserver"} 1 14989.0 0.0 17071 6471 12424.5 12
stats: {sentpackets,"os_mon@myserver"} 1 11035.0 0.0 12180 4094 8921.25 12
stats: {cpu,"os_mon@myserver"} 1 25.576152304609217 0.0 25.92778335005015 1.509813789632612 22.51792400973378 13
stats: session 1450 41010.158209859896 27799.047648626045 98681.96704101563 10.298095703125 16974.380043804344 18774
stats: users_count 3654 39597
stats: finish_users_count 1450 20224
stats: request 15119 2668.333951368623 7253.895109502715 78121.22607421875 0.2978515625 1747.190049767792 189916
stats: page 1483 25914.768547114694 10864.1448517681 73575.88598632813 9.12109375 16803.492734369214 18556
stats: connect 1460 7453.6232540600895 9833.242869803085 31104.756103515625 0.4189453125 3714.467979783974 21905
stats: error_unknown 0 127
stats: 200 15116 204993
stats: size_rcv 1780196 25438427
stats: newphase 6 72
stats: size_sent 2004564 27612751
stats: connected -26 3003
stats: error_connect_etimedout 1981 5487
# stats: dump at 1338904439
stats: users 21452 21452
stats: {load,"os_mon@test2"} 1 0.640625 0.0 1.12890625 0.578125 0.7650669642857143 14
stats: {recvpackets,"os_mon@test3"} 1 16109.0 0.0 16660 6342 12568.0 13
stats: {sentpackets,"os_mon@test3"} 1 12237.0 0.0 12237 3998 9045.69230769231 13
stats: {freemem,"os_mon@test2"} 1 1102.921875 0.0 1525.21875 1102.921875 1382.0438058035713 14
stats: {cpu,"os_mon@test3"} 1 28.174807197943448 0.0 38.376963350785346 2.2704339051463167 23.779916427154763 14
stats: {load,"os_mon@test4"} 1 0.55859375 0.0 1.23828125 0.55859375 0.8058035714285714 14
stats: {freemem,"os_mon@test4"} 1 1024.453125 0.0 1452.359375 1024.453125 1300.783203125 14
stats: {freemem,"os_mon@myserver"} 1 1909.82421875 0.0 1954.75 1909.82421875 1920.972935267857 14
stats: {recvpackets,"os_mon@test2"} 1 16104.0 0.0 16646 6332 12561.538461538461 13
stats: {sentpackets,"os_mon@test2"} 1 12231.0 0.0 12231 3997 9041.615384615385 13
stats: {load,"os_mon@test3"} 1 0.30078125 0.0 1.140625 0.30078125 0.611328125 14
stats: {cpu,"os_mon@test2"} 1 33.52127114300359 0.0 36.789994788952576 2.308078273958856 25.18430393302028 14
stats: {freemem,"os_mon@test3"} 1 1069.4375 0.0 1505.3046875 1069.4375 1356.135044642857 14
stats: {recvpackets,"os_mon@test4"} 1 16111.0 0.0 16646 6349 12558.153846153846 13
stats: {sentpackets,"os_mon@test4"} 1 12242.0 0.0 12242 4014 9038.846153846154 13
stats: {cpu,"os_mon@test4"} 1 31.766528925619834 0.0 31.766528925619834 1.6508254127063533 21.757434163564124 14
stats: {load,"os_mon@myserver"} 1 1.23046875 0.0 3.03125 1.23046875 1.875279017857143 14
stats: {recvpackets,"os_mon@myserver"} 1 15790.0 0.0 17071 6471 12621.76923076923 13
stats: {sentpackets,"os_mon@myserver"} 1 12020.0 0.0 12180 4094 9083.846153846154 13
stats: {cpu,"os_mon@myserver"} 1 25.545249435948858 0.0 25.92778335005015 1.509813789632612 22.736368887939165 14
stats: session 1520 42995.90706385561 30583.473682901767 108696.77001953125 10.298095703125 18697.67307885085 20224
stats: users_count 3599 43196
stats: finish_users_count 1520 21744
stats: page 1498 26066.140292525422 10251.44827795374 73575.88598632813 9.12109375 17477.77897770978 20039
stats: connect 1551 6194.6277285194055 8635.007729163744 31105.27099609375 0.4189453125 3948.1151743246605 23365
stats: error_unknown 0 127
stats: request 15098 2473.4908490764064 6404.41288008039 78121.22607421875 0.2978515625 1815.1139390954822 205035
stats: 200 15086 220079
stats: size_rcv 1794906 27233333
stats: newphase 5 77
stats: size_sent 1995765 29608516
stats: connected 36 3039
stats: error_connect_etimedout 1427 6914
# stats: dump at 1338904449
stats: users 24399 24399
stats: {load,"os_mon@test2"} 1 0.5390625 0.0 1.12890625 0.5390625 0.7567708333333333 15
stats: {recvpackets,"os_mon@test3"} 1 19626.0 0.0 19626 6342 12820.92857142857 14
stats: {sentpackets,"os_mon@test3"} 1 14472.0 0.0 14472 3998 9273.642857142859 14
stats: {freemem,"os_mon@test2"} 1 1056.47265625 0.0 1525.21875 1056.47265625 1363.4356770833333 15
stats: {cpu,"os_mon@test3"} 1 37.413884472708006 0.0 38.376963350785346 2.2704339051463167 24.07290914520734 15
stats: {load,"os_mon@test4"} 1 0.46875 0.0 1.23828125 0.46875 0.7893229166666667 15
stats: {freemem,"os_mon@test4"} 1 971.01171875 0.0 1452.359375 971.01171875 1282.3611979166667 15
stats: {freemem,"os_mon@myserver"} 1 1910.03515625 0.0 1954.75 1909.82421875 1920.2296875 15
stats: {recvpackets,"os_mon@test2"} 1 19577.0 0.0 19577 6332 12814.57142857143 14
stats: {sentpackets,"os_mon@test2"} 1 14439.0 0.0 14439 3997 9269.42857142857 14
stats: {load,"os_mon@test3"} 1 0.3203125 0.0 1.140625 0.30078125 0.590625 15
stats: {cpu,"os_mon@test2"} 1 34.76482617586912 0.0 36.789994788952576 2.308078273958856 25.74010174701917 15
stats: {freemem,"os_mon@test3"} 1 1003.171875 0.0 1505.3046875 1003.171875 1337.021875 15
stats: {recvpackets,"os_mon@test4"} 1 19575.0 0.0 19575 6349 12811.92857142857 14
stats: {sentpackets,"os_mon@test4"} 1 14433.0 0.0 14433 4014 9267.642857142857 14
stats: {cpu,"os_mon@test4"} 1 27.62003097573567 0.0 31.766528925619834 1.6508254127063533 22.42470714770117 15
stats: {load,"os_mon@myserver"} 1 1.19140625 0.0 3.03125 1.19140625 1.8322916666666669 15
stats: {recvpackets,"os_mon@myserver"} 1 20176.0 0.0 20176 6471 12848.07142857143 14
stats: {sentpackets,"os_mon@myserver"} 1 15047.0 0.0 15047 4094 9293.57142857143 14
stats: {cpu,"os_mon@myserver"} 1 25.726452905811627 0.0 25.92778335005015 1.509813789632612 22.92362759113981 15
stats: session 1441 45202.97983306957 32294.26467225079 119559.041015625 10.298095703125 20396.2251234244 21744
stats: users_count 4388 47584
stats: finish_users_count 1441 23185
stats: error_unknown 0 127
stats: 200 15389 235468
stats: size_rcv 1826780 29060113
stats: request 15400 2735.6792868081625 7395.537506628021 117567.9951171875 0.2978515625 1860.2692524146664 220133
stats: page 1509 26204.41440646487 10210.116848527685 95137.30297851563 9.12109375 18075.140042370305 21537
stats: connect 1714 7200.3414302367455 9433.905266990429 31105.27099609375 0.4189453125 4087.9586873908042 24916
stats: newphase 5 82
stats: size_sent 2073762 31682278
stats: connected 102 3141
stats: error_connect_etimedout 1863 8777
# stats: dump at 1338904459
stats: users 25944 26015
stats: {load,"os_mon@test2"} 1 0.4609375 0.0 1.12890625 0.4609375 0.7431640625 16
stats: {recvpackets,"os_mon@test3"} 1 18327.0 0.0 19626 6342 13274.6 15
stats: {sentpackets,"os_mon@test3"} 1 14321.0 0.0 14472 3998 9620.200000000003 15
stats: {freemem,"os_mon@test2"} 1 1041.98828125 0.0 1525.21875 1041.98828125 1344.25048828125 16
stats: {cpu,"os_mon@test3"} 1 38.09774040987914 0.0 38.376963350785346 2.2704339051463167 24.90672010317613 16
stats: {load,"os_mon@test4"} 1 0.3984375 0.0 1.23828125 0.3984375 0.769287109375 16
stats: {freemem,"os_mon@test4"} 1 903.1015625 0.0 1452.359375 903.1015625 1262.90185546875 16
stats: {freemem,"os_mon@myserver"} 1 1909.07421875 0.0 1954.75 1909.07421875 1919.592529296875 16
stats: {recvpackets,"os_mon@test2"} 1 18325.0 0.0 19577 6332 13265.4 15
stats: {sentpackets,"os_mon@test2"} 1 14295.0 0.0 14439 3997 9614.066666666668 15
stats: {load,"os_mon@test3"} 1 0.5 0.0 1.140625 0.30078125 0.57373046875 16
stats: {cpu,"os_mon@test2"} 1 24.93599590373784 0.0 36.789994788952576 2.308078273958856 26.304147023822292 16
stats: {freemem,"os_mon@test3"} 1 931.4609375 0.0 1505.3046875 931.4609375 1316.15625 16
stats: {recvpackets,"os_mon@test4"} 1 18291.0 0.0 19575 6349 13262.8 15
stats: {sentpackets,"os_mon@test4"} 1 14270.0 0.0 14433 4014 9612.0 15
stats: {cpu,"os_mon@test4"} 1 35.79109062980031 0.0 35.79109062980031 1.6508254127063533 22.74941488695333 16
stats: {load,"os_mon@myserver"} 1 1.23828125 0.0 3.03125 1.19140625 1.7922363281250002 16
stats: {recvpackets,"os_mon@myserver"} 1 17720.0 0.0 20176 6471 13336.6 15
stats: {sentpackets,"os_mon@myserver"} 1 13673.0 0.0 15047 4094 9677.133333333333 15
stats: {cpu,"os_mon@myserver"} 1 25.526579739217652 0.0 25.92778335005015 1.509813789632612 23.0988041733068 16
stats: session 1551 49893.40831205173 36109.500236144326 122761.97094726563 10.298095703125 21938.020833435123 23185
stats: users_count 3096 50680
stats: finish_users_count 1551 24736
stats: error_unknown 0 127
stats: request 15144 2429.476099400187 6579.888415553862 117567.9951171875 0.2978515625 1917.5067288178025 235533
stats: page 1458 25644.399860648977 9760.53875789582 95137.30297851563 9.12109375 18607.426556968006 23046
stats: connect 1493 8258.421156804672 10492.853367478927 31105.27099609375 0.4189453125 4288.2825334755935 26630
stats: 200 15136 250604
stats: size_rcv 1828323 30888436
stats: newphase 6 88
stats: size_sent 2002758 33685036
stats: connected -62 3079
stats: error_connect_etimedout 1974 10751
# stats: dump at 1338904469
stats: users 28560 28560
stats: {load,"os_mon@test2"} 1 0.69140625 0.0 1.12890625 0.4609375 0.7265625 17
stats: {recvpackets,"os_mon@test3"} 1 18785.0 0.0 19626 6342 13590.375 16
stats: {sentpackets,"os_mon@test3"} 1 14413.0 0.0 14472 3998 9914.000000000002 16
stats: {freemem,"os_mon@test2"} 1 990.13671875 0.0 1525.21875 990.13671875 1326.4703584558824 17
stats: {cpu,"os_mon@test3"} 1 38.125 0.0 38.376963350785346 2.2704339051463167 25.68266247415866 17
stats: {load,"os_mon@test4"} 1 0.421875 0.0 1.23828125 0.3984375 0.7474724264705882 17
stats: {freemem,"os_mon@test4"} 1 861.23828125 0.0 1452.359375 861.23828125 1241.7371323529412 17
stats: {freemem,"os_mon@myserver"} 1 1908.80078125 0.0 1954.75 1908.80078125 1918.9738051470588 17
stats: {recvpackets,"os_mon@test2"} 1 18824.0 0.0 19577 6332 13581.625 16
stats: {sentpackets,"os_mon@test2"} 1 14463.0 0.0 14463 3997 9906.625 16
stats: {load,"os_mon@test3"} 1 0.578125 0.0 1.140625 0.30078125 0.5693933823529411 17
stats: {cpu,"os_mon@test2"} 1 35.552115583075334 0.0 36.789994788952576 2.308078273958856 26.223667546170265 17
stats: {freemem,"os_mon@test3"} 1 864.06640625 0.0 1505.3046875 864.06640625 1293.5271139705883 17
stats: {recvpackets,"os_mon@test4"} 1 18862.0 0.0 19575 6349 13577.0625 16
stats: {sentpackets,"os_mon@test4"} 1 14496.0 0.0 14496 4014 9903.125 16
stats: {cpu,"os_mon@test4"} 1 28.39442436757873 0.0 35.79109062980031 1.6508254127063533 23.516572283591387 17
stats: {load,"os_mon@myserver"} 1 1.19921875 0.0 3.03125 1.19140625 1.7596507352941178 17
stats: {recvpackets,"os_mon@myserver"} 1 19067.0 0.0 20176 6471 13610.5625 16
stats: {sentpackets,"os_mon@myserver"} 1 14625.0 0.0 15047 4094 9926.875 16
stats: {cpu,"os_mon@myserver"} 1 25.60761713856176 0.0 25.92778335005015 1.509813789632612 23.24161450071332 17
stats: session 1487 43152.484713217746 33194.5303631967 136464.5771484375 10.298095703125 23690.88330025815 24736
stats: users_count 4103 54783
stats: finish_users_count 1487 26223
stats: error_unknown 0 127
stats: request 15191 2860.6956938582302 7729.4703113232345 123649.4111328125 0.2978515625 1948.4360288656715 250677
stats: page 1536 24645.800812244426 9763.690535138217 136463.21508789063 9.12109375 19026.129914655197 24504
stats: connect 1709 7596.73774625489 9593.921740634003 31105.27099609375 0.4189453125 4499.050124580039 28123
stats: 200 15184 265788
stats: size_rcv 1796935 32685371
stats: newphase 6 94
stats: size_sent 2033376 35718412
stats: connected 166 3245
stats: error_connect_etimedout 1426 12177
# stats: dump at 1338904479
stats: users 30382 30457
stats: {load,"os_mon@test2"} 1 0.890625 0.0 1.12890625 0.4609375 0.724609375 18
stats: {recvpackets,"os_mon@test3"} 1 19656.0 0.0 19656 6342 13895.941176470587 17
stats: {sentpackets,"os_mon@test3"} 1 14710.0 0.0 14710 3998 10178.647058823532 17
stats: {freemem,"os_mon@test2"} 1 917.828125 0.0 1525.21875 917.828125 1307.78515625 18
stats: {cpu,"os_mon@test3"} 1 30.86548488008342 0.0 38.376963350785346 2.2704339051463167 26.373903447816513 18
stats: {load,"os_mon@test4"} 1 0.4296875 0.0 1.23828125 0.3984375 0.7293836805555556 18
stats: {freemem,"os_mon@test4"} 1 817.1015625 0.0 1452.359375 817.1015625 1220.5983072916667 18
stats: {freemem,"os_mon@myserver"} 1 1908.7265625 0.0 1954.75 1908.7265625 1918.4086371527778 18
stats: {recvpackets,"os_mon@test2"} 1 19672.0 0.0 19672 6332 13890.0 17
stats: {sentpackets,"os_mon@test2"} 1 14723.0 0.0 14723 3997 10174.64705882353 17
stats: {load,"os_mon@test3"} 1 0.5703125 0.0 1.140625 0.30078125 0.5698784722222222 18
stats: {cpu,"os_mon@test2"} 1 38.09024134312697 0.0 38.09024134312697 2.308078273958856 26.741914659331655 18
stats: {freemem,"os_mon@test3"} 1 825.96484375 0.0 1505.3046875 825.96484375 1269.668185763889 18
stats: {recvpackets,"os_mon@test4"} 1 19670.0 0.0 19670 6349 13887.941176470587 17
stats: {sentpackets,"os_mon@test4"} 1 14718.0 0.0 14718 4014 10173.29411764706 17
stats: {cpu,"os_mon@test4"} 1 30.44592516658124 0.0 35.79109062980031 1.6508254127063533 23.787564066035127 18
stats: {load,"os_mon@myserver"} 1 1.328125 0.0 3.03125 1.19140625 1.728515625 18
stats: {recvpackets,"os_mon@myserver"} 1 19409.0 0.0 20176 6471 13931.529411764706 17
stats: {sentpackets,"os_mon@myserver"} 1 14673.0 0.0 15047 4094 10203.235294117647 17
stats: {cpu,"os_mon@myserver"} 1 25.513784461152884 0.0 25.92778335005015 1.509813789632612 23.3730590917049 18
stats: session 1562 56658.014407579154 36380.02189044263 138027.7578125 10.298095703125 24794.47180275866 26223
stats: users_count 3384 58167
stats: finish_users_count 1562 27785
stats: error_unknown 0 127
stats: request 15484 2731.541473743425 7603.0566666777795 123649.4111328125 0.2978515625 2000.5601527576102 265868
stats: page 1595 27769.873935424406 11023.296157569903 136463.21508789063 9.12109375 19357.61280631023 26040
stats: connect 1785 10376.509369939391 11232.828570205731 31108.10498046875 0.4189453125 4676.508831520315 29832
stats: 200 15459 281247
stats: size_rcv 1830861 34516232
stats: newphase 5 99
stats: size_sent 2067280 37785692
stats: connected 55 3300
stats: error_connect_etimedout 2476 14653
# stats: dump at 1338904489
stats: users 31807 31885
stats: {load,"os_mon@test2"} 1 0.75 0.0 1.12890625 0.4609375 0.7333470394736842 19
stats: {recvpackets,"os_mon@test3"} 1 19252.0 0.0 19656 6342 14215.944444444445 18
stats: {sentpackets,"os_mon@test3"} 1 15219.0 0.0 15219 3998 10430.38888888889 18
stats: {freemem,"os_mon@test2"} 1 888.71484375 0.0 1525.21875 888.71484375 1287.2611019736842 19
stats: {cpu,"os_mon@test3"} 1 40.965732087227416 0.0 40.965732087227416 2.2704339051463167 26.610302470567404 19
stats: {load,"os_mon@test4"} 1 0.37109375 0.0 1.23828125 0.37109375 0.713610197368421 19
stats: {freemem,"os_mon@test4"} 1 765.42578125 0.0 1452.359375 765.42578125 1199.361636513158 19
stats: {freemem,"os_mon@myserver"} 1 1908.62890625 0.0 1954.75 1908.62890625 1917.8990542763158 19
stats: {recvpackets,"os_mon@test2"} 1 19236.0 0.0 19672 6332 14211.222222222223 18
stats: {sentpackets,"os_mon@test2"} 1 15203.0 0.0 15203 3997 10427.333333333334 18
stats: {load,"os_mon@test3"} 1 0.62890625 0.0 1.140625 0.30078125 0.5699013157894737 19
stats: {cpu,"os_mon@test2"} 1 22.433264887063658 0.0 38.09024134312697 2.308078273958856 27.33919501111036 19
stats: {freemem,"os_mon@test3"} 1 761.93359375 0.0 1505.3046875 761.93359375 1246.3153782894738 19
stats: {recvpackets,"os_mon@test4"} 1 19235.0 0.0 19670 6349 14209.166666666666 18
stats: {sentpackets,"os_mon@test4"} 1 15205.0 0.0 15205 4014 10425.777777777777 18
stats: {cpu,"os_mon@test4"} 1 30.72943610967408 0.0 35.79109062980031 1.6508254127063533 24.138004123958606 19
stats: {load,"os_mon@myserver"} 1 1.28125 0.0 3.03125 1.19140625 1.7074424342105263 19
stats: {recvpackets,"os_mon@myserver"} 1 19346.0 0.0 20176 6471 14235.833333333334 18
stats: {sentpackets,"os_mon@myserver"} 1 15275.0 0.0 15275 4094 10451.555555555555 18
stats: {cpu,"os_mon@myserver"} 1 25.564475664826897 0.0 25.92778335005015 1.509813789632612 23.485728847991638 19
stats: session 1503 53064.122863972574 35593.69342729971 138426.81982421875 10.298095703125 26585.75679641458 27785
stats: users_count 2928 61095
stats: finish_users_count 1503 29288
stats: request 15290 2908.829783926763 8008.019066907294 123660.43408203125 0.2978515625 2040.7891711194645 281352
stats: page 1476 27906.507167743788 12432.327058760551 136463.21508789063 9.12109375 19843.1404524451 27635
stats: connect 1751 10526.342036275022 11821.095893764563 31108.10498046875 0.4189453125 4998.313587223831 31617
stats: error_unknown 0 127
stats: 200 15234 296481
stats: size_rcv 1836681 36352913
stats: newphase 5 104
stats: size_sent 2036441 39822133
stats: connected 114 3414
stats: error_connect_etimedout 3354 18007
# stats: dump at 1338904489
stats: users 31770 31885
stats: {load,"os_mon@test2"} 0 0 0 1.12890625 0.4609375 0.7341796875 20
stats: {recvpackets,"os_mon@test3"} 0 0 0 19656 6342 14481.0 19
stats: {sentpackets,"os_mon@test3"} 0 0 0 15219 3998 10682.42105263158 19
stats: {freemem,"os_mon@test2"} 0 0 0 1525.21875 888.71484375 1267.3337890625 20
stats: {cpu,"os_mon@test3"} 0 0 0 40.965732087227416 2.2704339051463167 27.328073951400405 20
stats: {load,"os_mon@test4"} 0 0 0 1.23828125 0.37109375 0.696484375 20
stats: {freemem,"os_mon@test4"} 0 0 0 1452.359375 765.42578125 1177.66484375 20
stats: {freemem,"os_mon@myserver"} 0 0 0 1954.75 1908.62890625 1917.435546875 20
stats: {recvpackets,"os_mon@test2"} 0 0 0 19672 6332 14475.684210526315 19
stats: {sentpackets,"os_mon@test2"} 0 0 0 15203 3997 10678.684210526315 19
stats: {load,"os_mon@test3"} 0 0 0 1.140625 0.30078125 0.5728515625 20
stats: {cpu,"os_mon@test2"} 0 0 0 38.09024134312697 2.308078273958856 27.09389850490802 20
stats: {freemem,"os_mon@test3"} 0 0 0 1505.3046875 761.93359375 1222.0962890625 20
stats: {recvpackets,"os_mon@test4"} 0 0 0 19670 6349 14473.684210526315 19
stats: {sentpackets,"os_mon@test4"} 0 0 0 15205 4014 10677.315789473685 19
stats: {cpu,"os_mon@test4"} 0 0 0 35.79109062980031 1.6508254127063533 24.467575723244376 20
stats: {load,"os_mon@myserver"} 0 0 0 3.03125 1.19140625 1.6861328125 20
stats: {recvpackets,"os_mon@myserver"} 0 0 0 20176 6471 14504.78947368421 19
stats: {sentpackets,"os_mon@myserver"} 0 0 0 15275 4094 10705.421052631578 19
stats: {cpu,"os_mon@myserver"} 0 0 0 25.92778335005015 1.509813789632612 23.589666188833398 20
stats: session 40 35081.516772460935 30104.632159969144 138426.81982421875 10.298095703125 27944.572154224592 29288
stats: users_count 3 61098
stats: finish_users_count 40 29328
stats: request 213 2944.0182761608726 8787.46971203384 123660.43408203125 0.2978515625 2085.5311192246672 296642
stats: page 40 31859.544006347656 10174.508043862414 136463.21508789063 9.12109375 20251.973171066267 29111
stats: connect 0 0 0 31108.10498046875 0.4189453125 5288.399232581319 33368
stats: error_unknown 0 127
stats: 200 212 296693
stats: size_rcv 27533 36380446
stats: newphase 0 104
stats: size_sent 22919 39845052
stats: connected -40 3374
stats: error_connect_etimedout 55 18062
stats: error_abort 1 1
EndMonitor:{1338,904489,247610}
