# stats: dump at 1338995540
stats: users 0 0
# stats: dump at 1338995550
stats: users 0 8
stats: {load,"os_mon@test2"} 1 0.91015625 0 0.91015625 0.91015625 0 0
stats: {freemem,"os_mon@test2"} 1 1428.78515625 0 1428.78515625 1428.78515625 0 0
stats: {load,"os_mon@test4"} 1 0.69921875 0 0.69921875 0.69921875 0 0
stats: {cpu,"os_mon@test3"} 1 2.6117528879959817 0 2.6117528879959817 2.6117528879959817 0 0
stats: {freemem,"os_mon@test4"} 1 1580.4921875 0 1580.4921875 1580.4921875 0 0
stats: {freemem,"os_mon@myserver"} 1 1190.3125 0 1190.3125 1190.3125 0 0
stats: {load,"os_mon@test3"} 1 0.98828125 0 0.98828125 0.98828125 0 0
stats: {cpu,"os_mon@test2"} 1 3.217697335344394 0 3.217697335344394 3.217697335344394 0 0
stats: {freemem,"os_mon@test3"} 1 1413.26953125 0 1413.26953125 1413.26953125 0 0
stats: {cpu,"os_mon@test4"} 1 2.6052104208416833 0 2.6052104208416833 2.6052104208416833 0 0
stats: {load,"os_mon@myserver"} 1 2.3203125 0 2.3203125 2.3203125 0 0
stats: {cpu,"os_mon@myserver"} 1 2.6401810409856674 0 2.6401810409856674 2.6401810409856674 0 0
stats: session 855 15.58728241502193 4.8733851086521955 66.126953125 10.886962890625 0 0
stats: users_count 855 855
stats: finish_users_count 855 855
stats: request 8342 1.2447443330810992 0.923127261137919 33.196044921875 0.260009765625 0 0
stats: page 833 12.987423680409673 3.6201877553482866 54.403076171875 9.098876953125 0 0
stats: connect 835 1.2118544161676632 0.8846565179070145 19.66796875 0.3740234375 0 0
stats: 200 8342 8342
stats: size_rcv 1230111 1230111
stats: size_sent 1105493 1105493
stats: connected 2 2
# stats: dump at 1338995560
stats: users 3 12
stats: {load,"os_mon@test2"} 1 0.76953125 0.0 0.91015625 0.76953125 0.91015625 1
stats: {recvpackets,"os_mon@test3"} 1 4675 0 4675 4675 0 0
stats: {sentpackets,"os_mon@test3"} 1 3165 0 3165 3165 0 0
stats: {freemem,"os_mon@test2"} 1 1428.66796875 0.0 1428.78515625 1428.66796875 1428.78515625 1
stats: {load,"os_mon@test4"} 1 0.671875 0.0 0.69921875 0.671875 0.69921875 1
stats: {cpu,"os_mon@test3"} 1 8.45360824742268 0.0 8.45360824742268 2.6117528879959817 2.6117528879959817 1
stats: {freemem,"os_mon@test4"} 1 1580.0078125 0.0 1580.4921875 1580.0078125 1580.4921875 1
stats: {freemem,"os_mon@myserver"} 1 1192.19921875 0.0 1192.19921875 1190.3125 1190.3125 1
stats: {recvpackets,"os_mon@test2"} 1 4779 0 4779 4779 0 0
stats: {sentpackets,"os_mon@test2"} 1 3236 0 3236 3236 0 0
stats: {load,"os_mon@test3"} 1 0.91015625 0.0 0.98828125 0.91015625 0.98828125 1
stats: {cpu,"os_mon@test2"} 1 11.725550435227856 0.0 11.725550435227856 3.217697335344394 3.217697335344394 1
stats: {recvpackets,"os_mon@test4"} 1 4666 0 4666 4666 0 0
stats: {sentpackets,"os_mon@test4"} 1 3159 0 3159 3159 0 0
stats: {freemem,"os_mon@test3"} 1 1413.15625 0.0 1413.26953125 1413.15625 1413.26953125 1
stats: {cpu,"os_mon@test4"} 1 7.653061224489796 0.0 7.653061224489796 2.6052104208416833 2.6052104208416833 1
stats: {load,"os_mon@myserver"} 1 1.96875 0.0 2.3203125 1.96875 2.3203125 1
stats: {recvpackets,"os_mon@myserver"} 1 4779 0 4779 4779 0 0
stats: {sentpackets,"os_mon@myserver"} 1 3233 0 3233 3233 0 0
stats: {cpu,"os_mon@myserver"} 1 18.075 0.0 18.075 2.6401810409856674 2.6401810409856674 1
stats: session 1871 16.065505891735697 5.371255859976396 68.08984375 10.05078125 15.58728241502193 855
stats: users_count 1874 2729
stats: finish_users_count 1871 2726
stats: request 18465 1.348539849990696 1.0703732768808687 35.403076171875 0.260009765625 1.2447443330810992 8342
stats: page 1846 14.13990805182658 5.493511024808828 66.536865234375 8.7880859375 12.987423680409673 833
stats: connect 1849 1.1802242396650207 0.9548895506182192 20.85107421875 0.3740234375 1.2118544161676632 835
stats: 200 18466 26808
stats: size_rcv 2696254 3926365
stats: newphase 6 6
stats: size_sent 2454407 3559900
stats: connected 3 5
# stats: dump at 1338995570
stats: users 4 15
stats: {load,"os_mon@test2"} 1 0.73046875 0.0 0.91015625 0.73046875 0.83984375 2
stats: {recvpackets,"os_mon@test3"} 1 8608.0 0.0 8608 4675 4675.0 1
stats: {sentpackets,"os_mon@test3"} 1 5725.0 0.0 5725 3165 3165.0 1
stats: {freemem,"os_mon@test2"} 1 1428.65234375 0.0 1428.78515625 1428.65234375 1428.7265625 2
stats: {load,"os_mon@test4"} 1 0.6484375 0.0 0.69921875 0.6484375 0.685546875 2
stats: {cpu,"os_mon@test3"} 1 17.141377524598653 0.0 17.141377524598653 2.6117528879959817 5.532680567709331 2
stats: {freemem,"os_mon@test4"} 1 1579.64453125 0.0 1580.4921875 1579.64453125 1580.25 2
stats: {freemem,"os_mon@myserver"} 1 1192.5390625 0.0 1192.5390625 1190.3125 1191.255859375 2
stats: {recvpackets,"os_mon@test2"} 1 8834.0 0.0 8834 4779 4779.0 1
stats: {sentpackets,"os_mon@test2"} 1 5869.0 0.0 5869 3236 3236.0 1
stats: {load,"os_mon@test3"} 1 0.76953125 0.0 0.98828125 0.76953125 0.94921875 2
stats: {cpu,"os_mon@test2"} 1 23.713991769547324 0.0 23.713991769547324 3.217697335344394 7.4716238852861245 2
stats: {recvpackets,"os_mon@test4"} 1 8619.0 0.0 8619 4666 4666.0 1
stats: {sentpackets,"os_mon@test4"} 1 5732.0 0.0 5732 3159 3159.0 1
stats: {freemem,"os_mon@test3"} 1 1412.953125 0.0 1413.26953125 1412.953125 1413.212890625 2
stats: {cpu,"os_mon@test4"} 1 15.993788819875776 0.0 15.993788819875776 2.6052104208416833 5.12913582266574 2
stats: {load,"os_mon@myserver"} 1 1.73828125 0.0 2.3203125 1.73828125 2.14453125 2
stats: {recvpackets,"os_mon@myserver"} 1 8793.0 0.0 8793 4779 4779.0 1
stats: {sentpackets,"os_mon@myserver"} 1 5844.0 0.0 5844 3233 3233.0 1
stats: {cpu,"os_mon@myserver"} 1 32.73809523809524 0.0 32.73809523809524 2.6401810409856674 10.357590520492833 2
stats: session 2771 17.088391064823174 11.021236756985422 283.0390625 10.05078125 15.915512835026131 2726
stats: users_count 2772 5501
stats: finish_users_count 2771 5497
stats: request 27624 1.4534878083114995 2.624139888826164 253.498046875 0.256103515625 1.316239995398244 26807
stats: page 2762 15.256527535385366 10.891913944096709 281.225830078125 8.7880859375 13.781558114764138 2679
stats: connect 2762 1.1833423611739662 1.5630075802963561 39.68115234375 0.3740234375 1.1900644771388307 2684
stats: 200 27623 54431
stats: size_rcv 4004243 7930608
stats: newphase 6 12
stats: size_sent 3664944 7224844
stats: connected 0 5
# stats: dump at 1338995580
stats: users 7 24
stats: {load,"os_mon@test2"} 1 0.76953125 0.0 0.91015625 0.73046875 0.8033854166666666 3
stats: {recvpackets,"os_mon@test3"} 1 12677.0 0.0 12677 4675 6641.5 2
stats: {sentpackets,"os_mon@test3"} 1 8369.0 0.0 8369 3165 4445.0 2
stats: {freemem,"os_mon@test2"} 1 1428.53125 0.0 1428.78515625 1428.53125 1428.7018229166667 3
stats: {load,"os_mon@test4"} 1 0.62109375 0.0 0.69921875 0.62109375 0.6731770833333334 3
stats: {cpu,"os_mon@test3"} 1 25.990735975295937 0.0 25.990735975295937 2.6117528879959817 9.402246220005772 3
stats: {freemem,"os_mon@test4"} 1 1579.64453125 0.0 1580.4921875 1579.64453125 1580.0481770833333 3
stats: {freemem,"os_mon@myserver"} 1 1192.703125 0.0 1192.703125 1190.3125 1191.68359375 3
stats: {recvpackets,"os_mon@test2"} 1 12792.0 0.0 12792 4779 6806.5 2
stats: {sentpackets,"os_mon@test2"} 1 8443.0 0.0 8443 3236 4552.5 2
stats: {load,"os_mon@test3"} 1 0.73046875 0.0 0.98828125 0.73046875 0.8893229166666666 3
stats: {cpu,"os_mon@test2"} 1 35.234215885947044 0.0 35.234215885947044 3.217697335344394 12.885746513373192 3
stats: {recvpackets,"os_mon@test4"} 1 12674.0 0.0 12674 4666 6642.5 2
stats: {sentpackets,"os_mon@test4"} 1 8363.0 0.0 8363 3159 4445.5 2
stats: {freemem,"os_mon@test3"} 1 1413.2109375 0.0 1413.26953125 1412.953125 1413.1263020833333 3
stats: {cpu,"os_mon@test4"} 1 24.781040700669756 0.0 24.781040700669756 2.6052104208416833 8.750686821735753 3
stats: {load,"os_mon@myserver"} 1 1.55859375 0.0 2.3203125 1.55859375 2.0091145833333335 3
stats: {recvpackets,"os_mon@myserver"} 1 12787.0 0.0 12787 4779 6786.0 2
stats: {sentpackets,"os_mon@myserver"} 1 8438.0 0.0 8438 3233 4538.5 2
stats: {cpu,"os_mon@myserver"} 1 45.57721139430285 0.0 45.57721139430285 2.6401810409856674 17.817758759693636 3
stats: session 3727 19.7291665574901 31.183284575625116 1020.695068359375 10.05078125 16.50675270673208 5497
stats: users_count 3730 9231
stats: finish_users_count 3727 9224
stats: request 37456 1.7277250685074643 9.535424652468516 1004.822998046875 0.256103515625 1.3858939349531991 54431
stats: page 3745 17.9714101875418 31.093603065965723 1018.545166015625 8.7880859375 14.53029282157462 5441
stats: connect 3745 1.604266235188586 23.11832905944757 1003.530029296875 0.3740234375 1.186655280610194 5446
stats: 200 37456 91887
stats: size_rcv 5442605 13373213
stats: newphase 6 18
stats: size_sent 4970680 12195524
stats: connected 0 5
# stats: dump at 1338995590
stats: users 13 46
stats: {load,"os_mon@test2"} 1 0.6484375 0.0 0.91015625 0.6484375 0.794921875 4
stats: {recvpackets,"os_mon@test3"} 1 16267.0 0.0 16267 4675 8653.333333333334 3
stats: {sentpackets,"os_mon@test3"} 1 10674.0 0.0 10674 3165 5753.0 3
stats: {freemem,"os_mon@test2"} 1 1428.47265625 0.0 1428.78515625 1428.47265625 1428.6591796875 4
stats: {load,"os_mon@test4"} 1 0.6796875 0.0 0.69921875 0.62109375 0.66015625 4
stats: {cpu,"os_mon@test3"} 1 33.38517366511146 0.0 33.38517366511146 2.6117528879959817 13.549368658828314 4
stats: {freemem,"os_mon@test4"} 1 1579.64453125 0.0 1580.4921875 1579.64453125 1579.947265625 4
stats: {freemem,"os_mon@myserver"} 1 1192.546875 0.0 1192.703125 1190.3125 1191.9384765625 4
stats: {recvpackets,"os_mon@test2"} 1 16491.0 0.0 16491 4779 8801.666666666666 3
stats: {sentpackets,"os_mon@test2"} 1 10818.0 0.0 10818 3236 5849.333333333333 3
stats: {load,"os_mon@test3"} 1 0.609375 0.0 0.98828125 0.609375 0.849609375 4
stats: {cpu,"os_mon@test2"} 1 38.26219512195122 0.0 38.26219512195122 3.217697335344394 18.472863856516653 4
stats: {recvpackets,"os_mon@test4"} 1 16244.0 0.0 16244 4666 8653.0 3
stats: {sentpackets,"os_mon@test4"} 1 10658.0 0.0 10658 3159 5751.333333333333 3
stats: {freemem,"os_mon@test3"} 1 1413.10546875 0.0 1413.26953125 1412.953125 1413.1474609375 4
stats: {cpu,"os_mon@test4"} 1 31.639601885804087 0.0 31.639601885804087 2.6052104208416833 12.758275291469253 4
stats: {load,"os_mon@myserver"} 1 1.69921875 0.0 2.3203125 1.55859375 1.896484375 4
stats: {recvpackets,"os_mon@myserver"} 1 16473.0 0.0 16473 4779 8786.333333333334 3
stats: {sentpackets,"os_mon@myserver"} 1 10805.0 0.0 10805 3233 5838.333333333333 3
stats: {cpu,"os_mon@myserver"} 1 56.54463390170511 0.0 56.54463390170511 2.6401810409856674 24.75762191834594 4
stats: session 4709 25.251943326193828 34.201781570524794 1042.489990234375 10.05078125 17.808783975354707 9224
stats: users_count 4715 13946
stats: finish_users_count 4709 13933
stats: request 46365 2.2730754304752168 10.093436453014672 1004.822998046875 0.256103515625 1.5252349400835068 91887
stats: page 4635 23.485008448793156 34.06208507426798 1039.876953125 8.7880859375 15.933186848958366 9186
stats: connect 4639 1.5167993379836708 20.733609381839397 1003.530029296875 0.3740234375 1.3568166368169265 9191
stats: 200 46367 138254
stats: size_rcv 6764912 20138125
stats: newphase 6 24
stats: size_sent 6153467 18348991
stats: connected 4 9
# stats: dump at 1338995600
stats: users 34 87
stats: {load,"os_mon@test2"} 1 0.62890625 0.0 0.91015625 0.62890625 0.765625 5
stats: {recvpackets,"os_mon@test3"} 1 20476.0 0.0 20476 4675 10556.75 4
stats: {sentpackets,"os_mon@test3"} 1 13393.0 0.0 13393 3165 6983.25 4
stats: {freemem,"os_mon@test2"} 1 1428.3515625 0.0 1428.78515625 1428.3515625 1428.621875 5
stats: {load,"os_mon@test4"} 1 0.66015625 0.0 0.69921875 0.62109375 0.6640625 5
stats: {cpu,"os_mon@test3"} 1 40.6282722513089 0.0 40.6282722513089 2.6117528879959817 17.516529660084945 5
stats: {freemem,"os_mon@test4"} 1 1579.47265625 0.0 1580.4921875 1579.47265625 1579.88671875 5
stats: {freemem,"os_mon@myserver"} 1 1193.0625 0.0 1193.0625 1190.3125 1192.06015625 5
stats: {recvpackets,"os_mon@test2"} 1 20550.0 0.0 20550 4779 10724.0 4
stats: {sentpackets,"os_mon@test2"} 1 13441.0 0.0 13441 3236 7091.5 4
stats: {load,"os_mon@test3"} 1 0.828125 0.0 0.98828125 0.609375 0.8015625 5
stats: {cpu,"os_mon@test2"} 1 48.887765419615775 0.0 48.887765419615775 3.217697335344394 22.430730109603566 5
stats: {recvpackets,"os_mon@test4"} 1 20459.0 0.0 20459 4666 10550.75 4
stats: {sentpackets,"os_mon@test4"} 1 13381.0 0.0 13381 3159 6978.0 4
stats: {freemem,"os_mon@test3"} 1 1412.87890625 0.0 1413.26953125 1412.87890625 1413.1390625 5
stats: {cpu,"os_mon@test4"} 1 38.813025210084035 0.0 38.813025210084035 2.6052104208416833 16.53454061033622 5
stats: {load,"os_mon@myserver"} 1 1.51953125 0.0 2.3203125 1.51953125 1.85703125 5
stats: {recvpackets,"os_mon@myserver"} 1 20512.0 0.0 20512 4779 10708.0 4
stats: {sentpackets,"os_mon@myserver"} 1 13420.0 0.0 13420 3233 7080.0 4
stats: {cpu,"os_mon@myserver"} 1 67.69578313253012 0.0 67.69578313253012 2.6401810409856674 31.115024315017774 5
stats: session 5431 53.3277502704382 70.20216363003566 1062.89697265625 10.05078125 20.32438272530816 13933
stats: users_count 5452 19398
stats: finish_users_count 5431 19364
stats: request 53134 4.968820387891659 18.284765679726583 1010.7099609375 0.256103515625 1.7760351045441414 138252
stats: page 5303 50.488088073672955 68.63466874256962 1061.194091796875 8.7880859375 18.465759970674178 13821
stats: connect 5329 1.9798570927501642 27.402568545344476 1005.1171875 0.3740234375 1.4104796701294737 13830
stats: 200 53133 191387
stats: size_rcv 7777909 27916034
stats: newphase 6 30
stats: size_sent 7053752 25402743
stats: connected 26 35
# stats: dump at 1338995610
stats: users 1561 1579
stats: {load,"os_mon@test2"} 1 0.83984375 0.0 0.91015625 0.62890625 0.7428385416666666 6
stats: {recvpackets,"os_mon@test3"} 1 23249.0 0.0 23249 4675 12540.6 5
stats: {sentpackets,"os_mon@test3"} 1 1.52e4 0.0 15200 3165 8265.2 5
stats: {freemem,"os_mon@test2"} 1 1426.41015625 0.0 1428.78515625 1426.41015625 1428.5768229166667 6
stats: {load,"os_mon@test4"} 1 0.62890625 0.0 0.69921875 0.62109375 0.6634114583333334 6
stats: {cpu,"os_mon@test3"} 1 47.93948878455921 0.0 47.93948878455921 2.6117528879959817 21.36848675862227 6
stats: {freemem,"os_mon@test4"} 1 1578.625 0.0 1580.4921875 1578.625 1579.8177083333333 6
stats: {freemem,"os_mon@myserver"} 1 1192.70703125 0.0 1193.0625 1190.3125 1192.2272135416667 6
stats: {recvpackets,"os_mon@test2"} 1 23365.0 0.0 23365 4779 12689.2 5
stats: {sentpackets,"os_mon@test2"} 1 15271.0 0.0 15271 3236 8361.4 5
stats: {load,"os_mon@test3"} 1 0.78125 0.0 0.98828125 0.609375 0.8059895833333334 6
stats: {cpu,"os_mon@test2"} 1 52.88707204905467 0.0 52.88707204905467 3.217697335344394 26.840235994605603 6
stats: {recvpackets,"os_mon@test4"} 1 23268.0 0.0 23268 4666 12532.4 5
stats: {sentpackets,"os_mon@test4"} 1 15216.0 0.0 15216 3159 8258.6 5
stats: {freemem,"os_mon@test3"} 1 1411.76953125 0.0 1413.26953125 1411.76953125 1413.095703125 6
stats: {cpu,"os_mon@test4"} 1 45.25052192066806 0.0 45.25052192066806 2.6052104208416833 20.247621376960854 6
stats: {load,"os_mon@myserver"} 1 1.6015625 0.0 2.3203125 1.51953125 1.80078125 6
stats: {recvpackets,"os_mon@myserver"} 1 23401.0 0.0 23401 4779 12668.8 5
stats: {sentpackets,"os_mon@myserver"} 1 15293.0 0.0 15293 3233 8348.0 5
stats: {cpu,"os_mon@myserver"} 1 73.99249061326658 0.0 73.99249061326658 2.6401810409856674 37.21181745126983 6
stats: session 4910 1051.554590142089 860.2646551995218 5883.27099609375 10.05078125 29.58080129262903 19364
stats: users_count 6437 25835
stats: finish_users_count 4910 24274
stats: request 54768 111.69334190517972 198.17178682922597 3574.113037109375 0.213134765625 2.6624398219497354 191386
stats: page 4931 950.1979968586026 821.2912538046321 4944.9990234375 8.7880859375 27.345408889843938 19124
stats: connect 6197 116.81952137721635 356.4735597715606 3023.968994140625 0.3740234375 1.5688497460804973 19159
stats: 200 55106 246493
stats: size_rcv 7155959 35071993
stats: newphase 6 36
stats: size_sent 7426814 32829557
stats: connected 1262 1297
# stats: dump at 1338995620
stats: users 3707 3711
stats: {load,"os_mon@test2"} 1 0.94140625 0.0 0.94140625 0.62890625 0.7566964285714286 7
stats: {recvpackets,"os_mon@test3"} 1 25531.0 0.0 25531 4675 14325.333333333334 6
stats: {sentpackets,"os_mon@test3"} 1 16731.0 0.0 16731 3165 9421.0 6
stats: {freemem,"os_mon@test2"} 1 1406.0703125 0.0 1428.78515625 1406.0703125 1428.267299107143 7
stats: {load,"os_mon@test4"} 1 0.76953125 0.0 0.76953125 0.62109375 0.6584821428571429 7
stats: {cpu,"os_mon@test3"} 1 51.888772298006295 0.0 51.888772298006295 2.6117528879959817 25.16434419089898 7
stats: {freemem,"os_mon@test4"} 1 1556.8203125 0.0 1580.4921875 1556.8203125 1579.6473214285713 7
stats: {freemem,"os_mon@myserver"} 1 1152.9765625 0.0 1193.0625 1152.9765625 1192.2957589285713 7
stats: {recvpackets,"os_mon@test2"} 1 25555.0 0.0 25555 4779 14468.5 6
stats: {sentpackets,"os_mon@test2"} 1 16766.0 0.0 16766 3236 9513.0 6
stats: {load,"os_mon@test3"} 1 0.66015625 0.0 0.98828125 0.609375 0.8024553571428571 7
stats: {cpu,"os_mon@test2"} 1 56.46397547266224 0.0 56.46397547266224 3.217697335344394 30.56121257381261 7
stats: {recvpackets,"os_mon@test4"} 1 25513.0 0.0 25513 4666 14321.666666666666 6
stats: {sentpackets,"os_mon@test4"} 1 16720.0 0.0 16720 3159 9418.166666666666 6
stats: {freemem,"os_mon@test3"} 1 1392.14453125 0.0 1413.26953125 1392.14453125 1412.90625 7
stats: {cpu,"os_mon@test4"} 1 49.23402007395668 0.0 49.23402007395668 2.6052104208416833 23.81946431177617 7
stats: {load,"os_mon@myserver"} 1 1.890625 0.0 2.3203125 1.51953125 1.7723214285714286 7
stats: {recvpackets,"os_mon@myserver"} 1 30683.0 0.0 30683 4779 14457.5 6
stats: {sentpackets,"os_mon@myserver"} 1 20150.0 0.0 20150 3233 9505.5 6
stats: {cpu,"os_mon@myserver"} 1 85.97809748765299 0.0 85.97809748765299 2.6401810409856674 42.466199331555075 7
stats: session 4955 3245.0285226215574 1645.9658420452047 12187.776123046875 10.05078125 236.299566360226 24274
stats: users_count 7101 32936
stats: finish_users_count 4955 29229
stats: request 56855 370.1524157146976 565.2144280792396 9243.7861328125 0.086181640625 26.92125521919837 246154
stats: page 4969 3132.919527633829 1584.5149324775355 12186.413818359375 8.7880859375 216.51963924835354 24055
stats: connect 7149 471.8306825514823 776.4697286088198 7281.132080078125 0.3740234375 29.736084802798786 25356
stats: 200 56623 303116
stats: size_rcv 5888929 40960922
stats: newphase 6 42
stats: size_sent 7752678 40582235
stats: connected 1631 2928
# stats: dump at 1338995630
stats: users 3186 4622
stats: {load,"os_mon@test2"} 1 0.94921875 0.0 0.94921875 0.62890625 0.77978515625 8
stats: {recvpackets,"os_mon@test3"} 1 27448.0 0.0 27448 4675 15926.142857142857 7
stats: {sentpackets,"os_mon@test3"} 1 18218.0 0.0 18218 3165 10465.285714285714 7
stats: {freemem,"os_mon@test2"} 1 1372.84765625 0.0 1428.78515625 1372.84765625 1425.49267578125 8
stats: {load,"os_mon@test4"} 1 0.9609375 0.0 0.9609375 0.62109375 0.67236328125 8
stats: {cpu,"os_mon@test3"} 1 53.283100107642625 0.0 53.283100107642625 2.6117528879959817 28.504897704287394 8
stats: {freemem,"os_mon@test4"} 1 1526.40234375 0.0 1580.4921875 1526.40234375 1576.7939453125 8
stats: {freemem,"os_mon@myserver"} 1 1099.9453125 0.0 1193.0625 1099.9453125 1187.380859375 8
stats: {recvpackets,"os_mon@test2"} 1 27579.0 0.0 27579 4779 16052.285714285714 7
stats: {sentpackets,"os_mon@test2"} 1 1.83e4 0.0 18300 3236 10549.142857142857 7
stats: {load,"os_mon@test3"} 1 0.7109375 0.0 0.98828125 0.609375 0.78466796875 8
stats: {cpu,"os_mon@test2"} 1 59.174311926605505 0.0 59.174311926605505 3.217697335344394 33.799057936168815 8
stats: {recvpackets,"os_mon@test4"} 1 27440.0 0.0 27440 4666 15920.42857142857 7
stats: {sentpackets,"os_mon@test4"} 1 18209.0 0.0 18209 3159 10461.285714285714 7
stats: {freemem,"os_mon@test3"} 1 1360.015625 0.0 1413.26953125 1360.015625 1410.31103515625 8
stats: {cpu,"os_mon@test4"} 1 51.65132647536546 0.0 51.65132647536546 2.6052104208416833 26.996283782048735 8
stats: {load,"os_mon@myserver"} 1 3.23828125 0.0 3.23828125 1.51953125 1.787109375 8
stats: {recvpackets,"os_mon@myserver"} 1 29940.0 0.0 30683 4779 16775.428571428572 7
stats: {sentpackets,"os_mon@myserver"} 1 20002.0 0.0 20150 3233 11026.142857142857 7
stats: {cpu,"os_mon@myserver"} 1 89.29811029695334 0.0 89.29811029695334 2.6401810409856674 47.905186601067314 8
stats: session 5445 5837.8001598908195 2989.1255661657574 21510.737060546875 10.05078125 746.3495844338822 29229
stats: users_count 4924 37860
stats: finish_users_count 5445 34674
stats: request 53487 634.629995012109 1175.9089127844586 16483.375 0.069091796875 91.3233278638116 303009
stats: page 5454 5790.124742027431 2904.745515612953 21509.471923828125 8.7880859375 715.8164641307759 29024
stats: connect 8136 695.1703393686722 1291.5583821024704 15048.4580078125 0.3740234375 126.96833458914976 32505
stats: 200 50321 353437
stats: size_rcv 5121631 46082553
stats: newphase 6 48
stats: size_sent 7047847 47630082
stats: connected -306 2622
# stats: dump at 1338995640
stats: users 3168 4622
stats: {load,"os_mon@test2"} 1 0.96875 0.0 0.96875 0.62890625 0.7986111111111112 9
stats: {recvpackets,"os_mon@test3"} 1 21964.0 0.0 27448 4675 17366.375 8
stats: {sentpackets,"os_mon@test3"} 1 14945.0 0.0 18218 3165 11434.375 8
stats: {freemem,"os_mon@test2"} 1 1368.6171875 0.0 1428.78515625 1368.6171875 1419.6432291666667 9
stats: {load,"os_mon@test4"} 1 0.890625 0.0 0.9609375 0.62109375 0.7044270833333334 9
stats: {cpu,"os_mon@test3"} 1 59.11983032873807 0.0 59.11983032873807 2.6117528879959817 31.258031304660197 9
stats: {freemem,"os_mon@test4"} 1 1519.28125 0.0 1580.4921875 1519.28125 1571.1948784722222 9
stats: {freemem,"os_mon@myserver"} 1 1098.9296875 0.0 1193.0625 1098.9296875 1177.665798611111 9
stats: {recvpackets,"os_mon@test2"} 1 22046.0 0.0 27579 4779 17493.125 8
stats: {sentpackets,"os_mon@test2"} 1 15023.0 0.0 18300 3236 11518.0 8
stats: {load,"os_mon@test3"} 1 0.828125 0.0 0.98828125 0.609375 0.7764756944444444 9
stats: {cpu,"os_mon@test2"} 1 52.63157894736842 0.0 59.174311926605505 3.217697335344394 36.618530601772896 9
stats: {recvpackets,"os_mon@test4"} 1 21985.0 0.0 27440 4666 17360.375 8
stats: {sentpackets,"os_mon@test4"} 1 14963.0 0.0 18209 3159 11429.75 8
stats: {freemem,"os_mon@test3"} 1 1319.515625 0.0 1413.26953125 1319.515625 1404.72265625 9
stats: {cpu,"os_mon@test4"} 1 47.9957805907173 0.0 51.65132647536546 2.6052104208416833 29.735732970195038 9
stats: {load,"os_mon@myserver"} 1 3.2109375 0.0 3.23828125 1.51953125 1.9483506944444444 9
stats: {recvpackets,"os_mon@myserver"} 1 25906.0 0.0 30683 4779 18421.0 8
stats: {sentpackets,"os_mon@myserver"} 1 17678.0 0.0 20150 3233 12148.125 8
stats: {cpu,"os_mon@myserver"} 1 89.58234456573328 0.0 89.58234456573328 2.6401810409856674 52.50440034505465 9
stats: session 5414 6073.394378380263 4280.711669219165 30962.820068359375 10.05078125 1545.8808869476684 34674
stats: users_count 5396 43256
stats: finish_users_count 5414 40088
stats: request 56222 630.531958898881 1366.2692937729958 28250.1279296875 0.067138671875 172.83853057509302 356496
stats: page 5460 6062.142585502865 4274.453469210995 30961.504150390625 8.7880859375 1518.5102789590246 34478
stats: connect 8785 633.7646289284828 1365.232063133901 16321.859130859375 0.3740234375 240.71778738032603 40641
stats: 200 53144 406581
stats: size_rcv 5647653 51730206
stats: newphase 6 54
stats: size_sent 7497806 55127888
stats: connected 284 2906
# stats: dump at 1338995650
stats: users 4036 4622
stats: {load,"os_mon@test2"} 1 1.12890625 0.0 1.12890625 0.62890625 0.815625 10
stats: {recvpackets,"os_mon@test3"} 1 20410.0 0.0 27448 4675 17877.222222222223 9
stats: {sentpackets,"os_mon@test3"} 1 13983.0 0.0 18218 3165 11824.444444444445 9
stats: {freemem,"os_mon@test2"} 1 1350.69921875 0.0 1428.78515625 1350.69921875 1414.540625 10
stats: {load,"os_mon@test4"} 1 0.76171875 0.0 0.9609375 0.62109375 0.723046875 10
stats: {cpu,"os_mon@test3"} 1 51.26715945089757 0.0 59.11983032873807 2.6117528879959817 34.04421120706799 10
stats: {freemem,"os_mon@test4"} 1 1488.84765625 0.0 1580.4921875 1488.84765625 1566.003515625 10
stats: {freemem,"os_mon@myserver"} 1 1099.24609375 0.0 1193.0625 1098.9296875 1169.7921875 10
stats: {recvpackets,"os_mon@test2"} 1 20009.0 0.0 27579 4779 17999.0 9
stats: {sentpackets,"os_mon@test2"} 1 13806.0 0.0 18300 3236 11907.444444444445 9
stats: {load,"os_mon@test3"} 1 1.01171875 0.0 1.01171875 0.609375 0.781640625 10
stats: {cpu,"os_mon@test2"} 1 61.542263964409294 0.0 61.542263964409294 3.217697335344394 38.219835436332446 10
stats: {recvpackets,"os_mon@test4"} 1 20416.0 0.0 27440 4666 17874.222222222223 9
stats: {sentpackets,"os_mon@test4"} 1 13984.0 0.0 18209 3159 11822.333333333334 9
stats: {freemem,"os_mon@test3"} 1 1312.7421875 0.0 1413.26953125 1312.7421875 1396.201953125 10
stats: {cpu,"os_mon@test4"} 1 54.60284061020515 0.0 54.60284061020515 2.6052104208416833 31.561737732247263 10
stats: {load,"os_mon@myserver"} 1 3.1796875 0.0 3.23828125 1.51953125 2.074609375 10
stats: {recvpackets,"os_mon@myserver"} 1 28560.0 0.0 30683 4779 19252.666666666668 9
stats: {sentpackets,"os_mon@myserver"} 1 19522.0 0.0 20150 3233 12762.555555555555 9
stats: {cpu,"os_mon@myserver"} 1 86.02825745682888 0.0 89.58234456573328 2.6401810409856674 56.21219476712251 10
stats: session 5365 5002.976924228571 5327.84837733373 34441.16796875 10.05078125 2157.3346397568894 40088
stats: users_count 6233 49489
stats: finish_users_count 5365 45453
stats: 200 51665 458246
stats: request 53760 443.97396287464016 1498.3735734763145 33110.708984375 0.06494140625 235.18725277092653 412718
stats: page 5418 5063.737563878517 5349.756260882126 34439.76513671875 8.7880859375 2139.678900165128 39938
stats: connect 7916 395.53629053548553 1076.129521961206 22467.4990234375 0.3740234375 310.5781139898141 49426
stats: size_rcv 5931517 57661723
stats: newphase 6 60
stats: size_sent 7212641 62340529
stats: connected 595 3501
# stats: dump at 1338995660
stats: users 4691 5360
stats: {load,"os_mon@test2"} 1 1.109375 0.0 1.12890625 0.62890625 0.8441051136363636 11
stats: {recvpackets,"os_mon@test3"} 1 27801.0 0.0 27801 4675 18130.5 10
stats: {sentpackets,"os_mon@test3"} 1 18934.0 0.0 18934 3165 12040.3 10
stats: {freemem,"os_mon@test2"} 1 1291.4609375 0.0 1428.78515625 1291.4609375 1408.7368607954545 11
stats: {load,"os_mon@test4"} 1 0.7890625 0.0 0.9609375 0.62109375 0.7265625 11
stats: {cpu,"os_mon@test3"} 1 54.944473823373876 0.0 59.11983032873807 2.6117528879959817 35.609933774688855 11
stats: {freemem,"os_mon@test4"} 1 1481.14453125 0.0 1580.4921875 1481.14453125 1558.989346590909 11
stats: {freemem,"os_mon@myserver"} 0 0 0 1193.0625 1098.9296875 1163.37890625 11
stats: {recvpackets,"os_mon@test2"} 1 28106.0 0.0 28106 4779 1.82e4 10
stats: {sentpackets,"os_mon@test2"} 1 19077.0 0.0 19077 3236 12097.3 10
stats: {load,"os_mon@test3"} 1 0.9296875 0.0 1.01171875 0.609375 0.8025568181818182 11
stats: {cpu,"os_mon@test2"} 1 65.30403679100665 0.0 65.30403679100665 3.217697335344394 40.340056211612165 11
stats: {recvpackets,"os_mon@test4"} 1 27787.0 0.0 27787 4666 18128.4 10
stats: {sentpackets,"os_mon@test4"} 1 18927.0 0.0 18927 3159 12038.5 10
stats: {freemem,"os_mon@test3"} 1 1310.3203125 0.0 1413.26953125 1310.3203125 1388.6147017045455 11
stats: {cpu,"os_mon@test4"} 1 49.384038564542045 0.0 54.60284061020515 2.6052104208416833 33.65638344842525 11
stats: {load,"os_mon@myserver"} 0 0 0 3.23828125 1.51953125 2.175071022727273 11
stats: {recvpackets,"os_mon@myserver"} 0 0 0 30683 4779 20183.4 10
stats: {sentpackets,"os_mon@myserver"} 0 0 0 20150 3233 13438.5 10
stats: {cpu,"os_mon@myserver"} 0 0 0 89.58234456573328 2.6401810409856674 58.92274592073218 11
stats: session 5276 5127.054077426068 4372.427104317264 43785.621826171875 10.05078125 2493.2172186007624 45453
stats: users_count 5931 55420
stats: finish_users_count 5276 50729
stats: request 55699 583.9300818840547 1482.0744276313235 43227.7490234375 0.06494140625 259.24920968031057 466478
stats: page 5142 5114.651166395849 4362.35935580045 43784.468994140625 8.7880859375 2488.9722646593327 45356
stats: connect 8527 601.6243553336085 1138.1962302463126 31080.444091796875 0.3740234375 322.30649677268764 57342
stats: 200 53304 511550
stats: size_rcv 5474052 63135775
stats: newphase 6 66
stats: size_sent 7476129 69816658
stats: connected 656 4157
# stats: dump at 1338995670
stats: users 4499 5360
stats: {load,"os_mon@test2"} 1 1.01171875 0.0 1.12890625 0.62890625 0.8662109375 12
stats: {recvpackets,"os_mon@test3"} 1 24044.0 0.0 27801 4675 19009.636363636364 11
stats: {sentpackets,"os_mon@test3"} 1 16365.0 0.0 18934 3165 12667.0 11
stats: {freemem,"os_mon@test2"} 1 1232.94921875 0.0 1428.78515625 1232.94921875 1398.9638671875 12
stats: {load,"os_mon@test4"} 1 0.98828125 0.0 0.98828125 0.62109375 0.7317708333333334 12
stats: {cpu,"os_mon@test3"} 1 49.36238044633369 0.0 59.11983032873807 2.6117528879959817 37.22114544541261 12
stats: {freemem,"os_mon@test4"} 1 1453.31640625 0.0 1580.4921875 1453.31640625 1552.5022786458333 12
stats: {freemem,"os_mon@myserver"} 1 1092.0078125 0.0 1193.0625 1092.0078125 1163.37890625 11
stats: {recvpackets,"os_mon@test2"} 1 23943.0 0.0 28106 4779 19100.545454545456 11
stats: {sentpackets,"os_mon@test2"} 1 16333.0 0.0 19077 3236 12731.818181818182 11
stats: {load,"os_mon@test3"} 1 0.859375 0.0 1.01171875 0.609375 0.8131510416666666 12
stats: {cpu,"os_mon@test2"} 1 63.78073770491803 0.0 65.30403679100665 3.217697335344394 42.42038792656171 12
stats: {recvpackets,"os_mon@test4"} 1 24092.0 0.0 27787 4666 19006.454545454544 11
stats: {sentpackets,"os_mon@test4"} 1 16396.0 0.0 18927 3159 12664.727272727272 11
stats: {freemem,"os_mon@test3"} 1 1310.8125 0.0 1413.26953125 1310.3203125 1382.0901692708333 12
stats: {cpu,"os_mon@test4"} 1 55.33617929562433 0.0 55.33617929562433 2.6052104208416833 34.967021374768315 12
stats: {load,"os_mon@myserver"} 1 3.1484375 0.0 3.23828125 1.51953125 2.175071022727273 11
stats: {recvpackets,"os_mon@myserver"} 1 28023.0 0.0 30683 4779 20183.4 10
stats: {sentpackets,"os_mon@myserver"} 1 19102.0 0.0 20150 3233 13438.5 10
stats: {cpu,"os_mon@myserver"} 1 90.6807804068078 0.0 90.6807804068078 2.6401810409856674 58.92274592073218 11
stats: session 5630 6079.939254690296 5295.6048918827155 52253.387939453125 10.05078125 2767.1458051520904 50729
stats: users_count 5438 60858
stats: finish_users_count 5630 56359
stats: request 56530 674.5047349763432 1869.0317691972502 47815.9677734375 0.06494140625 293.88191066269076 522177
stats: page 5620 6036.593956085971 5245.589968343876 52251.89306640625 8.7880859375 2756.334158451744 50498
stats: connect 8884 578.9660632714483 1210.6840940970803 31080.444091796875 0.3740234375 358.4652874017995 65869
stats: 200 53076 564626
stats: size_rcv 5474950 68610725
stats: newphase 6 72
stats: size_sent 7481731 77298389
stats: connected -106 4051
# stats: dump at 1338995680
stats: users 5227 5724
stats: {load,"os_mon@test2"} 1 1.48828125 0.0 1.48828125 0.62890625 0.8774038461538461 13
stats: {recvpackets,"os_mon@test3"} 1 24909.0 0.0 27801 4675 19429.166666666668 12
stats: {sentpackets,"os_mon@test3"} 1 17401.0 0.0 18934 3165 12975.166666666666 12
stats: {freemem,"os_mon@test2"} 1 1166.515625 0.0 1428.78515625 1166.515625 1386.1935096153845 13
stats: {load,"os_mon@test4"} 1 0.91015625 0.0 0.98828125 0.62109375 0.7515024038461539 13
stats: {cpu,"os_mon@test3"} 1 42.586750788643535 0.0 59.11983032873807 2.6117528879959817 38.155086599329614 13
stats: {freemem,"os_mon@test4"} 1 1444.2734375 0.0 1580.4921875 1444.2734375 1544.8725961538462 13
stats: {freemem,"os_mon@myserver"} 1 1090.0234375 0.0 1193.0625 1090.0234375 1157.4313151041667 12
stats: {recvpackets,"os_mon@test2"} 1 2.63e4 0.0 28106 4779 19504.083333333332 12
stats: {sentpackets,"os_mon@test2"} 1 18305.0 0.0 19077 3236 13031.916666666666 12
stats: {load,"os_mon@test3"} 1 0.87890625 0.0 1.01171875 0.609375 0.8167067307692307 13
stats: {cpu,"os_mon@test2"} 1 74.33943089430895 0.0 74.33943089430895 3.217697335344394 44.063491755666035 13
stats: {recvpackets,"os_mon@test4"} 1 24866.0 0.0 27787 4666 19430.25 12
stats: {sentpackets,"os_mon@test4"} 1 17369.0 0.0 18927 3159 12975.666666666666 12
stats: {freemem,"os_mon@test3"} 1 1311.58984375 0.0 1413.26953125 1310.3203125 1376.6072716346155 13
stats: {cpu,"os_mon@test4"} 1 54.21816227834497 0.0 55.33617929562433 2.6052104208416833 36.53387967637263 13
stats: {load,"os_mon@myserver"} 1 3.26171875 0.0 3.26171875 1.51953125 2.2561848958333335 12
stats: {recvpackets,"os_mon@myserver"} 1 28468.0 0.0 30683 4779 20896.090909090908 11
stats: {sentpackets,"os_mon@myserver"} 1 19806.0 0.0 20150 3233 13953.363636363636 11
stats: {cpu,"os_mon@myserver"} 1 90.05640275746815 0.0 90.6807804068078 2.6401810409856674 61.56924879457182 12
stats: session 5488 6927.678415726645 6557.991032912283 62615.85693359375 10.05078125 3098.078346909398 56359
stats: users_count 6216 67074
stats: finish_users_count 5488 61847
stats: request 55655 761.8835919777808 2094.5069795542126 55774.842041015625 0.06494140625 331.0623979532381 578707
stats: page 5614 6874.829556879978 6541.799097821279 62612.90380859375 8.7880859375 3084.839451988654 56118
stats: connect 9253 656.6085540827564 1235.4997454660195 31080.444091796875 0.3740234375 384.67064227486094 74753
stats: 200 51915 616541
stats: size_rcv 5295842 73906567
stats: newphase 6 78
stats: size_sent 7402638 84701027
stats: connected 159 4210
stats: error_connect_etimedout 1 1
# stats: dump at 1338995690
stats: users 4964 5884
stats: {load,"os_mon@test2"} 1 1.66015625 0.0 1.66015625 0.62890625 0.9210379464285714 14
stats: {recvpackets,"os_mon@test3"} 1 26084.0 0.0 27801 4675 19850.69230769231 13
stats: {sentpackets,"os_mon@test3"} 1 18367.0 0.0 18934 3165 13315.615384615385 13
stats: {freemem,"os_mon@test2"} 1 1142.69921875 0.0 1428.78515625 1142.69921875 1370.502232142857 14
stats: {load,"os_mon@test4"} 1 0.8515625 0.0 0.98828125 0.62109375 0.7628348214285714 14
stats: {cpu,"os_mon@test3"} 1 53.911655135710475 0.0 59.11983032873807 2.6117528879959817 38.471634041423464 14
stats: {freemem,"os_mon@test4"} 1 1404.1953125 0.0 1580.4921875 1404.1953125 1537.6869419642858 14
stats: {freemem,"os_mon@myserver"} 1 1090.171875 0.0 1193.0625 1090.0234375 1152.24609375 13
stats: {recvpackets,"os_mon@test2"} 1 24855.0 0.0 28106 4779 20026.846153846152 13
stats: {sentpackets,"os_mon@test2"} 1 17593.0 0.0 19077 3236 13437.538461538461 13
stats: {load,"os_mon@test3"} 1 0.8203125 0.0 1.01171875 0.609375 0.8211495535714286 14
stats: {cpu,"os_mon@test2"} 1 56.22775800711744 0.0 74.33943089430895 3.217697335344394 46.22605883699767 14
stats: {recvpackets,"os_mon@test4"} 1 26115.0 0.0 27787 4666 19848.384615384617 13
stats: {sentpackets,"os_mon@test4"} 1 18386.0 0.0 18927 3159 13313.615384615385 13
stats: {freemem,"os_mon@test3"} 1 1293.88671875 0.0 1413.26953125 1293.88671875 1371.963169642857 14
stats: {cpu,"os_mon@test4"} 1 62.24814422057264 0.0 62.24814422057264 2.6052104208416833 37.79704271937065 14
stats: {load,"os_mon@myserver"} 1 3.30078125 0.0 3.30078125 1.51953125 2.3335336538461537 13
stats: {recvpackets,"os_mon@myserver"} 1 31068.0 0.0 31068 4779 21527.083333333332 12
stats: {sentpackets,"os_mon@myserver"} 1 21914.0 0.0 21914 3233 14441.083333333334 12
stats: {cpu,"os_mon@myserver"} 1 90.28776978417267 0.0 90.6807804068078 2.6401810409856674 63.76056833017923 13
stats: session 5446 7561.907098171248 7518.750020339533 72929.7939453125 10.05078125 3437.8983087130273 61847
stats: users_count 5183 72257
stats: finish_users_count 5446 67293
stats: 200 52154 668695
stats: request 55739 806.5368453401031 2334.367896733503 68533.54614257813 0.06494140625 368.85998600774946 634362
stats: page 5282 7654.067404998701 7580.867774029781 72927.873046875 8.7880859375 3429.5067954873243 61732
stats: connect 9239 702.7138604755513 1395.7181683792928 31133.884033203125 0.3740234375 414.62375869462204 84006
stats: size_rcv 5274460 79181027
stats: newphase 5 83
stats: size_sent 7432746 92133773
stats: connected 281 4491
stats: error_connect_etimedout 1 2
# stats: dump at 1338995700
stats: users 4261 5926
stats: {load,"os_mon@test2"} 1 2.1796875 0.0 2.1796875 0.62890625 0.9703125 15
stats: {recvpackets,"os_mon@test3"} 1 25780.0 0.0 27801 4675 20295.928571428572 14
stats: {sentpackets,"os_mon@test3"} 1 17901.0 0.0 18934 3165 13676.42857142857 14
stats: {freemem,"os_mon@test2"} 1 1087.6796875 0.0 1428.78515625 1087.6796875 1355.3153645833333 15
stats: {load,"os_mon@test4"} 1 0.71875 0.0 0.98828125 0.62109375 0.76875 15
stats: {cpu,"os_mon@test3"} 1 57.7918647649234 0.0 59.11983032873807 2.6117528879959817 39.5009687810426 15
stats: {freemem,"os_mon@test4"} 1 1378.52734375 0.0 1580.4921875 1378.52734375 1528.7875 15
stats: {freemem,"os_mon@myserver"} 1 1086.9765625 0.0 1193.0625 1086.9765625 1147.812220982143 14
stats: {recvpackets,"os_mon@test2"} 1 27072.0 0.0 28106 4779 20371.714285714286 14
stats: {sentpackets,"os_mon@test2"} 1 1.87e4 0.0 19077 3236 13734.357142857143 14
stats: {load,"os_mon@test3"} 1 0.83984375 0.0 1.01171875 0.609375 0.82109375 15
stats: {cpu,"os_mon@test2"} 1 69.61038961038962 0.0 74.33943089430895 3.217697335344394 46.89283878167233 15
stats: {recvpackets,"os_mon@test4"} 1 25723.0 0.0 27787 4666 20296.0 14
stats: {sentpackets,"os_mon@test4"} 1 17868.0 0.0 18927 3159 13675.92857142857 14
stats: {freemem,"os_mon@test3"} 1 1277.8359375 0.0 1413.26953125 1277.8359375 1366.7580729166666 15
stats: {cpu,"os_mon@test4"} 1 60.691489361702125 0.0 62.24814422057264 2.6052104208416833 39.427116152784116 15
stats: {load,"os_mon@myserver"} 1 3.3984375 0.0 3.3984375 1.51953125 2.402622767857143 14
stats: {recvpackets,"os_mon@myserver"} 1 29377.0 0.0 31068 4779 22261.0 13
stats: {sentpackets,"os_mon@myserver"} 1 20391.0 0.0 21914 3233 15015.923076923076 13
stats: {cpu,"os_mon@myserver"} 1 91.60151887424615 0.0 91.60151887424615 2.6401810409856674 65.6553684340359 14
stats: session 5901 7461.229322848818 8405.525622555313 84007.55517578125 10.05078125 3771.6529617585074 67293
stats: users_count 5198 77455
stats: finish_users_count 5901 73194
stats: request 58044 829.0415151239994 2539.0071201722435 80146.81201171875 0.06494140625 404.2108556084688 690101
stats: page 5933 7404.403850525196 8317.433614945856 84006.36401367188 8.7880859375 3762.483921751076 67014
stats: connect 9283 755.7168417686809 1613.5981713725905 31133.884033203125 0.3740234375 443.1686077519871 93245
stats: 200 53535 722230
stats: size_rcv 5720271 84901298
stats: newphase 5 88
stats: size_sent 7609877 99743650
stats: connected -700 3791
stats: error_connect_etimedout 0 2
# stats: dump at 1338995710
stats: users 3799 5926
stats: {load,"os_mon@test2"} 1 1.8515625 0.0 2.1796875 0.62890625 1.0458984375 16
stats: {recvpackets,"os_mon@test3"} 1 22502.0 0.0 27801 4675 20661.533333333333 15
stats: {sentpackets,"os_mon@test3"} 1 16082.0 0.0 18934 3165 13958.066666666668 15
stats: {freemem,"os_mon@test2"} 1 1078.5859375 0.0 1428.78515625 1078.5859375 1338.588134765625 16
stats: {load,"os_mon@test4"} 1 0.76171875 0.0 0.98828125 0.62109375 0.765625 16
stats: {cpu,"os_mon@test3"} 1 63.6411889596603 0.0 63.6411889596603 2.6117528879959817 40.64414978003515 16
stats: {freemem,"os_mon@test4"} 1 1352.6015625 0.0 1580.4921875 1352.6015625 1519.396240234375 16
stats: {freemem,"os_mon@myserver"} 1 1089.89453125 0.0 1193.0625 1086.9765625 1143.7565104166667 15
stats: {recvpackets,"os_mon@test2"} 1 24968.0 0.0 28106 4779 20818.4 15
stats: {sentpackets,"os_mon@test2"} 1 17866.0 0.0 19077 3236 14065.4 15
stats: {load,"os_mon@test3"} 1 0.94921875 0.0 1.01171875 0.609375 0.822265625 16
stats: {cpu,"os_mon@test2"} 1 57.666345226615235 0.0 74.33943089430895 3.217697335344394 48.31268570846716 16
stats: {recvpackets,"os_mon@test4"} 1 22562.0 0.0 27787 4666 20657.8 15
stats: {sentpackets,"os_mon@test4"} 1 16119.0 0.0 18927 3159 13955.4 15
stats: {freemem,"os_mon@test3"} 1 1249.96484375 0.0 1413.26953125 1249.96484375 1361.200439453125 16
stats: {cpu,"os_mon@test4"} 1 56.59369994660972 0.0 62.24814422057264 2.6052104208416833 40.75613947834149 16
stats: {load,"os_mon@myserver"} 1 3.30859375 0.0 3.3984375 1.51953125 2.469010416666667 15
stats: {recvpackets,"os_mon@myserver"} 1 30436.0 0.0 31068 4779 22769.285714285714 14
stats: {sentpackets,"os_mon@myserver"} 1 21665.0 0.0 21914 3233 15399.857142857143 14
stats: {cpu,"os_mon@myserver"} 1 87.10261569416498 0.0 91.60151887424615 2.6401810409856674 67.38511179671659 15
stats: session 5956 8226.823932757823 10905.299242834577 93234.73681640625 10.05078125 4069.111634693364 73194
stats: users_count 5494 82949
stats: finish_users_count 5956 79150
stats: request 56384 729.2036494884038 2712.7967977285434 80146.81201171875 0.06494140625 437.1708711147135 748145
stats: page 6086 8094.506141304063 10648.988408654759 93233.44604492188 8.7880859375 4058.692277645312 72947
stats: connect 8841 533.2404259098241 1532.6272802377014 32402.30712890625 0.3740234375 471.4670750621557 102528
stats: 200 52468 774698
stats: size_rcv 6384144 91285442
stats: newphase 5 93
stats: size_sent 7419899 107163549
stats: connected -465 3326
stats: error_connect_etimedout 0 2
# stats: dump at 1338995720
stats: users 3610 5926
stats: {load,"os_mon@test2"} 1 1.94921875 0.0 2.1796875 0.62890625 1.0932904411764706 17
stats: {recvpackets,"os_mon@test3"} 1 27488.0 0.0 27801 4675 20776.5625 16
stats: {sentpackets,"os_mon@test3"} 1 19252.0 0.0 19252 3165 14090.8125 16
stats: {freemem,"os_mon@test2"} 1 1020.66015625 0.0 1428.78515625 1020.66015625 1323.293887867647 17
stats: {load,"os_mon@test4"} 1 0.71875 0.0 0.98828125 0.62109375 0.7653952205882353 17
stats: {cpu,"os_mon@test3"} 1 58.55572998430141 0.0 63.6411889596603 2.6117528879959817 41.99691679060134 17
stats: {freemem,"os_mon@test4"} 1 1335.17578125 0.0 1580.4921875 1335.17578125 1509.5847886029412 17
stats: {freemem,"os_mon@myserver"} 1 1088.890625 0.0 1193.0625 1086.9765625 1140.39013671875 16
stats: {recvpackets,"os_mon@test2"} 1 25795.0 0.0 28106 4779 21077.75 16
stats: {sentpackets,"os_mon@test2"} 1 18103.0 0.0 19077 3236 14302.9375 16
stats: {load,"os_mon@test3"} 1 1.109375 0.0 1.109375 0.609375 0.8297334558823529 17
stats: {cpu,"os_mon@test2"} 1 66.82194616977226 0.0 74.33943089430895 3.217697335344394 48.862900974240574 17
stats: {recvpackets,"os_mon@test4"} 1 27502.0 0.0 27787 4666 20776.8125 16
stats: {sentpackets,"os_mon@test4"} 1 19265.0 0.0 19265 3159 14090.625 16
stats: {freemem,"os_mon@test3"} 1 1244.8046875 0.0 1413.26953125 1244.8046875 1354.657169117647 17
stats: {cpu,"os_mon@test4"} 1 58.364116094986805 0.0 62.24814422057264 2.6052104208416833 41.687760682357265 17
stats: {load,"os_mon@myserver"} 1 3.26171875 0.0 3.3984375 1.51953125 2.521484375 16
stats: {recvpackets,"os_mon@myserver"} 1 26837.0 0.0 31068 4779 23280.4 15
stats: {sentpackets,"os_mon@myserver"} 1 18948.0 0.0 21914 3233 15817.533333333333 15
stats: {cpu,"os_mon@myserver"} 1 86.04766633565045 0.0 91.60151887424615 2.6401810409856674 68.6174557903071 16
stats: session 5640 7484.731807324568 11197.908534959963 97484.44409179688 10.05078125 4381.977515265341 79150
stats: users_count 5451 88400
stats: finish_users_count 5640 84790
stats: request 55149 702.2336257867837 2899.236930449381 87657.51513671875 0.06494140625 457.6374747745221 804529
stats: page 5587 7505.5467712609825 11119.413725722887 97482.44116210938 8.7880859375 4369.473383945556 79033
stats: connect 8913 339.7901112117661 1058.3467803217998 32402.30712890625 0.3740234375 476.3709369523068 111369
stats: 200 51423 826121
stats: size_rcv 6376961 97662403
stats: newphase 6 99
stats: size_sent 7296946 114460495
stats: connected -174 3152
stats: error_connect_etimedout 0 2
# stats: dump at 1338995730
stats: users 5325 6105
stats: {load,"os_mon@test2"} 1 1.890625 0.0 2.1796875 0.62890625 1.1408420138888888 18
stats: {recvpackets,"os_mon@test3"} 1 25923.0 0.0 27801 4675 21171.352941176472 17
stats: {sentpackets,"os_mon@test3"} 1 18353.0 0.0 19252 3165 14394.411764705883 17
stats: {freemem,"os_mon@test2"} 1 968.79296875 0.0 1428.78515625 968.79296875 1306.4809027777778 18
stats: {load,"os_mon@test4"} 1 0.76953125 0.0 0.98828125 0.62109375 0.7628038194444444 18
stats: {cpu,"os_mon@test3"} 1 49.61038961038961 0.0 63.6411889596603 2.6117528879959817 42.916850856918 18
stats: {freemem,"os_mon@test4"} 1 1334.5078125 0.0 1580.4921875 1334.5078125 1499.8953993055557 18
stats: {freemem,"os_mon@myserver"} 1 1080.34375 0.0 1193.0625 1080.34375 1137.3607536764705 17
stats: {recvpackets,"os_mon@test2"} 1 28213.0 0.0 28213 4779 21355.235294117647 17
stats: {sentpackets,"os_mon@test2"} 1 19941.0 0.0 19941 3236 14526.470588235294 17
stats: {load,"os_mon@test3"} 1 0.94140625 0.0 1.109375 0.609375 0.8452690972222222 18
stats: {cpu,"os_mon@test2"} 1 72.82388663967612 0.0 74.33943089430895 3.217697335344394 49.86062570732567 18
stats: {recvpackets,"os_mon@test4"} 1 25873.0 0.0 27787 4666 21172.41176470588 17
stats: {sentpackets,"os_mon@test4"} 1 18319.0 0.0 19265 3159 14395.0 17
stats: {freemem,"os_mon@test3"} 1 1244.09765625 0.0 1413.26953125 1244.09765625 1348.5542534722222 18
stats: {cpu,"os_mon@test4"} 1 50.75955997904662 0.0 62.24814422057264 2.6052104208416833 42.6142248719478 18
stats: {load,"os_mon@myserver"} 1 3.30078125 0.0 3.3984375 1.51953125 2.5650275735294117 17
stats: {recvpackets,"os_mon@myserver"} 1 28956.0 0.0 31068 4779 23502.6875 16
stats: {sentpackets,"os_mon@myserver"} 1 20360.0 0.0 21914 3233 16013.1875 16
stats: {cpu,"os_mon@myserver"} 1 87.3342803030303 0.0 91.60151887424615 2.6401810409856674 69.64276229297437 17
stats: session 4824 7010.112850613056 9833.090922088939 97484.44409179688 10.05078125 4588.364285016656 84790
stats: users_count 6539 94939
stats: finish_users_count 4824 89614
stats: request 55391 756.970658246953 2906.063821090044 100940.84399414063 0.06494140625 473.32850459286715 859678
stats: page 4828 7029.093676980301 10053.286627884987 97482.44116210938 8.7880859375 4576.531313689485 84620
stats: connect 10426 369.875902472635 892.7406947259734 32402.30712890625 0.3740234375 466.25017989950226 120282
stats: 200 51818 877939
stats: size_rcv 6009646 103672049
stats: newphase 5 104
stats: size_sent 7579619 122040114
stats: connected 1738 4890
stats: error_connect_etimedout 1 3
# stats: dump at 1338995740
stats: users 4558 6285
stats: {load,"os_mon@test2"} 1 1.6015625 0.0 2.1796875 0.62890625 1.1803042763157894 19
stats: {recvpackets,"os_mon@test3"} 1 26514.0 0.0 27801 4675 21435.333333333332 18
stats: {sentpackets,"os_mon@test3"} 1 18904.0 0.0 19252 3165 14614.333333333334 18
stats: {freemem,"os_mon@test2"} 1 926.62890625 0.0 1428.78515625 926.62890625 1288.707853618421 19
stats: {load,"os_mon@test4"} 1 0.9609375 0.0 0.98828125 0.62109375 0.7631578947368421 19
stats: {cpu,"os_mon@test3"} 1 67.80202235231506 0.0 67.80202235231506 2.6117528879959817 43.26914237025861 19
stats: {freemem,"os_mon@test4"} 1 1302.203125 0.0 1580.4921875 1302.203125 1491.1907894736842 19
stats: {freemem,"os_mon@myserver"} 1 1081.53125 0.0 1193.0625 1080.34375 1134.193142361111 18
stats: {recvpackets,"os_mon@test2"} 1 26656.0 0.0 28213 4779 21736.222222222223 18
stats: {sentpackets,"os_mon@test2"} 1 18937.0 0.0 19941 3236 14827.277777777777 18
stats: {load,"os_mon@test3"} 1 1.08984375 0.0 1.109375 0.609375 0.850328947368421 19
stats: {cpu,"os_mon@test2"} 1 59.91840897501275 0.0 74.33943089430895 3.217697335344394 51.069218387975695 19
stats: {recvpackets,"os_mon@test4"} 1 26535.0 0.0 27787 4666 21433.555555555555 18
stats: {sentpackets,"os_mon@test4"} 1 18915.0 0.0 19265 3159 14613.0 18
stats: {freemem,"os_mon@test3"} 1 1204.58984375 0.0 1413.26953125 1204.58984375 1343.0565378289473 19
stats: {cpu,"os_mon@test4"} 1 54.54062665958577 0.0 62.24814422057264 2.6052104208416833 43.04292671968984 19
stats: {load,"os_mon@myserver"} 1 3.3984375 0.0 3.3984375 1.51953125 2.6059027777777777 18
stats: {recvpackets,"os_mon@myserver"} 1 25131.0 0.0 31068 4779 23823.470588235294 17
stats: {sentpackets,"os_mon@myserver"} 1 18204.0 0.0 21914 3233 16268.882352941177 17
stats: {cpu,"os_mon@myserver"} 1 89.05347727843335 0.0 91.60151887424615 2.6401810409856674 70.62562440464414 18
stats: session 5895 8606.443374988427 10928.52090156129 118337.451171875 10.05078125 4718.729128461174 89614
stats: users_count 5128 100067
stats: finish_users_count 5895 95509
stats: request 56391 917.4631480742783 3196.3567970319086 102918.75415039063 0.05712890625 490.4979448569931 915069
stats: page 5889 8615.676598741751 10923.82859485058 118336.10595703125 8.7880859375 4708.909579161804 89448
stats: connect 9732 467.0434164665777 903.8815500414838 32402.30712890625 0.3740234375 458.5628293436639 130708
stats: 200 51466 929405
stats: size_rcv 5913971 109586020
stats: newphase 5 109
stats: size_sent 7392374 129432488
stats: connected -658 4232
stats: error_connect_etimedout 2 5
stats: error_abort 1 1
EndMonitor:{1338,995740,902798}
