# stats: dump at 1338974801
stats: users 0 0
# stats: dump at 1338974811
stats: users 1 7
stats: {load,"os_mon@test2"} 1 1.37109375 0 1.37109375 1.37109375 0 0
stats: {freemem,"os_mon@test2"} 1 1445.0234375 0 1445.0234375 1445.0234375 0 0
stats: {load,"os_mon@test4"} 1 1.421875 0 1.421875 1.421875 0 0
stats: {cpu,"os_mon@test3"} 1 2.8282828282828283 0 2.8282828282828283 2.8282828282828283 0 0
stats: {freemem,"os_mon@test4"} 1 1421.59375 0 1421.59375 1421.59375 0 0
stats: {freemem,"os_mon@myserver"} 1 2897.25390625 0 2897.25390625 2897.25390625 0 0
stats: {cpu,"os_mon@test2"} 1 2.260170768458061 0 2.260170768458061 2.260170768458061 0 0
stats: {load,"os_mon@test3"} 1 1.8203125 0 1.8203125 1.8203125 0 0
stats: {freemem,"os_mon@test3"} 1 1424.83203125 0 1424.83203125 1424.83203125 0 0
stats: {cpu,"os_mon@test4"} 1 2.3023023023023024 0 2.3023023023023024 2.3023023023023024 0 0
stats: {load,"os_mon@myserver"} 1 2.5390625 0 2.5390625 2.5390625 0 0
stats: {cpu,"os_mon@myserver"} 1 1.8920282542885973 0 1.8920282542885973 1.8920282542885973 0 0
stats: session 587 23.520847197082645 4.031993928300341 48.60107421875 16.058837890625 0 0
stats: users_count 588 588
stats: finish_users_count 587 587
stats: request 5832 2.0068317512752922 0.6104941323821287 11.537841796875 0.947021484375 0 0
stats: page 581 21.403988442609723 3.8357101103758313 45.625 14.553955078125 0 0
stats: connect 5834 0.98035588622461 0.33215066802354054 7.033935546875 0.375 0 0
stats: 200 5832 5832
stats: size_rcv 2531088 2531088
stats: size_sent 762258 762258
stats: connected 2 2
# stats: dump at 1338974821
stats: users 6 31
stats: {load,"os_mon@test2"} 1 1.23828125 0.0 1.37109375 1.23828125 1.37109375 1
stats: {freemem,"os_mon@test2"} 1 1443.53125 0.0 1445.0234375 1443.53125 1445.0234375 1
stats: {recvpackets,"os_mon@test3"} 1 3708 0 3708 3708 0 0
stats: {sentpackets,"os_mon@test3"} 1 2542 0 2542 2542 0 0
stats: {load,"os_mon@test4"} 1 1.28125 0.0 1.421875 1.28125 1.421875 1
stats: {cpu,"os_mon@test3"} 1 19.28020565552699 0.0 19.28020565552699 2.8282828282828283 2.8282828282828283 1
stats: {freemem,"os_mon@test4"} 1 1420.71484375 0.0 1421.59375 1420.71484375 1421.59375 1
stats: {freemem,"os_mon@myserver"} 1 2901.43359375 0.0 2901.43359375 2897.25390625 2897.25390625 1
stats: {recvpackets,"os_mon@test2"} 1 3691 0 3691 3691 0 0
stats: {sentpackets,"os_mon@test2"} 1 2528 0 2528 2528 0 0
stats: {cpu,"os_mon@test2"} 1 12.811387900355871 0.0 12.811387900355871 2.260170768458061 2.260170768458061 1
stats: {load,"os_mon@test3"} 1 1.609375 0.0 1.8203125 1.609375 1.8203125 1
stats: {recvpackets,"os_mon@test4"} 1 3674 0 3674 3674 0 0
stats: {sentpackets,"os_mon@test4"} 1 2519 0 2519 2519 0 0
stats: {freemem,"os_mon@test3"} 1 1427.453125 0.0 1427.453125 1424.83203125 1424.83203125 1
stats: {cpu,"os_mon@test4"} 1 11.364789446981227 0.0 11.364789446981227 2.3023023023023024 2.3023023023023024 1
stats: {load,"os_mon@myserver"} 1 2.1484375 0.0 2.5390625 2.1484375 2.5390625 1
stats: {recvpackets,"os_mon@myserver"} 1 3801 0 3801 3801 0 0
stats: {sentpackets,"os_mon@myserver"} 1 2607 0 2607 2607 0 0
stats: {cpu,"os_mon@myserver"} 1 14.48645886561063 0.0 14.48645886561063 1.8920282542885973 1.8920282542885973 1
stats: session 1609 40.91190954081535 113.79362654098999 2542.7451171875 15.508056640625 23.520847197082645 587
stats: users_count 1614 2202
stats: finish_users_count 1609 2196
stats: request 15804 3.7214876376233956 34.40718208767215 2493.202880859375 0.947021484375 2.0068317512752922 5832
stats: page 1579 38.64048661756852 112.0416623573722 2540.717041015625 13.90087890625 21.403988442609723 581
stats: connect 15810 1.8387921694635512 22.488257627597108 1002.791015625 0.33984375 0.98035588622461 5834
stats: 200 15804 21636
stats: size_rcv 6858936 9390024
stats: newphase 6 6
stats: size_sent 2067722 2829980
stats: connected 6 8
# stats: dump at 1338974831
stats: users 210 228
stats: {load,"os_mon@test2"} 1 1.12109375 0.0 1.37109375 1.12109375 1.3046875 2
stats: {freemem,"os_mon@test2"} 1 1442.7109375 0.0 1445.0234375 1442.7109375 1444.27734375 2
stats: {recvpackets,"os_mon@test3"} 1 7542.0 0.0 7542 3708 3708.0 1
stats: {sentpackets,"os_mon@test3"} 1 5061.0 0.0 5061 2542 2542.0 1
stats: {load,"os_mon@test4"} 1 1.171875 0.0 1.421875 1.171875 1.3515625 2
stats: {cpu,"os_mon@test3"} 1 35.90673575129534 0.0 35.90673575129534 2.8282828282828283 11.05424424190491 2
stats: {freemem,"os_mon@test4"} 1 1419.53515625 0.0 1421.59375 1419.53515625 1421.154296875 2
stats: {freemem,"os_mon@myserver"} 1 2900.86328125 0.0 2901.43359375 2897.25390625 2899.34375 2
stats: {recvpackets,"os_mon@test2"} 1 7528.0 0.0 7528 3691 3691.0 1
stats: {sentpackets,"os_mon@test2"} 1 5057.0 0.0 5057 2528 2528.0 1
stats: {cpu,"os_mon@test2"} 1 33.933161953727506 0.0 33.933161953727506 2.260170768458061 7.535779334406966 2
stats: {load,"os_mon@test3"} 1 1.58984375 0.0 1.8203125 1.58984375 1.71484375 2
stats: {recvpackets,"os_mon@test4"} 1 7517.0 0.0 7517 3674 3674.0 1
stats: {sentpackets,"os_mon@test4"} 1 5046.0 0.0 5046 2519 2519.0 1
stats: {freemem,"os_mon@test3"} 1 1428.0546875 0.0 1428.0546875 1424.83203125 1426.142578125 2
stats: {cpu,"os_mon@test4"} 1 28.94333843797856 0.0 28.94333843797856 2.3023023023023024 6.833545874641764 2
stats: {load,"os_mon@myserver"} 1 1.8984375 0.0 2.5390625 1.8984375 2.34375 2
stats: {recvpackets,"os_mon@myserver"} 1 7689.0 0.0 7689 3801 3801.0 1
stats: {sentpackets,"os_mon@myserver"} 1 5152.0 0.0 5152 2607 2607.0 1
stats: {cpu,"os_mon@myserver"} 1 32.32296838254508 0.0 32.32296838254508 1.8920282542885973 8.189243559949613 2
stats: session 2116 449.6039519859845 425.25320554604446 6279.89404296875 15.508056640625 36.26320571760447 2196
stats: users_count 2320 4522
stats: finish_users_count 2116 4312
stats: request 21772 44.87189534804241 115.10321968889396 5981.97998046875 0.947021484375 3.259300859606103 21636
stats: page 2079 433.3877628357608 428.56943582745356 6278.426025390625 13.90087890625 34.00418780291525 2160
stats: connect 21855 22.209715836175214 67.36686348097385 1062.921875 0.33984375 1.6074062298767842 21644
stats: 200 21772 43408
stats: size_rcv 9449048 18839072
stats: newphase 6 12
stats: size_sent 2858191 5688171
stats: connected 83 91
# stats: dump at 1338974841
stats: users 1387 1387
stats: {load,"os_mon@test2"} 1 1.26171875 0.0 1.37109375 1.12109375 1.2434895833333333 3
stats: {freemem,"os_mon@test2"} 1 1434.953125 0.0 1445.0234375 1434.953125 1443.7552083333333 3
stats: {recvpackets,"os_mon@test3"} 1 10605.0 0.0 10605 3708 5625.0 2
stats: {sentpackets,"os_mon@test3"} 1 7147.0 0.0 7147 2542 3801.5 2
stats: {load,"os_mon@test4"} 1 1.140625 0.0 1.421875 1.140625 1.2916666666666667 3
stats: {cpu,"os_mon@test3"} 1 48.27225130890052 0.0 48.27225130890052 2.8282828282828283 19.338408078368385 3
stats: {freemem,"os_mon@test4"} 1 1415.640625 0.0 1421.59375 1415.640625 1420.6145833333333 3
stats: {freemem,"os_mon@myserver"} 1 2903.6328125 0.0 2903.6328125 2897.25390625 2899.8502604166665 3
stats: {recvpackets,"os_mon@test2"} 1 10575.0 0.0 10575 3691 5609.5 2
stats: {sentpackets,"os_mon@test2"} 1 7123.0 0.0 7123 2528 3792.5 2
stats: {cpu,"os_mon@test2"} 1 47.046632124352335 0.0 47.046632124352335 2.260170768458061 16.33490687418048 3
stats: {load,"os_mon@test3"} 1 1.5703125 0.0 1.8203125 1.5703125 1.6731770833333333 3
stats: {recvpackets,"os_mon@test4"} 1 10581.0 0.0 10581 3674 5595.5 2
stats: {sentpackets,"os_mon@test4"} 1 7129.0 0.0 7129 2519 3782.5 2
stats: {freemem,"os_mon@test3"} 1 1425.2890625 0.0 1428.0546875 1424.83203125 1426.7799479166667 3
stats: {cpu,"os_mon@test4"} 1 41.08527131782946 0.0 41.08527131782946 2.3023023023023024 14.203476729087363 3
stats: {load,"os_mon@myserver"} 1 2.21875 0.0 2.5390625 1.8984375 2.1953125 3
stats: {recvpackets,"os_mon@myserver"} 1 10928.0 0.0 10928 3801 5745.0 2
stats: {sentpackets,"os_mon@myserver"} 1 7373.0 0.0 7373 2607 3879.5 2
stats: {cpu,"os_mon@myserver"} 1 56.047349459598564 0.0 56.047349459598564 1.8920282542885973 16.233818500814767 3
stats: session 2075 2051.6658767884046 1042.3356897086992 6417.093017578125 15.508056640625 239.0992491090451 4312
stats: users_count 3252 7774
stats: finish_users_count 2075 6387
stats: request 25409 248.86294850042407 185.8374743299789 5981.97998046875 0.947021484375 24.130785544508313 43408
stats: page 2114 1973.5451977746936 1037.5194501003866 6414.5029296875 13.90087890625 229.8802086788968 4239
stats: connect 25991 127.85760778671 125.90282917505502 3067.10107421875 0.33984375 11.958528702707245 43499
stats: 200 25409 68817
stats: size_rcv 11027506 29866578
stats: newphase 6 18
stats: size_sent 3393927 9082098
stats: connected 582 673
# stats: dump at 1338974851
stats: users 4083 4083
stats: {load,"os_mon@test2"} 1 1.21875 0.0 1.37109375 1.12109375 1.248046875 4
stats: {freemem,"os_mon@test2"} 1 1409.20703125 0.0 1445.0234375 1409.20703125 1441.5546875 4
stats: {recvpackets,"os_mon@test3"} 1 13007.0 0.0 13007 3708 7285.0 3
stats: {sentpackets,"os_mon@test3"} 1 8787.0 0.0 8787 2542 4916.666666666667 3
stats: {load,"os_mon@test4"} 1 1.0390625 0.0 1.421875 1.0390625 1.25390625 4
stats: {cpu,"os_mon@test3"} 1 55.93132154006244 0.0 55.93132154006244 2.8282828282828283 26.57186888600142 4
stats: {freemem,"os_mon@test4"} 1 1387.71484375 0.0 1421.59375 1387.71484375 1419.37109375 4
stats: {freemem,"os_mon@myserver"} 1 2876.36328125 0.0 2903.6328125 2876.36328125 2900.7958984375 4
stats: {recvpackets,"os_mon@test2"} 1 1.3e4 0.0 13000 3691 7264.666666666667 3
stats: {sentpackets,"os_mon@test2"} 1 8786.0 0.0 8786 2528 4902.666666666667 3
stats: {cpu,"os_mon@test2"} 1 46.33766233766234 0.0 47.046632124352335 2.260170768458061 24.012838186723442 4
stats: {load,"os_mon@test3"} 1 1.48828125 0.0 1.8203125 1.48828125 1.6474609375 4
stats: {recvpackets,"os_mon@test4"} 1 13002.0 0.0 13002 3674 7257.333333333333 3
stats: {sentpackets,"os_mon@test4"} 1 8787.0 0.0 8787 2519 4898.0 3
stats: {freemem,"os_mon@test3"} 1 1392.94140625 0.0 1428.0546875 1392.94140625 1426.4072265625 4
stats: {cpu,"os_mon@test4"} 1 48.16537467700258 0.0 48.16537467700258 2.3023023023023024 20.923925376272887 4
stats: {load,"os_mon@myserver"} 1 3.94921875 0.0 3.94921875 1.8984375 2.201171875 4
stats: {recvpackets,"os_mon@myserver"} 1 14815.0 0.0 14815 3801 7472.666666666667 3
stats: {sentpackets,"os_mon@myserver"} 1 9993.0 0.0 9993 2607 5044.0 3
stats: {cpu,"os_mon@myserver"} 1 56.73807878369039 0.0 56.73807878369039 1.8920282542885973 26.187201240510717 4
stats: session 1669 6194.454887230141 1599.3429397416387 13388.2470703125 15.508056640625 827.9634658672525 6387
stats: users_count 4365 12139
stats: finish_users_count 1669 8056
stats: request 25560 805.7387324994369 644.2958825585022 8561.8330078125 0.947021484375 107.10765940629919 68817
stats: page 1655 6078.258072129905 1571.0936782806982 13386.96484375 13.90087890625 810.0955064828499 6353
stats: connect 26944 392.86257278551034 418.7608220856142 7270.4560546875 0.33984375 55.307686343696105 69490
stats: 200 25560 94377
stats: size_rcv 11093040 40959618
stats: newphase 6 24
stats: size_sent 3521208 12603306
stats: connected 1384 2057
# stats: dump at 1338974861
stats: users 3985 4589
stats: {load,"os_mon@test2"} 1 1.33984375 0.0 1.37109375 1.12109375 1.2421875 5
stats: {freemem,"os_mon@test2"} 1 1354.6484375 0.0 1445.0234375 1354.6484375 1435.08515625 5
stats: {recvpackets,"os_mon@test3"} 1 15493.0 0.0 15493 3708 8715.5 4
stats: {sentpackets,"os_mon@test3"} 1 10491.0 0.0 10491 2542 5884.25 4
stats: {load,"os_mon@test4"} 1 1.109375 0.0 1.421875 1.0390625 1.2109375 5
stats: {cpu,"os_mon@test3"} 1 58.15303430079156 0.0 58.15303430079156 2.8282828282828283 32.44375941681362 5
stats: {freemem,"os_mon@test4"} 1 1327.578125 0.0 1421.59375 1327.578125 1413.03984375 5
stats: {freemem,"os_mon@myserver"} 1 2875.44921875 0.0 2903.6328125 2875.44921875 2895.909375 5
stats: {recvpackets,"os_mon@test2"} 1 15538.0 0.0 15538 3691 8698.5 4
stats: {sentpackets,"os_mon@test2"} 1 10508.0 0.0 10508 2528 5873.5 4
stats: {cpu,"os_mon@test2"} 1 54.74452554744526 0.0 54.74452554744526 2.260170768458061 28.477803016911217 5
stats: {load,"os_mon@test3"} 1 1.421875 0.0 1.8203125 1.421875 1.615625 5
stats: {recvpackets,"os_mon@test4"} 1 15550.0 0.0 15550 3674 8693.5 4
stats: {sentpackets,"os_mon@test4"} 1 10513.0 0.0 10513 2519 5870.25 4
stats: {freemem,"os_mon@test3"} 1 1315.33984375 0.0 1428.0546875 1315.33984375 1419.7140625 5
stats: {cpu,"os_mon@test4"} 1 54.55974842767296 0.0 54.55974842767296 2.3023023023023024 26.37221523641883 5
stats: {load,"os_mon@myserver"} 1 3.8984375 0.0 3.94921875 1.8984375 2.55078125 5
stats: {recvpackets,"os_mon@myserver"} 1 19089.0 0.0 19089 3801 9308.25 4
stats: {sentpackets,"os_mon@myserver"} 1 13389.0 0.0 13389 2607 6281.25 4
stats: {cpu,"os_mon@myserver"} 1 55.004570383912245 0.0 56.73807878369039 1.8920282542885973 32.29737674914665 5
stats: session 2199 11248.937277619974 2725.2600785807676 20832.531005859375 15.508056640625 1939.7651270210088 8056
stats: users_count 2101 14240
stats: finish_users_count 2199 10255
stats: request 26558 1493.6840335395734 1575.913985616998 16428.531005859375 0.947021484375 296.3170030838965 94377
stats: page 2095 11081.521988505003 2681.3058815042737 19885.35888671875 13.90087890625 1898.8578748826847 8008
stats: connect 25956 544.1285482128251 862.4833359600918 15282.095947265625 0.33984375 149.62171314221365 96434
stats: 200 26558 120935
stats: size_rcv 11526172 52485790
stats: newphase 6 30
stats: size_sent 3393228 15996534
stats: connected -602 1455
# stats: dump at 1338974871
stats: users 4463 4589
stats: {load,"os_mon@test2"} 1 1.2890625 0.0 1.37109375 1.12109375 1.2584635416666667 6
stats: {freemem,"os_mon@test2"} 1 1313.29296875 0.0 1445.0234375 1313.29296875 1421.6790364583333 6
stats: {recvpackets,"os_mon@test3"} 1 9107.0 0.0 15493 3708 10071.0 5
stats: {sentpackets,"os_mon@test3"} 1 6872.0 0.0 10491 2542 6805.6 5
stats: {load,"os_mon@test4"} 1 1.1796875 0.0 1.421875 1.0390625 1.1940104166666667 6
stats: {cpu,"os_mon@test3"} 1 49.002100840336134 0.0 58.15303430079156 2.8282828282828283 36.728638564143274 6
stats: {freemem,"os_mon@test4"} 1 1292.90625 0.0 1421.59375 1292.90625 1398.7962239583333 6
stats: {freemem,"os_mon@myserver"} 0 0 0 2903.6328125 2875.44921875 2892.4993489583335 6
stats: {recvpackets,"os_mon@test2"} 1 9456.0 0.0 15538 3691 10066.4 5
stats: {sentpackets,"os_mon@test2"} 1 7149.0 0.0 10508 2528 6800.4 5
stats: {cpu,"os_mon@test2"} 1 59.20322743318205 0.0 59.20322743318205 2.260170768458061 32.855590105333555 6
stats: {load,"os_mon@test3"} 1 1.19921875 0.0 1.8203125 1.19921875 1.5833333333333333 6
stats: {recvpackets,"os_mon@test4"} 1 9076.0 0.0 15550 3674 10064.8 5
stats: {sentpackets,"os_mon@test4"} 1 6859.0 0.0 10513 2519 6798.8 5
stats: {freemem,"os_mon@test3"} 1 1293.68359375 0.0 1428.0546875 1293.68359375 1402.318359375 6
stats: {cpu,"os_mon@test4"} 1 54.80719794344473 0.0 54.80719794344473 2.3023023023023024 31.070137434961183 6
stats: {load,"os_mon@myserver"} 0 0 0 3.94921875 1.8984375 2.775390625 6
stats: {recvpackets,"os_mon@myserver"} 0 0 0 19089 3801 11264.4 5
stats: {sentpackets,"os_mon@myserver"} 0 0 0 13389 2607 7702.8 5
stats: {cpu,"os_mon@myserver"} 0 0 0 56.73807878369039 1.8920282542885973 36.08190902160758 6
stats: session 2870 14386.674231424902 4073.106329236201 28588.820068359375 15.508056640625 3935.9493843751898 10255
stats: users_count 3348 17588
stats: finish_users_count 2870 13125
stats: request 26781 1312.1270245867977 1657.9407568830295 26222.154052734375 0.947021484375 559.2654761879761 120935
stats: page 2958 14266.373507589324 3988.241170308677 28587.27392578125 13.90087890625 3803.0132067681398 10103
stats: connect 27664 522.3217363418198 924.0745060888033 15310.883056640625 0.33984375 233.28720387750894 122390
stats: 200 26781 147716
stats: size_rcv 11622954 64108744
stats: newphase 6 36
stats: size_sent 3618256 19614790
stats: connected 883 2338
# stats: dump at 1338974881
stats: users 3794 5017
stats: {load,"os_mon@test2"} 1 1.25 0.0 1.37109375 1.12109375 1.2628348214285714 7
stats: {freemem,"os_mon@test2"} 1 1283.69140625 0.0 1445.0234375 1283.69140625 1406.1953125 7
stats: {recvpackets,"os_mon@test3"} 1 14203.0 0.0 15493 3708 9910.333333333334 6
stats: {sentpackets,"os_mon@test3"} 1 10283.0 0.0 10491 2542 6816.666666666667 6
stats: {load,"os_mon@test4"} 1 1.078125 0.0 1.421875 1.0390625 1.1919642857142858 7
stats: {cpu,"os_mon@test3"} 1 65.79360921948664 0.0 65.79360921948664 2.8282828282828283 38.48199031788511 7
stats: {freemem,"os_mon@test4"} 1 1263.4375 0.0 1421.59375 1263.4375 1383.6690848214287 7
stats: {freemem,"os_mon@myserver"} 1 2872.78515625 0.0 2903.6328125 2872.78515625 2892.4993489583335 6
stats: {recvpackets,"os_mon@test2"} 1 14093.0 0.0 15538 3691 9964.666666666666 6
stats: {sentpackets,"os_mon@test2"} 1 10201.0 0.0 10508 2528 6858.5 6
stats: {cpu,"os_mon@test2"} 1 55.64263322884012 0.0 59.20322743318205 2.260170768458061 36.619538295026196 7
stats: {load,"os_mon@test3"} 1 1.171875 0.0 1.8203125 1.171875 1.5284598214285714 7
stats: {recvpackets,"os_mon@test4"} 1 14232.0 0.0 15550 3674 9.9e3 6
stats: {sentpackets,"os_mon@test4"} 1 10302.0 0.0 10513 2519 6808.833333333333 6
stats: {freemem,"os_mon@test3"} 1 1219.13671875 0.0 1428.0546875 1219.13671875 1386.799107142857 7
stats: {cpu,"os_mon@test4"} 1 50.571725571725565 0.0 54.80719794344473 2.3023023023023024 34.46114607903026 7
stats: {load,"os_mon@myserver"} 1 4.4609375 0.0 4.4609375 1.8984375 2.775390625 6
stats: {recvpackets,"os_mon@myserver"} 1 16924.0 0.0 19089 3801 11264.4 5
stats: {sentpackets,"os_mon@myserver"} 1 12349.0 0.0 13389 2607 7702.8 5
stats: {cpu,"os_mon@myserver"} 1 54.696714406065716 0.0 56.73807878369039 1.8920282542885973 36.08190902160758 6
stats: session 2603 14144.528542974747 5978.345583717392 40208.14697265625 15.508056640625 6221.17455093006 13125
stats: users_count 1934 19522
stats: finish_users_count 2603 15728
stats: request 27688 1545.7923107395136 2044.929569162907 32622.6279296875 0.947021484375 695.7597295367592 147716
stats: page 2559 14075.213665692776 5930.839011240472 40206.657958984375 13.90087890625 6172.710762072409 13061
stats: connect 27109 606.2146307697535 1186.5011094998072 31326.208984375 0.33984375 286.57369611425503 150054
stats: 200 27688 175404
stats: size_rcv 12016592 76125336
stats: newphase 3 39
stats: size_sent 3544213 23159003
stats: connected -579 1759
# stats: dump at 1338974891
stats: users 4135 5017
stats: {load,"os_mon@test2"} 1 1.26953125 0.0 1.37109375 1.12109375 1.26123046875 8
stats: {freemem,"os_mon@test2"} 1 1242.16015625 0.0 1445.0234375 1242.16015625 1390.88232421875 8
stats: {recvpackets,"os_mon@test3"} 1 10980.0 0.0 15493 3708 10523.57142857143 7
stats: {sentpackets,"os_mon@test3"} 1 8283.0 0.0 10491 2542 7311.857142857143 7
stats: {load,"os_mon@test4"} 1 0.98046875 0.0 1.421875 0.98046875 1.177734375 8
stats: {cpu,"os_mon@test3"} 1 66.99895068205667 0.0 66.99895068205667 2.8282828282828283 41.89594268058531 8
stats: {freemem,"os_mon@test4"} 1 1260.66796875 0.0 1421.59375 1260.66796875 1368.64013671875 8
stats: {freemem,"os_mon@myserver"} 1 2869.109375 0.0 2903.6328125 2869.109375 2889.683035714286 7
stats: {recvpackets,"os_mon@test2"} 1 11111.0 0.0 15538 3691 10554.42857142857 7
stats: {sentpackets,"os_mon@test2"} 1 8375.0 0.0 10508 2528 7336.0 7
stats: {cpu,"os_mon@test2"} 1 65.88983050847457 0.0 65.88983050847457 2.260170768458061 38.997425161752936 8
stats: {load,"os_mon@test3"} 1 1.2109375 0.0 1.8203125 1.171875 1.48388671875 8
stats: {recvpackets,"os_mon@test4"} 1 10939.0 0.0 15550 3674 10518.857142857143 7
stats: {sentpackets,"os_mon@test4"} 1 8261.0 0.0 10513 2519 7307.857142857143 7
stats: {freemem,"os_mon@test3"} 1 1165.40625 0.0 1428.0546875 1165.40625 1365.84130859375 8
stats: {cpu,"os_mon@test4"} 1 43.205394190871374 0.0 54.80719794344473 2.3023023023023024 36.47496851561717 8
stats: {load,"os_mon@myserver"} 1 4.91015625 0.0 4.91015625 1.8984375 3.0161830357142856 7
stats: {recvpackets,"os_mon@myserver"} 1 14950.0 0.0 19089 3801 12207.666666666666 6
stats: {sentpackets,"os_mon@myserver"} 1 11119.0 0.0 13389 2607 8477.166666666666 6
stats: {cpu,"os_mon@myserver"} 1 52.54237288135594 0.0 56.73807878369039 1.8920282542885973 38.74116693367303 7
stats: session 2733 15114.328357527642 6169.497588530557 47850.3701171875 15.508056640625 7532.497696993915 15728
stats: users_count 3074 22596
stats: finish_users_count 2733 18461
stats: connect 26847 535.8440634079204 1029.9637057326179 31326.208984375 0.33984375 335.4842818323559 177163
stats: request 27083 1434.7826869978599 2043.5237697697137 35133.481201171875 0.947021484375 829.9396918428746 175404
stats: page 2781 15090.98338447908 6064.264358223521 46109.670166015625 13.90087890625 7467.365367089344 15620
stats: 200 27083 202487
stats: size_rcv 11754022 87879358
stats: newphase 6 45
stats: size_sent 3508023 26667026
stats: connected -236 1523
# stats: dump at 1338974901
stats: users 4854 5017
stats: {load,"os_mon@test2"} 1 1.078125 0.0 1.37109375 1.078125 1.2621527777777777 9
stats: {freemem,"os_mon@test2"} 1 1206.28125 0.0 1445.0234375 1206.28125 1374.357638888889 9
stats: {recvpackets,"os_mon@test3"} 1 13530.0 0.0 15493 3708 10580.625 8
stats: {sentpackets,"os_mon@test3"} 1 9968.0 0.0 10491 2542 7433.25 8
stats: {load,"os_mon@test4"} 1 0.98828125 0.0 1.421875 0.98046875 1.1558159722222223 9
stats: {cpu,"os_mon@test3"} 1 73.74156720290607 0.0 73.74156720290607 2.8282828282828283 44.6851657918599 9
stats: {freemem,"os_mon@test4"} 1 1267.0625 0.0 1421.59375 1260.66796875 1356.6432291666667 9
stats: {freemem,"os_mon@myserver"} 1 2870.6015625 0.0 2903.6328125 2869.109375 2887.111328125 8
stats: {recvpackets,"os_mon@test2"} 1 13725.0 0.0 15538 3691 10624.0 8
stats: {sentpackets,"os_mon@test2"} 1 10097.0 0.0 10508 2528 7465.875 8
stats: {cpu,"os_mon@test2"} 1 60.15503875968993 0.0 65.88983050847457 2.260170768458061 41.98547020027756 9
stats: {load,"os_mon@test3"} 1 1.48046875 0.0 1.8203125 1.171875 1.4535590277777777 9
stats: {recvpackets,"os_mon@test4"} 1 13455.0 0.0 15550 3674 10571.375 8
stats: {sentpackets,"os_mon@test4"} 1 9920.0 0.0 10513 2519 7427.0 8
stats: {freemem,"os_mon@test3"} 1 1088.5 0.0 1428.0546875 1088.5 1343.5707465277778 9
stats: {cpu,"os_mon@test4"} 1 41.5851775604735 0.0 54.80719794344473 2.3023023023023024 37.22279359064541 9
stats: {load,"os_mon@myserver"} 1 4.69140625 0.0 4.91015625 1.8984375 3.2529296875 8
stats: {recvpackets,"os_mon@myserver"} 1 13833.0 0.0 19089 3801 12599.42857142857 7
stats: {sentpackets,"os_mon@myserver"} 1 10380.0 0.0 13389 2607 8854.57142857143 7
stats: {cpu,"os_mon@myserver"} 1 54.91183879093199 0.0 56.73807878369039 1.8920282542885973 40.4663176771334 8
stats: session 2517 15046.54157364686 7044.700367342687 57687.566162109375 15.508056640625 8654.925690885833 18461
stats: users_count 3236 25832
stats: finish_users_count 2517 20978
stats: request 27157 1559.6654981712934 2310.46789675289 51812.862060546875 0.947021484375 910.8385289918396 202487
stats: page 2511 15129.771238192572 7171.844542078243 57686.333984375 13.90087890625 8619.546319557192 18401
stats: connect 28198 507.98473126279885 1236.5474571547188 31357.510009765625 0.33984375 361.85092589862313 204010
stats: 200 27157 229644
stats: size_rcv 11786138 99665496
stats: newphase 6 51
stats: size_sent 3685326 30352352
stats: connected 1041 2564
# stats: dump at 1338974911
stats: users 5169 5546
stats: {load,"os_mon@test2"} 1 1.1484375 0.0 1.37109375 1.078125 1.24375 10
stats: {freemem,"os_mon@test2"} 1 1169.328125 0.0 1445.0234375 1169.328125 1357.55 10
stats: {recvpackets,"os_mon@test3"} 1 14651.0 0.0 15493 3708 10908.333333333334 9
stats: {sentpackets,"os_mon@test3"} 1 10817.0 0.0 10817 2542 7714.888888888889 9
stats: {load,"os_mon@test4"} 1 1.0 0.0 1.421875 0.98046875 1.1390625 10
stats: {cpu,"os_mon@test3"} 1 71.8930256948086 0.0 73.74156720290607 2.8282828282828283 47.59080593296452 10
stats: {freemem,"os_mon@test4"} 1 1223.87890625 0.0 1421.59375 1223.87890625 1347.68515625 10
stats: {freemem,"os_mon@myserver"} 1 2857.69140625 0.0 2903.6328125 2857.69140625 2885.276909722222 9
stats: {recvpackets,"os_mon@test2"} 1 14358.0 0.0 15538 3691 10968.555555555555 9
stats: {sentpackets,"os_mon@test2"} 1 10661.0 0.0 10661 2528 7758.222222222223 9
stats: {cpu,"os_mon@test2"} 1 56.051282051282044 0.0 65.88983050847457 2.260170768458061 43.802427056218804 10
stats: {load,"os_mon@test3"} 1 1.62890625 0.0 1.8203125 1.171875 1.45625 10
stats: {recvpackets,"os_mon@test4"} 1 14653.0 0.0 15550 3674 10891.777777777777 9
stats: {sentpackets,"os_mon@test4"} 1 10775.0 0.0 10775 2519 7704.0 9
stats: {freemem,"os_mon@test3"} 1 1020.06640625 0.0 1428.0546875 1020.06640625 1318.063671875 10
stats: {cpu,"os_mon@test4"} 1 60.339506172839506 0.0 60.339506172839506 2.3023023023023024 37.65903198762822 10
stats: {load,"os_mon@myserver"} 1 4.96875 0.0 4.96875 1.8984375 3.4127604166666665 9
stats: {recvpackets,"os_mon@myserver"} 1 20308.0 0.0 20308 3801 12753.625 8
stats: {sentpackets,"os_mon@myserver"} 1 14916.0 0.0 14916 2607 9045.25 8
stats: {cpu,"os_mon@myserver"} 1 50.256769374416436 0.0 56.73807878369039 1.8920282542885973 42.071375578666576 9
stats: session 2667 15878.387985956098 7022.2786662427325 63072.751953125 15.508056640625 9421.809911350581 20978
stats: users_count 2982 28814
stats: finish_users_count 2667 23645
stats: request 29282 1631.0133406901818 2291.2735071817892 51812.862060546875 0.947021484375 987.5668301972114 229644
stats: page 2665 15855.719467306226 7043.363090601217 63071.43798828125 13.90087890625 9401.25896161407 20912
stats: connect 28449 621.9176174755085 1062.8338483790064 31357.510009765625 0.33984375 379.59657223147576 232208
stats: 200 29282 258926
stats: size_rcv 12708388 112373884
stats: newphase 5 56
stats: size_sent 3719137 34071489
stats: connected -833 1731
# stats: dump at 1338974921
stats: users 4607 5546
stats: {load,"os_mon@test2"} 1 1.28125 0.0 1.37109375 1.078125 1.2350852272727273 11
stats: {freemem,"os_mon@test2"} 1 1140.08984375 0.0 1445.0234375 1140.08984375 1340.4389204545455 11
stats: {recvpackets,"os_mon@test3"} 1 14737.0 0.0 15493 3708 11282.6 10
stats: {sentpackets,"os_mon@test3"} 1 11001.0 0.0 11001 2542 8025.1 10
stats: {load,"os_mon@test4"} 1 1.0703125 0.0 1.421875 0.98046875 1.1264204545454546 11
stats: {cpu,"os_mon@test3"} 1 67.6056338028169 0.0 73.74156720290607 2.8282828282828283 49.800098638586704 11
stats: {freemem,"os_mon@test4"} 1 1146.1171875 0.0 1421.59375 1146.1171875 1336.4300426136363 11
stats: {freemem,"os_mon@myserver"} 0 0 0 2903.6328125 2857.69140625 2882.518359375 10
stats: {recvpackets,"os_mon@test2"} 1 14672.0 0.0 15538 3691 11307.5 10
stats: {sentpackets,"os_mon@test2"} 1 10914.0 0.0 10914 2528 8048.5 10
stats: {cpu,"os_mon@test2"} 1 53.12984997413347 0.0 65.88983050847457 2.260170768458061 44.91595932849728 11
stats: {load,"os_mon@test3"} 1 1.5390625 0.0 1.8203125 1.171875 1.4719460227272727 11
stats: {recvpackets,"os_mon@test4"} 1 14882.0 0.0 15550 3674 11267.9 10
stats: {sentpackets,"os_mon@test4"} 1 11136.0 0.0 11136 2519 8011.1 10
stats: {freemem,"os_mon@test3"} 1 955.66015625 0.0 1428.0546875 955.66015625 1290.9730113636363 11
stats: {cpu,"os_mon@test4"} 1 65.78538102643857 0.0 65.78538102643857 2.3023023023023024 39.72089327719288 11
stats: {load,"os_mon@myserver"} 0 0 0 4.96875 1.8984375 3.568359375 10
stats: {recvpackets,"os_mon@myserver"} 0 0 0 20308 3801 13593.0 9
stats: {sentpackets,"os_mon@myserver"} 0 0 0 14916 2607 9697.555555555555 9
stats: {cpu,"os_mon@myserver"} 0 0 0 56.73807878369039 1.8920282542885973 42.88991495824156 10
stats: session 2777 17122.27125799326 7202.171203967326 75718.7509765625 15.508056640625 10150.069320315391 23645
stats: users_count 2215 31029
stats: finish_users_count 2777 26422
stats: request 26720 1846.4513867680914 2754.7771099555744 53825.59814453125 0.947021484375 1060.3343418424504 258926
stats: page 2769 17089.227477520377 7134.9871122865925 75716.96313476563 13.90087890625 10130.831733708466 23577
stats: connect 27345 524.2132457694779 1074.3688945177178 31357.510009765625 0.33984375 406.0443231690968 260657
stats: 200 26720 285646
stats: size_rcv 11596480 123970364
stats: newphase 6 62
stats: size_sent 3573577 37645066
stats: connected 625 2356
# stats: dump at 1338974931
stats: users 5211 5617
stats: {load,"os_mon@test2"} 1 1.55078125 0.0 1.55078125 1.078125 1.2389322916666667 12
stats: {freemem,"os_mon@test2"} 1 1102.5703125 0.0 1445.0234375 1102.5703125 1323.7431640625 12
stats: {recvpackets,"os_mon@test3"} 1 13975.0 0.0 15493 3708 11596.636363636364 11
stats: {sentpackets,"os_mon@test3"} 1 10752.0 0.0 11001 2542 8295.636363636364 11
stats: {load,"os_mon@test4"} 1 1.05859375 0.0 1.421875 0.98046875 1.1217447916666667 12
stats: {cpu,"os_mon@test3"} 1 64.55165180912428 0.0 73.74156720290607 2.8282828282828283 51.28389323560589 12
stats: {freemem,"os_mon@test4"} 1 1149.48828125 0.0 1421.59375 1146.1171875 1320.5706380208333 12
stats: {freemem,"os_mon@myserver"} 1 2857.06640625 0.0 2903.6328125 2857.06640625 2882.518359375 10
stats: {recvpackets,"os_mon@test2"} 1 14464.0 0.0 15538 3691 11613.363636363636 11
stats: {sentpackets,"os_mon@test2"} 1 11086.0 0.0 11086 2528 8309.0 11
stats: {cpu,"os_mon@test2"} 1 64.17445482866043 0.0 65.88983050847457 2.260170768458061 45.60045021563363 12
stats: {load,"os_mon@test3"} 1 1.53125 0.0 1.8203125 1.171875 1.4775390625 12
stats: {recvpackets,"os_mon@test4"} 1 13702.0 0.0 15550 3674 11596.454545454546 11
stats: {sentpackets,"os_mon@test4"} 1 10561.0 0.0 11136 2519 8295.181818181818 11
stats: {freemem,"os_mon@test3"} 1 895.640625 0.0 1428.0546875 895.640625 1263.0302734374998 12
stats: {cpu,"os_mon@test4"} 1 69.46169772256728 0.0 69.46169772256728 2.3023023023023024 41.89293392296336 12
stats: {load,"os_mon@myserver"} 1 4.828125 0.0 4.96875 1.8984375 3.568359375 10
stats: {recvpackets,"os_mon@myserver"} 1 13629.0 0.0 20308 3801 13593.0 9
stats: {sentpackets,"os_mon@myserver"} 1 10714.0 0.0 14916 2607 9697.555555555555 9
stats: {cpu,"os_mon@myserver"} 1 54.797166773985836 0.0 56.73807878369039 1.8920282542885973 42.88991495824156 10
stats: session 2617 18028.533436817088 7716.437491667362 75718.7509765625 15.508056640625 10882.860357365253 26422
stats: users_count 3221 34250
stats: finish_users_count 2617 29039
stats: request 28739 1698.2940422585584 2461.149743975522 61399.573974609375 0.947021484375 1133.8695828064867 285646
stats: page 2630 17971.534037009133 7686.670762701333 75716.96313476563 13.90087890625 10862.168476083596 26346
stats: connect 28782 581.8680756418892 1100.3790966467263 31357.510009765625 0.33984375 417.26413826936493 288002
stats: 200 28738 314384
stats: size_rcv 12472292 136442656
stats: newphase 4 66
stats: size_sent 3762214 41407280
stats: connected 43 2399
stats: error_connect_etimedout 4 4
# stats: dump at 1338974941
stats: users 5854 6260
stats: {load,"os_mon@test2"} 1 1.69921875 0.0 1.69921875 1.078125 1.2629206730769231 13
stats: {freemem,"os_mon@test2"} 1 1088.2421875 0.0 1445.0234375 1088.2421875 1306.7298677884614 13
stats: {recvpackets,"os_mon@test3"} 1 12778.0 0.0 15493 3708 11794.833333333334 12
stats: {sentpackets,"os_mon@test3"} 1 9955.0 0.0 11001 2542 8500.333333333334 12
stats: {load,"os_mon@test4"} 1 1.12109375 0.0 1.421875 0.98046875 1.1168870192307692 13
stats: {cpu,"os_mon@test3"} 1 77.03896103896103 0.0 77.03896103896103 2.8282828282828283 52.304490048953454 13
stats: {freemem,"os_mon@test4"} 1 1107.80078125 0.0 1421.59375 1107.80078125 1307.4104567307693 13
stats: {freemem,"os_mon@myserver"} 1 2853.0625 0.0 2903.6328125 2853.0625 2880.2045454545455 11
stats: {recvpackets,"os_mon@test2"} 1 12520.0 0.0 15538 3691 11850.916666666666 12
stats: {sentpackets,"os_mon@test2"} 1 9788.0 0.0 11086 2528 8540.416666666666 12
stats: {cpu,"os_mon@test2"} 1 49.2022645393721 0.0 65.88983050847457 2.260170768458061 47.02921980125108 13
stats: {load,"os_mon@test3"} 1 1.76171875 0.0 1.8203125 1.171875 1.4816706730769231 13
stats: {recvpackets,"os_mon@test4"} 1 12905.0 0.0 15550 3674 11771.916666666666 12
stats: {sentpackets,"os_mon@test4"} 1 10038.0 0.0 11136 2519 8484.0 12
stats: {freemem,"os_mon@test3"} 1 781.89453125 0.0 1428.0546875 781.89453125 1234.7695312499998 13
stats: {cpu,"os_mon@test4"} 1 58.35515976951283 0.0 69.46169772256728 2.3023023023023024 44.01360806139443 13
stats: {load,"os_mon@myserver"} 1 4.62109375 0.0 4.96875 1.8984375 3.682883522727273 11
stats: {recvpackets,"os_mon@myserver"} 1 18253.0 0.0 20308 3801 13596.6 10
stats: {sentpackets,"os_mon@myserver"} 1 13895.0 0.0 14916 2607 9799.2 10
stats: {cpu,"os_mon@myserver"} 1 52.508960573476706 0.0 56.73807878369039 1.8920282542885973 43.9723923960365 11
stats: session 2729 18302.69018322092 8201.230302394386 89199.44384765625 15.508056640625 11526.829724386344 29039
stats: users_count 3372 37622
stats: finish_users_count 2729 31768
stats: request 28554 1849.326209333151 2643.3466215656576 63247.31298828125 0.947021484375 1185.4655385301794 314385
stats: page 2732 18273.272280780984 8249.625915892097 89198.18310546875 13.90087890625 11507.448412073181 28976
stats: connect 28482 614.6105240347102 1215.6056084647387 31357.510009765625 0.33984375 432.2195354026039 316784
stats: 200 28553 342937
stats: size_rcv 12392002 148834658
stats: newphase 4 70
stats: size_sent 3724018 45131298
stats: connected -72 2327
stats: error_connect_etimedout 2 6
# stats: dump at 1338974951
stats: users 4877 6260
stats: {load,"os_mon@test2"} 1 1.58984375 0.0 1.69921875 1.078125 1.2940848214285714 14
stats: {freemem,"os_mon@test2"} 1 1066.38671875 0.0 1445.0234375 1066.38671875 1291.1236049107142 14
stats: {recvpackets,"os_mon@test3"} 1 15585.0 0.0 15585 3708 11870.461538461539 13
stats: {sentpackets,"os_mon@test3"} 1 11919.0 0.0 11919 2542 8612.23076923077 13
stats: {load,"os_mon@test4"} 1 1.1015625 0.0 1.421875 0.98046875 1.1171875 14
stats: {cpu,"os_mon@test3"} 1 79.83496647756576 0.0 79.83496647756576 2.8282828282828283 54.07123797681113 14
stats: {freemem,"os_mon@test4"} 1 1041.28515625 0.0 1421.59375 1041.28515625 1293.152622767857 14
stats: {freemem,"os_mon@myserver"} 1 2856.14453125 0.0 2903.6328125 2853.0625 2877.9427083333335 12
stats: {recvpackets,"os_mon@test2"} 1 15568.0 0.0 15568 3691 11902.384615384615 13
stats: {sentpackets,"os_mon@test2"} 1 11905.0 0.0 11905 2528 8636.384615384615 13
stats: {cpu,"os_mon@test2"} 1 54.958677685950406 0.0 65.88983050847457 2.260170768458061 47.18443728254544 14
stats: {load,"os_mon@test3"} 1 1.7109375 0.0 1.8203125 1.171875 1.5016741071428572 14
stats: {recvpackets,"os_mon@test4"} 1 15668.0 0.0 15668 3674 11859.076923076924 13
stats: {sentpackets,"os_mon@test4"} 1 11980.0 0.0 11980 2519 8603.538461538461 13
stats: {freemem,"os_mon@test3"} 1 670.07421875 0.0 1428.0546875 670.07421875 1202.4213169642856 14
stats: {cpu,"os_mon@test4"} 1 61.51452282157677 0.0 69.46169772256728 2.3023023023023024 45.038004611974316 14
stats: {load,"os_mon@myserver"} 1 4.6015625 0.0 4.96875 1.8984375 3.7610677083333335 12
stats: {recvpackets,"os_mon@myserver"} 1 16874.0 0.0 20308 3801 14019.90909090909 11
stats: {sentpackets,"os_mon@myserver"} 1 13103.0 0.0 14916 2607 10171.545454545454 11
stats: {cpu,"os_mon@myserver"} 1 52.05547300643884 0.0 56.73807878369039 1.8920282542885973 44.68377307748984 12
stats: session 3081 18961.448252409533 8281.50881875559 98697.2099609375 15.508056640625 12108.903609810655 31768
stats: users_count 2104 39726
stats: finish_users_count 3081 34849
stats: request 27778 2010.5495310598042 2900.958858756128 70330.67602539063 0.947021484375 1240.740317992731 342939
stats: 200 27778 370715
stats: page 3068 18983.451995332405 8262.508456311978 98695.88916015625 13.90087890625 12090.400058639023 31708
stats: connect 27218 520.6322181685402 981.1159205308596 31357.510009765625 0.33984375 447.2655003635895 345266
stats: size_rcv 12055652 160890310
stats: newphase 5 75
stats: size_sent 3557930 48689228
stats: connected -560 1767
stats: error_connect_etimedout 0 6
# stats: dump at 1338974961
stats: users 5774 6260
stats: {load,"os_mon@test2"} 1 2.3515625 0.0 2.3515625 1.078125 1.3138020833333333 15
stats: {freemem,"os_mon@test2"} 1 1000.5390625 0.0 1445.0234375 1000.5390625 1276.1411458333334 15
stats: {recvpackets,"os_mon@test3"} 1 14105.0 0.0 15585 3708 12135.785714285714 14
stats: {sentpackets,"os_mon@test3"} 1 11034.0 0.0 11919 2542 8848.42857142857 14
stats: {load,"os_mon@test4"} 1 1.078125 0.0 1.421875 0.98046875 1.1161458333333334 15
stats: {cpu,"os_mon@test3"} 1 64.46621970087674 0.0 79.83496647756576 2.8282828282828283 55.788819876861446 15
stats: {freemem,"os_mon@test4"} 1 1003.59765625 0.0 1421.59375 1003.59765625 1276.3614583333333 15
stats: {freemem,"os_mon@myserver"} 1 2853.8203125 0.0 2903.6328125 2853.0625 2876.265925480769 13
stats: {recvpackets,"os_mon@test2"} 1 14309.0 0.0 15568 3691 12164.214285714286 14
stats: {sentpackets,"os_mon@test2"} 1 11233.0 0.0 11905 2528 8869.857142857143 14
stats: {cpu,"os_mon@test2"} 1 73.44145970603142 0.0 73.44145970603142 2.260170768458061 47.70271997610577 15
stats: {load,"os_mon@test3"} 1 1.671875 0.0 1.8203125 1.171875 1.515625 15
stats: {recvpackets,"os_mon@test4"} 1 14129.0 0.0 15668 3674 12131.142857142857 14
stats: {sentpackets,"os_mon@test4"} 1 11039.0 0.0 11980 2519 8844.714285714286 14
stats: {freemem,"os_mon@test3"} 1 630.875 0.0 1428.0546875 630.875 1166.9315104166665 15
stats: {cpu,"os_mon@test4"} 1 49.76647638816814 0.0 69.46169772256728 2.3023023023023024 46.136439159281146 15
stats: {load,"os_mon@myserver"} 1 5.109375 0.0 5.109375 1.8984375 3.8257211538461537 13
stats: {recvpackets,"os_mon@myserver"} 1 16112.0 0.0 20308 3801 14257.75 12
stats: {sentpackets,"os_mon@myserver"} 1 12480.0 0.0 14916 2607 10415.833333333334 12
stats: {cpu,"os_mon@myserver"} 1 54.55989110707804 0.0 56.73807878369039 1.8920282542885973 45.25082691817823 13
stats: session 2802 19577.889151878804 8749.840641206658 102518.8818359375 15.508056640625 12714.737063965642 34849
stats: users_count 3699 43425
stats: finish_users_count 2802 37651
stats: request 27072 1593.9607010518985 2718.1484477628887 75278.26293945313 0.947021484375 1298.4224861171417 370717
stats: 200 27066 397781
stats: page 2814 19611.70675249242 8719.220226190357 102517.10498046875 13.90087890625 12698.517246980846 34776
stats: connect 28757 506.73472743626525 985.3629641631971 31357.510009765625 0.33984375 452.62652345509184 372484
stats: size_rcv 11746644 172636954
stats: newphase 6 81
stats: size_sent 3759964 52449192
stats: connected 1685 3452
stats: error_connect_etimedout 0 6
# stats: dump at 1338974971
stats: users 6960 6960
stats: {load,"os_mon@test2"} 1 2.23046875 0.0 2.3515625 1.078125 1.378662109375 16
stats: {freemem,"os_mon@test2"} 1 965.90625 0.0 1445.0234375 965.90625 1258.916015625 16
stats: {recvpackets,"os_mon@test3"} 1 16298.0 0.0 16298 3708 12267.066666666668 15
stats: {sentpackets,"os_mon@test3"} 1 12474.0 0.0 12474 2542 8994.133333333333 15
stats: {load,"os_mon@test4"} 1 0.98828125 0.0 1.421875 0.98046875 1.11376953125 16
stats: {cpu,"os_mon@test3"} 1 77.23328228688106 0.0 79.83496647756576 2.8282828282828283 56.3311573658624 16
stats: {freemem,"os_mon@test4"} 1 951.84375 0.0 1421.59375 951.84375 1259.313720703125 16
stats: {freemem,"os_mon@myserver"} 1 2852.94921875 0.0 2903.6328125 2852.94921875 2874.662667410714 14
stats: {recvpackets,"os_mon@test2"} 1 16015.0 0.0 16015 3691 12307.2 15
stats: {sentpackets,"os_mon@test2"} 1 12253.0 0.0 12253 2528 9027.4 15
stats: {cpu,"os_mon@test2"} 1 62.62415054887611 0.0 73.44145970603142 2.260170768458061 49.31139120922612 16
stats: {load,"os_mon@test3"} 1 1.55859375 0.0 1.8203125 1.171875 1.525390625 16
stats: {recvpackets,"os_mon@test4"} 1 16299.0 0.0 16299 3674 12264.333333333334 15
stats: {sentpackets,"os_mon@test4"} 1 12478.0 0.0 12478 2519 8991.0 15
stats: {freemem,"os_mon@test3"} 1 505.94140625 0.0 1428.0546875 505.94140625 1133.4279785156248 16
stats: {cpu,"os_mon@test4"} 1 54.30051813471503 0.0 69.46169772256728 2.3023023023023024 46.36331648608658 16
stats: {load,"os_mon@myserver"} 1 4.7109375 0.0 5.109375 1.8984375 3.9174107142857144 14
stats: {recvpackets,"os_mon@myserver"} 1 17964.0 0.0 20308 3801 14400.384615384615 13
stats: {sentpackets,"os_mon@myserver"} 1 14130.0 0.0 14916 2607 10574.615384615385 13
stats: {cpu,"os_mon@myserver"} 1 52.67011197243755 0.0 56.73807878369039 1.8920282542885973 45.915760074528215 14
stats: session 2373 17659.174368567714 8746.56885624568 102518.8818359375 15.508056640625 13225.495135473242 37651
stats: users_count 3559 46984
stats: finish_users_count 2373 40024
stats: 200 28704 426485
stats: size_rcv 12457536 185094490
stats: newphase 6 87
stats: size_sent 3790632 56239824
stats: connected 300 3752
stats: error_connect_etimedout 0 6
stats: connect 29008 597.1203299857449 1147.6939069308614 31357.510009765625 0.33984375 456.5044661924656 401241
stats: page 2379 17663.603832525478 8770.996540689108 102517.10498046875 13.90087890625 13216.040930633668 37590
stats: request 28707 1757.0623003382645 2961.9420782306056 75278.26293945313 0.947021484375 1318.535688228597 397789
# stats: dump at 1338974981
stats: users 5916 7059
stats: {load,"os_mon@test2"} 1 2.5703125 0.0 2.5703125 1.078125 1.4287683823529411 17
stats: {freemem,"os_mon@test2"} 1 945.9296875 0.0 1445.0234375 945.9296875 1241.6801470588234 17
stats: {recvpackets,"os_mon@test3"} 1 16521.0 0.0 16521 3708 12519.0 16
stats: {sentpackets,"os_mon@test3"} 1 12896.0 0.0 12896 2542 9211.625 16
stats: {load,"os_mon@test4"} 1 1.23828125 0.0 1.421875 0.98046875 1.1063878676470589 17
stats: {cpu,"os_mon@test3"} 1 78.01746276322548 0.0 79.83496647756576 2.8282828282828283 57.560694125922325 17
stats: {freemem,"os_mon@test4"} 1 884.62109375 0.0 1421.59375 884.62109375 1241.2272518382354 17
stats: {freemem,"os_mon@myserver"} 1 2853.51171875 0.0 2903.6328125 2852.94921875 2873.2151041666666 15
stats: {recvpackets,"os_mon@test2"} 1 16750.0 0.0 16750 3691 12538.9375 16
stats: {sentpackets,"os_mon@test2"} 1 13032.0 0.0 13032 2528 9229.0 16
stats: {cpu,"os_mon@test2"} 1 55.71131879543094 0.0 73.44145970603142 2.260170768458061 50.09449469979376 17
stats: {load,"os_mon@test3"} 1 1.48046875 0.0 1.8203125 1.171875 1.52734375 17
stats: {recvpackets,"os_mon@test4"} 1 16469.0 0.0 16469 3674 12516.5 16
stats: {sentpackets,"os_mon@test4"} 1 12868.0 0.0 12868 2519 9208.9375 16
stats: {freemem,"os_mon@test3"} 1 389.48046875 0.0 1428.0546875 389.48046875 1096.5170036764703 17
stats: {cpu,"os_mon@test4"} 1 66.56282450674973 0.0 69.46169772256728 2.3023023023023024 46.83021070071179 17
stats: {load,"os_mon@myserver"} 1 4.98828125 0.0 5.109375 1.8984375 3.9703125 15
stats: {recvpackets,"os_mon@myserver"} 1 19467.0 0.0 20308 3801 14654.92857142857 14
stats: {sentpackets,"os_mon@myserver"} 1 15212.0 0.0 15212 2607 10828.57142857143 14
stats: {cpu,"os_mon@myserver"} 1 49.54915328788212 0.0 56.73807878369039 1.8920282542885973 46.3660502010555 15
stats: session 2902 18625.524393451084 8739.514855657273 102518.8818359375 15.508056640625 13488.365433797577 40024
stats: users_count 1858 48842
stats: finish_users_count 2902 42926
stats: request 30546 2035.0028139073306 3117.524754411237 75278.26293945313 0.947021484375 1348.0524561556872 426496
stats: page 2875 18500.298738111363 8628.1740139365 102517.10498046875 13.90087890625 13480.764895296295 39969
stats: connect 28916 733.5540934436166 1368.0315447080686 31357.510009765625 0.33984375 465.9849878831969 430249
stats: 200 30545 457030
stats: size_rcv 13256530 198351020
stats: newphase 4 91
stats: size_sent 3780132 60019956
stats: connected -1630 2122
stats: error_connect_etimedout 2 8
# stats: dump at 1338974991
stats: users 5108 7059
stats: {load,"os_mon@test2"} 1 2.421875 0.0 2.5703125 1.078125 1.4921875 18
stats: {freemem,"os_mon@test2"} 1 909.80078125 0.0 1445.0234375 909.80078125 1225.2495659722222 18
stats: {recvpackets,"os_mon@test3"} 1 13714.0 0.0 16521 3708 12754.411764705883 17
stats: {sentpackets,"os_mon@test3"} 1 11028.0 0.0 12896 2542 9428.35294117647 17
stats: {load,"os_mon@test4"} 1 1.28125 0.0 1.421875 0.98046875 1.1137152777777777 18
stats: {cpu,"os_mon@test3"} 1 66.61433804290947 0.0 79.83496647756576 2.8282828282828283 58.69718127243917 18
stats: {freemem,"os_mon@test4"} 1 828.67578125 0.0 1421.59375 828.67578125 1221.415798611111 18
stats: {freemem,"os_mon@myserver"} 0 0 0 2903.6328125 2852.94921875 2871.983642578125 16
stats: {recvpackets,"os_mon@test2"} 1 13798.0 0.0 16750 3691 12786.64705882353 17
stats: {sentpackets,"os_mon@test2"} 1 11107.0 0.0 13032 2528 9452.70588235294 17
stats: {cpu,"os_mon@test2"} 1 56.281920326864146 0.0 73.44145970603142 2.260170768458061 50.406540482884715 18
stats: {load,"os_mon@test3"} 1 1.69921875 0.0 1.8203125 1.171875 1.5247395833333333 18
stats: {recvpackets,"os_mon@test4"} 1 13694.0 0.0 16469 3674 12749.0 17
stats: {sentpackets,"os_mon@test4"} 1 11024.0 0.0 12868 2519 9424.176470588236 17
stats: {freemem,"os_mon@test3"} 1 344.55078125 0.0 1428.0546875 344.55078125 1057.2371961805552 18
stats: {cpu,"os_mon@test4"} 1 66.28256513026052 0.0 69.46169772256728 2.3023023023023024 47.92646702326945 18
stats: {load,"os_mon@myserver"} 0 0 0 5.109375 1.8984375 4.033935546875 16
stats: {recvpackets,"os_mon@myserver"} 0 0 0 20308 3801 14975.733333333334 15
stats: {sentpackets,"os_mon@myserver"} 0 0 0 15212 2607 11120.8 15
stats: {cpu,"os_mon@myserver"} 0 0 0 56.73807878369039 1.8920282542885973 46.56499414398216 16
stats: session 3242 20556.095848238838 9602.744823693549 128479.27612304688 15.508056640625 13835.661601642576 42926
stats: users_count 2434 51276
stats: finish_users_count 3242 46168
stats: 200 27583 484613
stats: connect 28155 598.7727865450458 1392.9889096654958 31357.510009765625 0.33984375 482.83520132800453 459165
stats: page 3248 20547.18746023701 9519.96082950521 128476.47607421875 13.90087890625 13817.595251894498 42844
stats: request 27586 2057.018334964467 3480.860526491913 78907.70703125 0.947021484375 1393.9641789905286 457042
stats: size_rcv 11971022 210322042
stats: newphase 2 93
stats: size_sent 3679523 63699479
stats: connected 569 2691
stats: error_connect_etimedout 0 8
# stats: dump at 1338975001
stats: users 5892 7059
stats: {load,"os_mon@test2"} 1 2.2109375 0.0 2.5703125 1.078125 1.5411184210526316 19
stats: {freemem,"os_mon@test2"} 1 926.7109375 0.0 1445.0234375 909.80078125 1208.6469983552631 19
stats: {recvpackets,"os_mon@test3"} 1 14525.0 0.0 16521 3708 12807.722222222223 18
stats: {sentpackets,"os_mon@test3"} 1 11555.0 0.0 12896 2542 9517.222222222223 18
stats: {load,"os_mon@test4"} 1 1.37890625 0.0 1.421875 0.98046875 1.122532894736842 19
stats: {cpu,"os_mon@test3"} 1 74.9741468459152 0.0 79.83496647756576 2.8282828282828283 59.11387373404286 19
stats: {freemem,"os_mon@test4"} 1 801.8359375 0.0 1421.59375 801.8359375 1200.745271381579 19
stats: {freemem,"os_mon@myserver"} 1 2849.2265625 0.0 2903.6328125 2849.2265625 2871.983642578125 16
stats: {recvpackets,"os_mon@test2"} 1 14608.0 0.0 16750 3691 12842.833333333334 18
stats: {sentpackets,"os_mon@test2"} 1 11704.0 0.0 13032 2528 9544.611111111111 18
stats: {cpu,"os_mon@test2"} 1 63.804627249357324 0.0 73.44145970603142 2.260170768458061 50.715771000988894 19
stats: {load,"os_mon@test3"} 1 1.8203125 0.0 1.8203125 1.171875 1.533922697368421 19
stats: {recvpackets,"os_mon@test4"} 1 14851.0 0.0 16469 3674 12801.5 18
stats: {sentpackets,"os_mon@test4"} 1 11814.0 0.0 12868 2519 9513.055555555555 18
stats: {freemem,"os_mon@test3"} 1 289.48828125 0.0 1428.0546875 289.48828125 1019.7273848684207 19
stats: {cpu,"os_mon@test4"} 1 58.42050209205021 0.0 69.46169772256728 2.3023023023023024 48.892577449953194 19
stats: {load,"os_mon@myserver"} 1 4.76171875 0.0 5.109375 1.8984375 4.033935546875 16
stats: {recvpackets,"os_mon@myserver"} 1 18184.0 0.0 20308 3801 14975.733333333334 15
stats: {sentpackets,"os_mon@myserver"} 1 14366.0 0.0 15212 2607 11120.8 15
stats: {cpu,"os_mon@myserver"} 1 52.96112115732369 0.0 56.73807878369039 1.8920282542885973 46.56499414398216 16
stats: session 2731 20744.89211675198 10808.877381050946 128479.27612304688 15.508056640625 14307.582582136969 46168
stats: users_count 3515 54791
stats: finish_users_count 2731 48899
stats: request 28684 1812.6887800530253 3239.984643572953 99270.80883789063 0.947021484375 1431.7065544758434 484628
stats: page 2741 20798.6363189152 10966.930535570047 128476.47607421875 13.90087890625 14291.814541417549 46092
stats: 200 28683 513296
stats: connect 28394 557.4194716155044 1172.470508335398 31357.510009765625 0.33984375 489.5335160119613 487320
stats: size_rcv 12448422 222770464
stats: newphase 6 99
stats: size_sent 3712857 67412336
stats: connected -290 2401
stats: error_connect_etimedout 2 10
stats: error_abort 1 1
EndMonitor:{1338,975001,465466}
