# stats: dump at 1339062398
stats: users 0 0
stats: {load,"os_mon@test2"} 1 1.16015625 0 1.16015625 1.16015625 0 0
stats: {freemem,"os_mon@test2"} 1 1583.6640625 0 1583.6640625 1583.6640625 0 0
stats: {cpu,"os_mon@test2"} 1 34.5579669963592 0 34.5579669963592 34.5579669963592 0 0
# stats: dump at 1339062408
stats: users 0 10
stats: {load,"os_mon@test2"} 1 0.98046875 0.0 1.16015625 0.98046875 1.16015625 1
stats: {freemem,"os_mon@test2"} 1 1583.8984375 0.0 1583.8984375 1583.6640625 1583.6640625 1
stats: {cpu,"os_mon@test3"} 1 2.6183282980866065 0 2.6183282980866065 2.6183282980866065 0 0
stats: {load,"os_mon@test4"} 1 0.55078125 0 0.55078125 0.55078125 0 0
stats: {freemem,"os_mon@test4"} 1 1586.39453125 0 1586.39453125 1586.39453125 0 0
stats: {freemem,"os_mon@myserver"} 1 2854.578125 0 2854.578125 2854.578125 0 0
stats: {recvpackets,"os_mon@test2"} 1 906 0 906 906 0 0
stats: {sentpackets,"os_mon@test2"} 1 767 0 767 767 0 0
stats: {cpu,"os_mon@test2"} 1 4.332493702770781 0.0 34.5579669963592 4.332493702770781 34.5579669963592 1
stats: {load,"os_mon@test3"} 1 0.7890625 0 0.7890625 0.7890625 0 0
stats: {freemem,"os_mon@test3"} 1 1401.71875 0 1401.71875 1401.71875 0 0
stats: {cpu,"os_mon@test4"} 1 1.7076845806127574 0 1.7076845806127574 1.7076845806127574 0 0
stats: {load,"os_mon@myserver"} 1 1.0703125 0 1.0703125 1.0703125 0 0
stats: {cpu,"os_mon@myserver"} 1 2.7183488547696957 0 2.7183488547696957 2.7183488547696957 0 0
stats: session 896 16.23594066074914 12.800345634744389 265.216064453125 10.6279296875 0 0
stats: users_count 896 896
stats: finish_users_count 896 896
stats: request 8880 1.335231774132532 3.709470827224767 248.087890625 0.2900390625 0 0
stats: page 888 13.976684845245636 12.771624646611562 263.3271484375 9.30615234375 0 0
stats: connect 888 1.294598278698621 1.8180438374662224 48.14892578125 0.469970703125 0 0
stats: 200 8880 8880
stats: size_rcv 1325101 1325101
stats: size_sent 1177280 1177280
stats: connected 0 0
# stats: dump at 1339062418
stats: users 3 12
stats: {load,"os_mon@test2"} 1 0.8984375 0.0 1.16015625 0.8984375 1.0703125 2
stats: {freemem,"os_mon@test2"} 1 1583.921875 0.0 1583.921875 1583.6640625 1583.78125 2
stats: {recvpackets,"os_mon@test3"} 1 4690 0 4690 4690 0 0
stats: {sentpackets,"os_mon@test3"} 1 3167 0 3167 3167 0 0
stats: {cpu,"os_mon@test3"} 1 8.294930875576037 0.0 8.294930875576037 2.6183282980866065 2.6183282980866065 1
stats: {load,"os_mon@test4"} 1 0.62109375 0.0 0.62109375 0.55078125 0.55078125 1
stats: {freemem,"os_mon@test4"} 1 1586.55078125 0.0 1586.55078125 1586.39453125 1586.39453125 1
stats: {freemem,"os_mon@myserver"} 1 2851.55078125 0.0 2854.578125 2851.55078125 2854.578125 1
stats: {recvpackets,"os_mon@test2"} 1 4768.0 0.0 4768 906 906.0 1
stats: {sentpackets,"os_mon@test2"} 1 3215.0 0.0 3215 767 767.0 1
stats: {cpu,"os_mon@test2"} 1 11.794611082867311 0.0 34.5579669963592 4.332493702770781 19.44523034956499 2
stats: {load,"os_mon@test3"} 1 0.75 0.0 0.7890625 0.75 0.7890625 1
stats: {freemem,"os_mon@test3"} 1 1402.44140625 0.0 1402.44140625 1401.71875 1401.71875 1
stats: {recvpackets,"os_mon@test4"} 1 4710 0 4710 4710 0 0
stats: {sentpackets,"os_mon@test4"} 1 3178 0 3178 3178 0 0
stats: {cpu,"os_mon@test4"} 1 8.320571720265441 0.0 8.320571720265441 1.7076845806127574 1.7076845806127574 1
stats: {load,"os_mon@myserver"} 1 0.98046875 0.0 1.0703125 0.98046875 1.0703125 1
stats: {recvpackets,"os_mon@myserver"} 1 4858 0 4858 4858 0 0
stats: {sentpackets,"os_mon@myserver"} 1 3276 0 3276 3276 0 0
stats: {cpu,"os_mon@myserver"} 1 18.186385330319016 0.0 18.186385330319016 2.7183488547696957 2.7183488547696957 1
stats: session 1792 16.67493574959892 25.340589394218185 1013.22802734375 10.6279296875 16.23594066074914 896
stats: users_count 1795 2691
stats: finish_users_count 1792 2688
stats: request 17581 1.4052002133651005 7.945907312807709 999.327880859375 0.280029296875 1.335231774132532 8880
stats: page 1757 14.709136111802788 25.511186434730472 1009.89892578125 9.281005859375 13.976684845245636 888
stats: connect 1760 1.753727860884233 23.767883859091892 997.800048828125 0.469970703125 1.294598278698621 888
stats: 200 17581 26461
stats: size_rcv 2593213 3918314
stats: newphase 6 6
stats: size_sent 2336944 3514224
stats: connected 3 3
# stats: dump at 1339062428
stats: users 6 30
stats: {load,"os_mon@test2"} 1 0.921875 0.0 1.16015625 0.8984375 1.0130208333333333 3
stats: {freemem,"os_mon@test2"} 1 1584.1015625 0.0 1584.1015625 1583.6640625 1583.828125 3
stats: {recvpackets,"os_mon@test3"} 1 8570.0 0.0 8570 4690 4690.0 1
stats: {sentpackets,"os_mon@test3"} 1 5718.0 0.0 5718 3167 3167.0 1
stats: {cpu,"os_mon@test3"} 1 17.010309278350515 0.0 17.010309278350515 2.6183282980866065 5.456629586831322 2
stats: {load,"os_mon@test4"} 1 0.6796875 0.0 0.6796875 0.55078125 0.5859375 2
stats: {freemem,"os_mon@test4"} 1 1586.55078125 0.0 1586.55078125 1586.39453125 1586.47265625 2
stats: {freemem,"os_mon@myserver"} 1 2851.18359375 0.0 2854.578125 2851.18359375 2853.064453125 2
stats: {recvpackets,"os_mon@test2"} 1 8625.0 0.0 8625 906 2837.0 2
stats: {sentpackets,"os_mon@test2"} 1 5757.0 0.0 5757 767 1991.0 2
stats: {cpu,"os_mon@test2"} 1 25.354969574036513 0.0 34.5579669963592 4.332493702770781 16.89502392733243 3
stats: {load,"os_mon@test3"} 1 0.62890625 0.0 0.7890625 0.62890625 0.76953125 2
stats: {freemem,"os_mon@test3"} 1 1402.45703125 0.0 1402.45703125 1401.71875 1402.080078125 2
stats: {recvpackets,"os_mon@test4"} 1 8614.0 0.0 8614 4710 4710.0 1
stats: {sentpackets,"os_mon@test4"} 1 5749.0 0.0 5749 3178 3178.0 1
stats: {cpu,"os_mon@test4"} 1 15.10015408320493 0.0 15.10015408320493 1.7076845806127574 5.014128150439099 2
stats: {load,"os_mon@myserver"} 1 0.828125 0.0 1.0703125 0.828125 1.025390625 2
stats: {recvpackets,"os_mon@myserver"} 1 8672.0 0.0 8672 4858 4858.0 1
stats: {sentpackets,"os_mon@myserver"} 1 5788.0 0.0 5788 3276 3276.0 1
stats: {cpu,"os_mon@myserver"} 1 32.78605708512251 0.0 32.78605708512251 2.7183488547696957 10.452367092544357 2
stats: session 2740 27.26581701571057 71.86827631143805 1308.22802734375 10.6279296875 16.52860405331566 2688
stats: users_count 2743 5434
stats: finish_users_count 2740 5428
stats: request 26991 2.3887694733603064 20.441725342038314 1028.784912109375 0.280029296875 1.3817196290944678 26461
stats: page 2700 24.757881582754653 71.0107878776956 1304.801025390625 9.208984375 14.463231868058838 2645
stats: connect 2698 3.613565205997498 47.221718741291696 1016.531982421875 0.469970703125 1.599759934531958 2648
stats: 200 26991 53452
stats: size_rcv 3978960 7897274
stats: newphase 6 12
stats: size_sent 3580119 7094343
stats: connected -2 1
# stats: dump at 1339062438
stats: users 7 34
stats: {load,"os_mon@test2"} 1 1.0703125 0.0 1.16015625 0.8984375 0.990234375 4
stats: {freemem,"os_mon@test2"} 1 1584.41796875 0.0 1584.41796875 1583.6640625 1583.896484375 4
stats: {recvpackets,"os_mon@test3"} 1 12293.0 0.0 12293 4690 6630.0 2
stats: {sentpackets,"os_mon@test3"} 1 8135.0 0.0 8135 3167 4442.5 2
stats: {cpu,"os_mon@test3"} 1 25.180226570545827 0.0 25.180226570545827 2.6183282980866065 9.307856150671052 3
stats: {load,"os_mon@test4"} 1 0.73046875 0.0 0.73046875 0.55078125 0.6171875 3
stats: {freemem,"os_mon@test4"} 1 1586.203125 0.0 1586.55078125 1586.203125 1586.4986979166667 3
stats: {freemem,"os_mon@myserver"} 1 2850.53515625 0.0 2854.578125 2850.53515625 2852.4375 3
stats: {recvpackets,"os_mon@test2"} 1 12318.0 0.0 12318 906 4766.333333333333 3
stats: {sentpackets,"os_mon@test2"} 1 8146.0 0.0 8146 767 3246.3333333333335 3
stats: {cpu,"os_mon@test2"} 1 39.06408952187182 0.0 39.06408952187182 4.332493702770781 19.010010339008453 4
stats: {load,"os_mon@test3"} 1 0.62109375 0.0 0.7890625 0.62109375 0.72265625 3
stats: {freemem,"os_mon@test3"} 1 1402.48046875 0.0 1402.48046875 1401.71875 1402.2057291666667 3
stats: {recvpackets,"os_mon@test4"} 1 12272.0 0.0 12272 4710 6662.0 2
stats: {sentpackets,"os_mon@test4"} 1 8118.0 0.0 8118 3178 4463.5 2
stats: {cpu,"os_mon@test4"} 1 23.693740300051733 0.0 23.693740300051733 1.7076845806127574 8.376136794694377 3
stats: {load,"os_mon@myserver"} 1 0.76953125 0.0 1.0703125 0.76953125 0.9596354166666666 3
stats: {recvpackets,"os_mon@myserver"} 1 12417.0 0.0 12417 4858 6765.0 2
stats: {sentpackets,"os_mon@myserver"} 1 8211.0 0.0 8211 3276 4532.0 2
stats: {cpu,"os_mon@myserver"} 1 47.33622227886821 0.0 47.33622227886821 2.7183488547696957 17.89693042340374 3
stats: session 3711 30.27841162675155 63.25851040481729 1315.489990234375 10.6279296875 21.948641547229084 5428
stats: users_count 3712 9146
stats: finish_users_count 3711 9139
stats: request 36383 2.7845685825862123 19.46670038890275 1028.784912109375 0.280029296875 1.890237221449838 53452
stats: page 3634 28.649604860346674 63.72529264637589 1312.172119140625 9.208984375 19.663522650038015 5345
stats: connect 3642 2.6523458280778116 37.01477505295327 1016.531982421875 0.428955078125 2.6160799162779416 5346
stats: 200 36384 89836
stats: size_rcv 5291087 13188361
stats: newphase 6 18
stats: size_sent 4827717 11922060
stats: connected 8 9
# stats: dump at 1339062448
stats: users 60 83
stats: {load,"os_mon@test2"} 1 0.98046875 0.0 1.16015625 0.8984375 1.00625 5
stats: {freemem,"os_mon@test2"} 1 1584.02734375 0.0 1584.41796875 1583.6640625 1584.00078125 5
stats: {recvpackets,"os_mon@test3"} 1 16109.0 0.0 16109 4690 8517.666666666666 3
stats: {sentpackets,"os_mon@test3"} 1 10606.0 0.0 10606 3167 5673.333333333333 3
stats: {cpu,"os_mon@test3"} 1 34.498714652956295 0.0 34.498714652956295 2.6183282980866065 13.275948755639746 4
stats: {load,"os_mon@test4"} 1 0.62109375 0.0 0.73046875 0.55078125 0.6455078125 4
stats: {freemem,"os_mon@test4"} 1 1586.36328125 0.0 1586.55078125 1586.203125 1586.4248046875 4
stats: {freemem,"os_mon@myserver"} 1 2847.046875 0.0 2854.578125 2847.046875 2851.9619140625 4
stats: {recvpackets,"os_mon@test2"} 1 16202.0 0.0 16202 906 6654.25 4
stats: {sentpackets,"os_mon@test2"} 1 10669.0 0.0 10669 767 4471.25 4
stats: {cpu,"os_mon@test2"} 1 44.01212733703891 0.0 44.01212733703891 4.332493702770781 23.020826175581128 5
stats: {load,"os_mon@test3"} 1 0.6015625 0.0 0.7890625 0.6015625 0.697265625 4
stats: {freemem,"os_mon@test3"} 1 1401.9921875 0.0 1402.48046875 1401.71875 1402.2744140625 4
stats: {recvpackets,"os_mon@test4"} 1 16164.0 0.0 16164 4710 8532.0 3
stats: {sentpackets,"os_mon@test4"} 1 10642.0 0.0 10642 3178 5681.666666666667 3
stats: {cpu,"os_mon@test4"} 1 30.161206448257932 0.0 30.161206448257932 1.7076845806127574 12.205537671033717 4
stats: {load,"os_mon@myserver"} 1 1.25 0.0 1.25 0.76953125 0.912109375 4
stats: {recvpackets,"os_mon@myserver"} 1 16220.0 0.0 16220 4858 8649.0 3
stats: {sentpackets,"os_mon@myserver"} 1 10674.0 0.0 10674 3276 5758.333333333333 3
stats: {cpu,"os_mon@myserver"} 1 63.124199743918055 0.0 63.124199743918055 2.7183488547696957 25.25675338726986 4
stats: session 4371 79.73702463234257 172.01953106818019 3242.408935546875 10.6279296875 25.331044081982107 9139
stats: users_count 4424 13570
stats: finish_users_count 4371 13510
stats: request 44072 7.5790072399727455 47.657257577116184 2000.909912109375 0.280029296875 2.2524396805384415 89835
stats: page 4400 75.89480224609368 163.77813856226726 3238.933837890625 9.14208984375 23.300388977275087 8979
stats: connect 4417 12.952542533641333 106.17085969088389 1116.6279296875 0.428955078125 2.6307751155186097 8988
stats: 200 44073 133909
stats: size_rcv 6353052 19541413
stats: newphase 6 24
stats: size_sent 5852608 17774668
stats: connected 16 25
# stats: dump at 1339062458
stats: users 226 311
stats: {load,"os_mon@test2"} 1 0.83984375 0.0 1.16015625 0.83984375 1.001953125 6
stats: {freemem,"os_mon@test2"} 1 1583.015625 0.0 1584.41796875 1583.015625 1584.0052083333333 6
stats: {recvpackets,"os_mon@test3"} 1 18846.0 0.0 18846 4690 10415.5 4
stats: {sentpackets,"os_mon@test3"} 1 12369.0 0.0 12369 3167 6906.5 4
stats: {cpu,"os_mon@test3"} 1 43.80853277835588 0.0 43.80853277835588 2.6183282980866065 17.520501935103056 5
stats: {load,"os_mon@test4"} 1 0.69140625 0.0 0.73046875 0.55078125 0.640625 5
stats: {freemem,"os_mon@test4"} 1 1586.08984375 0.0 1586.55078125 1586.08984375 1586.4125 5
stats: {freemem,"os_mon@myserver"} 1 2843.109375 0.0 2854.578125 2843.109375 2850.97890625 5
stats: {recvpackets,"os_mon@test2"} 1 19469.0 0.0 19469 906 8563.8 5
stats: {sentpackets,"os_mon@test2"} 1 12799.0 0.0 12799 767 5710.8 5
stats: {cpu,"os_mon@test2"} 1 48.61963190184049 0.0 48.61963190184049 4.332493702770781 26.519376369157428 6
stats: {load,"os_mon@test3"} 1 0.73828125 0.0 0.7890625 0.6015625 0.678125 5
stats: {freemem,"os_mon@test3"} 1 1401.30859375 0.0 1402.48046875 1401.30859375 1402.21796875 5
stats: {recvpackets,"os_mon@test4"} 1 18836.0 0.0 18836 4710 10440.0 4
stats: {sentpackets,"os_mon@test4"} 1 12366.0 0.0 12366 3178 6921.75 4
stats: {cpu,"os_mon@test4"} 1 39.24646781789639 0.0 39.24646781789639 1.7076845806127574 15.796671426478559 5
stats: {load,"os_mon@myserver"} 1 1.37109375 0.0 1.37109375 0.76953125 0.9796875 5
stats: {recvpackets,"os_mon@myserver"} 1 18983.0 0.0 18983 4858 10541.75 4
stats: {sentpackets,"os_mon@myserver"} 1 12476.0 0.0 12476 3276 6987.25 4
stats: {cpu,"os_mon@myserver"} 1 74.2354740061162 0.0 74.2354740061162 2.7183488547696957 32.8302426585995 5
stats: session 5012 263.71345343441374 374.91080266586994 4291.0390625 10.6279296875 42.93345274116979 13510
stats: users_count 5178 18748
stats: finish_users_count 5012 18522
stats: request 50588 25.79031407541841 104.98312440622709 3256.671875 0.215087890625 4.005540604906762 133907
stats: page 4969 249.3559527567011 365.576918446689 4287.4150390625 9.14208984375 40.59730342400517 13379
stats: connect 5155 42.213914831625665 202.18977754832338 3006.3349609375 0.428955078125 6.031837904466619 13405
stats: 200 50632 184541
stats: size_rcv 7043015 26584428
stats: newphase 6 30
stats: size_sent 6736751 24511419
stats: connected 178 203
# stats: dump at 1339062468
stats: users 762 770
stats: {load,"os_mon@test2"} 1 0.87109375 0.0 1.16015625 0.83984375 0.9787946428571429 7
stats: {freemem,"os_mon@test2"} 1 1579.2265625 0.0 1584.41796875 1579.2265625 1583.8638392857142 7
stats: {recvpackets,"os_mon@test3"} 1 21965.0 0.0 21965 4690 12101.6 5
stats: {sentpackets,"os_mon@test3"} 1 14587.0 0.0 14587 3167 7999.0 5
stats: {cpu,"os_mon@test3"} 1 48.77027734170591 0.0 48.77027734170591 2.6183282980866065 21.90184040897853 6
stats: {load,"os_mon@test4"} 1 0.80859375 0.0 0.80859375 0.55078125 0.6490885416666666 6
stats: {freemem,"os_mon@test4"} 1 1583.0546875 0.0 1586.55078125 1583.0546875 1586.3587239583333 6
stats: {freemem,"os_mon@myserver"} 1 2825.7109375 0.0 2854.578125 2825.7109375 2849.6673177083335 6
stats: {recvpackets,"os_mon@test2"} 1 22183.0 0.0 22183 906 10381.333333333334 6
stats: {sentpackets,"os_mon@test2"} 1 14728.0 0.0 14728 767 6892.166666666667 6
stats: {cpu,"os_mon@test2"} 1 55.53822152886115 0.0 55.53822152886115 4.332493702770781 29.676555730969294 7
stats: {load,"os_mon@test3"} 1 0.69921875 0.0 0.7890625 0.6015625 0.6881510416666666 6
stats: {freemem,"os_mon@test3"} 1 1398.36328125 0.0 1402.48046875 1398.36328125 1402.06640625 6
stats: {recvpackets,"os_mon@test4"} 1 21959.0 0.0 21959 4710 12119.2 5
stats: {sentpackets,"os_mon@test4"} 1 14584.0 0.0 14584 3178 8010.6 5
stats: {cpu,"os_mon@test4"} 1 45.4118873826903 0.0 45.4118873826903 1.7076845806127574 19.704970825048196 6
stats: {load,"os_mon@myserver"} 1 1.87890625 0.0 1.87890625 0.76953125 1.044921875 6
stats: {recvpackets,"os_mon@myserver"} 1 22705.0 0.0 22705 4858 12230.0 5
stats: {sentpackets,"os_mon@myserver"} 1 15078.0 0.0 15078 3276 8085.0 5
stats: {cpu,"os_mon@myserver"} 1 85.56675682321121 0.0 85.56675682321121 2.7183488547696957 39.731114549852286 6
stats: session 5141 812.1667156594189 776.4844665425396 6792.983154296875 10.6279296875 102.67588679119348 18522
stats: users_count 5677 24425
stats: finish_users_count 5141 23663
stats: request 52913 82.04400834897851 221.95730388085528 4277.2578125 0.111083984375 9.978863027336873 184495
stats: page 5117 784.767441431062 761.1190757822702 6790.742919921875 9.14208984375 97.13325985163576 18348
stats: connect 5618 116.89176230941568 349.92725775754116 3049.197998046875 0.428955078125 16.081331792370975 18560
stats: 200 52913 237454
stats: size_rcv 6615188 33199616
stats: newphase 6 36
stats: size_sent 7071405 31582824
stats: connected 429 632
# stats: dump at 1339062478
stats: users 2578 2578
stats: {load,"os_mon@test2"} 1 0.96875 0.0 1.16015625 0.83984375 0.96533203125 8
stats: {freemem,"os_mon@test2"} 1 1570.04296875 0.0 1584.41796875 1570.04296875 1583.2841796875 8
stats: {recvpackets,"os_mon@test3"} 1 22996.0 0.0 22996 4690 13745.5 6
stats: {sentpackets,"os_mon@test3"} 1 15340.0 0.0 15340 3167 9097.0 6
stats: {cpu,"os_mon@test3"} 1 51.965993623804465 0.0 51.965993623804465 2.6183282980866065 25.740188542225297 7
stats: {load,"os_mon@test4"} 1 0.69140625 0.0 0.80859375 0.55078125 0.671875 7
stats: {freemem,"os_mon@test4"} 1 1576.15234375 0.0 1586.55078125 1576.15234375 1585.88671875 7
stats: {freemem,"os_mon@myserver"} 1 2798.62890625 0.0 2854.578125 2798.62890625 2846.2449776785716 7
stats: {recvpackets,"os_mon@test2"} 1 23101.0 0.0 23101 906 12067.285714285714 7
stats: {sentpackets,"os_mon@test2"} 1 15410.0 0.0 15410 767 8011.571428571428 7
stats: {cpu,"os_mon@test2"} 1 60.59322033898306 0.0 60.59322033898306 4.332493702770781 32.909263955705775 8
stats: {load,"os_mon@test3"} 1 0.671875 0.0 0.7890625 0.6015625 0.6897321428571429 7
stats: {freemem,"os_mon@test3"} 1 1392.3984375 0.0 1402.48046875 1392.3984375 1401.537388392857 7
stats: {recvpackets,"os_mon@test4"} 1 23002.0 0.0 23002 4710 13759.166666666666 6
stats: {sentpackets,"os_mon@test4"} 1 15342.0 0.0 15342 3178 9106.166666666666 6
stats: {cpu,"os_mon@test4"} 1 49.54714970697922 0.0 49.54714970697922 1.7076845806127574 23.377387476139926 7
stats: {load,"os_mon@myserver"} 1 2.37109375 0.0 2.37109375 0.76953125 1.1640625 7
stats: {recvpackets,"os_mon@myserver"} 1 25033.0 0.0 25033 4858 13975.833333333334 6
stats: {sentpackets,"os_mon@myserver"} 1 16706.0 0.0 16706 3276 9250.5 6
stats: {cpu,"os_mon@myserver"} 1 89.90169794459338 0.0 89.90169794459338 2.7183488547696957 46.279063446046415 7
stats: session 4465 2110.029493718503 1564.610223583539 12874.31298828125 10.6279296875 256.81916326550134 23663
stats: users_count 6281 30706
stats: finish_users_count 4465 28128
stats: request 51280 242.41791483243824 528.5055113377095 9876.908935546875 0.073974609375 26.04059234734304 237408
stats: page 4471 2009.5188082202485 1513.9207161000736 12871.524169921875 9.14208984375 247.08527805499924 23465
stats: connect 6567 312.67135140070656 597.4016466177353 7365.698974609375 0.428955078125 39.50564309375063 24178
stats: 200 51298 288752
stats: size_rcv 5371808 38571424
stats: newphase 6 42
stats: size_sent 6995757 38578581
stats: connected 1495 2127
# stats: dump at 1339062488
stats: users 3013 4274
stats: {load,"os_mon@test2"} 1 0.98046875 0.0 1.16015625 0.83984375 0.9657118055555556 9
stats: {freemem,"os_mon@test2"} 1 1550.7890625 0.0 1584.41796875 1550.7890625 1581.8129340277778 9
stats: {recvpackets,"os_mon@test3"} 1 24118.0 0.0 24118 4690 15067.0 7
stats: {sentpackets,"os_mon@test3"} 1 16134.0 0.0 16134 3167 9988.857142857143 7
stats: {cpu,"os_mon@test3"} 1 52.66808964781217 0.0 52.66808964781217 2.6183282980866065 29.01841417742269 8
stats: {load,"os_mon@test4"} 1 0.890625 0.0 0.890625 0.55078125 0.67431640625 8
stats: {freemem,"os_mon@test4"} 1 1544.92578125 0.0 1586.55078125 1544.92578125 1584.669921875 8
stats: {freemem,"os_mon@myserver"} 0 0 0 2854.578125 2798.62890625 2840.29296875 8
stats: {recvpackets,"os_mon@test2"} 1 24016.0 0.0 24016 906 13446.5 8
stats: {sentpackets,"os_mon@test2"} 1 16067.0 0.0 16067 767 8936.375 8
stats: {cpu,"os_mon@test2"} 1 57.56280064136825 0.0 60.59322033898306 4.332493702770781 35.985259109403245 9
stats: {load,"os_mon@test3"} 1 0.87109375 0.0 0.87109375 0.6015625 0.6875 8
stats: {freemem,"os_mon@test3"} 1 1362.9140625 0.0 1402.48046875 1362.9140625 1400.39501953125 8
stats: {recvpackets,"os_mon@test4"} 1 24161.0 0.0 24161 4710 15079.57142857143 7
stats: {sentpackets,"os_mon@test4"} 1 16162.0 0.0 16162 3178 9997.0 7
stats: {cpu,"os_mon@test4"} 1 52.21987315010571 0.0 52.21987315010571 1.7076845806127574 26.64860775499484 8
stats: {load,"os_mon@myserver"} 0 0 0 2.37109375 0.76953125 1.31494140625 8
stats: {recvpackets,"os_mon@myserver"} 0 0 0 25033 4858 15555.42857142857 7
stats: {sentpackets,"os_mon@myserver"} 0 0 0 16706 3276 10315.57142857143 7
stats: {cpu,"os_mon@myserver"} 0 0 0 89.90169794459338 2.7183488547696957 51.731892758364786 8
stats: session 4667 4708.329333723648 2783.960233544925 21486.002197265625 10.6279296875 550.9952200584711 28128
stats: users_count 5102 35808
stats: finish_users_count 4667 32795
stats: request 50537 563.0266856906073 1104.552031323689 18496.296875 0.06396484375 64.47595889197143 288688
stats: page 4584 4585.900832410871 2699.2739434703963 21483.901123046875 9.14208984375 529.1528723193474 27936
stats: connect 7350 670.3106725326853 984.9998112575701 7582.5380859375 0.428955078125 97.85266558364425 30745
stats: 200 48564 337316
stats: size_rcv 4316463 42887887
stats: newphase 6 48
stats: size_sent 6770326 45348907
stats: connected 540 2667
# stats: dump at 1339062498
stats: users 3398 4274
stats: {load,"os_mon@test2"} 1 0.8984375 0.0 1.16015625 0.83984375 0.9671875 10
stats: {freemem,"os_mon@test2"} 1 1532.43359375 0.0 1584.41796875 1532.43359375 1578.710546875 10
stats: {recvpackets,"os_mon@test3"} 1 21985.0 0.0 24118 4690 16198.375 8
stats: {sentpackets,"os_mon@test3"} 1 14779.0 0.0 16134 3167 10757.0 8
stats: {cpu,"os_mon@test3"} 1 52.99846232701179 0.0 52.99846232701179 2.6183282980866065 31.646155896354855 9
stats: {load,"os_mon@test4"} 1 0.828125 0.0 0.890625 0.55078125 0.6983506944444444 9
stats: {freemem,"os_mon@test4"} 1 1503.48046875 0.0 1586.55078125 1503.48046875 1580.25390625 9
stats: {freemem,"os_mon@myserver"} 1 2721.6328125 0.0 2854.578125 2721.6328125 2840.29296875 8
stats: {recvpackets,"os_mon@test2"} 1 21408.0 0.0 24016 906 14620.888888888889 9
stats: {sentpackets,"os_mon@test2"} 1 14408.0 0.0 16067 767 9728.666666666666 9
stats: {cpu,"os_mon@test2"} 1 50.235972732039855 0.0 60.59322033898306 4.332493702770781 38.14301326259975 10
stats: {load,"os_mon@test3"} 1 0.96875 0.0 0.96875 0.6015625 0.7078993055555556 9
stats: {freemem,"os_mon@test3"} 1 1342.95703125 0.0 1402.48046875 1342.95703125 1396.23046875 9
stats: {recvpackets,"os_mon@test4"} 1 21296.0 0.0 24161 4710 16214.75 8
stats: {sentpackets,"os_mon@test4"} 1 14303.0 0.0 16162 3178 10767.625 8
stats: {cpu,"os_mon@test4"} 1 55.81395348837209 0.0 55.81395348837209 1.7076845806127574 29.489859465562713 9
stats: {load,"os_mon@myserver"} 1 3.83984375 0.0 3.83984375 0.76953125 1.31494140625 8
stats: {recvpackets,"os_mon@myserver"} 1 37404.0 0.0 37404 4858 15555.42857142857 7
stats: {sentpackets,"os_mon@myserver"} 1 25040.0 0.0 25040 3276 10315.57142857143 7
stats: {cpu,"os_mon@myserver"} 1 92.37850890431632 0.0 92.37850890431632 2.7183488547696957 51.731892758364786 8
stats: session 5162 5890.971414263797 4615.866413636334 31969.73486328125 10.6279296875 1142.6182817591991 32795
stats: users_count 5547 41355
stats: finish_users_count 5162 37957
stats: request 51871 602.1942166794385 1461.3525088669223 27552.029052734375 0.06396484375 138.74895787560374 339225
stats: page 5253 5883.045943054853 4561.511802698119 31967.324951171875 9.14208984375 1100.9896696459016 32520
stats: connect 8011 676.4397898811972 1335.2319658372542 15731.631103515625 0.428955078125 208.30197260754377 38095
stats: 200 49225 386541
stats: size_rcv 4580913 47468800
stats: newphase 6 54
stats: size_sent 6907863 52256770
stats: connected 196 2863
# stats: dump at 1339062508
stats: users 2487 4274
stats: {load,"os_mon@test2"} 1 1.078125 0.0 1.16015625 0.83984375 0.9609375 11
stats: {freemem,"os_mon@test2"} 1 1494.04296875 0.0 1584.41796875 1494.04296875 1574.5035511363637 11
stats: {recvpackets,"os_mon@test3"} 1 24237.0 0.0 24237 4690 16841.333333333332 9
stats: {sentpackets,"os_mon@test3"} 1 16397.0 0.0 16397 3167 11203.888888888889 9
stats: {cpu,"os_mon@test3"} 1 50.67567567567568 0.0 52.99846232701179 2.6183282980866065 33.78138653942055 10
stats: {load,"os_mon@test4"} 1 0.9296875 0.0 0.9296875 0.55078125 0.711328125 10
stats: {freemem,"os_mon@test4"} 1 1488.5 0.0 1586.55078125 1488.5 1572.5765625 10
stats: {freemem,"os_mon@myserver"} 1 2716.5078125 0.0 2854.578125 2716.5078125 2827.1085069444443 9
stats: {recvpackets,"os_mon@test2"} 1 23817.0 0.0 24016 906 15299.6 10
stats: {sentpackets,"os_mon@test2"} 1 16106.0 0.0 16106 767 10196.6 10
stats: {cpu,"os_mon@test2"} 1 64.51779267663744 0.0 64.51779267663744 4.332493702770781 39.242373214367035 11
stats: {load,"os_mon@test3"} 1 0.890625 0.0 0.96875 0.6015625 0.733984375 10
stats: {freemem,"os_mon@test3"} 1 1342.44921875 0.0 1402.48046875 1342.44921875 1390.903125 10
stats: {recvpackets,"os_mon@test4"} 1 24360.0 0.0 24360 4710 16779.333333333332 9
stats: {sentpackets,"os_mon@test4"} 1 16503.0 0.0 16503 3178 11160.444444444445 9
stats: {cpu,"os_mon@test4"} 1 55.246589716684156 0.0 55.81395348837209 1.7076845806127574 32.12226886784365 10
stats: {load,"os_mon@myserver"} 1 3.87890625 0.0 3.87890625 0.76953125 1.5954861111111112 9
stats: {recvpackets,"os_mon@myserver"} 1 25093.0 0.0 37404 4858 18286.5 8
stats: {sentpackets,"os_mon@myserver"} 1 16999.0 0.0 25040 3276 12156.125 8
stats: {cpu,"os_mon@myserver"} 1 91.39177586985991 0.0 92.37850890431632 2.7183488547696957 56.248183441248294 9
stats: session 5676 5565.30475115894 5972.011238906242 35115.951171875 10.6279296875 1788.3752928504007 37957
stats: users_count 4765 46120
stats: finish_users_count 5676 43633
stats: 200 48659 435200
stats: request 51330 481.4980572579946 1700.0787929139797 31041.4580078125 0.06396484375 200.21562851251568 391096
stats: page 5725 5622.4456760883 5940.813213070597 35112.449951171875 9.14208984375 1766.018701076215 37773
stats: connect 6896 430.2373781845895 1166.387534806805 15828.348876953125 0.428955078125 289.64175602356846 46106
stats: size_rcv 5525628 52994428
stats: newphase 6 60
stats: size_sent 6687439 58944209
stats: connected -910 1953
# stats: dump at 1339062518
stats: users 3108 4485
stats: {load,"os_mon@test2"} 1 1.21875 0.0 1.21875 0.83984375 0.970703125 12
stats: {freemem,"os_mon@test2"} 1 1457.98046875 0.0 1584.41796875 1457.98046875 1567.7985026041667 12
stats: {recvpackets,"os_mon@test3"} 1 22273.0 0.0 24237 4690 17580.9 10
stats: {sentpackets,"os_mon@test3"} 1 15234.0 0.0 16397 3167 11723.2 10
stats: {cpu,"os_mon@test3"} 1 41.70566822672907 0.0 52.99846232701179 2.6183282980866065 35.31723100635284 11
stats: {load,"os_mon@test4"} 1 0.94140625 0.0 0.94140625 0.55078125 0.7311789772727273 11
stats: {freemem,"os_mon@test4"} 1 1490.39453125 0.0 1586.55078125 1488.5 1564.9332386363637 11
stats: {freemem,"os_mon@myserver"} 1 2704.02734375 0.0 2854.578125 2704.02734375 2816.0484375 10
stats: {recvpackets,"os_mon@test2"} 1 22974.0 0.0 24016 906 16073.90909090909 11
stats: {sentpackets,"os_mon@test2"} 1 15708.0 0.0 16106 767 10733.818181818182 11
stats: {cpu,"os_mon@test2"} 1 67.73179675222629 0.0 67.73179675222629 4.332493702770781 41.34865816955624 12
stats: {load,"os_mon@test3"} 1 0.828125 0.0 0.96875 0.6015625 0.7482244318181818 11
stats: {freemem,"os_mon@test3"} 1 1342.58203125 0.0 1402.48046875 1342.44921875 1386.4982244318182 11
stats: {recvpackets,"os_mon@test4"} 1 21992.0 0.0 24360 4710 17537.4 10
stats: {sentpackets,"os_mon@test4"} 1 15034.0 0.0 16503 3178 11694.7 10
stats: {cpu,"os_mon@test4"} 1 44.8041775456919 0.0 55.81395348837209 1.7076845806127574 34.22447985410188 11
stats: {load,"os_mon@myserver"} 1 3.91015625 0.0 3.91015625 0.76953125 1.823828125 10
stats: {recvpackets,"os_mon@myserver"} 1 28850.0 0.0 37404 4858 19042.777777777777 9
stats: {sentpackets,"os_mon@myserver"} 1 19678.0 0.0 25040 3276 12694.222222222223 9
stats: {cpu,"os_mon@myserver"} 1 84.83722962639283 0.0 92.37850890431632 2.7183488547696957 59.76254268410945 10
stats: session 4765 5185.047453559484 4467.3638482334545 45178.468017578125 10.6279296875 2279.6972648752276 43633
stats: users_count 5386 51506
stats: finish_users_count 4765 48398
stats: request 52719 593.3511552608935 1506.972974809938 44013.555908203125 0.06396484375 232.84984772093796 442426
stats: page 4711 5079.228765310751 4506.436837800638 45176.263916015625 9.14208984375 2273.583288688156 43498
stats: connect 7939 683.2521644224203 1299.4663151982963 31114.799072265625 0.428955078125 307.9344131010825 53002
stats: 200 50663 485863
stats: size_rcv 4564075 57558503
stats: newphase 5 65
stats: size_sent 7093819 66038028
stats: connected 776 2729
# stats: dump at 1339062528
stats: users 3704 4485
stats: {load,"os_mon@test2"} 1 1.33984375 0.0 1.33984375 0.83984375 0.9897836538461539 13
stats: {freemem,"os_mon@test2"} 1 1416.01953125 0.0 1584.41796875 1416.01953125 1559.3509615384614 13
stats: {recvpackets,"os_mon@test3"} 1 22219.0 0.0 24237 4690 18007.454545454544 11
stats: {sentpackets,"os_mon@test3"} 1 15595.0 0.0 16397 3167 12042.363636363636 11
stats: {cpu,"os_mon@test3"} 1 64.25576519916143 0.0 64.25576519916143 2.6183282980866065 35.84960077471753 12
stats: {load,"os_mon@test4"} 1 0.87109375 0.0 0.94140625 0.55078125 0.7486979166666666 12
stats: {freemem,"os_mon@test4"} 1 1486.07421875 0.0 1586.55078125 1486.07421875 1558.7216796875 12
stats: {freemem,"os_mon@myserver"} 1 2695.859375 0.0 2854.578125 2695.859375 2805.8647017045455 11
stats: {recvpackets,"os_mon@test2"} 1 22303.0 0.0 24016 906 16648.916666666668 12
stats: {sentpackets,"os_mon@test2"} 1 15650.0 0.0 16106 767 11148.333333333334 12
stats: {cpu,"os_mon@test2"} 1 60.06979062811565 0.0 67.73179675222629 4.332493702770781 43.37813036822316 13
stats: {load,"os_mon@test3"} 1 0.859375 0.0 0.96875 0.6015625 0.7548828125 12
stats: {freemem,"os_mon@test3"} 1 1304.8125 0.0 1402.48046875 1304.8125 1382.8385416666667 12
stats: {recvpackets,"os_mon@test4"} 1 22313.0 0.0 24360 4710 17942.363636363636 11
stats: {sentpackets,"os_mon@test4"} 1 15651.0 0.0 16503 3178 11998.272727272728 11
stats: {cpu,"os_mon@test4"} 1 39.24646781789639 0.0 55.81395348837209 1.7076845806127574 35.10612132840105 12
stats: {load,"os_mon@myserver"} 1 4.328125 0.0 4.328125 0.76953125 2.0134943181818183 11
stats: {recvpackets,"os_mon@myserver"} 1 24690.0 0.0 37404 4858 20023.5 10
stats: {sentpackets,"os_mon@myserver"} 1 17319.0 0.0 25040 3276 13392.6 10
stats: {cpu,"os_mon@myserver"} 1 91.51157512482978 0.0 92.37850890431632 2.7183488547696957 62.042059678862486 11
stats: session 5127 6188.325711450635 5790.086610392877 58887.824951171875 10.6279296875 2565.742011539976 48398
stats: users_count 5723 57229
stats: finish_users_count 5127 53525
stats: request 50942 617.5955649230572 1949.3385852546528 57341.525146484375 0.05712890625 271.23308582734904 495145
stats: page 5237 6212.417828941383 5700.033828883746 58886.369140625 9.14208984375 2547.7519260871695 48209
stats: connect 8126 560.0896806991566 1438.3103232780215 31678.072998046875 0.428955078125 356.8283864152733 60941
stats: 200 48045 533908
stats: size_rcv 4732268 62290771
stats: newphase 6 71
stats: size_sent 6784269 72822297
stats: connected 197 2926
# stats: dump at 1339062538
stats: users 5204 5204
stats: {load,"os_mon@test2"} 1 1.671875 0.0 1.671875 0.83984375 1.0147879464285714 14
stats: {freemem,"os_mon@test2"} 1 1355.4140625 0.0 1584.41796875 1355.4140625 1549.113002232143 14
stats: {recvpackets,"os_mon@test3"} 1 23345.0 0.0 24237 4690 18358.416666666668 12
stats: {sentpackets,"os_mon@test3"} 1 16387.0 0.0 16397 3167 12338.416666666666 12
stats: {cpu,"os_mon@test3"} 1 47.814776274713836 0.0 64.25576519916143 2.6183282980866065 38.0346903458286 13
stats: {load,"os_mon@test4"} 1 0.73828125 0.0 0.94140625 0.55078125 0.7581129807692307 13
stats: {freemem,"os_mon@test4"} 1 1484.5625 0.0 1586.55078125 1484.5625 1553.1334134615386 13
stats: {freemem,"os_mon@myserver"} 1 2691.99609375 0.0 2854.578125 2691.99609375 2796.6975911458335 12
stats: {recvpackets,"os_mon@test2"} 1 23401.0 0.0 24016 906 17083.846153846152 13
stats: {sentpackets,"os_mon@test2"} 1 16461.0 0.0 16461 767 11494.615384615385 13
stats: {cpu,"os_mon@test2"} 1 72.46083880747852 0.0 72.46083880747852 4.332493702770781 44.57039181535834 14
stats: {load,"os_mon@test3"} 1 0.890625 0.0 0.96875 0.6015625 0.7629206730769231 13
stats: {freemem,"os_mon@test3"} 1 1301.33984375 0.0 1402.48046875 1301.33984375 1376.8365384615386 13
stats: {recvpackets,"os_mon@test4"} 1 23525.0 0.0 24360 4710 18306.583333333332 12
stats: {sentpackets,"os_mon@test4"} 1 16463.0 0.0 16503 3178 12302.666666666666 12
stats: {cpu,"os_mon@test4"} 1 43.56540084388186 0.0 55.81395348837209 1.7076845806127574 35.42460951990069 13
stats: {load,"os_mon@myserver"} 1 4.51953125 0.0 4.51953125 0.76953125 2.2063802083333335 12
stats: {recvpackets,"os_mon@myserver"} 1 24098.0 0.0 37404 4858 20447.727272727272 11
stats: {sentpackets,"os_mon@myserver"} 1 17022.0 0.0 25040 3276 13749.545454545454 11
stats: {cpu,"os_mon@myserver"} 1 90.59548254620124 0.0 92.37850890431632 2.7183488547696957 64.4978526326931 12
stats: session 4537 6018.163198402538 6524.050107164788 66989.501953125 10.6279296875 2912.738492239498 53525
stats: users_count 6037 63266
stats: finish_users_count 4537 58062
stats: request 51318 676.0510045912424 1932.348081522241 57632.346923828125 0.05712890625 303.54368360772753 546087
stats: page 4482 5965.772373238612 6476.928350437737 66987.64282226563 9.14208984375 2906.8406386802076 53446
stats: connect 8361 663.8008317366807 1122.3461330809823 31678.072998046875 0.428955078125 380.74286478194387 69067
stats: 200 49031 582939
stats: size_rcv 4382338 66673109
stats: newphase 6 77
stats: size_sent 6958295 79780592
stats: connected 1145 4071
# stats: dump at 1339062548
stats: users 1519 5318
stats: {load,"os_mon@test2"} 1 1.7109375 0.0 1.7109375 0.83984375 1.05859375 15
stats: {freemem,"os_mon@test2"} 1 1332.49609375 0.0 1584.41796875 1332.49609375 1536.1997395833334 15
stats: {recvpackets,"os_mon@test3"} 1 23369.0 0.0 24237 4690 18742.0 13
stats: {sentpackets,"os_mon@test3"} 1 16289.0 0.0 16397 3167 12649.846153846154 13
stats: {cpu,"os_mon@test3"} 1 50.91575091575091 0.0 64.25576519916143 2.6183282980866065 38.733267912177546 14
stats: {load,"os_mon@test4"} 1 0.76953125 0.0 0.94140625 0.55078125 0.7566964285714286 14
stats: {freemem,"os_mon@test4"} 1 1449.875 0.0 1586.55078125 1449.875 1548.2354910714287 14
stats: {freemem,"os_mon@myserver"} 1 2694.62890625 0.0 2854.578125 2691.99609375 2788.6436298076924 13
stats: {recvpackets,"os_mon@test2"} 1 23882.0 0.0 24016 906 17535.071428571428 14
stats: {sentpackets,"os_mon@test2"} 1 16651.0 0.0 16651 767 11849.357142857143 14
stats: {cpu,"os_mon@test2"} 1 57.40165631469979 0.0 72.46083880747852 4.332493702770781 46.429754948166355 15
stats: {load,"os_mon@test3"} 1 0.828125 0.0 0.96875 0.6015625 0.7720424107142857 14
stats: {freemem,"os_mon@test3"} 1 1280.234375 0.0 1402.48046875 1280.234375 1371.4439174107142 14
stats: {recvpackets,"os_mon@test4"} 1 23404.0 0.0 24360 4710 18708.0 13
stats: {sentpackets,"os_mon@test4"} 1 16371.0 0.0 16503 3178 12622.692307692309 13
stats: {cpu,"os_mon@test4"} 1 58.32012678288431 0.0 58.32012678288431 1.7076845806127574 36.006094614470776 14
stats: {load,"os_mon@myserver"} 1 5.05859375 0.0 5.05859375 0.76953125 2.3843149038461537 13
stats: {recvpackets,"os_mon@myserver"} 1 27203.0 0.0 37404 4858 20751.916666666668 12
stats: {sentpackets,"os_mon@myserver"} 1 19194.0 0.0 25040 3276 14022.25 12
stats: {cpu,"os_mon@myserver"} 1 90.36880432229269 0.0 92.37850890431632 2.7183488547696957 66.50536262603988 13
stats: session 5891 8000.476406052728 7780.512159341052 72391.61206054688 10.6279296875 3155.398267856282 58062
stats: users_count 2206 65472
stats: finish_users_count 5891 63953
stats: request 46958 871.936118768617 2614.796486566224 70516.35009765625 0.05712890625 335.5426302155263 597405
stats: page 5837 7989.697326858829 7606.1474799381485 72390.53686523438 9.14208984375 3143.5160294116463 57928
stats: connect 6717 778.2706917993758 1473.2047857697812 31678.072998046875 0.428955078125 411.30865056626675 77428
stats: 200 42332 625271
stats: size_rcv 4250081 70923190
stats: newphase 4 81
stats: size_sent 5874020 85654612
stats: connected -2676 1395
stats: error_connect_etimedout 1 1
# stats: dump at 1339062558
stats: users 4561 5318
stats: {load,"os_mon@test2"} 1 1.96875 0.0 1.96875 0.83984375 1.099365234375 16
stats: {freemem,"os_mon@test2"} 1 1308.08984375 0.0 1584.41796875 1308.08984375 1523.46826171875 16
stats: {recvpackets,"os_mon@test3"} 1 18529.0 0.0 24237 4690 19072.5 14
stats: {sentpackets,"os_mon@test3"} 1 13382.0 0.0 16397 3167 12909.785714285714 14
stats: {cpu,"os_mon@test3"} 1 47.37389495579823 0.0 64.25576519916143 2.6183282980866065 39.545433445749104 15
stats: {load,"os_mon@test4"} 1 0.80859375 0.0 0.94140625 0.55078125 0.7575520833333333 15
stats: {freemem,"os_mon@test4"} 1 1458.59375 0.0 1586.55078125 1449.875 1541.678125 15
stats: {freemem,"os_mon@myserver"} 0 0 0 2854.578125 2691.99609375 2781.928292410714 14
stats: {recvpackets,"os_mon@test2"} 1 19664.0 0.0 24016 906 17958.2 15
stats: {sentpackets,"os_mon@test2"} 1 14108.0 0.0 16651 767 12169.466666666667 15
stats: {cpu,"os_mon@test2"} 1 77.57352941176471 0.0 77.57352941176471 4.332493702770781 47.1154987835747 16
stats: {load,"os_mon@test3"} 1 0.69921875 0.0 0.96875 0.6015625 0.77578125 15
stats: {freemem,"os_mon@test3"} 1 1270.6171875 0.0 1402.48046875 1270.6171875 1365.36328125 15
stats: {recvpackets,"os_mon@test4"} 1 18281.0 0.0 24360 4710 19043.428571428572 14
stats: {sentpackets,"os_mon@test4"} 1 13195.0 0.0 16503 3178 12890.42857142857 14
stats: {cpu,"os_mon@test4"} 1 32.08226221079691 0.0 58.32012678288431 1.7076845806127574 37.49369675903168 15
stats: {load,"os_mon@myserver"} 0 0 0 5.05859375 0.76953125 2.5753348214285716 14
stats: {recvpackets,"os_mon@myserver"} 0 0 0 37404 4858 21248.153846153848 13
stats: {sentpackets,"os_mon@myserver"} 0 0 0 25040 3276 14420.076923076924 13
stats: {cpu,"os_mon@myserver"} 0 0 0 92.37850890431632 2.7183488547696957 68.20989417577223 14
stats: session 4192 5512.818220356945 7996.1476136158735 81321.82788085938 10.6279296875 3601.7003226795937 63953
stats: users_count 7234 72706
stats: finish_users_count 4192 68145
stats: request 52964 588.2787264975312 2224.3569028209604 76825.5458984375 0.05712890625 374.6323442982344 644363
stats: page 4280 5604.271103447174 8315.408919005291 81320.07397460938 9.14208984375 3587.1318097488092 63765
stats: connect 9059 525.0552084447269 1060.7551196523157 31678.072998046875 0.428955078125 440.60194227656206 84145
stats: 200 51242 676513
stats: size_rcv 5167916 76091106
stats: newphase 6 87
stats: size_sent 7335122 92989734
stats: connected 2329 3724
stats: error_connect_etimedout 0 1
# stats: dump at 1339062568
stats: users 2756 5318
stats: {load,"os_mon@test2"} 1 1.828125 0.0 1.96875 0.83984375 1.1505055147058822 17
stats: {freemem,"os_mon@test2"} 1 1291.953125 0.0 1584.41796875 1291.953125 1510.7989430147059 17
stats: {recvpackets,"os_mon@test3"} 1 24496.0 0.0 24496 4690 19036.266666666666 15
stats: {sentpackets,"os_mon@test3"} 1 16915.0 0.0 16915 3167 12941.266666666666 15
stats: {cpu,"os_mon@test3"} 1 70.026525198939 0.0 70.026525198939 2.6183282980866065 40.034712290127175 16
stats: {load,"os_mon@test4"} 1 0.83984375 0.0 0.94140625 0.55078125 0.7607421875 16
stats: {freemem,"os_mon@test4"} 1 1445.23046875 0.0 1586.55078125 1445.23046875 1536.4853515625 16
stats: {freemem,"os_mon@myserver"} 1 2696.21484375 0.0 2854.578125 2691.99609375 2781.928292410714 14
stats: {recvpackets,"os_mon@test2"} 1 23624.0 0.0 24016 906 18064.8125 16
stats: {sentpackets,"os_mon@test2"} 1 16383.0 0.0 16651 767 12290.625 16
stats: {cpu,"os_mon@test2"} 1 50.49044914816727 0.0 77.57352941176471 4.332493702770781 48.907147644056465 17
stats: {load,"os_mon@test3"} 1 0.73828125 0.0 0.96875 0.6015625 0.77099609375 16
stats: {freemem,"os_mon@test3"} 1 1215.21484375 0.0 1402.48046875 1215.21484375 1359.441650390625 16
stats: {recvpackets,"os_mon@test4"} 1 24903.0 0.0 24903 4710 18992.6 15
stats: {sentpackets,"os_mon@test4"} 1 17169.0 0.0 17169 3178 12910.733333333334 15
stats: {cpu,"os_mon@test4"} 1 49.0852064819655 0.0 58.32012678288431 1.7076845806127574 37.155482099767006 16
stats: {load,"os_mon@myserver"} 1 5.1484375 0.0 5.1484375 0.76953125 2.5753348214285716 14
stats: {recvpackets,"os_mon@myserver"} 1 30839.0 0.0 37404 4858 21248.153846153848 13
stats: {sentpackets,"os_mon@myserver"} 1 21422.0 0.0 25040 3276 14420.076923076924 13
stats: {cpu,"os_mon@myserver"} 1 83.08871493803001 0.0 92.37850890431632 2.7183488547696957 68.20989417577223 14
stats: session 5996 6475.148605214361 8252.006533871952 81881.13989257813 10.6279296875 3719.264431962204 68145
stats: users_count 4191 76897
stats: finish_users_count 5996 74141
stats: request 53850 654.3905389954032 2428.1041284149696 87312.94995117188 0.05712890625 390.85940418090576 697327
stats: page 5930 6472.334488053983 8203.903576696213 81872.38305664063 9.14208984375 3714.0089671744686 68045
stats: connect 7171 569.2965732543078 1198.9608682719263 32250.344970703125 0.428955078125 448.8104112072668 93204
stats: 200 50804 727317
stats: size_rcv 5238103 81329209
stats: newphase 6 93
stats: size_sent 6978278 99968012
stats: connected -1257 2467
stats: error_connect_etimedout 0 1
# stats: dump at 1339062578
stats: users 4975 5318
stats: {load,"os_mon@test2"} 1 1.9296875 0.0 1.96875 0.83984375 1.1881510416666667 18
stats: {freemem,"os_mon@test2"} 1 1256.23828125 0.0 1584.41796875 1256.23828125 1498.640842013889 18
stats: {recvpackets,"os_mon@test3"} 1 24886.0 0.0 24886 4690 19377.5 16
stats: {sentpackets,"os_mon@test3"} 1 17301.0 0.0 17301 3167 13189.625 16
stats: {cpu,"os_mon@test3"} 1 51.100628930817614 0.0 70.026525198939 2.6183282980866065 41.79893657888081 17
stats: {load,"os_mon@test4"} 1 1.08984375 0.0 1.08984375 0.55078125 0.7653952205882353 17
stats: {freemem,"os_mon@test4"} 1 1445.4765625 0.0 1586.55078125 1445.23046875 1531.1174172794117 17
stats: {freemem,"os_mon@myserver"} 1 2685.53515625 0.0 2854.578125 2685.53515625 2776.2140625 15
stats: {recvpackets,"os_mon@test2"} 1 28243.0 0.0 28243 906 18391.823529411766 17
stats: {sentpackets,"os_mon@test2"} 1 19516.0 0.0 19516 767 12531.35294117647 17
stats: {cpu,"os_mon@test2"} 1 67.95608991113434 0.0 77.57352941176471 4.332493702770781 48.995108838729294 18
stats: {load,"os_mon@test3"} 1 0.78125 0.0 0.96875 0.6015625 0.7690716911764706 17
stats: {freemem,"os_mon@test3"} 1 1204.4375 0.0 1402.48046875 1204.4375 1350.9577205882354 17
stats: {recvpackets,"os_mon@test4"} 1 24319.0 0.0 24903 4710 19362.0 16
stats: {sentpackets,"os_mon@test4"} 1 16936.0 0.0 17169 3178 13176.875 16
stats: {cpu,"os_mon@test4"} 1 50.62370062370062 0.0 58.32012678288431 1.7076845806127574 37.85723059283751 17
stats: {load,"os_mon@myserver"} 1 4.80859375 0.0 5.1484375 0.76953125 2.746875 15
stats: {recvpackets,"os_mon@myserver"} 1 32327.0 0.0 37404 4858 21933.214285714286 14
stats: {sentpackets,"os_mon@myserver"} 1 22482.0 0.0 25040 3276 14920.214285714286 14
stats: {cpu,"os_mon@myserver"} 1 91.64485165794066 0.0 92.37850890431632 2.7183488547696957 69.20181555992276 15
stats: session 4569 6299.8899899351345 8901.687067378421 99216.19799804688 10.6279296875 3942.140863394474 74141
stats: users_count 6788 83685
stats: finish_users_count 4569 78710
stats: request 51993 636.8268347637866 2259.627062772295 90344.30395507813 0.05712890625 409.7512919913162 751177
stats: page 4641 6295.900017969922 8858.119423133656 99214.56298828125 9.14208984375 3935.1224560398355 73975
stats: connect 8700 563.2682726068616 1051.5620439551237 32250.344970703125 0.428955078125 457.41819469956397 100375
stats: 200 50253 777570
stats: size_rcv 4720749 86049958
stats: newphase 6 99
stats: size_sent 7126938 107094950
stats: connected 1723 4190
stats: error_connect_etimedout 1 2
# stats: dump at 1339062588
stats: users 3626 5318
stats: {load,"os_mon@test2"} 1 2.25 0.0 2.25 0.83984375 1.2271792763157894 19
stats: {freemem,"os_mon@test2"} 1 1199.7890625 0.0 1584.41796875 1199.7890625 1485.8828125 19
stats: {recvpackets,"os_mon@test3"} 1 25033.0 0.0 25033 4690 19701.529411764706 17
stats: {sentpackets,"os_mon@test3"} 1 17540.0 0.0 17540 3167 13431.470588235294 17
stats: {cpu,"os_mon@test3"} 1 51.31717597471022 0.0 70.026525198939 2.6183282980866065 42.31569726509952 18
stats: {load,"os_mon@test4"} 1 1.078125 0.0 1.08984375 0.55078125 0.7834201388888888 18
stats: {freemem,"os_mon@test4"} 1 1421.5625 0.0 1586.55078125 1421.5625 1526.359592013889 18
stats: {freemem,"os_mon@myserver"} 1 2687.17578125 0.0 2854.578125 2685.53515625 2770.546630859375 16
stats: {recvpackets,"os_mon@test2"} 1 22474.0 0.0 28243 906 18939.11111111111 18
stats: {sentpackets,"os_mon@test2"} 1 15933.0 0.0 19516 767 12919.388888888889 18
stats: {cpu,"os_mon@test2"} 1 62.333674513817805 0.0 77.57352941176471 4.332493702770781 49.99305521096113 19
stats: {load,"os_mon@test3"} 1 0.66015625 0.0 0.96875 0.6015625 0.7697482638888888 18
stats: {freemem,"os_mon@test3"} 1 1191.86328125 0.0 1402.48046875 1191.86328125 1342.8177083333333 18
stats: {recvpackets,"os_mon@test4"} 1 25241.0 0.0 25241 4710 19653.58823529412 17
stats: {sentpackets,"os_mon@test4"} 1 17665.0 0.0 17665 3178 13398.0 17
stats: {cpu,"os_mon@test4"} 1 54.27055702917772 0.0 58.32012678288431 1.7076845806127574 38.56647892788546 18
stats: {load,"os_mon@myserver"} 1 5.1484375 0.0 5.1484375 0.76953125 2.875732421875 16
stats: {recvpackets,"os_mon@myserver"} 1 24336.0 0.0 37404 4858 22626.133333333335 15
stats: {sentpackets,"os_mon@myserver"} 1 17321.0 0.0 25040 3276 15424.333333333334 15
stats: {cpu,"os_mon@myserver"} 1 91.2989279481426 0.0 92.37850890431632 2.7183488547696957 70.60450531604889 16
stats: session 5682 7149.308858042329 8746.977842262624 99398.76293945313 10.6279296875 4079.0047404007532 78710
stats: users_count 4333 88018
stats: finish_users_count 5682 84392
stats: request 53563 755.612067839691 2525.482807857999 94066.1650390625 0.05712890625 424.45096789476014 803170
stats: page 5579 7131.65318614237 8695.851817473958 99396.48095703125 9.14208984375 4074.488089815626 78616
stats: connect 7540 681.1537310451045 1359.5877069491298 32250.344970703125 0.428955078125 465.8609696506847 109075
stats: 200 50144 827714
stats: size_rcv 4806842 90856800
stats: newphase 5 104
stats: size_sent 6986869 114081819
stats: connected -922 3268
stats: error_connect_etimedout 0 2
# stats: dump at 1339062598
stats: users 4826 5318
stats: {load,"os_mon@test2"} 1 2.05859375 0.0 2.25 0.83984375 1.2783203125 20
stats: {freemem,"os_mon@test2"} 1 1134.328125 0.0 1584.41796875 1134.328125 1471.578125 20
stats: {recvpackets,"os_mon@test3"} 1 24964.0 0.0 25033 4690 19997.722222222223 18
stats: {sentpackets,"os_mon@test3"} 1 17736.0 0.0 17736 3167 13659.722222222223 18
stats: {cpu,"os_mon@test3"} 1 61.566579634464745 0.0 70.026525198939 2.6183282980866065 42.789459302447455 19
stats: {load,"os_mon@test4"} 1 1.0703125 0.0 1.08984375 0.55078125 0.7989309210526315 19
stats: {freemem,"os_mon@test4"} 1 1418.6796875 0.0 1586.55078125 1418.6796875 1520.8439555921052 19
stats: {freemem,"os_mon@myserver"} 1 2684.15234375 0.0 2854.578125 2684.15234375 2765.642463235294 17
stats: {recvpackets,"os_mon@test2"} 1 25159.0 0.0 28243 906 19125.157894736843 19
stats: {sentpackets,"os_mon@test2"} 1 17945.0 0.0 19516 767 13078.0 19
stats: {cpu,"os_mon@test2"} 1 75.85353785254824 0.0 77.57352941176471 4.332493702770781 50.61008617610396 20
stats: {load,"os_mon@test3"} 1 0.640625 0.0 0.96875 0.6015625 0.7639802631578947 19
stats: {freemem,"os_mon@test3"} 1 1160.69921875 0.0 1402.48046875 1160.69921875 1334.872738486842 19
stats: {recvpackets,"os_mon@test4"} 1 25387.0 0.0 25387 4710 19964.0 18
stats: {sentpackets,"os_mon@test4"} 1 18027.0 0.0 18027 3178 13635.055555555555 18
stats: {cpu,"os_mon@test4"} 1 34.46676970633694 0.0 58.32012678288431 1.7076845806127574 39.39300935426926 19
stats: {load,"os_mon@myserver"} 1 5.28125 0.0 5.28125 0.76953125 3.009420955882353 17
stats: {recvpackets,"os_mon@myserver"} 1 28663.0 0.0 37404 4858 22733.0 16
stats: {sentpackets,"os_mon@myserver"} 1 20406.0 0.0 25040 3276 15542.875 16
stats: {cpu,"os_mon@myserver"} 1 91.22391912239192 0.0 92.37850890431632 2.7183488547696957 71.82182429440734 17
stats: session 5096 7147.469024993564 9986.827297523265 115192.82495117188 10.6279296875 4285.724192439329 84392
stats: users_count 6296 94314
stats: finish_users_count 5096 89488
stats: 200 50372 878086
stats: request 53620 718.2369605776169 2702.4113769435826 112119.01196289063 0.05712890625 445.1551802880616 856733
stats: page 5223 7059.431186045723 9758.86607093992 115190.73510742188 9.14208984375 4277.06453820813 84195
stats: connect 8902 516.5090480402478 1030.8417607597162 32250.344970703125 0.428955078125 479.78119793104247 116615
stats: size_rcv 4864658 95721458
stats: newphase 4 108
stats: size_sent 7198202 121280021
stats: connected 650 3918
stats: error_connect_etimedout 0 2
stats: error_abort 1 1
EndMonitor:{1339,62598,253638}
