# stats: dump at 1338906455
stats: users 0 0
# stats: dump at 1338906465
stats: users 3 8
stats: {load,"os_mon@test2"} 1 1.69921875 0 1.69921875 1.69921875 0 0
stats: {freemem,"os_mon@test2"} 1 1523.0703125 0 1523.0703125 1523.0703125 0 0
stats: {cpu,"os_mon@test3"} 1 2.556390977443609 0 2.556390977443609 2.556390977443609 0 0
stats: {load,"os_mon@test4"} 1 1.2109375 0 1.2109375 1.2109375 0 0
stats: {freemem,"os_mon@test4"} 1 1449.30859375 0 1449.30859375 1449.30859375 0 0
stats: {freemem,"os_mon@myserver"} 1 2506.87890625 0 2506.87890625 2506.87890625 0 0
stats: {load,"os_mon@test3"} 1 2.0703125 0 2.0703125 2.0703125 0 0
stats: {cpu,"os_mon@test2"} 1 2.208835341365462 0 2.208835341365462 2.208835341365462 0 0
stats: {freemem,"os_mon@test3"} 1 1502.3046875 0 1502.3046875 1502.3046875 0 0
stats: {cpu,"os_mon@test4"} 1 1.9490254872563717 0 1.9490254872563717 1.9490254872563717 0 0
stats: {load,"os_mon@myserver"} 1 2.6484375 0 2.6484375 2.6484375 0 0
stats: {cpu,"os_mon@myserver"} 1 1.5071590052750565 0 1.5071590052750565 1.5071590052750565 0 0
stats: session 535 13.387527836594623 2.7377251622047156 30.412841796875 9.8359375 0 0
stats: users_count 538 538
stats: finish_users_count 535 535
stats: 200 5273 5273
stats: request 5273 1.060955057012136 0.5867065187803914 6.27392578125 0.22509765625 0 0
stats: page 527 11.135947413869784 2.372663010088403 26.286865234375 8.541015625 0 0
stats: connect 528 1.2025553385416667 0.346144379307553 3.923095703125 0.51708984375 0 0
stats: size_rcv 627487 627487
stats: size_sent 699483 699483
stats: connected 1 1
# stats: dump at 1338906475
stats: users 1 19
stats: {load,"os_mon@test2"} 1 1.4296875 0.0 1.69921875 1.4296875 1.69921875 1
stats: {recvpackets,"os_mon@test3"} 1 3476 0 3476 3476 0 0
stats: {sentpackets,"os_mon@test3"} 1 2304 0 2304 2304 0 0
stats: {freemem,"os_mon@test2"} 1 1522.078125 0.0 1523.0703125 1522.078125 1523.0703125 1
stats: {cpu,"os_mon@test3"} 1 7.6765609007164795 0.0 7.6765609007164795 2.556390977443609 2.556390977443609 1
stats: {load,"os_mon@test4"} 1 1.109375 0.0 1.2109375 1.109375 1.2109375 1
stats: {freemem,"os_mon@test4"} 1 1448.33984375 0.0 1449.30859375 1448.33984375 1449.30859375 1
stats: {freemem,"os_mon@myserver"} 1 2506.2890625 0.0 2506.87890625 2506.2890625 2506.87890625 1
stats: {recvpackets,"os_mon@test2"} 1 3472 0 3472 3472 0 0
stats: {sentpackets,"os_mon@test2"} 1 2305 0 2305 2305 0 0
stats: {load,"os_mon@test3"} 1 1.75 0.0 2.0703125 1.75 2.0703125 1
stats: {cpu,"os_mon@test2"} 1 4.646464646464646 0.0 4.646464646464646 2.208835341365462 2.208835341365462 1
stats: {freemem,"os_mon@test3"} 1 1501.95703125 0.0 1502.3046875 1501.95703125 1502.3046875 1
stats: {recvpackets,"os_mon@test4"} 1 3438 0 3438 3438 0 0
stats: {sentpackets,"os_mon@test4"} 1 2274 0 2274 2274 0 0
stats: {cpu,"os_mon@test4"} 1 4.515805318615153 0.0 4.515805318615153 1.9490254872563717 1.9490254872563717 1
stats: {load,"os_mon@myserver"} 1 2.23828125 0.0 2.6484375 2.23828125 2.6484375 1
stats: {recvpackets,"os_mon@myserver"} 1 3531 0 3531 3531 0 0
stats: {sentpackets,"os_mon@myserver"} 1 2342 0 2342 2342 0 0
stats: {cpu,"os_mon@myserver"} 1 6.804435483870967 0.0 6.804435483870967 1.5071590052750565 1.5071590052750565 1
stats: session 1582 17.18604873676518 8.887499231914143 58.48388671875 9.514892578125 13.387527836594623 535
stats: users_count 1580 2118
stats: finish_users_count 1582 2117
stats: request 15747 1.4764598018670243 1.0883540833500913 10.577880859375 0.18505859375 1.060955057012136 5273
stats: page 1574 15.208230237948698 8.973380624143466 56.618896484375 8.22705078125 11.135947413869784 527
stats: connect 1576 1.0359941666501413 0.3106377878836931 4.93896484375 0.51708984375 1.2025553385416667 528
stats: 200 15747 21020
stats: size_rcv 1873893 2501380
stats: newphase 6 6
stats: size_sent 2091079 2790562
stats: connected 2 3
# stats: dump at 1338906485
stats: users 166 176
stats: {load,"os_mon@test2"} 1 1.2890625 0.0 1.69921875 1.2890625 1.564453125 2
stats: {recvpackets,"os_mon@test3"} 1 7742.0 0.0 7742 3476 3476.0 1
stats: {sentpackets,"os_mon@test3"} 1 5185.0 0.0 5185 2304 2304.0 1
stats: {freemem,"os_mon@test2"} 1 1521.71484375 0.0 1523.0703125 1521.71484375 1522.57421875 2
stats: {cpu,"os_mon@test3"} 1 14.855072463768115 0.0 14.855072463768115 2.556390977443609 5.116475939080044 2
stats: {load,"os_mon@test4"} 1 0.94140625 0.0 1.2109375 0.94140625 1.16015625 2
stats: {freemem,"os_mon@test4"} 1 1447.9765625 0.0 1449.30859375 1447.9765625 1448.82421875 2
stats: {freemem,"os_mon@myserver"} 1 2505.69140625 0.0 2506.87890625 2505.69140625 2506.583984375 2
stats: {recvpackets,"os_mon@test2"} 1 7694.0 0.0 7694 3472 3472.0 1
stats: {sentpackets,"os_mon@test2"} 1 5147.0 0.0 5147 2305 2305.0 1
stats: {load,"os_mon@test3"} 1 1.48046875 0.0 2.0703125 1.48046875 1.91015625 2
stats: {cpu,"os_mon@test2"} 1 14.161554192229039 0.0 14.161554192229039 2.208835341365462 3.427649993915054 2
stats: {freemem,"os_mon@test3"} 1 1501.8203125 0.0 1502.3046875 1501.8203125 1502.130859375 2
stats: {recvpackets,"os_mon@test4"} 1 7704.0 0.0 7704 3438 3438.0 1
stats: {sentpackets,"os_mon@test4"} 1 5158.0 0.0 5158 2274 2274.0 1
stats: {cpu,"os_mon@test4"} 1 11.932687404385518 0.0 11.932687404385518 1.9490254872563717 3.2324154029357626 2
stats: {load,"os_mon@myserver"} 1 1.8984375 0.0 2.6484375 1.8984375 2.443359375 2
stats: {recvpackets,"os_mon@myserver"} 1 7978.0 0.0 7978 3531 3531.0 1
stats: {sentpackets,"os_mon@myserver"} 1 5331.0 0.0 5331 2342 2342.0 1
stats: {cpu,"os_mon@myserver"} 1 16.94277108433735 0.0 16.94277108433735 1.5071590052750565 4.155797244573012 2
stats: session 2405 121.77074129417882 149.44012646774425 584.218017578125 9.324951171875 16.226101319858593 2117
stats: users_count 2570 4688
stats: finish_users_count 2405 4522
stats: request 24681 12.848812794618686 16.707705796169595 112.843017578125 0.18505859375 1.3722278075939593 21020
stats: page 2402 115.80654101725115 144.50103985432676 576.98486328125 7.712890625 14.186767578125 2101
stats: connect 2563 0.9476386467274678 0.3504876469541722 8.97314453125 0.51708984375 1.0777927877331857 2104
stats: 200 24681 45701
stats: size_rcv 2937039 5438419
stats: newphase 6 12
stats: size_sent 3299305 6089867
stats: connected 161 164
# stats: dump at 1338906495
stats: users 1152 1152
stats: {load,"os_mon@test2"} 1 1.171875 0.0 1.69921875 1.171875 1.47265625 3
stats: {recvpackets,"os_mon@test3"} 1 11287.0 0.0 11287 3476 5609.0 2
stats: {sentpackets,"os_mon@test3"} 1 7410.0 0.0 7410 2304 3744.5 2
stats: {freemem,"os_mon@test2"} 1 1518.5703125 0.0 1523.0703125 1518.5703125 1522.2877604166667 3
stats: {cpu,"os_mon@test3"} 1 23.406425293217744 0.0 23.406425293217744 2.556390977443609 8.362674780642735 3
stats: {load,"os_mon@test4"} 1 0.7890625 0.0 1.2109375 0.7890625 1.0872395833333333 3
stats: {freemem,"os_mon@test4"} 1 1445.80859375 0.0 1449.30859375 1445.80859375 1448.5416666666667 3
stats: {freemem,"os_mon@myserver"} 1 2499.0234375 0.0 2506.87890625 2499.0234375 2506.2864583333335 3
stats: {recvpackets,"os_mon@test2"} 1 11278.0 0.0 11278 3472 5583.0 2
stats: {sentpackets,"os_mon@test2"} 1 7403.0 0.0 7403 2305 3726.0 2
stats: {load,"os_mon@test3"} 1 1.328125 0.0 2.0703125 1.328125 1.7669270833333333 3
stats: {cpu,"os_mon@test2"} 1 23.749368367862555 0.0 23.749368367862555 2.208835341365462 7.005618060019716 3
stats: {freemem,"os_mon@test3"} 1 1499.7421875 0.0 1502.3046875 1499.7421875 1502.02734375 3
stats: {recvpackets,"os_mon@test4"} 1 11282.0 0.0 11282 3438 5571.0 2
stats: {sentpackets,"os_mon@test4"} 1 7406.0 0.0 7406 2274 3716.0 2
stats: {cpu,"os_mon@test4"} 1 20.440881763527056 0.0 20.440881763527056 1.9490254872563717 6.1325060700856815 3
stats: {load,"os_mon@myserver"} 1 1.76171875 0.0 2.6484375 1.76171875 2.26171875 3
stats: {recvpackets,"os_mon@myserver"} 1 11337.0 0.0 11337 3531 5754.5 2
stats: {sentpackets,"os_mon@myserver"} 1 7439.0 0.0 7439 2342 3836.5 2
stats: {cpu,"os_mon@myserver"} 1 23.18876911506643 0.0 23.18876911506643 1.5071590052750565 8.41812185782779 3
stats: session 2419 1609.4863396305914 644.9744858457956 4889.388916015625 9.324951171875 72.3594182456083 4522
stats: users_count 3405 8093
stats: finish_users_count 2419 6941
stats: request 25947 170.54657775382512 157.51781814508917 4828.620849609375 0.18505859375 7.570201463854375 45701
stats: page 2438 1599.71207218311 648.9730452081632 4887.81005859375 7.712890625 68.39300692984186 4503
stats: connect 2796 131.73474033775915 458.5786659300143 3005.748046875 0.342041015625 1.006315379677121 4667
stats: 200 25947 71648
stats: size_rcv 3087693 8526112
stats: newphase 6 18
stats: size_sent 3486971 9576838
stats: connected 358 522
# stats: dump at 1338906505
stats: users 2968 2990
stats: {load,"os_mon@test2"} 1 1.21875 0.0 1.69921875 1.171875 1.3974609375 4
stats: {recvpackets,"os_mon@test3"} 1 14116.0 0.0 14116 3476 7501.666666666667 3
stats: {sentpackets,"os_mon@test3"} 1 9269.0 0.0 9269 2304 4966.333333333333 3
stats: {freemem,"os_mon@test2"} 1 1510.48046875 0.0 1523.0703125 1510.48046875 1521.3583984375 4
stats: {cpu,"os_mon@test3"} 1 30.160320641282567 0.0 30.160320641282567 2.556390977443609 12.123612408786487 4
stats: {load,"os_mon@test4"} 1 0.671875 0.0 1.2109375 0.671875 1.0126953125 4
stats: {freemem,"os_mon@test4"} 1 1437.8984375 0.0 1449.30859375 1437.8984375 1447.8583984375 4
stats: {freemem,"os_mon@myserver"} 1 2489.62109375 0.0 2506.87890625 2489.62109375 2504.470703125 4
stats: {recvpackets,"os_mon@test2"} 1 14104.0 0.0 14104 3472 7481.333333333333 3
stats: {sentpackets,"os_mon@test2"} 1 9263.0 0.0 9263 2305 4951.666666666667 3
stats: {load,"os_mon@test3"} 1 1.12890625 0.0 2.0703125 1.12890625 1.6572265625 4
stats: {cpu,"os_mon@test2"} 1 29.258517034068138 0.0 29.258517034068138 2.208835341365462 11.191555636980425 4
stats: {freemem,"os_mon@test3"} 1 1490.61328125 0.0 1502.3046875 1490.61328125 1501.4560546875 4
stats: {recvpackets,"os_mon@test4"} 1 14101.0 0.0 14101 3438 7474.666666666667 3
stats: {sentpackets,"os_mon@test4"} 1 9261.0 0.0 9261 2274 4946.0 3
stats: {cpu,"os_mon@test4"} 1 25.970149253731346 0.0 25.970149253731346 1.9490254872563717 9.709599993446025 4
stats: {load,"os_mon@myserver"} 1 1.640625 0.0 2.6484375 1.640625 2.13671875 4
stats: {recvpackets,"os_mon@myserver"} 1 14136.0 0.0 14136 3531 7615.333333333333 3
stats: {sentpackets,"os_mon@myserver"} 1 9290.0 0.0 9290 2342 5037.333333333333 3
stats: {cpu,"os_mon@myserver"} 1 25.6 0.0 25.6 1.5071590052750565 12.110783672137451 4
stats: session 2548 3323.193784129861 1930.111686325163 9324.4228515625 9.324951171875 608.0617698995882 6941
stats: users_count 4364 12457
stats: finish_users_count 2548 9489
stats: request 25093 367.64198255730884 854.7136699699311 8807.056884765625 0.18505859375 66.59136096022372 71648
stats: page 2505 3303.7124942497762 1914.0177418242295 9322.06494140625 7.712890625 606.2630373415213 6941
stats: connect 2536 1653.8403731385256 2179.315148146691 15022.97607421875 0.342041015625 49.98349294671415 7463
stats: 200 25093 96741
stats: size_rcv 2986067 11512179
stats: newphase 6 24
stats: size_sent 3336164 12913002
stats: connected 31 553
# stats: dump at 1338906515
stats: users 4693 4803
stats: {load,"os_mon@test2"} 1 1.03125 0.0 1.69921875 1.03125 1.36171875 5
stats: {recvpackets,"os_mon@test3"} 1 16689.0 0.0 16689 3476 9155.25 4
stats: {sentpackets,"os_mon@test3"} 1 10825.0 0.0 10825 2304 6042.0 4
stats: {freemem,"os_mon@test2"} 1 1496.6796875 0.0 1523.0703125 1496.6796875 1519.1828125 5
stats: {cpu,"os_mon@test3"} 1 30.983015954709213 0.0 30.983015954709213 2.556390977443609 15.730954055285702 5
stats: {load,"os_mon@test4"} 1 0.6484375 0.0 1.2109375 0.6484375 0.94453125 5
stats: {freemem,"os_mon@test4"} 1 1424.1171875 0.0 1449.30859375 1424.1171875 1445.86640625 5
stats: {freemem,"os_mon@myserver"} 1 2488.01953125 0.0 2506.87890625 2488.01953125 2501.50078125 5
stats: {recvpackets,"os_mon@test2"} 1 16634.0 0.0 16634 3472 9137.0 4
stats: {sentpackets,"os_mon@test2"} 1 10793.0 0.0 10793 2305 6029.5 4
stats: {load,"os_mon@test3"} 1 1.03125 0.0 2.0703125 1.03125 1.5515625 5
stats: {cpu,"os_mon@test2"} 1 31.49646107178969 0.0 31.49646107178969 2.208835341365462 14.804947916397968 5
stats: {freemem,"os_mon@test3"} 1 1477.0234375 0.0 1502.3046875 1477.0234375 1499.2875 5
stats: {recvpackets,"os_mon@test4"} 1 16617.0 0.0 16617 3438 9131.25 4
stats: {sentpackets,"os_mon@test4"} 1 10782.0 0.0 10782 2274 6024.75 4
stats: {cpu,"os_mon@test4"} 1 28.802425467407783 0.0 28.802425467407783 1.9490254872563717 12.961709845503089 5
stats: {load,"os_mon@myserver"} 1 1.5390625 0.0 2.6484375 1.5390625 2.0375 5
stats: {recvpackets,"os_mon@myserver"} 1 16804.0 0.0 16804 3531 9245.5 4
stats: {sentpackets,"os_mon@myserver"} 1 10899.0 0.0 10899 2342 6100.5 4
stats: {cpu,"os_mon@myserver"} 1 25.544158118588946 0.0 25.6 1.5071590052750565 14.80862693770996 5
stats: session 2506 4831.099398065755 3106.7350775257237 17916.510986328125 9.324951171875 1337.1329441285623 9489
stats: users_count 4231 16688
stats: finish_users_count 2506 11995
stats: request 24930 500.84569491842785 1397.1427089767342 16055.678955078125 0.18505859375 144.67886520078002 96741
stats: page 2516 4830.550598726755 3102.6723126619586 17914.683837890625 7.712890625 1321.6040165449067 9446
stats: connect 2505 2840.0033862938126 3252.2717315363266 15047.600830078125 0.342041015625 456.762275641627 9999
stats: 200 24930 121671
stats: size_rcv 2966670 14478849
stats: newphase 6 30
stats: size_sent 3305914 16218916
stats: connected -11 542
# stats: dump at 1338906525
stats: users 5249 5262
stats: {load,"os_mon@test2"} 1 0.87109375 0.0 1.69921875 0.87109375 1.306640625 6
stats: {recvpackets,"os_mon@test3"} 1 15610.0 0.0 16689 3476 10662.0 5
stats: {sentpackets,"os_mon@test3"} 1 10474.0 0.0 10825 2304 6998.6 5
stats: {freemem,"os_mon@test2"} 1 1469.84765625 0.0 1523.0703125 1469.84765625 1515.4322916666667 6
stats: {cpu,"os_mon@test3"} 1 34.896907216494846 0.0 34.896907216494846 2.556390977443609 18.272964371856286 6
stats: {load,"os_mon@test4"} 1 0.55078125 0.0 1.2109375 0.55078125 0.8951822916666666 6
stats: {freemem,"os_mon@test4"} 1 1400.45703125 0.0 1449.30859375 1400.45703125 1442.2415364583333 6
stats: {freemem,"os_mon@myserver"} 1 2487.48828125 0.0 2506.87890625 2487.48828125 2499.25390625 6
stats: {recvpackets,"os_mon@test2"} 1 15658.0 0.0 16634 3472 10636.4 5
stats: {sentpackets,"os_mon@test2"} 1 10496.0 0.0 10793 2305 6982.2 5
stats: {load,"os_mon@test3"} 1 0.87109375 0.0 2.0703125 0.87109375 1.46484375 6
stats: {cpu,"os_mon@test2"} 1 33.52040816326531 0.0 33.52040816326531 2.208835341365462 17.586866775629918 6
stats: {freemem,"os_mon@test3"} 1 1432.734375 0.0 1502.3046875 1432.734375 1495.5768229166667 6
stats: {recvpackets,"os_mon@test4"} 1 15682.0 0.0 16617 3438 10628.4 5
stats: {sentpackets,"os_mon@test4"} 1 10513.0 0.0 10782 2274 6976.2 5
stats: {cpu,"os_mon@test4"} 1 30.267812026275898 0.0 30.267812026275898 1.9490254872563717 15.601829115820538 6
stats: {load,"os_mon@myserver"} 1 1.4609375 0.0 2.6484375 1.4609375 1.9544270833333333 6
stats: {recvpackets,"os_mon@myserver"} 1 15604.0 0.0 16804 3531 10757.2 5
stats: {sentpackets,"os_mon@myserver"} 1 10520.0 0.0 10899 2342 7060.2 5
stats: {cpu,"os_mon@myserver"} 1 25.56334501752629 0.0 25.6 1.5071590052750565 16.597882134523122 6
stats: session 2573 7067.0990553380325 5621.231427072308 33254.9599609375 9.324951171875 2067.0937555972246 11995
stats: users_count 3129 19817
stats: finish_users_count 2573 14568
stats: 200 25405 147076
stats: request 25409 718.8104286336467 2436.8885788528983 31490.3759765625 0.18505859375 217.65631311245133 121671
stats: page 2534 6895.465333380096 5389.875556292691 33253.468994140625 7.712890625 2059.6502964955444 11962
stats: connect 2559 5011.842731936469 5784.976349757086 31076.220947265625 0.342041015625 934.2110106211315 12504
stats: size_rcv 3023195 17502044
stats: newphase 6 36
stats: size_sent 3376173 19595089
stats: connected 21 563
# stats: dump at 1338906535
stats: users 7720 7773
stats: {load,"os_mon@test2"} 1 0.9609375 0.0 1.69921875 0.87109375 1.2444196428571428 7
stats: {recvpackets,"os_mon@test3"} 1 15411.0 0.0 16689 3476 11486.666666666666 6
stats: {sentpackets,"os_mon@test3"} 1 10896.0 0.0 10896 2304 7577.833333333333 6
stats: {freemem,"os_mon@test2"} 1 1441.140625 0.0 1523.0703125 1441.140625 1508.920200892857 7
stats: {cpu,"os_mon@test3"} 1 29.36670071501532 0.0 34.896907216494846 2.556390977443609 20.647813349661792 7
stats: {load,"os_mon@test4"} 1 0.62109375 0.0 1.2109375 0.55078125 0.8459821428571429 7
stats: {freemem,"os_mon@test4"} 1 1368.296875 0.0 1449.30859375 1368.296875 1436.2723214285713 7
stats: {freemem,"os_mon@myserver"} 1 2487.1953125 0.0 2506.87890625 2487.1953125 2497.5731026785716 7
stats: {recvpackets,"os_mon@test2"} 1 15367.0 0.0 16634 3472 11473.333333333334 6
stats: {sentpackets,"os_mon@test2"} 1 10871.0 0.0 10871 2305 7567.833333333333 6
stats: {load,"os_mon@test3"} 1 0.73828125 0.0 2.0703125 0.73828125 1.3800223214285714 7
stats: {cpu,"os_mon@test2"} 1 36.47355163727959 0.0 36.47355163727959 2.208835341365462 19.863086973863545 7
stats: {freemem,"os_mon@test3"} 1 1415.46875 0.0 1502.3046875 1415.46875 1486.599330357143 7
stats: {recvpackets,"os_mon@test4"} 1 15365.0 0.0 16617 3438 11470.666666666666 6
stats: {sentpackets,"os_mon@test4"} 1 10871.0 0.0 10871 2274 7565.666666666667 6
stats: {cpu,"os_mon@test4"} 1 30.74596774193548 0.0 30.74596774193548 1.9490254872563717 17.696969531599876 7
stats: {load,"os_mon@myserver"} 1 1.390625 0.0 2.6484375 1.390625 1.8839285714285714 7
stats: {recvpackets,"os_mon@myserver"} 1 15682.0 0.0 16804 3531 11565.0 6
stats: {sentpackets,"os_mon@myserver"} 1 11027.0 0.0 11027 2342 7636.833333333333 6
stats: {cpu,"os_mon@myserver"} 1 25.376128385155468 0.0 25.6 1.5071590052750565 17.878662546380717 7
stats: session 2559 6938.2621363363705 8153.852171856326 36460.927001953125 9.324951171875 2950.194636722506 14568
stats: users_count 5030 24847
stats: finish_users_count 2559 17127
stats: request 25631 719.2262402145648 3091.9291522269828 34455.924072265625 0.18505859375 304.2338554110511 147080
stats: page 2561 7100.6285777421535 8281.86015888695 36459.398193359375 7.712890625 2904.983857716947 14496
stats: connect 2546 5288.04810567588 8639.864156830505 31104.47705078125 0.342041015625 1626.9454974329187 15063
stats: 200 25631 172707
stats: size_rcv 3050089 20552133
stats: newphase 6 42
stats: size_sent 3401448 22996537
stats: connected -15 548
# stats: dump at 1338906545
stats: users 8910 8910
stats: {load,"os_mon@test2"} 1 0.890625 0.0 1.69921875 0.87109375 1.208984375 8
stats: {recvpackets,"os_mon@test3"} 1 18120.0 0.0 18120 3476 12047.285714285714 7
stats: {sentpackets,"os_mon@test3"} 1 12563.0 0.0 12563 2304 8051.857142857143 7
stats: {freemem,"os_mon@test2"} 1 1394.4765625 0.0 1523.0703125 1394.4765625 1500.44775390625 8
stats: {cpu,"os_mon@test3"} 1 37.93642522146952 0.0 37.93642522146952 2.556390977443609 21.737674270330984 8
stats: {load,"os_mon@test4"} 1 0.51953125 0.0 1.2109375 0.51953125 0.81787109375 8
stats: {freemem,"os_mon@test4"} 1 1351.76171875 0.0 1449.30859375 1351.76171875 1427.775390625 8
stats: {freemem,"os_mon@myserver"} 1 2487.234375 0.0 2506.87890625 2487.1953125 2496.27587890625 8
stats: {recvpackets,"os_mon@test2"} 1 18132.0 0.0 18132 3472 12029.57142857143 7
stats: {sentpackets,"os_mon@test2"} 1 12574.0 0.0 12574 2305 8039.714285714285 7
stats: {load,"os_mon@test3"} 1 0.8515625 0.0 2.0703125 0.73828125 1.2998046875 8
stats: {cpu,"os_mon@test2"} 1 40.78611536498214 0.0 40.78611536498214 2.208835341365462 21.939395056790552 8
stats: {freemem,"os_mon@test3"} 1 1363.8359375 0.0 1502.3046875 1363.8359375 1477.7080078125 8
stats: {recvpackets,"os_mon@test4"} 1 18130.0 0.0 18130 3438 12027.0 7
stats: {sentpackets,"os_mon@test4"} 1 12572.0 0.0 12572 2274 8037.857142857143 7
stats: {cpu,"os_mon@test4"} 1 27.577450482478415 0.0 30.74596774193548 1.9490254872563717 19.328094307891828 8
stats: {load,"os_mon@myserver"} 1 1.328125 0.0 2.6484375 1.328125 1.822265625 8
stats: {recvpackets,"os_mon@myserver"} 1 17790.0 0.0 17790 3531 12153.142857142857 7
stats: {sentpackets,"os_mon@myserver"} 1 12335.0 0.0 12335 2342 8121.142857142857 7
stats: {cpu,"os_mon@myserver"} 1 25.50688360450563 0.0 25.6 1.5071590052750565 18.81584577622756 8
stats: session 2457 9913.553809806031 10377.169160952702 36460.927001953125 9.324951171875 3546.064592436401 17127
stats: users_count 3647 28494
stats: finish_users_count 2457 19584
stats: request 25205 958.4152603243302 4039.902884819496 34593.63623046875 0.18505859375 365.82037749070355 172711
stats: page 2506 9839.169347764573 10314.840088781903 36459.398193359375 7.712890625 3534.933211529725 17057
stats: connect 2521 7061.80644093523 10248.038702078302 31104.47705078125 0.342041015625 2156.286586681972 17609
stats: 200 25205 197912
stats: size_rcv 2999395 23551528
stats: newphase 6 48
stats: size_sent 3347212 26343749
stats: connected 15 563
# stats: dump at 1338906555
stats: users 10085 10088
stats: {load,"os_mon@test2"} 1 0.828125 0.0 1.69921875 0.828125 1.1736111111111112 9
stats: {recvpackets,"os_mon@test3"} 1 17955.0 0.0 18120 3476 12806.375 8
stats: {sentpackets,"os_mon@test3"} 1 12626.0 0.0 12626 2304 8615.75 8
stats: {freemem,"os_mon@test2"} 1 1380.25 0.0 1523.0703125 1380.25 1488.6731770833333 9
stats: {cpu,"os_mon@test3"} 1 28.790983606557376 0.0 37.93642522146952 2.556390977443609 23.537535487124153 9
stats: {load,"os_mon@test4"} 1 0.51953125 0.0 1.2109375 0.51953125 0.7847222222222222 9
stats: {freemem,"os_mon@test4"} 1 1294.14453125 0.0 1449.30859375 1294.14453125 1419.3294270833333 9
stats: {freemem,"os_mon@myserver"} 1 2487.0390625 0.0 2506.87890625 2487.0390625 2495.2712673611113 9
stats: {recvpackets,"os_mon@test2"} 1 17981.0 0.0 18132 3472 12792.375 8
stats: {sentpackets,"os_mon@test2"} 1 12636.0 0.0 12636 2305 8606.5 8
stats: {load,"os_mon@test3"} 1 0.87890625 0.0 2.0703125 0.73828125 1.25 9
stats: {cpu,"os_mon@test2"} 1 26.520183955033218 0.0 40.78611536498214 2.208835341365462 24.033475091034063 9
stats: {freemem,"os_mon@test3"} 1 1334.14453125 0.0 1502.3046875 1334.14453125 1465.0555555555557 9
stats: {recvpackets,"os_mon@test4"} 1 17992.0 0.0 18130 3438 12789.875 8
stats: {sentpackets,"os_mon@test4"} 1 12643.0 0.0 12643 2274 8604.625 8
stats: {cpu,"os_mon@test4"} 1 43.388429752066116 0.0 43.388429752066116 1.9490254872563717 20.244689438401448 9
stats: {load,"os_mon@myserver"} 1 1.28125 0.0 2.6484375 1.28125 1.7673611111111112 9
stats: {recvpackets,"os_mon@myserver"} 1 18002.0 0.0 18002 3531 12857.75 8
stats: {sentpackets,"os_mon@myserver"} 1 12781.0 0.0 12781 2342 8647.875 8
stats: {cpu,"os_mon@myserver"} 1 25.388861013547416 0.0 25.6 1.5071590052750565 19.559294423814013 9
stats: session 2536 7732.438460004067 8609.364521967833 36526.41796875 9.324951171875 4344.926980461175 19584
stats: users_count 3711 32205
stats: finish_users_count 2536 22120
stats: request 24857 769.1974108109332 3208.982986574971 54370.557861328125 0.18505859375 441.2885257041959 197916
stats: page 2512 7703.818327010817 8607.200059737115 36524.703125 7.712890625 4342.499318844786 19563
stats: connect 2482 5638.65314010879 8471.138777527578 31112.335205078125 0.342041015625 2770.6341054386767 20130
stats: 200 24860 222772
stats: size_rcv 2958340 26509868
stats: newphase 5 53
stats: size_sent 3293842 29637591
stats: connected -30 533
stats: error_connect_etimedout 75 75
# stats: dump at 1338906565
stats: users 11401 11411
stats: {load,"os_mon@test2"} 1 0.76953125 0.0 1.69921875 0.76953125 1.1390625 10
stats: {recvpackets,"os_mon@test3"} 1 14988.0 0.0 18120 3476 13378.444444444445 9
stats: {sentpackets,"os_mon@test3"} 1 10785.0 0.0 12626 2304 9061.333333333334 9
stats: {freemem,"os_mon@test2"} 1 1356.859375 0.0 1523.0703125 1356.859375 1477.830859375 10
stats: {cpu,"os_mon@test3"} 1 36.06811145510836 0.0 37.93642522146952 2.556390977443609 24.062880299067476 10
stats: {load,"os_mon@test4"} 1 0.44140625 0.0 1.2109375 0.44140625 0.758203125 10
stats: {freemem,"os_mon@test4"} 1 1270.0234375 0.0 1449.30859375 1270.0234375 1406.8109375 10
stats: {freemem,"os_mon@myserver"} 1 2486.91796875 0.0 2506.87890625 2486.91796875 2494.448046875 10
stats: {recvpackets,"os_mon@test2"} 1 14994.0 0.0 18132 3472 13368.888888888889 9
stats: {sentpackets,"os_mon@test2"} 1 10783.0 0.0 12636 2305 9054.222222222223 9
stats: {load,"os_mon@test3"} 1 0.75 0.0 2.0703125 0.73828125 1.212890625 10
stats: {cpu,"os_mon@test2"} 1 27.603640040444894 0.0 40.78611536498214 2.208835341365462 24.282145977433977 10
stats: {freemem,"os_mon@test3"} 1 1297.23828125 0.0 1502.3046875 1297.23828125 1451.964453125 10
stats: {recvpackets,"os_mon@test4"} 1 14983.0 0.0 18130 3438 13367.888888888889 9
stats: {sentpackets,"os_mon@test4"} 1 10776.0 0.0 12643 2274 9053.333333333334 9
stats: {cpu,"os_mon@test4"} 1 28.29218106995885 0.0 43.388429752066116 1.9490254872563717 22.559063469767914 10
stats: {load,"os_mon@myserver"} 1 1.23828125 0.0 2.6484375 1.23828125 1.71875 10
stats: {recvpackets,"os_mon@myserver"} 1 14845.0 0.0 18002 3531 13429.333333333334 9
stats: {sentpackets,"os_mon@myserver"} 1 10602.0 0.0 12781 2342 9107.111111111111 9
stats: {cpu,"os_mon@myserver"} 1 25.6128064032016 0.0 25.6128064032016 1.5071590052750565 20.142251082787354 10
stats: session 2591 9384.03916454719 9814.986904304727 59873.18798828125 9.324951171875 4733.296289327394 22120
stats: users_count 3907 36112
stats: finish_users_count 2591 24711
stats: request 25763 932.7055991093255 3796.3259136785555 57353.363037109375 0.18505859375 477.87658241258595 222773
stats: page 2558 9304.91956119971 9763.730956294103 59871.43701171875 7.712890625 4724.996865776296 22075
stats: connect 2604 7344.122993340322 9749.381155792062 31112.335205078125 0.342041015625 3085.4414309318313 22612
stats: 200 25760 248532
stats: size_rcv 3065440 29575308
stats: newphase 6 59
stats: size_sent 3422698 33060289
stats: connected 46 579
stats: error_connect_etimedout 726 801
# stats: dump at 1338906575
stats: users 12467 12483
stats: {load,"os_mon@test2"} 1 0.87890625 0.0 1.69921875 0.76953125 1.10546875 11
stats: {recvpackets,"os_mon@test3"} 1 18427.0 0.0 18427 3476 13539.4 10
stats: {sentpackets,"os_mon@test3"} 1 12944.0 0.0 12944 2304 9233.7 10
stats: {freemem,"os_mon@test2"} 1 1332.578125 0.0 1523.0703125 1332.578125 1466.8334517045455 11
stats: {cpu,"os_mon@test3"} 1 32.61538461538461 0.0 37.93642522146952 2.556390977443609 25.15426494961665 11
stats: {load,"os_mon@test4"} 1 0.44921875 0.0 1.2109375 0.44140625 0.7294034090909091 11
stats: {freemem,"os_mon@test4"} 1 1238.68359375 0.0 1449.30859375 1238.68359375 1394.3757102272727 11
stats: {freemem,"os_mon@myserver"} 1 2486.6015625 0.0 2506.87890625 2486.6015625 2493.763494318182 11
stats: {recvpackets,"os_mon@test2"} 1 18433.0 0.0 18433 3472 13531.4 10
stats: {sentpackets,"os_mon@test2"} 1 12960.0 0.0 12960 2305 9227.1 10
stats: {load,"os_mon@test3"} 1 0.7109375 0.0 2.0703125 0.7109375 1.1708096590909092 11
stats: {cpu,"os_mon@test2"} 1 41.602858601327206 0.0 41.602858601327206 2.208835341365462 24.58409998316224 11
stats: {freemem,"os_mon@test3"} 1 1266.71875 0.0 1502.3046875 1266.71875 1437.8984375 11
stats: {recvpackets,"os_mon@test4"} 1 18436.0 0.0 18436 3438 13529.4 10
stats: {sentpackets,"os_mon@test4"} 1 12963.0 0.0 12963 2274 9225.6 10
stats: {cpu,"os_mon@test4"} 1 36.39630390143737 0.0 43.388429752066116 1.9490254872563717 23.08025597887618 11
stats: {load,"os_mon@myserver"} 1 1.19921875 0.0 2.6484375 1.19921875 1.6750710227272727 11
stats: {recvpackets,"os_mon@myserver"} 1 18194.0 0.0 18194 3531 13570.9 10
stats: {sentpackets,"os_mon@myserver"} 1 12796.0 0.0 12796 2342 9256.6 10
stats: {cpu,"os_mon@myserver"} 1 25.532448008018036 0.0 25.6128064032016 1.5071590052750565 20.639574293734103 11
stats: session 2526 15730.639328329124 23385.379422994247 82322.7900390625 9.324951171875 5220.936400601503 24711
stats: users_count 3592 39704
stats: finish_users_count 2526 27237
stats: request 25308 778.5236596845621 3122.4454762661117 57353.363037109375 0.18505859375 525.023715854655 248536
stats: page 2516 7258.72713510486 7931.367813114321 59871.43701171875 7.712890625 5200.596356495781 24633
stats: connect 2552 5565.547073890415 8187.081455680682 31112.335205078125 0.342041015625 3525.225964105678 25216
stats: 200 25304 273836
stats: size_rcv 3011176 32586484
stats: newphase 5 64
stats: size_sent 3361452 36421741
stats: connected 32 611
stats: error_connect_etimedout 1273 2074
# stats: dump at 1338906585
stats: users 13558 13562
stats: {load,"os_mon@test2"} 1 1.0390625 0.0 1.69921875 0.76953125 1.0865885416666667 12
stats: {recvpackets,"os_mon@test3"} 1 16142.0 0.0 18427 3476 13983.727272727272 11
stats: {sentpackets,"os_mon@test3"} 1 11722.0 0.0 12944 2304 9571.0 11
stats: {freemem,"os_mon@test2"} 1 1287.2109375 0.0 1523.0703125 1287.2109375 1455.6455078125 12
stats: {cpu,"os_mon@test3"} 1 28.60071758072783 0.0 37.93642522146952 2.556390977443609 25.77602492176398 12
stats: {load,"os_mon@test4"} 1 0.37890625 0.0 1.2109375 0.37890625 0.7060546875 12
stats: {freemem,"os_mon@test4"} 1 1211.75 0.0 1449.30859375 1211.75 1381.4013671875 12
stats: {freemem,"os_mon@myserver"} 1 2486.38671875 0.0 2506.87890625 2486.38671875 2493.1666666666665 12
stats: {recvpackets,"os_mon@test2"} 1 16020.0 0.0 18433 3472 13977.0 11
stats: {sentpackets,"os_mon@test2"} 1 11635.0 0.0 12960 2305 9566.454545454546 11
stats: {load,"os_mon@test3"} 1 0.76171875 0.0 2.0703125 0.7109375 1.1324869791666667 12
stats: {cpu,"os_mon@test2"} 1 44.10229645093946 0.0 44.10229645093946 2.208835341365462 26.002329868009323 12
stats: {freemem,"os_mon@test3"} 1 1239.4375 0.0 1502.3046875 1239.4375 1423.6334635416667 12
stats: {recvpackets,"os_mon@test4"} 1 15943.0 0.0 18436 3438 13975.454545454546 11
stats: {sentpackets,"os_mon@test4"} 1 11581.0 0.0 12963 2274 9565.363636363636 11
stats: {cpu,"os_mon@test4"} 1 27.985648385443362 0.0 43.388429752066116 1.9490254872563717 24.189926639089617 12
stats: {load,"os_mon@myserver"} 1 1.25 0.0 2.6484375 1.19921875 1.6354166666666667 12
stats: {recvpackets,"os_mon@myserver"} 1 16572.0 0.0 18194 3531 13991.181818181818 11
stats: {sentpackets,"os_mon@myserver"} 1 11989.0 0.0 12796 2342 9578.363636363636 11
stats: {cpu,"os_mon@myserver"} 1 25.56334501752629 0.0 25.6128064032016 1.5071590052750565 21.047313769924433 12
stats: session 2532 22139.881412355437 26976.437343707425 90509.30078125 9.324951171875 6195.621923803029 27237
stats: users_count 3623 43327
stats: finish_users_count 2532 29769
stats: request 25309 916.1536138909016 3692.285752786459 57353.363037109375 0.18505859375 548.4515673995029 273844
stats: page 2537 9384.875971173522 9364.08789185113 59871.43701171875 7.712890625 5391.3310811258025 27149
stats: connect 2535 6498.534239013186 9136.337298874434 31112.335205078125 0.342041015625 3712.7403501677154 27768
stats: 200 25309 299145
stats: size_rcv 3011771 35598255
stats: newphase 3 67
stats: size_sent 3358777 39780518
stats: connected -2 609
stats: error_connect_etimedout 875 2949
# stats: dump at 1338906595
stats: users 14153 14409
stats: {load,"os_mon@test2"} 1 1.0390625 0.0 1.69921875 0.76953125 1.0829326923076923 13
stats: {recvpackets,"os_mon@test3"} 1 16670.0 0.0 18427 3476 14163.583333333334 12
stats: {sentpackets,"os_mon@test3"} 1 12336.0 0.0 12944 2304 9750.25 12
stats: {freemem,"os_mon@test2"} 1 1281.84765625 0.0 1523.0703125 1281.84765625 1442.6890024038462 13
stats: {cpu,"os_mon@test3"} 1 38.924050632911396 0.0 38.924050632911396 2.556390977443609 25.993308972453512 13
stats: {load,"os_mon@test4"} 1 0.3984375 0.0 1.2109375 0.37890625 0.6808894230769231 13
stats: {freemem,"os_mon@test4"} 1 1177.078125 0.0 1449.30859375 1177.078125 1368.3512620192307 13
stats: {freemem,"os_mon@myserver"} 1 2484.2890625 0.0 2506.87890625 2484.2890625 2492.6451322115386 13
stats: {recvpackets,"os_mon@test2"} 1 16673.0 0.0 18433 3472 14147.25 12
stats: {sentpackets,"os_mon@test2"} 1 12292.0 0.0 12960 2305 9738.833333333334 12
stats: {load,"os_mon@test3"} 1 0.640625 0.0 2.0703125 0.640625 1.1039663461538463 13
stats: {cpu,"os_mon@test2"} 1 29.807191245440336 0.0 44.10229645093946 2.208835341365462 27.39463498977318 13
stats: {freemem,"os_mon@test3"} 1 1180.8671875 0.0 1502.3046875 1180.8671875 1409.4645432692307 13
stats: {recvpackets,"os_mon@test4"} 1 16601.0 0.0 18436 3438 14139.416666666666 12
stats: {sentpackets,"os_mon@test4"} 1 12237.0 0.0 12963 2274 9733.333333333334 12
stats: {cpu,"os_mon@test4"} 1 33.401849948612536 0.0 43.388429752066116 1.9490254872563717 24.48190523496298 13
stats: {load,"os_mon@myserver"} 1 1.2109375 0.0 2.6484375 1.19921875 1.6057692307692308 13
stats: {recvpackets,"os_mon@myserver"} 1 16504.0 0.0 18194 3531 14206.25 12
stats: {sentpackets,"os_mon@myserver"} 1 12324.0 0.0 12796 2342 9779.25 12
stats: {cpu,"os_mon@myserver"} 1 25.45135406218656 0.0 25.6128064032016 1.5071590052750565 21.39470078897073 13
stats: session 2476 25777.755678340174 30777.849999668 93109.17797851563 9.324951171875 7551.759685401157 29769
stats: users_count 3071 46398
stats: finish_users_count 2476 32245
stats: request 25458 895.5773563665186 3549.6245581374287 58228.23291015625 0.18505859375 579.5599670968177 299153
stats: page 2503 8829.593505469215 9019.834078654545 59945.873046875 7.712890625 5732.624060511744 29686
stats: connect 2714 6452.183648353304 8813.743956639442 31140.076904296875 0.342041015625 3945.786170984904 30303
stats: 200 25448 324593
stats: size_rcv 3028312 38626567
stats: newphase 5 72
stats: size_sent 3376311 43156829
stats: connected 201 810
stats: error_connect_etimedout 2107 5056
# stats: dump at 1338906605
stats: users 15613 15779
stats: {load,"os_mon@test2"} 1 1.03125 0.0 1.69921875 0.76953125 1.0797991071428572 14
stats: {recvpackets,"os_mon@test3"} 1 16917.0 0.0 18427 3476 14356.384615384615 13
stats: {sentpackets,"os_mon@test3"} 1 12647.0 0.0 12944 2304 9949.153846153846 13
stats: {freemem,"os_mon@test2"} 1 1257.4140625 0.0 1523.0703125 1257.4140625 1431.2003348214287 14
stats: {cpu,"os_mon@test3"} 1 41.21621621621622 0.0 41.21621621621622 2.556390977443609 26.916933376771933 14
stats: {load,"os_mon@test4"} 1 0.5703125 0.0 1.2109375 0.37890625 0.6607142857142857 14
stats: {freemem,"os_mon@test4"} 1 1147.16796875 0.0 1449.30859375 1147.16796875 1354.6888950892858 14
stats: {freemem,"os_mon@myserver"} 1 2480.84375 0.0 2506.87890625 2480.84375 2492.048270089286 14
stats: {recvpackets,"os_mon@test2"} 1 17039.0 0.0 18433 3472 14341.538461538461 13
stats: {sentpackets,"os_mon@test2"} 1 12776.0 0.0 12960 2305 9935.23076923077 13
stats: {load,"os_mon@test3"} 1 0.78125 0.0 2.0703125 0.640625 1.0708705357142858 14
stats: {cpu,"os_mon@test2"} 1 41.33118625872249 0.0 44.10229645093946 2.208835341365462 27.566960436606546 14
stats: {freemem,"os_mon@test3"} 1 1138.234375 0.0 1502.3046875 1138.234375 1393.1361607142858 14
stats: {recvpackets,"os_mon@test4"} 1 17098.0 0.0 18436 3438 14328.76923076923 13
stats: {sentpackets,"os_mon@test4"} 1 12818.0 0.0 12963 2274 9925.923076923076 13
stats: {cpu,"os_mon@test4"} 1 30.525221008840354 0.0 43.388429752066116 1.9490254872563717 25.119044143080806 14
stats: {load,"os_mon@myserver"} 1 1.1796875 0.0 2.6484375 1.1796875 1.5775669642857142 14
stats: {recvpackets,"os_mon@myserver"} 1 16658.0 0.0 18194 3531 14383.0 13
stats: {sentpackets,"os_mon@myserver"} 1 12406.0 0.0 12796 2342 9975.0 13
stats: {cpu,"os_mon@myserver"} 1 25.55055055055055 0.0 25.6128064032016 1.5071590052750565 21.684461737057575 14
stats: session 2610 23955.9715031767 30725.706240239502 106926.29516601563 9.324951171875 8951.28103998379 32245
stats: users_count 4070 50468
stats: finish_users_count 2610 34855
stats: request 25332 718.3975342124554 2988.7049206870624 58228.23291015625 0.18505859375 604.3440030537879 324611
stats: page 2586 7964.042768509382 8465.623992928602 60015.218017578125 7.712890625 5973.442803583245 32189
stats: connect 2428 4783.794653802963 7921.6710489589395 31140.076904296875 0.342041015625 4151.812240996651 33017
stats: 200 25315 349908
stats: size_rcv 3012485 41639052
stats: newphase 5 77
stats: size_sent 3363697 46520526
stats: connected -175 635
stats: error_connect_etimedout 900 5956
# stats: dump at 1338906615
stats: users 16731 16762
stats: {load,"os_mon@test2"} 1 1.25 0.0 1.69921875 0.76953125 1.0765625 15
stats: {recvpackets,"os_mon@test3"} 1 17970.0 0.0 18427 3476 14539.285714285714 14
stats: {sentpackets,"os_mon@test3"} 1 13468.0 0.0 13468 2304 10141.857142857143 14
stats: {freemem,"os_mon@test2"} 1 1243.1171875 0.0 1523.0703125 1243.1171875 1419.6145833333333 15
stats: {cpu,"os_mon@test3"} 1 45.71881606765328 0.0 45.71881606765328 2.556390977443609 27.87021889940155 15
stats: {load,"os_mon@test4"} 1 0.55859375 0.0 1.2109375 0.37890625 0.6546875 15
stats: {freemem,"os_mon@test4"} 1 1115.91015625 0.0 1449.30859375 1115.91015625 1340.8541666666667 15
stats: {freemem,"os_mon@myserver"} 1 2481.46484375 0.0 2506.87890625 2480.84375 2491.301302083333 15
stats: {recvpackets,"os_mon@test2"} 1 17982.0 0.0 18433 3472 14534.214285714286 14
stats: {sentpackets,"os_mon@test2"} 1 13478.0 0.0 13478 2305 10138.142857142857 14
stats: {load,"os_mon@test3"} 1 0.66015625 0.0 2.0703125 0.640625 1.0515625000000002 15
stats: {cpu,"os_mon@test2"} 1 31.470743278861363 0.0 44.10229645093946 2.208835341365462 28.484575491414276 15
stats: {freemem,"os_mon@test3"} 1 1078.5546875 0.0 1502.3046875 1078.5546875 1376.1427083333333 15
stats: {recvpackets,"os_mon@test4"} 1 18060.0 0.0 18436 3438 14526.57142857143 14
stats: {sentpackets,"os_mon@test4"} 1 13534.0 0.0 13534 2274 10132.5 14
stats: {cpu,"os_mon@test4"} 1 38.46563665423548 0.0 43.388429752066116 1.9490254872563717 25.479455934131444 15
stats: {load,"os_mon@myserver"} 1 1.23046875 0.0 2.6484375 1.1796875 1.5510416666666667 15
stats: {recvpackets,"os_mon@myserver"} 1 18011.0 0.0 18194 3531 14545.5 14
stats: {sentpackets,"os_mon@myserver"} 1 1.35e4 0.0 13500 2342 10148.642857142857 14
stats: {cpu,"os_mon@myserver"} 1 25.4326561324304 0.0 25.6128064032016 1.5071590052750565 21.94220099129044 15
stats: session 2502 27940.493093806264 33782.80629642671 113623.9658203125 9.324951171875 10074.857058028074 34855
stats: users_count 3620 54088
stats: finish_users_count 2502 37357
stats: request 25096 890.1765313675947 3680.5900929995164 111571.43798828125 0.18505859375 612.6002163551294 349943
stats: page 2504 8262.615060727061 9170.800959649745 113621.89501953125 7.712890625 6121.47131571262 34775
stats: connect 2558 6143.679801934948 9120.659202103589 31140.076904296875 0.342041015625 4195.1033482979265 35445
stats: 200 25070 374978
stats: size_rcv 2983330 44622382
stats: newphase 6 83
stats: size_sent 3333268 49853794
stats: connected 28 663
stats: error_connect_etimedout 1432 7388
# stats: dump at 1338906625
stats: users 17527 17532
stats: {load,"os_mon@test2"} 1 1.12890625 0.0 1.69921875 0.76953125 1.08740234375 16
stats: {recvpackets,"os_mon@test3"} 1 17178.0 0.0 18427 3476 14768.0 15
stats: {sentpackets,"os_mon@test3"} 1 13041.0 0.0 13468 2304 10363.6 15
stats: {freemem,"os_mon@test2"} 1 1197.95703125 0.0 1523.0703125 1197.95703125 1408.58349609375 16
stats: {cpu,"os_mon@test3"} 1 45.714285714285715 0.0 45.71881606765328 2.556390977443609 28.985756222417283 16
stats: {load,"os_mon@test4"} 1 0.62890625 0.0 1.2109375 0.37890625 0.648681640625 16
stats: {freemem,"os_mon@test4"} 1 1114.72265625 0.0 1449.30859375 1114.72265625 1326.795166015625 16
stats: {freemem,"os_mon@myserver"} 1 2481.6171875 0.0 2506.87890625 2480.84375 2490.6865234375 16
stats: {recvpackets,"os_mon@test2"} 1 17174.0 0.0 18433 3472 14764.066666666668 15
stats: {sentpackets,"os_mon@test2"} 1 13043.0 0.0 13478 2305 10360.8 15
stats: {load,"os_mon@test3"} 1 0.71875 0.0 2.0703125 0.640625 1.0270996093750002 16
stats: {cpu,"os_mon@test2"} 1 43.65979381443299 0.0 44.10229645093946 2.208835341365462 28.67121097812972 16
stats: {freemem,"os_mon@test3"} 1 1018.93359375 0.0 1502.3046875 1018.93359375 1357.54345703125 16
stats: {recvpackets,"os_mon@test4"} 1 17322.0 0.0 18436 3438 14762.133333333333 15
stats: {sentpackets,"os_mon@test4"} 1 13151.0 0.0 13534 2274 10359.266666666666 15
stats: {cpu,"os_mon@test4"} 1 31.601208459214504 0.0 43.388429752066116 1.9490254872563717 26.291092229137945 16
stats: {load,"os_mon@myserver"} 1 1.3515625 0.0 2.6484375 1.1796875 1.531005859375 16
stats: {recvpackets,"os_mon@myserver"} 1 17685.0 0.0 18194 3531 14776.533333333333 15
stats: {sentpackets,"os_mon@myserver"} 1 13508.0 0.0 13508 2342 10372.066666666668 15
stats: {cpu,"os_mon@myserver"} 1 25.612745098039213 0.0 25.6128064032016 1.5071590052750565 22.160354437611687 16
stats: session 2601 32632.109929267728 35540.08101763983 122447.69897460938 9.324951171875 11271.41516926605 37357
stats: users_count 3397 57485
stats: finish_users_count 2601 39958
stats: request 25843 887.1353652210713 3614.985439940534 111571.43798828125 0.18505859375 631.1744318408597 375039
stats: page 2554 9103.390025545856 9669.071767251251 113621.89501953125 7.712890625 6265.290193298289 37279
stats: connect 2544 6118.055832389012 8680.412426660436 31193.72705078125 0.342041015625 4326.26295591847 38003
stats: 200 25827 400805
stats: size_rcv 3073413 47695795
stats: newphase 6 89
stats: size_sent 3423824 53277618
stats: connected -26 637
stats: error_connect_etimedout 1213 8601
# stats: dump at 1338906635
stats: users 19478 19478
stats: {load,"os_mon@test2"} 1 1.03125 0.0 1.69921875 0.76953125 1.08984375 17
stats: {recvpackets,"os_mon@test3"} 1 17058.0 0.0 18427 3476 14918.625 16
stats: {sentpackets,"os_mon@test3"} 1 13131.0 0.0 13468 2304 10530.9375 16
stats: {freemem,"os_mon@test2"} 1 1159.72265625 0.0 1523.0703125 1159.72265625 1396.1937040441176 17
stats: {cpu,"os_mon@test3"} 1 46.55081621906266 0.0 46.55081621906266 2.556390977443609 29.96978736899778 17
stats: {load,"os_mon@test4"} 1 0.69140625 0.0 1.2109375 0.37890625 0.6475183823529411 17
stats: {freemem,"os_mon@test4"} 1 1113.28515625 0.0 1449.30859375 1113.28515625 1314.3203125 17
stats: {freemem,"os_mon@myserver"} 1 2481.44140625 0.0 2506.87890625 2480.84375 2490.153033088235 17
stats: {recvpackets,"os_mon@test2"} 1 17038.0 0.0 18433 3472 14914.6875 16
stats: {sentpackets,"os_mon@test2"} 1 13113.0 0.0 13478 2305 10528.4375 16
stats: {load,"os_mon@test3"} 1 0.69140625 0.0 2.0703125 0.640625 1.0089613970588238 17
stats: {cpu,"os_mon@test2"} 1 42.151312403499745 0.0 44.10229645093946 2.208835341365462 29.55289232144168 17
stats: {freemem,"os_mon@test3"} 1 957.7265625 0.0 1502.3046875 957.7265625 1337.6252297794117 17
stats: {recvpackets,"os_mon@test4"} 1 17096.0 0.0 18436 3438 14922.125 16
stats: {sentpackets,"os_mon@test4"} 1 13157.0 0.0 13534 2274 10533.75 16
stats: {cpu,"os_mon@test4"} 1 29.48183442525313 0.0 43.388429752066116 1.9490254872563717 26.60345200737774 17
stats: {load,"os_mon@myserver"} 1 1.44140625 0.0 2.6484375 1.1796875 1.5204503676470589 17
stats: {recvpackets,"os_mon@myserver"} 1 17421.0 0.0 18194 3531 14958.3125 16
stats: {sentpackets,"os_mon@myserver"} 1 13234.0 0.0 13508 2342 10568.0625 16
stats: {cpu,"os_mon@myserver"} 1 25.501002004008015 0.0 25.6128064032016 1.5071590052750565 22.363436241166248 17
stats: session 2483 26527.55473095959 33144.50770648613 129232.45703125 9.324951171875 12661.854307129917 39958
stats: users_count 4434 61919
stats: finish_users_count 2483 42441
stats: request 25117 900.9597720655598 3945.4289061127092 111571.43798828125 0.18505859375 647.6750439944232 400882
stats: page 2547 8943.511371182723 9929.575623450835 113621.89501953125 7.712890625 6447.262602395276 39833
stats: connect 2548 6469.5164620535725 10133.302284122377 31193.72705078125 0.342041015625 4438.68363014199 40547
stats: 200 25100 425905
stats: size_rcv 2986900 50682695
stats: newphase 6 95
stats: size_sent 3331354 56608972
stats: connected -16 621
stats: error_connect_etimedout 1830 10431
# stats: dump at 1338906645
stats: users 20878 20878
stats: {load,"os_mon@test2"} 1 1.1015625 0.0 1.69921875 0.76953125 1.0865885416666667 18
stats: {recvpackets,"os_mon@test3"} 1 20802.0 0.0 20802 3476 15044.470588235294 17
stats: {sentpackets,"os_mon@test3"} 1 15471.0 0.0 15471 2304 10683.882352941177 17
stats: {freemem,"os_mon@test2"} 1 1106.48046875 0.0 1523.0703125 1106.48046875 1383.056423611111 18
stats: {cpu,"os_mon@test3"} 1 45.670103092783506 0.0 46.55081621906266 2.556390977443609 30.890955638445828 18
stats: {load,"os_mon@test4"} 1 0.890625 0.0 1.2109375 0.37890625 0.6499565972222222 18
stats: {freemem,"os_mon@test4"} 1 1081.421875 0.0 1449.30859375 1081.421875 1303.1516927083333 18
stats: {freemem,"os_mon@myserver"} 1 2481.3515625 0.0 2506.87890625 2480.84375 2489.6690538194443 18
stats: {recvpackets,"os_mon@test2"} 1 20933.0 0.0 20933 3472 15039.588235294117 17
stats: {sentpackets,"os_mon@test2"} 1 15568.0 0.0 15568 2305 10680.470588235294 17
stats: {load,"os_mon@test3"} 1 0.73828125 0.0 2.0703125 0.640625 0.9913194444444446 18
stats: {cpu,"os_mon@test2"} 1 42.65378749364515 0.0 44.10229645093946 2.208835341365462 30.252804548222684 18
stats: {freemem,"os_mon@test3"} 1 910.01953125 0.0 1502.3046875 910.01953125 1316.519748263889 18
stats: {recvpackets,"os_mon@test4"} 1 20799.0 0.0 20799 3438 15050.0 17
stats: {sentpackets,"os_mon@test4"} 1 15493.0 0.0 15493 2274 10688.058823529413 17
stats: {cpu,"os_mon@test4"} 1 25.43323139653415 0.0 43.388429752066116 1.9490254872563717 26.76336214170415 18
stats: {load,"os_mon@myserver"} 1 1.44921875 0.0 2.6484375 1.1796875 1.5160590277777777 18
stats: {recvpackets,"os_mon@myserver"} 1 20487.0 0.0 20487 3531 15103.176470588236 17
stats: {sentpackets,"os_mon@myserver"} 1 15241.0 0.0 15241 2342 10724.882352941177 17
stats: {cpu,"os_mon@myserver"} 1 25.53830746119179 0.0 25.6128064032016 1.5071590052750565 22.537745450213013 18
stats: session 2529 28640.56230991976 34121.31192522088 129232.45703125 9.324951171875 13473.063613045637 42441
stats: users_count 3929 65848
stats: finish_users_count 2529 44970
stats: request 25343 884.814736666451 3770.8048722632875 111571.43798828125 0.18505859375 662.6087703997968 425999
stats: page 2531 8749.3618772726 10103.130172277199 113621.89501953125 7.712890625 6597.284915139533 42380
stats: connect 2549 6353.180529109925 9640.636679099061 31193.72705078125 0.342041015625 4558.757004215797 43095
stats: 200 25312 451217
stats: size_rcv 3012128 53694823
stats: newphase 3 98
stats: size_sent 3362147 59971119
stats: connected -13 608
stats: error_connect_etimedout 2163 12594
# stats: dump at 1338906655
stats: users 22429 22745
stats: {load,"os_mon@test2"} 1 1.08984375 0.0 1.69921875 0.76953125 1.087376644736842 19
stats: {recvpackets,"os_mon@test3"} 1 21083.0 0.0 21083 3476 15364.333333333334 18
stats: {sentpackets,"os_mon@test3"} 1 15667.0 0.0 15667 2304 10949.833333333334 18
stats: {freemem,"os_mon@test2"} 1 1074.10546875 0.0 1523.0703125 1074.10546875 1368.4997944078948 19
stats: {cpu,"os_mon@test3"} 1 44.49685534591195 0.0 46.55081621906266 2.556390977443609 31.668805504463602 19
stats: {load,"os_mon@test4"} 1 0.8203125 0.0 1.2109375 0.37890625 0.6626233552631579 19
stats: {freemem,"os_mon@test4"} 1 1044.75390625 0.0 1449.30859375 1044.75390625 1291.4817023026317 19
stats: {freemem,"os_mon@myserver"} 1 2481.12890625 0.0 2506.87890625 2480.84375 2489.2312911184213 19
stats: {recvpackets,"os_mon@test2"} 1 21038.0 0.0 21038 3472 15367.0 18
stats: {sentpackets,"os_mon@test2"} 1 15630.0 0.0 15630 2305 10952.0 18
stats: {load,"os_mon@test3"} 1 0.62890625 0.0 2.0703125 0.62890625 0.9780016447368423 19
stats: {cpu,"os_mon@test2"} 1 35.765673175745114 0.0 44.10229645093946 2.208835341365462 30.905487861139658 19
stats: {freemem,"os_mon@test3"} 1 849.4453125 0.0 1502.3046875 849.4453125 1295.125 19
stats: {recvpackets,"os_mon@test4"} 1 21056.0 0.0 21056 3438 15369.388888888889 18
stats: {sentpackets,"os_mon@test4"} 1 15622.0 0.0 15622 2274 10955.0 18
stats: {cpu,"os_mon@test4"} 1 31.887755102040817 0.0 43.388429752066116 1.9490254872563717 26.693355260379413 19
stats: {load,"os_mon@myserver"} 1 1.53125 0.0 2.6484375 1.1796875 1.5125411184210527 19
stats: {recvpackets,"os_mon@myserver"} 1 21038.0 0.0 21038 3531 15402.277777777777 18
stats: {sentpackets,"os_mon@myserver"} 1 15641.0 0.0 15641 2342 10975.777777777777 18
stats: {cpu,"os_mon@myserver"} 1 25.575575575575577 0.0 25.6128064032016 1.5071590052750565 22.695669766580316 19
stats: session 2487 24400.35326176587 34113.97867377154 161631.88916015625 9.324951171875 14326.045694530954 44970
stats: users_count 4038 69886
stats: finish_users_count 2487 47457
stats: 200 24685 475902
stats: request 24714 824.6922218203596 3438.986782217211 111571.43798828125 0.18505859375 675.0857076294271 451342
stats: page 2483 8113.739222612197 9089.97611200614 113621.89501953125 7.712890625 6718.567157600373 44911
stats: connect 2536 5776.312032513057 8512.381513238472 31193.72705078125 0.342041015625 4658.967011335136 45644
stats: size_rcv 2937515 56632338
stats: newphase 5 103
stats: size_sent 3272985 63244104
stats: connected 24 632
stats: error_connect_etimedout 1876 14470
stats: error_abort 1 1
EndMonitor:{1338,906655,114948}
