# stats: dump at 1339064105
stats: users 0 4
stats: {load,"os_mon@test2"} 1 1.26953125 0 1.26953125 1.26953125 0 0
stats: {freemem,"os_mon@test2"} 1 1551.34375 0 1551.34375 1551.34375 0 0
stats: {cpu,"os_mon@test2"} 1 38.51344164178787 0 38.51344164178787 38.51344164178787 0 0
stats: session 7 38.91465541294643 8.031819104314811 53.739013671875 28.683837890625 0 0
stats: users_count 7 7
stats: finish_users_count 7 7
# stats: dump at 1339064115
stats: users 4 11
stats: {load,"os_mon@test2"} 1 1.0703125 0.0 1.26953125 1.0703125 1.26953125 1
stats: {freemem,"os_mon@test2"} 1 1550.703125 0.0 1551.34375 1550.703125 1551.34375 1
stats: {cpu,"os_mon@test3"} 1 3.6217303822937628 0 3.6217303822937628 3.6217303822937628 0 0
stats: {load,"os_mon@test4"} 1 1.08984375 0 1.08984375 1.08984375 0 0
stats: {freemem,"os_mon@test4"} 1 1553.24609375 0 1553.24609375 1553.24609375 0 0
stats: {freemem,"os_mon@myserver"} 1 2936.875 0 2936.875 2936.875 0 0
stats: {recvpackets,"os_mon@test2"} 1 1076 0 1076 1076 0 0
stats: {sentpackets,"os_mon@test2"} 1 825 0 825 825 0 0
stats: {cpu,"os_mon@test2"} 1 6.481012658227849 0.0 38.51344164178787 6.481012658227849 38.51344164178787 1
stats: {load,"os_mon@test3"} 1 2.140625 0 2.140625 2.140625 0 0
stats: {freemem,"os_mon@test3"} 1 1401.75390625 0 1401.75390625 1401.75390625 0 0
stats: {cpu,"os_mon@test4"} 1 2.4072216649949847 0 2.4072216649949847 2.4072216649949847 0 0
stats: {load,"os_mon@myserver"} 1 3.55859375 0 3.55859375 3.55859375 0 0
stats: {cpu,"os_mon@myserver"} 1 3.4361675445196886 0 3.4361675445196886 3.4361675445196886 0 0
stats: session 956 24.94478540141213 9.818480374174127 166.462890625 17.114013671875 38.91465541294643 7
stats: users_count 960 967
stats: finish_users_count 956 963
stats: request 9415 2.1151419049555082 1.3064293947531582 53.114990234375 0.987060546875 0 0
stats: page 941 22.54816160293237 8.850084226139764 150.127197265625 15.1259765625 0 0
stats: connect 9415 0.9965870100072968 0.8342345889086621 36.22900390625 0.3798828125 0 0
stats: 200 9415 9415
stats: size_rcv 1600550 1600550
stats: size_sent 1248485 1248485
stats: connected 0 0
# stats: dump at 1339064125
stats: users 16 26
stats: {load,"os_mon@test2"} 1 0.98828125 0.0 1.26953125 0.98828125 1.169921875 2
stats: {freemem,"os_mon@test2"} 1 1549.89453125 0.0 1551.34375 1549.89453125 1551.0234375 2
stats: {recvpackets,"os_mon@test3"} 1 4993 0 4993 4993 0 0
stats: {sentpackets,"os_mon@test3"} 1 3413 0 3413 3413 0 0
stats: {cpu,"os_mon@test3"} 1 20.080930703085485 0.0 20.080930703085485 3.6217303822937628 3.6217303822937628 1
stats: {load,"os_mon@test4"} 1 1.0 0.0 1.08984375 1.0 1.08984375 1
stats: {freemem,"os_mon@test4"} 1 1552.3984375 0.0 1553.24609375 1552.3984375 1553.24609375 1
stats: {freemem,"os_mon@myserver"} 1 2937.49609375 0.0 2937.49609375 2936.875 2936.875 1
stats: {recvpackets,"os_mon@test2"} 1 5092.0 0.0 5092 1076 1076.0 1
stats: {sentpackets,"os_mon@test2"} 1 3478.0 0.0 3478 825 825.0 1
stats: {cpu,"os_mon@test2"} 1 27.92375064399794 0.0 38.51344164178787 6.481012658227849 22.49722715000786 2
stats: {load,"os_mon@test3"} 1 1.890625 0.0 2.140625 1.890625 2.140625 1
stats: {freemem,"os_mon@test3"} 1 1401.45703125 0.0 1401.75390625 1401.45703125 1401.75390625 1
stats: {recvpackets,"os_mon@test4"} 1 5003 0 5003 5003 0 0
stats: {sentpackets,"os_mon@test4"} 1 3419 0 3419 3419 0 0
stats: {cpu,"os_mon@test4"} 1 20.09226037929267 0.0 20.09226037929267 2.4072216649949847 2.4072216649949847 1
stats: {load,"os_mon@myserver"} 1 3.01171875 0.0 3.55859375 3.01171875 3.55859375 1
stats: {recvpackets,"os_mon@myserver"} 1 5104 0 5104 5104 0 0
stats: {sentpackets,"os_mon@myserver"} 1 3484 0 3484 3484 0 0
stats: {cpu,"os_mon@myserver"} 1 18.63817097415507 0.0 18.63817097415507 3.4361675445196886 3.4361675445196886 1
stats: session 1830 42.79302184725073 118.03877639719892 1105.14697265625 15.407958984375 25.04633170471508 963
stats: users_count 1842 2809
stats: finish_users_count 1830 2793
stats: request 18280 3.923623169746656 36.27939274342953 1007.5810546875 0.987060546875 2.1151419049555082 9415
stats: page 1827 40.8444030461053 118.06480315675665 1100.64501953125 14.22607421875 22.54816160293237 941
stats: connect 18281 2.4950751730365526 36.20276554321878 1002.653076171875 0.346923828125 0.9965870100072968 9415
stats: 200 18280 27695
stats: size_rcv 3107600 4708150
stats: newphase 6 6
stats: size_sent 2429051 3677536
stats: connected 1 1
# stats: dump at 1339064135
stats: users 88 114
stats: {load,"os_mon@test2"} 1 0.91015625 0.0 1.26953125 0.91015625 1.109375 3
stats: {freemem,"os_mon@test2"} 1 1549.16796875 0.0 1551.34375 1549.16796875 1550.6471354166667 3
stats: {recvpackets,"os_mon@test3"} 1 8807.0 0.0 8807 4993 4993.0 1
stats: {sentpackets,"os_mon@test3"} 1 5888.0 0.0 5888 3413 3413.0 1
stats: {cpu,"os_mon@test3"} 1 37.58459135866736 0.0 37.58459135866736 3.6217303822937628 11.851330542689624 2
stats: {load,"os_mon@test4"} 1 1.0 0.0 1.08984375 1.0 1.044921875 2
stats: {freemem,"os_mon@test4"} 1 1551.79296875 0.0 1553.24609375 1551.79296875 1552.822265625 2
stats: {freemem,"os_mon@myserver"} 1 2937.2734375 0.0 2937.49609375 2936.875 2937.185546875 2
stats: {recvpackets,"os_mon@test2"} 1 8890.0 0.0 8890 1076 3084.0 2
stats: {sentpackets,"os_mon@test2"} 1 5938.0 0.0 5938 825 2151.5 2
stats: {cpu,"os_mon@test2"} 1 47.43589743589743 0.0 47.43589743589743 6.481012658227849 24.306068314671222 3
stats: {load,"os_mon@test3"} 1 1.76171875 0.0 2.140625 1.76171875 2.015625 2
stats: {freemem,"os_mon@test3"} 1 1400.8515625 0.0 1401.75390625 1400.8515625 1401.60546875 2
stats: {recvpackets,"os_mon@test4"} 1 8807.0 0.0 8807 5003 5003.0 1
stats: {sentpackets,"os_mon@test4"} 1 5889.0 0.0 5889 3419 3419.0 1
stats: {cpu,"os_mon@test4"} 1 35.450819672131146 0.0 35.450819672131146 2.4072216649949847 11.249741022143828 2
stats: {load,"os_mon@myserver"} 1 2.78125 0.0 3.55859375 2.78125 3.28515625 2
stats: {recvpackets,"os_mon@myserver"} 1 8968.0 0.0 8968 5104 5104.0 1
stats: {sentpackets,"os_mon@myserver"} 1 5991.0 0.0 5991 3484 3484.0 1
stats: {cpu,"os_mon@myserver"} 1 31.31188118811881 0.0 31.31188118811881 3.4361675445196886 11.037169259337379 2
stats: session 2740 198.41886832801094 300.53910288127616 3195.924072265625 15.389892578125 36.67413083140332 2793
stats: users_count 2812 5621
stats: finish_users_count 2740 5533
stats: request 27570 19.263991329952667 83.97323664686667 2536.944091796875 0.968994140625 3.308824429612745 27695
stats: page 2724 192.53504323189077 299.5896905150574 3190.843017578125 14.1279296875 34.62447414508444 2768
stats: connect 27597 10.898050326957518 73.02114722457235 2531.347900390625 0.346923828125 1.985677929574665 27696
stats: 200 27570 55265
stats: size_rcv 4686900 9395050
stats: newphase 6 12
stats: size_sent 3660823 7338359
stats: connected 27 28
# stats: dump at 1339064145
stats: users 1221 1222
stats: {load,"os_mon@test2"} 1 0.921875 0.0 1.26953125 0.91015625 1.0595703125 4
stats: {freemem,"os_mon@test2"} 1 1545.96484375 0.0 1551.34375 1545.96484375 1550.27734375 4
stats: {recvpackets,"os_mon@test3"} 1 12383.0 0.0 12383 4993 6.9e3 2
stats: {sentpackets,"os_mon@test3"} 1 8311.0 0.0 8311 3413 4650.5 2
stats: {cpu,"os_mon@test3"} 1 49.78768577494692 0.0 49.78768577494692 3.6217303822937628 20.429084148015537 3
stats: {load,"os_mon@test4"} 1 0.98828125 0.0 1.08984375 0.98828125 1.0299479166666667 3
stats: {freemem,"os_mon@test4"} 1 1550.9375 0.0 1553.24609375 1550.9375 1552.4791666666667 3
stats: {freemem,"os_mon@myserver"} 1 2936.12890625 0.0 2937.49609375 2936.12890625 2937.21484375 3
stats: {recvpackets,"os_mon@test2"} 1 12408.0 0.0 12408 1076 5019.333333333333 3
stats: {sentpackets,"os_mon@test2"} 1 8341.0 0.0 8341 825 3413.6666666666665 3
stats: {cpu,"os_mon@test2"} 1 58.911145351823315 0.0 58.911145351823315 6.481012658227849 30.088525594977774 4
stats: {load,"os_mon@test3"} 1 1.640625 0.0 2.140625 1.640625 1.9309895833333333 3
stats: {freemem,"os_mon@test3"} 1 1399.19921875 0.0 1401.75390625 1399.19921875 1401.3541666666667 3
stats: {recvpackets,"os_mon@test4"} 1 12386.0 0.0 12386 5003 6905.0 2
stats: {sentpackets,"os_mon@test4"} 1 8310.0 0.0 8310 3419 4654.0 2
stats: {cpu,"os_mon@test4"} 1 50.130412102243085 0.0 50.130412102243085 2.4072216649949847 19.316767238806268 3
stats: {load,"os_mon@myserver"} 1 2.578125 0.0 3.55859375 2.578125 3.1171875 3
stats: {recvpackets,"os_mon@myserver"} 1 12548.0 0.0 12548 5104 7036.0 2
stats: {sentpackets,"os_mon@myserver"} 1 8437.0 0.0 8437 3484 4737.5 2
stats: {cpu,"os_mon@myserver"} 1 48.2776617954071 0.0 48.2776617954071 3.4361675445196886 17.795406568931188 3
stats: session 2428 1422.8039561842 1393.859001221167 9600.095947265625 15.389892578125 116.77183203160301 5533
stats: users_count 3561 9182
stats: finish_users_count 2428 7961
stats: request 29201 157.21048148266772 455.9729335193574 7799.431884765625 0.968994140625 11.268363947252691 55265
stats: page 2438 1379.8169462033425 1359.5689213933213 8292.421142578125 14.1279296875 112.94719632142466 5492
stats: connect 29252 135.81345534666985 446.94602140551325 7036.0009765625 0.346923828125 6.433885497450791 55293
stats: 200 29201 84466
stats: size_rcv 4964170 14359220
stats: newphase 6 18
stats: size_sent 3880980 11219339
stats: connected 51 79
# stats: dump at 1339064155
stats: users 3209 3209
stats: {load,"os_mon@test2"} 1 0.94140625 0.0 1.26953125 0.91015625 1.03203125 5
stats: {freemem,"os_mon@test2"} 1 1527.25390625 0.0 1551.34375 1527.25390625 1549.41484375 5
stats: {recvpackets,"os_mon@test3"} 1 14330.0 0.0 14330 4993 8727.666666666666 3
stats: {sentpackets,"os_mon@test3"} 1 9733.0 0.0 9733 3413 5870.666666666667 3
stats: {cpu,"os_mon@test3"} 1 56.061408152461624 0.0 56.061408152461624 3.6217303822937628 27.768734554748384 4
stats: {load,"os_mon@test4"} 1 1.0703125 0.0 1.08984375 0.98828125 1.01953125 4
stats: {freemem,"os_mon@test4"} 1 1534.9765625 0.0 1553.24609375 1534.9765625 1552.09375 4
stats: {freemem,"os_mon@myserver"} 1 2935.1484375 0.0 2937.49609375 2935.1484375 2936.943359375 4
stats: {recvpackets,"os_mon@test2"} 1 14429.0 0.0 14429 1076 6866.5 4
stats: {sentpackets,"os_mon@test2"} 1 9806.0 0.0 9806 825 4645.5 4
stats: {cpu,"os_mon@test2"} 1 57.789203084832906 0.0 58.911145351823315 6.481012658227849 35.85304954634688 5
stats: {load,"os_mon@test3"} 1 1.62109375 0.0 2.140625 1.62109375 1.8583984375 4
stats: {freemem,"os_mon@test3"} 1 1382.2890625 0.0 1401.75390625 1382.2890625 1400.8154296875 4
stats: {recvpackets,"os_mon@test4"} 1 14338.0 0.0 14338 5003 8732.0 3
stats: {sentpackets,"os_mon@test4"} 1 9743.0 0.0 9743 3419 5872.666666666667 3
stats: {cpu,"os_mon@test4"} 1 57.194430118617845 0.0 57.194430118617845 2.4072216649949847 27.020178454665473 4
stats: {load,"os_mon@myserver"} 1 2.7890625 0.0 3.55859375 2.578125 2.982421875 4
stats: {recvpackets,"os_mon@myserver"} 1 14520.0 0.0 14520 5104 8873.333333333334 3
stats: {sentpackets,"os_mon@myserver"} 1 9876.0 0.0 9876 3484 5970.666666666667 3
stats: {cpu,"os_mon@myserver"} 1 52.04431548404115 0.0 52.04431548404115 3.4361675445196886 25.415970375550167 4
stats: session 2234 3902.4736740126 2829.689293237814 17365.10400390625 15.389892578125 515.0944042514882 7961
stats: users_count 4222 13404
stats: finish_users_count 2234 10195
stats: request 29917 449.8847537594883 1092.3887512905314 15070.6689453125 0.968994140625 61.72246114792106 84466
stats: page 2226 3878.0496057337277 2813.6501506052887 16358.8662109375 14.1279296875 502.4337600303926 7930
stats: connect 29896 419.664606998271 1083.2978366320888 15050.843017578125 0.346923828125 51.19834439187809 84545
stats: 200 29917 114383
stats: size_rcv 5085890 19445110
stats: newphase 6 24
stats: size_sent 3968440 15187779
stats: connected -21 58
# stats: dump at 1339064165
stats: users 3122 4149
stats: {load,"os_mon@test2"} 1 0.87109375 0.0 1.26953125 0.87109375 1.0169270833333333 6
stats: {freemem,"os_mon@test2"} 1 1499.39453125 0.0 1551.34375 1499.39453125 1545.7213541666667 6
stats: {recvpackets,"os_mon@test3"} 1 15929.0 0.0 15929 4993 10128.25 4
stats: {sentpackets,"os_mon@test3"} 1 10782.0 0.0 10782 3413 6836.25 4
stats: {cpu,"os_mon@test3"} 1 60.3310197544047 0.0 60.3310197544047 3.6217303822937628 33.42726927429103 5
stats: {load,"os_mon@test4"} 1 1.21875 0.0 1.21875 0.98828125 1.0296875 5
stats: {freemem,"os_mon@test4"} 1 1499.56640625 0.0 1553.24609375 1499.56640625 1548.6703125 5
stats: {freemem,"os_mon@myserver"} 1 2934.08984375 0.0 2937.49609375 2934.08984375 2936.584375 5
stats: {recvpackets,"os_mon@test2"} 1 15997.0 0.0 15997 1076 8379.0 5
stats: {sentpackets,"os_mon@test2"} 1 10812.0 0.0 10812 825 5677.6 5
stats: {cpu,"os_mon@test2"} 1 59.5360824742268 0.0 59.5360824742268 6.481012658227849 39.50907513609455 6
stats: {load,"os_mon@test3"} 1 1.609375 0.0 2.140625 1.609375 1.8109375 5
stats: {freemem,"os_mon@test3"} 1 1343.265625 0.0 1401.75390625 1343.265625 1397.11015625 5
stats: {recvpackets,"os_mon@test4"} 1 15936.0 0.0 15936 5003 10133.5 4
stats: {sentpackets,"os_mon@test4"} 1 10780.0 0.0 10780 3419 6840.25 4
stats: {cpu,"os_mon@test4"} 1 62.27106227106227 0.0 62.27106227106227 2.4072216649949847 33.055028787455946 5
stats: {load,"os_mon@myserver"} 1 2.75 0.0 3.55859375 2.578125 2.94375 5
stats: {recvpackets,"os_mon@myserver"} 1 16262.0 0.0 16262 5104 10285.0 4
stats: {sentpackets,"os_mon@myserver"} 1 10983.0 0.0 10983 3484 6947.0 4
stats: {cpu,"os_mon@myserver"} 1 52.71257172665623 0.0 52.71257172665623 3.4361675445196886 30.741639397248367 5
stats: session 2982 7404.988859262345 4783.769469026327 26400.47412109375 15.389892578125 1257.3607395772679 10195
stats: users_count 2895 16299
stats: finish_users_count 2982 13177
stats: request 30144 861.0085329594407 2088.7893441251003 15768.198974609375 0.968994140625 163.24673755315837 114383
stats: page 2867 7283.183170697809 4754.579950544479 26398.4912109375 14.1279296875 1242.3038735136167 10156
stats: connect 30174 835.9732375464519 2091.3322843768046 15072.406005859375 0.346923828125 147.4546457775766 114441
stats: 200 30144 144527
stats: size_rcv 5124480 24569590
stats: newphase 6 30
stats: size_sent 4006322 19194101
stats: connected 30 88
# stats: dump at 1339064175
stats: users 4547 5208
stats: {load,"os_mon@test2"} 1 0.9609375 0.0 1.26953125 0.87109375 0.99609375 7
stats: {freemem,"os_mon@test2"} 1 1489.38671875 0.0 1551.34375 1489.38671875 1539.103236607143 7
stats: {recvpackets,"os_mon@test3"} 1 13201.0 0.0 15929 4993 11288.4 5
stats: {sentpackets,"os_mon@test3"} 1 9617.0 0.0 10782 3413 7625.4 5
stats: {cpu,"os_mon@test3"} 1 73.88771186440678 0.0 73.88771186440678 3.6217303822937628 37.91122768764331 6
stats: {load,"os_mon@test4"} 1 1.109375 0.0 1.21875 0.98828125 1.0611979166666667 6
stats: {freemem,"os_mon@test4"} 1 1486.75 0.0 1553.24609375 1486.75 1540.486328125 6
stats: {freemem,"os_mon@myserver"} 1 2933.9921875 0.0 2937.49609375 2933.9921875 2936.1686197916665 6
stats: {recvpackets,"os_mon@test2"} 1 13139.0 0.0 15997 1076 9648.666666666666 6
stats: {sentpackets,"os_mon@test2"} 1 9589.0 0.0 10812 825 6533.333333333333 6
stats: {cpu,"os_mon@test2"} 1 56.99535363964894 0.0 59.5360824742268 6.481012658227849 42.37007618439916 7
stats: {load,"os_mon@test3"} 1 1.671875 0.0 2.140625 1.609375 1.77734375 6
stats: {freemem,"os_mon@test3"} 1 1275.0859375 0.0 1401.75390625 1275.0859375 1388.1360677083333 6
stats: {recvpackets,"os_mon@test4"} 1 13156.0 0.0 15936 5003 11294.0 5
stats: {sentpackets,"os_mon@test4"} 1 9591.0 0.0 10780 3419 7628.2 5
stats: {cpu,"os_mon@test4"} 1 48.87728459530026 0.0 62.27106227106227 2.4072216649949847 37.92436770139033 6
stats: {load,"os_mon@myserver"} 1 2.640625 0.0 3.55859375 2.578125 2.9114583333333335 6
stats: {recvpackets,"os_mon@myserver"} 1 13489.0 0.0 16262 5104 11480.4 5
stats: {sentpackets,"os_mon@myserver"} 1 9831.0 0.0 10983 3484 7754.2 5
stats: {cpu,"os_mon@myserver"} 1 52.18529180842712 0.0 52.71257172665623 3.4361675445196886 34.40346145214968 6
stats: session 2508 8332.204623622387 6604.618938035666 35821.89404296875 15.389892578125 2648.5899308120634 13177
stats: users_count 3933 20232
stats: finish_users_count 2508 15685
stats: request 31240 879.2660227132035 2439.178102875914 31474.84912109375 0.968994140625 308.77893264976296 144527
stats: page 2550 8321.429102424156 6486.838628568847 35820.695068359375 14.1279296875 2572.1972118401986 13023
stats: connect 31230 844.5116320538895 2432.3131715486197 31104.60205078125 0.346923828125 291.114432024052 144615
stats: 200 31240 175767
stats: size_rcv 5310800 29880390
stats: newphase 6 36
stats: size_sent 4143026 23337127
stats: connected -10 78
# stats: dump at 1339064185
stats: users 5183 5208
stats: {load,"os_mon@test2"} 1 1.19140625 0.0 1.26953125 0.87109375 0.99169921875 8
stats: {freemem,"os_mon@test2"} 1 1459.5390625 0.0 1551.34375 1459.5390625 1532.888671875 8
stats: {recvpackets,"os_mon@test3"} 1 15052.0 0.0 15929 4993 11607.166666666666 6
stats: {sentpackets,"os_mon@test3"} 1 10640.0 0.0 10782 3413 7957.333333333333 6
stats: {cpu,"os_mon@test3"} 1 69.34036939313984 0.0 73.88771186440678 3.6217303822937628 43.05072542718095 7
stats: {load,"os_mon@test4"} 1 1.41015625 0.0 1.41015625 0.98828125 1.0680803571428572 7
stats: {freemem,"os_mon@test4"} 1 1463.3125 0.0 1553.24609375 1463.3125 1532.8097098214287 7
stats: {freemem,"os_mon@myserver"} 1 2934.16015625 0.0 2937.49609375 2933.9921875 2935.8577008928573 7
stats: {recvpackets,"os_mon@test2"} 1 15051.0 0.0 15997 1076 10147.285714285714 7
stats: {sentpackets,"os_mon@test2"} 1 10690.0 0.0 10812 825 6969.857142857143 7
stats: {cpu,"os_mon@test2"} 1 61.78776790381599 0.0 61.78776790381599 6.481012658227849 44.19823586630538 8
stats: {load,"os_mon@test3"} 1 1.5703125 0.0 2.140625 1.5703125 1.7622767857142858 7
stats: {freemem,"os_mon@test3"} 1 1234.27734375 0.0 1401.75390625 1234.27734375 1371.986049107143 7
stats: {recvpackets,"os_mon@test4"} 1 15017.0 0.0 15936 5003 11604.333333333334 6
stats: {sentpackets,"os_mon@test4"} 1 10612.0 0.0 10780 3419 7955.333333333333 6
stats: {cpu,"os_mon@test4"} 1 60.83769633507854 0.0 62.27106227106227 2.4072216649949847 39.48907011480603 7
stats: {load,"os_mon@myserver"} 1 2.921875 0.0 3.55859375 2.578125 2.872767857142857 7
stats: {recvpackets,"os_mon@myserver"} 1 14774.0 0.0 16262 5104 11815.166666666666 6
stats: {sentpackets,"os_mon@myserver"} 1 10554.0 0.0 10983 3484 8100.333333333333 6
stats: {cpu,"os_mon@myserver"} 1 52.10677833028004 0.0 52.71257172665623 3.4361675445196886 36.94372293161788 7
stats: session 2713 10748.31301374819 8675.709734702816 44273.897216796875 15.389892578125 3557.3885058562646 15685
stats: users_count 3349 23581
stats: finish_users_count 2713 18398
stats: request 27851 1185.0376422662018 3518.976300655285 32383.26513671875 0.968994140625 410.1746252062831 175767
stats: page 2776 10730.475083496805 8581.182220006272 44272.328125 14.1279296875 3513.6048610400376 15573
stats: connect 27886 1119.9733494759305 3509.6635914718827 31136.97216796875 0.346923828125 389.3975481600344 175845
stats: 200 27851 203618
stats: size_rcv 4734670 34615060
stats: newphase 6 42
stats: size_sent 3699730 27036857
stats: connected 35 113
# stats: dump at 1339064195
stats: users 5610 5927
stats: {load,"os_mon@test2"} 1 1.078125 0.0 1.26953125 0.87109375 1.0138888888888888 9
stats: {freemem,"os_mon@test2"} 1 1442.80859375 0.0 1551.34375 1442.80859375 1524.7387152777778 9
stats: {recvpackets,"os_mon@test3"} 1 15629.0 0.0 15929 4993 12099.285714285714 7
stats: {sentpackets,"os_mon@test3"} 1 11338.0 0.0 11338 3413 8340.57142857143 7
stats: {cpu,"os_mon@test3"} 1 70.34482758620689 0.0 73.88771186440678 3.6217303822937628 46.33693092292581 8
stats: {load,"os_mon@test4"} 1 1.5 0.0 1.5 0.98828125 1.11083984375 8
stats: {freemem,"os_mon@test4"} 1 1428.19140625 0.0 1553.24609375 1428.19140625 1524.12255859375 8
stats: {freemem,"os_mon@myserver"} 1 2933.625 0.0 2937.49609375 2933.625 2935.6455078125 8
stats: {recvpackets,"os_mon@test2"} 1 15383.0 0.0 15997 1076 10760.25 8
stats: {sentpackets,"os_mon@test2"} 1 11134.0 0.0 11134 825 7434.875 8
stats: {cpu,"os_mon@test2"} 1 59.5301655098772 0.0 61.78776790381599 6.481012658227849 46.15262831491767 9
stats: {load,"os_mon@test3"} 1 1.62890625 0.0 2.140625 1.5703125 1.73828125 8
stats: {freemem,"os_mon@test3"} 1 1193.078125 0.0 1401.75390625 1193.078125 1354.7724609375 8
stats: {recvpackets,"os_mon@test4"} 1 15621.0 0.0 15936 5003 12091.857142857143 7
stats: {sentpackets,"os_mon@test4"} 1 11335.0 0.0 11335 3419 8334.857142857143 7
stats: {cpu,"os_mon@test4"} 1 67.60491299897646 0.0 67.60491299897646 2.4072216649949847 42.15764839234009 8
stats: {load,"os_mon@myserver"} 1 2.9296875 0.0 3.55859375 2.578125 2.87890625 8
stats: {recvpackets,"os_mon@myserver"} 1 15366.0 0.0 16262 5104 12237.857142857143 7
stats: {sentpackets,"os_mon@myserver"} 1 11188.0 0.0 11188 3484 8450.857142857143 7
stats: {cpu,"os_mon@myserver"} 1 51.89344476364586 0.0 52.71257172665623 3.4361675445196886 38.839104856450646 8
stats: session 2575 12464.843419106492 10476.685960246408 53450.31201171875 15.389892578125 4617.774318983278 18398
stats: users_count 3002 26583
stats: finish_users_count 2575 20973
stats: request 28837 1328.5195704740433 3758.9310323867076 32886.14599609375 0.968994140625 516.1608832391477 203618
stats: page 2571 12382.831404328006 10492.615541848852 53372.89599609375 14.1279296875 4605.437208172851 18349
stats: connect 28838 1261.3267663783358 3730.4434698522405 31136.97216796875 0.346923828125 489.3962562383096 203731
stats: 200 28837 232455
stats: size_rcv 4902290 39517350
stats: newphase 6 48
stats: size_sent 3826634 30863491
stats: connected 1 114
# stats: dump at 1339064205
stats: users 6843 7140
stats: {load,"os_mon@test2"} 1 1.05859375 0.0 1.26953125 0.87109375 1.0203125 10
stats: {freemem,"os_mon@test2"} 1 1435.1875 0.0 1551.34375 1435.1875 1516.545703125 10
stats: {recvpackets,"os_mon@test3"} 1 14163.0 0.0 15929 4993 12540.5 8
stats: {sentpackets,"os_mon@test3"} 1 10563.0 0.0 11338 3413 8715.25 8
stats: {cpu,"os_mon@test3"} 1 82.19677251431547 0.0 82.19677251431547 3.6217303822937628 49.00447499662371 9
stats: {load,"os_mon@test4"} 1 1.58984375 0.0 1.58984375 0.98828125 1.1540798611111112 9
stats: {freemem,"os_mon@test4"} 1 1399.35546875 0.0 1553.24609375 1399.35546875 1513.4635416666667 9
stats: {freemem,"os_mon@myserver"} 1 2933.59765625 0.0 2937.49609375 2933.59765625 2935.4210069444443 9
stats: {recvpackets,"os_mon@test2"} 1 14424.0 0.0 15997 1076 11273.888888888889 9
stats: {sentpackets,"os_mon@test2"} 1 10733.0 0.0 11134 825 7845.888888888889 9
stats: {cpu,"os_mon@test2"} 1 55.877701634159195 0.0 61.78776790381599 6.481012658227849 47.49038203441362 10
stats: {load,"os_mon@test3"} 1 1.91015625 0.0 2.140625 1.5703125 1.7261284722222223 9
stats: {freemem,"os_mon@test3"} 1 1114.3203125 0.0 1401.75390625 1114.3203125 1336.806423611111 9
stats: {recvpackets,"os_mon@test4"} 1 14172.0 0.0 15936 5003 12533.0 8
stats: {sentpackets,"os_mon@test4"} 1 10570.0 0.0 11335 3419 8709.875 8
stats: {cpu,"os_mon@test4"} 1 61.63265306122449 0.0 67.60491299897646 2.4072216649949847 44.985122237521914 9
stats: {load,"os_mon@myserver"} 1 2.9296875 0.0 3.55859375 2.578125 2.884548611111111 9
stats: {recvpackets,"os_mon@myserver"} 1 14343.0 0.0 16262 5104 12628.875 8
stats: {sentpackets,"os_mon@myserver"} 1 10653.0 0.0 11188 3484 8793.0 8
stats: {cpu,"os_mon@myserver"} 1 51.809473124002125 0.0 52.71257172665623 3.4361675445196886 40.28958706836122 9
stats: session 2460 13141.353100685155 11388.839231270382 58761.661865234375 15.389892578125 5581.213165729918 20973
stats: users_count 3693 30276
stats: finish_users_count 2460 23433
stats: request 29672 1247.8388321692187 3709.345600132643 34540.12109375 0.968994140625 616.9373236847939 232455
stats: page 2416 13196.649622734032 11390.130448468904 58759.947998046875 14.1279296875 5561.253674631498 20920
stats: connect 29653 1169.1664923961675 3692.8139524002345 31136.97216796875 0.346923828125 585.1137940503914 232569
stats: 200 29672 262127
stats: size_rcv 5044240 44561590
stats: newphase 6 54
stats: size_sent 3935559 34799050
stats: connected -19 95
stats: error_connect_etimedout 43 43
# stats: dump at 1339064215
stats: users 7492 7709
stats: {load,"os_mon@test2"} 1 1.2109375 0.0 1.26953125 0.87109375 1.0237926136363635 11
stats: {freemem,"os_mon@test2"} 1 1424.41015625 0.0 1551.34375 1424.41015625 1509.149502840909 11
stats: {recvpackets,"os_mon@test3"} 1 14917.0 0.0 15929 4993 12720.777777777777 9
stats: {sentpackets,"os_mon@test3"} 1 11108.0 0.0 11338 3413 8920.555555555555 9
stats: {cpu,"os_mon@test3"} 1 74.6174142480211 0.0 82.19677251431547 3.6217303822937628 52.32370474839289 10
stats: {load,"os_mon@test4"} 1 1.578125 0.0 1.58984375 0.98828125 1.19765625 10
stats: {freemem,"os_mon@test4"} 1 1344.41015625 0.0 1553.24609375 1344.41015625 1502.052734375 10
stats: {freemem,"os_mon@myserver"} 1 2932.71484375 0.0 2937.49609375 2932.71484375 2935.238671875 10
stats: {recvpackets,"os_mon@test2"} 1 14827.0 0.0 15997 1076 11588.9 10
stats: {sentpackets,"os_mon@test2"} 1 11077.0 0.0 11134 825 8134.6 10
stats: {cpu,"os_mon@test2"} 1 51.092611862643075 0.0 61.78776790381599 6.481012658227849 48.25286563439049 11
stats: {load,"os_mon@test3"} 1 2.01953125 0.0 2.140625 1.5703125 1.74453125 10
stats: {freemem,"os_mon@test3"} 1 1042.2421875 0.0 1401.75390625 1042.2421875 1314.5578125 10
stats: {recvpackets,"os_mon@test4"} 1 14914.0 0.0 15936 5003 12715.111111111111 9
stats: {sentpackets,"os_mon@test4"} 1 11104.0 0.0 11335 3419 8916.555555555555 9
stats: {cpu,"os_mon@test4"} 1 72.99794661190965 0.0 72.99794661190965 2.4072216649949847 46.64987531989217 10
stats: {load,"os_mon@myserver"} 1 2.78125 0.0 3.55859375 2.578125 2.8890625 10
stats: {recvpackets,"os_mon@myserver"} 1 14983.0 0.0 16262 5104 12819.333333333334 9
stats: {sentpackets,"os_mon@myserver"} 1 11204.0 0.0 11204 3484 8999.666666666666 9
stats: {cpu,"os_mon@myserver"} 1 52.014748485646564 0.0 52.71257172665623 3.4361675445196886 41.441575673925314 10
stats: session 2814 13115.860197044205 12317.273609828226 77303.74096679688 15.389892578125 6374.877836919687 23433
stats: users_count 3463 33739
stats: finish_users_count 2814 26247
stats: 200 30900 293027
stats: request 30900 1232.2160156961133 3553.0489774179364 34540.12109375 0.968994140625 688.3535057635186 262127
stats: page 2844 13004.36111694853 12187.214539829867 77302.57177734375 14.1279296875 6351.754043615716 23336
stats: connect 30894 1170.6762030709936 3543.299307267164 31136.97216796875 0.346923828125 651.1605584868129 262222
stats: size_rcv 5253000 49814590
stats: newphase 6 60
stats: size_sent 4098018 38897068
stats: connected -6 89
stats: error_connect_etimedout 104 147
# stats: dump at 1339064225
stats: users 7781 7941
stats: {load,"os_mon@test2"} 1 1.41015625 0.0 1.41015625 0.87109375 1.0393880208333333 12
stats: {freemem,"os_mon@test2"} 1 1376.9140625 0.0 1551.34375 1376.9140625 1502.087890625 12
stats: {recvpackets,"os_mon@test3"} 1 14995.0 0.0 15929 4993 12940.4 10
stats: {sentpackets,"os_mon@test3"} 1 1.14e4 0.0 11400 3413 9139.3 10
stats: {cpu,"os_mon@test3"} 1 67.0364500792393 0.0 82.19677251431547 3.6217303822937628 54.350405611995456 11
stats: {load,"os_mon@test4"} 1 1.7109375 0.0 1.7109375 0.98828125 1.2322443181818181 11
stats: {freemem,"os_mon@test4"} 1 1301.20703125 0.0 1553.24609375 1301.20703125 1487.721590909091 11
stats: {freemem,"os_mon@myserver"} 1 2932.14453125 0.0 2937.49609375 2932.14453125 2935.0092329545455 11
stats: {recvpackets,"os_mon@test2"} 1 14769.0 0.0 15997 1076 11883.272727272728 11
stats: {sentpackets,"os_mon@test2"} 1 11247.0 0.0 11247 825 8402.09090909091 11
stats: {cpu,"os_mon@test2"} 1 69.6058091286307 0.0 69.6058091286307 6.481012658227849 48.489511153411534 12
stats: {load,"os_mon@test3"} 1 1.859375 0.0 2.140625 1.5703125 1.76953125 11
stats: {freemem,"os_mon@test3"} 1 1000.5703125 0.0 1401.75390625 1000.5703125 1289.801846590909 11
stats: {recvpackets,"os_mon@test4"} 1 14990.0 0.0 15936 5003 12935.0 10
stats: {sentpackets,"os_mon@test4"} 1 11393.0 0.0 11393 3419 9135.3 10
stats: {cpu,"os_mon@test4"} 1 66.87370600414079 0.0 72.99794661190965 2.4072216649949847 49.0451545282574 11
stats: {load,"os_mon@myserver"} 1 2.8984375 0.0 3.55859375 2.578125 2.8792613636363638 11
stats: {recvpackets,"os_mon@myserver"} 1 14817.0 0.0 16262 5104 13035.7 10
stats: {sentpackets,"os_mon@myserver"} 1 11355.0 0.0 11355 3484 9220.1 10
stats: {cpu,"os_mon@myserver"} 1 53.20184426229508 0.0 53.20184426229508 3.4361675445196886 42.40277320226361 11
stats: session 3029 14790.866878394916 14927.805474730929 86131.78393554688 15.389892578125 7097.593742028476 26247
stats: users_count 3318 37057
stats: finish_users_count 3029 29276
stats: 200 31079 324106
stats: request 31079 1267.1959029575428 3899.024554025987 34540.12109375 0.968994140625 745.704369530056 293027
stats: page 3040 14679.791706848151 14657.69461826769 86129.9619140625 14.1279296875 7074.443673736362 26180
stats: connect 31047 1207.8378959801064 3882.0351120031173 32641.033203125 0.346923828125 705.9167516792135 293116
stats: size_rcv 5283430 55098020
stats: newphase 6 66
stats: size_sent 4117661 43014729
stats: connected -32 57
stats: error_connect_etimedout 355 502
# stats: dump at 1339064235
stats: users 9049 9049
stats: {load,"os_mon@test2"} 1 1.26171875 0.0 1.41015625 0.87109375 1.0679086538461537 13
stats: {freemem,"os_mon@test2"} 1 1353.94140625 0.0 1551.34375 1353.94140625 1492.4591346153845 13
stats: {recvpackets,"os_mon@test3"} 1 16478.0 0.0 16478 4993 13127.181818181818 11
stats: {sentpackets,"os_mon@test3"} 1 12376.0 0.0 12376 3413 9344.818181818182 11
stats: {cpu,"os_mon@test3"} 1 75.0 0.0 82.19677251431547 3.6217303822937628 55.407575984265776 12
stats: {load,"os_mon@test4"} 1 1.6015625 0.0 1.7109375 0.98828125 1.2721354166666667 12
stats: {freemem,"os_mon@test4"} 1 1255.734375 0.0 1553.24609375 1255.734375 1472.1787109375 12
stats: {freemem,"os_mon@myserver"} 1 2931.75 0.0 2937.49609375 2931.75 2934.7705078125 12
stats: {recvpackets,"os_mon@test2"} 1 16787.0 0.0 16787 1076 12123.75 12
stats: {sentpackets,"os_mon@test2"} 1 12577.0 0.0 12577 825 8639.166666666668 12
stats: {cpu,"os_mon@test2"} 1 55.21155830753354 0.0 69.6058091286307 6.481012658227849 50.11384176688993 13
stats: {load,"os_mon@test3"} 1 1.87890625 0.0 2.140625 1.5703125 1.7770182291666667 12
stats: {freemem,"os_mon@test3"} 1 944.8046875 0.0 1401.75390625 944.8046875 1265.69921875 12
stats: {recvpackets,"os_mon@test4"} 1 16484.0 0.0 16484 5003 13121.818181818182 11
stats: {sentpackets,"os_mon@test4"} 1 12383.0 0.0 12383 3419 9340.545454545454 11
stats: {cpu,"os_mon@test4"} 1 69.97442455242967 0.0 72.99794661190965 2.4072216649949847 50.53086715124768 12
stats: {load,"os_mon@myserver"} 1 2.76953125 0.0 3.55859375 2.578125 2.880859375 12
stats: {recvpackets,"os_mon@myserver"} 1 18294.0 0.0 18294 5104 13197.636363636364 11
stats: {sentpackets,"os_mon@myserver"} 1 13516.0 0.0 13516 3484 9414.181818181818 11
stats: {cpu,"os_mon@myserver"} 1 52.719112988384374 0.0 53.20184426229508 3.4361675445196886 43.302695790599564 12
stats: session 2700 19164.196670102734 21213.01491657154 94439.1640625 15.389892578125 7893.5673835797115 29276
stats: users_count 3968 41025
stats: finish_users_count 2700 31976
stats: request 30371 1489.5175951105848 4416.636254222236 34540.12109375 0.968994140625 795.7109580146656 324106
stats: page 2704 18470.13773151824 20512.469910038573 94437.80786132813 14.1279296875 7865.691381493373 29220
stats: connect 30376 1408.962798107796 4408.410357305323 32641.033203125 0.346923828125 753.9886962475628 324163
stats: 200 30371 354477
stats: size_rcv 5163070 60261090
stats: newphase 6 72
stats: size_sent 4032000 47046729
stats: connected 5 62
stats: error_connect_etimedout 451 953
# stats: dump at 1339064245
stats: users 9026 9395
stats: {load,"os_mon@test2"} 1 1.1484375 0.0 1.41015625 0.87109375 1.081752232142857 14
stats: {freemem,"os_mon@test2"} 1 1311.71484375 0.0 1551.34375 1311.71484375 1482.5650111607142 14
stats: {recvpackets,"os_mon@test3"} 1 18260.0 0.0 18260 4993 13406.416666666666 12
stats: {sentpackets,"os_mon@test3"} 1 13608.0 0.0 13608 3413 9597.416666666666 12
stats: {cpu,"os_mon@test3"} 1 71.93074501573977 0.0 82.19677251431547 3.6217303822937628 56.91468552393764 13
stats: {load,"os_mon@test4"} 1 1.578125 0.0 1.7109375 0.98828125 1.2974759615384615 13
stats: {freemem,"os_mon@test4"} 1 1203.23828125 0.0 1553.24609375 1203.23828125 1455.5291466346155 13
stats: {freemem,"os_mon@myserver"} 1 2933.015625 0.0 2937.49609375 2931.75 2934.5381610576924 13
stats: {recvpackets,"os_mon@test2"} 1 18246.0 0.0 18246 1076 12482.461538461539 13
stats: {sentpackets,"os_mon@test2"} 1 13598.0 0.0 13598 825 8942.076923076924 13
stats: {cpu,"os_mon@test2"} 1 63.23529411764706 0.0 69.6058091286307 6.481012658227849 50.4779643769359 14
stats: {load,"os_mon@test3"} 1 1.75 0.0 2.140625 1.5703125 1.7848557692307692 13
stats: {freemem,"os_mon@test3"} 1 890.28125 0.0 1401.75390625 890.28125 1241.0150240384614 13
stats: {recvpackets,"os_mon@test4"} 1 18252.0 0.0 18252 5003 13402.0 12
stats: {sentpackets,"os_mon@test4"} 1 13602.0 0.0 13602 3419 9594.083333333334 12
stats: {cpu,"os_mon@test4"} 1 73.40259740259741 0.0 73.40259740259741 2.4072216649949847 52.026525412877064 13
stats: {load,"os_mon@myserver"} 1 2.87890625 0.0 3.55859375 2.578125 2.872295673076923 13
stats: {recvpackets,"os_mon@myserver"} 1 18237.0 0.0 18294 5104 13622.333333333334 12
stats: {sentpackets,"os_mon@myserver"} 1 13801.0 0.0 13801 3484 9756.0 12
stats: {cpu,"os_mon@myserver"} 1 52.19710439420879 0.0 53.20184426229508 3.4361675445196886 44.02703557504455 13
stats: session 2989 20078.80963867843 22537.81151821165 105661.296875 15.389892578125 8845.24048445575 31976
stats: users_count 2966 43991
stats: finish_users_count 2989 34965
stats: request 31302 1380.157665457176 3898.761378330514 34540.12109375 0.968994140625 855.155157145329 354477
stats: page 2964 19551.134254198176 21934.026458302775 105656.98193359375 14.1279296875 8763.900344357275 31924
stats: connect 31339 1297.1549366778354 3869.8055295781473 32641.033203125 0.346923828125 810.1052118300698 354539
stats: 200 31302 385779
stats: size_rcv 5321340 65582430
stats: newphase 3 75
stats: size_sent 4158569 51205298
stats: connected 37 99
stats: error_connect_etimedout 372 1325
# stats: dump at 1339064255
stats: users 11193 11336
stats: {load,"os_mon@test2"} 1 1.4296875 0.0 1.4296875 0.87109375 1.0861979166666667 15
stats: {freemem,"os_mon@test2"} 1 1268.82421875 0.0 1551.34375 1268.82421875 1471.175 15
stats: {recvpackets,"os_mon@test3"} 1 17727.0 0.0 18260 4993 13779.76923076923 13
stats: {sentpackets,"os_mon@test3"} 1 13584.0 0.0 13608 3413 9905.923076923076 13
stats: {cpu,"os_mon@test3"} 1 70.40547656661401 0.0 82.19677251431547 3.6217303822937628 57.9872612019235 14
stats: {load,"os_mon@test4"} 1 1.7890625 0.0 1.7890625 0.98828125 1.3175223214285714 14
stats: {freemem,"os_mon@test4"} 1 1154.265625 0.0 1553.24609375 1154.265625 1437.5083705357142 14
stats: {freemem,"os_mon@myserver"} 1 2933.890625 0.0 2937.49609375 2931.75 2934.4294084821427 14
stats: {recvpackets,"os_mon@test2"} 1 17863.0 0.0 18246 1076 12894.142857142857 14
stats: {sentpackets,"os_mon@test2"} 1 13656.0 0.0 13656 825 9274.642857142859 14
stats: {cpu,"os_mon@test2"} 1 66.26819126819127 0.0 69.6058091286307 6.481012658227849 51.328453026316645 15
stats: {load,"os_mon@test3"} 1 2.01953125 0.0 2.140625 1.5703125 1.7823660714285714 14
stats: {freemem,"os_mon@test3"} 1 842.109375 0.0 1401.75390625 842.109375 1215.962611607143 14
stats: {recvpackets,"os_mon@test4"} 1 17713.0 0.0 18252 5003 13775.076923076924 13
stats: {sentpackets,"os_mon@test4"} 1 13577.0 0.0 13602 3419 9902.384615384615 13
stats: {cpu,"os_mon@test4"} 1 73.99172699069287 0.0 73.99172699069287 2.4072216649949847 53.55338769785709 14
stats: {load,"os_mon@myserver"} 1 2.91015625 0.0 3.55859375 2.578125 2.872767857142857 14
stats: {recvpackets,"os_mon@myserver"} 1 17924.0 0.0 18294 5104 13977.307692307691 13
stats: {sentpackets,"os_mon@myserver"} 1 13828.0 0.0 13828 3484 10067.153846153846 13
stats: {cpu,"os_mon@myserver"} 1 53.018372703412076 0.0 53.20184426229508 3.4361675445196886 44.61061191927057 14
stats: session 2309 23091.945513818206 25219.166895319377 105661.296875 15.389892578125 9805.54759733925 34965
stats: users_count 4476 48467
stats: finish_users_count 2309 37274
stats: 200 29609 415388
stats: request 29609 1338.1461978195914 3759.5571280119325 34848.949951171875 0.968994140625 897.7537136120558 385779
stats: connect 29548 1286.1898160970384 3751.3370331530655 32641.033203125 0.346923828125 849.6608520246498 385878
stats: page 2356 22053.24907473191 24311.765260937784 105656.98193359375 14.1279296875 9680.357616449928 34888
stats: size_rcv 5033530 70615960
stats: newphase 6 81
stats: size_sent 3922076 55127374
stats: connected -61 38
stats: error_connect_etimedout 485 1810
# stats: dump at 1339064265
stats: users 11249 11820
stats: {load,"os_mon@test2"} 1 1.83984375 0.0 1.83984375 0.87109375 1.107666015625 16
stats: {freemem,"os_mon@test2"} 1 1224.94921875 0.0 1551.34375 1224.94921875 1458.528076171875 16
stats: {recvpackets,"os_mon@test3"} 1 19069.0 0.0 19069 4993 14061.714285714286 14
stats: {sentpackets,"os_mon@test3"} 1 14497.0 0.0 14497 3413 10168.642857142857 14
stats: {cpu,"os_mon@test3"} 1 71.62935970848517 0.0 82.19677251431547 3.6217303822937628 58.8151422262362 15
stats: {load,"os_mon@test4"} 1 1.98046875 0.0 1.98046875 0.98828125 1.3489583333333333 15
stats: {freemem,"os_mon@test4"} 1 1058.234375 0.0 1553.24609375 1058.234375 1418.6255208333334 15
stats: {freemem,"os_mon@myserver"} 1 2919.078125 0.0 2937.49609375 2919.078125 2934.393489583333 15
stats: {recvpackets,"os_mon@test2"} 1 18671.0 0.0 18671 1076 13225.4 15
stats: {sentpackets,"os_mon@test2"} 1 14256.0 0.0 14256 825 9566.733333333335 15
stats: {cpu,"os_mon@test2"} 1 62.689691261119826 0.0 69.6058091286307 6.481012658227849 52.262186666433806 16
stats: {load,"os_mon@test3"} 1 1.78125 0.0 2.140625 1.5703125 1.7981770833333333 15
stats: {freemem,"os_mon@test3"} 1 773.765625 0.0 1401.75390625 773.765625 1191.0390625 15
stats: {recvpackets,"os_mon@test4"} 1 1.91e4 0.0 19100 5003 14056.357142857143 14
stats: {sentpackets,"os_mon@test4"} 1 14516.0 0.0 14516 3419 10164.857142857143 14
stats: {cpu,"os_mon@test4"} 1 77.75489186405767 0.0 77.75489186405767 2.4072216649949847 54.91594365071281 15
stats: {load,"os_mon@myserver"} 1 3.08984375 0.0 3.55859375 2.578125 2.875260416666667 15
stats: {recvpackets,"os_mon@myserver"} 1 19250.0 0.0 19250 5104 14259.214285714286 14
stats: {sentpackets,"os_mon@myserver"} 1 14561.0 0.0 14561 3484 10335.785714285714 14
stats: {cpu,"os_mon@myserver"} 1 54.223149113660064 0.0 54.223149113660064 3.4361675445196886 45.17112930488 15
stats: session 2632 25176.98094487984 25994.461273956345 115648.70288085938 15.389892578125 10628.595641261285 37274
stats: users_count 2688 51155
stats: finish_users_count 2632 39906
stats: request 29374 1943.4523768445433 4600.748527000563 34919.889892578125 0.968994140625 929.1450418759945 415388
stats: 200 29374 444762
stats: page 2590 24738.141052010487 25441.510996162557 115647.15087890625 14.1279296875 10463.04831228583 37244
stats: connect 29436 1699.531443705133 4569.6581567478715 32641.033203125 0.346923828125 880.7098422910533 415426
stats: size_rcv 4993580 75609540
stats: newphase 5 86
stats: size_sent 3905364 59032738
stats: connected 62 100
stats: error_connect_etimedout 704 2514
# stats: dump at 1339064275
stats: users 11873 12461
stats: {load,"os_mon@test2"} 1 1.7890625 0.0 1.83984375 0.87109375 1.150735294117647 17
stats: {freemem,"os_mon@test2"} 1 1180.1953125 0.0 1551.34375 1180.1953125 1444.788143382353 17
stats: {recvpackets,"os_mon@test3"} 1 15924.0 0.0 19069 4993 14395.533333333333 15
stats: {sentpackets,"os_mon@test3"} 1 12674.0 0.0 14497 3413 10457.2 15
stats: {cpu,"os_mon@test3"} 1 78.63874345549739 0.0 82.19677251431547 3.6217303822937628 59.61603081887676 16
stats: {load,"os_mon@test4"} 1 2.05078125 0.0 2.05078125 0.98828125 1.388427734375 16
stats: {freemem,"os_mon@test4"} 1 1024.11328125 0.0 1553.24609375 1024.11328125 1396.10107421875 16
stats: {freemem,"os_mon@myserver"} 1 2933.7734375 0.0 2937.49609375 2919.078125 2933.436279296875 16
stats: {recvpackets,"os_mon@test2"} 1 1.66e4 0.0 18671 1076 13565.75 16
stats: {sentpackets,"os_mon@test2"} 1 13119.0 0.0 14256 825 9859.812500000002 16
stats: {cpu,"os_mon@test2"} 1 67.15328467153284 0.0 69.6058091286307 6.481012658227849 52.87556928965063 17
stats: {load,"os_mon@test3"} 1 1.96875 0.0 2.140625 1.5703125 1.797119140625 16
stats: {freemem,"os_mon@test3"} 1 706.390625 0.0 1401.75390625 706.390625 1164.95947265625 16
stats: {recvpackets,"os_mon@test4"} 1 15915.0 0.0 19100 5003 14392.6 15
stats: {sentpackets,"os_mon@test4"} 1 12670.0 0.0 14516 3419 10454.933333333332 15
stats: {cpu,"os_mon@test4"} 1 67.22689075630252 0.0 77.75489186405767 2.4072216649949847 56.34337791404686 16
stats: {load,"os_mon@myserver"} 1 2.91015625 0.0 3.55859375 2.578125 2.888671875 16
stats: {recvpackets,"os_mon@myserver"} 1 18942.0 0.0 19250 5104 14591.933333333332 15
stats: {sentpackets,"os_mon@myserver"} 1 14569.0 0.0 14569 3484 10617.466666666667 15
stats: {cpu,"os_mon@myserver"} 1 51.378314518246256 0.0 54.223149113660064 3.4361675445196886 45.73688054292875 16
stats: session 2939 30322.800122095243 28201.43652425903 124020.7919921875 15.389892578125 11588.134310111183 39906
stats: users_count 3563 54718
stats: finish_users_count 2939 42845
stats: 200 30797 475559
stats: connect 30799 1515.1815105762669 4438.291377138842 32641.033203125 0.346923828125 934.8903132218697 444862
stats: page 2941 28772.19372263899 27404.693397237297 124018.833984375 14.1279296875 11391.212448347658 39834
stats: request 30797 1709.9444512972473 4483.438444354473 34919.889892578125 0.968994140625 996.1342713006444 444762
stats: size_rcv 5235490 80845030
stats: newphase 5 91
stats: size_sent 4087597 63120335
stats: connected 2 102
stats: error_connect_etimedout 573 3087
# stats: dump at 1339064285
stats: users 11569 12461
stats: {load,"os_mon@test2"} 1 1.58984375 0.0 1.83984375 0.87109375 1.1861979166666667 18
stats: {freemem,"os_mon@test2"} 1 1130.9609375 0.0 1551.34375 1130.9609375 1430.0885416666667 18
stats: {recvpackets,"os_mon@test3"} 1 17916.0 0.0 19069 4993 14491.0625 16
stats: {sentpackets,"os_mon@test3"} 1 14147.0 0.0 14497 3413 10595.75 16
stats: {cpu,"os_mon@test3"} 1 83.62512873326467 0.0 83.62512873326467 3.6217303822937628 60.735013915148556 17
stats: {load,"os_mon@test4"} 1 1.890625 0.0 2.05078125 0.98828125 1.427389705882353 17
stats: {freemem,"os_mon@test4"} 1 1002.8515625 0.0 1553.24609375 1002.8515625 1374.2194393382354 17
stats: {freemem,"os_mon@myserver"} 1 2932.6171875 0.0 2937.49609375 2919.078125 2933.456112132353 17
stats: {recvpackets,"os_mon@test2"} 1 17845.0 0.0 18671 1076 13744.235294117647 17
stats: {sentpackets,"os_mon@test2"} 1 14080.0 0.0 14256 825 10051.529411764708 17
stats: {cpu,"os_mon@test2"} 1 67.3017507723996 0.0 69.6058091286307 6.481012658227849 53.6687756997552 18
stats: {load,"os_mon@test3"} 1 2.2890625 0.0 2.2890625 1.5703125 1.8072150735294117 17
stats: {freemem,"os_mon@test3"} 1 623.66796875 0.0 1401.75390625 623.66796875 1137.9848345588234 17
stats: {recvpackets,"os_mon@test4"} 1 17954.0 0.0 19100 5003 14487.75 16
stats: {sentpackets,"os_mon@test4"} 1 14175.0 0.0 14516 3419 10593.375 16
stats: {cpu,"os_mon@test4"} 1 61.25984251968504 0.0 77.75489186405767 2.4072216649949847 56.9835845518266 17
stats: {load,"os_mon@myserver"} 1 2.921875 0.0 3.55859375 2.578125 2.889935661764706 17
stats: {recvpackets,"os_mon@myserver"} 1 15811.0 0.0 19250 5104 14863.8125 16
stats: {sentpackets,"os_mon@myserver"} 1 12944.0 0.0 14569 3484 10864.4375 16
stats: {cpu,"os_mon@myserver"} 1 52.896659707724424 0.0 54.223149113660064 3.4361675445196886 46.06872960030037 17
stats: session 3020 30235.13441679493 28821.06679670192 126627.43603515625 15.389892578125 12873.259361375534 42845
stats: users_count 2716 57434
stats: finish_users_count 3020 45865
stats: request 29928 2017.6455907834447 5247.073174188067 34919.889892578125 0.968994140625 1042.3603170980225 475559
stats: page 2984 28859.63229991923 27800.11046244567 126626.10888671875 14.1279296875 12586.243796744871 42775
stats: connect 29903 1860.164782601767 5227.361675066333 32641.033203125 0.346923828125 972.4641075571591 475661
stats: 200 29928 505487
stats: size_rcv 5087760 85932790
stats: newphase 5 96
stats: size_sent 3970021 67090356
stats: connected -25 77
stats: error_connect_etimedout 644 3731
# stats: dump at 1339064295
stats: users 11602 12461
stats: {load,"os_mon@test2"} 1 2.12109375 0.0 2.12109375 0.87109375 1.2074424342105263 19
stats: {freemem,"os_mon@test2"} 1 1116.07421875 0.0 1551.34375 1116.07421875 1414.3449835526317 19
stats: {recvpackets,"os_mon@test3"} 1 18134.0 0.0 19069 4993 14692.529411764706 17
stats: {sentpackets,"os_mon@test3"} 1 14394.0 0.0 14497 3413 10804.64705882353 17
stats: {cpu,"os_mon@test3"} 1 76.05263157894737 0.0 83.62512873326467 3.6217303822937628 62.00668696059946 18
stats: {load,"os_mon@test4"} 1 2.3203125 0.0 2.3203125 0.98828125 1.453125 18
stats: {freemem,"os_mon@test4"} 1 934.06640625 0.0 1553.24609375 934.06640625 1353.587890625 18
stats: {freemem,"os_mon@myserver"} 1 2932.6015625 0.0 2937.49609375 2919.078125 2933.4095052083335 18
stats: {recvpackets,"os_mon@test2"} 1 18042.0 0.0 18671 1076 13972.055555555555 18
stats: {sentpackets,"os_mon@test2"} 1 14364.0 0.0 14364 825 10275.333333333336 18
stats: {cpu,"os_mon@test2"} 1 55.68956476140535 0.0 69.6058091286307 6.481012658227849 54.38630070357859 19
stats: {load,"os_mon@test3"} 1 2.08984375 0.0 2.2890625 1.5703125 1.833984375 18
stats: {freemem,"os_mon@test3"} 1 575.546875 0.0 1401.75390625 575.546875 1109.4116753472222 18
stats: {recvpackets,"os_mon@test4"} 1 18069.0 0.0 19100 5003 14691.64705882353 17
stats: {sentpackets,"os_mon@test4"} 1 14340.0 0.0 14516 3419 10804.058823529413 17
stats: {cpu,"os_mon@test4"} 1 78.29255596043727 0.0 78.29255596043727 2.4072216649949847 57.22115443892986 18
stats: {load,"os_mon@myserver"} 1 3.01953125 0.0 3.55859375 2.578125 2.8917100694444446 18
stats: {recvpackets,"os_mon@myserver"} 1 18236.0 0.0 19250 5104 14919.529411764706 17
stats: {sentpackets,"os_mon@myserver"} 1 14495.0 0.0 14569 3484 10986.764705882353 17
stats: {cpu,"os_mon@myserver"} 1 52.614044079959 0.0 54.223149113660064 3.4361675445196886 46.44805905071282 18
stats: session 3042 30500.127907937967 28524.896998318374 143678.9208984375 15.389892578125 14016.4592451075 45865
stats: users_count 3075 60509
stats: finish_users_count 3042 48907
stats: request 29997 1726.1296240138367 4492.817494387156 35964.1728515625 0.968994140625 1100.1033207180114 505487
stats: page 3068 29460.52736993066 27752.451664750603 143676.66088867188 14.1279296875 13647.451237761332 45759
stats: connect 30043 1461.3116618296312 4406.821206174727 32641.033203125 0.346923828125 1024.969652425581 505564
stats: 200 29997 535484
stats: size_rcv 5099490 91032280
stats: newphase 5 101
stats: size_sent 3987054 71077410
stats: connected 46 123
stats: error_connect_etimedout 815 4546
# stats: dump at 1339064305
stats: users 12251 12468
stats: {load,"os_mon@test2"} 1 1.87109375 0.0 2.12109375 0.87109375 1.253125 20
stats: {freemem,"os_mon@test2"} 1 1077.16015625 0.0 1551.34375 1077.16015625 1399.4314453125 20
stats: {recvpackets,"os_mon@test3"} 1 17074.0 0.0 19069 4993 14883.722222222223 18
stats: {sentpackets,"os_mon@test3"} 1 13771.0 0.0 14497 3413 11004.055555555555 18
stats: {cpu,"os_mon@test3"} 1 69.95280545359202 0.0 83.62512873326467 3.6217303822937628 62.7459472036704 19
stats: {load,"os_mon@test4"} 1 2.26953125 0.0 2.3203125 0.98828125 1.498766447368421 19
stats: {freemem,"os_mon@test4"} 1 875.8359375 0.0 1553.24609375 875.8359375 1331.5078125 19
stats: {freemem,"os_mon@myserver"} 1 2932.765625 0.0 2937.49609375 2919.078125 2933.3669819078946 19
stats: {recvpackets,"os_mon@test2"} 1 17001.0 0.0 18671 1076 14186.263157894737 19
stats: {sentpackets,"os_mon@test2"} 1 13852.0 0.0 14364 825 10490.526315789477 19
stats: {cpu,"os_mon@test2"} 1 61.90970420342501 0.0 69.6058091286307 6.481012658227849 54.451463906469925 20
stats: {load,"os_mon@test3"} 1 1.9296875 0.0 2.2890625 1.5703125 1.847450657894737 19
stats: {freemem,"os_mon@test3"} 1 528.9140625 0.0 1401.75390625 528.9140625 1081.3135279605262 19
stats: {recvpackets,"os_mon@test4"} 1 17075.0 0.0 19100 5003 14879.277777777777 18
stats: {sentpackets,"os_mon@test4"} 1 13769.0 0.0 14516 3419 11000.5 18
stats: {cpu,"os_mon@test4"} 1 76.50076962544895 0.0 78.29255596043727 2.4072216649949847 58.33017557164077 19
stats: {load,"os_mon@myserver"} 1 2.94140625 0.0 3.55859375 2.578125 2.8984375 19
stats: {recvpackets,"os_mon@myserver"} 1 17876.0 0.0 19250 5104 15103.777777777777 18
stats: {sentpackets,"os_mon@myserver"} 1 14387.0 0.0 14569 3484 11181.666666666666 18
stats: {cpu,"os_mon@myserver"} 1 52.692408720777514 0.0 54.223149113660064 3.4361675445196886 46.77258457856788 19
stats: session 2958 32074.187264855766 30465.711363855287 160000.43505859375 15.389892578125 15041.738245502745 48907
stats: users_count 3607 64116
stats: finish_users_count 2958 51865
stats: request 30863 1662.1529830894567 4724.560773887155 38916.881103515625 0.968994140625 1135.1723629675741 535484
stats: page 2976 30328.64989512455 29206.220418486737 158540.44409179688 14.1279296875 14641.051450215415 48827
stats: connect 30830 1526.6197873165365 4674.3346243911965 32641.033203125 0.346923828125 1049.444730213074 535607
stats: 200 30863 566347
stats: size_rcv 5246710 96278990
stats: newphase 6 107
stats: size_sent 4091834 75169244
stats: connected -34 89
stats: error_connect_etimedout 807 5353
stats: error_abort 1 1
EndMonitor:{1339,64305,37477}
