# stats: dump at 1339075376
stats: users 1 6
stats: session 15 33.28811848958333 4.137036522001015 42.994140625 27.31005859375 0 0
stats: users_count 16 16
stats: finish_users_count 15 15
stats: request 145 2.763404162176724 0.7260164750555158 7.3291015625 1.594970703125 0 0
stats: page 13 30.48253455528846 3.8918799244790585 36.830078125 23.846923828125 0 0
stats: connect 146 1.1956134952910966 0.388891318238169 2.567138671875 0.570068359375 0 0
stats: 200 146 146
stats: size_rcv 21886 21886
stats: size_sent 19278 19278
stats: connected 1 1
# stats: dump at 1339075386
stats: users 3 14
stats: {load,"os_mon@test2"} 1 1.5 0 1.5 1.5 0 0
stats: {freemem,"os_mon@test2"} 1 1509.41796875 0 1509.41796875 1509.41796875 0 0
stats: {load,"os_mon@test4"} 1 1.2109375 0 1.2109375 1.2109375 0 0
stats: {cpu,"os_mon@test3"} 1 3.5931174089068825 0 3.5931174089068825 3.5931174089068825 0 0
stats: {freemem,"os_mon@test4"} 1 1511.08984375 0 1511.08984375 1511.08984375 0 0
stats: {freemem,"os_mon@myserver"} 1 1302.07421875 0 1302.07421875 1302.07421875 0 0
stats: {load,"os_mon@test3"} 1 1.8515625 0 1.8515625 1.8515625 0 0
stats: {cpu,"os_mon@test2"} 1 6.831983805668017 0 6.831983805668017 6.831983805668017 0 0
stats: {freemem,"os_mon@test3"} 1 1357.37890625 0 1357.37890625 1357.37890625 0 0
stats: {cpu,"os_mon@test4"} 1 3.7897928246589183 0 3.7897928246589183 3.7897928246589183 0 0
stats: {load,"os_mon@myserver"} 1 5.08984375 0 5.08984375 5.08984375 0 0
stats: {cpu,"os_mon@myserver"} 1 5.243064392975312 0 5.243064392975312 5.243064392975312 0 0
stats: session 944 40.12165366997155 239.282390455222 4935.366943359375 20.319091796875 33.28811848958333 15
stats: users_count 946 962
stats: finish_users_count 944 959
stats: request 9423 3.6657208840735405 75.70299595599366 4894.830078125 1.125 2.763404162176724 145
stats: page 942 38.07231642283706 239.4843052961624 4930.739990234375 18.820068359375 30.48253455528846 13
stats: connect 9425 1.0026039249005285 0.37714327954599086 8.618896484375 0.43603515625 1.1956134952910966 146
stats: 200 9424 9570
stats: size_rcv 1421394 1443280
stats: newphase 2 2
stats: size_sent 1249963 1269241
stats: connected 2 3
# stats: dump at 1339075396
stats: users 69 131
stats: {load,"os_mon@test2"} 1 1.4296875 0.0 1.5 1.4296875 1.5 1
stats: {recvpackets,"os_mon@test3"} 1 4973 0 4973 4973 0 0
stats: {sentpackets,"os_mon@test3"} 1 3386 0 3386 3386 0 0
stats: {freemem,"os_mon@test2"} 1 1520.859375 0.0 1520.859375 1509.41796875 1509.41796875 1
stats: {load,"os_mon@test4"} 1 1.1015625 0.0 1.2109375 1.1015625 1.2109375 1
stats: {cpu,"os_mon@test3"} 1 22.14867617107943 0.0 22.14867617107943 3.5931174089068825 3.5931174089068825 1
stats: {freemem,"os_mon@test4"} 1 1526.125 0.0 1526.125 1511.08984375 1511.08984375 1
stats: {freemem,"os_mon@myserver"} 1 1320.27734375 0.0 1320.27734375 1302.07421875 1302.07421875 1
stats: {recvpackets,"os_mon@test2"} 1 5003 0 5003 5003 0 0
stats: {sentpackets,"os_mon@test2"} 1 3408 0 3408 3408 0 0
stats: {load,"os_mon@test3"} 1 1.55859375 0.0 1.8515625 1.55859375 1.8515625 1
stats: {cpu,"os_mon@test2"} 1 25.826131164209453 0.0 25.826131164209453 6.831983805668017 6.831983805668017 1
stats: {recvpackets,"os_mon@test4"} 1 4969 0 4969 4969 0 0
stats: {sentpackets,"os_mon@test4"} 1 3383 0 3383 3383 0 0
stats: {freemem,"os_mon@test3"} 1 1373.796875 0.0 1373.796875 1357.37890625 1357.37890625 1
stats: {cpu,"os_mon@test4"} 1 20.702116675271036 0.0 20.702116675271036 3.7897928246589183 3.7897928246589183 1
stats: {load,"os_mon@myserver"} 1 4.8203125 0.0 5.08984375 4.8203125 5.08984375 1
stats: {recvpackets,"os_mon@myserver"} 1 5062 0 5062 5062 0 0
stats: {sentpackets,"os_mon@myserver"} 1 3449 0 3449 3449 0 0
stats: {cpu,"os_mon@myserver"} 1 31.469440832249674 0.0 31.469440832249674 5.243064392975312 5.243064392975312 1
stats: session 1816 191.024596630214 568.0119987147461 15928.908203125 18.35107421875 40.01476834389666 959
stats: users_count 1882 2844
stats: finish_users_count 1816 2775
stats: request 18204 18.869384148701826 176.13361385188148 15894.35986328125 1.125 3.6520465608424537 9568
stats: page 1793 182.89559032740172 559.5002354041175 15927.685791015625 17.205078125 37.96900002045159 955
stats: connect 18250 8.377163861836472 81.74536118555442 1320.027099609375 0.408935546875 1.0055481728659472 9571
stats: 200 18210 27780
stats: size_rcv 2586024 4029304
stats: newphase 5 7
stats: size_sent 2424654 3693895
stats: connected 46 49
# stats: dump at 1339075406
stats: users 378 380
stats: {load,"os_mon@test2"} 1 1.37109375 0.0 1.5 1.37109375 1.46484375 2
stats: {recvpackets,"os_mon@test3"} 1 8862.0 0.0 8862 4973 4973.0 1
stats: {sentpackets,"os_mon@test3"} 1 5908.0 0.0 5908 3386 3386.0 1
stats: {freemem,"os_mon@test2"} 1 1526.2890625 0.0 1526.2890625 1509.41796875 1515.138671875 2
stats: {load,"os_mon@test4"} 1 0.9296875 0.0 1.2109375 0.9296875 1.15625 2
stats: {cpu,"os_mon@test3"} 1 38.77656817003629 0.0 38.77656817003629 3.5931174089068825 12.870896789993155 2
stats: {freemem,"os_mon@test4"} 1 1532.31640625 0.0 1532.31640625 1511.08984375 1518.607421875 2
stats: {freemem,"os_mon@myserver"} 1 1331.171875 0.0 1331.171875 1302.07421875 1311.17578125 2
stats: {recvpackets,"os_mon@test2"} 1 8866.0 0.0 8866 5003 5003.0 1
stats: {sentpackets,"os_mon@test2"} 1 5908.0 0.0 5908 3408 3408.0 1
stats: {load,"os_mon@test3"} 1 1.46875 0.0 1.8515625 1.46875 1.705078125 2
stats: {cpu,"os_mon@test2"} 1 41.801619433198375 0.0 41.801619433198375 6.831983805668017 16.329057484938737 2
stats: {recvpackets,"os_mon@test4"} 1 8851.0 0.0 8851 4969 4969.0 1
stats: {sentpackets,"os_mon@test4"} 1 5904.0 0.0 5904 3383 3383.0 1
stats: {freemem,"os_mon@test3"} 1 1379.609375 0.0 1379.609375 1357.37890625 1365.587890625 2
stats: {cpu,"os_mon@test4"} 1 36.72727272727273 0.0 36.72727272727273 3.7897928246589183 12.245954749964977 2
stats: {load,"os_mon@myserver"} 1 5.03125 0.0 5.08984375 4.8203125 4.955078125 2
stats: {recvpackets,"os_mon@myserver"} 1 9456.0 0.0 9456 5062 5062.0 1
stats: {sentpackets,"os_mon@myserver"} 1 6289.0 0.0 6289 3449 3449.0 1
stats: {cpu,"os_mon@myserver"} 1 60.57213930348259 0.0 60.57213930348259 5.243064392975312 18.356252612612494 2
stats: session 2491 854.1664231467649 839.1704207168797 15928.908203125 18.35107421875 138.8377766927083 2775
stats: users_count 2800 5644
stats: finish_users_count 2491 5266
stats: request 26082 87.51007999747455 258.6853327923068 15894.35986328125 1.125 13.626712175468409 27772
stats: page 2482 844.4694764216406 839.6140846026221 15927.685791015625 17.205078125 132.52990847036483 2748
stats: connect 26207 47.055203384129676 185.63516674843777 2182.22998046875 0.408935546875 5.841175444484943 27821
stats: 200 26102 53882
stats: size_rcv 3406056 7435360
stats: newphase 5 12
stats: size_sent 3476933 7170828
stats: connected 125 174
# stats: dump at 1339075416
stats: users 1831 1832
stats: {load,"os_mon@test2"} 1 1.23046875 0.0 1.5 1.23046875 1.43359375 3
stats: {recvpackets,"os_mon@test3"} 1 12301.0 0.0 12301 4973 6917.5 2
stats: {sentpackets,"os_mon@test3"} 1 8174.0 0.0 8174 3386 4647.0 2
stats: {freemem,"os_mon@test2"} 1 1521.8984375 0.0 1526.2890625 1509.41796875 1518.85546875 3
stats: {load,"os_mon@test4"} 1 0.94921875 0.0 1.2109375 0.9296875 1.0807291666666667 3
stats: {cpu,"os_mon@test3"} 1 50.10493179433369 0.0 50.10493179433369 3.5931174089068825 21.50612058334087 3
stats: {freemem,"os_mon@test4"} 1 1527.91796875 0.0 1532.31640625 1511.08984375 1523.1770833333333 3
stats: {freemem,"os_mon@myserver"} 1 1335.91015625 0.0 1335.91015625 1302.07421875 1317.8411458333333 3
stats: {recvpackets,"os_mon@test2"} 1 12353.0 0.0 12353 5003 6934.5 2
stats: {sentpackets,"os_mon@test2"} 1 8213.0 0.0 8213 3408 4658.0 2
stats: {load,"os_mon@test3"} 1 1.23828125 0.0 1.8515625 1.23828125 1.6263020833333333 3
stats: {cpu,"os_mon@test2"} 1 54.02892561983471 0.0 54.02892561983471 6.831983805668017 24.819911467691952 3
stats: {recvpackets,"os_mon@test4"} 1 12286.0 0.0 12286 4969 6910.0 2
stats: {sentpackets,"os_mon@test4"} 1 8160.0 0.0 8160 3383 4643.5 2
stats: {freemem,"os_mon@test3"} 1 1375.76171875 0.0 1379.609375 1357.37890625 1370.26171875 3
stats: {cpu,"os_mon@test4"} 1 48.29396325459317 0.0 48.29396325459317 3.7897928246589183 20.406394075734227 3
stats: {load,"os_mon@myserver"} 1 5.3984375 0.0 5.3984375 4.8203125 4.98046875 3
stats: {recvpackets,"os_mon@myserver"} 1 13779.0 0.0 13779 5062 7259.0 2
stats: {sentpackets,"os_mon@myserver"} 1 9177.0 0.0 9177 3449 4869.0 2
stats: {cpu,"os_mon@myserver"} 1 75.8589714799012 0.0 75.8589714799012 5.243064392975312 32.42821484290253 3
stats: session 2312 2710.846681165861 1462.3877222960182 15928.908203125 18.35107421875 477.2129491798057 5266
stats: users_count 3765 9409
stats: finish_users_count 2312 7578
stats: request 28951 324.2177971929534 411.8357055141075 15894.35986328125 1.125 49.40912387253017 53854
stats: page 2317 2660.1024550831794 1448.324562012432 15927.685791015625 17.205078125 470.3949194942781 5230
stats: connect 29825 175.51893932051493 314.2192596502718 3416.262939453125 0.408935546875 25.83258786423525 54028
stats: 200 29073 82955
stats: size_rcv 3588690 11024050
stats: newphase 6 18
stats: size_sent 3955715 11126543
stats: connected 874 1048
# stats: dump at 1339075426
stats: users 4055 4056
stats: {load,"os_mon@test2"} 1 1.12109375 0.0 1.5 1.12109375 1.3828125 4
stats: {recvpackets,"os_mon@test3"} 1 14879.0 0.0 14879 4973 8712.0 3
stats: {sentpackets,"os_mon@test3"} 1 9933.0 0.0 9933 3386 5822.666666666667 3
stats: {freemem,"os_mon@test2"} 1 1499.390625 0.0 1526.2890625 1499.390625 1519.6162109375 4
stats: {load,"os_mon@test4"} 1 0.80859375 0.0 1.2109375 0.80859375 1.0478515625 4
stats: {cpu,"os_mon@test3"} 1 56.85252735799896 0.0 56.85252735799896 3.5931174089068825 28.655823386089075 4
stats: {freemem,"os_mon@test4"} 1 1506.18359375 0.0 1532.31640625 1506.18359375 1524.3623046875 4
stats: {freemem,"os_mon@myserver"} 1 1331.5 0.0 1335.91015625 1302.07421875 1322.3583984375 4
stats: {recvpackets,"os_mon@test2"} 1 14833.0 0.0 14833 5003 8740.666666666666 3
stats: {sentpackets,"os_mon@test2"} 1 9893.0 0.0 9893 3408 5843.0 3
stats: {load,"os_mon@test3"} 1 1.2109375 0.0 1.8515625 1.2109375 1.529296875 4
stats: {cpu,"os_mon@test2"} 1 58.93869139618754 0.0 58.93869139618754 6.831983805668017 32.12216500572764 4
stats: {recvpackets,"os_mon@test4"} 1 14882.0 0.0 14882 4969 8702.0 3
stats: {sentpackets,"os_mon@test4"} 1 9930.0 0.0 9930 3383 5815.666666666667 3
stats: {freemem,"os_mon@test3"} 1 1352.2734375 0.0 1379.609375 1352.2734375 1371.63671875 4
stats: {cpu,"os_mon@test4"} 1 53.16718587746625 0.0 53.16718587746625 3.7897928246589183 27.37828637044896 4
stats: {load,"os_mon@myserver"} 1 5.19140625 0.0 5.3984375 4.8203125 5.0849609375 4
stats: {recvpackets,"os_mon@myserver"} 1 18907.0 0.0 18907 5062 9432.333333333334 3
stats: {sentpackets,"os_mon@myserver"} 1 12613.0 0.0 12613 3449 6305.0 3
stats: {cpu,"os_mon@myserver"} 1 77.90723235876017 0.0 77.90723235876017 5.243064392975312 43.28590400215219 4
stats: session 2298 5953.514851569302 2296.6279875869677 22659.35400390625 18.35107421875 1158.6805116437488 7578
stats: users_count 4522 13931
stats: finish_users_count 2298 9876
stats: request 30595 744.2161345313418 913.8455865591122 24467.0859375 1.125 145.49010812830667 82805
stats: page 2246 5854.759536702402 2252.668759069275 22657.64599609375 17.205078125 1142.655733057215 7547
stats: connect 31883 343.1856673257771 500.8989123137458 7624.14404296875 0.408935546875 79.0733238210113 83853
stats: 200 29394 112349
stats: size_rcv 3556356 14580406
stats: newphase 6 24
stats: size_sent 4232993 15359536
stats: connected 1288 2336
# stats: dump at 1339075436
stats: users 4408 4666
stats: {load,"os_mon@test2"} 1 1.03125 0.0 1.5 1.03125 1.33046875 5
stats: {recvpackets,"os_mon@test3"} 1 17242.0 0.0 17242 4973 10253.75 4
stats: {sentpackets,"os_mon@test3"} 1 11563.0 0.0 11563 3386 6850.25 4
stats: {freemem,"os_mon@test2"} 1 1455.11328125 0.0 1526.2890625 1455.11328125 1515.57109375 5
stats: {load,"os_mon@test4"} 1 0.76171875 0.0 1.2109375 0.76171875 1.0 5
stats: {cpu,"os_mon@test3"} 1 58.14679854242581 0.0 58.14679854242581 3.5931174089068825 34.29516418047105 5
stats: {freemem,"os_mon@test4"} 1 1457.90625 0.0 1532.31640625 1457.90625 1520.7265625 5
stats: {freemem,"os_mon@myserver"} 1 1317.48828125 0.0 1335.91015625 1302.07421875 1324.18671875 5
stats: {recvpackets,"os_mon@test2"} 1 17306.0 0.0 17306 5003 10263.75 4
stats: {sentpackets,"os_mon@test2"} 1 11605.0 0.0 11605 3408 6855.5 4
stats: {load,"os_mon@test3"} 1 1.171875 0.0 1.8515625 1.171875 1.465625 5
stats: {cpu,"os_mon@test2"} 1 63.98152898922525 0.0 63.98152898922525 6.831983805668017 37.48547028381962 5
stats: {recvpackets,"os_mon@test4"} 1 17254.0 0.0 17254 4969 10247.0 4
stats: {sentpackets,"os_mon@test4"} 1 11575.0 0.0 11575 3383 6844.25 4
stats: {freemem,"os_mon@test3"} 1 1312.421875 0.0 1379.609375 1312.421875 1367.7640625 5
stats: {cpu,"os_mon@test4"} 1 59.152016546018615 0.0 59.152016546018615 3.7897928246589183 32.53606627185242 5
stats: {load,"os_mon@myserver"} 1 5.46875 0.0 5.46875 4.8203125 5.10625 5
stats: {recvpackets,"os_mon@myserver"} 1 16235.0 0.0 18907 5062 11801.0 4
stats: {sentpackets,"os_mon@myserver"} 1 11371.0 0.0 12613 3449 7882.0 4
stats: {cpu,"os_mon@myserver"} 1 76.85733070348455 0.0 77.90723235876017 5.243064392975312 50.210169673473786 5
stats: session 2548 10253.079994189678 3238.209017757699 23220.524169921875 18.35107421875 2274.3679674101445 9876
stats: users_count 2901 16832
stats: finish_users_count 2548 12424
stats: request 29197 1256.0229261986092 1648.8488519743296 24467.0859375 1.125 307.0247005251397 113400
stats: page 2509 10082.195249640383 3200.793858754844 23218.68603515625 17.205078125 2223.3649276847136 9793
stats: connect 30276 415.5633837558392 648.0005081946251 8513.02099609375 0.408935546875 151.83109882587104 115736
stats: 200 26657 139006
stats: size_rcv 3335098 17915504
stats: newphase 6 30
stats: size_sent 4018921 19378457
stats: connected 1078 3414
# stats: dump at 1339075446
stats: users 4559 5154
stats: {load,"os_mon@test2"} 1 0.94140625 0.0 1.5 0.94140625 1.2805989583333333 6
stats: {recvpackets,"os_mon@test3"} 1 11684.0 0.0 17242 4973 11651.4 5
stats: {sentpackets,"os_mon@test3"} 1 8581.0 0.0 11563 3386 7792.8 5
stats: {freemem,"os_mon@test2"} 1 1415.125 0.0 1526.2890625 1415.125 1505.4947916666667 6
stats: {load,"os_mon@test4"} 1 1.08984375 0.0 1.2109375 0.76171875 0.9602864583333334 6
stats: {cpu,"os_mon@test3"} 1 55.181347150259064 0.0 58.14679854242581 3.5931174089068825 38.27043657413017 6
stats: {freemem,"os_mon@test4"} 1 1427.48046875 0.0 1532.31640625 1427.48046875 1510.2565104166667 6
stats: {freemem,"os_mon@myserver"} 1 1310.1328125 0.0 1335.91015625 1302.07421875 1323.0703125 6
stats: {recvpackets,"os_mon@test2"} 1 11634.0 0.0 17306 5003 11672.2 5
stats: {sentpackets,"os_mon@test2"} 1 8569.0 0.0 11605 3408 7805.4 5
stats: {load,"os_mon@test3"} 1 1.140625 0.0 1.8515625 1.140625 1.4166666666666667 6
stats: {cpu,"os_mon@test2"} 1 62.42203742203743 0.0 63.98152898922525 6.831983805668017 41.90148006805389 6
stats: {recvpackets,"os_mon@test4"} 1 1.17e4 0.0 17254 4969 11648.4 5
stats: {sentpackets,"os_mon@test4"} 1 8592.0 0.0 11575 3383 7790.4 5
stats: {freemem,"os_mon@test3"} 1 1283.49609375 0.0 1379.609375 1283.49609375 1358.5403645833333 6
stats: {cpu,"os_mon@test4"} 1 54.961038961038966 0.0 59.152016546018615 3.7897928246589183 36.97205798421345 6
stats: {load,"os_mon@myserver"} 1 5.94921875 0.0 5.94921875 4.8203125 5.166666666666667 6
stats: {recvpackets,"os_mon@myserver"} 1 16130.0 0.0 18907 5062 12687.8 5
stats: {sentpackets,"os_mon@myserver"} 1 11579.0 0.0 12613 3449 8579.8 5
stats: {cpu,"os_mon@myserver"} 1 76.41466727025804 0.0 77.90723235876017 5.243064392975312 54.65136317847558 6
stats: session 2842 12856.894342775515 5617.694036345659 43328.904052734375 18.35107421875 3910.697510571305 12424
stats: users_count 2993 19825
stats: finish_users_count 2842 15266
stats: request 30172 1387.0481556297336 2309.0772154179735 31103.97607421875 1.125 501.33384584368275 142597
stats: page 2857 12734.432960710552 5444.154616857746 43325.258056640625 17.205078125 3826.1779075080576 12302
stats: connect 29995 316.0578679535766 503.19461103659654 15228.641845703125 0.408935546875 206.51673191451937 146012
stats: 200 28630 167636
stats: size_rcv 3530894 21446398
stats: newphase 6 36
stats: size_sent 3981985 23360442
stats: connected -177 3237
# stats: dump at 1339075456
stats: users 5498 5498
stats: {load,"os_mon@test2"} 1 0.87890625 0.0 1.5 0.87890625 1.2321428571428572 7
stats: {recvpackets,"os_mon@test3"} 1 15424.0 0.0 17242 4973 11656.833333333334 6
stats: {sentpackets,"os_mon@test3"} 1 11076.0 0.0 11563 3386 7924.166666666667 6
stats: {freemem,"os_mon@test2"} 1 1377.09375 0.0 1526.2890625 1377.09375 1492.5848214285713 7
stats: {load,"os_mon@test4"} 1 1.1484375 0.0 1.2109375 0.76171875 0.9787946428571429 7
stats: {cpu,"os_mon@test3"} 1 60.22494887525562 0.0 60.22494887525562 3.5931174089068825 40.686280942148585 7
stats: {freemem,"os_mon@test4"} 1 1379.38671875 0.0 1532.31640625 1379.38671875 1498.431361607143 7
stats: {freemem,"os_mon@myserver"} 0 0 0 1335.91015625 1302.07421875 1321.2220982142858 7
stats: {recvpackets,"os_mon@test2"} 1 15039.0 0.0 17306 5003 11665.833333333334 6
stats: {sentpackets,"os_mon@test2"} 1 10795.0 0.0 11605 3408 7932.666666666667 6
stats: {load,"os_mon@test3"} 1 1.12890625 0.0 1.8515625 1.12890625 1.3772321428571428 7
stats: {cpu,"os_mon@test2"} 1 64.45473251028807 0.0 64.45473251028807 6.831983805668017 44.83298826148011 7
stats: {recvpackets,"os_mon@test4"} 1 14920.0 0.0 17254 4969 11657.0 6
stats: {sentpackets,"os_mon@test4"} 1 10725.0 0.0 11575 3383 7924.0 6
stats: {freemem,"os_mon@test3"} 1 1260.1875 0.0 1379.609375 1260.1875 1347.8197544642858 7
stats: {cpu,"os_mon@test4"} 1 61.42557651991615 0.0 61.42557651991615 3.7897928246589183 39.54191240947424 7
stats: {load,"os_mon@myserver"} 0 0 0 5.94921875 4.8203125 5.278459821428571 7
stats: {recvpackets,"os_mon@myserver"} 0 0 0 18907 5062 13261.5 6
stats: {sentpackets,"os_mon@myserver"} 0 0 0 12613 3449 9079.666666666666 6
stats: {cpu,"os_mon@myserver"} 0 0 0 77.90723235876017 5.243064392975312 57.76040662015878 7
stats: session 2689 14352.126168588322 7319.7653948525385 44482.453125 18.35107421875 5576.169238405994 15266
stats: users_count 3628 23453
stats: finish_users_count 2689 17955
stats: request 29050 1553.4254107781574 2835.7596094527385 61084.43017578125 1.125 656.0130542367667 172769
stats: page 2729 14326.568254078731 7260.334141711142 44480.610107421875 17.205078125 5505.106905924808 15159
stats: connect 29984 288.4206151972477 423.0920713892486 15228.641845703125 0.408935546875 225.1846620280462 176007
stats: 200 27629 195265
stats: size_rcv 3468990 24915388
stats: newphase 6 42
stats: size_sent 3978189 27338631
stats: connected 933 4170
# stats: dump at 1339075466
stats: users 5560 5833
stats: {load,"os_mon@test2"} 1 0.8984375 0.0 1.5 0.87890625 1.18798828125 8
stats: {recvpackets,"os_mon@test3"} 1 13716.0 0.0 17242 4973 12195.0 7
stats: {sentpackets,"os_mon@test3"} 1 10146.0 0.0 11563 3386 8374.42857142857 7
stats: {freemem,"os_mon@test2"} 1 1332.9453125 0.0 1526.2890625 1332.9453125 1478.1484375 8
stats: {load,"os_mon@test4"} 1 1.12109375 0.0 1.2109375 0.76171875 1.0 8
stats: {cpu,"os_mon@test3"} 1 68.18881477680861 0.0 68.18881477680861 3.5931174089068825 43.128614433786964 8
stats: {freemem,"os_mon@test4"} 1 1360.23046875 0.0 1532.31640625 1360.23046875 1483.55078125 8
stats: {freemem,"os_mon@myserver"} 1 1306.76953125 0.0 1335.91015625 1302.07421875 1321.2220982142858 7
stats: {recvpackets,"os_mon@test2"} 1 13695.0 0.0 17306 5003 12147.714285714286 7
stats: {sentpackets,"os_mon@test2"} 1 10127.0 0.0 11605 3408 8341.57142857143 7
stats: {load,"os_mon@test3"} 1 1.25 0.0 1.8515625 1.12890625 1.34619140625 8
stats: {cpu,"os_mon@test2"} 1 61.13129216398547 0.0 64.45473251028807 6.831983805668017 47.285706292581104 8
stats: {recvpackets,"os_mon@test4"} 1 13736.0 0.0 17254 4969 12123.142857142857 7
stats: {sentpackets,"os_mon@test4"} 1 10154.0 0.0 11575 3383 8324.142857142857 7
stats: {freemem,"os_mon@test3"} 1 1201.984375 0.0 1379.609375 1201.984375 1336.86572265625 8
stats: {cpu,"os_mon@test4"} 1 55.04869297796002 0.0 61.42557651991615 3.7897928246589183 42.27737042327948 8
stats: {load,"os_mon@myserver"} 1 5.6484375 0.0 5.94921875 4.8203125 5.278459821428571 7
stats: {recvpackets,"os_mon@myserver"} 1 17558.0 0.0 18907 5062 13261.5 6
stats: {sentpackets,"os_mon@myserver"} 1 12777.0 0.0 12777 3449 9079.666666666666 6
stats: {cpu,"os_mon@myserver"} 1 77.14669051878354 0.0 77.90723235876017 5.243064392975312 57.76040662015878 7
stats: session 2720 15941.360648480584 8745.737034586118 47954.01904296875 18.35107421875 6890.4854837560515 17955
stats: users_count 2782 26235
stats: finish_users_count 2720 20675
stats: request 28838 1709.4315182414482 3159.683656973859 61084.43017578125 1.125 785.1873587250824 201819
stats: page 2689 15924.97556260387 8746.353946135861 47952.141845703125 17.205078125 6850.912363164973 17888
stats: connect 28747 272.67361221422635 432.0508882106323 15228.641845703125 0.408935546875 234.38927203443163 205991
stats: 200 27997 223262
stats: size_rcv 3389074 28304462
stats: newphase 6 48
stats: size_sent 3813533 31152164
stats: connected -94 4076
# stats: dump at 1339075476
stats: users 5760 6065
stats: {load,"os_mon@test2"} 1 1.23046875 0.0 1.5 0.87890625 1.1558159722222223 9
stats: {recvpackets,"os_mon@test3"} 1 14028.0 0.0 17242 4973 12385.125 8
stats: {sentpackets,"os_mon@test3"} 1 10512.0 0.0 11563 3386 8595.875 8
stats: {freemem,"os_mon@test2"} 1 1300.4375 0.0 1526.2890625 1300.4375 1462.0147569444443 9
stats: {load,"os_mon@test4"} 1 1.1796875 0.0 1.2109375 0.76171875 1.0134548611111112 9
stats: {cpu,"os_mon@test3"} 1 64.1213389121339 0.0 68.18881477680861 3.5931174089068825 45.91308113856715 9
stats: {freemem,"os_mon@test4"} 1 1294.03515625 0.0 1532.31640625 1294.03515625 1469.8485243055557 9
stats: {freemem,"os_mon@myserver"} 1 1303.34375 0.0 1335.91015625 1302.07421875 1319.41552734375 8
stats: {recvpackets,"os_mon@test2"} 1 14127.0 0.0 17306 5003 12341.125 8
stats: {sentpackets,"os_mon@test2"} 1 10569.0 0.0 11605 3408 8564.75 8
stats: {load,"os_mon@test3"} 1 1.44140625 0.0 1.8515625 1.12890625 1.3355034722222223 9
stats: {cpu,"os_mon@test2"} 1 61.48337595907929 0.0 64.45473251028807 6.831983805668017 48.82410472273714 9
stats: {recvpackets,"os_mon@test4"} 1 14209.0 0.0 17254 4969 12324.75 8
stats: {sentpackets,"os_mon@test4"} 1 10613.0 0.0 11575 3383 8552.875 8
stats: {freemem,"os_mon@test3"} 1 1163.87890625 0.0 1379.609375 1163.87890625 1321.87890625 9
stats: {cpu,"os_mon@test4"} 1 71.79619145651056 0.0 71.79619145651056 3.7897928246589183 43.69640626268843 9
stats: {load,"os_mon@myserver"} 1 5.25 0.0 5.94921875 4.8203125 5.32470703125 8
stats: {recvpackets,"os_mon@myserver"} 1 14476.0 0.0 18907 5062 13875.285714285714 7
stats: {sentpackets,"os_mon@myserver"} 1 10873.0 0.0 12777 3449 9607.857142857143 7
stats: {cpu,"os_mon@myserver"} 1 74.62200511746919 0.0 77.90723235876017 5.243064392975312 60.18369210748688 8
stats: session 2954 17403.362649988623 10101.004589191405 62648.7109375 18.35107421875 8081.217307120053 20675
stats: users_count 3154 29389
stats: finish_users_count 2954 23629
stats: 200 28870 252132
stats: request 30731 1837.2614289765029 3490.5248126596025 61084.43017578125 1.125 900.7414198293756 230657
stats: page 2971 17308.700522449413 10048.689700878514 61228.93994140625 17.205078125 8036.709901352813 20577
stats: connect 31130 348.2917231936265 511.5493686869859 15228.641845703125 0.408935546875 239.07773290207368 234738
stats: size_rcv 3544038 31848500
stats: newphase 6 54
stats: size_sent 4130440 35282604
stats: connected 398 4474
# stats: dump at 1339075486
stats: users 6633 6633
stats: {load,"os_mon@test2"} 1 1.26953125 0.0 1.5 0.87890625 1.16328125 10
stats: {recvpackets,"os_mon@test3"} 1 15756.0 0.0 17242 4973 12567.666666666666 9
stats: {sentpackets,"os_mon@test3"} 1 11796.0 0.0 11796 3386 8808.777777777777 9
stats: {freemem,"os_mon@test2"} 1 1249.359375 0.0 1526.2890625 1249.359375 1445.85703125 10
stats: {load,"os_mon@test4"} 1 1.21875 0.0 1.21875 0.76171875 1.030078125 10
stats: {cpu,"os_mon@test3"} 1 77.54997437211686 0.0 77.54997437211686 3.5931174089068825 47.73390691592382 10
stats: {freemem,"os_mon@test4"} 1 1268.3671875 0.0 1532.31640625 1268.3671875 1452.2671875 10
stats: {freemem,"os_mon@myserver"} 1 1300.9765625 0.0 1335.91015625 1300.9765625 1317.6297743055557 9
stats: {recvpackets,"os_mon@test2"} 1 15598.0 0.0 17306 5003 12539.555555555555 9
stats: {sentpackets,"os_mon@test2"} 1 11657.0 0.0 11657 3408 8787.444444444445 9
stats: {load,"os_mon@test3"} 1 1.69921875 0.0 1.8515625 1.12890625 1.34609375 10
stats: {cpu,"os_mon@test2"} 1 65.40623403168114 0.0 65.40623403168114 6.831983805668017 50.09003184637136 10
stats: {recvpackets,"os_mon@test4"} 1 15645.0 0.0 17254 4969 12534.111111111111 9
stats: {sentpackets,"os_mon@test4"} 1 11684.0 0.0 11684 3383 8781.777777777777 9
stats: {freemem,"os_mon@test3"} 1 1088.3828125 0.0 1379.609375 1088.3828125 1306.07890625 10
stats: {cpu,"os_mon@test4"} 1 56.5599173553719 0.0 71.79619145651056 3.7897928246589183 46.50638478207064 10
stats: {load,"os_mon@myserver"} 1 5.44921875 0.0 5.94921875 4.8203125 5.31640625 9
stats: {recvpackets,"os_mon@myserver"} 1 18777.0 0.0 18907 5062 13950.375 8
stats: {sentpackets,"os_mon@myserver"} 1 14110.0 0.0 14110 3449 9766.0 8
stats: {cpu,"os_mon@myserver"} 1 76.79376793767938 0.0 77.90723235876017 5.243064392975312 61.78794910859602 9
stats: session 2876 17691.100090186002 10699.696873173629 87623.287109375 18.35107421875 9246.633420490647 23629
stats: users_count 3749 33138
stats: finish_users_count 2876 26505
stats: 200 28156 280288
stats: size_rcv 3467444 35315944
stats: newphase 6 60
stats: size_sent 4041322 39323926
stats: connected 549 5023
stats: connect 30456 353.1487520547057 504.8898608463028 15228.641845703125 0.408935546875 251.8654001571628 265868
stats: page 2917 17772.508422558618 10695.765618841406 87621.85498046875 17.205078125 9206.536813841261 23548
stats: request 29903 1832.1600851705666 3588.7366056078126 61084.43017578125 1.125 1010.8466901596905 261388
# stats: dump at 1339075496
stats: users 6477 6695
stats: {load,"os_mon@test2"} 1 1.37890625 0.0 1.5 0.87890625 1.1729403409090908 11
stats: {recvpackets,"os_mon@test3"} 1 15968.0 0.0 17242 4973 12886.5 10
stats: {sentpackets,"os_mon@test3"} 1 11926.0 0.0 11926 3386 9107.5 10
stats: {freemem,"os_mon@test2"} 1 1206.765625 0.0 1526.2890625 1206.765625 1427.9936079545455 11
stats: {load,"os_mon@test4"} 1 1.19140625 0.0 1.21875 0.76171875 1.0472301136363635 11
stats: {cpu,"os_mon@test3"} 1 72.15059308922125 0.0 77.54997437211686 3.5931174089068825 50.44445850285046 11
stats: {freemem,"os_mon@test4"} 1 1222.91015625 0.0 1532.31640625 1222.91015625 1435.5490056818182 11
stats: {freemem,"os_mon@myserver"} 1 1295.453125 0.0 1335.91015625 1295.453125 1315.964453125 10
stats: {recvpackets,"os_mon@test2"} 1 16077.0 0.0 17306 5003 12845.4 10
stats: {sentpackets,"os_mon@test2"} 1 12033.0 0.0 12033 3408 9074.4 10
stats: {load,"os_mon@test3"} 1 1.6796875 0.0 1.8515625 1.12890625 1.3781960227272727 11
stats: {cpu,"os_mon@test2"} 1 67.68831168831169 0.0 67.68831168831169 6.831983805668017 51.4824138632177 11
stats: {recvpackets,"os_mon@test4"} 1 16035.0 0.0 17254 4969 12845.2 10
stats: {sentpackets,"os_mon@test4"} 1 12014.0 0.0 12014 3383 9072.0 10
stats: {freemem,"os_mon@test3"} 1 1046.1484375 0.0 1379.609375 1046.1484375 1286.2883522727273 11
stats: {cpu,"os_mon@test4"} 1 60.95287415846712 0.0 71.79619145651056 3.7897928246589183 47.420342288734396 11
stats: {load,"os_mon@myserver"} 1 5.8203125 0.0 5.94921875 4.8203125 5.3296875 10
stats: {recvpackets,"os_mon@myserver"} 1 19613.0 0.0 19613 5062 14486.666666666666 9
stats: {sentpackets,"os_mon@myserver"} 1 14948.0 0.0 14948 3449 10248.666666666666 9
stats: {cpu,"os_mon@myserver"} 1 76.62105889351577 0.0 77.90723235876017 5.243064392975312 63.28853099150435 10
stats: session 2919 18277.807283637383 11619.077913908219 87623.287109375 18.35107421875 10162.92416344646 26505
stats: users_count 2763 35901
stats: finish_users_count 2919 29424
stats: request 30076 1875.9467261469522 3694.72152532396 61084.43017578125 1.125 1095.1600896502696 291291
stats: page 2888 18210.326609857213 11574.43144683617 87621.85498046875 17.205078125 10150.68717026025 26465
stats: connect 30408 316.31804475731616 532.1753502872415 15228.641845703125 0.408935546875 262.27524129521294 296324
stats: 200 27575 307863
stats: size_rcv 3448790 38764734
stats: newphase 6 66
stats: size_sent 4036076 43360002
stats: connected 329 5352
# stats: dump at 1339075506
stats: users 6189 7038
stats: {load,"os_mon@test2"} 1 1.171875 0.0 1.5 0.87890625 1.1901041666666667 12
stats: {recvpackets,"os_mon@test3"} 1 14935.0 0.0 17242 4973 13166.636363636364 11
stats: {sentpackets,"os_mon@test3"} 1 11431.0 0.0 11926 3386 9363.727272727272 11
stats: {freemem,"os_mon@test2"} 1 1170.92578125 0.0 1526.2890625 1170.92578125 1409.5579427083333 12
stats: {load,"os_mon@test4"} 1 1.1484375 0.0 1.21875 0.76171875 1.0592447916666665 12
stats: {cpu,"os_mon@test3"} 1 61.02564102564103 0.0 77.54997437211686 3.5931174089068825 52.25330305171469 12
stats: {freemem,"os_mon@test4"} 1 1161.328125 0.0 1532.31640625 1161.328125 1417.8291015625 12
stats: {freemem,"os_mon@myserver"} 1 1291.6953125 0.0 1335.91015625 1291.6953125 1314.0997869318182 11
stats: {recvpackets,"os_mon@test2"} 1 15015.0 0.0 17306 5003 13139.181818181818 11
stats: {sentpackets,"os_mon@test2"} 1 11485.0 0.0 12033 3408 9343.363636363636 11
stats: {load,"os_mon@test3"} 1 1.96875 0.0 1.96875 1.12890625 1.4033203125 12
stats: {cpu,"os_mon@test2"} 1 66.44295302013423 0.0 67.68831168831169 6.831983805668017 52.83290534864221 12
stats: {recvpackets,"os_mon@test4"} 1 15046.0 0.0 17254 4969 13135.181818181818 11
stats: {sentpackets,"os_mon@test4"} 1 11498.0 0.0 12014 3383 9339.454545454546 11
stats: {freemem,"os_mon@test3"} 1 1024.359375 0.0 1379.609375 1024.359375 1266.2766927083333 12
stats: {cpu,"os_mon@test4"} 1 67.05882352941175 0.0 71.79619145651056 3.7897928246589183 48.548053277878786 12
stats: {load,"os_mon@myserver"} 1 5.23046875 0.0 5.94921875 4.8203125 5.3742897727272725 11
stats: {recvpackets,"os_mon@myserver"} 1 20083.0 0.0 20083 5062 14999.3 10
stats: {sentpackets,"os_mon@myserver"} 1 15176.0 0.0 15176 3449 10718.6 10
stats: {cpu,"os_mon@myserver"} 1 75.0791974656811 0.0 77.90723235876017 5.243064392975312 64.5005789825963 11
stats: session 2846 19843.52919341979 12447.701897670395 87623.287109375 18.35107421875 10967.958959117928 29424
stats: users_count 2558 38459
stats: finish_users_count 2846 32270
stats: request 30424 2116.6124707005697 4051.5914620099215 64977.043212890625 1.125 1168.2321190723144 321367
stats: 200 28778 336641
stats: page 2856 19830.947400603345 12429.69072101648 87621.85498046875 17.205078125 10943.663653125921 29353
stats: connect 29652 332.16292393456587 461.93092753750085 15228.641845703125 0.408935546875 267.3048483360771 326732
stats: size_rcv 3489268 42254002
stats: newphase 6 72
stats: size_sent 3933809 47293811
stats: connected -774 4578
# stats: dump at 1339075516
stats: users 6507 7038
stats: {load,"os_mon@test2"} 1 1.390625 0.0 1.5 0.87890625 1.1887019230769231 13
stats: {recvpackets,"os_mon@test3"} 1 15499.0 0.0 17242 4973 13314.0 12
stats: {sentpackets,"os_mon@test3"} 1 11965.0 0.0 11965 3386 9536.0 12
stats: {freemem,"os_mon@test2"} 1 1109.9453125 0.0 1526.2890625 1109.9453125 1391.2016225961538 13
stats: {load,"os_mon@test4"} 1 1.37109375 0.0 1.37109375 0.76171875 1.0661057692307692 13
stats: {cpu,"os_mon@test3"} 1 70.929635336415 0.0 77.54997437211686 3.5931174089068825 52.92809828047825 13
stats: {freemem,"os_mon@test4"} 1 1134.7578125 0.0 1532.31640625 1134.7578125 1398.0982572115386 13
stats: {freemem,"os_mon@myserver"} 1 1291.3515625 0.0 1335.91015625 1291.3515625 1312.2327473958333 12
stats: {recvpackets,"os_mon@test2"} 1 15531.0 0.0 17306 5003 13295.5 12
stats: {sentpackets,"os_mon@test2"} 1 11996.0 0.0 12033 3408 9521.833333333334 12
stats: {load,"os_mon@test3"} 1 2.03125 0.0 2.03125 1.12890625 1.4468149038461537 13
stats: {cpu,"os_mon@test2"} 1 76.40449438202246 0.0 76.40449438202246 6.831983805668017 53.87983209260313 13
stats: {recvpackets,"os_mon@test4"} 1 15396.0 0.0 17254 4969 13294.416666666666 12
stats: {sentpackets,"os_mon@test4"} 1 11853.0 0.0 12014 3383 9519.333333333334 12
stats: {freemem,"os_mon@test3"} 1 965.28515625 0.0 1379.609375 965.28515625 1247.6676682692307 13
stats: {cpu,"os_mon@test4"} 1 60.371517027863774 0.0 71.79619145651056 3.7897928246589183 49.97195868184286 13
stats: {load,"os_mon@myserver"} 1 5.21875 0.0 5.94921875 4.8203125 5.3623046875 12
stats: {recvpackets,"os_mon@myserver"} 1 17844.0 0.0 20083 5062 15461.454545454546 11
stats: {sentpackets,"os_mon@myserver"} 1 13934.0 0.0 15176 3449 11123.818181818182 11
stats: {cpu,"os_mon@myserver"} 1 75.88597842835131 0.0 77.90723235876017 5.243064392975312 65.38213052285336 12
stats: session 3009 20344.053066630215 12915.531364047043 88638.73583984375 18.35107421875 11750.725395028157 32270
stats: users_count 3327 41786
stats: finish_users_count 3009 35279
stats: request 29895 2033.0990490888032 4373.766956502557 80022.84399414063 1.125 1250.2510559352188 351791
stats: page 3008 20378.267020611056 12930.674688117715 87621.85498046875 17.205078125 11731.706820650386 32209
stats: connect 29761 319.0667944911007 544.0880739218723 15228.641845703125 0.408935546875 272.70119513516573 356384
stats: 200 28536 365177
stats: size_rcv 3474648 45728650
stats: newphase 3 75
stats: size_sent 3948216 51242027
stats: connected -135 4443
# stats: dump at 1339075526
stats: users 7153 7153
stats: {load,"os_mon@test2"} 1 1.171875 0.0 1.5 0.87890625 1.203125 14
stats: {recvpackets,"os_mon@test3"} 1 16192.0 0.0 17242 4973 13482.076923076924 13
stats: {sentpackets,"os_mon@test3"} 1 12554.0 0.0 12554 3386 9722.846153846154 13
stats: {freemem,"os_mon@test2"} 1 1067.91796875 0.0 1526.2890625 1067.91796875 1371.1118861607142 14
stats: {load,"os_mon@test4"} 1 1.23828125 0.0 1.37109375 0.76171875 1.087890625 14
stats: {cpu,"os_mon@test3"} 1 76.33860275369709 0.0 77.54997437211686 3.5931174089068825 54.213922355902305 14
stats: {freemem,"os_mon@test4"} 1 1090.703125 0.0 1532.31640625 1090.703125 1379.2882254464287 14
stats: {freemem,"os_mon@myserver"} 0 0 0 1335.91015625 1291.3515625 1310.6265024038462 13
stats: {recvpackets,"os_mon@test2"} 1 16185.0 0.0 17306 5003 13467.461538461539 13
stats: {sentpackets,"os_mon@test2"} 1 12533.0 0.0 12533 3408 9712.153846153846 13
stats: {load,"os_mon@test3"} 1 2.48046875 0.0 2.48046875 1.12890625 1.4885602678571428 14
stats: {cpu,"os_mon@test2"} 1 63.014403292181065 0.0 76.40449438202246 6.831983805668017 55.488736541847366 14
stats: {recvpackets,"os_mon@test4"} 1 16338.0 0.0 17254 4969 13456.076923076924 13
stats: {sentpackets,"os_mon@test4"} 1 12685.0 0.0 12685 3383 9698.846153846154 13
stats: {freemem,"os_mon@test3"} 1 902.3515625 0.0 1379.609375 902.3515625 1227.4974888392858 14
stats: {cpu,"os_mon@test4"} 1 59.73154362416108 0.0 71.79619145651056 3.7897928246589183 50.714784277987214 14
stats: {load,"os_mon@myserver"} 0 0 0 5.94921875 4.8203125 5.351262019230769 13
stats: {recvpackets,"os_mon@myserver"} 0 0 0 20083 5062 15660.0 12
stats: {sentpackets,"os_mon@myserver"} 0 0 0 15176 3449 11358.0 12
stats: {cpu,"os_mon@myserver"} 0 0 0 77.90723235876017 5.243064392975312 66.19011882327628 13
stats: session 2918 20195.870507578238 13520.938986007828 98713.55712890625 18.35107421875 12483.66348748686 35279
stats: users_count 3564 45350
stats: finish_users_count 2918 38197
stats: request 29999 2148.4087048832544 4533.554601694884 91183.9140625 1.125 1311.5664847309472 381686
stats: page 2917 20095.730811735335 13451.295409753071 98712.31811523438 17.205078125 12470.23801528598 35217
stats: connect 31149 337.02168268782276 493.5669717600379 15228.641845703125 0.408935546875 276.2746885183042 386145
stats: 200 28807 393984
stats: size_rcv 3444648 49173298
stats: newphase 5 80
stats: size_sent 4133841 55375868
stats: connected 1148 5591
# stats: dump at 1339075536
stats: users 6573 7651
stats: {load,"os_mon@test2"} 1 1.359375 0.0 1.5 0.87890625 1.2010416666666666 15
stats: {recvpackets,"os_mon@test3"} 1 18468.0 0.0 18468 4973 13675.642857142857 14
stats: {sentpackets,"os_mon@test3"} 1 14034.0 0.0 14034 3386 9925.07142857143 14
stats: {freemem,"os_mon@test2"} 1 1005.73046875 0.0 1526.2890625 1005.73046875 1350.8989583333334 15
stats: {load,"os_mon@test4"} 1 1.12890625 0.0 1.37109375 0.76171875 1.0979166666666667 15
stats: {cpu,"os_mon@test3"} 1 74.33943089430895 0.0 77.54997437211686 3.5931174089068825 55.68890104908862 15
stats: {freemem,"os_mon@test4"} 1 1035.63671875 0.0 1532.31640625 1035.63671875 1360.04921875 15
stats: {freemem,"os_mon@myserver"} 1 1284.83203125 0.0 1335.91015625 1284.83203125 1310.6265024038462 13
stats: {recvpackets,"os_mon@test2"} 1 1.85e4 0.0 18500 5003 13661.57142857143 14
stats: {sentpackets,"os_mon@test2"} 1 14065.0 0.0 14065 3408 9913.642857142857 14
stats: {load,"os_mon@test3"} 1 2.3984375 0.0 2.48046875 1.12890625 1.5546875 15
stats: {cpu,"os_mon@test2"} 1 69.99490575649516 0.0 76.40449438202246 6.831983805668017 55.99044765853628 15
stats: {recvpackets,"os_mon@test4"} 1 18514.0 0.0 18514 4969 13661.92857142857 14
stats: {sentpackets,"os_mon@test4"} 1 14084.0 0.0 14084 3383 9912.142857142857 14
stats: {freemem,"os_mon@test3"} 1 841.390625 0.0 1379.609375 841.390625 1205.82109375 15
stats: {cpu,"os_mon@test4"} 1 61.76470588235294 0.0 71.79619145651056 3.7897928246589183 51.31590156773213 15
stats: {load,"os_mon@myserver"} 1 5.640625 0.0 5.94921875 4.8203125 5.351262019230769 13
stats: {recvpackets,"os_mon@myserver"} 1 20459.0 0.0 20459 5062 15660.0 12
stats: {sentpackets,"os_mon@myserver"} 1 15438.0 0.0 15438 3449 11358.0 12
stats: {cpu,"os_mon@myserver"} 1 76.36439966414777 0.0 77.90723235876017 5.243064392975312 66.19011882327628 13
stats: session 3049 22066.832476932705 15040.99285337703 109076.95190429688 18.35107421875 13072.82546577381 38197
stats: users_count 2469 47819
stats: finish_users_count 3049 41246
stats: 200 27393 421377
stats: request 30090 2357.028141714195 4731.515394075933 101076.22998046875 1.125 1372.5461895109345 411685
stats: connect 28867 374.8371469462858 549.7061380069736 15228.641845703125 0.408935546875 280.8091609080015 417294
stats: page 3025 22106.06798715135 15037.782782011947 109075.21606445313 17.205078125 13053.538022818439 38134
stats: size_rcv 3326552 52499850
stats: newphase 4 84
stats: size_sent 3831249 59207117
stats: connected -1223 4368
# stats: dump at 1339075546
stats: users 7731 8071
stats: {load,"os_mon@test2"} 1 1.44921875 0.0 1.5 0.87890625 1.2109375 16
stats: {recvpackets,"os_mon@test3"} 1 14433.0 0.0 18468 4973 13995.133333333333 15
stats: {sentpackets,"os_mon@test3"} 1 11779.0 0.0 14034 3386 10199.0 15
stats: {freemem,"os_mon@test2"} 1 943.60546875 0.0 1526.2890625 943.60546875 1329.325927734375 16
stats: {load,"os_mon@test4"} 1 1.6484375 0.0 1.6484375 0.76171875 1.099853515625 16
stats: {cpu,"os_mon@test3"} 1 66.27491057741442 0.0 77.54997437211686 3.5931174089068825 56.854559164414894 16
stats: {freemem,"os_mon@test4"} 1 1016.0078125 0.0 1532.31640625 1016.0078125 1339.7734375 16
stats: {freemem,"os_mon@myserver"} 1 1278.78125 0.0 1335.91015625 1278.78125 1308.7840401785713 14
stats: {recvpackets,"os_mon@test2"} 1 14779.0 0.0 18500 5003 13984.133333333333 15
stats: {sentpackets,"os_mon@test2"} 1 12040.0 0.0 14065 3408 10190.4 15
stats: {load,"os_mon@test3"} 1 2.55859375 0.0 2.55859375 1.12890625 1.607421875 16
stats: {cpu,"os_mon@test2"} 1 77.45490981963928 0.0 77.45490981963928 6.831983805668017 56.86572628965872 16
stats: {recvpackets,"os_mon@test4"} 1 14005.0 0.0 18514 4969 13985.4 15
stats: {sentpackets,"os_mon@test4"} 1 11501.0 0.0 14084 3383 10190.266666666666 15
stats: {freemem,"os_mon@test3"} 1 798.25 0.0 1379.609375 798.25 1183.044189453125 16
stats: {cpu,"os_mon@test4"} 1 51.011935651271415 0.0 71.79619145651056 3.7897928246589183 51.968951837395934 16
stats: {load,"os_mon@myserver"} 1 5.80078125 0.0 5.94921875 4.8203125 5.371930803571429 14
stats: {recvpackets,"os_mon@myserver"} 1 17085.0 0.0 20459 5062 16029.153846153846 13
stats: {sentpackets,"os_mon@myserver"} 1 13822.0 0.0 15438 3449 11671.846153846154 13
stats: {cpu,"os_mon@myserver"} 1 75.55698371893745 0.0 77.90723235876017 5.243064392975312 66.91685316905281 14
stats: session 2545 22530.707202196398 14022.781885693148 119358.751953125 18.35107421875 13737.683327797364 41246
stats: users_count 3703 51522
stats: finish_users_count 2545 43791
stats: request 29918 2262.9640978309358 4947.846841807823 114627.6630859375 1.125 1439.6008257891217 441775
stats: page 2576 22433.812708505196 14037.10486882397 119356.08984375 17.205078125 13718.857956298529 41159
stats: connect 31580 387.65344293170347 576.2128010903434 16457.843994140625 0.408935546875 286.89285238477146 446161
stats: 200 28173 449550
stats: size_rcv 3349810 55849660
stats: newphase 5 89
stats: size_sent 4191009 63398126
stats: connected 1661 6029
# stats: dump at 1339075556
stats: users 7673 8071
stats: {load,"os_mon@test2"} 1 1.609375 0.0 1.609375 0.87890625 1.224954044117647 17
stats: {recvpackets,"os_mon@test3"} 1 17265.0 0.0 18468 4973 14022.5 16
stats: {sentpackets,"os_mon@test3"} 1 13533.0 0.0 14034 3386 10297.75 16
stats: {freemem,"os_mon@test2"} 1 854.93359375 0.0 1526.2890625 854.93359375 1306.6364889705883 17
stats: {load,"os_mon@test4"} 1 2.0 0.0 2.0 0.76171875 1.1321231617647058 17
stats: {cpu,"os_mon@test3"} 1 64.47300771208226 0.0 77.54997437211686 3.5931174089068825 57.40869748282663 17
stats: {freemem,"os_mon@test4"} 1 978.31640625 0.0 1532.31640625 978.31640625 1320.7284007352941 17
stats: {freemem,"os_mon@myserver"} 1 1277.7734375 0.0 1335.91015625 1277.7734375 1306.7838541666667 15
stats: {recvpackets,"os_mon@test2"} 1 17243.0 0.0 18500 5003 14033.8125 16
stats: {sentpackets,"os_mon@test2"} 1 13523.0 0.0 14065 3408 10306.0 16
stats: {load,"os_mon@test3"} 1 2.41015625 0.0 2.55859375 1.12890625 1.6633731617647058 17
stats: {cpu,"os_mon@test2"} 1 80.71428571428572 0.0 80.71428571428572 6.831983805668017 58.07685473259875 17
stats: {recvpackets,"os_mon@test4"} 1 17549.0 0.0 18514 4969 13986.625 16
stats: {sentpackets,"os_mon@test4"} 1 13693.0 0.0 14084 3383 10272.1875 16
stats: {freemem,"os_mon@test3"} 1 759.64453125 0.0 1379.609375 759.64453125 1160.409237132353 17
stats: {cpu,"os_mon@test4"} 1 60.40372670807454 0.0 71.79619145651056 3.7897928246589183 51.9126567676239 17
stats: {load,"os_mon@myserver"} 1 6.19921875 0.0 6.19921875 4.8203125 5.400520833333333 15
stats: {recvpackets,"os_mon@myserver"} 1 21307.0 0.0 21307 5062 16104.57142857143 14
stats: {sentpackets,"os_mon@myserver"} 1 16872.0 0.0 16872 3449 11825.42857142857 14
stats: {cpu,"os_mon@myserver"} 1 75.04237288135593 0.0 77.90723235876017 5.243064392975312 67.49286187237846 15
stats: session 3082 23237.253141349902 15914.455402058 133978.77001953125 18.35107421875 14248.707185675594 43791
stats: users_count 3024 54546
stats: finish_users_count 3082 46873
stats: request 30461 2404.7358322776945 4828.494975858035 114627.6630859375 1.125 1491.8241625207395 471693
stats: page 3059 23193.808048324332 15850.741511099608 133977.38208007813 17.205078125 14232.170484975431 43735
stats: connect 30094 378.6679596557727 616.042306406327 16457.843994140625 0.408935546875 293.5534058006853 477741
stats: 200 26980 476530
stats: size_rcv 3428692 59278352
stats: newphase 6 95
stats: size_sent 3994303 67392429
stats: connected -368 5661
# stats: dump at 1339075566
stats: users 7408 8071
stats: {load,"os_mon@test2"} 1 1.73828125 0.0 1.73828125 0.87890625 1.2463107638888888 18
stats: {recvpackets,"os_mon@test3"} 1 19743.0 0.0 19743 4973 14213.235294117647 17
stats: {sentpackets,"os_mon@test3"} 1 15341.0 0.0 15341 3386 10488.058823529413 17
stats: {freemem,"os_mon@test2"} 1 836.5390625 0.0 1526.2890625 836.5390625 1281.5418836805557 18
stats: {load,"os_mon@test4"} 1 1.98828125 0.0 2.0 0.76171875 1.1803385416666667 18
stats: {cpu,"os_mon@test3"} 1 62.72586473928756 0.0 77.54997437211686 3.5931174089068825 57.80115916222972 18
stats: {freemem,"os_mon@test4"} 1 887.921875 0.0 1532.31640625 887.921875 1301.7055121527778 18
stats: {freemem,"os_mon@myserver"} 1 1277.46875 0.0 1335.91015625 1277.46875 1304.970703125 16
stats: {recvpackets,"os_mon@test2"} 1 19643.0 0.0 19643 5003 14222.588235294117 17
stats: {sentpackets,"os_mon@test2"} 1 15267.0 0.0 15267 3408 10495.235294117647 17
stats: {load,"os_mon@test3"} 1 2.33984375 0.0 2.55859375 1.12890625 1.7048611111111112 18
stats: {cpu,"os_mon@test2"} 1 67.21649484536083 0.0 80.71428571428572 6.831983805668017 59.33448978713692 18
stats: {recvpackets,"os_mon@test4"} 1 19037.0 0.0 19037 4969 14196.176470588236 17
stats: {sentpackets,"os_mon@test4"} 1 14891.0 0.0 14891 3383 10473.411764705883 17
stats: {freemem,"os_mon@test3"} 1 725.4453125 0.0 1379.609375 725.4453125 1138.14453125 18
stats: {cpu,"os_mon@test4"} 1 82.09183673469389 0.0 82.09183673469389 3.7897928246589183 52.38438287542672 18
stats: {load,"os_mon@myserver"} 1 6.5390625 0.0 6.5390625 4.8203125 5.450439453125 16
stats: {recvpackets,"os_mon@myserver"} 1 22676.0 0.0 22676 5062 16451.4 15
stats: {sentpackets,"os_mon@myserver"} 1 17877.0 0.0 17877 3449 12161.866666666667 15
stats: {cpu,"os_mon@myserver"} 1 76.0959651035987 0.0 77.90723235876017 5.243064392975312 67.96470631043955 16
stats: session 3009 24538.546589804144 15589.983073850963 133978.77001953125 18.35107421875 14839.723306585034 46873
stats: users_count 2744 57290
stats: finish_users_count 3009 49882
stats: request 29840 2472.070374598783 4723.608965748392 114627.6630859375 1.125 1547.2019995437774 502154
stats: page 3017 24583.603332256567 15598.49911965658 133977.38208007813 17.205078125 14818.007329576967 46794
stats: connect 29704 366.10950858529645 553.4789488122843 16457.843994140625 0.408935546875 298.5972436293403 507835
stats: 200 26093 502623
stats: size_rcv 3330128 62608480
stats: newphase 4 99
stats: size_sent 3941688 71334117
stats: connected -136 5525
# stats: dump at 1339075576
stats: users 7722 8071
stats: {load,"os_mon@test2"} 1 2.03125 0.0 2.03125 0.87890625 1.272203947368421 19
stats: {recvpackets,"os_mon@test3"} 1 14458.0 0.0 19743 4973 14520.444444444445 18
stats: {sentpackets,"os_mon@test3"} 1 12035.0 0.0 15341 3386 10757.666666666666 18
stats: {freemem,"os_mon@test2"} 1 769.74609375 0.0 1526.2890625 769.74609375 1258.1206825657894 19
stats: {load,"os_mon@test4"} 1 1.83984375 0.0 2.0 0.76171875 1.222861842105263 19
stats: {cpu,"os_mon@test3"} 1 62.704918032786885 0.0 77.54997437211686 3.5931174089068825 58.06035419260119 19
stats: {freemem,"os_mon@test4"} 1 867.6015625 0.0 1532.31640625 867.6015625 1279.927425986842 19
stats: {freemem,"os_mon@myserver"} 1 1275.8046875 0.0 1335.91015625 1275.8046875 1303.3529411764705 17
stats: {recvpackets,"os_mon@test2"} 1 14446.0 0.0 19643 5003 14523.722222222223 18
stats: {sentpackets,"os_mon@test2"} 1 12040.0 0.0 15267 3408 10760.333333333334 18
stats: {load,"os_mon@test3"} 1 2.2109375 0.0 2.55859375 1.12890625 1.73828125 19
stats: {cpu,"os_mon@test2"} 1 72.51160391954615 0.0 80.71428571428572 6.831983805668017 59.74933215862239 19
stats: {recvpackets,"os_mon@test4"} 1 15087.0 0.0 19037 4969 14465.111111111111 18
stats: {sentpackets,"os_mon@test4"} 1 12450.0 0.0 14891 3383 10718.833333333334 18
stats: {freemem,"os_mon@test3"} 1 674.05078125 0.0 1379.609375 674.05078125 1116.423519736842 19
stats: {cpu,"os_mon@test4"} 1 59.100310237849015 0.0 82.09183673469389 3.7897928246589183 53.947933078546036 19
stats: {load,"os_mon@myserver"} 1 6.1015625 0.0 6.5390625 4.8203125 5.514476102941177 17
stats: {recvpackets,"os_mon@myserver"} 1 19229.0 0.0 22676 5062 16840.4375 16
stats: {sentpackets,"os_mon@myserver"} 1 15490.0 0.0 17877 3449 12519.0625 16
stats: {cpu,"os_mon@myserver"} 1 74.86785199423353 0.0 77.90723235876017 5.243064392975312 68.44301565121361 17
stats: session 2976 24588.014872889395 15371.477565609257 136121.72387695313 18.35107421875 15424.77922373363 49882
stats: users_count 3290 60580
stats: finish_users_count 2976 52858
stats: request 28966 2355.771939726005 5182.874145401429 114627.6630859375 1.125 1599.0786603926617 531994
stats: page 2983 24581.294003258037 15494.528665384762 136119.98706054688 17.205078125 15409.499231768941 49811
stats: connect 29135 327.76632346759965 486.27138344548075 16457.843994140625 0.408935546875 302.32792050720724 537539
stats: 200 26285 528908
stats: size_rcv 3345626 65954106
stats: newphase 6 105
stats: size_sent 3865762 75199879
stats: connected 168 5693
stats: error_abort 1 1
EndMonitor:{1339,75576,997269}
