# stats: dump at 1339061552
stats: users 0 0
# stats: dump at 1339061562
stats: users 0 6
stats: {load,"os_mon@test2"} 1 0.51171875 0 0.51171875 0.51171875 0 0
stats: {freemem,"os_mon@test2"} 1 1558.33203125 0 1558.33203125 1558.33203125 0 0
stats: {load,"os_mon@test4"} 1 0.08984375 0 0.08984375 0.08984375 0 0
stats: {cpu,"os_mon@test3"} 1 1.8108651911468814 0 1.8108651911468814 1.8108651911468814 0 0
stats: {freemem,"os_mon@test4"} 1 1561.96484375 0 1561.96484375 1561.96484375 0 0
stats: {freemem,"os_mon@myserver"} 1 2928.46875 0 2928.46875 2928.46875 0 0
stats: {load,"os_mon@test3"} 1 0.5 0 0.5 0.5 0 0
stats: {cpu,"os_mon@test2"} 1 3.8654618473895583 0 3.8654618473895583 3.8654618473895583 0 0
stats: {freemem,"os_mon@test3"} 1 1404.91015625 0 1404.91015625 1404.91015625 0 0
stats: {cpu,"os_mon@test4"} 1 2.0603015075376883 0 2.0603015075376883 2.0603015075376883 0 0
stats: {load,"os_mon@myserver"} 1 0.62109375 0 0.62109375 0.62109375 0 0
stats: {cpu,"os_mon@myserver"} 1 1.655379984951091 0 1.655379984951091 1.655379984951091 0 0
stats: session 885 11.742007084216102 3.217967566952524 56.375 8.1728515625 0 0
stats: users_count 885 885
stats: finish_users_count 885 885
stats: request 8660 0.8871267975064956 0.6712370667942187 17.760986328125 0.14501953125 0 0
stats: page 866 9.409191809955972 2.5579886479831937 37.751220703125 7.093994140625 0 0
stats: connect 866 1.2029254023527718 0.4398972411570459 6.25390625 0.557861328125 0 0
stats: 200 8660 8660
stats: size_rcv 3178220 3178220
stats: size_sent 1104600 1104600
stats: connected 0 0
# stats: dump at 1339061572
stats: users 2 12
stats: {load,"os_mon@test2"} 1 0.4296875 0.0 0.51171875 0.4296875 0.51171875 1
stats: {recvpackets,"os_mon@test3"} 1 4896 0 4896 4896 0 0
stats: {sentpackets,"os_mon@test3"} 1 3325 0 3325 3325 0 0
stats: {freemem,"os_mon@test2"} 1 1557.734375 0.0 1558.33203125 1557.734375 1558.33203125 1
stats: {load,"os_mon@test4"} 1 0.1484375 0.0 0.1484375 0.08984375 0.08984375 1
stats: {cpu,"os_mon@test3"} 1 7.874420998455996 0.0 7.874420998455996 1.8108651911468814 1.8108651911468814 1
stats: {freemem,"os_mon@test4"} 1 1561.28515625 0.0 1561.96484375 1561.28515625 1561.96484375 1
stats: {freemem,"os_mon@myserver"} 1 2927.39453125 0.0 2928.46875 2927.39453125 2928.46875 1
stats: {recvpackets,"os_mon@test2"} 1 4980 0 4980 4980 0 0
stats: {sentpackets,"os_mon@test2"} 1 3381 0 3381 3381 0 0
stats: {load,"os_mon@test3"} 1 0.5 0.0 0.5 0.5 0.5 1
stats: {cpu,"os_mon@test2"} 1 10.529019003595275 0.0 10.529019003595275 3.8654618473895583 3.8654618473895583 1
stats: {recvpackets,"os_mon@test4"} 1 4910 0 4910 4910 0 0
stats: {sentpackets,"os_mon@test4"} 1 3336 0 3336 3336 0 0
stats: {freemem,"os_mon@test3"} 1 1404.22265625 0.0 1404.91015625 1404.22265625 1404.91015625 1
stats: {cpu,"os_mon@test4"} 1 7.062436028659161 0.0 7.062436028659161 2.0603015075376883 2.0603015075376883 1
stats: {load,"os_mon@myserver"} 1 0.6796875 0.0 0.6796875 0.62109375 0.62109375 1
stats: {recvpackets,"os_mon@myserver"} 1 4964 0 4964 4964 0 0
stats: {sentpackets,"os_mon@myserver"} 1 3370 0 3370 3370 0 0
stats: {cpu,"os_mon@myserver"} 1 8.961802154750245 0.0 8.961802154750245 1.655379984951091 1.655379984951091 1
stats: session 1885 12.816562707228114 32.87430829245564 1011.322998046875 8.05810546875 11.742007084216102 885
stats: users_count 1887 2772
stats: finish_users_count 1885 2770
stats: request 18755 1.0248428544054968 10.37568431505492 1002.52099609375 0.1259765625 0.8871267975064956 8660
stats: page 1875 10.790381640624993 32.913098656835146 1009.680908203125 6.782958984375 9.409191809955972 866
stats: connect 1876 2.261559720232541 32.6286243912565 1001.613037109375 0.528076171875 1.2029254023527718 866
stats: 200 18755 27415
stats: size_rcv 6883085 10061305
stats: newphase 6 6
stats: size_sent 2398936 3503536
stats: connected 1 1
# stats: dump at 1339061582
stats: users 4 13
stats: {load,"os_mon@test2"} 1 0.44921875 0.0 0.51171875 0.4296875 0.470703125 2
stats: {recvpackets,"os_mon@test3"} 1 8977.0 0.0 8977 4896 4896.0 1
stats: {sentpackets,"os_mon@test3"} 1 6016.0 0.0 6016 3325 3325.0 1
stats: {freemem,"os_mon@test2"} 1 1557.37890625 0.0 1558.33203125 1557.37890625 1558.033203125 2
stats: {load,"os_mon@test4"} 1 0.12890625 0.0 0.1484375 0.08984375 0.119140625 2
stats: {cpu,"os_mon@test3"} 1 15.662029881504381 0.0 15.662029881504381 1.8108651911468814 4.8426430948014385 2
stats: {freemem,"os_mon@test4"} 1 1560.875 0.0 1561.96484375 1560.875 1561.625 2
stats: {freemem,"os_mon@myserver"} 1 2926.2109375 0.0 2928.46875 2926.2109375 2927.931640625 2
stats: {recvpackets,"os_mon@test2"} 1 8996.0 0.0 8996 4980 4980.0 1
stats: {sentpackets,"os_mon@test2"} 1 6028.0 0.0 6028 3381 3381.0 1
stats: {load,"os_mon@test3"} 1 0.421875 0.0 0.5 0.421875 0.5 2
stats: {cpu,"os_mon@test2"} 1 19.04517453798768 0.0 19.04517453798768 3.8654618473895583 7.197240425492417 2
stats: {recvpackets,"os_mon@test4"} 1 9004.0 0.0 9004 4910 4910.0 1
stats: {sentpackets,"os_mon@test4"} 1 6032.0 0.0 6032 3336 3336.0 1
stats: {freemem,"os_mon@test3"} 1 1403.73046875 0.0 1404.91015625 1403.73046875 1404.56640625 2
stats: {cpu,"os_mon@test4"} 1 15.868109222050489 0.0 15.868109222050489 2.0603015075376883 4.561368768098425 2
stats: {load,"os_mon@myserver"} 1 0.6484375 0.0 0.6796875 0.62109375 0.650390625 2
stats: {recvpackets,"os_mon@myserver"} 1 9001.0 0.0 9001 4964 4964.0 1
stats: {sentpackets,"os_mon@myserver"} 1 6030.0 0.0 6030 3370 3370.0 1
stats: {cpu,"os_mon@myserver"} 1 13.911143481427532 0.0 13.911143481427532 1.655379984951091 5.308591069850668 2
stats: session 2920 11.049006799149169 1.838588057616026 1011.322998046875 7.98486328125 12.47324800456904 2770
stats: users_count 2922 5694
stats: finish_users_count 2920 5690
stats: request 28568 0.8674433742107647 0.5087795763546322 1002.52099609375 0.1259765625 0.9813403538494015 27415
stats: page 2854 9.207181720693551 1.5369240525272494 1009.680908203125 6.760009765625 10.354004262529635 2741
stats: connect 2859 0.9949119010143389 0.3285080113270189 1001.613037109375 0.451904296875 1.9272135060516946 2742
stats: 200 28568 55983
stats: size_rcv 10484456 20545761
stats: newphase 6 12
stats: size_sent 3647104 7150640
stats: connected 5 6
# stats: dump at 1339061592
stats: users 7 21
stats: {load,"os_mon@test2"} 1 0.609375 0.0 0.609375 0.4296875 0.4635416666666667 3
stats: {recvpackets,"os_mon@test3"} 1 12778.0 0.0 12778 4896 6936.5 2
stats: {sentpackets,"os_mon@test3"} 1 8503.0 0.0 8503 3325 4670.5 2
stats: {freemem,"os_mon@test2"} 1 1557.21875 0.0 1558.33203125 1557.21875 1557.8151041666667 3
stats: {load,"os_mon@test4"} 1 0.1796875 0.0 0.1796875 0.08984375 0.12239583333333333 3
stats: {cpu,"os_mon@test3"} 1 22.736732570239333 0.0 22.736732570239333 1.8108651911468814 8.449105357035753 3
stats: {freemem,"os_mon@test4"} 1 1560.54296875 0.0 1561.96484375 1560.54296875 1561.375 3
stats: {freemem,"os_mon@myserver"} 1 2925.23828125 0.0 2928.46875 2925.23828125 2927.3580729166665 3
stats: {recvpackets,"os_mon@test2"} 1 12786.0 0.0 12786 4980 6988.0 2
stats: {sentpackets,"os_mon@test2"} 1 8513.0 0.0 8513 3381 4704.5 2
stats: {load,"os_mon@test3"} 1 0.51953125 0.0 0.51953125 0.421875 0.4739583333333333 3
stats: {cpu,"os_mon@test2"} 1 26.605968639352557 0.0 26.605968639352557 3.8654618473895583 11.14655179632417 3
stats: {recvpackets,"os_mon@test4"} 1 12772.0 0.0 12772 4910 6957.0 2
stats: {sentpackets,"os_mon@test4"} 1 8502.0 0.0 8502 3336 4684.0 2
stats: {freemem,"os_mon@test3"} 1 1403.49609375 0.0 1404.91015625 1403.49609375 1404.2877604166667 3
stats: {cpu,"os_mon@test4"} 1 20.639834881320947 0.0 20.639834881320947 2.0603015075376883 8.330282252749113 3
stats: {load,"os_mon@myserver"} 1 0.55078125 0.0 0.6796875 0.55078125 0.6497395833333334 3
stats: {recvpackets,"os_mon@myserver"} 1 12815.0 0.0 12815 4964 6982.5 2
stats: {sentpackets,"os_mon@myserver"} 1 8531.0 0.0 8531 3370 4.7e3 2
stats: {cpu,"os_mon@myserver"} 1 17.619970916141543 0.0 17.619970916141543 1.655379984951091 8.176108540376289 3
stats: session 3735 11.735955475548021 3.152175426502899 1011.322998046875 7.43212890625 11.742354450996805 5690
stats: users_count 3738 9432
stats: finish_users_count 3735 9425
stats: request 36850 0.9396663919394512 0.7713549750665198 1002.52099609375 0.1259765625 0.9232189792478872 55983
stats: page 3687 9.976436622232683 3.071729606192513 1009.680908203125 6.338134765625 9.769012031180184 5595
stats: connect 3686 0.9748068202531538 0.3172495125573038 1001.613037109375 0.451904296875 1.4513252202452671 5601
stats: 200 36850 92833
stats: size_rcv 13523950 34069711
stats: newphase 6 18
stats: size_sent 4706212 11856852
stats: connected -1 5
# stats: dump at 1339061602
stats: users 5 23
stats: {load,"os_mon@test2"} 1 0.671875 0.0 0.671875 0.4296875 0.5 4
stats: {recvpackets,"os_mon@test3"} 1 16739.0 0.0 16739 4896 8883.666666666666 3
stats: {sentpackets,"os_mon@test3"} 1 11073.0 0.0 11073 3325 5948.0 3
stats: {freemem,"os_mon@test2"} 1 1556.7578125 0.0 1558.33203125 1556.7578125 1557.666015625 4
stats: {load,"os_mon@test4"} 1 0.1484375 0.0 0.1796875 0.08984375 0.13671875 4
stats: {cpu,"os_mon@test3"} 1 29.750778816199375 0.0 29.750778816199375 1.8108651911468814 12.021012160336648 4
stats: {freemem,"os_mon@test4"} 1 1560.1640625 0.0 1561.96484375 1560.1640625 1561.1669921875 4
stats: {freemem,"os_mon@myserver"} 1 2924.6015625 0.0 2928.46875 2924.6015625 2926.828125 4
stats: {recvpackets,"os_mon@test2"} 1 16787.0 0.0 16787 4980 8920.666666666666 3
stats: {sentpackets,"os_mon@test2"} 1 1.11e4 0.0 11100 3381 5974.0 3
stats: {load,"os_mon@test3"} 1 0.44140625 0.0 0.51953125 0.421875 0.4853515625 4
stats: {cpu,"os_mon@test2"} 1 35.28528528528528 0.0 35.28528528528528 3.8654618473895583 15.011406007081266 4
stats: {recvpackets,"os_mon@test4"} 1 16748.0 0.0 16748 4910 8895.333333333334 3
stats: {sentpackets,"os_mon@test4"} 1 11082.0 0.0 11082 3336 5956.666666666667 3
stats: {freemem,"os_mon@test3"} 1 1403.3671875 0.0 1404.91015625 1403.3671875 1404.08984375 4
stats: {cpu,"os_mon@test4"} 1 28.37907819782496 0.0 28.37907819782496 2.0603015075376883 11.40767040989207 4
stats: {load,"os_mon@myserver"} 1 0.62109375 0.0 0.6796875 0.55078125 0.625 4
stats: {recvpackets,"os_mon@myserver"} 1 16827.0 0.0 16827 4964 8926.666666666666 3
stats: {sentpackets,"os_mon@myserver"} 1 11132.0 0.0 11132 3370 5977.0 3
stats: {cpu,"os_mon@myserver"} 1 20.92397946712295 0.0 20.92397946712295 1.655379984951091 10.537074134317603 4
stats: session 4561 16.27345457539122 37.36382132775453 1028.52978515625 7.43212890625 11.73981862359084 9425
stats: users_count 4559 13991
stats: finish_users_count 4561 13986
stats: request 45112 1.3699730800216705 11.258816764349143 1016.036865234375 0.1259765625 0.9297477692006425 92833
stats: page 4511 14.484953122402187 37.364066168665204 1027.198974609375 6.338134765625 9.851405315732066 9282
stats: connect 4510 2.3901054839072895 33.34705631862844 1004.14501953125 0.429931640625 1.2621955957840925 9287
stats: 200 45112 137945
stats: size_rcv 16556104 50625815
stats: newphase 6 24
stats: size_sent 5761562 17618414
stats: connected -1 4
# stats: dump at 1339061612
stats: users 8 27
stats: {load,"os_mon@test2"} 1 0.6484375 0.0 0.671875 0.4296875 0.534375 5
stats: {recvpackets,"os_mon@test3"} 1 19659.0 0.0 19659 4896 10847.5 4
stats: {sentpackets,"os_mon@test3"} 1 12942.0 0.0 12942 3325 7229.25 4
stats: {freemem,"os_mon@test2"} 1 1556.5234375 0.0 1558.33203125 1556.5234375 1557.484375 5
stats: {load,"os_mon@test4"} 1 0.12890625 0.0 0.1796875 0.08984375 0.1390625 5
stats: {cpu,"os_mon@test3"} 1 35.92283628779979 0.0 35.92283628779979 1.8108651911468814 15.566965491509194 5
stats: {freemem,"os_mon@test4"} 1 1559.921875 0.0 1561.96484375 1559.921875 1560.96640625 5
stats: {freemem,"os_mon@myserver"} 1 2924.40625 0.0 2928.46875 2924.40625 2926.3828125 5
stats: {recvpackets,"os_mon@test2"} 1 19732.0 0.0 19732 4980 10887.25 4
stats: {sentpackets,"os_mon@test2"} 1 12992.0 0.0 12992 3381 7255.5 4
stats: {load,"os_mon@test3"} 1 0.51953125 0.0 0.51953125 0.421875 0.4765625 5
stats: {cpu,"os_mon@test2"} 1 40.82661290322581 0.0 40.82661290322581 3.8654618473895583 19.06618186272207 5
stats: {recvpackets,"os_mon@test4"} 1 19655.0 0.0 19655 4910 10858.5 4
stats: {sentpackets,"os_mon@test4"} 1 12940.0 0.0 12940 3336 7238.0 4
stats: {freemem,"os_mon@test3"} 1 1402.90625 0.0 1404.91015625 1402.90625 1403.9453125 5
stats: {cpu,"os_mon@test4"} 1 39.42307692307692 0.0 39.42307692307692 2.0603015075376883 14.801951967478647 5
stats: {load,"os_mon@myserver"} 1 0.6015625 0.0 0.6796875 0.55078125 0.62421875 5
stats: {recvpackets,"os_mon@myserver"} 1 19771.0 0.0 19771 4964 10901.75 4
stats: {sentpackets,"os_mon@myserver"} 1 13014.0 0.0 13014 3370 7265.75 4
stats: {cpu,"os_mon@myserver"} 1 23.360353721444362 0.0 23.360353721444362 1.655379984951091 12.614455200878671 5
stats: session 5631 15.113042615654397 24.154994132558063 1028.52978515625 7.43212890625 13.21829092275869 13986
stats: users_count 5634 19625
stats: finish_users_count 5631 19617
stats: request 55800 1.2777561376428144 7.5289460754965765 1016.036865234375 0.1259765625 1.073714163210996 137945
stats: page 5577 13.459418723804252 24.23515611354695 1027.198974609375 6.338134765625 11.366806907545952 13793
stats: connect 5583 1.5264650536505917 23.152235551391023 1004.14501953125 0.429931640625 1.6308897753474483 13797
stats: 200 55800 193745
stats: size_rcv 20478600 71104415
stats: newphase 6 30
stats: size_sent 7125444 24743858
stats: connected 6 10
# stats: dump at 1339061622
stats: users 3 34
stats: {load,"os_mon@test2"} 1 0.78125 0.0 0.78125 0.4296875 0.5533854166666666 6
stats: {recvpackets,"os_mon@test3"} 1 23899.0 0.0 23899 4896 12609.8 5
stats: {sentpackets,"os_mon@test3"} 1 15654.0 0.0 15654 3325 8371.8 5
stats: {freemem,"os_mon@test2"} 1 1556.40234375 0.0 1558.33203125 1556.40234375 1557.32421875 6
stats: {load,"os_mon@test4"} 1 0.33984375 0.0 0.33984375 0.08984375 0.13736979166666666 6
stats: {cpu,"os_mon@test3"} 1 43.04840370751803 0.0 43.04840370751803 1.8108651911468814 18.959610624224293 6
stats: {freemem,"os_mon@test4"} 1 1559.6875 0.0 1561.96484375 1559.6875 1560.7923177083333 6
stats: {freemem,"os_mon@myserver"} 1 2924.51953125 0.0 2928.46875 2924.40625 2926.0533854166665 6
stats: {recvpackets,"os_mon@test2"} 1 23957.0 0.0 23957 4980 12656.2 5
stats: {sentpackets,"os_mon@test2"} 1 15684.0 0.0 15684 3381 8402.8 5
stats: {load,"os_mon@test3"} 1 0.44140625 0.0 0.51953125 0.421875 0.4837239583333333 6
stats: {cpu,"os_mon@test2"} 1 47.84353059177533 0.0 47.84353059177533 3.8654618473895583 22.692920369472688 6
stats: {recvpackets,"os_mon@test4"} 1 23903.0 0.0 23903 4910 12617.8 5
stats: {sentpackets,"os_mon@test4"} 1 15654.0 0.0 15654 3336 8378.4 5
stats: {freemem,"os_mon@test3"} 1 1402.65625 0.0 1404.91015625 1402.65625 1403.7721354166667 6
stats: {cpu,"os_mon@test4"} 1 41.95583596214511 0.0 41.95583596214511 2.0603015075376883 18.905472793411693 6
stats: {load,"os_mon@myserver"} 1 0.66015625 0.0 0.6796875 0.55078125 0.6204427083333334 6
stats: {recvpackets,"os_mon@myserver"} 1 23971.0 0.0 23971 4964 12675.6 5
stats: {sentpackets,"os_mon@myserver"} 1 15695.0 0.0 15695 3370 8415.4 5
stats: {cpu,"os_mon@myserver"} 1 26.618705035971225 0.0 26.618705035971225 1.655379984951091 14.40543828763962 6
stats: session 6431 18.042670549936346 26.69694598417148 1028.52978515625 7.43212890625 13.762173615458682 19617
stats: users_count 6426 26051
stats: finish_users_count 6431 26048
stats: request 64334 1.554146336920645 7.75177897293663 1016.036865234375 0.1259765625 1.1324797683791061 193745
stats: page 6433 16.373580583939685 26.531638742678634 1027.198974609375 6.338134765625 11.969310578133072 19370
stats: connect 6432 1.581018704086986 21.599881097310213 1004.14501953125 0.41796875 1.6008070497936016 19380
stats: 200 64334 258079
stats: size_rcv 23610578 94714993
stats: newphase 6 36
stats: size_sent 8205252 32949110
stats: connected -1 9
# stats: dump at 1339061632
stats: users 10 90
stats: {load,"os_mon@test2"} 1 0.73828125 0.0 0.78125 0.4296875 0.5859375 7
stats: {recvpackets,"os_mon@test3"} 1 27451.0 0.0 27451 4896 14491.333333333334 6
stats: {sentpackets,"os_mon@test3"} 1 17993.0 0.0 17993 3325 9585.5 6
stats: {freemem,"os_mon@test2"} 1 1556.03125 0.0 1558.33203125 1556.03125 1557.1925223214287 7
stats: {load,"os_mon@test4"} 1 0.44921875 0.0 0.44921875 0.08984375 0.16629464285714285 7
stats: {cpu,"os_mon@test3"} 1 48.42602308499475 0.0 48.42602308499475 1.8108651911468814 22.40086677898054 7
stats: {freemem,"os_mon@test4"} 1 1559.203125 0.0 1561.96484375 1559.203125 1560.634486607143 7
stats: {freemem,"os_mon@myserver"} 1 2923.66015625 0.0 2928.46875 2923.66015625 2925.8342633928573 7
stats: {recvpackets,"os_mon@test2"} 1 27472.0 0.0 27472 4980 14539.666666666666 6
stats: {sentpackets,"os_mon@test2"} 1 18012.0 0.0 18012 3381 9616.333333333334 6
stats: {load,"os_mon@test3"} 1 0.51953125 0.0 0.51953125 0.421875 0.47767857142857145 7
stats: {cpu,"os_mon@test2"} 1 52.43107769423558 0.0 52.43107769423558 3.8654618473895583 26.285864686944496 7
stats: {recvpackets,"os_mon@test4"} 1 27467.0 0.0 27467 4910 14498.666666666666 6
stats: {sentpackets,"os_mon@test4"} 1 18005.0 0.0 18005 3336 9591.0 6
stats: {freemem,"os_mon@test3"} 1 1402.4140625 0.0 1404.91015625 1402.4140625 1403.6127232142858 7
stats: {cpu,"os_mon@test4"} 1 48.465938637545506 0.0 48.465938637545506 2.0603015075376883 22.198381817516466 7
stats: {load,"os_mon@myserver"} 1 0.640625 0.0 0.6796875 0.55078125 0.6261160714285714 7
stats: {recvpackets,"os_mon@myserver"} 1 27536.0 0.0 27536 4964 14558.166666666666 6
stats: {sentpackets,"os_mon@myserver"} 1 18054.0 0.0 18054 3370 9628.666666666666 6
stats: {cpu,"os_mon@myserver"} 1 29.476309226932667 0.0 29.476309226932667 1.655379984951091 16.150190680258422 7
stats: session 7182 23.029244389184793 45.36652738391235 1120.45703125 7.43212890625 14.818987028604637 26048
stats: users_count 7189 33240
stats: finish_users_count 7182 33230
stats: request 71219 2.0086110793599654 13.505069154492908 1046.912109375 0.1259765625 1.2375929198581161 258079
stats: page 7106 20.832200011434097 44.76967971394472 1118.861083984375 6.338134765625 13.067348362396684 25803
stats: connect 7138 2.630121446450774 37.44665510567371 1009.0 0.41796875 1.595876062671916 25812
stats: 200 71219 329298
stats: size_rcv 26137373 120852366
stats: newphase 6 42
stats: size_sent 9087188 42036298
stats: connected 32 41
# stats: dump at 1339061642
stats: users 41 108
stats: {load,"os_mon@test2"} 1 0.69921875 0.0 0.78125 0.4296875 0.60498046875 8
stats: {recvpackets,"os_mon@test3"} 1 30360.0 0.0 30360 4896 16342.714285714286 7
stats: {sentpackets,"os_mon@test3"} 1 19814.0 0.0 19814 3325 10786.57142857143 7
stats: {freemem,"os_mon@test2"} 1 1555.5078125 0.0 1558.33203125 1555.5078125 1557.04736328125 8
stats: {load,"os_mon@test4"} 1 0.609375 0.0 0.609375 0.08984375 0.20166015625 8
stats: {cpu,"os_mon@test3"} 1 55.46218487394958 0.0 55.46218487394958 1.8108651911468814 25.654011317232317 8
stats: {freemem,"os_mon@test4"} 1 1559.1875 0.0 1561.96484375 1559.1875 1560.45556640625 8
stats: {freemem,"os_mon@myserver"} 1 2923.1875 0.0 2928.46875 2923.1875 2925.5625 8
stats: {recvpackets,"os_mon@test2"} 1 30345.0 0.0 30345 4980 16387.14285714286 7
stats: {sentpackets,"os_mon@test2"} 1 19801.0 0.0 19801 3381 10815.714285714286 7
stats: {load,"os_mon@test3"} 1 0.6796875 0.0 0.6796875 0.421875 0.48291015625 8
stats: {cpu,"os_mon@test2"} 1 57.49746707193516 0.0 57.49746707193516 3.8654618473895583 29.55401631285588 8
stats: {recvpackets,"os_mon@test4"} 1 30369.0 0.0 30369 4910 16351.285714285714 7
stats: {sentpackets,"os_mon@test4"} 1 19820.0 0.0 19820 3336 10793.0 7
stats: {freemem,"os_mon@test3"} 1 1402.05078125 0.0 1404.91015625 1402.05078125 1403.462890625 8
stats: {cpu,"os_mon@test4"} 1 53.473684210526315 0.0 53.473684210526315 2.0603015075376883 25.4818264200201 8
stats: {load,"os_mon@myserver"} 1 0.8515625 0.0 0.8515625 0.55078125 0.6279296875 8
stats: {recvpackets,"os_mon@myserver"} 1 30381.0 0.0 30381 4964 16412.14285714286 7
stats: {sentpackets,"os_mon@myserver"} 1 19822.0 0.0 19822 3370 10832.285714285714 7
stats: {cpu,"os_mon@myserver"} 1 31.94583751253761 0.0 31.94583751253761 1.655379984951091 17.815955498592704 8
stats: session 8001 24.235355895454507 50.47339784147383 1120.45703125 7.43212890625 16.59346997665419 33230
stats: users_count 8032 41272
stats: finish_users_count 8001 41231
stats: request 80179 2.118960336866403 14.82297152516669 1046.912109375 0.10498046875 1.4043450480264081 329298
stats: page 8032 22.585568735799036 50.851902165915426 1118.861083984375 6.338134765625 14.744003253704832 32909
stats: connect 8010 3.094078355424863 41.72431209282212 1009.0 0.41796875 1.819925942775512 32950
stats: 200 80179 409477
stats: size_rcv 29425693 150278059
stats: newphase 6 48
stats: size_sent 10230638 52266936
stats: connected -22 19
# stats: dump at 1339061652
stats: users 21 108
stats: {load,"os_mon@test2"} 1 0.671875 0.0 0.78125 0.4296875 0.6154513888888888 9
stats: {recvpackets,"os_mon@test3"} 1 33947.0 0.0 33947 4896 18094.875 8
stats: {sentpackets,"os_mon@test3"} 1 22121.0 0.0 22121 3325 11915.0 8
stats: {freemem,"os_mon@test2"} 1 1587.57421875 0.0 1587.57421875 1555.5078125 1556.8763020833333 9
stats: {load,"os_mon@test4"} 1 0.671875 0.0 0.671875 0.08984375 0.24696180555555555 9
stats: {cpu,"os_mon@test3"} 1 62.98429319371728 0.0 62.98429319371728 1.8108651911468814 28.966030601312013 9
stats: {freemem,"os_mon@test4"} 1 1591.3359375 0.0 1591.3359375 1559.1875 1560.314670138889 9
stats: {freemem,"os_mon@myserver"} 1 2955.06640625 0.0 2955.06640625 2923.1875 2925.2986111111113 9
stats: {recvpackets,"os_mon@test2"} 1 33953.0 0.0 33953 4980 18131.875 8
stats: {sentpackets,"os_mon@test2"} 1 22125.0 0.0 22125 3381 11938.875 8
stats: {load,"os_mon@test3"} 1 0.80859375 0.0 0.80859375 0.421875 0.5047743055555556 9
stats: {cpu,"os_mon@test2"} 1 61.24744376278118 0.0 61.24744376278118 3.8654618473895583 32.6588441749758 9
stats: {recvpackets,"os_mon@test4"} 1 33953.0 0.0 33953 4910 18103.5 8
stats: {sentpackets,"os_mon@test4"} 1 22124.0 0.0 22124 3336 11921.375 8
stats: {freemem,"os_mon@test3"} 1 1402.16796875 0.0 1404.91015625 1402.05078125 1403.3059895833333 9
stats: {cpu,"os_mon@test4"} 1 59.23799582463466 0.0 59.23799582463466 2.0603015075376883 28.592032841187454 9
stats: {load,"os_mon@myserver"} 1 0.94921875 0.0 0.94921875 0.55078125 0.6527777777777778 9
stats: {recvpackets,"os_mon@myserver"} 1 34030.0 0.0 34030 4964 18158.25 8
stats: {sentpackets,"os_mon@myserver"} 1 22183.0 0.0 22183 3370 11956.0 8
stats: {cpu,"os_mon@myserver"} 1 35.03281171125694 0.0 35.03281171125694 1.655379984951091 19.38594238903103 9
stats: session 8991 18.859927771738704 19.224695175174126 1120.45703125 7.43212890625 18.07640100515996 41231
stats: users_count 8971 50243
stats: finish_users_count 8991 50222
stats: request 89595 1.611458085364178 4.958652034768713 1046.912109375 0.10498046875 1.5442726611619493 409477
stats: page 8965 17.268529687935686 19.171176070544814 1118.861083984375 6.338134765625 16.282398846195996 40941
stats: connect 8951 1.3544448649679544 10.58013488264562 1009.0 0.41796875 2.069094908237458 40960
stats: 200 89595 499072
stats: size_rcv 32881365 183159424
stats: newphase 6 54
stats: size_sent 11434206 63701142
stats: connected -14 5
# stats: dump at 1339061662
stats: users 48 120
stats: {load,"os_mon@test2"} 1 0.71875 0.0 0.78125 0.4296875 0.62109375 10
stats: {recvpackets,"os_mon@test3"} 1 37684.0 0.0 37684 4896 19856.222222222223 9
stats: {sentpackets,"os_mon@test3"} 1 24744.0 0.0 24744 3325 13049.0 9
stats: {freemem,"os_mon@test2"} 1 1587.671875 0.0 1587.671875 1555.5078125 1559.94609375 10
stats: {load,"os_mon@test4"} 1 0.71875 0.0 0.71875 0.08984375 0.289453125 10
stats: {cpu,"os_mon@test3"} 1 63.93180607352158 0.0 63.93180607352158 1.8108651911468814 32.36785686055254 10
stats: {freemem,"os_mon@test4"} 1 1590.97265625 0.0 1591.3359375 1559.1875 1563.416796875 10
stats: {freemem,"os_mon@myserver"} 1 2954.2109375 0.0 2955.06640625 2923.1875 2928.275390625 10
stats: {recvpackets,"os_mon@test2"} 1 37709.0 0.0 37709 4980 19889.777777777777 9
stats: {sentpackets,"os_mon@test2"} 1 24759.0 0.0 24759 3381 13070.666666666666 9
stats: {load,"os_mon@test3"} 1 0.921875 0.0 0.921875 0.421875 0.53515625 10
stats: {cpu,"os_mon@test2"} 1 67.52786220871327 0.0 67.52786220871327 3.8654618473895583 35.51770413375634 10
stats: {recvpackets,"os_mon@test4"} 1 37684.0 0.0 37684 4910 19864.555555555555 9
stats: {sentpackets,"os_mon@test4"} 1 24742.0 0.0 24742 3336 13055.0 9
stats: {freemem,"os_mon@test3"} 1 1402.2734375 0.0 1404.91015625 1402.05078125 1403.1921875 10
stats: {cpu,"os_mon@test4"} 1 60.681114551083596 0.0 60.681114551083596 2.0603015075376883 31.656629139532175 10
stats: {load,"os_mon@myserver"} 1 1.0390625 0.0 1.0390625 0.55078125 0.682421875 10
stats: {recvpackets,"os_mon@myserver"} 1 37720.0 0.0 37720 4964 19921.777777777777 9
stats: {sentpackets,"os_mon@myserver"} 1 24761.0 0.0 24761 3370 13092.333333333334 9
stats: {cpu,"os_mon@myserver"} 1 38.197424892703864 0.0 38.197424892703864 1.655379984951091 20.950629321253622 10
stats: session 9891 23.837555304972653 41.85439754564911 1120.45703125 7.43212890625 18.21667198517488 50222
stats: users_count 9918 60161
stats: finish_users_count 9891 60113
stats: request 99298 2.0950375124585667 10.705240538682329 1046.912109375 0.10498046875 1.556334003175524 499072
stats: page 9923 22.233492226078305 41.80723888612917 1118.861083984375 6.338134765625 16.459545141154443 49906
stats: connect 9938 1.8696715780416642 20.054332442920042 1009.0 0.41796875 1.9409301241757215 49911
stats: 200 99298 598370
stats: size_rcv 36442366 219601790
stats: newphase 6 60
stats: size_sent 12664564 76365706
stats: connected 15 20
# stats: dump at 1339061672
stats: users 42 120
stats: {load,"os_mon@test2"} 1 0.69140625 0.0 0.78125 0.4296875 0.6299715909090909 11
stats: {recvpackets,"os_mon@test3"} 1 41339.0 0.0 41339 4896 21639.0 10
stats: {sentpackets,"os_mon@test3"} 1 26958.0 0.0 26958 3325 14218.5 10
stats: {freemem,"os_mon@test2"} 1 1587.171875 0.0 1587.671875 1555.5078125 1562.4666193181818 11
stats: {load,"os_mon@test4"} 1 0.76171875 0.0 0.76171875 0.08984375 0.32848011363636365 11
stats: {cpu,"os_mon@test3"} 1 69.44591029023746 0.0 69.44591029023746 1.8108651911468814 35.23730678900427 11
stats: {freemem,"os_mon@test4"} 1 1590.3125 0.0 1591.3359375 1559.1875 1565.921875 11
stats: {freemem,"os_mon@myserver"} 1 2953.58203125 0.0 2955.06640625 2923.1875 2930.6331676136365 11
stats: {recvpackets,"os_mon@test2"} 1 41365.0 0.0 41365 4980 21671.7 10
stats: {sentpackets,"os_mon@test2"} 1 26978.0 0.0 26978 3381 14239.5 10
stats: {load,"os_mon@test3"} 1 1.0 0.0 1.0 0.421875 0.5703125 11
stats: {cpu,"os_mon@test2"} 1 71.87182095625636 0.0 71.87182095625636 3.8654618473895583 38.42771850420697 11
stats: {recvpackets,"os_mon@test4"} 1 41351.0 0.0 41351 4910 21646.5 10
stats: {sentpackets,"os_mon@test4"} 1 26964.0 0.0 26964 3336 14223.7 10
stats: {freemem,"os_mon@test3"} 1 1401.90625 0.0 1404.91015625 1401.90625 1403.1086647727273 11
stats: {cpu,"os_mon@test4"} 1 65.82474226804123 0.0 65.82474226804123 2.0603015075376883 34.295218722400485 11
stats: {load,"os_mon@myserver"} 1 1.1796875 0.0 1.1796875 0.55078125 0.71484375 11
stats: {recvpackets,"os_mon@myserver"} 1 41422.0 0.0 41422 4964 21701.6 10
stats: {sentpackets,"os_mon@myserver"} 1 27015.0 0.0 27015 3370 14259.2 10
stats: {cpu,"os_mon@myserver"} 1 42.431951157466294 0.0 42.431951157466294 1.655379984951091 22.518519827749095 11
stats: session 10432 24.430744662606543 55.472318736637746 1458.85693359375 7.323974609375 19.14153277928131 60113
stats: users_count 10426 70587
stats: finish_users_count 10432 70545
stats: request 104206 2.07803121510068 16.65919852963732 1207.630859375 0.10498046875 1.6457304987631831 598370
stats: page 10415 22.137192567998355 53.01906620632157 1232.807861328125 6.13818359375 17.417189041665893 59829
stats: connect 10423 3.8640990964993285 47.88296472085159 1009.0 0.38818359375 1.929097555018672 59849
stats: 200 104206 702576
stats: size_rcv 38243602 257845392
stats: newphase 6 66
stats: size_sent 13300388 89666094
stats: connected 8 28
# stats: dump at 1339061682
stats: users 19 234
stats: {load,"os_mon@test2"} 1 0.73828125 0.0 0.78125 0.4296875 0.6350911458333334 12
stats: {recvpackets,"os_mon@test3"} 1 42644.0 0.0 42644 4896 23429.909090909092 11
stats: {sentpackets,"os_mon@test3"} 1 28058.0 0.0 28058 3325 15376.636363636364 11
stats: {freemem,"os_mon@test2"} 1 1586.22265625 0.0 1587.671875 1555.5078125 1564.525390625 12
stats: {load,"os_mon@test4"} 1 0.80078125 0.0 0.80078125 0.08984375 0.3645833333333333 12
stats: {cpu,"os_mon@test3"} 1 74.29782723900371 0.0 74.29782723900371 1.8108651911468814 38.08802374744037 12
stats: {freemem,"os_mon@test4"} 1 1590.8046875 0.0 1591.3359375 1559.1875 1567.9544270833333 12
stats: {freemem,"os_mon@myserver"} 1 2952.68359375 0.0 2955.06640625 2923.1875 2932.5455729166665 12
stats: {recvpackets,"os_mon@test2"} 1 42538.0 0.0 42538 4980 23462.0 11
stats: {sentpackets,"os_mon@test2"} 1 27988.0 0.0 27988 3381 15397.545454545454 11
stats: {load,"os_mon@test3"} 1 1.078125 0.0 1.078125 0.421875 0.6061197916666666 12
stats: {cpu,"os_mon@test2"} 1 71.34115247322794 0.0 71.87182095625636 3.8654618473895583 41.21472704187775 12
stats: {recvpackets,"os_mon@test4"} 1 42610.0 0.0 42610 4910 23437.81818181818 11
stats: {sentpackets,"os_mon@test4"} 1 28040.0 0.0 28040 3336 15381.90909090909 11
stats: {freemem,"os_mon@test3"} 1 1402.30078125 0.0 1404.91015625 1401.90625 1403.0084635416667 12
stats: {cpu,"os_mon@test4"} 1 69.93833504624871 0.0 69.93833504624871 2.0603015075376883 36.92267901787054 12
stats: {load,"os_mon@myserver"} 1 1.3203125 0.0 1.3203125 0.55078125 0.7535807291666666 12
stats: {recvpackets,"os_mon@myserver"} 1 42555.0 0.0 42555 4964 23494.363636363636 11
stats: {sentpackets,"os_mon@myserver"} 1 28012.0 0.0 28012 3370 15418.818181818182 11
stats: {cpu,"os_mon@myserver"} 1 43.654434250764524 0.0 43.654434250764524 1.655379984951091 24.177972438558864 12
stats: session 10569 71.626734093738 133.75868937048904 2585.200927734375 7.323974609375 19.923686842175186 70545
stats: users_count 10546 81133
stats: finish_users_count 10569 81114
stats: request 105513 6.8424512138944 38.930350484331946 2454.10498046875 0.10498046875 1.7098492965112775 702576
stats: page 10558 70.33595525904538 134.58441735474906 2580.27099609375 6.13818359375 18.117018731415232 70244
stats: connect 10545 14.393360277938307 104.31710804375012 2410.43310546875 0.373046875 2.2161040592714736 70272
stats: 200 105513 808089
stats: size_rcv 38723271 296568663
stats: newphase 6 72
stats: size_sent 13465580 103131674
stats: connected -13 15
# stats: dump at 1339061692
stats: users 331 532
stats: {load,"os_mon@test2"} 1 0.78125 0.0 0.78125 0.4296875 0.6430288461538461 13
stats: {recvpackets,"os_mon@test3"} 1 44254.0 0.0 44254 4896 25031.083333333332 12
stats: {sentpackets,"os_mon@test3"} 1 28945.0 0.0 28945 3325 16433.416666666668 12
stats: {freemem,"os_mon@test2"} 1 1584.96875 0.0 1587.671875 1555.5078125 1566.1944110576924 13
stats: {load,"os_mon@test4"} 1 0.75 0.0 0.80078125 0.08984375 0.3981370192307692 13
stats: {cpu,"os_mon@test3"} 1 77.31796752226296 0.0 77.31796752226296 1.8108651911468814 40.873393246791395 13
stats: {freemem,"os_mon@test4"} 1 1590.85546875 0.0 1591.3359375 1559.1875 1569.712139423077 13
stats: {freemem,"os_mon@myserver"} 1 2951.9765625 0.0 2955.06640625 2923.1875 2934.0946514423076 13
stats: {recvpackets,"os_mon@test2"} 1 44391.0 0.0 44391 4980 25051.666666666668 12
stats: {sentpackets,"os_mon@test2"} 1 29028.0 0.0 29028 3381 16446.75 12
stats: {load,"os_mon@test3"} 1 1.140625 0.0 1.140625 0.421875 0.6424278846153846 13
stats: {cpu,"os_mon@test2"} 1 73.0142566191446 0.0 73.0142566191446 3.8654618473895583 43.53214438275084 13
stats: {recvpackets,"os_mon@test4"} 1 44263.0 0.0 44263 4910 25035.5 12
stats: {sentpackets,"os_mon@test4"} 1 28951.0 0.0 28951 3336 16436.75 12
stats: {freemem,"os_mon@test3"} 1 1398.86328125 0.0 1404.91015625 1398.86328125 1402.9540264423076 13
stats: {cpu,"os_mon@test4"} 1 71.84615384615385 0.0 71.84615384615385 2.0603015075376883 39.46234486620733 13
stats: {load,"os_mon@myserver"} 1 1.33984375 0.0 1.33984375 0.55078125 0.7971754807692307 13
stats: {recvpackets,"os_mon@myserver"} 1 44360.0 0.0 44360 4964 25082.75 12
stats: {sentpackets,"os_mon@myserver"} 1 29002.0 0.0 29002 3370 16468.25 12
stats: {cpu,"os_mon@myserver"} 1 51.74553917765709 0.0 51.74553917765709 1.655379984951091 25.676161808728526 13
stats: session 10895 176.67023171735227 175.5527676150819 3851.509033203125 7.323974609375 26.660495610103872 81114
stats: users_count 11207 92340
stats: finish_users_count 10895 92009
stats: request 110503 16.720426506820584 41.496046242102686 3038.995849609375 0.10498046875 2.3800183324823716 808089
stats: page 10929 167.91557262447574 174.31747811841535 3849.94384765625 6.13818359375 24.940210383338687 80802
stats: connect 11192 19.173185423495934 89.53527421552543 3019.613037109375 0.373046875 3.804992125220986 80817
stats: 200 110503 918592
stats: size_rcv 40554601 337123264
stats: newphase 6 78
stats: size_sent 14138306 117269980
stats: connected 263 278
# stats: dump at 1339061702
stats: users 408 587
stats: {load,"os_mon@test2"} 1 0.890625 0.0 0.890625 0.4296875 0.6529017857142857 14
stats: {recvpackets,"os_mon@test3"} 1 45406.0 0.0 45406 4896 26509.76923076923 13
stats: {sentpackets,"os_mon@test3"} 1 29732.0 0.0 29732 3325 17395.846153846152 13
stats: {freemem,"os_mon@test2"} 1 1577.26953125 0.0 1587.671875 1555.5078125 1567.535435267857 14
stats: {load,"os_mon@test4"} 1 0.7890625 0.0 0.80078125 0.08984375 0.4232700892857143 14
stats: {cpu,"os_mon@test3"} 1 77.42963356346256 0.0 77.42963356346256 1.8108651911468814 43.476577123610795 14
stats: {freemem,"os_mon@test4"} 1 1580.515625 0.0 1591.3359375 1559.1875 1571.222377232143 14
stats: {freemem,"os_mon@myserver"} 1 2949.21484375 0.0 2955.06640625 2923.1875 2935.3719308035716 14
stats: {recvpackets,"os_mon@test2"} 1 45391.0 0.0 45391 4980 26539.30769230769 13
stats: {sentpackets,"os_mon@test2"} 1 29714.0 0.0 29714 3381 17414.53846153846 13
stats: {load,"os_mon@test3"} 1 1.19921875 0.0 1.19921875 0.421875 0.6780133928571429 14
stats: {cpu,"os_mon@test2"} 1 72.70865335381464 0.0 73.0142566191446 3.8654618473895583 45.63800954249325 14
stats: {recvpackets,"os_mon@test4"} 1 45396.0 0.0 45396 4910 26514.53846153846 13
stats: {sentpackets,"os_mon@test4"} 1 29723.0 0.0 29723 3336 17399.384615384617 13
stats: {freemem,"os_mon@test3"} 1 1393.32421875 0.0 1404.91015625 1393.32421875 1402.661830357143 14
stats: {cpu,"os_mon@test4"} 1 75.02596053997922 0.0 75.02596053997922 2.0603015075376883 41.77547407906065 14
stats: {load,"os_mon@myserver"} 1 1.73828125 0.0 1.73828125 0.55078125 0.8359375 14
stats: {recvpackets,"os_mon@myserver"} 1 45429.0 0.0 45429 4964 26565.615384615383 13
stats: {sentpackets,"os_mon@myserver"} 1 29743.0 0.0 29743 3370 17432.384615384617 13
stats: {cpu,"os_mon@myserver"} 1 60.24409244352117 0.0 60.24409244352117 1.655379984951091 27.538260192223422 14
stats: session 11135 337.3304000135075 294.0068508471104 6566.93017578125 7.323974609375 44.423497869540135 92009
stats: users_count 11212 103552
stats: finish_users_count 11135 103144
stats: request 111933 33.07323912737221 85.71281088016066 4613.463134765625 0.10498046875 4.1051129604444 918592
stats: page 11199 334.44291953383083 292.90114977823885 6565.264892578125 6.13818359375 41.974557920522265 91731
stats: connect 11222 44.13859788442211 157.72833595537165 3019.63916015625 0.373046875 5.674383373841156 92009
stats: 200 111933 1030525
stats: size_rcv 41079411 378202675
stats: newphase 6 84
stats: size_sent 14296878 131566858
stats: connected 23 301
# stats: dump at 1339061712
stats: users 393 587
stats: {load,"os_mon@test2"} 1 0.98046875 0.0 0.98046875 0.4296875 0.66875 15
stats: {recvpackets,"os_mon@test3"} 1 45655.0 0.0 45655 4896 27859.5 14
stats: {sentpackets,"os_mon@test3"} 1 29784.0 0.0 29784 3325 18276.999999999996 14
stats: {freemem,"os_mon@test2"} 1 1575.21875 0.0 1587.671875 1555.5078125 1568.184375 15
stats: {load,"os_mon@test4"} 1 0.8984375 0.0 0.8984375 0.08984375 0.44765625 15
stats: {cpu,"os_mon@test3"} 1 80.91242789722077 0.0 80.91242789722077 1.8108651911468814 45.740114219600905 15
stats: {freemem,"os_mon@test4"} 1 1580.69921875 0.0 1591.3359375 1559.1875 1571.8419270833333 15
stats: {freemem,"os_mon@myserver"} 1 2948.91015625 0.0 2955.06640625 2923.1875 2936.2947916666667 15
stats: {recvpackets,"os_mon@test2"} 1 45591.0 0.0 45591 4980 27885.85714285714 14
stats: {sentpackets,"os_mon@test2"} 1 29728.0 0.0 29728 3381 18293.071428571428 14
stats: {load,"os_mon@test3"} 1 1.25 0.0 1.25 0.421875 0.7127604166666667 15
stats: {cpu,"os_mon@test2"} 1 74.52878247580234 0.0 74.52878247580234 3.8654618473895583 47.44271912991467 15
stats: {recvpackets,"os_mon@test4"} 1 45578.0 0.0 45578 4910 27863.214285714286 14
stats: {sentpackets,"os_mon@test4"} 1 29730.0 0.0 29730 3336 18279.64285714286 14
stats: {freemem,"os_mon@test3"} 1 1392.6875 0.0 1404.91015625 1392.6875 1402.0393229166666 15
stats: {cpu,"os_mon@test4"} 1 76.11710323574731 0.0 76.11710323574731 2.0603015075376883 43.992173176455225 15
stats: {load,"os_mon@myserver"} 1 1.78125 0.0 1.78125 0.55078125 0.89609375 15
stats: {recvpackets,"os_mon@myserver"} 1 46155.0 0.0 46155 4964 27913.0 14
stats: {sentpackets,"os_mon@myserver"} 1 30052.0 0.0 30052 3370 18311.714285714286 14
stats: {cpu,"os_mon@myserver"} 1 62.525667351129364 0.0 62.525667351129364 1.655379984951091 29.718649008976605 15
stats: session 11029 271.09268595506825 316.12706978426735 10555.14697265625 7.323974609375 76.04451659455638 103144
stats: users_count 11014 114566
stats: finish_users_count 11029 114173
stats: request 110379 26.58773298277988 84.19602099074591 6612.2099609375 0.10498046875 7.25155702171679 1030525
stats: page 11035 269.8689056659199 316.84304637280064 10553.157958984375 6.13818359375 73.79572941287087 102930
stats: connect 11023 30.81320814734673 130.96727356691392 3019.63916015625 0.373046875 9.855737959554164 103231
stats: 200 110379 1140904
stats: size_rcv 40508661 418711336
stats: newphase 6 90
stats: size_sent 14086152 145653010
stats: connected -12 289
# stats: dump at 1339061722
stats: users 150 714
stats: {load,"os_mon@test2"} 1 0.91015625 0.0 0.98046875 0.4296875 0.688232421875 16
stats: {recvpackets,"os_mon@test3"} 1 44885.0 0.0 45655 4896 29045.866666666665 15
stats: {sentpackets,"os_mon@test3"} 1 29145.0 0.0 29784 3325 19044.133333333328 15
stats: {freemem,"os_mon@test2"} 1 1574.8984375 0.0 1587.671875 1555.5078125 1568.6240234375 16
stats: {load,"os_mon@test4"} 1 0.921875 0.0 0.921875 0.08984375 0.475830078125 16
stats: {cpu,"os_mon@test3"} 1 80.02075765438505 0.0 80.91242789722077 1.8108651911468814 47.938383824452146 16
stats: {freemem,"os_mon@test4"} 1 1579.97265625 0.0 1591.3359375 1559.1875 1572.3955078125 16
stats: {freemem,"os_mon@myserver"} 1 2947.1640625 0.0 2955.06640625 2923.1875 2937.083251953125 16
stats: {recvpackets,"os_mon@test2"} 1 45085.0 0.0 45591 4980 29066.2 15
stats: {sentpackets,"os_mon@test2"} 1 29303.0 0.0 29728 3381 19055.4 15
stats: {load,"os_mon@test3"} 1 1.12890625 0.0 1.25 0.421875 0.746337890625 16
stats: {cpu,"os_mon@test2"} 1 73.46411977284461 0.0 74.52878247580234 3.8654618473895583 49.135598089032655 16
stats: {recvpackets,"os_mon@test4"} 1 44892.0 0.0 45578 4910 29044.2 15
stats: {sentpackets,"os_mon@test4"} 1 29149.0 0.0 29730 3336 19043.0 15
stats: {freemem,"os_mon@test3"} 1 1392.28515625 0.0 1404.91015625 1392.28515625 1401.454833984375 16
stats: {cpu,"os_mon@test4"} 1 75.20491803278688 0.0 76.11710323574731 2.0603015075376883 45.99998130516098 16
stats: {load,"os_mon@myserver"} 1 1.890625 0.0 1.890625 0.55078125 0.951416015625 16
stats: {recvpackets,"os_mon@myserver"} 1 45243.0 0.0 46155 4964 29129.133333333335 15
stats: {sentpackets,"os_mon@myserver"} 1 29461.0 0.0 30052 3370 19094.4 15
stats: {cpu,"os_mon@myserver"} 1 61.676344357485476 0.0 62.525667351129364 1.655379984951091 31.76908765536115 16
stats: session 11058 378.6244284839731 390.8870450895692 10555.14697265625 7.323974609375 94.88597876054209 114173
stats: users_count 10815 125381
stats: finish_users_count 11058 125231
stats: request 110019 37.44277119090627 107.43510790900456 6612.2099609375 0.10498046875 9.12227337156409 1140904
stats: page 11080 378.17527847014514 386.7640716200826 10553.157958984375 6.13818359375 92.78109772728666 113965
stats: connect 10902 53.953568582599665 188.74160383899348 3019.63916015625 0.373046875 11.87767324304566 114254
stats: 200 110019 1250923
stats: size_rcv 40376973 459088309
stats: newphase 6 96
stats: size_sent 14009286 159662296
stats: connected -178 111
# stats: dump at 1339061732
stats: users 50 714
stats: {load,"os_mon@test2"} 1 1.078125 0.0 1.078125 0.4296875 0.7012867647058824 17
stats: {recvpackets,"os_mon@test3"} 1 43871.0 0.0 45655 4896 30035.8125 16
stats: {sentpackets,"os_mon@test3"} 1 28310.0 0.0 29784 3325 19675.437499999996 16
stats: {freemem,"os_mon@test2"} 1 1573.4453125 0.0 1587.671875 1555.5078125 1568.993106617647 17
stats: {load,"os_mon@test4"} 1 1.078125 0.0 1.078125 0.08984375 0.5020680147058824 17
stats: {cpu,"os_mon@test3"} 1 80.21638330757341 0.0 80.91242789722077 1.8108651911468814 49.82558228503643 17
stats: {freemem,"os_mon@test4"} 1 1578.26171875 0.0 1591.3359375 1559.1875 1572.8412224264705 17
stats: {freemem,"os_mon@myserver"} 1 2949.0546875 0.0 2955.06640625 2923.1875 2937.6762408088234 17
stats: {recvpackets,"os_mon@test2"} 1 43836.0 0.0 45591 4980 30067.375 16
stats: {sentpackets,"os_mon@test2"} 1 28278.0 0.0 29728 3381 19695.875 16
stats: {load,"os_mon@test3"} 1 1.109375 0.0 1.25 0.421875 0.7688419117647058 17
stats: {cpu,"os_mon@test2"} 1 70.3760162601626 0.0 74.52878247580234 3.8654618473895583 50.566687599845125 17
stats: {recvpackets,"os_mon@test4"} 1 43849.0 0.0 45578 4910 30034.6875 16
stats: {sentpackets,"os_mon@test4"} 1 2.83e4 0.0 29730 3336 19674.625 16
stats: {freemem,"os_mon@test3"} 1 1392.328125 0.0 1404.91015625 1392.28515625 1400.9154411764705 17
stats: {cpu,"os_mon@test4"} 1 78.46622651091924 0.0 78.46622651091924 2.0603015075376883 47.717918759727205 17
stats: {load,"os_mon@myserver"} 1 1.91015625 0.0 1.91015625 0.55078125 1.0066636029411764 17
stats: {recvpackets,"os_mon@myserver"} 1 44521.0 0.0 46155 4964 30136.25 16
stats: {sentpackets,"os_mon@myserver"} 1 28721.0 0.0 30052 3370 19742.3125 16
stats: {cpu,"os_mon@myserver"} 1 57.97138477261113 0.0 62.525667351129364 1.655379984951091 33.528338049603754 17
stats: session 9219 110.30872695613333 304.01382874222736 10555.14697265625 7.323974609375 119.94031656062114 125231
stats: users_count 9119 134500
stats: finish_users_count 9219 134450
stats: request 92648 10.230598638778583 79.12132319141287 7594.290771484375 0.10498046875 11.613068448148507 1250923
stats: page 9297 108.8782971983152 306.41856239551925 10553.157958984375 6.13818359375 118.0693341432239 125045
stats: connect 9220 31.15936451413367 174.3316808032002 3019.63916015625 0.373046875 15.542790464687592 125156
stats: 200 92648 1343571
stats: size_rcv 34001816 493090125
stats: newphase 6 102
stats: size_sent 11823224 171485520
stats: connected -77 34
# stats: dump at 1339061742
stats: users 305 714
stats: {load,"os_mon@test2"} 1 1.0703125 0.0 1.078125 0.4296875 0.7222222222222222 18
stats: {recvpackets,"os_mon@test3"} 1 36882.0 0.0 45655 4896 30849.647058823528 17
stats: {sentpackets,"os_mon@test3"} 1 23280.0 0.0 29784 3325 20183.35294117647 17
stats: {freemem,"os_mon@test2"} 1 1577.48046875 0.0 1587.671875 1555.5078125 1569.240451388889 18
stats: {load,"os_mon@test4"} 1 1.0 0.0 1.078125 0.08984375 0.5340711805555556 18
stats: {cpu,"os_mon@test3"} 1 66.3076923076923 0.0 80.91242789722077 1.8108651911468814 51.51396011962183 18
stats: {freemem,"os_mon@test4"} 1 1580.984375 0.0 1591.3359375 1559.1875 1573.142361111111 18
stats: {freemem,"os_mon@myserver"} 1 2949.125 0.0 2955.06640625 2923.1875 2938.3083767361113 18
stats: {recvpackets,"os_mon@test2"} 1 37712.0 0.0 45591 4980 30877.29411764706 17
stats: {sentpackets,"os_mon@test2"} 1 23777.0 0.0 29728 3381 20200.70588235294 17
stats: {load,"os_mon@test3"} 1 1.171875 0.0 1.25 0.421875 0.7877604166666666 18
stats: {cpu,"os_mon@test2"} 1 71.33534136546184 0.0 74.52878247580234 3.8654618473895583 51.66720585875166 18
stats: {recvpackets,"os_mon@test4"} 1 36778.0 0.0 45578 4910 30847.29411764706 17
stats: {sentpackets,"os_mon@test4"} 1 23212.0 0.0 29730 3336 20182.0 17
stats: {freemem,"os_mon@test3"} 1 1392.59375 0.0 1404.91015625 1392.28515625 1400.4383680555557 18
stats: {cpu,"os_mon@test4"} 1 74.21875 0.0 78.46622651091924 2.0603015075376883 49.42615807923787 18
stats: {load,"os_mon@myserver"} 1 1.83984375 0.0 1.91015625 0.55078125 1.0568576388888888 18
stats: {recvpackets,"os_mon@myserver"} 1 38193.0 0.0 46155 4964 30982.41176470588 17
stats: {sentpackets,"os_mon@myserver"} 1 23988.0 0.0 30052 3370 20270.470588235294 17
stats: {cpu,"os_mon@myserver"} 1 43.88544891640867 0.0 62.525667351129364 1.655379984951091 34.88628508977084 18
stats: session 10550 150.47942852580744 199.30986262437236 10555.14697265625 7.323974609375 119.27989540358304 134450
stats: users_count 10805 145305
stats: finish_users_count 10550 145000
stats: request 106302 14.5737283328468 55.47460622711671 7594.290771484375 0.10498046875 11.517738121058606 1343571
stats: page 10575 148.17401759659393 200.77318023782638 10553.157958984375 6.13818359375 117.43327788027698 134342
stats: connect 10758 24.69527462393533 131.78884912643144 3019.63916015625 0.373046875 16.614297376159083 134376
stats: 200 106302 1449873
stats: size_rcv 39012834 532102959
stats: newphase 6 108
stats: size_sent 13590576 185076096
stats: connected 183 217
# stats: dump at 1339061752
stats: users 475 838
stats: {load,"os_mon@test2"} 1 1.28125 0.0 1.28125 0.4296875 0.7405427631578947 19
stats: {recvpackets,"os_mon@test3"} 1 44395.0 0.0 45655 4896 31184.777777777777 18
stats: {sentpackets,"os_mon@test3"} 1 27807.0 0.0 29784 3325 20355.388888888887 18
stats: {freemem,"os_mon@test2"} 1 1576.76171875 0.0 1587.671875 1555.5078125 1569.674136513158 19
stats: {load,"os_mon@test4"} 1 1.078125 0.0 1.078125 0.08984375 0.55859375 19
stats: {cpu,"os_mon@test3"} 1 72.19143576826197 0.0 80.91242789722077 1.8108651911468814 52.292577603204485 19
stats: {freemem,"os_mon@test4"} 1 1582.39453125 0.0 1591.3359375 1559.1875 1573.5550986842106 19
stats: {freemem,"os_mon@myserver"} 1 2945.671875 0.0 2955.06640625 2923.1875 2938.8776726973683 19
stats: {recvpackets,"os_mon@test2"} 1 44199.0 0.0 45591 4980 31257.0 18
stats: {sentpackets,"os_mon@test2"} 1 27715.0 0.0 29728 3381 20399.38888888889 18
stats: {load,"os_mon@test3"} 1 1.140625 0.0 1.25 0.421875 0.8079769736842105 19
stats: {cpu,"os_mon@test2"} 1 76.80861980502823 0.0 76.80861980502823 3.8654618473895583 52.70237088542062 19
stats: {recvpackets,"os_mon@test4"} 1 44284.0 0.0 45578 4910 31176.777777777777 18
stats: {sentpackets,"os_mon@test4"} 1 27750.0 0.0 29730 3336 20350.333333333332 18
stats: {freemem,"os_mon@test3"} 1 1392.37890625 0.0 1404.91015625 1392.28515625 1400.0254934210527 19
stats: {cpu,"os_mon@test4"} 1 80.9376609994848 0.0 80.9376609994848 2.0603015075376883 50.73103133822536 19
stats: {load,"os_mon@myserver"} 1 1.7109375 0.0 1.91015625 0.55078125 1.0980674342105263 19
stats: {recvpackets,"os_mon@myserver"} 1 44558.0 0.0 46155 4964 31383.0 18
stats: {sentpackets,"os_mon@myserver"} 1 27941.0 0.0 30052 3370 20477.0 18
stats: {cpu,"os_mon@myserver"} 1 58.17569318476289 0.0 62.525667351129364 1.655379984951091 35.35992529117283 19
stats: session 11022 373.03010894935915 369.70800635948 10555.14697265625 7.323974609375 121.54993039971728 145000
stats: users_count 11192 156497
stats: finish_users_count 11022 156022
stats: 200 110856 1560729
stats: size_rcv 40684152 572787111
stats: newphase 6 114
stats: size_sent 14181350 199257446
stats: connected 203 420
stats: error_abort 1 1
EndMonitor:{1339,61752,181480}
stats: request 110856 36.814111196866435 99.97126833781708 7594.290771484375 0.10498046875 11.741797656958308 1449873
stats: page 10963 368.2422751082468 368.79551995473656 10553.157958984375 6.13818359375 119.67651588893055 144917
stats: connect 11166 47.4700687223282 170.70632823415238 3055.822021484375 0.373046875 17.213296599163872 145134
