# stats: dump at 1339063892
stats: users 0 3
stats: session 6 33.1453857421875 9.037261382028868 44.72021484375 21.15283203125 0 0
stats: users_count 6 6
stats: finish_users_count 6 6
stats: 200 34 34
stats: request 34 2.6237074908088234 0.5864519935535685 4.35400390625 1.72802734375 0 0
stats: connect 34 1.2384320427389706 0.3682623351977352 2.240966796875 0.703125 0 0
stats: page 3 36.999674479166664 3.0538349203026405 39.301025390625 32.68408203125 0 0
stats: size_rcv 5780 5780
stats: size_sent 4614 4614
stats: connected 0 0
# stats: dump at 1339063902
stats: users 4 11
stats: {load,"os_mon@test2"} 1 1.80078125 0 1.80078125 1.80078125 0 0
stats: {freemem,"os_mon@test2"} 1 1550.5703125 0 1550.5703125 1550.5703125 0 0
stats: {cpu,"os_mon@test3"} 1 3.022670025188917 0 3.022670025188917 3.022670025188917 0 0
stats: {load,"os_mon@test4"} 1 1.328125 0 1.328125 1.328125 0 0
stats: {freemem,"os_mon@test4"} 1 1553.66796875 0 1553.66796875 1553.66796875 0 0
stats: {freemem,"os_mon@myserver"} 1 2942.80859375 0 2942.80859375 2942.80859375 0 0
stats: {load,"os_mon@test3"} 1 1.80859375 0 1.80859375 1.80859375 0 0
stats: {cpu,"os_mon@test2"} 1 5.64516129032258 0 5.64516129032258 5.64516129032258 0 0
stats: {freemem,"os_mon@test3"} 1 1402.21484375 0 1402.21484375 1402.21484375 0 0
stats: {cpu,"os_mon@test4"} 1 2.75 0 2.75 2.75 0 0
stats: {load,"os_mon@myserver"} 1 3.55078125 0 3.55078125 3.55078125 0 0
stats: {cpu,"os_mon@myserver"} 1 2.7841052898000505 0 2.7841052898000505 2.7841052898000505 0 0
stats: session 927 26.516523342688114 11.056242420124573 146.218017578125 17.785888671875 33.1453857421875 6
stats: users_count 931 937
stats: finish_users_count 927 933
stats: 200 9216 9250
stats: request 9216 2.2738284005059035 1.5848597683765748 45.1162109375 1.085205078125 2.6237074908088234 34
stats: page 919 24.16051276438384 10.701868013463946 139.7451171875 16.531005859375 36.999674479166664 3
stats: connect 9216 1.0552463796403737 0.929616068728735 40.838134765625 0.4580078125 1.2384320427389706 34
stats: size_rcv 1566720 1572500
stats: newphase 2 2
stats: size_sent 1221760 1226374
stats: connected 0 0
# stats: dump at 1339063912
stats: users 4 21
stats: {load,"os_mon@test2"} 1 1.609375 0.0 1.80078125 1.609375 1.80078125 1
stats: {recvpackets,"os_mon@test3"} 1 4887 0 4887 4887 0 0
stats: {sentpackets,"os_mon@test3"} 1 3342 0 3342 3342 0 0
stats: {freemem,"os_mon@test2"} 1 1550.23046875 0.0 1550.5703125 1550.23046875 1550.5703125 1
stats: {cpu,"os_mon@test3"} 1 19.25434116445352 0.0 19.25434116445352 3.022670025188917 3.022670025188917 1
stats: {load,"os_mon@test4"} 1 1.19921875 0.0 1.328125 1.19921875 1.328125 1
stats: {freemem,"os_mon@test4"} 1 1552.5859375 0.0 1553.66796875 1552.5859375 1553.66796875 1
stats: {freemem,"os_mon@myserver"} 1 2942.8515625 0.0 2942.8515625 2942.80859375 2942.80859375 1
stats: {recvpackets,"os_mon@test2"} 1 4936 0 4936 4936 0 0
stats: {sentpackets,"os_mon@test2"} 1 3375 0 3375 3375 0 0
stats: {load,"os_mon@test3"} 1 1.69140625 0.0 1.80859375 1.69140625 1.80859375 1
stats: {cpu,"os_mon@test2"} 1 29.166666666666668 0.0 29.166666666666668 5.64516129032258 5.64516129032258 1
stats: {freemem,"os_mon@test3"} 1 1401.48828125 0.0 1402.21484375 1401.48828125 1402.21484375 1
stats: {recvpackets,"os_mon@test4"} 1 4902 0 4902 4902 0 0
stats: {sentpackets,"os_mon@test4"} 1 3354 0 3354 3354 0 0
stats: {cpu,"os_mon@test4"} 1 19.79539641943734 0.0 19.79539641943734 2.75 2.75 1
stats: {load,"os_mon@myserver"} 1 3.0 0.0 3.55078125 3.0 3.55078125 1
stats: {recvpackets,"os_mon@myserver"} 1 5067 0 5067 5067 0 0
stats: {sentpackets,"os_mon@myserver"} 1 3462 0 3462 3462 0 0
stats: {cpu,"os_mon@myserver"} 1 19.68154528843644 0.0 19.68154528843644 2.7841052898000505 2.7841052898000505 1
stats: session 1865 35.91543348378861 46.77620834326945 1296.237060546875 17.046875 26.559152682877823 933
stats: users_count 1865 2802
stats: finish_users_count 1865 2798
stats: request 18611 3.2309993108284436 12.578779992834269 1006.991943359375 1.041015625 2.275114442567557 9250
stats: page 1863 33.96200854741181 46.50554324995119 1294.046875 15.60693359375 24.20228877864018 922
stats: connect 18613 1.41938426194478 10.420958626028826 1002.35595703125 0.376953125 1.0559197107263576 9250
stats: 200 18611 27861
stats: size_rcv 3163870 4736370
stats: newphase 6 8
stats: size_sent 2473719 3700093
stats: connected 2 2
# stats: dump at 1339063922
stats: users 459 506
stats: {load,"os_mon@test2"} 1 1.359375 0.0 1.80078125 1.359375 1.705078125 2
stats: {recvpackets,"os_mon@test3"} 1 8980.0 0.0 8980 4887 4887.0 1
stats: {sentpackets,"os_mon@test3"} 1 5974.0 0.0 5974 3342 3342.0 1
stats: {freemem,"os_mon@test2"} 1 1548.91796875 0.0 1550.5703125 1548.91796875 1550.400390625 2
stats: {cpu,"os_mon@test3"} 1 37.00828157349896 0.0 37.00828157349896 3.022670025188917 11.138505594821218 2
stats: {load,"os_mon@test4"} 1 1.1796875 0.0 1.328125 1.1796875 1.263671875 2
stats: {freemem,"os_mon@test4"} 1 1551.6015625 0.0 1553.66796875 1551.6015625 1553.126953125 2
stats: {freemem,"os_mon@myserver"} 1 2942.26171875 0.0 2942.8515625 2942.26171875 2942.830078125 2
stats: {recvpackets,"os_mon@test2"} 1 9044.0 0.0 9044 4936 4936.0 1
stats: {sentpackets,"os_mon@test2"} 1 6019.0 0.0 6019 3375 3375.0 1
stats: {load,"os_mon@test3"} 1 1.66015625 0.0 1.80859375 1.66015625 1.75 2
stats: {cpu,"os_mon@test2"} 1 47.322794492605816 0.0 47.322794492605816 5.64516129032258 17.405913978494624 2
stats: {freemem,"os_mon@test3"} 1 1399.9140625 0.0 1402.21484375 1399.9140625 1401.8515625 2
stats: {recvpackets,"os_mon@test4"} 1 9006.0 0.0 9006 4902 4902.0 1
stats: {sentpackets,"os_mon@test4"} 1 5992.0 0.0 5992 3354 3354.0 1
stats: {cpu,"os_mon@test4"} 1 35.94566353187043 0.0 35.94566353187043 2.75 11.27269820971867 2
stats: {load,"os_mon@myserver"} 1 2.69921875 0.0 3.55078125 2.69921875 3.275390625 2
stats: {recvpackets,"os_mon@myserver"} 1 9181.0 0.0 9181 5067 5067.0 1
stats: {sentpackets,"os_mon@myserver"} 1 6114.0 0.0 6114 3462 3462.0 1
stats: {cpu,"os_mon@myserver"} 1 37.71052631578947 0.0 37.71052631578947 2.7841052898000505 11.232825289118244 2
stats: session 2396 783.053910549972 871.3978273637109 7377.5859375 17.046875 32.795558577695054 2798
stats: users_count 2851 5653
stats: finish_users_count 2396 5194
stats: request 26040 83.00209654355444 270.4035091168399 7052.431884765625 1.041015625 2.913640456824165 27861
stats: page 2393 775.9876812537531 870.6259492851941 7375.304931640625 15.60693359375 30.730963079976462 2785
stats: connect 26094 65.72157203508816 267.5299702522939 7032.8330078125 0.376953125 1.2987207620068548 27863
stats: 200 26040 53901
stats: size_rcv 4426800 9163170
stats: newphase 6 14
stats: size_sent 3461298 7161391
stats: connected 54 56
# stats: dump at 1339063932
stats: users 2029 2032
stats: {load,"os_mon@test2"} 1 1.30078125 0.0 1.80078125 1.30078125 1.58984375 3
stats: {recvpackets,"os_mon@test3"} 1 12229.0 0.0 12229 4887 6933.5 2
stats: {sentpackets,"os_mon@test3"} 1 8163.0 0.0 8163 3342 4658.0 2
stats: {freemem,"os_mon@test2"} 1 1541.44921875 0.0 1550.5703125 1541.44921875 1549.90625 3
stats: {cpu,"os_mon@test3"} 1 48.96587383660807 0.0 48.96587383660807 3.022670025188917 19.761764254380466 3
stats: {load,"os_mon@test4"} 1 1.0703125 0.0 1.328125 1.0703125 1.2356770833333333 3
stats: {freemem,"os_mon@test4"} 1 1546.12890625 0.0 1553.66796875 1546.12890625 1552.6184895833333 3
stats: {freemem,"os_mon@myserver"} 1 2941.68359375 0.0 2942.8515625 2941.68359375 2942.640625 3
stats: {recvpackets,"os_mon@test2"} 1 12215.0 0.0 12215 4936 6990.0 2
stats: {sentpackets,"os_mon@test2"} 1 8154.0 0.0 8154 3375 4697.0 2
stats: {load,"os_mon@test3"} 1 1.7890625 0.0 1.80859375 1.66015625 1.7200520833333333 3
stats: {cpu,"os_mon@test2"} 1 55.198776758409785 0.0 55.198776758409785 5.64516129032258 27.378207483198356 3
stats: {freemem,"os_mon@test3"} 1 1393.8671875 0.0 1402.21484375 1393.8671875 1401.2057291666667 3
stats: {recvpackets,"os_mon@test4"} 1 12225.0 0.0 12225 4902 6954.0 2
stats: {sentpackets,"os_mon@test4"} 1 8163.0 0.0 8163 3354 4673.0 2
stats: {cpu,"os_mon@test4"} 1 47.896103896103895 0.0 47.896103896103895 2.75 19.497019983769256 3
stats: {load,"os_mon@myserver"} 1 2.578125 0.0 3.55078125 2.578125 3.0833333333333335 3
stats: {recvpackets,"os_mon@myserver"} 1 12407.0 0.0 12407 5067 7124.0 2
stats: {sentpackets,"os_mon@myserver"} 1 8285.0 0.0 8285 3462 4788.0 2
stats: {cpu,"os_mon@myserver"} 1 57.88359788359788 0.0 57.88359788359788 2.7841052898000505 20.058725631341986 3
stats: session 2169 2229.8533625446657 1953.1118997248857 15420.903076171875 17.046875 378.8908630300585 5194
stats: users_count 3739 9392
stats: finish_users_count 2169 7363
stats: request 27878 249.88308124910324 691.2295375143167 15069.053955078125 1.041015625 41.605007898958014 53901
stats: page 2179 2212.8546733602357 1942.7145782904347 15418.962890625 15.60693359375 375.1495275044352 5178
stats: connect 27885 229.35890035070085 699.4597578609479 15050.926025390625 0.376953125 32.45408301564927 53957
stats: 200 27878 81779
stats: size_rcv 4739260 13902430
stats: newphase 6 20
stats: size_sent 3698391 10859782
stats: connected 7 63
# stats: dump at 1339063942
stats: users 4094 4443
stats: {load,"os_mon@test2"} 1 1.1015625 0.0 1.80078125 1.1015625 1.517578125 4
stats: {recvpackets,"os_mon@test3"} 1 14683.0 0.0 14683 4887 8698.666666666666 3
stats: {sentpackets,"os_mon@test3"} 1 9847.0 0.0 9847 3342 5826.333333333333 3
stats: {freemem,"os_mon@test2"} 1 1515.65625 0.0 1550.5703125 1515.65625 1547.7919921875 4
stats: {cpu,"os_mon@test3"} 1 51.03011093502378 0.0 51.03011093502378 3.022670025188917 27.062791649937367 4
stats: {load,"os_mon@test4"} 1 1.05078125 0.0 1.328125 1.05078125 1.1943359375 4
stats: {freemem,"os_mon@test4"} 1 1523.95703125 0.0 1553.66796875 1523.95703125 1550.99609375 4
stats: {freemem,"os_mon@myserver"} 1 2941.4296875 0.0 2942.8515625 2941.4296875 2942.4013671875 4
stats: {recvpackets,"os_mon@test2"} 1 14742.0 0.0 14742 4936 8731.666666666666 3
stats: {sentpackets,"os_mon@test2"} 1 9884.0 0.0 9884 3375 5849.333333333333 3
stats: {load,"os_mon@test3"} 1 1.671875 0.0 1.80859375 1.66015625 1.7373046875 4
stats: {cpu,"os_mon@test2"} 1 57.63239875389408 0.0 57.63239875389408 5.64516129032258 34.333349802001216 4
stats: {freemem,"os_mon@test3"} 1 1369.17578125 0.0 1402.21484375 1369.17578125 1399.37109375 4
stats: {recvpackets,"os_mon@test4"} 1 14717.0 0.0 14717 4902 8711.0 3
stats: {sentpackets,"os_mon@test4"} 1 9868.0 0.0 9868 3354 5836.333333333333 3
stats: {cpu,"os_mon@test4"} 1 55.76519916142557 0.0 55.76519916142557 2.75 26.596790961852918 4
stats: {load,"os_mon@myserver"} 1 3.078125 0.0 3.55078125 2.578125 2.95703125 4
stats: {recvpackets,"os_mon@myserver"} 1 15058.0 0.0 15058 5067 8885.0 3
stats: {sentpackets,"os_mon@myserver"} 1 10094.0 0.0 10094 3462 5953.666666666667 3
stats: {cpu,"os_mon@myserver"} 1 57.952713594841484 0.0 57.952713594841484 2.7841052898000505 29.514943694405957 4
stats: session 1887 5088.745692671077 3734.834827489691 21460.993896484375 17.046875 924.1492714841103 7363
stats: users_count 3952 13344
stats: finish_users_count 1887 9250
stats: request 27098 605.2251032421706 1515.4949219792986 15086.160888671875 1.041015625 112.60582875584484 81779
stats: page 1818 5030.651362890202 3702.2101748260957 21459.27294921875 15.60693359375 919.4419718186649 7357
stats: connect 27121 582.8814686688447 1512.4982314683266 15061.6708984375 0.376953125 99.54299618233524 81842
stats: 200 27098 108877
stats: size_rcv 4606660 18509090
stats: newphase 4 24
stats: size_sent 3598859 14458641
stats: connected 23 86
# stats: dump at 1339063952
stats: users 4993 5055
stats: {load,"os_mon@test2"} 1 1.08984375 0.0 1.80078125 1.08984375 1.434375 5
stats: {recvpackets,"os_mon@test3"} 1 14364.0 0.0 14683 4887 10194.75 4
stats: {sentpackets,"os_mon@test3"} 1 9922.0 0.0 9922 3342 6831.5 4
stats: {freemem,"os_mon@test2"} 1 1464.7578125 0.0 1550.5703125 1464.7578125 1541.36484375 5
stats: {cpu,"os_mon@test3"} 1 54.93403693931398 0.0 54.93403693931398 3.022670025188917 31.856255506954646 5
stats: {load,"os_mon@test4"} 1 0.96875 0.0 1.328125 0.96875 1.165625 5
stats: {freemem,"os_mon@test4"} 1 1491.10546875 0.0 1553.66796875 1491.10546875 1545.58828125 5
stats: {freemem,"os_mon@myserver"} 1 2941.8359375 0.0 2942.8515625 2941.4296875 2942.20703125 5
stats: {recvpackets,"os_mon@test2"} 1 14319.0 0.0 14742 4936 10234.25 4
stats: {sentpackets,"os_mon@test2"} 1 9904.0 0.0 9904 3375 6858.0 4
stats: {load,"os_mon@test3"} 1 1.41015625 0.0 1.80859375 1.41015625 1.72421875 5
stats: {cpu,"os_mon@test2"} 1 58.25593395252838 0.0 58.25593395252838 5.64516129032258 38.99315959237979 5
stats: {freemem,"os_mon@test3"} 1 1314.5234375 0.0 1402.21484375 1314.5234375 1393.33203125 5
stats: {recvpackets,"os_mon@test4"} 1 14342.0 0.0 14717 4902 10212.5 4
stats: {sentpackets,"os_mon@test4"} 1 9915.0 0.0 9915 3354 6844.25 4
stats: {cpu,"os_mon@test4"} 1 57.285639137296165 0.0 57.285639137296165 2.75 32.43047260176745 5
stats: {load,"os_mon@myserver"} 1 2.98828125 0.0 3.55078125 2.578125 2.98125 5
stats: {recvpackets,"os_mon@myserver"} 1 14382.0 0.0 15058 5067 10428.25 4
stats: {sentpackets,"os_mon@myserver"} 1 9968.0 0.0 10094 3462 6988.75 4
stats: {cpu,"os_mon@myserver"} 1 57.83740701381509 0.0 57.952713594841484 2.7841052898000505 35.20249767449307 5
stats: session 2482 8347.444881958696 5673.320551151648 34487.740234375 17.046875 1773.7269414062516 9250
stats: users_count 3381 16725
stats: finish_users_count 2482 11732
stats: request 27697 925.2474780274321 2449.323300980709 31102.876953125 1.041015625 235.2120458635026 108877
stats: page 2476 8265.834045114361 5585.482659078203 32556.571044921875 15.60693359375 1734.0663503437936 9175
stats: connect 27689 887.4813540804955 2444.200484985788 31080.531005859375 0.376953125 219.84642681756577 108963
stats: 200 27697 136574
stats: size_rcv 4708490 23217580
stats: newphase 6 30
stats: size_sent 3677179 18135820
stats: connected -8 78
# stats: dump at 1339063962
stats: users 6090 6091
stats: {load,"os_mon@test2"} 1 1.23046875 0.0 1.80078125 1.08984375 1.376953125 6
stats: {recvpackets,"os_mon@test3"} 1 14619.0 0.0 14683 4887 11028.6 5
stats: {sentpackets,"os_mon@test3"} 1 10336.0 0.0 10336 3342 7449.6 5
stats: {freemem,"os_mon@test2"} 1 1428.6796875 0.0 1550.5703125 1428.6796875 1528.5970052083333 6
stats: {cpu,"os_mon@test3"} 1 61.21593291404612 0.0 61.21593291404612 3.022670025188917 35.70255241234787 6
stats: {load,"os_mon@test4"} 1 1.05859375 0.0 1.328125 0.96875 1.1328125 6
stats: {freemem,"os_mon@test4"} 1 1461.9375 0.0 1553.66796875 1461.9375 1536.5078125 6
stats: {freemem,"os_mon@myserver"} 1 2937.80859375 0.0 2942.8515625 2937.80859375 2942.1451822916665 6
stats: {recvpackets,"os_mon@test2"} 1 14543.0 0.0 14742 4936 11051.2 5
stats: {sentpackets,"os_mon@test2"} 1 10302.0 0.0 10302 3375 7467.2 5
stats: {load,"os_mon@test3"} 1 1.578125 0.0 1.80859375 1.41015625 1.671875 6
stats: {cpu,"os_mon@test2"} 1 59.48453608247423 0.0 59.48453608247423 5.64516129032258 42.20362198573789 6
stats: {freemem,"os_mon@test3"} 1 1260.6171875 0.0 1402.21484375 1260.6171875 1380.197265625 6
stats: {recvpackets,"os_mon@test4"} 1 14576.0 0.0 14717 4902 11038.4 5
stats: {sentpackets,"os_mon@test4"} 1 10313.0 0.0 10313 3354 7458.4 5
stats: {cpu,"os_mon@test4"} 1 58.03571428571429 0.0 58.03571428571429 2.75 36.573000357688905 6
stats: {load,"os_mon@myserver"} 1 3.48046875 0.0 3.55078125 2.578125 2.982421875 6
stats: {recvpackets,"os_mon@myserver"} 1 14382.0 0.0 15058 5067 11219.0 5
stats: {sentpackets,"os_mon@myserver"} 1 10272.0 0.0 10272 3462 7584.6 5
stats: {cpu,"os_mon@myserver"} 1 58.4700899947062 0.0 58.4700899947062 2.7841052898000505 38.97498256438007 6
stats: session 2393 9881.211798368604 8097.188778016087 39425.35693359375 17.046875 3164.450426613477 11732
stats: users_count 3490 20215
stats: finish_users_count 2393 14125
stats: 200 28116 164690
stats: request 28116 1044.4689070815157 3084.7407339580186 31330.9990234375 1.041015625 375.1501846354823 136574
stats: connect 28112 998.5972982894091 3080.9700387353723 31104.97314453125 0.376953125 355.12540920335783 136652
stats: page 2417 9752.369823047027 7995.615228743982 39423.031982421875 15.60693359375 3122.1580860104254 11651
stats: size_rcv 4779720 27997300
stats: newphase 6 36
stats: size_sent 3730976 21866796
stats: connected -4 74
# stats: dump at 1339063972
stats: users 6447 6858
stats: {load,"os_mon@test2"} 1 1.51171875 0.0 1.80078125 1.08984375 1.3560267857142858 7
stats: {recvpackets,"os_mon@test3"} 1 14715.0 0.0 14715 4887 11627.0 6
stats: {sentpackets,"os_mon@test3"} 1 10723.0 0.0 10723 3342 7930.666666666667 6
stats: {freemem,"os_mon@test2"} 1 1361.26953125 0.0 1550.5703125 1361.26953125 1514.3231026785713 7
stats: {cpu,"os_mon@test3"} 1 49.297971918876755 0.0 61.21593291404612 3.022670025188917 39.347321055447615 7
stats: {load,"os_mon@test4"} 1 1.28125 0.0 1.328125 0.96875 1.1222098214285714 7
stats: {freemem,"os_mon@test4"} 1 1444.1640625 0.0 1553.66796875 1444.1640625 1525.8549107142858 7
stats: {freemem,"os_mon@myserver"} 1 2937.87109375 0.0 2942.8515625 2937.80859375 2941.5256696428573 7
stats: {recvpackets,"os_mon@test2"} 1 14769.0 0.0 14769 4936 11633.166666666666 6
stats: {sentpackets,"os_mon@test2"} 1 10738.0 0.0 10738 3375 7939.666666666667 6
stats: {load,"os_mon@test3"} 1 1.33984375 0.0 1.80859375 1.33984375 1.6584821428571428 7
stats: {cpu,"os_mon@test2"} 1 76.67532467532467 0.0 76.67532467532467 5.64516129032258 44.67232399955736 7
stats: {freemem,"os_mon@test3"} 1 1228.2578125 0.0 1402.21484375 1228.2578125 1363.1143973214287 7
stats: {recvpackets,"os_mon@test4"} 1 14746.0 0.0 14746 4902 11628.0 6
stats: {sentpackets,"os_mon@test4"} 1 10737.0 0.0 10737 3354 7934.166666666667 6
stats: {cpu,"os_mon@test4"} 1 52.114882506527415 0.0 58.03571428571429 2.75 39.63910234740682 7
stats: {load,"os_mon@myserver"} 1 4.48828125 0.0 4.48828125 2.578125 3.0535714285714284 7
stats: {recvpackets,"os_mon@myserver"} 1 14965.0 0.0 15058 5067 11746.166666666666 6
stats: {sentpackets,"os_mon@myserver"} 1 10829.0 0.0 10829 3462 8032.5 6
stats: {cpu,"os_mon@myserver"} 1 58.038798830720175 0.0 58.4700899947062 2.7841052898000505 41.75999791156952 7
stats: session 2505 11780.445137361994 10173.151541624016 46707.450927734375 17.046875 4302.376795647814 14125
stats: users_count 2862 23077
stats: finish_users_count 2505 16630
stats: request 27783 1309.8900457251195 3972.087815800561 32624.655029296875 1.041015625 489.41677763015514 164690
stats: page 2491 11786.697092540959 10184.578053326195 46705.56494140625 15.60693359375 4261.2838870068335 14068
stats: connect 27776 1252.1938522268513 3963.411036619989 31117.0009765625 0.376953125 464.9144513848239 164764
stats: 200 27783 192473
stats: size_rcv 4723110 32720410
stats: newphase 6 42
stats: size_sent 3686048 25552844
stats: connected -7 67
# stats: dump at 1339063982
stats: users 7949 8226
stats: {load,"os_mon@test2"} 1 1.3515625 0.0 1.80078125 1.08984375 1.37548828125 8
stats: {recvpackets,"os_mon@test3"} 1 14329.0 0.0 14715 4887 12068.142857142857 7
stats: {sentpackets,"os_mon@test3"} 1 10568.0 0.0 10723 3342 8329.57142857143 7
stats: {freemem,"os_mon@test2"} 1 1323.12890625 0.0 1550.5703125 1323.12890625 1495.19140625 8
stats: {cpu,"os_mon@test3"} 1 50.439730988101395 0.0 61.21593291404612 3.022670025188917 40.591152413376264 8
stats: {load,"os_mon@test4"} 1 1.23828125 0.0 1.328125 0.96875 1.14208984375 8
stats: {freemem,"os_mon@test4"} 1 1398.640625 0.0 1553.66796875 1398.640625 1515.6435546875 8
stats: {freemem,"os_mon@myserver"} 1 2937.33984375 0.0 2942.8515625 2937.33984375 2941.06884765625 8
stats: {recvpackets,"os_mon@test2"} 1 14442.0 0.0 14769 4936 12081.142857142857 7
stats: {sentpackets,"os_mon@test2"} 1 10656.0 0.0 10738 3375 8339.42857142857 7
stats: {load,"os_mon@test3"} 1 1.359375 0.0 1.80859375 1.33984375 1.61865234375 8
stats: {cpu,"os_mon@test2"} 1 66.47549530761209 0.0 76.67532467532467 5.64516129032258 48.67269908402828 8
stats: {freemem,"os_mon@test3"} 1 1205.87890625 0.0 1402.21484375 1205.87890625 1346.25732421875 8
stats: {recvpackets,"os_mon@test4"} 1 15001.0 0.0 15001 4902 12073.42857142857 7
stats: {sentpackets,"os_mon@test4"} 1 11043.0 0.0 11043 3354 8334.57142857143 7
stats: {cpu,"os_mon@test4"} 1 64.2967542503864 0.0 64.2967542503864 2.75 41.19857486729689 8
stats: {load,"os_mon@myserver"} 1 4.33984375 0.0 4.48828125 2.578125 3.23291015625 8
stats: {recvpackets,"os_mon@myserver"} 1 15635.0 0.0 15635 5067 12206.0 7
stats: {sentpackets,"os_mon@myserver"} 1 11447.0 0.0 11447 3462 8432.0 7
stats: {cpu,"os_mon@myserver"} 1 58.18229577094826 0.0 58.4700899947062 2.7841052898000505 43.79484802646335 8
stats: session 2219 13081.47407675455 11463.555161396742 57540.535888671875 17.046875 5428.808617415344 16630
stats: users_count 3721 26798
stats: finish_users_count 2219 18849
stats: 200 27481 219954
stats: request 27481 1403.6248668113901 4125.218316584149 34750.755126953125 1.041015625 607.850058181102 192473
stats: page 2236 12992.367316667414 11311.120856300624 57538.677001953125 15.60693359375 5393.345261183143 16559
stats: connect 27483 1308.6598152543945 4110.530502314733 31122.966064453125 0.376953125 578.4881121191552 192540
stats: size_rcv 4671770 37392180
stats: newphase 6 48
stats: size_sent 3647289 29200133
stats: connected 2 69
stats: error_connect_etimedout 2 2
# stats: dump at 1339063992
stats: users 8062 8366
stats: {load,"os_mon@test2"} 1 1.21875 0.0 1.80078125 1.08984375 1.3728298611111112 9
stats: {recvpackets,"os_mon@test3"} 1 14934.0 0.0 14934 4887 12350.75 8
stats: {sentpackets,"os_mon@test3"} 1 1.11e4 0.0 11100 3342 8609.375 8
stats: {freemem,"os_mon@test2"} 1 1295.0859375 0.0 1550.5703125 1295.0859375 1476.0733506944443 9
stats: {cpu,"os_mon@test3"} 1 64.63157894736841 0.0 64.63157894736841 3.022670025188917 41.68543892167906 9
stats: {load,"os_mon@test4"} 1 1.2109375 0.0 1.328125 0.96875 1.1527777777777777 9
stats: {freemem,"os_mon@test4"} 1 1359.10546875 0.0 1553.66796875 1359.10546875 1502.6432291666667 9
stats: {freemem,"os_mon@myserver"} 1 2937.85546875 0.0 2942.8515625 2937.33984375 2940.6545138888887 9
stats: {recvpackets,"os_mon@test2"} 1 14796.0 0.0 14796 4936 12376.25 8
stats: {sentpackets,"os_mon@test2"} 1 10975.0 0.0 10975 3375 8629.0 8
stats: {load,"os_mon@test3"} 1 1.55078125 0.0 1.80859375 1.33984375 1.58984375 9
stats: {cpu,"os_mon@test2"} 1 59.06249999999999 0.0 76.67532467532467 5.64516129032258 50.650787553315375 9
stats: {freemem,"os_mon@test3"} 1 1138.265625 0.0 1402.21484375 1138.265625 1330.6597222222222 9
stats: {recvpackets,"os_mon@test4"} 1 14633.0 0.0 15001 4902 12439.375 8
stats: {sentpackets,"os_mon@test4"} 1 10853.0 0.0 11043 3354 8673.125 8
stats: {cpu,"os_mon@test4"} 1 63.92075078206465 0.0 64.2967542503864 2.75 43.76503924319573 9
stats: {load,"os_mon@myserver"} 1 4.26953125 0.0 4.48828125 2.578125 3.3559027777777777 9
stats: {recvpackets,"os_mon@myserver"} 1 13645.0 0.0 15635 5067 12634.625 8
stats: {sentpackets,"os_mon@myserver"} 1 10320.0 0.0 11447 3462 8808.875 8
stats: {cpu,"os_mon@myserver"} 1 57.490735839068286 0.0 58.4700899947062 2.7841052898000505 45.393453331406114 9
stats: session 2590 14138.880199064153 12170.008638563875 74486.88208007813 17.046875 6329.719257463818 18849
stats: users_count 2703 29501
stats: finish_users_count 2590 21439
stats: 200 27135 247089
stats: request 27135 1531.7680300303355 4365.972262883978 34750.755126953125 1.041015625 707.273971890191 219954
stats: connect 27099 1428.0501921646828 4351.037453307084 32319.964111328125 0.376953125 669.6936175311611 220023
stats: page 2615 14114.793398493512 12192.402943060022 74485.2939453125 15.60693359375 6297.384277733439 18795
stats: size_rcv 4612950 42005130
stats: newphase 6 54
stats: size_sent 3595505 32795638
stats: connected -36 33
stats: error_connect_etimedout 159 161
# stats: dump at 1339064002
stats: users 9082 9082
stats: {load,"os_mon@test2"} 1 1.109375 0.0 1.80078125 1.08984375 1.357421875 10
stats: {recvpackets,"os_mon@test3"} 1 13092.0 0.0 14934 4887 12637.777777777777 9
stats: {sentpackets,"os_mon@test3"} 1 10134.0 0.0 11100 3342 8886.111111111111 9
stats: {freemem,"os_mon@test2"} 1 1239.85546875 0.0 1550.5703125 1239.85546875 1457.974609375 10
stats: {cpu,"os_mon@test3"} 1 49.01960784313725 0.0 64.63157894736841 3.022670025188917 43.98005292424799 10
stats: {load,"os_mon@test4"} 1 1.66015625 0.0 1.66015625 0.96875 1.15859375 10
stats: {freemem,"os_mon@test4"} 1 1318.9921875 0.0 1553.66796875 1318.9921875 1488.289453125 10
stats: {freemem,"os_mon@myserver"} 1 2937.3828125 0.0 2942.8515625 2937.33984375 2940.374609375 10
stats: {recvpackets,"os_mon@test2"} 1 13049.0 0.0 14796 4936 12645.111111111111 9
stats: {sentpackets,"os_mon@test2"} 1 10138.0 0.0 10975 3375 8889.666666666666 9
stats: {load,"os_mon@test3"} 1 1.6796875 0.0 1.80859375 1.33984375 1.5859375 10
stats: {cpu,"os_mon@test2"} 1 69.8974358974359 0.0 76.67532467532467 5.64516129032258 51.49195879798383 10
stats: {freemem,"os_mon@test3"} 1 1123.9765625 0.0 1402.21484375 1123.9765625 1311.4203125 10
stats: {recvpackets,"os_mon@test4"} 1 12932.0 0.0 15001 4902 12683.111111111111 9
stats: {sentpackets,"os_mon@test4"} 1 10085.0 0.0 11043 3354 8915.333333333334 9
stats: {cpu,"os_mon@test4"} 1 65.38661131292164 0.0 65.38661131292164 2.75 45.78061039708262 10
stats: {load,"os_mon@myserver"} 1 4.7890625 0.0 4.7890625 2.578125 3.447265625 10
stats: {recvpackets,"os_mon@myserver"} 1 13733.0 0.0 15635 5067 12746.888888888889 9
stats: {sentpackets,"os_mon@myserver"} 1 10579.0 0.0 11447 3462 8976.777777777777 9
stats: {cpu,"os_mon@myserver"} 1 57.54189944134078 0.0 58.4700899947062 2.7841052898000505 46.60318158217233 10
stats: session 2664 18196.700680477774 16122.690427607253 81477.4560546875 17.046875 7273.127384650014 21439
stats: users_count 3684 33185
stats: finish_users_count 2664 24103
stats: request 27831 1617.2597443435072 4599.682942812964 34879.572998046875 1.041015625 797.818861657169 247089
stats: page 2656 18081.553193517444 15922.188730748761 81475.30200195313 15.60693359375 7252.196274500726 21410
stats: connect 27854 1439.557749863474 4574.334408663062 32555.934814453125 0.376953125 752.8537765457118 247122
stats: 200 27831 274920
stats: size_rcv 4731270 46736400
stats: newphase 6 60
stats: size_sent 3696138 36491776
stats: connected 23 56
stats: error_connect_etimedout 649 810
# stats: dump at 1339064012
stats: users 9480 9689
stats: {load,"os_mon@test2"} 1 1.26171875 0.0 1.80078125 1.08984375 1.3348721590909092 11
stats: {recvpackets,"os_mon@test3"} 1 18145.0 0.0 18145 4887 12683.2 10
stats: {sentpackets,"os_mon@test3"} 1 13388.0 0.0 13388 3342 9010.9 10
stats: {freemem,"os_mon@test2"} 1 1210.8984375 0.0 1550.5703125 1210.8984375 1438.145596590909 11
stats: {cpu,"os_mon@test3"} 1 71.51041666666667 0.0 71.51041666666667 3.022670025188917 44.43819428051065 11
stats: {load,"os_mon@test4"} 1 1.71875 0.0 1.71875 0.96875 1.2041903409090908 11
stats: {freemem,"os_mon@test4"} 1 1293.15625 0.0 1553.66796875 1293.15625 1472.8987926136363 11
stats: {freemem,"os_mon@myserver"} 1 2937.04296875 0.0 2942.8515625 2937.04296875 2940.102627840909 11
stats: {recvpackets,"os_mon@test2"} 1 18157.0 0.0 18157 4936 12685.5 10
stats: {sentpackets,"os_mon@test2"} 1 13383.0 0.0 13383 3375 9014.5 10
stats: {load,"os_mon@test3"} 1 1.890625 0.0 1.890625 1.33984375 1.5944602272727273 11
stats: {cpu,"os_mon@test2"} 1 67.96875 0.0 76.67532467532467 5.64516129032258 53.16518398884311 11
stats: {freemem,"os_mon@test3"} 1 1043.234375 0.0 1402.21484375 1043.234375 1294.379971590909 11
stats: {recvpackets,"os_mon@test4"} 1 18312.0 0.0 18312 4902 12708.0 10
stats: {sentpackets,"os_mon@test4"} 1 13465.0 0.0 13465 3354 9032.3 10
stats: {cpu,"os_mon@test4"} 1 55.997904662126764 0.0 65.38661131292164 2.75 47.562974116704346 11
stats: {load,"os_mon@myserver"} 1 5.671875 0.0 5.671875 2.578125 3.569247159090909 11
stats: {recvpackets,"os_mon@myserver"} 1 17880.0 0.0 17880 5067 12845.5 10
stats: {sentpackets,"os_mon@myserver"} 1 13302.0 0.0 13302 3462 9137.0 10
stats: {cpu,"os_mon@myserver"} 1 56.62052755288587 0.0 58.4700899947062 2.7841052898000505 47.59761047846038 11
stats: session 2393 22986.585043780076 24005.504514065076 89529.9599609375 17.046875 8480.462540443283 24103
stats: users_count 2791 35976
stats: finish_users_count 2393 26496
stats: 200 27023 301943
stats: request 27023 1415.110618551487 3992.183941944183 34879.572998046875 1.041015625 880.7733909967714 274920
stats: connect 27037 1298.1145342258853 3941.928429949395 32555.934814453125 0.376953125 822.4142199036519 274976
stats: page 2320 22428.338648513258 23524.793527436468 89528.42602539063 15.60693359375 8447.358410996547 24066
stats: size_rcv 4593910 51330310
stats: newphase 5 65
stats: size_sent 3587815 40079591
stats: connected 14 70
stats: error_connect_etimedout 538 1348
# stats: dump at 1339064022
stats: users 9815 10513
stats: {load,"os_mon@test2"} 1 1.44140625 0.0 1.80078125 1.08984375 1.3287760416666667 12
stats: {recvpackets,"os_mon@test3"} 1 13780.0 0.0 18145 4887 13179.727272727272 11
stats: {sentpackets,"os_mon@test3"} 1 10685.0 0.0 13388 3342 9408.818181818182 11
stats: {freemem,"os_mon@test2"} 1 1203.6328125 0.0 1550.5703125 1203.6328125 1419.2083333333333 12
stats: {cpu,"os_mon@test3"} 1 72.00208550573514 0.0 72.00208550573514 3.022670025188917 46.69421281269032 12
stats: {load,"os_mon@test4"} 1 1.76171875 0.0 1.76171875 0.96875 1.2470703125 12
stats: {freemem,"os_mon@test4"} 1 1231.72265625 0.0 1553.66796875 1231.72265625 1457.9202473958333 12
stats: {freemem,"os_mon@myserver"} 1 2937.50390625 0.0 2942.8515625 2937.04296875 2939.84765625 12
stats: {recvpackets,"os_mon@test2"} 1 13902.0 0.0 18157 4936 13182.90909090909 11
stats: {sentpackets,"os_mon@test2"} 1 10786.0 0.0 13383 3375 9411.636363636364 11
stats: {load,"os_mon@test3"} 1 2.05859375 0.0 2.05859375 1.33984375 1.619140625 12
stats: {cpu,"os_mon@test2"} 1 50.91575091575091 0.0 76.67532467532467 5.64516129032258 54.39881448977285 12
stats: {freemem,"os_mon@test3"} 1 986.140625 0.0 1402.21484375 986.140625 1273.451171875 12
stats: {recvpackets,"os_mon@test4"} 1 13990.0 0.0 18312 4902 13217.454545454546 11
stats: {sentpackets,"os_mon@test4"} 1 10858.0 0.0 13465 3354 9435.272727272728 11
stats: {cpu,"os_mon@test4"} 1 66.25194401244168 0.0 66.25194401244168 2.75 48.26588499548955 12
stats: {load,"os_mon@myserver"} 1 5.69140625 0.0 5.69140625 2.578125 3.7444661458333335 12
stats: {recvpackets,"os_mon@myserver"} 1 15273.0 0.0 17880 5067 13303.181818181818 11
stats: {sentpackets,"os_mon@myserver"} 1 11697.0 0.0 13302 3462 9515.636363636364 11
stats: {cpu,"os_mon@myserver"} 1 58.51758793969849 0.0 58.51758793969849 2.7841052898000505 48.3495202346625 12
stats: session 2565 26790.326091541767 27403.856445133584 97749.30908203125 17.046875 9790.590527704942 26496
stats: users_count 2900 38876
stats: finish_users_count 2565 29061
stats: 200 28119 330062
stats: size_rcv 4780230 56110540
stats: newphase 3 68
stats: size_sent 3731179 43810770
stats: connected 2 72
stats: error_connect_etimedout 644 1992
stats: connect 28121 1387.7346699638247 3968.8625155620934 32555.934814453125 0.376953125 865.0001661984479 302013
stats: page 2576 25052.223394358403 26305.73912747191 97747.66479492188 15.60693359375 9676.641900386328 26386
stats: request 28119 1493.8592222156783 4003.614875954949 35061.52001953125 1.041015625 928.5949828210928 301943
# stats: dump at 1339064032
stats: users 10787 11096
stats: {load,"os_mon@test2"} 1 1.8984375 0.0 1.8984375 1.08984375 1.3374399038461537 13
stats: {recvpackets,"os_mon@test3"} 1 16321.0 0.0 18145 4887 13229.75 12
stats: {sentpackets,"os_mon@test3"} 1 12453.0 0.0 13388 3342 9515.166666666666 12
stats: {freemem,"os_mon@test2"} 1 1169.1640625 0.0 1550.5703125 1169.1640625 1402.6256009615386 13
stats: {cpu,"os_mon@test3"} 1 78.884873515746 0.0 78.884873515746 3.022670025188917 48.64097225061684 13
stats: {load,"os_mon@test4"} 1 1.87109375 0.0 1.87109375 0.96875 1.2866586538461537 13
stats: {freemem,"os_mon@test4"} 1 1207.09375 0.0 1553.66796875 1207.09375 1440.5204326923076 13
stats: {freemem,"os_mon@myserver"} 1 2937.01953125 0.0 2942.8515625 2937.01953125 2939.6673677884614 13
stats: {recvpackets,"os_mon@test2"} 1 16386.0 0.0 18157 4936 13242.833333333334 12
stats: {sentpackets,"os_mon@test2"} 1 12489.0 0.0 13383 3375 9526.166666666666 12
stats: {load,"os_mon@test3"} 1 1.98046875 0.0 2.05859375 1.33984375 1.6529447115384615 13
stats: {cpu,"os_mon@test2"} 1 66.09553478712358 0.0 76.67532467532467 5.64516129032258 54.13088652254039 13
stats: {freemem,"os_mon@test3"} 1 909.328125 0.0 1402.21484375 909.328125 1251.350360576923 13
stats: {recvpackets,"os_mon@test4"} 1 16452.0 0.0 18312 4902 13281.833333333334 12
stats: {sentpackets,"os_mon@test4"} 1 12539.0 0.0 13465 3354 9553.833333333334 12
stats: {cpu,"os_mon@test4"} 1 50.824742268041234 0.0 66.25194401244168 2.75 49.649427996793555 13
stats: {load,"os_mon@myserver"} 1 5.51953125 0.0 5.69140625 2.578125 3.894230769230769 13
stats: {recvpackets,"os_mon@myserver"} 1 16997.0 0.0 17880 5067 13467.333333333334 12
stats: {sentpackets,"os_mon@myserver"} 1 12936.0 0.0 13302 3462 9697.416666666666 12
stats: {cpu,"os_mon@myserver"} 1 57.77305341482859 0.0 58.51758793969849 2.7841052898000505 49.13167928889604 13
stats: session 2432 28961.643464740955 28807.165832295286 108170.52709960938 17.046875 11291.031727981652 29061
stats: users_count 3404 42280
stats: finish_users_count 2432 31493
stats: request 27073 1541.927665451469 4255.762403110574 35061.52001953125 1.041015625 976.751587178869 330062
stats: page 2446 27728.76137100433 27909.560160895726 108168.36303710938 15.60693359375 11044.209676384951 28962
stats: 200 27073 357135
stats: connect 27067 1420.3974989471972 4218.01028036863 32623.81396484375 0.376953125 909.5269855517596 330134
stats: size_rcv 4602410 60712950
stats: newphase 4 72
stats: size_sent 3592665 47403435
stats: connected -6 66
stats: error_connect_etimedout 615 2607
# stats: dump at 1339064042
stats: users 13050 13209
stats: {load,"os_mon@test2"} 1 1.83984375 0.0 1.8984375 1.08984375 1.3775111607142858 14
stats: {recvpackets,"os_mon@test3"} 1 17059.0 0.0 18145 4887 13467.538461538461 13
stats: {sentpackets,"os_mon@test3"} 1 12964.0 0.0 13388 3342 9741.153846153846 13
stats: {freemem,"os_mon@test2"} 1 1132.65234375 0.0 1550.5703125 1132.65234375 1385.9497767857142 14
stats: {cpu,"os_mon@test3"} 1 67.4163179916318 0.0 78.884873515746 3.022670025188917 50.80125091241178 14
stats: {load,"os_mon@test4"} 1 1.96875 0.0 1.96875 0.96875 1.3284040178571428 14
stats: {freemem,"os_mon@test4"} 1 1152.62109375 0.0 1553.66796875 1152.62109375 1423.8470982142858 14
stats: {freemem,"os_mon@myserver"} 1 2936.09375 0.0 2942.8515625 2936.09375 2939.4782366071427 14
stats: {recvpackets,"os_mon@test2"} 1 17140.0 0.0 18157 4936 13484.615384615385 13
stats: {sentpackets,"os_mon@test2"} 1 13019.0 0.0 13383 3375 9754.076923076924 13
stats: {load,"os_mon@test3"} 1 1.98046875 0.0 2.05859375 1.33984375 1.6763392857142858 14
stats: {cpu,"os_mon@test2"} 1 68.5537828100875 0.0 76.67532467532467 5.64516129032258 54.985504255724905 14
stats: {freemem,"os_mon@test3"} 1 857.94921875 0.0 1402.21484375 857.94921875 1226.920200892857 14
stats: {recvpackets,"os_mon@test4"} 1 17247.0 0.0 18312 4902 13525.692307692309 13
stats: {sentpackets,"os_mon@test4"} 1 13088.0 0.0 13465 3354 9783.461538461539 13
stats: {cpu,"os_mon@test4"} 1 61.70436612309311 0.0 66.25194401244168 2.75 49.73337901616839 14
stats: {load,"os_mon@myserver"} 1 5.55078125 0.0 5.69140625 2.578125 4.010323660714286 14
stats: {recvpackets,"os_mon@myserver"} 1 16974.0 0.0 17880 5067 13738.846153846154 13
stats: {sentpackets,"os_mon@myserver"} 1 1.3e4 0.0 13302 3462 9946.538461538461 13
stats: {cpu,"os_mon@myserver"} 1 57.68426555148981 0.0 58.51758793969849 2.7841052898000505 49.748920297891225 14
stats: session 1975 30296.75707525713 30014.563048914777 114698.68505859375 17.046875 12655.61838990013 31493
stats: users_count 4238 46518
stats: finish_users_count 1975 33468
stats: 200 26397 383532
stats: connect 26414 1558.4903032157517 4573.3986620660025 32623.81396484375 0.376953125 948.2383334653273 357201
stats: page 2013 28094.723123185606 28598.647472808334 114528.80200195313 15.60693359375 12343.573324023737 31408
stats: request 26397 1699.5571259003902 4597.075808657029 36987.300048828125 1.041015625 1019.5953632497501 357135
stats: size_rcv 4487490 65200440
stats: newphase 6 78
stats: size_sent 3505946 50909381
stats: connected 17 83
stats: error_connect_etimedout 668 3275
# stats: dump at 1339064052
stats: users 12736 13209
stats: {load,"os_mon@test2"} 1 1.55859375 0.0 1.8984375 1.08984375 1.4083333333333334 15
stats: {recvpackets,"os_mon@test3"} 1 17235.0 0.0 18145 4887 13724.07142857143 14
stats: {sentpackets,"os_mon@test3"} 1 13413.0 0.0 13413 3342 9971.357142857143 14
stats: {freemem,"os_mon@test2"} 1 1088.18359375 0.0 1550.5703125 1088.18359375 1369.06328125 15
stats: {cpu,"os_mon@test3"} 1 61.029411764705884 0.0 78.884873515746 3.022670025188917 51.90892205102645 15
stats: {load,"os_mon@test4"} 1 1.75 0.0 1.96875 0.96875 1.37109375 15
stats: {freemem,"os_mon@test4"} 1 1065.99609375 0.0 1553.66796875 1065.99609375 1405.7653645833334 15
stats: {freemem,"os_mon@myserver"} 1 2936.33984375 0.0 2942.8515625 2936.09375 2939.2526041666665 15
stats: {recvpackets,"os_mon@test2"} 1 17046.0 0.0 18157 4936 13745.714285714286 14
stats: {sentpackets,"os_mon@test2"} 1 13296.0 0.0 13383 3375 9987.285714285714 14
stats: {load,"os_mon@test3"} 1 1.96875 0.0 2.05859375 1.33984375 1.6966145833333333 15
stats: {cpu,"os_mon@test2"} 1 63.783220427305885 0.0 76.67532467532467 5.64516129032258 55.89005615934908 15
stats: {freemem,"os_mon@test3"} 1 810.48828125 0.0 1402.21484375 810.48828125 1202.3221354166667 15
stats: {recvpackets,"os_mon@test4"} 1 16818.0 0.0 18312 4902 13791.5 14
stats: {sentpackets,"os_mon@test4"} 1 13152.0 0.0 13465 3354 10019.5 14
stats: {cpu,"os_mon@test4"} 1 71.70103092783505 0.0 71.70103092783505 2.75 50.53144482329671 15
stats: {load,"os_mon@myserver"} 1 5.1484375 0.0 5.69140625 2.578125 4.113020833333334 15
stats: {recvpackets,"os_mon@myserver"} 1 17049.0 0.0 17880 5067 13969.92857142857 14
stats: {sentpackets,"os_mon@myserver"} 1 13383.0 0.0 13383 3462 10164.642857142857 14
stats: {cpu,"os_mon@myserver"} 1 58.86842105263158 0.0 58.86842105263158 2.7841052898000505 50.277943314797795 15
stats: session 2737 31142.713128610852 30427.266566197737 122602.08715820313 17.046875 13696.650088943396 33468
stats: users_count 2423 48941
stats: finish_users_count 2737 36205
stats: request 27466 1844.3844984356354 4679.808815895601 36987.300048828125 1.041015625 1066.3944586282034 383532
stats: page 2732 29482.718211407206 29274.60490943115 122600.80395507813 15.60693359375 13292.290135181776 33421
stats: connect 27450 1601.9901273355706 4647.488754382364 32623.81396484375 0.376953125 990.2575337807157 383615
stats: 200 27466 410998
stats: size_rcv 4669220 69869660
stats: newphase 6 84
stats: size_sent 3642736 54552117
stats: connected -16 67
stats: error_connect_etimedout 697 3972
# stats: dump at 1339064062
stats: users 13277 13575
stats: {load,"os_mon@test2"} 1 1.69140625 0.0 1.8984375 1.08984375 1.417724609375 16
stats: {recvpackets,"os_mon@test3"} 1 15514.0 0.0 18145 4887 13958.133333333333 15
stats: {sentpackets,"os_mon@test3"} 1 12461.0 0.0 13413 3342 10200.8 15
stats: {freemem,"os_mon@test2"} 1 1054.73046875 0.0 1550.5703125 1054.73046875 1351.50830078125 16
stats: {cpu,"os_mon@test3"} 1 63.28125 0.0 78.884873515746 3.022670025188917 52.47895265813141 16
stats: {load,"os_mon@test4"} 1 1.48046875 0.0 1.96875 0.96875 1.394775390625 16
stats: {freemem,"os_mon@test4"} 1 1002.421875 0.0 1553.66796875 1002.421875 1384.52978515625 16
stats: {freemem,"os_mon@myserver"} 1 2935.9296875 0.0 2942.8515625 2935.9296875 2939.070556640625 16
stats: {recvpackets,"os_mon@test2"} 1 15621.0 0.0 18157 4936 13965.733333333334 15
stats: {sentpackets,"os_mon@test2"} 1 12533.0 0.0 13383 3375 10207.866666666667 15
stats: {load,"os_mon@test3"} 1 1.73828125 0.0 2.05859375 1.33984375 1.713623046875 16
stats: {cpu,"os_mon@test2"} 1 64.99741868869386 0.0 76.67532467532467 5.64516129032258 56.38337892609638 16
stats: {freemem,"os_mon@test3"} 1 770.8203125 0.0 1402.21484375 770.8203125 1177.83251953125 16
stats: {recvpackets,"os_mon@test4"} 1 15655.0 0.0 18312 4902 13993.266666666666 15
stats: {sentpackets,"os_mon@test4"} 1 12561.0 0.0 13465 3354 10228.333333333334 15
stats: {cpu,"os_mon@test4"} 1 70.34339229968782 0.0 71.70103092783505 2.75 51.854543954830355 16
stats: {load,"os_mon@myserver"} 1 4.921875 0.0 5.69140625 2.578125 4.177734375 16
stats: {recvpackets,"os_mon@myserver"} 1 18427.0 0.0 18427 5067 14175.2 15
stats: {sentpackets,"os_mon@myserver"} 1 14308.0 0.0 14308 3462 10379.2 15
stats: {cpu,"os_mon@myserver"} 1 57.74388640546937 0.0 58.86842105263158 2.7841052898000505 50.81484817341241 16
stats: session 2502 32804.415965274646 31226.384015197407 126693.64111328125 17.046875 15015.52523159137 36205
stats: users_count 3043 51984
stats: finish_users_count 2502 38707
stats: request 27669 1736.434805267741 4697.333460873333 36987.300048828125 1.041015625 1118.385646987638 410998
stats: page 2497 31043.57133169176 30100.36980144753 126692.03100585938 15.60693359375 14515.763968729418 36153
stats: connect 27669 1507.3223718260417 4640.938878532203 32623.81396484375 0.376953125 1031.1076662246862 411065
stats: 200 27669 438667
stats: size_rcv 4703730 74573390
stats: newphase 6 90
stats: size_sent 3670751 58222868
stats: connected -1 66
stats: error_connect_etimedout 662 4634
# stats: dump at 1339064072
stats: users 15289 15291
stats: {load,"os_mon@test2"} 1 1.671875 0.0 1.8984375 1.08984375 1.4338235294117647 17
stats: {recvpackets,"os_mon@test3"} 1 19968.0 0.0 19968 4887 14055.375 16
stats: {sentpackets,"os_mon@test3"} 1 15395.0 0.0 15395 3342 10342.0625 16
stats: {freemem,"os_mon@test2"} 1 1036.4609375 0.0 1550.5703125 1036.4609375 1334.05078125 17
stats: {cpu,"os_mon@test3"} 1 69.56066945606695 0.0 78.884873515746 3.022670025188917 53.114381913535446 17
stats: {load,"os_mon@test4"} 1 1.48046875 0.0 1.96875 0.96875 1.3998161764705883 17
stats: {freemem,"os_mon@test4"} 1 907.03515625 0.0 1553.66796875 907.03515625 1362.0528492647059 17
stats: {freemem,"os_mon@myserver"} 1 2935.7890625 0.0 2942.8515625 2935.7890625 2938.885799632353 17
stats: {recvpackets,"os_mon@test2"} 1 20079.0 0.0 20079 4936 14069.1875 16
stats: {sentpackets,"os_mon@test2"} 1 15463.0 0.0 15463 3375 10353.1875 16
stats: {load,"os_mon@test3"} 1 2.171875 0.0 2.171875 1.33984375 1.7150735294117647 17
stats: {cpu,"os_mon@test2"} 1 54.15800415800416 0.0 76.67532467532467 5.64516129032258 56.89008714742564 17
stats: {freemem,"os_mon@test3"} 1 710.59375 0.0 1402.21484375 710.59375 1153.890625 17
stats: {recvpackets,"os_mon@test4"} 1 19891.0 0.0 19891 4902 14097.125 16
stats: {sentpackets,"os_mon@test4"} 1 15340.0 0.0 15340 3354 10374.125 16
stats: {cpu,"os_mon@test4"} 1 81.00154878678369 0.0 81.00154878678369 2.75 52.94212326923373 17
stats: {load,"os_mon@myserver"} 1 4.87109375 0.0 5.69140625 2.578125 4.221507352941177 17
stats: {recvpackets,"os_mon@myserver"} 1 19058.0 0.0 19058 5067 14440.9375 16
stats: {sentpackets,"os_mon@myserver"} 1 14996.0 0.0 14996 3462 10624.75 16
stats: {cpu,"os_mon@myserver"} 1 57.81291172595521 0.0 58.86842105263158 2.7841052898000505 51.222438657651054 17
stats: session 2175 31330.97811579561 31994.213513875373 131169.69409179688 17.046875 16165.389716456524 38707
stats: users_count 4187 56171
stats: finish_users_count 2175 40882
stats: request 27161 1836.0363927102271 5093.086767789476 37494.156982421875 1.041015625 1157.3692089160534 438667
stats: page 2190 29718.554990836354 31065.65104930809 131167.44799804688 15.60693359375 15583.550126176171 38650
stats: connect 27166 1736.1608518431792 5056.6858346405015 32623.81396484375 0.376953125 1061.140407451224 438734
stats: 200 27161 465828
stats: size_rcv 4617370 79190760
stats: newphase 6 96
stats: size_sent 3605511 61828379
stats: connected 4 70
stats: error_connect_etimedout 1073 5707
# stats: dump at 1339064082
stats: users 16031 16634
stats: {load,"os_mon@test2"} 1 1.640625 0.0 1.8984375 1.08984375 1.4470486111111112 18
stats: {recvpackets,"os_mon@test3"} 1 18232.0 0.0 19968 4887 14403.176470588236 17
stats: {sentpackets,"os_mon@test3"} 1 14578.0 0.0 15395 3342 10639.29411764706 17
stats: {freemem,"os_mon@test2"} 1 996.0703125 0.0 1550.5703125 996.0703125 1317.5180121527778 18
stats: {cpu,"os_mon@test3"} 1 73.24310255075481 0.0 78.884873515746 3.022670025188917 54.0280645547872 18
stats: {load,"os_mon@test4"} 1 1.48046875 0.0 1.96875 0.96875 1.404296875 18
stats: {freemem,"os_mon@test4"} 1 859.40234375 0.0 1553.66796875 859.40234375 1336.7740885416667 18
stats: {freemem,"os_mon@myserver"} 1 2935.69140625 0.0 2942.8515625 2935.69140625 2938.7137586805557 18
stats: {recvpackets,"os_mon@test2"} 1 17974.0 0.0 20079 4936 14422.70588235294 17
stats: {sentpackets,"os_mon@test2"} 1 14368.0 0.0 15463 3375 10653.764705882353 17
stats: {load,"os_mon@test3"} 1 2.69140625 0.0 2.69140625 1.33984375 1.7404513888888888 18
stats: {cpu,"os_mon@test2"} 1 61.268343815513624 0.0 76.67532467532467 5.64516129032258 56.738304759124446 18
stats: {freemem,"os_mon@test3"} 1 625.36328125 0.0 1402.21484375 625.36328125 1129.2630208333333 18
stats: {recvpackets,"os_mon@test4"} 1 18001.0 0.0 19891 4902 14437.941176470587 17
stats: {sentpackets,"os_mon@test4"} 1 14385.0 0.0 15340 3354 10666.235294117647 17
stats: {cpu,"os_mon@test4"} 1 62.92657704239917 0.0 81.00154878678369 2.75 54.500980242430956 18
stats: {load,"os_mon@myserver"} 1 4.80859375 0.0 5.69140625 2.578125 4.257595486111111 18
stats: {recvpackets,"os_mon@myserver"} 1 20244.0 0.0 20244 5067 14712.529411764706 17
stats: {sentpackets,"os_mon@myserver"} 1 15750.0 0.0 15750 3462 10881.882352941177 17
stats: {cpu,"os_mon@myserver"} 1 57.844438545261475 0.0 58.86842105263158 2.7841052898000505 51.58857605033462 18
stats: session 2255 35802.29928663306 33327.418199352906 160611.60717773438 17.046875 16972.22780580055 40882
stats: users_count 2997 59168
stats: finish_users_count 2255 43137
stats: request 27869 2013.6432270612743 4746.7911626118985 37979.578857421875 1.041015625 1196.940208038119 465828
stats: connect 27852 1799.584447104403 4705.493129789133 32623.81396484375 0.376953125 1100.4999382354092 465900
stats: page 2251 33853.57011109214 32394.439473114577 160610.0908203125 15.60693359375 16341.5241872341 40840
stats: 200 27869 493697
stats: size_rcv 4737730 83928490
stats: newphase 4 100
stats: size_sent 3694788 65523167
stats: connected -18 52
stats: error_connect_etimedout 1082 6789
# stats: dump at 1339064092
stats: users 16543 17069
stats: {load,"os_mon@test2"} 1 1.5390625 0.0 1.8984375 1.08984375 1.457236842105263 19
stats: {recvpackets,"os_mon@test3"} 1 17664.0 0.0 19968 4887 14615.888888888889 18
stats: {sentpackets,"os_mon@test3"} 1 14214.0 0.0 15395 3342 10858.111111111111 18
stats: {freemem,"os_mon@test2"} 1 941.68359375 0.0 1550.5703125 941.68359375 1300.5997121710527 19
stats: {cpu,"os_mon@test3"} 1 63.33333333333333 0.0 78.884873515746 3.022670025188917 55.03938234404865 19
stats: {load,"os_mon@test4"} 1 1.48828125 0.0 1.96875 0.96875 1.4083059210526316 19
stats: {freemem,"os_mon@test4"} 1 780.50390625 0.0 1553.66796875 780.50390625 1311.649259868421 19
stats: {freemem,"os_mon@myserver"} 1 2935.54296875 0.0 2942.8515625 2935.54296875 2938.5546875 19
stats: {recvpackets,"os_mon@test2"} 1 17667.0 0.0 20079 4936 14620.0 18
stats: {sentpackets,"os_mon@test2"} 1 14251.0 0.0 15463 3375 10860.111111111111 18
stats: {load,"os_mon@test3"} 1 2.51171875 0.0 2.69140625 1.33984375 1.790501644736842 19
stats: {cpu,"os_mon@test2"} 1 71.16977225672878 0.0 76.67532467532467 5.64516129032258 56.976727867355464 19
stats: {freemem,"os_mon@test3"} 1 585.60546875 0.0 1402.21484375 585.60546875 1102.7419819078948 19
stats: {recvpackets,"os_mon@test4"} 1 17738.0 0.0 19891 4902 14635.888888888889 18
stats: {sentpackets,"os_mon@test4"} 1 14304.0 0.0 15340 3354 10872.833333333334 18
stats: {cpu,"os_mon@test4"} 1 70.60353798126951 0.0 81.00154878678369 2.75 54.94443270558718 19
stats: {load,"os_mon@myserver"} 1 4.609375 0.0 5.69140625 2.578125 4.2865953947368425 19
stats: {recvpackets,"os_mon@myserver"} 1 17804.0 0.0 20244 5067 15019.833333333334 18
stats: {sentpackets,"os_mon@myserver"} 1 14415.0 0.0 15750 3462 11152.333333333334 18
stats: {cpu,"os_mon@myserver"} 1 58.33113977362464 0.0 58.86842105263158 2.7841052898000505 51.91783197112024 19
stats: session 2429 37975.308571336085 34077.418423527095 167680.31909179688 17.046875 17956.575609061725 43137
stats: users_count 2941 62109
stats: finish_users_count 2429 45566
stats: connect 27253 1658.716727304827 4530.871623809083 32623.81396484375 0.376953125 1139.9345162037398 493752
stats: request 27235 2013.6784410874834 4604.894255877159 37979.578857421875 1.041015625 1243.0427698060785 493697
stats: page 2429 35793.98587140419 33056.014345122334 167678.96997070313 15.60693359375 17256.323457954306 43091
stats: 200 27235 520932
stats: size_rcv 4629950 88558440
stats: newphase 5 105
stats: size_sent 3615215 69138382
stats: connected 18 70
stats: error_connect_etimedout 1199 7988
stats: error_abort 1 1
EndMonitor:{1339,64093,829054}
