# stats: dump at 1338983059
stats: users 0 0
# stats: dump at 1338983069
stats: users 1 12
stats: {load,"os_mon@test2"} 1 1.0390625 0 1.0390625 1.0390625 0 0
stats: {freemem,"os_mon@test2"} 1 1436.9296875 0 1436.9296875 1436.9296875 0 0
stats: {cpu,"os_mon@test3"} 1 2.4610748367654445 0 2.4610748367654445 2.4610748367654445 0 0
stats: {load,"os_mon@test4"} 1 1.44921875 0 1.44921875 1.44921875 0 0
stats: {freemem,"os_mon@test4"} 1 1412.8828125 0 1412.8828125 1412.8828125 0 0
stats: {freemem,"os_mon@myserver"} 1 2036.53125 0 2036.53125 2036.53125 0 0
stats: {load,"os_mon@test3"} 1 1.30859375 0 1.30859375 1.30859375 0 0
stats: {cpu,"os_mon@test2"} 1 2.355889724310777 0 2.355889724310777 2.355889724310777 0 0
stats: {freemem,"os_mon@test3"} 1 1421.6328125 0 1421.6328125 1421.6328125 0 0
stats: {cpu,"os_mon@test4"} 1 1.848151848151848 0 1.848151848151848 1.848151848151848 0 0
stats: {load,"os_mon@myserver"} 1 2.8984375 0 2.8984375 2.8984375 0 0
stats: {cpu,"os_mon@myserver"} 1 1.6323455549974886 0 1.6323455549974886 1.6323455549974886 0 0
stats: session 563 23.070074864009765 27.78756578153751 417.139892578125 11.184814453125 0 0
stats: users_count 564 564
stats: finish_users_count 563 563
stats: request 5586 2.0164834257099242 5.5185520633210405 219.2568359375 0.27197265625 0 0
stats: page 558 20.86531181745631 27.691133042987115 411.8369140625 9.68701171875 0 0
stats: connect 559 1.4194501900715562 2.325133516928247 33.679931640625 0.60986328125 0 0
stats: 200 5586 5586
stats: size_rcv 788358 788358
stats: size_sent 740777 740777
stats: connected 1 1
# stats: dump at 1338983079
stats: users 195 196
stats: {load,"os_mon@test2"} 1 0.87890625 0.0 1.0390625 0.87890625 1.0390625 1
stats: {recvpackets,"os_mon@test3"} 1 3489 0 3489 3489 0 0
stats: {sentpackets,"os_mon@test3"} 1 2355 0 2355 2355 0 0
stats: {freemem,"os_mon@test2"} 1 1435.86328125 0.0 1436.9296875 1435.86328125 1436.9296875 1
stats: {cpu,"os_mon@test3"} 1 7.577319587628866 0.0 7.577319587628866 2.4610748367654445 2.4610748367654445 1
stats: {load,"os_mon@test4"} 1 1.37890625 0.0 1.44921875 1.37890625 1.44921875 1
stats: {freemem,"os_mon@test4"} 1 1412.05078125 0.0 1412.8828125 1412.05078125 1412.8828125 1
stats: {freemem,"os_mon@myserver"} 1 2036.40234375 0.0 2036.53125 2036.40234375 2036.53125 1
stats: {recvpackets,"os_mon@test2"} 1 3508 0 3508 3508 0 0
stats: {sentpackets,"os_mon@test2"} 1 2366 0 2366 2366 0 0
stats: {load,"os_mon@test3"} 1 1.1796875 0.0 1.30859375 1.1796875 1.30859375 1
stats: {cpu,"os_mon@test2"} 1 6.431852986217458 0.0 6.431852986217458 2.355889724310777 2.355889724310777 1
stats: {freemem,"os_mon@test3"} 1 1421.6484375 0.0 1421.6484375 1421.6328125 1421.6328125 1
stats: {recvpackets,"os_mon@test4"} 1 3452 0 3452 3452 0 0
stats: {sentpackets,"os_mon@test4"} 1 2329 0 2329 2329 0 0
stats: {cpu,"os_mon@test4"} 1 5.773092369477912 0.0 5.773092369477912 1.848151848151848 1.848151848151848 1
stats: {load,"os_mon@myserver"} 1 2.609375 0.0 2.8984375 2.609375 2.8984375 1
stats: {recvpackets,"os_mon@myserver"} 1 3617 0 3617 3617 0 0
stats: {sentpackets,"os_mon@myserver"} 1 2446 0 2446 2446 0 0
stats: {cpu,"os_mon@myserver"} 1 11.325482335254321 0.0 11.325482335254321 1.6323455549974886 1.6323455549974886 1
stats: session 1346 194.99628075518882 251.47027428705792 957.694091796875 11.184814453125 23.070074864009765 563
stats: users_count 1540 2104
stats: finish_users_count 1346 1909
stats: request 14195 23.114357618632162 31.144719919437385 281.696044921875 0.22607421875 2.0164834257099242 5586
stats: page 1351 192.47584272789834 251.28793236418892 956.365966796875 9.68701171875 20.86531181745631 558
stats: connect 1536 1.0530405044555657 0.5000602539868633 33.679931640625 0.52685546875 1.4194501900715562 559
stats: 200 14195 19781
stats: size_rcv 1883436 2671794
stats: newphase 6 6
stats: size_sent 1909780 2650557
stats: connected 185 186
# stats: dump at 1338983089
stats: users 1413 1413
stats: {load,"os_mon@test2"} 1 0.73828125 0.0 1.0390625 0.73828125 0.958984375 2
stats: {recvpackets,"os_mon@test3"} 1 7127.0 0.0 7127 3489 3489.0 1
stats: {sentpackets,"os_mon@test3"} 1 4877.0 0.0 4877 2355 2355.0 1
stats: {freemem,"os_mon@test2"} 1 1432.11328125 0.0 1436.9296875 1432.11328125 1436.396484375 2
stats: {cpu,"os_mon@test3"} 1 18.635437881873727 0.0 18.635437881873727 2.4610748367654445 5.019197212197155 2
stats: {load,"os_mon@test4"} 1 1.171875 0.0 1.44921875 1.171875 1.4140625 2
stats: {freemem,"os_mon@test4"} 1 1408.5234375 0.0 1412.8828125 1408.5234375 1412.466796875 2
stats: {freemem,"os_mon@myserver"} 1 2029.4296875 0.0 2036.53125 2029.4296875 2036.466796875 2
stats: {recvpackets,"os_mon@test2"} 1 7137.0 0.0 7137 3508 3508.0 1
stats: {sentpackets,"os_mon@test2"} 1 4878.0 0.0 4878 2366 2366.0 1
stats: {load,"os_mon@test3"} 1 1.1484375 0.0 1.30859375 1.1484375 1.244140625 2
stats: {cpu,"os_mon@test2"} 1 17.248459958932237 0.0 17.248459958932237 2.355889724310777 4.3938713552641175 2
stats: {freemem,"os_mon@test3"} 1 1418.39453125 0.0 1421.6484375 1418.39453125 1421.640625 2
stats: {recvpackets,"os_mon@test4"} 1 7111.0 0.0 7111 3452 3452.0 1
stats: {sentpackets,"os_mon@test4"} 1 4865.0 0.0 4865 2329 2329.0 1
stats: {cpu,"os_mon@test4"} 1 13.822784810126581 0.0 13.822784810126581 1.848151848151848 3.81062210881488 2
stats: {load,"os_mon@myserver"} 1 2.359375 0.0 2.8984375 2.359375 2.75390625 2
stats: {recvpackets,"os_mon@myserver"} 1 7223.0 0.0 7223 3617 3617.0 1
stats: {sentpackets,"os_mon@myserver"} 1 4939.0 0.0 4939 2446 2446.0 1
stats: {cpu,"os_mon@myserver"} 1 22.80130293159609 0.0 22.80130293159609 1.6323455549974886 6.478913945125905 2
stats: session 1291 3067.275127951625 1352.2384140660358 5969.325927734375 11.184814453125 144.29200945255192 1909
stats: users_count 2509 4613
stats: finish_users_count 1291 3200
stats: request 15950 382.7315932816172 210.11935176412425 2437.2939453125 0.22607421875 17.156482625372792 19781
stats: page 1271 3034.753156348346 1340.0084290289287 5155.096923828125 9.68701171875 142.31414746963398 1909
stats: connect 1930 32.119644844964384 198.46613430158328 3004.45703125 0.52685546875 1.1508080530280425 2095
stats: 200 15951 35732
stats: size_rcv 1969067 4640861
stats: newphase 6 12
stats: size_sent 2206139 4856696
stats: connected 659 845
# stats: dump at 1338983099
stats: users 3170 3170
stats: {load,"os_mon@test2"} 1 0.62890625 0.0 1.0390625 0.62890625 0.8854166666666666 3
stats: {recvpackets,"os_mon@test3"} 1 10137.0 0.0 10137 3489 5308.0 2
stats: {sentpackets,"os_mon@test3"} 1 6887.0 0.0 6887 2355 3616.0 2
stats: {freemem,"os_mon@test2"} 1 1421.58203125 0.0 1436.9296875 1421.58203125 1434.96875 3
stats: {cpu,"os_mon@test3"} 1 24.28211586901763 0.0 24.28211586901763 2.4610748367654445 9.557944102089346 3
stats: {load,"os_mon@test4"} 1 1.0703125 0.0 1.44921875 1.0703125 1.3333333333333333 3
stats: {freemem,"os_mon@test4"} 1 1397.19921875 0.0 1412.8828125 1397.19921875 1411.15234375 3
stats: {freemem,"os_mon@myserver"} 1 2005.3515625 0.0 2036.53125 2005.3515625 2034.12109375 3
stats: {recvpackets,"os_mon@test2"} 1 10126.0 0.0 10126 3508 5322.5 2
stats: {sentpackets,"os_mon@test2"} 1 6883.0 0.0 6883 2366 3622.0 2
stats: {load,"os_mon@test3"} 1 0.96875 0.0 1.30859375 0.96875 1.2122395833333333 3
stats: {cpu,"os_mon@test2"} 1 27.722772277227726 0.0 27.722772277227726 2.355889724310777 8.67873422315349 3
stats: {freemem,"os_mon@test3"} 1 1404.84765625 0.0 1421.6484375 1404.84765625 1420.55859375 3
stats: {recvpackets,"os_mon@test4"} 1 10124.0 0.0 10124 3452 5281.5 2
stats: {sentpackets,"os_mon@test4"} 1 6877.0 0.0 6877 2329 3597.0 2
stats: {cpu,"os_mon@test4"} 1 19.560878243512974 0.0 19.560878243512974 1.848151848151848 7.1480096759187814 3
stats: {load,"os_mon@myserver"} 1 2.1484375 0.0 2.8984375 2.1484375 2.6223958333333335 3
stats: {recvpackets,"os_mon@myserver"} 1 10180.0 0.0 10180 3617 5420.0 2
stats: {sentpackets,"os_mon@myserver"} 1 6913.0 0.0 6913 2446 3692.5 2
stats: {cpu,"os_mon@myserver"} 1 25.56860784803799 0.0 25.56860784803799 1.6323455549974886 11.9197102739493 3
stats: session 1597 6290.776721397785 1345.0307630134669 12919.281005859375 11.184814453125 1323.5330113220218 3200
stats: users_count 3354 7967
stats: finish_users_count 1597 4797
stats: request 15525 718.1251495823298 840.6205710474138 10106.523193359375 0.22607421875 180.34595437167428 35731
stats: page 1594 6236.593857060408 1266.7128763431283 12916.52197265625 9.68701171875 1298.380179005748 3180
stats: connect 1680 1586.0322347005197 2022.5696603584208 7020.781982421875 0.47607421875 16.000461471273294 4025
stats: 200 15524 51256
stats: size_rcv 1850594 6491455
stats: newphase 6 18
stats: size_sent 2070889 6927585
stats: connected 86 931
# stats: dump at 1338983109
stats: users 4659 4834
stats: {load,"os_mon@test2"} 1 0.6015625 0.0 1.0390625 0.6015625 0.8212890625 4
stats: {recvpackets,"os_mon@test3"} 1 12635.0 0.0 12635 3489 6917.666666666667 3
stats: {sentpackets,"os_mon@test3"} 1 8414.0 0.0 8414 2355 4706.333333333333 3
stats: {freemem,"os_mon@test2"} 1 1409.26171875 0.0 1436.9296875 1409.26171875 1431.6220703125 4
stats: {cpu,"os_mon@test3"} 1 24.808184143222505 0.0 24.808184143222505 2.4610748367654445 13.238987043821417 4
stats: {load,"os_mon@test4"} 1 0.8984375 0.0 1.44921875 0.8984375 1.267578125 4
stats: {freemem,"os_mon@test4"} 1 1384.73828125 0.0 1412.8828125 1384.73828125 1407.6640625 4
stats: {freemem,"os_mon@myserver"} 1 2001.1328125 0.0 2036.53125 2001.1328125 2026.9287109375 4
stats: {recvpackets,"os_mon@test2"} 1 12646.0 0.0 12646 3508 6923.666666666667 3
stats: {sentpackets,"os_mon@test2"} 1 8421.0 0.0 8421 2366 4709.0 3
stats: {load,"os_mon@test3"} 1 0.8203125 0.0 1.30859375 0.8203125 1.1513671875 4
stats: {cpu,"os_mon@test2"} 1 26.233635448136962 0.0 27.722772277227726 2.355889724310777 13.43974373667205 4
stats: {freemem,"os_mon@test3"} 1 1392.5703125 0.0 1421.6484375 1392.5703125 1416.630859375 4
stats: {recvpackets,"os_mon@test4"} 1 12632.0 0.0 12632 3452 6895.666666666667 3
stats: {sentpackets,"os_mon@test4"} 1 8411.0 0.0 8411 2329 4690.333333333333 3
stats: {cpu,"os_mon@test4"} 1 23.26633165829146 0.0 23.26633165829146 1.848151848151848 10.25122681781733 4
stats: {load,"os_mon@myserver"} 1 2.05078125 0.0 2.8984375 2.05078125 2.50390625 4
stats: {recvpackets,"os_mon@myserver"} 1 12722.0 0.0 12722 3617 7006.666666666667 3
stats: {sentpackets,"os_mon@myserver"} 1 8473.0 0.0 8473 2446 4766.0 3
stats: {cpu,"os_mon@myserver"} 1 25.481370342585645 0.0 25.56860784803799 1.6323455549974886 15.331934667471472 4
stats: session 1508 7791.268631750456 2653.227411908215 21561.52197265625 11.184814453125 2977.2099354393854 4797
stats: users_count 2997 10964
stats: finish_users_count 1508 6305
stats: request 15395 919.4663938962779 1806.9427669473332 16789.80078125 0.22607421875 343.23463092945144 51256
stats: page 1506 7802.105967406416 2673.2230355755514 21559.4619140625 9.68701171875 2947.209798364593 4774
stats: connect 1480 3653.796496582029 4535.785901260666 15052.676025390625 0.47607421875 478.3411063485974 5705
stats: 200 15392 66648
stats: size_rcv 1803867 8295322
stats: newphase 6 24
stats: size_sent 2040114 8967699
stats: connected -29 902
# stats: dump at 1338983119
stats: users 5448 5642
stats: {load,"os_mon@test2"} 1 0.51171875 0.0 1.0390625 0.51171875 0.77734375 5
stats: {recvpackets,"os_mon@test3"} 1 11501.0 0.0 12635 3489 8347.0 4
stats: {sentpackets,"os_mon@test3"} 1 7973.0 0.0 8414 2355 5633.25 4
stats: {freemem,"os_mon@test2"} 1 1383.15234375 0.0 1436.9296875 1383.15234375 1427.15 5
stats: {cpu,"os_mon@test3"} 1 28.740970072239424 0.0 28.740970072239424 2.4610748367654445 15.552826463701635 5
stats: {load,"os_mon@test4"} 1 0.83984375 0.0 1.44921875 0.83984375 1.19375 5
stats: {freemem,"os_mon@test4"} 1 1359.359375 0.0 1412.8828125 1359.359375 1403.07890625 5
stats: {freemem,"os_mon@myserver"} 1 2000.44140625 0.0 2036.53125 2000.44140625 2021.76953125 5
stats: {recvpackets,"os_mon@test2"} 1 11510.0 0.0 12646 3508 8354.25 4
stats: {sentpackets,"os_mon@test2"} 1 7981.0 0.0 8421 2366 5637.0 4
stats: {load,"os_mon@test3"} 1 0.8515625 0.0 1.30859375 0.8203125 1.08515625 5
stats: {cpu,"os_mon@test2"} 1 28.60071758072783 0.0 28.60071758072783 2.355889724310777 15.998522078965033 5
stats: {freemem,"os_mon@test3"} 1 1350.71875 0.0 1421.6484375 1350.71875 1411.81875 5
stats: {recvpackets,"os_mon@test4"} 1 11497.0 0.0 12632 3452 8329.75 4
stats: {sentpackets,"os_mon@test4"} 1 7973.0 0.0 8411 2329 5620.5 4
stats: {cpu,"os_mon@test4"} 1 25.426278836509532 0.0 25.426278836509532 1.848151848151848 12.854247785912156 5
stats: {load,"os_mon@myserver"} 1 1.890625 0.0 2.8984375 1.890625 2.41328125 5
stats: {recvpackets,"os_mon@myserver"} 1 11567.0 0.0 12722 3617 8435.5 4
stats: {sentpackets,"os_mon@myserver"} 1 8014.0 0.0 8473 2446 5692.75 4
stats: {cpu,"os_mon@myserver"} 1 25.519659403956922 0.0 25.56860784803799 1.6323455549974886 17.36182180249431 5
stats: session 1543 10873.609603476367 5475.189555603908 22845.657958984375 11.184814453125 4128.613664866363 6305
stats: users_count 2332 13296
stats: finish_users_count 1543 7848
stats: 200 15231 81879
stats: request 15234 1231.3153501022168 2891.78099814173 32204.60107421875 0.22607421875 476.3322287280485 66651
stats: page 1545 10763.273550326154 5408.496036010864 22843.93212890625 9.68701171875 4111.457191768572 6280
stats: connect 1581 6582.2674968992105 6636.567025060354 31080.990966796875 0.47607421875 1132.436301553257 7185
stats: size_rcv 1818686 10114008
stats: newphase 6 30
stats: size_sent 2024937 10992636
stats: connected 33 935
# stats: dump at 1338983129
stats: users 7723 7852
stats: {load,"os_mon@test2"} 1 0.51171875 0.0 1.0390625 0.51171875 0.7330729166666666 6
stats: {recvpackets,"os_mon@test3"} 1 10704.0 0.0 12635 3489 8977.8 5
stats: {sentpackets,"os_mon@test3"} 1 7648.0 0.0 8414 2355 6101.2 5
stats: {freemem,"os_mon@test2"} 1 1354.640625 0.0 1436.9296875 1354.640625 1419.8170572916667 6
stats: {cpu,"os_mon@test3"} 1 20.438328236493376 0.0 28.740970072239424 2.4610748367654445 17.75085039845793 6
stats: {load,"os_mon@test4"} 1 0.7890625 0.0 1.44921875 0.7890625 1.134765625 6
stats: {freemem,"os_mon@test4"} 1 1333.1796875 0.0 1412.8828125 1333.1796875 1395.7923177083333 6
stats: {freemem,"os_mon@myserver"} 1 2000.19921875 0.0 2036.53125 2000.19921875 2018.21484375 6
stats: {recvpackets,"os_mon@test2"} 1 10756.0 0.0 12646 3508 8985.4 5
stats: {sentpackets,"os_mon@test2"} 1 7686.0 0.0 8421 2366 6105.8 5
stats: {load,"os_mon@test3"} 1 0.80078125 0.0 1.30859375 0.80078125 1.0462239583333333 6
stats: {cpu,"os_mon@test2"} 1 30.68809643395279 0.0 30.68809643395279 2.355889724310777 18.098887995925498 6
stats: {freemem,"os_mon@test3"} 1 1337.265625 0.0 1421.6484375 1337.265625 1401.6354166666667 6
stats: {recvpackets,"os_mon@test4"} 1 10676.0 0.0 12632 3452 8963.2 5
stats: {sentpackets,"os_mon@test4"} 1 7630.0 0.0 8411 2329 6091.0 5
stats: {cpu,"os_mon@test4"} 1 22.646310432569976 0.0 25.426278836509532 1.848151848151848 14.949586294345053 6
stats: {load,"os_mon@myserver"} 1 1.8984375 0.0 2.8984375 1.890625 2.326171875 6
stats: {recvpackets,"os_mon@myserver"} 1 10941.0 0.0 12722 3617 9061.8 5
stats: {sentpackets,"os_mon@myserver"} 1 7817.0 0.0 8473 2446 6157.0 5
stats: {cpu,"os_mon@myserver"} 1 25.481370342585645 0.0 25.56860784803799 1.6323455549974886 18.721461402738075 6
stats: session 1560 11850.008849002154 7159.432636720825 37570.405029296875 11.184814453125 5454.751372979926 7848
stats: users_count 3835 17131
stats: finish_users_count 1560 9408
stats: 200 15441 97320
stats: request 15446 1135.9205891442562 3191.9645667864243 41722.74609375 0.22607421875 616.7903452452871 81885
stats: page 1525 11875.687817142665 6913.077062424168 37569.136962890625 9.68701171875 5424.81901591828 7825
stats: connect 1512 5875.178830424319 8653.115524735133 31084.463134765625 0.47607421875 2115.345623917158 8766
stats: size_rcv 1793317 11907325
stats: newphase 6 36
stats: size_sent 2048361 13040997
stats: connected -19 916
# stats: dump at 1338983139
stats: users 9215 9289
stats: {load,"os_mon@test2"} 1 0.58984375 0.0 1.0390625 0.51171875 0.7014508928571429 7
stats: {recvpackets,"os_mon@test3"} 1 14246.0 0.0 14246 3489 9265.5 6
stats: {sentpackets,"os_mon@test3"} 1 10037.0 0.0 10037 2355 6359.0 6
stats: {freemem,"os_mon@test2"} 1 1322.59375 0.0 1436.9296875 1322.59375 1410.506138392857 7
stats: {cpu,"os_mon@test3"} 1 28.190671450538186 0.0 28.740970072239424 2.4610748367654445 18.134775803891568 7
stats: {load,"os_mon@test4"} 1 0.75 0.0 1.44921875 0.75 1.0853794642857142 7
stats: {freemem,"os_mon@test4"} 1 1295.89453125 0.0 1412.8828125 1295.89453125 1386.84765625 7
stats: {freemem,"os_mon@myserver"} 1 2000.046875 0.0 2036.53125 2000.046875 2015.6411830357142 7
stats: {recvpackets,"os_mon@test2"} 1 14190.0 0.0 14190 3508 9280.5 6
stats: {sentpackets,"os_mon@test2"} 1 10001.0 0.0 10001 2366 6369.166666666667 6
stats: {load,"os_mon@test3"} 1 0.91015625 0.0 1.30859375 0.80078125 1.0111607142857142 7
stats: {cpu,"os_mon@test2"} 1 32.31240428790199 0.0 32.31240428790199 2.355889724310777 19.897346344215112 7
stats: {freemem,"os_mon@test3"} 1 1298.69140625 0.0 1421.6484375 1298.69140625 1392.439732142857 7
stats: {recvpackets,"os_mon@test4"} 1 14280.0 0.0 14280 3452 9248.666666666666 6
stats: {sentpackets,"os_mon@test4"} 1 10058.0 0.0 10058 2329 6347.5 6
stats: {cpu,"os_mon@test4"} 1 26.980071538068472 0.0 26.980071538068472 1.848151848151848 16.04911831409147 7
stats: {load,"os_mon@myserver"} 1 1.76171875 0.0 2.8984375 1.76171875 2.2650669642857144 7
stats: {recvpackets,"os_mon@myserver"} 1 13990.0 0.0 13990 3617 9375.0 6
stats: {sentpackets,"os_mon@myserver"} 1 9861.0 0.0 9861 2446 6433.666666666667 6
stats: {cpu,"os_mon@myserver"} 1 25.413533834586467 0.0 25.56860784803799 1.6323455549974886 19.68716267985916 7
stats: session 1444 13092.353774305866 9076.542602680984 46657.1708984375 11.184814453125 6515.189474871367 9408
stats: users_count 2936 20067
stats: finish_users_count 1444 10852
stats: request 14868 1399.487696071126 3926.5559517807474 50126.258056640625 0.22607421875 699.174023079312 97331
stats: page 1502 13063.382476359635 9203.718205858539 46655.59521484375 9.68701171875 6476.966066385358 9350
stats: connect 1538 7401.218936677099 8979.73867934141 31084.572021484375 0.47607421875 2668.4559380092796 10278
stats: 200 14861 112181
stats: size_rcv 1669520 13576845
stats: newphase 5 41
stats: size_sent 1977115 15018112
stats: connected 29 945
# stats: dump at 1338983149
stats: users 10617 10621
stats: {load,"os_mon@test2"} 1 0.5 0.0 1.0390625 0.5 0.6875 8
stats: {recvpackets,"os_mon@test3"} 1 13785.0 0.0 14246 3489 9977.0 7
stats: {sentpackets,"os_mon@test3"} 1 9958.0 0.0 10037 2355 6884.428571428572 7
stats: {freemem,"os_mon@test2"} 1 1295.67578125 0.0 1436.9296875 1295.67578125 1399.51708984375 8
stats: {cpu,"os_mon@test3"} 1 24.678001030396704 0.0 28.740970072239424 2.4610748367654445 19.391762759722393 8
stats: {load,"os_mon@test4"} 1 0.7109375 0.0 1.44921875 0.7109375 1.04345703125 8
stats: {freemem,"os_mon@test4"} 1 1254.60546875 0.0 1412.8828125 1254.60546875 1375.478515625 8
stats: {freemem,"os_mon@myserver"} 1 1999.859375 0.0 2036.53125 1999.859375 2013.69189453125 8
stats: {recvpackets,"os_mon@test2"} 1 13810.0 0.0 14190 3508 9981.857142857143 7
stats: {sentpackets,"os_mon@test2"} 1 9972.0 0.0 10001 2366 6888.0 7
stats: {load,"os_mon@test3"} 1 0.76953125 0.0 1.30859375 0.76953125 0.9985351562499999 8
stats: {cpu,"os_mon@test2"} 1 26.581632653061227 0.0 32.31240428790199 2.355889724310777 21.44922858717597 8
stats: {freemem,"os_mon@test3"} 1 1268.15234375 0.0 1421.6484375 1268.15234375 1380.72119140625 8
stats: {recvpackets,"os_mon@test4"} 1 13727.0 0.0 14280 3452 9967.42857142857 7
stats: {sentpackets,"os_mon@test4"} 1 9920.0 0.0 10058 2329 6877.571428571428 7
stats: {cpu,"os_mon@test4"} 1 32.10821847881572 0.0 32.10821847881572 1.848151848151848 17.415487467088596 8
stats: {load,"os_mon@myserver"} 1 1.71875 0.0 2.8984375 1.71875 2.2021484375 8
stats: {recvpackets,"os_mon@myserver"} 1 14243.0 0.0 14243 3617 10034.285714285714 7
stats: {sentpackets,"os_mon@myserver"} 1 10262.0 0.0 10262 2446 6923.285714285715 7
stats: {cpu,"os_mon@myserver"} 1 25.400801603206414 0.0 25.56860784803799 1.6323455549974886 20.402959074200073 8
stats: session 1517 14193.890004268025 9658.622371734069 55371.739013671875 11.184814453125 7390.366884416466 10852
stats: users_count 2919 22986
stats: finish_users_count 1517 12369
stats: 200 14968 127149
stats: request 14974 1294.5093328925043 3576.006025399244 50126.258056640625 0.22607421875 791.9757743430691 112199
stats: page 1462 14112.301388762718 9630.694269426589 55370.54296875 9.68701171875 7388.576594194184 10852
stats: connect 1554 6713.54176548549 8740.991670297015 31087.347900390625 0.47607421875 3284.484161769529 11816
stats: size_rcv 1760014 15336859
stats: newphase 6 47
stats: size_sent 1999359 17017471
stats: connected 87 1032
stats: error_connect_etimedout 4 4
# stats: dump at 1338983159
stats: users 12901 13051
stats: {load,"os_mon@test2"} 1 0.421875 0.0 1.0390625 0.421875 0.6666666666666666 9
stats: {recvpackets,"os_mon@test3"} 1 13569.0 0.0 14246 3489 10453.0 8
stats: {sentpackets,"os_mon@test3"} 1 9826.0 0.0 10037 2355 7268.625 8
stats: {freemem,"os_mon@test2"} 1 1276.546875 0.0 1436.9296875 1276.546875 1387.9791666666667 9
stats: {cpu,"os_mon@test3"} 1 27.63895971443141 0.0 28.740970072239424 2.4610748367654445 19.979122567575093 9
stats: {load,"os_mon@test4"} 1 0.76171875 0.0 1.44921875 0.7109375 1.0065104166666667 9
stats: {freemem,"os_mon@test4"} 1 1207.33984375 0.0 1412.8828125 1207.33984375 1362.0481770833333 9
stats: {freemem,"os_mon@myserver"} 1 1999.9375 0.0 2036.53125 1999.859375 2012.1549479166667 9
stats: {recvpackets,"os_mon@test2"} 1 13482.0 0.0 14190 3508 10460.375 8
stats: {sentpackets,"os_mon@test2"} 1 9768.0 0.0 10001 2366 7273.5 8
stats: {load,"os_mon@test3"} 1 0.6484375 0.0 1.30859375 0.6484375 0.9730902777777778 9
stats: {cpu,"os_mon@test2"} 1 23.668032786885245 0.0 32.31240428790199 2.355889724310777 22.019495705607667 9
stats: {freemem,"os_mon@test3"} 1 1233.33984375 0.0 1421.6484375 1233.33984375 1368.2135416666667 9
stats: {recvpackets,"os_mon@test4"} 1 13639.0 0.0 14280 3452 10437.375 8
stats: {sentpackets,"os_mon@test4"} 1 9873.0 0.0 10058 2329 7257.875 8
stats: {cpu,"os_mon@test4"} 1 40.86021505376344 0.0 40.86021505376344 1.848151848151848 19.048013135058277 9
stats: {load,"os_mon@myserver"} 1 1.609375 0.0 2.8984375 1.609375 2.1484375 9
stats: {recvpackets,"os_mon@myserver"} 1 12808.0 0.0 14243 3617 10560.375 8
stats: {sentpackets,"os_mon@myserver"} 1 9342.0 0.0 10262 2446 7340.625 8
stats: {cpu,"os_mon@myserver"} 1 25.469571750563485 0.0 25.56860784803799 1.6323455549974886 20.958274910756334 9
stats: session 1557 13541.456071465313 9724.903562238254 60866.388916015625 11.184814453125 8224.787174885769 12369
stats: users_count 3841 26827
stats: finish_users_count 1557 13926
stats: 200 15424 142573
stats: request 15433 1389.951216722967 4228.49352115536 58678.558837890625 0.22607421875 851.1466479225179 127173
stats: connect 1639 7720.030216238003 10194.722387408365 31100.006103515625 0.47607421875 3683.0447837721167 13370
stats: page 1601 13507.054797904635 9637.625110216572 60864.172119140625 9.68701171875 8186.861931993371 12314
stats: size_rcv 1813192 17150051
stats: newphase 6 53
stats: size_sent 2051914 19069385
stats: connected 29 1061
stats: error_connect_etimedout 958 962
# stats: dump at 1338983169
stats: users 14738 14827
stats: {load,"os_mon@test2"} 1 0.6015625 0.0 1.0390625 0.421875 0.6421875 10
stats: {recvpackets,"os_mon@test3"} 1 14492.0 0.0 14492 3489 10799.222222222223 9
stats: {sentpackets,"os_mon@test3"} 1 10644.0 0.0 10644 2355 7552.777777777777 9
stats: {freemem,"os_mon@test2"} 1 1231.54296875 0.0 1436.9296875 1231.54296875 1376.8359375 10
stats: {cpu,"os_mon@test3"} 1 29.15376676986584 0.0 29.15376676986584 2.4610748367654445 20.74510628226073 10
stats: {load,"os_mon@test4"} 1 0.640625 0.0 1.44921875 0.640625 0.98203125 10
stats: {freemem,"os_mon@test4"} 1 1171.31640625 0.0 1412.8828125 1171.31640625 1346.57734375 10
stats: {freemem,"os_mon@myserver"} 1 1998.6640625 0.0 2036.53125 1998.6640625 2010.933203125 10
stats: {recvpackets,"os_mon@test2"} 1 14549.0 0.0 14549 3508 10796.111111111111 9
stats: {sentpackets,"os_mon@test2"} 1 10680.0 0.0 10680 2366 7550.666666666667 9
stats: {load,"os_mon@test3"} 1 0.62890625 0.0 1.30859375 0.62890625 0.940625 10
stats: {cpu,"os_mon@test2"} 1 34.989648033126294 0.0 34.989648033126294 2.355889724310777 22.184349413735426 10
stats: {freemem,"os_mon@test3"} 1 1196.11328125 0.0 1421.6484375 1196.11328125 1354.726171875 10
stats: {recvpackets,"os_mon@test4"} 1 14452.0 0.0 14452 3452 10793.111111111111 9
stats: {sentpackets,"os_mon@test4"} 1 10615.0 0.0 10615 2329 7548.444444444444 9
stats: {cpu,"os_mon@test4"} 1 29.797191887675506 0.0 40.86021505376344 1.848151848151848 21.229233326928796 10
stats: {load,"os_mon@myserver"} 1 1.51953125 0.0 2.8984375 1.51953125 2.09453125 10
stats: {recvpackets,"os_mon@myserver"} 1 14856.0 0.0 14856 3617 10810.111111111111 9
stats: {sentpackets,"os_mon@myserver"} 1 10883.0 0.0 10883 2446 7563.0 9
stats: {cpu,"os_mon@myserver"} 1 25.55055055055055 0.0 25.56860784803799 1.6323455549974886 21.409404594737047 10
stats: session 1443 14202.176136040638 13567.673004005832 82434.84814453125 11.184814453125 8819.218703822602 13926
stats: users_count 3280 30107
stats: finish_users_count 1443 15369
stats: 200 14330 156903
stats: request 14357 1186.6109418906913 3473.1198857915697 62298.488037109375 0.22607421875 909.4567534601343 142606
stats: connect 1450 6283.265456627158 9417.589589188245 31103.493896484375 0.47607421875 4123.88821929824 15009
stats: page 1375 12638.30904101562 9412.405343730314 63266.166015625 9.68701171875 8798.980421272849 13915
stats: size_rcv 1647064 18797115
stats: newphase 4 57
stats: size_sent 1909649 20979034
stats: connected 48 1109
stats: error_connect_etimedout 1497 2459
# stats: dump at 1338983179
stats: users 16839 16925
stats: {load,"os_mon@test2"} 1 0.5 0.0 1.0390625 0.421875 0.6384943181818182 11
stats: {recvpackets,"os_mon@test3"} 1 14660.0 0.0 14660 3489 11168.5 10
stats: {sentpackets,"os_mon@test3"} 1 10807.0 0.0 10807 2355 7861.9 10
stats: {freemem,"os_mon@test2"} 1 1220.2890625 0.0 1436.9296875 1220.2890625 1363.6274857954545 11
stats: {cpu,"os_mon@test3"} 1 39.989490278507624 0.0 39.989490278507624 2.4610748367654445 21.509529962952104 11
stats: {load,"os_mon@test4"} 1 0.5390625 0.0 1.44921875 0.5390625 0.9509943181818182 11
stats: {freemem,"os_mon@test4"} 1 1140.52734375 0.0 1412.8828125 1140.52734375 1330.64453125 11
stats: {freemem,"os_mon@myserver"} 1 1998.62890625 0.0 2036.53125 1998.62890625 2009.8178267045455 11
stats: {recvpackets,"os_mon@test2"} 1 14663.0 0.0 14663 3508 11171.4 10
stats: {sentpackets,"os_mon@test2"} 1 10805.0 0.0 10805 2366 7863.6 10
stats: {load,"os_mon@test3"} 1 0.83984375 0.0 1.30859375 0.62890625 0.9122869318181818 11
stats: {cpu,"os_mon@test2"} 1 23.072970195272354 0.0 34.989648033126294 2.355889724310777 23.348467470043683 11
stats: {freemem,"os_mon@test3"} 1 1116.484375 0.0 1421.6484375 1116.484375 1340.3068181818182 11
stats: {recvpackets,"os_mon@test4"} 1 14662.0 0.0 14662 3452 11159.0 10
stats: {sentpackets,"os_mon@test4"} 1 10811.0 0.0 10811 2329 7855.1 10
stats: {cpu,"os_mon@test4"} 1 25.33609100310238 0.0 40.86021505376344 1.848151848151848 22.00813865063304 11
stats: {load,"os_mon@myserver"} 1 1.6015625 0.0 2.8984375 1.51953125 2.042258522727273 11
stats: {recvpackets,"os_mon@myserver"} 1 15050.0 0.0 15050 3617 11214.7 10
stats: {sentpackets,"os_mon@myserver"} 1 11058.0 0.0 11058 2446 7895.0 10
stats: {cpu,"os_mon@myserver"} 1 25.444973677613437 0.0 25.56860784803799 1.6323455549974886 21.785872408901913 11
stats: session 1566 23951.108830906283 26118.125991006535 87899.82495117188 11.184814453125 9324.626184770654 15369
stats: users_count 3667 33774
stats: finish_users_count 1566 16935
stats: 200 14993 171896
stats: request 15067 1289.3529155546676 3837.3513723193864 65811.32592773438 0.22607421875 934.8073308783635 156963
stats: page 1583 13020.116468341603 9630.90995549474 67373.1650390625 9.68701171875 9144.24378635763 15290
stats: connect 1558 6062.107815508665 8679.86290947574 31103.493896484375 0.463134765625 4314.124381527229 16459
stats: size_rcv 1659156 20456271
stats: newphase 5 62
stats: size_sent 1986333 22965367
stats: connected -99 1010
stats: error_connect_etimedout 1073 3532
# stats: dump at 1338983189
stats: users 18984 18984
stats: {load,"os_mon@test2"} 1 0.4296875 0.0 1.0390625 0.421875 0.6269531250000001 12
stats: {recvpackets,"os_mon@test3"} 1 16116.0 0.0 16116 3489 11485.90909090909 11
stats: {sentpackets,"os_mon@test3"} 1 11783.0 0.0 11783 2355 8129.636363636364 11
stats: {freemem,"os_mon@test2"} 1 1210.98046875 0.0 1436.9296875 1210.98046875 1351.6826171875 12
stats: {cpu,"os_mon@test3"} 1 40.041819132253 0.0 40.041819132253 2.4610748367654445 23.049526655915063 12
stats: {load,"os_mon@test4"} 1 0.5390625 0.0 1.44921875 0.5390625 0.9166666666666666 12
stats: {freemem,"os_mon@test4"} 1 1090.3828125 0.0 1412.8828125 1090.3828125 1314.8014322916667 12
stats: {freemem,"os_mon@myserver"} 1 1998.66015625 0.0 2036.53125 1998.62890625 2008.8854166666667 12
stats: {recvpackets,"os_mon@test2"} 1 16242.0 0.0 16242 3508 11488.818181818182 11
stats: {sentpackets,"os_mon@test2"} 1 11949.0 0.0 11949 2366 8131.0 11
stats: {load,"os_mon@test3"} 1 0.7890625 0.0 1.30859375 0.62890625 0.90625 12
stats: {cpu,"os_mon@test2"} 1 23.556701030927833 0.0 34.989648033126294 2.355889724310777 23.325509363812742 12
stats: {freemem,"os_mon@test3"} 1 1047.6171875 0.0 1421.6484375 1047.6171875 1321.6549479166667 12
stats: {recvpackets,"os_mon@test4"} 1 16108.0 0.0 16108 3452 11477.454545454546 11
stats: {sentpackets,"os_mon@test4"} 1 11774.0 0.0 11774 2329 8123.818181818182 11
stats: {cpu,"os_mon@test4"} 1 30.529595015576323 0.0 40.86021505376344 1.848151848151848 22.285468013338818 12
stats: {load,"os_mon@myserver"} 1 1.5 0.0 2.8984375 1.5 2.005533854166667 12
stats: {recvpackets,"os_mon@myserver"} 1 16018.0 0.0 16018 3617 11563.363636363636 11
stats: {sentpackets,"os_mon@myserver"} 1 11829.0 0.0 11829 2446 8182.545454545455 11
stats: {cpu,"os_mon@myserver"} 1 25.5819774718398 0.0 25.5819774718398 1.6323455549974886 22.090797514627877 12
stats: session 1401 33209.3650040011 31756.43440122532 96969.06494140625 11.184814453125 10677.154783757864 16935
stats: users_count 3546 37320
stats: finish_users_count 1401 18336
stats: request 15118 1449.0338706601808 4154.657400013117 65811.32592773438 0.22607421875 965.8596957235526 172030
stats: page 1405 13301.323030193505 9070.168159540715 85267.90307617188 9.68701171875 9507.872450826346 16873
stats: connect 1661 7907.564039217704 9541.355542843805 31114.463134765625 0.463134765625 4465.279301333139 18017
stats: 200 15074 186970
stats: size_rcv 1748682 22204953
stats: newphase 6 68
stats: size_sent 2026430 24991797
stats: connected 145 1155
stats: error_connect_etimedout 1539 5071
# stats: dump at 1338983199
stats: users 20637 20695
stats: {load,"os_mon@test2"} 1 0.66015625 0.0 1.0390625 0.421875 0.6117788461538463 13
stats: {recvpackets,"os_mon@test3"} 1 16920.0 0.0 16920 3489 11871.75 12
stats: {sentpackets,"os_mon@test3"} 1 12570.0 0.0 12570 2355 8434.083333333334 12
stats: {freemem,"os_mon@test2"} 1 1163.0 0.0 1436.9296875 1163.0 1340.859375 13
stats: {cpu,"os_mon@test3"} 1 33.28141225337487 0.0 40.041819132253 2.4610748367654445 24.35662607717183 13
stats: {load,"os_mon@test4"} 1 0.4609375 0.0 1.44921875 0.4609375 0.8876201923076923 13
stats: {freemem,"os_mon@test4"} 1 1047.9921875 0.0 1412.8828125 1047.9921875 1297.5384615384614 13
stats: {freemem,"os_mon@myserver"} 1 1998.57421875 0.0 2036.53125 1998.57421875 2008.098858173077 13
stats: {recvpackets,"os_mon@test2"} 1 16824.0 0.0 16824 3508 11884.916666666666 12
stats: {sentpackets,"os_mon@test2"} 1 12429.0 0.0 12429 2366 8449.166666666666 12
stats: {load,"os_mon@test3"} 1 0.75 0.0 1.30859375 0.62890625 0.8972355769230769 13
stats: {cpu,"os_mon@test2"} 1 35.389440669106115 0.0 35.389440669106115 2.355889724310777 23.343293338206212 13
stats: {freemem,"os_mon@test3"} 1 1004.99609375 0.0 1421.6484375 1004.99609375 1300.5751201923076 13
stats: {recvpackets,"os_mon@test4"} 1 16927.0 0.0 16927 3452 11863.333333333334 12
stats: {sentpackets,"os_mon@test4"} 1 12576.0 0.0 12576 2329 8428.0 12
stats: {cpu,"os_mon@test4"} 1 29.953679876479672 0.0 40.86021505376344 1.848151848151848 22.91963162889555 13
stats: {load,"os_mon@myserver"} 1 1.4296875 0.0 2.8984375 1.4296875 1.9666466346153848 13
stats: {recvpackets,"os_mon@myserver"} 1 16822.0 0.0 16822 3617 11934.583333333334 12
stats: {sentpackets,"os_mon@myserver"} 1 12381.0 0.0 12381 2446 8486.416666666666 12
stats: {cpu,"os_mon@myserver"} 1 25.50688360450563 0.0 25.5819774718398 1.6323455549974886 22.359349819028793 13
stats: session 1470 33685.25691383007 32381.532026282108 110111.01489257813 11.184814453125 12398.774903661919 18336
stats: users_count 3123 40443
stats: finish_users_count 1470 19806
stats: 200 14843 201813
stats: request 14866 1370.6737725175622 4089.349242369713 69245.8759765625 0.22607421875 1004.8909820674726 187148
stats: page 1495 13515.587020047287 9642.425195694814 85267.90307617188 9.68701171875 9799.468799661605 18278
stats: connect 1556 7485.216243949833 9726.773723205115 31114.463134765625 0.463134765625 4755.83906094419 19678
stats: size_rcv 1689835 23894788
stats: newphase 5 73
stats: size_sent 1954912 26946709
stats: connected -1 1154
stats: error_connect_etimedout 1281 6352
# stats: dump at 1338983209
stats: users 23053 23069
stats: {load,"os_mon@test2"} 1 0.62890625 0.0 1.0390625 0.421875 0.6152343750000001 14
stats: {recvpackets,"os_mon@test3"} 1 16505.0 0.0 16920 3489 12260.076923076924 13
stats: {sentpackets,"os_mon@test3"} 1 12450.0 0.0 12570 2355 8752.23076923077 13
stats: {freemem,"os_mon@test2"} 1 1124.078125 0.0 1436.9296875 1124.078125 1328.1551339285713 14
stats: {cpu,"os_mon@test3"} 1 31.15603939865215 0.0 40.041819132253 2.4610748367654445 24.994110804043476 14
stats: {load,"os_mon@test4"} 1 0.46875 0.0 1.44921875 0.4609375 0.8571428571428571 14
stats: {freemem,"os_mon@test4"} 1 1006.99609375 0.0 1412.8828125 1006.99609375 1279.7137276785713 14
stats: {freemem,"os_mon@myserver"} 1 1998.46875 0.0 2036.53125 1998.46875 2007.4185267857142 14
stats: {recvpackets,"os_mon@test2"} 1 16606.0 0.0 16824 3508 12264.846153846154 13
stats: {sentpackets,"os_mon@test2"} 1 12518.0 0.0 12518 2366 8755.307692307691 13
stats: {load,"os_mon@test3"} 1 0.78125 0.0 1.30859375 0.62890625 0.88671875 14
stats: {cpu,"os_mon@test2"} 1 34.465020576131685 0.0 35.389440669106115 2.355889724310777 24.203732433270492 14
stats: {freemem,"os_mon@test3"} 1 951.88671875 0.0 1421.6484375 951.88671875 1279.4623325892858 14
stats: {recvpackets,"os_mon@test4"} 1 16496.0 0.0 16927 3452 12252.846153846154 13
stats: {sentpackets,"os_mon@test4"} 1 12444.0 0.0 12576 2329 8747.076923076924 13
stats: {cpu,"os_mon@test4"} 1 28.416149068322984 0.0 40.86021505376344 1.848151848151848 23.42206364658013 14
stats: {load,"os_mon@myserver"} 1 1.359375 0.0 2.8984375 1.359375 1.928292410714286 14
stats: {recvpackets,"os_mon@myserver"} 1 16349.0 0.0 16822 3617 12310.538461538461 13
stats: {sentpackets,"os_mon@myserver"} 1 12372.0 0.0 12381 2446 8786.0 13
stats: {cpu,"os_mon@myserver"} 1 25.525525525525527 0.0 25.5819774718398 1.6323455549974886 22.584173660848567 14
stats: session 1479 38576.6318432006 35394.51876028567 110979.2939453125 11.184814453125 13978.656179787697 19806
stats: users_count 3895 44338
stats: finish_users_count 1479 21285
stats: connect 1625 7760.637108323317 10327.305909000106 31114.463134765625 0.463134765625 4955.844283547411 21234
stats: request 14815 1559.6945127108015 5084.077979063998 113595.60791015625 0.22607421875 1031.8085569030338 202014
stats: page 1402 14575.121782289252 11046.643094197687 85267.90307617188 9.68701171875 10080.437632892606 19773
stats: error_unknown 81 81
stats: 200 14769 216582
stats: size_rcv 1677384 25572172
stats: newphase 6 79
stats: size_sent 1988574 28935283
stats: connected 59 1213
stats: error_connect_etimedout 1679 8031
# stats: dump at 1338983219
stats: users 24455 24662
stats: {load,"os_mon@test2"} 1 0.62109375 0.0 1.0390625 0.421875 0.6161458333333335 15
stats: {recvpackets,"os_mon@test3"} 1 17806.0 0.0 17806 3489 12563.285714285714 14
stats: {sentpackets,"os_mon@test3"} 1 13187.0 0.0 13187 2355 9016.357142857143 14
stats: {freemem,"os_mon@test2"} 1 1094.625 0.0 1436.9296875 1094.625 1314.55 15
stats: {cpu,"os_mon@test3"} 1 34.123711340206185 0.0 40.041819132253 2.4610748367654445 25.40490604368405 15
stats: {load,"os_mon@test4"} 1 0.5390625 0.0 1.44921875 0.4609375 0.83125 15
stats: {freemem,"os_mon@test4"} 1 944.1640625 0.0 1412.8828125 944.1640625 1261.5325520833333 15
stats: {freemem,"os_mon@myserver"} 1 1998.09765625 0.0 2036.53125 1998.09765625 2006.821875 15
stats: {recvpackets,"os_mon@test2"} 1 17689.0 0.0 17689 3508 12574.92857142857 14
stats: {sentpackets,"os_mon@test2"} 1 13115.0 0.0 13115 2366 9024.071428571428 14
stats: {load,"os_mon@test3"} 1 0.66015625 0.0 1.30859375 0.62890625 0.8796875 15
stats: {cpu,"os_mon@test2"} 1 26.759116589625066 0.0 35.389440669106115 2.355889724310777 24.887818309461238 15
stats: {freemem,"os_mon@test3"} 1 908.1640625 0.0 1421.6484375 908.1640625 1257.6239583333333 15
stats: {recvpackets,"os_mon@test4"} 1 17837.0 0.0 17837 3452 12555.92857142857 14
stats: {sentpackets,"os_mon@test4"} 1 13207.0 0.0 13207 2329 9011.142857142859 14
stats: {cpu,"os_mon@test4"} 1 35.7255107386066 0.0 40.86021505376344 1.848151848151848 23.755002674696318 15
stats: {load,"os_mon@myserver"} 1 1.390625 0.0 2.8984375 1.359375 1.8903645833333336 15
stats: {recvpackets,"os_mon@myserver"} 1 17820.0 0.0 17820 3617 12599.0 14
stats: {sentpackets,"os_mon@myserver"} 1 13219.0 0.0 13219 2446 9042.142857142857 14
stats: {cpu,"os_mon@myserver"} 1 25.450901803607213 0.0 25.5819774718398 1.6323455549974886 22.780263785160365 15
stats: session 1559 38302.52192364017 35510.433246365385 115290.84497070313 11.184814453125 15687.86012651956 21285
stats: users_count 2961 47299
stats: finish_users_count 1559 22844
stats: error_unknown 0 81
stats: request 15095 1437.2302423841734 4554.519810423091 115518.68017578125 0.22607421875 1067.8767508959595 216829
stats: connect 1569 7275.510344467019 8927.162588066001 31114.463134765625 0.463134765625 5155.231323236848 22859
stats: page 1474 14805.513679328411 10875.062970863039 86478.80200195313 9.68701171875 10378.03136028123 21175
stats: 200 15052 231634
stats: size_rcv 1674721 27246893
stats: newphase 4 83
stats: size_sent 1994759 30930042
stats: connected -82 1131
stats: error_connect_etimedout 1902 9933
# stats: dump at 1338983229
stats: users 26544 26584
stats: {load,"os_mon@test2"} 1 0.6015625 0.0 1.0390625 0.421875 0.6164550781250001 16
stats: {recvpackets,"os_mon@test3"} 1 16213.0 0.0 17806 3489 12912.8 15
stats: {sentpackets,"os_mon@test3"} 1 12576.0 0.0 13187 2355 9294.4 15
stats: {freemem,"os_mon@test2"} 1 1061.31640625 0.0 1436.9296875 1061.31640625 1300.8046875 16
stats: {cpu,"os_mon@test3"} 1 38.91752577319588 0.0 40.041819132253 2.4610748367654445 25.949831374716684 16
stats: {load,"os_mon@test4"} 1 0.69140625 0.0 1.44921875 0.4609375 0.81298828125 16
stats: {freemem,"os_mon@test4"} 1 915.92578125 0.0 1412.8828125 915.92578125 1241.697021484375 16
stats: {freemem,"os_mon@myserver"} 1 1997.71875 0.0 2036.53125 1997.71875 2006.276611328125 16
stats: {recvpackets,"os_mon@test2"} 1 16246.0 0.0 17689 3508 12915.866666666667 15
stats: {sentpackets,"os_mon@test2"} 1 12579.0 0.0 13115 2366 9296.8 15
stats: {load,"os_mon@test3"} 1 0.640625 0.0 1.30859375 0.62890625 0.865966796875 16
stats: {cpu,"os_mon@test2"} 1 27.25388601036269 0.0 35.389440669106115 2.355889724310777 25.00477445197148 16
stats: {freemem,"os_mon@test3"} 1 847.05859375 0.0 1421.6484375 847.05859375 1235.78271484375 16
stats: {recvpackets,"os_mon@test4"} 1 16104.0 0.0 17837 3452 12908.0 15
stats: {sentpackets,"os_mon@test4"} 1 12341.0 0.0 13207 2329 9290.866666666669 15
stats: {cpu,"os_mon@test4"} 1 24.60113226968605 0.0 40.86021505376344 1.848151848151848 24.50315942869071 16
stats: {load,"os_mon@myserver"} 1 1.328125 0.0 2.8984375 1.328125 1.8591308593750002 16
stats: {recvpackets,"os_mon@myserver"} 1 16232.0 0.0 17820 3617 12947.066666666668 15
stats: {sentpackets,"os_mon@myserver"} 1 12577.0 0.0 13219 2446 9320.6 15
stats: {cpu,"os_mon@myserver"} 1 25.425851703406817 0.0 25.5819774718398 1.6323455549974886 22.947178661313295 16
stats: session 1419 37309.68680405295 33872.25833105858 128412.43994140625 11.184814453125 17231.208828222894 22844
stats: users_count 3508 50807
stats: finish_users_count 1419 24263
stats: error_unknown 32 113
stats: request 14945 1738.9846754832824 5782.54232620214 139667.76806640625 0.22607421875 1091.9164835411993 231924
stats: connect 1792 9402.335148266397 10530.660620786502 31114.463134765625 0.39306640625 5291.415938608968 24428
stats: page 1454 15045.975235677975 11255.454137823599 128411.09814453125 9.68701171875 10666.172511690807 22649
stats: 200 14893 246527
stats: size_rcv 1660876 28907769
stats: newphase 5 88
stats: size_sent 1997901 32927943
stats: connected 205 1336
stats: error_connect_etimedout 2557 12490
# stats: dump at 1338983239
stats: users 28615 28615
stats: {load,"os_mon@test2"} 1 0.578125 0.0 1.0390625 0.421875 0.6155790441176472 17
stats: {recvpackets,"os_mon@test3"} 1 18533.0 0.0 18533 3489 13119.0625 16
stats: {sentpackets,"os_mon@test3"} 1 14018.0 0.0 14018 2355 9499.5 16
stats: {freemem,"os_mon@test2"} 1 1027.015625 0.0 1436.9296875 1027.015625 1286.7171415441176 17
stats: {cpu,"os_mon@test3"} 1 38.83647798742139 0.0 40.041819132253 2.4610748367654445 26.712636927568404 17
stats: {load,"os_mon@test4"} 1 0.73828125 0.0 1.44921875 0.4609375 0.8058363970588235 17
stats: {freemem,"os_mon@test4"} 1 870.9296875 0.0 1412.8828125 870.9296875 1222.5340073529412 17
stats: {freemem,"os_mon@myserver"} 1 1997.72265625 0.0 2036.53125 1997.71875 2005.7732077205883 17
stats: {recvpackets,"os_mon@test2"} 1 18444.0 0.0 18444 3508 13124.0 16
stats: {sentpackets,"os_mon@test2"} 1 13969.0 0.0 13969 2366 9501.9375 16
stats: {load,"os_mon@test3"} 1 0.76171875 0.0 1.30859375 0.62890625 0.8527113970588235 17
stats: {cpu,"os_mon@test2"} 1 30.20618556701031 0.0 35.389440669106115 2.355889724310777 25.137075131876845 17
stats: {freemem,"os_mon@test3"} 1 785.41015625 0.0 1421.6484375 785.41015625 1212.9165900735295 17
stats: {recvpackets,"os_mon@test4"} 1 18604.0 0.0 18604 3452 13107.75 16
stats: {sentpackets,"os_mon@test4"} 1 14223.0 0.0 14223 2329 9481.500000000002 16
stats: {cpu,"os_mon@test4"} 1 34.76461458872219 0.0 40.86021505376344 1.848151848151848 24.508922536984556 17
stats: {load,"os_mon@myserver"} 1 1.28125 0.0 2.8984375 1.28125 1.8278952205882355 17
stats: {recvpackets,"os_mon@myserver"} 1 18458.0 0.0 18458 3617 13152.375 16
stats: {sentpackets,"os_mon@myserver"} 1 13923.0 0.0 13923 2446 9524.125 16
stats: {cpu,"os_mon@myserver"} 1 25.482335254322226 0.0 25.5819774718398 1.6323455549974886 23.09298295790703 17
stats: session 1552 42267.067543737656 37204.408971960336 128412.43994140625 11.184814453125 18405.4807751257 24263
stats: users_count 3623 54430
stats: finish_users_count 1552 25815
stats: request 15130 1775.3095214036932 6028.93500974529 139667.76806640625 0.22607421875 1131.0888143262491 246869
stats: page 1519 15385.583467324052 11912.219422277163 128411.09814453125 9.68701171875 10930.381662447035 24103
stats: connect 1478 8535.465190469331 10967.22774605603 31114.463134765625 0.39306640625 5572.375786957789 26220
stats: error_unknown 5 118
stats: 200 15030 261557
stats: size_rcv 1678814 30586583
stats: newphase 6 94
stats: size_sent 2000259 34928202
stats: connected -161 1175
stats: error_connect_etimedout 3719 16209
# stats: dump at 1338983249
stats: users 30145 30145
stats: {load,"os_mon@test2"} 1 0.80859375 0.0 1.0390625 0.421875 0.613498263888889 18
stats: {recvpackets,"os_mon@test3"} 1 18590.0 0.0 18590 3489 13437.529411764706 17
stats: {sentpackets,"os_mon@test3"} 1 13871.0 0.0 14018 2355 9765.29411764706 17
stats: {freemem,"os_mon@test2"} 1 967.0 0.0 1436.9296875 967.0 1272.289279513889 18
stats: {cpu,"os_mon@test3"} 1 32.268203247773705 0.0 40.041819132253 2.4610748367654445 27.386183653115793 18
stats: {load,"os_mon@test4"} 1 0.62890625 0.0 1.44921875 0.4609375 0.8020833333333334 18
stats: {freemem,"os_mon@test4"} 1 834.05078125 0.0 1412.8828125 834.05078125 1203.0004340277778 18
stats: {freemem,"os_mon@myserver"} 1 1997.2421875 0.0 2036.53125 1997.2421875 2005.325954861111 18
stats: {recvpackets,"os_mon@test2"} 1 18635.0 0.0 18635 3508 13436.941176470587 17
stats: {sentpackets,"os_mon@test2"} 1 13919.0 0.0 13969 2366 9764.70588235294 17
stats: {load,"os_mon@test3"} 1 0.71875 0.0 1.30859375 0.62890625 0.84765625 18
stats: {cpu,"os_mon@test2"} 1 35.8421052631579 0.0 35.8421052631579 2.355889724310777 25.41869237827315 18
stats: {freemem,"os_mon@test3"} 1 750.11328125 0.0 1421.6484375 750.11328125 1189.166232638889 18
stats: {recvpackets,"os_mon@test4"} 1 18539.0 0.0 18604 3452 13431.058823529413 17
stats: {sentpackets,"os_mon@test4"} 1 13802.0 0.0 14223 2329 9760.411764705885 17
stats: {cpu,"os_mon@test4"} 1 29.033942558746734 0.0 40.86021505376344 1.848151848151848 25.078683206525533 18
stats: {load,"os_mon@myserver"} 1 1.23046875 0.0 2.8984375 1.23046875 1.7975260416666667 18
stats: {recvpackets,"os_mon@myserver"} 1 18722.0 0.0 18722 3617 13464.470588235294 17
stats: {sentpackets,"os_mon@myserver"} 1 14137.0 0.0 14137 2446 9782.882352941177 17
stats: {cpu,"os_mon@myserver"} 1 25.488232348522782 0.0 25.5819774718398 1.6323455549974886 23.225724752152317 18
stats: session 1408 44612.36207528547 36632.7701067441 128412.43994140625 11.184814453125 19840.041405181317 25815
stats: users_count 2938 57368
stats: finish_users_count 1408 27223
stats: request 14953 1844.3350277157467 6266.247456050056 139725.8349609375 0.22607421875 1168.2914727260206 261999
stats: page 1463 17007.969861065078 12508.625401396344 128411.09814453125 9.68701171875 11194.508254501057 25622
stats: connect 1731 9063.906029836204 11021.895845954321 31114.463134765625 0.39306640625 5730.48995182132 27698
stats: error_unknown 0 118
stats: 200 14829 276386
stats: size_rcv 1652041 32238624
stats: newphase 3 97
stats: size_sent 1960208 36888410
stats: connected -15 1160
stats: error_connect_etimedout 2188 18397
# stats: dump at 1338983259
stats: users 32392 32392
stats: {load,"os_mon@test2"} 1 0.76953125 0.0 1.0390625 0.421875 0.6237664473684211 19
stats: {recvpackets,"os_mon@test3"} 1 17356.0 0.0 18590 3489 13723.777777777777 18
stats: {sentpackets,"os_mon@test3"} 1 13658.0 0.0 14018 2355 9993.388888888889 18
stats: {freemem,"os_mon@test2"} 1 948.796875 0.0 1436.9296875 948.796875 1256.2214226973683 19
stats: {cpu,"os_mon@test3"} 1 35.12396694214876 0.0 40.041819132253 2.4610748367654445 27.64313205283463 19
stats: {load,"os_mon@test4"} 1 0.53125 0.0 1.44921875 0.4609375 0.79296875 19
stats: {freemem,"os_mon@test4"} 1 771.83203125 0.0 1412.8828125 771.83203125 1183.58203125 19
stats: {freemem,"os_mon@myserver"} 1 1997.6796875 0.0 2036.53125 1997.2421875 2004.9004934210527 19
stats: {recvpackets,"os_mon@test2"} 1 17586.0 0.0 18635 3508 13725.722222222223 18
stats: {sentpackets,"os_mon@test2"} 1 13795.0 0.0 13969 2366 9995.5 18
stats: {load,"os_mon@test3"} 1 0.69140625 0.0 1.30859375 0.62890625 0.8408717105263158 19
stats: {cpu,"os_mon@test2"} 1 24.948240165631468 0.0 35.8421052631579 2.355889724310777 25.967293056424978 19
stats: {freemem,"os_mon@test3"} 1 691.85546875 0.0 1421.6484375 691.85546875 1166.0581825657894 19
stats: {recvpackets,"os_mon@test4"} 1 17192.0 0.0 18604 3452 13714.833333333334 18
stats: {sentpackets,"os_mon@test4"} 1 13582.0 0.0 14223 2329 9984.944444444445 18
stats: {cpu,"os_mon@test4"} 1 37.40894901144641 0.0 40.86021505376344 1.848151848151848 25.28685475137928 19
stats: {load,"os_mon@myserver"} 1 1.19921875 0.0 2.8984375 1.19921875 1.7676809210526316 19
stats: {recvpackets,"os_mon@myserver"} 1 17974.0 0.0 18722 3617 13756.555555555555 18
stats: {sentpackets,"os_mon@myserver"} 1 13897.0 0.0 14137 2446 10024.777777777777 18
stats: {cpu,"os_mon@myserver"} 1 25.575575575575577 0.0 25.5819774718398 1.6323455549974886 23.344804099329707 19
stats: session 1448 54151.66698443161 47363.245288382095 169382.81591796875 11.184814453125 21121.289890047297 27223
stats: users_count 3695 61063
stats: finish_users_count 1448 28671
stats: request 14814 1495.5667087971563 5213.146704788684 139725.8349609375 0.22607421875 1204.7919467350957 276952
stats: page 1420 14668.609973832257 14257.306083486088 135462.92993164063 9.68701171875 11508.523182704977 27085
stats: connect 1754 5651.1452615840135 7935.048821268331 31114.463134765625 0.39306640625 5926.559924672716 29429
stats: error_unknown 0 118
stats: 200 14677 291063
stats: size_rcv 1682681 33921305
stats: newphase 6 103
stats: size_sent 1989489 38877899
stats: connected 65 1225
stats: error_connect_etimedout 3577 21974
stats: error_abort 1 1
EndMonitor:{1338,983259,924461}
