# stats: dump at 1338994475
stats: users 0 0
# stats: dump at 1338994485
stats: users 0 9
stats: {load,"os_mon@test2"} 1 6.87890625 0 6.87890625 6.87890625 0 0
stats: {freemem,"os_mon@test2"} 1 1380.53125 0 1380.53125 1380.53125 0 0
stats: {load,"os_mon@test4"} 1 1.37109375 0 1.37109375 1.37109375 0 0
stats: {cpu,"os_mon@test3"} 1 2.1772151898734178 0 2.1772151898734178 2.1772151898734178 0 0
stats: {freemem,"os_mon@test4"} 1 1529.6171875 0 1529.6171875 1529.6171875 0 0
stats: {freemem,"os_mon@myserver"} 1 1409.515625 0 1409.515625 1409.515625 0 0
stats: {load,"os_mon@test3"} 1 0.6015625 0 0.6015625 0.6015625 0 0
stats: {cpu,"os_mon@test2"} 1 3.679435483870968 0 3.679435483870968 3.679435483870968 0 0
stats: {freemem,"os_mon@test3"} 1 1354.25 0 1354.25 1354.25 0 0
stats: {cpu,"os_mon@test4"} 1 2.4722502522704337 0 2.4722502522704337 2.4722502522704337 0 0
stats: {load,"os_mon@myserver"} 1 0.76171875 0 0.76171875 0.76171875 0 0
stats: {cpu,"os_mon@myserver"} 1 3.5109876231371557 0 3.5109876231371557 3.5109876231371557 0 0
stats: session 899 14.827170706166575 2.666162755794244 30.43994140625 10.037109375 0 0
stats: users_count 899 899
stats: finish_users_count 899 899
stats: request 8883 1.2005704145207148 0.6628448380490103 7.005126953125 0.3359375 0 0
stats: page 888 12.571741877375421 2.3895283368773406 28.2490234375 8.5908203125 0 0
stats: connect 889 1.0961779496801223 0.2617493693216355 2.796875 0.572021484375 0 0
stats: 200 8883 8883
stats: size_rcv 1336741 1336741
stats: newphase 1 1
stats: size_sent 1177356 1177356
stats: connected 1 1
# stats: dump at 1338994495
stats: users 18 24
stats: {load,"os_mon@test2"} 1 5.96875 0.0 6.87890625 5.96875 6.87890625 1
stats: {recvpackets,"os_mon@test3"} 1 4914 0 4914 4914 0 0
stats: {sentpackets,"os_mon@test3"} 1 3297 0 3297 3297 0 0
stats: {freemem,"os_mon@test2"} 1 1390.4609375 0.0 1390.4609375 1380.53125 1380.53125 1
stats: {load,"os_mon@test4"} 1 1.23828125 0.0 1.37109375 1.23828125 1.37109375 1
stats: {cpu,"os_mon@test3"} 1 8.950617283950617 0.0 8.950617283950617 2.1772151898734178 2.1772151898734178 1
stats: {freemem,"os_mon@test4"} 1 1540.3984375 0.0 1540.3984375 1529.6171875 1529.6171875 1
stats: {freemem,"os_mon@myserver"} 1 1410.75390625 0.0 1410.75390625 1409.515625 1409.515625 1
stats: {recvpackets,"os_mon@test2"} 1 4929 0 4929 4929 0 0
stats: {sentpackets,"os_mon@test2"} 1 3307 0 3307 3307 0 0
stats: {load,"os_mon@test3"} 1 0.51171875 0.0 0.6015625 0.51171875 0.6015625 1
stats: {cpu,"os_mon@test2"} 1 10.89058524173028 0.0 10.89058524173028 3.679435483870968 3.679435483870968 1
stats: {recvpackets,"os_mon@test4"} 1 4898 0 4898 4898 0 0
stats: {sentpackets,"os_mon@test4"} 1 3287 0 3287 3287 0 0
stats: {freemem,"os_mon@test3"} 1 1364.07421875 0.0 1364.07421875 1354.25 1354.25 1
stats: {cpu,"os_mon@test4"} 1 8.55397148676171 0.0 8.55397148676171 2.4722502522704337 2.4722502522704337 1
stats: {load,"os_mon@myserver"} 1 0.87109375 0.0 0.87109375 0.76171875 0.76171875 1
stats: {recvpackets,"os_mon@myserver"} 1 5043 0 5043 5043 0 0
stats: {sentpackets,"os_mon@myserver"} 1 3383 0 3383 3383 0 0
stats: {cpu,"os_mon@myserver"} 1 30.938943047716776 0.0 30.938943047716776 3.5109876231371557 3.5109876231371557 1
stats: session 1900 16.51248933490957 32.59211439791715 1018.222900390625 10.037109375 14.827170706166575 899
stats: users_count 1918 2817
stats: finish_users_count 1900 2799
stats: request 19010 1.4003008927250455 10.252138032770874 998.7119140625 0.323974609375 1.2005704145207148 8883
stats: page 1894 14.563827691888857 32.63530128926149 1016.06201171875 8.5908203125 12.571741877375421 888
stats: connect 1909 2.084820259298059 32.24370333043857 997.68994140625 0.52197265625 1.0961779496801223 889
stats: 200 19015 27898
stats: size_rcv 2814114 4150855
stats: newphase 6 7
stats: size_sent 2528691 3706047
stats: connected 15 16
# stats: dump at 1338994505
stats: users 58 61
stats: {load,"os_mon@test2"} 1 5.21875 0.0 6.87890625 5.21875 6.423828125 2
stats: {recvpackets,"os_mon@test3"} 1 8909.0 0.0 8909 4914 4914.0 1
stats: {sentpackets,"os_mon@test3"} 1 5933.0 0.0 5933 3297 3297.0 1
stats: {freemem,"os_mon@test2"} 1 1394.1171875 0.0 1394.1171875 1380.53125 1385.49609375 2
stats: {load,"os_mon@test4"} 1 1.05078125 0.0 1.37109375 1.05078125 1.3046875 2
stats: {cpu,"os_mon@test3"} 1 17.980422462648118 0.0 17.980422462648118 2.1772151898734178 5.563916236912018 2
stats: {freemem,"os_mon@test4"} 1 1549.390625 0.0 1549.390625 1529.6171875 1535.0078125 2
stats: {freemem,"os_mon@myserver"} 1 1412.359375 0.0 1412.359375 1409.515625 1410.134765625 2
stats: {recvpackets,"os_mon@test2"} 1 8914.0 0.0 8914 4929 4929.0 1
stats: {sentpackets,"os_mon@test2"} 1 5934.0 0.0 5934 3307 3307.0 1
stats: {load,"os_mon@test3"} 1 0.51171875 0.0 0.6015625 0.51171875 0.556640625 2
stats: {cpu,"os_mon@test2"} 1 21.323155216284988 0.0 21.323155216284988 3.679435483870968 7.285010362800624 2
stats: {recvpackets,"os_mon@test4"} 1 8891.0 0.0 8891 4898 4898.0 1
stats: {sentpackets,"os_mon@test4"} 1 5920.0 0.0 5920 3287 3287.0 1
stats: {freemem,"os_mon@test3"} 1 1377.34375 0.0 1377.34375 1354.25 1359.162109375 2
stats: {cpu,"os_mon@test4"} 1 15.667011375387796 0.0 15.667011375387796 2.4722502522704337 5.513110869516073 2
stats: {load,"os_mon@myserver"} 1 1.19921875 0.0 1.19921875 0.76171875 0.81640625 2
stats: {recvpackets,"os_mon@myserver"} 1 9034.0 0.0 9034 5043 5043.0 1
stats: {sentpackets,"os_mon@myserver"} 1 6013.0 0.0 6013 3383 3383.0 1
stats: {cpu,"os_mon@myserver"} 1 57.04697986577181 0.0 57.04697986577181 3.5109876231371557 17.224965335426965 2
stats: session 2786 82.62983084717668 589.6185532088008 13883.156005859375 10.037109375 15.971188353401905 2799
stats: users_count 2826 5643
stats: finish_users_count 2786 5585
stats: request 27602 7.8189354609012875 181.7187757173987 13863.349853515625 0.09716796875 1.3366933267447254 27893
stats: page 2749 78.71346434214725 573.304323072358 13880.239013671875 8.5908203125 13.927964211195857 2782
stats: connect 2795 3.2447759147193636 46.17300057062993 1000.080078125 0.513916015625 1.770701955777564 2798
stats: 200 27588 55486
stats: size_rcv 3990339 8141194
stats: newphase 5 12
stats: size_sent 3664220 7370267
stats: connected 26 42
# stats: dump at 1338994515
stats: users 75 117
stats: {load,"os_mon@test2"} 1 4.48828125 0.0 6.87890625 4.48828125 6.022135416666667 3
stats: {recvpackets,"os_mon@test3"} 1 12608.0 0.0 12608 4914 6911.5 2
stats: {sentpackets,"os_mon@test3"} 1 8286.0 0.0 8286 3297 4615.0 2
stats: {freemem,"os_mon@test2"} 1 1398.3515625 0.0 1398.3515625 1380.53125 1388.3697916666667 3
stats: {load,"os_mon@test4"} 1 0.890625 0.0 1.37109375 0.890625 1.2200520833333333 3
stats: {cpu,"os_mon@test3"} 1 26.721479958890033 0.0 26.721479958890033 2.1772151898734178 9.702751645490718 3
stats: {freemem,"os_mon@test4"} 1 1555.75 0.0 1555.75 1529.6171875 1539.8020833333333 3
stats: {freemem,"os_mon@myserver"} 1 1417.0234375 0.0 1417.0234375 1409.515625 1410.8763020833333 3
stats: {recvpackets,"os_mon@test2"} 1 12643.0 0.0 12643 4929 6921.5 2
stats: {sentpackets,"os_mon@test2"} 1 8312.0 0.0 8312 3307 4620.5 2
stats: {load,"os_mon@test3"} 1 0.51171875 0.0 0.6015625 0.51171875 0.5416666666666666 3
stats: {cpu,"os_mon@test2"} 1 30.675469781615032 0.0 30.675469781615032 3.679435483870968 11.964391980628745 3
stats: {recvpackets,"os_mon@test4"} 1 12569.0 0.0 12569 4898 6894.5 2
stats: {sentpackets,"os_mon@test4"} 1 8261.0 0.0 8261 3287 4603.5 2
stats: {freemem,"os_mon@test3"} 1 1382.98828125 0.0 1382.98828125 1354.25 1365.22265625 3
stats: {cpu,"os_mon@test4"} 1 24.11825726141079 0.0 24.11825726141079 2.4722502522704337 8.897744371473314 3
stats: {load,"os_mon@myserver"} 1 1.48828125 0.0 1.48828125 0.76171875 0.9440104166666666 3
stats: {recvpackets,"os_mon@myserver"} 1 12658.0 0.0 12658 5043 7038.5 2
stats: {sentpackets,"os_mon@myserver"} 1 8315.0 0.0 8315 3383 4698.0 2
stats: {cpu,"os_mon@myserver"} 1 76.12670615503477 0.0 76.12670615503477 3.5109876231371557 30.498970178875243 3
stats: session 3798 149.95867280322264 683.4213490275524 20478.966064453125 10.037109375 49.22293015960719 5585
stats: users_count 3815 9458
stats: finish_users_count 3798 9383
stats: request 37808 14.90028647391721 221.6917297795451 20457.82177734375 0.09716796875 4.560818876559834 55495
stats: page 3768 146.18199763530856 685.7585630995752 20477.10205078125 8.5908203125 46.12744710036335 5531
stats: connect 3821 10.414113487756794 95.27102776260053 1064.984130859375 0.513916015625 2.5073435998402016 5593
stats: 200 37788 93274
stats: size_rcv 5348717 13489911
stats: newphase 6 18
stats: size_sent 5021801 12392068
stats: connected 28 70
# stats: dump at 1338994525
stats: users 131 209
stats: {load,"os_mon@test2"} 1 3.9609375 0.0 6.87890625 3.9609375 5.638671875 4
stats: {recvpackets,"os_mon@test3"} 1 16761.0 0.0 16761 4914 8810.333333333334 3
stats: {sentpackets,"os_mon@test3"} 1 10959.0 0.0 10959 3297 5838.666666666667 3
stats: {freemem,"os_mon@test2"} 1 1401.53515625 0.0 1401.53515625 1380.53125 1390.865234375 4
stats: {load,"os_mon@test4"} 1 0.75 0.0 1.37109375 0.75 1.1376953125 4
stats: {cpu,"os_mon@test3"} 1 33.28141225337487 0.0 33.28141225337487 2.1772151898734178 13.957433723840547 4
stats: {freemem,"os_mon@test4"} 1 1558.0546875 0.0 1558.0546875 1529.6171875 1543.7890625 4
stats: {freemem,"os_mon@myserver"} 1 1418.328125 0.0 1418.328125 1409.515625 1412.4130859375 4
stats: {recvpackets,"os_mon@test2"} 1 16801.0 0.0 16801 4929 8828.666666666666 3
stats: {sentpackets,"os_mon@test2"} 1 10986.0 0.0 10986 3307 5851.0 3
stats: {load,"os_mon@test3"} 1 0.58984375 0.0 0.6015625 0.51171875 0.5341796875 4
stats: {cpu,"os_mon@test2"} 1 40.05050505050505 0.0 40.05050505050505 3.679435483870968 16.642161430875316 4
stats: {recvpackets,"os_mon@test4"} 1 16780.0 0.0 16780 4898 8786.0 3
stats: {sentpackets,"os_mon@test4"} 1 10975.0 0.0 10975 3287 5822.666666666667 3
stats: {freemem,"os_mon@test3"} 1 1386.75 0.0 1386.75 1354.25 1369.6640625 4
stats: {cpu,"os_mon@test4"} 1 32.74974253347065 0.0 32.74974253347065 2.4722502522704337 12.702872593957682 4
stats: {load,"os_mon@myserver"} 1 2.33984375 0.0 2.33984375 0.76171875 1.080078125 4
stats: {recvpackets,"os_mon@myserver"} 1 17403.0 0.0 17403 5043 8911.666666666666 3
stats: {sentpackets,"os_mon@myserver"} 1 11381.0 0.0 11381 3383 5903.666666666667 3
stats: {cpu,"os_mon@myserver"} 1 88.16670801290003 0.0 88.16670801290003 3.5109876231371557 41.90590417291513 4
stats: session 4662 327.14721124584406 906.6335693702979 34487.301025390625 10.037109375 89.99819932303589 9383
stats: users_count 4718 14176
stats: finish_users_count 4662 14045
stats: request 46030 32.32679520531757 282.14317081949855 34469.39404296875 0.09716796875 8.750551156560345 93303
stats: page 4589 325.1971988042055 916.648800661287 34485.43994140625 8.5908203125 86.67003731605037 9299
stats: connect 4635 42.885261122488544 201.11761818263656 1578.85498046875 0.513916015625 5.71658172834342 9414
stats: 200 46022 139296
stats: size_rcv 6242356 19732267
stats: newphase 6 24
stats: size_sent 6113122 18505190
stats: connected 31 101
# stats: dump at 1338994535
stats: users 1021 1022
stats: {load,"os_mon@test2"} 1 3.51171875 0.0 6.87890625 3.51171875 5.303125 5
stats: {recvpackets,"os_mon@test3"} 1 20408.0 0.0 20408 4914 10798.0 4
stats: {sentpackets,"os_mon@test3"} 1 13319.0 0.0 13319 3297 7118.75 4
stats: {freemem,"os_mon@test2"} 1 1410.21484375 0.0 1410.21484375 1380.53125 1392.99921875 5
stats: {load,"os_mon@test4"} 1 0.62890625 0.0 1.37109375 0.62890625 1.06015625 5
stats: {cpu,"os_mon@test3"} 1 41.40786749482402 0.0 41.40786749482402 2.1772151898734178 17.82222942974741 5
stats: {freemem,"os_mon@test4"} 1 1563.90234375 0.0 1563.90234375 1529.6171875 1546.6421875 5
stats: {freemem,"os_mon@myserver"} 1 1421.921875 0.0 1421.921875 1409.515625 1413.59609375 5
stats: {recvpackets,"os_mon@test2"} 1 20404.0 0.0 20404 4929 10821.75 4
stats: {sentpackets,"os_mon@test2"} 1 13309.0 0.0 13309 3307 7134.75 4
stats: {load,"os_mon@test3"} 1 0.5 0.0 0.6015625 0.5 0.5453125 5
stats: {cpu,"os_mon@test2"} 1 46.38492871690428 0.0 46.38492871690428 3.679435483870968 21.323830154801264 5
stats: {recvpackets,"os_mon@test4"} 1 20363.0 0.0 20363 4898 10784.5 4
stats: {sentpackets,"os_mon@test4"} 1 13286.0 0.0 13286 3287 7110.75 4
stats: {freemem,"os_mon@test3"} 1 1390.09375 0.0 1390.09375 1354.25 1373.08125 5
stats: {cpu,"os_mon@test4"} 1 37.71186440677966 0.0 37.71186440677966 2.4722502522704337 16.712246581860278 5
stats: {load,"os_mon@myserver"} 1 3.2109375 0.0 3.2109375 0.76171875 1.33203125 5
stats: {recvpackets,"os_mon@myserver"} 1 20487.0 0.0 20487 5043 11034.5 4
stats: {sentpackets,"os_mon@myserver"} 1 13365.0 0.0 13365 3383 7273.0 4
stats: {cpu,"os_mon@myserver"} 1 88.917004048583 0.0 88.917004048583 3.5109876231371557 51.158064940912105 5
stats: session 4654 942.522584476643 1058.640201670566 45639.72900390625 10.037109375 168.71579943582563 14045
stats: users_count 5544 19720
stats: finish_users_count 4654 18699
stats: request 49448 95.70930848540604 317.3542481849845 45627.356201171875 0.09716796875 16.539190700417834 139333
stats: page 4626 890.9593300561702 1038.773991733094 45638.47900390625 8.5908203125 165.48636393393227 13888
stats: connect 5355 142.5376685960841 391.69354642345195 3439.547119140625 0.513916015625 17.979150522696234 14049
stats: 200 49682 188978
stats: size_rcv 5919360 25651627
stats: newphase 6 30
stats: size_sent 6653279 25158469
stats: connected 697 798
# stats: dump at 1338994545
stats: users 3842 3843
stats: {load,"os_mon@test2"} 1 3.05078125 0.0 6.87890625 3.05078125 5.004557291666667 6
stats: {recvpackets,"os_mon@test3"} 1 22542.0 0.0 22542 4914 12720.0 5
stats: {sentpackets,"os_mon@test3"} 1 14850.0 0.0 14850 3297 8358.8 5
stats: {freemem,"os_mon@test2"} 1 1399.359375 0.0 1410.21484375 1380.53125 1395.8684895833333 6
stats: {load,"os_mon@test4"} 1 0.609375 0.0 1.37109375 0.609375 0.98828125 6
stats: {cpu,"os_mon@test3"} 1 42.99363057324841 0.0 42.99363057324841 2.1772151898734178 21.753169107260177 6
stats: {freemem,"os_mon@test4"} 1 1553.1171875 0.0 1563.90234375 1529.6171875 1549.5188802083333 6
stats: {freemem,"os_mon@myserver"} 1 1381.671875 0.0 1421.921875 1381.671875 1414.9837239583333 6
stats: {recvpackets,"os_mon@test2"} 1 22566.0 0.0 22566 4929 12738.2 5
stats: {sentpackets,"os_mon@test2"} 1 14875.0 0.0 14875 3307 8369.6 5
stats: {load,"os_mon@test3"} 1 0.5 0.0 0.6015625 0.5 0.5377604166666666 6
stats: {cpu,"os_mon@test2"} 1 48.484848484848484 0.0 48.484848484848484 3.679435483870968 25.500679915151768 6
stats: {recvpackets,"os_mon@test4"} 1 22539.0 0.0 22539 4898 12700.2 5
stats: {sentpackets,"os_mon@test4"} 1 14842.0 0.0 14842 3287 8345.8 5
stats: {freemem,"os_mon@test3"} 1 1381.8828125 0.0 1390.09375 1354.25 1375.9166666666667 6
stats: {cpu,"os_mon@test4"} 1 41.46995708154507 0.0 41.46995708154507 2.4722502522704337 20.212182886013508 6
stats: {load,"os_mon@myserver"} 1 3.26171875 0.0 3.26171875 0.76171875 1.6451822916666667 6
stats: {recvpackets,"os_mon@myserver"} 1 22876.0 0.0 22876 5043 12925.0 5
stats: {sentpackets,"os_mon@myserver"} 1 15096.0 0.0 15096 3383 8491.4 5
stats: {cpu,"os_mon@myserver"} 1 92.35506476959014 0.0 92.35506476959014 3.5109876231371557 57.451221458857255 6
stats: session 3732 3110.9177893079495 2005.2113782894344 50256.125 10.037109375 361.30881390611626 18699
stats: users_count 6553 26273
stats: finish_users_count 3732 22431
stats: request 46490 364.8758965249163 730.3294162689896 48106.739013671875 0.06494140625 37.27646820309076 188781
stats: page 3713 2947.149966124094 1952.2027262506772 50254.488037109375 8.5908203125 346.75664271115346 18514
stats: connect 6838 482.9084838974293 858.2764289904678 7527.68603515625 0.513916015625 52.35406622476756 19404
stats: 200 46588 235566
stats: size_rcv 4282777 29934404
stats: newphase 6 36
stats: size_sent 6467159 31625628
stats: connected 2296 3094
# stats: dump at 1338994555
stats: users 4197 4591
stats: {load,"os_mon@test2"} 1 2.8203125 0.0 6.87890625 2.8203125 4.725446428571429 7
stats: {recvpackets,"os_mon@test3"} 1 24822.0 0.0 24822 4914 14357.0 6
stats: {sentpackets,"os_mon@test3"} 1 16470.0 0.0 16470 3297 9440.666666666666 6
stats: {freemem,"os_mon@test2"} 1 1365.11328125 0.0 1410.21484375 1365.11328125 1396.3671875 7
stats: {load,"os_mon@test4"} 1 0.66015625 0.0 1.37109375 0.609375 0.9341517857142857 7
stats: {cpu,"os_mon@test3"} 1 47.05882352941176 0.0 47.05882352941176 2.1772151898734178 24.787520745258494 7
stats: {freemem,"os_mon@test4"} 1 1519.47265625 0.0 1563.90234375 1519.47265625 1550.032924107143 7
stats: {freemem,"os_mon@myserver"} 1 1349.7421875 0.0 1421.921875 1349.7421875 1410.224888392857 7
stats: {recvpackets,"os_mon@test2"} 1 25512.0 0.0 25512 4929 14376.166666666666 6
stats: {sentpackets,"os_mon@test2"} 1 16922.0 0.0 16922 3307 9453.833333333334 6
stats: {load,"os_mon@test3"} 1 0.6484375 0.0 0.6484375 0.5 0.5323660714285714 7
stats: {cpu,"os_mon@test2"} 1 53.2 0.0 53.2 3.679435483870968 28.78413256796559 7
stats: {recvpackets,"os_mon@test4"} 1 24834.0 0.0 24834 4898 14340.0 6
stats: {sentpackets,"os_mon@test4"} 1 16482.0 0.0 16482 3287 9428.5 6
stats: {freemem,"os_mon@test3"} 1 1347.00390625 0.0 1390.09375 1347.00390625 1376.7689732142858 7
stats: {cpu,"os_mon@test4"} 1 43.641304347826086 0.0 43.641304347826086 2.4722502522704337 23.249007771089445 7
stats: {load,"os_mon@myserver"} 1 3.921875 0.0 3.921875 0.76171875 1.8761160714285714 7
stats: {recvpackets,"os_mon@myserver"} 1 27847.0 0.0 27847 5043 14583.5 6
stats: {sentpackets,"os_mon@myserver"} 1 18603.0 0.0 18603 3383 9592.166666666666 6
stats: {cpu,"os_mon@myserver"} 1 94.15342358249951 0.0 94.15342358249951 3.5109876231371557 62.43748478896196 7
stats: session 4639 6356.469617359694 3576.941840537073 56106.448974609375 10.037109375 818.7802015482026 22431
stats: users_count 4994 31267
stats: finish_users_count 4639 27070
stats: request 47823 713.4300615191676 1484.2214107859845 56079.02197265625 0.06201171875 102.01074239192693 235271
stats: page 4707 6258.312061563485 3496.7112233669927 56105.06005859375 8.5908203125 781.1499665889709 22227
stats: connect 7727 834.3024462846394 1560.2330000788581 15514.909912109375 0.513916015625 164.54563348510064 26242
stats: 200 44893 280459
stats: size_rcv 4041011 33975415
stats: newphase 6 42
stats: size_sent 6364672 37990300
stats: connected 192 3286
# stats: dump at 1338994565
stats: users 4152 4591
stats: {load,"os_mon@test2"} 1 2.69140625 0.0 6.87890625 2.69140625 4.4873046875 8
stats: {recvpackets,"os_mon@test3"} 1 19585.0 0.0 24822 4914 15852.0 7
stats: {sentpackets,"os_mon@test3"} 1 13465.0 0.0 16470 3297 10444.857142857143 7
stats: {freemem,"os_mon@test2"} 1 1329.84375 0.0 1410.21484375 1329.84375 1392.46044921875 8
stats: {load,"os_mon@test4"} 1 0.55859375 0.0 1.37109375 0.55859375 0.89990234375 8
stats: {cpu,"os_mon@test3"} 1 46.0656591974987 0.0 47.05882352941176 2.1772151898734178 27.571433593277654 8
stats: {freemem,"os_mon@test4"} 1 1518.07421875 0.0 1563.90234375 1518.07421875 1546.212890625 8
stats: {freemem,"os_mon@myserver"} 1 1344.69140625 0.0 1421.921875 1344.69140625 1402.66455078125 8
stats: {recvpackets,"os_mon@test2"} 1 18920.0 0.0 25512 4929 15967.0 7
stats: {sentpackets,"os_mon@test2"} 1 13050.0 0.0 16922 3307 10520.714285714286 7
stats: {load,"os_mon@test3"} 1 0.69921875 0.0 0.69921875 0.5 0.546875 8
stats: {cpu,"os_mon@test2"} 1 54.48418869880767 0.0 54.48418869880767 3.679435483870968 31.836115996969887 8
stats: {recvpackets,"os_mon@test4"} 1 19671.0 0.0 24834 4898 15839.142857142857 7
stats: {sentpackets,"os_mon@test4"} 1 13526.0 0.0 16482 3287 10436.142857142857 7
stats: {freemem,"os_mon@test3"} 1 1330.7421875 0.0 1390.09375 1330.7421875 1373.04833984375 8
stats: {cpu,"os_mon@test4"} 1 36.21333333333333 0.0 43.641304347826086 2.4722502522704337 25.798044843181525 8
stats: {load,"os_mon@myserver"} 1 4.62890625 0.0 4.62890625 0.76171875 2.1318359375 8
stats: {recvpackets,"os_mon@myserver"} 1 25833.0 0.0 27847 5043 16478.285714285714 7
stats: {sentpackets,"os_mon@myserver"} 1 17782.0 0.0 18603 3383 10879.42857142857 7
stats: {cpu,"os_mon@myserver"} 1 94.3142144638404 0.0 94.3142144638404 3.5109876231371557 66.40197713815415 8
stats: session 4748 7419.688527673665 5064.559861475825 56106.448974609375 10.037109375 1767.7769211621485 27070
stats: users_count 4703 35970
stats: finish_users_count 4748 31818
stats: request 48480 763.264966918138 1738.3184546292723 56079.02197265625 0.06201171875 205.29765804051726 283094
stats: page 4762 7353.315507410549 5007.482838979358 56105.06005859375 8.5908203125 1738.3416938127416 26934
stats: connect 7851 828.301600431822 1659.2148781786614 31066.64404296875 0.513916015625 316.8966268173163 33969
stats: 200 45092 325551
stats: size_rcv 4053593 38029008
stats: newphase 6 48
stats: size_sent 6436138 44426438
stats: connected 62 3348
# stats: dump at 1338994575
stats: users 4343 4591
stats: {load,"os_mon@test2"} 1 2.66015625 0.0 6.87890625 2.66015625 4.287760416666667 9
stats: {recvpackets,"os_mon@test3"} 1 20258.0 0.0 24822 4914 16318.625 8
stats: {sentpackets,"os_mon@test3"} 1 14039.0 0.0 16470 3297 10822.375 8
stats: {freemem,"os_mon@test2"} 1 1323.5703125 0.0 1410.21484375 1323.5703125 1385.5030381944443 9
stats: {load,"os_mon@test4"} 1 0.55078125 0.0 1.37109375 0.55078125 0.8619791666666666 9
stats: {cpu,"os_mon@test3"} 1 46.732880292733924 0.0 47.05882352941176 2.1772151898734178 29.626347549302213 9
stats: {freemem,"os_mon@test4"} 1 1488.41015625 0.0 1563.90234375 1488.41015625 1543.0863715277778 9
stats: {freemem,"os_mon@myserver"} 0 0 0 1421.921875 1344.69140625 1396.2230902777778 9
stats: {recvpackets,"os_mon@test2"} 1 20593.0 0.0 25512 4929 16336.125 8
stats: {sentpackets,"os_mon@test2"} 1 14239.0 0.0 16922 3307 10836.875 8
stats: {load,"os_mon@test3"} 1 0.671875 0.0 0.69921875 0.5 0.5638020833333334 9
stats: {cpu,"os_mon@test2"} 1 52.292632663575475 0.0 54.48418869880767 3.679435483870968 34.35256851939631 9
stats: {recvpackets,"os_mon@test4"} 1 20233.0 0.0 24834 4898 16318.125 8
stats: {sentpackets,"os_mon@test4"} 1 14020.0 0.0 16482 3287 10822.375 8
stats: {freemem,"os_mon@test3"} 1 1289.53515625 0.0 1390.09375 1289.53515625 1368.34765625 9
stats: {cpu,"os_mon@test4"} 1 44.81081081081081 0.0 44.81081081081081 2.4722502522704337 26.95529911986506 9
stats: {load,"os_mon@myserver"} 0 0 0 4.62890625 0.76171875 2.4092881944444446 9
stats: {recvpackets,"os_mon@myserver"} 0 0 0 27847 5043 17647.625 8
stats: {sentpackets,"os_mon@myserver"} 0 0 0 18603 3383 11742.25 8
stats: {cpu,"os_mon@myserver"} 0 0 0 94.3142144638404 3.5109876231371557 69.50333684100818 9
stats: session 4625 7423.080922719596 5980.297286831097 56106.448974609375 10.037109375 2611.1761388287737 31818
stats: users_count 4816 40786
stats: finish_users_count 4625 36443
stats: request 47690 753.2589101499033 1957.3761885317033 56079.02197265625 0.06201171875 286.8790098183619 331574
stats: page 4655 7496.834589665429 6018.323636932012 56105.06005859375 8.5908203125 2581.934112425587 31696
stats: connect 7806 831.8295869663558 1924.0706550005646 32083.595947265625 0.513916015625 412.9042893674714 41820
stats: 200 44814 370365
stats: size_rcv 4099645 42128653
stats: newphase 6 54
stats: size_sent 6354293 50780731
stats: connected 227 3575
# stats: dump at 1338994585
stats: users 1674 4591
stats: {load,"os_mon@test2"} 1 2.41015625 0.0 6.87890625 2.41015625 4.125 10
stats: {recvpackets,"os_mon@test3"} 1 21139.0 0.0 24822 4914 16756.333333333332 9
stats: {sentpackets,"os_mon@test3"} 1 14797.0 0.0 16470 3297 11179.777777777777 9
stats: {freemem,"os_mon@test2"} 1 1297.6015625 0.0 1410.21484375 1297.6015625 1379.309765625 10
stats: {load,"os_mon@test4"} 1 0.5390625 0.0 1.37109375 0.5390625 0.830859375 10
stats: {cpu,"os_mon@test3"} 1 50.65963060686016 0.0 50.65963060686016 2.1772151898734178 31.337000823645383 10
stats: {freemem,"os_mon@test4"} 1 1464.1328125 0.0 1563.90234375 1464.1328125 1537.61875 10
stats: {freemem,"os_mon@myserver"} 0 0 0 1421.921875 1344.69140625 1396.2230902777778 9
stats: {recvpackets,"os_mon@test2"} 1 21181.0 0.0 25512 4929 16809.11111111111 9
stats: {sentpackets,"os_mon@test2"} 1 14835.0 0.0 16922 3307 11214.888888888889 9
stats: {load,"os_mon@test3"} 1 0.73046875 0.0 0.73046875 0.5 0.574609375 10
stats: {cpu,"os_mon@test2"} 1 54.90702479338842 0.0 54.90702479338842 3.679435483870968 36.14657493381422 10
stats: {recvpackets,"os_mon@test4"} 1 21103.0 0.0 24834 4898 16753.11111111111 9
stats: {sentpackets,"os_mon@test4"} 1 14766.0 0.0 16482 3287 11177.666666666666 9
stats: {freemem,"os_mon@test3"} 1 1264.88671875 0.0 1390.09375 1264.88671875 1360.46640625 10
stats: {cpu,"os_mon@test4"} 1 42.285104111051794 0.0 44.81081081081081 2.4722502522704337 28.74085028895963 10
stats: {load,"os_mon@myserver"} 0 0 0 4.62890625 0.76171875 2.4092881944444446 9
stats: {recvpackets,"os_mon@myserver"} 0 0 0 27847 5043 17647.625 8
stats: {sentpackets,"os_mon@myserver"} 0 0 0 18603 3383 11742.25 8
stats: {cpu,"os_mon@myserver"} 0 0 0 94.3142144638404 3.5109876231371557 69.50333684100818 9
stats: session 5692 7229.264685496091 6548.911300597952 56106.448974609375 10.037109375 3221.8574665321753 36443
stats: users_count 3023 43809
stats: finish_users_count 5692 42135
stats: request 48079 692.5116401592609 2116.209417957319 56079.02197265625 0.050048828125 345.52327198616905 379264
stats: page 5656 7235.612131682616 6483.249718432524 56105.06005859375 8.5908203125 3211.3215218930422 36351
stats: connect 6210 877.1666236570297 2310.2176454524715 32083.595947265625 0.513916015625 478.79980528769244 49626
stats: 200 44597 414962
stats: size_rcv 4535748 46664401
stats: newphase 4 58
stats: size_sent 6114894 56895625
stats: connected -2000 1575
# stats: dump at 1338994595
stats: users 291 4591
stats: {load,"os_mon@test2"} 1 2.0390625 0.0 6.87890625 2.0390625 3.9691051136363638 11
stats: {recvpackets,"os_mon@test3"} 1 17312.0 0.0 24822 4914 17194.6 10
stats: {sentpackets,"os_mon@test3"} 1 12042.0 0.0 16470 3297 11541.5 10
stats: {freemem,"os_mon@test2"} 1 1302.74609375 0.0 1410.21484375 1297.6015625 1371.881747159091 11
stats: {load,"os_mon@test4"} 1 0.5390625 0.0 1.37109375 0.5390625 0.8043323863636364 11
stats: {cpu,"os_mon@test3"} 1 54.88058151609554 0.0 54.88058151609554 2.1772151898734178 33.09360353121036 11
stats: {freemem,"os_mon@test4"} 1 1464.24609375 0.0 1563.90234375 1464.1328125 1530.9382102272727 11
stats: {freemem,"os_mon@myserver"} 1 1371.73046875 0.0 1421.921875 1344.69140625 1396.2230902777778 9
stats: {recvpackets,"os_mon@test2"} 1 17297.0 0.0 25512 4929 17246.3 10
stats: {sentpackets,"os_mon@test2"} 1 12019.0 0.0 16922 3307 11576.9 10
stats: {load,"os_mon@test3"} 1 0.83984375 0.0 0.83984375 0.5 0.5887784090909091 11
stats: {cpu,"os_mon@test2"} 1 15.484515484515486 0.0 54.90702479338842 3.679435483870968 37.8520703755937 11
stats: {recvpackets,"os_mon@test4"} 1 17322.0 0.0 24834 4898 17188.1 10
stats: {sentpackets,"os_mon@test4"} 1 12047.0 0.0 16482 3287 11536.5 10
stats: {freemem,"os_mon@test3"} 1 1254.70703125 0.0 1390.09375 1254.70703125 1351.77734375 11
stats: {cpu,"os_mon@test4"} 1 42.249870399170554 0.0 44.81081081081081 2.4722502522704337 29.97214609096801 11
stats: {load,"os_mon@myserver"} 1 4.8515625 0.0 4.8515625 0.76171875 2.4092881944444446 9
stats: {recvpackets,"os_mon@myserver"} 1 61762.0 0.0 61762 5043 17647.625 8
stats: {sentpackets,"os_mon@myserver"} 1 42874.0 0.0 42874 3383 11742.25 8
stats: {cpu,"os_mon@myserver"} 1 92.18005838070364 0.0 94.3142144638404 3.5109876231371557 69.50333684100818 9
stats: session 4772 3898.3464194311123 8535.314149876118 60232.458984375 10.037109375 3763.216476626933 42135
stats: users_count 3389 47198
stats: finish_users_count 4772 46907
stats: request 42166 319.78099550108755 2423.1517307119543 57968.930908203125 0.050048828125 384.5618282592193 427343
stats: page 4829 3983.7978784083575 8560.256076244037 60231.18603515625 8.5908203125 3753.1690160956714 42007
stats: connect 4278 208.0360446410957 1572.3444755854262 32083.595947265625 0.513916015625 523.1055926305104 55836
stats: 200 40815 455777
stats: size_rcv 5752068 52416469
stats: newphase 2 60
stats: size_sent 5419428 62315053
stats: connected -1301 274
# stats: dump at 1338994605
stats: users 129 4591
stats: {load,"os_mon@test2"} 1 1.73046875 0.0 6.87890625 1.73046875 3.8082682291666665 12
stats: {recvpackets,"os_mon@test3"} 1 14889.0 0.0 24822 4914 17205.272727272728 11
stats: {sentpackets,"os_mon@test3"} 1 10406.0 0.0 16470 3297 11587.0 11
stats: {freemem,"os_mon@test2"} 1 1303.25390625 0.0 1410.21484375 1297.6015625 1366.1204427083333 12
stats: {load,"os_mon@test4"} 1 0.53125 0.0 1.37109375 0.53125 0.7822265625 12
stats: {cpu,"os_mon@test3"} 1 38.19828887770508 0.0 54.88058151609554 2.1772151898734178 34.9091850299508 12
stats: {freemem,"os_mon@test4"} 1 1467.3046875 0.0 1563.90234375 1464.1328125 1525.3805338541667 12
stats: {freemem,"os_mon@myserver"} 1 1375.09765625 0.0 1421.921875 1344.69140625 1393.773828125 10
stats: {recvpackets,"os_mon@test2"} 1 14433.0 0.0 25512 4929 17250.909090909092 11
stats: {sentpackets,"os_mon@test2"} 1 10112.0 0.0 16922 3307 11617.09090909091 11
stats: {load,"os_mon@test3"} 1 0.87109375 0.0 0.87109375 0.5 0.6097005208333334 12
stats: {cpu,"os_mon@test2"} 1 3.5768261964735517 0.0 54.90702479338842 3.5768261964735517 35.98810746800385 12
stats: {recvpackets,"os_mon@test4"} 1 14974.0 0.0 24834 4898 17200.272727272728 11
stats: {sentpackets,"os_mon@test4"} 1 10470.0 0.0 16482 3287 11582.90909090909 11
stats: {freemem,"os_mon@test3"} 1 1257.50390625 0.0 1390.09375 1254.70703125 1343.6881510416667 12
stats: {cpu,"os_mon@test4"} 1 36.826042726347914 0.0 44.81081081081081 2.4722502522704337 30.995289783318224 12
stats: {load,"os_mon@myserver"} 1 4.66015625 0.0 4.8515625 0.76171875 2.653515625 10
stats: {recvpackets,"os_mon@myserver"} 1 13180.0 0.0 61762 5043 22549.222222222223 9
stats: {sentpackets,"os_mon@myserver"} 1 9115.0 0.0 42874 3383 15201.333333333334 9
stats: {cpu,"os_mon@myserver"} 1 73.84535547483134 0.0 94.3142144638404 3.5109876231371557 71.77100899497772 10
stats: session 3015 2178.54565057201 9354.059614882155 68708.90087890625 10.037109375 3776.963680393141 46907
stats: users_count 2853 50051
stats: finish_users_count 3015 49922
stats: request 29473 199.06956781849345 2761.024281229338 63621.4228515625 0.050048828125 378.7439449085713 469509
stats: 200 29210 484987
stats: page 2995 2173.3406342113153 9301.597818572092 64133.39892578125 8.5908203125 3776.9478779990777 46836
stats: connect 3018 37.16054252285766 808.0272217415758 32083.595947265625 0.5048828125 500.68373538762654 60114
stats: size_rcv 4364426 56780895
stats: newphase 2 62
stats: size_sent 3887884 66202937
stats: connected -131 143
stats: error_connect_etimedout 3 3
# stats: dump at 1338994615
stats: users 185 4591
stats: {load,"os_mon@test2"} 1 1.4609375 0.0 6.87890625 1.4609375 3.6484375 13
stats: {recvpackets,"os_mon@test3"} 1 14963.0 0.0 24822 4914 17012.25 12
stats: {sentpackets,"os_mon@test3"} 1 10078.0 0.0 16470 3297 11488.583333333334 12
stats: {freemem,"os_mon@test2"} 1 1334.1875 0.0 1410.21484375 1297.6015625 1361.2845552884614 13
stats: {load,"os_mon@test4"} 1 0.6015625 0.0 1.37109375 0.53125 0.7629206730769231 13
stats: {cpu,"os_mon@test3"} 1 40.95286365940193 0.0 54.88058151609554 2.1772151898734178 35.162193018239584 13
stats: {freemem,"os_mon@test4"} 1 1489.02734375 0.0 1563.90234375 1464.1328125 1520.9131610576924 13
stats: {freemem,"os_mon@myserver"} 1 1376.46484375 0.0 1421.921875 1344.69140625 1392.0759943181818 11
stats: {recvpackets,"os_mon@test2"} 1 15385.0 0.0 25512 4929 17016.083333333332 12
stats: {sentpackets,"os_mon@test2"} 1 10354.0 0.0 16922 3307 11491.666666666666 12
stats: {load,"os_mon@test3"} 1 0.80859375 0.0 0.87109375 0.5 0.6298076923076923 13
stats: {cpu,"os_mon@test2"} 1 0.8032128514056224 0.0 54.90702479338842 0.8032128514056224 33.49493198557844 13
stats: {recvpackets,"os_mon@test4"} 1 14880.0 0.0 24834 4898 17014.75 12
stats: {sentpackets,"os_mon@test4"} 1 10013.0 0.0 16482 3287 11490.166666666666 12
stats: {freemem,"os_mon@test3"} 1 1276.75390625 0.0 1390.09375 1254.70703125 1337.05859375 13
stats: {cpu,"os_mon@test4"} 1 36.15934627170582 0.0 44.81081081081081 2.4722502522704337 31.44380924047435 13
stats: {load,"os_mon@myserver"} 1 4.66015625 0.0 4.8515625 0.76171875 2.8359375 11
stats: {recvpackets,"os_mon@myserver"} 1 16845.0 0.0 61762 5043 21612.3 10
stats: {sentpackets,"os_mon@myserver"} 1 11198.0 0.0 42874 3383 14592.7 10
stats: {cpu,"os_mon@myserver"} 1 87.65652951699462 0.0 94.3142144638404 3.5109876231371557 71.95958594769168 11
stats: session 3968 639.6119751468798 5316.142979058221 73175.17895507813 10.037109375 3680.42847827963 49922
stats: users_count 4024 54075
stats: finish_users_count 3968 53890
stats: request 40071 56.25967284534792 1489.2628683909481 68902.81298828125 0.050048828125 368.1312516331107 498982
stats: page 4007 607.4206487523777 5073.325135887732 73166.86596679688 8.5908203125 3680.5660334616546 49831
stats: connect 4050 25.30080982349537 152.36821655073823 32083.595947265625 0.5048828125 478.52519461486673 63132
stats: 200 40016 525003
stats: size_rcv 5950997 62731892
stats: newphase 2 64
stats: size_sent 5317070 71520007
stats: connected 9 152
stats: error_connect_etimedout 2 5
# stats: dump at 1338994625
stats: users 911 4591
stats: {load,"os_mon@test2"} 1 1.23828125 0.0 6.87890625 1.23828125 3.4921875 14
stats: {recvpackets,"os_mon@test3"} 1 16830.0 0.0 24822 4914 16854.615384615383 13
stats: {sentpackets,"os_mon@test3"} 1 11199.0 0.0 16470 3297 11380.076923076924 13
stats: {freemem,"os_mon@test2"} 1 1334.58984375 0.0 1410.21484375 1297.6015625 1359.3490513392858 14
stats: {load,"os_mon@test4"} 1 0.58984375 0.0 1.37109375 0.53125 0.7513950892857143 14
stats: {cpu,"os_mon@test3"} 1 45.07824331145886 0.0 54.88058151609554 2.1772151898734178 35.57581234975118 14
stats: {freemem,"os_mon@test4"} 1 1489.2890625 0.0 1563.90234375 1464.1328125 1518.6356026785713 14
stats: {freemem,"os_mon@myserver"} 0 0 0 1421.921875 1344.69140625 1390.7750651041667 12
stats: {recvpackets,"os_mon@test2"} 1 16861.0 0.0 25512 4929 16890.615384615383 13
stats: {sentpackets,"os_mon@test2"} 1 11222.0 0.0 16922 3307 11404.153846153846 13
stats: {load,"os_mon@test3"} 1 0.76171875 0.0 0.87109375 0.5 0.642578125 14
stats: {cpu,"os_mon@test2"} 1 0.40060090135202797 0.0 54.90702479338842 0.40060090135202797 31.159809190280384 14
stats: {recvpackets,"os_mon@test4"} 1 16848.0 0.0 24834 4898 16850.53846153846 13
stats: {sentpackets,"os_mon@test4"} 1 11217.0 0.0 16482 3287 11376.538461538461 13
stats: {freemem,"os_mon@test3"} 1 1277.51171875 0.0 1390.09375 1254.70703125 1332.7511160714287 14
stats: {cpu,"os_mon@test4"} 1 42.129629629629626 0.0 44.81081081081081 2.4722502522704337 31.780633314133745 14
stats: {load,"os_mon@myserver"} 0 0 0 4.8515625 0.76171875 2.9879557291666665 12
stats: {recvpackets,"os_mon@myserver"} 0 0 0 61762 5043 21178.909090909092 11
stats: {sentpackets,"os_mon@myserver"} 0 0 0 42874 3383 14284.09090909091 11
stats: {cpu,"os_mon@myserver"} 0 0 0 94.3142144638404 3.5109876231371557 73.26766457846692 12
stats: session 3520 506.2242164611812 5445.5203782056005 133688.24487304688 10.037109375 3456.528684543672 53890
stats: users_count 4246 58321
stats: finish_users_count 3520 57410
stats: request 38258 45.03592003658726 1579.8893403463176 133669.72705078125 0.050048828125 344.9479912976623 539053
stats: page 3514 477.61027187288806 5309.455580734523 133686.15600585938 8.5908203125 3451.841089063087 53838
stats: connect 4292 31.755450615789524 170.82882569729713 32083.595947265625 0.489013671875 451.20301369728384 67182
stats: 200 38391 563394
stats: size_rcv 5780954 68512846
stats: newphase 2 66
stats: size_sent 5171384 76691391
stats: connected 742 894
stats: error_connect_etimedout 0 5
# stats: dump at 1338994635
stats: users 659 4591
stats: {load,"os_mon@test2"} 1 1.12109375 0.0 6.87890625 1.12109375 3.341927083333333 15
stats: {recvpackets,"os_mon@test3"} 1 17230.0 0.0 24822 4914 16852.85714285714 14
stats: {sentpackets,"os_mon@test3"} 1 11446.0 0.0 16470 3297 11367.142857142857 14
stats: {freemem,"os_mon@test2"} 1 1334.8046875 0.0 1410.21484375 1297.6015625 1357.6984375 15
stats: {load,"os_mon@test4"} 1 0.578125 0.0 1.37109375 0.53125 0.740625 15
stats: {cpu,"os_mon@test3"} 1 45.0126582278481 0.0 54.88058151609554 2.1772151898734178 36.209307747198366 15
stats: {freemem,"os_mon@test4"} 1 1487.49609375 0.0 1563.90234375 1464.1328125 1516.6791666666666 15
stats: {freemem,"os_mon@myserver"} 1 1373.984375 0.0 1421.921875 1344.69140625 1390.7750651041667 12
stats: {recvpackets,"os_mon@test2"} 1 17243.0 0.0 25512 4929 16888.499999999996 14
stats: {sentpackets,"os_mon@test2"} 1 11443.0 0.0 16922 3307 11391.142857142857 14
stats: {load,"os_mon@test3"} 1 0.80078125 0.0 0.87109375 0.5 0.6505208333333333 15
stats: {cpu,"os_mon@test2"} 1 0.25037556334501754 0.0 54.90702479338842 0.25037556334501754 29.10919530435183 15
stats: {recvpackets,"os_mon@test4"} 1 17198.0 0.0 24834 4898 16850.35714285714 14
stats: {sentpackets,"os_mon@test4"} 1 11424.0 0.0 16482 3287 11365.142857142857 14
stats: {freemem,"os_mon@test3"} 1 1276.83203125 0.0 1390.09375 1254.70703125 1329.0684895833333 15
stats: {cpu,"os_mon@test4"} 1 42.959549411162314 0.0 44.81081081081081 2.4722502522704337 32.470566401833466 15
stats: {load,"os_mon@myserver"} 1 5.1015625 0.0 5.1015625 0.76171875 2.9879557291666665 12
stats: {recvpackets,"os_mon@myserver"} 1 17030.0 0.0 61762 5043 21178.909090909092 11
stats: {sentpackets,"os_mon@myserver"} 1 11356.0 0.0 42874 3383 14284.09090909091 11
stats: {cpu,"os_mon@myserver"} 1 87.36221481671367 0.0 94.3142144638404 3.5109876231371557 73.26766457846692 12
stats: session 4467 1209.5279268017553 2822.2749652585508 133688.24487304688 10.037109375 3275.6356044591857 57410
stats: users_count 4215 62536
stats: finish_users_count 4467 61877
stats: request 43760 130.0237204877714 947.9603771661723 133669.72705078125 0.050048828125 325.07302611891777 577311
stats: page 4485 1196.8554066941904 2799.061890605797 133686.15600585938 8.5908203125 3269.6077390211294 57352
stats: connect 4893 40.551741496541716 192.33556821945663 32083.595947265625 0.489013671875 426.015267933149 71474
stats: 200 42981 606375
stats: size_rcv 6401282 74914128
stats: newphase 2 68
stats: size_sent 5769218 82460609
stats: connected -266 628
stats: error_connect_etimedout 0 5
# stats: dump at 1338994645
stats: users 732 4591
stats: {load,"os_mon@test2"} 1 0.94921875 0.0 6.87890625 0.94921875 3.203125 16
stats: {recvpackets,"os_mon@test3"} 1 18042.0 0.0 24822 4914 16877.999999999996 15
stats: {sentpackets,"os_mon@test3"} 1 11818.0 0.0 16470 3297 11372.4 15
stats: {freemem,"os_mon@test2"} 1 1334.92578125 0.0 1410.21484375 1297.6015625 1356.267578125 16
stats: {load,"os_mon@test4"} 1 0.5703125 0.0 1.37109375 0.53125 0.73046875 16
stats: {cpu,"os_mon@test3"} 1 47.81947261663286 0.0 54.88058151609554 2.1772151898734178 36.75951715223897 16
stats: {freemem,"os_mon@test4"} 1 1487.99609375 0.0 1563.90234375 1464.1328125 1514.855224609375 16
stats: {freemem,"os_mon@myserver"} 1 1375.23828125 0.0 1421.921875 1344.69140625 1389.4834735576924 13
stats: {recvpackets,"os_mon@test2"} 1 18081.0 0.0 25512 4929 16912.133333333328 15
stats: {sentpackets,"os_mon@test2"} 1 11855.0 0.0 16922 3307 11394.6 15
stats: {load,"os_mon@test3"} 1 0.76171875 0.0 0.87109375 0.5 0.659912109375 16
stats: {cpu,"os_mon@test2"} 1 0.2502502502502503 0.0 54.90702479338842 0.2502502502502503 27.305519070538903 16
stats: {recvpackets,"os_mon@test4"} 1 18090.0 0.0 24834 4898 16873.533333333333 15
stats: {sentpackets,"os_mon@test4"} 1 11853.0 0.0 16482 3287 11369.066666666668 15
stats: {freemem,"os_mon@test3"} 1 1277.31640625 0.0 1390.09375 1254.70703125 1325.8037109375 16
stats: {cpu,"os_mon@test4"} 1 45.91097308488613 0.0 45.91097308488613 2.4722502522704337 33.12612783991652 16
stats: {load,"os_mon@myserver"} 1 4.98046875 0.0 5.1015625 0.76171875 3.1505408653846154 13
stats: {recvpackets,"os_mon@myserver"} 1 18001.0 0.0 61762 5043 20833.166666666668 12
stats: {sentpackets,"os_mon@myserver"} 1 11809.0 0.0 42874 3383 14040.083333333334 12
stats: {cpu,"os_mon@myserver"} 1 87.7363184079602 0.0 94.3142144638404 3.5109876231371557 74.35186075063976 13
stats: session 4388 1261.6807642669812 3454.472115713365 133688.24487304688 10.037109375 3126.4799731891544 61877
stats: users_count 4461 66997
stats: finish_users_count 4388 66265
stats: request 44081 131.52183776164418 1107.3717018482355 133669.72705078125 0.050048828125 311.33006015460944 621071
stats: page 4387 1260.6424232484674 3450.003334996462 133686.15600585938 8.5908203125 3119.2722730301157 61837
stats: connect 5008 57.18960551789006 229.92801354669683 32083.595947265625 0.489013671875 401.3177803422482 76367
stats: 200 43527 649902
stats: size_rcv 6445128 81359256
stats: newphase 2 70
stats: size_sent 5856900 88317509
stats: connected 68 696
stats: error_connect_etimedout 0 5
# stats: dump at 1338994655
stats: users 574 4591
stats: {load,"os_mon@test2"} 1 0.80078125 0.0 6.87890625 0.80078125 3.0705422794117645 17
stats: {recvpackets,"os_mon@test3"} 1 18715.0 0.0 24822 4914 16950.749999999996 16
stats: {sentpackets,"os_mon@test3"} 1 12279.0 0.0 16470 3297 11400.25 16
stats: {freemem,"os_mon@test2"} 1 1334.97265625 0.0 1410.21484375 1297.6015625 1355.0121783088234 17
stats: {load,"os_mon@test4"} 1 0.55078125 0.0 1.37109375 0.53125 0.7210477941176471 17
stats: {cpu,"os_mon@test3"} 1 48.9002557544757 0.0 54.88058151609554 2.1772151898734178 37.41010276779156 17
stats: {freemem,"os_mon@test4"} 1 1488.1796875 0.0 1563.90234375 1464.1328125 1513.2752757352941 17
stats: {freemem,"os_mon@myserver"} 1 1376.4296875 0.0 1421.921875 1344.69140625 1388.4659598214287 14
stats: {recvpackets,"os_mon@test2"} 1 18718.0 0.0 25512 4929 16985.187499999993 16
stats: {sentpackets,"os_mon@test2"} 1 12276.0 0.0 16922 3307 11423.375 16
stats: {load,"os_mon@test3"} 1 0.71875 0.0 0.87109375 0.5 0.6659007352941176 17
stats: {cpu,"os_mon@test2"} 1 0.3 0.0 54.90702479338842 0.2502502502502503 25.714032669345453 17
stats: {recvpackets,"os_mon@test4"} 1 18686.0 0.0 24834 4898 16949.5625 16
stats: {sentpackets,"os_mon@test4"} 1 12256.0 0.0 16482 3287 11399.3125 16
stats: {freemem,"os_mon@test3"} 1 1318.96875 0.0 1390.09375 1254.70703125 1322.9515165441176 17
stats: {cpu,"os_mon@test4"} 1 47.27646454265159 0.0 47.27646454265159 2.4722502522704337 33.87817756020885 17
stats: {load,"os_mon@myserver"} 1 5.05078125 0.0 5.1015625 0.76171875 3.28125 14
stats: {recvpackets,"os_mon@myserver"} 1 19120.0 0.0 61762 5043 20615.30769230769 13
stats: {sentpackets,"os_mon@myserver"} 1 12541.0 0.0 42874 3383 13868.461538461539 13
stats: {cpu,"os_mon@myserver"} 1 88.35843757978044 0.0 94.3142144638404 3.5109876231371557 75.30789344044835 14
stats: session 4659 1286.3702177992186 4426.191897004881 133688.24487304688 10.037109375 3002.994891641573 66265
stats: users_count 4501 71498
stats: finish_users_count 4659 70924
stats: request 44821 124.17942413141456 1334.6620982907953 133669.72705078125 0.050048828125 299.41379702782893 665152
stats: page 4552 1259.533550993212 4301.492174175096 133686.15600585938 8.5908203125 2996.1475878556757 66224
stats: connect 4817 50.71648461625161 215.01773533159002 32083.595947265625 0.489013671875 380.1393606860837 81375
stats: 200 44357 694259
stats: size_rcv 6582951 87942207
stats: newphase 2 72
stats: size_sent 5920168 94237677
stats: connected -173 523
stats: error_connect_etimedout 0 5
# stats: dump at 1338994665
stats: users 523 4591
stats: {load,"os_mon@test2"} 1 0.6796875 0.0 6.87890625 0.6796875 2.9444444444444446 18
stats: {recvpackets,"os_mon@test3"} 1 19067.0 0.0 24822 4914 17054.529411764703 17
stats: {sentpackets,"os_mon@test3"} 1 12538.0 0.0 16470 3297 11451.941176470587 17
stats: {freemem,"os_mon@test2"} 1 1335.09375 0.0 1410.21484375 1297.6015625 1353.8988715277778 18
stats: {load,"os_mon@test4"} 1 0.62109375 0.0 1.37109375 0.53125 0.7115885416666666 18
stats: {cpu,"os_mon@test3"} 1 49.491353001017295 0.0 54.88058151609554 2.1772151898734178 38.048444600385125 18
stats: {freemem,"os_mon@test4"} 1 1488.62109375 0.0 1563.90234375 1464.1328125 1511.881076388889 18
stats: {freemem,"os_mon@myserver"} 1 1379.87109375 0.0 1421.921875 1344.69140625 1387.6635416666666 15
stats: {recvpackets,"os_mon@test2"} 1 19139.0 0.0 25512 4929 17087.117647058818 17
stats: {sentpackets,"os_mon@test2"} 1 12590.0 0.0 16922 3307 11473.529411764706 17
stats: {load,"os_mon@test3"} 1 0.76171875 0.0 0.87109375 0.5 0.6688368055555556 18
stats: {cpu,"os_mon@test2"} 1 0.3 0.0 54.90702479338842 0.2502502502502503 24.30214196549293 18
stats: {recvpackets,"os_mon@test4"} 1 19067.0 0.0 24834 4898 17051.70588235294 17
stats: {sentpackets,"os_mon@test4"} 1 12541.0 0.0 16482 3287 11449.70588235294 17
stats: {freemem,"os_mon@test3"} 1 1318.953125 0.0 1390.09375 1254.70703125 1322.730251736111 18
stats: {cpu,"os_mon@test4"} 1 47.77947932618683 0.0 47.77947932618683 2.4722502522704337 34.62252683701123 18
stats: {load,"os_mon@myserver"} 1 5.1015625 0.0 5.1015625 0.76171875 3.39921875 15
stats: {recvpackets,"os_mon@myserver"} 1 18998.0 0.0 61762 5043 20508.5 14
stats: {sentpackets,"os_mon@myserver"} 1 12493.0 0.0 42874 3383 13773.642857142857 14
stats: {cpu,"os_mon@myserver"} 1 88.3987761346252 0.0 94.3142144638404 3.5109876231371557 76.17792971640384 15
stats: session 4664 1196.655729473763 5136.331219620721 133688.24487304688 10.037109375 2890.2297577597906 70924
stats: users_count 4613 76111
stats: finish_users_count 4664 75588
stats: request 46507 119.9127636678853 1638.1764861508275 133669.72705078125 0.050048828125 288.35115122638274 709973
stats: page 4685 1236.381709099021 5274.985954335632 133686.15600585938 8.5908203125 2884.456236326938 70776
stats: connect 4887 68.93158752054228 249.91299588480004 32083.595947265625 0.489013671875 361.7289514366362 86192
stats: 200 46177 740436
stats: size_rcv 6821249 94763456
stats: newphase 2 74
stats: size_sent 6159143 100396820
stats: connected -86 437
stats: error_connect_etimedout 0 5
# stats: dump at 1338994675
stats: users 672 4591
stats: {load,"os_mon@test2"} 1 0.5703125 0.0 6.87890625 0.5703125 2.825246710526316 19
stats: {recvpackets,"os_mon@test3"} 1 19346.0 0.0 24822 4914 17166.33333333333 18
stats: {sentpackets,"os_mon@test3"} 1 12739.0 0.0 16470 3297 11512.277777777777 18
stats: {freemem,"os_mon@test2"} 1 1335.34375 0.0 1410.21484375 1297.6015625 1352.9091282894738 19
stats: {load,"os_mon@test4"} 1 0.609375 0.0 1.37109375 0.53125 0.7068256578947368 19
stats: {cpu,"os_mon@test3"} 1 48.51586489252815 0.0 54.88058151609554 2.1772151898734178 38.6507029372605 19
stats: {freemem,"os_mon@test4"} 1 1488.93359375 0.0 1563.90234375 1464.1328125 1510.6568667763158 19
stats: {freemem,"os_mon@myserver"} 1 1383.21875 0.0 1421.921875 1344.69140625 1387.176513671875 16
stats: {recvpackets,"os_mon@test2"} 1 19351.0 0.0 25512 4929 17201.111111111106 18
stats: {sentpackets,"os_mon@test2"} 1 12731.0 0.0 16922 3307 11535.555555555555 18
stats: {load,"os_mon@test3"} 1 0.6484375 0.0 0.87109375 0.5 0.6737253289473685 19
stats: {cpu,"os_mon@test2"} 1 0.39980009995002497 0.0 54.90702479338842 0.2502502502502503 23.038871335730143 19
stats: {recvpackets,"os_mon@test4"} 1 19349.0 0.0 24834 4898 17163.666666666668 18
stats: {sentpackets,"os_mon@test4"} 1 12739.0 0.0 16482 3287 11510.333333333334 18
stats: {freemem,"os_mon@test3"} 1 1319.5078125 0.0 1390.09375 1254.70703125 1322.5314555921052 19
stats: {cpu,"os_mon@test4"} 1 48.459958932238195 0.0 48.459958932238195 2.4722502522704337 35.31499802065205 19
stats: {load,"os_mon@myserver"} 1 5.1015625 0.0 5.1015625 0.76171875 3.505615234375 16
stats: {recvpackets,"os_mon@myserver"} 1 19380.0 0.0 61762 5043 20407.8 15
stats: {sentpackets,"os_mon@myserver"} 1 12773.0 0.0 42874 3383 13688.266666666666 15
stats: {cpu,"os_mon@myserver"} 1 89.11772184083398 0.0 94.3142144638404 3.5109876231371557 76.94173261754267 16
stats: session 4608 1015.9359691937763 4630.04960225542 133688.24487304688 10.037109375 2785.731302079973 75588
stats: users_count 4757 80868
stats: finish_users_count 4608 80196
stats: request 46668 106.05970991335315 1541.4363227485578 133669.72705078125 0.050048828125 277.9958687467626 756480
stats: page 4603 1003.0997305701618 4633.056185797022 133686.15600585938 8.5908203125 2782.135445984075 75461
stats: connect 5031 74.08589552392378 257.2621280566335 32083.595947265625 0.489013671875 346.0184065529862 91079
stats: 200 46473 786909
stats: size_rcv 6835693 101599149
stats: newphase 2 76
stats: size_sent 6211213 106608033
stats: connected 171 608
stats: error_connect_etimedout 0 5
stats: error_abort 1 1
EndMonitor:{1338,994675,739561}
