# stats: dump at 1339070498
stats: users 2 5
stats: {freemem,"os_mon@myserver"} 1 1562.953125 0 1562.953125 1562.953125 0 0
stats: {load,"os_mon@myserver"} 1 2.66015625 0 2.66015625 2.66015625 0 0
stats: {cpu,"os_mon@myserver"} 1 44.293420466823015 0 44.293420466823015 44.293420466823015 0 0
stats: session 6 44.60791015625 8.042691973728168 53.19677734375 29.86279296875 0 0
stats: users_count 8 8
stats: finish_users_count 6 6
stats: request 58 3.530597555226293 1.5749591822807647 11.60400390625 1.635009765625 0 0
stats: page 5 44.462646484375 3.688575700877401 47.552001953125 37.565185546875 0 0
stats: connect 60 1.6546630859375 0.9579386166033256 6.801025390625 0.66796875 0 0
stats: 200 58 58
stats: size_rcv 26216 26216
stats: size_sent 7900 7900
stats: connected 2 2
# stats: dump at 1339070508
stats: users 1 12
stats: {load,"os_mon@test2"} 1 1.48828125 0 1.48828125 1.48828125 0 0
stats: {freemem,"os_mon@test2"} 1 1544.0859375 0 1544.0859375 1544.0859375 0 0
stats: {cpu,"os_mon@test3"} 1 3.314917127071823 0 3.314917127071823 3.314917127071823 0 0
stats: {load,"os_mon@test4"} 1 1.55859375 0 1.55859375 1.55859375 0 0
stats: {freemem,"os_mon@test4"} 1 1547.109375 0 1547.109375 1547.109375 0 0
stats: {freemem,"os_mon@myserver"} 1 1560.87109375 0.0 1562.953125 1560.87109375 1562.953125 1
stats: {load,"os_mon@test3"} 1 1.80078125 0 1.80078125 1.80078125 0 0
stats: {cpu,"os_mon@test2"} 1 8.771929824561402 0 8.771929824561402 8.771929824561402 0 0
stats: {freemem,"os_mon@test3"} 1 1395.65234375 0 1395.65234375 1395.65234375 0 0
stats: {load,"os_mon@myserver"} 1 2.25 0.0 2.66015625 2.25 2.66015625 1
stats: {recvpackets,"os_mon@myserver"} 1 971 0 971 971 0 0
stats: {sentpackets,"os_mon@myserver"} 1 714 0 714 714 0 0
stats: {cpu,"os_mon@test4"} 1 3.259779338014042 0 3.259779338014042 3.259779338014042 0 0
stats: {cpu,"os_mon@myserver"} 1 3.5131744040150563 0.0 44.293420466823015 3.5131744040150563 44.293420466823015 1
stats: session 904 27.881316328470692 14.762762791244441 270.968994140625 18.43798828125 44.60791015625 6
stats: users_count 903 911
stats: finish_users_count 904 910
stats: request 8887 2.414243263509899 3.8028539283127123 240.885009765625 1.080078125 3.530597555226293 58
stats: page 889 25.66724978469488 14.745294653022484 268.920166015625 16.751953125 44.462646484375 5
stats: connect 8886 1.0771554985106466 0.9992598871174314 45.3349609375 0.346923828125 1.6546630859375 60
stats: 200 8887 8945
stats: size_rcv 4016924 4043140
stats: size_sent 1160102 1168002
stats: connected -1 1
# stats: dump at 1339070518
stats: users 5 24
stats: {load,"os_mon@test2"} 1 1.33984375 0.0 1.48828125 1.33984375 1.48828125 1
stats: {recvpackets,"os_mon@test3"} 1 4808 0 4808 4808 0 0
stats: {sentpackets,"os_mon@test3"} 1 3299 0 3299 3299 0 0
stats: {freemem,"os_mon@test2"} 1 1543.24609375 0.0 1544.0859375 1543.24609375 1544.0859375 1
stats: {cpu,"os_mon@test3"} 1 20.122574055158324 0.0 20.122574055158324 3.314917127071823 3.314917127071823 1
stats: {load,"os_mon@test4"} 1 1.62890625 0.0 1.62890625 1.55859375 1.55859375 1
stats: {freemem,"os_mon@test4"} 1 1546.53515625 0.0 1547.109375 1546.53515625 1547.109375 1
stats: {freemem,"os_mon@myserver"} 1 1566.0234375 0.0 1566.0234375 1560.87109375 1561.912109375 2
stats: {recvpackets,"os_mon@test2"} 1 4852 0 4852 4852 0 0
stats: {sentpackets,"os_mon@test2"} 1 3323 0 3323 3323 0 0
stats: {load,"os_mon@test3"} 1 1.55859375 0.0 1.80078125 1.55859375 1.80078125 1
stats: {cpu,"os_mon@test2"} 1 27.572225038013176 0.0 27.572225038013176 8.771929824561402 8.771929824561402 1
stats: {freemem,"os_mon@test3"} 1 1394.65625 0.0 1395.65234375 1394.65625 1395.65234375 1
stats: {recvpackets,"os_mon@test4"} 1 4809 0 4809 4809 0 0
stats: {sentpackets,"os_mon@test4"} 1 3299 0 3299 3299 0 0
stats: {load,"os_mon@myserver"} 1 2.140625 0.0 2.66015625 2.140625 2.455078125 2
stats: {recvpackets,"os_mon@myserver"} 1 4964.0 0.0 4964 971 971.0 1
stats: {sentpackets,"os_mon@myserver"} 1 3398.0 0.0 3398 714 714.0 1
stats: {cpu,"os_mon@test4"} 1 21.271143003587902 0.0 21.271143003587902 3.259779338014042 3.259779338014042 1
stats: {cpu,"os_mon@myserver"} 1 21.273948743468523 0.0 44.293420466823015 3.5131744040150563 23.903297435419034 2
stats: session 1893 42.97429481663533 99.05065603874385 1081.507080078125 17.89404296875 27.99160156250001 910
stats: users_count 1897 2808
stats: finish_users_count 1893 2803
stats: request 18740 3.9282922767142288 30.67367501389119 1019.572998046875 1.080078125 2.421481782114656 8945
stats: page 1872 40.8859282925597 99.3282154606135 1079.958984375 16.286865234375 25.772369453037612 894
stats: connect 18739 2.1447076816315453 30.0976430075812 1006.875 0.30908203125 1.0810287888354413 8946
stats: 200 18740 27685
stats: size_rcv 8470480 12513620
stats: newphase 6 6
stats: size_sent 2452555 3620557
stats: connected -1 0
# stats: dump at 1339070528
stats: users 213 233
stats: {load,"os_mon@test2"} 1 1.28125 0.0 1.48828125 1.28125 1.4140625 2
stats: {recvpackets,"os_mon@test3"} 1 9062.0 0.0 9062 4808 4808.0 1
stats: {sentpackets,"os_mon@test3"} 1 6008.0 0.0 6008 3299 3299.0 1
stats: {freemem,"os_mon@test2"} 1 1541.85546875 0.0 1544.0859375 1541.85546875 1543.666015625 2
stats: {cpu,"os_mon@test3"} 1 40.5336069779374 0.0 40.5336069779374 3.314917127071823 11.718745591115074 2
stats: {load,"os_mon@test4"} 1 1.6015625 0.0 1.62890625 1.55859375 1.59375 2
stats: {freemem,"os_mon@test4"} 1 1546.12109375 0.0 1547.109375 1546.12109375 1546.822265625 2
stats: {freemem,"os_mon@myserver"} 1 1567.65234375 0.0 1567.65234375 1560.87109375 1563.2825520833333 3
stats: {recvpackets,"os_mon@test2"} 1 9335.0 0.0 9335 4852 4852.0 1
stats: {sentpackets,"os_mon@test2"} 1 6193.0 0.0 6193 3323 3323.0 1
stats: {load,"os_mon@test3"} 1 1.3203125 0.0 1.80078125 1.3203125 1.6796875 2
stats: {cpu,"os_mon@test2"} 1 47.64795144157815 0.0 47.64795144157815 8.771929824561402 18.17207743128729 2
stats: {freemem,"os_mon@test3"} 1 1393.96875 0.0 1395.65234375 1393.96875 1395.154296875 2
stats: {recvpackets,"os_mon@test4"} 1 9009.0 0.0 9009 4809 4809.0 1
stats: {sentpackets,"os_mon@test4"} 1 5967.0 0.0 5967 3299 3299.0 1
stats: {load,"os_mon@myserver"} 1 2.19921875 0.0 2.66015625 2.140625 2.3502604166666665 3
stats: {recvpackets,"os_mon@myserver"} 1 9153.0 0.0 9153 971 2967.5 2
stats: {sentpackets,"os_mon@myserver"} 1 6067.0 0.0 6067 714 2056.0 2
stats: {cpu,"os_mon@test4"} 1 36.42930856553148 0.0 36.42930856553148 3.259779338014042 12.265461170800972 2
stats: {cpu,"os_mon@myserver"} 1 39.32699717441562 0.0 44.293420466823015 3.5131744040150563 23.026847871435532 3
stats: session 2561 460.17112742062426 544.4357101428014 4542.3330078125 17.89404296875 38.11013111300952 2803
stats: users_count 2769 5577
stats: finish_users_count 2561 5364
stats: request 26479 46.393030244781016 149.9571190912111 4237.2509765625 1.080078125 3.4414430849427577 27685
stats: page 2558 447.5918037468233 535.5440522480696 4540.447021484375 16.286865234375 36.00106871102219 2766
stats: connect 26614 24.13936525492341 115.64813576971501 3032.416015625 0.30908203125 1.800995513491616 27685
stats: 200 26479 54164
stats: size_rcv 11968508 24482128
stats: newphase 6 12
stats: size_sent 3477470 7098027
stats: connected 135 135
# stats: dump at 1339070538
stats: users 1628 1634
stats: {load,"os_mon@test2"} 1 1.25 0.0 1.48828125 1.25 1.3697916666666667 3
stats: {recvpackets,"os_mon@test3"} 1 12179.0 0.0 12179 4808 6935.0 2
stats: {sentpackets,"os_mon@test3"} 1 8157.0 0.0 8157 3299 4653.5 2
stats: {freemem,"os_mon@test2"} 1 1531.42578125 0.0 1544.0859375 1531.42578125 1543.0625 3
stats: {cpu,"os_mon@test3"} 1 52.45559038662487 0.0 52.45559038662487 3.314917127071823 21.323699386722517 3
stats: {load,"os_mon@test4"} 1 1.58984375 0.0 1.62890625 1.55859375 1.5963541666666667 3
stats: {freemem,"os_mon@test4"} 1 1540.59375 0.0 1547.109375 1540.59375 1546.5885416666667 3
stats: {freemem,"os_mon@myserver"} 1 1557.25390625 0.0 1567.65234375 1557.25390625 1564.375 4
stats: {recvpackets,"os_mon@test2"} 1 12319.0 0.0 12319 4852 7093.5 2
stats: {sentpackets,"os_mon@test2"} 1 8255.0 0.0 8255 3323 4758.0 2
stats: {load,"os_mon@test3"} 1 1.33984375 0.0 1.80078125 1.3203125 1.5598958333333333 3
stats: {cpu,"os_mon@test2"} 1 56.19877049180327 0.0 56.19877049180327 8.771929824561402 27.997368768050908 3
stats: {freemem,"os_mon@test3"} 1 1388.84375 0.0 1395.65234375 1388.84375 1394.7591145833333 3
stats: {recvpackets,"os_mon@test4"} 1 12229.0 0.0 12229 4809 6909.0 2
stats: {sentpackets,"os_mon@test4"} 1 8194.0 0.0 8194 3299 4633.0 2
stats: {load,"os_mon@myserver"} 1 2.3984375 0.0 2.66015625 2.140625 2.3125 4
stats: {recvpackets,"os_mon@myserver"} 1 12546.0 0.0 12546 971 5029.333333333333 3
stats: {sentpackets,"os_mon@myserver"} 1 8407.0 0.0 8407 714 3393.0 3
stats: {cpu,"os_mon@test4"} 1 51.171264966163456 0.0 51.171264966163456 3.259779338014042 20.320076969044475 3
stats: {cpu,"os_mon@myserver"} 1 60.855427713856926 0.0 60.855427713856926 3.5131744040150563 27.10188519718055 4
stats: session 2365 2252.7859680562897 1213.9106800632383 9254.574951171875 17.89404296875 239.61986480872193 5364
stats: users_count 3780 9357
stats: finish_users_count 2365 7729
stats: request 29531 266.287928594898 348.12945773088563 6625.156005859375 1.080078125 24.439062839860362 54164
stats: page 2368 2196.3677891911725 1201.0982921718062 9252.487060546875 16.286865234375 233.7563467391175 5324
stats: connect 30426 77.40794730934023 216.2712389830291 3049.328125 0.30908203125 12.749878039845061 54299
stats: 200 29531 83695
stats: size_rcv 13348012 37830140
stats: newphase 6 18
stats: size_sent 3974762 11072789
stats: connected 895 1030
# stats: dump at 1339070548
stats: users 4092 4092
stats: {load,"os_mon@test2"} 1 1.12890625 0.0 1.48828125 1.12890625 1.33984375 4
stats: {recvpackets,"os_mon@test3"} 1 14871.0 0.0 14871 4808 8683.0 3
stats: {sentpackets,"os_mon@test3"} 1 9964.0 0.0 9964 3299 5821.333333333333 3
stats: {freemem,"os_mon@test2"} 1 1492.984375 0.0 1544.0859375 1492.984375 1540.1533203125 4
stats: {cpu,"os_mon@test3"} 1 57.413249211356465 0.0 57.413249211356465 3.314917127071823 29.106672136698105 4
stats: {load,"os_mon@test4"} 1 1.5 0.0 1.62890625 1.5 1.5947265625 4
stats: {freemem,"os_mon@test4"} 1 1501.46484375 0.0 1547.109375 1501.46484375 1545.08984375 4
stats: {freemem,"os_mon@myserver"} 1 1553.3984375 0.0 1567.65234375 1553.3984375 1562.95078125 5
stats: {recvpackets,"os_mon@test2"} 1 14909.0 0.0 14909 4852 8835.333333333334 3
stats: {sentpackets,"os_mon@test2"} 1 9985.0 0.0 9985 3323 5923.666666666667 3
stats: {load,"os_mon@test3"} 1 1.2109375 0.0 1.80078125 1.2109375 1.5048828125 4
stats: {cpu,"os_mon@test2"} 1 61.32172131147541 0.0 61.32172131147541 8.771929824561402 35.047719198989 4
stats: {freemem,"os_mon@test3"} 1 1352.36328125 0.0 1395.65234375 1352.36328125 1393.2802734375 4
stats: {recvpackets,"os_mon@test4"} 1 14871.0 0.0 14871 4809 8682.333333333334 3
stats: {sentpackets,"os_mon@test4"} 1 9963.0 0.0 9963 3299 5820.0 3
stats: {load,"os_mon@myserver"} 1 2.73828125 0.0 2.73828125 2.140625 2.3296875 5
stats: {recvpackets,"os_mon@myserver"} 1 15599.0 0.0 15599 971 6908.5 4
stats: {sentpackets,"os_mon@myserver"} 1 10458.0 0.0 10458 714 4646.5 4
stats: {cpu,"os_mon@test4"} 1 57.913855734302025 0.0 57.913855734302025 3.259779338014042 28.032873968324218 4
stats: {cpu,"os_mon@myserver"} 1 60.1076095311299 0.0 60.855427713856926 3.5131744040150563 33.852593700515826 5
stats: session 2044 5570.107920428311 2197.5872315525908 14699.029052734375 17.89404296875 855.6294176849669 7729
stats: users_count 4508 13865
stats: finish_users_count 2044 9773
stats: request 28276 673.8703560612676 963.5684849081262 11681.22705078125 1.080078125 109.7731790309353 83695
stats: page 2007 5496.847823876199 2180.3014527510927 14697.66796875 16.286865234375 837.9508209625271 7692
stats: connect 28337 332.22836212062464 790.6596371409603 7060.592041015625 0.30908203125 35.96954656263833 84725
stats: 200 28276 111971
stats: size_rcv 12780752 50610892
stats: newphase 6 24
stats: size_sent 3705833 14778622
stats: connected 61 1091
# stats: dump at 1339070558
stats: users 4422 4589
stats: {load,"os_mon@test2"} 1 1.19140625 0.0 1.48828125 1.12890625 1.29765625 5
stats: {recvpackets,"os_mon@test3"} 1 16539.0 0.0 16539 4808 10230.0 4
stats: {sentpackets,"os_mon@test3"} 1 11111.0 0.0 11111 3299 6857.0 4
stats: {freemem,"os_mon@test2"} 1 1438.70703125 0.0 1544.0859375 1438.70703125 1530.71953125 5
stats: {cpu,"os_mon@test3"} 1 56.969376979936634 0.0 57.413249211356465 3.314917127071823 34.76798755162978 5
stats: {load,"os_mon@test4"} 1 1.3515625 0.0 1.62890625 1.3515625 1.57578125 5
stats: {freemem,"os_mon@test4"} 1 1437.7890625 0.0 1547.109375 1437.7890625 1536.36484375 5
stats: {freemem,"os_mon@myserver"} 1 1547.59375 0.0 1567.65234375 1547.59375 1561.3587239583333 6
stats: {recvpackets,"os_mon@test2"} 1 16310.0 0.0 16310 4852 10353.75 4
stats: {sentpackets,"os_mon@test2"} 1 11027.0 0.0 11027 3323 6939.0 4
stats: {load,"os_mon@test3"} 1 1.1796875 0.0 1.80078125 1.1796875 1.44609375 5
stats: {cpu,"os_mon@test2"} 1 61.601642710472284 0.0 61.601642710472284 8.771929824561402 40.30251962148628 5
stats: {freemem,"os_mon@test3"} 1 1296.0078125 0.0 1395.65234375 1296.0078125 1385.096875 5
stats: {recvpackets,"os_mon@test4"} 1 16541.0 0.0 16541 4809 10229.5 4
stats: {sentpackets,"os_mon@test4"} 1 11116.0 0.0 11116 3299 6855.75 4
stats: {load,"os_mon@myserver"} 1 2.94140625 0.0 2.94140625 2.140625 2.3977864583333335 6
stats: {recvpackets,"os_mon@myserver"} 1 15857.0 0.0 15857 971 8646.6 5
stats: {sentpackets,"os_mon@myserver"} 1 10760.0 0.0 10760 714 5808.8 5
stats: {cpu,"os_mon@test4"} 1 60.30020703933747 0.0 60.30020703933747 3.259779338014042 34.00907032151978 5
stats: {cpu,"os_mon@myserver"} 1 60.28534370946822 0.0 60.855427713856926 3.5131744040150563 38.22842967228484 6
stats: session 2590 9507.237037452485 3979.2488889314336 24533.72216796875 17.89404296875 1841.6515254929477 9773
stats: users_count 2920 16785
stats: finish_users_count 2590 12363
stats: request 28963 1137.7203503041571 1909.486591285449 19471.821044921875 1.080078125 252.22445460862662 111971
stats: page 2539 9347.355443076302 3912.038778520414 24531.18701171875 16.286865234375 1802.0096192765532 9699
stats: connect 29002 773.9875131776338 1820.4783048294942 15073.650146484375 0.30908203125 110.22160345590626 113062
stats: 200 28963 140934
stats: size_rcv 13091276 63702168
stats: newphase 6 30
stats: size_sent 3792754 18571376
stats: connected 39 1130
# stats: dump at 1339070568
stats: users 5444 5565
stats: {load,"os_mon@test2"} 1 1.23828125 0.0 1.48828125 1.12890625 1.2799479166666667 6
stats: {recvpackets,"os_mon@test3"} 1 12244.0 0.0 16539 4808 11491.8 5
stats: {sentpackets,"os_mon@test3"} 1 8930.0 0.0 11111 3299 7707.8 5
stats: {freemem,"os_mon@test2"} 1 1408.43359375 0.0 1544.0859375 1408.43359375 1515.3841145833333 6
stats: {cpu,"os_mon@test3"} 1 60.03118503118503 0.0 60.03118503118503 3.314917127071823 38.46821912301426 6
stats: {load,"os_mon@test4"} 1 1.44140625 0.0 1.62890625 1.3515625 1.5384114583333333 6
stats: {freemem,"os_mon@test4"} 1 1393.0859375 0.0 1547.109375 1393.0859375 1519.935546875 6
stats: {freemem,"os_mon@myserver"} 1 1540.48828125 0.0 1567.65234375 1540.48828125 1559.392299107143 7
stats: {recvpackets,"os_mon@test2"} 1 12420.0 0.0 16310 4852 11545.0 5
stats: {sentpackets,"os_mon@test2"} 1 9015.0 0.0 11027 3323 7756.6 5
stats: {load,"os_mon@test3"} 1 1.23046875 0.0 1.80078125 1.1796875 1.4016927083333333 6
stats: {cpu,"os_mon@test2"} 1 59.01808785529715 0.0 61.601642710472284 8.771929824561402 43.852373469650615 6
stats: {freemem,"os_mon@test3"} 1 1247.35546875 0.0 1395.65234375 1247.35546875 1370.2486979166667 6
stats: {recvpackets,"os_mon@test4"} 1 12249.0 0.0 16541 4809 11491.8 5
stats: {sentpackets,"os_mon@test4"} 1 8934.0 0.0 11116 3299 7707.8 5
stats: {load,"os_mon@myserver"} 1 3.16015625 0.0 3.16015625 2.140625 2.4754464285714284 7
stats: {recvpackets,"os_mon@myserver"} 1 13446.0 0.0 15857 971 9848.333333333334 6
stats: {sentpackets,"os_mon@myserver"} 1 9685.0 0.0 10760 714 6634.0 6
stats: {cpu,"os_mon@test4"} 1 58.81435257410297 0.0 60.30020703933747 3.259779338014042 38.39092644115606 6
stats: {cpu,"os_mon@myserver"} 1 59.77840762690029 0.0 60.855427713856926 3.5131744040150563 41.37941739188246 7
stats: session 2605 11639.609507613808 5991.186812771859 35074.238037109375 17.89404296875 3447.5616181868895 12363
stats: users_count 3627 20412
stats: finish_users_count 2605 14968
stats: request 29966 1184.354183064372 2325.461679242908 31301.85693359375 1.080078125 434.200540060183 140934
stats: page 2659 11583.162583332867 5892.278735966978 35072.701904296875 16.286865234375 3367.431505747182 12238
stats: connect 29877 806.592231698138 2208.473526679285 31098.676025390625 0.30908203125 245.72770573198983 142064
stats: 200 29966 170900
stats: size_rcv 13544632 77246800
stats: newphase 6 36
stats: size_sent 3904213 22475589
stats: connected -89 1041
# stats: dump at 1339070578
stats: users 5923 6153
stats: {load,"os_mon@test2"} 1 1.12890625 0.0 1.48828125 1.12890625 1.2739955357142858 7
stats: {recvpackets,"os_mon@test3"} 1 15149.0 0.0 16539 4808 11617.166666666666 6
stats: {sentpackets,"os_mon@test3"} 1 10893.0 0.0 11111 3299 7911.5 6
stats: {freemem,"os_mon@test2"} 1 1363.390625 0.0 1544.0859375 1363.390625 1500.10546875 7
stats: {cpu,"os_mon@test3"} 1 73.19641916798315 0.0 73.19641916798315 3.314917127071823 41.54864282418151 7
stats: {load,"os_mon@test4"} 1 1.53125 0.0 1.62890625 1.3515625 1.5245535714285714 7
stats: {freemem,"os_mon@test4"} 1 1357.21484375 0.0 1547.109375 1357.21484375 1501.814174107143 7
stats: {freemem,"os_mon@myserver"} 1 1536.1328125 0.0 1567.65234375 1536.1328125 1557.029296875 8
stats: {recvpackets,"os_mon@test2"} 1 15141.0 0.0 16310 4852 11690.833333333334 6
stats: {sentpackets,"os_mon@test2"} 1 10949.0 0.0 11027 3323 7966.333333333333 6
stats: {load,"os_mon@test3"} 1 1.51171875 0.0 1.80078125 1.1796875 1.3772321428571428 7
stats: {cpu,"os_mon@test2"} 1 63.829787234042556 0.0 63.829787234042556 8.771929824561402 46.018904096171546 7
stats: {freemem,"os_mon@test3"} 1 1149.8984375 0.0 1395.65234375 1149.8984375 1352.6925223214287 7
stats: {recvpackets,"os_mon@test4"} 1 15121.0 0.0 16541 4809 11618.0 6
stats: {sentpackets,"os_mon@test4"} 1 10870.0 0.0 11116 3299 7912.166666666667 6
stats: {load,"os_mon@myserver"} 1 3.05859375 0.0 3.16015625 2.140625 2.56103515625 8
stats: {recvpackets,"os_mon@myserver"} 1 15387.0 0.0 15857 971 10362.285714285714 7
stats: {sentpackets,"os_mon@myserver"} 1 11219.0 0.0 11219 714 7069.857142857143 7
stats: {cpu,"os_mon@test4"} 1 51.865284974093264 0.0 60.30020703933747 3.259779338014042 41.30855874586276 7
stats: {cpu,"os_mon@myserver"} 1 60.43762575452716 0.0 60.855427713856926 3.5131744040150563 43.67929117125969 8
stats: session 2548 12649.424228925705 7749.775289218504 41130.426025390625 17.89404296875 4873.288819680551 14968
stats: users_count 3027 23439
stats: finish_users_count 2548 17516
stats: request 28562 1413.5132881839352 3141.588173005544 36605.920166015625 1.080078125 565.7342092600866 170900
stats: page 2522 12586.379338965555 7627.969802206855 41128.918212890625 16.286865234375 4833.876356072773 14897
stats: connect 28614 1042.845131774163 3122.8508904157443 31129.635986328125 0.30908203125 343.1852606042461 171941
stats: 200 28562 199462
stats: size_rcv 12910024 90156824
stats: newphase 6 42
stats: size_sent 3741782 26217371
stats: connected 52 1093
# stats: dump at 1339070588
stats: users 6934 7020
stats: {load,"os_mon@test2"} 1 1.26953125 0.0 1.48828125 1.12890625 1.255859375 8
stats: {recvpackets,"os_mon@test3"} 1 13823.0 0.0 16539 4808 12121.714285714286 7
stats: {sentpackets,"os_mon@test3"} 1 10377.0 0.0 11111 3299 8337.42857142857 7
stats: {freemem,"os_mon@test2"} 1 1301.66796875 0.0 1544.0859375 1301.66796875 1483.01611328125 8
stats: {cpu,"os_mon@test3"} 1 60.76479832372969 0.0 73.19641916798315 3.314917127071823 45.50461486715672 8
stats: {load,"os_mon@test4"} 1 1.6015625 0.0 1.62890625 1.3515625 1.525390625 8
stats: {freemem,"os_mon@test4"} 1 1294.359375 0.0 1547.109375 1294.359375 1483.7392578125 8
stats: {freemem,"os_mon@myserver"} 1 1531.81640625 0.0 1567.65234375 1531.81640625 1554.7074652777778 9
stats: {recvpackets,"os_mon@test2"} 1 13637.0 0.0 16310 4852 12183.714285714286 7
stats: {sentpackets,"os_mon@test2"} 1 10198.0 0.0 11027 3323 8392.42857142857 7
stats: {load,"os_mon@test3"} 1 1.5703125 0.0 1.80078125 1.1796875 1.39404296875 8
stats: {cpu,"os_mon@test2"} 1 69.07860489328475 0.0 69.07860489328475 8.771929824561402 48.245264488405425 8
stats: {freemem,"os_mon@test3"} 1 1110.27734375 0.0 1395.65234375 1110.27734375 1327.34326171875 8
stats: {recvpackets,"os_mon@test4"} 1 13794.0 0.0 16541 4809 12118.42857142857 7
stats: {sentpackets,"os_mon@test4"} 1 10356.0 0.0 11116 3299 8334.714285714286 7
stats: {load,"os_mon@myserver"} 1 3.12109375 0.0 3.16015625 2.140625 2.6163194444444446 9
stats: {recvpackets,"os_mon@myserver"} 1 14822.0 0.0 15857 971 10990.375 8
stats: {sentpackets,"os_mon@myserver"} 1 10988.0 0.0 11219 714 7588.5 8
stats: {cpu,"os_mon@test4"} 1 61.67883211678832 0.0 61.67883211678832 3.259779338014042 42.628149524391574 8
stats: {cpu,"os_mon@myserver"} 1 56.114373244830226 0.0 60.855427713856926 3.5131744040150563 45.5413283471783 9
stats: session 2006 16710.149843681873 9969.953378961456 49653.382080078125 17.89404296875 6004.459921687668 17516
stats: users_count 3017 26456
stats: finish_users_count 2006 19522
stats: request 22795 1987.812162155215 4190.420924944946 36605.920166015625 1.080078125 687.1320998468799 199462
stats: page 2069 16411.442721234595 9848.304716759443 49651.39697265625 16.286865234375 5956.318087679386 17419
stats: connect 22820 1442.2865678043258 4030.207771403316 32121.234130859375 0.30908203125 443.0085886372345 200555
stats: 200 22795 222257
stats: size_rcv 10303340 100460164
stats: newphase 6 48
stats: size_sent 2982564 29199935
stats: connected 25 1118
# stats: dump at 1339070598
stats: users 7200 7508
stats: {load,"os_mon@test2"} 1 1.0703125 0.0 1.48828125 1.0703125 1.2573784722222223 9
stats: {recvpackets,"os_mon@test3"} 1 13449.0 0.0 16539 4808 12334.375 8
stats: {sentpackets,"os_mon@test3"} 1 9916.0 0.0 11111 3299 8592.375 8
stats: {freemem,"os_mon@test2"} 1 1283.99609375 0.0 1544.0859375 1283.99609375 1462.8663194444443 9
stats: {cpu,"os_mon@test3"} 1 68.23590274185204 0.0 73.19641916798315 3.314917127071823 47.200190806775936 9
stats: {load,"os_mon@test4"} 1 1.4296875 0.0 1.62890625 1.3515625 1.5338541666666667 9
stats: {freemem,"os_mon@test4"} 1 1257.63671875 0.0 1547.109375 1257.63671875 1462.697048611111 9
stats: {freemem,"os_mon@myserver"} 1 1531.24609375 0.0 1567.65234375 1531.24609375 1552.418359375 10
stats: {recvpackets,"os_mon@test2"} 1 14020.0 0.0 16310 4852 12365.375 8
stats: {sentpackets,"os_mon@test2"} 1 10288.0 0.0 11027 3323 8618.125 8
stats: {load,"os_mon@test3"} 1 1.71875 0.0 1.80078125 1.1796875 1.4136284722222223 9
stats: {cpu,"os_mon@test2"} 1 42.78972207656005 0.0 69.07860489328475 8.771929824561402 50.56008008894757 9
stats: {freemem,"os_mon@test3"} 1 1024.828125 0.0 1395.65234375 1024.828125 1303.224826388889 9
stats: {recvpackets,"os_mon@test4"} 1 13430.0 0.0 16541 4809 12327.875 8
stats: {sentpackets,"os_mon@test4"} 1 9906.0 0.0 11116 3299 8587.375 8
stats: {load,"os_mon@myserver"} 1 3.109375 0.0 3.16015625 2.140625 2.666796875 10
stats: {recvpackets,"os_mon@myserver"} 1 13120.0 0.0 15857 971 11416.111111111111 9
stats: {sentpackets,"os_mon@myserver"} 1 9802.0 0.0 11219 714 7966.222222222223 9
stats: {cpu,"os_mon@test4"} 1 53.76288659793814 0.0 61.67883211678832 3.259779338014042 44.74489203465788 9
stats: {cpu,"os_mon@myserver"} 1 49.75771486865595 0.0 60.855427713856926 3.5131744040150563 46.598632836943494 10
stats: session 2331 18215.29736359545 11223.849050900692 60517.591064453125 17.89404296875 7104.532351946882 19522
stats: users_count 2597 29053
stats: finish_users_count 2331 21853
stats: request 26798 1848.03196953065 4249.302943896464 48819.216796875 1.080078125 820.5317318958975 222257
stats: page 2309 18352.948979367437 11306.950717842848 60515.112060546875 16.286865234375 7066.316695377751 19488
stats: connect 26764 1393.7661279949975 4255.4017737382555 32620.23779296875 0.30908203125 545.0948717243884 223375
stats: 200 26798 249055
stats: size_rcv 12112696 112572860
stats: newphase 6 54
stats: size_sent 3498644 32698579
stats: connected -34 1084
# stats: dump at 1339070608
stats: users 8544 8678
stats: {load,"os_mon@test2"} 1 1.1484375 0.0 1.48828125 1.0703125 1.238671875 10
stats: {recvpackets,"os_mon@test3"} 1 14279.0 0.0 16539 4808 12458.222222222223 9
stats: {sentpackets,"os_mon@test3"} 1 10812.0 0.0 11111 3299 8739.444444444445 9
stats: {freemem,"os_mon@test2"} 1 1265.9453125 0.0 1544.0859375 1265.9453125 1444.979296875 10
stats: {cpu,"os_mon@test3"} 1 72.8305785123967 0.0 73.19641916798315 3.314917127071823 49.30376200028355 10
stats: {load,"os_mon@test4"} 1 1.44140625 0.0 1.62890625 1.3515625 1.5234375 10
stats: {freemem,"os_mon@test4"} 1 1175.58984375 0.0 1547.109375 1175.58984375 1442.191015625 10
stats: {freemem,"os_mon@myserver"} 1 1531.671875 0.0 1567.65234375 1531.24609375 1550.4936079545455 11
stats: {recvpackets,"os_mon@test2"} 1 14012.0 0.0 16310 4852 12549.222222222223 9
stats: {sentpackets,"os_mon@test2"} 1 10642.0 0.0 11027 3323 8803.666666666666 9
stats: {load,"os_mon@test3"} 1 1.671875 0.0 1.80078125 1.1796875 1.444140625 10
stats: {cpu,"os_mon@test2"} 1 48.58027878162106 0.0 69.07860489328475 8.771929824561402 49.78304428770882 10
stats: {freemem,"os_mon@test3"} 1 946.67578125 0.0 1395.65234375 946.67578125 1275.38515625 10
stats: {recvpackets,"os_mon@test4"} 1 14280.0 0.0 16541 4809 12450.333333333334 9
stats: {sentpackets,"os_mon@test4"} 1 10808.0 0.0 11116 3299 8733.888888888889 9
stats: {load,"os_mon@myserver"} 1 2.78125 0.0 3.16015625 2.140625 2.70703125 11
stats: {recvpackets,"os_mon@myserver"} 1 15830.0 0.0 15857 971 11586.5 10
stats: {sentpackets,"os_mon@myserver"} 1 11850.0 0.0 11850 714 8149.8 10
stats: {cpu,"os_mon@test4"} 1 71.09496626881162 0.0 71.09496626881162 3.259779338014042 45.6466914909859 10
stats: {cpu,"os_mon@myserver"} 1 54.029163468917886 0.0 60.855427713856926 3.5131744040150563 46.88582211255371 11
stats: session 2070 19466.544771852354 12097.944143291643 63609.961181640625 17.89404296875 8289.68739894971 21853
stats: users_count 3414 32467
stats: finish_users_count 2070 23923
stats: request 24832 1946.4556213359356 4230.778640915796 48819.216796875 1.080078125 931.0894455259635 249055
stats: page 2096 19432.364367535996 12051.9061187176 63607.93310546875 16.286865234375 8261.932327975455 21797
stats: connect 24860 1353.6158639258774 3983.9739957499405 32726.651123046875 0.30908203125 635.8997342321405 250139
stats: 200 24832 273887
stats: size_rcv 11224064 123796924
stats: newphase 6 60
stats: size_sent 3249596 35948175
stats: connected 28 1112
stats: error_connect_etimedout 146 146
# stats: dump at 1339070618
stats: users 9514 9515
stats: {load,"os_mon@test2"} 1 1.359375 0.0 1.48828125 1.0703125 1.23046875 11
stats: {recvpackets,"os_mon@test3"} 1 13531.0 0.0 16539 4808 12640.3 10
stats: {sentpackets,"os_mon@test3"} 1 10381.0 0.0 11111 3299 8946.7 10
stats: {freemem,"os_mon@test2"} 1 1187.04296875 0.0 1544.0859375 1187.04296875 1428.7034801136363 11
stats: {cpu,"os_mon@test3"} 1 62.64935064935065 0.0 73.19641916798315 3.314917127071823 51.44256350138474 11
stats: {load,"os_mon@test4"} 1 1.2890625 0.0 1.62890625 1.2890625 1.5159801136363635 11
stats: {freemem,"os_mon@test4"} 1 1121.81640625 0.0 1547.109375 1121.81640625 1417.9545454545455 11
stats: {freemem,"os_mon@myserver"} 1 1532.07421875 0.0 1567.65234375 1531.24609375 1548.9251302083333 12
stats: {recvpackets,"os_mon@test2"} 1 13267.0 0.0 16310 4852 12695.5 10
stats: {sentpackets,"os_mon@test2"} 1 10197.0 0.0 11027 3323 8987.5 10
stats: {load,"os_mon@test3"} 1 1.7109375 0.0 1.80078125 1.1796875 1.46484375 11
stats: {cpu,"os_mon@test2"} 1 64.49765747006767 0.0 69.07860489328475 8.771929824561402 49.67370196897357 11
stats: {freemem,"os_mon@test3"} 1 887.30078125 0.0 1395.65234375 887.30078125 1245.5024857954545 11
stats: {recvpackets,"os_mon@test4"} 1 13525.0 0.0 16541 4809 12633.3 10
stats: {sentpackets,"os_mon@test4"} 1 10373.0 0.0 11116 3299 8941.3 10
stats: {load,"os_mon@myserver"} 1 2.6015625 0.0 3.16015625 2.140625 2.7132161458333335 12
stats: {recvpackets,"os_mon@myserver"} 1 13280.0 0.0 15857 971 11972.272727272728 11
stats: {sentpackets,"os_mon@myserver"} 1 10249.0 0.0 11850 714 8486.181818181818 11
stats: {cpu,"os_mon@test4"} 1 55.79823192927718 0.0 71.09496626881162 3.259779338014042 47.96017101624279 11
stats: {cpu,"os_mon@myserver"} 1 48.7667009249743 0.0 60.855427713856926 3.5131744040150563 47.4811005589174 12
stats: session 2088 21225.080434631105 14200.60731295793 84608.51708984375 17.89404296875 9256.79414818302 23923
stats: users_count 3058 35525
stats: finish_users_count 2088 26011
stats: request 23127 2185.7896211087887 4707.210873314829 48819.216796875 1.080078125 1023.1477501468955 273887
stats: page 2068 21137.580519065665 14051.170466973517 84606.49584960938 16.286865234375 9241.852202203007 23893
stats: connect 23110 1552.6926060147077 4495.034340351413 32726.651123046875 0.30908203125 700.7815082901782 274999
stats: 200 23127 297014
stats: size_rcv 10453404 134250328
stats: newphase 6 66
stats: size_sent 3020230 38968405
stats: connected -17 1095
stats: error_connect_etimedout 297 443
# stats: dump at 1339070628
stats: users 10279 10302
stats: {load,"os_mon@test2"} 1 1.21875 0.0 1.48828125 1.0703125 1.2412109375 12
stats: {recvpackets,"os_mon@test3"} 1 15760.0 0.0 16539 4808 12721.272727272728 11
stats: {sentpackets,"os_mon@test3"} 1 11816.0 0.0 11816 3299 9077.09090909091 11
stats: {freemem,"os_mon@test2"} 1 1155.69921875 0.0 1544.0859375 1155.69921875 1408.5651041666667 12
stats: {cpu,"os_mon@test3"} 1 74.30664573521716 0.0 74.30664573521716 3.314917127071823 52.3764624303819 12
stats: {load,"os_mon@test4"} 1 1.23828125 0.0 1.62890625 1.23828125 1.4970703125 12
stats: {freemem,"os_mon@test4"} 1 1070.99609375 0.0 1547.109375 1070.99609375 1393.2763671875 12
stats: {freemem,"os_mon@myserver"} 1 1531.75 0.0 1567.65234375 1531.24609375 1547.62890625 13
stats: {recvpackets,"os_mon@test2"} 1 16049.0 0.0 16310 4852 12747.454545454546 11
stats: {sentpackets,"os_mon@test2"} 1 11992.0 0.0 11992 3323 9097.454545454546 11
stats: {load,"os_mon@test3"} 1 1.91015625 0.0 1.91015625 1.1796875 1.4853515625 12
stats: {cpu,"os_mon@test2"} 1 52.0605112154408 0.0 69.07860489328475 8.771929824561402 50.90903159406474 12
stats: {freemem,"os_mon@test3"} 1 788.52734375 0.0 1395.65234375 788.52734375 1215.65234375 12
stats: {recvpackets,"os_mon@test4"} 1 15717.0 0.0 16541 4809 12714.363636363636 11
stats: {sentpackets,"os_mon@test4"} 1 11791.0 0.0 11791 3299 9071.454545454546 11
stats: {load,"os_mon@myserver"} 1 2.66015625 0.0 3.16015625 2.140625 2.7046274038461537 13
stats: {recvpackets,"os_mon@myserver"} 1 15857.0 0.0 15857 971 12081.25 12
stats: {sentpackets,"os_mon@myserver"} 1 11978.0 0.0 11978 714 8633.083333333334 12
stats: {cpu,"os_mon@test4"} 1 54.87421383647799 0.0 71.09496626881162 3.259779338014042 48.61334275899566 12
stats: {cpu,"os_mon@myserver"} 1 54.55248903791592 0.0 60.855427713856926 3.5131744040150563 47.579992894767926 13
stats: session 2372 23416.950283520157 18818.653382180735 91159.51098632813 17.89404296875 10217.53313423137 26011
stats: users_count 3137 38662
stats: finish_users_count 2372 28383
stats: request 26862 1915.723980209832 4282.613091346218 48819.216796875 1.080078125 1113.6768785709282 297014
stats: page 2389 23066.75460596992 18453.734857849064 91157.56982421875 16.286865234375 10189.441515375534 25961
stats: connect 26909 1462.7847949610768 4156.681832803743 34533.782958984375 0.30908203125 766.8233435531655 298109
stats: 200 26862 323876
stats: size_rcv 12141624 146391952
stats: newphase 5 71
stats: size_sent 3517653 42486058
stats: connected 47 1142
stats: error_connect_etimedout 316 759
# stats: dump at 1339070638
stats: users 11151 11365
stats: {load,"os_mon@test2"} 1 1.109375 0.0 1.48828125 1.0703125 1.2394831730769231 13
stats: {recvpackets,"os_mon@test3"} 1 15860.0 0.0 16539 4808 12974.5 12
stats: {sentpackets,"os_mon@test3"} 1 1.21e4 0.0 12100 3299 9305.333333333334 12
stats: {freemem,"os_mon@test2"} 1 1110.74609375 0.0 1544.0859375 1110.74609375 1389.1138822115386 13
stats: {cpu,"os_mon@test3"} 1 76.4367816091954 0.0 76.4367816091954 3.314917127071823 54.06339960767692 13
stats: {load,"os_mon@test4"} 1 1.6484375 0.0 1.6484375 1.23828125 1.4771634615384615 13
stats: {freemem,"os_mon@test4"} 1 1034.47265625 0.0 1547.109375 1034.47265625 1368.485576923077 13
stats: {freemem,"os_mon@myserver"} 1 1531.671875 0.0 1567.65234375 1531.24609375 1546.4946986607142 14
stats: {recvpackets,"os_mon@test2"} 1 15413.0 0.0 16310 4852 13022.583333333334 12
stats: {sentpackets,"os_mon@test2"} 1 11891.0 0.0 11992 3323 9338.666666666666 12
stats: {load,"os_mon@test3"} 1 2.0 0.0 2.0 1.1796875 1.5180288461538463 13
stats: {cpu,"os_mon@test2"} 1 57.26987447698745 0.0 69.07860489328475 8.771929824561402 50.997606949555205 13
stats: {freemem,"os_mon@test3"} 1 693.90234375 0.0 1395.65234375 693.90234375 1182.7965745192307 13
stats: {recvpackets,"os_mon@test4"} 1 15909.0 0.0 16541 4809 12964.583333333334 12
stats: {sentpackets,"os_mon@test4"} 1 12128.0 0.0 12128 3299 9298.083333333334 12
stats: {load,"os_mon@myserver"} 1 2.640625 0.0 3.16015625 2.140625 2.701450892857143 14
stats: {recvpackets,"os_mon@myserver"} 1 15195.0 0.0 15857 971 12371.692307692309 13
stats: {sentpackets,"os_mon@myserver"} 1 11739.0 0.0 11978 714 8890.384615384615 13
stats: {cpu,"os_mon@test4"} 1 55.89770354906054 0.0 71.09496626881162 3.259779338014042 49.0949482264943 13
stats: {cpu,"os_mon@myserver"} 1 50.23303987571207 0.0 60.855427713856926 3.5131744040150563 48.07802833356421 14
stats: session 2019 28854.268578750885 23525.855052684234 99718.58618164063 17.89404296875 11320.623627770214 28383
stats: users_count 2891 41553
stats: finish_users_count 2019 30402
stats: request 24496 2249.768358326543 4695.081013060108 48841.791015625 1.080078125 1180.1979830807536 323876
stats: page 1988 28209.074859926164 22905.941817704457 98704.82495117188 16.286865234375 11274.587934191408 28350
stats: connect 24436 1554.6562776551527 4457.416091696338 34533.782958984375 0.30908203125 824.4436190330944 325018
stats: 200 24496 348372
stats: size_rcv 11072192 157464144
stats: newphase 5 76
stats: size_sent 3195108 45681166
stats: connected -60 1082
stats: error_connect_etimedout 340 1099
# stats: dump at 1339070648
stats: users 12173 12173
stats: {load,"os_mon@test2"} 1 0.94140625 0.0 1.48828125 0.94140625 1.2301897321428572 14
stats: {recvpackets,"os_mon@test3"} 1 15468.0 0.0 16539 4808 13196.461538461539 13
stats: {sentpackets,"os_mon@test3"} 1 12132.0 0.0 12132 3299 9520.307692307691 13
stats: {freemem,"os_mon@test2"} 1 1055.45703125 0.0 1544.0859375 1055.45703125 1369.23046875 14
stats: {cpu,"os_mon@test3"} 1 67.39015352038116 0.0 76.4367816091954 3.314917127071823 55.6614983220711 14
stats: {load,"os_mon@test4"} 1 1.62109375 0.0 1.6484375 1.23828125 1.4893973214285714 14
stats: {freemem,"os_mon@test4"} 1 950.12109375 0.0 1547.109375 950.12109375 1344.6275111607142 14
stats: {freemem,"os_mon@myserver"} 1 1530.37109375 0.0 1567.65234375 1530.37109375 1545.5065104166667 15
stats: {recvpackets,"os_mon@test2"} 1 15472.0 0.0 16310 4852 13206.461538461539 13
stats: {sentpackets,"os_mon@test2"} 1 12088.0 0.0 12088 3323 9535.0 13
stats: {load,"os_mon@test3"} 1 1.8515625 0.0 2.0 1.1796875 1.5524553571428572 14
stats: {cpu,"os_mon@test2"} 1 55.267254800207574 0.0 69.07860489328475 8.771929824561402 51.44562605865751 14
stats: {freemem,"os_mon@test3"} 1 641.59375 0.0 1395.65234375 641.59375 1147.8755580357142 14
stats: {recvpackets,"os_mon@test4"} 1 15454.0 0.0 16541 4809 13191.076923076924 13
stats: {sentpackets,"os_mon@test4"} 1 12127.0 0.0 12128 3299 9515.76923076923 13
stats: {load,"os_mon@myserver"} 1 2.62890625 0.0 3.16015625 2.140625 2.697395833333333 15
stats: {recvpackets,"os_mon@myserver"} 1 16068.0 0.0 16068 971 12573.357142857143 14
stats: {sentpackets,"os_mon@myserver"} 1 12542.0 0.0 12542 714 9093.857142857143 14
stats: {cpu,"os_mon@test4"} 1 66.04747162022704 0.0 71.09496626881162 3.259779338014042 49.58085932096332 14
stats: {cpu,"os_mon@myserver"} 1 55.97583399001839 0.0 60.855427713856926 3.5131744040150563 48.2216957697074 15
stats: session 2269 28141.97121346391 23769.11424454077 104639.52416992188 17.89404296875 12485.034822955726 30402
stats: users_count 3291 44844
stats: finish_users_count 2269 32671
stats: request 24982 2101.103554197699 4565.3373198292 63113.003173828125 1.080078125 1255.4055081172687 348372
stats: page 2284 27433.522360886887 23034.5678930042 104637.875 16.286865234375 12384.277432785932 30338
stats: connect 25009 1571.4942340679224 4361.123452094291 34533.782958984375 0.30908203125 875.5046357222398 349454
stats: 200 24982 373354
stats: size_rcv 11291864 168756008
stats: newphase 4 80
stats: size_sent 3268961 48950127
stats: connected 27 1109
stats: error_connect_etimedout 462 1561
# stats: dump at 1339070658
stats: users 13355 13356
stats: {load,"os_mon@test2"} 1 1.01953125 0.0 1.48828125 0.94140625 1.2109375 15
stats: {recvpackets,"os_mon@test3"} 1 16988.0 0.0 16988 4808 13358.714285714286 14
stats: {sentpackets,"os_mon@test3"} 1 13156.0 0.0 13156 3299 9706.857142857143 14
stats: {freemem,"os_mon@test2"} 1 989.66015625 0.0 1544.0859375 989.66015625 1348.3122395833334 15
stats: {cpu,"os_mon@test3"} 1 76.68393782383419 0.0 76.68393782383419 3.314917127071823 56.4434086686251 15
stats: {load,"os_mon@test4"} 1 1.44921875 0.0 1.6484375 1.23828125 1.4981770833333334 15
stats: {freemem,"os_mon@test4"} 1 915.890625 0.0 1547.109375 915.890625 1318.3270833333333 15
stats: {freemem,"os_mon@myserver"} 1 1529.2890625 0.0 1567.65234375 1529.2890625 1544.560546875 16
stats: {recvpackets,"os_mon@test2"} 1 17898.0 0.0 17898 4852 13368.285714285714 14
stats: {sentpackets,"os_mon@test2"} 1 13781.0 0.0 13781 3323 9717.357142857143 14
stats: {load,"os_mon@test3"} 1 2.19140625 0.0 2.19140625 1.1796875 1.5723958333333334 15
stats: {cpu,"os_mon@test2"} 1 61.23076923076923 0.0 69.07860489328475 8.771929824561402 51.70040130809418 15
stats: {freemem,"os_mon@test3"} 1 533.55859375 0.0 1395.65234375 533.55859375 1114.1234375 15
stats: {recvpackets,"os_mon@test4"} 1 16964.0 0.0 16964 4809 13352.714285714286 14
stats: {sentpackets,"os_mon@test4"} 1 13137.0 0.0 13137 3299 9702.285714285714 14
stats: {load,"os_mon@myserver"} 1 2.69140625 0.0 3.16015625 2.140625 2.693115234375 16
stats: {recvpackets,"os_mon@myserver"} 1 16528.0 0.0 16528 971 12806.333333333334 15
stats: {sentpackets,"os_mon@myserver"} 1 12808.0 0.0 12808 714 9323.733333333334 15
stats: {cpu,"os_mon@test4"} 1 52.81249999999999 0.0 71.09496626881162 3.259779338014042 50.67863347424757 15
stats: {cpu,"os_mon@myserver"} 1 49.07864002076304 0.0 60.855427713856926 3.5131744040150563 48.70632940847684 16
stats: session 2027 30481.673791630386 25767.59134158114 117747.92602539063 17.89404296875 13572.40860000764 32671
stats: users_count 3209 48053
stats: finish_users_count 2027 34698
stats: request 24996 2300.45817863085 4904.017795091679 72766.98193359375 1.080078125 1311.993166444704 373354
stats: page 2040 29812.023878867967 25314.84415846762 117745.74194335938 16.286865234375 13437.936785853879 32622
stats: connect 25026 1736.5453411947667 4793.7466423231845 34533.782958984375 0.30908203125 921.9872090740187 374463
stats: 200 24996 398350
stats: size_rcv 11298192 180054200
stats: newphase 4 84
stats: size_sent 3270010 52220137
stats: connected 30 1139
stats: error_connect_etimedout 674 2235
# stats: dump at 1339070668
stats: users 14699 14720
stats: {load,"os_mon@test2"} 1 1.53125 0.0 1.53125 0.94140625 1.198974609375 16
stats: {recvpackets,"os_mon@test3"} 1 17433.0 0.0 17433 4808 13600.666666666666 15
stats: {sentpackets,"os_mon@test3"} 1 13422.0 0.0 13422 3299 9936.8 15
stats: {freemem,"os_mon@test2"} 1 932.5703125 0.0 1544.0859375 932.5703125 1325.896484375 16
stats: {cpu,"os_mon@test3"} 1 61.66932482721956 0.0 76.68393782383419 3.314917127071823 57.70844174082567 16
stats: {load,"os_mon@test4"} 1 1.62109375 0.0 1.6484375 1.23828125 1.4951171875 16
stats: {freemem,"os_mon@test4"} 1 820.90234375 0.0 1547.109375 820.90234375 1293.1748046875 16
stats: {freemem,"os_mon@myserver"} 1 1528.828125 0.0 1567.65234375 1528.828125 1543.6622242647059 17
stats: {recvpackets,"os_mon@test2"} 1 17207.0 0.0 17898 4852 13670.266666666666 15
stats: {sentpackets,"os_mon@test2"} 1 13476.0 0.0 13781 3323 9988.266666666666 15
stats: {load,"os_mon@test3"} 1 2.30859375 0.0 2.30859375 1.1796875 1.611083984375 16
stats: {cpu,"os_mon@test2"} 1 57.86458333333333 0.0 69.07860489328475 8.771929824561402 52.29604930326137 16
stats: {freemem,"os_mon@test3"} 1 487.5625 0.0 1395.65234375 487.5625 1077.838134765625 16
stats: {recvpackets,"os_mon@test4"} 1 17454.0 0.0 17454 4809 13593.466666666667 15
stats: {sentpackets,"os_mon@test4"} 1 13430.0 0.0 13430 3299 9931.266666666666 15
stats: {load,"os_mon@myserver"} 1 3.12890625 0.0 3.16015625 2.140625 2.693014705882353 17
stats: {recvpackets,"os_mon@myserver"} 1 19350.0 0.0 19350 971 13038.9375 16
stats: {sentpackets,"os_mon@myserver"} 1 14778.0 0.0 14778 714 9541.5 16
stats: {cpu,"os_mon@test4"} 1 68.58940744625066 0.0 71.09496626881162 3.259779338014042 50.812000132107094 16
stats: {cpu,"os_mon@myserver"} 1 49.742400824317365 0.0 60.855427713856926 3.5131744040150563 48.728230032728966 17
stats: session 1705 36214.28824158604 29306.91544072567 124631.580078125 17.89404296875 14560.220016902542 34698
stats: users_count 3049 51102
stats: finish_users_count 1705 36403
stats: request 22559 2516.539365027013 5050.630249373232 72766.98193359375 1.080078125 1374.0181983126718 398350
stats: page 1698 35168.58730744813 28656.45914844793 124009.40380859375 16.286865234375 14401.618560412437 34662
stats: connect 22498 1885.1482774922886 4902.661470990211 34533.782958984375 0.30908203125 973.0152269029297 399489
stats: 200 22562 420912
stats: size_rcv 10198024 190252224
stats: newphase 6 90
stats: size_sent 2941324 55161461
stats: connected -62 1077
stats: error_connect_etimedout 954 3189
# stats: dump at 1339070678
stats: users 15666 15799
stats: {load,"os_mon@test2"} 1 1.53125 0.0 1.53125 0.94140625 1.2185202205882353 17
stats: {recvpackets,"os_mon@test3"} 1 16908.0 0.0 17433 4808 13840.1875 16
stats: {sentpackets,"os_mon@test3"} 1 13316.0 0.0 13422 3299 10154.625 16
stats: {freemem,"os_mon@test2"} 1 887.91796875 0.0 1544.0859375 887.91796875 1302.7596507352941 17
stats: {cpu,"os_mon@test3"} 1 74.49245184799584 0.0 76.68393782383419 3.314917127071823 57.941434863554726 17
stats: {load,"os_mon@test4"} 1 1.6015625 0.0 1.6484375 1.23828125 1.5025275735294117 17
stats: {freemem,"os_mon@test4"} 1 705.6796875 0.0 1547.109375 705.6796875 1265.3940716911766 17
stats: {freemem,"os_mon@myserver"} 1 1528.55078125 0.0 1567.65234375 1528.55078125 1542.838107638889 18
stats: {recvpackets,"os_mon@test2"} 1 16836.0 0.0 17898 4852 13891.3125 16
stats: {sentpackets,"os_mon@test2"} 1 13206.0 0.0 13781 3323 10206.25 16
stats: {load,"os_mon@test3"} 1 2.58984375 0.0 2.58984375 1.1796875 1.6521139705882353 17
stats: {cpu,"os_mon@test2"} 1 51.67364016736402 0.0 69.07860489328475 8.771929824561402 52.623610128559726 17
stats: {freemem,"os_mon@test3"} 1 412.44921875 0.0 1395.65234375 412.44921875 1043.1160386029412 17
stats: {recvpackets,"os_mon@test4"} 1 16778.0 0.0 17454 4809 13834.75 16
stats: {sentpackets,"os_mon@test4"} 1 13220.0 0.0 13430 3299 10149.9375 16
stats: {load,"os_mon@myserver"} 1 3.421875 0.0 3.421875 2.140625 2.7172309027777777 18
stats: {recvpackets,"os_mon@myserver"} 1 14850.0 0.0 19350 971 13410.176470588236 17
stats: {sentpackets,"os_mon@myserver"} 1 11919.0 0.0 14778 714 9849.529411764706 17
stats: {cpu,"os_mon@test4"} 1 73.12049433573635 0.0 73.12049433573635 3.259779338014042 51.85772997411554 17
stats: {cpu,"os_mon@myserver"} 1 45.80846093952764 0.0 60.855427713856926 3.5131744040150563 48.784572854483876 18
stats: session 1443 40244.59380363314 30767.913305426482 131916.34594726563 17.89404296875 15574.427261445171 36403
stats: users_count 2410 53512
stats: finish_users_count 1443 37846
stats: request 17835 2924.3497646065407 5401.707790289295 72766.98193359375 1.080078125 1435.2526575423599 420909
stats: page 1429 39428.48275741886 30401.023538541696 131914.72900390625 16.286865234375 15371.429147113937 36360
stats: connect 17844 2112.3718063467522 5096.075777840182 34533.782958984375 0.30908203125 1021.6450884203683 421987
stats: 200 17831 438743
stats: size_rcv 8059612 198311836
stats: newphase 5 95
stats: size_sent 2333018 57494479
stats: connected 10 1087
stats: error_connect_etimedout 715 3904
# stats: dump at 1339070688
stats: users 17106 17325
stats: {load,"os_mon@test2"} 1 1.75 0.0 1.75 0.94140625 1.2358940972222223 18
stats: {recvpackets,"os_mon@test3"} 1 13512.0 0.0 17433 4808 14020.64705882353 17
stats: {sentpackets,"os_mon@test3"} 1 10979.0 0.0 13422 3299 10340.588235294117 17
stats: {freemem,"os_mon@test2"} 1 828.05078125 0.0 1544.0859375 828.05078125 1279.712890625 18
stats: {cpu,"os_mon@test3"} 1 53.48837209302325 0.0 76.68393782383419 3.314917127071823 58.86093580713479 18
stats: {load,"os_mon@test4"} 1 1.359375 0.0 1.6484375 1.23828125 1.5080295138888888 18
stats: {freemem,"os_mon@test4"} 1 641.28515625 0.0 1547.109375 641.28515625 1234.298828125 18
stats: {freemem,"os_mon@myserver"} 1 1528.875 0.0 1567.65234375 1528.55078125 1542.0861430921052 19
stats: {recvpackets,"os_mon@test2"} 1 13391.0 0.0 17898 4852 14064.529411764706 17
stats: {sentpackets,"os_mon@test2"} 1 10880.0 0.0 13781 3323 10382.70588235294 17
stats: {load,"os_mon@test3"} 1 2.19140625 0.0 2.58984375 1.1796875 1.7042100694444444 18
stats: {cpu,"os_mon@test2"} 1 53.07203389830508 0.0 69.07860489328475 8.771929824561402 52.570834019604405 18
stats: {freemem,"os_mon@test3"} 1 397.3984375 0.0 1395.65234375 397.3984375 1008.0789930555555 18
stats: {recvpackets,"os_mon@test4"} 1 13645.0 0.0 17454 4809 14007.882352941177 17
stats: {sentpackets,"os_mon@test4"} 1 11076.0 0.0 13430 3299 10330.529411764706 17
stats: {load,"os_mon@myserver"} 1 3.140625 0.0 3.421875 2.140625 2.754317434210526 19
stats: {recvpackets,"os_mon@myserver"} 1 15397.0 0.0 19350 971 13490.166666666666 18
stats: {sentpackets,"os_mon@myserver"} 1 12347.0 0.0 14778 714 9964.5 18
stats: {cpu,"os_mon@test4"} 1 54.35924369747899 0.0 73.12049433573635 3.259779338014042 53.03899466087225 18
stats: {cpu,"os_mon@myserver"} 1 36.400817995910025 0.0 60.855427713856926 3.5131744040150563 48.627935385275656 19
stats: session 1569 47038.33250848342 31484.709252416666 144346.39404296875 17.89404296875 16515.05639848415 37846
stats: users_count 3009 56521
stats: finish_users_count 1569 39415
stats: request 18638 3401.1990084966965 6577.278208851187 72766.98193359375 1.080078125 1495.7846463661153 438744
stats: page 1568 45345.506880001194 30632.544905069033 144344.10083007813 16.286865234375 16281.152336643318 37789
stats: connect 18720 2521.5004719008853 6307.141686025429 34533.782958984375 0.30908203125 1065.8960110581052 439831
stats: 200 18638 457381
stats: size_rcv 8424376 206736212
stats: newphase 5 100
stats: size_sent 2448287 59942766
stats: connected 82 1169
stats: error_connect_etimedout 796 4700
# stats: dump at 1339070698
stats: users 18202 18679
stats: {load,"os_mon@test2"} 1 1.55859375 0.0 1.75 0.94140625 1.262952302631579 19
stats: {recvpackets,"os_mon@test3"} 1 17209.0 0.0 17433 4808 13992.388888888889 18
stats: {sentpackets,"os_mon@test3"} 1 13645.0 0.0 13645 3299 10376.055555555555 18
stats: {freemem,"os_mon@test2"} 1 786.453125 0.0 1544.0859375 786.453125 1255.9412006578948 19
stats: {cpu,"os_mon@test3"} 1 64.66321243523316 0.0 76.68393782383419 3.314917127071823 58.578169295865756 19
stats: {load,"os_mon@test4"} 1 1.44921875 0.0 1.6484375 1.23828125 1.500205592105263 19
stats: {freemem,"os_mon@test4"} 1 535.02734375 0.0 1547.109375 535.02734375 1203.087582236842 19
stats: {freemem,"os_mon@myserver"} 1 1529.41015625 0.0 1567.65234375 1528.55078125 1541.4255859375 20
stats: {recvpackets,"os_mon@test2"} 1 17152.0 0.0 17898 4852 14027.111111111111 18
stats: {sentpackets,"os_mon@test2"} 1 13567.0 0.0 13781 3323 10410.333333333334 18
stats: {load,"os_mon@test3"} 1 2.16015625 0.0 2.58984375 1.1796875 1.7298519736842106 19
stats: {cpu,"os_mon@test2"} 1 48.559231590181426 0.0 69.07860489328475 8.771929824561402 52.59721296058865 19
stats: {freemem,"os_mon@test3"} 1 340.19140625 0.0 1395.65234375 340.19140625 975.9379111842105 19
stats: {recvpackets,"os_mon@test4"} 1 17178.0 0.0 17454 4809 13987.722222222223 18
stats: {sentpackets,"os_mon@test4"} 1 13615.0 0.0 13615 3299 10371.944444444445 18
stats: {load,"os_mon@myserver"} 1 2.8984375 0.0 3.421875 2.140625 2.7736328125 20
stats: {recvpackets,"os_mon@myserver"} 1 16274.0 0.0 19350 971 13590.526315789473 19
stats: {sentpackets,"os_mon@myserver"} 1 13118.0 0.0 14778 714 10089.894736842105 19
stats: {cpu,"os_mon@test4"} 1 68.30149716055757 0.0 73.12049433573635 3.259779338014042 53.108481452272606 19
stats: {cpu,"os_mon@myserver"} 1 45.42857142857143 0.0 60.855427713856926 3.5131744040150563 48.01657951580738 20
stats: session 2180 48706.93162181051 33019.784031951815 145644.48901367188 17.89404296875 17730.10194501691 39415
stats: users_count 3276 59797
stats: finish_users_count 2180 41595
stats: 200 26935 484316
stats: request 26937 2786.01616121755 5447.018389841476 90911.39404296875 1.080078125 1573.4289631109582 457382
stats: page 2158 47169.223356768365 32633.015942683043 145642.32397460938 16.286865234375 17439.08886442707 39357
stats: connect 26826 2139.6088735497465 5203.427722821921 34533.782958984375 0.30908203125 1125.3199693680353 458551
stats: size_rcv 12174620 218910832
stats: newphase 6 106
stats: size_sent 3506122 63448888
stats: connected -112 1057
stats: error_connect_etimedout 1241 5941
stats: error_abort 1 1
EndMonitor:{1339,70698,349113}
