# stats: dump at 1338904077
stats: users 0 0
# stats: dump at 1338904087
stats: users 1 7
stats: {load,"os_mon@test2"} 1 1.19921875 0 1.19921875 1.19921875 0 0
stats: {freemem,"os_mon@test2"} 1 1524.30078125 0 1524.30078125 1524.30078125 0 0
stats: {load,"os_mon@test4"} 1 1.01171875 0 1.01171875 1.01171875 0 0
stats: {cpu,"os_mon@test3"} 1 2.0613373554550023 0 2.0613373554550023 2.0613373554550023 0 0
stats: {freemem,"os_mon@test4"} 1 1451.90625 0 1451.90625 1451.90625 0 0
stats: {freemem,"os_mon@myserver"} 1 1951.39453125 0 1951.39453125 1951.39453125 0 0
stats: {load,"os_mon@test3"} 1 0.7890625 0 0.7890625 0.7890625 0 0
stats: {cpu,"os_mon@test2"} 1 2.8773346794548207 0 2.8773346794548207 2.8773346794548207 0 0
stats: {freemem,"os_mon@test3"} 1 1505.75390625 0 1505.75390625 1505.75390625 0 0
stats: {cpu,"os_mon@test4"} 1 1.8537074148296595 0 1.8537074148296595 1.8537074148296595 0 0
stats: {load,"os_mon@myserver"} 1 9.05859375 0 9.05859375 9.05859375 0 0
stats: {cpu,"os_mon@myserver"} 1 1.5170670037926675 0 1.5170670037926675 1.5170670037926675 0 0
stats: session 555 12.256940192145269 4.887503648252746 54.4599609375 7.919921875 0 0
stats: users_count 556 556
stats: finish_users_count 555 555
stats: 200 5415 5415
stats: size_rcv 2247225 2247225
stats: size_sent 707624 707624
stats: connected 1 1
stats: connect 542 1.2830274518565508 0.7901638457617723 10.740966796875 0.6650390625 0 0
stats: page 541 9.932781903448468 4.3077833877456575 47.0419921875 6.75 0 0
stats: request 5415 0.9230344312673132 0.8898238734871767 23.44580078125 0.129150390625 0 0
# stats: dump at 1338904097
stats: users 0 9
stats: {load,"os_mon@test2"} 1 1.01953125 0.0 1.19921875 1.01953125 1.19921875 1
stats: {recvpackets,"os_mon@test3"} 1 3474 0 3474 3474 0 0
stats: {sentpackets,"os_mon@test3"} 1 2344 0 2344 2344 0 0
stats: {freemem,"os_mon@test2"} 1 1523.39453125 0.0 1524.30078125 1523.39453125 1524.30078125 1
stats: {load,"os_mon@test4"} 1 0.8515625 0.0 1.01171875 0.8515625 1.01171875 1
stats: {cpu,"os_mon@test3"} 1 8.01429300663604 0.0 8.01429300663604 2.0613373554550023 2.0613373554550023 1
stats: {freemem,"os_mon@test4"} 1 1450.79296875 0.0 1451.90625 1450.79296875 1451.90625 1
stats: {freemem,"os_mon@myserver"} 1 1955.390625 0.0 1955.390625 1951.39453125 1951.39453125 1
stats: {recvpackets,"os_mon@test2"} 1 3540 0 3540 3540 0 0
stats: {sentpackets,"os_mon@test2"} 1 2393 0 2393 2393 0 0
stats: {load,"os_mon@test3"} 1 0.671875 0.0 0.7890625 0.671875 0.7890625 1
stats: {cpu,"os_mon@test2"} 1 5.795627859684799 0.0 5.795627859684799 2.8773346794548207 2.8773346794548207 1
stats: {recvpackets,"os_mon@test4"} 1 3481 0 3481 3481 0 0
stats: {sentpackets,"os_mon@test4"} 1 2344 0 2344 2344 0 0
stats: {freemem,"os_mon@test3"} 1 1504.41015625 0.0 1505.75390625 1504.41015625 1505.75390625 1
stats: {cpu,"os_mon@test4"} 1 3.585858585858586 0.0 3.585858585858586 1.8537074148296595 1.8537074148296595 1
stats: {load,"os_mon@myserver"} 1 7.890625 0.0 9.05859375 7.890625 9.05859375 1
stats: {recvpackets,"os_mon@myserver"} 1 3515 0 3515 3515 0 0
stats: {sentpackets,"os_mon@myserver"} 1 2375 0 2375 2375 0 0
stats: {cpu,"os_mon@myserver"} 1 6.2847046945986875 0.0 6.2847046945986875 1.5170670037926675 1.5170670037926675 1
stats: session 1427 10.955597201843913 1.8912226668209176 54.4599609375 7.76708984375 12.256940192145269 555
stats: users_count 1426 1982
stats: finish_users_count 1427 1982
stats: 200 14245 19660
stats: size_rcv 5911675 8158900
stats: newphase 6 6
stats: size_sent 1862756 2570380
stats: connected -1 0
stats: connect 1424 1.0965881347656266 0.35614428073334947 10.740966796875 0.464111328125 1.2830274518565508 542
stats: page 1425 8.868908648574577 1.5136565520856706 47.0419921875 6.701904296875 9.932781903448468 541
stats: request 14245 0.8375870131241224 0.5201997111160602 23.44580078125 0.087158203125 0.9230344312673132 5415
# stats: dump at 1338904107
stats: users 1 11
stats: {load,"os_mon@test2"} 1 1.01953125 0.0 1.19921875 1.01953125 1.109375 2
stats: {recvpackets,"os_mon@test3"} 1 8867.0 0.0 8867 3474 3474.0 1
stats: {sentpackets,"os_mon@test3"} 1 5787.0 0.0 5787 2344 2344.0 1
stats: {freemem,"os_mon@test2"} 1 1523.0625 0.0 1524.30078125 1523.0625 1523.84765625 2
stats: {load,"os_mon@test4"} 1 0.71875 0.0 1.01171875 0.71875 0.931640625 2
stats: {cpu,"os_mon@test3"} 1 14.734672849046884 0.0 14.734672849046884 2.0613373554550023 5.037815181045521 2
stats: {freemem,"os_mon@test4"} 1 1450.51171875 0.0 1451.90625 1450.51171875 1451.349609375 2
stats: {freemem,"os_mon@myserver"} 1 1955.62109375 0.0 1955.62109375 1951.39453125 1953.392578125 2
stats: {recvpackets,"os_mon@test2"} 1 8995.0 0.0 8995 3540 3540.0 1
stats: {sentpackets,"os_mon@test2"} 1 5877.0 0.0 5877 2393 2393.0 1
stats: {load,"os_mon@test3"} 1 0.640625 0.0 0.7890625 0.640625 0.73046875 2
stats: {cpu,"os_mon@test2"} 1 13.476263399693721 0.0 13.476263399693721 2.8773346794548207 4.33648126956981 2
stats: {recvpackets,"os_mon@test4"} 1 8842.0 0.0 8842 3481 3481.0 1
stats: {sentpackets,"os_mon@test4"} 1 5778.0 0.0 5778 2344 2344.0 1
stats: {freemem,"os_mon@test3"} 1 1504.5078125 0.0 1505.75390625 1504.41015625 1505.08203125 2
stats: {cpu,"os_mon@test4"} 1 9.71021860701576 0.0 9.71021860701576 1.8537074148296595 2.7197830003441226 2
stats: {load,"os_mon@myserver"} 1 6.671875 0.0 9.05859375 6.671875 8.474609375 2
stats: {recvpackets,"os_mon@myserver"} 1 8997.0 0.0 8997 3515 3515.0 1
stats: {sentpackets,"os_mon@myserver"} 1 5876.0 0.0 5876 2375 2375.0 1
stats: {cpu,"os_mon@myserver"} 1 11.526946107784433 0.0 11.526946107784433 1.5170670037926675 3.9008858491956775 2
stats: session 2365 10.904121898949517 3.5577950554728095 97.300048828125 7.76708984375 11.31999950235716 1982
stats: users_count 2366 4348
stats: finish_users_count 2365 4347
stats: request 23522 0.8390901856008458 0.6883332339008946 33.5400390625 0.087158203125 0.8611219963003879 19660
stats: page 2351 8.957453589396797 3.3653699683643197 95.239013671875 6.510009765625 9.161663191243333 1966
stats: connect 2356 1.0719301907032555 0.925337413719534 31.033935546875 0.464111328125 1.1479869698944571 1966
stats: 200 23522 43182
stats: size_rcv 9761630 17920530
stats: newphase 6 12
stats: size_sent 3077414 5647794
stats: connected 5 5
# stats: dump at 1338904117
stats: users 4 13
stats: {load,"os_mon@test2"} 1 0.94140625 0.0 1.19921875 0.94140625 1.0794270833333333 3
stats: {recvpackets,"os_mon@test3"} 1 10960.0 0.0 10960 3474 6170.5 2
stats: {sentpackets,"os_mon@test3"} 1 7339.0 0.0 7339 2344 4065.5 2
stats: {freemem,"os_mon@test2"} 1 1523.0546875 0.0 1524.30078125 1523.0546875 1523.5859375 3
stats: {load,"os_mon@test4"} 1 0.76953125 0.0 1.01171875 0.71875 0.8606770833333334 3
stats: {cpu,"os_mon@test3"} 1 21.547248182762203 0.0 21.547248182762203 2.0613373554550023 8.27010107037931 3
stats: {freemem,"os_mon@test4"} 1 1450.28515625 0.0 1451.90625 1450.28515625 1451.0703125 3
stats: {freemem,"os_mon@myserver"} 1 1955.62890625 0.0 1955.62890625 1951.39453125 1954.1354166666667 3
stats: {recvpackets,"os_mon@test2"} 1 11030.0 0.0 11030 3540 6267.5 2
stats: {sentpackets,"os_mon@test2"} 1 7381.0 0.0 7381 2393 4135.0 2
stats: {load,"os_mon@test3"} 1 0.5390625 0.0 0.7890625 0.5390625 0.7005208333333334 3
stats: {cpu,"os_mon@test2"} 1 20.73544433094995 0.0 20.73544433094995 2.8773346794548207 7.383075312944446 3
stats: {recvpackets,"os_mon@test4"} 1 10948.0 0.0 10948 3481 6161.5 2
stats: {sentpackets,"os_mon@test4"} 1 7329.0 0.0 7329 2344 4061.0 2
stats: {freemem,"os_mon@test3"} 1 1504.30078125 0.0 1505.75390625 1504.30078125 1504.890625 3
stats: {cpu,"os_mon@test4"} 1 17.590238942552112 0.0 17.590238942552112 1.8537074148296595 5.049928202568002 3
stats: {load,"os_mon@myserver"} 1 5.71875 0.0 9.05859375 5.71875 7.873697916666667 3
stats: {recvpackets,"os_mon@myserver"} 1 11047.0 0.0 11047 3515 6256.0 2
stats: {sentpackets,"os_mon@myserver"} 1 7394.0 0.0 7394 2375 4125.5 2
stats: {cpu,"os_mon@myserver"} 1 16.695609030017366 0.0 16.695609030017366 1.5170670037926675 6.44290593539193 3
stats: session 3301 10.69947080430171 1.5364273035796998 97.300048828125 7.76708984375 11.09373989065735 4347
stats: users_count 3304 7652
stats: finish_users_count 3301 7648
stats: request 32768 0.82823085039854 0.46732432118859446 33.5400390625 0.087158203125 0.8491208789071539 43182
stats: page 3278 8.870433423343101 1.3350346854321364 95.239013671875 6.510009765625 9.050452449074882 4317
stats: connect 3273 1.019488657791972 0.30208453338046476 31.033935546875 0.464111328125 1.1065270504649174 4322
stats: 200 32768 75950
stats: size_rcv 13598720 31519250
stats: newphase 6 18
stats: size_sent 4277916 9925710
stats: connected -5 0
# stats: dump at 1338904127
stats: users 4 18
stats: {load,"os_mon@test2"} 1 1.01953125 0.0 1.19921875 0.94140625 1.044921875 4
stats: {recvpackets,"os_mon@test3"} 1 18070.0 0.0 18070 3474 7767.0 3
stats: {sentpackets,"os_mon@test3"} 1 11717.0 0.0 11717 2344 5156.666666666667 3
stats: {freemem,"os_mon@test2"} 1 1522.46484375 0.0 1524.30078125 1522.46484375 1523.453125 4
stats: {load,"os_mon@test4"} 1 0.73046875 0.0 1.01171875 0.71875 0.837890625 4
stats: {cpu,"os_mon@test3"} 1 28.859060402684566 0.0 28.859060402684566 2.0613373554550023 11.589387848475033 4
stats: {freemem,"os_mon@test4"} 1 1450.08203125 0.0 1451.90625 1450.08203125 1450.8740234375 4
stats: {freemem,"os_mon@myserver"} 1 1954.7734375 0.0 1955.62890625 1951.39453125 1954.5087890625 4
stats: {recvpackets,"os_mon@test2"} 1 18156.0 0.0 18156 3540 7855.0 3
stats: {sentpackets,"os_mon@test2"} 1 11773.0 0.0 11773 2393 5217.0 3
stats: {load,"os_mon@test3"} 1 0.53125 0.0 0.7890625 0.53125 0.66015625 4
stats: {cpu,"os_mon@test2"} 1 28.21300563236047 0.0 28.21300563236047 2.8773346794548207 10.721167567445821 4
stats: {recvpackets,"os_mon@test4"} 1 18031.0 0.0 18031 3481 7757.0 3
stats: {sentpackets,"os_mon@test4"} 1 11694.0 0.0 11694 2344 5150.333333333333 3
stats: {freemem,"os_mon@test3"} 1 1504.1796875 0.0 1505.75390625 1504.1796875 1504.7431640625 4
stats: {cpu,"os_mon@test4"} 1 25.622775800711743 0.0 25.622775800711743 1.8537074148296595 8.18500588756403 4
stats: {load,"os_mon@myserver"} 1 4.91015625 0.0 9.05859375 4.91015625 7.3349609375 4
stats: {recvpackets,"os_mon@myserver"} 1 18184.0 0.0 18184 3515 7853.0 3
stats: {sentpackets,"os_mon@myserver"} 1 11794.0 0.0 11794 2375 5215.0 3
stats: {cpu,"os_mon@myserver"} 1 21.181161226015448 0.0 21.181161226015448 1.5170670037926675 9.006081709048289 4
stats: session 4382 11.045348870378811 2.1773574883758817 97.300048828125 7.76708984375 10.923567001789676 7648
stats: users_count 4382 12034
stats: finish_users_count 4382 12030
stats: 200 43274 119224
stats: size_rcv 17958710 49477960
stats: newphase 6 24
stats: size_sent 5659409 15585119
stats: connected 7 7
stats: connect 4331 1.0366062119386434 0.41702608934422347 31.033935546875 0.464111328125 1.0690186029048712 7595
stats: page 4324 9.302152141391062 2.056039490177694 95.239013671875 6.2890625 8.97275628497366 7595
stats: request 43274 0.8630304126304942 0.5368491877156991 33.5400390625 0.087158203125 0.8401080487008306 75950
# stats: dump at 1338904137
stats: users 10 22
stats: {load,"os_mon@test2"} 1 1.03125 0.0 1.19921875 0.94140625 1.03984375 5
stats: {recvpackets,"os_mon@test3"} 1 23150.0 0.0 23150 3474 10342.75 4
stats: {sentpackets,"os_mon@test3"} 1 15224.0 0.0 15224 2344 6796.75 4
stats: {freemem,"os_mon@test2"} 1 1522.49609375 0.0 1524.30078125 1522.46484375 1523.25546875 5
stats: {load,"os_mon@test4"} 1 0.83984375 0.0 1.01171875 0.71875 0.81640625 5
stats: {cpu,"os_mon@test3"} 1 35.904116727462224 0.0 35.904116727462224 2.0613373554550023 15.04332235931694 5
stats: {freemem,"os_mon@test4"} 1 1449.84765625 0.0 1451.90625 1449.84765625 1450.715625 5
stats: {freemem,"os_mon@myserver"} 1 1955.0546875 0.0 1955.62890625 1951.39453125 1954.56171875 5
stats: {recvpackets,"os_mon@test2"} 1 23550.0 0.0 23550 3540 10430.25 4
stats: {sentpackets,"os_mon@test2"} 1 15443.0 0.0 15443 2393 6856.0 4
stats: {load,"os_mon@test3"} 1 0.51953125 0.0 0.7890625 0.51953125 0.634375 5
stats: {cpu,"os_mon@test2"} 1 37.41152679474216 0.0 37.41152679474216 2.8773346794548207 14.21953518042875 5
stats: {recvpackets,"os_mon@test4"} 1 23022.0 0.0 23022 3481 10325.5 4
stats: {sentpackets,"os_mon@test4"} 1 15147.0 0.0 15147 2344 6786.25 4
stats: {freemem,"os_mon@test3"} 1 1503.85546875 0.0 1505.75390625 1503.85546875 1504.63046875 5
stats: {cpu,"os_mon@test4"} 1 31.832139201637666 0.0 31.832139201637666 1.8537074148296595 11.672559870193572 5
stats: {load,"os_mon@myserver"} 1 4.16015625 0.0 9.05859375 4.16015625 6.85 5
stats: {recvpackets,"os_mon@myserver"} 1 23590.0 0.0 23590 3515 10435.75 4
stats: {sentpackets,"os_mon@myserver"} 1 15471.0 0.0 15471 2375 6859.75 4
stats: {cpu,"os_mon@myserver"} 1 25.0189346124716 0.0 25.0189346124716 1.5170670037926675 11.44109761244172 5
stats: session 5144 11.092562567205109 2.0622429334181844 97.300048828125 7.76318359375 10.967926781353897 12030
stats: users_count 5150 17184
stats: finish_users_count 5144 17174
stats: request 50791 0.8712881982428604 0.5208257982795135 33.5400390625 0.087158203125 0.8484280377692418 119224
stats: 200 50791 170015
stats: page 5082 9.410479753142221 1.9397995533643886 95.239013671875 6.2890625 9.092255209644255 11919
stats: connect 5080 1.0187152532142 0.38947051525105864 31.033935546875 0.464111328125 1.0572478444548685 11926
stats: size_rcv 21078265 70556225
stats: newphase 6 30
stats: size_sent 6640556 22225675
stats: connected -2 5
# stats: dump at 1338904147
stats: users 15 23
stats: {load,"os_mon@test2"} 1 1.1015625 0.0 1.19921875 0.94140625 1.0384114583333333 6
stats: {recvpackets,"os_mon@test3"} 1 26429.0 0.0 26429 3474 12904.2 5
stats: {sentpackets,"os_mon@test3"} 1 19287.0 0.0 19287 2344 8482.2 5
stats: {freemem,"os_mon@test2"} 1 1522.3671875 0.0 1524.30078125 1522.3671875 1523.12890625 6
stats: {load,"os_mon@test4"} 1 0.7890625 0.0 1.01171875 0.71875 0.8203125 6
stats: {cpu,"os_mon@test3"} 1 42.59549973835688 0.0 42.59549973835688 2.0613373554550023 18.52012142067449 6
stats: {freemem,"os_mon@test4"} 1 1449.60546875 0.0 1451.90625 1449.60546875 1450.5709635416667 6
stats: {freemem,"os_mon@myserver"} 1 1955.3125 0.0 1955.62890625 1951.39453125 1954.6438802083333 6
stats: {recvpackets,"os_mon@test2"} 1 26543.0 0.0 26543 3540 13054.2 5
stats: {sentpackets,"os_mon@test2"} 1 19372.0 0.0 19372 2393 8573.4 5
stats: {load,"os_mon@test3"} 1 0.6796875 0.0 0.7890625 0.51953125 0.615234375 6
stats: {cpu,"os_mon@test2"} 1 40.70841889117043 0.0 40.70841889117043 2.8773346794548207 18.084867116147652 6
stats: {recvpackets,"os_mon@test4"} 1 26067.0 0.0 26067 3481 12864.8 5
stats: {sentpackets,"os_mon@test4"} 1 17812.0 0.0 17812 2344 8458.4 5
stats: {freemem,"os_mon@test3"} 1 1503.453125 0.0 1505.75390625 1503.453125 1504.5013020833333 6
stats: {cpu,"os_mon@test4"} 1 38.19479857215706 0.0 38.19479857215706 1.8537074148296595 15.032489758767587 6
stats: {load,"os_mon@myserver"} 1 3.51953125 0.0 9.05859375 3.51953125 6.401692708333333 6
stats: {recvpackets,"os_mon@myserver"} 1 26530.0 0.0 26530 3515 13066.6 5
stats: {sentpackets,"os_mon@myserver"} 1 19367.0 0.0 19367 2375 8582.0 5
stats: {cpu,"os_mon@myserver"} 1 28.593272171253826 0.0 28.593272171253826 1.5170670037926675 13.704070445780033 6
stats: session 6093 11.882440819639301 5.969392656315849 224.31494140625 7.72607421875 11.005258007766999 17174
stats: users_count 6098 23282
stats: finish_users_count 6093 23267
stats: request 60275 0.9413213810076211 1.773506497874764 208.212158203125 0.087158203125 0.8552573787721861 170015
stats: page 6028 10.196253988548248 5.94477910738656 222.158935546875 6.2890625 9.18738003348148 17001
stats: connect 6023 1.0536376507243048 0.4177320146104621 31.033935546875 0.464111328125 1.0457374620308657 17006
stats: 200 60275 230290
stats: size_rcv 25014125 95570350
stats: newphase 6 36
stats: size_sent 7870055 30095730
stats: connected -5 0
# stats: dump at 1338904157
stats: users 7 32
stats: {load,"os_mon@test2"} 1 0.9296875 0.0 1.19921875 0.9296875 1.0474330357142858 7
stats: {recvpackets,"os_mon@test3"} 1 28469.0 0.0 28469 3474 15158.333333333334 6
stats: {sentpackets,"os_mon@test3"} 1 18373.0 0.0 19287 2344 10283.0 6
stats: {freemem,"os_mon@test2"} 1 1522.1015625 0.0 1524.30078125 1522.1015625 1523.0200892857142 7
stats: {load,"os_mon@test4"} 1 0.8203125 0.0 1.01171875 0.71875 0.8158482142857143 7
stats: {cpu,"os_mon@test3"} 1 49.55567171981181 0.0 49.55567171981181 2.0613373554550023 21.959461180343403 7
stats: {freemem,"os_mon@test4"} 1 1449.734375 0.0 1451.90625 1449.60546875 1450.4330357142858 7
stats: {freemem,"os_mon@myserver"} 1 1955.3984375 0.0 1955.62890625 1951.39453125 1954.7393973214287 7
stats: {recvpackets,"os_mon@test2"} 1 28289.0 0.0 28289 3540 15302.333333333334 6
stats: {sentpackets,"os_mon@test2"} 1 18277.0 0.0 19372 2393 10373.166666666666 6
stats: {load,"os_mon@test3"} 1 0.73046875 0.0 0.7890625 0.51953125 0.6244419642857143 7
stats: {cpu,"os_mon@test2"} 1 47.125256673511295 0.0 47.125256673511295 2.8773346794548207 21.31680308400805 7
stats: {recvpackets,"os_mon@test4"} 1 28909.0 0.0 28909 3481 15065.166666666666 6
stats: {sentpackets,"os_mon@test4"} 1 19887.0 0.0 19887 2344 10017.333333333334 6
stats: {freemem,"os_mon@test3"} 1 1503.39453125 0.0 1505.75390625 1503.39453125 1504.3515625 7
stats: {cpu,"os_mon@test4"} 1 42.710997442455245 0.0 42.710997442455245 1.8537074148296595 18.341391017823224 7
stats: {load,"os_mon@myserver"} 1 3.05859375 0.0 9.05859375 3.05859375 5.989955357142857 7
stats: {recvpackets,"os_mon@myserver"} 1 28295.0 0.0 28295 3515 15310.5 6
stats: {sentpackets,"os_mon@myserver"} 1 18281.0 0.0 19367 2375 10379.5 6
stats: {cpu,"os_mon@myserver"} 1 32.11079764042062 0.0 32.11079764042062 1.5170670037926675 15.83109926370486 7
stats: session 6966 13.12346681369777 21.937755011230816 1013.25 7.72607421875 11.234968536530396 23267
stats: users_count 6958 30240
stats: finish_users_count 6966 30233
stats: request 69409 1.0593890703846398 6.894634354583463 1002.09521484375 0.087158203125 0.8777833579060643 230290
stats: page 6940 11.446231158253765 21.971207079762564 1011.982177734375 6.2890625 9.451459767779212 23029
stats: connect 6945 1.5327170232631384 20.75152219096733 1000.5 0.444091796875 1.0478036757831164 23029
stats: 200 69409 299699
stats: size_rcv 28804735 124375085
stats: newphase 6 42
stats: size_sent 9061134 39156864
stats: connected 5 5
# stats: dump at 1338904167
stats: users 10 44
stats: {load,"os_mon@test2"} 1 1.01953125 0.0 1.19921875 0.9296875 1.03271484375 8
stats: {recvpackets,"os_mon@test3"} 1 31918.0 0.0 31918 3474 17059.85714285714 7
stats: {sentpackets,"os_mon@test3"} 1 20639.0 0.0 20639 2344 11438.714285714286 7
stats: {freemem,"os_mon@test2"} 1 1522.1171875 0.0 1524.30078125 1522.1015625 1522.9052734375 8
stats: {load,"os_mon@test4"} 1 0.8515625 0.0 1.01171875 0.71875 0.81640625 8
stats: {cpu,"os_mon@test3"} 1 54.0398740818468 0.0 54.0398740818468 2.0613373554550023 25.408987497776955 8
stats: {freemem,"os_mon@test4"} 1 1449.2421875 0.0 1451.90625 1449.2421875 1450.345703125 8
stats: {freemem,"os_mon@myserver"} 1 1955.1640625 0.0 1955.62890625 1951.39453125 1954.82177734375 8
stats: {recvpackets,"os_mon@test2"} 1 32016.0 0.0 32016 3540 17157.571428571428 7
stats: {sentpackets,"os_mon@test2"} 1 20693.0 0.0 20693 2393 11502.285714285714 7
stats: {load,"os_mon@test3"} 1 0.8515625 0.0 0.8515625 0.51953125 0.6376953125 8
stats: {cpu,"os_mon@test2"} 1 52.80040733197556 0.0 52.80040733197556 2.8773346794548207 24.542859782695956 8
stats: {recvpackets,"os_mon@test4"} 1 31755.0 0.0 31755 3481 17042.85714285714 7
stats: {sentpackets,"os_mon@test4"} 1 20544.0 0.0 20544 2344 11427.285714285714 7
stats: {freemem,"os_mon@test3"} 1 1503.36328125 0.0 1505.75390625 1503.36328125 1504.23193359375 8
stats: {cpu,"os_mon@test4"} 1 49.82060481804203 0.0 49.82060481804203 1.8537074148296595 21.387591820902227 8
stats: {load,"os_mon@myserver"} 1 2.8203125 0.0 9.05859375 2.8203125 5.62353515625 8
stats: {recvpackets,"os_mon@myserver"} 1 32034.0 0.0 32034 3515 17165.428571428572 7
stats: {sentpackets,"os_mon@myserver"} 1 20702.0 0.0 20702 2375 11508.285714285714 7
stats: {cpu,"os_mon@myserver"} 1 36.38006713142267 0.0 36.38006713142267 1.5170670037926675 17.866061560794332 8
stats: session 7874 15.57665299388216 30.955608366461373 1022.045166015625 7.72607421875 11.670098328438177 30233
stats: users_count 7877 38117
stats: finish_users_count 7874 38107
stats: request 78660 1.2811019047810634 9.518354182091164 1002.375 0.087158203125 0.919842460196781 299699
stats: 200 78660 378359
stats: page 7863 13.828556305789391 30.93748284152048 1020.616943359375 6.2890625 9.913394215037826 29969
stats: connect 7865 2.015700989351556 27.56567088375805 1001.2470703125 0.444091796875 1.1601584898969735 29974
stats: size_rcv 32643900 157018985
stats: newphase 6 48
stats: size_sent 10268381 49425245
stats: connected 2 7
# stats: dump at 1338904177
stats: users 14 55
stats: {load,"os_mon@test2"} 1 1.01171875 0.0 1.19921875 0.9296875 1.03125 9
stats: {recvpackets,"os_mon@test3"} 1 35950.0 0.0 35950 3474 18917.125 8
stats: {sentpackets,"os_mon@test3"} 1 23172.0 0.0 23172 2344 12588.75 8
stats: {freemem,"os_mon@test2"} 1 1521.9609375 0.0 1524.30078125 1521.9609375 1522.8177083333333 9
stats: {load,"os_mon@test4"} 1 0.87890625 0.0 1.01171875 0.71875 0.8203125 9
stats: {cpu,"os_mon@test3"} 1 59.36689154125584 0.0 59.36689154125584 2.0613373554550023 28.59019711822916 9
stats: {freemem,"os_mon@test4"} 1 1449.11328125 0.0 1451.90625 1449.11328125 1450.2230902777778 9
stats: {freemem,"os_mon@myserver"} 1 1955.203125 0.0 1955.62890625 1951.39453125 1954.8598090277778 9
stats: {recvpackets,"os_mon@test2"} 1 36206.0 0.0 36206 3540 19014.875 8
stats: {sentpackets,"os_mon@test2"} 1 23317.0 0.0 23317 2393 12651.125 8
stats: {load,"os_mon@test3"} 1 0.94140625 0.0 0.94140625 0.51953125 0.6614583333333334 9
stats: {cpu,"os_mon@test2"} 1 61.36363636363637 0.0 61.36363636363637 2.8773346794548207 27.68258728817147 9
stats: {recvpackets,"os_mon@test4"} 1 36004.0 0.0 36004 3481 18881.875 8
stats: {sentpackets,"os_mon@test4"} 1 23199.0 0.0 23199 2344 12566.875 8
stats: {freemem,"os_mon@test3"} 1 1503.2109375 0.0 1505.75390625 1503.2109375 1504.1354166666667 9
stats: {cpu,"os_mon@test4"} 1 55.34526854219949 0.0 55.34526854219949 1.8537074148296595 24.546815487251095 9
stats: {load,"os_mon@myserver"} 1 2.37890625 0.0 9.05859375 2.37890625 5.312065972222222 9
stats: {recvpackets,"os_mon@myserver"} 1 36268.0 0.0 36268 3515 19024.0 8
stats: {sentpackets,"os_mon@myserver"} 1 23358.0 0.0 23358 2375 12657.5 8
stats: {cpu,"os_mon@myserver"} 1 39.53366518208017 0.0 39.53366518208017 1.5170670037926675 19.923173290864145 9
stats: session 8428 22.665201455991173 63.80402655633708 1059.97802734375 7.72607421875 12.477304653672542 38107
stats: users_count 8432 46549
stats: finish_users_count 8428 46535
stats: 200 84187 462546
stats: request 84187 1.937247379833175 19.179920784161165 1032.77197265625 0.087158203125 0.994947500412554 378359
stats: page 8420 20.643153276239598 61.86621850013361 1045.593994140625 6.2890625 10.727121205933882 37832
stats: connect 8417 4.732236760889401 56.58968176130399 1025.69091796875 0.3291015625 1.337986703068841 37839
stats: size_rcv 34937605 191956590
stats: newphase 6 54
stats: size_sent 11002856 60428101
stats: connected -3 4
# stats: dump at 1338904187
stats: users 48 72
stats: {load,"os_mon@test2"} 1 1.08984375 0.0 1.19921875 0.9296875 1.029296875 10
stats: {recvpackets,"os_mon@test3"} 1 38072.0 0.0 38072 3474 20809.666666666668 9
stats: {sentpackets,"os_mon@test3"} 1 24583.0 0.0 24583 2344 13764.666666666666 9
stats: {freemem,"os_mon@test2"} 1 1521.58203125 0.0 1524.30078125 1521.58203125 1522.73203125 10
stats: {load,"os_mon@test4"} 1 0.96875 0.0 1.01171875 0.71875 0.826171875 10
stats: {cpu,"os_mon@test3"} 1 64.18143899895725 0.0 64.18143899895725 2.0613373554550023 31.667866560531827 10
stats: {freemem,"os_mon@test4"} 1 1448.88671875 0.0 1451.90625 1448.88671875 1450.112109375 10
stats: {freemem,"os_mon@myserver"} 1 1955.5234375 0.0 1955.62890625 1951.39453125 1954.894140625 10
stats: {recvpackets,"os_mon@test2"} 1 37883.0 0.0 37883 3540 20925.0 9
stats: {sentpackets,"os_mon@test2"} 1 24484.0 0.0 24484 2393 13836.222222222223 9
stats: {load,"os_mon@test3"} 1 0.94921875 0.0 0.94921875 0.51953125 0.689453125 10
stats: {cpu,"os_mon@test2"} 1 65.79634464751958 0.0 65.79634464751958 2.8773346794548207 31.05069219571796 10
stats: {recvpackets,"os_mon@test4"} 1 38082.0 0.0 38082 3481 20784.333333333332 9
stats: {sentpackets,"os_mon@test4"} 1 24594.0 0.0 24594 2344 13748.222222222223 9
stats: {freemem,"os_mon@test3"} 1 1502.62890625 0.0 1505.75390625 1502.62890625 1504.04296875 10
stats: {cpu,"os_mon@test4"} 1 60.547667342799194 0.0 60.547667342799194 1.8537074148296595 27.626660792745934 10
stats: {load,"os_mon@myserver"} 1 2.421875 0.0 9.05859375 2.37890625 5.01875 10
stats: {recvpackets,"os_mon@myserver"} 1 37907.0 0.0 37907 3515 20940.0 9
stats: {sentpackets,"os_mon@myserver"} 1 24501.0 0.0 24501 2375 13846.444444444445 9
stats: {cpu,"os_mon@myserver"} 1 43.25459317585302 0.0 43.25459317585302 1.5170670037926675 21.88422247998575 10
stats: session 9433 26.57457697648059 56.794780723395654 1162.669921875 7.72607421875 14.32244474714931 46535
stats: users_count 9467 56016
stats: finish_users_count 9433 55968
stats: request 94400 2.318111246399935 17.998822893424503 1032.77197265625 0.087158203125 1.16645346943787 462546
stats: page 9428 24.451913049476996 58.389923415738295 1161.02099609375 6.2890625 12.532296982807836 46252
stats: 200 94400 556946
stats: connect 9454 4.383425588912438 51.32708597444044 1025.69091796875 0.3291015625 1.9556233931560867 46256
stats: size_rcv 39176000 231132590
stats: newphase 6 60
stats: size_sent 12330914 72759015
stats: connected 26 30
# stats: dump at 1338904197
stats: users 87 348
stats: {load,"os_mon@test2"} 1 1.23046875 0.0 1.23046875 0.9296875 1.0348011363636365 11
stats: {recvpackets,"os_mon@test3"} 1 41448.0 0.0 41448 3474 22535.9 10
stats: {sentpackets,"os_mon@test3"} 1 26844.0 0.0 26844 2344 14846.5 10
stats: {freemem,"os_mon@test2"} 1 1521.18359375 0.0 1524.30078125 1521.18359375 1522.6274857954545 11
stats: {load,"os_mon@test4"} 1 0.98046875 0.0 1.01171875 0.71875 0.8391335227272727 11
stats: {cpu,"os_mon@test3"} 1 69.54022988505747 0.0 69.54022988505747 2.0613373554550023 34.623645873115954 11
stats: {freemem,"os_mon@test4"} 1 1448.5859375 0.0 1451.90625 1448.5859375 1450.0007102272727 11
stats: {freemem,"os_mon@myserver"} 1 1955.5625 0.0 1955.62890625 1951.39453125 1954.9513494318182 11
stats: {recvpackets,"os_mon@test2"} 1 41486.0 0.0 41486 3540 22620.8 10
stats: {sentpackets,"os_mon@test2"} 1 26887.0 0.0 26887 2393 14901.0 10
stats: {load,"os_mon@test3"} 1 1.109375 0.0 1.109375 0.51953125 0.7130681818181818 11
stats: {cpu,"os_mon@test2"} 1 68.4047496128033 0.0 68.4047496128033 2.8773346794548207 34.20938787315447 11
stats: {recvpackets,"os_mon@test4"} 1 41407.0 0.0 41407 3481 22514.1 10
stats: {sentpackets,"os_mon@test4"} 1 26819.0 0.0 26819 2344 14832.8 10
stats: {freemem,"os_mon@test3"} 1 1502.16015625 0.0 1505.75390625 1502.16015625 1503.9144176136363 11
stats: {cpu,"os_mon@test4"} 1 65.65656565656566 0.0 65.65656565656566 1.8537074148296595 30.6194795700235 11
stats: {load,"os_mon@myserver"} 1 2.58984375 0.0 9.05859375 2.37890625 4.782670454545454 11
stats: {recvpackets,"os_mon@myserver"} 1 41530.0 0.0 41530 3515 22636.7 10
stats: {sentpackets,"os_mon@myserver"} 1 26913.0 0.0 26913 2375 14911.9 10
stats: {cpu,"os_mon@myserver"} 1 51.19047619047619 0.0 51.19047619047619 1.5170670037926675 23.82698345233732 11
stats: session 9827 124.06067295759622 159.78352312503608 1683.266845703125 7.72607421875 16.387452668091314 55968
stats: users_count 9866 65882
stats: finish_users_count 9827 65795
stats: request 97518 11.849277252320574 39.81523074064658 1382.49609375 0.087158203125 1.3616546094859519 556946
stats: page 9708 119.56116014377635 157.782285506409 1507.443115234375 6.2890625 14.55058254811956 55680
stats: connect 9800 14.670722207828438 85.51916336811112 1069.7431640625 0.3291015625 2.367621992306698 55710
stats: 200 97518 654464
stats: size_rcv 40469970 271602560
stats: newphase 6 66
stats: size_sent 12742232 85501247
stats: connected 92 122
# stats: dump at 1338904207
stats: users 356 406
stats: {load,"os_mon@test2"} 1 1.421875 0.0 1.421875 0.9296875 1.0511067708333335 12
stats: {recvpackets,"os_mon@test3"} 1 45926.0 0.0 45926 3474 24255.18181818182 11
stats: {sentpackets,"os_mon@test3"} 1 29347.0 0.0 29347 2344 15937.181818181818 11
stats: {freemem,"os_mon@test2"} 1 1517.6875 0.0 1524.30078125 1517.6875 1522.5071614583333 12
stats: {load,"os_mon@test4"} 1 1.05859375 0.0 1.05859375 0.71875 0.8509114583333334 12
stats: {cpu,"os_mon@test3"} 1 73.9769150052466 0.0 73.9769150052466 2.0613373554550023 37.533361207444415 12
stats: {freemem,"os_mon@test4"} 1 1444.37109375 0.0 1451.90625 1444.37109375 1449.8828125 12
stats: {freemem,"os_mon@myserver"} 1 1955.71484375 0.0 1955.71484375 1951.39453125 1955.0022786458333 12
stats: {recvpackets,"os_mon@test2"} 1 45924.0 0.0 45924 3540 24335.81818181818 11
stats: {sentpackets,"os_mon@test2"} 1 29334.0 0.0 29334 2393 15990.636363636364 11
stats: {load,"os_mon@test3"} 1 1.171875 0.0 1.171875 0.51953125 0.74609375 12
stats: {cpu,"os_mon@test2"} 1 69.50207468879668 0.0 69.50207468879668 2.8773346794548207 37.05900135145854 12
stats: {recvpackets,"os_mon@test4"} 1 45964.0 0.0 45964 3481 24231.636363636364 11
stats: {sentpackets,"os_mon@test4"} 1 29368.0 0.0 29368 2344 15922.454545454546 11
stats: {freemem,"os_mon@test3"} 1 1497.625 0.0 1505.75390625 1497.625 1503.7682291666667 12
stats: {cpu,"os_mon@test4"} 1 69.1527143581938 0.0 69.1527143581938 1.8537074148296595 33.539236743902016 12
stats: {load,"os_mon@myserver"} 1 2.890625 0.0 9.05859375 2.37890625 4.599934895833333 12
stats: {recvpackets,"os_mon@myserver"} 1 4.59e4 0.0 45900 3515 24354.272727272728 11
stats: {sentpackets,"os_mon@myserver"} 1 29318.0 0.0 29318 2375 16002.90909090909 11
stats: {cpu,"os_mon@myserver"} 1 58.12614498822298 0.0 58.12614498822298 1.5170670037926675 26.107274513848893 12
stats: session 10099 181.384596982065 200.7558781430627 4073.717041015625 7.72607421875 32.4692937773696 65795
stats: users_count 10368 76250
stats: finish_users_count 10099 75894
stats: request 102929 17.346184285709107 50.49458774092416 4057.566162109375 0.087158203125 2.9243562781551935 654464
stats: page 10219 174.0857545438495 199.6154742150407 4072.294189453125 6.2890625 30.141251895685414 65388
stats: connect 10386 20.24728831367035 96.22581989868456 3008.157958984375 0.3291015625 4.208110194292853 65510
stats: 200 102929 757393
stats: size_rcv 42715535 314318095
stats: newphase 6 72
stats: size_sent 13468528 98969775
stats: connected 167 289
# stats: dump at 1338904217
stats: users 394 647
stats: {load,"os_mon@test2"} 1 1.3515625 0.0 1.421875 0.9296875 1.079627403846154 13
stats: {recvpackets,"os_mon@test3"} 1 45108.0 0.0 45926 3474 26061.083333333332 12
stats: {sentpackets,"os_mon@test3"} 1 29166.0 0.0 29347 2344 17054.666666666668 12
stats: {freemem,"os_mon@test2"} 1 1511.515625 0.0 1524.30078125 1511.515625 1522.1364182692307 13
stats: {load,"os_mon@test4"} 1 1.19921875 0.0 1.19921875 0.71875 0.8668870192307693 13
stats: {cpu,"os_mon@test3"} 1 74.55310199789696 0.0 74.55310199789696 2.0613373554550023 40.336711499583046 13
stats: {freemem,"os_mon@test4"} 1 1440.734375 0.0 1451.90625 1440.734375 1449.4588341346155 13
stats: {freemem,"os_mon@myserver"} 1 1952.89453125 0.0 1955.71484375 1951.39453125 1955.0570913461538 13
stats: {recvpackets,"os_mon@test2"} 1 45332.0 0.0 45924 3540 26134.833333333332 12
stats: {sentpackets,"os_mon@test2"} 1 29293.0 0.0 29334 2393 17102.583333333332 12
stats: {load,"os_mon@test3"} 1 1.30078125 0.0 1.30078125 0.51953125 0.7788461538461539 13
stats: {cpu,"os_mon@test2"} 1 71.61390762843799 0.0 71.61390762843799 2.8773346794548207 39.55462237740763 13
stats: {recvpackets,"os_mon@test4"} 1 45028.0 0.0 45964 3481 26042.666666666668 12
stats: {sentpackets,"os_mon@test4"} 1 29114.0 0.0 29368 2344 17042.916666666668 12
stats: {freemem,"os_mon@test3"} 1 1493.546875 0.0 1505.75390625 1493.546875 1503.295673076923 13
stats: {cpu,"os_mon@test4"} 1 70.76766649720386 0.0 70.76766649720386 1.8537074148296595 36.27873502192446 13
stats: {load,"os_mon@myserver"} 1 2.6796875 0.0 9.05859375 2.37890625 4.468449519230769 13
stats: {recvpackets,"os_mon@myserver"} 1 45776.0 0.0 45900 3515 26149.75 12
stats: {sentpackets,"os_mon@myserver"} 1 29586.0 0.0 29586 2375 17112.5 12
stats: {cpu,"os_mon@myserver"} 1 62.43536711478801 0.0 62.43536711478801 1.5170670037926675 28.570264550339207 13
stats: session 10905 437.6380255571912 278.271939725654 4516.08203125 7.72607421875 52.285032136979304 75894
stats: users_count 10943 87193
stats: finish_users_count 10905 86799
stats: request 108564 43.36908181617347 83.20132307203652 4168.0849609375 0.087158203125 4.884269209736971 757393
stats: page 10851 435.0030467742032 277.04315924239523 4514.60693359375 6.2890625 49.59671068338482 75607
stats: connect 10886 55.444611767515326 169.79480488591776 3051.08203125 0.3291015625 6.4029940346514325 75896
stats: 200 108564 865957
stats: size_rcv 45054060 359372155
stats: newphase 6 78
stats: size_sent 14186521 113156296
stats: connected 35 324
# stats: dump at 1338904227
stats: users 534 742
stats: {load,"os_mon@test2"} 1 1.44921875 0.0 1.44921875 0.9296875 1.0990513392857144 14
stats: {recvpackets,"os_mon@test3"} 1 49622.0 0.0 49622 3474 27526.23076923077 13
stats: {sentpackets,"os_mon@test3"} 1 31873.0 0.0 31873 2344 17986.30769230769 13
stats: {freemem,"os_mon@test2"} 1 1510.71875 0.0 1524.30078125 1510.71875 1521.3777901785713 14
stats: {load,"os_mon@test4"} 1 1.3203125 0.0 1.3203125 0.71875 0.890625 14
stats: {cpu,"os_mon@test3"} 1 77.27514635444386 0.0 77.27514635444386 2.0613373554550023 42.78073939231975 14
stats: {freemem,"os_mon@test4"} 1 1439.5625 0.0 1451.90625 1439.5625 1448.835658482143 14
stats: {freemem,"os_mon@myserver"} 1 1953.234375 0.0 1955.71484375 1951.39453125 1954.902622767857 14
stats: {recvpackets,"os_mon@test2"} 1 49639.0 0.0 49639 3540 27611.53846153846 13
stats: {sentpackets,"os_mon@test2"} 1 31907.0 0.0 31907 2393 18040.30769230769 13
stats: {load,"os_mon@test3"} 1 1.25 0.0 1.30078125 0.51953125 0.8161272321428571 14
stats: {cpu,"os_mon@test2"} 1 71.28152341739577 0.0 71.61390762843799 2.8773346794548207 41.844571323909804 14
stats: {recvpackets,"os_mon@test4"} 1 49592.0 0.0 49592 3481 27503.076923076922 13
stats: {sentpackets,"os_mon@test4"} 1 31850.0 0.0 31850 2344 17971.46153846154 13
stats: {freemem,"os_mon@test3"} 1 1492.75390625 0.0 1505.75390625 1492.75390625 1502.599330357143 14
stats: {cpu,"os_mon@test4"} 1 75.2 0.0 75.2 1.8537074148296595 38.74223012730157 14
stats: {load,"os_mon@myserver"} 1 2.9609375 0.0 9.05859375 2.37890625 4.340680803571429 14
stats: {recvpackets,"os_mon@myserver"} 1 50190.0 0.0 50190 3515 27659.46153846154 13
stats: {sentpackets,"os_mon@myserver"} 1 32275.0 0.0 32275 2375 18072.0 13
stats: {cpu,"os_mon@myserver"} 1 65.32884515794925 0.0 65.32884515794925 1.5170670037926675 30.989200447799835 14
stats: session 10893 462.472759460096 308.15770784503684 7260.8798828125 7.72607421875 100.6988893616871 86799
stats: users_count 11033 98226
stats: finish_users_count 10893 97692
stats: request 109426 45.45623606274889 83.63999258947767 5672.47509765625 0.087158203125 9.709064431445636 865957
stats: page 10865 454.959119017487 301.0018544639329 7258.68896484375 6.2890625 97.96752833960483 86458
stats: connect 11012 50.23027030260296 142.37994867157286 3051.08203125 0.3291015625 12.554811815296686 86782
stats: 200 109425 975382
stats: size_rcv 45411375 404783530
stats: newphase 6 84
stats: size_sent 14317097 127473393
stats: connected 146 470
# stats: dump at 1338904237
stats: users 620 1192
stats: {load,"os_mon@test2"} 1 1.37890625 0.0 1.44921875 0.9296875 1.1223958333333333 15
stats: {recvpackets,"os_mon@test3"} 1 46712.0 0.0 49622 3474 29104.5 14
stats: {sentpackets,"os_mon@test3"} 1 30368.0 0.0 31873 2344 18978.214285714286 14
stats: {freemem,"os_mon@test2"} 1 1508.67578125 0.0 1524.30078125 1508.67578125 1520.6671875 15
stats: {load,"os_mon@test4"} 1 1.3515625 0.0 1.3515625 0.71875 0.9192708333333334 15
stats: {cpu,"os_mon@test3"} 1 79.36259143155695 0.0 79.36259143155695 2.0613373554550023 45.080366523128035 15
stats: {freemem,"os_mon@test4"} 1 1436.3125 0.0 1451.90625 1436.3125 1448.2174479166667 15
stats: {freemem,"os_mon@myserver"} 1 1951.62109375 0.0 1955.71484375 1951.39453125 1954.79140625 15
stats: {recvpackets,"os_mon@test2"} 1 47095.0 0.0 49639 3540 29184.928571428572 14
stats: {sentpackets,"os_mon@test2"} 1 30616.0 0.0 31907 2393 19030.785714285714 14
stats: {load,"os_mon@test3"} 1 1.140625 0.0 1.30078125 0.51953125 0.8450520833333334 15
stats: {cpu,"os_mon@test2"} 1 72.83444387493593 0.0 72.83444387493593 2.8773346794548207 43.80703479680887 15
stats: {recvpackets,"os_mon@test4"} 1 46709.0 0.0 49592 3481 29080.85714285714 14
stats: {sentpackets,"os_mon@test4"} 1 30363.0 0.0 31850 2344 18962.785714285714 14
stats: {freemem,"os_mon@test3"} 1 1489.33203125 0.0 1505.75390625 1489.33203125 1501.94296875 15
stats: {cpu,"os_mon@test4"} 1 76.81451612903226 0.0 76.81451612903226 1.8537074148296595 41.172748118814795 15
stats: {load,"os_mon@myserver"} 1 2.80859375 0.0 9.05859375 2.37890625 4.248697916666667 15
stats: {recvpackets,"os_mon@myserver"} 1 48191.0 0.0 50190 3515 29268.785714285714 14
stats: {sentpackets,"os_mon@myserver"} 1 31315.0 0.0 32275 2375 19086.5 14
stats: {cpu,"os_mon@myserver"} 1 65.28735632183908 0.0 65.32884515794925 1.5170670037926675 33.278510095143126 15
stats: session 11225 719.4568048136489 457.05349496022535 7260.8798828125 7.72607421875 141.0379423750553 97692
stats: users_count 11311 109537
stats: finish_users_count 11225 108917
stats: request 112622 71.26419052912966 126.0247044506127 5672.47509765625 0.087158203125 13.719458300240756 975383
stats: page 11236 709.1190952560438 450.361164921732 7258.68896484375 6.2890625 137.82155701438046 97323
stats: connect 11287 82.45473000776576 195.19076223568976 3051.08203125 0.3291015625 16.797220847161796 97794
stats: 200 113348 1088730
stats: size_rcv 47039420 451822950
stats: newphase 6 90
stats: size_sent 14820261 142293654
stats: connected 72 542
# stats: dump at 1338904247
stats: users 936 1256
stats: {load,"os_mon@test2"} 1 1.3984375 0.0 1.44921875 0.9296875 1.138427734375 16
stats: {recvpackets,"os_mon@test3"} 1 47860.0 0.0 49622 3474 30278.333333333332 15
stats: {sentpackets,"os_mon@test3"} 1 31159.0 0.0 31873 2344 19737.533333333333 15
stats: {freemem,"os_mon@test2"} 1 1491.64453125 0.0 1524.30078125 1491.64453125 1519.917724609375 16
stats: {load,"os_mon@test4"} 1 1.2109375 0.0 1.3515625 0.71875 0.9462890625 16
stats: {cpu,"os_mon@test3"} 1 81.34095634095634 0.0 81.34095634095634 2.0613373554550023 47.223005579904836 16
stats: {freemem,"os_mon@test4"} 1 1428.484375 0.0 1451.90625 1428.484375 1447.473388671875 16
stats: {freemem,"os_mon@myserver"} 1 1946.296875 0.0 1955.71484375 1946.296875 1954.59326171875 16
stats: {recvpackets,"os_mon@test2"} 1 47833.0 0.0 49639 3540 30378.933333333334 15
stats: {sentpackets,"os_mon@test2"} 1 31152.0 0.0 31907 2393 19803.133333333335 15
stats: {load,"os_mon@test3"} 1 1.19921875 0.0 1.30078125 0.51953125 0.863525390625 16
stats: {cpu,"os_mon@test2"} 1 73.25642370214997 0.0 73.25642370214997 2.8773346794548207 45.62124786419181 16
stats: {recvpackets,"os_mon@test4"} 1 47856.0 0.0 49592 3481 30256.066666666666 15
stats: {sentpackets,"os_mon@test4"} 1 31152.0 0.0 31850 2344 19722.8 15
stats: {freemem,"os_mon@test3"} 1 1477.1171875 0.0 1505.75390625 1477.1171875 1501.15478515625 16
stats: {cpu,"os_mon@test4"} 1 77.66548762001011 0.0 77.66548762001011 1.8537074148296595 43.400358619453385 16
stats: {load,"os_mon@myserver"} 1 3.33984375 0.0 9.05859375 2.37890625 4.15869140625 16
stats: {recvpackets,"os_mon@myserver"} 1 48978.0 0.0 50190 3515 30530.266666666666 15
stats: {sentpackets,"os_mon@myserver"} 1 31910.0 0.0 32275 2375 19901.733333333334 15
stats: {cpu,"os_mon@myserver"} 1 65.82851395524264 0.0 65.82851395524264 1.5170670037926675 35.27906298431162 16
stats: session 11380 764.1856045205056 474.87312186430904 10305.828125 7.72607421875 200.64986458070925 108917
stats: users_count 11696 121233
stats: finish_users_count 11380 120297
stats: 200 113953 1202683
stats: request 114679 75.49217758782281 120.96159434560958 7117.968994140625 0.087158203125 19.676051177187027 1088005
stats: page 11314 761.8014299899461 478.2145073192359 10303.7900390625 6.2890625 196.9516073988104 108559
stats: connect 11617 76.92209871326101 175.34841243250972 7058.014892578125 0.3291015625 23.591037422878347 109081
stats: size_rcv 47290495 499113445
stats: newphase 6 96
stats: size_sent 14920292 157213946
stats: connected 282 824
# stats: dump at 1338904257
stats: users 1381 1382
stats: {load,"os_mon@test2"} 1 1.5 0.0 1.5 0.9296875 1.1537224264705883 17
stats: {recvpackets,"os_mon@test3"} 1 46597.0 0.0 49622 3474 31377.1875 16
stats: {sentpackets,"os_mon@test3"} 1 30423.0 0.0 31873 2344 20451.375 16
stats: {freemem,"os_mon@test2"} 1 1492.640625 0.0 1524.30078125 1491.64453125 1518.2545955882354 17
stats: {load,"os_mon@test4"} 1 1.1796875 0.0 1.3515625 0.71875 0.9618566176470589 17
stats: {cpu,"os_mon@test3"} 1 81.91268191268192 0.0 81.91268191268192 2.0613373554550023 49.22994385996669 17
stats: {freemem,"os_mon@test4"} 1 1422.9296875 0.0 1451.90625 1422.9296875 1446.356387867647 17
stats: {freemem,"os_mon@myserver"} 1 1949.87109375 0.0 1955.71484375 1946.296875 1954.1052389705883 17
stats: {recvpackets,"os_mon@test2"} 1 46316.0 0.0 49639 3540 31469.8125 16
stats: {sentpackets,"os_mon@test2"} 1 30233.0 0.0 31907 2393 20512.4375 16
stats: {load,"os_mon@test3"} 1 1.23828125 0.0 1.30078125 0.51953125 0.8832720588235294 17
stats: {cpu,"os_mon@test2"} 1 69.09848879624805 0.0 73.25642370214997 2.8773346794548207 47.246846442895226 17
stats: {recvpackets,"os_mon@test4"} 1 46618.0 0.0 49592 3481 31356.0625 16
stats: {sentpackets,"os_mon@test4"} 1 30439.0 0.0 31850 2344 20437.125 16
stats: {freemem,"os_mon@test3"} 1 1473.87109375 0.0 1505.75390625 1473.87109375 1499.7408088235295 17
stats: {cpu,"os_mon@test4"} 1 79.59493670886076 0.0 79.59493670886076 1.8537074148296595 45.41595444301555 17
stats: {load,"os_mon@myserver"} 1 3.4296875 0.0 9.05859375 2.37890625 4.110523897058823 17
stats: {recvpackets,"os_mon@myserver"} 1 48008.0 0.0 50190 3515 31683.25 16
stats: {sentpackets,"os_mon@myserver"} 1 31265.0 0.0 32275 2375 20652.25 16
stats: {cpu,"os_mon@myserver"} 1 65.51197147223637 0.0 65.82851395524264 1.5170670037926675 37.076089512013446 17
stats: session 11216 820.1256673597899 570.6954170197506 10305.828125 7.72607421875 253.9598949265606 120297
stats: users_count 11661 132894
stats: finish_users_count 11216 131513
stats: 200 114189 1316872
stats: request 114192 81.97807893970796 160.2900669820305 7121.18115234375 0.087158203125 24.998261799965164 1202684
stats: page 11373 809.5529111960963 566.1459062751386 10303.7900390625 6.2890625 250.26395373865432 119873
stats: connect 11597 93.2210862091559 224.31740410624187 7077.616943359375 0.3291015625 28.724071433469867 120698
stats: size_rcv 47388435 546501880
stats: newphase 6 102
stats: size_sent 14947406 172161352
stats: connected 221 1045
# stats: dump at 1338904267
stats: users 3008 3008
stats: {load,"os_mon@test2"} 1 1.48828125 0.0 1.5 0.9296875 1.1729600694444444 18
stats: {recvpackets,"os_mon@test3"} 1 47367.0 0.0 49622 3474 32272.470588235294 17
stats: {sentpackets,"os_mon@test3"} 1 30926.0 0.0 31873 2344 21037.941176470587 17
stats: {freemem,"os_mon@test2"} 1 1488.359375 0.0 1524.30078125 1488.359375 1516.8315972222222 18
stats: {load,"os_mon@test4"} 1 1.30859375 0.0 1.3515625 0.71875 0.9739583333333334 18
stats: {cpu,"os_mon@test3"} 1 82.5 0.0 82.5 2.0613373554550023 51.04565152956198 18
stats: {freemem,"os_mon@test4"} 1 1412.31640625 0.0 1451.90625 1412.31640625 1445.054904513889 18
stats: {freemem,"os_mon@myserver"} 1 1944.95703125 0.0 1955.71484375 1944.95703125 1953.8700086805557 18
stats: {recvpackets,"os_mon@test2"} 1 47697.0 0.0 49639 3540 32343.117647058825 17
stats: {sentpackets,"os_mon@test2"} 1 31139.0 0.0 31907 2393 21084.235294117647 17
stats: {load,"os_mon@test3"} 1 1.19921875 0.0 1.30078125 0.51953125 0.9029947916666666 18
stats: {cpu,"os_mon@test2"} 1 73.69238736406007 0.0 73.69238736406007 2.8773346794548207 48.46082657363705 18
stats: {recvpackets,"os_mon@test4"} 1 47331.0 0.0 49592 3481 32253.823529411766 17
stats: {sentpackets,"os_mon@test4"} 1 30899.0 0.0 31850 2344 21025.470588235294 17
stats: {freemem,"os_mon@test3"} 1 1467.88671875 0.0 1505.75390625 1467.88671875 1498.3036024305557 18
stats: {cpu,"os_mon@test4"} 1 81.2688821752266 0.0 81.2688821752266 1.8537074148296595 47.31478679111807 18
stats: {load,"os_mon@myserver"} 1 3.37109375 0.0 9.05859375 2.37890625 4.072699652777778 18
stats: {recvpackets,"os_mon@myserver"} 1 51572.0 0.0 51572 3515 32643.529411764706 17
stats: {sentpackets,"os_mon@myserver"} 1 33742.0 0.0 33742 2375 21276.529411764706 17
stats: {cpu,"os_mon@myserver"} 1 66.26916524701873 0.0 66.26916524701873 1.5170670037926675 38.655860732025836 18
stats: session 10946 1262.934123449946 629.6139279887597 10305.828125 7.72607421875 302.24497171449104 131513
stats: users_count 12573 145467
stats: finish_users_count 10946 142459
stats: request 115745 132.73441181778614 170.9654963593102 7121.18115234375 0.087158203125 29.939227599950513 1316876
stats: 200 115743 1432615
stats: page 10951 1238.5248087984903 620.1337329783272 10303.7900390625 6.2890625 298.7286179049031 131246
stats: connect 12428 142.29930104432893 230.0467546143326 7077.616943359375 0.3291015625 34.37788964544788 132295
stats: size_rcv 48033345 594535225
stats: newphase 6 108
stats: size_sent 15314036 187475388
stats: connected 1475 2520
# stats: dump at 1338904277
stats: users 2510 4672
stats: {load,"os_mon@test2"} 1 1.48828125 0.0 1.5 0.9296875 1.1895559210526316 19
stats: {recvpackets,"os_mon@test3"} 1 50365.0 0.0 50365 3474 33111.055555555555 18
stats: {sentpackets,"os_mon@test3"} 1 33110.0 0.0 33110 2344 21587.277777777777 18
stats: {freemem,"os_mon@test2"} 1 1439.87890625 0.0 1524.30078125 1439.87890625 1515.3330592105262 19
stats: {load,"os_mon@test4"} 1 1.41015625 0.0 1.41015625 0.71875 0.9915707236842105 19
stats: {cpu,"os_mon@test3"} 1 83.24607329842932 0.0 83.24607329842932 2.0613373554550023 52.701143554321874 19
stats: {freemem,"os_mon@test4"} 1 1369.38671875 0.0 1451.90625 1369.38671875 1443.3318256578948 19
stats: {freemem,"os_mon@myserver"} 1 1928.9140625 0.0 1955.71484375 1928.9140625 1953.4009046052631 19
stats: {recvpackets,"os_mon@test2"} 1 50372.0 0.0 50372 3540 33196.11111111111 18
stats: {sentpackets,"os_mon@test2"} 1 33128.0 0.0 33128 2393 21642.833333333332 18
stats: {load,"os_mon@test3"} 1 1.3203125 0.0 1.3203125 0.51953125 0.9185855263157895 19
stats: {cpu,"os_mon@test2"} 1 78.71235721703012 0.0 78.71235721703012 2.8773346794548207 49.788803457343526 19
stats: {recvpackets,"os_mon@test4"} 1 50296.0 0.0 50296 3481 33091.444444444445 18
stats: {sentpackets,"os_mon@test4"} 1 33079.0 0.0 33079 2344 21574.0 18
stats: {freemem,"os_mon@test3"} 1 1420.609375 0.0 1505.75390625 1420.609375 1496.7027138157894 19
stats: {cpu,"os_mon@test4"} 1 80.71065989847716 0.0 81.2688821752266 1.8537074148296595 49.101844442913254 19
stats: {load,"os_mon@myserver"} 1 3.78125 0.0 9.05859375 2.37890625 4.035773026315789 19
stats: {recvpackets,"os_mon@myserver"} 1 54927.0 0.0 54927 3515 33695.11111111111 18
stats: {sentpackets,"os_mon@myserver"} 1 35816.0 0.0 35816 2375 21969.055555555555 18
stats: {cpu,"os_mon@myserver"} 1 64.8493213710605 0.0 66.26916524701873 1.5170670037926675 40.109192548604405 19
stats: session 11280 2638.5608577430703 1569.1279830383405 12984.605224609375 7.72607421875 376.0606201108457 142459
stats: users_count 10782 156249
stats: finish_users_count 11280 153739
stats: 200 111411 1544026
stats: request 111458 262.4970996817456 480.796411492546 11415.5419921875 0.087158203125 38.2443052145418 1432621
stats: page 11314 2638.3674693169082 1557.0260079353695 12983.0 6.2890625 371.10502589153907 142197
stats: connect 11013 281.37242283445 542.1967645593973 7132.201904296875 0.3291015625 43.645575506474074 144723
stats: size_rcv 46235565 640770790
stats: newphase 6 114
stats: size_sent 14520453 201995841
stats: connected -341 2179
stats: error_abort 1 1
EndMonitor:{1338,904277,778491}
