# stats: dump at 1338907088
stats: users 0 0
# stats: dump at 1338907098
stats: users 2 8
stats: {load,"os_mon@test2"} 1 0.75 0 0.75 0.75 0 0
stats: {freemem,"os_mon@test2"} 1 1522.515625 0 1522.515625 1522.515625 0 0
stats: {load,"os_mon@test4"} 1 0.8984375 0 0.8984375 0.8984375 0 0
stats: {cpu,"os_mon@test3"} 1 1.6574585635359116 0 1.6574585635359116 1.6574585635359116 0 0
stats: {freemem,"os_mon@test4"} 1 1449.51171875 0 1449.51171875 1449.51171875 0 0
stats: {freemem,"os_mon@myserver"} 1 2431.85546875 0 2431.85546875 2431.85546875 0 0
stats: {load,"os_mon@test3"} 1 1.078125 0 1.078125 1.078125 0 0
stats: {cpu,"os_mon@test2"} 1 2.5602409638554215 0 2.5602409638554215 2.5602409638554215 0 0
stats: {freemem,"os_mon@test3"} 1 1503.26171875 0 1503.26171875 1503.26171875 0 0
stats: {cpu,"os_mon@test4"} 1 2.0 0 2.0 2.0 0 0
stats: {load,"os_mon@myserver"} 1 3.5390625 0 3.5390625 3.5390625 0 0
stats: {cpu,"os_mon@myserver"} 1 1.232394366197183 0 1.232394366197183 1.232394366197183 0 0
stats: session 511 12.759790946826076 3.7627487603558833 69.549072265625 9.4189453125 0 0
stats: users_count 513 513
stats: finish_users_count 511 511
stats: 200 5006 5006
stats: request 5006 0.9910456573205898 0.7028428214503841 19.77490234375 0.241943359375 0 0
stats: page 500 10.481722167968746 2.9707560028450737 53.64697265625 8.04296875 0 0
stats: connect 501 1.1941005683944614 0.5239327973460275 10.60107421875 0.5888671875 0 0
stats: size_rcv 595714 595714
stats: size_sent 663893 663893
stats: connected 1 1
# stats: dump at 1338907108
stats: users 4 8
stats: {load,"os_mon@test2"} 1 0.62890625 0.0 0.75 0.62890625 0.75 1
stats: {recvpackets,"os_mon@test3"} 1 3347 0 3347 3347 0 0
stats: {sentpackets,"os_mon@test3"} 1 2289 0 2289 2289 0 0
stats: {freemem,"os_mon@test2"} 1 1521.67578125 0.0 1522.515625 1521.67578125 1522.515625 1
stats: {load,"os_mon@test4"} 1 0.83984375 0.0 0.8984375 0.83984375 0.8984375 1
stats: {cpu,"os_mon@test3"} 1 7.300771208226221 0.0 7.300771208226221 1.6574585635359116 1.6574585635359116 1
stats: {freemem,"os_mon@test4"} 1 1448.421875 0.0 1449.51171875 1448.421875 1449.51171875 1
stats: {freemem,"os_mon@myserver"} 1 2430.296875 0.0 2431.85546875 2430.296875 2431.85546875 1
stats: {recvpackets,"os_mon@test2"} 1 3330 0 3330 3330 0 0
stats: {sentpackets,"os_mon@test2"} 1 2277 0 2277 2277 0 0
stats: {load,"os_mon@test3"} 1 1.05859375 0.0 1.078125 1.05859375 1.078125 1
stats: {cpu,"os_mon@test2"} 1 4.189803129732458 0.0 4.189803129732458 2.5602409638554215 2.5602409638554215 1
stats: {recvpackets,"os_mon@test4"} 1 3331 0 3331 3331 0 0
stats: {sentpackets,"os_mon@test4"} 1 2277 0 2277 2277 0 0
stats: {freemem,"os_mon@test3"} 1 1502.05078125 0.0 1503.26171875 1502.05078125 1503.26171875 1
stats: {cpu,"os_mon@test4"} 1 4.554554554554555 0.0 4.554554554554555 2.0 2.0 1
stats: {load,"os_mon@myserver"} 1 2.98828125 0.0 3.5390625 2.98828125 3.5390625 1
stats: {recvpackets,"os_mon@myserver"} 1 3388 0 3388 3388 0 0
stats: {sentpackets,"os_mon@myserver"} 1 2321 0 2321 2321 0 0
stats: {cpu,"os_mon@myserver"} 1 8.700050581689428 0.0 8.700050581689428 1.232394366197183 1.232394366197183 1
stats: session 1439 12.091784998805597 1.5243314721638785 69.549072265625 9.132080078125 12.759790946826076 511
stats: users_count 1441 1954
stats: finish_users_count 1439 1950
stats: request 14414 0.9530611447095706 0.4563240257335159 19.77490234375 0.13818359375 0.9910456573205898 5006
stats: page 1442 10.00810760201761 1.0611659190778886 53.64697265625 7.56396484375 10.481722167968746 500
stats: connect 1441 1.0358524150438067 0.23823434677227961 10.60107421875 0.507080078125 1.1941005683944614 501
stats: 200 14414 19420
stats: size_rcv 1715266 2310980
stats: newphase 6 6
stats: size_sent 1913327 2577220
stats: connected -1 0
# stats: dump at 1338907118
stats: users 3 15
stats: {load,"os_mon@test2"} 1 0.5390625 0.0 0.75 0.5390625 0.689453125 2
stats: {recvpackets,"os_mon@test3"} 1 7008.0 0.0 7008 3347 3347.0 1
stats: {sentpackets,"os_mon@test3"} 1 4753.0 0.0 4753 2289 2289.0 1
stats: {freemem,"os_mon@test2"} 1 1520.828125 0.0 1522.515625 1520.828125 1522.095703125 2
stats: {load,"os_mon@test4"} 1 0.7890625 0.0 0.8984375 0.7890625 0.869140625 2
stats: {cpu,"os_mon@test3"} 1 13.70926021727884 0.0 13.70926021727884 1.6574585635359116 4.479114885881066 2
stats: {freemem,"os_mon@test4"} 1 1448.05078125 0.0 1449.51171875 1448.05078125 1448.966796875 2
stats: {freemem,"os_mon@myserver"} 1 2429.69140625 0.0 2431.85546875 2429.69140625 2431.076171875 2
stats: {recvpackets,"os_mon@test2"} 1 7047.0 0.0 7047 3330 3330.0 1
stats: {sentpackets,"os_mon@test2"} 1 4782.0 0.0 4782 2277 2277.0 1
stats: {load,"os_mon@test3"} 1 0.96875 0.0 1.078125 0.96875 1.068359375 2
stats: {cpu,"os_mon@test2"} 1 11.481291645310097 0.0 11.481291645310097 2.5602409638554215 3.37502204679394 2
stats: {recvpackets,"os_mon@test4"} 1 6974.0 0.0 6974 3331 3331.0 1
stats: {sentpackets,"os_mon@test4"} 1 4735.0 0.0 4735 2277 2277.0 1
stats: {freemem,"os_mon@test3"} 1 1501.81640625 0.0 1503.26171875 1501.81640625 1502.65625 2
stats: {cpu,"os_mon@test4"} 1 11.486146095717883 0.0 11.486146095717883 2.0 3.2772772772772774 2
stats: {load,"os_mon@myserver"} 1 2.53125 0.0 3.5390625 2.53125 3.263671875 2
stats: {recvpackets,"os_mon@myserver"} 1 7151.0 0.0 7151 3388 3388.0 1
stats: {sentpackets,"os_mon@myserver"} 1 4847.0 0.0 4847 2321 2321.0 1
stats: {cpu,"os_mon@myserver"} 1 19.172276240339066 0.0 19.172276240339066 1.232394366197183 4.966222473943306 2
stats: session 2360 12.187583897477484 2.047880715334229 69.549072265625 8.652099609375 12.266836813902245 1950
stats: users_count 2359 4313
stats: finish_users_count 2360 4310
stats: request 23370 0.9766173872419233 0.4815889375235211 19.77490234375 0.13818359375 0.9628526210293832 19420
stats: page 2335 10.295055917090464 1.8362160456568712 53.64697265625 7.56396484375 10.130047500563215 1942
stats: connect 2338 0.9896814560053999 0.26466237869676373 10.60107421875 0.3359375 1.0766775050688728 1942
stats: 200 23370 42790
stats: size_rcv 2781030 5092010
stats: newphase 6 12
stats: size_sent 3104695 5681915
stats: connected 3 3
# stats: dump at 1338907128
stats: users 5 16
stats: {load,"os_mon@test2"} 1 0.53125 0.0 0.75 0.53125 0.6393229166666666 3
stats: {recvpackets,"os_mon@test3"} 1 10690.0 0.0 10690 3347 5177.5 2
stats: {sentpackets,"os_mon@test3"} 1 7141.0 0.0 7141 2289 3521.0 2
stats: {freemem,"os_mon@test2"} 1 1521.03125 0.0 1522.515625 1520.828125 1521.6731770833333 3
stats: {load,"os_mon@test4"} 1 0.75 0.0 0.8984375 0.75 0.8424479166666666 3
stats: {cpu,"os_mon@test3"} 1 21.417565485362093 0.0 21.417565485362093 1.6574585635359116 7.555829996346991 3
stats: {freemem,"os_mon@test4"} 1 1448.01171875 0.0 1449.51171875 1448.01171875 1448.6614583333333 3
stats: {freemem,"os_mon@myserver"} 1 2427.33984375 0.0 2431.85546875 2427.33984375 2430.6145833333335 3
stats: {recvpackets,"os_mon@test2"} 1 10738.0 0.0 10738 3330 5188.5 2
stats: {sentpackets,"os_mon@test2"} 1 7169.0 0.0 7169 2277 3529.5 2
stats: {load,"os_mon@test3"} 1 0.98046875 0.0 1.078125 0.96875 1.03515625 3
stats: {cpu,"os_mon@test2"} 1 19.34493346980553 0.0 19.34493346980553 2.5602409638554215 6.077111912965992 3
stats: {recvpackets,"os_mon@test4"} 1 10688.0 0.0 10688 3331 5152.5 2
stats: {sentpackets,"os_mon@test4"} 1 7140.0 0.0 7140 2277 3506.0 2
stats: {freemem,"os_mon@test3"} 1 1501.6953125 0.0 1503.26171875 1501.6953125 1502.3763020833333 3
stats: {cpu,"os_mon@test4"} 1 17.942219969589456 0.0 17.942219969589456 2.0 6.013566883424146 3
stats: {load,"os_mon@myserver"} 1 2.140625 0.0 3.5390625 2.140625 3.01953125 3
stats: {recvpackets,"os_mon@myserver"} 1 10834.0 0.0 10834 3388 5269.5 2
stats: {sentpackets,"os_mon@myserver"} 1 7233.0 0.0 7233 2321 3584.0 2
stats: {cpu,"os_mon@myserver"} 1 27.161112503132046 0.0 27.161112503132046 1.232394366197183 9.70157372940856 3
stats: session 3330 12.679400323174741 3.1775440675621427 69.549072265625 8.652099609375 12.223440785419081 4310
stats: users_count 3332 7645
stats: finish_users_count 3330 7640
stats: request 33231 1.0303308451869178 0.6613328647746138 24.098876953125 0.13818359375 0.9703703257825279 42790
stats: page 3324 10.890790992121707 2.9551081478038492 53.64697265625 7.56396484375 10.220132759527706 4277
stats: connect 3323 1.0100356270453978 0.7670717794095212 22.406982421875 0.3359375 1.0291548969589663 4280
stats: 200 33231 76021
stats: size_rcv 3954489 9046499
stats: newphase 6 18
stats: size_sent 4404538 10086453
stats: connected -1 2
# stats: dump at 1338907138
stats: users 14 19
stats: {load,"os_mon@test2"} 1 0.6796875 0.0 0.75 0.53125 0.6123046875 4
stats: {recvpackets,"os_mon@test3"} 1 15121.0 0.0 15121 3347 7015.0 3
stats: {sentpackets,"os_mon@test3"} 1 9998.0 0.0 9998 2289 4727.666666666667 3
stats: {freemem,"os_mon@test2"} 1 1520.91015625 0.0 1522.515625 1520.828125 1521.5126953125 4
stats: {load,"os_mon@test4"} 1 0.7109375 0.0 0.8984375 0.7109375 0.8193359375 4
stats: {cpu,"os_mon@test3"} 1 29.237071172555044 0.0 29.237071172555044 1.6574585635359116 11.021263868600766 4
stats: {freemem,"os_mon@test4"} 1 1447.6015625 0.0 1449.51171875 1447.6015625 1448.4990234375 4
stats: {freemem,"os_mon@myserver"} 1 2429.9375 0.0 2431.85546875 2427.33984375 2429.7958984375 4
stats: {recvpackets,"os_mon@test2"} 1 15113.0 0.0 15113 3330 7038.333333333333 3
stats: {sentpackets,"os_mon@test2"} 1 9994.0 0.0 9994 2277 4742.666666666667 3
stats: {load,"os_mon@test3"} 1 0.96875 0.0 1.078125 0.96875 1.021484375 4
stats: {cpu,"os_mon@test2"} 1 30.296720458094743 0.0 30.296720458094743 2.5602409638554215 9.394067302175877 4
stats: {recvpackets,"os_mon@test4"} 1 15073.0 0.0 15073 3331 6997.666666666667 3
stats: {sentpackets,"os_mon@test4"} 1 9968.0 0.0 9968 2277 4717.333333333333 3
stats: {freemem,"os_mon@test3"} 1 1501.57421875 0.0 1503.26171875 1501.57421875 1502.2060546875 4
stats: {cpu,"os_mon@test4"} 1 26.009197751660707 0.0 26.009197751660707 2.0 8.995730154965473 4
stats: {load,"os_mon@myserver"} 1 1.80859375 0.0 3.5390625 1.80859375 2.7998046875 4
stats: {recvpackets,"os_mon@myserver"} 1 15240.0 0.0 15240 3388 7124.333333333333 3
stats: {sentpackets,"os_mon@myserver"} 1 10079.0 0.0 10079 2321 4800.333333333333 3
stats: {cpu,"os_mon@myserver"} 1 36.42333922707755 0.0 36.42333922707755 1.232394366197183 14.066458422839432 4
stats: session 4444 13.128132020965758 3.574393055097911 92.2900390625 8.652099609375 12.422177076090069 7640
stats: users_count 4453 12098
stats: finish_users_count 4444 12084
stats: request 44387 1.0800316311909264 0.6447588861768766 26.25 0.13818359375 0.9965808205185518 76021
stats: page 4438 11.43641957596328 3.3885501004425436 90.179931640625 7.56396484375 10.513418901501455 7601
stats: connect 4440 0.9790543289871909 0.5031840972812365 22.406982421875 0.3359375 1.0207985463180629 7603
stats: 200 44387 120408
stats: size_rcv 5282053 14328552
stats: newphase 6 24
stats: size_sent 5893247 15979700
stats: connected 2 4
# stats: dump at 1338907148
stats: users 8 23
stats: {load,"os_mon@test2"} 1 0.578125 0.0 0.75 0.53125 0.62578125 5
stats: {recvpackets,"os_mon@test3"} 1 19199.0 0.0 19199 3347 9041.5 4
stats: {sentpackets,"os_mon@test3"} 1 12608.0 0.0 12608 2289 6045.25 4
stats: {freemem,"os_mon@test2"} 1 1520.92578125 0.0 1522.515625 1520.828125 1521.3921875 5
stats: {load,"os_mon@test4"} 1 0.6796875 0.0 0.8984375 0.6796875 0.79765625 5
stats: {cpu,"os_mon@test3"} 1 36.84210526315789 0.0 36.84210526315789 1.6574585635359116 14.664425329391623 5
stats: {freemem,"os_mon@test4"} 1 1447.48046875 0.0 1449.51171875 1447.48046875 1448.31953125 5
stats: {freemem,"os_mon@myserver"} 1 2429.84375 0.0 2431.85546875 2427.33984375 2429.82421875 5
stats: {recvpackets,"os_mon@test2"} 1 19218.0 0.0 19218 3330 9057.0 4
stats: {sentpackets,"os_mon@test2"} 1 12613.0 0.0 12613 2277 6055.5 4
stats: {load,"os_mon@test3"} 1 0.8984375 0.0 1.078125 0.8984375 1.0109375 5
stats: {cpu,"os_mon@test2"} 1 35.08230452674897 0.0 35.08230452674897 2.5602409638554215 13.57459793335965 5
stats: {recvpackets,"os_mon@test4"} 1 19191.0 0.0 19191 3331 9016.5 4
stats: {sentpackets,"os_mon@test4"} 1 12596.0 0.0 12596 2277 6030.0 4
stats: {freemem,"os_mon@test3"} 1 1501.2109375 0.0 1503.26171875 1501.2109375 1502.0796875 5
stats: {cpu,"os_mon@test4"} 1 33.13008130081301 0.0 33.13008130081301 2.0 12.39842367430452 5
stats: {load,"os_mon@myserver"} 1 1.62109375 0.0 3.5390625 1.62109375 2.6015625 5
stats: {recvpackets,"os_mon@myserver"} 1 19218.0 0.0 19218 3388 9153.25 4
stats: {sentpackets,"os_mon@myserver"} 1 12615.0 0.0 12615 2321 6120.0 4
stats: {cpu,"os_mon@myserver"} 1 44.08246373122932 0.0 44.08246373122932 1.232394366197183 18.537834583687054 5
stats: session 5241 14.209393977845952 14.662051518414021 1010.7900390625 8.652099609375 12.681798374917241 12084
stats: users_count 5235 17333
stats: finish_users_count 5241 17325
stats: request 51995 1.1846679405772038 4.53545956573096 1001.075927734375 0.13818359375 1.027343985202914 120408
stats: page 5199 12.540027416630577 14.698949753458718 1009.410888671875 7.56396484375 10.853669503151224 12039
stats: connect 5200 1.1919179124098565 13.859207763490057 999.946044921875 0.3359375 1.0054083341658524 12043
stats: 200 51995 172403
stats: size_rcv 6187405 20515957
stats: newphase 6 30
stats: size_sent 6902457 22882157
stats: connected 1 5
# stats: dump at 1338907158
stats: users 14 28
stats: {load,"os_mon@test2"} 1 0.80078125 0.0 0.80078125 0.53125 0.6178385416666666 6
stats: {recvpackets,"os_mon@test3"} 1 22487.0 0.0 22487 3347 11073.0 5
stats: {sentpackets,"os_mon@test3"} 1 14734.0 0.0 14734 2289 7357.8 5
stats: {freemem,"os_mon@test2"} 1 1520.546875 0.0 1522.515625 1520.546875 1521.314453125 6
stats: {load,"os_mon@test4"} 1 0.73828125 0.0 0.8984375 0.6796875 0.7779947916666666 6
stats: {cpu,"os_mon@test3"} 1 41.287284144427 0.0 41.287284144427 1.6574585635359116 18.360705318352668 6
stats: {freemem,"os_mon@test4"} 1 1447.25390625 0.0 1449.51171875 1447.25390625 1448.1796875 6
stats: {freemem,"os_mon@myserver"} 1 2429.9765625 0.0 2431.85546875 2427.33984375 2429.8274739583335 6
stats: {recvpackets,"os_mon@test2"} 1 22518.0 0.0 22518 3330 11089.2 5
stats: {sentpackets,"os_mon@test2"} 1 14759.0 0.0 14759 2277 7367.0 5
stats: {load,"os_mon@test3"} 1 0.9296875 0.0 1.078125 0.8984375 0.9921875 6
stats: {cpu,"os_mon@test2"} 1 41.74757281553398 0.0 41.74757281553398 2.5602409638554215 17.159215698924537 6
stats: {recvpackets,"os_mon@test4"} 1 22459.0 0.0 22459 3331 11051.4 5
stats: {sentpackets,"os_mon@test4"} 1 14726.0 0.0 14726 2277 7343.2 5
stats: {freemem,"os_mon@test3"} 1 1500.96875 0.0 1503.26171875 1500.96875 1501.9348958333333 6
stats: {cpu,"os_mon@test4"} 1 38.809766022380465 0.0 38.809766022380465 2.0 15.853699945389272 6
stats: {load,"os_mon@myserver"} 1 1.671875 0.0 3.5390625 1.62109375 2.4381510416666665 6
stats: {recvpackets,"os_mon@myserver"} 1 22621.0 0.0 22621 3388 11166.2 5
stats: {sentpackets,"os_mon@myserver"} 1 14822.0 0.0 14822 2321 7419.0 5
stats: {cpu,"os_mon@myserver"} 1 50.92898956477475 0.0 50.92898956477475 1.232394366197183 22.7952727749441 6
stats: session 6166 15.890542405555673 19.797569757463414 1010.7900390625 8.652099609375 13.143912577223121 17325
stats: users_count 6172 23505
stats: finish_users_count 6166 23491
stats: request 60732 1.345571089189745 6.074071140691199 1001.075927734375 0.13818359375 1.074791297950872 172403
stats: page 6073 14.229655242723931 19.848294621762253 1009.410888671875 7.56396484375 11.362276928152914 17238
stats: connect 6072 1.3819385473278998 18.047092369186704 999.946044921875 0.3359375 1.0616543358400867 17243
stats: 200 60732 233135
stats: size_rcv 7227108 27743065
stats: newphase 6 36
stats: size_sent 8051484 30933641
stats: connected -1 4
# stats: dump at 1338907168
stats: users 22 44
stats: {load,"os_mon@test2"} 1 0.828125 0.0 0.828125 0.53125 0.6439732142857143 7
stats: {recvpackets,"os_mon@test3"} 1 26226.0 0.0 26226 3347 12975.333333333334 6
stats: {sentpackets,"os_mon@test3"} 1 17172.0 0.0 17172 2289 8587.166666666666 6
stats: {freemem,"os_mon@test2"} 1 1520.34375 0.0 1522.515625 1520.34375 1521.204799107143 7
stats: {load,"os_mon@test4"} 1 0.78125 0.0 0.8984375 0.6796875 0.7723214285714286 7
stats: {cpu,"os_mon@test3"} 1 47.338204592901874 0.0 47.338204592901874 1.6574585635359116 21.635930864934714 7
stats: {freemem,"os_mon@test4"} 1 1446.8828125 0.0 1449.51171875 1446.8828125 1448.0474330357142 7
stats: {freemem,"os_mon@myserver"} 1 2429.7265625 0.0 2431.85546875 2427.33984375 2429.8487723214284 7
stats: {recvpackets,"os_mon@test2"} 1 26235.0 0.0 26235 3330 12994.0 6
stats: {sentpackets,"os_mon@test2"} 1 17179.0 0.0 17179 2277 8599.0 6
stats: {load,"os_mon@test3"} 1 1.08984375 0.0 1.08984375 0.8984375 0.9832589285714286 7
stats: {cpu,"os_mon@test2"} 1 50.4601226993865 0.0 50.4601226993865 2.5602409638554215 20.671838144154457 7
stats: {recvpackets,"os_mon@test4"} 1 26189.0 0.0 26189 3331 12952.666666666666 6
stats: {sentpackets,"os_mon@test4"} 1 17142.0 0.0 17142 2277 8573.666666666666 6
stats: {freemem,"os_mon@test3"} 1 1500.84765625 0.0 1503.26171875 1500.84765625 1501.796875 7
stats: {cpu,"os_mon@test4"} 1 46.28140703517588 0.0 46.28140703517588 2.0 19.133137956388016 7
stats: {load,"os_mon@myserver"} 1 1.71875 0.0 3.5390625 1.62109375 2.3286830357142856 7
stats: {recvpackets,"os_mon@myserver"} 1 26395.0 0.0 26395 3388 13075.333333333334 6
stats: {sentpackets,"os_mon@myserver"} 1 17278.0 0.0 17278 2321 8652.833333333334 6
stats: {cpu,"os_mon@myserver"} 1 58.28049708343901 0.0 58.28049708343901 1.232394366197183 26.814375173491335 7
stats: session 7011 22.144569311004577 51.88693147501793 1059.81103515625 8.652099609375 13.864857599635897 23491
stats: users_count 7019 30524
stats: finish_users_count 7011 30502
stats: request 69941 1.9343175185156039 15.901735913625815 1017.406005859375 0.116943359375 1.145329819758062 233135
stats: page 6992 20.22134930154539 51.56357946413143 1057.85302734375 7.56396484375 12.109288575203225 23311
stats: connect 7000 3.1593677455357163 44.644109744439916 1005.221923828125 0.3359375 1.1450669771505735 23315
stats: 200 69941 303076
stats: size_rcv 8322979 36066044
stats: newphase 6 42
stats: size_sent 9270404 40204045
stats: connected 8 12
# stats: dump at 1338907178
stats: users 30 63
stats: {load,"os_mon@test2"} 1 0.69921875 0.0 0.828125 0.53125 0.6669921875 8
stats: {recvpackets,"os_mon@test3"} 1 29893.0 0.0 29893 3347 14868.285714285714 7
stats: {sentpackets,"os_mon@test3"} 1 19560.0 0.0 19560 2289 9813.57142857143 7
stats: {freemem,"os_mon@test2"} 1 1519.609375 0.0 1522.515625 1519.609375 1521.09716796875 8
stats: {load,"os_mon@test4"} 1 0.73828125 0.0 0.8984375 0.6796875 0.7734375 8
stats: {cpu,"os_mon@test3"} 1 53.68421052631579 0.0 53.68421052631579 1.6574585635359116 24.84871508093061 8
stats: {freemem,"os_mon@test4"} 1 1446.51171875 0.0 1449.51171875 1446.51171875 1447.90185546875 8
stats: {freemem,"os_mon@myserver"} 1 2428.20703125 0.0 2431.85546875 2427.33984375 2429.83349609375 8
stats: {recvpackets,"os_mon@test2"} 1 29852.0 0.0 29852 3330 14885.57142857143 7
stats: {sentpackets,"os_mon@test2"} 1 19534.0 0.0 19534 2277 9824.714285714286 7
stats: {load,"os_mon@test3"} 1 1.078125 0.0 1.08984375 0.8984375 0.99658203125 8
stats: {cpu,"os_mon@test2"} 1 56.685307574987284 0.0 56.685307574987284 2.5602409638554215 24.395373713558463 8
stats: {recvpackets,"os_mon@test4"} 1 29795.0 0.0 29795 3331 14843.57142857143 7
stats: {sentpackets,"os_mon@test4"} 1 19498.0 0.0 19498 2277 9797.714285714286 7
stats: {freemem,"os_mon@test3"} 1 1500.37109375 0.0 1503.26171875 1500.37109375 1501.67822265625 8
stats: {cpu,"os_mon@test4"} 1 52.38095238095239 0.0 52.38095238095239 2.0 22.526671591236497 8
stats: {load,"os_mon@myserver"} 1 1.8515625 0.0 3.5390625 1.62109375 2.25244140625 8
stats: {recvpackets,"os_mon@myserver"} 1 30001.0 0.0 30001 3388 14978.142857142857 7
stats: {sentpackets,"os_mon@myserver"} 1 19642.0 0.0 19642 2321 9885.0 7
stats: {cpu,"os_mon@myserver"} 1 64.45461479786422 0.0 64.45461479786422 1.232394366197183 30.747640412234794 8
stats: session 7692 27.718891748833993 53.62487217415537 1059.81103515625 8.652099609375 15.767980634466593 30502
stats: users_count 7700 38224
stats: finish_users_count 7692 38194
stats: request 76058 2.4790070327188767 16.238543144069336 1017.406005859375 0.116943359375 1.3274049053431998 303076
stats: page 7600 25.75396844161182 53.54988263665357 1057.85302734375 7.56396484375 13.981034890702826 30303
stats: connect 7612 2.8104509442841024 39.63989658678416 1011.464111328125 0.3359375 1.61018673234424 30315
stats: 200 76058 379134
stats: size_rcv 9050902 45116946
stats: newphase 6 48
stats: size_sent 10082879 50286924
stats: connected 12 24
# stats: dump at 1338907188
stats: users 32 146
stats: {load,"os_mon@test2"} 1 0.75 0.0 0.828125 0.53125 0.6705729166666666 9
stats: {recvpackets,"os_mon@test3"} 1 32626.0 0.0 32626 3347 16746.375 8
stats: {sentpackets,"os_mon@test3"} 1 21407.0 0.0 21407 2289 11031.875 8
stats: {freemem,"os_mon@test2"} 1 1519.78515625 0.0 1522.515625 1519.609375 1520.931857638889 9
stats: {load,"os_mon@test4"} 1 0.76953125 0.0 0.8984375 0.6796875 0.76953125 9
stats: {cpu,"os_mon@test3"} 1 57.0757180156658 0.0 57.0757180156658 1.6574585635359116 28.05265901930674 9
stats: {freemem,"os_mon@test4"} 1 1446.23828125 0.0 1449.51171875 1446.23828125 1447.7473958333333 9
stats: {freemem,"os_mon@myserver"} 1 2426.76171875 0.0 2431.85546875 2426.76171875 2429.652777777778 9
stats: {recvpackets,"os_mon@test2"} 1 32626.0 0.0 32626 3330 16756.375 8
stats: {sentpackets,"os_mon@test2"} 1 2.14e4 0.0 21400 2277 11038.375 8
stats: {load,"os_mon@test3"} 1 1.0 0.0 1.08984375 0.8984375 1.0056423611111112 9
stats: {cpu,"os_mon@test2"} 1 59.969167523124355 0.0 59.969167523124355 2.5602409638554215 27.98314414260611 9
stats: {recvpackets,"os_mon@test4"} 1 32561.0 0.0 32561 3331 16712.5 8
stats: {sentpackets,"os_mon@test4"} 1 21364.0 0.0 21364 2277 11010.25 8
stats: {freemem,"os_mon@test3"} 1 1500.12109375 0.0 1503.26171875 1500.12109375 1501.532986111111 9
stats: {cpu,"os_mon@test4"} 1 57.19369598373157 0.0 57.19369598373157 2.0 25.84381390120493 9
stats: {load,"os_mon@myserver"} 1 1.94140625 0.0 3.5390625 1.62109375 2.2078993055555554 9
stats: {recvpackets,"os_mon@myserver"} 1 32727.0 0.0 32727 3388 16856.0 8
stats: {sentpackets,"os_mon@myserver"} 1 21466.0 0.0 21466 2321 11104.625 8
stats: {cpu,"os_mon@myserver"} 1 68.38514025777104 0.0 68.38514025777104 1.232394366197183 34.49285978841584 9
stats: session 8778 54.5761079612205 91.23412377273509 1302.633056640625 8.652099609375 18.17480914919964 38194
stats: users_count 8780 47004
stats: finish_users_count 8778 46972
stats: request 87684 5.171864235805184 26.706353029210476 1210.825927734375 0.116943359375 1.5584275902090763 379134
stats: page 8762 52.78820026173928 91.1617474803631 1300.864990234375 7.56396484375 16.341647374857335 37903
stats: connect 8773 4.336207799542985 55.33513346072965 1011.464111328125 0.3359375 1.8510813768266992 37927
stats: 200 87684 466818
stats: size_rcv 10434396 55551342
stats: newphase 6 54
stats: size_sent 11636635 61923559
stats: connected 11 35
# stats: dump at 1338907198
stats: users 1506 1568
stats: {load,"os_mon@test2"} 1 0.7890625 0.0 0.828125 0.53125 0.678515625 10
stats: {recvpackets,"os_mon@test3"} 1 36686.0 0.0 36686 3347 18510.777777777777 9
stats: {sentpackets,"os_mon@test3"} 1 24035.0 0.0 24035 2289 12184.666666666666 9
stats: {freemem,"os_mon@test2"} 1 1518.55859375 0.0 1522.515625 1518.55859375 1520.8171875 10
stats: {load,"os_mon@test4"} 1 1.0390625 0.0 1.0390625 0.6796875 0.76953125 10
stats: {cpu,"os_mon@test3"} 1 62.09463051568315 0.0 62.09463051568315 1.6574585635359116 30.954964918942647 10
stats: {freemem,"os_mon@test4"} 1 1444.76953125 0.0 1449.51171875 1444.76953125 1447.596484375 10
stats: {freemem,"os_mon@myserver"} 1 2424.38671875 0.0 2431.85546875 2424.38671875 2429.363671875 10
stats: {recvpackets,"os_mon@test2"} 1 36673.0 0.0 36673 3330 18519.666666666668 9
stats: {sentpackets,"os_mon@test2"} 1 24028.0 0.0 24028 2277 12189.666666666666 9
stats: {load,"os_mon@test3"} 1 1.0 0.0 1.08984375 0.8984375 1.005078125 10
stats: {cpu,"os_mon@test2"} 1 63.898916967509024 0.0 63.898916967509024 2.5602409638554215 31.18174648065793 10
stats: {recvpackets,"os_mon@test4"} 1 36605.0 0.0 36605 3331 18473.444444444445 9
stats: {sentpackets,"os_mon@test4"} 1 23982.0 0.0 23982 2277 12160.666666666666 9
stats: {freemem,"os_mon@test3"} 1 1499.203125 0.0 1503.26171875 1499.203125 1501.391796875 10
stats: {cpu,"os_mon@test4"} 1 61.946001018848705 0.0 61.946001018848705 2.0 28.978802109457593 10
stats: {load,"os_mon@myserver"} 1 2.109375 0.0 3.5390625 1.62109375 2.18125 10
stats: {recvpackets,"os_mon@myserver"} 1 36673.0 0.0 36673 3388 18619.444444444445 9
stats: {sentpackets,"os_mon@myserver"} 1 24026.0 0.0 24026 2321 12255.888888888889 9
stats: {cpu,"os_mon@myserver"} 1 74.21383647798741 0.0 74.21383647798741 1.232394366197183 37.88208783535136 10
stats: session 8204 533.9535510557444 484.72304596869526 4263.0888671875 8.652099609375 24.977385172616124 46972
stats: users_count 9678 56682
stats: finish_users_count 8204 55176
stats: request 85567 55.730755169491644 110.85504037815197 3113.789794921875 0.116943359375 2.237151587211011 466818
stats: page 8145 481.74114583333375 460.1820950523891 4261.26611328125 7.56396484375 23.18499241707012 46665
stats: connect 9151 53.8316325572341 229.83909801069694 3015.34619140625 0.3359375 2.3179339272868695 46700
stats: 200 85567 552385
stats: size_rcv 10182473 65733815
stats: newphase 6 60
stats: size_sent 11477732 73401291
stats: connected 1006 1041
# stats: dump at 1338907208
stats: users 3215 3215
stats: {load,"os_mon@test2"} 1 0.890625 0.0 0.890625 0.53125 0.6885653409090909 11
stats: {recvpackets,"os_mon@test3"} 1 38454.0 0.0 38454 3347 20328.3 10
stats: {sentpackets,"os_mon@test3"} 1 24821.0 0.0 24821 2289 13369.7 10
stats: {freemem,"os_mon@test2"} 1 1499.59765625 0.0 1522.515625 1499.59765625 1520.6118607954545 11
stats: {load,"os_mon@test4"} 1 1.03125 0.0 1.0390625 0.6796875 0.7940340909090909 11
stats: {cpu,"os_mon@test3"} 1 66.82718031032637 0.0 66.82718031032637 1.6574585635359116 33.78584360955542 11
stats: {freemem,"os_mon@test4"} 1 1426.2578125 0.0 1449.51171875 1426.2578125 1447.3394886363637 11
stats: {freemem,"os_mon@myserver"} 1 2390.62109375 0.0 2431.85546875 2390.62109375 2428.911221590909 11
stats: {recvpackets,"os_mon@test2"} 1 38434.0 0.0 38434 3330 20335.0 10
stats: {sentpackets,"os_mon@test2"} 1 24810.0 0.0 24810 2277 13373.5 10
stats: {load,"os_mon@test3"} 1 1.0 0.0 1.08984375 0.8984375 1.0046164772727273 11
stats: {cpu,"os_mon@test2"} 1 66.45994832041343 0.0 66.45994832041343 2.5602409638554215 34.156034706735305 11
stats: {recvpackets,"os_mon@test4"} 1 38492.0 0.0 38492 3331 20286.6 10
stats: {sentpackets,"os_mon@test4"} 1 24858.0 0.0 24858 2277 13342.8 10
stats: {freemem,"os_mon@test3"} 1 1480.5 0.0 1503.26171875 1480.5 1501.1928267045455 11
stats: {cpu,"os_mon@test4"} 1 63.612969634585696 0.0 63.612969634585696 2.0 31.975820192129515 11
stats: {load,"os_mon@myserver"} 1 2.23828125 0.0 3.5390625 1.62109375 2.174715909090909 11
stats: {recvpackets,"os_mon@myserver"} 1 38561.0 0.0 38561 3388 20424.8 10
stats: {sentpackets,"os_mon@myserver"} 1 24850.0 0.0 24850 2321 13432.9 10
stats: {cpu,"os_mon@myserver"} 1 76.47206213981458 0.0 76.47206213981458 1.232394366197183 41.18497407559101 11
stats: session 8493 1652.524926030535 1472.777248878004 10200.2109375 8.652099609375 100.6559494923418 55176
stats: users_count 10202 66884
stats: finish_users_count 8493 63669
stats: request 83392 164.99010702324995 477.26807645917114 9107.324951171875 0.116943359375 10.52355903441723 552385
stats: page 8597 1630.4267659912257 1436.7196628044092 10198.1708984375 7.56396484375 91.3283945257267 54810
stats: connect 8036 668.401808560697 1267.5320336133657 8615.73193359375 0.3359375 10.758281569453475 55851
stats: 200 83392 635777
stats: size_rcv 9923648 75657463
stats: newphase 6 66
stats: size_sent 10979629 84380920
stats: connected -561 480
# stats: dump at 1338907218
stats: users 2587 4345
stats: {load,"os_mon@test2"} 1 0.8984375 0.0 0.8984375 0.53125 0.7054036458333334 12
stats: {recvpackets,"os_mon@test3"} 1 40407.0 0.0 40407 3347 21976.090909090908 11
stats: {sentpackets,"os_mon@test3"} 1 26192.0 0.0 26192 2289 14410.727272727272 11
stats: {freemem,"os_mon@test2"} 1 1489.1796875 0.0 1522.515625 1489.1796875 1518.8606770833333 12
stats: {load,"os_mon@test4"} 1 1.1015625 0.0 1.1015625 0.6796875 0.8138020833333334 12
stats: {cpu,"os_mon@test3"} 1 67.69394261424017 0.0 67.69394261424017 1.6574585635359116 36.53928833461966 12
stats: {freemem,"os_mon@test4"} 1 1416.97265625 0.0 1449.51171875 1416.97265625 1445.5826822916667 12
stats: {freemem,"os_mon@myserver"} 1 2390.203125 0.0 2431.85546875 2390.203125 2425.7203776041665 12
stats: {recvpackets,"os_mon@test2"} 1 40399.0 0.0 40399 3330 21980.363636363636 11
stats: {sentpackets,"os_mon@test2"} 1 26189.0 0.0 26189 2277 14413.181818181818 11
stats: {load,"os_mon@test3"} 1 1.16015625 0.0 1.16015625 0.8984375 1.0042317708333333 12
stats: {cpu,"os_mon@test2"} 1 66.99790794979079 0.0 66.99790794979079 2.5602409638554215 36.84802750787515 12
stats: {recvpackets,"os_mon@test4"} 1 40396.0 0.0 40396 3331 21941.636363636364 11
stats: {sentpackets,"os_mon@test4"} 1 26175.0 0.0 26175 2277 14389.636363636364 11
stats: {freemem,"os_mon@test3"} 1 1467.71484375 0.0 1503.26171875 1467.71484375 1499.4684244791667 12
stats: {cpu,"os_mon@test4"} 1 65.98569969356485 0.0 65.98569969356485 2.0 34.61224931233419 12
stats: {load,"os_mon@myserver"} 1 2.359375 0.0 3.5390625 1.62109375 2.1800130208333335 12
stats: {recvpackets,"os_mon@myserver"} 1 40733.0 0.0 40733 3388 22073.545454545456 11
stats: {sentpackets,"os_mon@myserver"} 1 26428.0 0.0 26428 2321 14470.818181818182 11
stats: {cpu,"os_mon@myserver"} 1 79.5020120724346 0.0 79.5020120724346 1.232394366197183 44.125564747609644 12
stats: session 8240 3108.4405101294637 3552.9736558510426 20064.412841796875 8.652099609375 307.66443427675614 63669
stats: users_count 7612 74496
stats: finish_users_count 8240 71909
stats: request 83019 316.1116447235057 1330.5985506196648 18333.155029296875 0.116943359375 30.784239068273028 635777
stats: page 8245 3063.608617497821 3466.0015723406536 20062.908935546875 7.56396484375 300.00612252876886 63407
stats: connect 8372 2203.1131969439116 3592.7654523503898 18262.680908203125 0.3359375 93.47970193512462 63887
stats: 200 83019 718796
stats: size_rcv 9879261 85536724
stats: newphase 6 72
stats: size_sent 11028486 95409406
stats: connected 127 607
# stats: dump at 1338907228
stats: users 3705 4768
stats: {load,"os_mon@test2"} 1 1.0703125 0.0 1.0703125 0.53125 0.7202524038461539 13
stats: {recvpackets,"os_mon@test3"} 1 33089.0 0.0 40407 3347 23512.0 12
stats: {sentpackets,"os_mon@test3"} 1 21856.0 0.0 26192 2289 15392.5 12
stats: {freemem,"os_mon@test2"} 1 1485.0390625 0.0 1522.515625 1485.0390625 1516.5775240384614 13
stats: {load,"os_mon@test4"} 1 0.9296875 0.0 1.1015625 0.6796875 0.8359375 13
stats: {cpu,"os_mon@test3"} 1 71.43605870020964 0.0 71.43605870020964 1.6574585635359116 38.93580020228278 13
stats: {freemem,"os_mon@test4"} 1 1411.390625 0.0 1449.51171875 1411.390625 1443.3819110576924 13
stats: {freemem,"os_mon@myserver"} 1 2389.125 0.0 2431.85546875 2389.125 2422.98828125 13
stats: {recvpackets,"os_mon@test2"} 1 33054.0 0.0 40399 3330 23515.25 12
stats: {sentpackets,"os_mon@test2"} 1 21824.0 0.0 26189 2277 15394.5 12
stats: {load,"os_mon@test3"} 1 1.19921875 0.0 1.19921875 0.8984375 1.0162259615384615 13
stats: {cpu,"os_mon@test2"} 1 54.638646847770374 0.0 66.99790794979079 2.5602409638554215 39.1672490803302 13
stats: {recvpackets,"os_mon@test4"} 1 32982.0 0.0 40396 3331 23479.5 12
stats: {sentpackets,"os_mon@test4"} 1 21774.0 0.0 26175 2277 15371.75 12
stats: {freemem,"os_mon@test3"} 1 1439.640625 0.0 1503.26171875 1439.640625 1497.0258413461538 13
stats: {cpu,"os_mon@test4"} 1 59.97931747673216 0.0 65.98569969356485 2.0 37.02559164935194 13
stats: {load,"os_mon@myserver"} 1 2.4609375 0.0 3.5390625 1.62109375 2.1938100961538463 13
stats: {recvpackets,"os_mon@myserver"} 1 34713.0 0.0 40733 3388 23628.5 12
stats: {sentpackets,"os_mon@myserver"} 1 22937.0 0.0 26428 2321 15467.25 12
stats: {cpu,"os_mon@myserver"} 1 78.90951276102088 0.0 79.5020120724346 1.232394366197183 46.84682992644233 13
stats: session 8461 2470.3561980555546 3569.8937894654923 32291.8349609375 8.652099609375 628.6033273920311 71909
stats: users_count 9579 84075
stats: finish_users_count 8461 80370
stats: request 84821 245.69488679020154 1201.2414264874608 31312.8759765625 0.116943359375 63.73878512875717 718796
stats: 200 84821 803617
stats: page 8445 2445.777349763175 3581.2048426511083 32289.762939453125 7.56396484375 618.0140297891362 71652
stats: connect 8494 1591.9435594243007 3428.930639122328 31080.0869140625 0.3359375 337.90394832953314 72259
stats: size_rcv 10093699 95630423
stats: newphase 4 76
stats: size_sent 11253906 106663312
stats: connected 49 656
# stats: dump at 1338907238
stats: users 4216 4768
stats: {load,"os_mon@test2"} 1 1.12890625 0.0 1.12890625 0.53125 0.7452566964285714 14
stats: {recvpackets,"os_mon@test3"} 1 37897.0 0.0 40407 3347 24248.69230769231 13
stats: {sentpackets,"os_mon@test3"} 1 24982.0 0.0 26192 2289 15889.692307692309 13
stats: {freemem,"os_mon@test2"} 1 1459.55078125 0.0 1522.515625 1459.55078125 1514.3247767857142 14
stats: {load,"os_mon@test4"} 1 1.1015625 0.0 1.1015625 0.6796875 0.8426339285714286 14
stats: {cpu,"os_mon@test3"} 1 73.315649867374 0.0 73.315649867374 1.6574585635359116 41.25724723784898 14
stats: {freemem,"os_mon@test4"} 1 1407.41796875 0.0 1449.51171875 1407.41796875 1441.0968191964287 14
stats: {freemem,"os_mon@myserver"} 1 2381.92578125 0.0 2431.85546875 2381.92578125 2420.5694754464284 14
stats: {recvpackets,"os_mon@test2"} 1 37829.0 0.0 40399 3330 24249.0 13
stats: {sentpackets,"os_mon@test2"} 1 24941.0 0.0 26189 2277 15889.076923076924 13
stats: {load,"os_mon@test3"} 1 1.171875 0.0 1.19921875 0.8984375 1.0292968749999998 14
stats: {cpu,"os_mon@test2"} 1 69.46645536185947 0.0 69.46645536185947 2.5602409638554215 40.272348920861646 14
stats: {recvpackets,"os_mon@test4"} 1 37876.0 0.0 40396 3331 24210.46153846154 13
stats: {sentpackets,"os_mon@test4"} 1 24986.0 0.0 26175 2277 15864.23076923077 13
stats: {freemem,"os_mon@test3"} 1 1429.23046875 0.0 1503.26171875 1429.23046875 1492.9268973214287 14
stats: {cpu,"os_mon@test4"} 1 58.41784989858012 0.0 65.98569969356485 2.0 38.66514349416481 14
stats: {load,"os_mon@myserver"} 1 2.5390625 0.0 3.5390625 1.62109375 2.212890625 14
stats: {recvpackets,"os_mon@myserver"} 1 40345.0 0.0 40733 3388 24481.153846153848 13
stats: {sentpackets,"os_mon@myserver"} 1 26579.0 0.0 26579 2321 16041.846153846154 13
stats: {cpu,"os_mon@myserver"} 1 78.18808468734613 0.0 79.5020120724346 1.232394366197183 49.137021557483656 14
stats: session 8079 4060.5181849258074 6555.710970701503 39133.64892578125 8.652099609375 822.4949665445018 80370
stats: users_count 8590 92665
stats: finish_users_count 8079 88449
stats: request 81021 403.36597983241546 2263.3724989341436 35917.552001953125 0.116943359375 82.94407632969664 803617
stats: page 8152 4088.836505983481 6528.8026148009585 39132.052001953125 7.56396484375 810.72363485775 80097
stats: connect 8090 2989.3542990176393 6567.682369101716 32242.52001953125 0.3359375 469.81003796879054 80753
stats: 200 81021 884638
stats: size_rcv 9641499 105271922
stats: newphase 6 82
stats: size_sent 10741800 117405112
stats: connected -62 594
# stats: dump at 1338907248
stats: users 3648 4980
stats: {load,"os_mon@test2"} 1 1.26953125 0.0 1.26953125 0.53125 0.7708333333333334 15
stats: {recvpackets,"os_mon@test3"} 1 37226.0 0.0 40407 3347 25223.571428571428 14
stats: {sentpackets,"os_mon@test3"} 1 24968.0 0.0 26192 2289 16539.14285714286 14
stats: {freemem,"os_mon@test2"} 1 1452.76953125 0.0 1522.515625 1452.76953125 1510.6731770833333 15
stats: {load,"os_mon@test4"} 1 1.078125 0.0 1.1015625 0.6796875 0.8598958333333333 15
stats: {cpu,"os_mon@test3"} 1 77.27272727272727 0.0 77.27272727272727 1.6574585635359116 43.394474079817314 15
stats: {freemem,"os_mon@test4"} 1 1407.80859375 0.0 1449.51171875 1407.41796875 1438.8515625 15
stats: {freemem,"os_mon@myserver"} 1 2382.40234375 0.0 2431.85546875 2381.92578125 2417.993229166667 15
stats: {recvpackets,"os_mon@test2"} 1 37173.0 0.0 40399 3330 25219.0 14
stats: {sentpackets,"os_mon@test2"} 1 24932.0 0.0 26189 2277 16535.64285714286 14
stats: {load,"os_mon@test3"} 1 1.30078125 0.0 1.30078125 0.8984375 1.0388020833333331 15
stats: {cpu,"os_mon@test2"} 1 61.64171399070728 0.0 69.46645536185947 2.5602409638554215 42.21862268359484 15
stats: {recvpackets,"os_mon@test4"} 1 37165.0 0.0 40396 3331 25186.571428571428 14
stats: {sentpackets,"os_mon@test4"} 1 24913.0 0.0 26175 2277 16515.785714285714 14
stats: {freemem,"os_mon@test3"} 1 1401.8203125 0.0 1503.26171875 1401.8203125 1488.68046875 15
stats: {cpu,"os_mon@test4"} 1 58.90342052313883 0.0 65.98569969356485 2.0 39.9819905877925 15
stats: {load,"os_mon@myserver"} 1 2.609375 0.0 3.5390625 1.62109375 2.234635416666667 15
stats: {recvpackets,"os_mon@myserver"} 1 35021.0 0.0 40733 3388 25614.285714285714 14
stats: {sentpackets,"os_mon@myserver"} 1 2.36e4 0.0 26579 2321 16794.5 14
stats: {cpu,"os_mon@myserver"} 1 79.07094168139359 0.0 79.5020120724346 1.232394366197183 51.073759099474486 15
stats: session 8179 3419.9971433248493 4985.942274570146 39133.64892578125 8.652099609375 1118.2585091657024 88449
stats: users_count 7611 100276
stats: finish_users_count 8179 96628
stats: request 83377 334.8322407681416 1707.2868223604212 36740.06201171875 0.116943359375 112.29043387220983 884638
stats: page 8169 3429.381294518527 5010.46563154919 39132.052001953125 7.56396484375 1113.5392602519978 88249
stats: connect 8411 2355.74228714746 4678.365202300495 34834.489013671875 0.3359375 699.2385024722988 88843
stats: 200 83377 968015
stats: size_rcv 9921863 115193785
stats: newphase 6 88
stats: size_sent 11095481 128500593
stats: connected 242 836
# stats: dump at 1338907258
stats: users 4025 4980
stats: {load,"os_mon@test2"} 1 1.21875 0.0 1.26953125 0.53125 0.802001953125 16
stats: {recvpackets,"os_mon@test3"} 1 33344.0 0.0 40407 3347 26023.733333333334 15
stats: {sentpackets,"os_mon@test3"} 1 22447.0 0.0 26192 2289 17101.06666666667 15
stats: {freemem,"os_mon@test2"} 1 1428.640625 0.0 1522.515625 1428.640625 1507.05419921875 16
stats: {load,"os_mon@test4"} 1 0.98828125 0.0 1.1015625 0.6796875 0.87353515625 16
stats: {cpu,"os_mon@test3"} 1 67.96267496111975 0.0 77.27272727272727 1.6574585635359116 45.511864904374185 16
stats: {freemem,"os_mon@test4"} 1 1410.06640625 0.0 1449.51171875 1407.41796875 1436.911376953125 16
stats: {freemem,"os_mon@myserver"} 1 2382.65625 0.0 2431.85546875 2381.92578125 2415.768798828125 16
stats: {recvpackets,"os_mon@test2"} 1 33298.0 0.0 40399 3330 26015.933333333334 15
stats: {sentpackets,"os_mon@test2"} 1 22430.0 0.0 26189 2277 17095.4 15
stats: {load,"os_mon@test3"} 1 1.26171875 0.0 1.30078125 0.8984375 1.0551757812499998 16
stats: {cpu,"os_mon@test2"} 1 61.510605276771855 0.0 69.46645536185947 2.5602409638554215 43.43256589028937 16
stats: {recvpackets,"os_mon@test4"} 1 33235.0 0.0 40396 3331 25985.133333333335 15
stats: {sentpackets,"os_mon@test4"} 1 22386.0 0.0 26175 2277 17075.6 15
stats: {freemem,"os_mon@test3"} 1 1372.7109375 0.0 1503.26171875 1372.7109375 1483.251708984375 16
stats: {cpu,"os_mon@test4"} 1 58.78447395301328 0.0 65.98569969356485 2.0 41.164579958751645 16
stats: {load,"os_mon@myserver"} 1 2.671875 0.0 3.5390625 1.62109375 2.258056640625 16
stats: {recvpackets,"os_mon@myserver"} 1 34604.0 0.0 40733 3388 26241.4 15
stats: {sentpackets,"os_mon@myserver"} 1 23237.0 0.0 26579 2321 17248.2 15
stats: {cpu,"os_mon@myserver"} 1 77.77219009303495 0.0 79.5020120724346 1.232394366197183 52.82358301084443 16
stats: session 8481 3038.47603748683 5659.39292931477 39133.64892578125 8.652099609375 1313.087340237314 96628
stats: users_count 8858 109134
stats: finish_users_count 8481 105109
stats: request 85449 304.1584140512524 1888.2571868541509 36740.06201171875 0.116943359375 131.45838915550823 968015
stats: page 8614 3018.5534193235185 5643.160063012076 39132.052001953125 7.56396484375 1309.7486151226992 96418
stats: connect 8540 2168.364569249029 5557.902275127001 34834.489013671875 0.3359375 842.5010246606179 97254
stats: 200 85449 1053464
stats: size_rcv 10168431 125362216
stats: newphase 5 93
stats: size_sent 11328689 139829282
stats: connected -74 762
stats: error_connect_etimedout 1 1
# stats: dump at 1338907268
stats: users 4293 5819
stats: {load,"os_mon@test2"} 1 1.19140625 0.0 1.26953125 0.53125 0.8265165441176471 17
stats: {recvpackets,"os_mon@test3"} 1 36653.0 0.0 40407 3347 26481.25 16
stats: {sentpackets,"os_mon@test3"} 1 24416.0 0.0 26192 2289 17435.1875 16
stats: {freemem,"os_mon@test2"} 1 1425.7734375 0.0 1522.515625 1425.7734375 1502.4416360294117 17
stats: {load,"os_mon@test4"} 1 1.0703125 0.0 1.1015625 0.6796875 0.8802849264705882 17
stats: {cpu,"os_mon@test3"} 1 62.40913811007269 0.0 77.27272727272727 1.6574585635359116 46.832500790065104 17
stats: {freemem,"os_mon@test4"} 1 1364.71875 0.0 1449.51171875 1364.71875 1435.3322610294117 17
stats: {freemem,"os_mon@myserver"} 1 2381.65625 0.0 2431.85546875 2381.65625 2413.821001838235 17
stats: {recvpackets,"os_mon@test2"} 1 36635.0 0.0 40399 3330 26471.0625 16
stats: {sentpackets,"os_mon@test2"} 1 24393.0 0.0 26189 2277 17428.8125 16
stats: {load,"os_mon@test3"} 1 1.37109375 0.0 1.37109375 0.8984375 1.0673253676470587 17
stats: {cpu,"os_mon@test2"} 1 57.27554179566563 0.0 69.46645536185947 2.5602409638554215 44.49597997184716 17
stats: {recvpackets,"os_mon@test4"} 1 3.66e4 0.0 40396 3331 26438.25 16
stats: {sentpackets,"os_mon@test4"} 1 24367.0 0.0 26175 2277 17407.5 16
stats: {freemem,"os_mon@test3"} 1 1373.69921875 0.0 1503.26171875 1372.7109375 1476.7493106617646 17
stats: {cpu,"os_mon@test4"} 1 77.9471544715447 0.0 77.9471544715447 2.0 42.20104431135527 17
stats: {load,"os_mon@myserver"} 1 2.80078125 0.0 3.5390625 1.62109375 2.2823988970588234 17
stats: {recvpackets,"os_mon@myserver"} 1 40146.0 0.0 40733 3388 26764.0625 16
stats: {sentpackets,"os_mon@myserver"} 1 26753.0 0.0 26753 2321 17622.5 16
stats: {cpu,"os_mon@myserver"} 1 80.50202839756592 0.0 80.50202839756592 1.232394366197183 54.291148133326224 17
stats: session 8213 3021.552547724692 4706.4770313625995 58616.52294921875 8.652099609375 1452.304929039159 105109
stats: users_count 8481 117615
stats: finish_users_count 8213 113322
stats: request 82186 317.81165171634 1657.426434811278 36740.06201171875 0.116943359375 145.46650374444192 1053464
stats: page 8154 2978.1403004672293 4660.914123909508 58614.9248046875 7.56396484375 1449.892995724667 105032
stats: connect 8257 2270.0118161460546 4771.94605961451 34834.489013671875 0.3359375 949.5285940008927 105794
stats: 200 82186 1135650
stats: size_rcv 9780134 135142350
stats: newphase 6 99
stats: size_sent 10916526 150745808
stats: connected 103 865
stats: error_connect_etimedout 198 199
# stats: dump at 1338907278
stats: users 5235 5857
stats: {load,"os_mon@test2"} 1 1.30859375 0.0 1.30859375 0.53125 0.8467881944444444 18
stats: {recvpackets,"os_mon@test3"} 1 35766.0 0.0 40407 3347 27079.58823529412 17
stats: {sentpackets,"os_mon@test3"} 1 24202.0 0.0 26192 2289 17845.823529411766 17
stats: {freemem,"os_mon@test2"} 1 1397.453125 0.0 1522.515625 1397.453125 1498.1822916666667 18
stats: {load,"os_mon@test4"} 1 1.2890625 0.0 1.2890625 0.6796875 0.8908420138888888 18
stats: {cpu,"os_mon@test3"} 1 63.38684619368203 0.0 77.27272727272727 1.6574585635359116 47.697869530065525 18
stats: {freemem,"os_mon@test4"} 1 1356.08203125 0.0 1449.51171875 1356.08203125 1431.4092881944443 18
stats: {freemem,"os_mon@myserver"} 1 2381.3359375 0.0 2431.85546875 2381.3359375 2412.0340711805557 18
stats: {recvpackets,"os_mon@test2"} 1 35758.0 0.0 40399 3330 27068.941176470587 17
stats: {sentpackets,"os_mon@test2"} 1 24196.0 0.0 26189 2277 17838.470588235294 17
stats: {load,"os_mon@test3"} 1 1.30859375 0.0 1.37109375 0.8984375 1.0842013888888886 18
stats: {cpu,"os_mon@test2"} 1 69.93260756868844 0.0 69.93260756868844 2.5602409638554215 45.20595562872597 18
stats: {recvpackets,"os_mon@test4"} 1 35737.0 0.0 40396 3331 27036.0 17
stats: {sentpackets,"os_mon@test4"} 1 24165.0 0.0 26175 2277 17816.882352941175 17
stats: {freemem,"os_mon@test3"} 1 1344.5234375 0.0 1503.26171875 1344.5234375 1471.0243055555557 18
stats: {cpu,"os_mon@test4"} 1 62.0831195484864 0.0 77.9471544715447 2.0 44.18693932025469 18
stats: {load,"os_mon@myserver"} 1 2.91015625 0.0 3.5390625 1.62109375 2.3111979166666665 18
stats: {recvpackets,"os_mon@myserver"} 1 35364.0 0.0 40733 3388 27551.235294117647 17
stats: {sentpackets,"os_mon@myserver"} 1 23921.0 0.0 26753 2321 18159.58823529412 17
stats: {cpu,"os_mon@myserver"} 1 78.26086956521739 0.0 80.50202839756592 1.232394366197183 55.74730814800621 18
stats: session 8227 3549.2510909320126 8354.636245007849 78136.84106445313 8.652099609375 1566.03598472353 113322
stats: users_count 9169 126784
stats: finish_users_count 8227 121549
stats: request 81658 279.067933311372 1356.5122002315961 36740.06201171875 0.116943359375 157.9389717858441 1135650
stats: page 8118 2837.360927028241 3925.1921954499135 58614.9248046875 7.56396484375 1559.9890192865107 113186
stats: connect 8258 1708.0371154652123 3909.0636055428467 34834.489013671875 0.3359375 1045.1281938750944 114051
stats: 200 81658 1217308
stats: size_rcv 9717302 144859652
stats: newphase 6 105
stats: size_sent 10848595 161594403
stats: connected 140 1005
stats: error_connect_etimedout 338 537
# stats: dump at 1338907288
stats: users 4771 6357
stats: {load,"os_mon@test2"} 1 1.3984375 0.0 1.3984375 0.53125 0.87109375 19
stats: {recvpackets,"os_mon@test3"} 1 34430.0 0.0 40407 3347 27562.166666666668 18
stats: {sentpackets,"os_mon@test3"} 1 23450.0 0.0 26192 2289 18198.944444444445 18
stats: {freemem,"os_mon@test2"} 1 1368.671875 0.0 1522.515625 1368.671875 1492.8807565789473 19
stats: {load,"os_mon@test4"} 1 1.23828125 0.0 1.2890625 0.6796875 0.9118009868421053 19
stats: {cpu,"os_mon@test3"} 1 69.6906135291033 0.0 77.27272727272727 1.6574585635359116 48.523605143940074 19
stats: {freemem,"os_mon@test4"} 1 1352.94921875 0.0 1449.51171875 1352.94921875 1427.4446957236842 19
stats: {freemem,"os_mon@myserver"} 1 2379.31640625 0.0 2431.85546875 2379.31640625 2410.4183799342104 19
stats: {recvpackets,"os_mon@test2"} 1 34451.0 0.0 40399 3330 27551.666666666668 18
stats: {sentpackets,"os_mon@test2"} 1 23460.0 0.0 26189 2277 18191.666666666668 18
stats: {load,"os_mon@test3"} 1 1.19140625 0.0 1.37109375 0.8984375 1.0960115131578945 19
stats: {cpu,"os_mon@test2"} 1 72.25373904074264 0.0 72.25373904074264 2.5602409638554215 46.507358362408205 19
stats: {recvpackets,"os_mon@test4"} 1 34710.0 0.0 40396 3331 27519.38888888889 18
stats: {sentpackets,"os_mon@test4"} 1 23649.0 0.0 26175 2277 18169.555555555555 18
stats: {freemem,"os_mon@test3"} 1 1320.30078125 0.0 1503.26171875 1320.30078125 1464.366365131579 19
stats: {cpu,"os_mon@test4"} 1 58.436853002070386 0.0 77.9471544715447 2.0 45.1288435427932 19
stats: {load,"os_mon@myserver"} 1 3.0 0.0 3.5390625 1.62109375 2.342722039473684 19
stats: {recvpackets,"os_mon@myserver"} 1 32692.0 0.0 40733 3388 27985.277777777777 18
stats: {sentpackets,"os_mon@myserver"} 1 22397.0 0.0 26753 2321 18479.666666666668 18
stats: {cpu,"os_mon@myserver"} 1 77.99344592891354 0.0 80.50202839756592 1.232394366197183 56.932232433122586 19
stats: session 8110 6530.833075515623 15228.024601472905 88776.95190429688 8.652099609375 1700.2691802148724 121549
stats: users_count 7646 134430
stats: finish_users_count 8110 129659
stats: request 80932 358.45130419878427 2005.9579042660741 36740.06201171875 0.116943359375 166.0643999767798 1217308
stats: page 8127 3598.826100077771 5974.914996331059 58614.9248046875 7.56396484375 1645.474288915273 121304
stats: connect 8019 2454.6868109626307 5853.286041794774 34834.489013671875 0.3359375 1089.8861583298049 122309
stats: 200 80932 1298240
stats: size_rcv 9630908 154490560
stats: newphase 6 111
stats: size_sent 10720781 172315184
stats: connected -108 897
stats: error_connect_etimedout 424 961
stats: error_abort 1 1
EndMonitor:{1338,907288,917189}
