# stats: dump at 1339067279
stats: users 0 0
# stats: dump at 1339067289
stats: users 2 7
stats: {load,"os_mon@test2"} 1 0.640625 0 0.640625 0.640625 0 0
stats: {freemem,"os_mon@test2"} 1 1545.9140625 0 1545.9140625 1545.9140625 0 0
stats: {cpu,"os_mon@test3"} 1 2.1728145528044465 0 2.1728145528044465 2.1728145528044465 0 0
stats: {load,"os_mon@test4"} 1 0.71875 0 0.71875 0.71875 0 0
stats: {freemem,"os_mon@test4"} 1 1549.21484375 0 1549.21484375 1549.21484375 0 0
stats: {freemem,"os_mon@myserver"} 1 2327.7578125 0 2327.7578125 2327.7578125 0 0
stats: {load,"os_mon@test3"} 1 0.94140625 0 0.94140625 0.94140625 0 0
stats: {cpu,"os_mon@test2"} 1 3.415369161225515 0 3.415369161225515 3.415369161225515 0 0
stats: {freemem,"os_mon@test3"} 1 1397.08984375 0 1397.08984375 1397.08984375 0 0
stats: {cpu,"os_mon@test4"} 1 2.3547094188376754 0 2.3547094188376754 2.3547094188376754 0 0
stats: {load,"os_mon@myserver"} 1 5.5390625 0 5.5390625 5.5390625 0 0
stats: {cpu,"os_mon@myserver"} 1 2.686417273412001 0 2.686417273412001 2.686417273412001 0 0
stats: session 873 12.601089599889036 1.993486903896911 29.01611328125 9.431884765625 0 0
stats: users_count 875 875
stats: finish_users_count 873 873
stats: request 8660 0.9765578765516746 0.5179102870008514 8.682861328125 0.206787109375 0 0
stats: page 866 10.259445366628166 1.4675552971705703 24.223876953125 8.22705078125 0 0
stats: connect 866 1.1049421279590073 0.32424394844473925 7.343994140625 0.35595703125 0 0
stats: 200 8660 8660
stats: size_rcv 935280 935280
stats: size_sent 1147500 1147500
stats: connected 0 0
# stats: dump at 1339067299
stats: users 1 13
stats: {load,"os_mon@test2"} 1 0.5390625 0.0 0.640625 0.5390625 0.640625 1
stats: {recvpackets,"os_mon@test3"} 1 4849 0 4849 4849 0 0
stats: {sentpackets,"os_mon@test3"} 1 3290 0 3290 3290 0 0
stats: {freemem,"os_mon@test2"} 1 1545.75 0.0 1545.9140625 1545.75 1545.9140625 1
stats: {cpu,"os_mon@test3"} 1 7.20164609053498 0.0 7.20164609053498 2.1728145528044465 2.1728145528044465 1
stats: {load,"os_mon@test4"} 1 0.609375 0.0 0.71875 0.609375 0.71875 1
stats: {freemem,"os_mon@test4"} 1 1548.73046875 0.0 1549.21484375 1548.73046875 1549.21484375 1
stats: {freemem,"os_mon@myserver"} 1 2326.16015625 0.0 2327.7578125 2326.16015625 2327.7578125 1
stats: {recvpackets,"os_mon@test2"} 1 4873 0 4873 4873 0 0
stats: {sentpackets,"os_mon@test2"} 1 3305 0 3305 3305 0 0
stats: {load,"os_mon@test3"} 1 0.7890625 0.0 0.94140625 0.7890625 0.94140625 1
stats: {cpu,"os_mon@test2"} 1 9.8419173890872 0.0 9.8419173890872 3.415369161225515 3.415369161225515 1
stats: {freemem,"os_mon@test3"} 1 1396.796875 0.0 1397.08984375 1396.796875 1397.08984375 1
stats: {recvpackets,"os_mon@test4"} 1 4854 0 4854 4854 0 0
stats: {sentpackets,"os_mon@test4"} 1 3295 0 3295 3295 0 0
stats: {cpu,"os_mon@test4"} 1 6.435137895812053 0.0 6.435137895812053 2.3547094188376754 2.3547094188376754 1
stats: {load,"os_mon@myserver"} 1 4.6796875 0.0 5.5390625 4.6796875 5.5390625 1
stats: {recvpackets,"os_mon@myserver"} 1 5013 0 5013 5013 0 0
stats: {sentpackets,"os_mon@myserver"} 1 3396 0 3396 3396 0 0
stats: {cpu,"os_mon@myserver"} 1 15.153035624686403 0.0 15.153035624686403 2.686417273412001 2.686417273412001 1
stats: session 1936 12.364223133433955 1.7503441687469317 29.01611328125 9.215087890625 12.601089599889036 873
stats: users_count 1935 2810
stats: finish_users_count 1936 2809
stats: request 19250 0.988001369724026 0.4886897414659496 8.682861328125 0.206787109375 0.9765578765516746 8660
stats: page 1925 10.373828759131479 1.3968066687205956 24.471923828125 7.748046875 10.259445366628166 866
stats: connect 1925 1.0134170809659062 0.2576869331441022 7.343994140625 0.35595703125 1.1049421279590073 866
stats: 200 19250 27910
stats: size_rcv 2079000 3014280
stats: newphase 6 6
stats: size_sent 2558390 3705890
stats: connected 0 0
# stats: dump at 1339067309
stats: users 6 17
stats: {load,"os_mon@test2"} 1 0.4609375 0.0 0.640625 0.4609375 0.58984375 2
stats: {recvpackets,"os_mon@test3"} 1 8831.0 0.0 8831 4849 4849.0 1
stats: {sentpackets,"os_mon@test3"} 1 5919.0 0.0 5919 3290 3290.0 1
stats: {freemem,"os_mon@test2"} 1 1545.609375 0.0 1545.9140625 1545.609375 1545.83203125 2
stats: {cpu,"os_mon@test3"} 1 14.824380165289256 0.0 14.824380165289256 2.1728145528044465 4.687230321669713 2
stats: {load,"os_mon@test4"} 1 0.671875 0.0 0.71875 0.609375 0.6640625 2
stats: {freemem,"os_mon@test4"} 1 1548.49609375 0.0 1549.21484375 1548.49609375 1548.97265625 2
stats: {freemem,"os_mon@myserver"} 1 2321.8984375 0.0 2327.7578125 2321.8984375 2326.958984375 2
stats: {recvpackets,"os_mon@test2"} 1 8863.0 0.0 8863 4873 4873.0 1
stats: {sentpackets,"os_mon@test2"} 1 5942.0 0.0 5942 3305 3305.0 1
stats: {load,"os_mon@test3"} 1 0.671875 0.0 0.94140625 0.671875 0.865234375 2
stats: {cpu,"os_mon@test2"} 1 18.83248730964467 0.0 18.83248730964467 3.415369161225515 6.6286432751563575 2
stats: {freemem,"os_mon@test3"} 1 1396.68359375 0.0 1397.08984375 1396.68359375 1396.943359375 2
stats: {recvpackets,"os_mon@test4"} 1 8852.0 0.0 8852 4854 4854.0 1
stats: {sentpackets,"os_mon@test4"} 1 5933.0 0.0 5933 3295 3295.0 1
stats: {cpu,"os_mon@test4"} 1 13.563692625064466 0.0 13.563692625064466 2.3547094188376754 4.394923657324864 2
stats: {load,"os_mon@myserver"} 1 3.9609375 0.0 5.5390625 3.9609375 5.109375 2
stats: {recvpackets,"os_mon@myserver"} 1 9020.0 0.0 9020 5013 5013.0 1
stats: {sentpackets,"os_mon@myserver"} 1 6044.0 0.0 6044 3396 3396.0 1
stats: {cpu,"os_mon@myserver"} 1 26.659984966173887 0.0 26.659984966173887 2.686417273412001 8.919726449049202 2
stats: session 2838 12.685748691034604 2.1698312538047464 30.217041015625 9.215087890625 12.437838094350752 2809
stats: users_count 2843 5653
stats: finish_users_count 2838 5647
stats: request 28000 1.0321258021763384 0.5370052866771615 12.8681640625 0.199951171875 0.9844506477293085 27910
stats: page 2800 10.868113490513398 2.027058845847522 28.112060546875 7.748046875 10.33833753093088 2791
stats: connect 2800 0.9779752894810262 0.3530949793746387 11.47802734375 0.35595703125 1.0418157519426263 2791
stats: 200 28000 55910
stats: size_rcv 3024000 6038280
stats: newphase 6 12
stats: size_sent 3714400 7420290
stats: connected 0 0
# stats: dump at 1339067319
stats: users 6 18
stats: {load,"os_mon@test2"} 1 0.4609375 0.0 0.640625 0.4609375 0.546875 3
stats: {recvpackets,"os_mon@test3"} 1 12763.0 0.0 12763 4849 6840.0 2
stats: {sentpackets,"os_mon@test3"} 1 8460.0 0.0 8460 3290 4604.5 2
stats: {freemem,"os_mon@test2"} 1 1545.58203125 0.0 1545.9140625 1545.58203125 1545.7578125 3
stats: {cpu,"os_mon@test3"} 1 21.189979123173277 0.0 21.189979123173277 2.1728145528044465 8.066280269542894 3
stats: {load,"os_mon@test4"} 1 0.71875 0.0 0.71875 0.609375 0.6666666666666666 3
stats: {freemem,"os_mon@test4"} 1 1548.1328125 0.0 1549.21484375 1548.1328125 1548.8138020833333 3
stats: {freemem,"os_mon@myserver"} 1 2321.71875 0.0 2327.7578125 2321.71875 2325.2721354166665 3
stats: {recvpackets,"os_mon@test2"} 1 12751.0 0.0 12751 4873 6868.0 2
stats: {sentpackets,"os_mon@test2"} 1 8452.0 0.0 8452 3305 4623.5 2
stats: {load,"os_mon@test3"} 1 0.640625 0.0 0.94140625 0.640625 0.80078125 3
stats: {cpu,"os_mon@test2"} 1 26.936531734132934 0.0 26.936531734132934 3.415369161225515 10.696591286652462 3
stats: {freemem,"os_mon@test3"} 1 1396.578125 0.0 1397.08984375 1396.578125 1396.8567708333333 3
stats: {recvpackets,"os_mon@test4"} 1 12753.0 0.0 12753 4854 6853.0 2
stats: {sentpackets,"os_mon@test4"} 1 8452.0 0.0 8452 3295 4614.0 2
stats: {cpu,"os_mon@test4"} 1 20.86144265697976 0.0 20.86144265697976 2.3547094188376754 7.451179979904732 3
stats: {load,"os_mon@myserver"} 1 3.6484375 0.0 5.5390625 3.6484375 4.7265625 3
stats: {recvpackets,"os_mon@myserver"} 1 12821.0 0.0 12821 5013 7016.5 2
stats: {sentpackets,"os_mon@myserver"} 1 8503.0 0.0 8503 3396 4720.0 2
stats: {cpu,"os_mon@myserver"} 1 37.134207870837535 0.0 37.134207870837535 2.686417273412001 14.833145954757432 3
stats: session 3784 13.134067785412261 2.620096735016685 34.67822265625 8.740966796875 12.562429961428629 5647
stats: users_count 3784 9437
stats: finish_users_count 3784 9431
stats: request 37891 1.0819978740416594 0.5613110900119479 12.8681640625 0.0859375 1.0083265970141742 55910
stats: page 3786 11.406965978172057 2.523720887596411 32.85205078125 7.637939453125 10.603651908829477 5591
stats: connect 3791 0.9588502940764311 0.26427745011194814 11.47802734375 0.35595703125 1.009844137760462 5591
stats: 200 37891 93801
stats: size_rcv 4092228 10130508
stats: newphase 6 18
stats: size_sent 5029045 12449335
stats: connected 5 5
# stats: dump at 1339067329
stats: users 4 20
stats: {load,"os_mon@test2"} 1 0.62109375 0.0 0.640625 0.4609375 0.525390625 4
stats: {recvpackets,"os_mon@test3"} 1 16661.0 0.0 16661 4849 8814.333333333334 3
stats: {sentpackets,"os_mon@test3"} 1 10996.0 0.0 10996 3290 5889.666666666667 3
stats: {freemem,"os_mon@test2"} 1 1545.80859375 0.0 1545.9140625 1545.58203125 1545.7138671875 4
stats: {cpu,"os_mon@test3"} 1 27.939646201873046 0.0 27.939646201873046 2.1728145528044465 11.34720498295049 4
stats: {load,"os_mon@test4"} 1 0.609375 0.0 0.71875 0.609375 0.6796875 4
stats: {freemem,"os_mon@test4"} 1 1548.51171875 0.0 1549.21484375 1548.1328125 1548.6435546875 4
stats: {freemem,"os_mon@myserver"} 1 2322.87109375 0.0 2327.7578125 2321.71875 2324.3837890625 4
stats: {recvpackets,"os_mon@test2"} 1 16689.0 0.0 16689 4873 8829.0 3
stats: {sentpackets,"os_mon@test2"} 1 11015.0 0.0 11015 3305 5899.666666666667 3
stats: {load,"os_mon@test3"} 1 0.62109375 0.0 0.94140625 0.62109375 0.7607421875 4
stats: {cpu,"os_mon@test2"} 1 33.501513622603426 0.0 33.501513622603426 3.415369161225515 14.75657639852258 4
stats: {freemem,"os_mon@test3"} 1 1396.5703125 0.0 1397.08984375 1396.5703125 1396.787109375 4
stats: {recvpackets,"os_mon@test4"} 1 16660.0 0.0 16660 4854 8819.666666666666 3
stats: {sentpackets,"os_mon@test4"} 1 10996.0 0.0 10996 3295 5893.333333333333 3
stats: {cpu,"os_mon@test4"} 1 29.119170984455963 0.0 29.119170984455963 2.3547094188376754 10.80374564917349 4
stats: {load,"os_mon@myserver"} 1 3.48046875 0.0 5.5390625 3.48046875 4.45703125 4
stats: {recvpackets,"os_mon@myserver"} 1 16777.0 0.0 16777 5013 8951.333333333334 3
stats: {sentpackets,"os_mon@myserver"} 1 11063.0 0.0 11063 3396 5981.0 3
stats: {cpu,"os_mon@myserver"} 1 47.64090793165009 0.0 47.64090793165009 2.686417273412001 20.40841143377746 4
stats: session 4607 14.312747691183267 16.816006090347983 1010.1708984375 8.740966796875 12.791788197665939 9431
stats: users_count 4605 14042
stats: finish_users_count 4607 14038
stats: request 45896 1.1765535569718757 2.463681063455887 211.54296875 0.0859375 1.038086176953071 93801
stats: page 4592 12.419972808518905 8.204467074269981 223.51220703125 7.637939453125 10.927993069811773 9377
stats: connect 4590 0.9822142224945534 0.3179450184697146 11.47802734375 0.35595703125 0.9892389724006068 9382
stats: 200 45896 139697
stats: size_rcv 4956768 15087276
stats: newphase 6 24
stats: size_sent 6091330 18540665
stats: connected -2 3
# stats: dump at 1339067339
stats: users 8 31
stats: {load,"os_mon@test2"} 1 0.6796875 0.0 0.6796875 0.4609375 0.54453125 5
stats: {recvpackets,"os_mon@test3"} 1 19935.0 0.0 19935 4849 10776.0 4
stats: {sentpackets,"os_mon@test3"} 1 13084.0 0.0 13084 3290 7166.25 4
stats: {freemem,"os_mon@test2"} 1 1546.2265625 0.0 1546.2265625 1545.58203125 1545.7328125 5
stats: {cpu,"os_mon@test3"} 1 34.67153284671533 0.0 34.67153284671533 2.1728145528044465 14.665693226735002 5
stats: {load,"os_mon@test4"} 1 0.51953125 0.0 0.71875 0.51953125 0.665625 5
stats: {freemem,"os_mon@test4"} 1 1548.609375 0.0 1549.21484375 1548.1328125 1548.6171875 5
stats: {freemem,"os_mon@myserver"} 1 2323.46484375 0.0 2327.7578125 2321.71875 2324.08125 5
stats: {recvpackets,"os_mon@test2"} 1 19986.0 0.0 19986 4873 10794.0 4
stats: {sentpackets,"os_mon@test2"} 1 13118.0 0.0 13118 3305 7178.5 4
stats: {load,"os_mon@test3"} 1 0.51953125 0.0 0.94140625 0.51953125 0.7328125 5
stats: {cpu,"os_mon@test2"} 1 39.5959595959596 0.0 39.5959595959596 3.415369161225515 18.50556384333875 5
stats: {freemem,"os_mon@test3"} 1 1396.828125 0.0 1397.08984375 1396.5703125 1396.74375 5
stats: {recvpackets,"os_mon@test4"} 1 19958.0 0.0 19958 4854 10779.75 4
stats: {sentpackets,"os_mon@test4"} 1 13098.0 0.0 13098 3295 7169.0 4
stats: {cpu,"os_mon@test4"} 1 34.006211180124225 0.0 34.006211180124225 2.3547094188376754 14.466830716229984 5
stats: {load,"os_mon@myserver"} 1 3.109375 0.0 5.5390625 3.109375 4.26171875 5
stats: {recvpackets,"os_mon@myserver"} 1 20180.0 0.0 20180 5013 10907.75 4
stats: {sentpackets,"os_mon@myserver"} 1 13242.0 0.0 13242 3396 7251.5 4
stats: {cpu,"os_mon@myserver"} 1 57.44245524296675 0.0 57.44245524296675 2.686417273412001 25.854910733351982 5
stats: session 5702 17.40560102780548 26.757789139964387 1019.511962890625 8.740966796875 13.290937676696736 14038
stats: users_count 5706 19748
stats: finish_users_count 5702 19740
stats: request 55130 1.5248269183350727 9.344914277289902 999.1318359375 0.0859375 1.0835781980655004 139697
stats: page 5512 15.990531755289625 30.166114038510283 1017.425048828125 7.637939453125 11.41844843241061 13969
stats: connect 5515 1.5856988043970992 23.23995263706076 997.975830078125 0.322021484375 0.9869312425073355 13972
stats: 200 55130 194827
stats: size_rcv 5954040 21041316
stats: newphase 6 30
stats: size_sent 7315226 25855891
stats: connected 3 6
# stats: dump at 1339067349
stats: users 31 47
stats: {load,"os_mon@test2"} 1 0.578125 0.0 0.6796875 0.4609375 0.5670572916666666 6
stats: {recvpackets,"os_mon@test3"} 1 24249.0 0.0 24249 4849 12607.8 5
stats: {sentpackets,"os_mon@test3"} 1 15859.0 0.0 15859 3290 8349.8 5
stats: {freemem,"os_mon@test2"} 1 1546.10546875 0.0 1546.2265625 1545.58203125 1545.8151041666667 6
stats: {cpu,"os_mon@test3"} 1 42.90171606864275 0.0 42.90171606864275 2.1728145528044465 17.999999830065054 6
stats: {load,"os_mon@test4"} 1 0.58984375 0.0 0.71875 0.51953125 0.6412760416666666 6
stats: {freemem,"os_mon@test4"} 1 1548.50390625 0.0 1549.21484375 1548.1328125 1548.6158854166667 6
stats: {freemem,"os_mon@myserver"} 1 2323.13671875 0.0 2327.7578125 2321.71875 2323.978515625 6
stats: {recvpackets,"os_mon@test2"} 1 24248.0 0.0 24248 4873 12632.4 5
stats: {sentpackets,"os_mon@test2"} 1 15858.0 0.0 15858 3305 8366.4 5
stats: {load,"os_mon@test3"} 1 0.51953125 0.0 0.94140625 0.51953125 0.697265625 6
stats: {cpu,"os_mon@test2"} 1 46.944858420268254 0.0 46.944858420268254 3.415369161225515 22.02062980210889 6
stats: {freemem,"os_mon@test3"} 1 1396.328125 0.0 1397.08984375 1396.328125 1396.7578125 6
stats: {recvpackets,"os_mon@test4"} 1 24264.0 0.0 24264 4854 12615.4 5
stats: {sentpackets,"os_mon@test4"} 1 15870.0 0.0 15870 3295 8354.8 5
stats: {cpu,"os_mon@test4"} 1 39.65607087024492 0.0 39.65607087024492 2.3547094188376754 17.723394126879025 6
stats: {load,"os_mon@myserver"} 1 2.859375 0.0 5.5390625 2.859375 4.069661458333333 6
stats: {recvpackets,"os_mon@myserver"} 1 24374.0 0.0 24374 5013 12762.2 5
stats: {sentpackets,"os_mon@myserver"} 1 15937.0 0.0 15937 3396 8449.6 5
stats: {cpu,"os_mon@myserver"} 1 68.80496637351268 0.0 68.80496637351268 2.686417273412001 31.119501484954444 6
stats: session 6449 24.466873876400385 53.041806962711675 1024.052001953125 8.740966796875 14.47947923839998 19740
stats: users_count 6472 26220
stats: finish_users_count 6449 26189
stats: request 64111 2.147725558047028 16.355232568093307 1004.741943359375 0.0859375 1.2084379041045068 194827
stats: page 6402 22.257596121695347 52.22248059174268 1022.5830078125 7.637939453125 12.712084450875224 19481
stats: connect 6419 2.7972569760549746 41.304247505080454 1003.657958984375 0.322021484375 1.1563879625679936 19487
stats: 200 64111 258938
stats: size_rcv 6923988 27965304
stats: newphase 6 36
stats: size_sent 8498813 34354704
stats: connected 17 23
# stats: dump at 1339067359
stats: users 23 102
stats: {load,"os_mon@test2"} 1 0.640625 0.0 0.6796875 0.4609375 0.5686383928571429 7
stats: {recvpackets,"os_mon@test3"} 1 27813.0 0.0 27813 4849 14548.0 6
stats: {sentpackets,"os_mon@test3"} 1 18141.0 0.0 18141 3290 9601.333333333334 6
stats: {freemem,"os_mon@test2"} 1 1545.87890625 0.0 1546.2265625 1545.58203125 1545.8565848214287 7
stats: {cpu,"os_mon@test3"} 1 47.34927234927235 0.0 47.34927234927235 2.1728145528044465 21.557387864147582 7
stats: {load,"os_mon@test4"} 1 0.578125 0.0 0.71875 0.51953125 0.6339285714285714 7
stats: {freemem,"os_mon@test4"} 1 1548.24609375 0.0 1549.21484375 1548.1328125 1548.599888392857 7
stats: {freemem,"os_mon@myserver"} 1 2322.5078125 0.0 2327.7578125 2321.71875 2323.8582589285716 7
stats: {recvpackets,"os_mon@test2"} 1 27887.0 0.0 27887 4873 14568.333333333334 6
stats: {sentpackets,"os_mon@test2"} 1 18190.0 0.0 18190 3305 9615.0 6
stats: {load,"os_mon@test3"} 1 0.75 0.0 0.94140625 0.51953125 0.671875 7
stats: {cpu,"os_mon@test2"} 1 53.04908279623203 0.0 53.04908279623203 3.415369161225515 25.58123389041737 7
stats: {freemem,"os_mon@test3"} 1 1396.46484375 0.0 1397.08984375 1396.328125 1396.6964285714287 7
stats: {recvpackets,"os_mon@test4"} 1 27835.0 0.0 27835 4854 14556.833333333334 6
stats: {sentpackets,"os_mon@test4"} 1 18154.0 0.0 18154 3295 9607.333333333334 6
stats: {cpu,"os_mon@test4"} 1 47.18927282104177 0.0 47.18927282104177 2.3547094188376754 20.85663366164558 7
stats: {load,"os_mon@myserver"} 1 2.73046875 0.0 5.5390625 2.73046875 3.896763392857143 7
stats: {recvpackets,"os_mon@myserver"} 1 27964.0 0.0 27964 5013 14697.5 6
stats: {sentpackets,"os_mon@myserver"} 1 18240.0 0.0 18240 3396 9697.5 6
stats: {cpu,"os_mon@myserver"} 1 78.21935483870968 0.0 78.21935483870968 2.686417273412001 36.50313932617705 7
stats: session 7462 48.65842884547332 108.69570788400989 1265.302001953125 8.740966796875 16.93885943697437 26189
stats: users_count 7454 33674
stats: finish_users_count 7462 33651
stats: request 74850 4.6335433595054205 33.5408105178072 1004.837158203125 0.0859375 1.4409980952773318 258938
stats: page 7489 47.284748751293606 108.79844171702071 1264.1298828125 7.637939453125 15.073107737070426 25883
stats: connect 7482 8.142744866324989 82.9167663690301 1003.81005859375 0.322021484375 1.5629632037311578 25906
stats: 200 74850 333788
stats: size_rcv 8083800 36049104
stats: newphase 6 42
stats: size_sent 9919092 44273796
stats: connected -7 16
# stats: dump at 1339067369
stats: users 232 245
stats: {load,"os_mon@test2"} 1 0.76953125 0.0 0.76953125 0.4609375 0.57763671875 8
stats: {recvpackets,"os_mon@test3"} 1 31332.0 0.0 31332 4849 16443.0 7
stats: {sentpackets,"os_mon@test3"} 1 20491.0 0.0 20491 3290 10821.285714285714 7
stats: {freemem,"os_mon@test2"} 1 1545.6640625 0.0 1546.2265625 1545.58203125 1545.859375 8
stats: {cpu,"os_mon@test3"} 1 52.19895287958115 0.0 52.19895287958115 2.1728145528044465 24.78137342478818 8
stats: {load,"os_mon@test4"} 1 0.640625 0.0 0.71875 0.51953125 0.626953125 8
stats: {freemem,"os_mon@test4"} 1 1547.7578125 0.0 1549.21484375 1547.7578125 1548.5556640625 8
stats: {freemem,"os_mon@myserver"} 1 2321.8515625 0.0 2327.7578125 2321.71875 2323.689453125 8
stats: {recvpackets,"os_mon@test2"} 1 31323.0 0.0 31323 4873 16471.0 7
stats: {sentpackets,"os_mon@test2"} 1 20487.0 0.0 20487 3305 10840.0 7
stats: {load,"os_mon@test3"} 1 0.859375 0.0 0.94140625 0.51953125 0.681640625 8
stats: {cpu,"os_mon@test2"} 1 57.433102081268586 0.0 57.433102081268586 3.415369161225515 29.014715003644202 8
stats: {freemem,"os_mon@test3"} 1 1395.81640625 0.0 1397.08984375 1395.81640625 1396.66748046875 8
stats: {recvpackets,"os_mon@test4"} 1 31312.0 0.0 31312 4854 16453.714285714286 7
stats: {sentpackets,"os_mon@test4"} 1 20482.0 0.0 20482 3295 10828.285714285714 7
stats: {cpu,"os_mon@test4"} 1 52.160493827160494 0.0 52.160493827160494 2.3547094188376754 24.148213556570106 8
stats: {load,"os_mon@myserver"} 1 3.2109375 0.0 5.5390625 2.73046875 3.7509765625 8
stats: {recvpackets,"os_mon@myserver"} 1 31439.0 0.0 31439 5013 16592.714285714286 7
stats: {sentpackets,"os_mon@myserver"} 1 20572.0 0.0 20572 3396 10917.857142857143 7
stats: {cpu,"os_mon@myserver"} 1 85.90500641848524 0.0 85.90500641848524 2.686417273412001 41.71766626524362 8
stats: session 8058 173.60172577548101 263.54709771793813 3055.820068359375 8.740966796875 23.972570973814854 33651
stats: users_count 8267 41941
stats: finish_users_count 8058 41709
stats: request 80810 16.650632608510662 77.41461194683714 3005.370849609375 0.0859375 2.1569076337492734 333788
stats: page 8022 166.42256673177025 260.9455965495559 3054.10693359375 7.637939453125 22.30171194285724 33372
stats: connect 8149 32.349967092396206 175.78360369657773 3003.9541015625 0.322021484375 3.037442849098567 33388
stats: 200 80810 414598
stats: size_rcv 8727480 44776584
stats: newphase 6 48
stats: size_sent 10736392 55010188
stats: connected 127 143
# stats: dump at 1339067379
stats: users 1065 1066
stats: {load,"os_mon@test2"} 1 0.87890625 0.0 0.87890625 0.4609375 0.5989583333333334 9
stats: {recvpackets,"os_mon@test3"} 1 34527.0 0.0 34527 4849 18304.125 8
stats: {sentpackets,"os_mon@test3"} 1 22603.0 0.0 22603 3290 12030.0 8
stats: {freemem,"os_mon@test2"} 1 1542.0859375 0.0 1546.2265625 1542.0859375 1545.837673611111 9
stats: {cpu,"os_mon@test3"} 1 54.628143392188335 0.0 54.628143392188335 2.1728145528044465 27.827771141987398 9
stats: {load,"os_mon@test4"} 1 0.76953125 0.0 0.76953125 0.51953125 0.6284722222222222 9
stats: {freemem,"os_mon@test4"} 1 1545.87109375 0.0 1549.21484375 1545.87109375 1548.467013888889 9
stats: {freemem,"os_mon@myserver"} 1 2316.96875 0.0 2327.7578125 2316.96875 2323.4852430555557 9
stats: {recvpackets,"os_mon@test2"} 1 34643.0 0.0 34643 4873 18327.5 8
stats: {sentpackets,"os_mon@test2"} 1 22677.0 0.0 22677 3305 12045.875 8
stats: {load,"os_mon@test3"} 1 0.890625 0.0 0.94140625 0.51953125 0.7013888888888888 9
stats: {cpu,"os_mon@test2"} 1 61.28048780487805 0.0 61.28048780487805 3.415369161225515 32.17231356782469 9
stats: {freemem,"os_mon@test3"} 1 1393.9921875 0.0 1397.08984375 1393.9921875 1396.5729166666667 9
stats: {recvpackets,"os_mon@test4"} 1 34569.0 0.0 34569 4854 18311.0 8
stats: {sentpackets,"os_mon@test4"} 1 22632.0 0.0 22632 3295 12035.0 8
stats: {cpu,"os_mon@test4"} 1 55.27272727272727 0.0 55.27272727272727 2.3547094188376754 27.26068914219126 9
stats: {load,"os_mon@myserver"} 1 3.62890625 0.0 5.5390625 2.73046875 3.6909722222222223 9
stats: {recvpackets,"os_mon@myserver"} 1 35653.0 0.0 35653 5013 18448.5 8
stats: {sentpackets,"os_mon@myserver"} 1 23335.0 0.0 23335 3396 12124.625 8
stats: {cpu,"os_mon@myserver"} 1 90.69090909090909 0.0 90.69090909090909 2.686417273412001 46.627370726714915 9
stats: session 8204 707.5353463190128 688.6344556584733 10816.503173828125 8.740966796875 52.88028224456759 41709
stats: users_count 9037 50978
stats: finish_users_count 8204 49913
stats: request 85232 70.64006583283852 198.55633531419826 3468.807861328125 0.0859375 4.98190417307283 414598
stats: page 8235 673.5675121610755 664.3254195644932 5268.7099609375 7.637939453125 50.23178628012013 41394
stats: connect 8867 126.81633631460043 362.4660693645407 3465.215087890625 0.322021484375 8.78816533889399 41537
stats: 200 85232 499830
stats: size_rcv 9205056 53981640
stats: newphase 6 54
stats: size_sent 11387727 66397915
stats: connected 631 774
# stats: dump at 1339067389
stats: users 2813 2836
stats: {load,"os_mon@test2"} 1 0.96875 0.0 0.96875 0.4609375 0.626953125 10
stats: {recvpackets,"os_mon@test3"} 1 36770.0 0.0 36770 4849 20106.666666666668 9
stats: {sentpackets,"os_mon@test3"} 1 24096.0 0.0 24096 3290 13204.777777777777 9
stats: {freemem,"os_mon@test2"} 1 1530.98046875 0.0 1546.2265625 1530.98046875 1545.4625 10
stats: {cpu,"os_mon@test3"} 1 57.01943844492441 0.0 57.01943844492441 2.1728145528044465 30.50780836700749 10
stats: {load,"os_mon@test4"} 1 0.80859375 0.0 0.80859375 0.51953125 0.642578125 10
stats: {freemem,"os_mon@test4"} 1 1535.91015625 0.0 1549.21484375 1535.91015625 1548.207421875 10
stats: {freemem,"os_mon@myserver"} 1 2294.11328125 0.0 2327.7578125 2294.11328125 2322.83359375 10
stats: {recvpackets,"os_mon@test2"} 1 36757.0 0.0 36757 4873 20140.333333333332 9
stats: {sentpackets,"os_mon@test2"} 1 24095.0 0.0 24095 3305 13227.111111111111 9
stats: {load,"os_mon@test3"} 1 0.91015625 0.0 0.94140625 0.51953125 0.7203125 10
stats: {cpu,"os_mon@test2"} 1 62.30769230769231 0.0 62.30769230769231 3.415369161225515 35.08313099153003 10
stats: {freemem,"os_mon@test3"} 1 1384.015625 0.0 1397.08984375 1384.015625 1396.31484375 10
stats: {recvpackets,"os_mon@test4"} 1 36798.0 0.0 36798 4854 20117.444444444445 9
stats: {sentpackets,"os_mon@test4"} 1 24116.0 0.0 24116 3295 13212.444444444445 9
stats: {cpu,"os_mon@test4"} 1 55.55555555555556 0.0 55.55555555555556 2.3547094188376754 30.06189295524486 10
stats: {load,"os_mon@myserver"} 1 3.55078125 0.0 5.5390625 2.73046875 3.684765625 10
stats: {recvpackets,"os_mon@myserver"} 1 39014.0 0.0 39014 5013 20360.11111111111 9
stats: {sentpackets,"os_mon@myserver"} 1 25580.0 0.0 25580 3396 13370.222222222223 9
stats: {cpu,"os_mon@myserver"} 1 93.21192052980133 0.0 93.21192052980133 2.686417273412001 51.03372456313433 10
stats: session 7980 1857.8175005690503 1309.8351424116645 12944.64990234375 8.740966796875 160.48331443391203 49913
stats: users_count 9728 60706
stats: finish_users_count 7980 57893
stats: request 85580 194.59059186499957 432.09842055522086 12879.966064453125 0.0859375 16.17806373649469 499830
stats: page 7934 1788.3506916374042 1282.3020342488487 12943.017822265625 7.637939453125 153.6626372468869 49629
stats: connect 9399 393.94307707684993 716.2632304910613 7438.81103515625 0.322021484375 29.551513327974003 50404
stats: 200 85580 585410
stats: size_rcv 9242640 63224280
stats: newphase 6 60
stats: size_sent 11538216 77936131
stats: connected 1465 2239
# stats: dump at 1339067399
stats: users 1786 4682
stats: {load,"os_mon@test2"} 1 0.8984375 0.0 0.96875 0.4609375 0.6580255681818182 11
stats: {recvpackets,"os_mon@test3"} 1 38571.0 0.0 38571 4849 21773.0 10
stats: {sentpackets,"os_mon@test3"} 1 25248.0 0.0 25248 3290 14293.9 10
stats: {freemem,"os_mon@test2"} 1 1512.0 0.0 1546.2265625 1512.0 1544.1459517045455 11
stats: {cpu,"os_mon@test3"} 1 59.62059620596206 0.0 59.62059620596206 2.1728145528044465 32.91795655590903 11
stats: {load,"os_mon@test4"} 1 0.69140625 0.0 0.80859375 0.51953125 0.6576704545454546 11
stats: {freemem,"os_mon@test4"} 1 1514.47265625 0.0 1549.21484375 1514.47265625 1547.0894886363637 11
stats: {freemem,"os_mon@myserver"} 1 2246.46484375 0.0 2327.7578125 2246.46484375 2320.22265625 11
stats: {recvpackets,"os_mon@test2"} 1 38581.0 0.0 38581 4873 21802.0 10
stats: {sentpackets,"os_mon@test2"} 1 25255.0 0.0 25255 3305 14313.9 10
stats: {load,"os_mon@test3"} 1 0.8515625 0.0 0.94140625 0.51953125 0.7375710227272727 11
stats: {cpu,"os_mon@test2"} 1 64.53252032520325 0.0 64.53252032520325 3.415369161225515 37.55809111118114 11
stats: {freemem,"os_mon@test3"} 1 1362.90625 0.0 1397.08984375 1362.90625 1395.1967329545455 11
stats: {recvpackets,"os_mon@test4"} 1 38589.0 0.0 38589 4854 21785.5 10
stats: {sentpackets,"os_mon@test4"} 1 25256.0 0.0 25256 3295 14302.8 10
stats: {cpu,"os_mon@test4"} 1 57.34116390816871 0.0 57.34116390816871 2.3547094188376754 32.37949864618219 11
stats: {load,"os_mon@myserver"} 1 4.48046875 0.0 5.5390625 2.73046875 3.672585227272727 11
stats: {recvpackets,"os_mon@myserver"} 1 44345.0 0.0 44345 5013 22225.5 10
stats: {sentpackets,"os_mon@myserver"} 1 29088.0 0.0 29088 3396 14591.2 10
stats: {cpu,"os_mon@myserver"} 1 93.30501274426508 0.0 93.30501274426508 2.686417273412001 54.86810601464951 11
stats: session 8929 3605.884603785113 2305.5880652284745 19653.64306640625 8.740966796875 394.4447053681943 57893
stats: users_count 7902 68608
stats: finish_users_count 8929 66822
stats: request 87068 370.11280702531724 854.1434479734822 15725.282958984375 0.0859375 42.25985966966537 585410
stats: page 8952 3555.8390157936487 2259.5972271913183 19651.27197265625 7.637939453125 378.97429618638563 57563
stats: connect 8209 867.619129145127 1402.6777404158784 15264.076171875 0.322021484375 86.82148820675407 59803
stats: 200 87067 672477
stats: size_rcv 9403236 72627516
stats: newphase 6 66
stats: size_sent 11445048 89381179
stats: connected -744 1495
# stats: dump at 1339067409
stats: users 3479 4682
stats: {load,"os_mon@test2"} 1 0.921875 0.0 0.96875 0.4609375 0.6780598958333334 12
stats: {recvpackets,"os_mon@test3"} 1 33328.0 0.0 38571 4849 23300.090909090908 11
stats: {sentpackets,"os_mon@test3"} 1 21613.0 0.0 25248 3290 15289.727272727272 11
stats: {freemem,"os_mon@test2"} 1 1478.1484375 0.0 1546.2265625 1478.1484375 1541.4671223958333 12
stats: {cpu,"os_mon@test3"} 1 49.946236559139784 0.0 59.62059620596206 2.1728145528044465 35.14317652674678 12
stats: {load,"os_mon@test4"} 1 0.890625 0.0 0.890625 0.51953125 0.6604817708333334 12
stats: {freemem,"os_mon@test4"} 1 1501.16796875 0.0 1549.21484375 1501.16796875 1544.3714192708333 12
stats: {freemem,"os_mon@myserver"} 0 0 0 2327.7578125 2246.46484375 2314.076171875 12
stats: {recvpackets,"os_mon@test2"} 1 33380.0 0.0 38581 4873 23327.363636363636 11
stats: {sentpackets,"os_mon@test2"} 1 21638.0 0.0 25255 3305 15308.545454545454 11
stats: {load,"os_mon@test3"} 1 0.7890625 0.0 0.94140625 0.51953125 0.7470703125 12
stats: {cpu,"os_mon@test2"} 1 67.73373983739837 0.0 67.73373983739837 3.415369161225515 39.805960212349646 12
stats: {freemem,"os_mon@test3"} 1 1348.88671875 0.0 1397.08984375 1348.88671875 1392.505859375 12
stats: {recvpackets,"os_mon@test4"} 1 33333.0 0.0 38589 4854 23313.090909090908 11
stats: {sentpackets,"os_mon@test4"} 1 21614.0 0.0 25256 3295 15298.545454545454 11
stats: {cpu,"os_mon@test4"} 1 50.6582411795682 0.0 57.34116390816871 2.3547094188376754 34.4596374180144 12
stats: {load,"os_mon@myserver"} 0 0 0 5.5390625 2.73046875 3.7399088541666665 12
stats: {recvpackets,"os_mon@myserver"} 0 0 0 44345 5013 24236.363636363636 11
stats: {sentpackets,"os_mon@myserver"} 0 0 0 29088 3396 15909.09090909091 11
stats: {cpu,"os_mon@myserver"} 0 0 0 93.30501274426508 2.686417273412001 58.071181575450815 12
stats: session 7716 2943.3721604572174 2857.9321226781885 27855.309814453125 8.740966796875 823.5690484432993 66822
stats: users_count 9409 78017
stats: finish_users_count 7716 74538
stats: request 84092 311.34993595648604 936.9981435382674 26481.178955078125 0.0859375 84.70808908439997 672478
stats: page 7697 2944.7815942138664 2873.7581964841643 27853.81787109375 7.637939453125 806.5363945089327 66515
stats: connect 9356 693.3826123808857 1568.773159444584 15736.094970703125 0.322021484375 181.06320782186762 68012
stats: 200 84092 756569
stats: size_rcv 9081936 81709452
stats: newphase 6 72
stats: size_sent 11374130 100755309
stats: connected 1659 3154
# stats: dump at 1339067419
stats: users 1626 4682
stats: {load,"os_mon@test2"} 1 0.859375 0.0 0.96875 0.4609375 0.6968149038461539 13
stats: {recvpackets,"os_mon@test3"} 1 36729.0 0.0 38571 4849 24135.75 12
stats: {sentpackets,"os_mon@test3"} 1 23901.0 0.0 25248 3290 15816.666666666666 12
stats: {freemem,"os_mon@test2"} 1 1462.70703125 0.0 1546.2265625 1462.70703125 1536.596454326923 13
stats: {cpu,"os_mon@test3"} 1 61.66306695464363 0.0 61.66306695464363 2.1728145528044465 36.28187345231547 13
stats: {load,"os_mon@test4"} 1 0.75 0.0 0.890625 0.51953125 0.6781850961538461 13
stats: {freemem,"os_mon@test4"} 1 1498.25390625 0.0 1549.21484375 1498.25390625 1541.048076923077 13
stats: {freemem,"os_mon@myserver"} 1 2234.875 0.0 2327.7578125 2234.875 2314.076171875 12
stats: {recvpackets,"os_mon@test2"} 1 36650.0 0.0 38581 4873 24165.083333333332 12
stats: {sentpackets,"os_mon@test2"} 1 23837.0 0.0 25255 3305 15836.0 12
stats: {load,"os_mon@test3"} 1 0.8984375 0.0 0.94140625 0.51953125 0.7503004807692307 13
stats: {cpu,"os_mon@test2"} 1 61.49193548387096 0.0 67.73373983739837 3.415369161225515 41.95425095273801 13
stats: {freemem,"os_mon@test3"} 1 1323.94921875 0.0 1397.08984375 1323.94921875 1389.1505408653845 13
stats: {recvpackets,"os_mon@test4"} 1 36688.0 0.0 38589 4854 24148.083333333332 12
stats: {sentpackets,"os_mon@test4"} 1 23869.0 0.0 25256 3295 15824.833333333334 12
stats: {cpu,"os_mon@test4"} 1 53.91582312200319 0.0 57.34116390816871 2.3547094188376754 35.70568386121085 13
stats: {load,"os_mon@myserver"} 1 4.55078125 0.0 5.5390625 2.73046875 3.7399088541666665 12
stats: {recvpackets,"os_mon@myserver"} 1 56234.0 0.0 56234 5013 24236.363636363636 11
stats: {sentpackets,"os_mon@myserver"} 1 36510.0 0.0 36510 3396 15909.09090909091 11
stats: {cpu,"os_mon@myserver"} 1 93.6392629340893 0.0 93.6392629340893 2.686417273412001 58.071181575450815 12
stats: session 9530 3793.074859125992 3201.5618812581583 34546.653076171875 8.740966796875 1043.0061249988735 74538
stats: users_count 7677 85694
stats: finish_users_count 9530 84068
stats: request 89001 375.6909602430107 1095.5807877896405 31423.364013671875 0.0859375 109.89910404291996 756570
stats: page 9367 3757.0271651601015 3172.214941293536 34545.18115234375 7.637939453125 1028.3074463890716 74212
stats: connect 8127 846.7892036912084 1804.16289198855 31415.8359375 0.322021484375 243.01725017858067 77368
stats: 200 89001 845570
stats: size_rcv 9612108 91321560
stats: newphase 6 78
stats: size_sent 11642875 112398184
stats: connected -1241 1913
# stats: dump at 1339067429
stats: users 3176 4682
stats: {load,"os_mon@test2"} 1 0.9609375 0.0 0.96875 0.4609375 0.7084263392857143 14
stats: {recvpackets,"os_mon@test3"} 1 34405.0 0.0 38571 4849 25104.46153846154 13
stats: {sentpackets,"os_mon@test3"} 1 22440.0 0.0 25248 3290 16438.53846153846 13
stats: {freemem,"os_mon@test2"} 1 1464.84765625 0.0 1546.2265625 1462.70703125 1531.318638392857 14
stats: {cpu,"os_mon@test3"} 1 66.31243358129649 0.0 66.31243358129649 2.1728145528044465 38.094815845338914 14
stats: {load,"os_mon@test4"} 1 0.78125 0.0 0.890625 0.51953125 0.6833147321428571 14
stats: {freemem,"os_mon@test4"} 1 1502.1171875 0.0 1549.21484375 1498.25390625 1537.9913504464287 14
stats: {freemem,"os_mon@myserver"} 1 2223.56640625 0.0 2327.7578125 2223.56640625 2307.9837740384614 13
stats: {recvpackets,"os_mon@test2"} 1 34372.0 0.0 38581 4873 25125.46153846154 13
stats: {sentpackets,"os_mon@test2"} 1 22442.0 0.0 25255 3305 16451.46153846154 13
stats: {load,"os_mon@test3"} 1 0.98046875 0.0 0.98046875 0.51953125 0.7608816964285714 14
stats: {cpu,"os_mon@test2"} 1 59.43877551020408 0.0 67.73373983739837 3.415369161225515 43.349799847818936 14
stats: {freemem,"os_mon@test3"} 1 1296.78515625 0.0 1397.08984375 1296.78515625 1384.4933035714287 14
stats: {recvpackets,"os_mon@test4"} 1 34369.0 0.0 38589 4854 25112.69230769231 13
stats: {sentpackets,"os_mon@test4"} 1 22425.0 0.0 25256 3295 16443.615384615383 13
stats: {cpu,"os_mon@test4"} 1 44.398124022928606 0.0 57.34116390816871 2.3547094188376754 37.006408094124595 14
stats: {load,"os_mon@myserver"} 1 5.23046875 0.0 5.5390625 2.73046875 3.8022836538461537 13
stats: {recvpackets,"os_mon@myserver"} 1 45386.0 0.0 56234 5013 26902.833333333332 12
stats: {sentpackets,"os_mon@myserver"} 1 29601.0 0.0 36510 3396 17625.833333333332 12
stats: {cpu,"os_mon@myserver"} 1 93.88038942976355 0.0 93.88038942976355 2.686417273412001 60.80718783380762 13
stats: session 7906 2971.5656962164308 3429.6931167062303 35405.19091796875 8.740966796875 1354.7556020440206 84068
stats: users_count 9456 95150
stats: finish_users_count 7906 91974
stats: request 85106 307.01666977649177 1060.2689281357311 34348.5400390625 0.0859375 137.87515926910945 845571
stats: page 8076 3034.3780085585927 3488.453484749604 35403.884033203125 7.637939453125 1334.1249077816253 83579
stats: connect 9140 642.2532139216783 1671.8465040839533 31522.580078125 0.322021484375 300.41071957675746 85495
stats: 200 85106 930676
stats: size_rcv 9191448 100513008
stats: newphase 6 84
stats: size_sent 11430080 123828264
stats: connected 1064 2977
# stats: dump at 1339067439
stats: users 337 4682
stats: {load,"os_mon@test2"} 1 1.19921875 0.0 1.19921875 0.4609375 0.7252604166666666 15
stats: {recvpackets,"os_mon@test3"} 1 37617.0 0.0 38571 4849 25768.785714285714 14
stats: {sentpackets,"os_mon@test3"} 1 24719.0 0.0 25248 3290 16867.214285714286 14
stats: {freemem,"os_mon@test2"} 1 1436.12890625 0.0 1546.2265625 1436.12890625 1526.8872395833334 15
stats: {cpu,"os_mon@test3"} 1 57.24986623863029 0.0 66.31243358129649 2.1728145528044465 39.975990361069414 15
stats: {load,"os_mon@test4"} 1 0.80859375 0.0 0.890625 0.51953125 0.68984375 15
stats: {freemem,"os_mon@test4"} 1 1497.203125 0.0 1549.21484375 1497.203125 1535.5997395833333 15
stats: {freemem,"os_mon@myserver"} 1 2207.87109375 0.0 2327.7578125 2207.87109375 2301.9539620535716 14
stats: {recvpackets,"os_mon@test2"} 1 37620.0 0.0 38581 4873 25785.928571428572 14
stats: {sentpackets,"os_mon@test2"} 1 24723.0 0.0 25255 3305 16879.35714285714 14
stats: {load,"os_mon@test3"} 1 1.0703125 0.0 1.0703125 0.51953125 0.7755208333333333 15
stats: {cpu,"os_mon@test2"} 1 66.81841173495194 0.0 67.73373983739837 3.415369161225515 44.422398225311284 15
stats: {freemem,"os_mon@test3"} 1 1278.015625 0.0 1397.08984375 1278.015625 1378.64609375 15
stats: {recvpackets,"os_mon@test4"} 1 37643.0 0.0 38589 4854 25773.85714285714 14
stats: {sentpackets,"os_mon@test4"} 1 24732.0 0.0 25256 3295 16870.85714285714 14
stats: {cpu,"os_mon@test4"} 1 54.497072911122935 0.0 57.34116390816871 2.3547094188376754 37.499189156044864 15
stats: {load,"os_mon@myserver"} 1 5.51953125 0.0 5.5390625 2.73046875 3.904296875 14
stats: {recvpackets,"os_mon@myserver"} 1 51835.0 0.0 56234 5013 28324.615384615383 13
stats: {sentpackets,"os_mon@myserver"} 1 34339.0 0.0 36510 3396 18547.0 13
stats: {cpu,"os_mon@myserver"} 1 88.26020667457225 0.0 93.88038942976355 2.686417273412001 63.1695593763759 14
stats: session 9077 3872.67792308169 3670.6940594227653 55464.97119140625 8.740966796875 1493.7351028217086 91974
stats: users_count 6238 101388
stats: finish_users_count 9077 101051
stats: request 79839 372.90093019660515 1268.7432623040388 55205.93212890625 0.0859375 153.3423486304467 930677
stats: page 9271 3899.3234411129984 3614.3972491211557 55463.625 7.637939453125 1483.9393646238575 91655
stats: connect 6587 741.1203198164361 1442.335657190443 31522.580078125 0.322021484375 333.4264156544515 94635
stats: 200 79839 1010515
stats: size_rcv 8622612 109135620
stats: newphase 6 90
stats: size_sent 10236587 134064851
stats: connected -2684 293
# stats: dump at 1339067449
stats: users 2312 4682
stats: {load,"os_mon@test2"} 1 1.08984375 0.0 1.19921875 0.4609375 0.7548828125 16
stats: {recvpackets,"os_mon@test3"} 1 30148.0 0.0 38571 4849 26558.666666666668 15
stats: {sentpackets,"os_mon@test3"} 1 20281.0 0.0 25248 3290 17390.666666666668 15
stats: {freemem,"os_mon@test2"} 1 1433.59765625 0.0 1546.2265625 1433.59765625 1521.21484375 16
stats: {cpu,"os_mon@test3"} 1 44.40318302387268 0.0 66.31243358129649 2.1728145528044465 41.055607603416966 16
stats: {load,"os_mon@test4"} 1 0.76171875 0.0 0.890625 0.51953125 0.697265625 16
stats: {freemem,"os_mon@test4"} 1 1485.6796875 0.0 1549.21484375 1485.6796875 1533.199951171875 16
stats: {freemem,"os_mon@myserver"} 1 2183.171875 0.0 2327.7578125 2183.171875 2295.6817708333333 15
stats: {recvpackets,"os_mon@test2"} 1 30228.0 0.0 38581 4873 26574.866666666665 15
stats: {sentpackets,"os_mon@test2"} 1 20330.0 0.0 25255 3305 17402.266666666666 15
stats: {load,"os_mon@test3"} 1 0.98046875 0.0 1.0703125 0.51953125 0.7939453125 16
stats: {cpu,"os_mon@test2"} 1 55.55555555555556 0.0 67.73373983739837 3.415369161225515 45.82214906966382 16
stats: {freemem,"os_mon@test3"} 1 1282.53125 0.0 1397.08984375 1278.015625 1372.356689453125 16
stats: {recvpackets,"os_mon@test4"} 1 30210.0 0.0 38589 4854 26565.133333333335 15
stats: {sentpackets,"os_mon@test4"} 1 20320.0 0.0 25256 3295 17394.93333333333 15
stats: {cpu,"os_mon@test4"} 1 48.43096234309623 0.0 57.34116390816871 2.3547094188376754 38.56155689073724 16
stats: {load,"os_mon@myserver"} 1 5.76171875 0.0 5.76171875 2.73046875 4.011979166666666 15
stats: {recvpackets,"os_mon@myserver"} 1 39838.0 0.0 56234 5013 30003.928571428572 14
stats: {sentpackets,"os_mon@myserver"} 1 26736.0 0.0 36510 3396 19675.0 14
stats: {cpu,"os_mon@myserver"} 1 92.67756895289236 0.0 93.88038942976355 2.686417273412001 64.84226919625566 15
stats: session 7694 2569.026924642987 3183.9899693670027 63068.822998046875 8.740966796875 1707.4258528340772 101051
stats: users_count 9669 111057
stats: finish_users_count 7694 108745
stats: request 83508 272.23946096773903 1012.462818425351 55205.93212890625 0.0859375 170.68926604062185 1010516
stats: page 7513 2494.7381685547166 3220.6844699761896 63065.672119140625 7.637939453125 1705.8150534763913 100926
stats: connect 9277 511.54189128902493 1104.8792105529635 31522.580078125 0.322021484375 359.9570092676482 101222
stats: 200 83508 1094023
stats: size_rcv 9018864 118154484
stats: newphase 6 96
stats: size_sent 11310258 145375109
stats: connected 1764 2057
# stats: dump at 1339067459
stats: users 2004 4682
stats: {load,"os_mon@test2"} 1 1.23046875 0.0 1.23046875 0.4609375 0.7745863970588235 17
stats: {recvpackets,"os_mon@test3"} 1 39510.0 0.0 39510 4849 26783.0 16
stats: {sentpackets,"os_mon@test3"} 1 26599.0 0.0 26599 3290 17571.3125 16
stats: {freemem,"os_mon@test2"} 1 1427.890625 0.0 1546.2265625 1427.890625 1516.0608915441176 17
stats: {cpu,"os_mon@test3"} 1 66.32762312633832 0.0 66.32762312633832 2.1728145528044465 41.25252380462024 17
stats: {load,"os_mon@test4"} 1 0.71875 0.0 0.890625 0.51953125 0.7010569852941176 17
stats: {freemem,"os_mon@test4"} 1 1463.7578125 0.0 1549.21484375 1463.7578125 1530.4046415441176 17
stats: {freemem,"os_mon@myserver"} 0 0 0 2327.7578125 2183.171875 2288.64990234375 16
stats: {recvpackets,"os_mon@test2"} 1 39534.0 0.0 39534 4873 26803.1875 16
stats: {sentpackets,"os_mon@test2"} 1 26613.0 0.0 26613 3305 17585.25 16
stats: {load,"os_mon@test3"} 1 1.23046875 0.0 1.23046875 0.51953125 0.8049172794117647 17
stats: {cpu,"os_mon@test2"} 1 66.93711967545639 0.0 67.73373983739837 3.415369161225515 46.394702392363335 17
stats: {freemem,"os_mon@test3"} 1 1248.203125 0.0 1397.08984375 1248.203125 1367.0728400735295 17
stats: {recvpackets,"os_mon@test4"} 1 3.95e4 0.0 39500 4854 26792.9375 16
stats: {sentpackets,"os_mon@test4"} 1 26596.0 0.0 26596 3295 17577.75 16
stats: {cpu,"os_mon@test4"} 1 54.00313971742543 0.0 57.34116390816871 2.3547094188376754 39.14211015264071 17
stats: {load,"os_mon@myserver"} 0 0 0 5.76171875 2.73046875 4.121337890625 16
stats: {recvpackets,"os_mon@myserver"} 0 0 0 56234 5013 30659.533333333333 15
stats: {sentpackets,"os_mon@myserver"} 0 0 0 36510 3396 20145.733333333334 15
stats: {cpu,"os_mon@myserver"} 0 0 0 93.88038942976355 2.686417273412001 66.58197543104545 16
stats: session 8742 3623.962237460858 3389.579264747431 67155.77905273438 8.740966796875 1768.3864362769734 108745
stats: users_count 8434 119491
stats: finish_users_count 8742 117487
stats: 200 86622 1180645
stats: request 86622 361.6629265056804 1109.795361935021 56246.174072265625 0.0859375 178.4406989872242 1094024
stats: page 8858 3635.485645837668 3345.3814459677374 67154.1669921875 7.637939453125 1760.4741647148153 108439
stats: connect 8447 793.6460184354937 1342.1234387572952 31522.580078125 0.322021484375 372.6833954839244 110499
stats: size_rcv 9355176 127509660
stats: newphase 6 102
stats: size_sent 11438009 156813118
stats: connected -411 1646
# stats: dump at 1339067469
stats: users 4278 4682
stats: {load,"os_mon@test2"} 1 1.3515625 0.0 1.3515625 0.4609375 0.7999131944444444 18
stats: {recvpackets,"os_mon@test3"} 1 36942.0 0.0 39510 4849 27531.647058823528 17
stats: {sentpackets,"os_mon@test3"} 1 24747.0 0.0 26599 3290 18102.352941176472 17
stats: {freemem,"os_mon@test2"} 1 1435.3203125 0.0 1546.2265625 1427.890625 1511.1625434027778 18
stats: {cpu,"os_mon@test3"} 1 50.501319261213716 0.0 66.32762312633832 2.1728145528044465 42.64558487804902 18
stats: {load,"os_mon@test4"} 1 0.75 0.0 0.890625 0.51953125 0.7020399305555556 18
stats: {freemem,"os_mon@test4"} 1 1433.33984375 0.0 1549.21484375 1433.33984375 1526.7020399305557 18
stats: {freemem,"os_mon@myserver"} 1 2178.60546875 0.0 2327.7578125 2178.60546875 2288.64990234375 16
stats: {recvpackets,"os_mon@test2"} 1 36951.0 0.0 39534 4873 27552.058823529413 17
stats: {sentpackets,"os_mon@test2"} 1 24756.0 0.0 26613 3305 18116.29411764706 17
stats: {load,"os_mon@test3"} 1 1.109375 0.0 1.23046875 0.51953125 0.8285590277777778 18
stats: {cpu,"os_mon@test2"} 1 65.47314578005115 0.0 67.73373983739837 3.415369161225515 47.53594779697962 18
stats: {freemem,"os_mon@test3"} 1 1241.31640625 0.0 1397.08984375 1241.31640625 1360.468967013889 18
stats: {recvpackets,"os_mon@test4"} 1 36932.0 0.0 39500 4854 27540.41176470588 17
stats: {sentpackets,"os_mon@test4"} 1 24744.0 0.0 26596 3295 18108.235294117647 17
stats: {cpu,"os_mon@test4"} 1 65.44117647058823 0.0 65.44117647058823 2.3547094188376754 39.967722906239864 18
stats: {load,"os_mon@myserver"} 1 5.640625 0.0 5.76171875 2.73046875 4.121337890625 16
stats: {recvpackets,"os_mon@myserver"} 1 40298.0 0.0 56234 5013 30659.533333333333 15
stats: {sentpackets,"os_mon@myserver"} 1 27061.0 0.0 36510 3396 20145.733333333334 15
stats: {cpu,"os_mon@myserver"} 1 93.6959490213928 0.0 93.88038942976355 2.686417273412001 66.58197543104545 16
stats: session 8137 3411.877885011896 3065.382635581661 67155.77905273438 8.740966796875 1906.4565517276149 117487
stats: users_count 10411 129902
stats: finish_users_count 8137 125624
stats: 200 84744 1265389
stats: request 84744 330.99381561120975 942.5945244563858 56277.315185546875 0.0859375 191.88340390648344 1180646
stats: page 8107 3427.6812342559865 3086.5483455336253 67154.1669921875 7.637939453125 1902.0707247273153 117297
stats: connect 9354 542.9225777460288 1132.388912870524 31522.580078125 0.322021484375 402.5782324357505 118946
stats: size_rcv 9152352 136662012
stats: newphase 6 108
stats: size_sent 11404691 168217809
stats: connected 1247 2893
# stats: dump at 1339067479
stats: users 4095 4829
stats: {load,"os_mon@test2"} 1 1.53125 0.0 1.53125 0.4609375 0.8289473684210527 19
stats: {recvpackets,"os_mon@test3"} 1 37227.0 0.0 39510 4849 28054.444444444445 18
stats: {sentpackets,"os_mon@test3"} 1 24772.0 0.0 26599 3290 18471.5 18
stats: {freemem,"os_mon@test2"} 1 1425.5703125 0.0 1546.2265625 1425.5703125 1507.1708470394738 19
stats: {cpu,"os_mon@test3"} 1 63.8874137015401 0.0 66.32762312633832 2.1728145528044465 43.05904458242611 19
stats: {load,"os_mon@test4"} 1 0.87109375 0.0 0.890625 0.51953125 0.7045641447368421 19
stats: {freemem,"os_mon@test4"} 1 1408.40234375 0.0 1549.21484375 1408.40234375 1521.788240131579 19
stats: {freemem,"os_mon@myserver"} 1 2171.80078125 0.0 2327.7578125 2171.80078125 2282.176700367647 17
stats: {recvpackets,"os_mon@test2"} 1 37027.0 0.0 39534 4873 28074.222222222223 18
stats: {sentpackets,"os_mon@test2"} 1 24619.0 0.0 26613 3305 18485.166666666668 18
stats: {load,"os_mon@test3"} 1 1.1796875 0.0 1.23046875 0.51953125 0.8433388157894737 19
stats: {cpu,"os_mon@test2"} 1 60.12145748987854 0.0 67.73373983739837 3.415369161225515 48.48001084872023 19
stats: {freemem,"os_mon@test3"} 1 1202.91796875 0.0 1397.08984375 1202.91796875 1354.1977796052631 19
stats: {recvpackets,"os_mon@test4"} 1 37140.0 0.0 39500 4854 28062.166666666668 18
stats: {sentpackets,"os_mon@test4"} 1 24705.0 0.0 26596 3295 18476.88888888889 18
stats: {cpu,"os_mon@test4"} 1 57.73034877667881 0.0 65.44117647058823 2.3547094188376754 41.308430988573996 19
stats: {load,"os_mon@myserver"} 1 5.76171875 0.0 5.76171875 2.73046875 4.2107077205882355 17
stats: {recvpackets,"os_mon@myserver"} 1 41471.0 0.0 56234 5013 31261.9375 16
stats: {sentpackets,"os_mon@myserver"} 1 27674.0 0.0 36510 3396 20577.9375 16
stats: {cpu,"os_mon@myserver"} 1 94.74671669793621 0.0 94.74671669793621 2.686417273412001 68.17691505400705 17
stats: session 8284 3629.6150460236317 3190.9075992913204 67155.77905273438 8.740966796875 2003.9666882376305 125624
stats: users_count 8101 138003
stats: finish_users_count 8284 133908
stats: 200 85374 1350763
stats: request 85374 377.11133026402644 1076.5214278761164 56277.315185546875 0.0859375 201.19971961113208 1265390
stats: connect 8897 765.3243337543128 1265.138725229846 31522.580078125 0.322021484375 412.8103525139449 128300
stats: page 8158 3608.5163940519433 3189.1841289550625 67154.1669921875 7.637939453125 2000.6969599410959 125404
stats: size_rcv 9220392 145882404
stats: newphase 6 114
stats: size_sent 11427104 179644913
stats: connected 739 3632
stats: error_connect_etimedout 1 1
stats: error_abort 1 1
EndMonitor:{1339,67482,37146}
