# stats: dump at 1338907934
stats: users 0 0
# stats: dump at 1338907944
stats: users 0 6
stats: {load,"os_mon@test2"} 1 1.71875 0 1.71875 1.71875 0 0
stats: {freemem,"os_mon@test2"} 1 1521.69140625 0 1521.69140625 1521.69140625 0 0
stats: {cpu,"os_mon@test3"} 1 2.4193548387096775 0 2.4193548387096775 2.4193548387096775 0 0
stats: {load,"os_mon@test4"} 1 1.12109375 0 1.12109375 1.12109375 0 0
stats: {freemem,"os_mon@test4"} 1 1447.8203125 0 1447.8203125 1447.8203125 0 0
stats: {freemem,"os_mon@myserver"} 1 2231.9609375 0 2231.9609375 2231.9609375 0 0
stats: {load,"os_mon@test3"} 1 1.0390625 0 1.0390625 1.0390625 0 0
stats: {cpu,"os_mon@test2"} 1 2.1042084168336674 0 2.1042084168336674 2.1042084168336674 0 0
stats: {freemem,"os_mon@test3"} 1 1500.6796875 0 1500.6796875 1500.6796875 0 0
stats: {cpu,"os_mon@test4"} 1 1.8009004502251125 0 1.8009004502251125 1.8009004502251125 0 0
stats: {load,"os_mon@myserver"} 1 5.53125 0 5.53125 5.53125 0 0
stats: {cpu,"os_mon@myserver"} 1 1.664564943253468 0 1.664564943253468 1.664564943253468 0 0
stats: session 587 12.373393330094768 2.0576165785569196 26.3779296875 8.908935546875 0 0
stats: users_count 587 587
stats: finish_users_count 587 587
stats: request 5730 0.9625967614937829 0.500770690403112 4.803955078125 0.257080078125 0 0
stats: page 573 10.156218896569596 1.5667199403536576 22.678955078125 7.77001953125 0 0
stats: connect 573 1.1560003204079399 0.2932609071050207 3.73291015625 0.516845703125 0 0
stats: 200 5730 5730
stats: size_rcv 613110 613110
stats: size_sent 759990 759990
stats: connected 0 0
# stats: dump at 1338907954
stats: users 1 9
stats: {load,"os_mon@test2"} 1 1.4609375 0.0 1.71875 1.4609375 1.71875 1
stats: {recvpackets,"os_mon@test3"} 1 3638 0 3638 3638 0 0
stats: {sentpackets,"os_mon@test3"} 1 2491 0 2491 2491 0 0
stats: {freemem,"os_mon@test2"} 1 1520.84375 0.0 1521.69140625 1520.84375 1521.69140625 1
stats: {cpu,"os_mon@test3"} 1 8.264887063655031 0.0 8.264887063655031 2.4193548387096775 2.4193548387096775 1
stats: {load,"os_mon@test4"} 1 1.01953125 0.0 1.12109375 1.01953125 1.12109375 1
stats: {freemem,"os_mon@test4"} 1 1446.84375 0.0 1447.8203125 1446.84375 1447.8203125 1
stats: {freemem,"os_mon@myserver"} 1 2230.7578125 0.0 2231.9609375 2230.7578125 2231.9609375 1
stats: {recvpackets,"os_mon@test2"} 1 3640 0 3640 3640 0 0
stats: {sentpackets,"os_mon@test2"} 1 2492 0 2492 2492 0 0
stats: {load,"os_mon@test3"} 1 0.87890625 0.0 1.0390625 0.87890625 1.0390625 1
stats: {cpu,"os_mon@test2"} 1 4.365482233502538 0.0 4.365482233502538 2.1042084168336674 2.1042084168336674 1
stats: {freemem,"os_mon@test3"} 1 1500.08203125 0.0 1500.6796875 1500.08203125 1500.6796875 1
stats: {recvpackets,"os_mon@test4"} 1 3630 0 3630 3630 0 0
stats: {sentpackets,"os_mon@test4"} 1 2488 0 2488 2488 0 0
stats: {cpu,"os_mon@test4"} 1 4.531722054380665 0.0 4.531722054380665 1.8009004502251125 1.8009004502251125 1
stats: {load,"os_mon@myserver"} 1 4.921875 0.0 5.53125 4.921875 5.53125 1
stats: {recvpackets,"os_mon@myserver"} 1 3701 0 3701 3701 0 0
stats: {sentpackets,"os_mon@myserver"} 1 2537 0 2537 2537 0 0
stats: {cpu,"os_mon@myserver"} 1 9.77766548762001 0.0 9.77766548762001 1.664564943253468 1.664564943253468 1
stats: session 1519 12.090368033554137 1.719265765285544 28.10107421875 8.744140625 12.373393330094768 587
stats: users_count 1520 2107
stats: finish_users_count 1519 2106
stats: request 15180 0.9519139788681655 0.48215902211010203 11.522216796875 0.1591796875 0.9625967614937829 5730
stats: page 1518 9.985646364717153 1.2589490261006187 25.0078125 7.55615234375 10.156218896569596 573
stats: connect 1518 1.06384389925066 0.37259314010316524 10.6640625 0.516845703125 1.1560003204079399 573
stats: 200 15180 20910
stats: size_rcv 1624260 2237370
stats: newphase 6 6
stats: size_sent 2016260 2776250
stats: connected 0 0
# stats: dump at 1338907964
stats: users 4 13
stats: {load,"os_mon@test2"} 1 1.23828125 0.0 1.71875 1.23828125 1.58984375 2
stats: {recvpackets,"os_mon@test3"} 1 7425.0 0.0 7425 3638 3638.0 1
stats: {sentpackets,"os_mon@test3"} 1 4982.0 0.0 4982 2491 2491.0 1
stats: {freemem,"os_mon@test2"} 1 1520.8515625 0.0 1521.69140625 1520.84375 1521.267578125 2
stats: {cpu,"os_mon@test3"} 1 14.255874673629243 0.0 14.255874673629243 2.4193548387096775 5.342120951182355 2
stats: {load,"os_mon@test4"} 1 0.94140625 0.0 1.12109375 0.94140625 1.0703125 2
stats: {freemem,"os_mon@test4"} 1 1446.66796875 0.0 1447.8203125 1446.66796875 1447.33203125 2
stats: {freemem,"os_mon@myserver"} 1 2230.54296875 0.0 2231.9609375 2230.54296875 2231.359375 2
stats: {recvpackets,"os_mon@test2"} 1 7443.0 0.0 7443 3640 3640.0 1
stats: {sentpackets,"os_mon@test2"} 1 4992.0 0.0 4992 2492 2492.0 1
stats: {load,"os_mon@test3"} 1 0.75 0.0 1.0390625 0.75 0.958984375 2
stats: {cpu,"os_mon@test2"} 1 13.03901437371663 0.0 13.03901437371663 2.1042084168336674 3.234845325168103 2
stats: {freemem,"os_mon@test3"} 1 1500.32421875 0.0 1500.6796875 1500.08203125 1500.380859375 2
stats: {recvpackets,"os_mon@test4"} 1 7430.0 0.0 7430 3630 3630.0 1
stats: {sentpackets,"os_mon@test4"} 1 4984.0 0.0 4984 2488 2488.0 1
stats: {cpu,"os_mon@test4"} 1 12.121212121212121 0.0 12.121212121212121 1.8009004502251125 3.1663112523028887 2
stats: {load,"os_mon@myserver"} 1 4.23828125 0.0 5.53125 4.23828125 5.2265625 2
stats: {recvpackets,"os_mon@myserver"} 1 7607.0 0.0 7607 3701 3701.0 1
stats: {sentpackets,"os_mon@myserver"} 1 5103.0 0.0 5103 2537 2537.0 1
stats: {cpu,"os_mon@myserver"} 1 20.48162859980139 0.0 20.48162859980139 1.664564943253468 5.72111521543674 2
stats: session 2510 12.269121366098101 2.647272685467284 48.62109375 8.744140625 12.169254951440818 2106
stats: users_count 2513 4620
stats: finish_users_count 2510 4616
stats: request 25052 0.9876315661860838 0.5501550326930269 18.48681640625 0.1279296875 0.9548413984972802 20910
stats: page 2504 10.411864454373008 2.4913535712844896 47.346923828125 7.515869140625 10.032388622369687 2091
stats: connect 2506 1.0176458335931273 0.3949008569380994 10.6640625 0.496826171875 1.0890976674587525 2091
stats: 200 25052 45962
stats: size_rcv 2680564 4917934
stats: newphase 6 12
stats: size_sent 3327034 6103284
stats: connected 2 2
# stats: dump at 1338907974
stats: users 1 18
stats: {load,"os_mon@test2"} 1 1.05078125 0.0 1.71875 1.05078125 1.47265625 3
stats: {recvpackets,"os_mon@test3"} 1 11344.0 0.0 11344 3638 5531.5 2
stats: {sentpackets,"os_mon@test3"} 1 7564.0 0.0 7564 2491 3736.5 2
stats: {freemem,"os_mon@test2"} 1 1520.640625 0.0 1521.69140625 1520.640625 1521.12890625 3
stats: {cpu,"os_mon@test3"} 1 23.21802935010482 0.0 23.21802935010482 2.4193548387096775 8.313372191997985 3
stats: {load,"os_mon@test4"} 1 0.87109375 0.0 1.12109375 0.87109375 1.02734375 3
stats: {freemem,"os_mon@test4"} 1 1447.03125 0.0 1447.8203125 1446.66796875 1447.1106770833333 3
stats: {freemem,"os_mon@myserver"} 1 2230.1953125 0.0 2231.9609375 2230.1953125 2231.0872395833335 3
stats: {recvpackets,"os_mon@test2"} 1 11346.0 0.0 11346 3640 5541.5 2
stats: {sentpackets,"os_mon@test2"} 1 7570.0 0.0 7570 2492 3742.0 2
stats: {load,"os_mon@test3"} 1 0.62890625 0.0 1.0390625 0.62890625 0.8893229166666666 3
stats: {cpu,"os_mon@test2"} 1 19.60081883316274 0.0 19.60081883316274 2.1042084168336674 6.502901674684279 3
stats: {freemem,"os_mon@test3"} 1 1499.9609375 0.0 1500.6796875 1499.9609375 1500.3619791666667 3
stats: {recvpackets,"os_mon@test4"} 1 11344.0 0.0 11344 3630 5530.0 2
stats: {sentpackets,"os_mon@test4"} 1 7565.0 0.0 7565 2488 3736.0 2
stats: {cpu,"os_mon@test4"} 1 18.482688391038696 0.0 18.482688391038696 1.8009004502251125 6.151278208605966 3
stats: {load,"os_mon@myserver"} 1 3.58984375 0.0 5.53125 3.58984375 4.897135416666667 3
stats: {recvpackets,"os_mon@myserver"} 1 11536.0 0.0 11536 3701 5654.0 2
stats: {sentpackets,"os_mon@myserver"} 1 7684.0 0.0 7684 2537 3820.0 2
stats: {cpu,"os_mon@myserver"} 1 29.87141444114738 0.0 29.87141444114738 1.664564943253468 10.64128634355829 3
stats: session 3439 12.891994927781527 17.158972734672123 1007.85009765625 8.450927734375 12.223558396152642 4616
stats: users_count 3436 8056
stats: finish_users_count 3439 8055
stats: request 33695 1.0574665948675634 5.461575052745475 998.776123046875 0.1279296875 0.9727139732533812 45962
stats: page 3369 11.147554492129531 17.32313722788328 1006.422119140625 7.364990234375 10.239180240070736 4595
stats: connect 3371 1.2855744250129784 17.15917728357876 997.2119140625 0.39794921875 1.0501465481054229 4597
stats: 200 33695 79657
stats: size_rcv 3605365 8523299
stats: newphase 6 18
stats: size_sent 4466587 10569871
stats: connected 2 4
# stats: dump at 1338907984
stats: users 9 18
stats: {load,"os_mon@test2"} 1 1.109375 0.0 1.71875 1.05078125 1.3671875 4
stats: {recvpackets,"os_mon@test3"} 1 15079.0 0.0 15079 3638 7469.0 3
stats: {sentpackets,"os_mon@test3"} 1 9987.0 0.0 9987 2491 5012.333333333333 3
stats: {freemem,"os_mon@test2"} 1 1520.76171875 0.0 1521.69140625 1520.640625 1521.0068359375 4
stats: {cpu,"os_mon@test3"} 1 30.641821946169774 0.0 30.641821946169774 2.4193548387096775 12.039536481524694 4
stats: {load,"os_mon@test4"} 1 0.87890625 0.0 1.12109375 0.87109375 0.98828125 4
stats: {freemem,"os_mon@test4"} 1 1447.15234375 0.0 1447.8203125 1446.66796875 1447.0908203125 4
stats: {freemem,"os_mon@myserver"} 1 2229.83984375 0.0 2231.9609375 2229.83984375 2230.8642578125 4
stats: {recvpackets,"os_mon@test2"} 1 15095.0 0.0 15095 3640 7476.333333333333 3
stats: {sentpackets,"os_mon@test2"} 1 9998.0 0.0 9998 2492 5018.0 3
stats: {load,"os_mon@test3"} 1 0.6796875 0.0 1.0390625 0.62890625 0.82421875 4
stats: {cpu,"os_mon@test2"} 1 28.549618320610687 0.0 28.549618320610687 2.1042084168336674 9.777380964303894 4
stats: {freemem,"os_mon@test3"} 1 1499.71875 0.0 1500.6796875 1499.71875 1500.26171875 4
stats: {recvpackets,"os_mon@test4"} 1 15079.0 0.0 15079 3630 7468.0 3
stats: {sentpackets,"os_mon@test4"} 1 9987.0 0.0 9987 2488 5012.333333333333 3
stats: {cpu,"os_mon@test4"} 1 25.77529232333503 0.0 25.77529232333503 1.8009004502251125 9.23413075421415 4
stats: {load,"os_mon@myserver"} 1 3.5 0.0 5.53125 3.5 4.5703125 4
stats: {recvpackets,"os_mon@myserver"} 1 15201.0 0.0 15201 3701 7614.666666666667 3
stats: {sentpackets,"os_mon@myserver"} 1 10076.0 0.0 10076 2537 5108.0 3
stats: {cpu,"os_mon@myserver"} 1 37.85661126271397 0.0 37.85661126271397 1.664564943253468 15.448818367955562 4
stats: session 4292 12.884060051767825 2.907875334453973 1007.85009765625 8.450927734375 12.50894054789339 8055
stats: users_count 4300 12356
stats: finish_users_count 4292 12347
stats: request 42589 1.0576547925740762 0.5518711856618516 998.776123046875 0.1279296875 1.0085644268894693 79657
stats: page 4258 11.187241754491549 2.8117419639900625 1006.422119140625 7.364990234375 10.623448554383403 7964
stats: connect 4259 0.9686203343287744 0.31412918692299485 997.2119140625 0.39794921875 1.149748377053135 7968
stats: 200 42589 122246
stats: size_rcv 4557023 13080322
stats: newphase 6 24
stats: size_sent 5653810 16223681
stats: connected 1 5
# stats: dump at 1338907994
stats: users 9 24
stats: {load,"os_mon@test2"} 1 1.25 0.0 1.71875 1.05078125 1.315625 5
stats: {recvpackets,"os_mon@test3"} 1 18831.0 0.0 18831 3638 9371.5 4
stats: {sentpackets,"os_mon@test3"} 1 12383.0 0.0 12383 2491 6256.0 4
stats: {freemem,"os_mon@test2"} 1 1520.640625 0.0 1521.69140625 1520.640625 1520.9578125 5
stats: {cpu,"os_mon@test3"} 1 34.98942917547569 0.0 34.98942917547569 2.4193548387096775 15.759993574453711 5
stats: {load,"os_mon@test4"} 1 0.73828125 0.0 1.12109375 0.73828125 0.96640625 5
stats: {freemem,"os_mon@test4"} 1 1446.91015625 0.0 1447.8203125 1446.66796875 1447.103125 5
stats: {freemem,"os_mon@myserver"} 1 2230.015625 0.0 2231.9609375 2229.83984375 2230.659375 5
stats: {recvpackets,"os_mon@test2"} 1 18812.0 0.0 18812 3640 9381.0 4
stats: {sentpackets,"os_mon@test2"} 1 12370.0 0.0 12370 2492 6263.0 4
stats: {load,"os_mon@test3"} 1 0.6484375 0.0 1.0390625 0.62890625 0.7953125 5
stats: {cpu,"os_mon@test2"} 1 34.32225063938618 0.0 34.32225063938618 2.1042084168336674 13.531828435565254 5
stats: {freemem,"os_mon@test3"} 1 1499.87890625 0.0 1500.6796875 1499.71875 1500.153125 5
stats: {recvpackets,"os_mon@test4"} 1 18828.0 0.0 18828 3630 9370.75 4
stats: {sentpackets,"os_mon@test4"} 1 12379.0 0.0 12379 2488 6256.0 4
stats: {cpu,"os_mon@test4"} 1 33.72210953346856 0.0 33.72210953346856 1.8009004502251125 12.542363068038325 5
stats: {load,"os_mon@myserver"} 1 3.0390625 0.0 5.53125 3.0390625 4.35625 5
stats: {recvpackets,"os_mon@myserver"} 1 19005.0 0.0 19005 3701 9511.25 4
stats: {sentpackets,"os_mon@myserver"} 1 12482.0 0.0 12482 2537 6350.0 4
stats: {cpu,"os_mon@myserver"} 1 45.42721122525683 0.0 45.42721122525683 1.664564943253468 19.930376946907245 5
stats: session 5265 14.258360413698938 6.549261577674074 1007.85009765625 8.450927734375 12.639337641165367 12347
stats: users_count 5265 17621
stats: finish_users_count 5265 17612
stats: request 51616 1.1874589015442787 1.7159862773765238 998.776123046875 0.1279296875 1.025666905368452 122246
stats: page 5159 12.56935652311195 6.558819625194804 1006.422119140625 7.364990234375 10.819867425767832 12222
stats: connect 5163 1.0314414160856122 0.4465004089629074 997.2119140625 0.39208984375 1.0866565038247835 12227
stats: 200 51616 173862
stats: size_rcv 5522912 18603234
stats: newphase 6 30
stats: size_sent 6853428 23077109
stats: connected 4 9
# stats: dump at 1338908004
stats: users 6 29
stats: {load,"os_mon@test2"} 1 1.19921875 0.0 1.71875 1.05078125 1.3046875 6
stats: {recvpackets,"os_mon@test3"} 1 22628.0 0.0 22628 3638 11263.4 5
stats: {sentpackets,"os_mon@test3"} 1 14776.0 0.0 14776 2491 7481.4 5
stats: {freemem,"os_mon@test2"} 1 1520.65625 0.0 1521.69140625 1520.640625 1520.9049479166667 6
stats: {cpu,"os_mon@test3"} 1 42.78131634819533 0.0 42.78131634819533 2.4193548387096775 18.964899507957373 6
stats: {load,"os_mon@test4"} 1 0.94140625 0.0 1.12109375 0.73828125 0.9283854166666666 6
stats: {freemem,"os_mon@test4"} 1 1446.7890625 0.0 1447.8203125 1446.66796875 1447.0709635416667 6
stats: {freemem,"os_mon@myserver"} 1 2229.42578125 0.0 2231.9609375 2229.42578125 2230.5520833333335 6
stats: {recvpackets,"os_mon@test2"} 1 22635.0 0.0 22635 3640 11267.2 5
stats: {sentpackets,"os_mon@test2"} 1 14775.0 0.0 14775 2492 7484.4 5
stats: {load,"os_mon@test3"} 1 0.7109375 0.0 1.0390625 0.62890625 0.7708333333333334 6
stats: {cpu,"os_mon@test2"} 1 41.64550533265617 0.0 41.64550533265617 2.1042084168336674 16.996898802868742 6
stats: {freemem,"os_mon@test3"} 1 1499.62890625 0.0 1500.6796875 1499.62890625 1500.107421875 6
stats: {recvpackets,"os_mon@test4"} 1 22561.0 0.0 22561 3630 11262.2 5
stats: {sentpackets,"os_mon@test4"} 1 14726.0 0.0 14726 2488 7480.6 5
stats: {cpu,"os_mon@test4"} 1 41.03359173126615 0.0 41.03359173126615 1.8009004502251125 16.072320812276697 6
stats: {load,"os_mon@myserver"} 1 2.80859375 0.0 5.53125 2.80859375 4.13671875 6
stats: {recvpackets,"os_mon@myserver"} 1 22730.0 0.0 22730 3701 11410.0 5
stats: {sentpackets,"os_mon@myserver"} 1 14842.0 0.0 14842 2537 7576.4 5
stats: {cpu,"os_mon@myserver"} 1 52.449999999999996 0.0 52.449999999999996 1.664564943253468 24.179849326632176 6
stats: session 6227 16.556113450623364 22.343206899622647 1013.4970703125 8.450927734375 13.12333462602735 17612
stats: users_count 6224 23845
stats: finish_users_count 6227 23839
stats: request 61356 1.3865999226402559 6.408551211484732 1002.538818359375 0.1279296875 1.0736995730854428 173862
stats: page 6138 14.671992297279749 21.944671444541306 1011.72900390625 7.364990234375 11.339147919018986 17381
stats: connect 6137 1.4469522243410822 18.082196577429855 1000.7900390625 0.39208984375 1.0702634332096403 17390
stats: 200 61356 235218
stats: size_rcv 6565092 25168326
stats: newphase 6 36
stats: size_sent 8132937 31210046
stats: connected -1 8
# stats: dump at 1338908014
stats: users 18 44
stats: {load,"os_mon@test2"} 1 1.171875 0.0 1.71875 1.05078125 1.2896205357142858 7
stats: {recvpackets,"os_mon@test3"} 1 26404.0 0.0 26404 3638 13157.5 6
stats: {sentpackets,"os_mon@test3"} 1 17266.0 0.0 17266 2491 8697.166666666666 6
stats: {freemem,"os_mon@test2"} 1 1520.4140625 0.0 1521.69140625 1520.4140625 1520.869419642857 7
stats: {cpu,"os_mon@test3"} 1 47.961884595023825 0.0 47.961884595023825 2.4193548387096775 22.36724477084851 7
stats: {load,"os_mon@test4"} 1 0.7890625 0.0 1.12109375 0.73828125 0.9302455357142857 7
stats: {freemem,"os_mon@test4"} 1 1446.44140625 0.0 1447.8203125 1446.44140625 1447.0306919642858 7
stats: {freemem,"os_mon@myserver"} 1 2229.2109375 0.0 2231.9609375 2229.2109375 2230.391183035714 7
stats: {recvpackets,"os_mon@test2"} 1 26380.0 0.0 26380 3640 13161.833333333334 6
stats: {sentpackets,"os_mon@test2"} 1 17250.0 0.0 17250 2492 8699.5 6
stats: {load,"os_mon@test3"} 1 0.6015625 0.0 1.0390625 0.6015625 0.7622767857142857 7
stats: {cpu,"os_mon@test2"} 1 48.455200823892895 0.0 48.455200823892895 2.1042084168336674 20.51812830712409 7
stats: {freemem,"os_mon@test3"} 1 1499.0078125 0.0 1500.6796875 1499.0078125 1500.0390625 7
stats: {recvpackets,"os_mon@test4"} 1 26407.0 0.0 26407 3630 13145.333333333334 6
stats: {sentpackets,"os_mon@test4"} 1 17267.0 0.0 17267 2488 8688.166666666666 6
stats: {cpu,"os_mon@test4"} 1 47.73895169578623 0.0 47.73895169578623 1.8009004502251125 19.638216657846616 7
stats: {load,"os_mon@myserver"} 1 2.6796875 0.0 5.53125 2.6796875 3.946986607142857 7
stats: {recvpackets,"os_mon@myserver"} 1 26401.0 0.0 26401 3701 13296.666666666666 6
stats: {sentpackets,"os_mon@myserver"} 1 17267.0 0.0 17267 2537 8787.333333333334 6
stats: {cpu,"os_mon@myserver"} 1 58.90032638714536 0.0 58.90032638714536 1.664564943253468 28.218442279970436 7
stats: session 7064 18.42948631900084 35.51030473526073 1255.589111328125 8.450927734375 14.020012915416979 23839
stats: users_count 7076 30921
stats: finish_users_count 7064 30903
stats: request 70281 1.5628726739023444 9.646407256284329 1205.467041015625 0.109130859375 1.155318810759792 235218
stats: page 7027 16.423512031161057 31.39500327154767 1254.2060546875 7.364990234375 12.208955257501259 23519
stats: connect 7029 1.6189364277124252 23.787967414983708 1000.7900390625 0.39208984375 1.1685224169803574 23527
stats: 200 70281 305499
stats: size_rcv 7520067 32688393
stats: newphase 6 42
stats: size_sent 9315121 40525167
stats: connected 2 10
# stats: dump at 1338908024
stats: users 9 65
stats: {load,"os_mon@test2"} 1 1.05859375 0.0 1.71875 1.05078125 1.27490234375 8
stats: {recvpackets,"os_mon@test3"} 1 30169.0 0.0 30169 3638 15049.857142857143 7
stats: {sentpackets,"os_mon@test3"} 1 19745.0 0.0 19745 2491 9921.285714285714 7
stats: {freemem,"os_mon@test2"} 1 1519.79296875 0.0 1521.69140625 1519.79296875 1520.8125 8
stats: {cpu,"os_mon@test3"} 1 55.243644067796616 0.0 55.243644067796616 2.4193548387096775 25.566574748870426 8
stats: {load,"os_mon@test4"} 1 0.98046875 0.0 1.12109375 0.73828125 0.91259765625 8
stats: {freemem,"os_mon@test4"} 1 1446.0625 0.0 1447.8203125 1446.0625 1446.95703125 8
stats: {freemem,"os_mon@myserver"} 1 2224.8515625 0.0 2231.9609375 2224.8515625 2230.24365234375 8
stats: {recvpackets,"os_mon@test2"} 1 30077.0 0.0 30077 3640 15050.142857142857 7
stats: {sentpackets,"os_mon@test2"} 1 19684.0 0.0 19684 2492 9921.0 7
stats: {load,"os_mon@test3"} 1 0.66015625 0.0 1.0390625 0.6015625 0.7421875 8
stats: {cpu,"os_mon@test2"} 1 53.16973415132924 0.0 53.16973415132924 2.1042084168336674 24.010262371720188 8
stats: {freemem,"os_mon@test3"} 1 1498.88671875 0.0 1500.6796875 1498.88671875 1499.91015625 8
stats: {recvpackets,"os_mon@test4"} 1 30080.0 0.0 30080 3630 15039.857142857143 7
stats: {sentpackets,"os_mon@test4"} 1 19687.0 0.0 19687 2488 9913.714285714286 7
stats: {cpu,"os_mon@test4"} 1 50.58051489146895 0.0 50.58051489146895 1.8009004502251125 23.150808537589068 8
stats: {load,"os_mon@myserver"} 1 2.421875 0.0 5.53125 2.421875 3.78857421875 8
stats: {recvpackets,"os_mon@myserver"} 1 30288.0 0.0 30288 3701 15168.714285714286 7
stats: {sentpackets,"os_mon@myserver"} 1 19815.0 0.0 19815 2537 9998.714285714286 7
stats: {cpu,"os_mon@myserver"} 1 64.83488782455255 0.0 64.83488782455255 1.664564943253468 32.0536777933673 8
stats: session 7999 24.369664097416436 44.35181782250301 1255.589111328125 8.450927734375 15.027957779116827 30903
stats: users_count 7990 38911
stats: finish_users_count 7999 38902
stats: request 80111 2.133809523612143 14.33470433042338 1205.467041015625 0.109130859375 1.2490778510693241 305499
stats: page 8009 22.266869083804096 46.11586955165925 1254.2060546875 7.364990234375 13.178499238661065 30546
stats: connect 8013 2.522959456020686 37.008687350664864 1005.268798828125 0.39208984375 1.2721341489294247 30556
stats: 200 80111 385610
stats: size_rcv 8571877 41260270
stats: newphase 6 48
stats: size_sent 10620105 51145272
stats: connected 4 14
# stats: dump at 1338908034
stats: users 56 93
stats: {load,"os_mon@test2"} 1 1.12890625 0.0 1.71875 1.05078125 1.2508680555555556 9
stats: {recvpackets,"os_mon@test3"} 1 33562.0 0.0 33562 3638 16939.75 8
stats: {sentpackets,"os_mon@test3"} 1 21872.0 0.0 21872 2491 11149.25 8
stats: {freemem,"os_mon@test2"} 1 1519.1875 0.0 1521.69140625 1519.1875 1520.69921875 9
stats: {cpu,"os_mon@test3"} 1 59.56989247311828 0.0 59.56989247311828 2.4193548387096775 28.86402689541778 9
stats: {load,"os_mon@test4"} 1 0.98046875 0.0 1.12109375 0.73828125 0.9201388888888888 9
stats: {freemem,"os_mon@test4"} 1 1445.9296875 0.0 1447.8203125 1445.9296875 1446.857638888889 9
stats: {freemem,"os_mon@myserver"} 1 2222.82421875 0.0 2231.9609375 2222.82421875 2229.64453125 9
stats: {recvpackets,"os_mon@test2"} 1 33537.0 0.0 33537 3640 16928.5 8
stats: {sentpackets,"os_mon@test2"} 1 21856.0 0.0 21856 2492 11141.375 8
stats: {load,"os_mon@test3"} 1 0.62890625 0.0 1.0390625 0.6015625 0.7330729166666666 9
stats: {cpu,"os_mon@test2"} 1 59.058341862845445 0.0 59.058341862845445 2.1042084168336674 27.250203680565637 9
stats: {freemem,"os_mon@test3"} 1 1498.43359375 0.0 1500.6796875 1498.43359375 1499.7964409722222 9
stats: {recvpackets,"os_mon@test4"} 1 33547.0 0.0 33547 3630 16919.875 8
stats: {sentpackets,"os_mon@test4"} 1 21866.0 0.0 21866 2488 11135.375 8
stats: {cpu,"os_mon@test4"} 1 55.44303797468354 0.0 55.44303797468354 1.8009004502251125 26.198553688020166 9
stats: {load,"os_mon@myserver"} 1 2.28125 0.0 5.53125 2.28125 3.63671875 9
stats: {recvpackets,"os_mon@myserver"} 1 33777.0 0.0 33777 3701 17058.625 8
stats: {sentpackets,"os_mon@myserver"} 1 22012.0 0.0 22012 2537 11225.75 8
stats: {cpu,"os_mon@myserver"} 1 69.56521739130434 0.0 69.56521739130434 1.664564943253468 35.69603446349899 9
stats: session 8728 41.56029196511036 70.84236660117291 1255.589111328125 8.450927734375 16.948792410757324 38902
stats: users_count 8775 47686
stats: finish_users_count 8728 47630
stats: request 87155 3.825957841924055 20.708163561009478 1205.467041015625 0.109130859375 1.4328820548479546 385610
stats: page 8695 39.074598003297496 69.95160737871555 1254.2060546875 7.364990234375 15.066419199489765 38555
stats: connect 8736 2.8035540179018534 39.9683762551273 1005.906982421875 0.39208984375 1.5320025195307438 38569
stats: 200 87155 472765
stats: size_rcv 9325585 50585855
stats: newphase 6 54
stats: size_sent 11570948 62716220
stats: connected 41 55
# stats: dump at 1338908044
stats: users 707 714
stats: {load,"os_mon@test2"} 1 1.03125 0.0 1.71875 1.03125 1.238671875 10
stats: {recvpackets,"os_mon@test3"} 1 37129.0 0.0 37129 3638 18786.666666666668 9
stats: {sentpackets,"os_mon@test3"} 1 24259.0 0.0 24259 2491 12340.666666666666 9
stats: {freemem,"os_mon@test2"} 1 1518.2265625 0.0 1521.69140625 1518.2265625 1520.548046875 10
stats: {cpu,"os_mon@test3"} 1 62.84182305630027 0.0 62.84182305630027 2.4193548387096775 31.93461345318783 10
stats: {load,"os_mon@test4"} 1 0.98046875 0.0 1.12109375 0.73828125 0.926171875 10
stats: {freemem,"os_mon@test4"} 1 1444.90234375 0.0 1447.8203125 1444.90234375 1446.76484375 10
stats: {freemem,"os_mon@myserver"} 1 2220.59765625 0.0 2231.9609375 2220.59765625 2228.9625 10
stats: {recvpackets,"os_mon@test2"} 1 37116.0 0.0 37116 3640 18773.88888888889 9
stats: {sentpackets,"os_mon@test2"} 1 24251.0 0.0 24251 2492 12331.888888888889 9
stats: {load,"os_mon@test3"} 1 0.76171875 0.0 1.0390625 0.6015625 0.72265625 10
stats: {cpu,"os_mon@test2"} 1 62.59067357512953 0.0 62.59067357512953 2.1042084168336674 30.43101749879362 10
stats: {freemem,"os_mon@test3"} 1 1497.40234375 0.0 1500.6796875 1497.40234375 1499.66015625 10
stats: {recvpackets,"os_mon@test4"} 1 37079.0 0.0 37079 3630 18767.333333333332 9
stats: {sentpackets,"os_mon@test4"} 1 24228.0 0.0 24228 2488 12327.666666666666 9
stats: {cpu,"os_mon@test4"} 1 61.933534743202415 0.0 61.933534743202415 1.8009004502251125 29.1230021166865 10
stats: {load,"os_mon@myserver"} 1 2.390625 0.0 5.53125 2.28125 3.501171875 10
stats: {recvpackets,"os_mon@myserver"} 1 37198.0 0.0 37198 3701 18916.222222222223 9
stats: {sentpackets,"os_mon@myserver"} 1 24311.0 0.0 24311 2537 12424.222222222223 9
stats: {cpu,"os_mon@myserver"} 1 73.69346733668341 0.0 73.69346733668341 1.664564943253468 39.08295275627953 10
stats: session 9000 220.65105246310765 240.85332078786612 2526.0029296875 8.450927734375 21.458747651370242 47630
stats: users_count 9651 57337
stats: finish_users_count 9000 56630
stats: request 92784 22.02332604953094 50.41010775768897 1415.413818359375 0.109130859375 1.8740494852258751 472765
stats: page 9026 197.4429239737546 227.59929485110914 2392.717041015625 7.364990234375 19.4844322089947 47250
stats: connect 9612 6.832834739859701 71.10807737655625 1411.052978515625 0.39208984375 1.7668249249798509 47305
stats: 200 92784 565549
stats: size_rcv 9927888 60513743
stats: newphase 6 60
stats: size_sent 12377192 75093412
stats: connected 586 641
# stats: dump at 1338908054
stats: users 1637 1677
stats: {load,"os_mon@test2"} 1 1.109375 0.0 1.71875 1.03125 1.2198153409090908 11
stats: {recvpackets,"os_mon@test3"} 1 38936.0 0.0 38936 3638 20620.9 10
stats: {sentpackets,"os_mon@test3"} 1 25421.0 0.0 25421 2491 13532.5 10
stats: {freemem,"os_mon@test2"} 1 1506.27734375 0.0 1521.69140625 1506.27734375 1520.337002840909 11
stats: {cpu,"os_mon@test3"} 1 67.88942052099947 0.0 67.88942052099947 2.4193548387096775 34.74435978074351 11
stats: {load,"os_mon@test4"} 1 0.98828125 0.0 1.12109375 0.73828125 0.9311079545454546 11
stats: {freemem,"os_mon@test4"} 1 1432.2265625 0.0 1447.8203125 1432.2265625 1446.5955255681818 11
stats: {freemem,"os_mon@myserver"} 1 2203.55078125 0.0 2231.9609375 2203.55078125 2228.202059659091 11
stats: {recvpackets,"os_mon@test2"} 1 38943.0 0.0 38943 3640 20608.1 10
stats: {sentpackets,"os_mon@test2"} 1 25425.0 0.0 25425 2492 13523.8 10
stats: {load,"os_mon@test3"} 1 0.87109375 0.0 1.0390625 0.6015625 0.7262073863636364 11
stats: {cpu,"os_mon@test2"} 1 67.5311203319502 0.0 67.5311203319502 2.1042084168336674 33.354622596642336 11
stats: {freemem,"os_mon@test3"} 1 1483.6328125 0.0 1500.6796875 1483.6328125 1499.4549005681818 11
stats: {recvpackets,"os_mon@test4"} 1 38952.0 0.0 38952 3630 20598.5 10
stats: {sentpackets,"os_mon@test4"} 1 25423.0 0.0 25423 2488 13517.7 10
stats: {cpu,"os_mon@test4"} 1 64.17682926829268 0.0 64.17682926829268 1.8009004502251125 32.10577781000613 11
stats: {load,"os_mon@myserver"} 1 2.48046875 0.0 5.53125 2.28125 3.4002130681818183 11
stats: {recvpackets,"os_mon@myserver"} 1 40067.0 0.0 40067 3701 20744.4 10
stats: {sentpackets,"os_mon@myserver"} 1 26171.0 0.0 26171 2537 13612.9 10
stats: {cpu,"os_mon@myserver"} 1 75.66844919786097 0.0 75.66844919786097 1.664564943253468 42.22936317267988 11
stats: session 8870 1262.1245532529279 810.5309360591956 7470.4599609375 8.450927734375 53.11565641537583 56630
stats: users_count 9800 67137
stats: finish_users_count 8870 65500
stats: request 91198 127.44978900754582 225.6641477248843 4446.760986328125 0.109130859375 5.179740904965776 565549
stats: page 8958 1228.071779524063 798.6866864447476 7467.990966796875 7.364990234375 48.02685431910777 56276
stats: connect 9344 189.72652074735464 428.4084298115904 3479.48095703125 0.39208984375 2.622359938080069 56917
stats: 200 91198 656747
stats: size_rcv 9758186 70271929
stats: newphase 6 66
stats: size_sent 12138615 87232027
stats: connected 386 1027
# stats: dump at 1338908064
stats: users 2638 2642
stats: {load,"os_mon@test2"} 1 1.23828125 0.0 1.71875 1.03125 1.2106119791666667 12
stats: {recvpackets,"os_mon@test3"} 1 39586.0 0.0 39586 3638 22285.909090909092 11
stats: {sentpackets,"os_mon@test3"} 1 25822.0 0.0 25822 2491 14613.272727272728 11
stats: {freemem,"os_mon@test2"} 1 1495.8359375 0.0 1521.69140625 1495.8359375 1519.1653645833333 12
stats: {cpu,"os_mon@test3"} 1 70.85084033613445 0.0 70.85084033613445 2.4193548387096775 37.50644817576484 12
stats: {load,"os_mon@test4"} 1 1.0703125 0.0 1.12109375 0.73828125 0.9358723958333334 12
stats: {freemem,"os_mon@test4"} 1 1424.890625 0.0 1447.8203125 1424.890625 1445.3981119791667 12
stats: {freemem,"os_mon@myserver"} 1 2196.09765625 0.0 2231.9609375 2196.09765625 2226.1477864583335 12
stats: {recvpackets,"os_mon@test2"} 1 39597.0 0.0 39597 3640 22274.909090909092 11
stats: {sentpackets,"os_mon@test2"} 1 25826.0 0.0 25826 2492 14605.727272727272 11
stats: {load,"os_mon@test3"} 1 0.80859375 0.0 1.0390625 0.6015625 0.73828125 12
stats: {cpu,"os_mon@test2"} 1 67.79918864097363 0.0 67.79918864097363 2.1042084168336674 36.20266407458466 12
stats: {freemem,"os_mon@test3"} 1 1475.8203125 0.0 1500.6796875 1475.8203125 1498.1363932291667 12
stats: {recvpackets,"os_mon@test4"} 1 39622.0 0.0 39622 3630 22267.0 11
stats: {sentpackets,"os_mon@test4"} 1 25848.0 0.0 25848 2488 1.46e4 11
stats: {cpu,"os_mon@test4"} 1 67.74847870182555 0.0 67.74847870182555 1.8009004502251125 34.77836543153001 12
stats: {load,"os_mon@myserver"} 1 2.6015625 0.0 5.53125 2.28125 3.3235677083333335 12
stats: {recvpackets,"os_mon@myserver"} 1 46197.0 0.0 46197 3701 22501.0 11
stats: {sentpackets,"os_mon@myserver"} 1 30115.0 0.0 30115 2537 14754.545454545454 11
stats: {cpu,"os_mon@myserver"} 1 84.42604609532334 0.0 84.42604609532334 1.664564943253468 45.0159536747783 12
stats: session 9421 1756.4029190780989 1234.6462772796806 12592.073974609375 8.450927734375 216.83945664360618 65500
stats: users_count 10422 77559
stats: finish_users_count 9421 74921
stats: request 93611 176.06456527304726 398.810308341497 9437.7060546875 0.109130859375 22.158552908460415 656747
stats: page 9334 1747.385096420639 1234.9509889654225 12590.076904296875 7.364990234375 210.0718376098149 65234
stats: connect 9292 529.2726890770888 887.4420869116855 8391.85693359375 0.39208984375 29.00743228232271 66261
stats: 200 93611 750358
stats: size_rcv 10016377 80288306
stats: newphase 6 72
stats: size_sent 12411098 99643125
stats: connected -42 985
# stats: dump at 1338908074
stats: users 4370 4428
stats: {load,"os_mon@test2"} 1 1.2109375 0.0 1.71875 1.03125 1.2127403846153846 13
stats: {recvpackets,"os_mon@test3"} 1 42343.0 0.0 42343 3638 23727.583333333332 12
stats: {sentpackets,"os_mon@test3"} 1 27529.0 0.0 27529 2491 15547.333333333334 12
stats: {freemem,"os_mon@test2"} 1 1487.8046875 0.0 1521.69140625 1487.8046875 1517.3707932692307 13
stats: {cpu,"os_mon@test3"} 1 70.38199895342753 0.0 70.85084033613445 2.4193548387096775 40.071401418870195 13
stats: {load,"os_mon@test4"} 1 1.2109375 0.0 1.2109375 0.73828125 0.9462139423076923 13
stats: {freemem,"os_mon@test4"} 1 1417.13671875 0.0 1447.8203125 1417.13671875 1443.8206129807693 13
stats: {freemem,"os_mon@myserver"} 1 2193.26171875 0.0 2231.9609375 2193.26171875 2223.836237980769 13
stats: {recvpackets,"os_mon@test2"} 1 43368.0 0.0 43368 3640 23718.416666666668 12
stats: {sentpackets,"os_mon@test2"} 1 28209.0 0.0 28209 2492 15540.75 12
stats: {load,"os_mon@test3"} 1 1.0 0.0 1.0390625 0.6015625 0.7436899038461539 13
stats: {cpu,"os_mon@test2"} 1 67.35751295336787 0.0 67.79918864097363 2.1042084168336674 38.63316596430689 13
stats: {freemem,"os_mon@test3"} 1 1467.05859375 0.0 1500.6796875 1467.05859375 1496.4197716346155 13
stats: {recvpackets,"os_mon@test4"} 1 42353.0 0.0 42353 3630 23713.25 12
stats: {sentpackets,"os_mon@test4"} 1 27545.0 0.0 27545 2488 15537.333333333334 12
stats: {cpu,"os_mon@test4"} 1 67.7931387608807 0.0 67.7931387608807 1.8009004502251125 37.31452799078352 13
stats: {load,"os_mon@myserver"} 1 2.80859375 0.0 5.53125 2.28125 3.2680288461538463 13
stats: {recvpackets,"os_mon@myserver"} 1 44346.0 0.0 46197 3701 24475.666666666668 12
stats: {sentpackets,"os_mon@myserver"} 1 28841.0 0.0 30115 2537 16034.583333333334 12
stats: {cpu,"os_mon@myserver"} 1 84.9009900990099 0.0 84.9009900990099 1.664564943253468 48.047499245589464 13
stats: session 9134 2363.1070552364063 2136.1288472753076 19974.33984375 8.450927734375 410.43307364812233 74921
stats: users_count 10866 88425
stats: finish_users_count 9134 84055
stats: request 93154 246.14797762066428 754.5212270360921 18575.31494140625 0.109130859375 41.35911547121225 750358
stats: page 9095 2325.7698718926026 2118.6332831674654 19972.44384765625 7.364990234375 402.504006338227 74568
stats: connect 9512 1084.7882204047717 1988.4314209615081 18454.0859375 0.39208984375 90.53331168005631 75553
stats: 200 93154 843512
stats: size_rcv 9967478 90255784
stats: newphase 6 78
stats: size_sent 12411753 112054878
stats: connected 417 1402
# stats: dump at 1338908084
stats: users 4429 4505
stats: {load,"os_mon@test2"} 1 1.328125 0.0 1.71875 1.03125 1.2126116071428572 14
stats: {recvpackets,"os_mon@test3"} 1 41740.0 0.0 42343 3638 25159.53846153846 13
stats: {sentpackets,"os_mon@test3"} 1 27352.0 0.0 27529 2491 16469.0 13
stats: {freemem,"os_mon@test2"} 1 1470.2421875 0.0 1521.69140625 1470.2421875 1515.2589285714287 14
stats: {cpu,"os_mon@test3"} 1 73.59958506224066 0.0 73.59958506224066 2.4193548387096775 42.23644409991 14
stats: {load,"os_mon@test4"} 1 1.1796875 0.0 1.2109375 0.73828125 0.9651227678571429 14
stats: {freemem,"os_mon@test4"} 1 1403.06640625 0.0 1447.8203125 1403.06640625 1441.9146205357142 14
stats: {freemem,"os_mon@myserver"} 1 2193.5546875 0.0 2231.9609375 2193.26171875 2221.6523437499995 14
stats: {recvpackets,"os_mon@test2"} 1 41183.0 0.0 43368 3640 25229.923076923078 13
stats: {sentpackets,"os_mon@test2"} 1 27020.0 0.0 28209 2492 16515.23076923077 13
stats: {load,"os_mon@test3"} 1 1.0 0.0 1.0390625 0.6015625 0.7619977678571429 14
stats: {cpu,"os_mon@test2"} 1 67.53517457008859 0.0 67.79918864097363 2.1042084168336674 40.684905034954106 14
stats: {freemem,"os_mon@test3"} 1 1441.87890625 0.0 1500.6796875 1441.87890625 1494.322544642857 14
stats: {recvpackets,"os_mon@test4"} 1 41802.0 0.0 42353 3630 25147.076923076922 13
stats: {sentpackets,"os_mon@test4"} 1 27395.0 0.0 27545 2488 16461.0 13
stats: {cpu,"os_mon@test4"} 1 69.39192641798671 0.0 69.39192641798671 1.8009004502251125 39.49157161721903 14
stats: {load,"os_mon@myserver"} 1 2.98828125 0.0 5.53125 2.28125 3.2352120535714284 14
stats: {recvpackets,"os_mon@myserver"} 1 36827.0 0.0 46197 3701 26004.153846153848 13
stats: {sentpackets,"os_mon@myserver"} 1 24181.0 0.0 30115 2537 17019.69230769231 13
stats: {cpu,"os_mon@myserver"} 1 84.3558282208589 0.0 84.9009900990099 1.664564943253468 50.679891449405204 14
stats: session 9202 3358.627364571734 3720.8779189336674 24924.06689453125 8.450927734375 622.6241883685719 84055
stats: users_count 9261 97686
stats: finish_users_count 9202 93257
stats: request 92538 338.44165890697496 1353.3396107311082 31138.64892578125 0.109130859375 63.97515610213399 843512
stats: page 9224 3352.3774171615837 3699.377492833749 24921.9609375 7.364990234375 611.5821298482259 83663
stats: connect 9378 1953.8131281063088 3687.538891971573 31072.718017578125 0.39208984375 201.71126608891416 85065
stats: 200 92538 936050
stats: size_rcv 9901566 100157350
stats: newphase 6 84
stats: size_sent 12293780 124348658
stats: connected 154 1556
# stats: dump at 1338908094
stats: users 4102 4541
stats: {load,"os_mon@test2"} 1 1.51171875 0.0 1.71875 1.03125 1.2203125 15
stats: {recvpackets,"os_mon@test3"} 1 38653.0 0.0 42343 3638 26343.85714285714 14
stats: {sentpackets,"os_mon@test3"} 1 25301.0 0.0 27529 2491 17246.35714285714 14
stats: {freemem,"os_mon@test2"} 1 1471.53515625 0.0 1521.69140625 1470.2421875 1512.2578125 15
stats: {cpu,"os_mon@test3"} 1 76.67682926829268 0.0 76.67682926829268 2.4193548387096775 44.32732016406538 15
stats: {load,"os_mon@test4"} 1 1.23046875 0.0 1.23046875 0.73828125 0.9794270833333333 15
stats: {freemem,"os_mon@test4"} 1 1401.3671875 0.0 1447.8203125 1401.3671875 1439.3247395833334 15
stats: {freemem,"os_mon@myserver"} 1 2194.515625 0.0 2231.9609375 2193.26171875 2219.7791666666662 15
stats: {recvpackets,"os_mon@test2"} 1 38160.0 0.0 43368 3640 26369.428571428572 14
stats: {sentpackets,"os_mon@test2"} 1 24946.0 0.0 28209 2492 17265.571428571428 14
stats: {load,"os_mon@test3"} 1 1.078125 0.0 1.078125 0.6015625 0.7778645833333333 15
stats: {cpu,"os_mon@test2"} 1 63.48547717842323 0.0 67.79918864097363 2.1042084168336674 42.47492300396307 15
stats: {freemem,"os_mon@test3"} 1 1406.20703125 0.0 1500.6796875 1406.20703125 1490.8263020833333 15
stats: {recvpackets,"os_mon@test4"} 1 38236.0 0.0 42353 3630 26336.714285714286 14
stats: {sentpackets,"os_mon@test4"} 1 25020.0 0.0 27545 2488 17242.0 14
stats: {cpu,"os_mon@test4"} 1 60.530265132566285 0.0 69.39192641798671 1.8009004502251125 41.48492860393687 15
stats: {load,"os_mon@myserver"} 1 2.98828125 0.0 5.53125 2.28125 3.21875 15
stats: {recvpackets,"os_mon@myserver"} 1 39429.0 0.0 46197 3701 26777.214285714286 14
stats: {sentpackets,"os_mon@myserver"} 1 25892.0 0.0 30115 2537 17531.214285714286 14
stats: {cpu,"os_mon@myserver"} 1 84.92563650113436 0.0 84.92563650113436 1.664564943253468 52.924953900835455 15
stats: session 9633 3216.3391476716947 4456.145846093192 36129.031982421875 8.450927734375 892.5953565106041 93257
stats: users_count 9306 106992
stats: finish_users_count 9633 102890
stats: request 95583 312.52465485963904 1503.4811293270857 34274.322021484375 0.109130859375 91.10894301154521 936050
stats: page 9769 3221.1684745502007 4435.844433771422 36127.8662109375 7.364990234375 883.7525706007361 92887
stats: connect 9429 1990.5028244343878 4323.5487656838095 34225.3681640625 0.39208984375 375.6914579718396 94443
stats: 200 95583 1031633
stats: size_rcv 10227381 110384731
stats: newphase 6 90
stats: size_sent 12642451 136991109
stats: connected -340 1216
# stats: dump at 1338908104
stats: users 4933 4949
stats: {load,"os_mon@test2"} 1 1.4296875 0.0 1.71875 1.03125 1.238525390625 16
stats: {recvpackets,"os_mon@test3"} 1 41153.0 0.0 42343 3638 27164.466666666667 15
stats: {sentpackets,"os_mon@test3"} 1 27161.0 0.0 27529 2491 17783.333333333332 15
stats: {freemem,"os_mon@test2"} 1 1471.29296875 0.0 1521.69140625 1470.2421875 1509.712646484375 16
stats: {cpu,"os_mon@test3"} 1 79.79381443298969 0.0 79.79381443298969 2.4193548387096775 46.34916448307958 16
stats: {load,"os_mon@test4"} 1 1.26171875 0.0 1.26171875 0.73828125 0.9951171875 16
stats: {freemem,"os_mon@test4"} 1 1399.80859375 0.0 1447.8203125 1399.80859375 1436.952392578125 16
stats: {freemem,"os_mon@myserver"} 1 2191.8125 0.0 2231.9609375 2191.8125 2218.2001953124995 16
stats: {recvpackets,"os_mon@test2"} 1 41168.0 0.0 43368 3640 27155.466666666667 15
stats: {sentpackets,"os_mon@test2"} 1 27164.0 0.0 28209 2492 17777.6 15
stats: {load,"os_mon@test3"} 1 1.140625 0.0 1.140625 0.6015625 0.796630859375 16
stats: {cpu,"os_mon@test2"} 1 59.11917098445596 0.0 67.79918864097363 2.1042084168336674 43.78808263986683 16
stats: {freemem,"os_mon@test3"} 1 1388.8671875 0.0 1500.6796875 1388.8671875 1485.53759765625 16
stats: {recvpackets,"os_mon@test4"} 1 40936.0 0.0 42353 3630 27130.0 15
stats: {sentpackets,"os_mon@test4"} 1 27003.0 0.0 27545 2488 17760.533333333333 15
stats: {cpu,"os_mon@test4"} 1 64.00610066090493 0.0 69.39192641798671 1.8009004502251125 42.675262136976215 16
stats: {load,"os_mon@myserver"} 1 2.98828125 0.0 5.53125 2.28125 3.204345703125 16
stats: {recvpackets,"os_mon@myserver"} 1 40393.0 0.0 46197 3701 27620.666666666668 15
stats: {sentpackets,"os_mon@myserver"} 1 26536.0 0.0 30115 2537 18088.6 15
stats: {cpu,"os_mon@myserver"} 1 84.82693219535324 0.0 84.92563650113436 1.664564943253468 54.924996563354135 16
stats: session 9112 3287.900843780222 4530.7638047710825 39545.2919921875 8.450927734375 1110.154146871716 102890
stats: users_count 9943 116935
stats: finish_users_count 9112 112002
stats: request 92669 330.7185217114274 1537.8646998527358 35245.554931640625 0.109130859375 111.62358143972301 1031633
stats: page 9194 3267.4306645935935 4526.2866911811825 39543.2109375 7.364990234375 1106.1868751292811 102656
stats: connect 9359 1975.2595606658265 4368.565516119362 34455.322021484375 0.39208984375 522.2762582488668 103872
stats: 200 92669 1124302
stats: size_rcv 9915583 120300314
stats: newphase 6 96
stats: size_sent 12322121 149313230
stats: connected 165 1381
# stats: dump at 1338908114
stats: users 3499 4978
stats: {load,"os_mon@test2"} 1 1.37109375 0.0 1.71875 1.03125 1.2497702205882353 17
stats: {recvpackets,"os_mon@test3"} 1 36403.0 0.0 42343 3638 28038.75 16
stats: {sentpackets,"os_mon@test3"} 1 23606.0 0.0 27529 2491 18369.4375 16
stats: {freemem,"os_mon@test2"} 1 1471.6015625 0.0 1521.69140625 1470.2421875 1507.4526654411766 17
stats: {cpu,"os_mon@test3"} 1 67.2699069286453 0.0 79.79381443298969 2.4193548387096775 48.3164968330743 17
stats: {load,"os_mon@test4"} 1 1.21875 0.0 1.26171875 0.73828125 1.0107996323529411 17
stats: {freemem,"os_mon@test4"} 1 1349.35546875 0.0 1447.8203125 1349.35546875 1434.7674632352941 17
stats: {freemem,"os_mon@myserver"} 1 2191.4375 0.0 2231.9609375 2191.4375 2216.647977941176 17
stats: {recvpackets,"os_mon@test2"} 1 36387.0 0.0 43368 3640 28031.25 16
stats: {sentpackets,"os_mon@test2"} 1 23596.0 0.0 28209 2492 18364.25 16
stats: {load,"os_mon@test3"} 1 1.26171875 0.0 1.26171875 0.6015625 0.8168658088235294 17
stats: {cpu,"os_mon@test2"} 1 60.09316770186336 0.0 67.79918864097363 2.1042084168336674 44.68991136601913 17
stats: {freemem,"os_mon@test3"} 1 1384.48046875 0.0 1500.6796875 1384.48046875 1479.8511029411766 17
stats: {recvpackets,"os_mon@test4"} 1 36385.0 0.0 42353 3630 27992.875 16
stats: {sentpackets,"os_mon@test4"} 1 23596.0 0.0 27545 2488 18338.1875 16
stats: {cpu,"os_mon@test4"} 1 71.64179104477611 0.0 71.64179104477611 1.8009004502251125 43.93001734426614 17
stats: {load,"os_mon@myserver"} 1 3.0703125 0.0 5.53125 2.28125 3.1916360294117645 17
stats: {recvpackets,"os_mon@myserver"} 1 47536.0 0.0 47536 3701 28418.9375 16
stats: {sentpackets,"os_mon@myserver"} 1 31024.0 0.0 31024 2537 18616.5625 16
stats: {cpu,"os_mon@myserver"} 1 85.43922984356198 0.0 85.43922984356198 1.664564943253468 56.68393395347173 17
stats: session 9577 3178.6485552748536 4045.765695629526 39545.2919921875 8.450927734375 1287.3262322115343 112002
stats: users_count 8143 125078
stats: finish_users_count 9577 121579
stats: request 94268 322.3200084844709 1391.7738708384074 35245.554931640625 0.109130859375 129.6821715872444 1124302
stats: 200 94268 1218570
stats: page 9540 3176.512000791286 4050.781692889624 39543.2109375 7.364990234375 1283.8397620343762 111850
stats: connect 9176 1915.3704527478264 3984.0211150072023 34455.322021484375 0.342041015625 642.3712033374056 113231
stats: size_rcv 10086676 130386990
stats: newphase 6 102
stats: size_sent 12452291 161765521
stats: connected -364 1017
# stats: dump at 1338908124
stats: users 3502 4978
stats: {load,"os_mon@test2"} 1 1.390625 0.0 1.71875 1.03125 1.2565104166666667 18
stats: {recvpackets,"os_mon@test3"} 1 39155.0 0.0 42343 3638 28530.764705882353 17
stats: {sentpackets,"os_mon@test3"} 1 26099.0 0.0 27529 2491 18677.470588235294 17
stats: {freemem,"os_mon@test2"} 1 1448.68359375 0.0 1521.69140625 1448.68359375 1505.4609375 18
stats: {cpu,"os_mon@test3"} 1 67.7120822622108 0.0 79.79381443298969 2.4193548387096775 49.36946406060602 18
stats: {load,"os_mon@test4"} 1 1.19140625 0.0 1.26171875 0.73828125 1.0223524305555556 18
stats: {freemem,"os_mon@test4"} 1 1337.51953125 0.0 1447.8203125 1337.51953125 1430.0223524305557 18
stats: {freemem,"os_mon@myserver"} 1 2191.16796875 0.0 2231.9609375 2191.16796875 2215.247395833333 18
stats: {recvpackets,"os_mon@test2"} 1 39028.0 0.0 43368 3640 28522.764705882353 17
stats: {sentpackets,"os_mon@test2"} 1 26009.0 0.0 28209 2492 18672.0 17
stats: {load,"os_mon@test3"} 1 1.37890625 0.0 1.37890625 0.6015625 0.8415798611111112 18
stats: {cpu,"os_mon@test2"} 1 66.66666666666666 0.0 67.79918864097363 2.1042084168336674 45.545647829121584 18
stats: {freemem,"os_mon@test3"} 1 1381.89453125 0.0 1500.6796875 1381.89453125 1474.552734375 18
stats: {recvpackets,"os_mon@test4"} 1 38841.0 0.0 42353 3630 28486.529411764706 17
stats: {sentpackets,"os_mon@test4"} 1 25878.0 0.0 27545 2488 18647.470588235294 17
stats: {cpu,"os_mon@test4"} 1 68.25641025641026 0.0 71.64179104477611 1.8009004502251125 45.46956032762781 18
stats: {load,"os_mon@myserver"} 1 3.140625 0.0 5.53125 2.28125 3.1848958333333335 18
stats: {recvpackets,"os_mon@myserver"} 1 38026.0 0.0 47536 3701 29543.470588235294 17
stats: {sentpackets,"os_mon@myserver"} 1 25363.0 0.0 31024 2537 19346.41176470588 17
stats: {cpu,"os_mon@myserver"} 1 85.4038854805726 0.0 85.43922984356198 1.664564943253468 58.281450391810075 18
stats: session 9192 3026.9687395353126 4047.871363155598 39545.2919921875 8.450927734375 1436.3091477477485 121579
stats: users_count 9195 134273
stats: finish_users_count 9192 130771
stats: request 93487 324.48612909791285 1514.3526552369106 35275.080810546875 0.109130859375 144.58454371902815 1218570
stats: page 9168 2993.834427492363 3980.6455810712605 39543.2109375 7.364990234375 1432.584248052507 121390
stats: connect 9699 1915.5491821905784 4287.037228693279 35011.909912109375 0.342041015625 737.7990882834465 122407
stats: 200 93487 1312057
stats: size_rcv 10003109 140390099
stats: newphase 6 108
stats: size_sent 12466056 174231577
stats: connected 531 1548
stats: error_connect_etimedout 138 138
# stats: dump at 1338908134
stats: users 3971 4978
stats: {load,"os_mon@test2"} 1 1.25 0.0 1.71875 1.03125 1.2635690789473684 19
stats: {recvpackets,"os_mon@test3"} 1 39150.0 0.0 42343 3638 29121.0 18
stats: {sentpackets,"os_mon@test3"} 1 26082.0 0.0 27529 2491 19089.777777777777 18
stats: {freemem,"os_mon@test2"} 1 1442.15234375 0.0 1521.69140625 1442.15234375 1502.47265625 19
stats: {cpu,"os_mon@test3"} 1 84.31168831168831 0.0 84.31168831168831 2.4193548387096775 50.33486501858521 19
stats: {load,"os_mon@test4"} 1 1.23828125 0.0 1.26171875 0.73828125 1.03125 19
stats: {freemem,"os_mon@test4"} 1 1332.37890625 0.0 1447.8203125 1332.37890625 1425.1537828947369 19
stats: {freemem,"os_mon@myserver"} 1 2186.08984375 0.0 2231.9609375 2186.08984375 2213.980057565789 19
stats: {recvpackets,"os_mon@test2"} 1 39247.0 0.0 43368 3640 29106.38888888889 18
stats: {sentpackets,"os_mon@test2"} 1 26152.0 0.0 28209 2492 19079.61111111111 18
stats: {load,"os_mon@test3"} 1 1.46875 0.0 1.46875 0.6015625 0.869860197368421 19
stats: {cpu,"os_mon@test2"} 1 64.04199475065617 0.0 67.79918864097363 2.1042084168336674 46.6572803995187 19
stats: {freemem,"os_mon@test3"} 1 1353.796875 0.0 1500.6796875 1353.796875 1469.6759868421052 19
stats: {recvpackets,"os_mon@test4"} 1 38990.0 0.0 42353 3630 29061.777777777777 18
stats: {sentpackets,"os_mon@test4"} 1 26005.0 0.0 27545 2488 19049.166666666668 18
stats: {cpu,"os_mon@test4"} 1 62.61538461538462 0.0 71.64179104477611 1.8009004502251125 46.66886821861636 19
stats: {load,"os_mon@myserver"} 1 3.12109375 0.0 5.53125 2.28125 3.182565789473684 19
stats: {recvpackets,"os_mon@myserver"} 1 41354.0 0.0 47536 3701 30014.722222222223 18
stats: {sentpackets,"os_mon@myserver"} 1 27457.0 0.0 31024 2537 19680.666666666668 18
stats: {cpu,"os_mon@myserver"} 1 85.69617042860766 0.0 85.69617042860766 1.664564943253468 59.70894697542916 19
stats: session 9315 4313.934196618775 8498.277607027203 81431.17700195313 8.450927734375 1548.1179047941218 130771
stats: users_count 9784 144057
stats: finish_users_count 9315 140086
stats: request 93479 374.4916976621679 1770.4223582188981 39293.510986328125 0.109130859375 157.40293462149336 1312057
stats: page 9202 3549.4667584046724 4739.306775885507 39543.2109375 7.364990234375 1542.2178334712833 130558
stats: connect 9266 1917.977889859849 5129.511462185911 35011.909912109375 0.342041015625 824.267516370023 132106
stats: 200 93479 1405536
stats: size_rcv 10002253 150392352
stats: newphase 6 114
stats: size_sent 12408389 186639966
stats: connected 64 1612
stats: error_connect_etimedout 272 410
stats: error_abort 1 1
EndMonitor:{1338,908134,581174}
