# stats: dump at 1338908357
stats: users 0 0
# stats: dump at 1338908367
stats: users 1 8
stats: {load,"os_mon@test2"} 1 0.62890625 0 0.62890625 0.62890625 0 0
stats: {freemem,"os_mon@test2"} 1 1520.4765625 0 1520.4765625 1520.4765625 0 0
stats: {load,"os_mon@test4"} 1 0.94921875 0 0.94921875 0.94921875 0 0
stats: {cpu,"os_mon@test3"} 1 2.665995975855131 0 2.665995975855131 2.665995975855131 0 0
stats: {freemem,"os_mon@test4"} 1 1447.83984375 0 1447.83984375 1447.83984375 0 0
stats: {freemem,"os_mon@myserver"} 1 2184.6875 0 2184.6875 2184.6875 0 0
stats: {load,"os_mon@test3"} 1 0.51953125 0 0.51953125 0.51953125 0 0
stats: {cpu,"os_mon@test2"} 1 2.4072216649949847 0 2.4072216649949847 2.4072216649949847 0 0
stats: {freemem,"os_mon@test3"} 1 1498.859375 0 1498.859375 1498.859375 0 0
stats: {cpu,"os_mon@test4"} 1 2.4975024975024978 0 2.4975024975024978 2.4975024975024978 0 0
stats: {load,"os_mon@myserver"} 1 1.12109375 0 1.12109375 1.12109375 0 0
stats: {cpu,"os_mon@myserver"} 1 1.5338194619059593 0 1.5338194619059593 1.5338194619059593 0 0
stats: session 543 19.227027850915054 4.838222181556773 43.824951171875 12.798095703125 0 0
stats: users_count 544 544
stats: finish_users_count 543 543
stats: request 5359 1.6463667920641678 0.7960672170612936 8.60595703125 0.39501953125 0 0
stats: page 535 17.050186642085258 4.685085885959763 39.452880859375 10.718994140625 0 0
stats: connect 539 1.171150278293135 0.334061732345544 5.053955078125 0.577880859375 0 0
stats: 200 5359 5359
stats: size_rcv 792025 792025
stats: size_sent 711273 711273
stats: connected 4 4
# stats: dump at 1338908377
stats: users 49 59
stats: {load,"os_mon@test2"} 1 0.53125 0.0 0.62890625 0.53125 0.62890625 1
stats: {recvpackets,"os_mon@test3"} 1 3471 0 3471 3471 0 0
stats: {sentpackets,"os_mon@test3"} 1 2324 0 2324 2324 0 0
stats: {freemem,"os_mon@test2"} 1 1519.6875 0.0 1520.4765625 1519.6875 1520.4765625 1
stats: {load,"os_mon@test4"} 1 0.87890625 0.0 0.94921875 0.87890625 0.94921875 1
stats: {cpu,"os_mon@test3"} 1 6.741573033707865 0.0 6.741573033707865 2.665995975855131 2.665995975855131 1
stats: {freemem,"os_mon@test4"} 1 1447.0078125 0.0 1447.83984375 1447.0078125 1447.83984375 1
stats: {freemem,"os_mon@myserver"} 1 2184.734375 0.0 2184.734375 2184.6875 2184.6875 1
stats: {recvpackets,"os_mon@test2"} 1 3496 0 3496 3496 0 0
stats: {sentpackets,"os_mon@test2"} 1 2333 0 2333 2333 0 0
stats: {load,"os_mon@test3"} 1 0.51953125 0.0 0.51953125 0.51953125 0.51953125 1
stats: {cpu,"os_mon@test2"} 1 5.134722928317234 0.0 5.134722928317234 2.4072216649949847 2.4072216649949847 1
stats: {recvpackets,"os_mon@test4"} 1 3460 0 3460 3460 0 0
stats: {sentpackets,"os_mon@test4"} 1 2316 0 2316 2316 0 0
stats: {freemem,"os_mon@test3"} 1 1498.80078125 0.0 1498.859375 1498.80078125 1498.859375 1
stats: {cpu,"os_mon@test4"} 1 5.143721633888049 0.0 5.143721633888049 2.4975024975024978 2.4975024975024978 1
stats: {load,"os_mon@myserver"} 1 1.109375 0.0 1.12109375 1.109375 1.12109375 1
stats: {recvpackets,"os_mon@myserver"} 1 3622 0 3622 3622 0 0
stats: {sentpackets,"os_mon@myserver"} 1 2420 0 2420 2420 0 0
stats: {cpu,"os_mon@myserver"} 1 10.42713567839196 0.0 10.42713567839196 1.5338194619059593 1.5338194619059593 1
stats: session 1537 73.6535156885369 63.80430527653053 296.680908203125 11.22412109375 19.227027850915054 543
stats: users_count 1585 2129
stats: finish_users_count 1537 2080
stats: request 15605 7.319963349962973 7.0653128005548025 55.394775390625 0.35205078125 1.6463667920641678 5359
stats: page 1539 70.82598547783664 63.02059870072019 294.95703125 9.85595703125 17.050186642085258 535
stats: connect 1587 1.0294264064469096 0.2678638893535453 5.053955078125 0.552001953125 1.171150278293135 539
stats: 200 15605 20964
stats: size_rcv 2320505 3112530
stats: newphase 6 6
stats: size_sent 2078871 2790144
stats: connected 48 52
# stats: dump at 1338908387
stats: users 998 1005
stats: {load,"os_mon@test2"} 1 0.44921875 0.0 0.62890625 0.44921875 0.580078125 2
stats: {recvpackets,"os_mon@test3"} 1 7545.0 0.0 7545 3471 3471.0 1
stats: {sentpackets,"os_mon@test3"} 1 4970.0 0.0 4970 2324 2324.0 1
stats: {freemem,"os_mon@test2"} 1 1518.875 0.0 1520.4765625 1518.875 1520.08203125 2
stats: {load,"os_mon@test4"} 1 0.73828125 0.0 0.94921875 0.73828125 0.9140625 2
stats: {cpu,"os_mon@test3"} 1 15.550978372811535 0.0 15.550978372811535 2.665995975855131 4.703784504781498 2
stats: {freemem,"os_mon@test4"} 1 1446.41796875 0.0 1447.83984375 1446.41796875 1447.423828125 2
stats: {freemem,"os_mon@myserver"} 1 2184.1953125 0.0 2184.734375 2184.1953125 2184.7109375 2
stats: {recvpackets,"os_mon@test2"} 1 7562.0 0.0 7562 3496 3496.0 1
stats: {sentpackets,"os_mon@test2"} 1 4982.0 0.0 4982 2333 2333.0 1
stats: {load,"os_mon@test3"} 1 0.51171875 0.0 0.51953125 0.51171875 0.51953125 2
stats: {cpu,"os_mon@test2"} 1 13.62704918032787 0.0 13.62704918032787 2.4072216649949847 3.770972296656109 2
stats: {recvpackets,"os_mon@test4"} 1 7536.0 0.0 7536 3460 3460.0 1
stats: {sentpackets,"os_mon@test4"} 1 4961.0 0.0 4961 2316 2316.0 1
stats: {freemem,"os_mon@test3"} 1 1499.39453125 0.0 1499.39453125 1498.80078125 1498.830078125 2
stats: {cpu,"os_mon@test4"} 1 12.16008209338122 0.0 12.16008209338122 2.4975024975024978 3.8206120656952733 2
stats: {load,"os_mon@myserver"} 1 1.08984375 0.0 1.12109375 1.08984375 1.115234375 2
stats: {recvpackets,"os_mon@myserver"} 1 7670.0 0.0 7670 3622 3622.0 1
stats: {sentpackets,"os_mon@myserver"} 1 5052.0 0.0 5052 2420 2420.0 1
stats: {cpu,"os_mon@myserver"} 1 22.41163198796691 0.0 22.41163198796691 1.5338194619059593 5.98047757014896 2
stats: session 1531 1180.5077187346913 934.176758496172 3355.371826171875 11.22412109375 59.44506237323466 2080
stats: users_count 2480 4609
stats: finish_users_count 1531 3611
stats: request 18468 169.34612237320147 145.26971845137084 1675.928955078125 0.35205078125 5.869629255621259 20964
stats: page 1524 1157.1620547477335 917.6405851257136 3353.906005859375 9.85595703125 56.954214804197775 2074
stats: connect 2389 5.183176493335338 64.4917743456248 1001.298095703125 0.494140625 1.0653573410306894 2126
stats: 200 18468 39432
stats: size_rcv 2751732 5864262
stats: newphase 6 12
stats: size_sent 2567327 5357471
stats: connected 865 917
# stats: dump at 1338908397
stats: users 2755 2767
stats: {load,"os_mon@test2"} 1 0.37890625 0.0 0.62890625 0.37890625 0.5364583333333334 3
stats: {recvpackets,"os_mon@test3"} 1 10239.0 0.0 10239 3471 5508.0 2
stats: {sentpackets,"os_mon@test3"} 1 6887.0 0.0 6887 2324 3647.0 2
stats: {freemem,"os_mon@test2"} 1 1506.671875 0.0 1520.4765625 1506.671875 1519.6796875 3
stats: {load,"os_mon@test4"} 1 0.7890625 0.0 0.94921875 0.73828125 0.85546875 3
stats: {cpu,"os_mon@test3"} 1 22.300706357214935 0.0 22.300706357214935 2.665995975855131 8.319515794124845 3
stats: {freemem,"os_mon@test4"} 1 1435.06640625 0.0 1447.83984375 1435.06640625 1447.0885416666667 3
stats: {freemem,"os_mon@myserver"} 1 2170.765625 0.0 2184.734375 2170.765625 2184.5390625 3
stats: {recvpackets,"os_mon@test2"} 1 10234.0 0.0 10234 3496 5529.0 2
stats: {sentpackets,"os_mon@test2"} 1 6887.0 0.0 6887 2333 3657.5 2
stats: {load,"os_mon@test3"} 1 0.51171875 0.0 0.51953125 0.51171875 0.5169270833333334 3
stats: {cpu,"os_mon@test2"} 1 21.19071644803229 0.0 21.19071644803229 2.4072216649949847 7.0563312578800295 3
stats: {recvpackets,"os_mon@test4"} 1 10243.0 0.0 10243 3460 5498.0 2
stats: {sentpackets,"os_mon@test4"} 1 6890.0 0.0 6890 2316 3638.5 2
stats: {freemem,"os_mon@test3"} 1 1487.5703125 0.0 1499.39453125 1487.5703125 1499.0182291666667 3
stats: {cpu,"os_mon@test4"} 1 20.03012048192771 0.0 20.03012048192771 2.4975024975024978 6.600435408257256 3
stats: {load,"os_mon@myserver"} 1 1.078125 0.0 1.12109375 1.078125 1.1067708333333333 3
stats: {recvpackets,"os_mon@myserver"} 1 10310.0 0.0 10310 3622 5646.0 2
stats: {sentpackets,"os_mon@myserver"} 1 6937.0 0.0 6937 2420 3736.0 2
stats: {cpu,"os_mon@myserver"} 1 25.425851703406817 0.0 25.425851703406817 1.5338194619059593 11.457529042754942 3
stats: session 1770 5350.071740239886 1002.3288319251799 9214.02197265625 11.22412109375 534.7557593794352 3611
stats: users_count 3527 8136
stats: finish_users_count 1770 5381
stats: request 18515 626.0636561835435 412.3714694634488 8001.967041015625 0.35205078125 82.43393933107954 39432
stats: page 1709 5265.247453451854 950.0485077397602 9212.113037109375 9.85595703125 522.9677634628827 3598
stats: connect 1977 761.3187764022585 1287.711662449393 7017.17578125 0.494140625 3.244198970013149 4515
stats: 200 18515 57947
stats: size_rcv 2758735 8622997
stats: newphase 6 18
stats: size_sent 2489717 7847188
stats: connected 268 1185
# stats: dump at 1338908407
stats: users 4484 4611
stats: {load,"os_mon@test2"} 1 0.3203125 0.0 0.62890625 0.3203125 0.4970703125 4
stats: {recvpackets,"os_mon@test3"} 1 13552.0 0.0 13552 3471 7085.0 3
stats: {sentpackets,"os_mon@test3"} 1 8936.0 0.0 8936 2324 4727.0 3
stats: {freemem,"os_mon@test2"} 1 1496.5234375 0.0 1520.4765625 1496.5234375 1516.427734375 4
stats: {load,"os_mon@test4"} 1 0.75 0.0 0.94921875 0.73828125 0.8388671875 4
stats: {cpu,"os_mon@test3"} 1 24.091381100726895 0.0 24.091381100726895 2.665995975855131 11.814813434897367 4
stats: {freemem,"os_mon@test4"} 1 1422.8828125 0.0 1447.83984375 1422.8828125 1444.0830078125 4
stats: {freemem,"os_mon@myserver"} 1 2169.375 0.0 2184.734375 2169.375 2181.095703125 4
stats: {recvpackets,"os_mon@test2"} 1 13572.0 0.0 13572 3496 7097.333333333333 3
stats: {sentpackets,"os_mon@test2"} 1 8951.0 0.0 8951 2333 4734.0 3
stats: {load,"os_mon@test3"} 1 0.4296875 0.0 0.51953125 0.4296875 0.515625 4
stats: {cpu,"os_mon@test2"} 1 23.242688558234992 0.0 23.242688558234992 2.4072216649949847 10.589927555418095 4
stats: {recvpackets,"os_mon@test4"} 1 13555.0 0.0 13555 3460 7079.666666666667 3
stats: {sentpackets,"os_mon@test4"} 1 8939.0 0.0 8939 2316 4722.333333333333 3
stats: {freemem,"os_mon@test3"} 1 1473.1953125 0.0 1499.39453125 1473.1953125 1496.15625 4
stats: {cpu,"os_mon@test4"} 1 24.387806096951525 0.0 24.387806096951525 2.4975024975024978 9.957856676674869 4
stats: {load,"os_mon@myserver"} 1 1.05859375 0.0 1.12109375 1.05859375 1.099609375 4
stats: {recvpackets,"os_mon@myserver"} 1 13641.0 0.0 13641 3622 7200.666666666667 3
stats: {sentpackets,"os_mon@myserver"} 1 8995.0 0.0 8995 2420 4803.0 3
stats: {cpu,"os_mon@myserver"} 1 25.519139354515886 0.0 25.519139354515886 1.5338194619059593 14.949609707917912 4
stats: session 1812 7761.950016788038 1797.5714075574201 14303.120849609375 11.22412109375 2118.6824061222337 5381
stats: users_count 3541 11677
stats: finish_users_count 1812 7193
stats: request 18201 858.1410114989814 1049.4458217364886 16121.23193359375 0.35205078125 256.1323914946664 57947
stats: page 1825 7705.096552065496 1777.2732937258033 14301.283935546875 9.85595703125 2050.1122877122048 5307
stats: connect 1835 2146.333817135346 2460.0420908065403 15036.159912109375 0.494140625 234.09962712521173 6492
stats: 200 18201 76148
stats: size_rcv 2711949 11334946
stats: newphase 6 24
stats: size_sent 2416081 10263269
stats: connected 10 1195
# stats: dump at 1338908417
stats: users 5046 5056
stats: {load,"os_mon@test2"} 1 0.3515625 0.0 0.62890625 0.3203125 0.46171875 5
stats: {recvpackets,"os_mon@test3"} 1 13245.0 0.0 13552 3471 8701.75 4
stats: {sentpackets,"os_mon@test3"} 1 8835.0 0.0 8936 2324 5779.25 4
stats: {freemem,"os_mon@test2"} 1 1483.30078125 0.0 1520.4765625 1483.30078125 1512.446875 5
stats: {load,"os_mon@test4"} 1 0.87109375 0.0 0.94921875 0.73828125 0.82109375 5
stats: {cpu,"os_mon@test3"} 1 28.60125260960334 0.0 28.60125260960334 2.665995975855131 14.270126968063272 5
stats: {freemem,"os_mon@test4"} 1 1396.26171875 0.0 1447.83984375 1396.26171875 1439.84296875 5
stats: {freemem,"os_mon@myserver"} 1 2169.18359375 0.0 2184.734375 2169.18359375 2178.7515625 5
stats: {recvpackets,"os_mon@test2"} 1 13203.0 0.0 13572 3496 8716.0 4
stats: {sentpackets,"os_mon@test2"} 1 8815.0 0.0 8951 2333 5788.25 4
stats: {load,"os_mon@test3"} 1 0.51953125 0.0 0.51953125 0.4296875 0.4984375 5
stats: {cpu,"os_mon@test2"} 1 25.26964560862866 0.0 25.26964560862866 2.4072216649949847 13.120479755981474 5
stats: {recvpackets,"os_mon@test4"} 1 13253.0 0.0 13555 3460 8698.5 4
stats: {sentpackets,"os_mon@test4"} 1 8842.0 0.0 8939 2316 5776.5 4
stats: {freemem,"os_mon@test3"} 1 1430.265625 0.0 1499.39453125 1430.265625 1491.5640625 5
stats: {cpu,"os_mon@test4"} 1 24.604389994895353 0.0 24.604389994895353 2.4975024975024978 12.8438465607302 5
stats: {load,"os_mon@myserver"} 1 1.05078125 0.0 1.12109375 1.05078125 1.09140625 5
stats: {recvpackets,"os_mon@myserver"} 1 13251.0 0.0 13641 3622 8810.75 4
stats: {sentpackets,"os_mon@myserver"} 1 8903.0 0.0 8995 2420 5851.0 4
stats: {cpu,"os_mon@myserver"} 1 25.53830746119179 0.0 25.53830746119179 1.5338194619059593 17.063515637237508 5
stats: session 1812 10268.332528289038 4289.603610347334 21870.599853515625 11.22412109375 3540.286870257704 7193
stats: users_count 2374 14051
stats: finish_users_count 1812 9005
stats: 200 17989 94137
stats: request 17991 1125.784003112677 2319.0607331396477 18863.576904296875 0.35205078125 400.0253222702421 76148
stats: page 1788 9971.342261124528 4086.9133987960086 21618.041015625 9.85595703125 3497.160280203057 7132
stats: connect 1803 5025.649166942895 5652.634338148642 15050.68994140625 0.494140625 655.4938553789161 8327
stats: size_rcv 2680361 14015307
stats: newphase 6 30
stats: size_sent 2388790 12652059
stats: connected 13 1208
# stats: dump at 1338908427
stats: users 6994 6998
stats: {load,"os_mon@test2"} 1 0.30078125 0.0 0.62890625 0.30078125 0.443359375 6
stats: {recvpackets,"os_mon@test3"} 1 11581.0 0.0 13552 3471 9610.4 5
stats: {sentpackets,"os_mon@test3"} 1 8338.0 0.0 8936 2324 6390.4 5
stats: {freemem,"os_mon@test2"} 1 1443.13671875 0.0 1520.4765625 1443.13671875 1507.5891927083333 6
stats: {load,"os_mon@test4"} 1 0.87890625 0.0 0.94921875 0.73828125 0.8294270833333334 6
stats: {cpu,"os_mon@test3"} 1 18.80781089414183 0.0 28.60125260960334 2.665995975855131 16.65864790831995 6
stats: {freemem,"os_mon@test4"} 1 1362.265625 0.0 1447.83984375 1362.265625 1432.5794270833333 6
stats: {freemem,"os_mon@myserver"} 1 2168.8671875 0.0 2184.734375 2168.8671875 2177.1569010416665 6
stats: {recvpackets,"os_mon@test2"} 1 11613.0 0.0 13572 3496 9613.4 5
stats: {sentpackets,"os_mon@test2"} 1 8354.0 0.0 8951 2333 6393.6 5
stats: {load,"os_mon@test3"} 1 0.51171875 0.0 0.51953125 0.4296875 0.501953125 6
stats: {cpu,"os_mon@test2"} 1 27.15920915712799 0.0 27.15920915712799 2.4072216649949847 15.145340731422673 6
stats: {recvpackets,"os_mon@test4"} 1 11540.0 0.0 13555 3460 9609.4 5
stats: {sentpackets,"os_mon@test4"} 1 8304.0 0.0 8939 2316 6389.6 5
stats: {freemem,"os_mon@test3"} 1 1415.35546875 0.0 1499.39453125 1415.35546875 1481.34765625 6
stats: {cpu,"os_mon@test4"} 1 27.92511700468019 0.0 27.92511700468019 2.4975024975024978 14.80393713309106 6
stats: {load,"os_mon@myserver"} 1 1.05078125 0.0 1.12109375 1.05078125 1.0846354166666667 6
stats: {recvpackets,"os_mon@myserver"} 1 11697.0 0.0 13641 3622 9698.8 5
stats: {sentpackets,"os_mon@myserver"} 1 8369.0 0.0 8995 2420 6461.4 5
stats: {cpu,"os_mon@myserver"} 1 25.5005005005005 0.0 25.53830746119179 1.5338194619059593 18.47598094122989 6
stats: session 1722 10896.722130255966 6205.701160753033 38165.2509765625 11.22412109375 4894.114602889884 9005
stats: users_count 3670 17721
stats: finish_users_count 1722 10727
stats: 200 18027 112164
stats: request 18029 1232.4762158904603 3282.486613514722 33241.796142578125 0.35205078125 538.725801636246 94139
stats: page 1765 11109.182173999663 6119.725839316361 38162.44921875 9.85595703125 4794.899897006599 8920
stats: connect 1806 5473.804567998172 8937.16132653685 31088.0 0.494140625 1433.3211038241138 10130
stats: size_rcv 2698188 16713495
stats: newphase 5 35
stats: size_sent 2398082 15050141
stats: connected 39 1247
# stats: dump at 1338908437
stats: users 8097 8101
stats: {load,"os_mon@test2"} 1 0.25 0.0 0.62890625 0.25 0.42299107142857145 7
stats: {recvpackets,"os_mon@test3"} 1 13841.0 0.0 13841 3471 9938.833333333334 6
stats: {sentpackets,"os_mon@test3"} 1 9797.0 0.0 9797 2324 6715.0 6
stats: {freemem,"os_mon@test2"} 1 1429.2421875 0.0 1520.4765625 1429.2421875 1498.3816964285713 7
stats: {load,"os_mon@test4"} 1 0.73828125 0.0 0.94921875 0.73828125 0.8364955357142857 7
stats: {cpu,"os_mon@test3"} 1 31.29216398546964 0.0 31.29216398546964 2.665995975855131 16.965671192008788 7
stats: {freemem,"os_mon@test4"} 1 1328.21484375 0.0 1447.83984375 1328.21484375 1422.5345982142858 7
stats: {freemem,"os_mon@myserver"} 1 2167.3828125 0.0 2184.734375 2167.3828125 2175.97265625 7
stats: {recvpackets,"os_mon@test2"} 1 13885.0 0.0 13885 3496 9946.666666666666 6
stats: {sentpackets,"os_mon@test2"} 1 9830.0 0.0 9830 2333 6720.333333333333 6
stats: {load,"os_mon@test3"} 1 0.6015625 0.0 0.6015625 0.4296875 0.5033482142857143 7
stats: {cpu,"os_mon@test2"} 1 21.75902389425521 0.0 27.15920915712799 2.4072216649949847 16.861607649380577 7
stats: {recvpackets,"os_mon@test4"} 1 13857.0 0.0 13857 3460 9931.166666666666 6
stats: {sentpackets,"os_mon@test4"} 1 9813.0 0.0 9813 2316 6708.666666666667 6
stats: {freemem,"os_mon@test3"} 1 1356.3359375 0.0 1499.39453125 1356.3359375 1471.920200892857 7
stats: {cpu,"os_mon@test4"} 1 23.51129363449692 0.0 27.92511700468019 2.4975024975024978 16.678391400460935 7
stats: {load,"os_mon@myserver"} 1 1.0390625 0.0 1.12109375 1.0390625 1.0797991071428572 7
stats: {recvpackets,"os_mon@myserver"} 1 13545.0 0.0 13641 3622 10031.833333333334 6
stats: {sentpackets,"os_mon@myserver"} 1 9597.0 0.0 9597 2420 6779.333333333333 6
stats: {cpu,"os_mon@myserver"} 1 25.53191489361702 0.0 25.53830746119179 1.5338194619059593 19.479483735411403 7
stats: session 1760 13695.290135609028 9433.375493373607 48655.179931640625 11.22412109375 5857.710217891691 10727
stats: users_count 2863 20584
stats: finish_users_count 1760 12487
stats: 200 17902 130066
stats: request 17902 1592.121876794705 4300.3460519331475 42729.3369140625 0.35205078125 650.2337737725883 112168
stats: page 1776 13520.590288729278 9310.218399558114 39142.160888671875 9.85595703125 5837.92359554593 10685
stats: connect 1856 9047.526955177034 10197.304820335627 31100.027099609375 0.494140625 2044.6744161815493 11936
stats: size_rcv 2685300 19398795
stats: newphase 6 41
stats: size_sent 2389194 17439335
stats: connected 80 1327
# stats: dump at 1338908447
stats: users 9915 9915
stats: {load,"os_mon@test2"} 1 0.2890625 0.0 0.62890625 0.25 0.4013671875 8
stats: {recvpackets,"os_mon@test3"} 1 13913.0 0.0 13913 3471 10496.285714285714 7
stats: {sentpackets,"os_mon@test3"} 1 9934.0 0.0 9934 2324 7155.285714285715 7
stats: {freemem,"os_mon@test2"} 1 1400.8671875 0.0 1520.4765625 1400.8671875 1489.7392578125 8
stats: {load,"os_mon@test4"} 1 0.62890625 0.0 0.94921875 0.62890625 0.82421875 8
stats: {cpu,"os_mon@test3"} 1 21.244855967078188 0.0 31.29216398546964 2.665995975855131 18.756482791191395 8
stats: {freemem,"os_mon@test4"} 1 1289.6328125 0.0 1447.83984375 1289.6328125 1410.74462890625 8
stats: {freemem,"os_mon@myserver"} 1 2166.4296875 0.0 2184.734375 2166.4296875 2174.89892578125 8
stats: {recvpackets,"os_mon@test2"} 1 14005.0 0.0 14005 3496 10509.285714285714 7
stats: {sentpackets,"os_mon@test2"} 1 10004.0 0.0 10004 2333 7164.571428571428 7
stats: {load,"os_mon@test3"} 1 0.5 0.0 0.6015625 0.4296875 0.515625 8
stats: {cpu,"os_mon@test2"} 1 24.707080998471728 0.0 27.15920915712799 2.4072216649949847 17.473784679989908 8
stats: {recvpackets,"os_mon@test4"} 1 13862.0 0.0 13862 3460 10492.0 7
stats: {sentpackets,"os_mon@test4"} 1 9904.0 0.0 9904 2316 7152.142857142857 7
stats: {freemem,"os_mon@test3"} 1 1339.8671875 0.0 1499.39453125 1339.8671875 1457.47216796875 8
stats: {cpu,"os_mon@test4"} 1 31.19218910585817 0.0 31.19218910585817 2.4975024975024978 17.53250417971543 8
stats: {load,"os_mon@myserver"} 1 1.109375 0.0 1.12109375 1.0390625 1.07470703125 8
stats: {recvpackets,"os_mon@myserver"} 1 13969.0 0.0 13969 3622 10533.714285714286 7
stats: {sentpackets,"os_mon@myserver"} 1 9976.0 0.0 9976 2420 7181.857142857143 7
stats: {cpu,"os_mon@myserver"} 1 25.56334501752629 0.0 25.56334501752629 1.5338194619059593 20.236037630187106 8
stats: session 1726 16006.974768787806 10441.402278124797 48655.179931640625 11.22412109375 6962.390337630821 12487
stats: users_count 3544 24128
stats: finish_users_count 1726 14213
stats: request 17303 1378.7763045261984 3632.973718030161 43027.802978515625 0.35205078125 779.8692071569346 130070
stats: page 1730 16067.947125349983 10523.664919923549 48652.618896484375 9.85595703125 6932.893184430741 12461
stats: connect 1734 6658.117363213668 9105.22196048162 31100.027099609375 0.494140625 2987.0536441670206 13792
stats: 200 17293 147359
stats: size_rcv 2593950 21992745
stats: newphase 5 46
stats: size_sent 2296147 19735482
stats: connected -6 1321
# stats: dump at 1338908457
stats: users 11305 11424
stats: {load,"os_mon@test2"} 1 0.23828125 0.0 0.62890625 0.23828125 0.3888888888888889 9
stats: {recvpackets,"os_mon@test3"} 1 14291.0 0.0 14291 3471 10923.375 8
stats: {sentpackets,"os_mon@test3"} 1 10419.0 0.0 10419 2324 7502.625 8
stats: {freemem,"os_mon@test2"} 1 1368.11328125 0.0 1520.4765625 1368.11328125 1479.8645833333333 9
stats: {load,"os_mon@test4"} 1 0.609375 0.0 0.94921875 0.609375 0.8025173611111112 9
stats: {cpu,"os_mon@test3"} 1 28.26086956521739 0.0 31.29216398546964 2.665995975855131 19.03296869962326 9
stats: {freemem,"os_mon@test4"} 1 1253.83984375 0.0 1447.83984375 1253.83984375 1397.2877604166667 9
stats: {freemem,"os_mon@myserver"} 1 2166.2109375 0.0 2184.734375 2166.2109375 2173.9578993055557 9
stats: {recvpackets,"os_mon@test2"} 1 14253.0 0.0 14253 3496 10946.25 8
stats: {sentpackets,"os_mon@test2"} 1 10380.0 0.0 10380 2333 7519.5 8
stats: {load,"os_mon@test3"} 1 0.5703125 0.0 0.6015625 0.4296875 0.5138888888888888 9
stats: {cpu,"os_mon@test2"} 1 25.8130081300813 0.0 27.15920915712799 2.4072216649949847 18.277484270932334 9
stats: {recvpackets,"os_mon@test4"} 1 14282.0 0.0 14282 3460 10913.25 8
stats: {sentpackets,"os_mon@test4"} 1 10407.0 0.0 10407 2316 7496.125 8
stats: {freemem,"os_mon@test3"} 1 1287.9921875 0.0 1499.39453125 1287.9921875 1444.4049479166667 9
stats: {cpu,"os_mon@test4"} 1 25.475089881869543 0.0 31.19218910585817 2.4975024975024978 19.050246949286848 9
stats: {load,"os_mon@myserver"} 1 1.1015625 0.0 1.12109375 1.0390625 1.0785590277777777 9
stats: {recvpackets,"os_mon@myserver"} 1 14603.0 0.0 14603 3622 10963.125 8
stats: {sentpackets,"os_mon@myserver"} 1 10617.0 0.0 10617 2420 7531.125 8
stats: {cpu,"os_mon@myserver"} 1 25.50688360450563 0.0 25.56334501752629 1.5338194619059593 20.827960673224794 9
stats: session 1823 14965.301795578627 10434.544384897023 67410.52392578125 11.22412109375 8060.747667411793 14213
stats: users_count 3213 27341
stats: finish_users_count 1823 16036
stats: request 17492 1600.9638297261768 4569.241690472431 61626.469970703125 0.35205078125 850.1866296548167 147373
stats: page 1808 14901.084028395939 10299.55068451175 64337.556884765625 9.85595703125 8046.5316396340595 14191
stats: connect 1767 8396.987029321206 10889.933127099444 31100.027099609375 0.494140625 3397.051356960199 15526
stats: 200 17466 164825
stats: size_rcv 2619900 24612645
stats: newphase 6 52
stats: size_sent 2309768 22045250
stats: connected -67 1254
stats: error_connect_etimedout 482 482
# stats: dump at 1338908467
stats: users 13114 13115
stats: {load,"os_mon@test2"} 1 0.2109375 0.0 0.62890625 0.2109375 0.373828125 10
stats: {recvpackets,"os_mon@test3"} 1 15312.0 0.0 15312 3471 11297.555555555555 9
stats: {sentpackets,"os_mon@test3"} 1 11107.0 0.0 11107 2324 7826.666666666667 9
stats: {freemem,"os_mon@test2"} 1 1335.60546875 0.0 1520.4765625 1335.60546875 1468.689453125 10
stats: {load,"os_mon@test4"} 1 0.75 0.0 0.94921875 0.609375 0.783203125 10
stats: {cpu,"os_mon@test3"} 1 26.67011910926981 0.0 31.29216398546964 2.665995975855131 19.955758786182674 10
stats: {freemem,"os_mon@test4"} 1 1206.69921875 0.0 1447.83984375 1206.69921875 1382.94296875 10
stats: {freemem,"os_mon@myserver"} 1 2166.7890625 0.0 2184.734375 2166.2109375 2173.183203125 10
stats: {recvpackets,"os_mon@test2"} 1 15376.0 0.0 15376 3496 11313.666666666666 9
stats: {sentpackets,"os_mon@test2"} 1 11152.0 0.0 11152 2333 7837.333333333333 9
stats: {load,"os_mon@test3"} 1 0.62890625 0.0 0.62890625 0.4296875 0.51953125 10
stats: {cpu,"os_mon@test2"} 1 27.011788826242956 0.0 27.15920915712799 2.4072216649949847 19.03103665684723 10
stats: {recvpackets,"os_mon@test4"} 1 15318.0 0.0 15318 3460 11287.555555555555 9
stats: {sentpackets,"os_mon@test4"} 1 11114.0 0.0 11114 2316 7819.555555555556 9
stats: {freemem,"os_mon@test3"} 1 1252.2109375 0.0 1499.39453125 1252.2109375 1428.763671875 10
stats: {cpu,"os_mon@test4"} 1 29.68829841594277 0.0 31.19218910585817 2.4975024975024978 19.692731242545115 10
stats: {load,"os_mon@myserver"} 1 1.078125 0.0 1.12109375 1.0390625 1.080859375 10
stats: {recvpackets,"os_mon@myserver"} 1 15363.0 0.0 15363 3622 11367.555555555555 9
stats: {sentpackets,"os_mon@myserver"} 1 11139.0 0.0 11139 2420 7874.0 9
stats: {cpu,"os_mon@myserver"} 1 25.50688360450563 0.0 25.56334501752629 1.5338194619059593 21.29585296635288 10
stats: session 1687 14541.598541350215 10978.074540724727 80951.5849609375 11.22412109375 8845.66922987426 16036
stats: users_count 3496 30837
stats: finish_users_count 1687 17723
stats: request 17524 1278.1378394786282 3551.168599967795 61626.469970703125 0.35205078125 929.8432868206688 164865
stats: page 1698 14599.903173368019 10814.73038844524 67408.63403320313 9.85595703125 8821.144472866228 15999
stats: connect 1776 5145.411613120691 8421.660385116682 31100.027099609375 0.494140625 3907.945148266618 17293
stats: 200 17500 182325
stats: size_rcv 2625000 27237645
stats: newphase 5 57
stats: size_sent 2335593 24380843
stats: connected 54 1308
stats: error_connect_etimedout 1288 1770
# stats: dump at 1338908477
stats: users 15405 15425
stats: {load,"os_mon@test2"} 1 0.25 0.0 0.62890625 0.2109375 0.35901988636363635 11
stats: {recvpackets,"os_mon@test3"} 1 15797.0 0.0 15797 3471 11699.0 10
stats: {sentpackets,"os_mon@test3"} 1 11391.0 0.0 11391 2324 8154.7 10
stats: {freemem,"os_mon@test2"} 1 1276.55078125 0.0 1520.4765625 1276.55078125 1456.590909090909 11
stats: {load,"os_mon@test4"} 1 0.62890625 0.0 0.94921875 0.609375 0.7801846590909091 11
stats: {cpu,"os_mon@test3"} 1 25.03871966959215 0.0 31.29216398546964 2.665995975855131 20.566155179190595 11
stats: {freemem,"os_mon@test4"} 1 1172.13671875 0.0 1447.83984375 1172.13671875 1366.920809659091 11
stats: {freemem,"os_mon@myserver"} 1 2166.11328125 0.0 2184.734375 2166.11328125 2172.6019176136365 11
stats: {recvpackets,"os_mon@test2"} 1 15785.0 0.0 15785 3496 11719.9 10
stats: {sentpackets,"os_mon@test2"} 1 11410.0 0.0 11410 2333 8168.8 10
stats: {load,"os_mon@test3"} 1 0.5390625 0.0 0.62890625 0.4296875 0.5294744318181818 11
stats: {cpu,"os_mon@test2"} 1 34.791666666666664 0.0 34.791666666666664 2.4072216649949847 19.756559581337754 11
stats: {recvpackets,"os_mon@test4"} 1 15866.0 0.0 15866 3460 11690.6 10
stats: {sentpackets,"os_mon@test4"} 1 11434.0 0.0 11434 2316 8149.0 10
stats: {freemem,"os_mon@test3"} 1 1221.73046875 0.0 1499.39453125 1221.73046875 1412.7134232954545 11
stats: {cpu,"os_mon@test4"} 1 22.997416020671835 0.0 31.19218910585817 2.4975024975024978 20.601419167399445 11
stats: {load,"os_mon@myserver"} 1 1.140625 0.0 1.140625 1.0390625 1.0806107954545454 11
stats: {recvpackets,"os_mon@myserver"} 1 15971.0 0.0 15971 3622 11767.1 10
stats: {sentpackets,"os_mon@myserver"} 1 11666.0 0.0 11666 2420 8200.5 10
stats: {cpu,"os_mon@myserver"} 1 25.48872180451128 0.0 25.56334501752629 1.5338194619059593 21.678673933457674 11
stats: session 1757 22261.46699071458 24455.67600257994 86261.56396484375 11.22412109375 9387.847910033372 17723
stats: users_count 4048 34885
stats: finish_users_count 1757 19480
stats: 200 17056 199381
stats: connect 1728 5503.141690289531 8878.686997426288 31113.361083984375 0.48095703125 4023.1971510764574 19069
stats: page 1727 12711.698086966646 8773.471363068878 67408.63403320313 9.85595703125 9375.607504648568 17697
stats: request 17072 1306.7383216350245 3502.4068750105102 61626.469970703125 0.35205078125 963.3075513365008 182389
stats: size_rcv 2558400 29796045
stats: newphase 5 62
stats: size_sent 2260699 26641542
stats: connected -15 1293
stats: error_connect_etimedout 707 2477
# stats: dump at 1338908487
stats: users 17177 17247
stats: {load,"os_mon@test2"} 1 0.2109375 0.0 0.62890625 0.2109375 0.3499348958333333 12
stats: {recvpackets,"os_mon@test3"} 1 16936.0 0.0 16936 3471 12071.545454545454 11
stats: {sentpackets,"os_mon@test3"} 1 12504.0 0.0 12504 2324 8448.90909090909 11
stats: {freemem,"os_mon@test2"} 1 1242.0546875 0.0 1520.4765625 1242.0546875 1441.5875651041667 12
stats: {load,"os_mon@test4"} 1 0.69140625 0.0 0.94921875 0.609375 0.767578125 12
stats: {cpu,"os_mon@test3"} 1 31.230283911671926 0.0 31.29216398546964 2.665995975855131 20.93886888672406 12
stats: {freemem,"os_mon@test4"} 1 1128.10546875 0.0 1447.83984375 1128.10546875 1350.6888020833333 12
stats: {freemem,"os_mon@myserver"} 1 2166.25 0.0 2184.734375 2166.11328125 2172.0611979166665 12
stats: {recvpackets,"os_mon@test2"} 1 16870.0 0.0 16870 3496 12089.454545454546 11
stats: {sentpackets,"os_mon@test2"} 1 12434.0 0.0 12434 2333 8463.454545454546 11
stats: {load,"os_mon@test3"} 1 0.53125 0.0 0.62890625 0.4296875 0.5302734374999999 12
stats: {cpu,"os_mon@test2"} 1 27.685950413223143 0.0 34.791666666666664 2.4072216649949847 21.00948517178183 12
stats: {recvpackets,"os_mon@test4"} 1 16878.0 0.0 16878 3460 12070.181818181818 11
stats: {sentpackets,"os_mon@test4"} 1 12467.0 0.0 12467 2316 8447.636363636364 11
stats: {freemem,"os_mon@test3"} 1 1159.5703125 0.0 1499.39453125 1159.5703125 1396.7981770833333 12
stats: {cpu,"os_mon@test4"} 1 28.578811369509044 0.0 31.19218910585817 2.4975024975024978 20.80108557183881 12
stats: {load,"os_mon@myserver"} 1 1.12109375 0.0 1.140625 1.0390625 1.0856119791666667 12
stats: {recvpackets,"os_mon@myserver"} 1 16780.0 0.0 16780 3622 12149.272727272728 11
stats: {sentpackets,"os_mon@myserver"} 1 12245.0 0.0 12245 2420 8515.545454545454 11
stats: {cpu,"os_mon@myserver"} 1 25.41990473802958 0.0 25.56334501752629 1.5338194619059593 21.99617792271214 12
stats: session 1667 29319.432278436892 29926.4540981067 98230.56591796875 11.22412109375 10548.984908224178 19480
stats: users_count 3439 38324
stats: finish_users_count 1667 21147
stats: page 1656 12993.895038844303 8694.380478233386 78186.787109375 9.85595703125 9672.221406814102 19424
stats: request 17053 1380.6697639058661 3647.9659749747993 61626.469970703125 0.35205078125 992.7020199821828 199461
stats: connect 1788 6261.019208050414 8423.34746246148 31113.361083984375 0.48095703125 4146.164125340062 20797
stats: 200 17026 216407
stats: size_rcv 2553900 32349945
stats: newphase 5 67
stats: size_sent 2255507 28897049
stats: connected 105 1398
stats: error_connect_etimedout 1365 3842
# stats: dump at 1338908497
stats: users 19177 19178
stats: {load,"os_mon@test2"} 1 0.1796875 0.0 0.62890625 0.1796875 0.33924278846153844 13
stats: {recvpackets,"os_mon@test3"} 1 16471.0 0.0 16936 3471 12476.916666666666 12
stats: {sentpackets,"os_mon@test3"} 1 12144.0 0.0 12504 2324 8786.833333333332 12
stats: {freemem,"os_mon@test2"} 1 1205.08203125 0.0 1520.4765625 1205.08203125 1426.2388822115386 13
stats: {load,"os_mon@test4"} 1 0.66015625 0.0 0.94921875 0.609375 0.76171875 13
stats: {cpu,"os_mon@test3"} 1 26.519916142557655 0.0 31.29216398546964 2.665995975855131 21.730516196335433 13
stats: {freemem,"os_mon@test4"} 1 1089.984375 0.0 1447.83984375 1089.984375 1333.5670072115386 13
stats: {freemem,"os_mon@myserver"} 1 2164.98828125 0.0 2184.734375 2164.98828125 2171.6141826923076 13
stats: {recvpackets,"os_mon@test2"} 1 16479.0 0.0 16870 3496 12487.833333333334 12
stats: {sentpackets,"os_mon@test2"} 1 12151.0 0.0 12434 2333 8794.333333333334 12
stats: {load,"os_mon@test3"} 1 0.44921875 0.0 0.62890625 0.4296875 0.5303485576923076 13
stats: {cpu,"os_mon@test2"} 1 28.586224754013468 0.0 34.791666666666664 2.4072216649949847 21.52305942112347 13
stats: {recvpackets,"os_mon@test4"} 1 16426.0 0.0 16878 3460 12470.833333333334 12
stats: {sentpackets,"os_mon@test4"} 1 12109.0 0.0 12467 2316 8782.583333333334 12
stats: {freemem,"os_mon@test3"} 1 1119.5703125 0.0 1499.39453125 1119.5703125 1378.5498798076924 13
stats: {cpu,"os_mon@test4"} 1 27.021494370522003 0.0 31.19218910585817 2.4975024975024978 21.399372171659596 13
stats: {load,"os_mon@myserver"} 1 1.25 0.0 1.25 1.0390625 1.0883413461538463 13
stats: {recvpackets,"os_mon@myserver"} 1 16378.0 0.0 16780 3622 12535.166666666666 12
stats: {sentpackets,"os_mon@myserver"} 1 12088.0 0.0 12245 2420 8826.333333333334 12
stats: {cpu,"os_mon@myserver"} 1 25.432222500626413 0.0 25.56334501752629 1.5338194619059593 22.259541523890405 13
stats: session 1611 26936.865282718187 27871.99666348796 98683.31982421875 11.22412109375 12028.643288426789 21147
stats: users_count 3611 41935
stats: finish_users_count 1611 22758
stats: request 16844 1651.1029684392438 4216.640167128206 61626.469970703125 0.35205078125 1023.2589998409013 216514
stats: page 1649 15286.282165120196 9092.113429994157 98682.09106445313 9.85595703125 9933.165028002053 21080
stats: connect 1738 7946.7305146844 9959.671643622207 31113.361083984375 0.48095703125 4313.592103550649 22585
stats: 200 16818 233225
stats: size_rcv 2522700 34872645
stats: newphase 6 73
stats: size_sent 2258059 31155108
stats: connected 63 1461
stats: error_connect_etimedout 1276 5118
# stats: dump at 1338908507
stats: users 21019 21083
stats: {load,"os_mon@test2"} 1 0.23046875 0.0 0.62890625 0.1796875 0.32784598214285715 14
stats: {recvpackets,"os_mon@test3"} 1 1.69e4 0.0 16936 3471 12784.153846153846 13
stats: {sentpackets,"os_mon@test3"} 1 12620.0 0.0 12620 2324 9045.076923076922 13
stats: {freemem,"os_mon@test2"} 1 1166.1484375 0.0 1520.4765625 1166.1484375 1410.4419642857142 14
stats: {load,"os_mon@test4"} 1 0.55859375 0.0 0.94921875 0.55859375 0.7544642857142857 14
stats: {cpu,"os_mon@test3"} 1 32.212296374146085 0.0 32.212296374146085 2.665995975855131 22.072616192494163 14
stats: {freemem,"os_mon@test4"} 1 1038.6953125 0.0 1447.83984375 1038.6953125 1316.168247767857 14
stats: {freemem,"os_mon@myserver"} 1 2162.68359375 0.0 2184.734375 2162.68359375 2171.1409040178573 14
stats: {recvpackets,"os_mon@test2"} 1 16820.0 0.0 16870 3496 12794.846153846154 13
stats: {sentpackets,"os_mon@test2"} 1 12571.0 0.0 12571 2333 9052.538461538461 13
stats: {load,"os_mon@test3"} 1 0.4609375 0.0 0.62890625 0.4296875 0.5245535714285714 14
stats: {cpu,"os_mon@test2"} 1 28.033040784718636 0.0 34.791666666666664 2.4072216649949847 22.027571230615614 14
stats: {recvpackets,"os_mon@test4"} 1 16979.0 0.0 16979 3460 12775.076923076924 13
stats: {sentpackets,"os_mon@test4"} 1 12677.0 0.0 12677 2316 9038.461538461539 13
stats: {freemem,"os_mon@test3"} 1 1066.55078125 0.0 1499.39453125 1066.55078125 1360.0513392857142 14
stats: {cpu,"os_mon@test4"} 1 28.490175801447776 0.0 31.19218910585817 2.4975024975024978 21.8009523287212 14
stats: {load,"os_mon@myserver"} 1 1.359375 0.0 1.359375 1.0390625 1.099888392857143 14
stats: {recvpackets,"os_mon@myserver"} 1 16657.0 0.0 16780 3622 12830.76923076923 13
stats: {sentpackets,"os_mon@myserver"} 1 12473.0 0.0 12473 2420 9077.23076923077 13
stats: {cpu,"os_mon@myserver"} 1 25.357411587659897 0.0 25.56334501752629 1.5338194619059593 22.486161593657265 14
stats: session 1701 30431.58627952652 29798.840918603164 112442.787109375 11.22412109375 13083.970893348287 22758
stats: users_count 3543 45478
stats: finish_users_count 1701 24459
stats: 200 16477 249702
stats: request 16504 1532.6183391058821 4128.262618381448 111602.59692382813 0.35205078125 1068.5773682151182 233358
stats: page 1686 15374.91101291427 9940.717098935173 107718.02001953125 9.85595703125 10321.536278787738 22729
stats: connect 1652 6802.806680083563 9388.949918299799 31113.361083984375 0.48095703125 4573.198013946178 24323
stats: size_rcv 2471550 37344195
stats: newphase 4 77
stats: size_sent 2190558 33345666
stats: connected -61 1400
stats: error_connect_etimedout 1965 7083
# stats: dump at 1338908517
stats: users 23758 23795
stats: {load,"os_mon@test2"} 1 0.19140625 0.0 0.62890625 0.1796875 0.32135416666666666 15
stats: {recvpackets,"os_mon@test3"} 1 19673.0 0.0 19673 3471 13078.142857142857 14
stats: {sentpackets,"os_mon@test3"} 1 14654.0 0.0 14654 2324 9300.42857142857 14
stats: {freemem,"os_mon@test2"} 1 1109.00390625 0.0 1520.4765625 1109.00390625 1394.1557291666666 15
stats: {load,"os_mon@test4"} 1 0.55078125 0.0 0.94921875 0.55078125 0.74140625 15
stats: {cpu,"os_mon@test3"} 1 37.30407523510972 0.0 37.30407523510972 2.665995975855131 22.748594871270956 15
stats: {freemem,"os_mon@test4"} 1 999.4765625 0.0 1447.83984375 999.4765625 1297.6700520833333 15
stats: {freemem,"os_mon@myserver"} 1 2162.90234375 0.0 2184.734375 2162.68359375 2170.5770833333336 15
stats: {recvpackets,"os_mon@test2"} 1 19848.0 0.0 19848 3496 13082.357142857143 14
stats: {sentpackets,"os_mon@test2"} 1 14765.0 0.0 14765 2333 9303.857142857143 14
stats: {load,"os_mon@test3"} 1 0.4609375 0.0 0.62890625 0.4296875 0.5203125 15
stats: {cpu,"os_mon@test2"} 1 34.394250513347025 0.0 34.791666666666664 2.4072216649949847 22.427935867555814 15
stats: {recvpackets,"os_mon@test4"} 1 19528.0 0.0 19528 3460 13075.357142857143 14
stats: {sentpackets,"os_mon@test4"} 1 14555.0 0.0 14555 2316 9298.357142857143 14
stats: {freemem,"os_mon@test3"} 1 1000.02734375 0.0 1499.39453125 1000.02734375 1340.4846354166666 15
stats: {cpu,"os_mon@test4"} 1 26.025974025974026 0.0 31.19218910585817 2.4975024975024978 22.246900560236305 15
stats: {load,"os_mon@myserver"} 1 1.30859375 0.0 1.359375 1.0390625 1.1171875 15
stats: {recvpackets,"os_mon@myserver"} 1 20268.0 0.0 20268 3622 13104.07142857143 14
stats: {sentpackets,"os_mon@myserver"} 1 15041.0 0.0 15041 2420 9319.785714285714 14
stats: {cpu,"os_mon@myserver"} 1 25.551102204408814 0.0 25.56334501752629 1.5338194619059593 22.677578259924108 15
stats: session 1616 34434.58665345448 33954.82964629303 119077.24291992188 11.22412109375 14290.409986193014 24459
stats: users_count 4355 49833
stats: finish_users_count 1616 26075
stats: request 16585 1436.0837478007447 3706.7955258099605 111602.59692382813 0.35205078125 1099.2284163280012 249862
stats: page 1645 15104.340021252852 9714.697399898452 119075.27294921875 9.85595703125 10670.50166079623 24415
stats: connect 1792 5539.0560519354685 7843.8604323541895 31113.77294921875 0.48095703125 4715.000266745368 25975
stats: 200 16546 266248
stats: size_rcv 2481900 39826095
stats: newphase 5 82
stats: size_sent 2216289 35561955
stats: connected 108 1508
stats: error_connect_etimedout 1545 8628
# stats: dump at 1338908527
stats: users 25587 25736
stats: {load,"os_mon@test2"} 1 0.23828125 0.0 0.62890625 0.1796875 0.313232421875 16
stats: {recvpackets,"os_mon@test3"} 1 18466.0 0.0 19673 3471 13517.8 15
stats: {sentpackets,"os_mon@test3"} 1 13885.0 0.0 14654 2324 9657.333333333334 15
stats: {freemem,"os_mon@test2"} 1 1041.5859375 0.0 1520.4765625 1041.5859375 1376.333740234375 16
stats: {load,"os_mon@test4"} 1 0.4609375 0.0 0.94921875 0.4609375 0.7294921875 16
stats: {cpu,"os_mon@test3"} 1 20.927835051546392 0.0 37.30407523510972 2.665995975855131 23.65831239401088 16
stats: {freemem,"os_mon@test4"} 1 935.32421875 0.0 1447.83984375 935.32421875 1279.032958984375 16
stats: {freemem,"os_mon@myserver"} 1 2162.0 0.0 2184.734375 2162.0 2170.097412109375 16
stats: {recvpackets,"os_mon@test2"} 1 18418.0 0.0 19848 3496 13533.4 15
stats: {sentpackets,"os_mon@test2"} 1 13864.0 0.0 14765 2333 9667.933333333332 15
stats: {load,"os_mon@test3"} 1 0.390625 0.0 0.62890625 0.390625 0.5166015625 16
stats: {cpu,"os_mon@test2"} 1 38.30455259026688 0.0 38.30455259026688 2.4072216649949847 23.175830532917765 16
stats: {recvpackets,"os_mon@test4"} 1 18529.0 0.0 19528 3460 13505.533333333333 15
stats: {sentpackets,"os_mon@test4"} 1 13927.0 0.0 14555 2316 9648.8 15
stats: {freemem,"os_mon@test3"} 1 982.5546875 0.0 1499.39453125 982.5546875 1319.2060546875 16
stats: {cpu,"os_mon@test4"} 1 34.77355543987507 0.0 34.77355543987507 2.4975024975024978 22.483092651844913 16
stats: {load,"os_mon@myserver"} 1 1.33984375 0.0 1.359375 1.0390625 1.129150390625 16
stats: {recvpackets,"os_mon@myserver"} 1 18307.0 0.0 20268 3622 13581.666666666666 15
stats: {sentpackets,"os_mon@myserver"} 1 13797.0 0.0 15041 2420 9701.2 15
stats: {cpu,"os_mon@myserver"} 1 25.4326561324304 0.0 25.56334501752629 1.5338194619059593 22.8571735064544 16
stats: session 1693 33270.121443305165 32338.82669123043 124450.87890625 11.22412109375 15538.846783673149 26075
stats: users_count 3522 53355
stats: finish_users_count 1693 27768
stats: request 16431 1601.2108191814696 4263.47087011313 111602.59692382813 0.35205078125 1120.1959846341763 266447
stats: page 1648 14920.092164419237 9172.312030157591 124448.4091796875 9.85595703125 10950.3813270645 26060
stats: connect 1603 7165.688813607542 9987.637390417922 31113.77294921875 0.48095703125 4768.182388222685 27767
stats: 200 16388 282636
stats: size_rcv 2458200 42284295
stats: newphase 5 87
stats: size_sent 2157995 37719950
stats: connected -88 1420
stats: error_connect_etimedout 1918 10546
# stats: dump at 1338908537
stats: users 27522 27523
stats: {load,"os_mon@test2"} 1 0.19921875 0.0 0.62890625 0.1796875 0.3088235294117647 17
stats: {recvpackets,"os_mon@test3"} 1 19720.0 0.0 19720 3471 13827.0625 16
stats: {sentpackets,"os_mon@test3"} 1 15083.0 0.0 15083 2324 9921.5625 16
stats: {freemem,"os_mon@test2"} 1 1004.8046875 0.0 1520.4765625 1004.8046875 1356.6426930147059 17
stats: {load,"os_mon@test4"} 1 0.55078125 0.0 0.94921875 0.4609375 0.7136948529411765 17
stats: {cpu,"os_mon@test3"} 1 31.920326864147093 0.0 37.30407523510972 2.665995975855131 23.497696079748263 17
stats: {freemem,"os_mon@test4"} 1 876.140625 0.0 1447.83984375 876.140625 1258.8147977941176 17
stats: {freemem,"os_mon@myserver"} 1 2162.0078125 0.0 2184.734375 2162.0 2169.62109375 17
stats: {recvpackets,"os_mon@test2"} 1 19259.0 0.0 19848 3496 13838.6875 16
stats: {sentpackets,"os_mon@test2"} 1 14715.0 0.0 14765 2333 9930.1875 16
stats: {load,"os_mon@test3"} 1 0.328125 0.0 0.62890625 0.328125 0.5091911764705882 17
stats: {cpu,"os_mon@test2"} 1 31.943031536113935 0.0 38.30455259026688 2.4072216649949847 24.065755359820656 17
stats: {recvpackets,"os_mon@test4"} 1 19771.0 0.0 19771 3460 13819.5 16
stats: {sentpackets,"os_mon@test4"} 1 15076.0 0.0 15076 2316 9916.1875 16
stats: {freemem,"os_mon@test3"} 1 918.96875 0.0 1499.39453125 918.96875 1299.4030330882354 17
stats: {cpu,"os_mon@test4"} 1 29.88855116514691 0.0 34.77355543987507 2.4975024975024978 23.206061051140804 17
stats: {load,"os_mon@myserver"} 1 1.2890625 0.0 1.359375 1.0390625 1.1415441176470589 17
stats: {recvpackets,"os_mon@myserver"} 1 19003.0 0.0 20268 3622 13877.0 16
stats: {sentpackets,"os_mon@myserver"} 1 14531.0 0.0 15041 2420 9957.1875 16
stats: {cpu,"os_mon@myserver"} 1 25.53884711779449 0.0 25.56334501752629 1.5338194619059593 23.00867248445299 17
stats: session 1628 36176.14322596741 34561.44088552248 124450.87890625 11.22412109375 16619.913046953076 27768
stats: users_count 3563 56918
stats: finish_users_count 1628 29396
stats: request 16160 1505.792314450102 4075.360849452735 111602.59692382813 0.35205078125 1148.1357846414112 282878
stats: page 1650 15767.464745057998 10325.945447056894 124448.4091796875 9.85595703125 11186.489435190695 27708
stats: connect 1626 6700.712317810434 9498.485159618667 31113.77294921875 0.48095703125 4899.0370971056245 29370
stats: 200 16120 298756
stats: size_rcv 2418000 44702295
stats: newphase 6 93
stats: size_sent 2150064 39870014
stats: connected -64 1356
stats: error_connect_etimedout 3417 13963
# stats: dump at 1338908547
stats: users 30609 30619
stats: {load,"os_mon@test2"} 1 0.25 0.0 0.62890625 0.1796875 0.302734375 18
stats: {recvpackets,"os_mon@test3"} 1 18313.0 0.0 19720 3471 14173.70588235294 17
stats: {sentpackets,"os_mon@test3"} 1 13666.0 0.0 15083 2324 10225.176470588236 17
stats: {freemem,"os_mon@test2"} 1 947.78515625 0.0 1520.4765625 947.78515625 1337.0961371527778 18
stats: {load,"os_mon@test4"} 1 0.609375 0.0 0.94921875 0.4609375 0.7046440972222222 18
stats: {cpu,"os_mon@test3"} 1 24.30340557275542 0.0 37.30407523510972 2.665995975855131 23.965620012214867 18
stats: {freemem,"os_mon@test4"} 1 828.1796875 0.0 1447.83984375 828.1796875 1237.5551215277778 18
stats: {freemem,"os_mon@myserver"} 1 2161.95703125 0.0 2184.734375 2161.95703125 2169.1981336805557 18
stats: {recvpackets,"os_mon@test2"} 1 17949.0 0.0 19848 3496 14157.529411764706 17
stats: {sentpackets,"os_mon@test2"} 1 13458.0 0.0 14765 2333 10211.64705882353 17
stats: {load,"os_mon@test3"} 1 0.359375 0.0 0.62890625 0.328125 0.4991319444444444 18
stats: {cpu,"os_mon@test2"} 1 33.350703491401774 0.0 38.30455259026688 2.4072216649949847 24.50338181405917 18
stats: {recvpackets,"os_mon@test4"} 1 18173.0 0.0 19771 3460 14169.588235294117 17
stats: {sentpackets,"os_mon@test4"} 1 13624.0 0.0 15076 2316 10219.70588235294 17
stats: {freemem,"os_mon@test3"} 1 887.83203125 0.0 1499.39453125 887.83203125 1278.267795138889 18
stats: {cpu,"os_mon@test4"} 1 33.125 0.0 34.77355543987507 2.4975024975024978 23.57731050191892 18
stats: {load,"os_mon@myserver"} 1 1.23828125 0.0 1.359375 1.0390625 1.1497395833333333 18
stats: {recvpackets,"os_mon@myserver"} 1 18531.0 0.0 20268 3622 14178.529411764706 17
stats: {sentpackets,"os_mon@myserver"} 1 13847.0 0.0 15041 2420 10226.235294117647 17
stats: {cpu,"os_mon@myserver"} 1 25.482335254322226 0.0 25.56334501752629 1.5338194619059593 23.14923774186085 18
stats: session 1580 34709.227663914106 33529.30538458881 139272.93481445313 11.22412109375 17702.970018358552 29396
stats: users_count 4667 61585
stats: finish_users_count 1580 30976
stats: request 15910 1381.7266914909583 3467.769504270133 111602.59692382813 0.35205078125 1167.4635273420326 299038
stats: page 1586 14213.813326476054 9525.959300742894 124448.4091796875 9.85595703125 11443.952793092496 29358
stats: connect 1666 5488.951079552904 9032.805083610583 31113.77294921875 0.48095703125 4993.550063580848 30996
stats: 200 15899 314655
stats: size_rcv 2384850 47087145
stats: newphase 5 98
stats: size_sent 2122046 41992060
stats: connected 69 1425
stats: error_connect_etimedout 2296 16259
# stats: dump at 1338908557
stats: users 32373 32373
stats: {load,"os_mon@test2"} 1 0.28125 0.0 0.62890625 0.1796875 0.29995888157894735 19
stats: {recvpackets,"os_mon@test3"} 1 22405.0 0.0 22405 3471 14403.666666666666 18
stats: {sentpackets,"os_mon@test3"} 1 16961.0 0.0 16961 2324 10416.333333333334 18
stats: {freemem,"os_mon@test2"} 1 900.046875 0.0 1520.4765625 900.046875 1316.6060855263158 19
stats: {load,"os_mon@test4"} 1 0.58984375 0.0 0.94921875 0.4609375 0.6996299342105263 19
stats: {cpu,"os_mon@test3"} 1 37.2827804107425 0.0 37.30407523510972 2.665995975855131 23.983398199611738 19
stats: {freemem,"os_mon@test4"} 1 763.9375 0.0 1447.83984375 763.9375 1216.0090460526317 19
stats: {freemem,"os_mon@myserver"} 1 2161.87890625 0.0 2184.734375 2161.87890625 2168.817023026316 19
stats: {recvpackets,"os_mon@test2"} 1 22583.0 0.0 22583 3496 14368.166666666666 18
stats: {sentpackets,"os_mon@test2"} 1 17099.0 0.0 17099 2333 10392.0 18
stats: {load,"os_mon@test3"} 1 0.4609375 0.0 0.62890625 0.328125 0.4917763157894737 19
stats: {cpu,"os_mon@test2"} 1 34.81175863847344 0.0 38.30455259026688 2.4072216649949847 24.969030323392992 19
stats: {recvpackets,"os_mon@test4"} 1 22463.0 0.0 22463 3460 14392.0 18
stats: {sentpackets,"os_mon@test4"} 1 17003.0 0.0 17003 2316 10408.833333333334 18
stats: {freemem,"os_mon@test3"} 1 816.04296875 0.0 1499.39453125 816.04296875 1257.7185444078948 19
stats: {cpu,"os_mon@test4"} 1 32.564237021499736 0.0 34.77355543987507 2.4975024975024978 24.079820475502135 19
stats: {load,"os_mon@myserver"} 1 1.2109375 0.0 1.359375 1.0390625 1.1543996710526316 19
stats: {recvpackets,"os_mon@myserver"} 1 22306.0 0.0 22306 3622 14420.333333333334 18
stats: {sentpackets,"os_mon@myserver"} 1 16913.0 0.0 16913 2420 10427.388888888889 18
stats: {cpu,"os_mon@myserver"} 1 25.544703230653642 0.0 25.56334501752629 1.5338194619059593 23.27203234777987 19
stats: session 1541 36945.00655599173 36697.381219178766 167577.69287109375 11.22412109375 18570.41213741775 30976
stats: users_count 3305 64890
stats: finish_users_count 1541 32517
stats: request 16171 1664.4732794268336 4303.734264951571 111602.59692382813 0.35205078125 1178.287304415103 314948
stats: page 1543 14389.829408676533 10095.962202659704 124448.4091796875 9.85595703125 11585.918886873078 30944
stats: connect 1661 6707.546629389535 9537.579349211655 31113.77294921875 0.48095703125 5018.819125261377 32662
stats: 200 16126 330781
stats: size_rcv 2418900 49506045
stats: newphase 5 103
stats: size_sent 2150058 44142118
stats: connected 73 1498
stats: error_connect_etimedout 3268 19527
stats: error_abort 1 1
EndMonitor:{1338,908557,398595}
