# stats: dump at 1338907511
stats: users 0 0
# stats: dump at 1338907521
stats: users 3 8
stats: {load,"os_mon@test2"} 1 0.8984375 0 0.8984375 0.8984375 0 0
stats: {freemem,"os_mon@test2"} 1 1521.44921875 0 1521.44921875 1521.44921875 0 0
stats: {load,"os_mon@test4"} 1 1.4609375 0 1.4609375 1.4609375 0 0
stats: {cpu,"os_mon@test3"} 1 2.207727044656297 0 2.207727044656297 2.207727044656297 0 0
stats: {freemem,"os_mon@test4"} 1 1447.7578125 0 1447.7578125 1447.7578125 0 0
stats: {freemem,"os_mon@myserver"} 1 2369.2734375 0 2369.2734375 2369.2734375 0 0
stats: {cpu,"os_mon@test2"} 1 2.103154732098147 0 2.103154732098147 2.103154732098147 0 0
stats: {load,"os_mon@test3"} 1 0.6484375 0 0.6484375 0.6484375 0 0
stats: {freemem,"os_mon@test3"} 1 1501.6796875 0 1501.6796875 1501.6796875 0 0
stats: {cpu,"os_mon@test4"} 1 2.2022022022022023 0 2.2022022022022023 2.2022022022022023 0 0
stats: {load,"os_mon@myserver"} 1 0.859375 0 0.859375 0.859375 0 0
stats: {cpu,"os_mon@myserver"} 1 1.4594866633115249 0 1.4594866633115249 1.4594866633115249 0 0
stats: session 589 12.569679558175935 2.159392625504699 28.91796875 9.301025390625 0 0
stats: users_count 592 592
stats: finish_users_count 589 589
stats: request 5837 0.9756780810321013 0.5218687956871466 7.56982421875 0.2021484375 0 0
stats: page 583 10.294537447738003 1.657536928140354 24.614990234375 8.055908203125 0 0
stats: connect 584 1.1443050854826637 0.2990978214620992 4.925048828125 0.596923828125 0 0
stats: 200 5837 5837
stats: size_rcv 624559 624559
stats: size_sent 774298 774298
stats: connected 1 1
# stats: dump at 1338907531
stats: users 5 11
stats: {load,"os_mon@test2"} 1 0.76171875 0.0 0.8984375 0.76171875 0.8984375 1
stats: {freemem,"os_mon@test2"} 1 1520.48828125 0.0 1521.44921875 1520.48828125 1521.44921875 1
stats: {recvpackets,"os_mon@test3"} 1 3671 0 3671 3671 0 0
stats: {sentpackets,"os_mon@test3"} 1 2511 0 2511 2511 0 0
stats: {load,"os_mon@test4"} 1 1.23828125 0.0 1.4609375 1.23828125 1.4609375 1
stats: {cpu,"os_mon@test3"} 1 8.098411071245515 0.0 8.098411071245515 2.207727044656297 2.207727044656297 1
stats: {freemem,"os_mon@test4"} 1 1447.6171875 0.0 1447.7578125 1447.6171875 1447.7578125 1
stats: {freemem,"os_mon@myserver"} 1 2366.76171875 0.0 2369.2734375 2366.76171875 2369.2734375 1
stats: {recvpackets,"os_mon@test2"} 1 3666 0 3666 3666 0 0
stats: {sentpackets,"os_mon@test2"} 1 2508 0 2508 2508 0 0
stats: {cpu,"os_mon@test2"} 1 5.078720162519045 0.0 5.078720162519045 2.103154732098147 2.103154732098147 1
stats: {load,"os_mon@test3"} 1 0.78125 0.0 0.78125 0.6484375 0.6484375 1
stats: {recvpackets,"os_mon@test4"} 1 3641 0 3641 3641 0 0
stats: {sentpackets,"os_mon@test4"} 1 2491 0 2491 2491 0 0
stats: {freemem,"os_mon@test3"} 1 1501.07421875 0.0 1501.6796875 1501.07421875 1501.6796875 1
stats: {cpu,"os_mon@test4"} 1 4.467871485943775 0.0 4.467871485943775 2.2022022022022023 2.2022022022022023 1
stats: {load,"os_mon@myserver"} 1 0.73046875 0.0 0.859375 0.73046875 0.859375 1
stats: {recvpackets,"os_mon@myserver"} 1 3753 0 3753 3753 0 0
stats: {sentpackets,"os_mon@myserver"} 1 2569 0 2569 2569 0 0
stats: {cpu,"os_mon@myserver"} 1 10.609480812641085 0.0 10.609480812641085 1.4594866633115249 1.4594866633115249 1
stats: session 1607 12.233933511103762 2.1104671298593787 47.666015625 8.962158203125 12.569679558175935 589
stats: users_count 1609 2201
stats: finish_users_count 1607 2196
stats: request 16073 0.9668156340164795 0.5171968611150642 18.68603515625 0.152099609375 0.9756780810321013 5837
stats: page 1608 10.16572274734724 1.6485297847500127 34.175048828125 7.69287109375 10.294537447738003 583
stats: connect 1607 1.0512947505056018 0.3639010010652906 7.319091796875 0.507080078125 1.1443050854826637 584
stats: 200 16073 21910
stats: size_rcv 1719811 2344370
stats: newphase 6 6
stats: size_sent 2134072 2908370
stats: connected -1 0
# stats: dump at 1338907541
stats: users 1 12
stats: {load,"os_mon@test2"} 1 0.71875 0.0 0.8984375 0.71875 0.830078125 2
stats: {freemem,"os_mon@test2"} 1 1519.8984375 0.0 1521.44921875 1519.8984375 1520.96875 2
stats: {recvpackets,"os_mon@test3"} 1 7789.0 0.0 7789 3671 3671.0 1
stats: {sentpackets,"os_mon@test3"} 1 5249.0 0.0 5249 2511 2511.0 1
stats: {load,"os_mon@test4"} 1 1.19921875 0.0 1.4609375 1.19921875 1.349609375 2
stats: {cpu,"os_mon@test3"} 1 15.305067218200621 0.0 15.305067218200621 2.207727044656297 5.153069057950906 2
stats: {freemem,"os_mon@test4"} 1 1446.8828125 0.0 1447.7578125 1446.8828125 1447.6875 2
stats: {freemem,"os_mon@myserver"} 1 2366.08984375 0.0 2369.2734375 2366.08984375 2368.017578125 2
stats: {recvpackets,"os_mon@test2"} 1 7788.0 0.0 7788 3666 3666.0 1
stats: {sentpackets,"os_mon@test2"} 1 5249.0 0.0 5249 2508 2508.0 1
stats: {cpu,"os_mon@test2"} 1 12.852022529441884 0.0 12.852022529441884 2.103154732098147 3.5909374473085958 2
stats: {load,"os_mon@test3"} 1 0.80859375 0.0 0.80859375 0.6484375 0.71484375 2
stats: {recvpackets,"os_mon@test4"} 1 7787.0 0.0 7787 3641 3641.0 1
stats: {sentpackets,"os_mon@test4"} 1 5247.0 0.0 5247 2491 2491.0 1
stats: {freemem,"os_mon@test3"} 1 1500.74609375 0.0 1501.6796875 1500.74609375 1501.376953125 2
stats: {cpu,"os_mon@test4"} 1 12.728194726166327 0.0 12.728194726166327 2.2022022022022023 3.3350368440729885 2
stats: {load,"os_mon@myserver"} 1 0.78125 0.0 0.859375 0.73046875 0.794921875 2
stats: {recvpackets,"os_mon@myserver"} 1 7952.0 0.0 7952 3753 3753.0 1
stats: {sentpackets,"os_mon@myserver"} 1 5357.0 0.0 5357 2569 2569.0 1
stats: {cpu,"os_mon@myserver"} 1 21.741293532338307 0.0 21.741293532338307 1.4594866633115249 6.034483737976305 2
stats: session 2645 12.202092132856789 1.8071120305360395 47.666015625 8.634033203125 12.32398561571465 2196
stats: users_count 2641 4842
stats: finish_users_count 2645 4841
stats: request 26440 0.9821020452409938 0.46971234228832165 18.68603515625 0.152099609375 0.9691766610922524 21910
stats: page 2644 10.361624436371262 1.5980679915040958 34.175048828125 7.487060546875 10.199998863425659 2191
stats: connect 2644 0.9888443247092473 0.2968280997216574 7.319091796875 0.489990234375 1.0760861862092093 2191
stats: 200 26440 48350
stats: size_rcv 2829080 5173450
stats: newphase 6 12
stats: size_sent 3511720 6420090
stats: connected 0 0
# stats: dump at 1338907551
stats: users 6 16
stats: {load,"os_mon@test2"} 1 0.69140625 0.0 0.8984375 0.69140625 0.79296875 3
stats: {freemem,"os_mon@test2"} 1 1519.78515625 0.0 1521.44921875 1519.78515625 1520.6119791666667 3
stats: {recvpackets,"os_mon@test3"} 1 11710.0 0.0 11710 3671 5730.0 2
stats: {sentpackets,"os_mon@test3"} 1 7773.0 0.0 7773 2511 3880.0 2
stats: {load,"os_mon@test4"} 1 1.1796875 0.0 1.4609375 1.1796875 1.2994791666666667 3
stats: {cpu,"os_mon@test3"} 1 23.613963039014372 0.0 23.613963039014372 2.207727044656297 8.537068444700811 3
stats: {freemem,"os_mon@test4"} 1 1446.640625 0.0 1447.7578125 1446.640625 1447.4192708333333 3
stats: {freemem,"os_mon@myserver"} 1 2365.72265625 0.0 2369.2734375 2365.72265625 2367.375 3
stats: {recvpackets,"os_mon@test2"} 1 11703.0 0.0 11703 3666 5727.0 2
stats: {sentpackets,"os_mon@test2"} 1 7770.0 0.0 7770 2508 3878.5 2
stats: {cpu,"os_mon@test2"} 1 21.85089974293059 0.0 21.85089974293059 2.103154732098147 6.677965808019692 3
stats: {load,"os_mon@test3"} 1 0.76953125 0.0 0.80859375 0.6484375 0.74609375 3
stats: {recvpackets,"os_mon@test4"} 1 11665.0 0.0 11665 3641 5714.0 2
stats: {sentpackets,"os_mon@test4"} 1 7748.0 0.0 7748 2491 3869.0 2
stats: {freemem,"os_mon@test3"} 1 1500.83203125 0.0 1501.6796875 1500.74609375 1501.1666666666667 3
stats: {cpu,"os_mon@test4"} 1 19.574036511156187 0.0 19.574036511156187 2.2022022022022023 6.466089471437435 3
stats: {load,"os_mon@myserver"} 1 0.87890625 0.0 0.87890625 0.73046875 0.7903645833333334 3
stats: {recvpackets,"os_mon@myserver"} 1 11804.0 0.0 11804 3753 5852.5 2
stats: {sentpackets,"os_mon@myserver"} 1 7829.0 0.0 7829 2569 3963.0 2
stats: {cpu,"os_mon@myserver"} 1 30.91364205256571 0.0 30.91364205256571 1.4594866633115249 11.270087002763638 3
stats: session 3372 12.763220880945115 2.427333559050594 47.666015625 8.634033203125 12.257386098639865 4841
stats: users_count 3377 8219
stats: finish_users_count 3372 8213
stats: request 33470 1.0401305842335484 0.5346199356449103 18.68603515625 0.152099609375 0.9762448546164039 48350
stats: page 3345 10.993554760486756 2.313713274268069 34.791015625 7.487060546875 10.288383147783088 4835
stats: connect 3350 0.9929416394589536 0.33052669115574035 7.319091796875 0.489990234375 1.0283783306133665 4835
stats: 200 33470 81820
stats: size_rcv 3581290 8754740
stats: newphase 6 18
stats: size_sent 4437385 10857475
stats: connected 5 5
# stats: dump at 1338907561
stats: users 3 21
stats: {load,"os_mon@test2"} 1 0.578125 0.0 0.8984375 0.578125 0.767578125 4
stats: {freemem,"os_mon@test2"} 1 1519.890625 0.0 1521.44921875 1519.78515625 1520.4052734375 4
stats: {recvpackets,"os_mon@test3"} 1 15130.0 0.0 15130 3671 7723.333333333333 3
stats: {sentpackets,"os_mon@test3"} 1 9971.0 0.0 9971 2511 5177.666666666667 3
stats: {load,"os_mon@test4"} 1 1.078125 0.0 1.4609375 1.078125 1.26953125 4
stats: {cpu,"os_mon@test3"} 1 28.761514841351076 0.0 28.761514841351076 2.207727044656297 12.3062920932792 4
stats: {freemem,"os_mon@test4"} 1 1446.68359375 0.0 1447.7578125 1446.640625 1447.224609375 4
stats: {freemem,"os_mon@myserver"} 1 2365.3828125 0.0 2369.2734375 2365.3828125 2366.9619140625 4
stats: {recvpackets,"os_mon@test2"} 1 15099.0 0.0 15099 3666 7719.0 3
stats: {sentpackets,"os_mon@test2"} 1 9951.0 0.0 9951 2508 5175.666666666667 3
stats: {cpu,"os_mon@test2"} 1 28.307692307692307 0.0 28.307692307692307 2.103154732098147 10.471199291747418 4
stats: {load,"os_mon@test3"} 1 0.73046875 0.0 0.80859375 0.6484375 0.751953125 4
stats: {recvpackets,"os_mon@test4"} 1 15126.0 0.0 15126 3641 7697.666666666667 3
stats: {sentpackets,"os_mon@test4"} 1 9966.0 0.0 9966 2491 5162.0 3
stats: {freemem,"os_mon@test3"} 1 1500.57421875 0.0 1501.6796875 1500.57421875 1501.0830078125 4
stats: {cpu,"os_mon@test4"} 1 29.31910569105691 0.0 29.31910569105691 2.2022022022022023 9.743076231367123 4
stats: {load,"os_mon@myserver"} 1 0.8984375 0.0 0.8984375 0.73046875 0.8125 4
stats: {recvpackets,"os_mon@myserver"} 1 15252.0 0.0 15252 3753 7836.333333333333 3
stats: {sentpackets,"os_mon@myserver"} 1 10059.0 0.0 10059 2569 5251.666666666667 3
stats: {cpu,"os_mon@myserver"} 1 39.314516129032256 0.0 39.314516129032256 1.4594866633115249 16.180975765214157 4
stats: session 4406 13.641331267908818 4.649334126044577 224.1328125 8.634033203125 12.465065982474432 8213
stats: users_count 4403 12622
stats: finish_users_count 4406 12619
stats: request 43316 1.1259659494056127 1.1813454589697463 208.4619140625 0.152099609375 1.0023785061720851 81820
stats: page 4333 11.936274282216415 4.602070073626487 221.55078125 7.487060546875 10.576744889163745 8180
stats: connect 4329 1.025506745477452 0.4396425410830983 8.954833984375 0.422119140625 1.0138746146246942 8185
stats: 200 43316 125136
stats: size_rcv 4634812 13389552
stats: newphase 6 24
stats: size_sent 5749792 16607267
stats: connected -4 1
# stats: dump at 1338907571
stats: users 5 32
stats: {load,"os_mon@test2"} 1 0.48828125 0.0 0.8984375 0.48828125 0.7296875 5
stats: {freemem,"os_mon@test2"} 1 1519.76953125 0.0 1521.44921875 1519.76953125 1520.30234375 5
stats: {recvpackets,"os_mon@test3"} 1 19070.0 0.0 19070 3671 9575.0 4
stats: {sentpackets,"os_mon@test3"} 1 12534.0 0.0 12534 2511 6376.0 4
stats: {load,"os_mon@test4"} 1 0.98046875 0.0 1.4609375 0.98046875 1.23125 5
stats: {cpu,"os_mon@test3"} 1 37.125129265770425 0.0 37.125129265770425 2.207727044656297 15.597336642893575 5
stats: {freemem,"os_mon@test4"} 1 1446.3984375 0.0 1447.7578125 1446.3984375 1447.11640625 5
stats: {freemem,"os_mon@myserver"} 1 2365.01953125 0.0 2369.2734375 2365.01953125 2366.64609375 5
stats: {recvpackets,"os_mon@test2"} 1 19056.0 0.0 19056 3666 9564.0 4
stats: {sentpackets,"os_mon@test2"} 1 12523.0 0.0 12523 2508 6369.5 4
stats: {cpu,"os_mon@test2"} 1 34.405308831036244 0.0 34.405308831036244 2.103154732098147 14.038497894936395 5
stats: {load,"os_mon@test3"} 1 0.69921875 0.0 0.80859375 0.6484375 0.74765625 5
stats: {recvpackets,"os_mon@test4"} 1 19005.0 0.0 19005 3641 9554.75 4
stats: {sentpackets,"os_mon@test4"} 1 12488.0 0.0 12488 2491 6363.0 4
stats: {freemem,"os_mon@test3"} 1 1500.4765625 0.0 1501.6796875 1500.4765625 1500.98125 5
stats: {cpu,"os_mon@test4"} 1 35.4887983706721 0.0 35.4887983706721 2.2022022022022023 13.658282123305082 5
stats: {load,"os_mon@myserver"} 1 0.921875 0.0 0.921875 0.73046875 0.8296875 5
stats: {recvpackets,"os_mon@myserver"} 1 19290.0 0.0 19290 3753 9690.25 4
stats: {sentpackets,"os_mon@myserver"} 1 12673.0 0.0 12673 2569 6453.5 4
stats: {cpu,"os_mon@myserver"} 1 48.40764331210191 0.0 48.40764331210191 1.4594866633115249 20.807683837977777 5
stats: session 5286 18.520239424083055 33.28237245438651 1030.4599609375 8.634033203125 12.875766105116789 12619
stats: users_count 5288 17910
stats: finish_users_count 5286 17905
stats: request 51499 1.5885433938568596 10.292254053657626 1009.19091796875 0.152099609375 1.0451584710990725 125136
stats: page 5148 16.818785530333408 33.54838406743961 1028.7900390625 7.487060546875 11.047522549205079 12513
stats: connect 5152 2.045156822441528 27.828150851111737 1001.9228515625 0.422119140625 1.0178985473769386 12514
stats: 200 51499 176635
stats: size_rcv 5510393 18899945
stats: newphase 6 30
stats: size_sent 6836413 23443680
stats: connected 4 5
# stats: dump at 1338907581
stats: users 14 32
stats: {load,"os_mon@test2"} 1 0.578125 0.0 0.8984375 0.48828125 0.689453125 6
stats: {freemem,"os_mon@test2"} 1 1519.33203125 0.0 1521.44921875 1519.33203125 1520.2135416666667 6
stats: {recvpackets,"os_mon@test3"} 1 23032.0 0.0 23032 3671 11474.0 5
stats: {sentpackets,"os_mon@test3"} 1 15078.0 0.0 15078 2511 7607.6 5
stats: {load,"os_mon@test4"} 1 0.98828125 0.0 1.4609375 0.98046875 1.189453125 6
stats: {cpu,"os_mon@test3"} 1 42.834971546818416 0.0 42.834971546818416 2.207727044656297 19.185302080039715 6
stats: {freemem,"os_mon@test4"} 1 1446.1875 0.0 1447.7578125 1446.1875 1446.9967447916667 6
stats: {freemem,"os_mon@myserver"} 1 2364.671875 0.0 2369.2734375 2364.671875 2366.375 6
stats: {recvpackets,"os_mon@test2"} 1 23001.0 0.0 23001 3666 11462.4 5
stats: {sentpackets,"os_mon@test2"} 1 15068.0 0.0 15068 2508 7600.2 5
stats: {cpu,"os_mon@test2"} 1 48.688946015424165 0.0 48.688946015424165 2.103154732098147 17.43296638428637 6
stats: {load,"os_mon@test3"} 1 0.75 0.0 0.80859375 0.6484375 0.7395833333333334 6
stats: {recvpackets,"os_mon@test4"} 1 23011.0 0.0 23011 3641 11444.8 5
stats: {sentpackets,"os_mon@test4"} 1 15067.0 0.0 15067 2491 7588.0 5
stats: {freemem,"os_mon@test3"} 1 1499.9921875 0.0 1501.6796875 1499.9921875 1500.8971354166667 6
stats: {cpu,"os_mon@test4"} 1 42.740286298568506 0.0 42.740286298568506 2.2022022022022023 17.296701497866252 6
stats: {load,"os_mon@myserver"} 1 1.16015625 0.0 1.16015625 0.73046875 0.8450520833333334 6
stats: {recvpackets,"os_mon@myserver"} 1 23039.0 0.0 23039 3753 11610.2 5
stats: {sentpackets,"os_mon@myserver"} 1 15077.0 0.0 15077 2569 7697.4 5
stats: {cpu,"os_mon@myserver"} 1 57.468030690537084 0.0 57.468030690537084 1.4594866633115249 25.407677083665135 6
stats: session 6301 17.523742046153323 31.82433779520086 1228.635986328125 8.634033203125 14.542154597943131 17905
stats: users_count 6310 24220
stats: finish_users_count 6301 24206
stats: request 62971 1.5030213676918147 9.604518286300992 1009.19091796875 0.152099609375 1.2035856239119538 176635
stats: page 6294 15.810617549327729 31.811624636779268 1226.90087890625 7.467041015625 12.729786397619588 17661
stats: connect 6298 1.7098332462934667 25.143731547830587 1001.9228515625 0.422119140625 1.3174816240854617 17666
stats: 200 62971 239606
stats: size_rcv 6737897 25637842
stats: newphase 6 36
stats: size_sent 8348637 31792317
stats: connected 4 9
# stats: dump at 1338907591
stats: users 12 42
stats: {load,"os_mon@test2"} 1 0.71875 0.0 0.8984375 0.48828125 0.6735491071428571 7
stats: {freemem,"os_mon@test2"} 1 1519.09765625 0.0 1521.44921875 1519.09765625 1520.087611607143 7
stats: {recvpackets,"os_mon@test3"} 1 26649.0 0.0 26649 3671 13400.333333333334 6
stats: {sentpackets,"os_mon@test3"} 1 17463.0 0.0 17463 2511 8852.666666666666 6
stats: {load,"os_mon@test4"} 1 1.0703125 0.0 1.4609375 0.98046875 1.1607142857142858 7
stats: {cpu,"os_mon@test3"} 1 47.751937984496124 0.0 47.751937984496124 2.207727044656297 22.56382628957953 7
stats: {freemem,"os_mon@test4"} 1 1445.953125 0.0 1447.7578125 1445.953125 1446.881138392857 7
stats: {freemem,"os_mon@myserver"} 1 2364.5 0.0 2369.2734375 2364.5 2366.1316964285716 7
stats: {recvpackets,"os_mon@test2"} 1 26642.0 0.0 26642 3666 13385.5 6
stats: {sentpackets,"os_mon@test2"} 1 17453.0 0.0 17453 2508 8844.833333333334 6
stats: {cpu,"os_mon@test2"} 1 47.570332480818415 0.0 48.688946015424165 2.103154732098147 21.89810633159177 7
stats: {load,"os_mon@test3"} 1 0.7890625 0.0 0.80859375 0.6484375 0.7410714285714286 7
stats: {recvpackets,"os_mon@test4"} 1 26576.0 0.0 26576 3641 13372.5 6
stats: {sentpackets,"os_mon@test4"} 1 17415.0 0.0 17415 2491 8834.5 6
stats: {freemem,"os_mon@test3"} 1 1499.37109375 0.0 1501.6796875 1499.37109375 1500.767857142857 7
stats: {cpu,"os_mon@test4"} 1 46.50101419878296 0.0 46.50101419878296 2.2022022022022023 20.931499326538 7
stats: {load,"os_mon@myserver"} 1 1.6015625 0.0 1.6015625 0.73046875 0.8900669642857143 7
stats: {recvpackets,"os_mon@myserver"} 1 26804.0 0.0 26804 3753 13515.0 6
stats: {sentpackets,"os_mon@myserver"} 1 17567.0 0.0 17567 2569 8927.333333333334 6
stats: {cpu,"os_mon@myserver"} 1 66.32548618219037 0.0 66.32548618219037 1.4594866633115249 29.98772759893256 7
stats: session 7053 22.646802592037496 46.132577301522446 1228.635986328125 8.634033203125 15.318283760595879 24206
stats: users_count 7051 31271
stats: finish_users_count 7053 31259
stats: request 70267 2.015734067106312 14.4674001970637 1009.19091796875 0.152099609375 1.2822805156156742 239606
stats: page 7028 21.011594248007913 46.19669709718147 1226.90087890625 7.467041015625 13.53925211537584 23955
stats: connect 7027 2.2514095672828867 33.66769011850312 1001.9228515625 0.410888671875 1.4205959003609587 23964
stats: 200 70267 309873
stats: size_rcv 7518569 33156411
stats: newphase 6 42
stats: size_sent 9311632 41103949
stats: connected -1 8
# stats: dump at 1338907601
stats: users 40 62
stats: {load,"os_mon@test2"} 1 0.6796875 0.0 0.8984375 0.48828125 0.67919921875 8
stats: {freemem,"os_mon@test2"} 1 1518.59765625 0.0 1521.44921875 1518.59765625 1519.9638671875 8
stats: {recvpackets,"os_mon@test3"} 1 30179.0 0.0 30179 3671 15293.0 7
stats: {sentpackets,"os_mon@test3"} 1 19723.0 0.0 19723 2511 10082.714285714286 7
stats: {load,"os_mon@test4"} 1 0.98046875 0.0 1.4609375 0.98046875 1.1494140625 8
stats: {cpu,"os_mon@test3"} 1 51.949420442571125 0.0 51.949420442571125 2.207727044656297 25.712340251444104 8
stats: {freemem,"os_mon@test4"} 1 1445.703125 0.0 1447.7578125 1445.703125 1446.76513671875 8
stats: {freemem,"os_mon@myserver"} 1 2363.80078125 0.0 2369.2734375 2363.80078125 2365.927734375 8
stats: {recvpackets,"os_mon@test2"} 1 30168.0 0.0 30168 3666 15279.285714285714 7
stats: {sentpackets,"os_mon@test2"} 1 19711.0 0.0 19711 2508 10074.57142857143 7
stats: {cpu,"os_mon@test2"} 1 53.96825396825397 0.0 53.96825396825397 2.103154732098147 25.1071346002451 8
stats: {load,"os_mon@test3"} 1 0.671875 0.0 0.80859375 0.6484375 0.7470703125 8
stats: {recvpackets,"os_mon@test4"} 1 30210.0 0.0 30210 3641 15258.714285714286 7
stats: {sentpackets,"os_mon@test4"} 1 19741.0 0.0 19741 2491 10060.285714285714 7
stats: {freemem,"os_mon@test3"} 1 1499.16015625 0.0 1501.6796875 1499.16015625 1500.59326171875 8
stats: {cpu,"os_mon@test4"} 1 52.204764318297016 0.0 52.204764318297016 2.2022022022022023 24.12768868556862 8
stats: {load,"os_mon@myserver"} 1 1.73046875 0.0 1.73046875 0.73046875 0.97900390625 8
stats: {recvpackets,"os_mon@myserver"} 1 30241.0 0.0 30241 3753 15413.42857142857 7
stats: {sentpackets,"os_mon@myserver"} 1 19764.0 0.0 19764 2569 10161.57142857143 7
stats: {cpu,"os_mon@myserver"} 1 73.70304114490162 0.0 73.70304114490162 1.4594866633115249 34.529947421839786 8
stats: session 7921 36.15104223173573 87.6378995357378 1429.670166015625 8.634033203125 16.971824926921023 31259
stats: users_count 7949 39220
stats: finish_users_count 7921 39180
stats: request 78505 3.3022898900995448 25.92940024429581 1208.6259765625 0.152099609375 1.4485989128383838 309873
stats: page 7850 33.95203830986268 85.68712902170653 1428.60009765625 7.467041015625 15.234233895969657 30983
stats: connect 7853 5.247133111947667 63.60273874552354 1004.487060546875 0.410888671875 1.6089772897146546 30991
stats: 200 78505 388378
stats: size_rcv 8400035 41556446
stats: newphase 6 48
stats: size_sent 10407922 51511871
stats: connected 3 11
# stats: dump at 1338907611
stats: users 183 211
stats: {load,"os_mon@test2"} 1 0.73046875 0.0 0.8984375 0.48828125 0.6792534722222222 9
stats: {freemem,"os_mon@test2"} 1 1518.76953125 0.0 1521.44921875 1518.59765625 1519.8120659722222 9
stats: {recvpackets,"os_mon@test3"} 1 33390.0 0.0 33390 3671 17153.75 8
stats: {sentpackets,"os_mon@test3"} 1 21865.0 0.0 21865 2511 11287.75 8
stats: {load,"os_mon@test4"} 1 1.140625 0.0 1.4609375 0.98046875 1.1306423611111112 9
stats: {cpu,"os_mon@test3"} 1 57.23993727130162 0.0 57.23993727130162 2.207727044656297 28.62757138379155 9
stats: {freemem,"os_mon@test4"} 1 1445.46875 0.0 1447.7578125 1445.46875 1446.6471354166667 9
stats: {freemem,"os_mon@myserver"} 1 2360.12890625 0.0 2369.2734375 2360.12890625 2365.69140625 9
stats: {recvpackets,"os_mon@test2"} 1 33354.0 0.0 33354 3666 17140.375 8
stats: {sentpackets,"os_mon@test2"} 1 21841.0 0.0 21841 2508 11279.125 8
stats: {cpu,"os_mon@test2"} 1 58.265306122448976 0.0 58.265306122448976 2.103154732098147 28.313925641134976 9
stats: {load,"os_mon@test3"} 1 0.7109375 0.0 0.80859375 0.6484375 0.7387152777777778 9
stats: {recvpackets,"os_mon@test4"} 1 33280.0 0.0 33280 3641 17127.625 8
stats: {sentpackets,"os_mon@test4"} 1 21789.0 0.0 21789 2491 11270.375 8
stats: {freemem,"os_mon@test3"} 1 1499.0390625 0.0 1501.6796875 1499.0390625 1500.4340277777778 9
stats: {cpu,"os_mon@test4"} 1 55.5045871559633 0.0 55.5045871559633 2.2022022022022023 27.247363755871774 9
stats: {load,"os_mon@myserver"} 1 2.078125 0.0 2.078125 0.73046875 1.0625 9
stats: {recvpackets,"os_mon@myserver"} 1 33470.0 0.0 33470 3753 17266.875 8
stats: {sentpackets,"os_mon@myserver"} 1 21913.0 0.0 21913 2569 11361.875 8
stats: {cpu,"os_mon@myserver"} 1 80.64680417621594 0.0 80.64680417621594 1.4594866633115249 38.88251339106888 9
stats: session 8771 108.15256823912806 198.3054098807601 3736.9658203125 8.634033203125 20.849277205416104 39180
stats: users_count 8914 48134
stats: finish_users_count 8771 47951
stats: request 87993 10.109179211387787 57.076883672324946 1482.929931640625 0.152099609375 1.8232957550124704 388378
stats: page 8763 101.14030237664754 190.33410871196511 1947.822021484375 7.467041015625 19.017994219639224 38833
stats: connect 8849 19.773824196236873 134.85950294282972 1480.294921875 0.410888671875 2.344494684215629 38844
stats: 200 87993 476371
stats: size_rcv 9415251 50971697
stats: newphase 6 54
stats: size_sent 11687466 63199337
stats: connected 86 97
# stats: dump at 1338907621
stats: users 917 918
stats: {load,"os_mon@test2"} 1 0.921875 0.0 0.921875 0.48828125 0.684375 10
stats: {freemem,"os_mon@test2"} 1 1515.90625 0.0 1521.44921875 1515.90625 1519.7078125 10
stats: {recvpackets,"os_mon@test3"} 1 37286.0 0.0 37286 3671 18957.777777777777 9
stats: {sentpackets,"os_mon@test3"} 1 24397.0 0.0 24397 2511 12463.0 9
stats: {load,"os_mon@test4"} 1 1.19140625 0.0 1.4609375 0.98046875 1.131640625 10
stats: {cpu,"os_mon@test3"} 1 63.51706036745407 0.0 63.51706036745407 2.207727044656297 31.48880797254256 10
stats: {freemem,"os_mon@test4"} 1 1442.8671875 0.0 1447.7578125 1442.8671875 1446.529296875 10
stats: {freemem,"os_mon@myserver"} 1 2351.5 0.0 2369.2734375 2351.5 2365.13515625 10
stats: {recvpackets,"os_mon@test2"} 1 37251.0 0.0 37251 3666 18941.88888888889 9
stats: {sentpackets,"os_mon@test2"} 1 24379.0 0.0 24379 2508 12452.666666666666 9
stats: {cpu,"os_mon@test2"} 1 61.54639175257732 0.0 61.54639175257732 2.103154732098147 31.309063689266374 10
stats: {load,"os_mon@test3"} 1 0.76171875 0.0 0.80859375 0.6484375 0.7359375 10
stats: {recvpackets,"os_mon@test4"} 1 37251.0 0.0 37251 3641 18922.333333333332 9
stats: {sentpackets,"os_mon@test4"} 1 24383.0 0.0 24383 2491 12439.111111111111 9
stats: {freemem,"os_mon@test3"} 1 1496.53125 0.0 1501.6796875 1496.53125 1500.29453125 10
stats: {cpu,"os_mon@test4"} 1 60.45569620253165 0.0 60.45569620253165 2.2022022022022023 30.073086095880928 10
stats: {load,"os_mon@myserver"} 1 2.37890625 0.0 2.37890625 0.73046875 1.1640625 10
stats: {recvpackets,"os_mon@myserver"} 1 37449.0 0.0 37449 3753 19067.222222222223 9
stats: {sentpackets,"os_mon@myserver"} 1 24510.0 0.0 24510 2569 12534.222222222223 9
stats: {cpu,"os_mon@myserver"} 1 86.16149068322981 0.0 86.16149068322981 1.4594866633115249 43.058942469583585 10
stats: session 8783 307.74611526484034 377.1800609943668 3736.9658203125 8.634033203125 36.81843667355415 47951
stats: users_count 9517 57651
stats: finish_users_count 8783 56734
stats: request 90666 30.22674836688128 106.59759092661362 2502.298095703125 0.152099609375 3.3538249916302183 476371
stats: page 8857 284.8460050688192 357.0448990861317 3734.873046875 7.467041015625 34.13770567396026 47596
stats: connect 9355 51.33008992099812 217.81131301574078 1596.87890625 0.410888671875 5.578347384860923 47693
stats: 200 90666 567037
stats: size_rcv 9701262 60672959
stats: newphase 6 60
stats: size_sent 12085068 75284405
stats: connected 498 595
# stats: dump at 1338907631
stats: users 1672 1695
stats: {load,"os_mon@test2"} 1 1.08984375 0.0 1.08984375 0.48828125 0.7059659090909091 11
stats: {freemem,"os_mon@test2"} 1 1502.8359375 0.0 1521.44921875 1502.8359375 1519.362215909091 11
stats: {recvpackets,"os_mon@test3"} 1 38782.0 0.0 38782 3671 20790.6 10
stats: {sentpackets,"os_mon@test3"} 1 25376.0 0.0 25376 2511 13656.4 10
stats: {load,"os_mon@test4"} 1 1.078125 0.0 1.4609375 0.98046875 1.1370738636363635 11
stats: {cpu,"os_mon@test3"} 1 64.11075612353568 0.0 64.11075612353568 2.207727044656297 34.400467281170876 11
stats: {freemem,"os_mon@test4"} 1 1430.75390625 0.0 1447.7578125 1430.75390625 1446.196377840909 11
stats: {freemem,"os_mon@myserver"} 1 2333.671875 0.0 2369.2734375 2333.671875 2363.895596590909 11
stats: {recvpackets,"os_mon@test2"} 1 38778.0 0.0 38778 3666 20772.8 10
stats: {sentpackets,"os_mon@test2"} 1 25362.0 0.0 25362 2508 13645.3 10
stats: {cpu,"os_mon@test2"} 1 63.565081024568734 0.0 63.565081024568734 2.103154732098147 34.057911695021915 11
stats: {load,"os_mon@test3"} 1 0.7890625 0.0 0.80859375 0.6484375 0.73828125 11
stats: {recvpackets,"os_mon@test4"} 1 38775.0 0.0 38775 3641 20755.2 10
stats: {sentpackets,"os_mon@test4"} 1 25359.0 0.0 25359 2491 13633.5 10
stats: {freemem,"os_mon@test3"} 1 1481.8203125 0.0 1501.6796875 1481.8203125 1499.9524147727273 11
stats: {cpu,"os_mon@test4"} 1 61.39015728056824 0.0 61.39015728056824 2.2022022022022023 32.835141560121905 11
stats: {load,"os_mon@myserver"} 1 2.390625 0.0 2.390625 0.73046875 1.2745028409090908 11
stats: {recvpackets,"os_mon@myserver"} 1 40916.0 0.0 40916 3753 20905.4 10
stats: {sentpackets,"os_mon@myserver"} 1 26770.0 0.0 26770 2569 13731.8 10
stats: {cpu,"os_mon@myserver"} 1 88.98928346291237 0.0 88.98928346291237 1.4594866633115249 46.97735594355142 11
stats: session 9204 1300.7626033486242 1059.6506811225956 8975.51611328125 8.634033203125 78.76079577157768 56734
stats: users_count 9959 67610
stats: finish_users_count 9204 65938
stats: request 93084 132.91160124440867 328.98182551776875 7021.550048828125 0.152099609375 7.650653012977172 567037
stats: page 9155 1282.5296838998936 1048.7709171995775 8974.217041015625 7.467041015625 73.47172526087797 56453
stats: connect 9476 345.4308376867798 652.2051513671241 7013.656005859375 0.410888671875 13.0809338283044 57048
stats: 200 93084 660121
stats: size_rcv 9959988 70632947
stats: newphase 6 66
stats: size_sent 12381747 87666152
stats: connected 321 916
# stats: dump at 1338907641
stats: users 2825 2826
stats: {load,"os_mon@test2"} 1 1.0703125 0.0 1.08984375 0.48828125 0.7379557291666666 12
stats: {freemem,"os_mon@test2"} 1 1494.984375 0.0 1521.44921875 1494.984375 1517.9850260416667 12
stats: {recvpackets,"os_mon@test3"} 1 40065.0 0.0 40065 3671 22426.18181818182 11
stats: {sentpackets,"os_mon@test3"} 1 26210.0 0.0 26210 2511 14721.818181818182 11
stats: {load,"os_mon@test4"} 1 1.0703125 0.0 1.4609375 0.98046875 1.1321614583333333 12
stats: {cpu,"os_mon@test3"} 1 67.04240472356415 0.0 67.04240472356415 2.207727044656297 36.876324684701274 12
stats: {freemem,"os_mon@test4"} 1 1424.2890625 0.0 1447.7578125 1424.2890625 1444.9095052083333 12
stats: {freemem,"os_mon@myserver"} 1 2318.578125 0.0 2369.2734375 2318.578125 2361.376953125 12
stats: {recvpackets,"os_mon@test2"} 1 40080.0 0.0 40080 3666 22409.636363636364 11
stats: {sentpackets,"os_mon@test2"} 1 26227.0 0.0 26227 2508 14710.454545454546 11
stats: {cpu,"os_mon@test2"} 1 64.41558441558442 0.0 64.41558441558442 2.103154732098147 36.51684247248415 12
stats: {load,"os_mon@test3"} 1 0.75 0.0 0.80859375 0.6484375 0.7425130208333334 12
stats: {recvpackets,"os_mon@test4"} 1 40081.0 0.0 40081 3641 22393.363636363636 11
stats: {sentpackets,"os_mon@test4"} 1 26227.0 0.0 26227 2491 14699.454545454546 11
stats: {freemem,"os_mon@test3"} 1 1475.125 0.0 1501.6796875 1475.125 1498.44140625 12
stats: {cpu,"os_mon@test4"} 1 63.93939393939394 0.0 63.93939393939394 2.2022022022022023 35.21472620349243 12
stats: {load,"os_mon@myserver"} 1 2.640625 0.0 2.640625 0.73046875 1.3675130208333333 12
stats: {recvpackets,"os_mon@myserver"} 1 49848.0 0.0 49848 3753 22724.545454545456 11
stats: {sentpackets,"os_mon@myserver"} 1 32663.0 0.0 32663 2569 14917.09090909091 11
stats: {cpu,"os_mon@myserver"} 1 90.03315375051803 0.0 90.03315375051803 1.4594866633115249 50.47834990349816 12
stats: session 9160 1934.2980665448436 1803.17234909406 15905.455078125 8.634033203125 249.3347385199039 65938
stats: users_count 10313 77923
stats: finish_users_count 9160 75098
stats: request 91727 196.56414098580635 614.9207181050687 15248.81396484375 0.152099609375 25.313763420273062 660121
stats: page 9168 1904.329487719045 1758.741164763397 15670.442138671875 7.467041015625 242.18477262309278 65608
stats: connect 9191 807.290493900921 1499.3037846947423 15035.181884765625 0.410888671875 60.422460028817184 66524
stats: 200 91727 751848
stats: size_rcv 9814789 80447736
stats: newphase 6 72
stats: size_sent 12172414 99838566
stats: connected 23 939
# stats: dump at 1338907651
stats: users 3255 4539
stats: {load,"os_mon@test2"} 1 1.2109375 0.0 1.2109375 0.48828125 0.7635216346153846 13
stats: {freemem,"os_mon@test2"} 1 1483.46484375 0.0 1521.44921875 1483.46484375 1516.2157451923076 13
stats: {recvpackets,"os_mon@test3"} 1 41730.0 0.0 41730 3671 23896.083333333332 12
stats: {sentpackets,"os_mon@test3"} 1 27545.0 0.0 27545 2511 15679.166666666666 12
stats: {load,"os_mon@test4"} 1 0.98046875 0.0 1.4609375 0.98046875 1.1274038461538463 13
stats: {cpu,"os_mon@test3"} 1 69.17697686928456 0.0 69.17697686928456 2.207727044656297 39.19679237999841 13
stats: {freemem,"os_mon@test4"} 1 1413.2734375 0.0 1447.7578125 1413.2734375 1443.3233173076924 13
stats: {freemem,"os_mon@myserver"} 1 2309.734375 0.0 2369.2734375 2309.734375 2358.084735576923 13
stats: {recvpackets,"os_mon@test2"} 1 41719.0 0.0 41719 3666 23882.166666666668 12
stats: {sentpackets,"os_mon@test2"} 1 27537.0 0.0 27537 2508 15670.166666666666 12
stats: {cpu,"os_mon@test2"} 1 63.87872451646628 0.0 64.41558441558442 2.103154732098147 38.66289954503033 13
stats: {load,"os_mon@test3"} 1 0.859375 0.0 0.859375 0.6484375 0.7430889423076923 13
stats: {recvpackets,"os_mon@test4"} 1 41615.0 0.0 41615 3641 23867.333333333332 12
stats: {sentpackets,"os_mon@test4"} 1 27465.0 0.0 27465 2491 15660.083333333334 12
stats: {freemem,"os_mon@test3"} 1 1463.87890625 0.0 1501.6796875 1463.87890625 1496.6478365384614 13
stats: {cpu,"os_mon@test4"} 1 66.9195751138088 0.0 66.9195751138088 2.2022022022022023 37.42431602933101 13
stats: {load,"os_mon@myserver"} 1 2.94921875 0.0 2.94921875 0.73046875 1.4654447115384615 13
stats: {recvpackets,"os_mon@myserver"} 1 49376.0 0.0 49848 3753 24984.833333333332 12
stats: {sentpackets,"os_mon@myserver"} 1 32548.0 0.0 32663 2569 16395.916666666668 12
stats: {cpu,"os_mon@myserver"} 1 89.19117647058825 0.0 90.03315375051803 1.4594866633115249 53.521027122499696 13
stats: session 9259 2456.502115498681 2668.3829677884933 23841.333984375 8.634033203125 454.8563780403764 75098
stats: users_count 9689 87612
stats: finish_users_count 9259 84357
stats: request 92099 254.0132393914895 961.7412809444124 22569.572021484375 0.152099609375 46.20666116417033 751848
stats: page 9258 2408.346200741499 2639.179613411603 23840.089111328125 7.467041015625 445.9739930681512 74776
stats: connect 9099 1393.2428937879079 2527.975701320459 22565.68310546875 0.410888671875 151.08433811530608 75715
stats: 200 92099 843947
stats: size_rcv 9854593 90302329
stats: newphase 6 78
stats: size_sent 12194143 112032709
stats: connected -159 780
# stats: dump at 1338907661
stats: users 3208 4539
stats: {load,"os_mon@test2"} 1 1.328125 0.0 1.328125 0.48828125 0.7954799107142857 14
stats: {freemem,"os_mon@test2"} 1 1478.19140625 0.0 1521.44921875 1478.19140625 1513.8763950892858 14
stats: {recvpackets,"os_mon@test3"} 1 37330.0 0.0 41730 3671 25267.923076923078 13
stats: {sentpackets,"os_mon@test3"} 1 24611.0 0.0 27545 2511 16591.923076923078 13
stats: {load,"os_mon@test4"} 1 0.8984375 0.0 1.4609375 0.8984375 1.1169084821428572 14
stats: {cpu,"os_mon@test3"} 1 72.9903536977492 0.0 72.9903536977492 2.207727044656297 41.338234129233136 14
stats: {freemem,"os_mon@test4"} 1 1405.04296875 0.0 1447.7578125 1405.04296875 1441.1768973214287 14
stats: {freemem,"os_mon@myserver"} 1 2305.453125 0.0 2369.2734375 2305.453125 2354.6311383928573 14
stats: {recvpackets,"os_mon@test2"} 1 37324.0 0.0 41719 3666 25254.23076923077 13
stats: {sentpackets,"os_mon@test2"} 1 24611.0 0.0 27537 2508 16583.0 13
stats: {cpu,"os_mon@test2"} 1 61.67695473251029 0.0 64.41558441558442 2.103154732098147 40.4640299001329 14
stats: {load,"os_mon@test3"} 1 1.0390625 0.0 1.0390625 0.6484375 0.7513950892857143 14
stats: {recvpackets,"os_mon@test4"} 1 37389.0 0.0 41615 3641 25232.53846153846 13
stats: {sentpackets,"os_mon@test4"} 1 24649.0 0.0 27465 2491 16568.153846153848 13
stats: {freemem,"os_mon@test3"} 1 1436.83984375 0.0 1501.6796875 1436.83984375 1494.3071986607142 14
stats: {cpu,"os_mon@test4"} 1 56.05590062111801 0.0 66.9195751138088 2.2022022022022023 39.53112024965085 14
stats: {load,"os_mon@myserver"} 1 3.109375 0.0 3.109375 0.73046875 1.5714285714285714 14
stats: {recvpackets,"os_mon@myserver"} 1 41756.0 0.0 49848 3753 26861.076923076922 13
stats: {sentpackets,"os_mon@myserver"} 1 27571.0 0.0 32663 2569 17638.384615384617 13
stats: {cpu,"os_mon@myserver"} 1 89.90637131765243 0.0 90.03315375051803 1.4594866633115249 56.06889493307745 14
stats: session 9211 3303.5774801517414 4307.2354672902975 32942.947998046875 8.634033203125 674.5564371122547 84357
stats: users_count 9164 96776
stats: finish_users_count 9211 93568
stats: 200 91980 935927
stats: request 91980 330.7270061681154 1524.3873487347767 32497.2939453125 0.152099609375 68.88436254607923 843947
stats: page 9307 3264.9659431828895 4190.842858097057 31659.65185546875 7.467041015625 662.1679371698226 84034
stats: connect 9110 2204.4583153332064 4243.940964953385 32494.7919921875 0.410888671875 284.3453645739686 84814
stats: size_rcv 9841860 100144189
stats: newphase 6 84
stats: size_sent 12175845 124208554
stats: connected -197 583
# stats: dump at 1338907671
stats: users 3100 4826
stats: {load,"os_mon@test2"} 1 1.51171875 0.0 1.51171875 0.48828125 0.8309895833333333 15
stats: {freemem,"os_mon@test2"} 1 1477.45703125 0.0 1521.44921875 1477.45703125 1511.4973958333333 15
stats: {recvpackets,"os_mon@test3"} 1 37854.0 0.0 41730 3671 26129.5 14
stats: {sentpackets,"os_mon@test3"} 1 25018.0 0.0 27545 2511 17164.714285714286 14
stats: {load,"os_mon@test4"} 1 0.76953125 0.0 1.4609375 0.76953125 1.10234375 15
stats: {cpu,"os_mon@test3"} 1 74.40381558028616 0.0 74.40381558028616 2.207727044656297 43.44837543380088 15
stats: {freemem,"os_mon@test4"} 1 1404.19921875 0.0 1447.7578125 1404.19921875 1438.76796875 15
stats: {freemem,"os_mon@myserver"} 1 2306.203125 0.0 2369.2734375 2305.453125 2351.352604166667 15
stats: {recvpackets,"os_mon@test2"} 1 37857.0 0.0 41719 3666 26116.35714285714 14
stats: {sentpackets,"os_mon@test2"} 1 25021.0 0.0 27537 2508 17156.428571428572 14
stats: {cpu,"os_mon@test2"} 1 55.1617873651772 0.0 64.41558441558442 2.103154732098147 41.87822488895805 15
stats: {load,"os_mon@test3"} 1 1.109375 0.0 1.109375 0.6484375 0.7705729166666667 15
stats: {recvpackets,"os_mon@test4"} 1 37902.0 0.0 41615 3641 26100.85714285714 14
stats: {sentpackets,"os_mon@test4"} 1 25055.0 0.0 27465 2491 17145.357142857145 14
stats: {freemem,"os_mon@test3"} 1 1405.109375 0.0 1501.6796875 1405.109375 1490.4760416666666 15
stats: {cpu,"os_mon@test4"} 1 60.88957055214724 0.0 66.9195751138088 2.2022022022022023 40.63277227441532 15
stats: {load,"os_mon@myserver"} 1 3.25 0.0 3.25 0.73046875 1.6739583333333334 15
stats: {recvpackets,"os_mon@myserver"} 1 40045.0 0.0 49848 3753 27925.0 14
stats: {sentpackets,"os_mon@myserver"} 1 26628.0 0.0 32663 2569 18347.857142857145 14
stats: {cpu,"os_mon@myserver"} 1 87.66266266266265 0.0 90.03315375051803 1.4594866633115249 58.32472669204912 15
stats: session 9162 3074.27474160852 4832.308614626215 45668.299072265625 8.634033203125 933.3619350115014 93568
stats: users_count 9054 105830
stats: finish_users_count 9162 102730
stats: request 91795 307.1654151579503 1692.045760977559 38356.466064453125 0.152099609375 94.61744467786397 935927
stats: page 9226 3062.319515086868 4750.871437089028 45666.8349609375 7.467041015625 921.6920588522946 93341
stats: connect 9190 2175.7251866520114 4827.044382919795 38138.903076171875 0.410888671875 470.5834824290073 93924
stats: 200 91795 1027722
stats: size_rcv 9822065 109966254
stats: newphase 6 90
stats: size_sent 12174719 136383273
stats: connected -36 547
# stats: dump at 1338907681
stats: users 2820 4826
stats: {load,"os_mon@test2"} 1 1.66015625 0.0 1.66015625 0.48828125 0.87353515625 16
stats: {freemem,"os_mon@test2"} 1 1453.578125 0.0 1521.44921875 1453.578125 1509.369873046875 16
stats: {recvpackets,"os_mon@test3"} 1 38365.0 0.0 41730 3671 26911.133333333335 15
stats: {sentpackets,"os_mon@test3"} 1 25605.0 0.0 27545 2511 17688.266666666666 15
stats: {load,"os_mon@test4"} 1 0.6484375 0.0 1.4609375 0.6484375 1.08154296875 16
stats: {cpu,"os_mon@test3"} 1 64.93368700265252 0.0 74.40381558028616 2.207727044656297 45.38309044295621 16
stats: {freemem,"os_mon@test4"} 1 1403.9375 0.0 1447.7578125 1403.9375 1436.607421875 16
stats: {freemem,"os_mon@myserver"} 1 2304.2421875 0.0 2369.2734375 2304.2421875 2348.53076171875 16
stats: {recvpackets,"os_mon@test2"} 1 38268.0 0.0 41719 3666 26899.066666666666 15
stats: {sentpackets,"os_mon@test2"} 1 25534.0 0.0 27537 2508 17680.733333333334 15
stats: {cpu,"os_mon@test2"} 1 65.85365853658537 0.0 65.85365853658537 2.103154732098147 42.70844754372175 16
stats: {load,"os_mon@test3"} 1 1.078125 0.0 1.109375 0.6484375 0.791748046875 16
stats: {recvpackets,"os_mon@test4"} 1 38163.0 0.0 41615 3641 26887.6 15
stats: {sentpackets,"os_mon@test4"} 1 25466.0 0.0 27465 2491 17672.666666666668 15
stats: {freemem,"os_mon@test3"} 1 1397.46484375 0.0 1501.6796875 1397.46484375 1485.140625 16
stats: {cpu,"os_mon@test4"} 1 59.90830361691288 0.0 66.9195751138088 2.2022022022022023 41.89882216677357 16
stats: {load,"os_mon@myserver"} 1 3.37109375 0.0 3.37109375 0.73046875 1.7724609375 16
stats: {recvpackets,"os_mon@myserver"} 1 39425.0 0.0 49848 3753 28733.0 15
stats: {sentpackets,"os_mon@myserver"} 1 26343.0 0.0 32663 2569 18899.866666666665 15
stats: {cpu,"os_mon@myserver"} 1 89.9566309061858 0.0 90.03315375051803 1.4594866633115249 60.158347690212466 16
stats: session 9335 3855.759115219738 6161.702714740777 45668.299072265625 8.634033203125 1124.2997636306184 102730
stats: users_count 9055 114885
stats: finish_users_count 9335 112065
stats: request 93957 377.9311086823402 2040.2024634964575 38585.001953125 0.152099609375 113.60199589912763 1027722
stats: page 9334 3895.124109020099 6272.004678700574 45666.8349609375 7.467041015625 1114.2435511570336 102567
stats: connect 9480 2627.701191911008 5779.919290579144 38370.319091796875 0.410888671875 622.5536539072683 103114
stats: 200 93957 1121679
stats: size_rcv 10053399 120019653
stats: newphase 6 96
stats: size_sent 12484896 148868169
stats: connected 146 693
# stats: dump at 1338907691
stats: users 1609 4826
stats: {load,"os_mon@test2"} 1 1.62890625 0.0 1.66015625 0.48828125 0.9198069852941176 17
stats: {freemem,"os_mon@test2"} 1 1446.43359375 0.0 1521.44921875 1446.43359375 1506.0880055147059 17
stats: {recvpackets,"os_mon@test3"} 1 39410.0 0.0 41730 3671 27627.0 16
stats: {sentpackets,"os_mon@test3"} 1 26265.0 0.0 27545 2511 18183.0625 16
stats: {load,"os_mon@test4"} 1 0.55078125 0.0 1.4609375 0.55078125 1.0560661764705883 17
stats: {cpu,"os_mon@test3"} 1 63.82866208355368 0.0 74.40381558028616 2.207727044656297 46.53312553470305 17
stats: {freemem,"os_mon@test4"} 1 1378.5546875 0.0 1447.7578125 1378.5546875 1434.6856617647059 17
stats: {freemem,"os_mon@myserver"} 1 2307.96484375 0.0 2369.2734375 2304.2421875 2345.9255514705883 17
stats: {recvpackets,"os_mon@test2"} 1 39330.0 0.0 41719 3666 27609.625 16
stats: {sentpackets,"os_mon@test2"} 1 26213.0 0.0 27537 2508 18171.5625 16
stats: {cpu,"os_mon@test2"} 1 57.729840780688235 0.0 65.85365853658537 2.103154732098147 44.069930543301965 17
stats: {load,"os_mon@test3"} 1 0.98828125 0.0 1.109375 0.6484375 0.80859375 17
stats: {recvpackets,"os_mon@test4"} 1 39265.0 0.0 41615 3641 27592.3125 16
stats: {sentpackets,"os_mon@test4"} 1 26169.0 0.0 27465 2491 18159.75 16
stats: {freemem,"os_mon@test3"} 1 1392.68359375 0.0 1501.6796875 1392.68359375 1479.9832261029412 17
stats: {cpu,"os_mon@test4"} 1 73.11392405063292 0.0 73.11392405063292 2.2022022022022023 42.958203428546476 17
stats: {load,"os_mon@myserver"} 1 3.37890625 0.0 3.37890625 0.73046875 1.8664981617647058 17
stats: {recvpackets,"os_mon@myserver"} 1 36101.0 0.0 49848 3753 29401.25 16
stats: {sentpackets,"os_mon@myserver"} 1 23823.0 0.0 32663 2569 19365.0625 16
stats: {cpu,"os_mon@myserver"} 1 89.28324498732427 0.0 90.03315375051803 1.4594866633115249 61.91118787938737 17
stats: session 9450 3239.372636072874 4626.627661197472 57904.135009765625 8.634033203125 1351.8299741966687 112065
stats: users_count 8239 123124
stats: finish_users_count 9450 121515
stats: request 92877 318.75492791478626 1612.8478809914166 42277.64306640625 0.152099609375 135.7434200051083 1121679
stats: page 9422 3190.7856903691554 4570.813774351444 57902.48876953125 7.467041015625 1346.2051880243882 111901
stats: connect 9052 2336.3295687255277 4520.863544691845 38370.319091796875 0.410888671875 791.37968957769 112594
stats: 200 92877 1214556
stats: size_rcv 9937839 129957492
stats: newphase 5 101
stats: size_sent 12270590 161138759
stats: connected -370 323
# stats: dump at 1338907701
stats: users 3351 4826
stats: {load,"os_mon@test2"} 1 1.69140625 0.0 1.69140625 0.48828125 0.9592013888888888 18
stats: {freemem,"os_mon@test2"} 1 1446.12890625 0.0 1521.44921875 1446.12890625 1502.7738715277778 18
stats: {recvpackets,"os_mon@test3"} 1 36899.0 0.0 41730 3671 28320.117647058825 17
stats: {sentpackets,"os_mon@test3"} 1 24570.0 0.0 27545 2511 18658.470588235294 17
stats: {load,"os_mon@test4"} 1 0.5390625 0.0 1.4609375 0.5390625 1.0279947916666667 18
stats: {cpu,"os_mon@test3"} 1 63.0801687763713 0.0 74.40381558028616 2.207727044656297 47.49398867630586 18
stats: {freemem,"os_mon@test4"} 1 1353.203125 0.0 1447.7578125 1353.203125 1431.5672743055557 18
stats: {freemem,"os_mon@myserver"} 0 0 0 2369.2734375 2304.2421875 2343.8166232638887 18
stats: {recvpackets,"os_mon@test2"} 1 36935.0 0.0 41719 3666 28299.058823529413 17
stats: {sentpackets,"os_mon@test2"} 1 2.46e4 0.0 27537 2508 18644.58823529412 17
stats: {cpu,"os_mon@test2"} 1 54.16233090530697 0.0 65.85365853658537 2.103154732098147 44.82881444537898 18
stats: {load,"os_mon@test3"} 1 0.91015625 0.0 1.109375 0.6484375 0.8185763888888888 18
stats: {recvpackets,"os_mon@test4"} 1 36912.0 0.0 41615 3641 28278.941176470587 17
stats: {sentpackets,"os_mon@test4"} 1 24588.0 0.0 27465 2491 18630.882352941175 17
stats: {freemem,"os_mon@test3"} 1 1395.828125 0.0 1501.6796875 1392.68359375 1475.1332465277778 18
stats: {cpu,"os_mon@test4"} 1 69.80146290491118 0.0 73.11392405063292 2.2022022022022023 44.63352124088461 18
stats: {load,"os_mon@myserver"} 0 0 0 3.37890625 0.73046875 1.9505208333333333 18
stats: {recvpackets,"os_mon@myserver"} 0 0 0 49848 3753 29795.352941176472 17
stats: {sentpackets,"os_mon@myserver"} 0 0 0 32663 2569 19627.29411764706 17
stats: {cpu,"os_mon@myserver"} 0 0 0 90.03315375051803 1.4594866633115249 63.4318577187172 18
stats: session 9135 2562.9742761571156 4108.580266248557 69028.02514648438 8.634033203125 1498.6207255831653 121515
stats: users_count 10877 134001
stats: finish_users_count 9135 130650
stats: request 93117 267.63312471484653 1386.3547381823635 46247.185791015625 0.152099609375 149.73829535060673 1214556
stats: page 9127 2626.998985587283 4190.541868017961 69025.94897460938 7.467041015625 1489.4561585171423 121323
stats: connect 9573 1592.7712210050852 3960.4198451841307 46244.919921875 0.410888671875 906.3434886836716 121646
stats: 200 93117 1307673
stats: size_rcv 9963519 139921011
stats: newphase 6 107
stats: size_sent 12403142 173541901
stats: connected 446 769
stats: error_connect_etimedout 86 86
# stats: dump at 1338907711
stats: users 4353 4914
stats: {load,"os_mon@test2"} 1 1.73046875 0.0 1.73046875 0.48828125 0.9977384868421053 19
stats: {freemem,"os_mon@test2"} 1 1445.90234375 0.0 1521.44921875 1445.90234375 1499.7925575657894 19
stats: {recvpackets,"os_mon@test3"} 1 42222.0 0.0 42222 3671 28796.722222222223 18
stats: {sentpackets,"os_mon@test3"} 1 28202.0 0.0 28202 2511 18986.88888888889 18
stats: {load,"os_mon@test4"} 1 0.6796875 0.0 1.4609375 0.5390625 1.0022615131578947 19
stats: {cpu,"os_mon@test3"} 1 81.09820485744457 0.0 81.09820485744457 2.207727044656297 48.314313944730365 19
stats: {freemem,"os_mon@test4"} 1 1342.5 0.0 1447.7578125 1342.5 1427.4428453947369 19
stats: {freemem,"os_mon@myserver"} 1 2303.828125 0.0 2369.2734375 2303.828125 2343.8166232638887 18
stats: {recvpackets,"os_mon@test2"} 1 42315.0 0.0 42315 3666 28778.833333333332 18
stats: {sentpackets,"os_mon@test2"} 1 28253.0 0.0 28253 2508 18975.444444444445 18
stats: {cpu,"os_mon@test2"} 1 62.83643892339544 0.0 65.85365853658537 2.103154732098147 45.32005215379624 19
stats: {load,"os_mon@test3"} 1 1.80078125 0.0 1.80078125 0.6484375 0.8233963815789473 19
stats: {recvpackets,"os_mon@test4"} 1 42275.0 0.0 42275 3641 28758.555555555555 18
stats: {sentpackets,"os_mon@test4"} 1 28234.0 0.0 28234 2491 18961.833333333332 18
stats: {freemem,"os_mon@test3"} 1 1371.19140625 0.0 1501.6796875 1371.19140625 1470.959292763158 19
stats: {cpu,"os_mon@test4"} 1 62.603305785123965 0.0 73.11392405063292 2.2022022022022023 45.95814974951759 19
stats: {load,"os_mon@myserver"} 1 3.48046875 0.0 3.48046875 0.73046875 1.9505208333333333 18
stats: {recvpackets,"os_mon@myserver"} 1 46216.0 0.0 49848 3753 29795.352941176472 17
stats: {sentpackets,"os_mon@myserver"} 1 30927.0 0.0 32663 2569 19627.29411764706 17
stats: {cpu,"os_mon@myserver"} 1 90.12539184952978 0.0 90.12539184952978 1.4594866633115249 63.4318577187172 18
stats: session 8978 2854.484811260643 5519.63086699922 77735.45581054688 8.634033203125 1573.0399348024002 130650
stats: users_count 9980 143981
stats: finish_users_count 8978 139628
stats: request 91858 257.5524054690091 1163.2271488459162 46247.185791015625 0.152099609375 158.13337028593835 1307673
stats: page 9019 2601.151518723059 3459.6015130247533 69025.94897460938 7.467041015625 1569.044915762594 130450
stats: connect 9396 1537.8149023271242 3140.1428372631567 46244.919921875 0.410888671875 956.4213941814493 131219
stats: 200 91858 1399531
stats: size_rcv 9828806 149749817
stats: newphase 6 113
stats: size_sent 12233474 185775375
stats: connected 377 1146
stats: error_connect_etimedout 261 347
stats: error_abort 1 1
EndMonitor:{1338,907711,526643}
