# stats: dump at 1338978192
stats: users 0 0
stats: {freemem,"os_mon@myserver"} 1 2415.046875 0 2415.046875 2415.046875 0 0
stats: {load,"os_mon@myserver"} 1 4.28125 0 4.28125 4.28125 0 0
stats: {cpu,"os_mon@myserver"} 1 45.520781049152234 0 45.520781049152234 45.520781049152234 0 0
# stats: dump at 1338978202
stats: users 3 11
stats: {load,"os_mon@test2"} 1 1.55078125 0 1.55078125 1.55078125 0 0
stats: {freemem,"os_mon@test2"} 1 1434.515625 0 1434.515625 1434.515625 0 0
stats: {load,"os_mon@test4"} 1 1.05078125 0 1.05078125 1.05078125 0 0
stats: {cpu,"os_mon@test3"} 1 3.1360647445624683 0 3.1360647445624683 3.1360647445624683 0 0
stats: {freemem,"os_mon@test4"} 1 1415.0 0 1415.0 1415.0 0 0
stats: {freemem,"os_mon@myserver"} 1 2419.78125 0.0 2419.78125 2415.046875 2415.046875 1
stats: {cpu,"os_mon@test2"} 1 2.6889903602232366 0 2.6889903602232366 2.6889903602232366 0 0
stats: {load,"os_mon@test3"} 1 1.3984375 0 1.3984375 1.3984375 0 0
stats: {freemem,"os_mon@test3"} 1 1423.8515625 0 1423.8515625 1423.8515625 0 0
stats: {load,"os_mon@myserver"} 1 3.62109375 0.0 4.28125 3.62109375 4.28125 1
stats: {recvpackets,"os_mon@myserver"} 1 524 0 524 524 0 0
stats: {sentpackets,"os_mon@myserver"} 1 448 0 448 448 0 0
stats: {cpu,"os_mon@test4"} 1 2.318548387096774 0 2.318548387096774 2.318548387096774 0 0
stats: {cpu,"os_mon@myserver"} 1 3.6990119077780594 0.0 45.520781049152234 3.6990119077780594 45.520781049152234 1
stats: session 584 24.15137722067637 3.8340037814204644 53.18505859375 17.114013671875 0 0
stats: users_count 587 587
stats: finish_users_count 584 584
stats: request 5767 2.062882107383595 0.5508949825988095 16.171875 0.882080078125 0 0
stats: page 576 22.012468973795563 3.5948454976285413 52.010986328125 15.820068359375 0 0
stats: connect 5769 0.9501285324850494 0.33724614999203373 14.9150390625 0.404052734375 0 0
stats: 200 5767 5767
stats: size_rcv 726642 726642
stats: size_sent 764811 764811
stats: connected 2 2
# stats: dump at 1338978212
stats: users 3 15
stats: {load,"os_mon@test2"} 1 1.390625 0.0 1.55078125 1.390625 1.55078125 1
stats: {freemem,"os_mon@test2"} 1 1437.21875 0.0 1437.21875 1434.515625 1434.515625 1
stats: {recvpackets,"os_mon@test3"} 1 3691 0 3691 3691 0 0
stats: {sentpackets,"os_mon@test3"} 1 2474 0 2474 2474 0 0
stats: {load,"os_mon@test4"} 1 0.890625 0.0 1.05078125 0.890625 1.05078125 1
stats: {cpu,"os_mon@test3"} 1 19.581845996940338 0.0 19.581845996940338 3.1360647445624683 3.1360647445624683 1
stats: {freemem,"os_mon@test4"} 1 1415.21875 0.0 1415.21875 1415.0 1415.0 1
stats: {freemem,"os_mon@myserver"} 1 2425.4765625 0.0 2425.4765625 2415.046875 2417.4140625 2
stats: {recvpackets,"os_mon@test2"} 1 3683 0 3683 3683 0 0
stats: {sentpackets,"os_mon@test2"} 1 2469 0 2469 2469 0 0
stats: {cpu,"os_mon@test2"} 1 12.852822580645162 0.0 12.852822580645162 2.6889903602232366 2.6889903602232366 1
stats: {load,"os_mon@test3"} 1 1.1796875 0.0 1.3984375 1.1796875 1.3984375 1
stats: {recvpackets,"os_mon@test4"} 1 3671 0 3671 3671 0 0
stats: {sentpackets,"os_mon@test4"} 1 2465 0 2465 2465 0 0
stats: {freemem,"os_mon@test3"} 1 1425.18359375 0.0 1425.18359375 1423.8515625 1423.8515625 1
stats: {load,"os_mon@myserver"} 1 3.05859375 0.0 4.28125 3.05859375 3.951171875 2
stats: {recvpackets,"os_mon@myserver"} 1 3857.0 0.0 3857 524 524.0 1
stats: {sentpackets,"os_mon@myserver"} 1 2585.0 0.0 2585 448 448.0 1
stats: {cpu,"os_mon@test4"} 1 12.481051035876705 0.0 12.481051035876705 2.318548387096774 2.318548387096774 1
stats: {cpu,"os_mon@myserver"} 1 18.061122244488978 0.0 45.520781049152234 3.6990119077780594 24.609896478465146 2
stats: session 1553 28.55840258773342 38.29640468800374 1052.926025390625 16.889892578125 24.15137722067637 584
stats: users_count 1553 2140
stats: finish_users_count 1553 2137
stats: request 15388 2.5112836662750717 11.76059467158892 1001.2451171875 0.882080078125 2.062882107383595 5767
stats: page 1538 26.529403230148713 38.45865821925819 1050.630126953125 15.2548828125 22.012468973795563 576
stats: connect 15388 1.175452481996926 11.40428407428571 1000.09814453125 0.40185546875 0.9501285324850494 5769
stats: 200 15388 21155
stats: size_rcv 1938888 2665530
stats: newphase 6 6
stats: size_sent 2044116 2808927
stats: connected 0 2
# stats: dump at 1338978222
stats: users 121 145
stats: {load,"os_mon@test2"} 1 1.328125 0.0 1.55078125 1.328125 1.470703125 2
stats: {freemem,"os_mon@test2"} 1 1437.40234375 0.0 1437.40234375 1434.515625 1435.8671875 2
stats: {recvpackets,"os_mon@test3"} 1 7499.0 0.0 7499 3691 3691.0 1
stats: {sentpackets,"os_mon@test3"} 1 5025.0 0.0 5025 2474 2474.0 1
stats: {load,"os_mon@test4"} 1 1.05859375 0.0 1.05859375 0.890625 0.970703125 2
stats: {cpu,"os_mon@test3"} 1 37.14433523021211 0.0 37.14433523021211 3.1360647445624683 11.358955370751403 2
stats: {freemem,"os_mon@test4"} 1 1414.52734375 0.0 1415.21875 1414.52734375 1415.109375 2
stats: {freemem,"os_mon@myserver"} 1 2430.01953125 0.0 2430.01953125 2415.046875 2420.1015625 3
stats: {recvpackets,"os_mon@test2"} 1 7462.0 0.0 7462 3683 3683.0 1
stats: {sentpackets,"os_mon@test2"} 1 5001.0 0.0 5001 2469 2469.0 1
stats: {cpu,"os_mon@test2"} 1 35.261003070624355 0.0 35.261003070624355 2.6889903602232366 7.770906470434199 2
stats: {load,"os_mon@test3"} 1 1.0 0.0 1.3984375 1.0 1.2890625 2
stats: {recvpackets,"os_mon@test4"} 1 7469.0 0.0 7469 3671 3671.0 1
stats: {sentpackets,"os_mon@test4"} 1 5002.0 0.0 5002 2465 2465.0 1
stats: {freemem,"os_mon@test3"} 1 1424.3984375 0.0 1425.18359375 1423.8515625 1424.517578125 2
stats: {load,"os_mon@myserver"} 1 2.58984375 0.0 4.28125 2.58984375 3.6536458333333335 3
stats: {recvpackets,"os_mon@myserver"} 1 7635.0 0.0 7635 524 2190.5 2
stats: {sentpackets,"os_mon@myserver"} 1 5114.0 0.0 5114 448 1516.5 2
stats: {cpu,"os_mon@test4"} 1 27.901109989909184 0.0 27.901109989909184 2.318548387096774 7.3997997114867395 2
stats: {cpu,"os_mon@myserver"} 1 34.8269853124222 0.0 45.520781049152234 3.6990119077780594 22.426971733806425 3
stats: session 2379 165.03250405566928 268.36539088724123 2610.294921875 16.44677734375 27.354049375584932 2137
stats: users_count 2497 4637
stats: finish_users_count 2379 4516
stats: request 24073 16.00013063495994 69.0237260874739 2131.4990234375 0.882080078125 2.3890462855080123 21155
stats: page 2356 153.00675604258396 251.41634166734593 2608.5859375 15.0029296875 25.298677529269142 2114
stats: connect 24126 8.487578902979392 57.26893726866972 1031.136962890625 0.40087890625 1.114012114046176 21157
stats: 200 24073 45228
stats: size_rcv 3033198 5698728
stats: newphase 6 12
stats: size_sent 3203314 6012241
stats: connected 53 55
# stats: dump at 1338978232
stats: users 814 814
stats: {load,"os_mon@test2"} 1 1.3515625 0.0 1.55078125 1.328125 1.4231770833333333 3
stats: {freemem,"os_mon@test2"} 1 1434.82421875 0.0 1437.40234375 1434.515625 1436.37890625 3
stats: {recvpackets,"os_mon@test3"} 1 11217.0 0.0 11217 3691 5595.0 2
stats: {sentpackets,"os_mon@test3"} 1 7439.0 0.0 7439 2474 3749.5 2
stats: {load,"os_mon@test4"} 1 1.19921875 0.0 1.19921875 0.890625 1.0 3
stats: {cpu,"os_mon@test3"} 1 50.59247810407007 0.0 50.59247810407007 3.1360647445624683 19.954081990571638 3
stats: {freemem,"os_mon@test4"} 1 1413.46875 0.0 1415.21875 1413.46875 1414.9153645833333 3
stats: {freemem,"os_mon@myserver"} 1 2432.1953125 0.0 2432.1953125 2415.046875 2422.5810546875 4
stats: {recvpackets,"os_mon@test2"} 1 11219.0 0.0 11219 3683 5572.5 2
stats: {sentpackets,"os_mon@test2"} 1 7441.0 0.0 7441 2469 3735.0 2
stats: {cpu,"os_mon@test2"} 1 51.45228215767634 0.0 51.45228215767634 2.6889903602232366 16.934272003830916 3
stats: {load,"os_mon@test3"} 1 0.921875 0.0 1.3984375 0.921875 1.1927083333333333 3
stats: {recvpackets,"os_mon@test4"} 1 11224.0 0.0 11224 3671 5570.0 2
stats: {sentpackets,"os_mon@test4"} 1 7444.0 0.0 7444 2465 3733.5 2
stats: {freemem,"os_mon@test3"} 1 1423.4921875 0.0 1425.18359375 1423.4921875 1424.4778645833333 3
stats: {load,"os_mon@myserver"} 1 2.4296875 0.0 4.28125 2.4296875 3.3876953125 4
stats: {recvpackets,"os_mon@myserver"} 1 11376.0 0.0 11376 524 4005.3333333333335 3
stats: {sentpackets,"os_mon@myserver"} 1 7552.0 0.0 7552 448 2715.6666666666665 3
stats: {cpu,"os_mon@test4"} 1 44.61778471138845 0.0 44.61778471138845 2.318548387096774 14.23356980429422 3
stats: {cpu,"os_mon@myserver"} 1 55.83588175331295 0.0 55.83588175331295 3.6990119077780594 25.52697512846037 4
stats: session 2697 838.2824642759895 720.8933996816152 11755.23193359375 16.44677734375 99.88218128079322 4516
stats: users_count 3390 8027
stats: finish_users_count 2697 7213
stats: request 29913 94.83726654955653 198.3501249418166 11435.85888671875 0.882080078125 9.633665405176277 45228
stats: page 2708 815.9899530002243 699.2876058828751 11754.073974609375 15.0029296875 92.60969161816617 4470
stats: connect 30273 47.79948640870659 112.21249455454122 3019.359130859375 0.40087890625 5.042521098649731 45283
stats: 200 29913 75141
stats: size_rcv 3769038 9467766
stats: newphase 6 18
stats: size_sent 4012923 10025164
stats: connected 360 415
# stats: dump at 1338978242
stats: users 2679 2683
stats: {load,"os_mon@test2"} 1 1.140625 0.0 1.55078125 1.140625 1.4052734375 4
stats: {freemem,"os_mon@test2"} 1 1422.109375 0.0 1437.40234375 1422.109375 1435.990234375 4
stats: {recvpackets,"os_mon@test3"} 1 14360.0 0.0 14360 3691 7469.0 3
stats: {sentpackets,"os_mon@test3"} 1 9572.0 0.0 9572 2474 4979.333333333333 3
stats: {load,"os_mon@test4"} 1 1.08984375 0.0 1.19921875 0.890625 1.0498046875 4
stats: {cpu,"os_mon@test3"} 1 58.045671800318644 0.0 58.045671800318644 3.1360647445624683 27.613681018946245 4
stats: {freemem,"os_mon@test4"} 1 1401.5546875 0.0 1415.21875 1401.5546875 1414.5537109375 4
stats: {freemem,"os_mon@myserver"} 1 2440.078125 0.0 2440.078125 2415.046875 2424.50390625 5
stats: {recvpackets,"os_mon@test2"} 1 14363.0 0.0 14363 3683 7454.666666666667 3
stats: {sentpackets,"os_mon@test2"} 1 9575.0 0.0 9575 2469 4970.333333333333 3
stats: {cpu,"os_mon@test2"} 1 56.17571059431524 0.0 56.17571059431524 2.6889903602232366 25.563774542292272 4
stats: {load,"os_mon@test3"} 1 0.94140625 0.0 1.3984375 0.921875 1.125 4
stats: {recvpackets,"os_mon@test4"} 1 14354.0 0.0 14354 3671 7454.666666666667 3
stats: {sentpackets,"os_mon@test4"} 1 9569.0 0.0 9569 2465 4970.333333333333 3
stats: {freemem,"os_mon@test3"} 1 1411.546875 0.0 1425.18359375 1411.546875 1424.2314453125 4
stats: {load,"os_mon@myserver"} 1 2.37109375 0.0 4.28125 2.37109375 3.19609375 5
stats: {recvpackets,"os_mon@myserver"} 1 15796.0 0.0 15796 524 5848.0 4
stats: {sentpackets,"os_mon@myserver"} 1 10519.0 0.0 10519 448 3924.75 4
stats: {cpu,"os_mon@test4"} 1 53.68474923234391 0.0 53.68474923234391 2.318548387096774 21.829623531067778 4
stats: {cpu,"os_mon@myserver"} 1 66.154199173933 0.0 66.154199173933 3.6990119077780594 31.588756453430886 5
stats: session 2431 3806.8916883323495 1473.7261688059364 19800.367919921875 16.44677734375 375.97611767869205 7213
stats: users_count 4296 12323
stats: finish_users_count 2431 9644
stats: request 31117 464.0489874279919 462.1579935049562 19563.760009765625 0.882080078125 43.55250227229072 75141
stats: page 2414 3735.4858720047755 1441.9653599413766 19798.699951171875 15.0029296875 365.5149225770145 7178
stats: connect 32099 220.16676591304855 205.0532919212838 3228.041015625 0.40087890625 22.173941645414402 75556
stats: 200 31117 106258
stats: size_rcv 3920742 13388508
stats: newphase 6 24
stats: size_sent 4261345 14286509
stats: connected 982 1397
# stats: dump at 1338978252
stats: users 4073 4349
stats: {load,"os_mon@test2"} 1 1.19140625 0.0 1.55078125 1.140625 1.35234375 5
stats: {freemem,"os_mon@test2"} 1 1399.00390625 0.0 1437.40234375 1399.00390625 1433.2140625 5
stats: {recvpackets,"os_mon@test3"} 1 16436.0 0.0 16436 3691 9191.75 4
stats: {sentpackets,"os_mon@test3"} 1 11005.0 0.0 11005 2474 6127.5 4
stats: {load,"os_mon@test4"} 1 1.0 0.0 1.19921875 0.890625 1.0578125 5
stats: {cpu,"os_mon@test3"} 1 61.39705882352941 0.0 61.39705882352941 3.1360647445624683 33.70007917522072 5
stats: {freemem,"os_mon@test4"} 1 1373.546875 0.0 1415.21875 1373.546875 1411.95390625 5
stats: {freemem,"os_mon@myserver"} 1 2429.2421875 0.0 2440.078125 2415.046875 2427.099609375 6
stats: {recvpackets,"os_mon@test2"} 1 16421.0 0.0 16421 3683 9181.75 4
stats: {sentpackets,"os_mon@test2"} 1 10994.0 0.0 10994 2469 6121.5 4
stats: {cpu,"os_mon@test2"} 1 60.17607457276023 0.0 60.17607457276023 2.6889903602232366 31.686161752696865 5
stats: {load,"os_mon@test3"} 1 0.87890625 0.0 1.3984375 0.87890625 1.08828125 5
stats: {recvpackets,"os_mon@test4"} 1 16429.0 0.0 16429 3671 9179.5 4
stats: {sentpackets,"os_mon@test4"} 1 10998.0 0.0 10998 2465 6120.0 4
stats: {freemem,"os_mon@test3"} 1 1381.8203125 0.0 1425.18359375 1381.8203125 1421.69453125 5
stats: {load,"os_mon@myserver"} 1 2.55078125 0.0 4.28125 2.37109375 3.05859375 6
stats: {recvpackets,"os_mon@myserver"} 1 18820.0 0.0 18820 524 7837.6 5
stats: {sentpackets,"os_mon@myserver"} 1 12614.0 0.0 12614 448 5243.6 5
stats: {cpu,"os_mon@test4"} 1 56.64769787894465 0.0 56.64769787894465 2.318548387096774 28.200648671323005 5
stats: {cpu,"os_mon@myserver"} 1 67.46987951807229 0.0 67.46987951807229 3.6990119077780594 37.34966357351457 6
stats: session 2403 7603.552959313551 2523.79005900513 38415.945068359375 16.44677734375 1240.820140102898 9644
stats: users_count 3797 16120
stats: finish_users_count 2403 12047
stats: request 32027 928.4358221173134 1158.9361927202738 30270.3740234375 0.882080078125 166.692304720953 106258
stats: page 2395 7530.83740733869 2488.32310958038 38413.906005859375 15.0029296875 1213.6289626018909 9592
stats: connect 33185 376.44789577045606 538.6109616864419 7231.06103515625 0.40087890625 81.20855839490852 107655
stats: 200 32027 138285
stats: size_rcv 4035402 17423910
stats: newphase 6 30
stats: size_sent 4405051 18691560
stats: connected 1158 2555
# stats: dump at 1338978262
stats: users 4480 4626
stats: {load,"os_mon@test2"} 1 1.078125 0.0 1.55078125 1.078125 1.3255208333333333 6
stats: {freemem,"os_mon@test2"} 1 1381.67578125 0.0 1437.40234375 1381.67578125 1427.5123697916667 6
stats: {recvpackets,"os_mon@test3"} 1 13664.0 0.0 16436 3691 10640.6 5
stats: {sentpackets,"os_mon@test3"} 1 9539.0 0.0 11005 2474 7103.0 5
stats: {load,"os_mon@test4"} 1 0.9296875 0.0 1.19921875 0.890625 1.0481770833333333 6
stats: {cpu,"os_mon@test3"} 1 69.22268907563026 0.0 69.22268907563026 3.1360647445624683 38.316242449938834 6
stats: {freemem,"os_mon@test4"} 1 1355.4140625 0.0 1415.21875 1355.4140625 1405.552734375 6
stats: {freemem,"os_mon@myserver"} 1 2424.59375 0.0 2440.078125 2415.046875 2427.405691964286 7
stats: {recvpackets,"os_mon@test2"} 1 13668.0 0.0 16421 3683 10629.6 5
stats: {sentpackets,"os_mon@test2"} 1 9538.0 0.0 10994 2469 7096.0 5
stats: {cpu,"os_mon@test2"} 1 49.12928759894459 0.0 60.17607457276023 2.6889903602232366 36.43448055604076 6
stats: {load,"os_mon@test3"} 1 0.8203125 0.0 1.3984375 0.8203125 1.0533854166666667 6
stats: {recvpackets,"os_mon@test4"} 1 13668.0 0.0 16429 3671 10629.4 5
stats: {sentpackets,"os_mon@test4"} 1 9538.0 0.0 10998 2465 7095.6 5
stats: {freemem,"os_mon@test3"} 1 1321.40625 0.0 1425.18359375 1321.40625 1415.048828125 6
stats: {load,"os_mon@myserver"} 1 2.578125 0.0 4.28125 2.37109375 2.986049107142857 7
stats: {recvpackets,"os_mon@myserver"} 1 18892.0 0.0 18892 524 9668.0 6
stats: {sentpackets,"os_mon@myserver"} 1 13407.0 0.0 13407 448 6472.0 6
stats: {cpu,"os_mon@test4"} 1 57.578892912571135 0.0 57.578892912571135 2.318548387096774 32.94182353925995 6
stats: {cpu,"os_mon@myserver"} 1 67.10418375717802 0.0 67.46987951807229 3.6990119077780594 41.652551565594244 7
stats: session 3083 10312.413193397384 4321.195237232358 38415.945068359375 16.44677734375 2509.9864856298504 12047
stats: users_count 3490 19610
stats: finish_users_count 3083 15130
stats: request 30999 1127.2568985025257 1896.4610345132844 32944.184814453125 0.882080078125 343.11317199978464 138285
stats: page 3036 10250.973448742032 4255.472030782442 38413.906005859375 15.0029296875 2475.80583964741 11987
stats: connect 31799 337.0832129738505 583.0377854716202 15267.8662109375 0.40087890625 150.77343634724838 140840
stats: 200 30999 169284
stats: size_rcv 3905874 21329784
stats: newphase 6 36
stats: error_connect_eaddrinuse 1 1
stats: size_sent 4221026 22912586
stats: connected 800 3355
# stats: dump at 1338978272
stats: users 4114 4691
stats: {load,"os_mon@test2"} 1 1.0 0.0 1.55078125 1.0 1.2901785714285714 7
stats: {freemem,"os_mon@test2"} 1 1380.73046875 0.0 1437.40234375 1380.73046875 1420.9642857142858 7
stats: {recvpackets,"os_mon@test3"} 1 14795.0 0.0 16436 3691 11144.5 6
stats: {sentpackets,"os_mon@test3"} 1 10551.0 0.0 11005 2474 7509.0 6
stats: {load,"os_mon@test4"} 1 1.01953125 0.0 1.19921875 0.890625 1.03125 7
stats: {cpu,"os_mon@test3"} 1 74.86910994764398 0.0 74.86910994764398 3.1360647445624683 42.731449110751896 7
stats: {freemem,"os_mon@test4"} 1 1329.85546875 0.0 1415.21875 1329.85546875 1398.3900669642858 7
stats: {freemem,"os_mon@myserver"} 0 0 0 2440.078125 2415.046875 2427.05419921875 8
stats: {recvpackets,"os_mon@test2"} 1 15651.0 0.0 16421 3683 11136.0 6
stats: {sentpackets,"os_mon@test2"} 1 11202.0 0.0 11202 2469 7503.0 6
stats: {cpu,"os_mon@test2"} 1 49.189463019250255 0.0 60.17607457276023 2.6889903602232366 38.248024419312735 7
stats: {load,"os_mon@test3"} 1 0.76953125 0.0 1.3984375 0.76953125 1.0200892857142858 7
stats: {recvpackets,"os_mon@test4"} 1 14830.0 0.0 16429 3671 11135.833333333334 6
stats: {sentpackets,"os_mon@test4"} 1 10573.0 0.0 10998 2465 7502.666666666667 6
stats: {freemem,"os_mon@test3"} 1 1280.6171875 0.0 1425.18359375 1280.6171875 1401.6713169642858 7
stats: {load,"os_mon@myserver"} 0 0 0 4.28125 2.37109375 2.93505859375 8
stats: {recvpackets,"os_mon@myserver"} 0 0 0 18892 524 10985.714285714286 7
stats: {sentpackets,"os_mon@myserver"} 0 0 0 13407 448 7462.714285714285 7
stats: {cpu,"os_mon@test4"} 1 66.1734693877551 0.0 66.1734693877551 2.318548387096774 36.4614048783044 7
stats: {cpu,"os_mon@myserver"} 0 0 0 67.46987951807229 3.6990119077780594 44.834005589542215 8
stats: session 3067 12045.537182131586 6378.955991618393 44485.174072265625 16.44677734375 4099.866296604557 15130
stats: users_count 2701 22311
stats: finish_users_count 3067 18197
stats: request 31783 1360.1883294620625 2390.7956305874686 43309.10400390625 0.882080078125 486.7042460402047 169284
stats: page 3054 11974.669304168829 6328.290634436839 44483.39501953125 15.0029296875 4047.090460642635 15023
stats: connect 31190 343.05927501897264 491.0546091056107 15267.8662109375 0.40087890625 185.0905059951803 172639
stats: 200 31783 201067
stats: size_rcv 4004658 25334442
stats: newphase 6 42
stats: error_connect_eaddrinuse 0 1
stats: size_sent 4137956 27050542
stats: connected -594 2761
# stats: dump at 1338978282
stats: users 3596 4691
stats: {load,"os_mon@test2"} 1 1.078125 0.0 1.55078125 1.0 1.25390625 8
stats: {freemem,"os_mon@test2"} 1 1377.140625 0.0 1437.40234375 1377.140625 1415.93505859375 8
stats: {recvpackets,"os_mon@test3"} 1 13563.0 0.0 16436 3691 11666.0 7
stats: {sentpackets,"os_mon@test3"} 1 9948.0 0.0 11005 2474 7943.571428571428 7
stats: {load,"os_mon@test4"} 1 1.3203125 0.0 1.3203125 0.890625 1.02978515625 8
stats: {cpu,"os_mon@test3"} 1 77.32497387669801 0.0 77.32497387669801 3.1360647445624683 46.74865671536341 8
stats: {freemem,"os_mon@test4"} 1 1314.5390625 0.0 1415.21875 1314.5390625 1389.8232421875 8
stats: {freemem,"os_mon@myserver"} 1 2424.48828125 0.0 2440.078125 2415.046875 2427.05419921875 8
stats: {recvpackets,"os_mon@test2"} 1 13820.0 0.0 16421 3683 11781.0 7
stats: {sentpackets,"os_mon@test2"} 1 10131.0 0.0 11202 2469 8031.428571428572 7
stats: {cpu,"os_mon@test2"} 1 52.37113402061856 0.0 60.17607457276023 2.6889903602232366 39.61570424430492 8
stats: {load,"os_mon@test3"} 1 1.0390625 0.0 1.3984375 0.76953125 0.9887695312500001 8
stats: {recvpackets,"os_mon@test4"} 1 13523.0 0.0 16429 3671 11663.57142857143 7
stats: {sentpackets,"os_mon@test4"} 1 9921.0 0.0 10998 2465 7941.285714285715 7
stats: {freemem,"os_mon@test3"} 1 1226.8671875 0.0 1425.18359375 1226.8671875 1386.53955078125 8
stats: {load,"os_mon@myserver"} 1 2.71875 0.0 4.28125 2.37109375 2.93505859375 8
stats: {recvpackets,"os_mon@myserver"} 1 16325.0 0.0 18892 524 10985.714285714286 7
stats: {sentpackets,"os_mon@myserver"} 1 11833.0 0.0 13407 448 7462.714285714285 7
stats: {cpu,"os_mon@test4"} 1 61.371841155234655 0.0 66.1734693877551 2.318548387096774 40.17541294198574 8
stats: {cpu,"os_mon@myserver"} 1 66.8218085106383 0.0 67.46987951807229 3.6990119077780594 44.834005589542215 8
stats: session 3560 12922.958965172937 7794.334342247666 56199.18310546875 16.44677734375 5439.063560214569 18197
stats: users_count 3042 25353
stats: finish_users_count 3560 21757
stats: 200 31666 232733
stats: connect 31567 288.4398112963935 517.571031806225 31285.39794921875 0.40087890625 209.26295400724965 203829
stats: page 3600 12906.189329223636 7749.732801311098 56196.887939453125 15.0029296875 5386.407039064331 18077
stats: request 31666 1200.9361604030232 2484.071124429664 53901.615966796875 0.882080078125 624.7773491520874 201067
stats: size_rcv 3989916 29324358
stats: newphase 5 47
stats: error_connect_eaddrinuse 0 1
stats: size_sent 4187421 31237963
stats: connected -101 2660
# stats: dump at 1338978292
stats: users 5306 5316
stats: {load,"os_mon@test2"} 1 1.44921875 0.0 1.55078125 1.0 1.234375 9
stats: {freemem,"os_mon@test2"} 1 1327.1640625 0.0 1437.40234375 1327.1640625 1411.6245659722222 9
stats: {recvpackets,"os_mon@test3"} 1 14630.0 0.0 16436 3691 11903.125 8
stats: {sentpackets,"os_mon@test3"} 1 10879.0 0.0 11005 2474 8194.125 8
stats: {load,"os_mon@test4"} 1 1.26171875 0.0 1.3203125 0.890625 1.0620659722222223 9
stats: {cpu,"os_mon@test3"} 1 63.7650760356581 0.0 77.32497387669801 3.1360647445624683 50.14602528884503 9
stats: {freemem,"os_mon@test4"} 1 1317.5078125 0.0 1415.21875 1314.5390625 1381.4583333333333 9
stats: {freemem,"os_mon@myserver"} 1 2428.5234375 0.0 2440.078125 2415.046875 2426.769097222222 9
stats: {recvpackets,"os_mon@test2"} 1 14596.0 0.0 16421 3683 12035.875 8
stats: {sentpackets,"os_mon@test2"} 1 10820.0 0.0 11202 2469 8293.875 8
stats: {cpu,"os_mon@test2"} 1 76.52799178222907 0.0 76.52799178222907 2.6889903602232366 41.032974219450885 9
stats: {load,"os_mon@test3"} 1 1.19140625 0.0 1.3984375 0.76953125 0.9943576388888888 9
stats: {recvpackets,"os_mon@test4"} 1 14622.0 0.0 16429 3671 11896.0 8
stats: {sentpackets,"os_mon@test4"} 1 10876.0 0.0 10998 2465 8188.75 8
stats: {freemem,"os_mon@test3"} 1 1222.4453125 0.0 1425.18359375 1222.4453125 1368.7981770833333 9
stats: {load,"os_mon@myserver"} 1 2.76171875 0.0 4.28125 2.37109375 2.9110243055555554 9
stats: {recvpackets,"os_mon@myserver"} 1 15456.0 0.0 18892 524 11653.125 8
stats: {sentpackets,"os_mon@myserver"} 1 11573.0 0.0 13407 448 8009.0 8
stats: {cpu,"os_mon@test4"} 1 48.97330595482546 0.0 66.1734693877551 2.318548387096774 42.530571632346735 9
stats: {cpu,"os_mon@myserver"} 1 66.79499518768046 0.0 67.46987951807229 3.6990119077780594 47.27709480299734 9
stats: session 2485 12199.592468286277 8674.154813381754 61112.363037109375 16.44677734375 6663.619686594668 21757
stats: users_count 4195 29548
stats: finish_users_count 2485 24242
stats: request 31704 1205.4326686892784 2561.386242573609 53901.615966796875 0.882080078125 703.1703785766732 232733
stats: page 2512 12258.882867703775 8712.135511294546 61110.364990234375 15.0029296875 6635.252185743922 21677
stats: connect 32473 314.885536502801 424.61482388205576 31285.39794921875 0.40087890625 219.88070390124278 235396
stats: 200 31704 264437
stats: size_rcv 3994704 33319062
stats: newphase 4 51
stats: error_connect_eaddrinuse 0 1
stats: size_sent 4307160 35545123
stats: connected 769 3429
# stats: dump at 1338978302
stats: users 5133 5686
stats: {load,"os_mon@test2"} 1 1.6796875 0.0 1.6796875 1.0 1.255859375 10
stats: {freemem,"os_mon@test2"} 1 1296.484375 0.0 1437.40234375 1296.484375 1403.178515625 10
stats: {recvpackets,"os_mon@test3"} 1 17209.0 0.0 17209 3691 12206.111111111111 9
stats: {sentpackets,"os_mon@test3"} 1 12344.0 0.0 12344 2474 8492.444444444445 9
stats: {load,"os_mon@test4"} 1 1.37109375 0.0 1.37109375 0.890625 1.08203125 10
stats: {cpu,"os_mon@test3"} 1 73.70600414078675 0.0 77.32497387669801 3.1360647445624683 51.50793036352634 10
stats: {freemem,"os_mon@test4"} 1 1283.36328125 0.0 1415.21875 1283.36328125 1375.06328125 10
stats: {freemem,"os_mon@myserver"} 1 2426.41796875 0.0 2440.078125 2415.046875 2426.94453125 10
stats: {recvpackets,"os_mon@test2"} 1 16725.0 0.0 16725 3683 12320.333333333334 9
stats: {sentpackets,"os_mon@test2"} 1 12053.0 0.0 12053 2469 8574.555555555555 9
stats: {cpu,"os_mon@test2"} 1 60.60606060606061 0.0 76.52799178222907 2.6889903602232366 44.5824759757287 10
stats: {load,"os_mon@test3"} 1 1.23828125 0.0 1.3984375 0.76953125 1.0140625 10
stats: {recvpackets,"os_mon@test4"} 1 17278.0 0.0 17278 3671 12198.888888888889 9
stats: {sentpackets,"os_mon@test4"} 1 12390.0 0.0 12390 2465 8487.333333333334 9
stats: {freemem,"os_mon@test3"} 1 1154.26171875 0.0 1425.18359375 1154.26171875 1354.162890625 10
stats: {load,"os_mon@myserver"} 1 2.859375 0.0 4.28125 2.37109375 2.89609375 10
stats: {recvpackets,"os_mon@myserver"} 1 18986.0 0.0 18986 524 12075.666666666666 9
stats: {sentpackets,"os_mon@myserver"} 1 13668.0 0.0 13668 448 8405.0 9
stats: {cpu,"os_mon@test4"} 1 64.98455200823892 0.0 66.1734693877551 2.318548387096774 43.17484506459461 10
stats: {cpu,"os_mon@myserver"} 1 67.20771583156903 0.0 67.46987951807229 3.6990119077780594 49.22888484146565 10
stats: session 3083 14229.201692386292 8159.802968393444 61112.363037109375 16.44677734375 7231.101427478408 24242
stats: users_count 2910 32458
stats: finish_users_count 3083 27325
stats: request 31502 1653.3053726623468 3036.8638674547924 66389.7890625 0.882080078125 763.3878354595225 264437
stats: page 3052 14135.020390221833 8100.910459677334 61110.364990234375 15.0029296875 7219.259803796886 24189
stats: connect 31351 357.7017773088634 562.4850176726113 31285.39794921875 0.40087890625 231.3978706098593 267869
stats: 200 31502 295939
stats: size_rcv 3969252 37288314
stats: newphase 4 55
stats: error_connect_eaddrinuse 0 1
stats: size_sent 4158829 39703952
stats: connected -152 3277
# stats: dump at 1338978312
stats: users 5033 5686
stats: {load,"os_mon@test2"} 1 1.5703125 0.0 1.6796875 1.0 1.2943892045454546 11
stats: {freemem,"os_mon@test2"} 1 1266.15625 0.0 1437.40234375 1266.15625 1393.4790482954545 11
stats: {recvpackets,"os_mon@test3"} 1 13478.0 0.0 17209 3691 12706.4 10
stats: {sentpackets,"os_mon@test3"} 1 10258.0 0.0 12344 2474 8877.6 10
stats: {load,"os_mon@test4"} 1 1.30859375 0.0 1.37109375 0.890625 1.1083096590909092 11
stats: {cpu,"os_mon@test3"} 1 74.92227979274611 0.0 77.32497387669801 3.1360647445624683 53.52593707055001 11
stats: {freemem,"os_mon@test4"} 1 1276.5390625 0.0 1415.21875 1276.5390625 1366.7269176136363 11
stats: {freemem,"os_mon@myserver"} 1 2422.3125 0.0 2440.078125 2415.046875 2426.896661931818 11
stats: {recvpackets,"os_mon@test2"} 1 13701.0 0.0 16725 3683 12760.8 10
stats: {sentpackets,"os_mon@test2"} 1 10441.0 0.0 12053 2469 8922.4 10
stats: {cpu,"os_mon@test2"} 1 66.15384615384615 0.0 76.52799178222907 2.6889903602232366 46.03916548757706 11
stats: {load,"os_mon@test3"} 1 1.578125 0.0 1.578125 0.76953125 1.0344460227272727 11
stats: {recvpackets,"os_mon@test4"} 1 13435.0 0.0 17278 3671 12706.8 10
stats: {sentpackets,"os_mon@test4"} 1 10226.0 0.0 12390 2465 8877.6 10
stats: {freemem,"os_mon@test3"} 1 1105.35546875 0.0 1425.18359375 1105.35546875 1335.9900568181818 11
stats: {load,"os_mon@myserver"} 1 2.9609375 0.0 4.28125 2.37109375 2.8927556818181817 11
stats: {recvpackets,"os_mon@myserver"} 1 14475.0 0.0 18986 524 12766.7 10
stats: {sentpackets,"os_mon@myserver"} 1 11041.0 0.0 13668 448 8931.3 10
stats: {cpu,"os_mon@test4"} 1 53.774560496380566 0.0 66.1734693877551 2.318548387096774 45.15754569583499 11
stats: {cpu,"os_mon@myserver"} 1 67.13333333333334 0.0 67.46987951807229 3.6990119077780594 50.863324022384134 11
stats: session 3202 15449.884378446337 8865.806519132262 72768.56982421875 16.44677734375 8020.676655903331 27325
stats: users_count 3102 35560
stats: finish_users_count 3202 30527
stats: 200 31253 327192
stats: request 31253 1485.9805375637095 3163.450450691558 87289.53198242188 0.882080078125 858.1174326297617 295939
stats: connect 31102 334.0054981721558 539.5000231772754 31285.39794921875 0.40087890625 244.63145719805684 299220
stats: page 3226 15443.7386504881 8801.826600916613 72766.51611328125 15.0029296875 7994.080893689656 27241
stats: size_rcv 3937878 41226192
stats: newphase 6 61
stats: error_connect_eaddrinuse 0 1
stats: size_sent 4126698 43830650
stats: connected -151 3126
# stats: dump at 1338978322
stats: users 6062 6062
stats: {load,"os_mon@test2"} 1 1.48828125 0.0 1.6796875 1.0 1.3173828125 12
stats: {freemem,"os_mon@test2"} 1 1249.7265625 0.0 1437.40234375 1249.7265625 1382.8688151041667 12
stats: {recvpackets,"os_mon@test3"} 1 17370.0 0.0 17370 3691 12776.545454545454 11
stats: {sentpackets,"os_mon@test3"} 1 12744.0 0.0 12744 2474 9003.09090909091 11
stats: {load,"os_mon@test4"} 1 1.109375 0.0 1.37109375 0.890625 1.125 12
stats: {cpu,"os_mon@test3"} 1 80.90062111801242 0.0 80.90062111801242 3.1360647445624683 55.30896563073302 12
stats: {freemem,"os_mon@test4"} 1 1249.65234375 0.0 1415.21875 1249.65234375 1359.2112630208333 12
stats: {freemem,"os_mon@myserver"} 1 2413.98828125 0.0 2440.078125 2413.98828125 2426.5146484375 12
stats: {recvpackets,"os_mon@test2"} 1 17165.0 0.0 17165 3683 12846.272727272728 11
stats: {sentpackets,"os_mon@test2"} 1 12610.0 0.0 12610 2469 9060.454545454546 11
stats: {cpu,"os_mon@test2"} 1 54.850361197110416 0.0 76.52799178222907 2.6889903602232366 47.71538887643282 12
stats: {load,"os_mon@test3"} 1 1.94921875 0.0 1.94921875 0.76953125 1.0797526041666667 12
stats: {recvpackets,"os_mon@test4"} 1 17368.0 0.0 17368 3671 12773.0 11
stats: {sentpackets,"os_mon@test4"} 1 12744.0 0.0 12744 2465 9000.181818181818 11
stats: {freemem,"os_mon@test3"} 1 1053.265625 0.0 1425.18359375 1053.265625 1316.7705078125 12
stats: {load,"os_mon@myserver"} 1 2.8984375 0.0 4.28125 2.37109375 2.8984375 12
stats: {recvpackets,"os_mon@myserver"} 1 19865.0 0.0 19865 524 12922.0 11
stats: {sentpackets,"os_mon@myserver"} 1 14649.0 0.0 14649 448 9123.09090909091 11
stats: {cpu,"os_mon@test4"} 1 60.48805815160956 0.0 66.1734693877551 2.318548387096774 45.875630262547126 12
stats: {cpu,"os_mon@myserver"} 1 67.32011070110701 0.0 67.46987951807229 3.6990119077780594 52.219158131629904 12
stats: session 2847 14963.733264661814 9676.509101890704 89962.2138671875 16.44677734375 8799.931844018203 30527
stats: users_count 3876 39436
stats: finish_users_count 2847 33374
stats: request 31304 1482.105353145074 3149.6931894782097 87289.53198242188 0.882080078125 918.090187521387 327192
stats: page 2836 14976.757888686343 9728.897870299088 89960.16796875 15.0029296875 8782.888322167411 30467
stats: connect 32617 309.2317551870364 521.4360783879908 31285.39794921875 0.40087890625 253.04661399165954 330322
stats: 200 31304 358496
stats: size_rcv 3944304 45170496
stats: newphase 6 67
stats: error_connect_eaddrinuse 0 1
stats: size_sent 4328507 48159157
stats: connected 1313 4439
# stats: dump at 1338978332
stats: users 5931 6743
stats: {load,"os_mon@test2"} 1 1.48046875 0.0 1.6796875 1.0 1.3305288461538463 13
stats: {freemem,"os_mon@test2"} 1 1215.296875 0.0 1437.40234375 1215.296875 1372.6271033653845 13
stats: {recvpackets,"os_mon@test3"} 1 17448.0 0.0 17448 3691 13159.333333333334 12
stats: {sentpackets,"os_mon@test3"} 1 12927.0 0.0 12927 2474 9314.833333333334 12
stats: {load,"os_mon@test4"} 1 1.33984375 0.0 1.37109375 0.890625 1.1237980769230769 13
stats: {cpu,"os_mon@test3"} 1 71.48070907194995 0.0 80.90062111801242 3.1360647445624683 57.277554514369896 13
stats: {freemem,"os_mon@test4"} 1 1192.39453125 0.0 1415.21875 1192.39453125 1350.7836538461538 13
stats: {freemem,"os_mon@myserver"} 1 2401.22265625 0.0 2440.078125 2401.22265625 2425.551081730769 13
stats: {recvpackets,"os_mon@test2"} 1 17584.0 0.0 17584 3683 13206.166666666666 12
stats: {sentpackets,"os_mon@test2"} 1 13053.0 0.0 13053 2469 9356.25 12
stats: {cpu,"os_mon@test2"} 1 61.973278520041106 0.0 76.52799178222907 2.6889903602232366 48.26423290110032 13
stats: {load,"os_mon@test3"} 1 2.109375 0.0 2.109375 0.76953125 1.1466346153846154 13
stats: {recvpackets,"os_mon@test4"} 1 17473.0 0.0 17473 3671 13155.916666666666 12
stats: {sentpackets,"os_mon@test4"} 1 12941.0 0.0 12941 2465 9312.166666666666 12
stats: {freemem,"os_mon@test3"} 1 1023.98046875 0.0 1425.18359375 1023.98046875 1296.5009014423076 13
stats: {load,"os_mon@myserver"} 1 3.05859375 0.0 4.28125 2.37109375 2.8984375 13
stats: {recvpackets,"os_mon@myserver"} 1 19242.0 0.0 19865 524 13500.583333333334 12
stats: {sentpackets,"os_mon@myserver"} 1 14383.0 0.0 14649 448 9583.583333333334 12
stats: {cpu,"os_mon@test4"} 1 71.30390143737166 0.0 71.30390143737166 2.318548387096774 46.99966317709039 13
stats: {cpu,"os_mon@myserver"} 1 66.77294465953086 0.0 67.46987951807229 3.6990119077780594 53.380769867743524 13
stats: session 2949 16297.086316832736 10610.84200755118 106492.1689453125 16.44677734375 9325.74063662839 33374
stats: users_count 2818 42254
stats: finish_users_count 2949 36323
stats: connect 32144 355.28318475976795 652.0818451705287 31285.39794921875 0.40087890625 258.0959218653507 362939
stats: request 31685 1752.598795593466 3721.748115875271 100404.705078125 0.882080078125 967.3401951774944 358496
stats: page 2929 16262.874346513316 10636.88888899104 106490.10083007813 15.0029296875 9310.34272839651 33303
stats: 200 31685 390181
stats: size_rcv 3992310 49162806
stats: newphase 5 72
stats: error_connect_eaddrinuse 0 1
stats: size_sent 4267496 52426653
stats: connected 459 4898
# stats: dump at 1338978342
stats: users 5327 6743
stats: {load,"os_mon@test2"} 1 1.26171875 0.0 1.6796875 1.0 1.3412388392857142 14
stats: {freemem,"os_mon@test2"} 1 1183.61328125 0.0 1437.40234375 1183.61328125 1361.3892299107142 14
stats: {recvpackets,"os_mon@test3"} 1 12776.0 0.0 17448 3691 13489.23076923077 13
stats: {sentpackets,"os_mon@test3"} 1 10062.0 0.0 12927 2474 9592.692307692309 13
stats: {load,"os_mon@test4"} 1 1.4296875 0.0 1.4296875 0.890625 1.1392299107142858 14
stats: {cpu,"os_mon@test3"} 1 77.65190525231719 0.0 80.90062111801242 3.1360647445624683 58.292065554197045 14
stats: {freemem,"os_mon@test4"} 1 1187.9921875 0.0 1415.21875 1187.9921875 1339.4701450892858 14
stats: {freemem,"os_mon@myserver"} 1 2394.19921875 0.0 2440.078125 2394.19921875 2423.8133370535716 14
stats: {recvpackets,"os_mon@test2"} 1 13164.0 0.0 17584 3683 13542.923076923076 13
stats: {sentpackets,"os_mon@test2"} 1 10269.0 0.0 13053 2469 9640.615384615385 13
stats: {cpu,"os_mon@test2"} 1 60.88980858768753 0.0 76.52799178222907 2.6889903602232366 49.24345044531037 14
stats: {load,"os_mon@test3"} 1 2.23828125 0.0 2.23828125 0.76953125 1.2154017857142858 14
stats: {recvpackets,"os_mon@test4"} 1 12717.0 0.0 17473 3671 13488.0 13
stats: {sentpackets,"os_mon@test4"} 1 10025.0 0.0 12941 2465 9591.307692307691 13
stats: {freemem,"os_mon@test3"} 1 966.7109375 0.0 1425.18359375 966.7109375 1277.03515625 14
stats: {load,"os_mon@myserver"} 1 3.12890625 0.0 4.28125 2.37109375 2.909877232142857 14
stats: {recvpackets,"os_mon@myserver"} 1 18382.0 0.0 19865 524 13942.23076923077 13
stats: {sentpackets,"os_mon@myserver"} 1 14038.0 0.0 14649 448 9952.76923076923 13
stats: {cpu,"os_mon@test4"} 1 52.282157676348554 0.0 71.30390143737166 2.318548387096774 48.735680195681915 14
stats: {cpu,"os_mon@myserver"} 1 67.08477508650519 0.0 67.46987951807229 3.6990119077780594 54.337353781442616 14
stats: session 3385 17250.021397898057 11482.005062762717 106492.1689453125 16.44677734375 9891.731838096402 36323
stats: users_count 2781 45035
stats: finish_users_count 3385 39708
stats: request 31996 1795.0417013644028 4049.3162246430243 100404.705078125 0.882080078125 1031.1078280304012 390181
stats: page 3423 17188.085667611533 11394.42873770012 106490.10083007813 15.0029296875 9872.386366878078 36232
stats: connect 31261 297.0231354500702 644.6913282162955 31285.39794921875 0.40087890625 266.0030891655842 395083
stats: 200 31996 422177
stats: size_rcv 4031496 53194302
stats: newphase 5 77
stats: error_connect_eaddrinuse 0 1
stats: size_sent 4148740 56575393
stats: connected -735 4163
# stats: dump at 1338978352
stats: users 6310 6743
stats: {load,"os_mon@test2"} 1 1.30078125 0.0 1.6796875 1.0 1.3359375 15
stats: {freemem,"os_mon@test2"} 1 1140.1015625 0.0 1437.40234375 1140.1015625 1349.5375 15
stats: {recvpackets,"os_mon@test3"} 1 16022.0 0.0 17448 3691 13438.285714285714 14
stats: {sentpackets,"os_mon@test3"} 1 12213.0 0.0 12927 2474 9626.214285714286 14
stats: {load,"os_mon@test4"} 1 1.37109375 0.0 1.4296875 0.890625 1.15859375 15
stats: {cpu,"os_mon@test3"} 1 57.47422680412371 0.0 80.90062111801242 3.1360647445624683 59.58272153407172 15
stats: {freemem,"os_mon@test4"} 1 1155.71484375 0.0 1415.21875 1155.71484375 1329.3716145833334 15
stats: {freemem,"os_mon@myserver"} 0 0 0 2440.078125 2394.19921875 2421.8390625 15
stats: {recvpackets,"os_mon@test2"} 1 17052.0 0.0 17584 3683 13515.857142857143 14
stats: {sentpackets,"os_mon@test2"} 1 12872.0 0.0 13053 2469 9685.5 14
stats: {cpu,"os_mon@test2"} 1 76.83937823834196 0.0 76.83937823834196 2.6889903602232366 50.01987432146885 15
stats: {load,"os_mon@test3"} 1 2.21875 0.0 2.23828125 0.76953125 1.28359375 15
stats: {recvpackets,"os_mon@test4"} 1 15854.0 0.0 17473 3671 13432.92857142857 14
stats: {sentpackets,"os_mon@test4"} 1 12096.0 0.0 12941 2465 9622.285714285714 14
stats: {freemem,"os_mon@test3"} 1 958.3984375 0.0 1425.18359375 958.3984375 1256.346875 15
stats: {load,"os_mon@myserver"} 0 0 0 4.28125 2.37109375 2.9244791666666665 15
stats: {recvpackets,"os_mon@myserver"} 0 0 0 19865 524 14259.357142857143 14
stats: {sentpackets,"os_mon@myserver"} 0 0 0 14649 448 10244.57142857143 14
stats: {cpu,"os_mon@test4"} 1 67.54115226337449 0.0 71.30390143737166 2.318548387096774 48.972112027726354 15
stats: {cpu,"os_mon@myserver"} 0 0 0 67.46987951807229 3.6990119077780594 55.187181868446785 15
stats: session 2994 17942.676299539162 12109.676719973353 106492.1689453125 16.44677734375 10519.006194899279 39708
stats: users_count 3977 49012
stats: finish_users_count 2994 42702
stats: request 31038 1837.1426027372825 4375.6553496230645 100404.705078125 0.882080078125 1089.004938036855 422177
stats: page 2987 17913.392819404915 12090.05303883678 106490.10083007813 15.0029296875 10503.87391463777 39655
stats: connect 30877 314.28678262332886 482.85670358131244 31285.39794921875 0.40087890625 268.2775850348806 426344
stats: 200 31038 453215
stats: size_rcv 3910788 57105090
stats: newphase 5 82
stats: error_connect_eaddrinuse 0 1
stats: size_sent 4095607 60671000
stats: connected -162 4001
# stats: dump at 1338978362
stats: users 5498 6863
stats: {load,"os_mon@test2"} 1 1.171875 0.0 1.6796875 1.0 1.333740234375 16
stats: {freemem,"os_mon@test2"} 1 1127.19921875 0.0 1437.40234375 1127.19921875 1336.44775390625 16
stats: {recvpackets,"os_mon@test3"} 1 18937.0 0.0 18937 3691 13610.533333333333 15
stats: {sentpackets,"os_mon@test3"} 1 14139.0 0.0 14139 2474 9798.666666666666 15
stats: {load,"os_mon@test4"} 1 1.37890625 0.0 1.4296875 0.890625 1.171875 16
stats: {cpu,"os_mon@test3"} 1 74.911838790932 0.0 80.90062111801242 3.1360647445624683 59.45094061344997 16
stats: {freemem,"os_mon@test4"} 1 1111.3828125 0.0 1415.21875 1111.3828125 1318.51806640625 16
stats: {freemem,"os_mon@myserver"} 1 2393.23046875 0.0 2440.078125 2393.23046875 2421.8390625 15
stats: {recvpackets,"os_mon@test2"} 1 17166.0 0.0 17584 3683 13751.6 15
stats: {sentpackets,"os_mon@test2"} 1 12936.0 0.0 13053 2469 9897.933333333332 15
stats: {cpu,"os_mon@test2"} 1 62.19700876740588 0.0 76.83937823834196 2.6889903602232366 51.69609331627342 16
stats: {load,"os_mon@test3"} 1 1.87890625 0.0 2.23828125 0.76953125 1.342041015625 16
stats: {recvpackets,"os_mon@test4"} 1 18795.0 0.0 18795 3671 13594.333333333334 15
stats: {sentpackets,"os_mon@test4"} 1 13948.0 0.0 13948 2465 9787.2 15
stats: {freemem,"os_mon@test3"} 1 889.92578125 0.0 1425.18359375 889.92578125 1237.72509765625 16
stats: {load,"os_mon@myserver"} 1 3.26953125 0.0 4.28125 2.37109375 2.9244791666666665 15
stats: {recvpackets,"os_mon@myserver"} 1 19563.0 0.0 19865 524 14259.357142857143 14
stats: {sentpackets,"os_mon@myserver"} 1 14856.0 0.0 14856 448 10244.57142857143 14
stats: {cpu,"os_mon@test4"} 1 68.2964487905301 0.0 71.30390143737166 2.318548387096774 50.13267704245436 16
stats: {cpu,"os_mon@myserver"} 1 66.316020162174 0.0 67.46987951807229 3.6990119077780594 55.187181868446785 15
stats: session 3239 18712.32545927689 12519.769315373063 106492.1689453125 16.44677734375 11039.508004961846 42702
stats: users_count 2427 51439
stats: finish_users_count 3239 45941
stats: request 30785 2026.5808356865798 4367.283666806 105047.31909179688 0.882080078125 1140.2404373847844 453215
stats: page 3216 18813.46183169541 12610.385740343094 106490.10083007813 15.0029296875 11022.898185744647 42642
stats: connect 30627 323.71240101252124 456.4208604182286 31285.39794921875 0.40087890625 271.38467327872445 457221
stats: 200 30785 484000
stats: size_rcv 3878910 60984000
stats: newphase 6 88
stats: error_connect_eaddrinuse 0 1
stats: size_sent 4063923 64734923
stats: connected -158 3843
# stats: dump at 1338978372
stats: users 6479 6942
stats: {load,"os_mon@test2"} 1 1.37109375 0.0 1.6796875 1.0 1.32421875 17
stats: {freemem,"os_mon@test2"} 1 1097.66796875 0.0 1437.40234375 1097.66796875 1324.1390165441176 17
stats: {recvpackets,"os_mon@test3"} 1 13102.0 0.0 18937 3691 13943.4375 16
stats: {sentpackets,"os_mon@test3"} 1 10790.0 0.0 14139 2474 10069.9375 16
stats: {load,"os_mon@test4"} 1 1.328125 0.0 1.4296875 0.890625 1.1840533088235294 17
stats: {cpu,"os_mon@test3"} 1 61.53846153846154 0.0 80.90062111801242 3.1360647445624683 60.360405212125386 17
stats: {freemem,"os_mon@test4"} 1 1081.671875 0.0 1415.21875 1081.671875 1306.3336397058824 17
stats: {freemem,"os_mon@myserver"} 1 2393.37890625 0.0 2440.078125 2393.23046875 2420.051025390625 16
stats: {recvpackets,"os_mon@test2"} 1 13374.0 0.0 17584 3683 13965.0 16
stats: {sentpackets,"os_mon@test2"} 1 10994.0 0.0 13053 2469 10087.8125 16
stats: {cpu,"os_mon@test2"} 1 62.808641975308646 0.0 76.83937823834196 2.6889903602232366 52.31379422516357 17
stats: {load,"os_mon@test3"} 1 1.671875 0.0 2.23828125 0.76953125 1.3736213235294117 17
stats: {recvpackets,"os_mon@test4"} 1 13104.0 0.0 18795 3671 13919.375 16
stats: {sentpackets,"os_mon@test4"} 1 10830.0 0.0 13948 2465 10047.25 16
stats: {freemem,"os_mon@test3"} 1 865.8671875 0.0 1425.18359375 865.8671875 1217.2663143382354 17
stats: {load,"os_mon@myserver"} 1 3.1484375 0.0 4.28125 2.37109375 2.946044921875 16
stats: {recvpackets,"os_mon@myserver"} 1 16457.0 0.0 19865 524 14612.933333333332 15
stats: {sentpackets,"os_mon@myserver"} 1 13172.0 0.0 14856 448 10552.0 15
stats: {cpu,"os_mon@test4"} 1 66.06404958677686 0.0 71.30390143737166 2.318548387096774 51.20113420410588 17
stats: {cpu,"os_mon@myserver"} 1 65.8471920944806 0.0 67.46987951807229 3.6990119077780594 55.882734261804735 16
stats: session 2810 18510.211187896137 13065.69780641648 115873.84887695313 16.44677734375 11580.46827431877 45941
stats: users_count 3791 55230
stats: finish_users_count 2810 48751
stats: request 31321 1646.8752146217553 4344.933746581966 109336.36694335938 0.882080078125 1196.6164480494967 484000
stats: page 2816 18508.42337998473 13000.189007865367 115871.93408203125 15.0029296875 11569.24675492293 45858
stats: connect 32152 310.38122266250735 441.77821742335766 31285.39794921875 0.40087890625 274.66979757420785 487848
stats: 200 31321 515321
stats: size_rcv 3946446 64930446
stats: newphase 5 93
stats: error_connect_eaddrinuse 0 1
stats: size_sent 4266845 69001768
stats: connected 829 4672
# stats: dump at 1338978382
stats: users 7114 7493
stats: {load,"os_mon@test2"} 1 1.23828125 0.0 1.6796875 1.0 1.3268229166666667 18
stats: {freemem,"os_mon@test2"} 1 1048.890625 0.0 1437.40234375 1048.890625 1311.5572916666667 18
stats: {recvpackets,"os_mon@test3"} 1 19226.0 0.0 19226 3691 13893.941176470587 17
stats: {sentpackets,"os_mon@test3"} 1 14609.0 0.0 14609 2474 10112.29411764706 17
stats: {load,"os_mon@test4"} 1 1.5 0.0 1.5 0.890625 1.1920572916666667 18
stats: {cpu,"os_mon@test3"} 1 68.69474778991159 0.0 80.90062111801242 3.1360647445624683 60.425852785810726 18
stats: {freemem,"os_mon@test4"} 1 1032.85546875 0.0 1415.21875 1032.85546875 1293.8524305555557 18
stats: {freemem,"os_mon@myserver"} 1 2389.1484375 0.0 2440.078125 2389.1484375 2418.4820772058824 17
stats: {recvpackets,"os_mon@test2"} 1 19098.0 0.0 19098 3683 13930.235294117647 17
stats: {sentpackets,"os_mon@test2"} 1 14539.0 0.0 14539 2469 10141.117647058823 17
stats: {cpu,"os_mon@test2"} 1 66.17119425935418 0.0 76.83937823834196 2.6889903602232366 52.89684132239385 18
stats: {load,"os_mon@test3"} 1 1.71875 0.0 2.23828125 0.76953125 1.3901909722222223 18
stats: {recvpackets,"os_mon@test4"} 1 19406.0 0.0 19406 3671 13871.411764705883 17
stats: {sentpackets,"os_mon@test4"} 1 14737.0 0.0 14737 2465 10093.29411764706 17
stats: {freemem,"os_mon@test3"} 1 803.05859375 0.0 1425.18359375 803.05859375 1197.744140625 18
stats: {load,"os_mon@myserver"} 1 3.28125 0.0 4.28125 2.37109375 2.957950367647059 17
stats: {recvpackets,"os_mon@myserver"} 1 21014.0 0.0 21014 524 14728.1875 16
stats: {sentpackets,"os_mon@myserver"} 1 16223.0 0.0 16223 448 10715.75 16
stats: {cpu,"os_mon@test4"} 1 72.35688499226406 0.0 72.35688499226406 2.318548387096774 52.026851725365376 18
stats: {cpu,"os_mon@myserver"} 1 67.0271514035895 0.0 67.46987951807229 3.6990119077780594 56.46887884019743 17
stats: session 2953 18544.349479243854 14155.089928868712 131436.85302734375 16.44677734375 11979.89756986455 48751
stats: users_count 3588 58818
stats: finish_users_count 2953 51704
stats: request 31543 1877.9327869783501 4491.211807732417 109336.36694335938 0.882080078125 1223.9829920634409 515321
stats: page 2959 18532.098064333648 14171.956701169896 131434.76611328125 15.0029296875 11970.70793288599 48674
stats: connect 31703 322.1644244485072 480.880398741652 31285.39794921875 0.40087890625 276.8778624577444 520000
stats: 200 31543 546864
stats: size_rcv 3974418 68904864
stats: newphase 5 98
stats: error_connect_eaddrinuse 0 1
stats: size_sent 4206877 73208645
stats: connected 159 4831
# stats: dump at 1338978392
stats: users 6909 7493
stats: {load,"os_mon@test2"} 1 1.66015625 0.0 1.6796875 1.0 1.3221628289473684 19
stats: {freemem,"os_mon@test2"} 1 1000.77734375 0.0 1437.40234375 1000.77734375 1297.732730263158 19
stats: {recvpackets,"os_mon@test3"} 1 18699.0 0.0 19226 3691 14190.166666666666 18
stats: {sentpackets,"os_mon@test3"} 1 14544.0 0.0 14609 2474 10362.111111111111 18
stats: {load,"os_mon@test4"} 1 1.51171875 0.0 1.51171875 0.890625 1.208264802631579 19
stats: {cpu,"os_mon@test3"} 1 65.47619047619048 0.0 80.90062111801242 3.1360647445624683 60.861057786026564 19
stats: {freemem,"os_mon@test4"} 1 989.6015625 0.0 1415.21875 989.6015625 1280.1157483552631 19
stats: {freemem,"os_mon@myserver"} 1 2384.4921875 0.0 2440.078125 2384.4921875 2416.8524305555557 18
stats: {recvpackets,"os_mon@test2"} 1 18674.0 0.0 19098 3683 14217.333333333334 18
stats: {sentpackets,"os_mon@test2"} 1 14552.0 0.0 14552 2469 10385.444444444445 18
stats: {cpu,"os_mon@test2"} 1 73.54904982023626 0.0 76.83937823834196 2.6889903602232366 53.59549147697071 19
stats: {load,"os_mon@test3"} 1 1.83984375 0.0 2.23828125 0.76953125 1.407483552631579 19
stats: {recvpackets,"os_mon@test4"} 1 18753.0 0.0 19406 3671 14178.888888888889 18
stats: {sentpackets,"os_mon@test4"} 1 14598.0 0.0 14737 2465 10351.277777777777 18
stats: {freemem,"os_mon@test3"} 1 753.22265625 0.0 1425.18359375 753.22265625 1176.9712171052631 19
stats: {load,"os_mon@myserver"} 1 3.3203125 0.0 4.28125 2.37109375 2.9759114583333335 18
stats: {recvpackets,"os_mon@myserver"} 1 19253.0 0.0 21014 524 15097.941176470587 17
stats: {sentpackets,"os_mon@myserver"} 1 14998.0 0.0 16223 448 11039.70588235294 17
stats: {cpu,"os_mon@test4"} 1 69.95353639648941 0.0 72.35688499226406 2.318548387096774 53.09685347625478 19
stats: {cpu,"os_mon@myserver"} 1 66.9493639311549 0.0 67.46987951807229 3.6990119077780594 57.05544953816366 18
stats: session 3163 19304.494885782653 14008.965976153535 131436.85302734375 16.44677734375 12354.81685054684 51704
stats: users_count 2958 61776
stats: finish_users_count 3163 54867
stats: 200 32114 578978
stats: request 32114 2089.6371309549245 4855.842490282894 109336.36694335938 0.882080078125 1261.7026780932417 546864
stats: page 3170 19115.48576798787 13941.599282457011 131434.76611328125 15.0029296875 12346.73011635303 51633
stats: connect 32068 306.1156507113537 499.08586789368604 31285.39794921875 0.40087890625 279.4802044330339 551703
stats: size_rcv 4046364 72951228
stats: newphase 5 103
stats: error_connect_eaddrinuse 0 1
stats: size_sent 4255566 77464211
stats: connected -46 4785
stats: error_abort 1 1
EndMonitor:{1338,978392,569789}
