# stats: dump at 1339064738
stats: users 0 2
stats: session 6 17.206583658854168 6.969326242671791 26.994873046875 10.2099609375 0 0
stats: users_count 6 6
stats: finish_users_count 6 6
stats: 200 40 40
stats: request 40 1.1109375000000001 0.6571733400467332 3.705810546875 0.658935546875 0 0
stats: page 4 16.4752197265625 6.100361823124937 22.97900390625 9.93701171875 0 0
stats: connect 4 1.2542724609375 0.2933236325124728 1.715087890625 0.905029296875 0 0
stats: size_rcv 4760 4760
stats: size_sent 5400 5400
stats: connected 0 0
# stats: dump at 1339064748
stats: users 2 8
stats: {load,"os_mon@test2"} 1 1.0390625 0 1.0390625 1.0390625 0 0
stats: {freemem,"os_mon@test2"} 1 1550.5078125 0 1550.5078125 1550.5078125 0 0
stats: {load,"os_mon@test4"} 1 1.12890625 0 1.12890625 1.12890625 0 0
stats: {cpu,"os_mon@test3"} 1 2.2579026593075766 0 2.2579026593075766 2.2579026593075766 0 0
stats: {freemem,"os_mon@test4"} 1 1553.30859375 0 1553.30859375 1553.30859375 0 0
stats: {freemem,"os_mon@myserver"} 1 2885.0703125 0 2885.0703125 2885.0703125 0 0
stats: {load,"os_mon@test3"} 1 1.62109375 0 1.62109375 1.62109375 0 0
stats: {cpu,"os_mon@test2"} 1 4.141414141414142 0 4.141414141414142 4.141414141414142 0 0
stats: {freemem,"os_mon@test3"} 1 1401.48046875 0 1401.48046875 1401.48046875 0 0
stats: {cpu,"os_mon@test4"} 1 1.9539078156312624 0 1.9539078156312624 1.9539078156312624 0 0
stats: {load,"os_mon@myserver"} 1 2.51953125 0 2.51953125 2.51953125 0 0
stats: {cpu,"os_mon@myserver"} 1 2.3455233291298865 0 2.3455233291298865 2.3455233291298865 0 0
stats: session 916 13.735203638868045 9.122084950061176 142.60400390625 9.546142578125 17.206583658854168 6
stats: users_count 918 924
stats: finish_users_count 916 922
stats: 200 9000 9040
stats: request 9000 1.0773126627604153 1.7898106528663287 99.684814453125 0.25 1.1109375000000001 40
stats: page 900 11.355491536458333 8.539391113881582 140.759033203125 7.81494140625 16.4752197265625 4
stats: connect 900 1.313773328993055 1.4842482445160121 26.550048828125 0.611083984375 1.2542724609375 4
stats: size_rcv 1071000 1075760
stats: newphase 1 1
stats: size_sent 1192920 1198320
stats: connected 0 0
# stats: dump at 1339064758
stats: users 5 13
stats: {load,"os_mon@test2"} 1 0.9609375 0.0 1.0390625 0.9609375 1.0390625 1
stats: {recvpackets,"os_mon@test3"} 1 4933 0 4933 4933 0 0
stats: {sentpackets,"os_mon@test3"} 1 3320 0 3320 3320 0 0
stats: {freemem,"os_mon@test2"} 1 1550.109375 0.0 1550.5078125 1550.109375 1550.5078125 1
stats: {load,"os_mon@test4"} 1 0.94921875 0.0 1.12890625 0.94921875 1.12890625 1
stats: {cpu,"os_mon@test3"} 1 7.340862422997947 0.0 7.340862422997947 2.2579026593075766 2.2579026593075766 1
stats: {freemem,"os_mon@test4"} 1 1552.9453125 0.0 1553.30859375 1552.9453125 1553.30859375 1
stats: {freemem,"os_mon@myserver"} 1 2884.23828125 0.0 2885.0703125 2884.23828125 2885.0703125 1
stats: {recvpackets,"os_mon@test2"} 1 4974 0 4974 4974 0 0
stats: {sentpackets,"os_mon@test2"} 1 3344 0 3344 3344 0 0
stats: {load,"os_mon@test3"} 1 1.37109375 0.0 1.62109375 1.37109375 1.62109375 1
stats: {cpu,"os_mon@test2"} 1 10.261672652642382 0.0 10.261672652642382 4.141414141414142 4.141414141414142 1
stats: {recvpackets,"os_mon@test4"} 1 4925 0 4925 4925 0 0
stats: {sentpackets,"os_mon@test4"} 1 3314 0 3314 3314 0 0
stats: {freemem,"os_mon@test3"} 1 1401.1328125 0.0 1401.48046875 1401.1328125 1401.48046875 1
stats: {cpu,"os_mon@test4"} 1 8.456444218033623 0.0 8.456444218033623 1.9539078156312624 1.9539078156312624 1
stats: {load,"os_mon@myserver"} 1 2.12890625 0.0 2.51953125 2.12890625 2.51953125 1
stats: {recvpackets,"os_mon@myserver"} 1 5058 0 5058 5058 0 0
stats: {sentpackets,"os_mon@myserver"} 1 3396 0 3396 3396 0 0
stats: {cpu,"os_mon@myserver"} 1 12.97229219143577 0.0 12.97229219143577 2.3455233291298865 2.3455233291298865 1
stats: session 1878 13.362498517996205 7.859953734898183 273.157958984375 9.166015625 13.757793964377715 922
stats: users_count 1881 2805
stats: finish_users_count 1878 2800
stats: request 18572 1.0731767222667248 1.767577325907734 203.005859375 0.239990234375 1.0774614452260771 9040
stats: page 1856 11.304089907942151 7.554895910193019 264.10888671875 7.81494140625 11.378145201016316 904
stats: connect 1859 1.1772722282225005 0.9771681380939523 26.550048828125 0.523193359375 1.3135100508158182 904
stats: 200 18572 27612
stats: size_rcv 2210068 3285828
stats: newphase 6 7
stats: size_sent 2468373 3666693
stats: connected 3 3
# stats: dump at 1339064768
stats: users 4 16
stats: {load,"os_mon@test2"} 1 0.890625 0.0 1.0390625 0.890625 1.0 2
stats: {recvpackets,"os_mon@test3"} 1 8778.0 0.0 8778 4933 4933.0 1
stats: {sentpackets,"os_mon@test3"} 1 5921.0 0.0 5921 3320 3320.0 1
stats: {freemem,"os_mon@test2"} 1 1549.75390625 0.0 1550.5078125 1549.75390625 1550.30859375 2
stats: {load,"os_mon@test4"} 1 0.80859375 0.0 1.12890625 0.80859375 1.0390625 2
stats: {cpu,"os_mon@test3"} 1 14.10057024364956 0.0 14.10057024364956 2.2579026593075766 4.799382541152762 2
stats: {freemem,"os_mon@test4"} 1 1552.4609375 0.0 1553.30859375 1552.4609375 1553.126953125 2
stats: {freemem,"os_mon@myserver"} 1 2883.55078125 0.0 2885.0703125 2883.55078125 2884.654296875 2
stats: {recvpackets,"os_mon@test2"} 1 8807.0 0.0 8807 4974 4974.0 1
stats: {sentpackets,"os_mon@test2"} 1 5941.0 0.0 5941 3344 3344.0 1
stats: {load,"os_mon@test3"} 1 1.23828125 0.0 1.62109375 1.23828125 1.49609375 2
stats: {cpu,"os_mon@test2"} 1 22.291021671826623 0.0 22.291021671826623 4.141414141414142 7.201543397028262 2
stats: {recvpackets,"os_mon@test4"} 1 8799.0 0.0 8799 4925 4925.0 1
stats: {sentpackets,"os_mon@test4"} 1 5930.0 0.0 5930 3314 3314.0 1
stats: {freemem,"os_mon@test3"} 1 1401.00390625 0.0 1401.48046875 1401.00390625 1401.306640625 2
stats: {cpu,"os_mon@test4"} 1 14.894709809964047 0.0 14.894709809964047 1.9539078156312624 5.205176016832443 2
stats: {load,"os_mon@myserver"} 1 2.2109375 0.0 2.51953125 2.12890625 2.32421875 2
stats: {recvpackets,"os_mon@myserver"} 1 8944.0 0.0 8944 5058 5058.0 1
stats: {sentpackets,"os_mon@myserver"} 1 6032.0 0.0 6032 3396 3396.0 1
stats: {cpu,"os_mon@myserver"} 1 22.199644399288797 0.0 22.199644399288797 2.3455233291298865 7.658907760282828 2
stats: session 2737 15.788365044557223 35.18865909082011 1023.304931640625 8.756103515625 13.49266366141183 2800
stats: users_count 2736 5541
stats: finish_users_count 2737 5537
stats: request 27537 1.3134166112015258 10.787172981463666 1009.255126953125 0.151123046875 1.0745795143698882 27612
stats: page 2754 13.835447268461783 34.95089390273843 1021.441162109375 7.302001953125 11.328345699586732 2760
stats: connect 2752 2.3357800328454306 33.01705072913401 1004.7939453125 0.47802734375 1.2218466008697533 2763
stats: 200 27537 55149
stats: size_rcv 3276903 6562731
stats: newphase 6 13
stats: size_sent 3652437 7319130
stats: connected -2 1
# stats: dump at 1339064778
stats: users 5 21
stats: {load,"os_mon@test2"} 1 0.98046875 0.0 1.0390625 0.890625 0.9635416666666666 3
stats: {recvpackets,"os_mon@test3"} 1 12185.0 0.0 12185 4933 6855.5 2
stats: {sentpackets,"os_mon@test3"} 1 8099.0 0.0 8099 3320 4620.5 2
stats: {freemem,"os_mon@test2"} 1 1549.52734375 0.0 1550.5078125 1549.52734375 1550.1236979166667 3
stats: {load,"os_mon@test4"} 1 0.76171875 0.0 1.12890625 0.76171875 0.9622395833333334 3
stats: {cpu,"os_mon@test3"} 1 21.918514698298093 0.0 21.918514698298093 2.2579026593075766 7.899778441985028 3
stats: {freemem,"os_mon@test4"} 1 1552.59765625 0.0 1553.30859375 1552.4609375 1552.9049479166667 3
stats: {freemem,"os_mon@myserver"} 1 2883.08203125 0.0 2885.0703125 2883.08203125 2884.2864583333335 3
stats: {recvpackets,"os_mon@test2"} 1 12233.0 0.0 12233 4974 6890.5 2
stats: {sentpackets,"os_mon@test2"} 1 8128.0 0.0 8128 3344 4642.5 2
stats: {load,"os_mon@test3"} 1 1.05078125 0.0 1.62109375 1.05078125 1.41015625 3
stats: {cpu,"os_mon@test2"} 1 30.645994832041346 0.0 30.645994832041346 4.141414141414142 12.231369488627715 3
stats: {recvpackets,"os_mon@test4"} 1 12179.0 0.0 12179 4925 6862.0 2
stats: {sentpackets,"os_mon@test4"} 1 8095.0 0.0 8095 3314 4622.0 2
stats: {freemem,"os_mon@test3"} 1 1400.65625 0.0 1401.48046875 1400.65625 1401.2057291666667 3
stats: {cpu,"os_mon@test4"} 1 19.70878835153406 0.0 19.70878835153406 1.9539078156312624 8.435020614542978 3
stats: {load,"os_mon@myserver"} 1 2.01953125 0.0 2.51953125 2.01953125 2.2864583333333335 3
stats: {recvpackets,"os_mon@myserver"} 1 12280.0 0.0 12280 5058 7001.0 2
stats: {sentpackets,"os_mon@myserver"} 1 8160.0 0.0 8160 3396 4714.0 2
stats: {cpu,"os_mon@myserver"} 1 30.077319587628864 0.0 30.077319587628864 2.3455233291298865 12.505819973284817 3
stats: session 3665 15.33217073989596 30.705512413248513 1023.304931640625 8.756103515625 14.627454104913536 5537
stats: users_count 3666 9207
stats: finish_users_count 3665 9202
stats: request 36269 1.2758040128536137 9.424829686636075 1009.255126953125 0.113037109375 1.193835659276465 55149
stats: page 3626 13.506547560694454 30.76660889274693 1021.441162109375 7.302001953125 12.580532446173944 5514
stats: connect 3629 1.9981499401522462 28.70996843468944 1004.7939453125 0.43603515625 1.7777024131629653 5515
stats: 200 36269 91418
stats: size_rcv 4316011 10878742
stats: newphase 5 18
stats: size_sent 4813072 12132202
stats: connected 3 4
# stats: dump at 1339064788
stats: users 8 27
stats: {load,"os_mon@test2"} 1 0.91015625 0.0 1.0390625 0.890625 0.9677734375 4
stats: {recvpackets,"os_mon@test3"} 1 16497.0 0.0 16497 4933 8632.0 3
stats: {sentpackets,"os_mon@test3"} 1 10878.0 0.0 10878 3320 5780.0 3
stats: {freemem,"os_mon@test2"} 1 1549.421875 0.0 1550.5078125 1549.421875 1549.974609375 4
stats: {load,"os_mon@test4"} 1 0.7109375 0.0 1.12890625 0.7109375 0.912109375 4
stats: {cpu,"os_mon@test3"} 1 29.34443288241415 0.0 29.34443288241415 2.2579026593075766 11.404462506063293 4
stats: {freemem,"os_mon@test4"} 1 1552.35546875 0.0 1553.30859375 1552.35546875 1552.828125 4
stats: {freemem,"os_mon@myserver"} 1 2882.83984375 0.0 2885.0703125 2882.83984375 2883.9853515625 4
stats: {recvpackets,"os_mon@test2"} 1 16513.0 0.0 16513 4974 8671.333333333334 3
stats: {sentpackets,"os_mon@test2"} 1 10892.0 0.0 10892 3344 5804.333333333333 3
stats: {load,"os_mon@test3"} 1 1.05078125 0.0 1.62109375 1.05078125 1.3203125 4
stats: {cpu,"os_mon@test2"} 1 37.461617195496416 0.0 37.461617195496416 4.141414141414142 16.83502582448112 4
stats: {recvpackets,"os_mon@test4"} 1 16491.0 0.0 16491 4925 8634.333333333334 3
stats: {sentpackets,"os_mon@test4"} 1 10874.0 0.0 10874 3314 5779.666666666667 3
stats: {freemem,"os_mon@test3"} 1 1400.6640625 0.0 1401.48046875 1400.65625 1401.068359375 4
stats: {cpu,"os_mon@test4"} 1 27.869700103412615 0.0 27.869700103412615 1.9539078156312624 11.253462548790749 4
stats: {load,"os_mon@myserver"} 1 1.859375 0.0 2.51953125 1.859375 2.2197265625 4
stats: {recvpackets,"os_mon@myserver"} 1 16579.0 0.0 16579 5058 8760.666666666666 3
stats: {sentpackets,"os_mon@myserver"} 1 10931.0 0.0 10931 3396 5862.666666666667 3
stats: {cpu,"os_mon@myserver"} 1 40.49479166666667 0.0 40.49479166666667 2.3455233291298865 16.898694876870827 4
stats: session 4729 17.599901579681166 47.92002117021539 1023.304931640625 8.756103515625 14.908130747731466 9202
stats: users_count 4732 13939
stats: finish_users_count 4729 13931
stats: request 46493 1.5206267715200343 15.106749752508149 1009.255126953125 0.113037109375 1.2263556248837808 91418
stats: page 4647 16.00300450055142 48.26882734392 1021.441162109375 7.302001953125 12.94789905506359 9140
stats: connect 4651 3.3373372535812194 46.2873073853487 1004.7939453125 0.43603515625 1.8651919227259686 9144
stats: 200 46493 137911
stats: size_rcv 5532667 16411409
stats: newphase 6 24
stats: size_sent 6171499 18303701
stats: connected 4 8
# stats: dump at 1339064798
stats: users 13 35
stats: {load,"os_mon@test2"} 1 0.8515625 0.0 1.0390625 0.8515625 0.95625 5
stats: {recvpackets,"os_mon@test3"} 1 20214.0 0.0 20214 4933 10598.25 4
stats: {sentpackets,"os_mon@test3"} 1 13265.0 0.0 13265 3320 7054.5 4
stats: {freemem,"os_mon@test2"} 1 1548.95703125 0.0 1550.5078125 1548.95703125 1549.8640625 5
stats: {load,"os_mon@test4"} 1 0.6796875 0.0 1.12890625 0.6796875 0.871875 5
stats: {cpu,"os_mon@test3"} 1 35.744016649323626 0.0 35.744016649323626 2.2579026593075766 14.992456581333466 5
stats: {freemem,"os_mon@test4"} 1 1551.984375 0.0 1553.30859375 1551.984375 1552.73359375 5
stats: {freemem,"os_mon@myserver"} 1 2882.1875 0.0 2885.0703125 2882.1875 2883.75625 5
stats: {recvpackets,"os_mon@test2"} 1 20245.0 0.0 20245 4974 10631.75 4
stats: {sentpackets,"os_mon@test2"} 1 13282.0 0.0 13282 3344 7076.25 4
stats: {load,"os_mon@test3"} 1 1.05078125 0.0 1.62109375 1.05078125 1.26640625 5
stats: {cpu,"os_mon@test2"} 1 45.43589743589744 0.0 45.43589743589744 4.141414141414142 20.960344098684182 5
stats: {recvpackets,"os_mon@test4"} 1 20215.0 0.0 20215 4925 10598.5 4
stats: {sentpackets,"os_mon@test4"} 1 13267.0 0.0 13267 3314 7053.25 4
stats: {freemem,"os_mon@test3"} 1 1400.171875 0.0 1401.48046875 1400.171875 1400.9875 5
stats: {cpu,"os_mon@test4"} 1 34.366925064599485 0.0 34.366925064599485 1.9539078156312624 14.576710059715122 5
stats: {load,"os_mon@myserver"} 1 1.66015625 0.0 2.51953125 1.66015625 2.14765625 5
stats: {recvpackets,"os_mon@myserver"} 1 20229.0 0.0 20229 5058 10715.25 4
stats: {sentpackets,"os_mon@myserver"} 1 13272.0 0.0 13272 3396 7129.75 4
stats: {cpu,"os_mon@myserver"} 1 49.53617810760667 0.0 49.53617810760667 2.3455233291298865 21.617914234829996 5
stats: session 5546 19.626046247788366 50.73004442232331 1063.909912109375 8.756103515625 15.8218759393394 13931
stats: users_count 5551 19490
stats: finish_users_count 5546 19477
stats: request 54858 1.7002916772408405 15.709082511812687 1009.255126953125 0.113037109375 1.3255612605514167 137911
stats: page 5485 17.855361034355095 50.74729114285663 1042.262939453125 7.302001953125 13.977642654482024 13787
stats: connect 5487 3.4236755982891447 46.653156031639256 1004.7939453125 0.4111328125 2.3615274017986594 13795
stats: 200 54858 192769
stats: size_rcv 6528102 22939511
stats: newphase 6 30
stats: size_sent 7278788 25582489
stats: connected 2 10
# stats: dump at 1339064808
stats: users 27 42
stats: {load,"os_mon@test2"} 1 0.87109375 0.0 1.0390625 0.8515625 0.9388020833333334 6
stats: {recvpackets,"os_mon@test3"} 1 23716.0 0.0 23716 4933 12521.4 5
stats: {sentpackets,"os_mon@test3"} 1 15505.0 0.0 15505 3320 8296.6 5
stats: {freemem,"os_mon@test2"} 1 1548.84375 0.0 1550.5078125 1548.84375 1549.712890625 6
stats: {load,"os_mon@test4"} 1 0.6484375 0.0 1.12890625 0.6484375 0.83984375 6
stats: {cpu,"os_mon@test3"} 1 42.590673575129536 0.0 42.590673575129536 2.2579026593075766 18.451049925998493 6
stats: {freemem,"os_mon@test4"} 1 1551.85546875 0.0 1553.30859375 1551.85546875 1552.6087239583333 6
stats: {freemem,"os_mon@myserver"} 1 2881.88671875 0.0 2885.0703125 2881.88671875 2883.4947916666665 6
stats: {recvpackets,"os_mon@test2"} 1 23857.0 0.0 23857 4974 12554.4 5
stats: {sentpackets,"os_mon@test2"} 1 15599.0 0.0 15599 3344 8317.4 5
stats: {load,"os_mon@test3"} 1 0.96875 0.0 1.62109375 0.96875 1.23046875 6
stats: {cpu,"os_mon@test2"} 1 51.670951156812336 0.0 51.670951156812336 4.141414141414142 25.039602988219723 6
stats: {recvpackets,"os_mon@test4"} 1 23714.0 0.0 23714 4925 12521.8 5
stats: {sentpackets,"os_mon@test4"} 1 15503.0 0.0 15503 3314 8296.0 5
stats: {freemem,"os_mon@test3"} 1 1399.9296875 0.0 1401.48046875 1399.9296875 1400.8515625 6
stats: {cpu,"os_mon@test4"} 1 40.847983453981385 0.0 40.847983453981385 1.9539078156312624 17.87507922719585 6
stats: {load,"os_mon@myserver"} 1 2.30859375 0.0 2.51953125 1.66015625 2.06640625 6
stats: {recvpackets,"os_mon@myserver"} 1 23870.0 0.0 23870 5058 12618.0 5
stats: {sentpackets,"os_mon@myserver"} 1 15610.0 0.0 15610 3396 8358.2 5
stats: {cpu,"os_mon@myserver"} 1 59.688900606380166 0.0 59.688900606380166 2.3455233291298865 26.270958213626113 6
stats: session 6535 24.705128111251913 70.33122231062818 3032.632080078125 8.756103515625 16.905098639481 19477
stats: users_count 6549 26039
stats: finish_users_count 6535 26012
stats: request 64509 2.197332680505364 21.800176705842905 3012.799072265625 0.113037109375 1.432201649819133 192769
stats: page 6452 22.817480816873662 70.30072565490151 3030.60302734375 7.302001953125 15.08127929383465 19272
stats: connect 6452 3.968591149667751 60.98053820167775 3008.700927734375 0.4111328125 2.6637785766842157 19282
stats: 200 64509 257278
stats: size_rcv 7676571 30616082
stats: newphase 6 36
stats: size_sent 8550287 34132776
stats: connected 0 10
# stats: dump at 1339064818
stats: users 30 61
stats: {load,"os_mon@test2"} 1 0.8984375 0.0 1.0390625 0.8515625 0.9291294642857143 7
stats: {recvpackets,"os_mon@test3"} 1 27760.0 0.0 27760 4933 14387.166666666666 6
stats: {sentpackets,"os_mon@test3"} 1 18166.0 0.0 18166 3320 9498.0 6
stats: {freemem,"os_mon@test2"} 1 1548.59375 0.0 1550.5078125 1548.59375 1549.5887276785713 7
stats: {load,"os_mon@test4"} 1 0.7109375 0.0 1.12890625 0.6484375 0.8125 7
stats: {cpu,"os_mon@test3"} 1 48.5952133194589 0.0 48.5952133194589 2.2579026593075766 21.89956759016007 7
stats: {freemem,"os_mon@test4"} 1 1551.265625 0.0 1553.30859375 1551.265625 1552.5011160714287 7
stats: {freemem,"os_mon@myserver"} 1 2881.25 0.0 2885.0703125 2881.25 2883.265066964286 7
stats: {recvpackets,"os_mon@test2"} 1 27804.0 0.0 27804 4974 14438.166666666666 6
stats: {sentpackets,"os_mon@test2"} 1 18194.0 0.0 18194 3344 9531.0 6
stats: {load,"os_mon@test3"} 1 0.890625 0.0 1.62109375 0.890625 1.1930803571428572 7
stats: {cpu,"os_mon@test2"} 1 53.72367745249102 0.0 53.72367745249102 4.141414141414142 28.84408129801867 7
stats: {recvpackets,"os_mon@test4"} 1 27739.0 0.0 27739 4925 14387.166666666666 6
stats: {sentpackets,"os_mon@test4"} 1 18155.0 0.0 18155 3314 9497.166666666666 6
stats: {freemem,"os_mon@test3"} 1 1399.4453125 0.0 1401.48046875 1399.4453125 1400.7198660714287 7
stats: {cpu,"os_mon@test4"} 1 47.791798107255524 0.0 47.791798107255524 1.9539078156312624 21.156922688165213 7
stats: {load,"os_mon@myserver"} 1 2.890625 0.0 2.890625 1.66015625 2.1010044642857144 7
stats: {recvpackets,"os_mon@myserver"} 1 27830.0 0.0 27830 5058 14493.333333333334 6
stats: {sentpackets,"os_mon@myserver"} 1 18208.0 0.0 18208 3396 9566.833333333334 6
stats: {cpu,"os_mon@myserver"} 1 69.86444212721585 0.0 69.86444212721585 2.3455233291298865 31.04494998401955 7
stats: session 7148 32.391659284611976 78.665512602763 3032.632080078125 8.756103515625 18.86470161495474 26012
stats: users_count 7151 33190
stats: finish_users_count 7148 33160
stats: request 71933 2.9133690073086718 23.96239133542896 3012.799072265625 0.113037109375 1.6240479703694253 257278
stats: page 7182 29.835152320362585 75.58564508797828 3030.60302734375 7.302001953125 17.021645186644776 25724
stats: connect 7208 5.138037576791847 62.1161609456511 3008.700927734375 0.4111328125 2.9909197409373345 25734
stats: 200 71933 329211
stats: size_rcv 8560027 39176109
stats: newphase 6 42
stats: size_sent 9536861 43669637
stats: connected 26 36
# stats: dump at 1339064828
stats: users 126 181
stats: {load,"os_mon@test2"} 1 0.98828125 0.0 1.0390625 0.8515625 0.92529296875 8
stats: {recvpackets,"os_mon@test3"} 1 30176.0 0.0 30176 4933 16297.57142857143 7
stats: {sentpackets,"os_mon@test3"} 1 19777.0 0.0 19777 3320 10736.285714285714 7
stats: {freemem,"os_mon@test2"} 1 1548.1484375 0.0 1550.5078125 1548.1484375 1549.46435546875 8
stats: {load,"os_mon@test4"} 1 0.828125 0.0 1.12890625 0.6484375 0.7998046875 8
stats: {cpu,"os_mon@test3"} 1 52.81543274244004 0.0 52.81543274244004 2.2579026593075766 25.236523306322425 8
stats: {freemem,"os_mon@test4"} 1 1550.69921875 0.0 1553.30859375 1550.69921875 1552.3466796875 8
stats: {freemem,"os_mon@myserver"} 1 2881.15234375 0.0 2885.0703125 2881.15234375 2883.01318359375 8
stats: {recvpackets,"os_mon@test2"} 1 30921.0 0.0 30921 4974 16347.57142857143 7
stats: {sentpackets,"os_mon@test2"} 1 20264.0 0.0 20264 3344 10768.57142857143 7
stats: {load,"os_mon@test3"} 1 0.828125 0.0 1.62109375 0.828125 1.1552734375 8
stats: {cpu,"os_mon@test2"} 1 58.05805805805806 0.0 58.05805805805806 4.141414141414142 31.954030817327713 8
stats: {recvpackets,"os_mon@test4"} 1 30187.0 0.0 30187 4925 16294.57142857143 7
stats: {sentpackets,"os_mon@test4"} 1 19781.0 0.0 19781 3314 10734.0 7
stats: {freemem,"os_mon@test3"} 1 1399.2109375 0.0 1401.48046875 1399.2109375 1400.560546875 8
stats: {cpu,"os_mon@test4"} 1 53.75782881002088 0.0 53.75782881002088 1.9539078156312624 24.4862821155515 8
stats: {load,"os_mon@myserver"} 1 2.76171875 0.0 2.890625 1.66015625 2.19970703125 8
stats: {recvpackets,"os_mon@myserver"} 1 30195.0 0.0 30195 5058 16398.571428571428 7
stats: {sentpackets,"os_mon@myserver"} 1 19774.0 0.0 19774 3396 10801.285714285714 7
stats: {cpu,"os_mon@myserver"} 1 75.2832674571805 0.0 75.2832674571805 2.3455233291298865 35.89738650191909 8
stats: session 7909 89.18599728034323 179.06721341779533 3032.632080078125 8.756103515625 21.78058501129702 33160
stats: users_count 8005 41195
stats: finish_users_count 7909 41069
stats: request 78717 8.459120754074007 53.6900920171233 3012.799072265625 0.113037109375 1.9057661697921384 329211
stats: page 7858 84.81110204792265 176.4874891805877 3030.60302734375 7.302001953125 19.81829650355845 32906
stats: connect 7891 17.43327516984333 124.64949361787019 3008.700927734375 0.4111328125 3.4607280513264826 32942
stats: 200 78717 407928
stats: size_rcv 9367323 48543432
stats: newphase 6 48
stats: size_sent 10444359 54113996
stats: connected 33 69
# stats: dump at 1339064838
stats: users 120 311
stats: {load,"os_mon@test2"} 1 1.0703125 0.0 1.0703125 0.8515625 0.9322916666666666 9
stats: {recvpackets,"os_mon@test3"} 1 33767.0 0.0 33767 4933 18032.375 8
stats: {sentpackets,"os_mon@test3"} 1 22148.0 0.0 22148 3320 11866.375 8
stats: {freemem,"os_mon@test2"} 1 1545.359375 0.0 1550.5078125 1545.359375 1549.318142361111 9
stats: {load,"os_mon@test4"} 1 0.78125 0.0 1.12890625 0.6484375 0.8029513888888888 9
stats: {cpu,"os_mon@test3"} 1 57.55968169761273 0.0 57.55968169761273 2.2579026593075766 28.30084657700216 9
stats: {freemem,"os_mon@test4"} 1 1548.59765625 0.0 1553.30859375 1548.59765625 1552.1636284722222 9
stats: {freemem,"os_mon@myserver"} 1 2870.75390625 0.0 2885.0703125 2870.75390625 2882.8064236111113 9
stats: {recvpackets,"os_mon@test2"} 1 34158.0 0.0 34158 4974 18169.25 8
stats: {sentpackets,"os_mon@test2"} 1 22416.0 0.0 22416 3344 11955.5 8
stats: {load,"os_mon@test3"} 1 0.78125 0.0 1.62109375 0.78125 1.1189236111111112 9
stats: {cpu,"os_mon@test2"} 1 64.28935303107488 0.0 64.28935303107488 4.141414141414142 34.85447828851997 9
stats: {recvpackets,"os_mon@test4"} 1 33799.0 0.0 33799 4925 18031.125 8
stats: {sentpackets,"os_mon@test4"} 1 22173.0 0.0 22173 3314 11864.875 8
stats: {freemem,"os_mon@test3"} 1 1397.41015625 0.0 1401.48046875 1397.41015625 1400.4105902777778 9
stats: {cpu,"os_mon@test4"} 1 57.503867973182054 0.0 57.503867973182054 1.9539078156312624 27.738676192714763 9
stats: {load,"os_mon@myserver"} 1 3.08984375 0.0 3.08984375 1.66015625 2.2621527777777777 9
stats: {recvpackets,"os_mon@myserver"} 1 34033.0 0.0 34033 5058 18123.125 8
stats: {sentpackets,"os_mon@myserver"} 1 22331.0 0.0 22331 3396 11922.875 8
stats: {cpu,"os_mon@myserver"} 1 83.24268324268324 0.0 83.24268324268324 2.3455233291298865 40.27359549694813 9
stats: session 8581 217.37481478202204 356.32827821045015 7019.864990234375 8.756103515625 34.76140766672779 41069
stats: users_count 8575 49770
stats: finish_users_count 8581 49650
stats: request 86069 21.31871961637892 100.01969542281714 3066.72607421875 0.113037109375 3.1703530890791596 407928
stats: page 8586 214.81538467531607 355.7163052046484 7018.06005859375 7.302001953125 32.34683800997622 40764
stats: connect 8619 42.49705008783279 199.8835921839201 3008.700927734375 0.4111328125 6.160930566748236 40833
stats: 200 86069 493997
stats: size_rcv 10242211 58785643
stats: newphase 6 54
stats: size_sent 11421229 65535225
stats: connected 33 102
# stats: dump at 1339064848
stats: users 774 787
stats: {load,"os_mon@test2"} 1 1.2890625 0.0 1.2890625 0.8515625 0.94609375 10
stats: {recvpackets,"os_mon@test3"} 1 35241.0 0.0 35241 4933 19780.666666666668 9
stats: {sentpackets,"os_mon@test3"} 1 23191.0 0.0 23191 3320 13008.777777777777 9
stats: {freemem,"os_mon@test2"} 1 1544.24609375 0.0 1550.5078125 1544.24609375 1548.922265625 10
stats: {load,"os_mon@test4"} 1 0.80859375 0.0 1.12890625 0.6484375 0.80078125 10
stats: {cpu,"os_mon@test3"} 1 62.807752750130966 0.0 62.807752750130966 2.2579026593075766 31.22673008906322 10
stats: {freemem,"os_mon@test4"} 1 1547.96875 0.0 1553.30859375 1547.96875 1551.80703125 10
stats: {freemem,"os_mon@myserver"} 1 2868.9921875 0.0 2885.0703125 2868.9921875 2881.601171875 10
stats: {recvpackets,"os_mon@test2"} 1 35178.0 0.0 35178 4974 19945.777777777777 9
stats: {sentpackets,"os_mon@test2"} 1 23145.0 0.0 23145 3344 13117.777777777777 9
stats: {load,"os_mon@test3"} 1 0.80859375 0.0 1.62109375 0.78125 1.08515625 10
stats: {cpu,"os_mon@test2"} 1 65.284178187404 0.0 65.284178187404 4.141414141414142 37.79796576277546 10
stats: {recvpackets,"os_mon@test4"} 1 35215.0 0.0 35215 4925 19783.11111111111 9
stats: {sentpackets,"os_mon@test4"} 1 23170.0 0.0 23170 3314 13010.222222222223 9
stats: {freemem,"os_mon@test3"} 1 1395.921875 0.0 1401.48046875 1395.921875 1400.110546875 10
stats: {cpu,"os_mon@test4"} 1 62.36335242061426 0.0 62.36335242061426 1.9539078156312624 30.71519537076149 10
stats: {load,"os_mon@myserver"} 1 3.1484375 0.0 3.1484375 1.66015625 2.344921875 10
stats: {recvpackets,"os_mon@myserver"} 1 35977.0 0.0 35977 5058 19890.88888888889 9
stats: {sentpackets,"os_mon@myserver"} 1 23685.0 0.0 23685 3396 13079.333333333334 9
stats: {cpu,"os_mon@myserver"} 1 86.76915322580645 0.0 86.76915322580645 2.3455233291298865 44.57050427152164 10
stats: session 8363 434.40668611345217 614.8369650748654 7019.864990234375 8.756103515625 66.3224478773288 49650
stats: users_count 9017 58787
stats: finish_users_count 8363 58013
stats: request 84100 42.81052226934062 182.41827006064707 4074.8291015625 0.113037109375 6.332339414174581 493997
stats: page 8366 419.00065211169016 601.2949682169677 7018.06005859375 7.302001953125 64.0930374358852 49350
stats: connect 8472 171.76186995465758 450.59799968192107 3031.98486328125 0.4111328125 12.493960861826853 49452
stats: 200 84100 578097
stats: size_rcv 10007900 68793543
stats: newphase 6 60
stats: size_sent 11161268 76696493
stats: connected 106 208
# stats: dump at 1339064858
stats: users 2113 2117
stats: {load,"os_mon@test2"} 1 1.328125 0.0 1.328125 0.8515625 0.9772727272727273 11
stats: {recvpackets,"os_mon@test3"} 1 36023.0 0.0 36023 4933 21326.7 10
stats: {sentpackets,"os_mon@test3"} 1 23692.0 0.0 23692 3320 14027.0 10
stats: {freemem,"os_mon@test2"} 1 1538.90234375 0.0 1550.5078125 1538.90234375 1548.497159090909 11
stats: {load,"os_mon@test4"} 1 0.91015625 0.0 1.12890625 0.6484375 0.8014914772727273 11
stats: {cpu,"os_mon@test3"} 1 62.806830309498395 0.0 62.807752750130966 2.2579026593075766 34.097732149160294 11
stats: {freemem,"os_mon@test4"} 1 1543.7109375 0.0 1553.30859375 1543.7109375 1551.458096590909 11
stats: {freemem,"os_mon@myserver"} 1 2862.51171875 0.0 2885.0703125 2862.51171875 2880.454900568182 11
stats: {recvpackets,"os_mon@test2"} 1 36233.0 0.0 36233 4974 21469.0 10
stats: {sentpackets,"os_mon@test2"} 1 23840.0 0.0 23840 3344 14120.5 10
stats: {load,"os_mon@test3"} 1 1.0 0.0 1.62109375 0.78125 1.0600142045454546 11
stats: {cpu,"os_mon@test2"} 1 62.27201667535175 0.0 65.284178187404 4.141414141414142 40.2967123468326 11
stats: {recvpackets,"os_mon@test4"} 1 36015.0 0.0 36015 4925 21326.3 10
stats: {sentpackets,"os_mon@test4"} 1 23689.0 0.0 23689 3314 14026.2 10
stats: {freemem,"os_mon@test3"} 1 1390.8828125 0.0 1401.48046875 1390.8828125 1399.7297585227273 11
stats: {cpu,"os_mon@test4"} 1 62.23376623376623 0.0 62.36335242061426 1.9539078156312624 33.59230055711174 11
stats: {load,"os_mon@myserver"} 1 3.4296875 0.0 3.4296875 1.66015625 2.41796875 11
stats: {recvpackets,"os_mon@myserver"} 1 36247.0 0.0 36247 5058 21499.5 10
stats: {sentpackets,"os_mon@myserver"} 1 23846.0 0.0 23846 3396 14139.9 10
stats: {cpu,"os_mon@myserver"} 1 84.42223930310018 0.0 86.76915322580645 2.3455233291298865 48.406745085547534 11
stats: session 8162 957.3606789478388 1276.5657274943783 9223.81005859375 8.756103515625 119.3844940457514 58013
stats: users_count 9501 68288
stats: finish_users_count 8162 66175
stats: request 82329 94.91389711221592 433.8867335113759 8605.7509765625 0.113037109375 11.639087551804536 578097
stats: page 8207 936.7886738740557 1253.6764951921089 9221.5048828125 7.302001953125 115.53730080094488 57716
stats: connect 8272 591.6456860186273 1173.1236128428925 8604.277099609375 0.4111328125 35.78858357148886 57924
stats: 200 82329 660426
stats: size_rcv 9797151 78590694
stats: newphase 6 66
stats: size_sent 10924323 87620816
stats: connected 65 273
# stats: dump at 1339064868
stats: users 4149 4285
stats: {load,"os_mon@test2"} 1 1.4296875 0.0 1.4296875 0.8515625 1.0065104166666667 12
stats: {recvpackets,"os_mon@test3"} 1 38474.0 0.0 38474 4933 22662.727272727272 11
stats: {sentpackets,"os_mon@test3"} 1 25371.0 0.0 25371 3320 14905.636363636364 11
stats: {freemem,"os_mon@test2"} 1 1530.53515625 0.0 1550.5078125 1530.53515625 1547.6975911458333 12
stats: {load,"os_mon@test4"} 1 1.01171875 0.0 1.12890625 0.6484375 0.810546875 12
stats: {cpu,"os_mon@test3"} 1 64.49546182594767 0.0 64.49546182594767 2.2579026593075766 36.49015699585514 12
stats: {freemem,"os_mon@test4"} 1 1533.46484375 0.0 1553.30859375 1533.46484375 1550.8125 12
stats: {freemem,"os_mon@myserver"} 1 2862.03125 0.0 2885.0703125 2862.03125 2878.9596354166665 12
stats: {recvpackets,"os_mon@test2"} 1 39139.0 0.0 39139 4974 22811.18181818182 11
stats: {sentpackets,"os_mon@test2"} 1 25804.0 0.0 25804 3344 15004.09090909091 11
stats: {load,"os_mon@test3"} 1 1.0 0.0 1.62109375 0.78125 1.0550130208333333 12
stats: {cpu,"os_mon@test2"} 1 63.365336028297115 0.0 65.284178187404 4.141414141414142 42.12798770754253 12
stats: {recvpackets,"os_mon@test4"} 1 38443.0 0.0 38443 4925 22661.636363636364 11
stats: {sentpackets,"os_mon@test4"} 1 25349.0 0.0 25349 3314 14904.636363636364 11
stats: {freemem,"os_mon@test3"} 1 1381.7578125 0.0 1401.48046875 1381.7578125 1398.9925130208333 12
stats: {cpu,"os_mon@test4"} 1 63.32271762208068 0.0 63.32271762208068 1.9539078156312624 35.97908936349962 12
stats: {load,"os_mon@myserver"} 1 4.05859375 0.0 4.05859375 1.66015625 2.5022786458333335 12
stats: {recvpackets,"os_mon@myserver"} 1 38181.0 0.0 38181 5058 22840.18181818182 11
stats: {sentpackets,"os_mon@myserver"} 1 25182.0 0.0 25182 3396 15022.272727272728 11
stats: {cpu,"os_mon@myserver"} 1 84.2642183116552 0.0 86.76915322580645 2.3455233291298865 51.40803627034359 12
stats: session 8104 1309.735924648268 2059.198549919179 17878.556884765625 8.756103515625 222.7401664472752 66175
stats: users_count 10140 78428
stats: finish_users_count 8104 74279
stats: request 81276 130.5137792474939 695.7195243723299 16930.31005859375 0.113037109375 22.020162488737835 660426
stats: page 8117 1296.8635009675406 2047.100618255173 17877.325927734375 7.302001953125 217.77794547444304 65923
stats: connect 8140 911.6788861848803 1953.2047882226339 16334.55615234375 0.4111328125 105.24972852651227 66196
stats: 200 81276 741702
stats: size_rcv 9671844 88262538
stats: newphase 7 73
stats: size_sent 10784180 98404996
stats: connected 23 296
# stats: dump at 1339064878
stats: users 2836 4285
stats: {load,"os_mon@test2"} 1 1.28125 0.0 1.4296875 0.8515625 1.0390625 13
stats: {recvpackets,"os_mon@test3"} 1 38051.0 0.0 38474 4933 23980.333333333332 12
stats: {sentpackets,"os_mon@test3"} 1 25196.0 0.0 25371 3320 15777.75 12
stats: {freemem,"os_mon@test2"} 1 1520.3515625 0.0 1550.5078125 1520.3515625 1546.3774038461538 13
stats: {load,"os_mon@test4"} 1 1.01171875 0.0 1.12890625 0.6484375 0.8260216346153846 13
stats: {cpu,"os_mon@test3"} 1 68.68102995270625 0.0 68.68102995270625 2.2579026593075766 38.64441121355457 13
stats: {freemem,"os_mon@test4"} 1 1520.19140625 0.0 1553.30859375 1520.19140625 1549.4780649038462 13
stats: {freemem,"os_mon@myserver"} 1 2860.3828125 0.0 2885.0703125 2860.3828125 2877.657451923077 13
stats: {recvpackets,"os_mon@test2"} 1 37020.0 0.0 39139 4974 24171.833333333332 12
stats: {sentpackets,"os_mon@test2"} 1 24530.0 0.0 25804 3344 15904.083333333334 12
stats: {load,"os_mon@test3"} 1 0.9296875 0.0 1.62109375 0.78125 1.05078125 13
stats: {cpu,"os_mon@test2"} 1 58.41121495327103 0.0 65.284178187404 4.141414141414142 43.76162988606211 13
stats: {recvpackets,"os_mon@test4"} 1 37270.0 0.0 38443 4925 23976.75 12
stats: {sentpackets,"os_mon@test4"} 1 24674.0 0.0 25349 3314 15775.0 12
stats: {freemem,"os_mon@test3"} 1 1349.1484375 0.0 1401.48046875 1349.1484375 1397.666766826923 13
stats: {cpu,"os_mon@test4"} 1 60.680127523910734 0.0 63.32271762208068 1.9539078156312624 38.08244538339047 13
stats: {load,"os_mon@myserver"} 1 3.96875 0.0 4.05859375 1.66015625 2.6219951923076925 13
stats: {recvpackets,"os_mon@myserver"} 1 37189.0 0.0 38181 5058 24118.583333333332 12
stats: {sentpackets,"os_mon@myserver"} 1 24627.0 0.0 25182 3396 15868.916666666666 12
stats: {cpu,"os_mon@myserver"} 1 82.30631552032727 0.0 86.76915322580645 2.3455233291298865 53.935434888906016 13
stats: session 7973 2764.133735567747 4647.531091297354 31943.821044921875 8.756103515625 341.3337611976198 74279
stats: users_count 6660 85088
stats: finish_users_count 7973 82252
stats: request 79966 277.41946213676215 1645.9239763045389 31276.764892578125 0.113037109375 33.90893614134314 741702
stats: page 8025 2681.8606295329464 4494.85712259094 31941.964111328125 7.302001953125 336.0780191364834 74040
stats: connect 7964 2453.7120565800487 4636.1831118308055 31084.640869140625 0.4111328125 193.55597776428556 74336
stats: 200 79966 821668
stats: size_rcv 9515954 97778492
stats: newphase 6 79
stats: size_sent 10600901 109005897
stats: connected -61 235
# stats: dump at 1339064888
stats: users 4531 5116
stats: {load,"os_mon@test2"} 1 1.08984375 0.0 1.4296875 0.8515625 1.0563616071428572 14
stats: {recvpackets,"os_mon@test3"} 1 31989.0 0.0 38474 4933 25062.69230769231 13
stats: {sentpackets,"os_mon@test3"} 1 21669.0 0.0 25371 3320 16502.23076923077 13
stats: {freemem,"os_mon@test2"} 1 1518.54296875 0.0 1550.5078125 1518.54296875 1544.5184151785713 14
stats: {load,"os_mon@test4"} 1 0.8515625 0.0 1.12890625 0.6484375 0.8392857142857143 14
stats: {cpu,"os_mon@test3"} 1 75.05296610169492 0.0 75.05296610169492 2.2579026593075766 40.78988398063683 14
stats: {freemem,"os_mon@test4"} 1 1519.4765625 0.0 1553.30859375 1519.4765625 1547.3861607142858 14
stats: {freemem,"os_mon@myserver"} 1 2857.671875 0.0 2885.0703125 2857.671875 2876.4235491071427 14
stats: {recvpackets,"os_mon@test2"} 1 32223.0 0.0 39139 4974 25160.153846153848 13
stats: {sentpackets,"os_mon@test2"} 1 21838.0 0.0 25804 3344 16567.615384615383 13
stats: {load,"os_mon@test3"} 1 0.94140625 0.0 1.62109375 0.78125 1.0421316964285714 14
stats: {cpu,"os_mon@test2"} 1 54.377637130801695 0.0 65.284178187404 4.141414141414142 44.80802881943418 14
stats: {recvpackets,"os_mon@test4"} 1 31759.0 0.0 38443 4925 24999.30769230769 13
stats: {sentpackets,"os_mon@test4"} 1 21520.0 0.0 25349 3314 16459.53846153846 13
stats: {freemem,"os_mon@test3"} 1 1325.30859375 0.0 1401.48046875 1325.30859375 1394.201171875 14
stats: {cpu,"os_mon@test4"} 1 48.90282131661442 0.0 63.32271762208068 1.9539078156312624 39.69656553628477 14
stats: {load,"os_mon@myserver"} 1 4.5 0.0 4.5 1.66015625 2.7181919642857144 14
stats: {recvpackets,"os_mon@myserver"} 1 32159.0 0.0 38181 5058 25124.0 13
stats: {sentpackets,"os_mon@myserver"} 1 21786.0 0.0 25182 3396 16542.615384615383 13
stats: {cpu,"os_mon@myserver"} 1 82.202304737516 0.0 86.76915322580645 2.3455233291298865 55.96192636257897 14
stats: session 8316 1991.5009576266339 4545.025827711842 32804.629150390625 8.756103515625 576.1850012361967 82252
stats: users_count 10011 95099
stats: finish_users_count 8316 90568
stats: request 83558 194.73512765833408 1480.1924728424613 32328.098876953125 0.113037109375 57.60775698108581 821668
stats: page 8364 2006.4933484523012 4556.816962506514 32803.405029296875 7.302001953125 565.4682031178594 82065
stats: connect 8358 1540.3563452668404 4428.716349517811 32326.85791015625 0.4111328125 412.2665854397259 82300
stats: 200 83558 905226
stats: size_rcv 9943402 107721894
stats: newphase 6 85
stats: size_sent 11082089 120087986
stats: connected -6 229
# stats: dump at 1339064898
stats: users 4423 5116
stats: {load,"os_mon@test2"} 1 1.0703125 0.0 1.4296875 0.8515625 1.05859375 15
stats: {recvpackets,"os_mon@test3"} 1 37516.0 0.0 38474 4933 25557.428571428572 14
stats: {sentpackets,"os_mon@test3"} 1 25272.0 0.0 25371 3320 16871.285714285714 14
stats: {freemem,"os_mon@test2"} 1 1510.59375 0.0 1550.5078125 1510.59375 1542.78671875 15
stats: {load,"os_mon@test4"} 1 0.7890625 0.0 1.12890625 0.6484375 0.8401041666666667 15
stats: {cpu,"os_mon@test3"} 1 63.19407720782655 0.0 75.05296610169492 2.2579026593075766 43.074089455374036 15
stats: {freemem,"os_mon@test4"} 1 1497.375 0.0 1553.30859375 1497.375 1545.5255208333333 15
stats: {freemem,"os_mon@myserver"} 1 2855.99609375 0.0 2885.0703125 2855.99609375 2875.1734375 15
stats: {recvpackets,"os_mon@test2"} 1 37351.0 0.0 39139 4974 25664.64285714286 14
stats: {sentpackets,"os_mon@test2"} 1 25165.0 0.0 25804 3344 16944.071428571428 14
stats: {load,"os_mon@test3"} 1 1.03125 0.0 1.62109375 0.78125 1.0354166666666667 15
stats: {cpu,"os_mon@test2"} 1 67.96014682747771 0.0 67.96014682747771 4.141414141414142 45.44600270685867 15
stats: {recvpackets,"os_mon@test4"} 1 38038.0 0.0 38443 4925 25482.14285714286 14
stats: {sentpackets,"os_mon@test4"} 1 25603.0 0.0 25603 3314 16821.0 14
stats: {freemem,"os_mon@test3"} 1 1311.1953125 0.0 1401.48046875 1311.1953125 1389.6083333333333 15
stats: {cpu,"os_mon@test4"} 1 66.19123085050185 0.0 66.19123085050185 1.9539078156312624 40.31031592164008 15
stats: {load,"os_mon@myserver"} 1 4.80859375 0.0 4.80859375 1.66015625 2.8369791666666666 15
stats: {recvpackets,"os_mon@myserver"} 1 37404.0 0.0 38181 5058 25626.5 14
stats: {sentpackets,"os_mon@myserver"} 1 25203.0 0.0 25203 3396 16917.142857142855 14
stats: {cpu,"os_mon@myserver"} 1 85.37336412625096 0.0 86.76915322580645 2.3455233291298865 57.711284920908106 15
stats: session 7746 3559.3569582095197 6851.0879579728235 39079.22900390625 8.756103515625 706.1400349494606 90568
stats: users_count 7638 102737
stats: finish_users_count 7746 98314
stats: request 77536 367.27080082155635 2420.173760902024 35229.006103515625 0.113037109375 70.26546769537097 905226
stats: page 7691 3607.3050271256075 6888.969125227171 39072.491943359375 7.302001953125 698.7521531292193 90429
stats: connect 7857 3226.688943807328 6919.186059208695 34776.3759765625 0.4111328125 516.2681541113822 90658
stats: 200 77536 982762
stats: size_rcv 9226784 116948678
stats: newphase 5 90
stats: size_sent 10306863 130394849
stats: connected 166 395
# stats: dump at 1339064908
stats: users 4697 5116
stats: {load,"os_mon@test2"} 1 1.2109375 0.0 1.4296875 0.8515625 1.059326171875 16
stats: {recvpackets,"os_mon@test3"} 1 34460.0 0.0 38474 4933 26354.666666666668 15
stats: {sentpackets,"os_mon@test3"} 1 23238.0 0.0 25371 3320 17431.333333333332 15
stats: {freemem,"os_mon@test2"} 1 1489.63671875 0.0 1550.5078125 1489.63671875 1540.774658203125 16
stats: {load,"os_mon@test4"} 1 0.91015625 0.0 1.12890625 0.6484375 0.8369140625 16
stats: {cpu,"os_mon@test3"} 1 66.03375527426161 0.0 75.05296610169492 2.2579026593075766 44.33158868990232 16
stats: {freemem,"os_mon@test4"} 1 1492.05859375 0.0 1553.30859375 1492.05859375 1542.51611328125 16
stats: {freemem,"os_mon@myserver"} 1 2855.65234375 0.0 2885.0703125 2855.65234375 2873.974853515625 16
stats: {recvpackets,"os_mon@test2"} 1 33775.0 0.0 39139 4974 26443.733333333334 15
stats: {sentpackets,"os_mon@test2"} 1 22798.0 0.0 25804 3344 17492.133333333335 15
stats: {load,"os_mon@test3"} 1 1.25 0.0 1.62109375 0.78125 1.03515625 16
stats: {cpu,"os_mon@test2"} 1 71.10990206746463 0.0 71.10990206746463 4.141414141414142 46.853136714397365 16
stats: {recvpackets,"os_mon@test4"} 1 34068.0 0.0 38443 4925 26319.2 15
stats: {sentpackets,"os_mon@test4"} 1 22986.0 0.0 25603 3314 17406.466666666667 15
stats: {freemem,"os_mon@test3"} 1 1306.43359375 0.0 1401.48046875 1306.43359375 1384.70751953125 16
stats: {cpu,"os_mon@test4"} 1 53.79061371841155 0.0 66.19123085050185 1.9539078156312624 41.927873104693944 16
stats: {load,"os_mon@myserver"} 1 4.390625 0.0 4.80859375 1.66015625 2.960205078125 16
stats: {recvpackets,"os_mon@myserver"} 1 34013.0 0.0 38181 5058 26411.666666666668 15
stats: {sentpackets,"os_mon@myserver"} 1 22940.0 0.0 25203 3396 17469.533333333333 15
stats: {cpu,"os_mon@myserver"} 1 79.46611909650923 0.0 86.76915322580645 2.3455233291298865 59.44016487124203 16
stats: session 8134 2185.707895857185 4763.90455896478 39079.22900390625 8.756103515625 930.9403511564344 98314
stats: users_count 8408 111145
stats: finish_users_count 8134 106448
stats: request 80596 215.00567360384457 1533.696553229571 37417.2099609375 0.113037109375 93.69800325257802 982762
stats: page 8023 2232.0712031279177 4883.56984959989 39072.491943359375 7.302001953125 926.735032806209 98120
stats: connect 8091 1691.1143485467562 4479.287478190182 34776.3759765625 0.4111328125 732.436008190873 98515
stats: 200 80596 1063358
stats: size_rcv 9590924 126539602
stats: newphase 6 96
stats: size_sent 10700783 141095632
stats: connected 68 463
stats: error_connect_etimedout 1 1
# stats: dump at 1339064918
stats: users 5339 5892
stats: {load,"os_mon@test2"} 1 1.1015625 0.0 1.4296875 0.8515625 1.0682444852941178 17
stats: {recvpackets,"os_mon@test3"} 1 32741.0 0.0 38474 4933 26861.25 16
stats: {sentpackets,"os_mon@test3"} 1 22145.0 0.0 25371 3320 17794.25 16
stats: {freemem,"os_mon@test2"} 1 1489.515625 0.0 1550.5078125 1489.515625 1537.766544117647 17
stats: {load,"os_mon@test4"} 1 1.0703125 0.0 1.12890625 0.6484375 0.8412224264705882 17
stats: {cpu,"os_mon@test3"} 1 75.81664910432033 0.0 75.81664910432033 2.2579026593075766 45.60818672427639 17
stats: {freemem,"os_mon@test4"} 1 1481.2890625 0.0 1553.30859375 1481.2890625 1539.5480238970588 17
stats: {freemem,"os_mon@myserver"} 1 2856.77734375 0.0 2885.0703125 2855.65234375 2872.8970588235293 17
stats: {recvpackets,"os_mon@test2"} 1 32906.0 0.0 39139 4974 26901.9375 16
stats: {sentpackets,"os_mon@test2"} 1 22218.0 0.0 25804 3344 17823.75 16
stats: {load,"os_mon@test3"} 1 1.2890625 0.0 1.62109375 0.78125 1.0477941176470589 17
stats: {cpu,"os_mon@test2"} 1 48.65010799136069 0.0 71.10990206746463 4.141414141414142 48.280005264577795 17
stats: {recvpackets,"os_mon@test4"} 1 33371.0 0.0 38443 4925 26803.5 16
stats: {sentpackets,"os_mon@test4"} 1 22540.0 0.0 25603 3314 17755.1875 16
stats: {freemem,"os_mon@test3"} 1 1284.2890625 0.0 1401.48046875 1284.2890625 1380.1031709558824 17
stats: {cpu,"os_mon@test4"} 1 73.67035281727225 0.0 73.67035281727225 1.9539078156312624 42.6256813760891 17
stats: {load,"os_mon@myserver"} 1 4.33984375 0.0 4.80859375 1.66015625 3.0443474264705883 17
stats: {recvpackets,"os_mon@myserver"} 1 33274.0 0.0 38181 5058 26886.75 16
stats: {sentpackets,"os_mon@myserver"} 1 22488.0 0.0 25203 3396 17811.4375 16
stats: {cpu,"os_mon@myserver"} 1 84.72291562656015 0.0 86.76915322580645 2.3455233291298865 60.61816217861069 17
stats: session 7622 3341.8778751386303 6912.095642980364 53293.890869140625 8.756103515625 1026.8207736030365 106448
stats: users_count 8264 119409
stats: finish_users_count 7622 114070
stats: request 76521 326.0604243468516 2328.4163937344833 37417.2099609375 0.113037109375 102.89237899398466 1063358
stats: page 7749 3273.7987422079236 6853.498064393677 53292.534912109375 7.302001953125 1025.4010974029422 106143
stats: connect 7509 2968.8402969171398 6848.718486829195 34776.3759765625 0.4111328125 805.1961385007941 106606
stats: 200 76521 1139879
stats: size_rcv 9105999 135645601
stats: newphase 6 102
stats: size_sent 10117639 151213271
stats: connected -240 223
stats: error_connect_etimedout 414 415
# stats: dump at 1339064928
stats: users 5077 6010
stats: {load,"os_mon@test2"} 1 1.16015625 0.0 1.4296875 0.8515625 1.0700954861111112 18
stats: {recvpackets,"os_mon@test3"} 1 36278.0 0.0 38474 4933 27207.117647058825 17
stats: {sentpackets,"os_mon@test3"} 1 24535.0 0.0 25371 3320 18050.176470588234 17
stats: {freemem,"os_mon@test2"} 1 1468.28125 0.0 1550.5078125 1468.28125 1535.0859375 18
stats: {load,"os_mon@test4"} 1 1.140625 0.0 1.140625 0.6484375 0.8539496527777778 18
stats: {cpu,"os_mon@test3"} 1 53.89033942558746 0.0 75.81664910432033 2.2579026593075766 47.286434634278834 18
stats: {freemem,"os_mon@test4"} 1 1458.203125 0.0 1553.30859375 1458.203125 1536.3114149305557 18
stats: {freemem,"os_mon@myserver"} 1 2856.78515625 0.0 2885.0703125 2855.65234375 2872.001519097222 18
stats: {recvpackets,"os_mon@test2"} 1 35877.0 0.0 39139 4974 27255.117647058825 17
stats: {sentpackets,"os_mon@test2"} 1 24323.0 0.0 25804 3344 18082.235294117647 17
stats: {load,"os_mon@test3"} 1 1.390625 0.0 1.62109375 0.78125 1.0611979166666667 18
stats: {cpu,"os_mon@test2"} 1 61.9198312236287 0.0 71.10990206746463 4.141414141414142 48.30056652717684 18
stats: {recvpackets,"os_mon@test4"} 1 35399.0 0.0 38443 4925 27189.823529411766 17
stats: {sentpackets,"os_mon@test4"} 1 23986.0 0.0 25603 3314 18036.647058823528 17
stats: {freemem,"os_mon@test3"} 1 1279.22265625 0.0 1401.48046875 1279.22265625 1374.7801649305557 18
stats: {cpu,"os_mon@test4"} 1 69.06135291033037 0.0 73.67035281727225 1.9539078156312624 44.35038534504372 18
stats: {load,"os_mon@myserver"} 1 4.578125 0.0 4.80859375 1.66015625 3.1163194444444446 18
stats: {recvpackets,"os_mon@myserver"} 1 36082.0 0.0 38181 5058 27262.470588235294 17
stats: {sentpackets,"os_mon@myserver"} 1 24522.0 0.0 25203 3396 18086.529411764706 17
stats: {cpu,"os_mon@myserver"} 1 75.5713560182834 0.0 86.76915322580645 2.3455233291298865 61.95731514794121 18
stats: session 7739 4309.953452676547 12630.564844809589 76757.13891601563 8.756103515625 1181.5096946857427 114070
stats: users_count 7477 126886
stats: finish_users_count 7739 121809
stats: request 77391 214.52615590874697 1204.824052224803 37417.2099609375 0.113037109375 117.87383053265388 1139879
stats: page 7685 2121.6521338875414 3369.621227168251 53292.534912109375 7.302001953125 1178.3778942771194 113892
stats: connect 7783 1789.9943556557062 3362.1783268377567 34776.3759765625 0.4111328125 947.5683418530997 114115
stats: 200 77391 1217270
stats: size_rcv 9209529 144855130
stats: newphase 6 108
stats: size_sent 10284368 161497639
stats: connected 98 321
stats: error_connect_etimedout 551 966
# stats: dump at 1339064938
stats: users 5147 6012
stats: {load,"os_mon@test2"} 1 1.37890625 0.0 1.4296875 0.8515625 1.0748355263157894 19
stats: {recvpackets,"os_mon@test3"} 1 27620.0 0.0 38474 4933 27711.055555555555 18
stats: {sentpackets,"os_mon@test3"} 1 19250.0 0.0 25371 3320 18410.444444444445 18
stats: {freemem,"os_mon@test2"} 1 1467.47265625 0.0 1550.5078125 1467.47265625 1531.5699013157894 19
stats: {load,"os_mon@test4"} 1 1.26953125 0.0 1.26953125 0.6484375 0.8690378289473685 19
stats: {cpu,"os_mon@test3"} 1 61.137440758293835 0.0 75.81664910432033 2.2579026593075766 47.634008570663504 19
stats: {freemem,"os_mon@test4"} 1 1436.10546875 0.0 1553.30859375 1436.10546875 1532.2004523026317 19
stats: {freemem,"os_mon@myserver"} 1 2856.0 0.0 2885.0703125 2855.65234375 2871.2006578947367 19
stats: {recvpackets,"os_mon@test2"} 1 28376.0 0.0 39139 4974 27734.11111111111 18
stats: {sentpackets,"os_mon@test2"} 1 19755.0 0.0 25804 3344 18428.944444444445 18
stats: {load,"os_mon@test3"} 1 1.3984375 0.0 1.62109375 0.78125 1.0785361842105263 19
stats: {cpu,"os_mon@test2"} 1 46.17010036978341 0.0 71.10990206746463 4.141414141414142 49.01736993225325 19
stats: {recvpackets,"os_mon@test4"} 1 28192.0 0.0 38443 4925 27645.88888888889 18
stats: {sentpackets,"os_mon@test4"} 1 19602.0 0.0 25603 3314 18367.166666666668 18
stats: {freemem,"os_mon@test3"} 1 1260.9140625 0.0 1401.48046875 1260.9140625 1369.750822368421 19
stats: {cpu,"os_mon@test4"} 1 61.79540709812108 0.0 73.67035281727225 1.9539078156312624 45.65096258532196 19
stats: {load,"os_mon@myserver"} 1 4.80078125 0.0 4.80859375 1.66015625 3.1932565789473686 19
stats: {recvpackets,"os_mon@myserver"} 1 28471.0 0.0 38181 5058 27752.444444444445 18
stats: {sentpackets,"os_mon@myserver"} 1 19777.0 0.0 25203 3396 18444.055555555555 18
stats: {cpu,"os_mon@myserver"} 1 81.65680473372781 0.0 86.76915322580645 2.3455233291298865 62.67384361480133 19
stats: session 7787 7612.684890576608 18248.67966535038 88496.54296875 8.756103515625 1380.2719063703541 121809
stats: users_count 7857 134743
stats: finish_users_count 7787 129596
stats: request 76715 322.04543552981653 2278.427793995523 37417.2099609375 0.113037109375 124.01874506532225 1217270
stats: page 7735 3247.350673872323 6627.782155872893 53292.534912109375 7.302001953125 1238.003173165446 121577
stats: connect 7607 2892.0919071827866 6668.603837786296 34776.3759765625 0.4111328125 1001.3559484210965 121898
stats: 200 76715 1293985
stats: size_rcv 9129085 153984215
stats: newphase 6 114
stats: size_sent 10158999 171656638
stats: connected -128 193
stats: error_connect_etimedout 528 1494
stats: error_abort 1 1
EndMonitor:{1339,64938,921090}
