# stats: dump at 1338919949
stats: users 0 0
# stats: dump at 1338919959
stats: users 3 17
stats: {load,"os_mon@test2"} 1 1.01953125 0 1.01953125 1.01953125 0 0
stats: {freemem,"os_mon@test2"} 1 1507.8125 0 1507.8125 1507.8125 0 0
stats: {cpu,"os_mon@test3"} 1 3.121852970795569 0 3.121852970795569 3.121852970795569 0 0
stats: {load,"os_mon@test4"} 1 0.48046875 0 0.48046875 0.48046875 0 0
stats: {freemem,"os_mon@test4"} 1 1431.71875 0 1431.71875 1431.71875 0 0
stats: {freemem,"os_mon@myserver"} 1 2969.6015625 0 2969.6015625 2969.6015625 0 0
stats: {load,"os_mon@test3"} 1 0.51171875 0 0.51171875 0.51171875 0 0
stats: {cpu,"os_mon@test2"} 1 2.2488755622188905 0 2.2488755622188905 2.2488755622188905 0 0
stats: {freemem,"os_mon@test3"} 1 1484.55078125 0 1484.55078125 1484.55078125 0 0
stats: {cpu,"os_mon@test4"} 1 2.2511255627813904 0 2.2511255627813904 2.2511255627813904 0 0
stats: {load,"os_mon@myserver"} 1 0.91015625 0 0.91015625 0.91015625 0 0
stats: {cpu,"os_mon@myserver"} 1 3.6511156186612577 0 3.6511156186612577 3.6511156186612577 0 0
stats: session 583 26.400915757665093 11.569942700528841 79.453125 16.7060546875 0 0
stats: users_count 586 586
stats: finish_users_count 583 583
stats: request 5766 2.2924462992244368 1.2807387364431406 13.276123046875 1.064208984375 0 0
stats: page 576 24.235656314426 11.702435252477551 77.438232421875 15.260986328125 0 0
stats: connect 5767 0.8852870114986128 0.2214541812289014 2.4609375 0.22607421875 0 0
stats: 200 5766 5766
stats: size_rcv 980220 980220
stats: size_sent 765077 765077
stats: connected 1 1
# stats: dump at 1338919969
stats: users 12 21
stats: {load,"os_mon@test2"} 1 0.859375 0.0 1.01953125 0.859375 1.01953125 1
stats: {recvpackets,"os_mon@test3"} 1 3487 0 3487 3487 0 0
stats: {sentpackets,"os_mon@test3"} 1 2388 0 2388 2388 0 0
stats: {freemem,"os_mon@test2"} 1 1507.3515625 0.0 1507.8125 1507.3515625 1507.8125 1
stats: {cpu,"os_mon@test3"} 1 21.049949031600406 0.0 21.049949031600406 3.121852970795569 3.121852970795569 1
stats: {load,"os_mon@test4"} 1 0.48046875 0.0 0.48046875 0.48046875 0.48046875 1
stats: {freemem,"os_mon@test4"} 1 1431.81640625 0.0 1431.81640625 1431.71875 1431.71875 1
stats: {freemem,"os_mon@myserver"} 1 2969.26953125 0.0 2969.6015625 2969.26953125 2969.6015625 1
stats: {recvpackets,"os_mon@test2"} 1 3488 0 3488 3488 0 0
stats: {sentpackets,"os_mon@test2"} 1 2390 0 2390 2390 0 0
stats: {load,"os_mon@test3"} 1 0.578125 0.0 0.578125 0.51171875 0.51171875 1
stats: {cpu,"os_mon@test2"} 1 10.407239819004525 0.0 10.407239819004525 2.2488755622188905 2.2488755622188905 1
stats: {freemem,"os_mon@test3"} 1 1484.38671875 0.0 1484.55078125 1484.38671875 1484.55078125 1
stats: {recvpackets,"os_mon@test4"} 1 3492 0 3492 3492 0 0
stats: {sentpackets,"os_mon@test4"} 1 2394 0 2394 2394 0 0
stats: {cpu,"os_mon@test4"} 1 11.486146095717883 0.0 11.486146095717883 2.2511255627813904 2.2511255627813904 1
stats: {load,"os_mon@myserver"} 1 0.76953125 0.0 0.91015625 0.76953125 0.91015625 1
stats: {recvpackets,"os_mon@myserver"} 1 3542 0 3542 3542 0 0
stats: {sentpackets,"os_mon@myserver"} 1 2424 0 2424 2424 0 0
stats: {cpu,"os_mon@myserver"} 1 32.049830124575315 0.0 32.049830124575315 3.6511156186612577 3.6511156186612577 1
stats: session 1508 34.09977952871145 15.502074100774475 91.803955078125 16.660888671875 26.400915757665093 583
stats: users_count 1517 2103
stats: finish_users_count 1508 2091
stats: request 14962 3.0753656333022814 1.6879783939774504 13.276123046875 1.02978515625 2.2924462992244368 5766
stats: page 1492 31.98797165612433 15.520488767796161 90.3349609375 15.260986328125 24.235656314426 576
stats: connect 14970 0.8865810070662152 0.28292651626962717 3.421142578125 0.22607421875 0.8852870114986128 5767
stats: 200 14962 20728
stats: size_rcv 2543540 3523760
stats: newphase 6 6
stats: size_sent 1987622 2752699
stats: connected 8 9
# stats: dump at 1338919979
stats: users 565 565
stats: {load,"os_mon@test2"} 1 0.73046875 0.0 1.01953125 0.73046875 0.939453125 2
stats: {recvpackets,"os_mon@test3"} 1 7419.0 0.0 7419 3487 3487.0 1
stats: {sentpackets,"os_mon@test3"} 1 4991.0 0.0 4991 2388 2388.0 1
stats: {freemem,"os_mon@test2"} 1 1507.27734375 0.0 1507.8125 1507.27734375 1507.58203125 2
stats: {cpu,"os_mon@test3"} 1 35.23261892315735 0.0 35.23261892315735 3.121852970795569 12.085901001197987 2
stats: {load,"os_mon@test4"} 1 0.48046875 0.0 0.48046875 0.48046875 0.48046875 2
stats: {freemem,"os_mon@test4"} 1 1431.30859375 0.0 1431.81640625 1431.30859375 1431.767578125 2
stats: {freemem,"os_mon@myserver"} 1 2969.390625 0.0 2969.6015625 2969.26953125 2969.435546875 2
stats: {recvpackets,"os_mon@test2"} 1 7416.0 0.0 7416 3488 3488.0 1
stats: {sentpackets,"os_mon@test2"} 1 4990.0 0.0 4990 2390 2390.0 1
stats: {load,"os_mon@test3"} 1 0.6484375 0.0 0.6484375 0.51171875 0.544921875 2
stats: {cpu,"os_mon@test2"} 1 27.997967479674795 0.0 27.997967479674795 2.2488755622188905 6.328057690611708 2
stats: {freemem,"os_mon@test3"} 1 1484.5078125 0.0 1484.55078125 1484.38671875 1484.46875 2
stats: {recvpackets,"os_mon@test4"} 1 7452.0 0.0 7452 3492 3492.0 1
stats: {sentpackets,"os_mon@test4"} 1 5014.0 0.0 5014 2394 2394.0 1
stats: {cpu,"os_mon@test4"} 1 31.901840490797547 0.0 31.901840490797547 2.2511255627813904 6.868635829249637 2
stats: {load,"os_mon@myserver"} 1 0.73046875 0.0 0.91015625 0.73046875 0.83984375 2
stats: {recvpackets,"os_mon@myserver"} 1 7547.0 0.0 7547 3542 3542.0 1
stats: {sentpackets,"os_mon@myserver"} 1 5075.0 0.0 5075 2424 2424.0 1
stats: {cpu,"os_mon@myserver"} 1 79.91169977924945 0.0 79.91169977924945 3.6511156186612577 17.850472871618287 2
stats: session 1900 385.8218776983964 512.7699762702171 3474.9208984375 16.660888671875 31.95322879771192 2091
stats: users_count 2453 4556
stats: finish_users_count 1900 3991
stats: request 21254 47.51825976369547 164.92526047900182 3244.679931640625 1.02978515625 2.857577478135702 20728
stats: page 1913 374.36468113422137 505.32260161631865 3473.175048828125 15.260986328125 29.828719413949166 2068
stats: connect 21371 25.43754079482345 156.36815279700124 3009.14306640625 0.22607421875 0.8862211443841319 20737
stats: 200 21254 41982
stats: size_rcv 3613180 7136940
stats: newphase 6 12
stats: size_sent 2835413 5588112
stats: connected 117 126
# stats: dump at 1338919989
stats: users 2691 2691
stats: {load,"os_mon@test2"} 1 0.69140625 0.0 1.01953125 0.69140625 0.8697916666666666 3
stats: {recvpackets,"os_mon@test3"} 1 10551.0 0.0 10551 3487 5453.0 2
stats: {sentpackets,"os_mon@test3"} 1 7130.0 0.0 7130 2388 3689.5 2
stats: {freemem,"os_mon@test2"} 1 1498.08984375 0.0 1507.8125 1498.08984375 1507.48046875 3
stats: {cpu,"os_mon@test3"} 1 47.37394957983193 0.0 47.37394957983193 3.121852970795569 19.801473641851107 3
stats: {load,"os_mon@test4"} 1 0.640625 0.0 0.640625 0.48046875 0.48046875 3
stats: {freemem,"os_mon@test4"} 1 1423.0546875 0.0 1431.81640625 1423.0546875 1431.6145833333333 3
stats: {freemem,"os_mon@myserver"} 1 2968.6953125 0.0 2969.6015625 2968.6953125 2969.4205729166665 3
stats: {recvpackets,"os_mon@test2"} 1 10560.0 0.0 10560 3488 5452.0 2
stats: {sentpackets,"os_mon@test2"} 1 7136.0 0.0 7136 2390 3690.0 2
stats: {load,"os_mon@test3"} 1 0.69921875 0.0 0.69921875 0.51171875 0.5794270833333334 3
stats: {cpu,"os_mon@test2"} 1 39.663951120162935 0.0 39.663951120162935 2.2488755622188905 13.551360953632738 3
stats: {freemem,"os_mon@test3"} 1 1475.1640625 0.0 1484.55078125 1475.1640625 1484.4817708333333 3
stats: {recvpackets,"os_mon@test4"} 1 10559.0 0.0 10559 3492 5472.0 2
stats: {sentpackets,"os_mon@test4"} 1 7135.0 0.0 7135 2394 3704.0 2
stats: {cpu,"os_mon@test4"} 1 39.647119875454074 0.0 39.647119875454074 2.2511255627813904 15.213037383098941 3
stats: {load,"os_mon@myserver"} 1 0.76953125 0.0 0.91015625 0.73046875 0.8033854166666666 3
stats: {recvpackets,"os_mon@myserver"} 1 10589.0 0.0 10589 3542 5544.5 2
stats: {sentpackets,"os_mon@myserver"} 1 7158.0 0.0 7158 2424 3749.5 2
stats: {cpu,"os_mon@myserver"} 1 100.0 0.0 100.0 3.6511156186612577 38.53754850749534 3
stats: session 1353 3304.529391427616 2272.643483403442 13335.44189453125 16.660888671875 200.41988700650683 3991
stats: users_count 3479 8035
stats: finish_users_count 1353 5344
stats: request 20414 389.65517879025276 869.643197224063 8524.8251953125 1.02978515625 25.46769946606594 41982
stats: page 1350 3270.503509295428 2257.1915025494227 13333.887939453125 15.260986328125 195.38945660834273 3981
stats: connect 20434 338.0819414505991 858.0834796585543 7020.7021484375 0.22607421875 13.34670970355433 42108
stats: 200 20414 62396
stats: size_rcv 3470380 10607320
stats: newphase 6 18
stats: size_sent 2706740 8294852
stats: connected 6 132
# stats: dump at 1338919999
stats: users 4715 4817
stats: {load,"os_mon@test2"} 1 0.66015625 0.0 1.01953125 0.66015625 0.8251953125 4
stats: {recvpackets,"os_mon@test3"} 1 12977.0 0.0 12977 3487 7152.333333333333 3
stats: {sentpackets,"os_mon@test3"} 1 8829.0 0.0 8829 2388 4836.333333333333 3
stats: {freemem,"os_mon@test2"} 1 1472.17578125 0.0 1507.8125 1472.17578125 1505.1328125 4
stats: {cpu,"os_mon@test3"} 1 46.25267665952891 0.0 47.37394957983193 3.121852970795569 26.694592626346314 4
stats: {load,"os_mon@test4"} 1 0.62109375 0.0 0.640625 0.48046875 0.5205078125 4
stats: {freemem,"os_mon@test4"} 1 1394.58203125 0.0 1431.81640625 1394.58203125 1429.474609375 4
stats: {freemem,"os_mon@myserver"} 1 2966.64453125 0.0 2969.6015625 2966.64453125 2969.2392578125 4
stats: {recvpackets,"os_mon@test2"} 1 12939.0 0.0 12939 3488 7154.666666666667 3
stats: {sentpackets,"os_mon@test2"} 1 8798.0 0.0 8798 2390 4838.666666666667 3
stats: {load,"os_mon@test3"} 1 0.828125 0.0 0.828125 0.51171875 0.609375 4
stats: {cpu,"os_mon@test2"} 1 43.08320571720265 0.0 43.08320571720265 2.2488755622188905 20.079508495265287 4
stats: {freemem,"os_mon@test3"} 1 1442.83984375 0.0 1484.55078125 1442.83984375 1482.15234375 4
stats: {recvpackets,"os_mon@test4"} 1 12944.0 0.0 12944 3492 7167.666666666667 3
stats: {sentpackets,"os_mon@test4"} 1 8804.0 0.0 8804 2394 4847.666666666667 3
stats: {cpu,"os_mon@test4"} 1 44.41517386722866 0.0 44.41517386722866 2.2511255627813904 21.321558006187722 4
stats: {load,"os_mon@myserver"} 1 0.80078125 0.0 0.91015625 0.73046875 0.794921875 4
stats: {recvpackets,"os_mon@myserver"} 1 13051.0 0.0 13051 3542 7226.0 3
stats: {sentpackets,"os_mon@myserver"} 1 8876.0 0.0 8876 2424 4885.666666666667 3
stats: {cpu,"os_mon@myserver"} 1 100.0 0.0 100.0 3.6511156186612577 53.903161380621505 4
stats: session 1143 6928.932158382543 4332.793580723833 21312.725830078125 16.660888671875 986.3218629574351 5344
stats: users_count 3167 11202
stats: finish_users_count 1143 6487
stats: 200 19076 81472
stats: request 19076 837.9437573769497 1917.8839265150566 16570.2880859375 1.02978515625 144.61833737432846 62396
stats: page 1113 6814.603446528599 4232.454316540692 20725.275146484375 15.260986328125 974.1183951053537 5331
stats: connect 19084 782.5589094927548 1909.004684799714 15049.347900390625 0.22607421875 119.44564682611377 62542
stats: size_rcv 3242920 13850240
stats: newphase 6 24
stats: size_sent 2530228 10825080
stats: connected -5 127
# stats: dump at 1338920009
stats: users 5337 5529
stats: {load,"os_mon@test2"} 1 0.7890625 0.0 1.01953125 0.66015625 0.7921875 5
stats: {recvpackets,"os_mon@test3"} 1 11108.0 0.0 12977 3487 8608.5 4
stats: {sentpackets,"os_mon@test3"} 1 7869.0 0.0 8829 2388 5834.5 4
stats: {freemem,"os_mon@test2"} 1 1445.921875 0.0 1507.8125 1445.921875 1498.54140625 5
stats: {cpu,"os_mon@test3"} 1 47.68817204301075 0.0 47.68817204301075 3.121852970795569 30.60620943298283 5
stats: {load,"os_mon@test4"} 1 0.76171875 0.0 0.76171875 0.48046875 0.540625 5
stats: {freemem,"os_mon@test4"} 1 1355.3359375 0.0 1431.81640625 1355.3359375 1422.49609375 5
stats: {freemem,"os_mon@myserver"} 1 2965.34375 0.0 2969.6015625 2965.34375 2968.7203125 5
stats: {recvpackets,"os_mon@test2"} 1 11091.0 0.0 12939 3488 8600.75 4
stats: {sentpackets,"os_mon@test2"} 1 7857.0 0.0 8798 2390 5828.5 4
stats: {load,"os_mon@test3"} 1 0.8515625 0.0 0.8515625 0.51171875 0.653125 5
stats: {cpu,"os_mon@test2"} 1 38.48153926157046 0.0 43.08320571720265 2.2488755622188905 24.68024793965276 5
stats: {freemem,"os_mon@test3"} 1 1382.0 0.0 1484.55078125 1382.0 1474.28984375 5
stats: {recvpackets,"os_mon@test4"} 1 11077.0 0.0 12944 3492 8611.75 4
stats: {sentpackets,"os_mon@test4"} 1 7849.0 0.0 8804 2394 5836.75 4
stats: {cpu,"os_mon@test4"} 1 44.52670544685351 0.0 44.52670544685351 2.2511255627813904 25.940281178395914 5
stats: {load,"os_mon@myserver"} 1 0.91015625 0.0 0.91015625 0.73046875 0.79609375 5
stats: {recvpackets,"os_mon@myserver"} 1 10921.0 0.0 13051 3542 8682.25 4
stats: {sentpackets,"os_mon@myserver"} 1 7765.0 0.0 8876 2424 5883.25 4
stats: {cpu,"os_mon@myserver"} 1 100.0 0.0 100.0 3.6511156186612577 63.1225291044972 5
stats: session 1604 11053.329837180734 6467.210623880379 28502.738037109375 16.660888671875 2033.4011858603023 6487
stats: users_count 2226 13428
stats: finish_users_count 1604 8091
stats: request 19583 1382.3130414403993 3180.7190287889475 31719.873046875 1.02978515625 306.9547929906139 81472
stats: page 1580 10817.719723008544 6354.606406961254 28501.135009765625 15.260986328125 1982.8800124601137 6444
stats: connect 19583 1283.7973333106538 3165.7576130941707 31083.52099609375 0.22607421875 274.48023757820476 81626
stats: 200 19583 101055
stats: size_rcv 3329110 17179350
stats: newphase 6 30
stats: size_sent 2598373 13423453
stats: connected -4 123
# stats: dump at 1338920019
stats: users 7253 7378
stats: {load,"os_mon@test2"} 1 0.75 0.0 1.01953125 0.66015625 0.7916666666666666 6
stats: {recvpackets,"os_mon@test3"} 1 11049.0 0.0 12977 3487 9108.4 5
stats: {sentpackets,"os_mon@test3"} 1 8115.0 0.0 8829 2388 6241.4 5
stats: {freemem,"os_mon@test2"} 1 1398.16796875 0.0 1507.8125 1398.16796875 1489.771484375 6
stats: {cpu,"os_mon@test3"} 1 41.54966198647946 0.0 47.68817204301075 3.121852970795569 33.45320320132082 6
stats: {load,"os_mon@test4"} 1 0.87109375 0.0 0.87109375 0.48046875 0.5774739583333334 6
stats: {freemem,"os_mon@test4"} 1 1312.37109375 0.0 1431.81640625 1312.37109375 1411.302734375 6
stats: {freemem,"os_mon@myserver"} 1 2965.23828125 0.0 2969.6015625 2965.23828125 2968.1575520833335 6
stats: {recvpackets,"os_mon@test2"} 1 11033.0 0.0 12939 3488 9098.8 5
stats: {sentpackets,"os_mon@test2"} 1 8104.0 0.0 8798 2390 6234.2 5
stats: {load,"os_mon@test3"} 1 0.80078125 0.0 0.8515625 0.51171875 0.6861979166666666 6
stats: {cpu,"os_mon@test2"} 1 47.45673833245936 0.0 47.45673833245936 2.2488755622188905 26.980463159972373 6
stats: {freemem,"os_mon@test3"} 1 1358.75 0.0 1484.55078125 1358.75 1458.908203125 6
stats: {recvpackets,"os_mon@test4"} 1 11091.0 0.0 12944 3492 9104.8 5
stats: {sentpackets,"os_mon@test4"} 1 8142.0 0.0 8804 2394 6239.2 5
stats: {cpu,"os_mon@test4"} 1 51.01279317697228 0.0 51.01279317697228 2.2511255627813904 29.038018556472178 6
stats: {load,"os_mon@myserver"} 1 0.9296875 0.0 0.9296875 0.73046875 0.8151041666666666 6
stats: {recvpackets,"os_mon@myserver"} 1 11212.0 0.0 13051 3542 9130.0 5
stats: {sentpackets,"os_mon@myserver"} 1 8222.0 0.0 8876 2424 6259.6 5
stats: {cpu,"os_mon@myserver"} 1 99.3993993993994 0.0 100.0 3.6511156186612577 69.26877425374767 6
stats: session 1524 13905.052612464884 9919.718572510134 42307.33203125 16.660888671875 3821.5566124723373 8091
stats: users_count 3440 16868
stats: finish_users_count 1524 9615
stats: 200 21464 122519
stats: request 21464 1394.7498667031355 4019.308438951572 31754.009033203125 1.02978515625 515.3436958592711 101055
stats: connect 21458 1291.6689694102572 3999.465158337223 31105.28515625 0.22607421875 469.77370639746533 101209
stats: page 1553 13814.721415896149 9727.837629699306 42306.092041015625 15.260986328125 3722.541869721644 8024
stats: size_rcv 3648880 20828230
stats: newphase 6 36
stats: size_sent 2849366 16272819
stats: connected -6 117
# stats: dump at 1338920029
stats: users 8822 8822
stats: {load,"os_mon@test2"} 1 0.87109375 0.0 1.01953125 0.66015625 0.7857142857142857 7
stats: {recvpackets,"os_mon@test3"} 1 13664.0 0.0 13664 3487 9431.833333333334 6
stats: {sentpackets,"os_mon@test3"} 1 9861.0 0.0 9861 2388 6553.666666666667 6
stats: {freemem,"os_mon@test2"} 1 1367.59765625 0.0 1507.8125 1367.59765625 1476.685267857143 7
stats: {cpu,"os_mon@test3"} 1 54.302203567681005 0.0 54.302203567681005 3.121852970795569 34.6098401706292 7
stats: {load,"os_mon@test4"} 1 0.890625 0.0 0.890625 0.48046875 0.6194196428571429 7
stats: {freemem,"os_mon@test4"} 1 1261.99609375 0.0 1431.81640625 1261.99609375 1397.169642857143 7
stats: {freemem,"os_mon@myserver"} 1 2964.51171875 0.0 2969.6015625 2964.51171875 2967.7405133928573 7
stats: {recvpackets,"os_mon@test2"} 1 13646.0 0.0 13646 3488 9421.166666666666 6
stats: {sentpackets,"os_mon@test2"} 1 9850.0 0.0 9850 2390 6545.833333333333 6
stats: {load,"os_mon@test3"} 1 1.05859375 0.0 1.05859375 0.51171875 0.7025669642857143 7
stats: {cpu,"os_mon@test2"} 1 45.844223732357555 0.0 47.45673833245936 2.2488755622188905 29.905645327470516 7
stats: {freemem,"os_mon@test3"} 1 1307.44921875 0.0 1484.55078125 1307.44921875 1444.599888392857 7
stats: {recvpackets,"os_mon@test4"} 1 13670.0 0.0 13670 3492 9435.833333333334 6
stats: {sentpackets,"os_mon@test4"} 1 9865.0 0.0 9865 2394 6556.333333333333 6
stats: {cpu,"os_mon@test4"} 1 53.57905982905983 0.0 53.57905982905983 2.2511255627813904 32.177272073686474 7
stats: {load,"os_mon@myserver"} 1 0.94140625 0.0 0.94140625 0.73046875 0.8314732142857143 7
stats: {recvpackets,"os_mon@myserver"} 1 13813.0 0.0 13813 3542 9477.0 6
stats: {sentpackets,"os_mon@myserver"} 1 9958.0 0.0 9958 2424 6586.666666666667 6
stats: {cpu,"os_mon@myserver"} 1 100.0 0.0 100.0 3.6511156186612577 73.57314927455505 7
stats: session 1607 15254.38454381709 11860.395997172165 49065.700927734375 16.660888671875 5419.814324795649 9615
stats: users_count 3176 20044
stats: finish_users_count 1607 11222
stats: 200 21234 143753
stats: connect 21251 1623.4009221372098 4851.545610253756 31105.28515625 0.22607421875 613.546918049568 122667
stats: page 1614 15192.887153786201 11757.452408455842 48997.073974609375 15.260986328125 5359.083044954911 9577
stats: request 21234 1748.4868436786235 4831.706020420545 32587.8369140625 1.02978515625 669.4061192466046 122519
stats: size_rcv 3609780 24438010
stats: newphase 5 41
stats: size_sent 2819953 19092772
stats: connected 17 134
# stats: dump at 1338920039
stats: users 11411 11537
stats: {load,"os_mon@test2"} 1 0.890625 0.0 1.01953125 0.66015625 0.79638671875 8
stats: {recvpackets,"os_mon@test3"} 1 14404.0 0.0 14404 3487 10036.42857142857 7
stats: {sentpackets,"os_mon@test3"} 1 10637.0 0.0 10637 2388 7026.142857142857 7
stats: {freemem,"os_mon@test2"} 1 1311.80859375 0.0 1507.8125 1311.80859375 1463.04931640625 8
stats: {cpu,"os_mon@test3"} 1 58.84553714591127 0.0 58.84553714591127 3.121852970795569 37.07138559526068 8
stats: {load,"os_mon@test4"} 1 0.98828125 0.0 0.98828125 0.48046875 0.6533203125 8
stats: {freemem,"os_mon@test4"} 1 1216.359375 0.0 1431.81640625 1216.359375 1380.27294921875 8
stats: {freemem,"os_mon@myserver"} 1 2963.9375 0.0 2969.6015625 2963.9375 2967.3369140625 8
stats: {recvpackets,"os_mon@test2"} 1 14384.0 0.0 14384 3488 10024.714285714286 7
stats: {sentpackets,"os_mon@test2"} 1 10624.0 0.0 10624 2390 7017.857142857143 7
stats: {load,"os_mon@test3"} 1 1.12109375 0.0 1.12109375 0.51171875 0.7470703125 8
stats: {cpu,"os_mon@test2"} 1 49.142857142857146 0.0 49.142857142857146 2.2488755622188905 31.897967628081396 8
stats: {freemem,"os_mon@test3"} 1 1238.05859375 0.0 1484.55078125 1238.05859375 1427.4560546875 8
stats: {recvpackets,"os_mon@test4"} 1 14365.0 0.0 14365 3492 10040.714285714286 7
stats: {sentpackets,"os_mon@test4"} 1 10610.0 0.0 10610 2394 7029.0 7
stats: {cpu,"os_mon@test4"} 1 56.898395721925134 0.0 56.898395721925134 2.2511255627813904 34.85249554310814 8
stats: {load,"os_mon@myserver"} 1 0.94921875 0.0 0.94921875 0.73046875 0.84521484375 8
stats: {recvpackets,"os_mon@myserver"} 1 14342.0 0.0 14342 3542 10096.42857142857 7
stats: {sentpackets,"os_mon@myserver"} 1 10588.0 0.0 10588 2424 7068.285714285715 7
stats: {cpu,"os_mon@myserver"} 1 99.9001996007984 0.0 100.0 3.6511156186612577 76.87650561523567 8
stats: session 1173 16188.073198479453 13396.93716107532 57360.553955078125 16.660888671875 6828.133193265391 11222
stats: users_count 3762 23806
stats: finish_users_count 1173 12395
stats: 200 20453 164206
stats: request 20453 1498.302855878317 4269.9415296388925 35069.10205078125 1.02978515625 828.798967413874 143753
stats: page 1168 16217.5767793002 13301.869512638374 55555.423095703125 15.260986328125 6777.344132583693 11191
stats: connect 20413 1416.098861440938 4195.768341178322 31105.28515625 0.22607421875 762.6624382823844 143918
stats: size_rcv 3477010 27915020
stats: newphase 4 45
stats: size_sent 2708903 21801675
stats: connected -40 94
# stats: dump at 1338920049
stats: users 12616 12722
stats: {load,"os_mon@test2"} 1 0.828125 0.0 1.01953125 0.66015625 0.8068576388888888 9
stats: {recvpackets,"os_mon@test3"} 1 14717.0 0.0 14717 3487 10582.375 8
stats: {sentpackets,"os_mon@test3"} 1 10787.0 0.0 10787 2388 7477.5 8
stats: {freemem,"os_mon@test2"} 1 1280.109375 0.0 1507.8125 1280.109375 1446.2447916666667 9
stats: {cpu,"os_mon@test3"} 1 61.22666666666666 0.0 61.22666666666666 3.121852970795569 39.49073576755519 9
stats: {load,"os_mon@test4"} 1 1.37109375 0.0 1.37109375 0.48046875 0.6905381944444444 9
stats: {freemem,"os_mon@test4"} 1 1165.8046875 0.0 1431.81640625 1165.8046875 1362.060329861111 9
stats: {freemem,"os_mon@myserver"} 1 2963.83203125 0.0 2969.6015625 2963.83203125 2966.9592013888887 9
stats: {recvpackets,"os_mon@test2"} 1 14732.0 0.0 14732 3488 10569.625 8
stats: {sentpackets,"os_mon@test2"} 1 10794.0 0.0 10794 2390 7468.625 8
stats: {load,"os_mon@test3"} 1 1.1015625 0.0 1.12109375 0.51171875 0.7886284722222222 9
stats: {cpu,"os_mon@test2"} 1 43.96866840731071 0.0 49.142857142857146 2.2488755622188905 33.814066463056484 9
stats: {freemem,"os_mon@test3"} 1 1162.3671875 0.0 1484.55078125 1162.3671875 1406.411892361111 9
stats: {recvpackets,"os_mon@test4"} 1 14711.0 0.0 14711 3492 10581.25 8
stats: {sentpackets,"os_mon@test4"} 1 10785.0 0.0 10785 2394 7476.625 8
stats: {cpu,"os_mon@test4"} 1 52.96899632159747 0.0 56.898395721925134 2.2511255627813904 37.30204000742114 9
stats: {load,"os_mon@myserver"} 1 0.9609375 0.0 0.9609375 0.73046875 0.8567708333333334 9
stats: {recvpackets,"os_mon@myserver"} 1 14631.0 0.0 14631 3542 10627.125 8
stats: {sentpackets,"os_mon@myserver"} 1 10749.0 0.0 10749 2424 7508.25 8
stats: {cpu,"os_mon@myserver"} 1 99.9 0.0 100.0 3.6511156186612577 79.43469383585375 9
stats: session 1568 18072.205315103354 13831.36015047798 67334.60913085938 16.660888671875 7713.9104926696755 12395
stats: users_count 2773 26579
stats: finish_users_count 1568 13963
stats: page 1554 18050.723890621233 13857.828558693685 67333.2509765625 15.260986328125 7669.503023381078 12359
stats: connect 20666 1855.8299943545019 5160.046266606866 31105.28515625 0.22607421875 843.8315281433087 164331
stats: 200 20657 184863
stats: request 20657 2028.737114109606 5188.784362336483 35069.10205078125 1.02978515625 912.1903357607264 164206
stats: size_rcv 3511690 31426710
stats: newphase 6 51
stats: size_sent 2742598 24544273
stats: connected 9 103
stats: error_connect_etimedout 222 222
# stats: dump at 1338920059
stats: users 13450 13456
stats: {load,"os_mon@test2"} 1 1.23828125 0.0 1.23828125 0.66015625 0.808984375 10
stats: {recvpackets,"os_mon@test3"} 1 14161.0 0.0 14717 3487 11041.777777777777 9
stats: {sentpackets,"os_mon@test3"} 1 10689.0 0.0 10787 2388 7845.222222222223 9
stats: {freemem,"os_mon@test2"} 1 1207.296875 0.0 1507.8125 1207.296875 1429.63125 10
stats: {cpu,"os_mon@test3"} 1 40.88250930356194 0.0 61.22666666666666 3.121852970795569 41.664328857466344 10
stats: {load,"os_mon@test4"} 1 1.5390625 0.0 1.5390625 0.48046875 0.75859375 10
stats: {freemem,"os_mon@test4"} 1 1122.15234375 0.0 1431.81640625 1122.15234375 1342.434765625 10
stats: {freemem,"os_mon@myserver"} 1 2963.7265625 0.0 2969.6015625 2963.7265625 2966.646484375 10
stats: {recvpackets,"os_mon@test2"} 1 14150.0 0.0 14732 3488 11032.111111111111 9
stats: {sentpackets,"os_mon@test2"} 1 10679.0 0.0 10794 2390 7838.111111111111 9
stats: {load,"os_mon@test3"} 1 0.9296875 0.0 1.12109375 0.51171875 0.819921875 10
stats: {cpu,"os_mon@test2"} 1 63.42737722048067 0.0 63.42737722048067 2.2488755622188905 34.82952665748191 10
stats: {freemem,"os_mon@test3"} 1 1143.8359375 0.0 1484.55078125 1143.8359375 1382.007421875 10
stats: {recvpackets,"os_mon@test4"} 1 14172.0 0.0 14711 3492 11040.111111111111 9
stats: {sentpackets,"os_mon@test4"} 1 10697.0 0.0 10785 2394 7844.222222222223 9
stats: {cpu,"os_mon@test4"} 1 54.43974630021141 0.0 56.898395721925134 2.2511255627813904 38.86873563883878 10
stats: {load,"os_mon@myserver"} 1 0.9609375 0.0 0.9609375 0.73046875 0.8671875 10
stats: {recvpackets,"os_mon@myserver"} 1 14233.0 0.0 14631 3542 11072.0 9
stats: {sentpackets,"os_mon@myserver"} 1 10731.0 0.0 10749 2424 7868.333333333333 9
stats: {cpu,"os_mon@myserver"} 1 99.9 0.0 100.0 3.6511156186612577 81.48122445226838 10
stats: session 1794 21771.84560663905 17545.891135606762 81373.01611328125 16.660888671875 8877.113692667957 13963
stats: users_count 2628 29207
stats: finish_users_count 1794 15757
stats: request 21741 2081.298082946392 5308.2195067410685 35581.56396484375 1.02978515625 1036.9557393317646 184863
stats: page 1807 21287.763990595326 17003.287091973267 79371.40014648438 15.260986328125 8829.024135124857 13913
stats: connect 21749 1869.6254665377053 5285.43673855733 31105.28515625 0.22607421875 956.8817954596464 184997
stats: 200 21741 206604
stats: size_rcv 3695970 35122680
stats: newphase 5 56
stats: size_sent 2885143 27429416
stats: connected 5 108
stats: error_connect_etimedout 934 1156
# stats: dump at 1338920069
stats: users 16474 16546
stats: {load,"os_mon@test2"} 1 1.51953125 0.0 1.51953125 0.66015625 0.8480113636363636 11
stats: {recvpackets,"os_mon@test3"} 1 14909.0 0.0 14909 3487 11353.7 10
stats: {sentpackets,"os_mon@test3"} 1 11360.0 0.0 11360 2388 8129.6 10
stats: {freemem,"os_mon@test2"} 1 1196.1875 0.0 1507.8125 1196.1875 1409.419034090909 11
stats: {cpu,"os_mon@test3"} 1 67.94055201698514 0.0 67.94055201698514 3.121852970795569 41.59325435256594 11
stats: {load,"os_mon@test4"} 1 1.53125 0.0 1.5390625 0.48046875 0.8295454545454546 11
stats: {freemem,"os_mon@test4"} 1 1076.73046875 0.0 1431.81640625 1076.73046875 1322.409090909091 11
stats: {freemem,"os_mon@myserver"} 1 2963.5 0.0 2969.6015625 2963.5 2966.381036931818 11
stats: {recvpackets,"os_mon@test2"} 1 14850.0 0.0 14850 3488 11343.9 10
stats: {sentpackets,"os_mon@test2"} 1 11324.0 0.0 11324 2390 8122.2 10
stats: {load,"os_mon@test3"} 1 0.94140625 0.0 1.12109375 0.51171875 0.8299005681818182 11
stats: {cpu,"os_mon@test2"} 1 39.52879581151832 0.0 63.42737722048067 2.2488755622188905 37.42933125411815 11
stats: {freemem,"os_mon@test3"} 1 1062.98828125 0.0 1484.55078125 1062.98828125 1360.35546875 11
stats: {recvpackets,"os_mon@test4"} 1 14927.0 0.0 14927 3492 11353.3 10
stats: {sentpackets,"os_mon@test4"} 1 11373.0 0.0 11373 2394 8129.5 10
stats: {cpu,"os_mon@test4"} 1 57.502679528403 0.0 57.502679528403 2.2511255627813904 40.28428206259993 11
stats: {load,"os_mon@myserver"} 1 0.96875 0.0 0.96875 0.73046875 0.8757102272727273 11
stats: {recvpackets,"os_mon@myserver"} 1 15090.0 0.0 15090 3542 11388.1 10
stats: {sentpackets,"os_mon@myserver"} 1 11486.0 0.0 11486 2424 8154.6 10
stats: {cpu,"os_mon@myserver"} 1 99.9001996007984 0.0 100.0 3.6511156186612577 83.15565859297125 11
stats: session 1324 30912.473871605624 26435.082542478693 91533.66088867188 16.660888671875 10345.232563878475 15757
stats: users_count 4348 33555
stats: finish_users_count 1324 17081
stats: 200 21360 227964
stats: connect 21360 1592.0390087913552 4847.254616997993 31109.628173828125 0.22607421875 1052.8994311201993 206746
stats: page 1314 29851.26091107931 25728.74892706149 91531.65307617188 15.260986328125 10261.145185941341 15720
stats: request 21360 1778.79700942593 4914.355175016904 35581.56396484375 1.02978515625 1146.852192897647 206604
stats: size_rcv 3631200 38753880
stats: newphase 5 61
stats: size_sent 2835288 30264704
stats: connected 0 108
stats: error_connect_etimedout 988 2144
# stats: dump at 1338920079
stats: users 18992 19079
stats: {load,"os_mon@test2"} 1 1.4296875 0.0 1.51953125 0.66015625 0.9039713541666666 12
stats: {recvpackets,"os_mon@test3"} 1 18881.0 0.0 18881 3487 11676.90909090909 11
stats: {sentpackets,"os_mon@test3"} 1 14214.0 0.0 14214 2388 8423.272727272728 11
stats: {freemem,"os_mon@test2"} 1 1151.046875 0.0 1507.8125 1151.046875 1391.6497395833333 12
stats: {cpu,"os_mon@test3"} 1 68.29004329004329 0.0 68.29004329004329 3.121852970795569 43.788862491267544 12
stats: {load,"os_mon@test4"} 1 1.6015625 0.0 1.6015625 0.48046875 0.8880208333333334 12
stats: {freemem,"os_mon@test4"} 1 999.078125 0.0 1431.81640625 999.078125 1301.9358723958333 12
stats: {freemem,"os_mon@myserver"} 1 2963.39453125 0.0 2969.6015625 2963.39453125 2966.1409505208335 12
stats: {recvpackets,"os_mon@test2"} 1 18852.0 0.0 18852 3488 11662.636363636364 11
stats: {sentpackets,"os_mon@test2"} 1 14190.0 0.0 14190 2390 8413.272727272728 11
stats: {load,"os_mon@test3"} 1 0.9609375 0.0 1.12109375 0.51171875 0.8391927083333334 12
stats: {cpu,"os_mon@test2"} 1 48.54420328215988 0.0 63.42737722048067 2.2488755622188905 37.6042866339015 12
stats: {freemem,"os_mon@test3"} 1 976.8359375 0.0 1484.55078125 976.8359375 1335.5748697916667 12
stats: {recvpackets,"os_mon@test4"} 1 18836.0 0.0 18836 3492 11678.181818181818 11
stats: {sentpackets,"os_mon@test4"} 1 14184.0 0.0 14184 2394 8424.363636363636 11
stats: {cpu,"os_mon@test4"} 1 61.563517915309454 0.0 61.563517915309454 2.2511255627813904 41.71914851808352 12
stats: {load,"os_mon@myserver"} 1 0.96875 0.0 0.96875 0.73046875 0.8834635416666666 12
stats: {recvpackets,"os_mon@myserver"} 1 18390.0 0.0 18390 3542 11724.636363636364 11
stats: {sentpackets,"os_mon@myserver"} 1 13886.0 0.0 13886 2424 8457.454545454546 11
stats: {cpu,"os_mon@myserver"} 1 99.7002997002997 0.0 100.0 3.6511156186612577 84.55103701029017 12
stats: session 1298 35315.41282750198 30195.09059355008 98714.25415039063 16.660888671875 11939.461677597272 17081
stats: users_count 3816 37371
stats: finish_users_count 1298 18379
stats: request 20291 1773.9216626959603 4724.316921483871 35581.56396484375 1.02978515625 1206.0647934882845 227964
stats: page 1294 34536.26648515233 29919.61454702566 98713.11694335938 15.260986328125 11772.323538813906 17034
stats: connect 20296 1631.5208478844052 4667.285826533061 31109.628173828125 0.22607421875 1103.3848255379519 228106
stats: 200 20291 248255
stats: size_rcv 3449470 42203350
stats: newphase 6 67
stats: size_sent 2695000 32959704
stats: connected 5 113
stats: error_connect_etimedout 1100 3244
# stats: dump at 1338920089
stats: users 19679 19679
stats: {load,"os_mon@test2"} 1 1.37109375 0.0 1.51953125 0.66015625 0.9444110576923077 13
stats: {recvpackets,"os_mon@test3"} 1 15983.0 0.0 18881 3487 12277.25 12
stats: {sentpackets,"os_mon@test3"} 1 12591.0 0.0 14214 2388 8905.833333333334 12
stats: {freemem,"os_mon@test2"} 1 1094.89453125 0.0 1507.8125 1094.89453125 1373.141826923077 13
stats: {cpu,"os_mon@test3"} 1 56.74666666666667 0.0 68.29004329004329 3.121852970795569 45.67356870655799 13
stats: {load,"os_mon@test4"} 1 1.4296875 0.0 1.6015625 0.48046875 0.9429086538461539 13
stats: {freemem,"os_mon@test4"} 1 936.97265625 0.0 1431.81640625 936.97265625 1278.6391225961538 13
stats: {freemem,"os_mon@myserver"} 1 2962.92578125 0.0 2969.6015625 2962.92578125 2965.9296875 13
stats: {recvpackets,"os_mon@test2"} 1 15997.0 0.0 18852 3488 12261.75 12
stats: {sentpackets,"os_mon@test2"} 1 12582.0 0.0 14190 2390 8894.666666666666 12
stats: {load,"os_mon@test3"} 1 0.80859375 0.0 1.12109375 0.51171875 0.8485576923076923 13
stats: {cpu,"os_mon@test2"} 1 54.054054054054056 0.0 63.42737722048067 2.2488755622188905 38.445818683767534 13
stats: {freemem,"os_mon@test3"} 1 909.828125 0.0 1484.55078125 909.828125 1307.9795673076924 13
stats: {recvpackets,"os_mon@test4"} 1 15994.0 0.0 18836 3492 12274.666666666666 12
stats: {sentpackets,"os_mon@test4"} 1 12630.0 0.0 14184 2394 8904.333333333334 12
stats: {cpu,"os_mon@test4"} 1 54.57429931253305 0.0 61.563517915309454 2.2511255627813904 43.24563847171628 13
stats: {load,"os_mon@myserver"} 1 0.98046875 0.0 0.98046875 0.73046875 0.8900240384615384 13
stats: {recvpackets,"os_mon@myserver"} 1 16151.0 0.0 18390 3542 12280.083333333334 12
stats: {sentpackets,"os_mon@myserver"} 1 12714.0 0.0 13886 2424 8909.833333333334 12
stats: {cpu,"os_mon@myserver"} 1 99.79959919839679 0.0 100.0 3.6511156186612577 85.71636490952167 13
stats: session 1749 40368.94708625355 32781.21354443688 109715.74487304688 16.660888671875 13590.366764521277 18379
stats: users_count 2436 39807
stats: finish_users_count 1749 20128
stats: error_unknown 13 13
stats: request 20763 2194.7883696923273 5133.008889059941 37494.046142578125 1.02978515625 1252.4782946588268 248255
stats: page 1754 38500.864385311324 32159.17211799772 109713.82788085938 15.260986328125 13379.51156656172 18328
stats: connect 20765 1973.2005643745833 5069.107868230599 31109.628173828125 0.22607421875 1146.536848104371 248402
stats: 200 20763 269018
stats: size_rcv 3529710 45733060
stats: newphase 5 72
stats: size_sent 2756031 35715735
stats: connected 2 115
stats: error_connect_etimedout 1491 4735
# stats: dump at 1338920099
stats: users 22472 22472
stats: {load,"os_mon@test2"} 1 1.3984375 0.0 1.51953125 0.66015625 0.9748883928571429 14
stats: {recvpackets,"os_mon@test3"} 1 1.8e4 0.0 18881 3487 12562.307692307691 13
stats: {sentpackets,"os_mon@test3"} 1 13879.0 0.0 14214 2388 9189.307692307691 13
stats: {freemem,"os_mon@test2"} 1 1033.734375 0.0 1507.8125 1033.734375 1353.2670200892858 14
stats: {cpu,"os_mon@test3"} 1 60.830228845130385 0.0 68.29004329004329 3.121852970795569 46.46450427513718 14
stats: {load,"os_mon@test4"} 1 1.2890625 0.0 1.6015625 0.48046875 0.9776785714285714 14
stats: {freemem,"os_mon@test4"} 1 903.72265625 0.0 1431.81640625 903.72265625 1254.234375 14
stats: {freemem,"os_mon@myserver"} 1 2962.91015625 0.0 2969.6015625 2962.91015625 2965.7151227678573 14
stats: {recvpackets,"os_mon@test2"} 1 17935.0 0.0 18852 3488 12549.076923076924 13
stats: {sentpackets,"os_mon@test2"} 1 13851.0 0.0 14190 2390 9178.307692307691 13
stats: {load,"os_mon@test3"} 1 1.12890625 0.0 1.12890625 0.51171875 0.845703125 14
stats: {cpu,"os_mon@test2"} 1 55.437100213219615 0.0 63.42737722048067 2.2488755622188905 39.560692638788 14
stats: {freemem,"os_mon@test3"} 1 852.8203125 0.0 1484.55078125 852.8203125 1279.5401785714287 14
stats: {recvpackets,"os_mon@test4"} 1 18001.0 0.0 18836 3492 12560.76923076923 13
stats: {sentpackets,"os_mon@test4"} 1 13846.0 0.0 14184 2394 9190.923076923076 13
stats: {cpu,"os_mon@test4"} 1 53.657234383342235 0.0 61.563517915309454 2.2511255627813904 44.054828531774625 14
stats: {load,"os_mon@myserver"} 1 0.98046875 0.0 0.98046875 0.73046875 0.896484375 14
stats: {recvpackets,"os_mon@myserver"} 1 18421.0 0.0 18421 3542 12577.846153846154 13
stats: {sentpackets,"os_mon@myserver"} 1 14150.0 0.0 14150 2424 9202.461538461539 13
stats: {cpu,"os_mon@myserver"} 1 100.0 0.0 100.0 3.6511156186612577 86.72231021586991 14
stats: session 1262 46617.456570439324 35275.69746461211 119914.38891601563 16.660888671875 15917.261487430149 20128
stats: users_count 4055 43862
stats: finish_users_count 1262 21390
stats: request 20442 2139.4441776796316 5567.891386814777 38173.490966796875 1.02978515625 1325.2064544396615 269018
stats: page 1257 43694.02375486341 34732.008917793995 119910.283203125 15.260986328125 15573.658207538056 20082
stats: connect 20457 1952.5909682385416 5546.544970787006 31118.509033203125 0.22607421875 1210.3101638093087 269167
stats: error_unknown 0 13
stats: 200 20442 289460
stats: size_rcv 3475140 49208200
stats: newphase 5 77
stats: size_sent 2713411 38429146
stats: connected 15 130
stats: error_connect_etimedout 1969 6704
# stats: dump at 1338920109
stats: users 24746 24747
stats: {load,"os_mon@test2"} 1 1.33984375 0.0 1.51953125 0.66015625 1.003125 15
stats: {recvpackets,"os_mon@test3"} 1 16849.0 0.0 18881 3487 12950.714285714286 14
stats: {sentpackets,"os_mon@test3"} 1 13378.0 0.0 14214 2388 9524.285714285714 14
stats: {freemem,"os_mon@test2"} 1 974.32421875 0.0 1507.8125 974.32421875 1331.96484375 15
stats: {cpu,"os_mon@test3"} 1 55.48281505728314 0.0 68.29004329004329 3.121852970795569 47.42221924647006 15
stats: {load,"os_mon@test4"} 1 1.328125 0.0 1.6015625 0.48046875 0.9984375 15
stats: {freemem,"os_mon@test4"} 1 836.2734375 0.0 1431.81640625 836.2734375 1230.8669270833334 15
stats: {freemem,"os_mon@myserver"} 1 2962.67578125 0.0 2969.6015625 2962.67578125 2965.528125 15
stats: {recvpackets,"os_mon@test2"} 1 16936.0 0.0 18852 3488 12933.785714285714 14
stats: {sentpackets,"os_mon@test2"} 1 13391.0 0.0 14190 2390 9512.07142857143 14
stats: {load,"os_mon@test3"} 1 1.19140625 0.0 1.19140625 0.51171875 0.8645833333333334 15
stats: {cpu,"os_mon@test2"} 1 55.20555258942872 0.0 63.42737722048067 2.2488755622188905 40.61911981041678 15
stats: {freemem,"os_mon@test3"} 1 801.8671875 0.0 1484.55078125 801.8671875 1251.0921875 15
stats: {recvpackets,"os_mon@test4"} 1 16837.0 0.0 18836 3492 12949.357142857143 14
stats: {sentpackets,"os_mon@test4"} 1 13392.0 0.0 14184 2394 9523.42857142857 14
stats: {cpu,"os_mon@test4"} 1 58.24986821296785 0.0 61.563517915309454 2.2511255627813904 44.69498892187914 15
stats: {load,"os_mon@myserver"} 1 1.05859375 0.0 1.05859375 0.73046875 0.9020833333333333 15
stats: {recvpackets,"os_mon@myserver"} 1 16511.0 0.0 18421 3542 12995.214285714286 14
stats: {sentpackets,"os_mon@myserver"} 1 13249.0 0.0 14150 2424 9555.857142857143 14
stats: {cpu,"os_mon@myserver"} 1 99.9001996007984 0.0 100.0 3.6511156186612577 87.60748953481192 15
stats: session 1279 49415.019812612976 36407.32209925376 125926.58911132813 16.660888671875 17728.558644735316 21390
stats: users_count 3553 47415
stats: finish_users_count 1279 22669
stats: request 20030 2416.9646412095694 6001.590030114113 38173.490966796875 1.02978515625 1382.708864231935 289460
stats: error_unknown 0 13
stats: page 1303 47307.98165291628 36088.08737951699 125925.18286132813 15.260986328125 17230.122872845142 21339
stats: connect 20001 2172.049642683879 5946.563387087121 31118.509033203125 0.22607421875 1262.739653134119 289624
stats: 200 20030 309490
stats: size_rcv 3405100 52613300
stats: newphase 6 83
stats: size_sent 2656155 41085301
stats: connected -29 101
stats: error_connect_etimedout 1540 8244
# stats: dump at 1338920119
stats: users 26162 26210
stats: {load,"os_mon@test2"} 1 1.76953125 0.0 1.76953125 0.66015625 1.024169921875 16
stats: {recvpackets,"os_mon@test3"} 1 18010.0 0.0 18881 3487 13210.6 15
stats: {sentpackets,"os_mon@test3"} 1 14387.0 0.0 14387 2388 9781.2 15
stats: {freemem,"os_mon@test2"} 1 896.65234375 0.0 1507.8125 896.65234375 1309.6123046875 16
stats: {cpu,"os_mon@test3"} 1 52.12023617820719 0.0 68.29004329004329 3.121852970795569 47.926006484645875 16
stats: {load,"os_mon@test4"} 1 1.58984375 0.0 1.6015625 0.48046875 1.01904296875 16
stats: {freemem,"os_mon@test4"} 1 779.2109375 0.0 1431.81640625 779.2109375 1206.204833984375 16
stats: {freemem,"os_mon@myserver"} 1 2962.578125 0.0 2969.6015625 2962.578125 2965.349853515625 16
stats: {recvpackets,"os_mon@test2"} 1 18027.0 0.0 18852 3488 13200.6 15
stats: {sentpackets,"os_mon@test2"} 1 14441.0 0.0 14441 2390 9770.666666666666 15
stats: {load,"os_mon@test3"} 1 1.25 0.0 1.25 0.51171875 0.885009765625 16
stats: {cpu,"os_mon@test2"} 1 62.3541887592789 0.0 63.42737722048067 2.2488755622188905 41.53077185910502 16
stats: {freemem,"os_mon@test3"} 1 759.1171875 0.0 1484.55078125 759.1171875 1223.015625 16
stats: {recvpackets,"os_mon@test4"} 1 18324.0 0.0 18836 3492 13208.533333333333 15
stats: {sentpackets,"os_mon@test4"} 1 14601.0 0.0 14601 2394 9781.333333333334 15
stats: {cpu,"os_mon@test4"} 1 62.1477937267411 0.0 62.1477937267411 2.2511255627813904 45.54216887757218 16
stats: {load,"os_mon@myserver"} 1 1.05078125 0.0 1.05859375 0.73046875 0.911865234375 16
stats: {recvpackets,"os_mon@myserver"} 1 17902.0 0.0 18421 3542 13229.6 15
stats: {sentpackets,"os_mon@myserver"} 1 14212.0 0.0 14212 2424 9802.066666666668 15
stats: {cpu,"os_mon@myserver"} 1 100.0 0.0 100.0 3.6511156186612577 88.37578391393608 16
stats: session 1419 50096.4391510031 36783.49672542289 138754.9921875 16.660888671875 19516.329778606043 22669
stats: users_count 2835 50250
stats: finish_users_count 1419 24088
stats: error_unknown 0 13
stats: request 20282 2120.6096580211024 5375.033720822397 41648.443115234375 1.02978515625 1449.6452538175822 309490
stats: page 1400 47372.92411690841 36520.20107947235 138753.12109375 15.260986328125 18961.041077528153 22642
stats: connect 20277 1899.4116526151868 5314.236451135736 31118.509033203125 0.22607421875 1321.4788024307995 309625
stats: 200 20282 329772
stats: size_rcv 3447940 56061240
stats: newphase 6 89
stats: size_sent 2690303 43775604
stats: connected -5 96
stats: error_connect_etimedout 1269 9513
# stats: dump at 1338920129
stats: users 28204 28209
stats: {load,"os_mon@test2"} 1 1.7109375 0.0 1.76953125 0.66015625 1.068014705882353 17
stats: {recvpackets,"os_mon@test3"} 1 17205.0 0.0 18881 3487 13510.5625 16
stats: {sentpackets,"os_mon@test3"} 1 13903.0 0.0 14387 2388 10069.0625 16
stats: {freemem,"os_mon@test2"} 1 817.7578125 0.0 1507.8125 817.7578125 1285.3205422794117 17
stats: {cpu,"os_mon@test3"} 1 44.735435595938 0.0 68.29004329004329 3.121852970795569 48.172725878384774 17
stats: {load,"os_mon@test4"} 1 1.578125 0.0 1.6015625 0.48046875 1.0526194852941178 17
stats: {freemem,"os_mon@test4"} 1 727.7734375 0.0 1431.81640625 727.7734375 1181.0875459558824 17
stats: {freemem,"os_mon@myserver"} 1 2962.3515625 0.0 2969.6015625 2962.3515625 2965.186810661765 17
stats: {recvpackets,"os_mon@test2"} 1 17168.0 0.0 18852 3488 13502.25 16
stats: {sentpackets,"os_mon@test2"} 1 13907.0 0.0 14441 2390 10062.5625 16
stats: {load,"os_mon@test3"} 1 1.359375 0.0 1.359375 0.51171875 0.9064797794117647 17
stats: {cpu,"os_mon@test2"} 1 65.36402569593149 0.0 65.36402569593149 2.2488755622188905 42.75567873558584 17
stats: {freemem,"os_mon@test3"} 1 719.96484375 0.0 1484.55078125 719.96484375 1195.727481617647 17
stats: {recvpackets,"os_mon@test4"} 1 17543.0 0.0 18836 3492 13528.25 16
stats: {sentpackets,"os_mon@test4"} 1 14118.0 0.0 14601 2394 10082.5625 16
stats: {cpu,"os_mon@test4"} 1 55.63230605738576 0.0 62.1477937267411 2.2511255627813904 46.518970339288 17
stats: {load,"os_mon@myserver"} 1 1.05078125 0.0 1.05859375 0.73046875 0.9200367647058824 17
stats: {recvpackets,"os_mon@myserver"} 1 17481.0 0.0 18421 3542 13521.625 16
stats: {sentpackets,"os_mon@myserver"} 1 14072.0 0.0 14212 2424 10077.6875 16
stats: {cpu,"os_mon@myserver"} 1 100.0 0.0 100.0 3.6511156186612577 89.05956133076336 17
stats: session 1578 51704.25471850496 37029.83772266942 144489.4169921875 16.660888671875 21317.77345178071 24088
stats: users_count 3620 53870
stats: finish_users_count 1578 25666
stats: error_unknown 0 13
stats: connect 20888 2213.7527163099 6141.92077728433 31118.509033203125 0.22607421875 1357.0006980337023 329902
stats: page 1584 48156.7224679042 36395.95717996455 144486.99389648438 15.260986328125 20615.50560856269 24042
stats: request 20873 2426.9397256880643 6198.045488641283 41648.443115234375 1.02978515625 1490.911644069198 329772
stats: 200 20873 350645
stats: size_rcv 3548410 59609650
stats: newphase 6 95
stats: size_sent 2771384 46546988
stats: connected 15 111
stats: error_connect_etimedout 2668 12181
# stats: dump at 1338920139
stats: users 29980 30040
stats: {load,"os_mon@test2"} 1 1.609375 0.0 1.76953125 0.66015625 1.1037326388888888 18
stats: {recvpackets,"os_mon@test3"} 1 20479.0 0.0 20479 3487 13727.882352941177 17
stats: {sentpackets,"os_mon@test3"} 1 16159.0 0.0 16159 2388 10294.588235294117 17
stats: {freemem,"os_mon@test2"} 1 759.83984375 0.0 1507.8125 759.83984375 1259.3448350694443 18
stats: {cpu,"os_mon@test3"} 1 55.90933621154884 0.0 68.29004329004329 3.121852970795569 47.981765307137735 18
stats: {load,"os_mon@test4"} 1 1.7109375 0.0 1.7109375 0.48046875 1.0818142361111112 18
stats: {freemem,"os_mon@test4"} 1 653.33203125 0.0 1431.81640625 653.33203125 1155.9034288194443 18
stats: {freemem,"os_mon@myserver"} 1 2962.24609375 0.0 2969.6015625 2962.24609375 2965.029296875 18
stats: {recvpackets,"os_mon@test2"} 1 20348.0 0.0 20348 3488 13717.882352941177 17
stats: {sentpackets,"os_mon@test2"} 1 16044.0 0.0 16044 2390 10288.70588235294 17
stats: {load,"os_mon@test3"} 1 1.21875 0.0 1.359375 0.51171875 0.931640625 18
stats: {cpu,"os_mon@test2"} 1 59.132297803963574 0.0 65.36402569593149 2.2488755622188905 44.0116980111606 18
stats: {freemem,"os_mon@test3"} 1 667.91796875 0.0 1484.55078125 667.91796875 1169.2962239583333 18
stats: {recvpackets,"os_mon@test4"} 1 20576.0 0.0 20576 3492 13764.411764705883 17
stats: {sentpackets,"os_mon@test4"} 1 16240.0 0.0 16240 2394 10319.941176470587 17
stats: {cpu,"os_mon@test4"} 1 66.86264029930518 0.0 66.86264029930518 2.2511255627813904 47.02526676807121 18
stats: {load,"os_mon@myserver"} 1 1.109375 0.0 1.109375 0.73046875 0.9273003472222222 18
stats: {recvpackets,"os_mon@myserver"} 1 20593.0 0.0 20593 3542 13754.529411764706 17
stats: {sentpackets,"os_mon@myserver"} 1 16255.0 0.0 16255 2424 10312.64705882353 17
stats: {cpu,"os_mon@myserver"} 1 99.8998998998999 0.0 100.0 3.6511156186612577 89.66736347905427 18
stats: session 1362 56784.40762288768 38855.213294293564 159073.72802734375 16.660888671875 23185.99863057331 25666
stats: users_count 3138 57008
stats: finish_users_count 1362 27028
stats: request 20383 2183.4796240615424 5694.902663630975 41648.443115234375 1.02978515625 1546.6310016748407 350645
stats: page 1348 54044.69309150862 38718.63920169647 159071.703125 15.260986328125 22317.8894181778 25626
stats: connect 20375 2018.9621322373466 5653.298816623597 31118.509033203125 0.22607421875 1408.0165085122028 350790
stats: error_unknown 0 13
stats: 200 20383 371028
stats: size_rcv 3465110 63074760
stats: newphase 4 99
stats: size_sent 2705253 49252241
stats: connected -8 103
stats: error_connect_etimedout 3307 15488
# stats: dump at 1338920149
stats: users 33278 33304
stats: {load,"os_mon@test2"} 1 1.44140625 0.0 1.76953125 0.66015625 1.130345394736842 19
stats: {recvpackets,"os_mon@test3"} 1 17670.0 0.0 20479 3487 14102.944444444445 18
stats: {sentpackets,"os_mon@test3"} 1 14545.0 0.0 16159 2388 10620.388888888889 18
stats: {freemem,"os_mon@test2"} 1 697.37109375 0.0 1507.8125 697.37109375 1233.0550986842106 19
stats: {cpu,"os_mon@test3"} 1 61.3697164258962 0.0 68.29004329004329 3.121852970795569 48.39900588105411 19
stats: {load,"os_mon@test4"} 1 1.6015625 0.0 1.7109375 0.48046875 1.1149259868421053 19
stats: {freemem,"os_mon@test4"} 1 601.59375 0.0 1431.81640625 601.59375 1129.452302631579 19
stats: {freemem,"os_mon@myserver"} 1 2961.8671875 0.0 2969.6015625 2961.8671875 2964.8828125 19
stats: {recvpackets,"os_mon@test2"} 1 17843.0 0.0 20348 3488 14086.222222222223 18
stats: {sentpackets,"os_mon@test2"} 1 14644.0 0.0 16044 2390 10608.444444444445 18
stats: {load,"os_mon@test3"} 1 1.28125 0.0 1.359375 0.51171875 0.9467516447368421 19
stats: {cpu,"os_mon@test2"} 1 54.59430413756046 0.0 65.36402569593149 2.2488755622188905 44.807519052887066 19
stats: {freemem,"os_mon@test3"} 1 600.4296875 0.0 1484.55078125 600.4296875 1142.907894736842 19
stats: {recvpackets,"os_mon@test4"} 1 17691.0 0.0 20576 3492 14142.833333333334 18
stats: {sentpackets,"os_mon@test4"} 1 14829.0 0.0 16240 2394 10648.833333333334 18
stats: {cpu,"os_mon@test4"} 1 59.58686440677966 0.0 66.86264029930518 2.2511255627813904 48.06933905918879 19
stats: {load,"os_mon@myserver"} 1 1.1015625 0.0 1.109375 0.73046875 0.9368832236842105 19
stats: {recvpackets,"os_mon@myserver"} 1 17738.0 0.0 20593 3542 14134.444444444445 18
stats: {sentpackets,"os_mon@myserver"} 1 14860.0 0.0 16255 2424 10642.777777777777 18
stats: {cpu,"os_mon@myserver"} 1 99.9001996007984 0.0 100.0 3.6511156186612577 90.20591802751984 19
stats: session 1183 64033.25940075551 42008.4617040263 168388.43603515625 16.660888671875 24879.095901830235 27028
stats: users_count 4481 61489
stats: finish_users_count 1183 28211
stats: request 20332 2285.7830639436797 5770.138611238716 41648.443115234375 1.02978515625 1581.6172708246304 371028
stats: error_unknown 0 13
stats: page 1202 59461.800808670094 41680.32441154687 168386.51586914063 15.260986328125 23903.406262236895 26974
stats: connect 20331 2057.068347847034 5710.294862793595 31118.509033203125 0.22607421875 1441.5541995213223 371165
stats: 200 20332 391360
stats: size_rcv 3456440 66531200
stats: newphase 4 103
stats: size_sent 2699225 51951466
stats: connected -1 102
stats: error_connect_etimedout 2464 17952
# stats: dump at 1338920150
stats: users 33247 33304
stats: {load,"os_mon@test2"} 0 0 0 1.76953125 0.66015625 1.1458984375 20
stats: {recvpackets,"os_mon@test3"} 0 0 0 20479 3487 14290.684210526315 19
stats: {sentpackets,"os_mon@test3"} 0 0 0 16159 2388 10826.947368421053 19
stats: {freemem,"os_mon@test2"} 0 0 0 1507.8125 697.37109375 1206.2708984375001 20
stats: {cpu,"os_mon@test3"} 0 0 0 68.29004329004329 3.121852970795569 49.04754140829621 20
stats: {load,"os_mon@test4"} 0 0 0 1.7109375 0.48046875 1.1392578125 20
stats: {freemem,"os_mon@test4"} 0 0 0 1431.81640625 601.59375 1103.059375 20
stats: {freemem,"os_mon@myserver"} 0 0 0 2969.6015625 2961.8671875 2964.73203125 20
stats: {recvpackets,"os_mon@test2"} 0 0 0 20348 3488 14283.947368421053 19
stats: {sentpackets,"os_mon@test2"} 0 0 0 16044 2390 10820.842105263158 19
stats: {load,"os_mon@test3"} 0 0 0 1.359375 0.51171875 0.9634765625 20
stats: {cpu,"os_mon@test2"} 0 0 0 65.36402569593149 2.2488755622188905 45.296858307120736 20
stats: {freemem,"os_mon@test3"} 0 0 0 1484.55078125 600.4296875 1115.783984375 20
stats: {recvpackets,"os_mon@test4"} 0 0 0 20576 3492 14329.578947368422 19
stats: {sentpackets,"os_mon@test4"} 0 0 0 16240 2394 10868.842105263158 19
stats: {cpu,"os_mon@test4"} 0 0 0 66.86264029930518 2.2511255627813904 48.645215326568334 20
stats: {load,"os_mon@myserver"} 0 0 0 1.109375 0.73046875 0.9451171875 20
stats: {recvpackets,"os_mon@myserver"} 0 0 0 20593 3542 14324.105263157895 19
stats: {sentpackets,"os_mon@myserver"} 0 0 0 16255 2424 10864.736842105263 19
stats: {cpu,"os_mon@myserver"} 0 0 0 100.0 3.6511156186612577 90.69063210618377 20
stats: session 35 70583.05675920758 49643.03577867923 168388.43603515625 16.660888671875 26520.986491289263 28211
stats: users_count 4 61493
stats: finish_users_count 35 28246
stats: error_unknown 0 13
stats: request 850 1542.1977691291358 4269.126431306306 41648.443115234375 1.02978515625 1618.2002095656785 391360
stats: page 34 61340.69595157399 45807.33047720705 168386.51586914063 15.260986328125 25420.342315786467 28176
stats: connect 864 1374.3729705810536 4320.102344572762 31118.509033203125 0.22607421875 1473.5188125687355 391496
stats: 200 850 392210
stats: size_rcv 144500 66675700
stats: newphase 0 103
stats: size_sent 114728 52066194
stats: connected 14 116
stats: error_connect_etimedout 61 18013
stats: error_abort 1 1
EndMonitor:{1338,920150,174236}
