# stats: dump at 1338976493
stats: users 0 0
# stats: dump at 1338976503
stats: users 2 7
stats: {load,"os_mon@test2"} 1 1.0 0 1.0 1.0 0 0
stats: {freemem,"os_mon@test2"} 1 1442.26171875 0 1442.26171875 1442.26171875 0 0
stats: {cpu,"os_mon@test3"} 1 2.832574607991907 0 2.832574607991907 2.832574607991907 0 0
stats: {load,"os_mon@test4"} 1 2.6484375 0 2.6484375 2.6484375 0 0
stats: {freemem,"os_mon@test4"} 1 1419.109375 0 1419.109375 1419.109375 0 0
stats: {freemem,"os_mon@myserver"} 1 2714.8515625 0 2714.8515625 2714.8515625 0 0
stats: {load,"os_mon@test3"} 1 2.01171875 0 2.01171875 2.01171875 0 0
stats: {cpu,"os_mon@test2"} 1 2.3244062657908033 0 2.3244062657908033 2.3244062657908033 0 0
stats: {freemem,"os_mon@test3"} 1 1427.80859375 0 1427.80859375 1427.80859375 0 0
stats: {cpu,"os_mon@test4"} 1 2.3570712136409226 0 2.3570712136409226 2.3570712136409226 0 0
stats: {load,"os_mon@myserver"} 1 4.171875 0 4.171875 4.171875 0 0
stats: {cpu,"os_mon@myserver"} 1 2.50886974151039 0 2.50886974151039 2.50886974151039 0 0
stats: session 565 23.369354950221233 3.506214729325527 52.48291015625 17.5859375 0 0
stats: users_count 567 567
stats: finish_users_count 565 565
stats: request 5408 1.9820517365043666 0.6952269677970744 29.088134765625 1.074951171875 0 0
stats: page 540 21.145038519965286 3.1793968146392513 50.30810546875 15.9990234375 0 0
stats: connect 5409 0.9342607698107318 0.2619414527943013 5.528076171875 0.38818359375 0 0
stats: 200 5408 5408
stats: size_rcv 719264 719264
stats: size_sent 717139 717139
stats: connected 1 1
# stats: dump at 1338976513
stats: users 4 21
stats: {load,"os_mon@test2"} 1 0.921875 0.0 1.0 0.921875 1.0 1
stats: {recvpackets,"os_mon@test3"} 1 3501 0 3501 3501 0 0
stats: {sentpackets,"os_mon@test3"} 1 2386 0 2386 2386 0 0
stats: {freemem,"os_mon@test2"} 1 1441.97265625 0.0 1442.26171875 1441.97265625 1442.26171875 1
stats: {cpu,"os_mon@test3"} 1 19.289340101522843 0.0 19.289340101522843 2.832574607991907 2.832574607991907 1
stats: {load,"os_mon@test4"} 1 2.46875 0.0 2.6484375 2.46875 2.6484375 1
stats: {freemem,"os_mon@test4"} 1 1419.1953125 0.0 1419.1953125 1419.109375 1419.109375 1
stats: {freemem,"os_mon@myserver"} 1 2718.60546875 0.0 2718.60546875 2714.8515625 2714.8515625 1
stats: {recvpackets,"os_mon@test2"} 1 3563 0 3563 3563 0 0
stats: {sentpackets,"os_mon@test2"} 1 2430 0 2430 2430 0 0
stats: {load,"os_mon@test3"} 1 1.9296875 0.0 2.01171875 1.9296875 2.01171875 1
stats: {cpu,"os_mon@test2"} 1 14.393558127830902 0.0 14.393558127830902 2.3244062657908033 2.3244062657908033 1
stats: {freemem,"os_mon@test3"} 1 1429.0390625 0.0 1429.0390625 1427.80859375 1427.80859375 1
stats: {recvpackets,"os_mon@test4"} 1 3504 0 3504 3504 0 0
stats: {sentpackets,"os_mon@test4"} 1 2395 0 2395 2395 0 0
stats: {cpu,"os_mon@test4"} 1 11.144730206757439 0.0 11.144730206757439 2.3570712136409226 2.3570712136409226 1
stats: {load,"os_mon@myserver"} 1 3.53125 0.0 4.171875 3.53125 4.171875 1
stats: {recvpackets,"os_mon@myserver"} 1 3660 0 3660 3660 0 0
stats: {sentpackets,"os_mon@myserver"} 1 2499 0 2499 2499 0 0
stats: {cpu,"os_mon@myserver"} 1 13.779230575810914 0.0 13.779230575810914 2.50886974151039 2.50886974151039 1
stats: session 1450 29.091914399245688 83.4649774202736 3162.73095703125 16.864990234375 23.369354950221233 565
stats: users_count 1452 2019
stats: finish_users_count 1450 2015
stats: request 14497 2.559874322058005 25.8593446471871 3084.037109375 1.0478515625 1.9820517365043666 5408
stats: page 1449 27.025686997228703 83.4617346208693 3159.827880859375 15.47412109375 21.145038519965286 540
stats: connect 14498 1.0676537281004304 0.6188043504960776 18.4140625 0.38818359375 0.9342607698107318 5409
stats: 200 14497 19905
stats: size_rcv 1928101 2647365
stats: newphase 6 6
stats: size_sent 1925454 2642593
stats: connected 1 2
# stats: dump at 1338976523
stats: users 148 163
stats: {load,"os_mon@test2"} 1 0.9296875 0.0 1.0 0.921875 0.9609375 2
stats: {recvpackets,"os_mon@test3"} 1 7455.0 0.0 7455 3501 3501.0 1
stats: {sentpackets,"os_mon@test3"} 1 4991.0 0.0 4991 2386 2386.0 1
stats: {freemem,"os_mon@test2"} 1 1442.0 0.0 1442.26171875 1441.97265625 1442.1171875 2
stats: {cpu,"os_mon@test3"} 1 36.026762738033966 0.0 36.026762738033966 2.832574607991907 11.060957354757376 2
stats: {load,"os_mon@test4"} 1 2.171875 0.0 2.6484375 2.171875 2.55859375 2
stats: {freemem,"os_mon@test4"} 1 1418.7734375 0.0 1419.1953125 1418.7734375 1419.15234375 2
stats: {freemem,"os_mon@myserver"} 1 2724.671875 0.0 2724.671875 2714.8515625 2716.728515625 2
stats: {recvpackets,"os_mon@test2"} 1 7478.0 0.0 7478 3563 3563.0 1
stats: {sentpackets,"os_mon@test2"} 1 5005.0 0.0 5005 2430 2430.0 1
stats: {load,"os_mon@test3"} 1 1.69921875 0.0 2.01171875 1.69921875 1.970703125 2
stats: {cpu,"os_mon@test2"} 1 34.096692111959285 0.0 34.096692111959285 2.3244062657908033 8.358982196810853 2
stats: {freemem,"os_mon@test3"} 1 1428.60546875 0.0 1429.0390625 1427.80859375 1428.423828125 2
stats: {recvpackets,"os_mon@test4"} 1 7449.0 0.0 7449 3504 3504.0 1
stats: {sentpackets,"os_mon@test4"} 1 4984.0 0.0 4984 2395 2395.0 1
stats: {cpu,"os_mon@test4"} 1 28.080082135523615 0.0 28.080082135523615 2.3570712136409226 6.750900710199181 2
stats: {load,"os_mon@myserver"} 1 3.140625 0.0 4.171875 3.140625 3.8515625 2
stats: {recvpackets,"os_mon@myserver"} 1 7578.0 0.0 7578 3660 3660.0 1
stats: {sentpackets,"os_mon@myserver"} 1 5067.0 0.0 5067 2499 2499.0 1
stats: {cpu,"os_mon@myserver"} 1 27.762396174175684 0.0 27.762396174175684 2.50886974151039 8.144050158660653 2
stats: session 2477 223.04563862535315 215.2106758926139 3162.73095703125 16.864990234375 27.487325769618487 2015
stats: users_count 2621 4640
stats: finish_users_count 2477 4492
stats: request 25304 22.08455146357789 40.58093688184982 3084.037109375 1.047119140625 2.402885397532806 19905
stats: page 2472 215.74769695985668 213.49587084443715 3159.827880859375 15.47412109375 25.429130849555378 1989
stats: connect 25363 11.13172968728439 33.25058253351273 1026.43212890625 0.38818359375 1.0314090648468521 19907
stats: 200 25304 45209
stats: size_rcv 3365432 6012797
stats: newphase 6 12
stats: size_sent 3368281 6010874
stats: connected 59 61
# stats: dump at 1338976533
stats: users 791 792
stats: {load,"os_mon@test2"} 1 0.7890625 0.0 1.0 0.7890625 0.9505208333333334 3
stats: {recvpackets,"os_mon@test3"} 1 11575.0 0.0 11575 3501 5478.0 2
stats: {sentpackets,"os_mon@test3"} 1 7656.0 0.0 7656 2386 3688.5 2
stats: {freemem,"os_mon@test2"} 1 1438.91796875 0.0 1442.26171875 1438.91796875 1442.078125 3
stats: {cpu,"os_mon@test3"} 1 50.935550935550935 0.0 50.935550935550935 2.832574607991907 19.38289248251624 3
stats: {load,"os_mon@test4"} 1 2.0 0.0 2.6484375 2.0 2.4296875 3
stats: {freemem,"os_mon@test4"} 1 1416.328125 0.0 1419.1953125 1416.328125 1419.0260416666667 3
stats: {freemem,"os_mon@myserver"} 1 2728.09765625 0.0 2728.09765625 2714.8515625 2719.3763020833335 3
stats: {recvpackets,"os_mon@test2"} 1 11596.0 0.0 11596 3563 5520.5 2
stats: {sentpackets,"os_mon@test2"} 1 7670.0 0.0 7670 2430 3717.5 2
stats: {load,"os_mon@test3"} 1 1.58984375 0.0 2.01171875 1.58984375 1.8802083333333333 3
stats: {cpu,"os_mon@test2"} 1 50.12879958784132 0.0 50.12879958784132 2.3244062657908033 16.938218835193663 3
stats: {freemem,"os_mon@test3"} 1 1427.01953125 0.0 1429.0390625 1427.01953125 1428.484375 3
stats: {recvpackets,"os_mon@test4"} 1 11569.0 0.0 11569 3504 5476.5 2
stats: {sentpackets,"os_mon@test4"} 1 7654.0 0.0 7654 2395 3689.5 2
stats: {cpu,"os_mon@test4"} 1 45.96564289432587 0.0 45.96564289432587 2.3570712136409226 13.860627851973993 3
stats: {load,"os_mon@myserver"} 1 3.0390625 0.0 4.171875 3.0390625 3.6145833333333335 3
stats: {recvpackets,"os_mon@myserver"} 1 11711.0 0.0 11711 3660 5619.0 2
stats: {sentpackets,"os_mon@myserver"} 1 7758.0 0.0 7758 2499 3783.0 2
stats: {cpu,"os_mon@myserver"} 1 46.165762974438415 0.0 46.165762974438415 2.50886974151039 14.683498830498996 3
stats: session 2747 857.8710197168231 491.22310447044094 3333.575927734375 16.864990234375 135.3230205478141 4492
stats: users_count 3390 8030
stats: finish_users_count 2747 7239
stats: request 29743 96.4588777076356 79.18139342532689 3084.037109375 1.047119140625 13.418941451309815 45209
stats: page 2717 826.8728611412221 464.92969039057704 3332.320068359375 15.47412109375 130.8914701063733 4461
stats: connect 30080 48.87505767497584 52.19762193748167 1121.864013671875 0.38818359375 6.69022134553789 45270
stats: 200 29743 74952
stats: size_rcv 3955819 9968616
stats: newphase 6 18
stats: size_sent 3987248 9998122
stats: connected 337 398
# stats: dump at 1338976543
stats: users 2426 2428
stats: {load,"os_mon@test2"} 1 0.890625 0.0 1.0 0.7890625 0.91015625 4
stats: {recvpackets,"os_mon@test3"} 1 14179.0 0.0 14179 3501 7510.333333333333 3
stats: {sentpackets,"os_mon@test3"} 1 9464.0 0.0 9464 2386 5011.0 3
stats: {freemem,"os_mon@test2"} 1 1428.6640625 0.0 1442.26171875 1428.6640625 1441.2880859375 4
stats: {cpu,"os_mon@test3"} 1 59.674882013633976 0.0 59.674882013633976 2.832574607991907 27.271057095774914 4
stats: {load,"os_mon@test4"} 1 1.83984375 0.0 2.6484375 1.83984375 2.322265625 4
stats: {freemem,"os_mon@test4"} 1 1404.71484375 0.0 1419.1953125 1404.71484375 1418.3515625 4
stats: {freemem,"os_mon@myserver"} 1 2748.88671875 0.0 2748.88671875 2714.8515625 2721.556640625 4
stats: {recvpackets,"os_mon@test2"} 1 14233.0 0.0 14233 3563 7545.666666666667 3
stats: {sentpackets,"os_mon@test2"} 1 9496.0 0.0 9496 2430 5035.0 3
stats: {load,"os_mon@test3"} 1 1.3515625 0.0 2.01171875 1.3515625 1.8076171875 4
stats: {cpu,"os_mon@test2"} 1 54.92307692307692 0.0 54.92307692307692 2.3244062657908033 25.235864023355575 4
stats: {freemem,"os_mon@test3"} 1 1414.21484375 0.0 1429.0390625 1414.21484375 1428.1181640625 4
stats: {recvpackets,"os_mon@test4"} 1 14184.0 0.0 14184 3504 7507.333333333333 3
stats: {sentpackets,"os_mon@test4"} 1 9470.0 0.0 9470 2395 5011.0 3
stats: {cpu,"os_mon@test4"} 1 53.68474923234391 0.0 53.68474923234391 2.3570712136409226 21.88688161256196 4
stats: {load,"os_mon@myserver"} 1 3.03125 0.0 4.171875 3.03125 3.470703125 4
stats: {recvpackets,"os_mon@myserver"} 1 15152.0 0.0 15152 3660 7649.666666666667 3
stats: {sentpackets,"os_mon@myserver"} 1 10122.0 0.0 10122 2499 5108.0 3
stats: {cpu,"os_mon@myserver"} 1 50.95722051524463 0.0 50.95722051524463 2.50886974151039 22.55406486648385 4
stats: session 2465 3792.523443244482 1043.4834712030304 7889.599853515625 16.864990234375 409.50997367908474 7239
stats: users_count 4100 12130
stats: finish_users_count 2465 9704
stats: request 29812 439.4016648454667 262.41256963392215 4175.320068359375 1.047119140625 46.371455381183566 74952
stats: page 2412 3673.669942827367 1018.5376884613801 7868.800048828125 15.47412109375 394.33274057749117 7178
stats: connect 30597 220.55995357904996 182.2154028112255 3233.741943359375 0.38818359375 23.53056476676541 75350
stats: 200 29812 104764
stats: size_rcv 3964996 13933612
stats: newphase 6 24
stats: size_sent 4061911 14060033
stats: connected 785 1183
# stats: dump at 1338976553
stats: users 4061 4417
stats: {load,"os_mon@test2"} 1 1.0703125 0.0 1.0703125 0.7890625 0.90625 5
stats: {recvpackets,"os_mon@test3"} 1 16221.0 0.0 16221 3501 9177.5 4
stats: {sentpackets,"os_mon@test3"} 1 10936.0 0.0 10936 2386 6124.25 4
stats: {freemem,"os_mon@test2"} 1 1400.46875 0.0 1442.26171875 1400.46875 1438.76328125 5
stats: {cpu,"os_mon@test3"} 1 61.12299465240641 0.0 61.12299465240641 2.832574607991907 33.751822079346724 5
stats: {load,"os_mon@test4"} 1 1.7890625 0.0 2.6484375 1.7890625 2.22578125 5
stats: {freemem,"os_mon@test4"} 1 1377.37890625 0.0 1419.1953125 1377.37890625 1415.62421875 5
stats: {freemem,"os_mon@myserver"} 0 0 0 2748.88671875 2714.8515625 2727.02265625 5
stats: {recvpackets,"os_mon@test2"} 1 16247.0 0.0 16247 3563 9217.5 4
stats: {sentpackets,"os_mon@test2"} 1 10958.0 0.0 10958 2430 6150.25 4
stats: {load,"os_mon@test3"} 1 1.33984375 0.0 2.01171875 1.33984375 1.71640625 5
stats: {cpu,"os_mon@test2"} 1 57.994858611825194 0.0 57.994858611825194 2.3244062657908033 31.173306603299842 5
stats: {freemem,"os_mon@test3"} 1 1386.953125 0.0 1429.0390625 1386.953125 1425.3375 5
stats: {recvpackets,"os_mon@test4"} 1 16173.0 0.0 16173 3504 9176.5 4
stats: {sentpackets,"os_mon@test4"} 1 10898.0 0.0 10898 2395 6125.75 4
stats: {cpu,"os_mon@test4"} 1 60.360824742268036 0.0 60.360824742268036 2.3570712136409226 28.246455136518353 5
stats: {load,"os_mon@myserver"} 0 0 0 4.171875 3.03125 3.3828125 5
stats: {recvpackets,"os_mon@myserver"} 0 0 0 15152 3660 9525.25 4
stats: {sentpackets,"os_mon@myserver"} 0 0 0 10122 2499 6361.5 4
stats: {cpu,"os_mon@myserver"} 0 0 0 50.95722051524463 2.50886974151039 28.234695996236006 5
stats: session 1622 7289.433651097464 1945.326465861809 15659.442138671875 16.864990234375 1268.859541123304 9704
stats: users_count 3257 15387
stats: finish_users_count 1622 11326
stats: request 26557 1061.6594984759342 1086.4433905662486 15452.677978515625 1.047119140625 158.21346794799288 104764
stats: page 1732 7141.5054434056065 1933.4229840060018 15657.912109375 15.47412109375 1219.1253716334556 9590
stats: connect 25547 507.2080422924536 732.7005130001975 15026.142822265625 0.38818359375 80.43173430898436 105947
stats: 200 26557 131321
stats: size_rcv 3532081 17465693
stats: newphase 6 30
stats: size_sent 3391289 17451322
stats: connected -1010 173
# stats: dump at 1338976563
stats: users 4228 4417
stats: {load,"os_mon@test2"} 1 1.12890625 0.0 1.12890625 0.7890625 0.93359375 6
stats: {recvpackets,"os_mon@test3"} 1 10373.0 0.0 16221 3501 10586.2 5
stats: {sentpackets,"os_mon@test3"} 1 7163.0 0.0 10936 2386 7086.6 5
stats: {freemem,"os_mon@test2"} 1 1383.0390625 0.0 1442.26171875 1383.0390625 1432.380859375 6
stats: {cpu,"os_mon@test3"} 1 49.25925925925926 0.0 61.12299465240641 2.832574607991907 38.31368417485667 6
stats: {load,"os_mon@test4"} 1 1.73828125 0.0 2.6484375 1.73828125 2.1529947916666665 6
stats: {freemem,"os_mon@test4"} 1 1359.57421875 0.0 1419.1953125 1359.57421875 1409.25 6
stats: {freemem,"os_mon@myserver"} 1 2750.98046875 0.0 2750.98046875 2714.8515625 2727.02265625 5
stats: {recvpackets,"os_mon@test2"} 1 10260.0 0.0 16247 3563 10623.4 5
stats: {sentpackets,"os_mon@test2"} 1 7090.0 0.0 10958 2430 7111.8 5
stats: {load,"os_mon@test3"} 1 1.51171875 0.0 2.01171875 1.33984375 1.6536458333333333 6
stats: {cpu,"os_mon@test2"} 1 46.493506493506494 0.0 57.994858611825194 2.3244062657908033 35.643565271387395 6
stats: {freemem,"os_mon@test3"} 1 1346.28125 0.0 1429.0390625 1346.28125 1418.9401041666667 6
stats: {recvpackets,"os_mon@test4"} 1 10363.0 0.0 16173 3504 10575.8 5
stats: {sentpackets,"os_mon@test4"} 1 7153.0 0.0 10898 2395 7080.2 5
stats: {cpu,"os_mon@test4"} 1 45.51546391752577 0.0 60.360824742268036 2.3570712136409226 33.598850070809966 6
stats: {load,"os_mon@myserver"} 1 2.71875 0.0 4.171875 2.71875 3.3828125 5
stats: {recvpackets,"os_mon@myserver"} 1 24472.0 0.0 24472 3660 9525.25 4
stats: {sentpackets,"os_mon@myserver"} 1 16660.0 0.0 16660 2499 6361.5 4
stats: {cpu,"os_mon@myserver"} 1 44.995818232506274 0.0 50.95722051524463 2.50886974151039 28.234695996236006 5
stats: session 2966 13401.973846744226 3157.7747698396556 24489.0458984375 16.864990234375 2131.0678411743447 11326
stats: users_count 3133 18520
stats: finish_users_count 2966 14292
stats: request 27138 1502.0289474240994 1973.4770716724356 17537.488037109375 1.047119140625 340.917043406073 131321
stats: 200 27138 158459
stats: page 2871 13309.70156780629 3115.631155842213 24487.12109375 15.47412109375 2125.1103817296726 11322
stats: connect 29301 374.9373107516454 591.3059346898287 15258.22119140625 0.38818359375 163.34695736139503 131494
stats: size_rcv 3609354 21075047
stats: newphase 6 36
stats: size_sent 3890231 21341553
stats: connected 2163 2336
# stats: dump at 1338976573
stats: users 4088 4417
stats: {load,"os_mon@test2"} 1 1.26953125 0.0 1.26953125 0.7890625 0.9614955357142857 7
stats: {recvpackets,"os_mon@test3"} 1 14019.0 0.0 16221 3501 10550.666666666666 6
stats: {sentpackets,"os_mon@test3"} 1 10155.0 0.0 10936 2386 7099.333333333333 6
stats: {freemem,"os_mon@test2"} 1 1356.66796875 0.0 1442.26171875 1356.66796875 1425.33203125 7
stats: {cpu,"os_mon@test3"} 1 70.88738972496108 0.0 70.88738972496108 2.832574607991907 39.877337758342755 7
stats: {load,"os_mon@test4"} 1 1.55078125 0.0 2.6484375 1.55078125 2.09375 7
stats: {freemem,"os_mon@test4"} 1 1352.52734375 0.0 1419.1953125 1352.52734375 1402.1534598214287 7
stats: {freemem,"os_mon@myserver"} 1 2750.234375 0.0 2750.98046875 2714.8515625 2731.015625 6
stats: {recvpackets,"os_mon@test2"} 1 14252.0 0.0 16247 3563 10562.833333333334 6
stats: {sentpackets,"os_mon@test2"} 1 10351.0 0.0 10958 2430 7108.166666666667 6
stats: {load,"os_mon@test3"} 1 1.6484375 0.0 2.01171875 1.33984375 1.6333705357142858 7
stats: {cpu,"os_mon@test2"} 1 64.96945010183299 0.0 64.96945010183299 2.3244062657908033 37.19355687454727 7
stats: {freemem,"os_mon@test3"} 1 1284.42578125 0.0 1429.0390625 1284.42578125 1408.560267857143 7
stats: {recvpackets,"os_mon@test4"} 1 14016.0 0.0 16173 3504 10540.333333333334 6
stats: {sentpackets,"os_mon@test4"} 1 10152.0 0.0 10898 2395 7092.333333333333 6
stats: {cpu,"os_mon@test4"} 1 52.53793825222397 0.0 60.360824742268036 2.3570712136409226 35.30122347748365 7
stats: {load,"os_mon@myserver"} 1 2.671875 0.0 4.171875 2.671875 3.2721354166666665 6
stats: {recvpackets,"os_mon@myserver"} 1 16374.0 0.0 24472 3660 12514.6 5
stats: {sentpackets,"os_mon@myserver"} 1 11850.0 0.0 16660 2499 8421.2 5
stats: {cpu,"os_mon@myserver"} 1 53.4741144414169 0.0 53.4741144414169 2.50886974151039 31.02821636894772 6
stats: session 3024 13143.321128401176 5671.009032806801 31299.281982421875 16.864990234375 4470.104170066051 14292
stats: users_count 2884 21404
stats: finish_users_count 3024 17316
stats: request 31253 1267.0734308022077 1539.923214943614 24983.93701171875 1.047119140625 539.7713517838945 158459
stats: page 3027 13240.193949361343 5624.393060865183 31298.066162109375 15.47412109375 4387.56097675722 14193
stats: connect 30873 462.097055344427 798.572605256261 15258.22119140625 0.38818359375 201.90418205549452 160795
stats: 200 31253 189712
stats: size_rcv 4156649 25231696
stats: newphase 6 42
stats: size_sent 4096835 25438388
stats: connected -380 1956
# stats: dump at 1338976583
stats: users 4313 4754
stats: {load,"os_mon@test2"} 1 1.44921875 0.0 1.44921875 0.7890625 1.0 8
stats: {recvpackets,"os_mon@test3"} 1 13541.0 0.0 16221 3501 11046.142857142857 7
stats: {sentpackets,"os_mon@test3"} 1 9928.0 0.0 10936 2386 7535.857142857143 7
stats: {freemem,"os_mon@test2"} 1 1310.0 0.0 1442.26171875 1310.0 1416.7490234375 8
stats: {cpu,"os_mon@test3"} 1 66.66666666666666 0.0 70.88738972496108 2.832574607991907 43.75359425417004 8
stats: {load,"os_mon@test4"} 1 1.46875 0.0 2.6484375 1.46875 2.02587890625 8
stats: {freemem,"os_mon@test4"} 1 1350.71484375 0.0 1419.1953125 1350.71484375 1395.9501953125 8
stats: {freemem,"os_mon@myserver"} 0 0 0 2750.98046875 2714.8515625 2733.761160714286 7
stats: {recvpackets,"os_mon@test2"} 1 13472.0 0.0 16247 3563 11089.857142857143 7
stats: {sentpackets,"os_mon@test2"} 1 9881.0 0.0 10958 2430 7571.428571428572 7
stats: {load,"os_mon@test3"} 1 1.62890625 0.0 2.01171875 1.33984375 1.63525390625 8
stats: {cpu,"os_mon@test2"} 1 69.71252566735113 0.0 69.71252566735113 2.3244062657908033 40.665543527957986 8
stats: {freemem,"os_mon@test3"} 1 1250.71875 0.0 1429.0390625 1250.71875 1393.04345703125 8
stats: {recvpackets,"os_mon@test4"} 1 13545.0 0.0 16173 3504 11036.857142857143 7
stats: {sentpackets,"os_mon@test4"} 1 9931.0 0.0 10898 2395 7529.428571428572 7
stats: {cpu,"os_mon@test4"} 1 53.81799163179917 0.0 60.360824742268036 2.3570712136409226 37.45581282432619 8
stats: {load,"os_mon@myserver"} 0 0 0 4.171875 2.671875 3.1863839285714284 7
stats: {recvpackets,"os_mon@myserver"} 0 0 0 24472 3660 13157.833333333334 6
stats: {sentpackets,"os_mon@myserver"} 0 0 0 16660 2499 8992.666666666666 6
stats: {cpu,"os_mon@myserver"} 0 0 0 53.4741144414169 2.50886974151039 34.23477323644332 7
stats: session 2291 13035.750824707242 5322.942499501717 39104.621826171875 16.864990234375 5984.761601459295 17316
stats: users_count 2516 23920
stats: finish_users_count 2291 19607
stats: request 25752 1388.5358813908856 1759.8981989579315 32205.968994140625 1.047119140625 659.5865025153154 189712
stats: page 2378 13013.34511217739 5341.867745318209 39103.39111328125 15.47412109375 5943.7119644501745 17220
stats: connect 24057 604.8634091911772 1031.6313351819158 31302.3759765625 0.38818359375 243.81485351368894 191668
stats: 200 25752 215464
stats: size_rcv 3425016 28656712
stats: newphase 1 43
stats: size_sent 3191827 28630215
stats: connected -1695 261
# stats: dump at 1338976593
stats: users 4121 4758
stats: {load,"os_mon@test2"} 1 1.53125 0.0 1.53125 0.7890625 1.0499131944444444 9
stats: {recvpackets,"os_mon@test3"} 1 12396.0 0.0 16221 3501 11358.0 8
stats: {sentpackets,"os_mon@test3"} 1 8990.0 0.0 10936 2386 7834.875 8
stats: {freemem,"os_mon@test2"} 1 1292.67578125 0.0 1442.26171875 1292.67578125 1404.8880208333333 9
stats: {cpu,"os_mon@test3"} 1 64.79459178367135 0.0 70.88738972496108 2.832574607991907 46.299491188891885 9
stats: {load,"os_mon@test4"} 1 1.48046875 0.0 2.6484375 1.46875 1.9639756944444444 9
stats: {freemem,"os_mon@test4"} 1 1351.80859375 0.0 1419.1953125 1350.71484375 1390.924045138889 9
stats: {freemem,"os_mon@myserver"} 1 2754.78125 0.0 2754.78125 2714.8515625 2733.761160714286 7
stats: {recvpackets,"os_mon@test2"} 1 12730.0 0.0 16247 3563 11387.625 8
stats: {sentpackets,"os_mon@test2"} 1 9198.0 0.0 10958 2430 7860.125 8
stats: {load,"os_mon@test3"} 1 1.9296875 0.0 2.01171875 1.33984375 1.6345486111111112 9
stats: {cpu,"os_mon@test2"} 1 53.58627858627859 0.0 69.71252566735113 2.3244062657908033 43.89298598789056 9
stats: {freemem,"os_mon@test3"} 1 1205.38671875 0.0 1429.0390625 1205.38671875 1377.2296006944443 9
stats: {recvpackets,"os_mon@test4"} 1 12377.0 0.0 16173 3504 11350.375 8
stats: {sentpackets,"os_mon@test4"} 1 8980.0 0.0 10898 2395 7829.625 8
stats: {cpu,"os_mon@test4"} 1 44.36948624805397 0.0 60.360824742268036 2.3570712136409226 39.27383269182318 9
stats: {load,"os_mon@myserver"} 1 2.5390625 0.0 4.171875 2.5390625 3.1863839285714284 7
stats: {recvpackets,"os_mon@myserver"} 1 21967.0 0.0 24472 3660 13157.833333333334 6
stats: {sentpackets,"os_mon@myserver"} 1 16065.0 0.0 16660 2499 8992.666666666666 6
stats: {cpu,"os_mon@myserver"} 1 46.27871362940276 0.0 53.4741144414169 2.50886974151039 34.23477323644332 7
stats: session 3021 15295.801846870092 5818.097381530164 52640.630126953125 16.864990234375 6808.641660135331 19607
stats: users_count 2829 26749
stats: finish_users_count 3021 22628
stats: 200 29702 245166
stats: request 29702 1612.9227317936925 2119.2786620617194 44616.833984375 1.047119140625 746.7096618588888 215464
stats: connect 31611 415.5343135860167 903.1470087331985 31313.0830078125 0.38818359375 284.077897221805 215725
stats: page 2932 15258.857381240405 5772.4407954220005 52638.356201171875 15.47412109375 6801.533559781092 19598
stats: size_rcv 3950366 32607078
stats: newphase 6 49
stats: size_sent 4193497 32823712
stats: connected 1909 2170
# stats: dump at 1338976603
stats: users 4148 4758
stats: {load,"os_mon@test2"} 1 1.51953125 0.0 1.53125 0.7890625 1.098046875 10
stats: {recvpackets,"os_mon@test3"} 1 14646.0 0.0 16221 3501 11473.333333333334 9
stats: {sentpackets,"os_mon@test3"} 1 10894.0 0.0 10936 2386 7963.222222222223 9
stats: {freemem,"os_mon@test2"} 1 1248.03125 0.0 1442.26171875 1248.03125 1393.666796875 10
stats: {cpu,"os_mon@test3"} 1 73.01504929942917 0.0 73.01504929942917 2.832574607991907 48.14900124836983 10
stats: {load,"os_mon@test4"} 1 1.55859375 0.0 2.6484375 1.46875 1.915625 10
stats: {freemem,"os_mon@test4"} 1 1342.375 0.0 1419.1953125 1342.375 1387.0125 10
stats: {freemem,"os_mon@myserver"} 1 2750.1953125 0.0 2754.78125 2714.8515625 2736.388671875 8
stats: {recvpackets,"os_mon@test2"} 1 15082.0 0.0 16247 3563 11536.777777777777 9
stats: {sentpackets,"os_mon@test2"} 1 11185.0 0.0 11185 2430 8008.777777777777 9
stats: {load,"os_mon@test3"} 1 1.94921875 0.0 2.01171875 1.33984375 1.6640625 10
stats: {cpu,"os_mon@test2"} 1 70.45805455481215 0.0 70.45805455481215 2.3244062657908033 44.86231524772936 10
stats: {freemem,"os_mon@test3"} 1 1156.9140625 0.0 1429.0390625 1156.9140625 1360.0453125 10
stats: {recvpackets,"os_mon@test4"} 1 14593.0 0.0 16173 3504 11464.444444444445 9
stats: {sentpackets,"os_mon@test4"} 1 10853.0 0.0 10898 2395 7957.444444444444 9
stats: {cpu,"os_mon@test4"} 1 53.77846790890269 0.0 60.360824742268036 2.3570712136409226 39.78339804744626 10
stats: {load,"os_mon@myserver"} 1 2.46875 0.0 4.171875 2.46875 3.10546875 8
stats: {recvpackets,"os_mon@myserver"} 1 18433.0 0.0 24472 3660 14416.285714285714 7
stats: {sentpackets,"os_mon@myserver"} 1 13557.0 0.0 16660 2499 10003.0 7
stats: {cpu,"os_mon@myserver"} 1 53.035677029000624 0.0 53.4741144414169 2.50886974151039 35.740265785563246 8
stats: session 3185 14502.6043522953 6450.429612879957 60678.025146484375 16.864990234375 7941.738306950149 22628
stats: users_count 3212 29961
stats: finish_users_count 3185 25813
stats: 200 31066 276232
stats: request 31068 1363.0039910799842 2032.896597611081 51439.611083984375 1.047119140625 851.6518667453884 245166
stats: page 3170 14662.783071735752 6466.825229884554 60676.080810546875 15.47412109375 7902.149336279924 22530
stats: connect 30571 478.4792656720195 900.6807895447494 31313.0830078125 0.38818359375 300.87880278221314 247336
stats: size_rcv 4131778 36738856
stats: newphase 6 55
stats: size_sent 4055921 36879633
stats: connected -497 1673
# stats: dump at 1338976613
stats: users 4525 4825
stats: {load,"os_mon@test2"} 1 1.58984375 0.0 1.58984375 0.7890625 1.1363636363636365 11
stats: {recvpackets,"os_mon@test3"} 1 13514.0 0.0 16221 3501 11790.6 10
stats: {sentpackets,"os_mon@test3"} 1 10205.0 0.0 10936 2386 8256.3 10
stats: {freemem,"os_mon@test2"} 1 1222.03515625 0.0 1442.26171875 1222.03515625 1380.4272017045455 11
stats: {cpu,"os_mon@test3"} 1 70.97107438016529 0.0 73.01504929942917 2.832574607991907 50.4095510711934 11
stats: {load,"os_mon@test4"} 1 1.5390625 0.0 2.6484375 1.46875 1.8831676136363635 11
stats: {freemem,"os_mon@test4"} 1 1313.70703125 0.0 1419.1953125 1313.70703125 1382.9545454545455 11
stats: {freemem,"os_mon@myserver"} 1 2741.88671875 0.0 2754.78125 2714.8515625 2737.9227430555557 9
stats: {recvpackets,"os_mon@test2"} 1 12666.0 0.0 16247 3563 11891.3 10
stats: {sentpackets,"os_mon@test2"} 1 9655.0 0.0 11185 2430 8326.4 10
stats: {load,"os_mon@test3"} 1 1.73046875 0.0 2.01171875 1.33984375 1.6899857954545454 11
stats: {cpu,"os_mon@test2"} 1 58.63659661711943 0.0 70.45805455481215 2.3244062657908033 47.18920063928235 11
stats: {freemem,"os_mon@test3"} 1 1121.94921875 0.0 1429.0390625 1121.94921875 1341.5788352272727 11
stats: {recvpackets,"os_mon@test4"} 1 13577.0 0.0 16173 3504 11777.3 10
stats: {sentpackets,"os_mon@test4"} 1 10253.0 0.0 10898 2395 8247.0 10
stats: {cpu,"os_mon@test4"} 1 63.48547717842323 0.0 63.48547717842323 2.3570712136409226 41.05567712576049 11
stats: {load,"os_mon@myserver"} 1 2.75 0.0 4.171875 2.46875 3.0347222222222223 9
stats: {recvpackets,"os_mon@myserver"} 1 16409.0 0.0 24472 3660 14918.375 8
stats: {sentpackets,"os_mon@myserver"} 1 12368.0 0.0 16660 2499 10447.25 8
stats: {cpu,"os_mon@myserver"} 1 52.91122426389197 0.0 53.4741144414169 2.50886974151039 37.66197814594518 9
stats: session 2972 14006.120889943495 7016.265848356527 67086.58081054688 16.864990234375 8751.266775335238 25813
stats: users_count 3349 33310
stats: finish_users_count 2972 28785
stats: request 31392 1360.7967305314758 1992.9084702507728 56575.85400390625 1.047119140625 909.1635698624095 276234
stats: page 3011 13899.827249547892 6970.335328768787 67085.18701171875 15.47412109375 8736.048516878951 25700
stats: connect 31568 444.3254957242602 727.7757707265545 31313.0830078125 0.38818359375 320.41563974927146 277907
stats: 200 31387 307619
stats: size_rcv 4174471 40913327
stats: newphase 6 61
stats: size_sent 4186784 41066417
stats: connected 176 1849
# stats: dump at 1338976623
stats: users 4782 5447
stats: {load,"os_mon@test2"} 1 1.421875 0.0 1.58984375 0.7890625 1.1741536458333335 12
stats: {recvpackets,"os_mon@test3"} 1 17495.0 0.0 17495 3501 11947.272727272728 11
stats: {sentpackets,"os_mon@test3"} 1 12856.0 0.0 12856 2386 8433.454545454546 11
stats: {freemem,"os_mon@test2"} 1 1200.23828125 0.0 1442.26171875 1200.23828125 1367.2278645833333 12
stats: {cpu,"os_mon@test3"} 1 81.90721649484536 0.0 81.90721649484536 2.832574607991907 52.12301134694106 12
stats: {load,"os_mon@test4"} 1 1.83984375 0.0 2.6484375 1.46875 1.8544921875 12
stats: {freemem,"os_mon@test4"} 1 1300.26171875 0.0 1419.1953125 1300.26171875 1377.1839192708333 12
stats: {freemem,"os_mon@myserver"} 1 2738.015625 0.0 2754.78125 2714.8515625 2738.319140625 10
stats: {recvpackets,"os_mon@test2"} 1 17430.0 0.0 17430 3563 11961.727272727272 11
stats: {sentpackets,"os_mon@test2"} 1 1.28e4 0.0 12800 2430 8447.181818181818 11
stats: {load,"os_mon@test3"} 1 1.921875 0.0 2.01171875 1.33984375 1.693359375 12
stats: {cpu,"os_mon@test2"} 1 65.70397111913357 0.0 70.45805455481215 2.3244062657908033 48.1431503041021 12
stats: {freemem,"os_mon@test3"} 1 1054.99609375 0.0 1429.0390625 1054.99609375 1323.2763671875 12
stats: {recvpackets,"os_mon@test4"} 1 17489.0 0.0 17489 3504 11940.90909090909 11
stats: {sentpackets,"os_mon@test4"} 1 12845.0 0.0 12845 2395 8429.363636363636 11
stats: {cpu,"os_mon@test4"} 1 61.59079016221873 0.0 63.48547717842323 2.3570712136409226 42.924827130149055 12
stats: {load,"os_mon@myserver"} 1 2.7109375 0.0 4.171875 2.46875 3.00625 10
stats: {recvpackets,"os_mon@myserver"} 1 21874.0 0.0 24472 3660 15084.0 9
stats: {sentpackets,"os_mon@myserver"} 1 16396.0 0.0 16660 2499 10660.666666666666 9
stats: {cpu,"os_mon@myserver"} 1 52.22154595252587 0.0 53.4741144414169 2.50886974151039 39.18690275773986 10
stats: session 2914 13996.527579679992 6403.353789584188 69268.31201171875 16.864990234375 9293.821106709764 28785
stats: users_count 3171 36481
stats: finish_users_count 2914 31699
stats: request 30299 1503.4434001712057 2048.8795415208037 56575.85400390625 1.047119140625 955.2509232711699 307626
stats: page 2912 13987.940656808722 6435.049529891667 69266.23608398438 15.47412109375 9277.587918643647 28711
stats: connect 29976 505.28150396293853 989.7053514178223 31313.0830078125 0.38818359375 333.0550656590168 309475
stats: 200 30299 337918
stats: size_rcv 4029767 44943094
stats: newphase 6 67
stats: size_sent 3976560 45042977
stats: connected -323 1526
# stats: dump at 1338976633
stats: users 4763 5447
stats: {load,"os_mon@test2"} 1 1.4296875 0.0 1.58984375 0.7890625 1.1932091346153848 13
stats: {recvpackets,"os_mon@test3"} 1 13443.0 0.0 17495 3501 12409.583333333334 12
stats: {sentpackets,"os_mon@test3"} 1 10301.0 0.0 12856 2386 8802.0 12
stats: {freemem,"os_mon@test2"} 1 1199.36328125 0.0 1442.26171875 1199.36328125 1354.3825120192307 13
stats: {cpu,"os_mon@test3"} 1 67.17277486910996 0.0 81.90721649484536 2.832574607991907 54.414104050626 13
stats: {load,"os_mon@test4"} 1 1.94140625 0.0 2.6484375 1.46875 1.8533653846153846 13
stats: {freemem,"os_mon@test4"} 1 1247.55078125 0.0 1419.1953125 1247.55078125 1371.266826923077 13
stats: {freemem,"os_mon@myserver"} 0 0 0 2754.78125 2714.8515625 2738.2915482954545 11
stats: {recvpackets,"os_mon@test2"} 1 13548.0 0.0 17430 3563 12417.416666666666 12
stats: {sentpackets,"os_mon@test2"} 1 10435.0 0.0 12800 2430 8809.916666666666 12
stats: {load,"os_mon@test3"} 1 1.859375 0.0 2.01171875 1.33984375 1.7109375 13
stats: {cpu,"os_mon@test2"} 1 55.37662337662338 0.0 70.45805455481215 2.3244062657908033 49.49398267448914 13
stats: {freemem,"os_mon@test3"} 1 1021.5859375 0.0 1429.0390625 1021.5859375 1302.639423076923 13
stats: {recvpackets,"os_mon@test4"} 1 13435.0 0.0 17489 3504 12403.25 12
stats: {sentpackets,"os_mon@test4"} 1 1.03e4 0.0 12845 2395 8797.333333333334 12
stats: {cpu,"os_mon@test4"} 1 72.36976506639428 0.0 72.36976506639428 2.3570712136409226 44.360670440308255 13
stats: {load,"os_mon@myserver"} 0 0 0 4.171875 2.46875 2.979403409090909 11
stats: {recvpackets,"os_mon@myserver"} 0 0 0 24472 3660 15763.0 10
stats: {sentpackets,"os_mon@myserver"} 0 0 0 16660 2499 11234.2 10
stats: {cpu,"os_mon@myserver"} 0 0 0 53.4741144414169 2.50886974151039 40.37187032090222 11
stats: session 3024 15296.857473544973 6433.773695706806 71514.8740234375 16.864990234375 9726.127698786335 31699
stats: users_count 3005 39486
stats: finish_users_count 3024 34723
stats: request 30882 1511.6264452774017 2246.2361955825745 63818.830078125 1.047119140625 1004.4029062780329 337925
stats: page 3014 15270.170025314805 6389.746854557279 69266.23608398438 15.47412109375 9711.34016142696 31623
stats: connect 32060 449.81278533078773 839.4053826752363 31313.0830078125 0.38818359375 348.26391675858156 339451
stats: 200 30882 368800
stats: size_rcv 4107306 49050400
stats: newphase 4 71
stats: size_sent 4254612 49297589
stats: connected 1178 2704
# stats: dump at 1338976643
stats: users 5578 5578
stats: {load,"os_mon@test2"} 1 1.51171875 0.0 1.58984375 0.7890625 1.2101004464285714 14
stats: {recvpackets,"os_mon@test3"} 1 14332.0 0.0 17495 3501 12489.076923076924 13
stats: {sentpackets,"os_mon@test3"} 1 11051.0 0.0 12856 2386 8917.307692307691 13
stats: {freemem,"os_mon@test2"} 1 1177.3046875 0.0 1442.26171875 1177.3046875 1343.3097098214287 14
stats: {cpu,"os_mon@test3"} 1 67.49740394600208 0.0 81.90721649484536 2.832574607991907 55.325437680517716 14
stats: {load,"os_mon@test4"} 1 2.01953125 0.0 2.6484375 1.46875 1.8596540178571428 14
stats: {freemem,"os_mon@test4"} 1 1207.625 0.0 1419.1953125 1207.625 1362.429966517857 14
stats: {freemem,"os_mon@myserver"} 1 2731.07421875 0.0 2754.78125 2714.8515625 2738.2915482954545 11
stats: {recvpackets,"os_mon@test2"} 1 14437.0 0.0 17430 3563 12504.384615384615 13
stats: {sentpackets,"os_mon@test2"} 1 11057.0 0.0 12800 2430 8934.923076923076 13
stats: {load,"os_mon@test3"} 1 1.96875 0.0 2.01171875 1.33984375 1.7215401785714286 14
stats: {cpu,"os_mon@test2"} 1 60.51389617199791 0.0 70.45805455481215 2.3244062657908033 49.91417129607015 14
stats: {freemem,"os_mon@test3"} 1 976.73046875 0.0 1429.0390625 976.73046875 1282.564174107143 14
stats: {recvpackets,"os_mon@test4"} 1 14281.0 0.0 17489 3504 12482.615384615385 13
stats: {sentpackets,"os_mon@test4"} 1 11014.0 0.0 12845 2395 8912.923076923076 13
stats: {cpu,"os_mon@test4"} 1 73.09278350515463 0.0 73.09278350515463 2.3570712136409226 46.36132005645726 14
stats: {load,"os_mon@myserver"} 1 2.69140625 0.0 4.171875 2.46875 2.979403409090909 11
stats: {recvpackets,"os_mon@myserver"} 1 17137.0 0.0 24472 3660 15763.0 10
stats: {sentpackets,"os_mon@myserver"} 1 13049.0 0.0 16660 2499 11234.2 10
stats: {cpu,"os_mon@myserver"} 1 51.98695740778479 0.0 53.4741144414169 2.50886974151039 40.37187032090222 11
stats: session 3267 15575.899233068134 7295.521886059042 73984.46899414063 16.864990234375 10211.278372370705 34723
stats: users_count 4082 43568
stats: finish_users_count 3267 37990
stats: request 30702 1577.049405754306 2569.9344361942594 66318.23706054688 1.047119140625 1046.8751948500462 368807
stats: page 3134 15982.614611948837 7279.513962406627 73981.97094726563 15.47412109375 10195.051603230753 34637
stats: connect 30883 459.14253708837833 909.7754669552241 31313.0830078125 0.38818359375 357.0272016315057 371511
stats: error_unknown 159 159
stats: 200 30700 399500
stats: size_rcv 4083100 53133500
stats: newphase 6 77
stats: size_sent 4098209 53395798
stats: connected 181 2885
# stats: dump at 1338976653
stats: users 4508 5623
stats: {load,"os_mon@test2"} 1 1.4296875 0.0 1.58984375 0.7890625 1.2302083333333333 15
stats: {recvpackets,"os_mon@test3"} 1 18892.0 0.0 18892 3501 12620.714285714286 14
stats: {sentpackets,"os_mon@test3"} 1 13956.0 0.0 13956 2386 9069.714285714284 14
stats: {freemem,"os_mon@test2"} 1 1170.71484375 0.0 1442.26171875 1170.71484375 1332.2427083333334 15
stats: {cpu,"os_mon@test3"} 1 72.00208550573514 0.0 81.90721649484536 2.832574607991907 56.13690209821667 15
stats: {load,"os_mon@test4"} 1 2.171875 0.0 2.6484375 1.46875 1.8703125 15
stats: {freemem,"os_mon@test4"} 1 1150.43359375 0.0 1419.1953125 1150.43359375 1352.1096354166666 15
stats: {freemem,"os_mon@myserver"} 1 2723.54296875 0.0 2754.78125 2714.8515625 2737.6901041666665 12
stats: {recvpackets,"os_mon@test2"} 1 18860.0 0.0 18860 3563 12642.42857142857 14
stats: {sentpackets,"os_mon@test2"} 1 13941.0 0.0 13941 2430 9086.499999999998 14
stats: {load,"os_mon@test3"} 1 2.2109375 0.0 2.2109375 1.33984375 1.7380208333333333 15
stats: {cpu,"os_mon@test2"} 1 55.149330587023684 0.0 70.45805455481215 2.3244062657908033 50.620819621132 15
stats: {freemem,"os_mon@test3"} 1 931.890625 0.0 1429.0390625 931.890625 1262.1752604166666 15
stats: {recvpackets,"os_mon@test4"} 1 18924.0 0.0 18924 3504 12611.07142857143 14
stats: {sentpackets,"os_mon@test4"} 1 13976.0 0.0 13976 2395 9062.999999999998 14
stats: {cpu,"os_mon@test4"} 1 80.72044647387114 0.0 80.72044647387114 2.3570712136409226 48.143417619703754 15
stats: {load,"os_mon@myserver"} 1 2.76171875 0.0 4.171875 2.46875 2.9554036458333335 12
stats: {recvpackets,"os_mon@myserver"} 1 21861.0 0.0 24472 3660 15887.90909090909 11
stats: {sentpackets,"os_mon@myserver"} 1 16405.0 0.0 16660 2499 11399.181818181818 11
stats: {cpu,"os_mon@myserver"} 1 52.86287766744137 0.0 53.4741144414169 2.50886974151039 41.339794244809106 12
stats: session 3072 15876.450932582215 7518.492081282922 73984.46899414063 16.864990234375 10672.615996795515 37990
stats: users_count 2002 45570
stats: finish_users_count 3072 41062
stats: error_unknown 0 159
stats: request 31213 1610.5918222409698 2348.7640150883353 66318.23706054688 1.047119140625 1087.61872909629 399509
stats: page 3040 15876.567105182854 7477.255496875404 73981.97094726563 15.47412109375 10675.26717786003 37771
stats: connect 29847 538.405414505257 943.2585111722778 31313.0830078125 0.38818359375 364.86436596525465 402394
stats: 200 31212 430712
stats: size_rcv 4151196 57284696
stats: newphase 4 81
stats: size_sent 3961098 57356896
stats: connected -1366 1519
# stats: dump at 1338976663
stats: users 5338 5654
stats: {load,"os_mon@test2"} 1 1.2890625 0.0 1.58984375 0.7890625 1.24267578125 16
stats: {recvpackets,"os_mon@test3"} 1 15274.0 0.0 18892 3501 13038.8 15
stats: {sentpackets,"os_mon@test3"} 1 11901.0 0.0 13956 2386 9395.466666666667 15
stats: {freemem,"os_mon@test2"} 1 1126.55078125 0.0 1442.26171875 1126.55078125 1322.147216796875 16
stats: {cpu,"os_mon@test3"} 1 71.83758459135868 0.0 81.90721649484536 2.832574607991907 57.12847606118658 16
stats: {load,"os_mon@test4"} 1 1.98828125 0.0 2.6484375 1.46875 1.88916015625 16
stats: {freemem,"os_mon@test4"} 1 1120.0859375 0.0 1419.1953125 1120.0859375 1339.5048828125 16
stats: {freemem,"os_mon@myserver"} 1 2718.640625 0.0 2754.78125 2714.8515625 2736.601862980769 13
stats: {recvpackets,"os_mon@test2"} 1 16033.0 0.0 18860 3563 13056.933333333332 15
stats: {sentpackets,"os_mon@test2"} 1 12404.0 0.0 13941 2430 9410.133333333331 15
stats: {load,"os_mon@test3"} 1 2.3203125 0.0 2.3203125 1.33984375 1.767578125 16
stats: {cpu,"os_mon@test2"} 1 61.78146038322113 0.0 70.45805455481215 2.3244062657908033 50.90385155650023 16
stats: {freemem,"os_mon@test3"} 1 882.40234375 0.0 1429.0390625 882.40234375 1241.532470703125 16
stats: {recvpackets,"os_mon@test4"} 1 15176.0 0.0 18924 3504 13031.933333333332 15
stats: {sentpackets,"os_mon@test4"} 1 11830.0 0.0 13976 2395 9390.533333333331 15
stats: {cpu,"os_mon@test4"} 1 71.62790697674419 0.0 80.72044647387114 2.3570712136409226 50.17948192308921 16
stats: {load,"os_mon@myserver"} 1 2.7109375 0.0 4.171875 2.46875 2.9405048076923075 13
stats: {recvpackets,"os_mon@myserver"} 1 19029.0 0.0 24472 3660 16385.666666666668 12
stats: {sentpackets,"os_mon@myserver"} 1 14737.0 0.0 16660 2499 11816.333333333334 12
stats: {cpu,"os_mon@myserver"} 1 52.51250815749402 0.0 53.4741144414169 2.50886974151039 42.22618527731928 13
stats: session 2967 16571.173615170523 7194.141193785367 73984.46899414063 16.864990234375 11061.934123597346 41062
stats: users_count 3797 49367
stats: finish_users_count 2967 44029
stats: request 30865 1589.3357728622939 2412.37430656546 99601.31298828125 1.047119140625 1125.516860968646 430722
stats: page 2971 16583.932321030403 7252.005435521465 73981.97094726563 15.47412109375 11062.710557808117 40811
stats: connect 31610 481.43247108930206 862.7152540193554 31313.0830078125 0.38818359375 376.8476800788474 432241
stats: error_unknown 0 159
stats: 200 30865 461577
stats: size_rcv 4105045 61389741
stats: newphase 5 86
stats: size_sent 4196566 61553462
stats: connected 744 2263
stats: error_connect_etimedout 2 2
# stats: dump at 1338976673
stats: users 5438 5654
stats: {load,"os_mon@test2"} 1 1.25 0.0 1.58984375 0.7890625 1.2454044117647058 17
stats: {recvpackets,"os_mon@test3"} 1 16491.0 0.0 18892 3501 13178.5 16
stats: {sentpackets,"os_mon@test3"} 1 1.27e4 0.0 13956 2386 9552.0625 16
stats: {freemem,"os_mon@test2"} 1 1088.7265625 0.0 1442.26171875 1088.7265625 1310.641544117647 17
stats: {cpu,"os_mon@test3"} 1 78.8051948051948 0.0 81.90721649484536 2.832574607991907 57.993717739432 17
stats: {load,"os_mon@test4"} 1 1.69140625 0.0 2.6484375 1.46875 1.8949908088235294 17
stats: {freemem,"os_mon@test4"} 1 1078.46875 0.0 1419.1953125 1078.46875 1326.5978860294117 17
stats: {freemem,"os_mon@myserver"} 1 2719.78515625 0.0 2754.78125 2714.8515625 2735.318917410714 14
stats: {recvpackets,"os_mon@test2"} 1 15922.0 0.0 18860 3563 13242.9375 16
stats: {sentpackets,"os_mon@test2"} 1 12388.0 0.0 13941 2430 9597.249999999998 16
stats: {load,"os_mon@test3"} 1 2.3515625 0.0 2.3515625 1.33984375 1.8000919117647058 17
stats: {cpu,"os_mon@test2"} 1 68.95306859205776 0.0 70.45805455481215 2.3244062657908033 51.54371089924852 17
stats: {freemem,"os_mon@test3"} 1 812.26953125 0.0 1429.0390625 812.26953125 1220.407169117647 17
stats: {recvpackets,"os_mon@test4"} 1 16593.0 0.0 18924 3504 13165.9375 16
stats: {sentpackets,"os_mon@test4"} 1 12765.0 0.0 13976 2395 9542.999999999998 16
stats: {cpu,"os_mon@test4"} 1 65.18134715025907 0.0 80.72044647387114 2.3570712136409226 51.441153985068915 17
stats: {load,"os_mon@myserver"} 1 2.83984375 0.0 4.171875 2.46875 2.924107142857143 14
stats: {recvpackets,"os_mon@myserver"} 1 18326.0 0.0 24472 3660 16589.0 13
stats: {sentpackets,"os_mon@myserver"} 1 14414.0 0.0 16660 2499 12041.0 13
stats: {cpu,"os_mon@myserver"} 1 52.400094585008276 0.0 53.4741144414169 2.50886974151039 42.960922625903194 14
stats: session 3277 15811.411734633668 7557.93997958892 114019.26904296875 16.864990234375 11433.187469607876 44029
stats: users_count 3377 52744
stats: finish_users_count 3277 47306
stats: request 31814 1567.3726518635387 2295.386187282551 99601.31298828125 1.047119140625 1156.5311025213705 461587
stats: page 3253 15735.047889763415 7414.218572912136 114017.38500976563 15.47412109375 11437.374800157335 43782
stats: connect 32130 524.7119356119158 927.545261060904 31313.0830078125 0.38818359375 383.9748076345506 463851
stats: error_unknown 0 159
stats: 200 31812 493389
stats: size_rcv 4230996 65620737
stats: newphase 5 91
stats: size_sent 4264150 65817612
stats: connected 316 2579
stats: error_connect_etimedout 0 2
# stats: dump at 1338976683
stats: users 4356 5654
stats: {load,"os_mon@test2"} 1 1.2890625 0.0 1.58984375 0.7890625 1.2456597222222223 18
stats: {recvpackets,"os_mon@test3"} 1 16088.0 0.0 18892 3501 13373.35294117647 17
stats: {sentpackets,"os_mon@test3"} 1 12492.0 0.0 13956 2386 9737.235294117647 17
stats: {freemem,"os_mon@test2"} 1 1063.8046875 0.0 1442.26171875 1063.8046875 1298.3129340277778 18
stats: {cpu,"os_mon@test3"} 1 72.24236147074055 0.0 81.90721649484536 2.832574607991907 59.14991090975215 18
stats: {load,"os_mon@test4"} 1 1.66015625 0.0 2.6484375 1.46875 1.8836805555555556 18
stats: {freemem,"os_mon@test4"} 1 1031.96875 0.0 1419.1953125 1031.96875 1312.8129340277778 18
stats: {freemem,"os_mon@myserver"} 1 2720.03515625 0.0 2754.78125 2714.8515625 2734.2833333333333 15
stats: {recvpackets,"os_mon@test2"} 1 16875.0 0.0 18860 3563 13400.529411764706 17
stats: {sentpackets,"os_mon@test2"} 1 12964.0 0.0 13941 2430 9761.411764705881 17
stats: {load,"os_mon@test3"} 1 2.23046875 0.0 2.3515625 1.33984375 1.8307291666666667 18
stats: {cpu,"os_mon@test2"} 1 61.79196704428425 0.0 70.45805455481215 2.3244062657908033 52.51089743773792 18
stats: {freemem,"os_mon@test3"} 1 834.4296875 0.0 1429.0390625 812.26953125 1197.7328559027778 18
stats: {recvpackets,"os_mon@test4"} 1 15870.0 0.0 18924 3504 13367.529411764706 17
stats: {sentpackets,"os_mon@test4"} 1 12339.0 0.0 13976 2395 9732.529411764704 17
stats: {cpu,"os_mon@test4"} 1 68.52324987225344 0.0 80.72044647387114 2.3570712136409226 52.2044980498017 18
stats: {load,"os_mon@myserver"} 1 2.859375 0.0 4.171875 2.46875 2.9184895833333333 15
stats: {recvpackets,"os_mon@myserver"} 1 18015.0 0.0 24472 3660 16713.071428571428 14
stats: {sentpackets,"os_mon@myserver"} 1 14113.0 0.0 16660 2499 12210.5 14
stats: {cpu,"os_mon@myserver"} 1 53.10039370078739 0.0 53.4741144414169 2.50886974151039 43.59020075651019 15
stats: session 3298 16443.92057138683 8054.087219570154 114019.26904296875 16.864990234375 11736.477557894554 47306
stats: users_count 2216 54960
stats: finish_users_count 3298 50604
stats: request 31540 1561.4609515183458 2511.0781344706343 99601.31298828125 1.047119140625 1183.021752217605 493401
stats: page 3287 16560.516222390677 8160.177971634211 114017.38500976563 15.47412109375 11734.607298520015 47035
stats: connect 30409 480.7329932037202 1171.1670135298955 31313.0830078125 0.38818359375 393.0918583318812 495981
stats: error_unknown 0 159
stats: 200 31539 524928
stats: size_rcv 4194687 69815424
stats: newphase 4 95
stats: size_sent 4035971 69853583
stats: connected -1132 1447
stats: error_connect_etimedout 0 2
# stats: dump at 1338976693
stats: users 4696 5654
stats: {load,"os_mon@test2"} 1 1.390625 0.0 1.58984375 0.7890625 1.2479440789473684 19
stats: {recvpackets,"os_mon@test3"} 1 15637.0 0.0 18892 3501 13524.166666666666 18
stats: {sentpackets,"os_mon@test3"} 1 12474.0 0.0 13956 2386 9890.277777777777 18
stats: {freemem,"os_mon@test2"} 1 1050.71484375 0.0 1442.26171875 1050.71484375 1285.970394736842 19
stats: {cpu,"os_mon@test3"} 1 81.35330578512396 0.0 81.90721649484536 2.832574607991907 59.83898725506733 19
stats: {load,"os_mon@test4"} 1 2.01953125 0.0 2.6484375 1.46875 1.8719161184210527 19
stats: {freemem,"os_mon@test4"} 1 993.6875 0.0 1419.1953125 993.6875 1298.0316611842106 19
stats: {freemem,"os_mon@myserver"} 0 0 0 2754.78125 2714.8515625 2733.392822265625 16
stats: {recvpackets,"os_mon@test2"} 1 14750.0 0.0 18860 3563 13593.555555555555 18
stats: {sentpackets,"os_mon@test2"} 1 11906.0 0.0 13941 2430 9939.333333333332 18
stats: {load,"os_mon@test3"} 1 2.4296875 0.0 2.4296875 1.33984375 1.851768092105263 19
stats: {cpu,"os_mon@test2"} 1 51.01832993890021 0.0 70.45805455481215 2.3244062657908033 52.99937478545088 19
stats: {freemem,"os_mon@test3"} 1 765.19140625 0.0 1429.0390625 765.19140625 1178.611636513158 19
stats: {recvpackets,"os_mon@test4"} 1 15826.0 0.0 18924 3504 13506.555555555555 18
stats: {sentpackets,"os_mon@test4"} 1 12621.0 0.0 13976 2395 9877.333333333332 18
stats: {cpu,"os_mon@test4"} 1 69.01336073997945 0.0 80.72044647387114 2.3570712136409226 53.063379724667584 19
stats: {load,"os_mon@myserver"} 0 0 0 4.171875 2.46875 2.914794921875 16
stats: {recvpackets,"os_mon@myserver"} 0 0 0 24472 3660 16799.866666666665 15
stats: {sentpackets,"os_mon@myserver"} 0 0 0 16660 2499 12337.333333333334 15
stats: {cpu,"os_mon@myserver"} 0 0 0 53.4741144414169 2.50886974151039 44.18458781552752 16
stats: session 3224 15359.717455994105 7194.032761957774 114019.26904296875 16.864990234375 12043.274393292892 50604
stats: users_count 3564 58524
stats: finish_users_count 3224 53828
stats: request 31332 1324.9232509987567 2165.38109612719 99601.31298828125 1.047119140625 1205.7594929274092 524941
stats: page 3237 15403.981668862953 7226.531678434758 114017.38500976563 15.47412109375 12049.832500872126 50322
stats: connect 32291 402.98157075107855 798.5749965048617 31313.0830078125 0.38818359375 398.1547950714047 526390
stats: error_unknown 44 203
stats: 200 31330 556258
stats: size_rcv 4166890 73982314
stats: newphase 6 101
stats: size_sent 4285337 74138920
stats: connected 960 2407
stats: error_connect_etimedout 0 2
stats: error_abort 1 1
EndMonitor:{1338,976693,172461}
