# stats: dump at 1338978826
stats: users 0 0
# stats: dump at 1338978836
stats: users 3 9
stats: {load,"os_mon@test2"} 1 1.55078125 0 1.55078125 1.55078125 0 0
stats: {freemem,"os_mon@test2"} 1 1440.28515625 0 1440.28515625 1440.28515625 0 0
stats: {cpu,"os_mon@test3"} 1 2.4120603015075375 0 2.4120603015075375 2.4120603015075375 0 0
stats: {load,"os_mon@test4"} 1 1.26171875 0 1.26171875 1.26171875 0 0
stats: {freemem,"os_mon@test4"} 1 1417.37890625 0 1417.37890625 1417.37890625 0 0
stats: {freemem,"os_mon@myserver"} 1 2444.44921875 0 2444.44921875 2444.44921875 0 0
stats: {load,"os_mon@test3"} 1 0.671875 0 0.671875 0.671875 0 0
stats: {cpu,"os_mon@test2"} 1 2.5037556334501754 0 2.5037556334501754 2.5037556334501754 0 0
stats: {freemem,"os_mon@test3"} 1 1427.3125 0 1427.3125 1427.3125 0 0
stats: {cpu,"os_mon@test4"} 1 2.147852147852148 0 2.147852147852148 2.147852147852148 0 0
stats: {load,"os_mon@myserver"} 1 0.98828125 0 0.98828125 0.98828125 0 0
stats: {cpu,"os_mon@myserver"} 1 1.7025538307461192 0 1.7025538307461192 1.7025538307461192 0 0
stats: session 510 26.559860409007353 6.607359101366221 98.757080078125 18.126953125 0 0
stats: users_count 513 513
stats: finish_users_count 510 510
stats: request 5043 2.301295867260309 1.37810944259493 80.2900390625 1.161865234375 0 0
stats: page 502 24.390692600690986 6.520459321768336 96.822021484375 16.629150390625 0 0
stats: connect 5046 0.9797920653425978 0.4395026600983798 9.902099609375 0.381103515625 0 0
stats: 200 5043 5043
stats: size_rcv 650547 650547
stats: size_sent 669298 669298
stats: connected 3 3
# stats: dump at 1338978846
stats: users 83 104
stats: {load,"os_mon@test2"} 1 1.390625 0.0 1.55078125 1.390625 1.55078125 1
stats: {recvpackets,"os_mon@test3"} 1 3315 0 3315 3315 0 0
stats: {sentpackets,"os_mon@test3"} 1 2279 0 2279 2279 0 0
stats: {freemem,"os_mon@test2"} 1 1439.28125 0.0 1440.28515625 1439.28125 1440.28515625 1
stats: {cpu,"os_mon@test3"} 1 18.418367346938773 0.0 18.418367346938773 2.4120603015075375 2.4120603015075375 1
stats: {load,"os_mon@test4"} 1 1.05859375 0.0 1.26171875 1.05859375 1.26171875 1
stats: {freemem,"os_mon@test4"} 1 1416.22265625 0.0 1417.37890625 1416.22265625 1417.37890625 1
stats: {freemem,"os_mon@myserver"} 1 2443.98046875 0.0 2444.44921875 2443.98046875 2444.44921875 1
stats: {recvpackets,"os_mon@test2"} 1 3373 0 3373 3373 0 0
stats: {sentpackets,"os_mon@test2"} 1 2313 0 2313 2313 0 0
stats: {load,"os_mon@test3"} 1 0.55859375 0.0 0.671875 0.55859375 0.671875 1
stats: {cpu,"os_mon@test2"} 1 13.50125944584383 0.0 13.50125944584383 2.5037556334501754 2.5037556334501754 1
stats: {freemem,"os_mon@test3"} 1 1426.66796875 0.0 1427.3125 1426.66796875 1427.3125 1
stats: {recvpackets,"os_mon@test4"} 1 3325 0 3325 3325 0 0
stats: {sentpackets,"os_mon@test4"} 1 2286 0 2286 2286 0 0
stats: {cpu,"os_mon@test4"} 1 10.005078720162519 0.0 10.005078720162519 2.147852147852148 2.147852147852148 1
stats: {load,"os_mon@myserver"} 1 0.828125 0.0 0.98828125 0.828125 0.98828125 1
stats: {recvpackets,"os_mon@myserver"} 1 3543 0 3543 3543 0 0
stats: {sentpackets,"os_mon@myserver"} 1 2431 0 2431 2431 0 0
stats: {cpu,"os_mon@myserver"} 1 13.045610593428151 0.0 13.045610593428151 1.7025538307461192 1.7025538307461192 1
stats: session 1452 166.73634662050185 211.67551019029383 1517.774169921875 18.126953125 26.559860409007353 510
stats: users_count 1532 2045
stats: finish_users_count 1452 1962
stats: request 14861 16.848979613428202 33.56662221451625 1056.946044921875 1.079833984375 2.301295867260309 5043
stats: page 1454 162.81449006512213 210.87207950840948 1515.458984375 16.629150390625 24.390692600690986 502
stats: connect 14933 1.6907258018105875 27.123449100726777 1002.416015625 0.381103515625 0.9797920653425978 5046
stats: 200 14861 19904
stats: size_rcv 1917069 2567616
stats: newphase 6 6
stats: size_sent 1982855 2652153
stats: connected 72 75
# stats: dump at 1338978856
stats: users 941 941
stats: {load,"os_mon@test2"} 1 1.41015625 0.0 1.55078125 1.390625 1.470703125 2
stats: {recvpackets,"os_mon@test3"} 1 7323.0 0.0 7323 3315 3315.0 1
stats: {sentpackets,"os_mon@test3"} 1 5030.0 0.0 5030 2279 2279.0 1
stats: {freemem,"os_mon@test2"} 1 1437.109375 0.0 1440.28515625 1437.109375 1439.783203125 2
stats: {cpu,"os_mon@test3"} 1 37.26294208098411 0.0 37.26294208098411 2.4120603015075375 10.415213824223155 2
stats: {load,"os_mon@test4"} 1 0.8984375 0.0 1.26171875 0.8984375 1.16015625 2
stats: {freemem,"os_mon@test4"} 1 1414.6015625 0.0 1417.37890625 1414.6015625 1416.80078125 2
stats: {freemem,"os_mon@myserver"} 1 2443.890625 0.0 2444.44921875 2443.890625 2444.21484375 2
stats: {recvpackets,"os_mon@test2"} 1 7367.0 0.0 7367 3373 3373.0 1
stats: {sentpackets,"os_mon@test2"} 1 5062.0 0.0 5062 2313 2313.0 1
stats: {load,"os_mon@test3"} 1 0.55859375 0.0 0.671875 0.55859375 0.615234375 2
stats: {cpu,"os_mon@test2"} 1 33.07849133537207 0.0 33.07849133537207 2.5037556334501754 8.002507539647002 2
stats: {freemem,"os_mon@test3"} 1 1424.84375 0.0 1427.3125 1424.84375 1426.990234375 2
stats: {recvpackets,"os_mon@test4"} 1 7336.0 0.0 7336 3325 3325.0 1
stats: {sentpackets,"os_mon@test4"} 1 5040.0 0.0 5040 2286 2286.0 1
stats: {cpu,"os_mon@test4"} 1 30.883103624298116 0.0 30.883103624298116 2.147852147852148 6.076465434007334 2
stats: {load,"os_mon@myserver"} 1 0.859375 0.0 0.98828125 0.828125 0.908203125 2
stats: {recvpackets,"os_mon@myserver"} 1 7429.0 0.0 7429 3543 3543.0 1
stats: {sentpackets,"os_mon@myserver"} 1 5106.0 0.0 5106 2431 2431.0 1
stats: {cpu,"os_mon@myserver"} 1 22.897544033738527 0.0 22.897544033738527 1.7025538307461192 7.374082212087135 2
stats: session 1591 1223.1263031063424 971.2117295480872 5704.344970703125 18.126953125 130.2990336909085 1962
stats: users_count 2449 4494
stats: finish_users_count 1591 3553
stats: request 19055 150.13464216454094 323.91606514464013 4623.34814453125 1.079833984375 13.163088881317838 19904
stats: page 1594 1211.896140678913 958.1116501397986 5702.530029296875 16.629150390625 127.28854613508919 1956
stats: connect 19290 72.15160602512238 300.84215823983976 3008.219970703125 0.381103515625 1.5111686851271962 19979
stats: 200 19055 38959
stats: size_rcv 2458095 5025711
stats: newphase 6 12
stats: size_sent 2561395 5213548
stats: connected 235 310
# stats: dump at 1338978866
stats: users 3314 3314
stats: {load,"os_mon@test2"} 1 1.3515625 0.0 1.55078125 1.3515625 1.4505208333333333 3
stats: {recvpackets,"os_mon@test3"} 1 10033.0 0.0 10033 3315 5319.0 2
stats: {sentpackets,"os_mon@test3"} 1 6861.0 0.0 6861 2279 3654.5 2
stats: {freemem,"os_mon@test2"} 1 1425.671875 0.0 1440.28515625 1425.671875 1438.8919270833333 3
stats: {cpu,"os_mon@test3"} 1 45.01557632398754 0.0 45.01557632398754 2.4120603015075375 19.364456576476808 3
stats: {load,"os_mon@test4"} 1 0.98828125 0.0 1.26171875 0.8984375 1.0729166666666667 3
stats: {freemem,"os_mon@test4"} 1 1401.30859375 0.0 1417.37890625 1401.30859375 1416.0677083333333 3
stats: {freemem,"os_mon@myserver"} 1 2443.9140625 0.0 2444.44921875 2443.890625 2444.1067708333335 3
stats: {recvpackets,"os_mon@test2"} 1 10022.0 0.0 10022 3373 5370.0 2
stats: {sentpackets,"os_mon@test2"} 1 6854.0 0.0 6854 2313 3687.5 2
stats: {load,"os_mon@test3"} 1 0.62109375 0.0 0.671875 0.55859375 0.5963541666666666 3
stats: {cpu,"os_mon@test2"} 1 41.18548799182422 0.0 41.18548799182422 2.5037556334501754 16.361168804888692 3
stats: {freemem,"os_mon@test3"} 1 1411.02734375 0.0 1427.3125 1411.02734375 1426.2747395833333 3
stats: {recvpackets,"os_mon@test4"} 1 10046.0 0.0 10046 3325 5330.5 2
stats: {sentpackets,"os_mon@test4"} 1 6869.0 0.0 6869 2286 3663.0 2
stats: {cpu,"os_mon@test4"} 1 37.04276146316332 0.0 37.04276146316332 2.147852147852148 14.345344830770927 3
stats: {load,"os_mon@myserver"} 1 0.87890625 0.0 0.98828125 0.828125 0.8919270833333334 3
stats: {recvpackets,"os_mon@myserver"} 1 10063.0 0.0 10063 3543 5486.0 2
stats: {sentpackets,"os_mon@myserver"} 1 6883.0 0.0 6883 2431 3768.5 2
stats: {cpu,"os_mon@myserver"} 1 25.51326990485729 0.0 25.51326990485729 1.7025538307461192 12.548569485970932 3
stats: session 1036 5127.420008125452 2517.0456562361737 14989.236083984375 18.126953125 619.6568118051656 3553
stats: users_count 3409 7903
stats: finish_users_count 1036 4589
stats: request 17901 673.5697734839814 1190.2275873861738 10394.89306640625 1.079833984375 80.15641385916163 38959
stats: page 1010 5083.228249970995 2508.597527702864 14986.9208984375 16.629150390625 614.2926322485696 3550
stats: connect 18689 424.8646026322304 996.9790776589912 7176.23193359375 0.322021484375 36.211671277210186 39269
stats: 200 17901 56860
stats: size_rcv 2309229 7334940
stats: newphase 6 18
stats: size_sent 2479488 7693036
stats: connected 788 1098
# stats: dump at 1338978876
stats: users 3952 4463
stats: {load,"os_mon@test2"} 1 1.140625 0.0 1.55078125 1.140625 1.42578125 4
stats: {recvpackets,"os_mon@test3"} 1 12711.0 0.0 12711 3315 6890.333333333333 3
stats: {sentpackets,"os_mon@test3"} 1 8636.0 0.0 8636 2279 4723.333333333333 3
stats: {freemem,"os_mon@test2"} 1 1388.03515625 0.0 1440.28515625 1388.03515625 1435.5869140625 4
stats: {cpu,"os_mon@test3"} 1 50.65963060686016 0.0 50.65963060686016 2.4120603015075375 25.777236513354488 4
stats: {load,"os_mon@test4"} 1 0.921875 0.0 1.26171875 0.8984375 1.0517578125 4
stats: {freemem,"os_mon@test4"} 1 1366.7890625 0.0 1417.37890625 1366.7890625 1412.3779296875 4
stats: {freemem,"os_mon@myserver"} 1 2433.08984375 0.0 2444.44921875 2433.08984375 2444.05859375 4
stats: {recvpackets,"os_mon@test2"} 1 12778.0 0.0 12778 3373 6920.666666666667 3
stats: {sentpackets,"os_mon@test2"} 1 8682.0 0.0 8682 2313 4743.0 3
stats: {load,"os_mon@test3"} 1 0.6796875 0.0 0.6796875 0.55859375 0.6025390625 4
stats: {cpu,"os_mon@test2"} 1 45.298701298701296 0.0 45.298701298701296 2.5037556334501754 22.567248601622573 4
stats: {freemem,"os_mon@test3"} 1 1372.21484375 0.0 1427.3125 1372.21484375 1422.462890625 4
stats: {recvpackets,"os_mon@test4"} 1 12704.0 0.0 12704 3325 6902.333333333333 3
stats: {sentpackets,"os_mon@test4"} 1 8634.0 0.0 8634 2286 4731.666666666667 3
stats: {cpu,"os_mon@test4"} 1 43.08012486992716 0.0 43.08012486992716 2.147852147852148 20.019698988869024 4
stats: {load,"os_mon@myserver"} 1 1.1484375 0.0 1.1484375 0.828125 0.888671875 4
stats: {recvpackets,"os_mon@myserver"} 1 13841.0 0.0 13841 3543 7011.666666666667 3
stats: {sentpackets,"os_mon@myserver"} 1 9406.0 0.0 9406 2431 4806.666666666667 3
stats: {cpu,"os_mon@myserver"} 1 32.82571912013537 0.0 32.82571912013537 1.7025538307461192 15.789744590692521 4
stats: session 2700 9428.739652868222 3802.7400975269 24862.68896484375 18.126953125 1637.3170147661194 4589
stats: users_count 3338 11241
stats: finish_users_count 2700 7289
stats: request 34333 1128.6885521306801 1731.5347036651422 19611.9990234375 1.079833984375 266.97830184093965 56860
stats: page 2645 9341.304334995993 3769.2762104401563 24860.39111328125 16.629150390625 1604.1226703844577 4560
stats: connect 35009 615.778253595562 1405.9905891283158 15253.816162109375 0.322021484375 161.53577897750995 57958
stats: 200 34333 91193
stats: size_rcv 4428957 11763897
stats: newphase 6 24
stats: size_sent 4644739 12337775
stats: connected 674 1772
# stats: dump at 1338978886
stats: users 4442 4537
stats: {load,"os_mon@test2"} 1 1.3515625 0.0 1.55078125 1.140625 1.36875 5
stats: {recvpackets,"os_mon@test3"} 1 14474.0 0.0 14474 3315 8345.5 4
stats: {sentpackets,"os_mon@test3"} 1 9980.0 0.0 9980 2279 5701.5 4
stats: {freemem,"os_mon@test2"} 1 1371.97265625 0.0 1440.28515625 1371.97265625 1426.0765625 5
stats: {cpu,"os_mon@test3"} 1 70.38581856100105 0.0 70.38581856100105 2.4120603015075375 30.753715332055624 5
stats: {load,"os_mon@test4"} 1 1.08984375 0.0 1.26171875 0.8984375 1.02578125 5
stats: {freemem,"os_mon@test4"} 1 1353.66796875 0.0 1417.37890625 1353.66796875 1403.26015625 5
stats: {freemem,"os_mon@myserver"} 1 2436.4296875 0.0 2444.44921875 2433.08984375 2441.86484375 5
stats: {recvpackets,"os_mon@test2"} 1 14485.0 0.0 14485 3373 8385.0 4
stats: {sentpackets,"os_mon@test2"} 1 9981.0 0.0 9981 2313 5727.75 4
stats: {load,"os_mon@test3"} 1 0.73828125 0.0 0.73828125 0.55859375 0.61796875 5
stats: {cpu,"os_mon@test2"} 1 65.14285714285715 0.0 65.14285714285715 2.5037556334501754 27.11353914103832 5
stats: {freemem,"os_mon@test3"} 1 1336.37890625 0.0 1427.3125 1336.37890625 1412.41328125 5
stats: {recvpackets,"os_mon@test4"} 1 14482.0 0.0 14482 3325 8352.75 4
stats: {sentpackets,"os_mon@test4"} 1 9983.0 0.0 9983 2286 5707.25 4
stats: {cpu,"os_mon@test4"} 1 59.03242408646423 0.0 59.03242408646423 2.147852147852148 24.631784165080653 5
stats: {load,"os_mon@myserver"} 1 1.359375 0.0 1.359375 0.828125 0.940625 5
stats: {recvpackets,"os_mon@myserver"} 1 18336.0 0.0 18336 3543 8719.0 4
stats: {sentpackets,"os_mon@myserver"} 1 12751.0 0.0 12751 2431 5956.5 4
stats: {cpu,"os_mon@myserver"} 1 45.525291828793776 0.0 45.525291828793776 1.7025538307461192 19.19693949658109 5
stats: session 2676 11922.699032086413 4987.2733908822265 32970.593994140625 18.126953125 4523.425002538884 7289
stats: users_count 3166 14407
stats: finish_users_count 2676 9965
stats: request 26844 1271.3595273559672 1868.0225996867912 31243.142822265625 1.079833984375 591.401207362171 91193
stats: page 2696 11819.465062444224 4931.160068014042 32969.173828125 16.629150390625 4444.489846359129 7205
stats: connect 27105 541.4160275325439 1351.0158209740964 31166.89990234375 0.322021484375 332.59190420370186 92967
stats: 200 26844 118037
stats: size_rcv 3462876 15226773
stats: newphase 6 30
stats: size_sent 3597915 15935690
stats: connected 261 2033
# stats: dump at 1338978896
stats: users 5616 5721
stats: {load,"os_mon@test2"} 1 1.4609375 0.0 1.55078125 1.140625 1.3658854166666667 6
stats: {recvpackets,"os_mon@test3"} 1 11946.0 0.0 14474 3315 9571.2 5
stats: {sentpackets,"os_mon@test3"} 1 8547.0 0.0 9980 2279 6557.2 5
stats: {freemem,"os_mon@test2"} 1 1350.203125 0.0 1440.28515625 1350.203125 1417.0592447916667 6
stats: {cpu,"os_mon@test3"} 1 57.12793733681462 0.0 70.38581856100105 2.4120603015075375 37.35906587021319 6
stats: {load,"os_mon@test4"} 1 0.921875 0.0 1.26171875 0.8984375 1.0364583333333333 6
stats: {freemem,"os_mon@test4"} 1 1333.79296875 0.0 1417.37890625 1333.79296875 1394.9947916666667 6
stats: {freemem,"os_mon@myserver"} 1 2442.40234375 0.0 2444.44921875 2433.08984375 2440.958984375 6
stats: {recvpackets,"os_mon@test2"} 1 11938.0 0.0 14485 3373 9605.0 5
stats: {sentpackets,"os_mon@test2"} 1 8550.0 0.0 9981 2313 6578.4 5
stats: {load,"os_mon@test3"} 1 0.87109375 0.0 0.87109375 0.55859375 0.6380208333333334 6
stats: {cpu,"os_mon@test2"} 1 55.120946989191964 0.0 65.14285714285715 2.5037556334501754 33.45175880800812 6
stats: {freemem,"os_mon@test3"} 1 1318.671875 0.0 1427.3125 1318.671875 1399.7408854166667 6
stats: {recvpackets,"os_mon@test4"} 1 11928.0 0.0 14482 3325 9578.6 5
stats: {sentpackets,"os_mon@test4"} 1 8529.0 0.0 9983 2286 6562.4 5
stats: {cpu,"os_mon@test4"} 1 50.65070275897969 0.0 59.03242408646423 2.147852147852148 30.365224151977916 6
stats: {load,"os_mon@myserver"} 1 1.37890625 0.0 1.37890625 0.828125 1.0104166666666667 6
stats: {recvpackets,"os_mon@myserver"} 1 11782.0 0.0 18336 3543 10642.4 5
stats: {sentpackets,"os_mon@myserver"} 1 8464.0 0.0 12751 2431 7315.4 5
stats: {cpu,"os_mon@myserver"} 1 25.43815723585378 0.0 45.525291828793776 1.7025538307461192 23.584998218616537 6
stats: session 1531 14458.69771930239 7083.029516287562 42004.35595703125 18.126953125 6510.425233654709 9965
stats: users_count 2705 17112
stats: finish_users_count 1531 11496
stats: request 18353 1565.2144440101267 3021.9862056560246 36394.885009765625 1.079833984375 746.0374751588236 118037
stats: page 1534 14407.423626159902 7021.214764207143 42002.969970703125 16.629150390625 6452.664089623992 9901
stats: connect 19142 792.0688539440629 2148.0872955586233 31166.89990234375 0.322021484375 379.73176914164134 120072
stats: 200 18353 136390
stats: size_rcv 2367537 17594310
stats: newphase 6 36
stats: size_sent 2538666 18474356
stats: connected 789 2822
# stats: dump at 1338978906
stats: users 7619 7619
stats: {load,"os_mon@test2"} 1 1.5390625 0.0 1.55078125 1.140625 1.3794642857142858 7
stats: {recvpackets,"os_mon@test3"} 1 11846.0 0.0 14474 3315 9967.0 6
stats: {sentpackets,"os_mon@test3"} 1 8661.0 0.0 9980 2279 6888.833333333333 6
stats: {freemem,"os_mon@test2"} 1 1319.24609375 0.0 1440.28515625 1319.24609375 1407.5083705357142 7
stats: {cpu,"os_mon@test3"} 1 57.07547169811321 0.0 70.38581856100105 2.4120603015075375 40.18319036544197 7
stats: {load,"os_mon@test4"} 1 0.78125 0.0 1.26171875 0.78125 1.0200892857142858 7
stats: {freemem,"os_mon@test4"} 1 1293.2578125 0.0 1417.37890625 1293.2578125 1386.251674107143 7
stats: {freemem,"os_mon@myserver"} 1 2443.0703125 0.0 2444.44921875 2433.08984375 2441.1651785714284 7
stats: {recvpackets,"os_mon@test2"} 1 11785.0 0.0 14485 3373 9993.833333333334 6
stats: {sentpackets,"os_mon@test2"} 1 8627.0 0.0 9981 2313 6907.0 6
stats: {load,"os_mon@test3"} 1 0.73046875 0.0 0.87109375 0.55859375 0.6713169642857143 7
stats: {cpu,"os_mon@test2"} 1 44.74226804123712 0.0 65.14285714285715 2.5037556334501754 36.54735711960581 7
stats: {freemem,"os_mon@test3"} 1 1279.00390625 0.0 1427.3125 1279.00390625 1388.1595982142858 7
stats: {recvpackets,"os_mon@test4"} 1 11833.0 0.0 14482 3325 9970.166666666666 6
stats: {sentpackets,"os_mon@test4"} 1 8658.0 0.0 9983 2286 6890.166666666667 6
stats: {cpu,"os_mon@test4"} 1 45.48755186721991 0.0 59.03242408646423 2.147852147852148 33.26314966726388 7
stats: {load,"os_mon@myserver"} 1 1.3203125 0.0 1.37890625 0.828125 1.0630580357142858 7
stats: {recvpackets,"os_mon@myserver"} 1 13011.0 0.0 18336 3543 10832.333333333334 6
stats: {sentpackets,"os_mon@myserver"} 1 9455.0 0.0 12751 2431 7506.833333333333 6
stats: {cpu,"os_mon@myserver"} 1 25.56221889055472 0.0 45.525291828793776 1.7025538307461192 23.849735221078998 7
stats: session 1255 16664.912122797865 9208.350908681019 47756.8291015625 18.126953125 7568.950388102046 11496
stats: users_count 3258 20370
stats: finish_users_count 1255 12751
stats: request 18442 1922.6550985331537 3731.788557088823 37004.4541015625 1.079833984375 856.268099906444 136390
stats: page 1266 16559.87204717119 9119.390981567516 47755.296142578125 16.629150390625 7519.791429286965 11435
stats: connect 19478 1023.4000787998377 2665.4163203534663 31166.89990234375 0.322021484375 436.42834044401 139214
stats: 200 18434 154824
stats: size_rcv 2377986 19972296
stats: newphase 5 41
stats: size_sent 2584818 21059174
stats: connected 1036 3858
# stats: dump at 1338978916
stats: users 7870 8578
stats: {load,"os_mon@test2"} 1 1.4609375 0.0 1.55078125 1.140625 1.3994140625 8
stats: {recvpackets,"os_mon@test3"} 1 13426.0 0.0 14474 3315 10235.42857142857 7
stats: {sentpackets,"os_mon@test3"} 1 9672.0 0.0 9980 2279 7142.0 7
stats: {freemem,"os_mon@test2"} 1 1271.32421875 0.0 1440.28515625 1271.32421875 1396.4755859375 8
stats: {cpu,"os_mon@test3"} 1 59.17098445595855 0.0 70.38581856100105 2.4120603015075375 42.29472553202588 8
stats: {load,"os_mon@test4"} 1 0.890625 0.0 1.26171875 0.78125 0.9902343750000001 8
stats: {freemem,"os_mon@test4"} 1 1235.01171875 0.0 1417.37890625 1235.01171875 1374.62744140625 8
stats: {freemem,"os_mon@myserver"} 1 2432.078125 0.0 2444.44921875 2432.078125 2441.4033203125 8
stats: {recvpackets,"os_mon@test2"} 1 13607.0 0.0 14485 3373 10249.714285714286 7
stats: {sentpackets,"os_mon@test2"} 1 9861.0 0.0 9981 2313 7152.714285714285 7
stats: {load,"os_mon@test3"} 1 0.9296875 0.0 0.9296875 0.55859375 0.6787109375 8
stats: {cpu,"os_mon@test2"} 1 54.706188247529894 0.0 65.14285714285715 2.5037556334501754 37.57172098480973 8
stats: {freemem,"os_mon@test3"} 1 1245.171875 0.0 1427.3125 1245.171875 1374.51513671875 8
stats: {recvpackets,"os_mon@test4"} 1 13406.0 0.0 14482 3325 10236.285714285714 7
stats: {sentpackets,"os_mon@test4"} 1 9656.0 0.0 9983 2286 7142.714285714285 7
stats: {cpu,"os_mon@test4"} 1 41.23173277661795 0.0 59.03242408646423 2.147852147852148 34.79119994225839 8
stats: {load,"os_mon@myserver"} 1 1.41015625 0.0 1.41015625 0.828125 1.09521484375 8
stats: {recvpackets,"os_mon@myserver"} 1 14475.0 0.0 18336 3543 11143.57142857143 7
stats: {sentpackets,"os_mon@myserver"} 1 10692.0 0.0 12751 2431 7785.142857142857 7
stats: {cpu,"os_mon@myserver"} 1 30.954857499479928 0.0 45.525291828793776 1.7025538307461192 24.063795679763466 8
stats: session 2098 19964.70193676365 11482.38534931817 66025.14306640625 18.126953125 8464.208170004898 12751
stats: users_count 2349 22719
stats: finish_users_count 2098 14849
stats: request 27597 2687.764289228658 5344.55996914988 59425.83203125 1.079833984375 983.2851831235682 154832
stats: page 2052 19594.293784931615 11203.914851553682 59675.468994140625 16.629150390625 8420.881269633508 12701
stats: connect 26284 1372.514848485313 3845.43939754033 31289.52197265625 0.322021484375 508.4737839427044 158692
stats: 200 27577 182401
stats: size_rcv 3557433 23529729
stats: newphase 4 45
stats: size_sent 3488220 24547394
stats: connected -1313 2545
# stats: dump at 1338978926
stats: users 7020 8578
stats: {load,"os_mon@test2"} 1 1.390625 0.0 1.55078125 1.140625 1.40625 9
stats: {recvpackets,"os_mon@test3"} 1 12887.0 0.0 14474 3315 10634.25 8
stats: {sentpackets,"os_mon@test3"} 1 9819.0 0.0 9980 2279 7458.25 8
stats: {freemem,"os_mon@test2"} 1 1223.23046875 0.0 1440.28515625 1223.23046875 1382.5698784722222 9
stats: {cpu,"os_mon@test3"} 1 69.08713692946058 0.0 70.38581856100105 2.4120603015075375 44.16986541246284 9
stats: {load,"os_mon@test4"} 1 0.828125 0.0 1.26171875 0.78125 0.9791666666666666 9
stats: {freemem,"os_mon@test4"} 1 1201.6328125 0.0 1417.37890625 1201.6328125 1359.1145833333333 9
stats: {freemem,"os_mon@myserver"} 1 2425.0390625 0.0 2444.44921875 2425.0390625 2440.3671875 9
stats: {recvpackets,"os_mon@test2"} 1 12886.0 0.0 14485 3373 10669.375 8
stats: {sentpackets,"os_mon@test2"} 1 9753.0 0.0 9981 2313 7491.25 8
stats: {load,"os_mon@test3"} 1 1.5390625 0.0 1.5390625 0.55859375 0.7065972222222222 9
stats: {cpu,"os_mon@test2"} 1 72.24217547460235 0.0 72.24217547460235 2.5037556334501754 39.475550680667524 9
stats: {freemem,"os_mon@test3"} 1 1210.359375 0.0 1427.3125 1210.359375 1360.1436631944443 9
stats: {recvpackets,"os_mon@test4"} 1 12873.0 0.0 14482 3325 10632.5 8
stats: {sentpackets,"os_mon@test4"} 1 9809.0 0.0 9983 2286 7456.875 8
stats: {cpu,"os_mon@test4"} 1 59.80290456431535 0.0 59.80290456431535 2.147852147852148 35.50681470163167 9
stats: {load,"os_mon@myserver"} 1 1.66015625 0.0 1.66015625 0.828125 1.1302083333333333 9
stats: {recvpackets,"os_mon@myserver"} 1 14434.0 0.0 18336 3543 11560.0 8
stats: {sentpackets,"os_mon@myserver"} 1 11223.0 0.0 12751 2431 8148.5 8
stats: {cpu,"os_mon@myserver"} 1 47.06390328151986 0.0 47.06390328151986 1.7025538307461192 24.829469215287517 9
stats: session 3822 23327.6927488318 12059.457874305888 73333.73999023438 18.126953125 10089.101154223357 14849
stats: users_count 2972 25691
stats: finish_users_count 3822 18671
stats: request 35168 2495.1198476525965 5374.153754599632 59425.83203125 1.079833984375 1241.1307553252586 182429
stats: page 3805 23278.377704988285 12019.386902288094 73331.498046875 16.629150390625 9974.995177407636 14753
stats: connect 36401 1055.8718861456675 3711.829256573776 31296.443115234375 0.322021484375 631.2489295855875 184976
stats: 200 35160 217561
stats: size_rcv 4535640 28065369
stats: newphase 5 50
stats: size_sent 4832171 29379565
stats: connected 1233 3778
stats: error_connect_etimedout 35 35
# stats: dump at 1338978936
stats: users 6558 8578
stats: {load,"os_mon@test2"} 1 1.828125 0.0 1.828125 1.140625 1.4046875 10
stats: {recvpackets,"os_mon@test3"} 1 16024.0 0.0 16024 3315 10884.555555555555 9
stats: {sentpackets,"os_mon@test3"} 1 12134.0 0.0 12134 2279 7720.555555555556 9
stats: {freemem,"os_mon@test2"} 1 1181.88671875 0.0 1440.28515625 1181.88671875 1366.6359375 10
stats: {cpu,"os_mon@test3"} 1 59.854014598540154 0.0 70.38581856100105 2.4120603015075375 46.66159256416262 10
stats: {load,"os_mon@test4"} 1 1.62890625 0.0 1.62890625 0.78125 0.9640625 10
stats: {freemem,"os_mon@test4"} 1 1152.05078125 0.0 1417.37890625 1152.05078125 1343.36640625 10
stats: {freemem,"os_mon@myserver"} 0 0 0 2444.44921875 2425.0390625 2438.834375 10
stats: {recvpackets,"os_mon@test2"} 1 16102.0 0.0 16102 3373 10915.666666666666 9
stats: {sentpackets,"os_mon@test2"} 1 12210.0 0.0 12210 2313 7742.555555555556 9
stats: {load,"os_mon@test3"} 1 1.4609375 0.0 1.5390625 0.55859375 0.78984375 10
stats: {cpu,"os_mon@test2"} 1 81.36901698404529 0.0 81.36901698404529 2.5037556334501754 42.752213160061004 10
stats: {freemem,"os_mon@test3"} 1 1200.27734375 0.0 1427.3125 1200.27734375 1345.165234375 10
stats: {recvpackets,"os_mon@test4"} 1 16003.0 0.0 16003 3325 10881.444444444445 9
stats: {sentpackets,"os_mon@test4"} 1 12120.0 0.0 12120 2286 7718.222222222223 9
stats: {cpu,"os_mon@test4"} 1 82.3650385604113 0.0 82.3650385604113 2.147852147852148 37.93642368790004 10
stats: {load,"os_mon@myserver"} 0 0 0 1.66015625 0.828125 1.183203125 10
stats: {recvpackets,"os_mon@myserver"} 0 0 0 18336 3543 11879.333333333334 9
stats: {sentpackets,"os_mon@myserver"} 0 0 0 12751 2431 8490.111111111111 9
stats: {cpu,"os_mon@myserver"} 0 0 0 47.06390328151986 1.7025538307461192 27.052912621910753 10
stats: session 3616 23031.593105687505 13866.078582768456 83992.89697265625 18.126953125 12799.073682453954 18671
stats: users_count 3154 28845
stats: finish_users_count 3616 22287
stats: request 35301 1956.03539115781 4413.465435669793 59425.83203125 1.079833984375 1443.8003160221792 217597
stats: page 3649 23128.65949033285 13783.30883726096 81165.4130859375 16.629150390625 12702.625876698743 18558
stats: connect 34672 841.450805417612 2622.2423516652125 31296.443115234375 0.322021484375 701.0696437597948 221377
stats: 200 35301 252862
stats: size_rcv 4553829 32619198
stats: newphase 5 55
stats: size_sent 4600888 33980453
stats: connected -629 3149
stats: error_connect_etimedout 21 56
# stats: dump at 1338978946
stats: users 5430 8578
stats: {load,"os_mon@test2"} 1 1.69921875 0.0 1.828125 1.140625 1.4431818181818181 11
stats: {recvpackets,"os_mon@test3"} 1 15886.0 0.0 16024 3315 11398.5 10
stats: {sentpackets,"os_mon@test3"} 1 12194.0 0.0 12194 2279 8161.9 10
stats: {freemem,"os_mon@test2"} 1 1168.91015625 0.0 1440.28515625 1168.91015625 1349.8405539772727 11
stats: {cpu,"os_mon@test3"} 1 73.57217030114226 0.0 73.57217030114226 2.4120603015075375 47.86090365819694 11
stats: {load,"os_mon@test4"} 1 1.69140625 0.0 1.69140625 0.78125 1.0245028409090908 11
stats: {freemem,"os_mon@test4"} 1 1112.9140625 0.0 1417.37890625 1112.9140625 1325.9740767045455 11
stats: {freemem,"os_mon@myserver"} 1 2413.17578125 0.0 2444.44921875 2413.17578125 2438.834375 10
stats: {recvpackets,"os_mon@test2"} 1 15875.0 0.0 16102 3373 11434.3 10
stats: {sentpackets,"os_mon@test2"} 1 12187.0 0.0 12210 2313 8189.3 10
stats: {load,"os_mon@test3"} 1 1.609375 0.0 1.609375 0.55859375 0.8508522727272727 11
stats: {cpu,"os_mon@test2"} 1 69.94309363683394 0.0 81.36901698404529 2.5037556334501754 46.262831689514115 11
stats: {freemem,"os_mon@test3"} 1 1159.6640625 0.0 1427.3125 1159.6640625 1331.9936079545455 11
stats: {recvpackets,"os_mon@test4"} 1 15941.0 0.0 16003 3325 11393.6 10
stats: {sentpackets,"os_mon@test4"} 1 12233.0 0.0 12233 2286 8158.4 10
stats: {cpu,"os_mon@test4"} 1 77.90937178166838 0.0 82.3650385604113 2.147852147852148 41.97538867631015 11
stats: {load,"os_mon@myserver"} 1 1.859375 0.0 1.859375 0.828125 1.183203125 10
stats: {recvpackets,"os_mon@myserver"} 1 20130.0 0.0 20130 3543 11879.333333333334 9
stats: {sentpackets,"os_mon@myserver"} 1 15316.0 0.0 15316 2431 8490.111111111111 9
stats: {cpu,"os_mon@myserver"} 1 47.39022369511185 0.0 47.39022369511185 1.7025538307461192 27.052912621910753 10
stats: session 3947 20564.39399694883 15046.244854727764 91567.99096679688 18.126953125 14459.269771403231 22287
stats: users_count 2819 31664
stats: finish_users_count 3947 26234
stats: request 34957 1903.3484748617548 4514.811249055314 76747.99194335938 1.079833984375 1515.3011202490331 252898
stats: page 3934 20601.555034907087 15005.521425529645 91566.61694335938 16.629150390625 14415.806254784522 22207
stats: connect 34042 719.2855499072174 1865.8513539437647 31296.443115234375 0.322021484375 720.0788788554204 256049
stats: 200 34952 287814
stats: size_rcv 4508808 37128006
stats: newphase 5 60
stats: size_sent 4516774 38497227
stats: connected -915 2234
stats: error_connect_etimedout 34 90
# stats: dump at 1338978956
stats: users 5814 8578
stats: {load,"os_mon@test2"} 1 1.73828125 0.0 1.828125 1.140625 1.4645182291666667 12
stats: {recvpackets,"os_mon@test3"} 1 16135.0 0.0 16135 3315 11806.454545454546 11
stats: {sentpackets,"os_mon@test3"} 1 12473.0 0.0 12473 2279 8528.454545454546 11
stats: {freemem,"os_mon@test2"} 1 1169.03125 0.0 1440.28515625 1168.91015625 1334.7630208333333 12
stats: {cpu,"os_mon@test3"} 1 79.49249093733816 0.0 79.49249093733816 2.4120603015075375 50.003509211775715 12
stats: {load,"os_mon@test4"} 1 1.578125 0.0 1.69140625 0.78125 1.080078125 12
stats: {freemem,"os_mon@test4"} 1 1073.72265625 0.0 1417.37890625 1073.72265625 1308.2190755208333 12
stats: {freemem,"os_mon@myserver"} 1 2406.93359375 0.0 2444.44921875 2406.93359375 2436.501775568182 11
stats: {recvpackets,"os_mon@test2"} 1 16291.0 0.0 16291 3373 11838.0 11
stats: {sentpackets,"os_mon@test2"} 1 12573.0 0.0 12573 2313 8552.727272727272 11
stats: {load,"os_mon@test3"} 1 1.828125 0.0 1.828125 0.55859375 0.9140625 12
stats: {cpu,"os_mon@test2"} 1 60.16597510373444 0.0 81.36901698404529 2.5037556334501754 48.23618685179077 12
stats: {freemem,"os_mon@test3"} 1 1122.12890625 0.0 1427.3125 1122.12890625 1317.6328125 12
stats: {recvpackets,"os_mon@test4"} 1 16122.0 0.0 16122 3325 11807.0 11
stats: {sentpackets,"os_mon@test4"} 1 12464.0 0.0 12464 2286 8528.818181818182 11
stats: {cpu,"os_mon@test4"} 1 76.61665804449042 0.0 82.3650385604113 2.147852147852148 44.96988726842334 12
stats: {load,"os_mon@myserver"} 1 2.12109375 0.0 2.12109375 0.828125 1.2446732954545454 11
stats: {recvpackets,"os_mon@myserver"} 1 22253.0 0.0 22253 3543 12704.4 10
stats: {sentpackets,"os_mon@myserver"} 1 16962.0 0.0 16962 2431 9172.7 10
stats: {cpu,"os_mon@myserver"} 1 46.71459956061514 0.0 47.39022369511185 1.7025538307461192 28.90175908311085 11
stats: session 3686 18897.666322026125 15813.93364570429 96344.27587890625 18.126953125 15377.807749531936 26234
stats: users_count 4070 35734
stats: finish_users_count 3686 29920
stats: 200 34760 322574
stats: size_rcv 4484040 41612046
stats: newphase 6 66
stats: size_sent 4666462 43163689
stats: connected 407 2641
stats: error_connect_etimedout 133 223
stats: connect 35170 551.4257982572351 1588.2820714059803 31310.695068359375 0.322021484375 719.9857821924604 290091
stats: page 3685 18942.65344552976 15734.487700262418 96342.19213867188 16.629150390625 15346.709269244648 26141
stats: request 34763 1650.0119393424961 4350.580261324007 84368.50317382813 1.079833984375 1562.4254410883339 287855
# stats: dump at 1338978966
stats: users 5684 8578
stats: {load,"os_mon@test2"} 1 1.55078125 0.0 1.828125 1.140625 1.4855769230769231 13
stats: {recvpackets,"os_mon@test3"} 1 16763.0 0.0 16763 3315 12167.166666666666 12
stats: {sentpackets,"os_mon@test3"} 1 12878.0 0.0 12878 2279 8857.166666666666 12
stats: {freemem,"os_mon@test2"} 1 1144.29296875 0.0 1440.28515625 1144.29296875 1322.014423076923 13
stats: {cpu,"os_mon@test3"} 1 73.28165374677002 0.0 79.49249093733816 2.4120603015075375 52.271892421434366 13
stats: {load,"os_mon@test4"} 1 1.73046875 0.0 1.73046875 0.78125 1.1183894230769231 13
stats: {freemem,"os_mon@test4"} 1 1051.6171875 0.0 1417.37890625 1051.6171875 1290.180889423077 13
stats: {freemem,"os_mon@myserver"} 1 2401.96875 0.0 2444.44921875 2401.96875 2434.0377604166665 12
stats: {recvpackets,"os_mon@test2"} 1 16296.0 0.0 16296 3373 12209.083333333334 12
stats: {sentpackets,"os_mon@test2"} 1 12546.0 0.0 12573 2313 8887.75 12
stats: {load,"os_mon@test3"} 1 2.078125 0.0 2.078125 0.55859375 0.984375 13
stats: {cpu,"os_mon@test2"} 1 67.13034518289541 0.0 81.36901698404529 2.5037556334501754 49.15386287117106 13
stats: {freemem,"os_mon@test3"} 1 1087.75390625 0.0 1427.3125 1087.75390625 1302.5940504807693 13
stats: {recvpackets,"os_mon@test4"} 1 16715.0 0.0 16715 3325 12166.583333333334 12
stats: {sentpackets,"os_mon@test4"} 1 12837.0 0.0 12837 2286 8856.75 12
stats: {cpu,"os_mon@test4"} 1 73.73788883222846 0.0 82.3650385604113 2.147852147852148 47.404254251197735 13
stats: {load,"os_mon@myserver"} 1 2.37890625 0.0 2.37890625 0.828125 1.3177083333333333 12
stats: {recvpackets,"os_mon@myserver"} 1 21748.0 0.0 22253 3543 13572.454545454546 11
stats: {sentpackets,"os_mon@myserver"} 1 16720.0 0.0 16962 2431 9880.818181818182 11
stats: {cpu,"os_mon@myserver"} 1 46.21963070942663 0.0 47.39022369511185 1.7025538307461192 30.386162456236207 12
stats: session 3536 17691.49690094681 16095.101380781716 111812.22094726563 18.126953125 15811.437385167417 29920
stats: users_count 3406 39140
stats: finish_users_count 3536 33456
stats: request 34623 1550.3459825085254 3985.8911870477086 84368.50317382813 1.079833984375 1571.8631334638662 322618
stats: page 3551 17632.578862234564 16005.699346320956 111810.02587890625 16.629150390625 15790.987894927295 29826
stats: connect 34664 505.62926951694095 1478.850482542992 31320.593017578125 0.322021484375 701.7596356977934 325261
stats: 200 34619 357193
stats: size_rcv 4465851 46077897
stats: newphase 6 72
stats: size_sent 4601840 47765529
stats: connected 41 2682
stats: error_connect_etimedout 84 307
# stats: dump at 1338978976
stats: users 4942 8578
stats: {load,"os_mon@test2"} 1 1.55078125 0.0 1.828125 1.140625 1.490234375 14
stats: {recvpackets,"os_mon@test3"} 1 17311.0 0.0 17311 3315 12520.692307692309 13
stats: {sentpackets,"os_mon@test3"} 1 13238.0 0.0 13238 2279 9166.461538461539 13
stats: {freemem,"os_mon@test2"} 1 1117.078125 0.0 1440.28515625 1117.078125 1309.320033482143 14
stats: {cpu,"os_mon@test3"} 1 78.86386898669396 0.0 79.49249093733816 2.4120603015075375 53.772589658958346 14
stats: {load,"os_mon@test4"} 1 1.9296875 0.0 1.9296875 0.78125 1.162109375 14
stats: {freemem,"os_mon@test4"} 1 1028.32421875 0.0 1417.37890625 1028.32421875 1273.140625 14
stats: {freemem,"os_mon@myserver"} 0 0 0 2444.44921875 2401.96875 2431.5709134615386 13
stats: {recvpackets,"os_mon@test2"} 1 17307.0 0.0 17307 3373 12523.461538461539 13
stats: {sentpackets,"os_mon@test2"} 1 13240.0 0.0 13240 2313 9169.153846153846 13
stats: {load,"os_mon@test3"} 1 2.37890625 0.0 2.37890625 0.55859375 1.0625 14
stats: {cpu,"os_mon@test2"} 1 67.90437436419126 0.0 81.36901698404529 2.5037556334501754 50.43789732200851 14
stats: {freemem,"os_mon@test3"} 1 1050.2421875 0.0 1427.3125 1050.2421875 1287.248325892857 14
stats: {recvpackets,"os_mon@test4"} 1 17306.0 0.0 17306 3325 12516.461538461539 13
stats: {sentpackets,"os_mon@test4"} 1 13237.0 0.0 13237 2286 9162.923076923076 13
stats: {cpu,"os_mon@test4"} 1 72.31404958677686 0.0 82.3650385604113 2.147852147852148 49.28522814984279 14
stats: {load,"os_mon@myserver"} 0 0 0 2.37890625 0.828125 1.3993389423076923 13
stats: {recvpackets,"os_mon@myserver"} 0 0 0 22253 3543 14253.75 12
stats: {sentpackets,"os_mon@myserver"} 0 0 0 16962 2431 10450.75 12
stats: {cpu,"os_mon@myserver"} 0 0 0 47.39022369511185 1.7025538307461192 31.60412155263547 13
stats: session 3766 17819.221913909507 17376.2426337741 119826.92504882813 18.126953125 16010.142862444914 33456
stats: users_count 3024 42164
stats: finish_users_count 3766 37222
stats: request 34781 1508.3605104458861 3987.7626835893807 115843.61083984375 1.079833984375 1569.7777392411238 357241
stats: page 3743 17391.96324388852 16610.22329296247 119824.89916992188 16.629150390625 15986.915914968284 33377
stats: connect 34750 468.1002404521698 1040.605617819994 31320.593017578125 0.322021484375 682.8705254295623 359925
stats: 200 34775 391968
stats: size_rcv 4485975 50563872
stats: newphase 6 78
stats: size_sent 4612826 52378355
stats: connected -31 2651
stats: error_connect_etimedout 32 339
# stats: dump at 1338978986
stats: users 4928 8578
stats: {load,"os_mon@test2"} 1 1.3984375 0.0 1.828125 1.140625 1.4942708333333334 15
stats: {recvpackets,"os_mon@test3"} 1 19534.0 0.0 19534 3315 12862.857142857143 14
stats: {sentpackets,"os_mon@test3"} 1 14881.0 0.0 14881 2279 9457.285714285714 14
stats: {freemem,"os_mon@test2"} 1 1102.32421875 0.0 1440.28515625 1102.32421875 1296.50390625 15
stats: {cpu,"os_mon@test3"} 1 80.78491335372068 0.0 80.78491335372068 2.4120603015075375 55.44534161414072 15
stats: {load,"os_mon@test4"} 1 1.7890625 0.0 1.9296875 0.78125 1.21328125 15
stats: {freemem,"os_mon@test4"} 1 990.1640625 0.0 1417.37890625 990.1640625 1256.81953125 15
stats: {freemem,"os_mon@myserver"} 1 2398.87890625 0.0 2444.44921875 2398.87890625 2431.5709134615386 13
stats: {recvpackets,"os_mon@test2"} 1 19516.0 0.0 19516 3373 12865.142857142857 14
stats: {sentpackets,"os_mon@test2"} 1 14854.0 0.0 14854 2313 9459.92857142857 14
stats: {load,"os_mon@test3"} 1 2.328125 0.0 2.37890625 0.55859375 1.1502604166666666 15
stats: {cpu,"os_mon@test2"} 1 66.32390745501286 0.0 81.36901698404529 2.5037556334501754 51.6023291248207 15
stats: {freemem,"os_mon@test3"} 1 987.80078125 0.0 1427.3125 987.80078125 1271.4479166666667 15
stats: {recvpackets,"os_mon@test4"} 1 19535.0 0.0 19535 3325 12858.57142857143 14
stats: {sentpackets,"os_mon@test4"} 1 14884.0 0.0 14884 2286 9453.92857142857 14
stats: {cpu,"os_mon@test4"} 1 69.9074074074074 0.0 82.3650385604113 2.147852147852148 50.82048291230505 15
stats: {load,"os_mon@myserver"} 1 2.390625 0.0 2.390625 0.828125 1.3993389423076923 13
stats: {recvpackets,"os_mon@myserver"} 1 22533.0 0.0 22533 3543 14253.75 12
stats: {sentpackets,"os_mon@myserver"} 1 17479.0 0.0 17479 2431 10450.75 12
stats: {cpu,"os_mon@myserver"} 1 46.48054145516075 0.0 47.39022369511185 1.7025538307461192 31.60412155263547 13
stats: session 3053 17037.145516049088 17350.909605253244 119826.92504882813 18.126953125 16193.179553321697 37222
stats: users_count 3039 45203
stats: finish_users_count 3053 40275
stats: request 33085 1442.2358375783353 3792.608967486406 115843.61083984375 1.079833984375 1564.3286760897518 392022
stats: page 3114 16683.937267776353 16770.884280725106 119824.89916992188 16.629150390625 16128.59404406711 37120
stats: connect 31751 446.1488095662858 898.0407412847825 31320.593017578125 0.322021484375 663.9606187900124 394675
stats: 200 33074 425042
stats: size_rcv 4266546 54830418
stats: newphase 5 83
stats: size_sent 4213861 56592216
stats: connected -1334 1317
stats: error_connect_etimedout 14 353
# stats: dump at 1338978996
stats: users 6979 8578
stats: {load,"os_mon@test2"} 1 1.328125 0.0 1.828125 1.140625 1.48828125 16
stats: {recvpackets,"os_mon@test3"} 1 16354.0 0.0 19534 3315 13307.6 15
stats: {sentpackets,"os_mon@test3"} 1 12532.0 0.0 14881 2279 9818.866666666667 15
stats: {freemem,"os_mon@test2"} 1 1096.3046875 0.0 1440.28515625 1096.3046875 1284.36767578125 16
stats: {cpu,"os_mon@test3"} 1 80.34889687018985 0.0 80.78491335372068 2.4120603015075375 57.02906484786447 16
stats: {load,"os_mon@test4"} 1 1.73046875 0.0 1.9296875 0.78125 1.249267578125 16
stats: {freemem,"os_mon@test4"} 1 960.0078125 0.0 1417.37890625 960.0078125 1240.153564453125 16
stats: {freemem,"os_mon@myserver"} 1 2406.5 0.0 2444.44921875 2398.87890625 2429.235770089286 14
stats: {recvpackets,"os_mon@test2"} 1 16356.0 0.0 19516 3373 13308.533333333333 15
stats: {sentpackets,"os_mon@test2"} 1 12540.0 0.0 14854 2313 9819.533333333333 15
stats: {load,"os_mon@test3"} 1 2.26953125 0.0 2.37890625 0.55859375 1.223876953125 16
stats: {cpu,"os_mon@test2"} 1 50.75090626618333 0.0 81.36901698404529 2.5037556334501754 52.52242777045771 16
stats: {freemem,"os_mon@test3"} 1 923.2265625 0.0 1427.3125 923.2265625 1253.719970703125 16
stats: {recvpackets,"os_mon@test4"} 1 16351.0 0.0 19535 3325 13303.666666666666 15
stats: {sentpackets,"os_mon@test4"} 1 12528.0 0.0 14884 2286 9815.933333333332 15
stats: {cpu,"os_mon@test4"} 1 68.16305469556244 0.0 82.3650385604113 2.147852147852148 52.01341569324895 16
stats: {load,"os_mon@myserver"} 1 2.640625 0.0 2.640625 0.828125 1.4701450892857142 14
stats: {recvpackets,"os_mon@myserver"} 1 22959.0 0.0 22959 3543 14890.615384615385 13
stats: {sentpackets,"os_mon@myserver"} 1 17491.0 0.0 17491 2431 10991.384615384615 13
stats: {cpu,"os_mon@myserver"} 1 38.738059326294625 0.0 47.39022369511185 1.7025538307461192 32.666722974244415 14
stats: session 1418 17989.266537686508 14758.119484687937 120816.17407226563 18.126953125 16257.155421334279 40275
stats: users_count 3469 48672
stats: finish_users_count 1418 41693
stats: 200 18124 443166
stats: request 18126 1946.3998333955062 3804.7518567242846 126043.55297851563 1.079833984375 1554.826500020785 425107
stats: page 1408 17658.99933589587 14092.723729600615 120814.38818359375 16.629150390625 16171.57606918593 40234
stats: connect 20505 740.5228787447959 1445.9443232988167 31320.593017578125 0.322021484375 647.7426987882711 426426
stats: size_rcv 2337996 57168414
stats: newphase 4 87
stats: size_sent 2722315 59314531
stats: connected 2379 3696
stats: error_connect_etimedout 11 364
# stats: dump at 1338979006
stats: users 9423 9507
stats: {load,"os_mon@test2"} 1 1.28125 0.0 1.828125 1.140625 1.478860294117647 17
stats: {recvpackets,"os_mon@test3"} 1 14199.0 0.0 19534 3315 13498.0 16
stats: {sentpackets,"os_mon@test3"} 1 11226.0 0.0 14881 2279 9988.4375 16
stats: {freemem,"os_mon@test2"} 1 1063.40234375 0.0 1440.28515625 1063.40234375 1273.3051470588234 17
stats: {cpu,"os_mon@test3"} 1 56.43564356435643 0.0 80.78491335372068 2.4120603015075375 58.40081967270714 17
stats: {load,"os_mon@test4"} 1 1.78125 0.0 1.9296875 0.78125 1.2775735294117647 17
stats: {freemem,"os_mon@test4"} 1 907.15625 0.0 1417.37890625 907.15625 1223.6744025735295 17
stats: {freemem,"os_mon@myserver"} 1 2407.4921875 0.0 2444.44921875 2398.87890625 2427.7200520833335 15
stats: {recvpackets,"os_mon@test2"} 1 14235.0 0.0 19516 3373 13499.0 16
stats: {sentpackets,"os_mon@test2"} 1 11241.0 0.0 14854 2313 9989.5625 16
stats: {load,"os_mon@test3"} 1 2.3203125 0.0 2.37890625 0.55859375 1.2853860294117647 17
stats: {cpu,"os_mon@test2"} 1 51.26715945089757 0.0 81.36901698404529 2.5037556334501754 52.41822062314745 17
stats: {freemem,"os_mon@test3"} 1 869.140625 0.0 1427.3125 869.140625 1234.2791819852941 17
stats: {recvpackets,"os_mon@test4"} 1 14146.0 0.0 19535 3325 13494.125 16
stats: {sentpackets,"os_mon@test4"} 1 11189.0 0.0 14884 2286 9985.4375 16
stats: {cpu,"os_mon@test4"} 1 45.14378730330982 0.0 82.3650385604113 2.147852147852148 52.963394458090924 17
stats: {load,"os_mon@myserver"} 1 2.390625 0.0 2.640625 0.828125 1.5481770833333333 15
stats: {recvpackets,"os_mon@myserver"} 1 14316.0 0.0 22959 3543 15466.92857142857 14
stats: {sentpackets,"os_mon@myserver"} 1 11145.0 0.0 17491 2431 11455.642857142857 14
stats: {cpu,"os_mon@myserver"} 1 25.450901803607213 0.0 47.39022369511185 1.7025538307461192 33.07147873104776 15
stats: session 1179 20953.32131846704 14762.668160432491 139853.18896484375 18.126953125 16316.065395742151 41693
stats: users_count 3623 52295
stats: finish_users_count 1179 42872
stats: 200 18169 461335
stats: request 18186 2230.831903944089 4569.019776905354 126043.55297851563 1.079833984375 1570.8398795316748 443233
stats: page 1211 20780.22312578223 14484.021588350282 139851.84399414063 16.629150390625 16221.868849540562 41642
stats: connect 19410 1054.834148166821 2550.7121952256985 31320.593017578125 0.322021484375 651.9994131133202 446931
stats: size_rcv 2343801 59512215
stats: newphase 5 92
stats: size_sent 2578006 61892537
stats: connected 1224 4920
stats: error_connect_etimedout 1 365
# stats: dump at 1338979016
stats: users 9409 9882
stats: {load,"os_mon@test2"} 1 1.44921875 0.0 1.828125 1.140625 1.4678819444444444 18
stats: {recvpackets,"os_mon@test3"} 1 16785.0 0.0 19534 3315 13539.235294117647 17
stats: {sentpackets,"os_mon@test3"} 1 12722.0 0.0 14881 2279 10061.235294117647 17
stats: {freemem,"os_mon@test2"} 1 999.89453125 0.0 1440.28515625 999.89453125 1261.6438802083333 18
stats: {cpu,"os_mon@test3"} 1 53.294675803900894 0.0 80.78491335372068 2.4120603015075375 58.29164322224321 18
stats: {load,"os_mon@test4"} 1 1.75 0.0 1.9296875 0.78125 1.3055555555555556 18
stats: {freemem,"os_mon@test4"} 1 872.515625 0.0 1417.37890625 872.515625 1206.090060763889 18
stats: {freemem,"os_mon@myserver"} 1 2408.2734375 0.0 2444.44921875 2398.87890625 2426.455810546875 16
stats: {recvpackets,"os_mon@test2"} 1 16833.0 0.0 19516 3373 13542.29411764706 17
stats: {sentpackets,"os_mon@test2"} 1 12758.0 0.0 14854 2313 10063.176470588236 17
stats: {load,"os_mon@test3"} 1 2.109375 0.0 2.37890625 0.55859375 1.3428819444444444 18
stats: {cpu,"os_mon@test2"} 1 63.56107660455487 0.0 81.36901698404529 2.5037556334501754 52.35427278024468 18
stats: {freemem,"os_mon@test3"} 1 811.78125 0.0 1427.3125 811.78125 1213.9937065972222 18
stats: {recvpackets,"os_mon@test4"} 1 16749.0 0.0 19535 3325 13532.470588235294 17
stats: {sentpackets,"os_mon@test4"} 1 12699.0 0.0 14884 2286 10056.235294117647 17
stats: {cpu,"os_mon@test4"} 1 44.16216216216216 0.0 82.3650385604113 2.147852147852148 52.52897183838086 18
stats: {load,"os_mon@myserver"} 1 2.23046875 0.0 2.640625 0.828125 1.600830078125 16
stats: {recvpackets,"os_mon@myserver"} 1 16305.0 0.0 22959 3543 15390.2 15
stats: {sentpackets,"os_mon@myserver"} 1 12403.0 0.0 17491 2431 11434.933333333332 15
stats: {cpu,"os_mon@myserver"} 1 25.431789737171464 0.0 47.39022369511185 1.7025538307461192 32.59519267308273 16
stats: session 2495 23299.16792119397 13293.864281312299 139853.18896484375 18.126953125 16443.592096919903 42872
stats: users_count 2481 54776
stats: finish_users_count 2495 45367
stats: request 31498 2901.595294113104 5368.984166850733 130795.22705078125 1.079833984375 1596.8522781454383 461419
stats: page 2440 23212.43543451029 13099.241568922958 139851.84399414063 16.629150390625 16350.685199120024 42853
stats: 200 31467 492802
stats: connect 31129 1076.1156404237906 2752.4028546848795 31320.593017578125 0.322021484375 668.7661614957022 466341
stats: size_rcv 4059243 63571458
stats: newphase 5 97
stats: size_sent 4132019 66024556
stats: connected -369 4551
stats: error_connect_etimedout 0 365
# stats: dump at 1338979026
stats: users 9307 10320
stats: {load,"os_mon@test2"} 1 1.83984375 0.0 1.83984375 1.140625 1.4668996710526316 19
stats: {recvpackets,"os_mon@test3"} 1 15438.0 0.0 19534 3315 13719.555555555555 18
stats: {sentpackets,"os_mon@test3"} 1 12671.0 0.0 14881 2279 10209.055555555555 18
stats: {freemem,"os_mon@test2"} 1 990.55078125 0.0 1440.28515625 990.55078125 1247.8675986842106 19
stats: {cpu,"os_mon@test3"} 1 88.3282364933741 0.0 88.3282364933741 2.4120603015075375 58.0286449370673 19
stats: {load,"os_mon@test4"} 1 1.48046875 0.0 1.9296875 0.78125 1.3289473684210527 19
stats: {freemem,"os_mon@test4"} 1 815.484375 0.0 1417.37890625 815.484375 1188.533511513158 19
stats: {freemem,"os_mon@myserver"} 1 2398.7578125 0.0 2444.44921875 2398.7578125 2425.3862591911766 17
stats: {recvpackets,"os_mon@test2"} 1 15257.0 0.0 19516 3373 13725.111111111111 18
stats: {sentpackets,"os_mon@test2"} 1 12540.0 0.0 14854 2313 10212.888888888889 18
stats: {load,"os_mon@test3"} 1 2.390625 0.0 2.390625 0.55859375 1.3832236842105263 19
stats: {cpu,"os_mon@test2"} 1 62.60416666666667 0.0 81.36901698404529 2.5037556334501754 52.94410456047153 19
stats: {freemem,"os_mon@test3"} 1 764.3828125 0.0 1427.3125 764.3828125 1192.8246299342106 19
stats: {recvpackets,"os_mon@test4"} 1 15419.0 0.0 19535 3325 13711.166666666666 18
stats: {sentpackets,"os_mon@test4"} 1 12602.0 0.0 14884 2286 10203.055555555555 18
stats: {cpu,"os_mon@test4"} 1 70.30365414307771 0.0 82.3650385604113 2.147852147852148 52.08861343436936 19
stats: {load,"os_mon@myserver"} 1 2.3515625 0.0 2.640625 0.828125 1.6378676470588236 17
stats: {recvpackets,"os_mon@myserver"} 1 18202.0 0.0 22959 3543 15447.375 16
stats: {sentpackets,"os_mon@myserver"} 1 14617.0 0.0 17491 2431 11495.4375 16
stats: {cpu,"os_mon@myserver"} 1 46.82709101494275 0.0 47.39022369511185 1.7025538307461192 32.173816029793834 17
stats: session 3316 25403.881545486718 12973.89285489468 159974.15209960938 18.126953125 16820.620811218047 45367
stats: users_count 3214 57990
stats: finish_users_count 3316 48683
stats: request 35188 2742.8492697511483 5826.658158853459 154853.7021484375 1.079833984375 1680.2269548495274 492917
stats: page 3311 25282.590417860232 12848.159514218249 159972.875 16.629150390625 16720.337696732287 45293
stats: connect 34542 1154.4539570373538 3538.5519732995476 31320.593017578125 0.322021484375 694.2559034490914 497470
stats: 200 35187 527989
stats: size_rcv 4539123 68110581
stats: newphase 5 102
stats: size_sent 4583474 70608030
stats: connected -646 3905
stats: error_connect_etimedout 0 365
stats: error_abort 1 1
EndMonitor:{1338,979026,859735}
