# stats: dump at 1338995963
stats: users 0 0
# stats: dump at 1338995973
stats: users 2 12
stats: {load,"os_mon@test2"} 1 1.21875 0 1.21875 1.21875 0 0
stats: {freemem,"os_mon@test2"} 1 1428.42578125 0 1428.42578125 1428.42578125 0 0
stats: {cpu,"os_mon@test3"} 1 2.6262626262626263 0 2.6262626262626263 2.6262626262626263 0 0
stats: {load,"os_mon@test4"} 1 0.98046875 0 0.98046875 0.98046875 0 0
stats: {freemem,"os_mon@test4"} 1 1580.40625 0 1580.40625 1580.40625 0 0
stats: {freemem,"os_mon@myserver"} 1 1115.71875 0 1115.71875 1115.71875 0 0
stats: {load,"os_mon@test3"} 1 1.05078125 0 1.05078125 1.05078125 0 0
stats: {cpu,"os_mon@test2"} 1 3.6090225563909777 0 3.6090225563909777 3.6090225563909777 0 0
stats: {freemem,"os_mon@test3"} 1 1413.02734375 0 1413.02734375 1413.02734375 0 0
stats: {cpu,"os_mon@test4"} 1 2.7596588058203713 0 2.7596588058203713 2.7596588058203713 0 0
stats: {load,"os_mon@myserver"} 1 3.1015625 0 3.1015625 3.1015625 0 0
stats: {cpu,"os_mon@myserver"} 1 3.102143757881463 0 3.102143757881463 3.102143757881463 0 0
stats: session 941 30.62189103389014 43.45295258726994 845.487060546875 17.794921875 0 0
stats: users_count 943 943
stats: finish_users_count 941 941
stats: request 9365 2.7181571019504114 13.772037274650735 822.5810546875 1.22607421875 0 0
stats: page 936 28.575208354200054 43.56602754732216 843.43408203125 16.090087890625 0 0
stats: connect 9365 0.9778255399509475 0.3205872255028249 5.820068359375 0.421875 0 0
stats: 200 9365 9365
stats: size_rcv 1393280 1393280
stats: size_sent 1241935 1241935
stats: connected 0 0
# stats: dump at 1338995983
stats: users 8 41
stats: {load,"os_mon@test2"} 1 1.109375 0.0 1.21875 1.109375 1.21875 1
stats: {recvpackets,"os_mon@test3"} 1 4783 0 4783 4783 0 0
stats: {sentpackets,"os_mon@test3"} 1 3270 0 3270 3270 0 0
stats: {freemem,"os_mon@test2"} 1 1427.74609375 0.0 1428.42578125 1427.74609375 1428.42578125 1
stats: {cpu,"os_mon@test3"} 1 20.583717357910906 0.0 20.583717357910906 2.6262626262626263 2.6262626262626263 1
stats: {load,"os_mon@test4"} 1 0.91015625 0.0 0.98046875 0.91015625 0.98046875 1
stats: {freemem,"os_mon@test4"} 1 1579.4375 0.0 1580.40625 1579.4375 1580.40625 1
stats: {freemem,"os_mon@myserver"} 1 1115.953125 0.0 1115.953125 1115.71875 1115.71875 1
stats: {recvpackets,"os_mon@test2"} 1 4921 0 4921 4921 0 0
stats: {sentpackets,"os_mon@test2"} 1 3371 0 3371 3371 0 0
stats: {load,"os_mon@test3"} 1 0.9609375 0.0 1.05078125 0.9609375 1.05078125 1
stats: {cpu,"os_mon@test2"} 1 23.957273652085455 0.0 23.957273652085455 3.6090225563909777 3.6090225563909777 1
stats: {freemem,"os_mon@test3"} 1 1412.46875 0.0 1413.02734375 1412.46875 1413.02734375 1
stats: {recvpackets,"os_mon@test4"} 1 4783 0 4783 4783 0 0
stats: {sentpackets,"os_mon@test4"} 1 3271 0 3271 3271 0 0
stats: {cpu,"os_mon@test4"} 1 19.88781234064253 0.0 19.88781234064253 2.7596588058203713 2.7596588058203713 1
stats: {load,"os_mon@myserver"} 1 2.69921875 0.0 3.1015625 2.69921875 3.1015625 1
stats: {recvpackets,"os_mon@myserver"} 1 4902 0 4902 4902 0 0
stats: {sentpackets,"os_mon@myserver"} 1 3352 0 3352 3352 0 0
stats: {cpu,"os_mon@myserver"} 1 28.061224489795915 0.0 28.061224489795915 3.102143757881463 3.102143757881463 1
stats: session 1813 75.34091996173456 154.07710962629272 1254.615966796875 17.794921875 30.62189103389014 941
stats: users_count 1819 2762
stats: finish_users_count 1813 2754
stats: request 18040 7.227465766179334 47.831764480055085 1008.349853515625 1.072021484375 2.7181571019504114 9365
stats: page 1800 73.80078138563374 154.58758578588956 1252.98193359375 16.090087890625 28.575208354200054 936
stats: connect 18043 3.22407636011889 42.65808825786342 1005.98291015625 0.388916015625 0.9778255399509475 9365
stats: 200 18040 27405
stats: size_rcv 2599510 3992790
stats: newphase 6 6
stats: size_sent 2397649 3639584
stats: connected 3 3
# stats: dump at 1338995993
stats: users 1739 1739
stats: {load,"os_mon@test2"} 1 1.01171875 0.0 1.21875 1.01171875 1.1640625 2
stats: {recvpackets,"os_mon@test3"} 1 8745.0 0.0 8745 4783 4783.0 1
stats: {sentpackets,"os_mon@test3"} 1 5832.0 0.0 5832 3270 3270.0 1
stats: {freemem,"os_mon@test2"} 1 1427.73046875 0.0 1428.42578125 1427.73046875 1428.0859375 2
stats: {cpu,"os_mon@test3"} 1 37.512953367875646 0.0 37.512953367875646 2.6262626262626263 11.604989992086766 2
stats: {load,"os_mon@test4"} 1 0.8515625 0.0 0.98046875 0.8515625 0.9453125 2
stats: {freemem,"os_mon@test4"} 1 1579.2265625 0.0 1580.40625 1579.2265625 1579.921875 2
stats: {freemem,"os_mon@myserver"} 1 1115.95703125 0.0 1115.95703125 1115.71875 1115.8359375 2
stats: {recvpackets,"os_mon@test2"} 1 8837.0 0.0 8837 4921 4921.0 1
stats: {sentpackets,"os_mon@test2"} 1 5890.0 0.0 5890 3371 3371.0 1
stats: {load,"os_mon@test3"} 1 0.9609375 0.0 1.05078125 0.9609375 1.005859375 2
stats: {cpu,"os_mon@test2"} 1 42.59448416751788 0.0 42.59448416751788 3.6090225563909777 13.783148104238217 2
stats: {freemem,"os_mon@test3"} 1 1412.4765625 0.0 1413.02734375 1412.46875 1412.748046875 2
stats: {recvpackets,"os_mon@test4"} 1 8750.0 0.0 8750 4783 4783.0 1
stats: {sentpackets,"os_mon@test4"} 1 5839.0 0.0 5839 3271 3271.0 1
stats: {cpu,"os_mon@test4"} 1 37.27413526071244 0.0 37.27413526071244 2.7596588058203713 11.32373557323145 2
stats: {load,"os_mon@myserver"} 1 2.44921875 0.0 3.1015625 2.44921875 2.900390625 2
stats: {recvpackets,"os_mon@myserver"} 1 9253.0 0.0 9253 4902 4902.0 1
stats: {sentpackets,"os_mon@myserver"} 1 6173.0 0.0 6173 3352 3352.0 1
stats: {cpu,"os_mon@myserver"} 1 48.75 0.0 48.75 3.102143757881463 15.58168412383869 2
stats: session 962 415.2620443554283 623.6137205873264 5376.518798828125 17.794921875 60.06110651906876 2754
stats: users_count 2693 5455
stats: finish_users_count 962 3716
stats: request 11569 93.048068627974 278.6608428219319 4528.080078125 1.072021484375 5.686517923066622 27405
stats: page 980 406.4232008330675 620.0275202982078 5375.049072265625 16.090087890625 58.32887482224854 2736
stats: connect 11920 37.52163184249156 189.87327688614843 3009.262939453125 0.388916015625 2.4565581562779393 27408
stats: 200 11569 38974
stats: size_rcv 1574078 5566868
stats: newphase 6 12
stats: size_sent 1583240 5222824
stats: connected 351 354
# stats: dump at 1338996003
stats: users 4755 4755
stats: {load,"os_mon@test2"} 1 0.9296875 0.0 1.21875 0.9296875 1.11328125 3
stats: {recvpackets,"os_mon@test3"} 1 9.9e3 0.0 9900 4783 6764.0 2
stats: {sentpackets,"os_mon@test3"} 1 6854.0 0.0 6854 3270 4551.0 2
stats: {freemem,"os_mon@test2"} 1 1413.16015625 0.0 1428.42578125 1413.16015625 1427.9674479166667 3
stats: {cpu,"os_mon@test3"} 1 23.282642894598844 0.0 37.512953367875646 2.6262626262626263 20.240977784016394 3
stats: {load,"os_mon@test4"} 1 0.94140625 0.0 0.98046875 0.8515625 0.9140625 3
stats: {freemem,"os_mon@test4"} 1 1564.86328125 0.0 1580.40625 1564.86328125 1579.6901041666667 3
stats: {freemem,"os_mon@myserver"} 1 1116.84375 0.0 1116.84375 1115.71875 1115.8763020833333 3
stats: {recvpackets,"os_mon@test2"} 1 9849.0 0.0 9849 4921 6879.0 2
stats: {sentpackets,"os_mon@test2"} 1 6824.0 0.0 6824 3371 4630.5 2
stats: {load,"os_mon@test3"} 1 0.96875 0.0 1.05078125 0.9609375 0.9908854166666666 3
stats: {cpu,"os_mon@test2"} 1 25.28379772961816 0.0 42.59448416751788 3.6090225563909777 23.386926791998103 3
stats: {freemem,"os_mon@test3"} 1 1397.7890625 0.0 1413.02734375 1397.7890625 1412.6575520833333 3
stats: {recvpackets,"os_mon@test4"} 1 9897.0 0.0 9897 4783 6766.5 2
stats: {sentpackets,"os_mon@test4"} 1 6849.0 0.0 6849 3271 4555.0 2
stats: {cpu,"os_mon@test4"} 1 23.072916666666668 0.0 37.27413526071244 2.7596588058203713 19.97386880239178 3
stats: {load,"os_mon@myserver"} 1 2.2890625 0.0 3.1015625 2.2890625 2.75 3
stats: {recvpackets,"os_mon@myserver"} 1 9844.0 0.0 9844 4902 7077.5 2
stats: {sentpackets,"os_mon@myserver"} 1 6832.0 0.0 6832 3352 4762.5 2
stats: {cpu,"os_mon@myserver"} 1 16.628527841342486 0.0 48.75 3.102143757881463 26.63778941589246 3
stats: session 35 9187.5373046875 2140.2355087976644 14824.468994140625 17.794921875 152.01570883300252 3716
stats: users_count 3051 8506
stats: finish_users_count 35 3751
stats: request 1357 2447.2893152764022 3202.786113457411 14862.350830078125 1.072021484375 31.61882613123293 38974
stats: page 35 9185.712025669643 2140.0885192443893 14821.005126953125 16.090087890625 150.1298542330673 3716
stats: connect 1397 621.0103430341807 1447.3805474517462 7053.475830078125 0.388916015625 13.084499529845532 39328
stats: 200 1058 40032
stats: size_rcv 140226 5707094
stats: newphase 6 18
stats: size_sent 185063 5407887
stats: connected 40 394
# stats: dump at 1338996013
stats: users 7443 7443
stats: {load,"os_mon@test2"} 1 1.01953125 0.0 1.21875 0.9296875 1.0673828125 4
stats: {recvpackets,"os_mon@test3"} 1 10001.0 0.0 10001 4783 7809.333333333333 3
stats: {sentpackets,"os_mon@test3"} 1 7125.0 0.0 7125 3270 5318.666666666667 3
stats: {freemem,"os_mon@test2"} 1 1368.5546875 0.0 1428.42578125 1368.5546875 1424.265625 4
stats: {cpu,"os_mon@test3"} 1 17.28 0.0 37.512953367875646 2.6262626262626263 21.001394061662005 4
stats: {load,"os_mon@test4"} 1 0.7890625 0.0 0.98046875 0.7890625 0.9208984375 4
stats: {freemem,"os_mon@test4"} 1 1517.453125 0.0 1580.40625 1517.453125 1575.9833984375 4
stats: {freemem,"os_mon@myserver"} 1 1116.62890625 0.0 1116.84375 1115.71875 1116.1181640625 4
stats: {recvpackets,"os_mon@test2"} 1 9633.0 0.0 9849 4921 7869.0 3
stats: {sentpackets,"os_mon@test2"} 1 6873.0 0.0 6873 3371 5361.666666666667 3
stats: {load,"os_mon@test3"} 1 0.890625 0.0 1.05078125 0.890625 0.9853515625 4
stats: {cpu,"os_mon@test2"} 1 21.339563862928348 0.0 42.59448416751788 3.6090225563909777 23.861144526403116 4
stats: {freemem,"os_mon@test3"} 1 1350.80859375 0.0 1413.02734375 1350.80859375 1408.9404296875 4
stats: {recvpackets,"os_mon@test4"} 1 10001.0 0.0 10001 4783 7810.0 3
stats: {sentpackets,"os_mon@test4"} 1 7123.0 0.0 7123 3271 5319.666666666667 3
stats: {cpu,"os_mon@test4"} 1 16.012558869701728 0.0 37.27413526071244 2.7596588058203713 20.748630768460504 4
stats: {load,"os_mon@myserver"} 1 2.01953125 0.0 3.1015625 2.01953125 2.634765625 4
stats: {recvpackets,"os_mon@myserver"} 1 9588.0 0.0 9844 4902 7999.666666666667 3
stats: {sentpackets,"os_mon@myserver"} 1 6889.0 0.0 6889 3352 5452.333333333333 3
stats: {cpu,"os_mon@myserver"} 1 4.036326942482341 0.0 48.75 3.102143757881463 24.135474022254968 4
stats: session 42 17695.138671874996 4020.7972022294766 24932.115966796875 17.794921875 236.32476131364967 3751
stats: users_count 2730 11236
stats: finish_users_count 42 3793
stats: request 3612 3234.989170754596 4935.621086196457 24033.255126953125 1.072021484375 112.89786344173837 40331
stats: page 42 17693.28586542038 4020.8002636680526 24930.073974609375 16.090087890625 234.43947193508814 3751
stats: connect 4440 2344.372120130382 4608.243073868163 15075.344970703125 0.3369140625 33.93833386687576 40725
stats: 200 3467 43499
stats: size_rcv 469456 6176550
stats: newphase 6 24
stats: size_sent 588904 5996791
stats: connected 828 1222
# stats: dump at 1338996023
stats: users 10086 10086
stats: {load,"os_mon@test2"} 1 0.94140625 0.0 1.21875 0.9296875 1.0578125 5
stats: {recvpackets,"os_mon@test3"} 1 10636.0 0.0 10636 4783 8357.25 4
stats: {sentpackets,"os_mon@test3"} 1 7406.0 0.0 7406 3270 5770.25 4
stats: {freemem,"os_mon@test2"} 1 1333.890625 0.0 1428.42578125 1333.890625 1413.1234375 5
stats: {cpu,"os_mon@test3"} 1 18.759770713913497 0.0 37.512953367875646 2.6262626262626263 20.257115249329605 5
stats: {load,"os_mon@test4"} 1 0.828125 0.0 0.98046875 0.7890625 0.89453125 5
stats: {freemem,"os_mon@test4"} 1 1486.0234375 0.0 1580.40625 1486.0234375 1564.27734375 5
stats: {freemem,"os_mon@myserver"} 1 1115.44140625 0.0 1116.84375 1115.44140625 1116.2203125 5
stats: {recvpackets,"os_mon@test2"} 1 11174.0 0.0 11174 4921 8310.0 4
stats: {sentpackets,"os_mon@test2"} 1 7774.0 0.0 7774 3371 5739.5 4
stats: {load,"os_mon@test3"} 1 0.91015625 0.0 1.05078125 0.890625 0.96640625 5
stats: {cpu,"os_mon@test2"} 1 29.464285714285715 0.0 42.59448416751788 3.6090225563909777 23.356828393708163 5
stats: {freemem,"os_mon@test3"} 1 1322.64453125 0.0 1413.02734375 1322.64453125 1397.3140625 5
stats: {recvpackets,"os_mon@test4"} 1 10646.0 0.0 10646 4783 8357.75 4
stats: {sentpackets,"os_mon@test4"} 1 7413.0 0.0 7413 3271 5770.5 4
stats: {cpu,"os_mon@test4"} 1 20.582120582120584 0.0 37.27413526071244 2.7596588058203713 19.80141638870875 5
stats: {load,"os_mon@myserver"} 1 1.7109375 0.0 3.1015625 1.7109375 2.51171875 5
stats: {recvpackets,"os_mon@myserver"} 1 11373.0 0.0 11373 4902 8396.75 4
stats: {sentpackets,"os_mon@myserver"} 1 7870.0 0.0 7870 3352 5811.5 4
stats: {cpu,"os_mon@myserver"} 1 10.411928228455901 0.0 48.75 3.102143757881463 20.115644606300442 5
stats: session 101 16127.48303585241 9129.321043125414 33301.704833984375 17.794921875 429.6467186676113 3793
stats: users_count 2744 13980
stats: finish_users_count 101 3894
stats: page 101 16125.405800394496 9129.208332385955 33300.264892578125 16.090087890625 427.76178897341725 3793
stats: request 6240 2696.1513841677897 5578.503592256654 34267.10986328125 1.072021484375 369.5256267263125 43943
stats: connect 7437 2188.5151833999353 5515.148947877551 31087.23095703125 0.3369140625 261.0683241471806 45165
stats: 200 6136 49635
stats: size_rcv 814152 6990702
stats: newphase 6 30
stats: size_sent 987247 6984038
stats: connected 1197 2419
# stats: dump at 1338996033
stats: users 13272 13272
stats: {load,"os_mon@test2"} 1 1.01953125 0.0 1.21875 0.9296875 1.0384114583333333 6
stats: {recvpackets,"os_mon@test3"} 1 9547.0 0.0 10636 4783 8813.0 5
stats: {sentpackets,"os_mon@test3"} 1 6938.0 0.0 7406 3270 6097.4 5
stats: {freemem,"os_mon@test2"} 1 1298.31640625 0.0 1428.42578125 1298.31640625 1399.91796875 6
stats: {cpu,"os_mon@test3"} 1 25.10570824524313 0.0 37.512953367875646 2.6262626262626263 20.00755782676025 6
stats: {load,"os_mon@test4"} 1 0.78125 0.0 0.98046875 0.78125 0.8834635416666666 6
stats: {freemem,"os_mon@test4"} 1 1429.79296875 0.0 1580.40625 1429.79296875 1551.2350260416667 6
stats: {freemem,"os_mon@myserver"} 1 1114.6171875 0.0 1116.84375 1114.6171875 1116.0904947916667 6
stats: {recvpackets,"os_mon@test2"} 1 9074.0 0.0 11174 4921 8882.8 5
stats: {sentpackets,"os_mon@test2"} 1 6614.0 0.0 7774 3371 6146.4 5
stats: {load,"os_mon@test3"} 1 0.8515625 0.0 1.05078125 0.8515625 0.95703125 6
stats: {cpu,"os_mon@test2"} 1 23.004694835680752 0.0 42.59448416751788 3.6090225563909777 24.374737947137756 6
stats: {freemem,"os_mon@test3"} 1 1264.47265625 0.0 1413.02734375 1264.47265625 1384.869140625 6
stats: {recvpackets,"os_mon@test4"} 1 9534.0 0.0 10646 4783 8815.4 5
stats: {sentpackets,"os_mon@test4"} 1 6929.0 0.0 7413 3271 6099.0 5
stats: {cpu,"os_mon@test4"} 1 24.42827442827443 0.0 37.27413526071244 2.7596588058203713 19.931533754277385 6
stats: {load,"os_mon@myserver"} 1 1.53125 0.0 3.1015625 1.53125 2.3782552083333335 6
stats: {recvpackets,"os_mon@myserver"} 1 8777.0 0.0 11373 4902 8992.0 5
stats: {sentpackets,"os_mon@myserver"} 1 6411.0 0.0 7870 3352 6223.2 5
stats: {cpu,"os_mon@myserver"} 1 10.267406659939455 0.0 48.75 3.102143757881463 18.49835854332635 6
stats: session 118 21038.66033625199 11828.878860205286 44610.039794921875 17.794921875 836.8068285894565 3894
stats: users_count 3304 17284
stats: finish_users_count 118 4012
stats: 200 5626 55261
stats: request 5716 3989.3933758105004 8000.798026227831 43617.678955078125 1.072021484375 658.8296684622554 50183
stats: page 116 21002.060460583925 11892.107249276198 44608.25390625 16.090087890625 834.9169109953815 3894
stats: connect 7270 3575.7149204175453 8057.161979083383 32307.89599609375 0.3369140625 533.5754967311648 52602
stats: size_rcv 722108 7712810
stats: newphase 6 36
stats: size_sent 965234 7949272
stats: connected 1554 3973
# stats: dump at 1338996043
stats: users 15518 15518
stats: {load,"os_mon@test2"} 1 0.94140625 0.0 1.21875 0.9296875 1.0357142857142858 7
stats: {recvpackets,"os_mon@test3"} 1 12709.0 0.0 12709 4783 8935.333333333334 6
stats: {sentpackets,"os_mon@test3"} 1 8994.0 0.0 8994 3270 6237.5 6
stats: {freemem,"os_mon@test2"} 1 1247.0078125 0.0 1428.42578125 1247.0078125 1385.4034598214287 7
stats: {cpu,"os_mon@test3"} 1 31.35593220338983 0.0 37.512953367875646 2.6262626262626263 20.735865029400664 7
stats: {load,"os_mon@test4"} 1 0.87890625 0.0 0.98046875 0.78125 0.8688616071428571 7
stats: {freemem,"os_mon@test4"} 1 1391.84375 0.0 1580.40625 1391.84375 1533.8861607142858 7
stats: {freemem,"os_mon@myserver"} 1 1110.96875 0.0 1116.84375 1110.96875 1115.8800223214287 7
stats: {recvpackets,"os_mon@test2"} 1 12950.0 0.0 12950 4921 8914.666666666666 6
stats: {sentpackets,"os_mon@test2"} 1 9172.0 0.0 9172 3371 6224.333333333333 6
stats: {load,"os_mon@test3"} 1 0.71875 0.0 1.05078125 0.71875 0.9419642857142857 7
stats: {cpu,"os_mon@test2"} 1 37.11122825513969 0.0 42.59448416751788 3.6090225563909777 24.179017502643894 7
stats: {freemem,"os_mon@test3"} 1 1207.43359375 0.0 1413.02734375 1207.43359375 1367.669642857143 7
stats: {recvpackets,"os_mon@test4"} 1 12730.0 0.0 12730 4783 8935.166666666666 6
stats: {sentpackets,"os_mon@test4"} 1 9009.0 0.0 9009 3271 6237.333333333333 6
stats: {cpu,"os_mon@test4"} 1 27.50791974656811 0.0 37.27413526071244 2.7596588058203713 20.573925279134105 7
stats: {load,"os_mon@myserver"} 1 1.44921875 0.0 3.1015625 1.44921875 2.2572544642857144 7
stats: {recvpackets,"os_mon@myserver"} 1 13214.0 0.0 13214 4902 8956.166666666666 6
stats: {sentpackets,"os_mon@myserver"} 1 9349.0 0.0 9349 3352 6254.5 6
stats: {cpu,"os_mon@myserver"} 1 16.01010101010101 0.0 48.75 3.102143757881463 17.32250827427108 7
stats: session 95 26754.2380756579 14922.9225284437 54798.60205078125 17.794921875 1430.978990579531 4012
stats: users_count 2341 19625
stats: finish_users_count 95 4107
stats: request 5192 4905.008989566282 9069.419837815734 52696.0 1.072021484375 999.399305686581 55899
stats: page 96 26458.059168497723 14733.086968865153 54797.31494140625 16.090087890625 1418.305602205424 4010
stats: connect 5453 2453.0456770409414 6400.615904462267 32307.89599609375 0.3369140625 902.9694306268085 59872
stats: 200 4792 60053
stats: size_rcv 666314 8379124
stats: newphase 6 42
stats: size_sent 723868 8673140
stats: connected 261 4234
# stats: dump at 1338996053
stats: users 18343 18343
stats: {load,"os_mon@test2"} 1 0.80078125 0.0 1.21875 0.80078125 1.02392578125 8
stats: {recvpackets,"os_mon@test3"} 1 10224.0 0.0 12709 4783 9474.42857142857 7
stats: {sentpackets,"os_mon@test3"} 1 7749.0 0.0 8994 3270 6631.285714285715 7
stats: {freemem,"os_mon@test2"} 1 1202.75 0.0 1428.42578125 1202.75 1368.10400390625 8
stats: {cpu,"os_mon@test3"} 1 21.94340630005339 0.0 37.512953367875646 2.6262626262626263 22.06337342614931 8
stats: {load,"os_mon@test4"} 1 0.96875 0.0 0.98046875 0.78125 0.8701171875 8
stats: {freemem,"os_mon@test4"} 1 1339.21875 0.0 1580.40625 1339.21875 1516.130859375 8
stats: {freemem,"os_mon@myserver"} 1 1110.6484375 0.0 1116.84375 1110.6484375 1115.26611328125 8
stats: {recvpackets,"os_mon@test2"} 1 10189.0 0.0 12950 4921 9491.142857142857 7
stats: {sentpackets,"os_mon@test2"} 1 7703.0 0.0 9172 3371 6645.428571428572 7
stats: {load,"os_mon@test3"} 1 0.91015625 0.0 1.05078125 0.71875 0.9140625 8
stats: {cpu,"os_mon@test2"} 1 24.604847207586932 0.0 42.59448416751788 3.6090225563909777 25.79554384670587 8
stats: {freemem,"os_mon@test3"} 1 1161.53125 0.0 1413.02734375 1161.53125 1347.64013671875 8
stats: {recvpackets,"os_mon@test4"} 1 10228.0 0.0 12730 4783 9477.285714285714 7
stats: {sentpackets,"os_mon@test4"} 1 7751.0 0.0 9009 3271 6633.285714285715 7
stats: {cpu,"os_mon@test4"} 1 21.718502899314707 0.0 37.27413526071244 2.7596588058203713 21.440674587563358 8
stats: {load,"os_mon@myserver"} 1 1.21875 0.0 3.1015625 1.21875 2.15625 8
stats: {recvpackets,"os_mon@myserver"} 1 9936.0 0.0 13214 4902 9564.42857142857 7
stats: {sentpackets,"os_mon@myserver"} 1 7529.0 0.0 9349 3352 6696.571428571428 7
stats: {cpu,"os_mon@myserver"} 1 6.406685236768802 0.0 48.75 3.102143757881463 17.15845736624982 8
stats: session 75 32668.416142578124 15238.996366895084 65098.738037109375 17.794921875 2016.737357534107 4107
stats: users_count 2900 22525
stats: finish_users_count 75 4182
stats: 200 4583 64636
stats: request 4756 5489.8941911163165 10284.255137984488 63118.14697265625 1.072021484375 1331.329139519771 61091
stats: page 72 32496.223351372613 15149.801318753318 65097.343994140625 16.090087890625 2003.7455297173726 4106
stats: connect 5983 3463.1404862605377 7415.534201426769 32452.68994140625 0.3369140625 1032.361941483238 65325
stats: size_rcv 589512 8968636
stats: newphase 5 47
stats: size_sent 794405 9467545
stats: connected 1227 5461
stats: error_connect_etimedout 250 250
# stats: dump at 1338996063
stats: users 21413 21413
stats: {load,"os_mon@test2"} 1 0.6796875 0.0 1.21875 0.6796875 0.9991319444444444 9
stats: {recvpackets,"os_mon@test3"} 1 12731.0 0.0 12731 4783 9568.125 8
stats: {sentpackets,"os_mon@test3"} 1 8951.0 0.0 8994 3270 6771.0 8
stats: {freemem,"os_mon@test2"} 1 1182.95703125 0.0 1428.42578125 1182.95703125 1349.7313368055557 9
stats: {cpu,"os_mon@test3"} 1 35.3475935828877 0.0 37.512953367875646 2.6262626262626263 22.05004374547199 9
stats: {load,"os_mon@test4"} 1 0.8203125 0.0 0.98046875 0.78125 0.8810763888888888 9
stats: {freemem,"os_mon@test4"} 1 1299.84765625 0.0 1580.40625 1299.84765625 1496.4739583333333 9
stats: {freemem,"os_mon@myserver"} 1 1108.7265625 0.0 1116.84375 1108.7265625 1114.7530381944443 9
stats: {recvpackets,"os_mon@test2"} 1 13076.0 0.0 13076 4921 9578.375 8
stats: {sentpackets,"os_mon@test2"} 1 9359.0 0.0 9359 3371 6777.625 8
stats: {load,"os_mon@test3"} 1 0.9296875 0.0 1.05078125 0.71875 0.9136284722222222 9
stats: {cpu,"os_mon@test2"} 1 22.431332655137336 0.0 42.59448416751788 3.6090225563909777 25.6632442201371 9
stats: {freemem,"os_mon@test3"} 1 1083.42578125 0.0 1413.02734375 1083.42578125 1326.9613715277778 9
stats: {recvpackets,"os_mon@test4"} 1 12705.0 0.0 12730 4783 9571.125 8
stats: {sentpackets,"os_mon@test4"} 1 8934.0 0.0 9009 3271 6773.0 8
stats: {cpu,"os_mon@test4"} 1 21.69614984391259 0.0 37.27413526071244 2.7596588058203713 21.471544399980175 9
stats: {load,"os_mon@myserver"} 1 1.26171875 0.0 3.1015625 1.21875 2.0520833333333335 9
stats: {recvpackets,"os_mon@myserver"} 1 12897.0 0.0 13214 4902 9610.875 8
stats: {sentpackets,"os_mon@myserver"} 1 9229.0 0.0 9349 3352 6800.625 8
stats: {cpu,"os_mon@myserver"} 1 10.925644916540213 0.0 48.75 3.102143757881463 15.963816018529705 9
stats: session 62 40804.06655194682 20041.850855103046 77577.86108398438 17.794921875 2566.444652818254 4182
stats: users_count 3132 25657
stats: finish_users_count 62 4244
stats: request 3947 5028.805616805476 10084.929348076043 67242.0380859375 1.072021484375 1631.6941582054085 65847
stats: page 66 40720.87284712358 19786.205379398398 77576.36401367188 16.090087890625 2529.2262389464718 4178
stats: connect 5197 3739.0798921891515 8088.731967242429 32452.68994140625 0.3369140625 1236.3130834785625 71308
stats: 200 3796 68432
stats: size_rcv 494836 9463472
stats: newphase 6 53
stats: size_sent 690591 10158136
stats: connected 1250 6711
stats: error_connect_etimedout 1846 2096
# stats: dump at 1338996073
stats: users 24120 24120
stats: {load,"os_mon@test2"} 1 0.5703125 0.0 1.21875 0.5703125 0.9671875 10
stats: {recvpackets,"os_mon@test3"} 1 11354.0 0.0 12731 4783 9919.555555555555 9
stats: {sentpackets,"os_mon@test3"} 1 8357.0 0.0 8994 3270 7013.222222222223 9
stats: {freemem,"os_mon@test2"} 1 1144.640625 0.0 1428.42578125 1144.640625 1333.05390625 10
stats: {cpu,"os_mon@test3"} 1 24.519230769230766 0.0 37.512953367875646 2.6262626262626263 23.379798729213558 10
stats: {load,"os_mon@test4"} 1 0.83984375 0.0 0.98046875 0.78125 0.875 10
stats: {freemem,"os_mon@test4"} 1 1252.1015625 0.0 1580.40625 1252.1015625 1476.811328125 10
stats: {freemem,"os_mon@myserver"} 1 1108.03515625 0.0 1116.84375 1108.03515625 1114.150390625 10
stats: {recvpackets,"os_mon@test2"} 1 11407.0 0.0 13076 4921 9967.0 9
stats: {sentpackets,"os_mon@test2"} 1 8223.0 0.0 9359 3371 7064.444444444444 9
stats: {load,"os_mon@test3"} 1 1.01953125 0.0 1.05078125 0.71875 0.915234375 10
stats: {cpu,"os_mon@test2"} 1 25.171503957783642 0.0 42.59448416751788 3.6090225563909777 25.34005306363712 10
stats: {freemem,"os_mon@test3"} 1 1026.51171875 0.0 1413.02734375 1026.51171875 1302.6078125 10
stats: {recvpackets,"os_mon@test4"} 1 11386.0 0.0 12730 4783 9919.333333333334 9
stats: {sentpackets,"os_mon@test4"} 1 8377.0 0.0 9009 3271 7013.111111111111 9
stats: {cpu,"os_mon@test4"} 1 23.150105708245245 0.0 37.27413526071244 2.7596588058203713 21.49400494437342 10
stats: {load,"os_mon@myserver"} 1 1.1484375 0.0 3.1015625 1.1484375 1.973046875 10
stats: {recvpackets,"os_mon@myserver"} 1 11401.0 0.0 13214 4902 9976.0 9
stats: {sentpackets,"os_mon@myserver"} 1 8221.0 0.0 9349 3352 7070.444444444444 9
stats: {cpu,"os_mon@myserver"} 1 7.585335018963338 0.0 48.75 3.102143757881463 15.459998908330757 10
stats: session 49 46069.47892916933 25790.284452725995 84644.29296875 17.794921875 3125.0527012975117 4244
stats: users_count 2756 28413
stats: finish_users_count 49 4293
stats: request 4154 6192.466849711403 12121.55973078384 82408.82592773438 1.072021484375 1823.8080781282454 69794
stats: page 46 46815.06495202106 25888.4717522401 84642.92407226563 16.090087890625 3123.1585377541273 4244
stats: connect 5127 2585.2640523953355 6376.086535200908 32452.68994140625 0.3369140625 1406.3265349506091 76505
stats: 200 3963 72395
stats: size_rcv 536872 10000344
stats: newphase 5 58
stats: size_sent 680021 10838157
stats: connected 973 7684
stats: error_connect_etimedout 1421 3517
# stats: dump at 1338996083
stats: users 26991 26995
stats: {load,"os_mon@test2"} 1 0.55859375 0.0 1.21875 0.55859375 0.9311079545454546 11
stats: {recvpackets,"os_mon@test3"} 1 13007.0 0.0 13007 4783 10063.0 10
stats: {sentpackets,"os_mon@test3"} 1 9305.0 0.0 9305 3270 7147.6 10
stats: {freemem,"os_mon@test2"} 1 1093.1328125 0.0 1428.42578125 1093.1328125 1315.9254261363637 11
stats: {cpu,"os_mon@test3"} 1 29.48717948717949 0.0 37.512953367875646 2.6262626262626263 23.483383460124216 11
stats: {load,"os_mon@test4"} 1 0.7890625 0.0 0.98046875 0.78125 0.8718039772727273 11
stats: {freemem,"os_mon@test4"} 1 1191.2421875 0.0 1580.40625 1191.2421875 1456.3831676136363 11
stats: {freemem,"os_mon@myserver"} 1 1107.171875 0.0 1116.84375 1107.171875 1113.5944602272727 11
stats: {recvpackets,"os_mon@test2"} 1 13074.0 0.0 13076 4921 10111.0 10
stats: {sentpackets,"os_mon@test2"} 1 9510.0 0.0 9510 3371 7180.3 10
stats: {load,"os_mon@test3"} 1 0.94140625 0.0 1.05078125 0.71875 0.9247159090909091 11
stats: {cpu,"os_mon@test2"} 1 37.45338305807139 0.0 42.59448416751788 3.6090225563909777 25.32473041765044 11
stats: {freemem,"os_mon@test3"} 1 971.80859375 0.0 1413.02734375 971.80859375 1277.5081676136363 11
stats: {recvpackets,"os_mon@test4"} 1 13111.0 0.0 13111 4783 10066.0 10
stats: {sentpackets,"os_mon@test4"} 1 9430.0 0.0 9430 3271 7149.5 10
stats: {cpu,"os_mon@test4"} 1 26.98497854077253 0.0 37.27413526071244 2.7596588058203713 21.644559559270856 11
stats: {load,"os_mon@myserver"} 1 1.19140625 0.0 3.1015625 1.1484375 1.8980823863636365 11
stats: {recvpackets,"os_mon@myserver"} 1 13082.0 0.0 13214 4902 10118.5 10
stats: {sentpackets,"os_mon@myserver"} 1 9511.0 0.0 9511 3352 7185.5 10
stats: {cpu,"os_mon@myserver"} 1 12.17413313085295 0.0 48.75 3.102143757881463 14.74412037293372 11
stats: session 68 55598.937148150275 26045.408360082864 93273.31103515625 17.794921875 3615.217361247597 4293
stats: users_count 2939 31352
stats: finish_users_count 68 4361
stats: request 5726 5610.703611106744 11497.494335591255 85021.89013671875 1.072021484375 2069.21577728382 73948
stats: page 67 47769.59409252565 26785.96606767941 93271.4951171875 16.090087890625 3591.6498419630498 4290
stats: connect 7262 2961.182016181999 6657.690756051871 32452.68994140625 0.3369140625 1480.371182294042 81632
stats: 200 5568 77963
stats: size_rcv 733492 10733836
stats: newphase 5 63
stats: size_sent 966570 11804727
stats: connected 1536 9220
stats: error_connect_etimedout 1660 5177
# stats: dump at 1338996093
stats: users 30678 30678
stats: {load,"os_mon@test2"} 1 0.46875 0.0 1.21875 0.46875 0.9000651041666666 12
stats: {recvpackets,"os_mon@test3"} 1 13084.0 0.0 13084 4783 10330.636363636364 11
stats: {sentpackets,"os_mon@test3"} 1 9515.0 0.0 9515 3270 7343.727272727273 11
stats: {freemem,"os_mon@test2"} 1 1024.69140625 0.0 1428.42578125 1024.69140625 1297.3593750000002 12
stats: {cpu,"os_mon@test3"} 1 23.003194888178914 0.0 37.512953367875646 2.6262626262626263 23.983699795712155 12
stats: {load,"os_mon@test4"} 1 1.109375 0.0 1.109375 0.78125 0.8649088541666666 12
stats: {freemem,"os_mon@test4"} 1 1143.7421875 0.0 1580.40625 1143.7421875 1434.2880859375 12
stats: {freemem,"os_mon@myserver"} 1 1106.5625 0.0 1116.84375 1106.5625 1113.0592447916667 12
stats: {recvpackets,"os_mon@test2"} 1 13464.0 0.0 13464 4921 10380.363636363636 11
stats: {sentpackets,"os_mon@test2"} 1 9759.0 0.0 9759 3371 7392.090909090909 11
stats: {load,"os_mon@test3"} 1 0.94921875 0.0 1.05078125 0.71875 0.9261067708333334 12
stats: {cpu,"os_mon@test2"} 1 40.32943676939426 0.0 42.59448416751788 3.6090225563909777 26.335451471018853 12
stats: {freemem,"os_mon@test3"} 1 930.828125 0.0 1413.02734375 930.828125 1252.0332031249998 12
stats: {recvpackets,"os_mon@test4"} 1 12972.0 0.0 13111 4783 10342.818181818182 11
stats: {sentpackets,"os_mon@test4"} 1 9388.0 0.0 9430 3271 7356.818181818182 11
stats: {cpu,"os_mon@test4"} 1 23.507659799260434 0.0 37.27413526071244 2.7596588058203713 22.089594474395994 12
stats: {load,"os_mon@myserver"} 1 1.23828125 0.0 3.1015625 1.1484375 1.8391927083333333 12
stats: {recvpackets,"os_mon@myserver"} 1 13473.0 0.0 13473 4902 10387.90909090909 11
stats: {sentpackets,"os_mon@myserver"} 1 9770.0 0.0 9770 3352 7396.909090909091 11
stats: {cpu,"os_mon@myserver"} 1 10.603754439370878 0.0 48.75 3.102143757881463 14.529954769426988 12
stats: session 49 69007.93132174748 26702.32612497583 99864.2578125 17.794921875 4425.786713577196 4361
stats: users_count 3736 35088
stats: finish_users_count 49 4410
stats: request 5606 7308.0055879286 13050.665872762936 101273.47412109375 1.072021484375 2323.734934555578 79674
stats: page 53 60144.701554208434 29567.596351157474 99862.93212890625 16.090087890625 4270.998537117444 4357
stats: connect 7186 3640.8134542072835 7654.293783485827 32452.68994140625 0.3369140625 1601.3427695293374 88894
stats: 200 5436 83399
stats: size_rcv 768622 11502458
stats: newphase 3 66
stats: size_sent 952062 12756789
stats: connected 1580 10800
stats: error_connect_etimedout 1375 6552
# stats: dump at 1338996103
stats: users 34023 34023
stats: {load,"os_mon@test2"} 1 0.3984375 0.0 1.21875 0.3984375 0.8668870192307693 13
stats: {recvpackets,"os_mon@test3"} 1 15734.0 0.0 15734 4783 10560.083333333334 12
stats: {sentpackets,"os_mon@test3"} 1 11562.0 0.0 11562 3270 7524.666666666667 12
stats: {freemem,"os_mon@test2"} 1 1004.21875 0.0 1428.42578125 1004.21875 1276.384915865385 13
stats: {cpu,"os_mon@test3"} 1 38.1236442516269 0.0 38.1236442516269 2.6262626262626263 23.908276341286523 13
stats: {load,"os_mon@test4"} 1 1.23046875 0.0 1.23046875 0.78125 0.8837139423076923 13
stats: {freemem,"os_mon@test4"} 1 1089.70703125 0.0 1580.40625 1089.70703125 1411.9384014423076 13
stats: {freemem,"os_mon@myserver"} 1 1101.234375 0.0 1116.84375 1101.234375 1112.5594951923076 13
stats: {recvpackets,"os_mon@test2"} 1 15531.0 0.0 15531 4921 10637.333333333334 12
stats: {sentpackets,"os_mon@test2"} 1 11476.0 0.0 11476 3371 7589.333333333333 12
stats: {load,"os_mon@test3"} 1 1.25 0.0 1.25 0.71875 0.9278846153846154 13
stats: {cpu,"os_mon@test2"} 1 20.17960908610671 0.0 42.59448416751788 3.6090225563909777 27.41191187858619 13
stats: {freemem,"os_mon@test3"} 1 833.1328125 0.0 1413.02734375 833.1328125 1227.3251201923074 13
stats: {recvpackets,"os_mon@test4"} 1 15741.0 0.0 15741 4783 10561.916666666666 12
stats: {sentpackets,"os_mon@test4"} 1 11565.0 0.0 11565 3271 7526.083333333333 12
stats: {cpu,"os_mon@test4"} 1 25.998934469898778 0.0 37.27413526071244 2.7596588058203713 22.198676422462487 13
stats: {load,"os_mon@myserver"} 1 1.19921875 0.0 3.1015625 1.1484375 1.79296875 13
stats: {recvpackets,"os_mon@myserver"} 1 15515.0 0.0 15515 4902 10644.999999999998 12
stats: {sentpackets,"os_mon@myserver"} 1 11463.0 0.0 11463 3352 7594.666666666667 12
stats: {cpu,"os_mon@myserver"} 1 9.834815756035578 0.0 48.75 3.102143757881463 14.227939359422672 13
stats: session 30 82812.80612792968 21236.6924848008 112777.51391601563 17.794921875 5143.366098112422 4410
stats: users_count 3375 38463
stats: finish_users_count 30 4440
stats: request 2486 8376.693824675993 16023.74137245115 111927.93920898438 1.072021484375 2651.382932712346 85280
stats: page 30 80373.07559407552 24654.568030751307 112775.05810546875 16.090087890625 4942.496555236678 4410
stats: connect 3686 3551.726286765484 7095.580452450998 32452.68994140625 0.3369140625 1753.8785349341638 96080
stats: 200 2346 85745
stats: size_rcv 291980 11794438
stats: newphase 6 72
stats: size_sent 489834 13246623
stats: connected 1200 12000
stats: error_connect_etimedout 2197 8749
# stats: dump at 1338996113
stats: users 37260 37260
stats: {load,"os_mon@test2"} 1 0.33984375 0.0 1.21875 0.33984375 0.8334263392857143 14
stats: {recvpackets,"os_mon@test3"} 1 14857.0 0.0 15734 4783 10958.076923076924 13
stats: {sentpackets,"os_mon@test3"} 1 11275.0 0.0 11562 3270 7835.2307692307695 13
stats: {freemem,"os_mon@test2"} 1 961.4765625 0.0 1428.42578125 961.4765625 1256.944475446429 14
stats: {cpu,"os_mon@test3"} 1 30.831533477321816 0.0 38.1236442516269 2.6262626262626263 24.923659763453692 14
stats: {load,"os_mon@test4"} 1 1.0390625 0.0 1.23046875 0.78125 0.9084821428571429 14
stats: {freemem,"os_mon@test4"} 1 1046.73046875 0.0 1580.40625 1046.73046875 1388.921875 14
stats: {freemem,"os_mon@myserver"} 1 1100.7734375 0.0 1116.84375 1100.7734375 1111.7505580357142 14
stats: {recvpackets,"os_mon@test2"} 1 14915.0 0.0 15531 4921 11013.76923076923 13
stats: {sentpackets,"os_mon@test2"} 1 11277.0 0.0 11476 3371 7888.307692307692 13
stats: {load,"os_mon@test3"} 1 1.05859375 0.0 1.25 0.71875 0.9508928571428571 14
stats: {cpu,"os_mon@test2"} 1 28.8959323824617 0.0 42.59448416751788 3.6090225563909777 26.895318821980513 14
stats: {freemem,"os_mon@test3"} 1 762.36328125 0.0 1413.02734375 762.36328125 1199.168526785714 14
stats: {recvpackets,"os_mon@test4"} 1 14827.0 0.0 15741 4783 10960.307692307691 13
stats: {sentpackets,"os_mon@test4"} 1 11259.0 0.0 11565 3271 7836.7692307692305 13
stats: {cpu,"os_mon@test4"} 1 19.71458773784355 0.0 37.27413526071244 2.7596588058203713 22.470123425850794 14
stats: {load,"os_mon@myserver"} 1 1.08984375 0.0 3.1015625 1.08984375 1.7505580357142858 14
stats: {recvpackets,"os_mon@myserver"} 1 14928.0 0.0 15515 4902 11019.615384615383 13
stats: {sentpackets,"os_mon@myserver"} 1 11287.0 0.0 11463 3352 7892.2307692307695 13
stats: {cpu,"os_mon@myserver"} 1 7.128361237950279 0.0 48.75 3.102143757881463 13.914144816323594 14
stats: session 29 86144.28670528017 29674.72059292638 125898.39111328125 17.794921875 5668.159611827404 4440
stats: users_count 3266 41729
stats: finish_users_count 29 4469
stats: page 29 81099.48360890355 31173.749076965454 125896.73388671875 16.090087890625 5452.162629823428 4440
stats: connect 2228 3717.0247134306296 7258.024613609106 32452.68994140625 0.3369140625 1820.3026354619012 99766
stats: request 2509 15909.677086706606 21069.210153474087 123146.92309570313 1.072021484375 2813.5541935356896 87766
stats: 200 1664 87409
stats: size_rcv 228002 12022440
stats: newphase 6 78
stats: size_sent 295620 13542243
stats: connected -281 11719
stats: error_connect_etimedout 1650 10399
# stats: dump at 1338996123
stats: users 40689 40689
stats: {load,"os_mon@test2"} 1 0.359375 0.0 1.21875 0.33984375 0.8005208333333333 15
stats: {recvpackets,"os_mon@test3"} 1 15511.0 0.0 15734 4783 11236.57142857143 14
stats: {sentpackets,"os_mon@test3"} 1 11603.0 0.0 11603 3270 8080.928571428572 14
stats: {freemem,"os_mon@test2"} 1 906.36328125 0.0 1428.42578125 906.36328125 1237.2466145833337 15
stats: {cpu,"os_mon@test3"} 1 29.1008174386921 0.0 38.1236442516269 2.6262626262626263 25.317518011044903 15
stats: {load,"os_mon@test4"} 1 0.87890625 0.0 1.23046875 0.78125 0.9171875 15
stats: {freemem,"os_mon@test4"} 1 1008.5078125 0.0 1580.40625 1008.5078125 1366.1091145833334 15
stats: {freemem,"os_mon@myserver"} 1 1100.796875 0.0 1116.84375 1100.7734375 1111.01875 15
stats: {recvpackets,"os_mon@test2"} 1 15295.0 0.0 15531 4921 11292.42857142857 14
stats: {sentpackets,"os_mon@test2"} 1 11469.0 0.0 11476 3371 8130.357142857143 14
stats: {load,"os_mon@test3"} 1 1.05078125 0.0 1.25 0.71875 0.9580729166666667 15
stats: {cpu,"os_mon@test2"} 1 25.05330490405117 0.0 42.59448416751788 3.6090225563909777 27.028693059345926 15
stats: {freemem,"os_mon@test3"} 1 699.92578125 0.0 1413.02734375 699.92578125 1170.048177083333 15
stats: {recvpackets,"os_mon@test4"} 1 15535.0 0.0 15741 4783 11236.5 14
stats: {sentpackets,"os_mon@test4"} 1 11605.0 0.0 11605 3271 8081.214285714285 14
stats: {cpu,"os_mon@test4"} 1 15.74468085106383 0.0 37.27413526071244 2.7596588058203713 22.28642104665031 15
stats: {load,"os_mon@myserver"} 1 0.921875 0.0 3.1015625 0.921875 1.7065104166666667 15
stats: {recvpackets,"os_mon@myserver"} 1 15281.0 0.0 15515 4902 11298.785714285712 14
stats: {sentpackets,"os_mon@myserver"} 1 11459.0 0.0 11463 3352 8134.714285714285 14
stats: {cpu,"os_mon@myserver"} 1 1.9642857142857142 0.0 48.75 1.9642857142857142 13.46175924443204 15
stats: session 30 96944.49349772136 30931.279213512196 133485.06103515625 17.794921875 6190.381067569209 4469
stats: users_count 3459 45188
stats: finish_users_count 30 4499
stats: request 3445 9377.626897989614 17222.039649605496 123146.92309570313 1.072021484375 3177.532840325674 90275
stats: page 30 94504.92159016927 31104.47645996307 133483.32421875 16.090087890625 5943.049250631959 4469
stats: connect 5892 5189.709129442279 8826.596117297719 32452.68994140625 0.3369140625 1861.7354333687813 101994
stats: 200 3204 90613
stats: size_rcv 422412 12444852
stats: newphase 5 83
stats: size_sent 782860 14325103
stats: connected 2447 14166
stats: error_connect_etimedout 1887 12286
# stats: dump at 1338996133
stats: users 44166 44166
stats: {load,"os_mon@test2"} 1 0.78125 0.0 1.21875 0.33984375 0.77294921875 16
stats: {recvpackets,"os_mon@test3"} 1 16969.0 0.0 16969 4783 11521.533333333333 15
stats: {sentpackets,"os_mon@test3"} 1 12487.0 0.0 12487 3270 8315.733333333334 15
stats: {freemem,"os_mon@test2"} 1 863.8671875 0.0 1428.42578125 863.8671875 1216.5664062500002 16
stats: {cpu,"os_mon@test3"} 1 33.7486457204767 0.0 38.1236442516269 2.6262626262626263 25.553974225272853 16
stats: {load,"os_mon@test4"} 1 0.75 0.0 1.23046875 0.75 0.914794921875 16
stats: {freemem,"os_mon@test4"} 1 942.359375 0.0 1580.40625 942.359375 1343.759033203125 16
stats: {freemem,"os_mon@myserver"} 1 1100.375 0.0 1116.84375 1100.375 1110.3798828125 16
stats: {recvpackets,"os_mon@test2"} 1 16578.0 0.0 16578 4921 11559.266666666666 15
stats: {sentpackets,"os_mon@test2"} 1 12082.0 0.0 12082 3371 8352.933333333332 15
stats: {load,"os_mon@test3"} 1 0.890625 0.0 1.25 0.71875 0.9638671875 16
stats: {cpu,"os_mon@test2"} 1 26.97576396206533 0.0 42.59448416751788 3.6090225563909777 26.905231299640004 16
stats: {freemem,"os_mon@test3"} 1 625.74609375 0.0 1413.02734375 625.74609375 1140.6655273437498 16
stats: {recvpackets,"os_mon@test4"} 1 16994.0 0.0 16994 4783 11523.066666666668 15
stats: {sentpackets,"os_mon@test4"} 1 12520.0 0.0 12520 3271 8316.133333333333 15
stats: {cpu,"os_mon@test4"} 1 24.93368700265252 0.0 37.27413526071244 2.7596588058203713 21.877562284426155 16
stats: {load,"os_mon@myserver"} 1 0.78125 0.0 3.1015625 0.78125 1.657470703125 16
stats: {recvpackets,"os_mon@myserver"} 1 16573.0 0.0 16573 4902 11564.266666666665 15
stats: {sentpackets,"os_mon@myserver"} 1 12079.0 0.0 12079 3352 8356.333333333334 15
stats: {cpu,"os_mon@myserver"} 1 8.26131164209456 0.0 48.75 1.9642857142857142 12.743167148797895 16
stats: session 62 101920.17117014239 29578.551853323144 142532.7509765625 17.794921875 6795.542964191695 4499
stats: users_count 3539 48727
stats: finish_users_count 62 4561
stats: request 5406 7145.802143036247 15368.298354162054 130745.51513671875 1.072021484375 3405.4385597948617 93720
stats: page 62 96021.88725034654 33896.97367312582 142528.90112304688 16.090087890625 6533.59296483203 4499
stats: connect 7401 3642.719448642658 7425.420165673715 32452.68994140625 0.3369140625 2043.4867358293884 107886
stats: 200 5233 95846
stats: size_rcv 691704 13136556
stats: newphase 5 88
stats: size_sent 982435 15307538
stats: connected 1994 16160
stats: error_connect_etimedout 3098 15384
# stats: dump at 1338996143
stats: users 47799 47799
stats: {load,"os_mon@test2"} 1 0.890625 0.0 1.21875 0.33984375 0.7734375 17
stats: {recvpackets,"os_mon@test3"} 1 15371.0 0.0 16969 4783 11862.0 16
stats: {sentpackets,"os_mon@test3"} 1 12061.0 0.0 12487 3270 8576.4375 16
stats: {freemem,"os_mon@test2"} 1 791.02734375 0.0 1428.42578125 791.02734375 1195.8193933823532 17
stats: {cpu,"os_mon@test3"} 1 26.1149919398173 0.0 38.1236442516269 2.6262626262626263 26.036013724990728 17
stats: {load,"os_mon@test4"} 1 0.62890625 0.0 1.23046875 0.62890625 0.9051011029411765 17
stats: {freemem,"os_mon@test4"} 1 890.80859375 0.0 1580.40625 890.80859375 1320.1472886029412 17
stats: {freemem,"os_mon@myserver"} 1 1099.83984375 0.0 1116.84375 1099.83984375 1109.7913602941176 17
stats: {recvpackets,"os_mon@test2"} 1 15279.0 0.0 16578 4921 11872.9375 16
stats: {sentpackets,"os_mon@test2"} 1 11983.0 0.0 12082 3371 8586.0 16
stats: {load,"os_mon@test3"} 1 0.96875 0.0 1.25 0.71875 0.9595588235294118 17
stats: {cpu,"os_mon@test2"} 1 41.608950452850294 0.0 42.59448416751788 3.6090225563909777 26.90938027978267 17
stats: {freemem,"os_mon@test3"} 1 580.0859375 0.0 1413.02734375 580.0859375 1110.3761488970586 17
stats: {recvpackets,"os_mon@test4"} 1 15342.0 0.0 16994 4783 11865.0 16
stats: {sentpackets,"os_mon@test4"} 1 12037.0 0.0 12520 3271 8578.875 16
stats: {cpu,"os_mon@test4"} 1 27.22429408630794 0.0 37.27413526071244 2.7596588058203713 22.057334326674763 17
stats: {load,"os_mon@myserver"} 1 0.80859375 0.0 3.1015625 0.78125 1.6059283088235294 17
stats: {recvpackets,"os_mon@myserver"} 1 15257.0 0.0 16573 4902 11877.312499999998 16
stats: {sentpackets,"os_mon@myserver"} 1 11969.0 0.0 12079 3352 8589.0 16
stats: {cpu,"os_mon@myserver"} 1 10.916919959473152 0.0 48.75 1.9642857142857142 12.479528589580053 17
stats: session 18 111098.60942925347 36884.16916345106 153799.73681640625 17.794921875 8088.620567517489 4561
stats: users_count 3651 52378
stats: finish_users_count 18 4579
stats: request 2748 8142.971549443625 16393.610600588687 137791.23095703125 1.072021484375 3609.425460618086 99126
stats: page 17 106803.70606904871 40707.68878325559 153798.05883789063 16.090087890625 7750.053005547202 4561
stats: connect 4117 3296.7492082775134 6596.06248850915 32452.68994140625 0.3369140625 2146.1515749485516 115287
stats: 200 2590 98436
stats: size_rcv 341720 13478276
stats: newphase 5 93
stats: size_sent 546567 15854105
stats: connected 1369 17529
stats: error_connect_etimedout 2851 18235
# stats: dump at 1338996153
stats: users 50828 50828
stats: {load,"os_mon@test2"} 1 0.828125 0.0 1.21875 0.33984375 0.7799479166666666 18
stats: {recvpackets,"os_mon@test3"} 1 19046.0 0.0 19046 4783 12068.411764705883 17
stats: {sentpackets,"os_mon@test3"} 1 13802.0 0.0 13802 3270 8781.411764705883 17
stats: {freemem,"os_mon@test2"} 1 757.25390625 0.0 1428.42578125 757.25390625 1173.3309461805557 18
stats: {cpu,"os_mon@test3"} 1 38.9433551198257 0.0 38.9433551198257 2.6262626262626263 26.040401403592202 18
stats: {load,"os_mon@test4"} 1 0.609375 0.0 1.23046875 0.609375 0.8897569444444444 18
stats: {freemem,"os_mon@test4"} 1 837.078125 0.0 1580.40625 837.078125 1296.295138888889 18
stats: {freemem,"os_mon@myserver"} 1 1099.68359375 0.0 1116.84375 1099.68359375 1109.238498263889 18
stats: {recvpackets,"os_mon@test2"} 1 20471.0 0.0 20471 4921 12073.29411764706 17
stats: {sentpackets,"os_mon@test2"} 1 14778.0 0.0 14778 3371 8785.823529411764 17
stats: {load,"os_mon@test3"} 1 0.8984375 0.0 1.25 0.71875 0.9600694444444444 18
stats: {cpu,"os_mon@test2"} 1 27.995758218451748 0.0 42.59448416751788 3.6090225563909777 27.72602306717532 18
stats: {freemem,"os_mon@test3"} 1 490.56640625 0.0 1413.02734375 490.56640625 1080.915581597222 18
stats: {recvpackets,"os_mon@test4"} 1 19192.0 0.0 19192 4783 12069.529411764706 17
stats: {sentpackets,"os_mon@test4"} 1 13901.0 0.0 13901 3271 8782.29411764706 17
stats: {cpu,"os_mon@test4"} 1 24.718498659517426 0.0 37.27413526071244 2.7596588058203713 22.344387646654386 18
stats: {load,"os_mon@myserver"} 1 0.69140625 0.0 3.1015625 0.69140625 1.5616319444444444 18
stats: {recvpackets,"os_mon@myserver"} 1 20433.0 0.0 20433 4902 12076.117647058822 17
stats: {sentpackets,"os_mon@myserver"} 1 14743.0 0.0 14743 3352 8787.823529411764 17
stats: {cpu,"os_mon@myserver"} 1 7.312101910828026 0.0 48.75 1.9642857142857142 12.392716999018557 18
stats: session 61 105236.53887038934 36590.75307275104 161427.951171875 17.794921875 8493.55173142036 4579
stats: users_count 3090 55468
stats: finish_users_count 61 4640
stats: request 6041 10703.535407099356 20164.410086419637 152029.31494140625 1.072021484375 3731.7155901122906 101874
stats: page 62 99428.23962008569 39919.5316893294 161425.86889648438 16.090087890625 8117.880026534429 4578
stats: connect 8282 4524.459361050798 8614.962437666589 32452.68994140625 0.3369140625 2185.8237003079644 119404
stats: 200 5443 103879
stats: size_rcv 739222 14217498
stats: newphase 6 99
stats: size_sent 1099374 16953479
stats: connected 2241 19770
stats: error_connect_etimedout 3778 22013
# stats: dump at 1338996163
stats: users 54866 54867
stats: {load,"os_mon@test2"} 1 0.9296875 0.0 1.21875 0.33984375 0.782483552631579 19
stats: {recvpackets,"os_mon@test3"} 1 17446.0 0.0 19046 4783 12456.055555555555 18
stats: {sentpackets,"os_mon@test3"} 1 13789.0 0.0 13802 3270 9060.333333333334 18
stats: {freemem,"os_mon@test2"} 1 685.27734375 0.0 1428.42578125 685.27734375 1151.4321546052631 19
stats: {cpu,"os_mon@test3"} 1 36.21444201312911 0.0 38.9433551198257 2.6262626262626263 26.719504230762386 19
stats: {load,"os_mon@test4"} 1 0.51171875 0.0 1.23046875 0.51171875 0.875 19
stats: {freemem,"os_mon@test4"} 1 772.84375 0.0 1580.40625 772.84375 1272.125822368421 19
stats: {freemem,"os_mon@myserver"} 1 1098.01953125 0.0 1116.84375 1098.01953125 1108.7356085526317 19
stats: {recvpackets,"os_mon@test2"} 1 16634.0 0.0 20471 4921 12539.833333333334 18
stats: {sentpackets,"os_mon@test2"} 1 13189.0 0.0 14778 3371 9118.722222222223 18
stats: {load,"os_mon@test3"} 1 0.828125 0.0 1.25 0.71875 0.9568256578947368 19
stats: {cpu,"os_mon@test2"} 1 40.709370037056644 0.0 42.59448416751788 3.6090225563909777 27.74021965408461 19
stats: {freemem,"os_mon@test3"} 1 416.390625 0.0 1413.02734375 416.390625 1049.8445723684208 19
stats: {recvpackets,"os_mon@test4"} 1 17366.0 0.0 19192 4783 12465.222222222223 18
stats: {sentpackets,"os_mon@test4"} 1 13727.0 0.0 13901 3271 9066.666666666666 18
stats: {cpu,"os_mon@test4"} 1 29.823623730625332 0.0 37.27413526071244 2.7596588058203713 22.469340857857702 19
stats: {load,"os_mon@myserver"} 1 0.66015625 0.0 3.1015625 0.66015625 1.515830592105263 19
stats: {recvpackets,"os_mon@myserver"} 1 16659.0 0.0 20433 4902 12540.388888888887 18
stats: {sentpackets,"os_mon@myserver"} 1 13211.0 0.0 14743 3352 9118.666666666666 18
stats: {cpu,"os_mon@myserver"} 1 13.604240282685511 0.0 48.75 1.9642857142857142 12.125316204903266 19
stats: session 45 112817.4459906684 38289.39462275179 174595.19213867188 17.794921875 9765.388415790427 4640
stats: users_count 4083 59551
stats: finish_users_count 45 4685
stats: page 41 100162.1951814977 40731.336176427125 174594.01489257813 16.090087890625 9337.97534868964 4640
stats: connect 3259 4329.445433259343 8191.286645013405 32452.68994140625 0.3369140625 2337.512848235475 127686
stats: request 3993 17507.617757711738 25545.969356884252 164555.91015625 1.072021484375 4121.992785260499 107915
stats: 200 2504 106383
stats: size_rcv 344660 14562158
stats: newphase 4 103
stats: size_sent 433305 17386784
stats: connected -734 19036
stats: error_connect_etimedout 3792 25805
stats: error_abort 1 1
EndMonitor:{1338,996163,522165}
