# stats: dump at 1338918891
stats: users 0 0
# stats: dump at 1338918901
stats: users 2 15
stats: {load,"os_mon@test2"} 1 1.28125 0 1.28125 1.28125 0 0
stats: {freemem,"os_mon@test2"} 1 1510.51171875 0 1510.51171875 1510.51171875 0 0
stats: {cpu,"os_mon@test3"} 1 1.9597989949748744 0 1.9597989949748744 1.9597989949748744 0 0
stats: {load,"os_mon@test4"} 1 1.328125 0 1.328125 1.328125 0 0
stats: {freemem,"os_mon@test4"} 1 1435.70703125 0 1435.70703125 1435.70703125 0 0
stats: {freemem,"os_mon@myserver"} 1 3115.03125 0 3115.03125 3115.03125 0 0
stats: {load,"os_mon@test3"} 1 1.3203125 0 1.3203125 1.3203125 0 0
stats: {cpu,"os_mon@test2"} 1 2.857142857142857 0 2.857142857142857 2.857142857142857 0 0
stats: {freemem,"os_mon@test3"} 1 1488.9296875 0 1488.9296875 1488.9296875 0 0
stats: {cpu,"os_mon@test4"} 1 2.055137844611529 0 2.055137844611529 2.055137844611529 0 0
stats: {load,"os_mon@myserver"} 1 0.83984375 0 0.83984375 0.83984375 0 0
stats: {cpu,"os_mon@myserver"} 1 1.9269776876267748 0 1.9269776876267748 1.9269776876267748 0 0
stats: session 484 30.93222373773244 12.431282745166168 90.375 19.99609375 0 0
stats: users_count 486 486
stats: finish_users_count 484 484
stats: request 4772 2.741912867377413 1.376389991207437 11.14501953125 1.2529296875 0 0
stats: page 476 28.655813008797274 12.426672785256542 88.64697265625 18.3701171875 0 0
stats: connect 4773 0.9014913805520635 0.21766733582845482 2.464111328125 0.35595703125 0 0
stats: 200 4772 4772
stats: size_rcv 588466 588466
stats: size_sent 632863 632863
stats: connected 1 1
# stats: dump at 1338918911
stats: users 457 458
stats: {load,"os_mon@test2"} 1 1.16015625 0.0 1.28125 1.16015625 1.28125 1
stats: {recvpackets,"os_mon@test3"} 1 3127 0 3127 3127 0 0
stats: {sentpackets,"os_mon@test3"} 1 2159 0 2159 2159 0 0
stats: {freemem,"os_mon@test2"} 1 1509.76953125 0.0 1510.51171875 1509.76953125 1510.51171875 1
stats: {cpu,"os_mon@test3"} 1 20.376974019358126 0.0 20.376974019358126 1.9597989949748744 1.9597989949748744 1
stats: {load,"os_mon@test4"} 1 1.37109375 0.0 1.37109375 1.328125 1.328125 1
stats: {freemem,"os_mon@test4"} 1 1435.515625 0.0 1435.70703125 1435.515625 1435.70703125 1
stats: {freemem,"os_mon@myserver"} 1 3114.63671875 0.0 3115.03125 3114.63671875 3115.03125 1
stats: {recvpackets,"os_mon@test2"} 1 3187 0 3187 3187 0 0
stats: {sentpackets,"os_mon@test2"} 1 2199 0 2199 2199 0 0
stats: {load,"os_mon@test3"} 1 1.12109375 0.0 1.3203125 1.12109375 1.3203125 1
stats: {cpu,"os_mon@test2"} 1 10.100502512562814 0.0 10.100502512562814 2.857142857142857 2.857142857142857 1
stats: {freemem,"os_mon@test3"} 1 1488.12109375 0.0 1488.9296875 1488.12109375 1488.9296875 1
stats: {recvpackets,"os_mon@test4"} 1 3168 0 3168 3168 0 0
stats: {sentpackets,"os_mon@test4"} 1 2182 0 2182 2182 0 0
stats: {cpu,"os_mon@test4"} 1 10.449268046441192 0.0 10.449268046441192 2.055137844611529 2.055137844611529 1
stats: {load,"os_mon@myserver"} 1 0.7109375 0.0 0.83984375 0.7109375 0.83984375 1
stats: {recvpackets,"os_mon@myserver"} 1 3197 0 3197 3197 0 0
stats: {sentpackets,"os_mon@myserver"} 1 2209 0 2209 2209 0 0
stats: {cpu,"os_mon@myserver"} 1 45.90163934426229 0.0 45.90163934426229 1.9269776876267748 1.9269776876267748 1
stats: session 993 488.27519024774995 602.0909865878008 2349.52099609375 19.99609375 30.93222373773244 484
stats: users_count 1448 1934
stats: finish_users_count 993 1477
stats: request 11578 77.36650758375264 98.0663818059765 1344.97412109375 1.2529296875 2.741912867377413 4772
stats: page 993 468.0598808357726 580.4783004962247 2305.1728515625 18.3701171875 28.655813008797274 476
stats: connect 12010 1.148158537319159 15.804249243853675 1002.566162109375 0.35595703125 0.9014913805520635 4773
stats: 200 11578 16350
stats: size_rcv 1359438 1947904
stats: newphase 6 6
stats: size_sent 1594046 2226909
stats: connected 432 433
# stats: dump at 1338918921
stats: users 2193 2193
stats: {load,"os_mon@test2"} 1 1.05859375 0.0 1.28125 1.05859375 1.220703125 2
stats: {recvpackets,"os_mon@test3"} 1 6536.0 0.0 6536 3127 3127.0 1
stats: {sentpackets,"os_mon@test3"} 1 4670.0 0.0 4670 2159 2159.0 1
stats: {freemem,"os_mon@test2"} 1 1501.5390625 0.0 1510.51171875 1501.5390625 1510.140625 2
stats: {cpu,"os_mon@test3"} 1 34.015345268542205 0.0 34.015345268542205 1.9597989949748744 11.1683865071665 2
stats: {load,"os_mon@test4"} 1 1.23828125 0.0 1.37109375 1.23828125 1.349609375 2
stats: {freemem,"os_mon@test4"} 1 1427.94140625 0.0 1435.70703125 1427.94140625 1435.611328125 2
stats: {freemem,"os_mon@myserver"} 1 3112.8828125 0.0 3115.03125 3112.8828125 3114.833984375 2
stats: {recvpackets,"os_mon@test2"} 1 6570.0 0.0 6570 3187 3187.0 1
stats: {sentpackets,"os_mon@test2"} 1 4692.0 0.0 4692 2199 2199.0 1
stats: {load,"os_mon@test3"} 1 1.1015625 0.0 1.3203125 1.1015625 1.220703125 2
stats: {cpu,"os_mon@test2"} 1 26.96800406297613 0.0 26.96800406297613 2.857142857142857 6.478822684852836 2
stats: {freemem,"os_mon@test3"} 1 1480.70703125 0.0 1488.9296875 1480.70703125 1488.525390625 2
stats: {recvpackets,"os_mon@test4"} 1 6545.0 0.0 6545 3168 3168.0 1
stats: {sentpackets,"os_mon@test4"} 1 4677.0 0.0 4677 2182 2182.0 1
stats: {cpu,"os_mon@test4"} 1 26.995424504321303 0.0 26.995424504321303 2.055137844611529 6.252202945526361 2
stats: {load,"os_mon@myserver"} 1 0.75 0.0 0.83984375 0.7109375 0.775390625 2
stats: {recvpackets,"os_mon@myserver"} 1 6612.0 0.0 6612 3197 3197.0 1
stats: {sentpackets,"os_mon@myserver"} 1 4725.0 0.0 4725 2209 2209.0 1
stats: {cpu,"os_mon@myserver"} 1 97.8744939271255 0.0 97.8744939271255 1.9269776876267748 23.914308515944533 2
stats: session 751 5469.258561501331 1760.8868263768247 8506.970947265625 19.99609375 338.4078945193488 1477
stats: users_count 2487 4421
stats: finish_users_count 751 2228
stats: request 12863 827.9276926568075 294.86943192894734 1395.7919921875 1.2529296875 55.58616715644116 16350
stats: page 754 5414.217049434272 1769.6927753830992 8485.260009765625 18.3701171875 325.67980167604475 1469
stats: connect 14499 0.9144950459945511 0.32486978673379546 1002.566162109375 0.321044921875 1.078007650156593 16783
stats: 200 12863 29213
stats: size_rcv 1482110 3430014
stats: newphase 6 12
stats: size_sent 1926105 4153014
stats: connected 1636 2069
# stats: dump at 1338918931
stats: users 4614 4614
stats: {load,"os_mon@test2"} 1 0.96875 0.0 1.28125 0.96875 1.1666666666666667 3
stats: {recvpackets,"os_mon@test3"} 1 9266.0 0.0 9266 3127 4831.5 2
stats: {sentpackets,"os_mon@test3"} 1 6486.0 0.0 6486 2159 3414.5 2
stats: {freemem,"os_mon@test2"} 1 1480.40234375 0.0 1510.51171875 1480.40234375 1507.2734375 3
stats: {cpu,"os_mon@test3"} 1 37.38414006179197 0.0 37.38414006179197 1.9597989949748744 18.78403942762507 3
stats: {load,"os_mon@test4"} 1 1.12890625 0.0 1.37109375 1.12890625 1.3125 3
stats: {freemem,"os_mon@test4"} 1 1407.890625 0.0 1435.70703125 1407.890625 1433.0546875 3
stats: {freemem,"os_mon@myserver"} 1 3109.23828125 0.0 3115.03125 3109.23828125 3114.18359375 3
stats: {recvpackets,"os_mon@test2"} 1 9253.0 0.0 9253 3187 4878.5 2
stats: {sentpackets,"os_mon@test2"} 1 6479.0 0.0 6479 2199 3445.5 2
stats: {load,"os_mon@test3"} 1 1.08984375 0.0 1.3203125 1.08984375 1.1809895833333333 3
stats: {cpu,"os_mon@test2"} 1 35.264227642276424 0.0 35.264227642276424 2.857142857142857 13.308549810893934 3
stats: {freemem,"os_mon@test3"} 1 1450.7890625 0.0 1488.9296875 1450.7890625 1485.9192708333333 3
stats: {recvpackets,"os_mon@test4"} 1 9264.0 0.0 9264 3168 4856.5 2
stats: {sentpackets,"os_mon@test4"} 1 6484.0 0.0 6484 2182 3429.5 2
stats: {cpu,"os_mon@test4"} 1 31.873727087576377 0.0 31.873727087576377 2.055137844611529 13.166610131791343 3
stats: {load,"os_mon@myserver"} 1 0.7890625 0.0 0.83984375 0.7109375 0.7669270833333334 3
stats: {recvpackets,"os_mon@myserver"} 1 9292.0 0.0 9292 3197 4904.5 2
stats: {sentpackets,"os_mon@myserver"} 1 6503.0 0.0 6503 2209 3467.0 2
stats: {cpu,"os_mon@myserver"} 1 100.0 0.0 100.0 1.9269776876267748 48.567703653004855 3
stats: session 470 11269.422705078125 1673.3789474716411 15207.97021484375 19.99609375 2067.882244116956 2228
stats: users_count 2891 7312
stats: finish_users_count 470 2698
stats: request 10422 1864.885691471279 647.2228996849086 7877.3701171875 1.2529296875 395.6617856314766 29213
stats: page 475 11237.99877929689 1689.1585122477743 15206.677001953125 18.3701171875 2051.6164120267886 2223
stats: connect 11066 291.1847924350212 683.978605346249 7017.01806640625 0.321044921875 1.002220640127009 31282
stats: 200 10422 39635
stats: size_rcv 1182070 4612084
stats: newphase 6 18
stats: size_sent 1468918 5621932
stats: connected 644 2713
# stats: dump at 1338918941
stats: users 6313 6313
stats: {load,"os_mon@test2"} 1 0.98046875 0.0 1.28125 0.96875 1.1171875 4
stats: {recvpackets,"os_mon@test3"} 1 9.7e3 0.0 9700 3127 6309.666666666667 3
stats: {sentpackets,"os_mon@test3"} 1 6890.0 0.0 6890 2159 4438.333333333333 3
stats: {freemem,"os_mon@test2"} 1 1438.83203125 0.0 1510.51171875 1438.83203125 1500.5556640625 4
stats: {cpu,"os_mon@test3"} 1 36.225823314166234 0.0 37.38414006179197 1.9597989949748744 23.434064586166794 4
stats: {load,"os_mon@test4"} 1 1.03125 0.0 1.37109375 1.03125 1.2666015625 4
stats: {freemem,"os_mon@test4"} 1 1381.2890625 0.0 1435.70703125 1381.2890625 1426.763671875 4
stats: {freemem,"os_mon@myserver"} 1 3110.16796875 0.0 3115.03125 3109.23828125 3112.947265625 4
stats: {recvpackets,"os_mon@test2"} 1 9704.0 0.0 9704 3187 6336.666666666667 3
stats: {sentpackets,"os_mon@test2"} 1 6896.0 0.0 6896 2199 4456.666666666667 3
stats: {load,"os_mon@test3"} 1 1.0 0.0 1.3203125 1.0 1.158203125 4
stats: {cpu,"os_mon@test2"} 1 33.1945889698231 0.0 35.264227642276424 2.857142857142857 18.797469268739555 4
stats: {freemem,"os_mon@test3"} 1 1394.32421875 0.0 1488.9296875 1394.32421875 1477.13671875 4
stats: {recvpackets,"os_mon@test4"} 1 9687.0 0.0 9687 3168 6325.666666666667 3
stats: {sentpackets,"os_mon@test4"} 1 6887.0 0.0 6887 2182 4447.666666666667 3
stats: {cpu,"os_mon@test4"} 1 26.346053319393626 0.0 31.873727087576377 2.055137844611529 17.8433893707376 4
stats: {load,"os_mon@myserver"} 1 0.73828125 0.0 0.83984375 0.7109375 0.7724609375 4
stats: {recvpackets,"os_mon@myserver"} 1 9691.0 0.0 9691 3197 6367.0 3
stats: {sentpackets,"os_mon@myserver"} 1 6888.0 0.0 6888 2209 4479.0 3
stats: {cpu,"os_mon@myserver"} 1 80.82744702320888 0.0 100.0 1.9269776876267748 61.42577773975364 4
stats: session 259 19062.011455756816 2349.7864873949893 26399.3359375 19.99609375 3670.8192406520743 2698
stats: users_count 1958 9270
stats: finish_users_count 259 2957
stats: page 259 19060.20149990952 2349.817919848467 26397.837158203125 18.3701171875 3668.937251334905 2698
stats: request 6648 4284.926953550999 2166.3517189752974 18718.6669921875 1.2529296875 781.9933498212689 39635
stats: connect 7238 1174.9619326142285 2247.922077839425 15039.14404296875 0.321044921875 76.8301308007556 42348
stats: 200 6648 46283
stats: size_rcv 776498 5388582
stats: newphase 6 24
stats: size_sent 959314 6581246
stats: connected 590 3303
# stats: dump at 1338918951
stats: users 9439 9439
stats: {load,"os_mon@test2"} 1 0.828125 0.0 1.28125 0.828125 1.08984375 5
stats: {recvpackets,"os_mon@test3"} 1 7960.0 0.0 9700 3127 7157.25 4
stats: {sentpackets,"os_mon@test3"} 1 5783.0 0.0 6890 2159 5051.25 4
stats: {freemem,"os_mon@test2"} 1 1410.484375 0.0 1510.51171875 1410.484375 1488.2109375 5
stats: {cpu,"os_mon@test3"} 1 17.46449237243556 0.0 37.38414006179197 1.9597989949748744 25.992416331766684 5
stats: {load,"os_mon@test4"} 1 0.94921875 0.0 1.37109375 0.94921875 1.21953125 5
stats: {freemem,"os_mon@test4"} 1 1335.4921875 0.0 1435.70703125 1335.4921875 1417.66875 5
stats: {freemem,"os_mon@myserver"} 1 3110.12890625 0.0 3115.03125 3109.23828125 3112.39140625 5
stats: {recvpackets,"os_mon@test2"} 1 8009.0 0.0 9704 3187 7178.5 4
stats: {sentpackets,"os_mon@test2"} 1 5812.0 0.0 6896 2199 5066.5 4
stats: {load,"os_mon@test3"} 1 0.83984375 0.0 1.3203125 0.83984375 1.1265625 5
stats: {cpu,"os_mon@test2"} 1 21.79151388161341 0.0 35.264227642276424 2.857142857142857 21.676893208956265 5
stats: {freemem,"os_mon@test3"} 1 1374.6640625 0.0 1488.9296875 1374.6640625 1460.57421875 5
stats: {recvpackets,"os_mon@test4"} 1 7953.0 0.0 9687 3168 7166.0 4
stats: {sentpackets,"os_mon@test4"} 1 5777.0 0.0 6887 2182 5057.5 4
stats: {cpu,"os_mon@test4"} 1 23.63919129082426 0.0 31.873727087576377 2.055137844611529 19.543922160468803 5
stats: {load,"os_mon@myserver"} 1 0.69921875 0.0 0.83984375 0.69921875 0.765625 5
stats: {recvpackets,"os_mon@myserver"} 1 8094.0 0.0 9691 3197 7198.0 4
stats: {sentpackets,"os_mon@myserver"} 1 5863.0 0.0 6888 2209 5081.25 4
stats: {cpu,"os_mon@myserver"} 1 36.542443064182194 0.0 100.0 1.9269776876267748 65.3061115964447 5
stats: session 35 26178.72482561384 1199.5916863412751 29715.343017578125 19.99609375 5018.914872614241 2957
stats: users_count 3161 12431
stats: finish_users_count 35 2992
stats: 200 1170 47453
stats: request 1170 7288.530695988582 3022.3618937785905 22067.843994140625 1.2529296875 1285.1479119195608 46283
stats: page 35 26176.998835100447 1199.613908618707 29713.8310546875 18.3701171875 5017.03919262027 2957
stats: connect 1349 1278.4147129384032 3074.532598108205 15043.261962890625 0.321044921875 237.12291468180905 49586
stats: size_rcv 131574 5520156
stats: newphase 6 30
stats: size_sent 178879 6760125
stats: connected 179 3482
# stats: dump at 1338918961
stats: users 11768 11768
stats: {load,"os_mon@test2"} 1 0.69921875 0.0 1.28125 0.69921875 1.0462239583333333 6
stats: {recvpackets,"os_mon@test3"} 1 10443.0 0.0 10443 3127 7317.8 5
stats: {sentpackets,"os_mon@test3"} 1 7502.0 0.0 7502 2159 5197.6 5
stats: {freemem,"os_mon@test2"} 1 1389.7890625 0.0 1510.51171875 1389.7890625 1475.2565104166667 6
stats: {cpu,"os_mon@test3"} 1 20.634920634920633 0.0 37.38414006179197 1.9597989949748744 24.571095671878165 6
stats: {load,"os_mon@test4"} 1 0.80078125 0.0 1.37109375 0.80078125 1.1744791666666667 6
stats: {freemem,"os_mon@test4"} 1 1298.6953125 0.0 1435.70703125 1298.6953125 1403.97265625 6
stats: {freemem,"os_mon@myserver"} 1 3113.9296875 0.0 3115.03125 3109.23828125 3112.0143229166665 6
stats: {recvpackets,"os_mon@test2"} 1 10372.0 0.0 10372 3187 7344.6 5
stats: {sentpackets,"os_mon@test2"} 1 7458.0 0.0 7458 2199 5215.6 5
stats: {load,"os_mon@test3"} 1 0.94921875 0.0 1.3203125 0.83984375 1.0787760416666667 6
stats: {cpu,"os_mon@test2"} 1 15.396578538102643 0.0 35.264227642276424 2.857142857142857 21.695996654399124 6
stats: {freemem,"os_mon@test3"} 1 1320.984375 0.0 1488.9296875 1320.984375 1446.255859375 6
stats: {recvpackets,"os_mon@test4"} 1 10426.0 0.0 10426 3168 7323.4 5
stats: {sentpackets,"os_mon@test4"} 1 7488.0 0.0 7488 2182 5201.4 5
stats: {cpu,"os_mon@test4"} 1 18.399592252803263 0.0 31.873727087576377 2.055137844611529 20.226467015528048 6
stats: {load,"os_mon@myserver"} 1 0.6015625 0.0 0.83984375 0.6015625 0.7545572916666666 6
stats: {recvpackets,"os_mon@myserver"} 1 10339.0 0.0 10339 3197 7377.2 5
stats: {sentpackets,"os_mon@myserver"} 1 7436.0 0.0 7436 2209 5237.6 5
stats: {cpu,"os_mon@myserver"} 1 17.309697601668404 0.0 100.0 1.9269776876267748 60.512166841067604 6
stats: session 104 36493.99763371395 2175.8179734796813 41912.126953125 19.99609375 5266.439387438769 2992
stats: users_count 2433 14864
stats: finish_users_count 104 3096
stats: request 2286 13856.386673467581 4315.090567148203 34561.75390625 1.2529296875 1433.1671700773327 47453
stats: page 104 36492.172527606665 2175.7658239526027 41910.253173828125 18.3701171875 5264.565458491528 2992
stats: connect 2980 2989.7978600009264 5403.1131521388925 31081.0478515625 0.321044921875 264.7012524819101 50935
stats: 200 2286 49739
stats: size_rcv 259910 5780066
stats: newphase 3 33
stats: size_sent 395436 7155561
stats: connected 694 4176
# stats: dump at 1338918971
stats: users 14234 14234
stats: {load,"os_mon@test2"} 1 0.58984375 0.0 1.28125 0.58984375 0.9966517857142857 7
stats: {recvpackets,"os_mon@test3"} 1 9276.0 0.0 10443 3127 7838.666666666667 6
stats: {sentpackets,"os_mon@test3"} 1 6805.0 0.0 7502 2159 5581.666666666667 6
stats: {freemem,"os_mon@test2"} 1 1343.73828125 0.0 1510.51171875 1343.73828125 1463.046875 7
stats: {cpu,"os_mon@test3"} 1 14.732379438261791 0.0 37.38414006179197 1.9597989949748744 24.0087849523128 7
stats: {load,"os_mon@test4"} 1 0.83984375 0.0 1.37109375 0.80078125 1.12109375 7
stats: {freemem,"os_mon@test4"} 1 1268.04296875 0.0 1435.70703125 1268.04296875 1388.9330357142858 7
stats: {freemem,"os_mon@myserver"} 1 3119.85546875 0.0 3119.85546875 3109.23828125 3112.2879464285716 7
stats: {recvpackets,"os_mon@test2"} 1 9288.0 0.0 10372 3187 7849.166666666667 6
stats: {sentpackets,"os_mon@test2"} 1 6827.0 0.0 7458 2199 5589.333333333333 6
stats: {load,"os_mon@test3"} 1 1.05078125 0.0 1.3203125 0.83984375 1.0602678571428572 7
stats: {cpu,"os_mon@test2"} 1 19.67556253270539 0.0 35.264227642276424 2.857142857142857 20.796079780642483 7
stats: {freemem,"os_mon@test3"} 1 1282.59375 0.0 1488.9296875 1282.59375 1428.3599330357142 7
stats: {recvpackets,"os_mon@test4"} 1 9298.0 0.0 10426 3168 7840.5 6
stats: {sentpackets,"os_mon@test4"} 1 6821.0 0.0 7488 2182 5582.5 6
stats: {cpu,"os_mon@test4"} 1 13.978494623655912 0.0 31.873727087576377 2.055137844611529 19.965484906567365 7
stats: {load,"os_mon@myserver"} 1 0.578125 0.0 0.83984375 0.578125 0.7327008928571429 7
stats: {recvpackets,"os_mon@myserver"} 1 9243.0 0.0 10339 3197 7870.833333333333 6
stats: {sentpackets,"os_mon@myserver"} 1 6792.0 0.0 7436 2209 5604.0 6
stats: {cpu,"os_mon@myserver"} 1 11.461619348054679 0.0 100.0 1.9269776876267748 54.340385521153436 7
stats: session 38 46473.93893914474 1865.8775678116137 52526.466064453125 19.99609375 6315.427132145687 3096
stats: users_count 2504 17368
stats: finish_users_count 38 3134
stats: request 1337 13975.74765354747 6332.693663213131 41477.4580078125 1.2529296875 2004.1372294824296 49739
stats: page 38 46472.061741879115 1865.7991263092392 52524.73095703125 18.3701171875 6313.554843242166 3096
stats: connect 1741 3233.6215002770928 5501.654681173307 31089.179931640625 0.321044921875 415.32330368114356 53915
stats: 200 1328 51067
stats: size_rcv 155394 5935460
stats: newphase 6 39
stats: size_sent 231295 7386856
stats: connected 404 4580
# stats: dump at 1338918981
stats: users 16814 16814
stats: {load,"os_mon@test2"} 1 0.5 0.0 1.28125 0.5 0.94580078125 8
stats: {recvpackets,"os_mon@test3"} 1 9955.0 0.0 10443 3127 8044.0 7
stats: {sentpackets,"os_mon@test3"} 1 7133.0 0.0 7502 2159 5756.428571428572 7
stats: {freemem,"os_mon@test2"} 1 1332.36328125 0.0 1510.51171875 1332.36328125 1448.13330078125 8
stats: {cpu,"os_mon@test3"} 1 20.277481323372466 0.0 37.38414006179197 1.9597989949748744 22.849234263056427 8
stats: {load,"os_mon@test4"} 1 0.7109375 0.0 1.37109375 0.7109375 1.0859375 8
stats: {freemem,"os_mon@test4"} 1 1230.55078125 0.0 1435.70703125 1230.55078125 1373.82177734375 8
stats: {freemem,"os_mon@myserver"} 1 3119.87890625 0.0 3119.87890625 3109.23828125 3113.23388671875 8
stats: {recvpackets,"os_mon@test2"} 1 10037.0 0.0 10372 3187 8054.714285714285 7
stats: {sentpackets,"os_mon@test2"} 1 7168.0 0.0 7458 2199 5766.142857142857 7
stats: {load,"os_mon@test3"} 1 0.96875 0.0 1.3203125 0.83984375 1.05908203125 8
stats: {cpu,"os_mon@test2"} 1 8.945191313340226 0.0 35.264227642276424 2.857142857142857 20.656015124650345 8
stats: {freemem,"os_mon@test3"} 1 1237.171875 0.0 1488.9296875 1237.171875 1410.13916015625 8
stats: {recvpackets,"os_mon@test4"} 1 9964.0 0.0 10426 3168 8048.714285714285 7
stats: {sentpackets,"os_mon@test4"} 1 7138.0 0.0 7488 2182 5759.428571428572 7
stats: {cpu,"os_mon@test4"} 1 17.734495130702204 0.0 31.873727087576377 2.055137844611529 19.217111121203434 8
stats: {load,"os_mon@myserver"} 1 0.55859375 0.0 0.83984375 0.55859375 0.71337890625 8
stats: {recvpackets,"os_mon@myserver"} 1 10199.0 0.0 10339 3197 8066.857142857143 7
stats: {sentpackets,"os_mon@myserver"} 1 7281.0 0.0 7436 2209 5773.714285714285 7
stats: {cpu,"os_mon@myserver"} 1 11.35646687697161 0.0 100.0 1.9269776876267748 48.98053974951609 8
stats: session 4 61747.27325439453 1670.7624312387904 63643.489013671875 19.99609375 6802.352291260545 3134
stats: users_count 2584 19952
stats: finish_users_count 4 3138
stats: request 308 34143.6102096756 5910.436677705419 58564.071044921875 1.2529296875 2317.514219398926 51076
stats: page 4 61745.51647949219 1670.8566332967687 63641.534912109375 18.3701171875 6800.479942842741 3134
stats: connect 17 7425.259779986213 10141.927002649421 31089.179931640625 0.321044921875 503.48373849991503 55656
stats: 200 0 51067
stats: size_rcv 0 5935460
stats: newphase 5 44
stats: size_sent 2275 7389131
stats: connected -291 4289
# stats: dump at 1338918991
stats: users 19167 19167
stats: {load,"os_mon@test2"} 1 0.578125 0.0 1.28125 0.5 0.8962673611111112 9
stats: {recvpackets,"os_mon@test3"} 1 9032.0 0.0 10443 3127 8282.875 8
stats: {sentpackets,"os_mon@test3"} 1 6869.0 0.0 7502 2159 5928.5 8
stats: {freemem,"os_mon@test2"} 1 1282.97265625 0.0 1510.51171875 1282.97265625 1435.2699652777778 9
stats: {cpu,"os_mon@test3"} 1 19.0855927698033 0.0 37.38414006179197 1.9597989949748744 22.563483936424873 9
stats: {load,"os_mon@test4"} 1 0.6796875 0.0 1.37109375 0.6796875 1.0442708333333333 9
stats: {freemem,"os_mon@test4"} 1 1201.421875 0.0 1435.70703125 1201.421875 1357.9027777777778 9
stats: {freemem,"os_mon@myserver"} 1 3128.62109375 0.0 3128.62109375 3109.23828125 3113.972222222222 9
stats: {recvpackets,"os_mon@test2"} 1 9018.0 0.0 10372 3187 8302.5 8
stats: {sentpackets,"os_mon@test2"} 1 6875.0 0.0 7458 2199 5941.375 8
stats: {load,"os_mon@test3"} 1 0.8203125 0.0 1.3203125 0.8203125 1.0490451388888888 9
stats: {cpu,"os_mon@test2"} 1 20.08390141583639 0.0 35.264227642276424 2.857142857142857 19.35481247894922 9
stats: {freemem,"os_mon@test3"} 1 1182.5234375 0.0 1488.9296875 1182.5234375 1390.9205729166667 9
stats: {recvpackets,"os_mon@test4"} 1 8991.0 0.0 10426 3168 8288.125 8
stats: {sentpackets,"os_mon@test4"} 1 6843.0 0.0 7488 2182 5931.75 8
stats: {cpu,"os_mon@test4"} 1 12.320328542094455 0.0 31.873727087576377 2.055137844611529 19.052376011147743 9
stats: {load,"os_mon@myserver"} 1 0.48046875 0.0 0.83984375 0.48046875 0.6961805555555556 9
stats: {recvpackets,"os_mon@myserver"} 1 8895.0 0.0 10339 3197 8333.375 8
stats: {sentpackets,"os_mon@myserver"} 1 6848.0 0.0 7436 2209 5962.125 8
stats: {cpu,"os_mon@myserver"} 1 16.99481865284974 0.0 100.0 1.9269776876267748 44.800087208122264 9
stats: session 233 65352.914423995775 3660.6319628502165 76013.71508789063 19.99609375 6872.39043143025 3138
stats: users_count 2586 22538
stats: finish_users_count 233 3371
stats: request 12007 9295.552169945933 12021.585919781743 63805.669921875 1.2529296875 2508.282504565616 51384
stats: page 226 65160.525961006635 3490.487736629602 75317.04907226563 18.3701171875 6870.518230333691 3138
stats: connect 14095 3423.3025080058064 7616.899896497035 31097.350830078125 0.321044921875 505.5973338280861 55673
stats: 200 11890 62957
stats: size_rcv 1378844 7314304
stats: newphase 5 49
stats: size_sent 1869909 9259040
stats: connected 2088 6377
stats: error_connect_etimedout 552 552
# stats: dump at 1338919001
stats: users 22512 22512
stats: {load,"os_mon@test2"} 1 0.5703125 0.0 1.28125 0.5 0.864453125 10
stats: {recvpackets,"os_mon@test3"} 1 13378.0 0.0 13378 3127 8366.111111111111 9
stats: {sentpackets,"os_mon@test3"} 1 10017.0 0.0 10017 2159 6033.0 9
stats: {freemem,"os_mon@test2"} 1 1212.80859375 0.0 1510.51171875 1212.80859375 1420.040234375 10
stats: {cpu,"os_mon@test3"} 1 36.8619022031166 0.0 37.38414006179197 1.9597989949748744 22.215694819762714 10
stats: {load,"os_mon@test4"} 1 0.73046875 0.0 1.37109375 0.6796875 1.0078125 10
stats: {freemem,"os_mon@test4"} 1 1131.75 0.0 1435.70703125 1131.75 1342.2546875 10
stats: {freemem,"os_mon@myserver"} 1 3126.671875 0.0 3128.62109375 3109.23828125 3115.437109375 10
stats: {recvpackets,"os_mon@test2"} 1 13586.0 0.0 13586 3187 8382.0 9
stats: {sentpackets,"os_mon@test2"} 1 10278.0 0.0 10278 2199 6045.111111111111 9
stats: {load,"os_mon@test3"} 1 0.69140625 0.0 1.3203125 0.69140625 1.026171875 10
stats: {cpu,"os_mon@test2"} 1 44.67860906217071 0.0 44.67860906217071 2.857142857142857 19.427721372637937 10
stats: {freemem,"os_mon@test3"} 1 1125.890625 0.0 1488.9296875 1125.890625 1370.080859375 10
stats: {recvpackets,"os_mon@test4"} 1 13411.0 0.0 13411 3168 8366.222222222223 9
stats: {sentpackets,"os_mon@test4"} 1 10038.0 0.0 10038 2182 6033.0 9
stats: {cpu,"os_mon@test4"} 1 43.56802541026998 0.0 43.56802541026998 2.055137844611529 18.379171264242412 10
stats: {load,"os_mon@myserver"} 1 0.55859375 0.0 0.83984375 0.48046875 0.674609375 10
stats: {recvpackets,"os_mon@myserver"} 1 13593.0 0.0 13593 3197 8395.777777777777 9
stats: {sentpackets,"os_mon@myserver"} 1 10228.0 0.0 10228 2209 6060.555555555556 9
stats: {cpu,"os_mon@myserver"} 1 94.07035175879398 0.0 100.0 1.9269776876267748 42.01956035259501 10
stats: session 86 72505.59920058138 5753.0547310294605 85089.57202148438 19.99609375 10914.503184402 3371
stats: users_count 3431 25969
stats: finish_users_count 86 3457
stats: request 4921 9754.740087821181 12115.199246516482 63805.669921875 1.2529296875 3793.871103455387 63391
stats: page 90 72244.4339138455 5574.588214849647 85087.52294921875 18.3701171875 10786.553232453813 3364
stats: connect 5726 2571.3224512247325 6100.159379768955 31097.350830078125 0.321044921875 1095.0517316900712 69768
stats: 200 4365 67322
stats: size_rcv 476334 7790638
stats: newphase 5 54
stats: size_sent 759498 10018538
stats: connected 805 7182
stats: error_connect_etimedout 1206 1758
# stats: dump at 1338919011
stats: users 26206 26206
stats: {load,"os_mon@test2"} 1 0.48046875 0.0 1.28125 0.48046875 0.8377130681818182 11
stats: {recvpackets,"os_mon@test3"} 1 12746.0 0.0 13378 3127 8867.3 10
stats: {sentpackets,"os_mon@test3"} 1 9544.0 0.0 10017 2159 6431.4 10
stats: {freemem,"os_mon@test2"} 1 1168.53515625 0.0 1510.51171875 1168.53515625 1401.2009943181818 11
stats: {cpu,"os_mon@test3"} 1 22.45557350565428 0.0 37.38414006179197 1.9597989949748744 23.547168218249432 11
stats: {load,"os_mon@test4"} 1 0.83984375 0.0 1.37109375 0.6796875 0.9825994318181818 11
stats: {freemem,"os_mon@test4"} 1 1090.7734375 0.0 1435.70703125 1090.7734375 1323.1178977272727 11
stats: {freemem,"os_mon@myserver"} 1 3125.87109375 0.0 3128.62109375 3109.23828125 3116.4584517045455 11
stats: {recvpackets,"os_mon@test2"} 1 12524.0 0.0 13586 3187 8902.4 10
stats: {sentpackets,"os_mon@test2"} 1 9260.0 0.0 10278 2199 6468.4 10
stats: {load,"os_mon@test3"} 1 0.671875 0.0 1.3203125 0.671875 0.9957386363636364 11
stats: {cpu,"os_mon@test2"} 1 24.470338983050848 0.0 44.67860906217071 2.857142857142857 21.723256617140915 11
stats: {freemem,"os_mon@test3"} 1 1079.0703125 0.0 1488.9296875 1079.0703125 1347.881747159091 11
stats: {recvpackets,"os_mon@test4"} 1 12734.0 0.0 13411 3168 8870.7 10
stats: {sentpackets,"os_mon@test4"} 1 9535.0 0.0 10038 2182 6433.5 10
stats: {cpu,"os_mon@test4"} 1 21.614445034519385 0.0 43.56802541026998 2.055137844611529 20.669067095699464 11
stats: {load,"os_mon@myserver"} 1 0.5390625 0.0 0.83984375 0.48046875 0.6640625 11
stats: {recvpackets,"os_mon@myserver"} 1 12620.0 0.0 13593 3197 8915.5 10
stats: {sentpackets,"os_mon@myserver"} 1 9323.0 0.0 10228 2209 6477.3 10
stats: {cpu,"os_mon@myserver"} 1 29.50474183350896 0.0 100.0 1.9269776876267748 46.75145048043128 11
stats: session 47 79485.96304126496 6861.731744168441 91171.57006835938 19.99609375 12446.708639244762 3457
stats: users_count 3741 29710
stats: finish_users_count 47 3504
stats: request 4521 13006.625642401443 11748.99626619831 71270.43212890625 1.2529296875 4223.2749603482325 68312
stats: page 50 79391.91111816403 6748.265442125733 91169.70483398438 18.3701171875 12387.94560689656 3454
stats: connect 4722 3387.6461473761387 5943.716259754087 31097.350830078125 0.321044921875 1207.0225656643668 75494
stats: 200 3263 70585
stats: size_rcv 371846 8162484
stats: newphase 6 60
stats: size_sent 626374 10644912
stats: connected 201 7383
stats: error_connect_etimedout 2678 4436
# stats: dump at 1338919021
stats: users 29605 29605
stats: {load,"os_mon@test2"} 1 0.55859375 0.0 1.28125 0.48046875 0.8079427083333334 12
stats: {recvpackets,"os_mon@test3"} 1 14989.0 0.0 14989 3127 9219.90909090909 11
stats: {sentpackets,"os_mon@test3"} 1 10937.0 0.0 10937 2159 6714.363636363636 11
stats: {freemem,"os_mon@test2"} 1 1096.94140625 0.0 1510.51171875 1096.94140625 1381.8121744791667 12
stats: {cpu,"os_mon@test3"} 1 27.009294696555497 0.0 37.38414006179197 1.9597989949748744 23.456201992199837 12
stats: {load,"os_mon@test4"} 1 0.7109375 0.0 1.37109375 0.6796875 0.970703125 12
stats: {freemem,"os_mon@test4"} 1 1047.296875 0.0 1435.70703125 1047.296875 1303.755859375 12
stats: {freemem,"os_mon@myserver"} 1 3124.90234375 0.0 3128.62109375 3109.23828125 3117.2428385416665 12
stats: {recvpackets,"os_mon@test2"} 1 14889.0 0.0 14889 3187 9231.636363636364 11
stats: {sentpackets,"os_mon@test2"} 1 10873.0 0.0 10873 2199 6722.181818181818 11
stats: {load,"os_mon@test3"} 1 0.640625 0.0 1.3203125 0.640625 0.96875 12
stats: {cpu,"os_mon@test2"} 1 34.333154793786825 0.0 44.67860906217071 2.857142857142857 21.95218014763341 12
stats: {freemem,"os_mon@test3"} 1 1029.3359375 0.0 1488.9296875 1029.3359375 1325.4807942708333 12
stats: {recvpackets,"os_mon@test4"} 1 14975.0 0.0 14975 3168 9221.90909090909 11
stats: {sentpackets,"os_mon@test4"} 1 10929.0 0.0 10929 2182 6715.454545454545 11
stats: {cpu,"os_mon@test4"} 1 24.986508364813815 0.0 43.56802541026998 2.055137844611529 20.747848590601123 12
stats: {load,"os_mon@myserver"} 1 0.53125 0.0 0.83984375 0.48046875 0.6536458333333334 12
stats: {recvpackets,"os_mon@myserver"} 1 14736.0 0.0 14736 3197 9252.272727272728 11
stats: {sentpackets,"os_mon@myserver"} 1 10786.0 0.0 10786 2209 6736.0 11
stats: {cpu,"os_mon@myserver"} 1 37.40779768177028 0.0 100.0 1.9269776876267748 45.314224759854426 12
stats: session 86 88410.70818382085 10932.044759094319 103818.27197265625 19.99609375 13345.922382650855 3504
stats: users_count 3485 33195
stats: finish_users_count 86 3590
stats: request 6251 15853.96436035075 16810.37603357635 87340.369140625 1.2529296875 4768.488372312076 72833
stats: page 84 88426.13144938152 10779.51399789446 103816.48413085938 18.3701171875 13344.052420698894 3504
stats: connect 7522 2810.7486557010834 5908.582681071845 31104.31591796875 0.321044921875 1335.3872878250702 80216
stats: 200 4963 75548
stats: size_rcv 547048 8709532
stats: newphase 6 66
stats: size_sent 998302 11643214
stats: connected 1271 8654
stats: error_connect_etimedout 1557 5993
# stats: dump at 1338919031
stats: users 33229 33229
stats: {load,"os_mon@test2"} 1 0.55078125 0.0 1.28125 0.48046875 0.7887620192307693 13
stats: {recvpackets,"os_mon@test3"} 1 16326.0 0.0 16326 3127 9700.666666666666 12
stats: {sentpackets,"os_mon@test3"} 1 12265.0 0.0 12265 2159 7066.25 12
stats: {freemem,"os_mon@test2"} 1 1073.25 0.0 1510.51171875 1073.25 1359.8990384615386 13
stats: {cpu,"os_mon@test3"} 1 41.19241192411924 0.0 41.19241192411924 1.9597989949748744 23.729516815611813 13
stats: {load,"os_mon@test4"} 1 1.23828125 0.0 1.37109375 0.6796875 0.9507211538461539 13
stats: {freemem,"os_mon@test4"} 1 978.296875 0.0 1435.70703125 978.296875 1284.0282451923076 13
stats: {freemem,"os_mon@myserver"} 1 3123.7109375 0.0 3128.62109375 3109.23828125 3117.83203125 13
stats: {recvpackets,"os_mon@test2"} 1 16443.0 0.0 16443 3187 9703.083333333334 12
stats: {sentpackets,"os_mon@test2"} 1 12340.0 0.0 12340 2199 7068.083333333333 12
stats: {load,"os_mon@test3"} 1 0.5390625 0.0 1.3203125 0.5390625 0.9435096153846154 13
stats: {cpu,"os_mon@test2"} 1 18.793012175754367 0.0 44.67860906217071 2.857142857142857 22.904562812722133 13
stats: {freemem,"os_mon@test3"} 1 932.8828125 0.0 1488.9296875 932.8828125 1302.700420673077 13
stats: {recvpackets,"os_mon@test4"} 1 16345.0 0.0 16345 3168 9701.333333333332 12
stats: {sentpackets,"os_mon@test4"} 1 12279.0 0.0 12279 2182 7066.583333333333 12
stats: {cpu,"os_mon@test4"} 1 33.26168726491134 0.0 43.56802541026998 2.055137844611529 21.073899342463637 13
stats: {load,"os_mon@myserver"} 1 0.53125 0.0 0.83984375 0.48046875 0.6442307692307693 13
stats: {recvpackets,"os_mon@myserver"} 1 16583.0 0.0 16583 3197 9709.25 12
stats: {sentpackets,"os_mon@myserver"} 1 12419.0 0.0 12419 2209 7073.5 12
stats: {cpu,"os_mon@myserver"} 1 34.01069518716577 0.0 100.0 1.9269776876267748 44.70603806154026 13
stats: session 53 98961.88911409199 15600.30003478108 114702.38208007813 19.99609375 15144.131736105066 3590
stats: users_count 3677 36872
stats: finish_users_count 53 3643
stats: request 4857 16313.330757315387 15058.224567643902 87340.369140625 1.2529296875 5644.712518804789 79084
stats: page 55 98549.83277698864 15759.660615170727 114701.02514648438 18.3701171875 15101.826846119557 3588
stats: connect 4709 3130.005366064727 6804.359129995914 31104.31591796875 0.321044921875 1461.873738498249 87738
stats: 200 3164 78712
stats: size_rcv 349144 9058676
stats: newphase 3 69
stats: size_sent 624959 12268173
stats: connected -148 8506
stats: error_connect_etimedout 1560 7553
# stats: dump at 1338919041
stats: users 36415 36415
stats: {load,"os_mon@test2"} 1 0.5390625 0.0 1.28125 0.48046875 0.7717633928571429 14
stats: {recvpackets,"os_mon@test3"} 1 14803.0 0.0 16326 3127 10210.307692307691 13
stats: {sentpackets,"os_mon@test3"} 1 11022.0 0.0 12265 2159 7466.153846153846 13
stats: {freemem,"os_mon@test2"} 1 1007.09765625 0.0 1510.51171875 1007.09765625 1339.424107142857 14
stats: {cpu,"os_mon@test3"} 1 23.516720604099245 0.0 41.19241192411924 1.9597989949748744 24.976866466219487 14
stats: {load,"os_mon@test4"} 1 1.359375 0.0 1.37109375 0.6796875 0.9712611607142857 14
stats: {freemem,"os_mon@test4"} 1 926.51171875 0.0 1435.70703125 926.51171875 1262.1902901785713 14
stats: {freemem,"os_mon@myserver"} 1 3123.30078125 0.0 3128.62109375 3109.23828125 3118.251953125 14
stats: {recvpackets,"os_mon@test2"} 1 14850.0 0.0 16443 3187 10221.538461538461 13
stats: {sentpackets,"os_mon@test2"} 1 11056.0 0.0 12340 2199 7473.615384615385 13
stats: {load,"os_mon@test3"} 1 0.4609375 0.0 1.3203125 0.4609375 0.9146205357142857 14
stats: {cpu,"os_mon@test2"} 1 28.139904610492845 0.0 44.67860906217071 2.857142857142857 22.610880624367294 14
stats: {freemem,"os_mon@test3"} 1 890.15625 0.0 1488.9296875 890.15625 1276.284877232143 14
stats: {recvpackets,"os_mon@test4"} 1 14802.0 0.0 16345 3168 10212.384615384615 13
stats: {sentpackets,"os_mon@test4"} 1 11021.0 0.0 12279 2182 7467.538461538462 13
stats: {cpu,"os_mon@test4"} 1 28.419936373276776 0.0 43.56802541026998 2.055137844611529 21.944455622638475 14
stats: {load,"os_mon@myserver"} 1 0.6015625 0.0 0.83984375 0.48046875 0.6361607142857143 14
stats: {recvpackets,"os_mon@myserver"} 1 15048.0 0.0 16583 3197 10238.0 13
stats: {sentpackets,"os_mon@myserver"} 1 11195.0 0.0 12419 2209 7484.692307692308 13
stats: {cpu,"os_mon@myserver"} 1 29.11795961742827 0.0 100.0 1.9269776876267748 43.94208499908494 14
stats: session 74 105429.39144979941 17924.071049815055 125893.19799804688 19.99609375 16363.550111354396 3643
stats: users_count 3260 40132
stats: finish_users_count 74 3717
stats: request 4396 17136.593131595604 18121.230014056484 117681.11401367188 1.2529296875 6262.020851853549 83941
stats: page 68 105873.35259291704 17456.829552047126 125892.06298828125 18.3701171875 16361.678706179342 3643
stats: connect 4481 5312.954799441821 9126.021804366392 31104.31591796875 0.321044921875 1546.843849309963 92447
stats: 200 2968 81680
stats: size_rcv 344940 9403616
stats: newphase 6 75
stats: size_sent 594851 12863024
stats: connected 85 8591
stats: error_connect_etimedout 1687 9240
# stats: dump at 1338919051
stats: users 39929 39929
stats: {load,"os_mon@test2"} 1 0.69140625 0.0 1.28125 0.48046875 0.75625 15
stats: {recvpackets,"os_mon@test3"} 1 14129.0 0.0 16326 3127 10538.357142857143 14
stats: {sentpackets,"os_mon@test3"} 1 10962.0 0.0 12265 2159 7720.142857142857 14
stats: {freemem,"os_mon@test2"} 1 946.01953125 0.0 1510.51171875 946.01953125 1317.2690104166666 15
stats: {cpu,"os_mon@test3"} 1 30.81931633206728 0.0 41.19241192411924 1.9597989949748744 24.879523408744806 15
stats: {load,"os_mon@test4"} 1 1.23046875 0.0 1.37109375 0.6796875 0.9971354166666667 15
stats: {freemem,"os_mon@test4"} 1 859.9140625 0.0 1435.70703125 859.9140625 1239.81171875 15
stats: {freemem,"os_mon@myserver"} 1 3122.37109375 0.0 3128.62109375 3109.23828125 3118.5885416666665 15
stats: {recvpackets,"os_mon@test2"} 1 14060.0 0.0 16443 3187 10552.142857142857 14
stats: {sentpackets,"os_mon@test2"} 1 10913.0 0.0 12340 2199 7729.5 14
stats: {load,"os_mon@test3"} 1 0.4609375 0.0 1.3203125 0.4609375 0.884375 15
stats: {cpu,"os_mon@test2"} 1 29.50907150480256 0.0 44.67860906217071 2.857142857142857 22.979482223442332 15
stats: {freemem,"os_mon@test3"} 1 836.53125 0.0 1488.9296875 836.53125 1250.54296875 15
stats: {recvpackets,"os_mon@test4"} 1 1.41e4 0.0 16345 3168 10540.214285714286 14
stats: {sentpackets,"os_mon@test4"} 1 10941.0 0.0 12279 2182 7721.357142857143 14
stats: {cpu,"os_mon@test4"} 1 34.528907922912204 0.0 43.56802541026998 2.055137844611529 22.376154339347693 15
stats: {load,"os_mon@myserver"} 1 0.58984375 0.0 0.83984375 0.48046875 0.6338541666666667 15
stats: {recvpackets,"os_mon@myserver"} 1 13908.0 0.0 16583 3197 10581.57142857143 14
stats: {sentpackets,"os_mon@myserver"} 1 10797.0 0.0 12419 2209 7749.714285714285 14
stats: {cpu,"os_mon@myserver"} 1 47.59414225941423 0.0 100.0 1.9269776876267748 42.95380997364116 15
stats: session 71 117759.67112882373 16644.586698549832 134572.05981445313 19.99609375 18136.719941605923 3717
stats: users_count 3585 43717
stats: finish_users_count 71 3788
stats: request 5811 27006.071097648834 28431.19523239539 127745.09204101563 1.2529296875 6803.182762963799 88337
stats: page 77 116403.3973943537 17738.22834336049 134570.26318359375 18.3701171875 18001.88183856904 3711
stats: connect 5242 4493.858601825919 8107.456055852929 31104.31591796875 0.321044921875 1720.9518796782863 96928
stats: 200 3236 84916
stats: size_rcv 358766 9762382
stats: newphase 5 80
stats: size_sent 695662 13558686
stats: connected -569 8022
stats: error_connect_etimedout 960 10200
# stats: dump at 1338919061
stats: users 43419 43420
stats: {load,"os_mon@test2"} 1 0.58984375 0.0 1.28125 0.48046875 0.752197265625 16
stats: {recvpackets,"os_mon@test3"} 1 16294.0 0.0 16326 3127 10777.733333333334 15
stats: {sentpackets,"os_mon@test3"} 1 12396.0 0.0 12396 2159 7936.266666666666 15
stats: {freemem,"os_mon@test2"} 1 902.69140625 0.0 1510.51171875 902.69140625 1294.06591796875 16
stats: {cpu,"os_mon@test3"} 1 29.951430113329735 0.0 41.19241192411924 1.9597989949748744 25.25076046645246 16
stats: {load,"os_mon@test4"} 1 1.19140625 0.0 1.37109375 0.6796875 1.01171875 16
stats: {freemem,"os_mon@test4"} 1 819.69921875 0.0 1435.70703125 819.69921875 1216.068115234375 16
stats: {freemem,"os_mon@myserver"} 1 3122.03125 0.0 3128.62109375 3109.23828125 3118.824951171875 16
stats: {recvpackets,"os_mon@test2"} 1 16065.0 0.0 16443 3187 10786.0 15
stats: {sentpackets,"os_mon@test2"} 1 12220.0 0.0 12340 2199 7941.733333333334 15
stats: {load,"os_mon@test3"} 1 0.46875 0.0 1.3203125 0.4609375 0.85791015625 16
stats: {cpu,"os_mon@test2"} 1 20.663404023926045 0.0 44.67860906217071 2.857142857142857 23.387581553527344 16
stats: {freemem,"os_mon@test3"} 1 751.75390625 0.0 1488.9296875 751.75390625 1224.667236328125 16
stats: {recvpackets,"os_mon@test4"} 1 16170.0 0.0 16345 3168 10777.533333333333 15
stats: {sentpackets,"os_mon@test4"} 1 12296.0 0.0 12296 2182 7936.0 15
stats: {cpu,"os_mon@test4"} 1 22.895974908520646 0.0 43.56802541026998 2.055137844611529 23.135701438320474 16
stats: {load,"os_mon@myserver"} 1 0.5703125 0.0 0.83984375 0.48046875 0.631103515625 16
stats: {recvpackets,"os_mon@myserver"} 1 16191.0 0.0 16583 3197 10803.333333333334 15
stats: {sentpackets,"os_mon@myserver"} 1 12372.0 0.0 12419 2209 7952.866666666667 15
stats: {cpu,"os_mon@myserver"} 1 10.526315789473683 0.0 100.0 1.9269776876267748 43.243830741501974 16
stats: session 64 125072.01075744629 19182.548574506854 145571.69409179688 19.99609375 20003.992785928116 3788
stats: users_count 3554 47271
stats: finish_users_count 64 3852
stats: request 4257 28804.51789269187 32932.534583862594 127773.99584960938 1.2529296875 8050.144823898229 94148
stats: page 63 124831.5085642981 19240.102496404914 145569.90893554688 18.3701171875 20002.123839043015 3788
stats: connect 4399 4394.333630013133 7910.500832281804 31104.31591796875 0.321044921875 1863.2204226703377 102170
stats: 200 2746 87662
stats: size_rcv 309566 10071948
stats: newphase 5 85
stats: size_sent 583997 14142683
stats: connected 142 8164
stats: error_connect_etimedout 2331 12531
# stats: dump at 1338919071
stats: users 46560 46560
stats: {load,"os_mon@test2"} 1 0.9609375 0.0 1.28125 0.48046875 0.7426470588235294 17
stats: {recvpackets,"os_mon@test3"} 1 17585.0 0.0 17585 3127 11122.5 16
stats: {sentpackets,"os_mon@test3"} 1 13435.0 0.0 13435 2159 8215.0 16
stats: {freemem,"os_mon@test2"} 1 831.3046875 0.0 1510.51171875 831.3046875 1271.043887867647 17
stats: {cpu,"os_mon@test3"} 1 23.555070883315157 0.0 41.19241192411924 1.9597989949748744 25.527270445680536 17
stats: {load,"os_mon@test4"} 1 1.01171875 0.0 1.37109375 0.6796875 1.0222886029411764 17
stats: {freemem,"os_mon@test4"} 1 752.37109375 0.0 1435.70703125 752.37109375 1192.7522977941176 17
stats: {freemem,"os_mon@myserver"} 1 3121.3359375 0.0 3128.62109375 3109.23828125 3119.013556985294 17
stats: {recvpackets,"os_mon@test2"} 1 17484.0 0.0 17484 3187 11115.9375 16
stats: {sentpackets,"os_mon@test2"} 1 13375.0 0.0 13375 2199 8209.125 16
stats: {load,"os_mon@test3"} 1 0.46875 0.0 1.3203125 0.4609375 0.8350183823529411 17
stats: {cpu,"os_mon@test2"} 1 33.87096774193548 0.0 44.67860906217071 2.857142857142857 23.227335816491973 17
stats: {freemem,"os_mon@test3"} 1 723.83203125 0.0 1488.9296875 723.83203125 1196.8488051470588 17
stats: {recvpackets,"os_mon@test4"} 1 17341.0 0.0 17341 3168 11114.5625 16
stats: {sentpackets,"os_mon@test4"} 1 13273.0 0.0 13273 2182 8208.5 16
stats: {cpu,"os_mon@test4"} 1 36.7379679144385 0.0 43.56802541026998 2.055137844611529 23.121599877744014 17
stats: {load,"os_mon@myserver"} 1 0.640625 0.0 0.83984375 0.48046875 0.6275275735294118 17
stats: {recvpackets,"os_mon@myserver"} 1 17455.0 0.0 17455 3197 11140.0625 16
stats: {sentpackets,"os_mon@myserver"} 1 13307.0 0.0 13307 2209 8229.0625 16
stats: {cpu,"os_mon@myserver"} 1 35.2187833511206 0.0 100.0 1.9269776876267748 41.319271038441485 17
stats: session 60 131174.94046223952 22234.848358101113 153536.39794921875 19.99609375 21749.671173824576 3852
stats: users_count 3201 50472
stats: finish_users_count 60 3912
stats: request 4779 26189.14719518745 17147.038903590874 127773.99584960938 1.2529296875 8947.97893958193 98405
stats: page 60 132094.69263916014 21425.00939552488 153534.326171875 18.3701171875 21717.0683307831 3851
stats: connect 3117 7320.089214326173 10837.413476451944 31104.31591796875 0.321044921875 1967.7007781123607 106569
stats: 200 1817 89479
stats: size_rcv 212902 10284850
stats: newphase 5 90
stats: size_sent 413679 14556362
stats: connected -1662 6502
stats: error_connect_etimedout 3765 16296
# stats: dump at 1338919081
stats: users 50349 50349
stats: {load,"os_mon@test2"} 1 0.80859375 0.0 1.28125 0.48046875 0.7547743055555556 18
stats: {recvpackets,"os_mon@test3"} 1 15759.0 0.0 17585 3127 11502.64705882353 17
stats: {sentpackets,"os_mon@test3"} 1 12666.0 0.0 13435 2159 8522.058823529413 17
stats: {freemem,"os_mon@test2"} 1 766.6171875 0.0 1510.51171875 766.6171875 1246.6139322916667 18
stats: {cpu,"os_mon@test3"} 1 22.07792207792208 0.0 41.19241192411924 1.9597989949748744 25.417703803326905 18
stats: {load,"os_mon@test4"} 1 1.0 0.0 1.37109375 0.6796875 1.0217013888888888 18
stats: {freemem,"os_mon@test4"} 1 708.13671875 0.0 1435.70703125 708.13671875 1168.2866753472222 18
stats: {freemem,"os_mon@myserver"} 1 3120.91015625 0.0 3128.62109375 3109.23828125 3119.142578125 18
stats: {recvpackets,"os_mon@test2"} 1 15822.0 0.0 17484 3187 11490.529411764706 17
stats: {sentpackets,"os_mon@test2"} 1 12714.0 0.0 13375 2199 8513.0 17
stats: {load,"os_mon@test3"} 1 0.3984375 0.0 1.3203125 0.3984375 0.8146701388888888 18
stats: {cpu,"os_mon@test2"} 1 28.731942215088285 0.0 44.67860906217071 2.857142857142857 23.818648701238835 18
stats: {freemem,"os_mon@test3"} 1 674.4609375 0.0 1488.9296875 674.4609375 1170.570095486111 18
stats: {recvpackets,"os_mon@test4"} 1 15939.0 0.0 17341 3168 11480.823529411764 17
stats: {sentpackets,"os_mon@test4"} 1 12793.0 0.0 13273 2182 8506.411764705883 17
stats: {cpu,"os_mon@test4"} 1 24.616199047114875 0.0 43.56802541026998 2.055137844611529 23.878064768671486 18
stats: {load,"os_mon@myserver"} 1 0.5390625 0.0 0.83984375 0.48046875 0.6282552083333334 18
stats: {recvpackets,"os_mon@myserver"} 1 15782.0 0.0 17455 3197 11511.529411764706 17
stats: {sentpackets,"os_mon@myserver"} 1 12701.0 0.0 13307 2209 8527.764705882353 17
stats: {cpu,"os_mon@myserver"} 1 10.38961038961039 0.0 100.0 1.9269776876267748 40.980355055812545 18
stats: session 12 145420.2091064453 19307.407040747046 159172.6201171875 19.99609375 23427.97285002726 3912
stats: users_count 3801 54273
stats: finish_users_count 12 3924
stats: request 1419 30315.849302607745 14849.74324556143 127773.99584960938 1.2529296875 9746.509168043114 103184
stats: page 13 140755.36249248797 24597.306123615246 159171.48413085938 18.3701171875 23410.409537252704 3911
stats: connect 17 6190.751263786765 7794.943165238159 31104.31591796875 0.321044921875 2119.8021835394748 109686
stats: 200 0 89479
stats: size_rcv 0 10284850
stats: newphase 6 96
stats: size_sent 2267 14558629
stats: connected -1402 5100
stats: error_connect_etimedout 5425 21721
# stats: dump at 1338919091
stats: users 53614 53614
stats: {load,"os_mon@test2"} 1 0.76171875 0.0 1.28125 0.48046875 0.7576069078947368 19
stats: {recvpackets,"os_mon@test3"} 1 17084.0 0.0 17585 3127 11739.111111111111 18
stats: {sentpackets,"os_mon@test3"} 1 12865.0 0.0 13435 2159 8752.277777777777 18
stats: {freemem,"os_mon@test2"} 1 713.28515625 0.0 1510.51171875 713.28515625 1221.3509457236842 19
stats: {cpu,"os_mon@test3"} 1 15.574650912996777 0.0 41.19241192411924 1.9597989949748744 25.241925817779283 19
stats: {load,"os_mon@test4"} 1 1.078125 0.0 1.37109375 0.6796875 1.0205592105263157 19
stats: {freemem,"os_mon@test4"} 1 642.3828125 0.0 1435.70703125 642.3828125 1144.0682565789473 19
stats: {freemem,"os_mon@myserver"} 1 3120.95703125 0.0 3128.62109375 3109.23828125 3119.2356085526317 19
stats: {recvpackets,"os_mon@test2"} 1 16827.0 0.0 17484 3187 11731.166666666666 18
stats: {sentpackets,"os_mon@test2"} 1 12699.0 0.0 13375 2199 8746.388888888889 18
stats: {load,"os_mon@test3"} 1 0.48046875 0.0 1.3203125 0.3984375 0.7927631578947368 19
stats: {cpu,"os_mon@test2"} 1 27.063236870310824 0.0 44.67860906217071 2.857142857142857 24.077243096704596 19
stats: {freemem,"os_mon@test3"} 1 656.75 0.0 1488.9296875 656.75 1144.4590871710527 19
stats: {recvpackets,"os_mon@test4"} 1 16643.0 0.0 17341 3168 11728.5 18
stats: {sentpackets,"os_mon@test4"} 1 12579.0 0.0 13273 2182 8744.555555555555 18
stats: {cpu,"os_mon@test4"} 1 29.647435897435898 0.0 43.56802541026998 2.055137844611529 23.91691394122114 19
stats: {load,"os_mon@myserver"} 1 0.4609375 0.0 0.83984375 0.4609375 0.6235608552631579 19
stats: {recvpackets,"os_mon@myserver"} 1 17118.0 0.0 17455 3197 11748.777777777777 18
stats: {sentpackets,"os_mon@myserver"} 1 12864.0 0.0 13307 2209 8759.611111111111 18
stats: {cpu,"os_mon@myserver"} 1 1.7582417582417582 0.0 100.0 1.7582417582417582 39.37031586285454 19
stats: session 9 159945.86881510416 15753.622348118966 169428.17797851563 19.99609375 23801.037792707437 3924
stats: users_count 3274 57547
stats: finish_users_count 9 3933
stats: request 808 52651.58035217889 15892.79104356285 127773.99584960938 1.2529296875 10025.54412546257 104603
stats: page 9 159944.0250922309 15753.664875295945 169426.09008789063 18.3701171875 23799.16702665588 3924
stats: connect 17 3713.977898092831 4820.947062840537 31104.31591796875 0.321044921875 2120.4330335104346 109703
stats: 200 0 89479
stats: size_rcv 0 10284850
stats: newphase 6 102
stats: size_sent 2251 14560880
stats: connected -791 4309
stats: error_connect_etimedout 4881 26602
# stats: dump at 1338919091
stats: users 53617 53617
stats: {load,"os_mon@test2"} 0 0 0 1.28125 0.48046875 0.7578125 20
stats: {recvpackets,"os_mon@test3"} 0 0 0 17585 3127 12020.421052631578 19
stats: {sentpackets,"os_mon@test3"} 0 0 0 13435 2159 8968.736842105263 19
stats: {freemem,"os_mon@test2"} 0 0 0 1510.51171875 713.28515625 1195.94765625 20
stats: {cpu,"os_mon@test3"} 0 0 0 41.19241192411924 1.9597989949748744 24.75856207254016 20
stats: {load,"os_mon@test4"} 0 0 0 1.37109375 0.6796875 1.0234375 20
stats: {freemem,"os_mon@test4"} 0 0 0 1435.70703125 642.3828125 1118.983984375 20
stats: {freemem,"os_mon@myserver"} 0 0 0 3128.62109375 3109.23828125 3119.3216796875 20
stats: {recvpackets,"os_mon@test2"} 0 0 0 17484 3187 11999.368421052632 19
stats: {sentpackets,"os_mon@test2"} 0 0 0 13375 2199 8954.421052631578 19
stats: {load,"os_mon@test3"} 0 0 0 1.3203125 0.3984375 0.7771484375 20
stats: {cpu,"os_mon@test2"} 0 0 0 44.67860906217071 2.857142857142857 24.226542785384908 20
stats: {freemem,"os_mon@test3"} 0 0 0 1488.9296875 656.75 1120.0736328125 20
stats: {recvpackets,"os_mon@test4"} 0 0 0 17341 3168 11987.157894736842 19
stats: {sentpackets,"os_mon@test4"} 0 0 0 13273 2182 8946.368421052632 19
stats: {cpu,"os_mon@test4"} 0 0 0 43.56802541026998 2.055137844611529 24.20344003903188 20
stats: {load,"os_mon@myserver"} 0 0 0 0.83984375 0.4609375 0.6154296875 20
stats: {recvpackets,"os_mon@myserver"} 0 0 0 17455 3197 12031.368421052632 19
stats: {sentpackets,"os_mon@myserver"} 0 0 0 13307 2209 8975.631578947368 19
stats: {cpu,"os_mon@myserver"} 0 0 0 100.0 1.7582417582417582 37.4897121576239 20
stats: session 0 0 0 169428.17797851563 19.99609375 24112.58202845663 3933
stats: users_count 3 57550
stats: finish_users_count 0 3933
stats: page 0 0 0 169426.09008789063 18.3701171875 24110.711324288775 3933
stats: connect 0 0 0 31104.31591796875 0.321044921875 2120.679937107754 109720
stats: 200 0 89479
stats: request 0 0 0 127773.99584960938 1.2529296875 10352.282675245675 105411
stats: size_rcv 0 10284850
stats: newphase 0 102
stats: size_sent 0 14560880
stats: connected 0 4309
stats: error_connect_etimedout 4 26606
stats: error_abort 1 1
EndMonitor:{1338,919091,551111}
