# stats: dump at 1338921434
stats: users 0 0
# stats: dump at 1338921444
stats: users 0 10
stats: {load,"os_mon@test2"} 1 0.640625 0 0.640625 0.640625 0 0
stats: {freemem,"os_mon@test2"} 1 1487.15625 0 1487.15625 1487.15625 0 0
stats: {cpu,"os_mon@test3"} 1 3.229061553985873 0 3.229061553985873 3.229061553985873 0 0
stats: {load,"os_mon@test4"} 1 1.98046875 0 1.98046875 1.98046875 0 0
stats: {freemem,"os_mon@test4"} 1 1411.5234375 0 1411.5234375 1411.5234375 0 0
stats: {freemem,"os_mon@myserver"} 1 2934.12109375 0 2934.12109375 2934.12109375 0 0
stats: {cpu,"os_mon@test2"} 1 2.8240040342914776 0 2.8240040342914776 2.8240040342914776 0 0
stats: {load,"os_mon@test3"} 1 0.6796875 0 0.6796875 0.6796875 0 0
stats: {freemem,"os_mon@test3"} 1 1454.62890625 0 1454.62890625 1454.62890625 0 0
stats: {cpu,"os_mon@test4"} 1 2.774974772956609 0 2.774974772956609 2.774974772956609 0 0
stats: {load,"os_mon@myserver"} 1 0.58984375 0 0.58984375 0.58984375 0 0
stats: {cpu,"os_mon@myserver"} 1 20.609137055837564 0 20.609137055837564 20.609137055837564 0 0
stats: session 610 19.012170610271525 9.665735361353338 88.914794921875 10.27197265625 0 0
stats: users_count 610 610
stats: finish_users_count 610 610
stats: request 6038 1.6238453660669914 1.2805860062489218 17.0791015625 0.31396484375 0 0
stats: page 603 16.719920498419366 9.673929888474252 86.2158203125 8.7529296875 0 0
stats: connect 604 1.0572647195778158 0.2665985237331496 3.47119140625 0.580078125 0 0
stats: 200 6038 6038
stats: size_rcv 883775 883775
stats: size_sent 801029 801029
stats: connected 1 1
# stats: dump at 1338921454
stats: users 157 157
stats: {load,"os_mon@test2"} 1 0.55078125 0.0 0.640625 0.55078125 0.640625 1
stats: {freemem,"os_mon@test2"} 1 1495.29296875 0.0 1495.29296875 1487.15625 1487.15625 1
stats: {recvpackets,"os_mon@test3"} 1 3653 0 3653 3653 0 0
stats: {sentpackets,"os_mon@test3"} 1 2494 0 2494 2494 0 0
stats: {cpu,"os_mon@test3"} 1 8.760245901639344 0.0 8.760245901639344 3.229061553985873 3.229061553985873 1
stats: {load,"os_mon@test4"} 1 1.75 0.0 1.98046875 1.75 1.98046875 1
stats: {freemem,"os_mon@test4"} 1 1417.61328125 0.0 1417.61328125 1411.5234375 1411.5234375 1
stats: {freemem,"os_mon@myserver"} 1 2935.828125 0.0 2935.828125 2934.12109375 2934.12109375 1
stats: {recvpackets,"os_mon@test2"} 1 3590 0 3590 3590 0 0
stats: {sentpackets,"os_mon@test2"} 1 2456 0 2456 2456 0 0
stats: {cpu,"os_mon@test2"} 1 5.516194331983805 0.0 5.516194331983805 2.8240040342914776 2.8240040342914776 1
stats: {load,"os_mon@test3"} 1 0.6484375 0.0 0.6796875 0.6484375 0.6796875 1
stats: {freemem,"os_mon@test3"} 1 1463.359375 0.0 1463.359375 1454.62890625 1454.62890625 1
stats: {recvpackets,"os_mon@test4"} 1 3651 0 3651 3651 0 0
stats: {sentpackets,"os_mon@test4"} 1 2495 0 2495 2495 0 0
stats: {cpu,"os_mon@test4"} 1 5.406771096513391 0.0 5.406771096513391 2.774974772956609 2.774974772956609 1
stats: {load,"os_mon@myserver"} 1 0.6484375 0.0 0.6484375 0.58984375 0.58984375 1
stats: {recvpackets,"os_mon@myserver"} 1 3644 0 3644 3644 0 0
stats: {sentpackets,"os_mon@myserver"} 1 2492 0 2492 2492 0 0
stats: {cpu,"os_mon@myserver"} 1 45.73560767590618 0.0 45.73560767590618 20.609137055837564 20.609137055837564 1
stats: session 1333 207.51726640156124 243.77748579443417 786.67919921875 10.27197265625 19.012170610271525 610
stats: users_count 1490 2100
stats: finish_users_count 1333 1943
stats: request 13974 22.82993718594016 27.024788284225817 136.876953125 0.31396484375 1.6238453660669914 6038
stats: page 1335 202.61663393170667 241.7162347596693 784.469970703125 8.56591796875 16.719920498419366 603
stats: connect 1483 0.9522170866170768 0.214280527651392 3.47119140625 0.48681640625 1.0572647195778158 604
stats: 200 13974 20012
stats: size_rcv 1865545 2749320
stats: newphase 6 6
stats: size_sent 1875206 2676235
stats: connected 148 149
# stats: dump at 1338921464
stats: users 1418 1418
stats: {load,"os_mon@test2"} 1 0.4609375 0.0 0.640625 0.4609375 0.595703125 2
stats: {freemem,"os_mon@test2"} 1 1492.21484375 0.0 1495.29296875 1487.15625 1491.224609375 2
stats: {recvpackets,"os_mon@test3"} 1 7120.0 0.0 7120 3653 3653.0 1
stats: {sentpackets,"os_mon@test3"} 1 4901.0 0.0 4901 2494 2494.0 1
stats: {cpu,"os_mon@test3"} 1 17.342799188640974 0.0 17.342799188640974 3.229061553985873 5.994653727812608 2
stats: {load,"os_mon@test4"} 1 1.48046875 0.0 1.98046875 1.48046875 1.865234375 2
stats: {freemem,"os_mon@test4"} 1 1414.125 0.0 1417.61328125 1411.5234375 1414.568359375 2
stats: {freemem,"os_mon@myserver"} 1 2934.22265625 0.0 2935.828125 2934.12109375 2934.974609375 2
stats: {recvpackets,"os_mon@test2"} 1 7.1e3 0.0 7100 3590 3590.0 1
stats: {sentpackets,"os_mon@test2"} 1 4890.0 0.0 4890 2456 2456.0 1
stats: {cpu,"os_mon@test2"} 1 13.383838383838384 0.0 13.383838383838384 2.8240040342914776 4.1700991831376415 2
stats: {load,"os_mon@test3"} 1 0.55078125 0.0 0.6796875 0.55078125 0.6640625 2
stats: {freemem,"os_mon@test3"} 1 1459.7265625 0.0 1463.359375 1454.62890625 1458.994140625 2
stats: {recvpackets,"os_mon@test4"} 1 7120.0 0.0 7120 3651 3651.0 1
stats: {sentpackets,"os_mon@test4"} 1 4902.0 0.0 4902 2495 2495.0 1
stats: {cpu,"os_mon@test4"} 1 15.861027190332328 0.0 15.861027190332328 2.774974772956609 4.090872934735 2
stats: {load,"os_mon@myserver"} 1 0.69921875 0.0 0.69921875 0.58984375 0.619140625 2
stats: {recvpackets,"os_mon@myserver"} 1 7175.0 0.0 7175 3644 3644.0 1
stats: {sentpackets,"os_mon@myserver"} 1 4939.0 0.0 4939 2492 2492.0 1
stats: {cpu,"os_mon@myserver"} 1 86.37295081967213 0.0 86.37295081967213 20.609137055837564 33.17237236587187 2
stats: session 1232 2878.0506431282342 1265.4371419042257 5075.076904296875 10.27197265625 148.3365621129937 1943
stats: users_count 2493 4593
stats: finish_users_count 1232 3175
stats: request 15872 374.9690446699807 207.4307830780553 1895.754150390625 0.31396484375 16.431657033611845 20012
stats: page 1223 2844.9918688994767 1259.1307139425726 5073.128173828125 8.56591796875 144.77570606778912 1938
stats: connect 2468 0.9251721844294473 0.20989410755830457 3.47119140625 0.468017578125 0.9826189890168309 2087
stats: 200 15872 35884
stats: size_rcv 1873997 4623317
stats: newphase 6 12
stats: size_sent 2273679 4949914
stats: connected 1245 1394
# stats: dump at 1338921474
stats: users 3238 3238
stats: {load,"os_mon@test2"} 1 0.390625 0.0 0.640625 0.390625 0.55078125 3
stats: {freemem,"os_mon@test2"} 1 1480.83984375 0.0 1495.29296875 1480.83984375 1491.5546875 3
stats: {recvpackets,"os_mon@test3"} 1 10024.0 0.0 10024 3653 5386.5 2
stats: {sentpackets,"os_mon@test3"} 1 6849.0 0.0 6849 2494 3697.5 2
stats: {cpu,"os_mon@test3"} 1 24.15 0.0 24.15 3.229061553985873 9.777368881422063 3
stats: {load,"os_mon@test4"} 1 1.33984375 0.0 1.98046875 1.33984375 1.7369791666666667 3
stats: {freemem,"os_mon@test4"} 1 1402.796875 0.0 1417.61328125 1402.796875 1414.4205729166667 3
stats: {freemem,"os_mon@myserver"} 1 2912.44921875 0.0 2935.828125 2912.44921875 2934.7239583333335 3
stats: {recvpackets,"os_mon@test2"} 1 9962.0 0.0 9962 3590 5345.0 2
stats: {sentpackets,"os_mon@test2"} 1 6.8e3 0.0 6800 2456 3673.0 2
stats: {cpu,"os_mon@test2"} 1 20.696419813634133 0.0 20.696419813634133 2.8240040342914776 7.241345583371223 3
stats: {load,"os_mon@test3"} 1 0.5390625 0.0 0.6796875 0.5390625 0.6263020833333334 3
stats: {freemem,"os_mon@test3"} 1 1447.1484375 0.0 1463.359375 1447.1484375 1459.23828125 3
stats: {recvpackets,"os_mon@test4"} 1 10013.0 0.0 10013 3651 5385.5 2
stats: {sentpackets,"os_mon@test4"} 1 6837.0 0.0 6837 2495 3698.5 2
stats: {cpu,"os_mon@test4"} 1 21.710855427713856 0.0 21.710855427713856 2.774974772956609 8.014257686600777 3
stats: {load,"os_mon@myserver"} 1 0.75 0.0 0.75 0.58984375 0.6458333333333334 3
stats: {recvpackets,"os_mon@myserver"} 1 10039.0 0.0 10039 3644 5409.5 2
stats: {sentpackets,"os_mon@myserver"} 1 6855.0 0.0 6855 2492 3715.5 2
stats: {cpu,"os_mon@myserver"} 1 100.0 0.0 100.0 20.609137055837564 50.90589851713863 3
stats: session 1658 7003.142674721054 1387.215043626868 9036.587158203125 10.27197265625 1207.5516007935532 3175
stats: users_count 3478 8071
stats: finish_users_count 1658 4833
stats: request 15451 927.3166293595484 1292.7398431185513 7232.75 0.31396484375 175.0178073112968 35884
stats: page 1652 6959.258353836027 1386.052479168123 9026.704833984375 8.56591796875 1189.4971129463574 3161
stats: connect 3084 23.2344024697785 147.66709729034514 1004.84716796875 0.401123046875 0.9514930364983538 4555
stats: 200 15451 51335
stats: size_rcv 1765574 6388891
stats: newphase 6 18
stats: size_sent 2239361 7189275
stats: connected 1432 2826
# stats: dump at 1338921484
stats: users 4639 4721
stats: {load,"os_mon@test2"} 1 0.328125 0.0 0.640625 0.328125 0.5107421875 4
stats: {freemem,"os_mon@test2"} 1 1476.52734375 0.0 1495.29296875 1476.52734375 1488.8759765625 4
stats: {recvpackets,"os_mon@test3"} 1 13012.0 0.0 13012 3653 6932.333333333333 3
stats: {sentpackets,"os_mon@test3"} 1 8632.0 0.0 8632 2494 4748.0 3
stats: {cpu,"os_mon@test3"} 1 24.962025316455698 0.0 24.962025316455698 3.229061553985873 13.370526661066547 4
stats: {load,"os_mon@test4"} 1 1.19921875 0.0 1.98046875 1.19921875 1.6376953125 4
stats: {freemem,"os_mon@test4"} 1 1402.8203125 0.0 1417.61328125 1402.796875 1411.5146484375 4
stats: {freemem,"os_mon@myserver"} 1 2908.3671875 0.0 2935.828125 2908.3671875 2929.1552734375 4
stats: {recvpackets,"os_mon@test2"} 1 13015.0 0.0 13015 3590 6884.0 3
stats: {sentpackets,"os_mon@test2"} 1 8640.0 0.0 8640 2456 4715.333333333333 3
stats: {cpu,"os_mon@test2"} 1 24.962779156327546 0.0 24.962779156327546 2.8240040342914776 10.605114140936951 4
stats: {load,"os_mon@test3"} 1 0.4609375 0.0 0.6796875 0.4609375 0.6044921875 4
stats: {freemem,"os_mon@test3"} 1 1451.22265625 0.0 1463.359375 1447.1484375 1456.2158203125 4
stats: {recvpackets,"os_mon@test4"} 1 1.3e4 0.0 13000 3651 6928.0 3
stats: {sentpackets,"os_mon@test4"} 1 8622.0 0.0 8622 2495 4744.666666666667 3
stats: {cpu,"os_mon@test4"} 1 25.349301397205586 0.0 25.349301397205586 2.774974772956609 11.438407121879045 4
stats: {load,"os_mon@myserver"} 1 0.7890625 0.0 0.7890625 0.58984375 0.671875 4
stats: {recvpackets,"os_mon@myserver"} 1 13048.0 0.0 13048 3644 6952.666666666667 3
stats: {sentpackets,"os_mon@myserver"} 1 8656.0 0.0 8656 2492 4762.0 3
stats: {cpu,"os_mon@myserver"} 1 100.0 0.0 100.0 20.609137055837564 63.17942388785397 4
stats: session 1437 12068.65909372008 1465.1744839921419 14801.240966796875 10.27197265625 3195.7763060639436 4833
stats: users_count 2838 10909
stats: finish_users_count 1437 6270
stats: 200 15090 66425
stats: request 15090 1440.1389846629866 2738.4399575566654 12595.55908203125 0.31396484375 401.44751607661357 51335
stats: page 1406 11927.916361867115 1435.1995946020957 14761.0869140625 8.56591796875 3169.893034398619 4813
stats: connect 1495 2157.4823787625387 2453.168006995726 7024.98291015625 0.401123046875 9.947499410661985 7639
stats: size_rcv 1818202 8207093
stats: newphase 6 24
stats: size_sent 2011398 9200673
stats: connected 89 2915
# stats: dump at 1338921494
stats: users 5795 5795
stats: {load,"os_mon@test2"} 1 0.3515625 0.0 0.640625 0.328125 0.47421875 5
stats: {freemem,"os_mon@test2"} 1 1470.2421875 0.0 1495.29296875 1470.2421875 1486.40625 5
stats: {recvpackets,"os_mon@test3"} 1 10256.0 0.0 13012 3653 8452.25 4
stats: {sentpackets,"os_mon@test3"} 1 7158.0 0.0 8632 2494 5719.0 4
stats: {cpu,"os_mon@test3"} 1 28.53470437017995 0.0 28.53470437017995 3.229061553985873 15.688826392144378 5
stats: {load,"os_mon@test4"} 1 1.01953125 0.0 1.98046875 1.01953125 1.55 5
stats: {freemem,"os_mon@test4"} 1 1380.0703125 0.0 1417.61328125 1380.0703125 1409.77578125 5
stats: {freemem,"os_mon@myserver"} 1 2908.6953125 0.0 2935.828125 2908.3671875 2924.99765625 5
stats: {recvpackets,"os_mon@test2"} 1 10143.0 0.0 13015 3590 8416.75 4
stats: {sentpackets,"os_mon@test2"} 1 7061.0 0.0 8640 2456 5696.5 4
stats: {cpu,"os_mon@test2"} 1 19.25925925925926 0.0 24.962779156327546 2.8240040342914776 13.47664714401507 5
stats: {load,"os_mon@test3"} 1 0.390625 0.0 0.6796875 0.390625 0.57578125 5
stats: {freemem,"os_mon@test3"} 1 1409.96484375 0.0 1463.359375 1409.96484375 1455.2171875 5
stats: {recvpackets,"os_mon@test4"} 1 10228.0 0.0 13000 3651 8446.0 4
stats: {sentpackets,"os_mon@test4"} 1 7139.0 0.0 8622 2495 5714.0 4
stats: {cpu,"os_mon@test4"} 1 24.064711830131447 0.0 25.349301397205586 2.774974772956609 14.220585976944353 5
stats: {load,"os_mon@myserver"} 1 0.8203125 0.0 0.8203125 0.58984375 0.6953125 5
stats: {recvpackets,"os_mon@myserver"} 1 10275.0 0.0 13048 3644 8476.5 4
stats: {sentpackets,"os_mon@myserver"} 1 7179.0 0.0 8656 2492 5735.5 4
stats: {cpu,"os_mon@myserver"} 1 100.0 0.0 100.0 20.609137055837564 70.54353911028318 5
stats: session 1650 17362.32267578127 1627.3154243386496 22009.7890625 10.27197265625 5229.3221698377665 6270
stats: users_count 2806 13715
stats: finish_users_count 1650 7920
stats: 200 15423 81848
stats: request 15422 1957.589372993306 4241.707351296918 20392.998046875 0.31396484375 637.4106965202473 66425
stats: page 1650 17202.96888953012 1614.2832192034261 22008.52392578125 8.56591796875 5149.918890391657 6219
stats: connect 1670 3440.920417465847 4820.389959228748 15052.90283203125 0.401123046875 361.4435191863414 9134
stats: size_rcv 1862865 10069958
stats: newphase 6 30
stats: size_sent 2049377 11250050
stats: connected 20 2935
# stats: dump at 1338921504
stats: users 7290 7391
stats: {load,"os_mon@test2"} 1 0.37890625 0.0 0.640625 0.328125 0.4537760416666667 6
stats: {freemem,"os_mon@test2"} 1 1444.6640625 0.0 1495.29296875 1444.6640625 1483.7122395833333 6
stats: {recvpackets,"os_mon@test3"} 1 12255.0 0.0 13012 3653 8813.0 5
stats: {sentpackets,"os_mon@test3"} 1 8794.0 0.0 8794 2494 6006.8 5
stats: {cpu,"os_mon@test3"} 1 25.96685082872928 0.0 28.53470437017995 3.229061553985873 17.829806055150307 6
stats: {load,"os_mon@test4"} 1 1.01953125 0.0 1.98046875 1.01953125 1.4615885416666667 6
stats: {freemem,"os_mon@test4"} 1 1348.08203125 0.0 1417.61328125 1348.08203125 1404.8248697916667 6
stats: {freemem,"os_mon@myserver"} 1 2909.328125 0.0 2935.828125 2908.3671875 2922.2805989583335 6
stats: {recvpackets,"os_mon@test2"} 1 12228.0 0.0 13015 3590 8762.0 5
stats: {sentpackets,"os_mon@test2"} 1 8774.0 0.0 8774 2456 5969.4 5
stats: {cpu,"os_mon@test2"} 1 25.26368658965344 0.0 25.26368658965344 2.8240040342914776 14.4404158298891 6
stats: {load,"os_mon@test3"} 1 0.41015625 0.0 0.6796875 0.390625 0.544921875 6
stats: {freemem,"os_mon@test3"} 1 1376.9140625 0.0 1463.359375 1376.9140625 1447.6751302083333 6
stats: {recvpackets,"os_mon@test4"} 1 12247.0 0.0 13000 3651 8802.4 5
stats: {sentpackets,"os_mon@test4"} 1 8786.0 0.0 8786 2495 5999.0 5
stats: {cpu,"os_mon@test4"} 1 26.007139214686386 0.0 26.007139214686386 2.774974772956609 15.861273619142201 6
stats: {load,"os_mon@myserver"} 1 0.8515625 0.0 0.8515625 0.58984375 0.7161458333333334 6
stats: {recvpackets,"os_mon@myserver"} 1 12247.0 0.0 13048 3644 8836.2 5
stats: {sentpackets,"os_mon@myserver"} 1 8777.0 0.0 8777 2492 6024.2 5
stats: {cpu,"os_mon@myserver"} 1 100.0 0.0 100.0 20.609137055837564 75.45294925856932 6
stats: session 1455 21204.75173633487 2471.7179901420072 27564.882080078125 10.27197265625 7757.030608575996 7920
stats: users_count 2950 16665
stats: finish_users_count 1455 9375
stats: request 15381 2114.9006590511412 4908.077783972476 29391.6630859375 0.31396484375 886.165025311376 81847
stats: page 1455 21135.635232092995 2447.527259575411 27562.931884765625 8.56591796875 7677.245424713486 7869
stats: connect 1414 4290.865152189048 5493.641665499487 31068.4140625 0.401123046875 837.4455943554246 10804
stats: 200 15381 97229
stats: size_rcv 1863197 11933155
stats: newphase 4 34
stats: size_sent 2037820 13287870
stats: connected -41 2894
# stats: dump at 1338921514
stats: users 8554 8554
stats: {load,"os_mon@test2"} 1 0.3984375 0.0 0.640625 0.328125 0.44308035714285715 7
stats: {freemem,"os_mon@test2"} 1 1399.12890625 0.0 1495.29296875 1399.12890625 1478.1339285714287 7
stats: {recvpackets,"os_mon@test3"} 1 12051.0 0.0 13012 3653 9386.666666666666 6
stats: {sentpackets,"os_mon@test3"} 1 8630.0 0.0 8794 2494 6471.333333333333 6
stats: {cpu,"os_mon@test3"} 1 29.709035222052066 0.0 29.709035222052066 3.229061553985873 18.992241022804446 7
stats: {load,"os_mon@test4"} 1 0.859375 0.0 1.98046875 0.859375 1.3984375 7
stats: {freemem,"os_mon@test4"} 1 1333.1484375 0.0 1417.61328125 1333.1484375 1396.71875 7
stats: {freemem,"os_mon@myserver"} 1 2909.70703125 0.0 2935.828125 2908.3671875 2920.430245535714 7
stats: {recvpackets,"os_mon@test2"} 1 12270.0 0.0 13015 3590 9339.666666666666 6
stats: {sentpackets,"os_mon@test2"} 1 8779.0 0.0 8779 2456 6436.833333333333 6
stats: {cpu,"os_mon@test2"} 1 25.153374233128833 0.0 25.26368658965344 2.8240040342914776 15.986597366998293 7
stats: {load,"os_mon@test3"} 1 0.33984375 0.0 0.6796875 0.33984375 0.5256696428571429 7
stats: {freemem,"os_mon@test3"} 1 1336.875 0.0 1463.359375 1336.875 1437.56640625 7
stats: {recvpackets,"os_mon@test4"} 1 12062.0 0.0 13000 3651 9376.5 6
stats: {sentpackets,"os_mon@test4"} 1 8640.0 0.0 8786 2495 6463.5 6
stats: {cpu,"os_mon@test4"} 1 19.75745325922183 0.0 26.007139214686386 2.774974772956609 17.31068298993423 7
stats: {load,"os_mon@myserver"} 1 0.87109375 0.0 0.87109375 0.58984375 0.7354910714285714 7
stats: {recvpackets,"os_mon@myserver"} 1 12038.0 0.0 13048 3644 9404.666666666666 6
stats: {sentpackets,"os_mon@myserver"} 1 8656.0 0.0 8777 2492 6483.0 6
stats: {cpu,"os_mon@myserver"} 1 100.0 0.0 100.0 20.609137055837564 78.95967079305942 7
stats: session 1606 22197.912566188566 4987.833696711666 40328.553955078125 10.27197265625 9844.116927604173 9375
stats: users_count 2870 19535
stats: finish_users_count 1606 10981
stats: 200 15574 112803
stats: request 15574 2376.8993043763708 5666.289906083562 35520.203857421875 0.31396484375 1080.5450679179432 97228
stats: page 1623 22215.895568133154 4970.249710367484 40326.536865234375 8.56591796875 9777.412431334806 9324
stats: connect 1695 6220.917591664351 9073.002583998215 31099.041015625 0.401123046875 1237.1129093641612 12218
stats: size_rcv 1784208 13717363
stats: newphase 5 39
stats: size_sent 2076978 15364848
stats: connected 72 2966
# stats: dump at 1338921524
stats: users 10371 10447
stats: {load,"os_mon@test2"} 1 0.421875 0.0 0.640625 0.328125 0.4375 8
stats: {freemem,"os_mon@test2"} 1 1375.62109375 0.0 1495.29296875 1375.62109375 1468.25830078125 8
stats: {recvpackets,"os_mon@test3"} 1 12829.0 0.0 13012 3653 9767.285714285714 7
stats: {sentpackets,"os_mon@test3"} 1 9360.0 0.0 9360 2494 6779.714285714285 7
stats: {cpu,"os_mon@test3"} 1 28.6734693877551 0.0 29.709035222052066 3.229061553985873 20.3318402977104 8
stats: {load,"os_mon@test4"} 1 0.73046875 0.0 1.98046875 0.73046875 1.3310546875 8
stats: {freemem,"os_mon@test4"} 1 1288.26171875 0.0 1417.61328125 1288.26171875 1388.7724609375 8
stats: {freemem,"os_mon@myserver"} 1 2912.59765625 0.0 2935.828125 2908.3671875 2919.08984375 8
stats: {recvpackets,"os_mon@test2"} 1 12787.0 0.0 13015 3590 9758.285714285714 7
stats: {sentpackets,"os_mon@test2"} 1 9320.0 0.0 9320 2456 6771.428571428572 7
stats: {cpu,"os_mon@test2"} 1 23.892483822797413 0.0 25.26368658965344 2.8240040342914776 17.13244447526461 8
stats: {load,"os_mon@test3"} 1 0.2890625 0.0 0.6796875 0.2890625 0.50244140625 8
stats: {freemem,"os_mon@test3"} 1 1285.89453125 0.0 1463.359375 1285.89453125 1424.97998046875 8
stats: {recvpackets,"os_mon@test4"} 1 12832.0 0.0 13000 3651 9760.142857142857 7
stats: {sentpackets,"os_mon@test4"} 1 9363.0 0.0 9363 2495 6774.428571428572 7
stats: {cpu,"os_mon@test4"} 1 28.166838311019564 0.0 28.166838311019564 2.774974772956609 17.616529273595177 8
stats: {load,"os_mon@myserver"} 1 0.890625 0.0 0.890625 0.58984375 0.75244140625 8
stats: {recvpackets,"os_mon@myserver"} 1 12730.0 0.0 13048 3644 9780.857142857143 7
stats: {sentpackets,"os_mon@myserver"} 1 9261.0 0.0 9261 2492 6793.428571428572 7
stats: {cpu,"os_mon@myserver"} 1 100.0 0.0 100.0 20.609137055837564 81.58971194392699 8
stats: session 1515 23480.246662766862 6629.28085030155 49691.173828125 10.27197265625 11650.8918839439 10981
stats: users_count 3332 22867
stats: finish_users_count 1515 12496
stats: page 1477 23087.372265195285 5904.278475483027 49659.904052734375 8.56591796875 11621.53941873078 10947
stats: request 15670 2430.946408686722 6591.678779539517 47916.213134765625 0.31396484375 1259.5261221421908 112802
stats: 200 15670 128473
stats: connect 1427 5246.51770164955 8278.373126585477 31099.041015625 0.401123046875 1844.2823865796302 13913
stats: size_rcv 1727115 15444478
stats: newphase 5 44
stats: size_sent 2075388 17440236
stats: connected -50 2916
# stats: dump at 1338921534
stats: users 11472 11472
stats: {load,"os_mon@test2"} 1 0.4296875 0.0 0.640625 0.328125 0.4357638888888889 9
stats: {freemem,"os_mon@test2"} 1 1326.203125 0.0 1495.29296875 1326.203125 1457.9652777777778 9
stats: {recvpackets,"os_mon@test3"} 1 14355.0 0.0 14355 3653 10150.0 8
stats: {sentpackets,"os_mon@test3"} 1 10318.0 0.0 10318 2494 7102.25 8
stats: {cpu,"os_mon@test3"} 1 27.140633108458744 0.0 29.709035222052066 3.229061553985873 21.25868797438203 9
stats: {load,"os_mon@test4"} 1 0.69921875 0.0 1.98046875 0.69921875 1.2643229166666667 9
stats: {freemem,"os_mon@test4"} 1 1253.53125 0.0 1417.61328125 1253.53125 1377.6046006944443 9
stats: {freemem,"os_mon@myserver"} 1 2915.55078125 0.0 2935.828125 2908.3671875 2918.3684895833335 9
stats: {recvpackets,"os_mon@test2"} 1 14219.0 0.0 14219 3590 10136.875 8
stats: {sentpackets,"os_mon@test2"} 1 10240.0 0.0 10240 2456 7090.0 8
stats: {cpu,"os_mon@test2"} 1 28.49162011173184 0.0 28.49162011173184 2.8240040342914776 17.883559958323808 9
stats: {load,"os_mon@test3"} 1 0.41015625 0.0 0.6796875 0.2890625 0.4787326388888889 9
stats: {freemem,"os_mon@test3"} 1 1250.296875 0.0 1463.359375 1250.296875 1409.5260416666667 9
stats: {recvpackets,"os_mon@test4"} 1 14337.0 0.0 14337 3651 10144.125 8
stats: {sentpackets,"os_mon@test4"} 1 10305.0 0.0 10305 2495 7098.0 8
stats: {cpu,"os_mon@test4"} 1 24.793388429752067 0.0 28.166838311019564 2.774974772956609 18.788785833309 9
stats: {load,"os_mon@myserver"} 1 0.91015625 0.0 0.91015625 0.58984375 0.7677951388888888 9
stats: {recvpackets,"os_mon@myserver"} 1 14497.0 0.0 14497 3644 10149.5 8
stats: {sentpackets,"os_mon@myserver"} 1 10420.0 0.0 10420 2492 7101.875 8
stats: {cpu,"os_mon@myserver"} 1 100.0 0.0 100.0 20.609137055837564 83.63529950571288 9
stats: session 1557 24375.57356739473 8857.695228385242 52690.116943359375 10.27197265625 13085.068619692682 12496
stats: users_count 2658 25525
stats: finish_users_count 1557 14053
stats: request 15347 2399.2478935692816 5869.179862048294 47916.213134765625 0.31396484375 1402.4067178373834 128472
stats: page 1595 24662.940731840237 9211.8875468091 52688.05712890625 8.56591796875 12984.629817493502 12424
stats: connect 1658 6727.194404703285 9778.20948835557 31099.3740234375 0.401123046875 2160.7745505043226 15340
stats: 200 15346 143819
stats: size_rcv 1781483 17225961
stats: newphase 5 49
stats: size_sent 2046166 19486402
stats: connected 63 2979
# stats: dump at 1338921544
stats: users 13138 13193
stats: {load,"os_mon@test2"} 1 0.6015625 0.0 0.640625 0.328125 0.43515625 10
stats: {freemem,"os_mon@test2"} 1 1274.87890625 0.0 1495.29296875 1274.87890625 1444.7890625 10
stats: {recvpackets,"os_mon@test3"} 1 12687.0 0.0 14355 3653 10617.222222222223 9
stats: {sentpackets,"os_mon@test3"} 1 9475.0 0.0 10318 2494 7459.555555555556 9
stats: {cpu,"os_mon@test3"} 1 23.642820903094876 0.0 29.709035222052066 3.229061553985873 21.846882487789703 10
stats: {load,"os_mon@test4"} 1 0.8203125 0.0 1.98046875 0.69921875 1.2078125 10
stats: {freemem,"os_mon@test4"} 1 1217.22265625 0.0 1417.61328125 1217.22265625 1365.197265625 10
stats: {freemem,"os_mon@myserver"} 1 2915.01171875 0.0 2935.828125 2908.3671875 2918.08671875 10
stats: {recvpackets,"os_mon@test2"} 1 1.28e4 0.0 14219 3590 10590.444444444445 9
stats: {sentpackets,"os_mon@test2"} 1 9582.0 0.0 10240 2456 7440.0 9
stats: {cpu,"os_mon@test2"} 1 28.463855421686745 0.0 28.49162011173184 2.8240040342914776 18.94436597366461 10
stats: {load,"os_mon@test3"} 1 0.48828125 0.0 0.6796875 0.2890625 0.471875 10
stats: {freemem,"os_mon@test3"} 1 1217.078125 0.0 1463.359375 1217.078125 1393.603125 10
stats: {recvpackets,"os_mon@test4"} 1 12699.0 0.0 14337 3651 10610.0 9
stats: {sentpackets,"os_mon@test4"} 1 9485.0 0.0 10305 2495 7454.333333333333 9
stats: {cpu,"os_mon@test4"} 1 24.52636968766001 0.0 28.166838311019564 2.774974772956609 19.389246092953307 10
stats: {load,"os_mon@myserver"} 1 0.921875 0.0 0.921875 0.58984375 0.78203125 10
stats: {recvpackets,"os_mon@myserver"} 1 12534.0 0.0 14497 3644 10632.555555555555 9
stats: {sentpackets,"os_mon@myserver"} 1 9364.0 0.0 10420 2492 7470.555555555556 9
stats: {cpu,"os_mon@myserver"} 1 100.0 0.0 100.0 20.609137055837564 85.27176955514159 10
stats: session 1584 23983.71953821664 8522.3034716651 52690.116943359375 10.27197265625 14335.998400064993 14053
stats: users_count 3250 28775
stats: finish_users_count 1584 15637
stats: request 15572 2392.4151050989876 6520.810352340577 47916.213134765625 0.31396484375 1508.7801561449608 143819
stats: page 1570 24075.753185024347 8566.504457508838 52688.05712890625 8.56591796875 14313.319874443574 14019
stats: connect 1487 7292.667042427604 9127.28999148236 31099.3740234375 0.401123046875 2606.1871942425205 16998
stats: 200 15571 159390
stats: size_rcv 1786884 19012845
stats: newphase 6 55
stats: size_sent 2051030 21537432
stats: connected -84 2895
stats: error_connect_etimedout 568 568
# stats: dump at 1338921554
stats: users 14840 14849
stats: {load,"os_mon@test2"} 1 0.578125 0.0 0.640625 0.328125 0.4502840909090909 11
stats: {freemem,"os_mon@test2"} 1 1258.69140625 0.0 1495.29296875 1258.69140625 1429.342684659091 11
stats: {recvpackets,"os_mon@test3"} 1 14843.0 0.0 14843 3653 10824.2 10
stats: {sentpackets,"os_mon@test3"} 1 10998.0 0.0 10998 2494 7661.1 10
stats: {cpu,"os_mon@test3"} 1 32.1483771251932 0.0 32.1483771251932 3.229061553985873 22.01014961645381 11
stats: {load,"os_mon@test4"} 1 0.69921875 0.0 1.98046875 0.69921875 1.1725852272727273 11
stats: {freemem,"os_mon@test4"} 1 1168.00390625 0.0 1417.61328125 1168.00390625 1351.745028409091 11
stats: {freemem,"os_mon@myserver"} 1 2914.96875 0.0 2935.828125 2908.3671875 2917.8071732954545 11
stats: {recvpackets,"os_mon@test2"} 1 14856.0 0.0 14856 3590 10811.4 10
stats: {sentpackets,"os_mon@test2"} 1 10934.0 0.0 10934 2456 7654.2 10
stats: {cpu,"os_mon@test2"} 1 24.01397903145282 0.0 28.49162011173184 2.8240040342914776 19.809774105302985 11
stats: {load,"os_mon@test3"} 1 0.421875 0.0 0.6796875 0.2890625 0.4733664772727273 11
stats: {freemem,"os_mon@test3"} 1 1161.30859375 0.0 1463.359375 1161.30859375 1377.5553977272727 11
stats: {recvpackets,"os_mon@test4"} 1 14778.0 0.0 14778 3651 10818.9 10
stats: {sentpackets,"os_mon@test4"} 1 10905.0 0.0 10905 2495 7657.4 10
stats: {cpu,"os_mon@test4"} 1 28.337595907928385 0.0 28.337595907928385 2.774974772956609 19.856257328835735 11
stats: {load,"os_mon@myserver"} 1 0.9296875 0.0 0.9296875 0.58984375 0.7947443181818182 11
stats: {recvpackets,"os_mon@myserver"} 1 14917.0 0.0 14917 3644 10822.7 10
stats: {sentpackets,"os_mon@myserver"} 1 11104.0 0.0 11104 2492 7659.9 10
stats: {cpu,"os_mon@myserver"} 1 100.0 0.0 100.0 20.609137055837564 86.61069959558326 11
stats: session 1488 25548.027675177458 9684.183053678144 52690.116943359375 10.27197265625 15313.295214212989 15637
stats: users_count 3190 31965
stats: finish_users_count 1488 17125
stats: page 1525 25420.47071817363 9607.965882297021 52688.05712890625 8.56591796875 15296.51445380157 15589
stats: request 15498 2660.267216293406 6922.362116895946 54753.2939453125 0.31396484375 1595.1085148672983 159391
stats: connect 1624 4114.606239356428 6389.84825710962 31099.3740234375 0.401123046875 2983.1845182485367 18485
stats: 200 15496 174886
stats: size_rcv 1728152 20740997
stats: newphase 6 61
stats: size_sent 2075459 23612891
stats: connected 97 2992
stats: error_connect_etimedout 1104 1672
# stats: dump at 1338921564
stats: users 16659 16752
stats: {load,"os_mon@test2"} 1 0.5703125 0.0 0.640625 0.328125 0.4609375 12
stats: {freemem,"os_mon@test2"} 1 1205.9453125 0.0 1495.29296875 1205.9453125 1415.1217447916667 12
stats: {recvpackets,"os_mon@test3"} 1 15972.0 0.0 15972 3653 11189.545454545454 11
stats: {sentpackets,"os_mon@test3"} 1 11827.0 0.0 11827 2494 7964.454545454545 11
stats: {cpu,"os_mon@test3"} 1 27.919045147898284 0.0 32.1483771251932 3.229061553985873 22.85500190884876 12
stats: {load,"os_mon@test4"} 1 0.73828125 0.0 1.98046875 0.69921875 1.1331380208333333 12
stats: {freemem,"os_mon@test4"} 1 1123.74609375 0.0 1417.61328125 1123.74609375 1336.4332682291667 12
stats: {freemem,"os_mon@myserver"} 1 2914.43359375 0.0 2935.828125 2908.3671875 2917.5706380208335 12
stats: {recvpackets,"os_mon@test2"} 1 15763.0 0.0 15763 3590 11179.09090909091 11
stats: {sentpackets,"os_mon@test2"} 1 11737.0 0.0 11737 2456 7952.363636363636 11
stats: {cpu,"os_mon@test2"} 1 30.313765182186238 0.0 30.313765182186238 2.8240040342914776 20.160124515815472 12
stats: {load,"os_mon@test3"} 1 0.4296875 0.0 0.6796875 0.2890625 0.4690755208333333 12
stats: {freemem,"os_mon@test3"} 1 1120.09375 0.0 1463.359375 1120.09375 1359.5348307291667 12
stats: {recvpackets,"os_mon@test4"} 1 15947.0 0.0 15947 3651 11178.818181818182 11
stats: {sentpackets,"os_mon@test4"} 1 11855.0 0.0 11855 2495 7952.636363636364 11
stats: {cpu,"os_mon@test4"} 1 30.670762928827443 0.0 30.670762928827443 2.774974772956609 20.563035543760122 12
stats: {load,"os_mon@myserver"} 1 0.94921875 0.0 0.94921875 0.58984375 0.8059895833333334 12
stats: {recvpackets,"os_mon@myserver"} 1 16054.0 0.0 16054 3644 11194.90909090909 11
stats: {sentpackets,"os_mon@myserver"} 1 11827.0 0.0 11827 2492 7973.0 11
stats: {cpu,"os_mon@myserver"} 1 100.0 0.0 100.0 20.609137055837564 87.72647462928465 12
stats: session 1683 25461.144487876216 9195.44172686151 91539.78588867188 10.27197265625 16202.596347171537 17125
stats: users_count 3502 35467
stats: finish_users_count 1683 18808
stats: request 15689 2277.5887923222767 6036.825638784036 54753.2939453125 0.31396484375 1689.4988399003296 174889
stats: page 1616 25573.35262200383 9160.507623654043 65580.96997070313 8.56591796875 16198.643313399993 17114
stats: connect 1523 4995.427743993139 7860.054938466839 31099.3740234375 0.401123046875 3074.557976654187 20109
stats: 200 15689 190575
stats: size_rcv 1783553 22524550
stats: newphase 5 66
stats: size_sent 2071268 25684159
stats: connected -93 2899
stats: error_connect_etimedout 1447 3119
# stats: dump at 1338921574
stats: users 19395 19395
stats: {load,"os_mon@test2"} 1 0.71875 0.0 0.71875 0.328125 0.46935096153846156 13
stats: {freemem,"os_mon@test2"} 1 1165.1171875 0.0 1495.29296875 1165.1171875 1399.03125 13
stats: {recvpackets,"os_mon@test3"} 1 17876.0 0.0 17876 3653 11588.083333333334 12
stats: {sentpackets,"os_mon@test3"} 1 13182.0 0.0 13182 2494 8286.333333333334 12
stats: {cpu,"os_mon@test3"} 1 35.908141962421716 0.0 35.908141962421716 3.229061553985873 23.24454369646795 13
stats: {load,"os_mon@test4"} 1 0.69921875 0.0 1.98046875 0.69921875 1.1027644230769231 13
stats: {freemem,"os_mon@test4"} 1 1080.3828125 0.0 1417.61328125 1080.3828125 1320.0727163461538 13
stats: {freemem,"os_mon@myserver"} 1 2914.3515625 0.0 2935.828125 2908.3671875 2917.329326923077 13
stats: {recvpackets,"os_mon@test2"} 1 18054.0 0.0 18054 3590 11561.083333333334 12
stats: {sentpackets,"os_mon@test2"} 1 13267.0 0.0 13267 2456 8267.75 12
stats: {cpu,"os_mon@test2"} 1 27.151639344262296 0.0 30.313765182186238 2.8240040342914776 20.94117379784399 13
stats: {load,"os_mon@test3"} 1 0.44921875 0.0 0.6796875 0.2890625 0.4660456730769231 13
stats: {freemem,"os_mon@test3"} 1 1057.44140625 0.0 1463.359375 1057.44140625 1341.1162860576924 13
stats: {recvpackets,"os_mon@test4"} 1 17942.0 0.0 17942 3651 11576.166666666666 12
stats: {sentpackets,"os_mon@test4"} 1 13221.0 0.0 13221 2495 8277.833333333334 12
stats: {cpu,"os_mon@test4"} 1 30.497180932854945 0.0 30.670762928827443 2.774974772956609 21.340553034919147 13
stats: {load,"os_mon@myserver"} 1 0.94921875 0.0 0.94921875 0.58984375 0.8170072115384616 13
stats: {recvpackets,"os_mon@myserver"} 1 17726.0 0.0 17726 3644 11599.833333333334 12
stats: {sentpackets,"os_mon@myserver"} 1 13082.0 0.0 13082 2492 8294.166666666666 12
stats: {cpu,"os_mon@myserver"} 1 100.0 0.0 100.0 20.609137055837564 88.67059196549351 13
stats: session 1376 33764.88236662397 24680.720181412573 97588.22094726563 10.27197265625 17031.08084955382 18808
stats: users_count 4112 39579
stats: finish_users_count 1376 20184
stats: request 15440 2389.52524303378 5844.069433791891 54753.2939453125 0.31396484375 1737.9123150314986 190578
stats: page 1412 23301.553320692878 7053.559087296017 72517.748046875 8.56591796875 17007.481019897794 18730
stats: connect 1719 7625.053076086657 9724.340464263172 31099.3740234375 0.401123046875 3209.796727377986 21632
stats: 200 15411 205986
stats: size_rcv 1796120 24320670
stats: newphase 4 70
stats: size_sent 2076584 27760743
stats: connected 200 3099
stats: error_connect_etimedout 1020 4139
# stats: dump at 1338921584
stats: users 21028 21028
stats: {load,"os_mon@test2"} 1 1.421875 0.0 1.421875 0.328125 0.48716517857142855 14
stats: {freemem,"os_mon@test2"} 1 1124.171875 0.0 1495.29296875 1124.171875 1382.3231026785713 14
stats: {recvpackets,"os_mon@test3"} 1 17695.0 0.0 17876 3653 12071.76923076923 13
stats: {sentpackets,"os_mon@test3"} 1 13296.0 0.0 13296 2494 8662.923076923076 13
stats: {cpu,"os_mon@test3"} 1 35.483870967741936 0.0 35.908141962421716 3.229061553985873 24.149086429750362 14
stats: {load,"os_mon@test4"} 1 0.8203125 0.0 1.98046875 0.69921875 1.0739397321428572 14
stats: {freemem,"os_mon@test4"} 1 1030.21875 0.0 1417.61328125 1030.21875 1302.9520089285713 14
stats: {freemem,"os_mon@myserver"} 1 2914.3046875 0.0 2935.828125 2908.3671875 2917.116629464286 14
stats: {recvpackets,"os_mon@test2"} 1 17493.0 0.0 18054 3590 12060.538461538461 13
stats: {sentpackets,"os_mon@test2"} 1 13183.0 0.0 13267 2456 8652.307692307691 13
stats: {cpu,"os_mon@test2"} 1 25.321667524446735 0.0 30.313765182186238 2.8240040342914776 21.384778479731015 14
stats: {load,"os_mon@test3"} 1 0.53125 0.0 0.6796875 0.2890625 0.46484375 14
stats: {freemem,"os_mon@test3"} 1 990.97265625 0.0 1463.359375 990.97265625 1320.853794642857 14
stats: {recvpackets,"os_mon@test4"} 1 17553.0 0.0 17942 3651 12065.846153846154 13
stats: {sentpackets,"os_mon@test4"} 1 13197.0 0.0 13221 2495 8658.076923076924 13
stats: {cpu,"os_mon@test4"} 1 32.90289256198347 0.0 32.90289256198347 2.774974772956609 21.994597884771704 14
stats: {load,"os_mon@myserver"} 1 0.9609375 0.0 0.9609375 0.58984375 0.8264508928571429 14
stats: {recvpackets,"os_mon@myserver"} 1 17790.0 0.0 17790 3644 12071.076923076924 13
stats: {sentpackets,"os_mon@myserver"} 1 13353.0 0.0 13353 2492 8662.461538461539 13
stats: {cpu,"os_mon@myserver"} 1 100.0 0.0 100.0 20.609137055837564 89.4798353965297 14
stats: session 1584 39384.81738928581 30234.29485234074 106398.291015625 10.27197265625 18171.87112340878 20184
stats: users_count 3217 42796
stats: finish_users_count 1584 21768
stats: request 15172 2655.777606959068 6799.160522480326 54753.2939453125 0.31396484375 1786.7473857940302 206018
stats: page 1595 23860.04920573942 8865.583332758479 72517.748046875 8.56591796875 17448.709799995235 20142
stats: connect 1708 8022.554892332276 10039.217617584636 31099.3740234375 0.401123046875 3534.8288743280186 23351
stats: 200 15160 221146
stats: size_rcv 1687043 26007713
stats: newphase 4 74
stats: size_sent 2023378 29784121
stats: connected 78 3177
stats: error_connect_etimedout 1457 5596
# stats: dump at 1338921594
stats: users 23134 23134
stats: {load,"os_mon@test2"} 1 1.44140625 0.0 1.44140625 0.328125 0.5494791666666666 15
stats: {freemem,"os_mon@test2"} 1 1061.12109375 0.0 1495.29296875 1061.12109375 1365.1130208333334 15
stats: {recvpackets,"os_mon@test3"} 1 17425.0 0.0 17876 3653 12473.42857142857 14
stats: {sentpackets,"os_mon@test3"} 1 12977.0 0.0 13296 2494 8993.857142857141 14
stats: {cpu,"os_mon@test3"} 1 30.962343096234306 0.0 35.908141962421716 3.229061553985873 24.904738732283136 15
stats: {load,"os_mon@test4"} 1 0.69140625 0.0 1.98046875 0.69140625 1.05703125 15
stats: {freemem,"os_mon@test4"} 1 997.3671875 0.0 1417.61328125 997.3671875 1284.7697916666666 15
stats: {freemem,"os_mon@myserver"} 1 2913.71484375 0.0 2935.828125 2908.3671875 2916.929166666667 15
stats: {recvpackets,"os_mon@test2"} 1 17528.0 0.0 18054 3590 12448.57142857143 14
stats: {sentpackets,"os_mon@test2"} 1 13076.0 0.0 13267 2456 8975.92857142857 14
stats: {cpu,"os_mon@test2"} 1 32.6109391124871 0.0 32.6109391124871 2.8240040342914776 21.647237749378732 15
stats: {load,"os_mon@test3"} 1 0.44921875 0.0 0.6796875 0.2890625 0.46927083333333336 15
stats: {freemem,"os_mon@test3"} 1 946.92578125 0.0 1463.359375 946.92578125 1298.86171875 15
stats: {recvpackets,"os_mon@test4"} 1 17482.0 0.0 17942 3651 12457.785714285714 14
stats: {sentpackets,"os_mon@test4"} 1 13025.0 0.0 13221 2495 8982.285714285716 14
stats: {cpu,"os_mon@test4"} 1 25.690890481064482 0.0 32.90289256198347 2.774974772956609 22.721817529919157 15
stats: {load,"os_mon@myserver"} 1 0.96875 0.0 0.96875 0.58984375 0.8354166666666667 15
stats: {recvpackets,"os_mon@myserver"} 1 17580.0 0.0 17790 3644 12479.57142857143 14
stats: {sentpackets,"os_mon@myserver"} 1 13109.0 0.0 13353 2492 8997.5 14
stats: {cpu,"os_mon@myserver"} 1 100.0 0.0 100.0 20.609137055837564 90.18117970342772 15
stats: session 1586 49339.65642471601 32676.382433528437 119747.1259765625 10.27197265625 19715.4813257769 21768
stats: users_count 3692 46488
stats: finish_users_count 1586 23354
stats: request 15623 2767.3886631551327 7631.975717924115 117623.56884765625 0.31396484375 1846.3564391667683 221190
stats: page 1545 26081.645233490097 9752.046769626992 78279.54614257813 8.56591796875 17919.155875910124 21737
stats: connect 1716 9128.770554904897 10311.259953278004 31099.3740234375 0.401123046875 3840.708440102841 25059
stats: 200 15586 236732
stats: size_rcv 1762344 27770057
stats: newphase 5 79
stats: size_sent 2067201 31851322
stats: connected -18 3159
stats: error_connect_etimedout 1612 7208
# stats: dump at 1338921604
stats: users 25132 25192
stats: {load,"os_mon@test2"} 1 1.44921875 0.0 1.44921875 0.328125 0.605224609375 16
stats: {freemem,"os_mon@test2"} 1 1009.8671875 0.0 1495.29296875 1009.8671875 1346.113525390625 16
stats: {recvpackets,"os_mon@test3"} 1 18586.0 0.0 18586 3653 12803.533333333333 15
stats: {sentpackets,"os_mon@test3"} 1 14129.0 0.0 14129 2494 9259.399999999998 15
stats: {cpu,"os_mon@test3"} 1 33.52272727272727 0.0 35.908141962421716 3.229061553985873 25.283339005030083 16
stats: {load,"os_mon@test4"} 1 0.578125 0.0 1.98046875 0.578125 1.0341796875 16
stats: {freemem,"os_mon@test4"} 1 951.9375 0.0 1417.61328125 951.9375 1266.80712890625 16
stats: {freemem,"os_mon@myserver"} 1 2913.51953125 0.0 2935.828125 2908.3671875 2916.728271484375 16
stats: {recvpackets,"os_mon@test2"} 1 18404.0 0.0 18404 3590 12787.2 15
stats: {sentpackets,"os_mon@test2"} 1 13946.0 0.0 13946 2456 9249.266666666666 15
stats: {cpu,"os_mon@test2"} 1 31.300813008130078 0.0 32.6109391124871 2.8240040342914776 22.332469084573006 16
stats: {load,"os_mon@test3"} 1 0.6015625 0.0 0.6796875 0.2890625 0.468017578125 16
stats: {freemem,"os_mon@test3"} 1 888.8671875 0.0 1463.359375 888.8671875 1276.86572265625 16
stats: {recvpackets,"os_mon@test4"} 1 18509.0 0.0 18509 3651 12792.733333333334 15
stats: {sentpackets,"os_mon@test4"} 1 14072.0 0.0 14072 2495 9251.8 15
stats: {cpu,"os_mon@test4"} 1 30.34232365145228 0.0 32.90289256198347 2.774974772956609 22.907384589365737 16
stats: {load,"os_mon@myserver"} 1 0.96875 0.0 0.96875 0.58984375 0.84375 16
stats: {recvpackets,"os_mon@myserver"} 1 18633.0 0.0 18633 3644 12819.6 15
stats: {sentpackets,"os_mon@myserver"} 1 14215.0 0.0 14215 2492 9271.6 15
stats: {cpu,"os_mon@myserver"} 1 100.0 0.0 100.0 20.609137055837564 90.79485597196349 16
stats: session 1343 45183.47042571723 31646.50176664546 124139.88403320313 10.27197265625 21727.296933677793 23354
stats: users_count 3341 49829
stats: finish_users_count 1343 24697
stats: request 14740 2524.3726738731766 6854.097135180091 117623.56884765625 0.31396484375 1907.1186711192804 236813
stats: page 1351 27136.154512101857 11039.965130253519 86937.86596679688 8.56591796875 18460.820941517075 23282
stats: connect 1518 9197.473695858029 10612.774781892376 31099.3740234375 0.401123046875 4179.618415415644 26775
stats: 200 14733 251465
stats: size_rcv 1718376 29488433
stats: newphase 6 85
stats: size_sent 1978778 33830100
stats: connected 124 3283
stats: error_connect_etimedout 1707 8915
# stats: dump at 1338921614
stats: users 27248 27435
stats: {load,"os_mon@test2"} 1 1.23046875 0.0 1.44921875 0.328125 0.6548713235294118 17
stats: {freemem,"os_mon@test2"} 1 964.140625 0.0 1495.29296875 964.140625 1326.3343290441176 17
stats: {recvpackets,"os_mon@test3"} 1 16409.0 0.0 18586 3653 13164.9375 16
stats: {sentpackets,"os_mon@test3"} 1 12662.0 0.0 14129 2494 9563.749999999998 16
stats: {cpu,"os_mon@test3"} 1 33.575129533678755 0.0 35.908141962421716 3.229061553985873 25.768008903129918 17
stats: {load,"os_mon@test4"} 1 0.5703125 0.0 1.98046875 0.5703125 1.0073529411764706 17
stats: {freemem,"os_mon@test4"} 1 906.19140625 0.0 1417.61328125 906.19140625 1248.2853860294117 17
stats: {freemem,"os_mon@myserver"} 1 2913.23046875 0.0 2935.828125 2908.3671875 2916.5395220588234 17
stats: {recvpackets,"os_mon@test2"} 1 16522.0 0.0 18404 3590 13138.25 16
stats: {sentpackets,"os_mon@test2"} 1 12764.0 0.0 13946 2456 9542.8125 16
stats: {cpu,"os_mon@test2"} 1 30.0871348026653 0.0 32.6109391124871 2.8240040342914776 22.860018727135188 17
stats: {load,"os_mon@test3"} 1 0.671875 0.0 0.6796875 0.2890625 0.4758731617647059 17
stats: {freemem,"os_mon@test3"} 1 832.4609375 0.0 1463.359375 832.4609375 1254.0422794117646 17
stats: {recvpackets,"os_mon@test4"} 1 16590.0 0.0 18509 3651 13150.0 16
stats: {sentpackets,"os_mon@test4"} 1 12791.0 0.0 14072 2495 9553.0625 16
stats: {cpu,"os_mon@test4"} 1 24.780134505949302 0.0 32.90289256198347 2.774974772956609 23.344733945959064 17
stats: {load,"os_mon@myserver"} 1 0.98046875 0.0 0.98046875 0.58984375 0.8511029411764706 17
stats: {recvpackets,"os_mon@myserver"} 1 16645.0 0.0 18633 3644 13182.9375 16
stats: {sentpackets,"os_mon@myserver"} 1 12920.0 0.0 14215 2492 9580.5625 16
stats: {cpu,"os_mon@myserver"} 1 100.0 0.0 100.0 20.609137055837564 91.33633503243622 17
stats: session 1653 45171.38847027066 32656.88737167849 134573.43017578125 10.27197265625 23002.821936706867 24697
stats: users_count 3769 53598
stats: finish_users_count 1653 26350
stats: request 15796 3077.307128720775 8569.43689723254 117623.56884765625 0.31396484375 1943.287287675602 251553
stats: page 1670 28004.86801275379 10936.996935627438 134571.7958984375 8.56591796875 18936.620708247072 24633
stats: connect 1687 7097.716607003925 9493.31680074574 31099.3740234375 0.401123046875 4448.840637015034 28293
stats: 200 15788 267253
stats: size_rcv 1841413 31329846
stats: newphase 5 90
stats: size_sent 2079559 35909659
stats: connected -63 3220
stats: error_connect_etimedout 1805 10720
# stats: dump at 1338921624
stats: users 29999 30038
stats: {load,"os_mon@test2"} 1 1.19140625 0.0 1.44921875 0.328125 0.6868489583333334 18
stats: {freemem,"os_mon@test2"} 1 903.93359375 0.0 1495.29296875 903.93359375 1306.2124565972222 18
stats: {recvpackets,"os_mon@test3"} 1 21631.0 0.0 21631 3653 13355.764705882353 17
stats: {sentpackets,"os_mon@test3"} 1 16463.0 0.0 16463 2494 9745.999999999998 17
stats: {cpu,"os_mon@test3"} 1 38.46555323590814 0.0 38.46555323590814 3.229061553985873 26.201737827049296 18
stats: {load,"os_mon@test4"} 1 0.80859375 0.0 1.98046875 0.5703125 0.9830729166666666 18
stats: {freemem,"os_mon@test4"} 1 862.5625 0.0 1417.61328125 862.5625 1229.2801649305557 18
stats: {freemem,"os_mon@myserver"} 1 2913.03515625 0.0 2935.828125 2908.3671875 2916.3556857638887 18
stats: {recvpackets,"os_mon@test2"} 1 21277.0 0.0 21277 3590 13337.29411764706 17
stats: {sentpackets,"os_mon@test2"} 1 16217.0 0.0 16217 2456 9732.29411764706 17
stats: {cpu,"os_mon@test2"} 1 31.886304909560724 0.0 32.6109391124871 2.8240040342914776 23.26152517577575 18
stats: {load,"os_mon@test3"} 1 0.71875 0.0 0.71875 0.2890625 0.4867621527777778 18
stats: {freemem,"os_mon@test3"} 1 772.27734375 0.0 1463.359375 772.27734375 1230.62109375 18
stats: {recvpackets,"os_mon@test4"} 1 21435.0 0.0 21435 3651 13352.35294117647 17
stats: {sentpackets,"os_mon@test4"} 1 16326.0 0.0 16326 2495 9743.529411764706 17
stats: {cpu,"os_mon@test4"} 1 31.243523316062177 0.0 32.90289256198347 2.774974772956609 23.42447842151408 18
stats: {load,"os_mon@myserver"} 1 0.98046875 0.0 0.98046875 0.58984375 0.8582899305555556 18
stats: {recvpackets,"os_mon@myserver"} 1 21212.0 0.0 21212 3644 13386.588235294117 17
stats: {sentpackets,"os_mon@myserver"} 1 16026.0 0.0 16026 2492 9777.0 17
stats: {cpu,"os_mon@myserver"} 1 100.0 0.0 100.0 20.609137055837564 91.81764975285643 18
stats: session 1416 55698.098115737805 35785.626092405095 135637.42993164063 10.27197265625 24393.510379969903 26350
stats: users_count 4167 57765
stats: finish_users_count 1416 27766
stats: request 14957 2805.5647375503854 7676.607627325077 123627.68505859375 0.31396484375 2010.2895110209279 267349
stats: page 1463 29149.52211867338 11438.459485761645 135635.76708984375 8.56591796875 19512.371497074437 26303
stats: connect 1657 6061.806322814902 8241.139029584065 31099.3740234375 0.401123046875 4597.895132057437 29980
stats: 200 14943 282196
stats: size_rcv 1689304 33019150
stats: newphase 6 96
stats: size_sent 2001569 37911228
stats: connected 62 3282
stats: error_connect_etimedout 2619 13339
# stats: dump at 1338921634
stats: users 32402 32402
stats: {load,"os_mon@test2"} 1 1.01171875 0.0 1.44921875 0.328125 0.7134046052631579 19
stats: {freemem,"os_mon@test2"} 1 861.234375 0.0 1495.29296875 861.234375 1285.039884868421 19
stats: {recvpackets,"os_mon@test3"} 1 19620.0 0.0 21631 3653 13815.5 18
stats: {sentpackets,"os_mon@test3"} 1 15253.0 0.0 16463 2494 10119.166666666664 18
stats: {cpu,"os_mon@test3"} 1 43.53562005277045 0.0 43.53562005277045 3.229061553985873 26.847201795936606 19
stats: {load,"os_mon@test4"} 1 0.83984375 0.0 1.98046875 0.5703125 0.973889802631579 19
stats: {freemem,"os_mon@test4"} 1 831.98828125 0.0 1417.61328125 831.98828125 1209.9792351973683 19
stats: {freemem,"os_mon@myserver"} 1 2912.74609375 0.0 2935.828125 2908.3671875 2916.1809210526317 19
stats: {recvpackets,"os_mon@test2"} 1 20106.0 0.0 21277 3590 13778.388888888889 18
stats: {sentpackets,"os_mon@test2"} 1 15607.0 0.0 16217 2456 10092.555555555555 18
stats: {cpu,"os_mon@test2"} 1 29.34617334009123 0.0 32.6109391124871 2.8240040342914776 23.715460951238118 19
stats: {load,"os_mon@test3"} 1 0.76171875 0.0 0.76171875 0.2890625 0.49897203947368424 19
stats: {freemem,"os_mon@test3"} 1 683.5078125 0.0 1463.359375 683.5078125 1206.497738486842 19
stats: {recvpackets,"os_mon@test4"} 1 19755.0 0.0 21435 3651 13801.388888888889 18
stats: {sentpackets,"os_mon@test4"} 1 15349.0 0.0 16326 2495 10109.222222222223 18
stats: {cpu,"os_mon@test4"} 1 23.520329387545033 0.0 32.90289256198347 2.774974772956609 23.83600710017451 19
stats: {load,"os_mon@myserver"} 1 0.98046875 0.0 0.98046875 0.58984375 0.8647203947368421 19
stats: {recvpackets,"os_mon@myserver"} 1 19966.0 0.0 21212 3644 13821.333333333334 18
stats: {sentpackets,"os_mon@myserver"} 1 15486.0 0.0 16026 2492 10124.166666666666 18
stats: {cpu,"os_mon@myserver"} 1 100.0 0.0 100.0 20.609137055837564 92.24829976586398 19
stats: session 1516 50165.36001949259 35472.5876544078 142058.17797851563 10.27197265625 25989.969943243235 27766
stats: users_count 3919 61684
stats: finish_users_count 1516 29282
stats: request 14975 2718.145324124194 7288.312044576247 139638.4169921875 0.31396484375 2052.424398565653 282306
stats: page 1412 25285.485731087054 10187.783181392786 142055.86206054688 8.56591796875 20020.156246746672 27766
stats: connect 1809 6771.4273629681475 9138.756079310917 31100.97607421875 0.401123046875 4674.568041722865 31637
stats: error_unknown 59 59
stats: 200 14940 297136
stats: size_rcv 1725502 34744652
stats: newphase 6 102
stats: size_sent 2017959 39929187
stats: connected 272 3554
stats: error_connect_etimedout 3262 16601
stats: error_abort 1 1
EndMonitor:{1338,921634,970879}
