# stats: dump at 1338919525
stats: users 0 0
# stats: dump at 1338919535
stats: users 5 10
stats: {load,"os_mon@test2"} 1 0.44140625 0 0.44140625 0.44140625 0 0
stats: {freemem,"os_mon@test2"} 1 1500.62890625 0 1500.62890625 1500.62890625 0 0
stats: {load,"os_mon@test4"} 1 0.6015625 0 0.6015625 0.6015625 0 0
stats: {cpu,"os_mon@test3"} 1 3.5840484603735483 0 3.5840484603735483 3.5840484603735483 0 0
stats: {freemem,"os_mon@test4"} 1 1427.10546875 0 1427.10546875 1427.10546875 0 0
stats: {freemem,"os_mon@myserver"} 1 3099.4296875 0 3099.4296875 3099.4296875 0 0
stats: {load,"os_mon@test3"} 1 1.19140625 0 1.19140625 1.19140625 0 0
stats: {cpu,"os_mon@test2"} 1 1.903807615230461 0 1.903807615230461 1.903807615230461 0 0
stats: {freemem,"os_mon@test3"} 1 1476.40234375 0 1476.40234375 1476.40234375 0 0
stats: {cpu,"os_mon@test4"} 1 2.2033049574361545 0 2.2033049574361545 2.2033049574361545 0 0
stats: {load,"os_mon@myserver"} 1 0.83984375 0 0.83984375 0.83984375 0 0
stats: {cpu,"os_mon@myserver"} 1 6.639427987742594 0 6.639427987742594 6.639427987742594 0 0
stats: session 595 28.0614520417542 6.968627421035731 54.485107421875 18.561767578125 0 0
stats: users_count 600 600
stats: finish_users_count 595 595
stats: 200 5940 5940
stats: request 5940 2.459214746751367 0.9124719435582263 21.472900390625 1.18408203125 0 0
stats: page 594 25.89904168639519 6.954021288113556 51.431884765625 17.27099609375 0 0
stats: connect 5940 0.8948166150436655 0.23273185602414437 3.27685546875 0.389892578125 0 0
stats: size_rcv 754380 754380
stats: size_sent 787820 787820
stats: connected 0 0
# stats: dump at 1338919545
stats: users 314 315
stats: {load,"os_mon@test2"} 1 0.44921875 0.0 0.44921875 0.44140625 0.44140625 1
stats: {recvpackets,"os_mon@test3"} 1 3613 0 3613 3613 0 0
stats: {sentpackets,"os_mon@test3"} 1 2509 0 2509 2509 0 0
stats: {freemem,"os_mon@test2"} 1 1504.9609375 0.0 1504.9609375 1500.62890625 1500.62890625 1
stats: {load,"os_mon@test4"} 1 0.51171875 0.0 0.6015625 0.51171875 0.6015625 1
stats: {cpu,"os_mon@test3"} 1 20.460358056265985 0.0 20.460358056265985 3.5840484603735483 3.5840484603735483 1
stats: {freemem,"os_mon@test4"} 1 1431.1328125 0.0 1431.1328125 1427.10546875 1427.10546875 1
stats: {freemem,"os_mon@myserver"} 1 3099.5859375 0.0 3099.5859375 3099.4296875 3099.4296875 1
stats: {recvpackets,"os_mon@test2"} 1 3571 0 3571 3571 0 0
stats: {sentpackets,"os_mon@test2"} 1 2477 0 2477 2477 0 0
stats: {load,"os_mon@test3"} 1 1.16015625 0.0 1.19140625 1.16015625 1.19140625 1
stats: {cpu,"os_mon@test2"} 1 11.87214611872146 0.0 11.87214611872146 1.903807615230461 1.903807615230461 1
stats: {recvpackets,"os_mon@test4"} 1 3580 0 3580 3580 0 0
stats: {sentpackets,"os_mon@test4"} 1 2485 0 2485 2485 0 0
stats: {freemem,"os_mon@test3"} 1 1480.91796875 0.0 1480.91796875 1476.40234375 1476.40234375 1
stats: {cpu,"os_mon@test4"} 1 11.71125694093892 0.0 11.71125694093892 2.2033049574361545 2.2033049574361545 1
stats: {load,"os_mon@myserver"} 1 0.859375 0.0 0.859375 0.83984375 0.83984375 1
stats: {recvpackets,"os_mon@myserver"} 1 3665 0 3665 3665 0 0
stats: {sentpackets,"os_mon@myserver"} 1 2541 0 2541 2541 0 0
stats: {cpu,"os_mon@myserver"} 1 49.06284454244763 0.0 49.06284454244763 6.639427987742594 6.639427987742594 1
stats: session 1257 320.8995372010493 409.6816078615061 1568.850830078125 18.561767578125 28.0614520417542 595
stats: users_count 1566 2166
stats: finish_users_count 1257 1852
stats: 200 13924 19864
stats: request 13924 45.22086413788123 57.759757582830275 202.72802734375 1.10595703125 2.459214746751367 5940
stats: page 1254 314.8582859069728 404.29664878550483 1543.23388671875 17.27099609375 25.89904168639519 594
stats: connect 14235 0.8804783544081486 0.263360133958611 5.426025390625 0.384033203125 0.8948166150436655 5940
stats: size_rcv 1768348 2522728
stats: newphase 6 6
stats: size_sent 1890073 2677893
stats: connected 311 311
# stats: dump at 1338919555
stats: users 1737 1740
stats: {load,"os_mon@test2"} 1 0.4609375 0.0 0.4609375 0.44140625 0.4453125 2
stats: {recvpackets,"os_mon@test3"} 1 7159.0 0.0 7159 3613 3613.0 1
stats: {sentpackets,"os_mon@test3"} 1 5019.0 0.0 5019 2509 2509.0 1
stats: {freemem,"os_mon@test2"} 1 1502.0 0.0 1504.9609375 1500.62890625 1502.794921875 2
stats: {load,"os_mon@test4"} 1 0.58984375 0.0 0.6015625 0.51171875 0.556640625 2
stats: {cpu,"os_mon@test3"} 1 36.340206185567006 0.0 36.340206185567006 3.5840484603735483 12.022203258319767 2
stats: {freemem,"os_mon@test4"} 1 1427.21484375 0.0 1431.1328125 1427.10546875 1429.119140625 2
stats: {freemem,"os_mon@myserver"} 1 3077.484375 0.0 3099.5859375 3077.484375 3099.5078125 2
stats: {recvpackets,"os_mon@test2"} 1 7154.0 0.0 7154 3571 3571.0 1
stats: {sentpackets,"os_mon@test2"} 1 5012.0 0.0 5012 2477 2477.0 1
stats: {load,"os_mon@test3"} 1 1.12890625 0.0 1.19140625 1.12890625 1.17578125 2
stats: {cpu,"os_mon@test2"} 1 26.79474216380182 0.0 26.79474216380182 1.903807615230461 6.8879768669759605 2
stats: {recvpackets,"os_mon@test4"} 1 7153.0 0.0 7153 3580 3580.0 1
stats: {sentpackets,"os_mon@test4"} 1 5011.0 0.0 5011 2485 2485.0 1
stats: {freemem,"os_mon@test3"} 1 1478.98046875 0.0 1480.91796875 1476.40234375 1478.66015625 2
stats: {cpu,"os_mon@test4"} 1 28.950050968399594 0.0 28.950050968399594 2.2033049574361545 6.957280949187537 2
stats: {load,"os_mon@myserver"} 1 0.87890625 0.0 0.87890625 0.83984375 0.849609375 2
stats: {recvpackets,"os_mon@myserver"} 1 7226.0 0.0 7226 3665 3665.0 1
stats: {sentpackets,"os_mon@myserver"} 1 5059.0 0.0 5059 2541 2541.0 1
stats: {cpu,"os_mon@myserver"} 1 95.74468085106383 0.0 95.74468085106383 6.639427987742594 27.85113626509511 2
stats: session 1156 3710.8282006075638 1342.9647783154558 6275.600830078125 18.561767578125 226.81818694738809 1852
stats: users_count 2579 4745
stats: finish_users_count 1156 3008
stats: request 15769 501.49534415823626 200.17142049519134 961.262939453125 1.10595703125 32.43370156320788 19864
stats: page 1134 3644.1785214809283 1306.704946006599 6259.851806640625 17.27099609375 221.97852883607288 1848
stats: connect 17157 0.8864885972653287 0.2949311505418123 5.426025390625 0.304931640625 0.8846998794725833 20175
stats: 200 15769 35633
stats: size_rcv 2002663 4525391
stats: newphase 6 12
stats: size_sent 2279047 4956940
stats: connected 1388 1699
# stats: dump at 1338919565
stats: users 4229 4230
stats: {load,"os_mon@test2"} 1 0.5390625 0.0 0.5390625 0.44140625 0.4505208333333333 3
stats: {recvpackets,"os_mon@test3"} 1 9803.0 0.0 9803 3613 5386.0 2
stats: {sentpackets,"os_mon@test3"} 1 6780.0 0.0 6780 2509 3764.0 2
stats: {freemem,"os_mon@test2"} 1 1483.56640625 0.0 1504.9609375 1483.56640625 1502.5299479166667 3
stats: {load,"os_mon@test4"} 1 0.5 0.0 0.6015625 0.5 0.5677083333333334 3
stats: {cpu,"os_mon@test3"} 1 42.87190082644628 0.0 42.87190082644628 3.5840484603735483 20.128204234068846 3
stats: {freemem,"os_mon@test4"} 1 1410.36328125 0.0 1431.1328125 1410.36328125 1428.484375 3
stats: {freemem,"os_mon@myserver"} 1 3062.89453125 0.0 3099.5859375 3062.89453125 3092.1666666666665 3
stats: {recvpackets,"os_mon@test2"} 1 9793.0 0.0 9793 3571 5362.5 2
stats: {sentpackets,"os_mon@test2"} 1 6775.0 0.0 6775 2477 3744.5 2
stats: {load,"os_mon@test3"} 1 0.9609375 0.0 1.19140625 0.9609375 1.16015625 3
stats: {cpu,"os_mon@test2"} 1 32.51783893985729 0.0 32.51783893985729 1.903807615230461 13.523565299251247 3
stats: {recvpackets,"os_mon@test4"} 1 9811.0 0.0 9811 3580 5366.5 2
stats: {sentpackets,"os_mon@test4"} 1 6789.0 0.0 6789 2485 3748.0 2
stats: {freemem,"os_mon@test3"} 1 1456.87890625 0.0 1480.91796875 1456.87890625 1478.7669270833333 3
stats: {cpu,"os_mon@test4"} 1 34.370219275879656 0.0 34.370219275879656 2.2033049574361545 14.28820428892489 3
stats: {load,"os_mon@myserver"} 1 0.8984375 0.0 0.8984375 0.83984375 0.859375 3
stats: {recvpackets,"os_mon@myserver"} 1 9798.0 0.0 9798 3665 5445.5 2
stats: {sentpackets,"os_mon@myserver"} 1 6773.0 0.0 6773 2541 3.8e3 2
stats: {cpu,"os_mon@myserver"} 1 100.0 0.0 100.0 6.639427987742594 50.48231779375135 3
stats: session 853 9263.676411207225 1850.7584059718572 13395.3330078125 18.561767578125 1565.752886346046 3008
stats: users_count 3345 8090
stats: finish_users_count 853 3861
stats: request 16327 1416.674877016047 522.9111583338215 4476.27099609375 1.10595703125 240.0118746634521 35633
stats: page 859 9098.388080423732 1850.7174071900513 13392.281005859375 17.27099609375 1523.3785260390462 2982
stats: connect 17254 224.27870706894507 569.713308508729 3012.77197265625 0.304931640625 0.8855219364523896 37332
stats: 200 16327 51960
stats: size_rcv 2073529 6598920
stats: newphase 6 18
stats: size_sent 2288218 7245158
stats: connected 927 2626
# stats: dump at 1338919575
stats: users 5718 5719
stats: {load,"os_mon@test2"} 1 0.609375 0.0 0.609375 0.44140625 0.47265625 4
stats: {recvpackets,"os_mon@test3"} 1 11927.0 0.0 11927 3613 6858.333333333333 3
stats: {sentpackets,"os_mon@test3"} 1 8199.0 0.0 8199 2509 4769.333333333333 3
stats: {freemem,"os_mon@test2"} 1 1454.7890625 0.0 1504.9609375 1454.7890625 1497.7890625 4
stats: {load,"os_mon@test4"} 1 0.421875 0.0 0.6015625 0.421875 0.55078125 4
stats: {cpu,"os_mon@test3"} 1 40.421052631578945 0.0 42.87190082644628 3.5840484603735483 25.814128382163204 4
stats: {freemem,"os_mon@test4"} 1 1380.06640625 0.0 1431.1328125 1380.06640625 1423.9541015625 4
stats: {freemem,"os_mon@myserver"} 1 3045.109375 0.0 3099.5859375 3045.109375 3084.8486328125 4
stats: {recvpackets,"os_mon@test2"} 1 11904.0 0.0 11904 3571 6839.333333333333 3
stats: {sentpackets,"os_mon@test2"} 1 8187.0 0.0 8187 2477 4754.666666666667 3
stats: {load,"os_mon@test3"} 1 0.80859375 0.0 1.19140625 0.80859375 1.1103515625 4
stats: {cpu,"os_mon@test2"} 1 36.67873771339886 0.0 36.67873771339886 1.903807615230461 18.27213370940276 4
stats: {recvpackets,"os_mon@test4"} 1 11914.0 0.0 11914 3580 6848.0 3
stats: {sentpackets,"os_mon@test4"} 1 8191.0 0.0 8191 2485 4761.666666666667 3
stats: {freemem,"os_mon@test3"} 1 1413.33984375 0.0 1480.91796875 1413.33984375 1473.294921875 4
stats: {cpu,"os_mon@test4"} 1 38.29130211013896 0.0 38.29130211013896 2.2033049574361545 19.30870803566358 4
stats: {load,"os_mon@myserver"} 1 0.921875 0.0 0.921875 0.83984375 0.869140625 4
stats: {recvpackets,"os_mon@myserver"} 1 11901.0 0.0 11901 3665 6896.333333333333 3
stats: {sentpackets,"os_mon@myserver"} 1 8189.0 0.0 8189 2541 4791.0 3
stats: {cpu,"os_mon@myserver"} 1 100.0 0.0 100.0 6.639427987742594 62.86173834531351 4
stats: session 848 16169.904984384213 2517.92885103544 21416.760986328125 18.561767578125 3266.4337376039025 3861
stats: users_count 2337 10427
stats: finish_users_count 848 4709
stats: request 16212 2697.2996046704893 1234.106879128797 6226.8349609375 1.10595703125 609.7458400100807 51960
stats: page 848 16001.838785423422 2523.04306487241 21137.59912109375 17.27099609375 3217.451217321641 3841
stats: connect 16009 1192.6242700944135 1271.5650460797751 7011.123046875 0.304931640625 71.4975106565643 54586
stats: 200 16212 68172
stats: size_rcv 2058924 8657844
stats: newphase 6 24
stats: size_sent 2123203 9368361
stats: connected -203 2423
# stats: dump at 1338919585
stats: users 8477 8489
stats: {load,"os_mon@test2"} 1 0.51953125 0.0 0.609375 0.44140625 0.5 5
stats: {recvpackets,"os_mon@test3"} 1 10040.0 0.0 11927 3613 8125.5 4
stats: {sentpackets,"os_mon@test3"} 1 7352.0 0.0 8199 2509 5626.75 4
stats: {freemem,"os_mon@test2"} 1 1400.15625 0.0 1504.9609375 1400.15625 1489.1890625 5
stats: {load,"os_mon@test4"} 1 0.44140625 0.0 0.6015625 0.421875 0.525 5
stats: {cpu,"os_mon@test3"} 1 35.856992639327025 0.0 42.87190082644628 3.5840484603735483 28.735513232046355 5
stats: {freemem,"os_mon@test4"} 1 1323.23046875 0.0 1431.1328125 1323.23046875 1415.1765625 5
stats: {freemem,"os_mon@myserver"} 1 3040.94140625 0.0 3099.5859375 3040.94140625 3076.90078125 5
stats: {recvpackets,"os_mon@test2"} 1 10022.0 0.0 11904 3571 8105.5 4
stats: {sentpackets,"os_mon@test2"} 1 7339.0 0.0 8187 2477 5612.75 4
stats: {load,"os_mon@test3"} 1 0.828125 0.0 1.19140625 0.80859375 1.05 5
stats: {cpu,"os_mon@test2"} 1 38.08016877637131 0.0 38.08016877637131 1.903807615230461 21.95345451020198 5
stats: {recvpackets,"os_mon@test4"} 1 10045.0 0.0 11914 3580 8114.5 4
stats: {sentpackets,"os_mon@test4"} 1 7357.0 0.0 8191 2485 5619.0 4
stats: {freemem,"os_mon@test3"} 1 1379.32421875 0.0 1480.91796875 1379.32421875 1461.30390625 5
stats: {cpu,"os_mon@test4"} 1 44.27440633245382 0.0 44.27440633245382 2.2033049574361545 23.105226850558658 5
stats: {load,"os_mon@myserver"} 1 0.9296875 0.0 0.9296875 0.83984375 0.8796875 5
stats: {recvpackets,"os_mon@myserver"} 1 10245.0 0.0 11901 3665 8147.5 4
stats: {sentpackets,"os_mon@myserver"} 1 7547.0 0.0 8189 2541 5640.5 4
stats: {cpu,"os_mon@myserver"} 1 100.0 0.0 100.0 6.639427987742594 70.2893906762508 5
stats: session 841 22114.490079936462 2680.4056463821507 28580.489990234375 18.561767578125 5590.099827489165 4709
stats: users_count 3600 14027
stats: finish_users_count 841 5550
stats: request 16364 2744.6531636739946 1004.7180021225355 16523.20703125 1.10595703125 1106.1875115566768 68172
stats: page 845 22008.52132980076 2681.837092315272 28578.995849609375 17.27099609375 5529.492304493812 4689
stats: connect 16223 870.4938019763853 948.1994986758696 15035.54296875 0.304931640625 325.73815506254954 70595
stats: 200 16364 84536
stats: size_rcv 2078228 10736072
stats: newphase 5 29
stats: size_sent 2151917 11520278
stats: connected -141 2282
# stats: dump at 1338919595
stats: users 10202 10202
stats: {load,"os_mon@test2"} 1 0.73828125 0.0 0.73828125 0.44140625 0.5032552083333334 6
stats: {recvpackets,"os_mon@test3"} 1 12947.0 0.0 12947 3613 8508.4 5
stats: {sentpackets,"os_mon@test3"} 1 9422.0 0.0 9422 2509 5971.8 5
stats: {freemem,"os_mon@test2"} 1 1351.578125 0.0 1504.9609375 1351.578125 1474.3502604166667 6
stats: {load,"os_mon@test4"} 1 0.6796875 0.0 0.6796875 0.421875 0.5110677083333334 6
stats: {cpu,"os_mon@test3"} 1 42.39188467698879 0.0 42.87190082644628 3.5840484603735483 29.922426466593134 6
stats: {freemem,"os_mon@test4"} 1 1259.8984375 0.0 1431.1328125 1259.8984375 1399.8522135416667 6
stats: {freemem,"os_mon@myserver"} 1 3044.80078125 0.0 3099.5859375 3040.94140625 3070.9075520833335 6
stats: {recvpackets,"os_mon@test2"} 1 12953.0 0.0 12953 3571 8488.8 5
stats: {sentpackets,"os_mon@test2"} 1 9425.0 0.0 9425 2477 5958.0 5
stats: {load,"os_mon@test3"} 1 0.9296875 0.0 1.19140625 0.80859375 1.0130208333333333 6
stats: {cpu,"os_mon@test2"} 1 37.080447522642515 0.0 38.08016877637131 1.903807615230461 24.641240221230202 6
stats: {recvpackets,"os_mon@test4"} 1 12957.0 0.0 12957 3580 8500.6 5
stats: {sentpackets,"os_mon@test4"} 1 9427.0 0.0 9427 2485 5966.6 5
stats: {freemem,"os_mon@test3"} 1 1328.82421875 0.0 1480.91796875 1328.82421875 1447.640625 6
stats: {cpu,"os_mon@test4"} 1 47.4160895045285 0.0 47.4160895045285 2.2033049574361545 26.63342343087452 6
stats: {load,"os_mon@myserver"} 1 0.94140625 0.0 0.94140625 0.83984375 0.8880208333333334 6
stats: {recvpackets,"os_mon@myserver"} 1 12770.0 0.0 12770 3665 8567.0 5
stats: {sentpackets,"os_mon@myserver"} 1 9254.0 0.0 9254 2541 6021.8 5
stats: {cpu,"os_mon@myserver"} 1 100.0 0.0 100.0 6.639427987742594 75.24115889687567 6
stats: session 893 27658.906023083186 4539.176534960282 39538.1708984375 18.561767578125 8094.065990067215 5550
stats: users_count 2618 16645
stats: finish_users_count 893 6443
stats: request 16044 4073.1623180145016 4245.931881857189 20599.81396484375 1.10595703125 1423.3524109042658 84536
stats: page 898 27568.756624965208 4522.292263818632 39536.64208984375 17.27099609375 8045.715565495686 5534
stats: connect 16382 2241.4326179624495 4385.767181143501 15053.43505859375 0.304931640625 427.53237814858187 86818
stats: 200 16044 100580
stats: size_rcv 2037588 12773660
stats: newphase 6 35
stats: size_sent 2174594 13694872
stats: connected 338 2620
# stats: dump at 1338919605
stats: users 11150 11150
stats: {load,"os_mon@test2"} 1 0.62890625 0.0 0.73828125 0.44140625 0.5368303571428571 7
stats: {recvpackets,"os_mon@test3"} 1 1.14e4 0.0 12947 3613 9248.166666666666 6
stats: {sentpackets,"os_mon@test3"} 1 8351.0 0.0 9422 2509 6546.833333333333 6
stats: {freemem,"os_mon@test2"} 1 1307.1015625 0.0 1504.9609375 1307.1015625 1456.8113839285713 7
stats: {load,"os_mon@test4"} 1 0.66015625 0.0 0.6796875 0.421875 0.53515625 7
stats: {cpu,"os_mon@test3"} 1 40.27630180658874 0.0 42.87190082644628 3.5840484603735483 31.703777639506797 7
stats: {freemem,"os_mon@test4"} 1 1225.78515625 0.0 1431.1328125 1225.78515625 1379.8588169642858 7
stats: {freemem,"os_mon@myserver"} 1 3034.6875 0.0 3099.5859375 3034.6875 3067.1780133928573 7
stats: {recvpackets,"os_mon@test2"} 1 11396.0 0.0 12953 3571 9232.833333333334 6
stats: {sentpackets,"os_mon@test2"} 1 8341.0 0.0 9425 2477 6535.833333333333 6
stats: {load,"os_mon@test3"} 1 0.78125 0.0 1.19140625 0.78125 1.0011160714285714 7
stats: {cpu,"os_mon@test2"} 1 38.08510638297872 0.0 38.08510638297872 1.903807615230461 26.418269835717673 7
stats: {recvpackets,"os_mon@test4"} 1 11389.0 0.0 12957 3580 9243.333333333334 6
stats: {sentpackets,"os_mon@test4"} 1 8338.0 0.0 9427 2485 6543.333333333333 6
stats: {freemem,"os_mon@test3"} 1 1269.21875 0.0 1480.91796875 1269.21875 1430.6668526785713 7
stats: {cpu,"os_mon@test4"} 1 40.11943539630836 0.0 47.4160895045285 2.2033049574361545 29.6023757271108 7
stats: {load,"os_mon@myserver"} 1 0.94921875 0.0 0.94921875 0.83984375 0.8956473214285714 7
stats: {recvpackets,"os_mon@myserver"} 1 11535.0 0.0 12770 3665 9267.5 6
stats: {sentpackets,"os_mon@myserver"} 1 8530.0 0.0 9254 2541 6560.5 6
stats: {cpu,"os_mon@myserver"} 1 100.0 0.0 100.0 6.639427987742594 78.77813619732201 7
stats: session 971 32860.58551283111 7353.988935137222 46634.048095703125 18.561767578125 10805.753425964043 6443
stats: users_count 1919 18564
stats: finish_users_count 971 7414
stats: request 15366 3862.0489224701114 2913.7512564231897 21246.110107421875 1.10595703125 1846.0363455799134 100580
stats: page 949 32768.71236118199 7322.84837103183 46632.5458984375 17.27099609375 10771.41377311441 6432
stats: connect 15552 1615.8545506952228 2653.727146348877 15053.43505859375 0.304931640625 715.4714646663219 103200
stats: 200 15366 115946
stats: size_rcv 1951482 14725142
stats: newphase 4 39
stats: size_sent 2064600 15759472
stats: connected 186 2806
# stats: dump at 1338919615
stats: users 13831 13864
stats: {load,"os_mon@test2"} 1 0.6796875 0.0 0.73828125 0.44140625 0.54833984375 8
stats: {recvpackets,"os_mon@test3"} 1 11278.0 0.0 12947 3613 9555.57142857143 7
stats: {sentpackets,"os_mon@test3"} 1 8436.0 0.0 9422 2509 6804.571428571428 7
stats: {freemem,"os_mon@test2"} 1 1266.13671875 0.0 1504.9609375 1266.13671875 1438.09765625 8
stats: {load,"os_mon@test4"} 1 0.640625 0.0 0.6796875 0.421875 0.55078125 8
stats: {cpu,"os_mon@test3"} 1 37.6338329764454 0.0 42.87190082644628 3.5840484603735483 32.77534316039204 8
stats: {freemem,"os_mon@test4"} 1 1180.87890625 0.0 1431.1328125 1180.87890625 1360.599609375 8
stats: {freemem,"os_mon@myserver"} 1 3030.70703125 0.0 3099.5859375 3030.70703125 3063.11669921875 8
stats: {recvpackets,"os_mon@test2"} 1 11204.0 0.0 12953 3571 9541.857142857143 7
stats: {sentpackets,"os_mon@test2"} 1 8390.0 0.0 9425 2477 6793.714285714285 7
stats: {load,"os_mon@test3"} 1 0.73828125 0.0 1.19140625 0.73828125 0.9736328125 8
stats: {cpu,"os_mon@test2"} 1 33.52909770421783 0.0 38.08510638297872 1.903807615230461 27.876624404125305 8
stats: {recvpackets,"os_mon@test4"} 1 11231.0 0.0 12957 3580 9549.857142857143 7
stats: {sentpackets,"os_mon@test4"} 1 8410.0 0.0 9427 2485 6799.714285714285 7
stats: {freemem,"os_mon@test3"} 1 1235.671875 0.0 1480.91796875 1235.671875 1410.48583984375 8
stats: {cpu,"os_mon@test4"} 1 44.800000000000004 0.0 47.4160895045285 2.2033049574361545 30.917008185760494 8
stats: {load,"os_mon@myserver"} 1 0.9609375 0.0 0.9609375 0.83984375 0.90234375 8
stats: {recvpackets,"os_mon@myserver"} 1 11351.0 0.0 12770 3665 9591.42857142857 7
stats: {sentpackets,"os_mon@myserver"} 1 8407.0 0.0 9254 2541 6841.857142857143 7
stats: {cpu,"os_mon@myserver"} 1 100.0 0.0 100.0 6.639427987742594 81.43086917265676 8
stats: session 905 35634.813034141946 8133.128619518287 56635.276123046875 18.561767578125 13694.24033672044 7414
stats: users_count 3586 22150
stats: finish_users_count 905 8319
stats: 200 14647 130593
stats: connect 18500 2764.372293641789 6266.172056266063 31105.8701171875 0.304931640625 833.3874387460971 118752
stats: page 914 35652.78877161478 8144.203199562747 56633.18603515625 17.27099609375 13599.68045243647 7381
stats: request 14647 3744.568219411264 3067.3774321143583 35959.508056640625 1.10595703125 2113.212869621232 115946
stats: size_rcv 1860169 16585311
stats: newphase 5 44
stats: size_sent 2455900 18215372
stats: connected 3853 6659
# stats: dump at 1338919625
stats: users 15539 15539
stats: {load,"os_mon@test2"} 1 0.5703125 0.0 0.73828125 0.44140625 0.5629340277777778 9
stats: {recvpackets,"os_mon@test3"} 1 14144.0 0.0 14144 3613 9770.875 8
stats: {sentpackets,"os_mon@test3"} 1 10445.0 0.0 10445 2509 7008.5 8
stats: {freemem,"os_mon@test2"} 1 1214.32421875 0.0 1504.9609375 1214.32421875 1418.9908854166667 9
stats: {load,"os_mon@test4"} 1 0.76953125 0.0 0.76953125 0.421875 0.5607638888888888 9
stats: {cpu,"os_mon@test3"} 1 45.93147751605996 0.0 45.93147751605996 3.5840484603735483 33.315175362175744 9
stats: {freemem,"os_mon@test4"} 1 1128.48046875 0.0 1431.1328125 1128.48046875 1340.630642361111 9
stats: {freemem,"os_mon@myserver"} 1 3023.44921875 0.0 3099.5859375 3023.44921875 3059.515625 9
stats: {recvpackets,"os_mon@test2"} 1 14226.0 0.0 14226 3571 9749.625 8
stats: {sentpackets,"os_mon@test2"} 1 10496.0 0.0 10496 2477 6993.25 8
stats: {load,"os_mon@test3"} 1 0.7890625 0.0 1.19140625 0.73828125 0.9474826388888888 9
stats: {cpu,"os_mon@test2"} 1 36.75121424716676 0.0 38.08510638297872 1.903807615230461 28.504676993024475 9
stats: {recvpackets,"os_mon@test4"} 1 14216.0 0.0 14216 3580 9760.0 8
stats: {sentpackets,"os_mon@test4"} 1 10492.0 0.0 10492 2485 7001.0 8
stats: {freemem,"os_mon@test3"} 1 1165.3046875 0.0 1480.91796875 1165.3046875 1391.0620659722222 9
stats: {cpu,"os_mon@test4"} 1 43.96782841823057 0.0 47.4160895045285 2.2033049574361545 32.45956283178711 9
stats: {load,"os_mon@myserver"} 1 0.9609375 0.0 0.9609375 0.83984375 0.9088541666666666 9
stats: {recvpackets,"os_mon@myserver"} 1 13829.0 0.0 13829 3665 9811.375 8
stats: {sentpackets,"os_mon@myserver"} 1 10233.0 0.0 10233 2541 7037.5 8
stats: {cpu,"os_mon@myserver"} 1 100.0 0.0 100.0 6.639427987742594 83.49410593125044 9
stats: session 954 43420.0595401148 10428.244667940786 66320.68286132813 18.561767578125 16081.091916377427 8319
stats: users_count 2662 24812
stats: finish_users_count 954 9273
stats: 200 16078 146671
stats: request 16078 8700.056835764424 10230.783913350193 37937.27294921875 1.10595703125 2296.181802170255 130593
stats: page 978 43168.31940408716 10470.752156607337 66319.48803710938 17.27099609375 16029.643201529778 8295
stats: connect 14036 5245.555893974939 9200.220875727737 31135.757080078125 0.304931640625 1093.6621146383995 137252
stats: size_rcv 2041906 18627217
stats: newphase 4 48
stats: size_sent 1864076 20079448
stats: connected -2042 4617
# stats: dump at 1338919635
stats: users 17719 17722
stats: {load,"os_mon@test2"} 1 0.55859375 0.0 0.73828125 0.44140625 0.563671875 10
stats: {recvpackets,"os_mon@test3"} 1 11814.0 0.0 14144 3613 10256.777777777777 9
stats: {sentpackets,"os_mon@test3"} 1 9093.0 0.0 10445 2509 7390.333333333333 9
stats: {freemem,"os_mon@test2"} 1 1170.55859375 0.0 1504.9609375 1170.55859375 1398.52421875 10
stats: {load,"os_mon@test4"} 1 0.66015625 0.0 0.76953125 0.421875 0.581640625 10
stats: {cpu,"os_mon@test3"} 1 33.27974276527331 0.0 45.93147751605996 3.5840484603735483 34.576805577564166 10
stats: {freemem,"os_mon@test4"} 1 1061.94921875 0.0 1431.1328125 1061.94921875 1319.415625 10
stats: {freemem,"os_mon@myserver"} 1 3005.37109375 0.0 3099.5859375 3005.37109375 3055.908984375 10
stats: {recvpackets,"os_mon@test2"} 1 11754.0 0.0 14226 3571 10247.0 9
stats: {sentpackets,"os_mon@test2"} 1 9061.0 0.0 10496 2477 7382.444444444444 9
stats: {load,"os_mon@test3"} 1 0.890625 0.0 1.19140625 0.73828125 0.931640625 10
stats: {cpu,"os_mon@test2"} 1 37.31182795698925 0.0 38.08510638297872 1.903807615230461 29.3293307184387 10
stats: {recvpackets,"os_mon@test4"} 1 11753.0 0.0 14216 3580 10255.111111111111 9
stats: {sentpackets,"os_mon@test4"} 1 9057.0 0.0 10492 2485 7388.888888888889 9
stats: {freemem,"os_mon@test3"} 1 1125.2578125 0.0 1480.91796875 1125.2578125 1368.486328125 10
stats: {cpu,"os_mon@test4"} 1 45.5796717840127 0.0 47.4160895045285 2.2033049574361545 33.61038939043146 10
stats: {load,"os_mon@myserver"} 1 0.96875 0.0 0.96875 0.83984375 0.9140625 10
stats: {recvpackets,"os_mon@myserver"} 1 12029.0 0.0 13829 3665 10257.777777777777 9
stats: {sentpackets,"os_mon@myserver"} 1 9230.0 0.0 10233 2541 7392.555555555556 9
stats: {cpu,"os_mon@myserver"} 1 100.0 0.0 100.0 6.639427987742594 85.1446953381254 10
stats: session 763 48691.448402814734 11288.040972276316 73887.13403320313 18.561767578125 18893.70650853158 9273
stats: users_count 2943 27755
stats: finish_users_count 763 10036
stats: request 14113 5904.87517335316 3235.689196316339 37937.27294921875 1.10595703125 2998.171307867544 146671
stats: page 726 48546.10067437967 11258.537559254519 72001.21704101563 17.27099609375 18891.891160777177 9273
stats: connect 19100 2386.245891701266 2216.0622297765267 31135.757080078125 0.304931640625 1478.8610801000862 151288
stats: 200 14113 160784
stats: size_rcv 1792351 20419568
stats: newphase 5 53
stats: size_sent 2535708 22615156
stats: connected 4987 9604
# stats: dump at 1338919645
stats: users 20372 20395
stats: {load,"os_mon@test2"} 1 0.6484375 0.0 0.73828125 0.44140625 0.5632102272727273 11
stats: {recvpackets,"os_mon@test3"} 1 13834.0 0.0 14144 3613 10412.5 10
stats: {sentpackets,"os_mon@test3"} 1 10343.0 0.0 10445 2509 7560.6 10
stats: {freemem,"os_mon@test2"} 1 1096.7109375 0.0 1504.9609375 1096.7109375 1377.8000710227273 11
stats: {load,"os_mon@test4"} 1 0.78125 0.0 0.78125 0.421875 0.5887784090909091 11
stats: {cpu,"os_mon@test3"} 1 37.41970021413276 0.0 45.93147751605996 3.5840484603735483 34.458890776446815 11
stats: {freemem,"os_mon@test4"} 1 1012.15234375 0.0 1431.1328125 1012.15234375 1296.0095880681818 11
stats: {freemem,"os_mon@myserver"} 1 2983.11328125 0.0 3099.5859375 2983.11328125 3051.314630681818 11
stats: {recvpackets,"os_mon@test2"} 1 13849.0 0.0 14226 3571 10397.7 10
stats: {sentpackets,"os_mon@test2"} 1 10343.0 0.0 10496 2477 7550.3 10
stats: {load,"os_mon@test3"} 1 0.75 0.0 1.19140625 0.73828125 0.9279119318181818 11
stats: {cpu,"os_mon@test2"} 1 41.684782608695656 0.0 41.684782608695656 1.903807615230461 30.05501228557966 11
stats: {recvpackets,"os_mon@test4"} 1 13842.0 0.0 14216 3580 10404.9 10
stats: {sentpackets,"os_mon@test4"} 1 10338.0 0.0 10492 2485 7555.7 10
stats: {freemem,"os_mon@test3"} 1 1073.734375 0.0 1480.91796875 1073.734375 1346.3746448863637 11
stats: {cpu,"os_mon@test4"} 1 43.22169059011164 0.0 47.4160895045285 2.2033049574361545 34.698505971666115 11
stats: {load,"os_mon@myserver"} 1 0.96875 0.0 0.96875 0.83984375 0.9190340909090909 11
stats: {recvpackets,"os_mon@myserver"} 1 13614.0 0.0 13829 3665 10434.9 10
stats: {sentpackets,"os_mon@myserver"} 1 10176.0 0.0 10233 2541 7576.3 10
stats: {cpu,"os_mon@myserver"} 1 100.0 0.0 100.0 6.639427987742594 86.495177580114 11
stats: session 731 54429.478615819535 11108.37189340249 79539.94897460938 18.561767578125 21159.118731064267 10036
stats: users_count 3384 31139
stats: finish_users_count 731 10767
stats: page 745 54238.36235384335 11219.172565673935 79538.11596679688 17.27099609375 21045.002082556894 9999
stats: request 15617 6499.206082311016 2919.95940088309 37937.27294921875 1.10595703125 3253.310573301906 160784
stats: connect 15435 3304.7740842393546 4859.770011583462 31135.757080078125 0.304931640625 1580.5762824710428 170388
stats: 200 15617 176401
stats: size_rcv 1983359 22402927
stats: newphase 5 58
stats: size_sent 2048745 24663901
stats: connected -182 9422
stats: error_connect_etimedout 1435 1435
# stats: dump at 1338919655
stats: users 22661 22661
stats: {load,"os_mon@test2"} 1 0.62890625 0.0 0.73828125 0.44140625 0.5703125 12
stats: {recvpackets,"os_mon@test3"} 1 14531.0 0.0 14531 3613 10723.545454545454 11
stats: {sentpackets,"os_mon@test3"} 1 10866.0 0.0 10866 2509 7813.545454545455 11
stats: {freemem,"os_mon@test2"} 1 1022.125 0.0 1504.9609375 1022.125 1354.3759765625 12
stats: {load,"os_mon@test4"} 1 0.98046875 0.0 0.98046875 0.421875 0.6048177083333334 12
stats: {cpu,"os_mon@test3"} 1 41.03825136612022 0.0 45.93147751605996 3.5840484603735483 34.70562489625398 12
stats: {freemem,"os_mon@test4"} 1 963.3828125 0.0 1431.1328125 963.3828125 1272.3548177083333 12
stats: {freemem,"os_mon@myserver"} 1 2979.53515625 0.0 3099.5859375 2979.53515625 3045.6311848958335 12
stats: {recvpackets,"os_mon@test2"} 1 14381.0 0.0 14381 3571 10711.454545454546 11
stats: {sentpackets,"os_mon@test2"} 1 10757.0 0.0 10757 2477 7804.181818181818 11
stats: {load,"os_mon@test3"} 1 0.9296875 0.0 1.19140625 0.73828125 0.9130859375 12
stats: {cpu,"os_mon@test2"} 1 45.913978494623656 0.0 45.913978494623656 1.903807615230461 31.024159812505996 12
stats: {recvpackets,"os_mon@test4"} 1 1.44e4 0.0 14400 3580 10717.363636363636 11
stats: {sentpackets,"os_mon@test4"} 1 10771.0 0.0 10771 2485 7808.636363636364 11
stats: {freemem,"os_mon@test3"} 1 1017.28515625 0.0 1480.91796875 1017.28515625 1323.6546223958335 12
stats: {cpu,"os_mon@test4"} 1 37.14591127739177 0.0 47.4160895045285 2.2033049574361545 35.408771356536576 12
stats: {load,"os_mon@myserver"} 1 0.98046875 0.0 0.98046875 0.83984375 0.9231770833333334 12
stats: {recvpackets,"os_mon@myserver"} 1 14565.0 0.0 14565 3665 10723.90909090909 11
stats: {sentpackets,"os_mon@myserver"} 1 10902.0 0.0 10902 2541 7812.636363636364 11
stats: {cpu,"os_mon@myserver"} 1 100.0 0.0 100.0 6.639427987742594 87.62057944843782 12
stats: session 683 60990.36500167288 14044.986968528223 101228.48486328125 18.561767578125 23417.931127809516 10767
stats: users_count 2972 34111
stats: finish_users_count 683 11450
stats: request 16048 7098.72428404179 4987.93390840479 37937.27294921875 1.10595703125 3540.6737411081845 176401
stats: page 692 60458.90890097205 13552.93932408542 97327.19482421875 17.27099609375 23346.663791613893 10744
stats: connect 11951 2781.01598619575 2951.6974396041323 31135.757080078125 0.304931640625 1723.7931774210429 185823
stats: 200 16048 192449
stats: size_rcv 2038096 24441023
stats: newphase 6 64
stats: size_sent 1586653 26250554
stats: connected -4097 5325
stats: error_connect_etimedout 464 1899
# stats: dump at 1338919665
stats: users 25404 25412
stats: {load,"os_mon@test2"} 1 0.609375 0.0 0.73828125 0.44140625 0.5748197115384616 13
stats: {recvpackets,"os_mon@test3"} 1 15843.0 0.0 15843 3613 11040.833333333334 12
stats: {sentpackets,"os_mon@test3"} 1 11763.0 0.0 11763 2509 8067.916666666667 12
stats: {freemem,"os_mon@test2"} 1 971.7734375 0.0 1504.9609375 971.7734375 1328.8182091346155 13
stats: {load,"os_mon@test4"} 1 0.828125 0.0 0.98046875 0.421875 0.6337139423076923 13
stats: {cpu,"os_mon@test3"} 1 48.55614973262032 0.0 48.55614973262032 3.5840484603735483 35.19275000932061 13
stats: {freemem,"os_mon@test4"} 1 909.44140625 0.0 1431.1328125 909.44140625 1248.5877403846155 13
stats: {freemem,"os_mon@myserver"} 1 2987.8828125 0.0 3099.5859375 2979.53515625 3040.546875 13
stats: {recvpackets,"os_mon@test2"} 1 15837.0 0.0 15837 3571 11017.25 12
stats: {sentpackets,"os_mon@test2"} 1 11748.0 0.0 11748 2477 8050.25 12
stats: {load,"os_mon@test3"} 1 1.01171875 0.0 1.19140625 0.73828125 0.9143629807692307 13
stats: {cpu,"os_mon@test2"} 1 38.113207547169814 0.0 45.913978494623656 1.903807615230461 32.1695304803612 13
stats: {recvpackets,"os_mon@test4"} 1 15818.0 0.0 15818 3580 11024.25 12
stats: {sentpackets,"os_mon@test4"} 1 11735.0 0.0 11735 2485 8055.5 12
stats: {freemem,"os_mon@test3"} 1 936.15625 0.0 1480.91796875 936.15625 1300.0877403846155 13
stats: {cpu,"os_mon@test4"} 1 41.59151193633952 0.0 47.4160895045285 2.2033049574361545 35.54239750429467 13
stats: {load,"os_mon@myserver"} 1 0.98046875 0.0 0.98046875 0.83984375 0.9275841346153846 13
stats: {recvpackets,"os_mon@myserver"} 1 15968.0 0.0 15968 3665 11044.0 12
stats: {sentpackets,"os_mon@myserver"} 1 11915.0 0.0 11915 2541 8070.083333333333 12
stats: {cpu,"os_mon@myserver"} 1 100.0 0.0 100.0 6.639427987742594 88.57284256778877 13
stats: session 766 64444.613971600644 15211.707015730784 106490.88403320313 18.561767578125 25659.151419150014 11450
stats: users_count 3509 37620
stats: finish_users_count 766 12216
stats: request 14042 6391.055705998627 3786.842362980025 47224.964111328125 1.10595703125 3837.373620624308 192449
stats: page 763 64622.08430882924 15455.732848874322 106488.81494140625 17.27099609375 25592.350536601287 11436
stats: connect 16083 3114.0407927060746 3559.0988768959114 31135.757080078125 0.304931640625 1787.6785707875447 197774
stats: 200 14042 206491
stats: size_rcv 1783334 26224357
stats: newphase 5 69
stats: size_sent 2134929 28385483
stats: connected 2041 7366
stats: error_connect_etimedout 1356 3255
# stats: dump at 1338919675
stats: users 28305 28314
stats: {load,"os_mon@test2"} 1 0.671875 0.0 0.73828125 0.44140625 0.5772879464285714 14
stats: {recvpackets,"os_mon@test3"} 1 14909.0 0.0 15843 3613 11410.23076923077 13
stats: {sentpackets,"os_mon@test3"} 1 11446.0 0.0 11763 2509 8352.153846153846 13
stats: {freemem,"os_mon@test2"} 1 913.9140625 0.0 1504.9609375 913.9140625 1303.3150111607142 14
stats: {load,"os_mon@test4"} 1 0.8515625 0.0 0.98046875 0.421875 0.6476004464285714 14
stats: {cpu,"os_mon@test3"} 1 44.13196322336398 0.0 48.55614973262032 3.5840484603735483 36.14727856098488 14
stats: {freemem,"os_mon@test4"} 1 859.39453125 0.0 1431.1328125 859.39453125 1224.363002232143 14
stats: {freemem,"os_mon@myserver"} 1 2983.0703125 0.0 3099.5859375 2979.53515625 3036.78515625 14
stats: {recvpackets,"os_mon@test2"} 1 14839.0 0.0 15837 3571 11388.0 13
stats: {sentpackets,"os_mon@test2"} 1 11407.0 0.0 11748 2477 8334.692307692309 13
stats: {load,"os_mon@test3"} 1 1.08984375 0.0 1.19140625 0.73828125 0.9213169642857143 14
stats: {cpu,"os_mon@test2"} 1 40.58759521218716 0.0 45.913978494623656 1.903807615230461 32.594078842276105 14
stats: {recvpackets,"os_mon@test4"} 1 14850.0 0.0 15818 3580 11393.0 13
stats: {sentpackets,"os_mon@test4"} 1 11416.0 0.0 11735 2485 8338.538461538461 13
stats: {freemem,"os_mon@test3"} 1 867.38671875 0.0 1480.91796875 867.38671875 1274.0926339285713 14
stats: {cpu,"os_mon@test4"} 1 42.11087420042644 0.0 47.4160895045285 2.2033049574361545 35.97447710658359 14
stats: {load,"os_mon@myserver"} 1 0.98046875 0.0 0.98046875 0.83984375 0.9313616071428571 14
stats: {recvpackets,"os_mon@myserver"} 1 14807.0 0.0 15968 3665 11422.76923076923 13
stats: {sentpackets,"os_mon@myserver"} 1 11313.0 0.0 11915 2541 8365.846153846154 13
stats: {cpu,"os_mon@myserver"} 1 100.0 0.0 100.0 6.639427987742594 89.389068098661 14
stats: session 646 69632.67386062675 18856.558722706868 117893.1591796875 18.561767578125 28091.180259619658 12216
stats: users_count 3547 41167
stats: finish_users_count 646 12862
stats: request 14108 6473.057489181523 3969.509580035993 47224.964111328125 1.10595703125 4011.0315710571413 206491
stats: page 636 68793.32557227179 18238.537005996932 117891.412109375 17.27099609375 28033.50857153939 12199
stats: 200 14108 220599
stats: connect 15458 3074.4482237403263 4531.102154396483 31135.757080078125 0.304931640625 1887.4269241971394 213857
stats: size_rcv 1791716 28016073
stats: newphase 6 75
stats: size_sent 2051846 30437329
stats: connected 1350 8716
stats: error_connect_etimedout 0 3255
# stats: dump at 1338919685
stats: users 30819 30824
stats: {load,"os_mon@test2"} 1 1.1796875 0.0 1.1796875 0.44140625 0.58359375 15
stats: {recvpackets,"os_mon@test3"} 1 17171.0 0.0 17171 3613 11660.142857142857 14
stats: {sentpackets,"os_mon@test3"} 1 13107.0 0.0 13107 2509 8573.142857142857 14
stats: {freemem,"os_mon@test2"} 1 832.484375 0.0 1504.9609375 832.484375 1277.3549479166666 15
stats: {load,"os_mon@test4"} 1 0.7890625 0.0 0.98046875 0.421875 0.6611979166666667 15
stats: {cpu,"os_mon@test3"} 1 39.89189189189189 0.0 48.55614973262032 3.5840484603735483 36.679590871810156 15
stats: {freemem,"os_mon@test4"} 1 782.92578125 0.0 1431.1328125 782.92578125 1200.0317708333334 15
stats: {freemem,"os_mon@myserver"} 1 2978.06640625 0.0 3099.5859375 2978.06640625 3033.204166666667 15
stats: {recvpackets,"os_mon@test2"} 1 17367.0 0.0 17367 3571 11634.5 14
stats: {sentpackets,"os_mon@test2"} 1 13231.0 0.0 13231 2477 8554.142857142859 14
stats: {load,"os_mon@test3"} 1 1.0 0.0 1.19140625 0.73828125 0.9325520833333333 15
stats: {cpu,"os_mon@test2"} 1 44.93905670376259 0.0 45.913978494623656 1.903807615230461 33.12697993360351 15
stats: {recvpackets,"os_mon@test4"} 1 17125.0 0.0 17125 3580 11639.92857142857 14
stats: {sentpackets,"os_mon@test4"} 1 13041.0 0.0 13041 2485 8558.357142857143 14
stats: {freemem,"os_mon@test3"} 1 806.26953125 0.0 1480.91796875 806.26953125 1246.97890625 15
stats: {cpu,"os_mon@test4"} 1 47.474747474747474 0.0 47.474747474747474 2.2033049574361545 36.383570246173115 15
stats: {load,"os_mon@myserver"} 1 0.98828125 0.0 0.98828125 0.83984375 0.9346354166666667 15
stats: {recvpackets,"os_mon@myserver"} 1 17118.0 0.0 17118 3665 11664.5 14
stats: {sentpackets,"os_mon@myserver"} 1 13072.0 0.0 13072 2541 8576.357142857143 14
stats: {cpu,"os_mon@myserver"} 1 100.0 0.0 100.0 6.639427987742594 90.09646355875026 15
stats: session 609 75418.89883838767 21213.415005493986 122713.39306640625 18.561767578125 30177.621315928987 12862
stats: users_count 3123 44290
stats: finish_users_count 609 13471
stats: page 633 75940.5611477771 21300.2343104551 122711.39892578125 17.27099609375 30053.23927761386 12835
stats: request 14383 8627.355158698358 7398.465720722927 47224.964111328125 1.10595703125 4168.485873446993 220599
stats: connect 14295 4330.644730080722 6986.002747710133 31135.757080078125 0.304931640625 1967.4433873519201 229315
stats: 200 14383 234982
stats: size_rcv 1826641 29842714
stats: newphase 4 79
stats: size_sent 1897789 32335118
stats: connected -88 8628
stats: error_connect_etimedout 2866 6121
# stats: dump at 1338919695
stats: users 33441 33441
stats: {load,"os_mon@test2"} 1 1.0 0.0 1.1796875 0.44140625 0.620849609375 16
stats: {recvpackets,"os_mon@test3"} 1 16349.0 0.0 17171 3613 12027.533333333333 15
stats: {sentpackets,"os_mon@test3"} 1 12107.0 0.0 13107 2509 8875.4 15
stats: {freemem,"os_mon@test2"} 1 778.2734375 0.0 1504.9609375 778.2734375 1249.550537109375 16
stats: {load,"os_mon@test4"} 1 0.8203125 0.0 0.98046875 0.421875 0.669189453125 16
stats: {cpu,"os_mon@test3"} 1 45.817593092282785 0.0 48.55614973262032 3.5840484603735483 36.88035968556526 16
stats: {freemem,"os_mon@test4"} 1 724.1171875 0.0 1431.1328125 724.1171875 1173.962646484375 16
stats: {freemem,"os_mon@myserver"} 1 2970.5234375 0.0 3099.5859375 2970.5234375 3029.758056640625 16
stats: {recvpackets,"os_mon@test2"} 1 16444.0 0.0 17367 3571 12016.666666666666 15
stats: {sentpackets,"os_mon@test2"} 1 12195.0 0.0 13231 2477 8865.933333333336 15
stats: {load,"os_mon@test3"} 1 0.921875 0.0 1.19140625 0.73828125 0.936767578125 16
stats: {cpu,"os_mon@test2"} 1 41.72043010752688 0.0 45.913978494623656 1.903807615230461 33.865234731738454 16
stats: {recvpackets,"os_mon@test4"} 1 16577.0 0.0 17125 3580 12005.6 15
stats: {sentpackets,"os_mon@test4"} 1 12295.0 0.0 13041 2485 8857.2 15
stats: {freemem,"os_mon@test3"} 1 751.8125 0.0 1480.91796875 751.8125 1219.4345703125 16
stats: {cpu,"os_mon@test4"} 1 45.43010752688172 0.0 47.474747474747474 2.2033049574361545 37.07676882295901 16
stats: {load,"os_mon@myserver"} 1 0.98828125 0.0 0.98828125 0.83984375 0.93798828125 16
stats: {recvpackets,"os_mon@myserver"} 1 16316.0 0.0 17118 3665 12028.066666666668 15
stats: {sentpackets,"os_mon@myserver"} 1 12083.0 0.0 13072 2541 8876.066666666668 15
stats: {cpu,"os_mon@myserver"} 1 100.0 0.0 100.0 6.639427987742594 90.71543458632837 16
stats: session 680 87382.10319931927 25500.27181832685 135275.93408203125 18.561767578125 32222.899172894126 13471
stats: users_count 3302 47592
stats: finish_users_count 680 14151
stats: request 16233 7924.78532738757 4947.2714464329865 47224.964111328125 1.10595703125 4441.408552332057 234982
stats: page 683 87357.08412056473 25506.596579398985 135274.52001953125 17.27099609375 32209.957034059757 13468
stats: connect 11304 3774.559277944166 5265.57070530618 31135.757080078125 0.304931640625 2106.1157045569125 243610
stats: 200 16233 251215
stats: size_rcv 2061591 31904305
stats: newphase 6 85
stats: size_sent 1500648 33835766
stats: connected -4929 3699
stats: error_connect_etimedout 308 6429
# stats: dump at 1338919705
stats: users 35912 35912
stats: {load,"os_mon@test2"} 1 1.16015625 0.0 1.1796875 0.44140625 0.6431525735294118 17
stats: {recvpackets,"os_mon@test3"} 1 16769.0 0.0 17171 3613 12297.625 16
stats: {sentpackets,"os_mon@test3"} 1 12776.0 0.0 13107 2509 9077.375 16
stats: {freemem,"os_mon@test2"} 1 699.96875 0.0 1504.9609375 699.96875 1221.8283547794117 17
stats: {load,"os_mon@test4"} 1 1.0703125 0.0 1.0703125 0.421875 0.6780790441176471 17
stats: {cpu,"os_mon@test3"} 1 34.86877343331548 0.0 48.55614973262032 3.5840484603735483 37.406079297725114 17
stats: {freemem,"os_mon@test4"} 1 621.9140625 0.0 1431.1328125 621.9140625 1147.5011488970588 17
stats: {freemem,"os_mon@myserver"} 1 2963.69921875 0.0 3099.5859375 2963.69921875 3026.2736672794117 17
stats: {recvpackets,"os_mon@test2"} 1 16768.0 0.0 17367 3571 12293.375 16
stats: {sentpackets,"os_mon@test2"} 1 12787.0 0.0 13231 2477 9074.000000000002 16
stats: {load,"os_mon@test3"} 1 0.8515625 0.0 1.19140625 0.73828125 0.9358915441176471 17
stats: {cpu,"os_mon@test2"} 1 45.4983922829582 0.0 45.913978494623656 1.903807615230461 34.3273050479613 17
stats: {recvpackets,"os_mon@test4"} 1 16752.0 0.0 17125 3580 12291.3125 16
stats: {sentpackets,"os_mon@test4"} 1 12794.0 0.0 13041 2485 9072.0625 16
stats: {freemem,"os_mon@test3"} 1 718.34765625 0.0 1480.91796875 718.34765625 1191.9273897058824 17
stats: {cpu,"os_mon@test4"} 1 58.829787234042556 0.0 58.829787234042556 2.2033049574361545 37.56814168789564 17
stats: {load,"os_mon@myserver"} 1 0.98828125 0.0 0.98828125 0.83984375 0.9409466911764706 17
stats: {recvpackets,"os_mon@myserver"} 1 16771.0 0.0 17118 3665 12296.0625 16
stats: {sentpackets,"os_mon@myserver"} 1 12879.0 0.0 13072 2541 9076.5 16
stats: {cpu,"os_mon@myserver"} 1 100.0 0.0 100.0 6.639427987742594 91.26158549301493 17
stats: session 675 93949.71675166376 27412.031542740395 144280.30590820313 18.561767578125 34873.472188085216 14151
stats: users_count 3146 50738
stats: finish_users_count 675 14826
stats: request 14748 9401.210230339811 6109.485927088701 47224.964111328125 1.10595703125 4666.497242057893 251215
stats: page 663 94130.59848920045 27523.96684660086 144278.89208984375 17.27099609375 34871.640858530314 14151
stats: connect 15178 6111.594093112632 7075.18973074691 31135.757080078125 0.304931640625 2180.1017788940203 254914
stats: 200 14748 265963
stats: size_rcv 1872996 33777301
stats: newphase 5 90
stats: size_sent 2014454 35850220
stats: connected 430 4129
stats: error_connect_etimedout 2567 8996
# stats: dump at 1338919715
stats: users 39088 39088
stats: {load,"os_mon@test2"} 1 0.98046875 0.0 1.1796875 0.44140625 0.671875 18
stats: {recvpackets,"os_mon@test3"} 1 18092.0 0.0 18092 3613 12560.64705882353 17
stats: {sentpackets,"os_mon@test3"} 1 14016.0 0.0 14016 2509 9294.941176470587 17
stats: {freemem,"os_mon@test2"} 1 637.00390625 0.0 1504.9609375 637.00390625 1192.836154513889 18
stats: {load,"os_mon@test4"} 1 0.91015625 0.0 1.0703125 0.421875 0.6998697916666666 18
stats: {cpu,"os_mon@test3"} 1 45.761802575107296 0.0 48.55614973262032 3.5840484603735483 37.26511786081347 18
stats: {freemem,"os_mon@test4"} 1 573.79296875 0.0 1431.1328125 573.79296875 1118.3018663194443 18
stats: {freemem,"os_mon@myserver"} 1 2961.9921875 0.0 3099.5859375 2961.9921875 3022.797309027778 18
stats: {recvpackets,"os_mon@test2"} 1 17957.0 0.0 17957 3571 12556.588235294117 17
stats: {sentpackets,"os_mon@test2"} 1 13919.0 0.0 13919 2477 9292.411764705885 17
stats: {load,"os_mon@test3"} 1 1.1015625 0.0 1.19140625 0.73828125 0.9312065972222222 18
stats: {cpu,"os_mon@test2"} 1 49.89395546129374 0.0 49.89395546129374 1.903807615230461 34.94792100546113 18
stats: {recvpackets,"os_mon@test4"} 1 17730.0 0.0 17730 3580 12553.70588235294 17
stats: {sentpackets,"os_mon@test4"} 1 13774.0 0.0 13774 2485 9291.0 17
stats: {freemem,"os_mon@test3"} 1 648.58203125 0.0 1480.91796875 648.58203125 1165.617404513889 18
stats: {cpu,"os_mon@test4"} 1 44.54976303317535 0.0 58.829787234042556 2.2033049574361545 38.749344218237134 18
stats: {load,"os_mon@myserver"} 1 0.98828125 0.0 0.98828125 0.83984375 0.9435763888888888 18
stats: {recvpackets,"os_mon@myserver"} 1 19380.0 0.0 19380 3665 12559.29411764706 17
stats: {sentpackets,"os_mon@myserver"} 1 14750.0 0.0 14750 2541 9300.176470588236 17
stats: {cpu,"os_mon@myserver"} 1 100.0 0.0 100.0 6.639427987742594 91.74705296562522 18
stats: session 573 97362.75660244872 26674.28336229101 152571.35302734375 18.561767578125 37563.10290981836 14826
stats: users_count 3749 54487
stats: finish_users_count 573 15399
stats: request 13221 11800.731771350365 8541.172320104468 68358.32202148438 1.10595703125 4929.043337383866 265963
stats: page 565 96428.87661910606 26458.83982034213 152570.02587890625 17.27099609375 37523.77322717715 14814
stats: connect 16371 6436.784757193201 7978.556758768342 31135.757080078125 0.304931640625 2401.034610467003 270092
stats: 200 13221 279184
stats: size_rcv 1679067 35456368
stats: newphase 4 94
stats: size_sent 2173569 38023789
stats: connected 3150 7279
stats: error_connect_etimedout 2904 11900
# stats: dump at 1338919725
stats: users 42517 42560
stats: {load,"os_mon@test2"} 1 0.828125 0.0 1.1796875 0.44140625 0.6881167763157895 19
stats: {recvpackets,"os_mon@test3"} 1 20830.0 0.0 20830 3613 12867.944444444445 18
stats: {sentpackets,"os_mon@test3"} 1 15974.0 0.0 15974 2509 9557.222222222223 18
stats: {freemem,"os_mon@test2"} 1 584.01171875 0.0 1504.9609375 584.01171875 1163.5818256578948 19
stats: {load,"os_mon@test4"} 1 0.98828125 0.0 1.0703125 0.421875 0.7109375 19
stats: {cpu,"os_mon@test3"} 1 52.345415778251606 0.0 52.345415778251606 3.5840484603735483 37.71231179314472 19
stats: {freemem,"os_mon@test4"} 1 510.86328125 0.0 1431.1328125 510.86328125 1089.6435032894738 19
stats: {freemem,"os_mon@myserver"} 1 2975.50390625 0.0 3099.5859375 2961.9921875 3019.597039473684 19
stats: {recvpackets,"os_mon@test2"} 1 20817.0 0.0 20817 3571 12856.611111111111 18
stats: {sentpackets,"os_mon@test2"} 1 15948.0 0.0 15948 2477 9549.444444444445 18
stats: {load,"os_mon@test3"} 1 1.08984375 0.0 1.19140625 0.73828125 0.940172697368421 19
stats: {cpu,"os_mon@test2"} 1 43.95074946466809 0.0 49.89395546129374 1.903807615230461 35.734554397873374 19
stats: {recvpackets,"os_mon@test4"} 1 20804.0 0.0 20804 3580 12841.277777777777 18
stats: {sentpackets,"os_mon@test4"} 1 15911.0 0.0 15911 2485 9540.055555555555 18
stats: {freemem,"os_mon@test3"} 1 569.32421875 0.0 1480.91796875 569.32421875 1138.4050164473683 19
stats: {cpu,"os_mon@test4"} 1 52.41123476417594 0.0 58.829787234042556 2.2033049574361545 39.05462941902336 19
stats: {load,"os_mon@myserver"} 1 0.98828125 0.0 0.98828125 0.83984375 0.9459292763157895 19
stats: {recvpackets,"os_mon@myserver"} 1 20463.0 0.0 20463 3665 12938.222222222223 18
stats: {sentpackets,"os_mon@myserver"} 1 15798.0 0.0 15798 2541 9602.944444444445 18
stats: {cpu,"os_mon@myserver"} 1 100.0 0.0 100.0 6.639427987742594 92.18141859901337 19
stats: session 611 102811.2494090278 29276.804590765976 159440.36889648438 18.561767578125 39788.26048926359 15399
stats: users_count 4040 58527
stats: finish_users_count 611 16010
stats: request 13137 11115.40515459154 9052.709052609467 68358.32202148438 1.10595703125 5254.458091759014 279184
stats: page 603 102545.2334174667 29013.37274202685 159408.4189453125 17.27099609375 39687.85303837683 15379
stats: connect 16730 6146.358980755942 7627.240308238193 31135.757080078125 0.304931640625 2631.67265325806 286463
stats: 200 13137 292321
stats: size_rcv 1668399 37124767
stats: newphase 6 100
stats: size_sent 2221829 40245618
stats: connected 3598 10877
stats: error_connect_etimedout 4316 16216
# stats: dump at 1338919725
stats: users 42509 42560
stats: {load,"os_mon@test2"} 0 0 0 1.1796875 0.44140625 0.6951171875 20
stats: {recvpackets,"os_mon@test3"} 0 0 0 20830 3613 13287.0 19
stats: {sentpackets,"os_mon@test3"} 0 0 0 15974 2509 9894.947368421053 19
stats: {freemem,"os_mon@test2"} 0 0 0 1504.9609375 584.01171875 1134.6033203125 20
stats: {load,"os_mon@test4"} 0 0 0 1.0703125 0.421875 0.7248046875 20
stats: {cpu,"os_mon@test3"} 0 0 0 52.345415778251606 3.5840484603735483 38.443966992400064 20
stats: {freemem,"os_mon@test4"} 0 0 0 1431.1328125 510.86328125 1060.7044921875 20
stats: {freemem,"os_mon@myserver"} 0 0 0 3099.5859375 2961.9921875 3017.3923828125 20
stats: {recvpackets,"os_mon@test2"} 0 0 0 20817 3571 13275.578947368422 19
stats: {sentpackets,"os_mon@test2"} 0 0 0 15948 2477 9886.21052631579 19
stats: {load,"os_mon@test3"} 0 0 0 1.19140625 0.73828125 0.94765625 20
stats: {cpu,"os_mon@test2"} 0 0 0 49.89395546129374 1.903807615230461 36.145364151213116 20
stats: {recvpackets,"os_mon@test4"} 0 0 0 20804 3580 13260.368421052632 19
stats: {sentpackets,"os_mon@test4"} 0 0 0 15911 2485 9875.368421052632 19
stats: {freemem,"os_mon@test3"} 0 0 0 1480.91796875 569.32421875 1109.9509765625 20
stats: {cpu,"os_mon@test4"} 0 0 0 58.829787234042556 2.2033049574361545 39.722459686280985 20
stats: {load,"os_mon@myserver"} 0 0 0 0.98828125 0.83984375 0.948046875 20
stats: {recvpackets,"os_mon@myserver"} 0 0 0 20463 3665 13334.263157894737 19
stats: {sentpackets,"os_mon@myserver"} 0 0 0 15798 2541 9929.0 19
stats: {cpu,"os_mon@myserver"} 0 0 0 100.0 6.639427987742594 92.5723476690627 20
stats: session 13 101328.2782827524 27514.053253827675 159440.36889648438 18.561767578125 42193.44763666996 16010
stats: users_count 5 58532
stats: finish_users_count 13 16023
stats: request 531 8743.599905929994 5056.609889025873 68358.32202148438 1.10595703125 5517.850942647014 292321
stats: page 17 94959.15854779411 29048.278132551066 159408.4189453125 17.27099609375 42059.45861769051 15982
stats: connect 5 2604.57763671875 802.3779385677963 31135.757080078125 0.304931640625 2825.6108452975845 303193
stats: 200 531 292852
stats: size_rcv 67437 37192204
stats: newphase 0 100
stats: size_sent 0 40245618
stats: connected -531 10346
stats: error_connect_etimedout 3 16219
stats: error_abort 1 1
EndMonitor:{1338,919725,908957}
