# stats: dump at 1338918254
stats: users 0 0
# stats: dump at 1338918264
stats: users 3 15
stats: {load,"os_mon@test2"} 1 0.91015625 0 0.91015625 0.91015625 0 0
stats: {freemem,"os_mon@test2"} 1 1511.5546875 0 1511.5546875 1511.5546875 0 0
stats: {cpu,"os_mon@test3"} 1 3.0135610246107487 0 3.0135610246107487 3.0135610246107487 0 0
stats: {load,"os_mon@test4"} 1 1.44921875 0 1.44921875 1.44921875 0 0
stats: {freemem,"os_mon@test4"} 1 1437.47265625 0 1437.47265625 1437.47265625 0 0
stats: {freemem,"os_mon@myserver"} 1 3144.05078125 0 3144.05078125 3144.05078125 0 0
stats: {load,"os_mon@test3"} 1 1.58984375 0 1.58984375 1.58984375 0 0
stats: {cpu,"os_mon@test2"} 1 2.3127199597787835 0 2.3127199597787835 2.3127199597787835 0 0
stats: {freemem,"os_mon@test3"} 1 1488.390625 0 1488.390625 1488.390625 0 0
stats: {cpu,"os_mon@test4"} 1 1.9539078156312624 0 1.9539078156312624 1.9539078156312624 0 0
stats: {load,"os_mon@myserver"} 1 0.83984375 0 0.83984375 0.83984375 0 0
stats: {cpu,"os_mon@myserver"} 1 3.1568228105906315 0 3.1568228105906315 3.1568228105906315 0 0
stats: session 585 37.1757098858173 62.04605726668659 1073.058837890625 18.385009765625 0 0
stats: users_count 588 588
stats: finish_users_count 585 585
stats: request 5771 3.3453216209008456 18.691389634829022 1003.11083984375 1.260986328125 0 0
stats: page 574 34.8929081827091 62.6230216560327 1071.576904296875 16.90283203125 0 0
stats: connect 5778 1.300246743439556 18.596324145280953 1000.182861328125 0.288818359375 0 0
stats: 200 5771 5771
stats: size_rcv 981070 981070
stats: size_sent 766174 766174
stats: connected 7 7
# stats: dump at 1338918274
stats: users 290 292
stats: {load,"os_mon@test2"} 1 0.83984375 0.0 0.91015625 0.83984375 0.91015625 1
stats: {recvpackets,"os_mon@test3"} 1 3630 0 3630 3630 0 0
stats: {sentpackets,"os_mon@test3"} 1 2521 0 2521 2521 0 0
stats: {freemem,"os_mon@test2"} 1 1510.08984375 0.0 1511.5546875 1510.08984375 1511.5546875 1
stats: {cpu,"os_mon@test3"} 1 20.909090909090907 0.0 20.909090909090907 3.0135610246107487 3.0135610246107487 1
stats: {load,"os_mon@test4"} 1 1.21875 0.0 1.44921875 1.21875 1.44921875 1
stats: {freemem,"os_mon@test4"} 1 1436.35546875 0.0 1437.47265625 1436.35546875 1437.47265625 1
stats: {freemem,"os_mon@myserver"} 1 3143.0546875 0.0 3144.05078125 3143.0546875 3144.05078125 1
stats: {recvpackets,"os_mon@test2"} 1 3669 0 3669 3669 0 0
stats: {sentpackets,"os_mon@test2"} 1 2548 0 2548 2548 0 0
stats: {load,"os_mon@test3"} 1 1.3515625 0.0 1.58984375 1.3515625 1.58984375 1
stats: {cpu,"os_mon@test2"} 1 14.753272910372608 0.0 14.753272910372608 2.3127199597787835 2.3127199597787835 1
stats: {freemem,"os_mon@test3"} 1 1488.15625 0.0 1488.390625 1488.15625 1488.390625 1
stats: {recvpackets,"os_mon@test4"} 1 3663 0 3663 3663 0 0
stats: {sentpackets,"os_mon@test4"} 1 2544 0 2544 2544 0 0
stats: {cpu,"os_mon@test4"} 1 12.94891249367729 0.0 12.94891249367729 1.9539078156312624 1.9539078156312624 1
stats: {load,"os_mon@myserver"} 1 0.859375 0.0 0.859375 0.83984375 0.83984375 1
stats: {recvpackets,"os_mon@myserver"} 1 3718 0 3718 3718 0 0
stats: {sentpackets,"os_mon@myserver"} 1 2587 0 2587 2587 0 0
stats: {cpu,"os_mon@myserver"} 1 50.879120879120876 0.0 50.879120879120876 3.1568228105906315 3.1568228105906315 1
stats: session 1234 296.6000855877105 371.85318117407945 2076.34912109375 18.385009765625 37.1757098858173 585
stats: users_count 1521 2109
stats: finish_users_count 1234 1819
stats: 200 13482 19253
stats: request 13482 36.92981996466922 78.47248226882846 1092.06201171875 1.260986328125 3.3453216209008456 5771
stats: page 1240 288.53288219821053 364.56644101908535 1969.97998046875 16.90283203125 34.8929081827091 574
stats: connect 13619 5.769243512194592 69.35580900048872 1004.385009765625 0.288818359375 1.300246743439556 5778
stats: size_rcv 2291940 3273010
stats: newphase 6 6
stats: size_sent 1808057 2574231
stats: connected 137 144
# stats: dump at 1338918284
stats: users 1784 1786
stats: {load,"os_mon@test2"} 1 0.94921875 0.0 0.94921875 0.83984375 0.875 2
stats: {recvpackets,"os_mon@test3"} 1 6923.0 0.0 6923 3630 3630.0 1
stats: {sentpackets,"os_mon@test3"} 1 4847.0 0.0 4847 2521 2521.0 1
stats: {freemem,"os_mon@test2"} 1 1504.5078125 0.0 1511.5546875 1504.5078125 1510.822265625 2
stats: {cpu,"os_mon@test3"} 1 34.77817440081591 0.0 34.77817440081591 3.0135610246107487 11.961325966850827 2
stats: {load,"os_mon@test4"} 1 1.0390625 0.0 1.44921875 1.0390625 1.333984375 2
stats: {freemem,"os_mon@test4"} 1 1431.2265625 0.0 1437.47265625 1431.2265625 1436.9140625 2
stats: {freemem,"os_mon@myserver"} 1 3134.0078125 0.0 3144.05078125 3134.0078125 3143.552734375 2
stats: {recvpackets,"os_mon@test2"} 1 6947.0 0.0 6947 3669 3669.0 1
stats: {sentpackets,"os_mon@test2"} 1 4867.0 0.0 4867 2548 2548.0 1
stats: {load,"os_mon@test3"} 1 1.2890625 0.0 1.58984375 1.2890625 1.470703125 2
stats: {cpu,"os_mon@test2"} 1 30.18386108273749 0.0 30.18386108273749 2.3127199597787835 8.532996435075695 2
stats: {freemem,"os_mon@test3"} 1 1483.75 0.0 1488.390625 1483.75 1488.2734375 2
stats: {recvpackets,"os_mon@test4"} 1 6933.0 0.0 6933 3663 3663.0 1
stats: {sentpackets,"os_mon@test4"} 1 4855.0 0.0 4855 2544 2544.0 1
stats: {cpu,"os_mon@test4"} 1 27.626858021527422 0.0 27.626858021527422 1.9539078156312624 7.451410154654276 2
stats: {load,"os_mon@myserver"} 1 0.87890625 0.0 0.87890625 0.83984375 0.849609375 2
stats: {recvpackets,"os_mon@myserver"} 1 7008.0 0.0 7008 3718 3718.0 1
stats: {sentpackets,"os_mon@myserver"} 1 4907.0 0.0 4907 2587 2587.0 1
stats: {cpu,"os_mon@myserver"} 1 93.06122448979592 0.0 93.06122448979592 3.1568228105906315 27.017971844855754 2
stats: session 1047 3071.4462890625045 2361.9801205996446 10015.525146484375 18.385009765625 213.16783721739301 1819
stats: users_count 2541 4650
stats: finish_users_count 1047 2866
stats: request 15432 440.9466482017123 708.7591796005288 3146.73095703125 1.260986328125 26.86301791086528 19253
stats: page 1040 3039.402597750149 2344.190568173499 10014.344970703125 16.90283203125 208.27414731127678 1814
stats: connect 15457 348.4991839761109 710.7084973083338 3014.123046875 0.288818359375 4.438013768942203 19397
stats: 200 15432 34685
stats: size_rcv 2623440 5896450
stats: newphase 6 12
stats: size_sent 2053203 4627434
stats: connected 25 169
# stats: dump at 1338918294
stats: users 4333 4333
stats: {load,"os_mon@test2"} 1 0.80078125 0.0 0.94921875 0.80078125 0.8997395833333334 3
stats: {recvpackets,"os_mon@test3"} 1 9684.0 0.0 9684 3630 5276.5 2
stats: {sentpackets,"os_mon@test3"} 1 6714.0 0.0 6714 2521 3684.0 2
stats: {freemem,"os_mon@test2"} 1 1485.19140625 0.0 1511.5546875 1485.19140625 1508.7174479166667 3
stats: {cpu,"os_mon@test3"} 1 37.597503900156006 0.0 37.597503900156006 3.0135610246107487 19.566942111505853 3
stats: {load,"os_mon@test4"} 1 0.87890625 0.0 1.44921875 0.87890625 1.2356770833333333 3
stats: {freemem,"os_mon@test4"} 1 1412.39453125 0.0 1437.47265625 1412.39453125 1435.0182291666667 3
stats: {freemem,"os_mon@myserver"} 1 3134.85546875 0.0 3144.05078125 3134.0078125 3140.37109375 3
stats: {recvpackets,"os_mon@test2"} 1 9710.0 0.0 9710 3669 5308.0 2
stats: {sentpackets,"os_mon@test2"} 1 6728.0 0.0 6728 2548 3707.5 2
stats: {load,"os_mon@test3"} 1 1.171875 0.0 1.58984375 1.171875 1.41015625 3
stats: {cpu,"os_mon@test2"} 1 36.0313315926893 0.0 36.0313315926893 2.3127199597787835 15.749951317629629 3
stats: {freemem,"os_mon@test3"} 1 1458.65234375 0.0 1488.390625 1458.65234375 1486.765625 3
stats: {recvpackets,"os_mon@test4"} 1 9709.0 0.0 9709 3663 5298.0 2
stats: {sentpackets,"os_mon@test4"} 1 6728.0 0.0 6728 2544 3699.5 2
stats: {cpu,"os_mon@test4"} 1 31.46708138932089 0.0 31.46708138932089 1.9539078156312624 14.176559443611993 3
stats: {load,"os_mon@myserver"} 1 0.8984375 0.0 0.8984375 0.83984375 0.859375 3
stats: {recvpackets,"os_mon@myserver"} 1 9702.0 0.0 9702 3718 5363.0 2
stats: {sentpackets,"os_mon@myserver"} 1 6720.0 0.0 6720 2587 3747.0 2
stats: {cpu,"os_mon@myserver"} 1 100.0 0.0 100.0 3.1568228105906315 49.03238939316915 3
stats: session 687 7530.847661225206 3703.0465696602714 19355.251953125 18.385009765625 1257.347020428081 2866
stats: users_count 3236 7886
stats: finish_users_count 687 3553
stats: request 14635 973.7981358065799 1531.802559764925 8655.48583984375 1.260986328125 211.09650739186145 34685
stats: page 680 7428.784568158319 3664.683885406872 19354.00390625 16.90283203125 1239.939735417944 2854
stats: connect 14686 857.3444811750721 1531.0547951888097 7025.095947265625 0.288818359375 157.02174900427264 34854
stats: 200 14635 49320
stats: size_rcv 2487950 8384400
stats: newphase 6 18
stats: size_sent 1946970 6574404
stats: connected 51 220
# stats: dump at 1338918304
stats: users 5934 5934
stats: {load,"os_mon@test2"} 1 0.76171875 0.0 0.94921875 0.76171875 0.875 4
stats: {recvpackets,"os_mon@test3"} 1 11049.0 0.0 11049 3630 6745.666666666667 3
stats: {sentpackets,"os_mon@test3"} 1 7695.0 0.0 7695 2521 4694.0 3
stats: {freemem,"os_mon@test2"} 1 1451.41796875 0.0 1511.5546875 1451.41796875 1502.8359375 4
stats: {cpu,"os_mon@test3"} 1 39.27061310782241 0.0 39.27061310782241 3.0135610246107487 24.07458255866839 4
stats: {load,"os_mon@test4"} 1 0.8203125 0.0 1.44921875 0.8203125 1.146484375 4
stats: {freemem,"os_mon@test4"} 1 1380.99609375 0.0 1437.47265625 1380.99609375 1429.3623046875 4
stats: {freemem,"os_mon@myserver"} 1 3134.6328125 0.0 3144.05078125 3134.0078125 3138.9921875 4
stats: {recvpackets,"os_mon@test2"} 1 11048.0 0.0 11048 3669 6775.333333333333 3
stats: {sentpackets,"os_mon@test2"} 1 7.7e3 0.0 7700 2548 4714.333333333333 3
stats: {load,"os_mon@test3"} 1 0.98828125 0.0 1.58984375 0.98828125 1.3505859375 4
stats: {cpu,"os_mon@test2"} 1 38.072669826224335 0.0 38.072669826224335 2.3127199597787835 20.820296386394546 4
stats: {freemem,"os_mon@test3"} 1 1394.99609375 0.0 1488.390625 1394.99609375 1479.7373046875 4
stats: {recvpackets,"os_mon@test4"} 1 11027.0 0.0 11027 3663 6768.333333333333 3
stats: {sentpackets,"os_mon@test4"} 1 7684.0 0.0 7684 2544 4709.0 3
stats: {cpu,"os_mon@test4"} 1 33.402275077559466 0.0 33.402275077559466 1.9539078156312624 18.499189930039215 4
stats: {load,"os_mon@myserver"} 1 0.921875 0.0 0.921875 0.83984375 0.869140625 4
stats: {recvpackets,"os_mon@myserver"} 1 11071.0 0.0 11071 3718 6809.333333333333 3
stats: {sentpackets,"os_mon@myserver"} 1 7714.0 0.0 7714 2587 4738.0 3
stats: {cpu,"os_mon@myserver"} 1 100.0 0.0 100.0 3.1568228105906315 61.77429204487686 4
stats: session 844 12732.39019399345 5976.145442494242 28091.06494140625 18.385009765625 2470.376837548156 3553
stats: users_count 2445 10331
stats: finish_users_count 844 4397
stats: request 15064 1926.5608522938842 3203.299589072007 18418.0439453125 1.260986328125 437.41723593706433 49320
stats: page 836 12560.371196838083 5951.233636825786 28089.21484375 16.90283203125 2430.7757530363524 3534
stats: connect 15086 1791.1756506025595 3221.725256428801 15049.005126953125 0.288818359375 364.63054280040427 49540
stats: 200 15064 64384
stats: size_rcv 2560880 10945280
stats: newphase 6 24
stats: size_sent 2001994 8576398
stats: connected 22 242
# stats: dump at 1338918314
stats: users 8357 8357
stats: {load,"os_mon@test2"} 1 0.640625 0.0 0.94921875 0.640625 0.85234375 5
stats: {recvpackets,"os_mon@test3"} 1 10763.0 0.0 11049 3630 7821.5 4
stats: {sentpackets,"os_mon@test3"} 1 7861.0 0.0 7861 2521 5444.25 4
stats: {freemem,"os_mon@test2"} 1 1400.67578125 0.0 1511.5546875 1400.67578125 1492.55234375 5
stats: {cpu,"os_mon@test3"} 1 39.07922912205567 0.0 39.27061310782241 3.0135610246107487 27.113788668499193 5
stats: {load,"os_mon@test4"} 1 0.76953125 0.0 1.44921875 0.76953125 1.08125 5
stats: {freemem,"os_mon@test4"} 1 1327.41015625 0.0 1437.47265625 1327.41015625 1419.6890625 5
stats: {freemem,"os_mon@myserver"} 1 3135.234375 0.0 3144.05078125 3134.0078125 3138.1203125 5
stats: {recvpackets,"os_mon@test2"} 1 10780.0 0.0 11048 3669 7843.5 4
stats: {sentpackets,"os_mon@test2"} 1 7870.0 0.0 7870 2548 5460.75 4
stats: {load,"os_mon@test3"} 1 0.83984375 0.0 1.58984375 0.83984375 1.278125 5
stats: {cpu,"os_mon@test2"} 1 44.456289978678036 0.0 44.456289978678036 2.3127199597787835 24.270771074360503 5
stats: {freemem,"os_mon@test3"} 1 1364.7734375 0.0 1488.390625 1364.7734375 1462.7890625 5
stats: {recvpackets,"os_mon@test4"} 1 10797.0 0.0 11027 3663 7833.0 4
stats: {sentpackets,"os_mon@test4"} 1 7885.0 0.0 7885 2544 5452.75 4
stats: {cpu,"os_mon@test4"} 1 40.35087719298245 0.0 40.35087719298245 1.9539078156312624 21.479806959543264 5
stats: {load,"os_mon@myserver"} 1 0.9296875 0.0 0.9296875 0.83984375 0.8796875 5
stats: {recvpackets,"os_mon@myserver"} 1 10855.0 0.0 11071 3718 7874.75 4
stats: {sentpackets,"os_mon@myserver"} 1 7930.0 0.0 7930 2587 5482.0 4
stats: {cpu,"os_mon@myserver"} 1 100.0 0.0 100.0 3.1568228105906315 69.41943363590148 5
stats: session 631 17357.839583746056 8557.667603547883 39177.18798828125 18.385009765625 4440.1606157696315 4397
stats: users_count 3054 13385
stats: finish_users_count 631 5028
stats: page 630 16945.48298843626 8357.813817612689 36140.0869140625 16.90283203125 4368.611403154944 4370
stats: request 14363 2679.8697615577526 4477.966548375107 31300.824951171875 1.260986328125 785.8339145652815 64384
stats: connect 14595 2610.47272247492 4617.800367928659 31097.633056640625 0.288818359375 697.6367554130263 64626
stats: 200 14363 78747
stats: size_rcv 2441710 13386990
stats: newphase 6 30
stats: size_sent 1937281 10513679
stats: connected 232 474
# stats: dump at 1338918324
stats: users 10312 10312
stats: {load,"os_mon@test2"} 1 0.5390625 0.0 0.94921875 0.5390625 0.8170572916666666 6
stats: {recvpackets,"os_mon@test3"} 1 11674.0 0.0 11674 3630 8409.8 5
stats: {sentpackets,"os_mon@test3"} 1 8429.0 0.0 8429 2521 5927.6 5
stats: {freemem,"os_mon@test2"} 1 1349.79296875 0.0 1511.5546875 1349.79296875 1477.2395833333333 6
stats: {cpu,"os_mon@test3"} 1 39.33298041291688 0.0 39.33298041291688 3.0135610246107487 29.10802874409194 6
stats: {load,"os_mon@test4"} 1 0.6484375 0.0 1.44921875 0.6484375 1.029296875 6
stats: {freemem,"os_mon@test4"} 1 1293.890625 0.0 1437.47265625 1293.890625 1404.3092447916667 6
stats: {freemem,"os_mon@myserver"} 1 3136.18359375 0.0 3144.05078125 3134.0078125 3137.6393229166665 6
stats: {recvpackets,"os_mon@test2"} 1 11702.0 0.0 11702 3669 8430.8 5
stats: {sentpackets,"os_mon@test2"} 1 8451.0 0.0 8451 2548 5942.6 5
stats: {load,"os_mon@test3"} 1 0.7890625 0.0 1.58984375 0.7890625 1.205078125 6
stats: {cpu,"os_mon@test2"} 1 44.415034409740606 0.0 44.456289978678036 2.3127199597787835 27.63502422508009 6
stats: {freemem,"os_mon@test3"} 1 1300.28125 0.0 1488.390625 1300.28125 1446.453125 6
stats: {recvpackets,"os_mon@test4"} 1 11638.0 0.0 11638 3663 8425.8 5
stats: {sentpackets,"os_mon@test4"} 1 8402.0 0.0 8402 2544 5939.2 5
stats: {cpu,"os_mon@test4"} 1 36.36363636363637 0.0 40.35087719298245 1.9539078156312624 24.624985331783126 6
stats: {load,"os_mon@myserver"} 1 0.94140625 0.0 0.94140625 0.83984375 0.8880208333333334 6
stats: {recvpackets,"os_mon@myserver"} 1 11725.0 0.0 11725 3718 8470.8 5
stats: {sentpackets,"os_mon@myserver"} 1 8458.0 0.0 8458 2587 5971.6 5
stats: {cpu,"os_mon@myserver"} 1 100.0 0.0 100.0 3.1568228105906315 74.51619469658458 6
stats: session 797 26010.537464711426 9393.48928051481 45243.491943359375 18.385009765625 6061.293358170809 5028
stats: users_count 2752 16137
stats: finish_users_count 797 5825
stats: request 15054 4445.132664676052 7073.548919216117 37898.60400390625 1.260986328125 1131.2951622363403 78747
stats: page 790 25917.184921380544 9318.111747564164 45241.549072265625 16.90283203125 5953.29722290039 5000
stats: connect 14913 4128.000979591162 6984.340307437327 31112.31103515625 0.288818359375 1050.0413064697957 79221
stats: 200 15054 93801
stats: size_rcv 2559180 15946170
stats: newphase 5 35
stats: size_sent 1980035 12493714
stats: connected -141 333
# stats: dump at 1338918334
stats: users 12483 12483
stats: {load,"os_mon@test2"} 1 0.5390625 0.0 0.94921875 0.5390625 0.77734375 7
stats: {recvpackets,"os_mon@test3"} 1 12836.0 0.0 12836 3630 8953.833333333334 6
stats: {sentpackets,"os_mon@test3"} 1 9368.0 0.0 9368 2521 6344.5 6
stats: {freemem,"os_mon@test2"} 1 1294.765625 0.0 1511.5546875 1294.765625 1459.032924107143 7
stats: {cpu,"os_mon@test3"} 1 34.598930481283425 0.0 39.33298041291688 3.0135610246107487 30.568736125352643 7
stats: {load,"os_mon@test4"} 1 0.7109375 0.0 1.44921875 0.6484375 0.9748883928571429 7
stats: {freemem,"os_mon@test4"} 1 1230.35546875 0.0 1437.47265625 1230.35546875 1388.53515625 7
stats: {freemem,"os_mon@myserver"} 1 3134.87109375 0.0 3144.05078125 3134.0078125 3137.4313616071427 7
stats: {recvpackets,"os_mon@test2"} 1 12860.0 0.0 12860 3669 8976.0 6
stats: {sentpackets,"os_mon@test2"} 1 9384.0 0.0 9384 2548 6360.666666666667 6
stats: {load,"os_mon@test3"} 1 0.671875 0.0 1.58984375 0.671875 1.1456473214285714 7
stats: {cpu,"os_mon@test2"} 1 48.99577167019027 0.0 48.99577167019027 2.3127199597787835 30.03216853717445 7
stats: {freemem,"os_mon@test3"} 1 1268.671875 0.0 1488.390625 1268.671875 1425.5714285714287 7
stats: {recvpackets,"os_mon@test4"} 1 12849.0 0.0 12849 3663 8961.166666666666 6
stats: {sentpackets,"os_mon@test4"} 1 9377.0 0.0 9377 2544 6349.666666666667 6
stats: {cpu,"os_mon@test4"} 1 44.24920127795527 0.0 44.24920127795527 1.9539078156312624 26.301935479190735 7
stats: {load,"os_mon@myserver"} 1 0.94921875 0.0 0.94921875 0.83984375 0.8956473214285714 7
stats: {recvpackets,"os_mon@myserver"} 1 12935.0 0.0 12935 3718 9013.166666666666 6
stats: {sentpackets,"os_mon@myserver"} 1 9438.0 0.0 9438 2587 6386.0 6
stats: {cpu,"os_mon@myserver"} 1 100.0 0.0 100.0 3.1568228105906315 78.15673831135821 7
stats: session 761 32247.223096729736 12340.597650723194 55406.589111328125 18.385009765625 8790.829418756712 5825
stats: users_count 2932 19069
stats: finish_users_count 761 6586
stats: request 15334 4668.377736018093 7413.6123279107105 37898.60400390625 1.260986328125 1663.1286156294536 93801
stats: page 746 32397.632260729097 11574.139639868665 55275.52392578125 16.90283203125 8677.212815611845 5790
stats: connect 15415 4419.0751586953465 7394.310659115027 31112.31103515625 0.288818359375 1537.6612164413143 94134
stats: error_unknown 20 20
stats: 200 15334 109135
stats: size_rcv 2606780 18552950
stats: newphase 5 40
stats: size_sent 2046693 14540407
stats: connected 81 414
# stats: dump at 1338918344
stats: users 13826 13826
stats: {load,"os_mon@test2"} 1 0.53125 0.0 0.94921875 0.53125 0.74755859375 8
stats: {recvpackets,"os_mon@test3"} 1 11341.0 0.0 12836 3630 9508.42857142857 7
stats: {sentpackets,"os_mon@test3"} 1 8665.0 0.0 9368 2521 6776.428571428572 7
stats: {freemem,"os_mon@test2"} 1 1252.11328125 0.0 1511.5546875 1252.11328125 1438.49951171875 8
stats: {cpu,"os_mon@test3"} 1 41.519529159978596 0.0 41.519529159978596 3.0135610246107487 31.07251041984399 8
stats: {load,"os_mon@test4"} 1 0.76171875 0.0 1.44921875 0.6484375 0.94189453125 8
stats: {freemem,"os_mon@test4"} 1 1159.76953125 0.0 1437.47265625 1159.76953125 1368.7626953125 8
stats: {freemem,"os_mon@myserver"} 1 3134.9453125 0.0 3144.05078125 3134.0078125 3137.111328125 8
stats: {recvpackets,"os_mon@test2"} 1 11198.0 0.0 12860 3669 9530.857142857143 7
stats: {sentpackets,"os_mon@test2"} 1 8564.0 0.0 9384 2548 6792.571428571428 7
stats: {load,"os_mon@test3"} 1 1.12890625 0.0 1.58984375 0.671875 1.08642578125 8
stats: {cpu,"os_mon@test2"} 1 38.90675241157556 0.0 48.99577167019027 2.3127199597787835 32.40261892880143 8
stats: {freemem,"os_mon@test3"} 1 1202.8984375 0.0 1488.390625 1202.8984375 1405.958984375 8
stats: {recvpackets,"os_mon@test4"} 1 11990.0 0.0 12849 3663 9516.57142857143 7
stats: {sentpackets,"os_mon@test4"} 1 9151.0 0.0 9377 2544 6782.142857142857 7
stats: {cpu,"os_mon@test4"} 1 47.96425024826216 0.0 47.96425024826216 1.9539078156312624 28.545343704036302 8
stats: {load,"os_mon@myserver"} 1 0.9609375 0.0 0.9609375 0.83984375 0.90234375 8
stats: {recvpackets,"os_mon@myserver"} 1 11016.0 0.0 12935 3718 9573.42857142857 7
stats: {sentpackets,"os_mon@myserver"} 1 8447.0 0.0 9438 2587 6822.0 7
stats: {cpu,"os_mon@myserver"} 1 100.0 0.0 100.0 3.1568228105906315 80.88714602243843 8
stats: session 857 37232.21923286857 13161.835545145685 66221.7001953125 18.385009765625 11501.171901134097 6586
stats: users_count 2200 21269
stats: finish_users_count 857 7443
stats: request 15209 4808.326646624128 7448.153130110612 43109.387939453125 1.260986328125 2085.3807804898506 109135
stats: page 860 37031.94372672155 12993.769604769435 62153.22412109375 16.90283203125 11384.592391202032 6536
stats: error_unknown 0 20
stats: connect 15209 4498.798251844624 7429.680025123014 31112.31103515625 0.288818359375 1943.1144466839082 109549
stats: 200 15209 124344
stats: size_rcv 2585530 21138480
stats: newphase 4 44
stats: size_sent 2018467 16558874
stats: connected 0 414
# stats: dump at 1338918354
stats: users 17157 17175
stats: {load,"os_mon@test2"} 1 0.609375 0.0 0.94921875 0.53125 0.7235243055555556 9
stats: {recvpackets,"os_mon@test3"} 1 11657.0 0.0 12836 3630 9737.5 8
stats: {sentpackets,"os_mon@test3"} 1 8937.0 0.0 9368 2521 7012.5 8
stats: {freemem,"os_mon@test2"} 1 1214.9765625 0.0 1511.5546875 1214.9765625 1417.7899305555557 9
stats: {cpu,"os_mon@test3"} 1 49.59699086512628 0.0 49.59699086512628 3.0135610246107487 32.23329027985895 9
stats: {load,"os_mon@test4"} 1 0.7890625 0.0 1.44921875 0.6484375 0.921875 9
stats: {freemem,"os_mon@test4"} 1 1128.2578125 0.0 1437.47265625 1128.2578125 1345.541232638889 9
stats: {freemem,"os_mon@myserver"} 1 3133.8359375 0.0 3144.05078125 3133.8359375 3136.870659722222 9
stats: {recvpackets,"os_mon@test2"} 1 11712.0 0.0 12860 3669 9739.25 8
stats: {sentpackets,"os_mon@test2"} 1 8977.0 0.0 9384 2548 7014.0 8
stats: {load,"os_mon@test3"} 1 1.87109375 0.0 1.87109375 0.671875 1.0911458333333333 9
stats: {cpu,"os_mon@test2"} 1 36.775553213909376 0.0 48.99577167019027 2.3127199597787835 33.12530042688744 9
stats: {freemem,"os_mon@test3"} 1 1126.71484375 0.0 1488.390625 1126.71484375 1383.396701388889 9
stats: {recvpackets,"os_mon@test4"} 1 12416.0 0.0 12849 3663 9825.75 8
stats: {sentpackets,"os_mon@test4"} 1 9460.0 0.0 9460 2544 7078.25 8
stats: {cpu,"os_mon@test4"} 1 36.227224008574495 0.0 47.96425024826216 1.9539078156312624 30.702999986728067 9
stats: {load,"os_mon@myserver"} 1 0.9609375 0.0 0.9609375 0.83984375 0.9088541666666666 9
stats: {recvpackets,"os_mon@myserver"} 1 11923.0 0.0 12935 3718 9753.75 8
stats: {sentpackets,"os_mon@myserver"} 1 9120.0 0.0 9438 2587 7025.125 8
stats: {cpu,"os_mon@myserver"} 1 100.0 0.0 100.0 3.1568228105906315 83.01079646438971 9
stats: session 663 42974.90770637427 15408.213874269295 73415.38500976563 18.385009765625 14463.88956380996 7443
stats: users_count 3994 25263
stats: finish_users_count 663 8106
stats: request 14796 4808.3896342636 8162.584182028096 43109.387939453125 1.260986328125 2418.4349180279405 124344
stats: page 676 42995.977743476105 15296.937768182683 73414.0791015625 16.90283203125 14366.842546495 7396
stats: connect 14876 4436.932526578409 8037.08736274705 31112.31103515625 0.288818359375 2254.6727835656257 124758
stats: error_unknown 0 20
stats: 200 14796 139140
stats: size_rcv 2515320 23653800
stats: newphase 6 50
stats: size_sent 1974820 18533694
stats: connected 80 494
stats: error_connect_etimedout 331 331
# stats: dump at 1338918364
stats: users 18689 18689
stats: {load,"os_mon@test2"} 1 0.671875 0.0 0.94921875 0.53125 0.712109375 10
stats: {recvpackets,"os_mon@test3"} 1 15620.0 0.0 15620 3630 9950.777777777777 9
stats: {sentpackets,"os_mon@test3"} 1 11688.0 0.0 11688 2521 7226.333333333333 9
stats: {freemem,"os_mon@test2"} 1 1157.7265625 0.0 1511.5546875 1157.7265625 1397.50859375 10
stats: {cpu,"os_mon@test3"} 1 45.22019334049409 0.0 49.59699086512628 3.0135610246107487 33.96966033838568 10
stats: {load,"os_mon@test4"} 1 0.671875 0.0 1.44921875 0.6484375 0.90859375 10
stats: {freemem,"os_mon@test4"} 1 1052.97265625 0.0 1437.47265625 1052.97265625 1323.812890625 10
stats: {freemem,"os_mon@myserver"} 1 3134.0234375 0.0 3144.05078125 3133.8359375 3136.5671875 10
stats: {recvpackets,"os_mon@test2"} 1 15582.0 0.0 15582 3669 9958.444444444445 9
stats: {sentpackets,"os_mon@test2"} 1 11664.0 0.0 11664 2548 7232.111111111111 9
stats: {load,"os_mon@test3"} 1 1.578125 0.0 1.87109375 0.671875 1.169140625 10
stats: {cpu,"os_mon@test2"} 1 46.18259476775226 0.0 48.99577167019027 2.3127199597787835 33.49032570558963 10
stats: {freemem,"os_mon@test3"} 1 1062.73046875 0.0 1488.390625 1062.73046875 1357.728515625 10
stats: {recvpackets,"os_mon@test4"} 1 15066.0 0.0 15066 3663 10113.555555555555 9
stats: {sentpackets,"os_mon@test4"} 1 11308.0 0.0 11308 2544 7342.888888888889 9
stats: {cpu,"os_mon@test4"} 1 46.81425485961123 0.0 47.96425024826216 1.9539078156312624 31.255422388912713 10
stats: {load,"os_mon@myserver"} 1 0.96875 0.0 0.96875 0.83984375 0.9140625 10
stats: {recvpackets,"os_mon@myserver"} 1 15448.0 0.0 15448 3718 9994.777777777777 9
stats: {sentpackets,"os_mon@myserver"} 1 11573.0 0.0 11573 2587 7257.888888888889 9
stats: {cpu,"os_mon@myserver"} 1 100.0 0.0 100.0 3.1568228105906315 84.70971681795075 10
stats: session 839 43100.593895495025 19635.176788038312 88300.64697265625 18.385009765625 16795.84182491533 8106
stats: users_count 2371 27634
stats: finish_users_count 839 8945
stats: error_unknown 25 45
stats: request 15214 4934.603375309122 7376.965306971815 43109.387939453125 1.260986328125 2672.5801672835305 139140
stats: page 813 44244.05909824721 18711.53829277267 86128.31689453125 16.90283203125 16764.426217599957 8072
stats: connect 15132 4411.529763665724 7302.777659115503 31112.31103515625 0.288818359375 2487.1612601333536 139634
stats: 200 15214 154354
stats: size_rcv 2586380 26240180
stats: newphase 5 55
stats: size_sent 2008900 20542594
stats: connected -82 412
stats: error_connect_etimedout 300 631
# stats: dump at 1338918374
stats: users 21376 21376
stats: {load,"os_mon@test2"} 1 0.5703125 0.0 0.94921875 0.53125 0.7084517045454546 11
stats: {recvpackets,"os_mon@test3"} 1 15440.0 0.0 15620 3630 10517.7 10
stats: {sentpackets,"os_mon@test3"} 1 11612.0 0.0 11688 2521 7672.5 10
stats: {freemem,"os_mon@test2"} 1 1110.22265625 0.0 1511.5546875 1110.22265625 1375.7102272727273 11
stats: {cpu,"os_mon@test3"} 1 50.78082929456112 0.0 50.78082929456112 3.0135610246107487 34.99243606585008 11
stats: {load,"os_mon@test4"} 1 0.7109375 0.0 1.44921875 0.6484375 0.8870738636363636 11
stats: {freemem,"os_mon@test4"} 1 1001.19140625 0.0 1437.47265625 1001.19140625 1299.1910511363637 11
stats: {freemem,"os_mon@myserver"} 1 3134.42578125 0.0 3144.05078125 3133.8359375 3136.3359375 11
stats: {recvpackets,"os_mon@test2"} 1 15468.0 0.0 15582 3669 10520.8 10
stats: {sentpackets,"os_mon@test2"} 1 11633.0 0.0 11664 2548 7675.3 10
stats: {load,"os_mon@test3"} 1 1.5 0.0 1.87109375 0.671875 1.2063210227272727 11
stats: {cpu,"os_mon@test2"} 1 46.49076517150396 0.0 48.99577167019027 2.3127199597787835 34.64416834760442 11
stats: {freemem,"os_mon@test3"} 1 995.90234375 0.0 1488.390625 995.90234375 1330.9105113636363 11
stats: {recvpackets,"os_mon@test4"} 1 15333.0 0.0 15333 3663 10608.8 10
stats: {sentpackets,"os_mon@test4"} 1 11744.0 0.0 11744 2544 7739.4 10
stats: {cpu,"os_mon@test4"} 1 43.84368308351178 0.0 47.96425024826216 1.9539078156312624 32.66986170443076 11
stats: {load,"os_mon@myserver"} 1 0.96875 0.0 0.96875 0.83984375 0.9190340909090909 11
stats: {recvpackets,"os_mon@myserver"} 1 15328.0 0.0 15448 3718 10540.1 10
stats: {sentpackets,"os_mon@myserver"} 1 11542.0 0.0 11573 2587 7689.4 10
stats: {cpu,"os_mon@myserver"} 1 100.0 0.0 100.0 3.1568228105906315 86.0997425617734 11
stats: session 671 50864.853112847544 21411.307578742202 95423.60400390625 18.385009765625 19263.106999562213 8945
stats: users_count 3358 30992
stats: finish_users_count 671 9616
stats: request 14600 5282.811437453171 8096.432221924605 45155.3671875 1.260986328125 2895.537920804018 154354
stats: page 678 50806.10501395702 21490.232418484244 95422.080078125 16.90283203125 19278.882214444777 8885
stats: connect 14679 4745.007822695367 7955.9297641109215 31117.06396484375 0.288818359375 2675.313336141339 154766
stats: error_unknown 0 45
stats: 200 14600 168954
stats: size_rcv 2482000 28722180
stats: newphase 6 61
stats: size_sent 1948277 22490871
stats: connected 79 491
stats: error_connect_etimedout 627 1258
# stats: dump at 1338918384
stats: users 23458 23478
stats: {load,"os_mon@test2"} 1 1.16015625 0.0 1.16015625 0.53125 0.6969401041666666 12
stats: {recvpackets,"os_mon@test3"} 1 13046.0 0.0 15620 3630 10965.181818181818 11
stats: {sentpackets,"os_mon@test3"} 1 10354.0 0.0 11688 2521 8030.636363636364 11
stats: {freemem,"os_mon@test2"} 1 1068.53125 0.0 1511.5546875 1068.53125 1353.5862630208333 12
stats: {cpu,"os_mon@test3"} 1 48.50107066381156 0.0 50.78082929456112 3.0135610246107487 36.308135501576 12
stats: {load,"os_mon@test4"} 1 0.75 0.0 1.44921875 0.6484375 0.8723958333333334 12
stats: {freemem,"os_mon@test4"} 1 946.16796875 0.0 1437.47265625 946.16796875 1274.3577473958335 12
stats: {freemem,"os_mon@myserver"} 1 3132.45703125 0.0 3144.05078125 3132.45703125 3136.1767578125 12
stats: {recvpackets,"os_mon@test2"} 1 12986.0 0.0 15582 3669 10970.545454545454 11
stats: {sentpackets,"os_mon@test2"} 1 1.03e4 0.0 11664 2548 8035.090909090909 11
stats: {load,"os_mon@test3"} 1 1.58984375 0.0 1.87109375 0.671875 1.2307942708333333 12
stats: {cpu,"os_mon@test2"} 1 39.54593453009504 0.0 48.99577167019027 2.3127199597787835 35.631384749596045 12
stats: {freemem,"os_mon@test3"} 1 921.13671875 0.0 1488.390625 921.13671875 1302.9931640624998 12
stats: {recvpackets,"os_mon@test4"} 1 12878.0 0.0 15333 3663 11038.272727272728 11
stats: {sentpackets,"os_mon@test4"} 1 10043.0 0.0 11744 2544 8103.454545454545 11
stats: {cpu,"os_mon@test4"} 1 44.734042553191486 0.0 47.96425024826216 1.9539078156312624 33.60101348602084 12
stats: {load,"os_mon@myserver"} 1 0.98046875 0.0 0.98046875 0.83984375 0.9231770833333334 12
stats: {recvpackets,"os_mon@myserver"} 1 13093.0 0.0 15448 3718 10975.363636363636 11
stats: {sentpackets,"os_mon@myserver"} 1 10369.0 0.0 11573 2587 8039.636363636364 11
stats: {cpu,"os_mon@myserver"} 1 100.0 0.0 100.0 3.1568228105906315 87.25809734829227 12
stats: session 751 55093.678102048834 23013.15995589888 104414.11791992188 18.385009765625 21468.262120403982 9616
stats: users_count 2833 33825
stats: finish_users_count 751 10367
stats: request 14876 5446.838787196827 8440.90928701235 45155.3671875 1.260986328125 3101.8319022609685 168954
stats: page 744 54938.735491352694 22887.337598156042 104412.56005859375 16.90283203125 21514.107254502214 9563
stats: connect 14902 5026.294814647778 8393.060982440693 31117.06396484375 0.288818359375 2854.610720945414 169445
stats: error_unknown 0 45
stats: 200 14876 183830
stats: size_rcv 2528920 31251100
stats: newphase 5 66
stats: size_sent 1977538 24468409
stats: connected 26 517
stats: error_connect_etimedout 1523 2781
# stats: dump at 1338918394
stats: users 25919 25926
stats: {load,"os_mon@test2"} 1 1.2109375 0.0 1.2109375 0.53125 0.7325721153846154 13
stats: {recvpackets,"os_mon@test3"} 1 14978.0 0.0 15620 3630 11138.583333333334 12
stats: {sentpackets,"os_mon@test3"} 1 11533.0 0.0 11688 2521 8224.25 12
stats: {freemem,"os_mon@test2"} 1 1021.1484375 0.0 1511.5546875 1021.1484375 1331.658954326923 13
stats: {cpu,"os_mon@test3"} 1 49.43518020441097 0.0 50.78082929456112 3.0135610246107487 37.24605359097873 13
stats: {load,"os_mon@test4"} 1 0.7109375 0.0 1.44921875 0.6484375 0.8629807692307693 13
stats: {freemem,"os_mon@test4"} 1 897.671875 0.0 1437.47265625 897.671875 1249.1123798076924 13
stats: {freemem,"os_mon@myserver"} 1 3132.16015625 0.0 3144.05078125 3132.16015625 3135.890625 13
stats: {recvpackets,"os_mon@test2"} 1 14977.0 0.0 15582 3669 11138.5 12
stats: {sentpackets,"os_mon@test2"} 1 11550.0 0.0 11664 2548 8223.833333333334 12
stats: {load,"os_mon@test3"} 1 1.71875 0.0 1.87109375 0.671875 1.2584134615384615 13
stats: {cpu,"os_mon@test2"} 1 41.4922168545357 0.0 48.99577167019027 2.3127199597787835 35.932503963480585 13
stats: {freemem,"os_mon@test3"} 1 851.3203125 0.0 1488.390625 851.3203125 1273.6195913461536 13
stats: {recvpackets,"os_mon@test4"} 1 15121.0 0.0 15333 3663 11191.583333333334 12
stats: {sentpackets,"os_mon@test4"} 1 11730.0 0.0 11744 2544 8265.083333333334 12
stats: {cpu,"os_mon@test4"} 1 40.09559214020181 0.0 47.96425024826216 1.9539078156312624 34.45740033734166 13
stats: {load,"os_mon@myserver"} 1 0.98046875 0.0 0.98046875 0.83984375 0.9275841346153846 13
stats: {recvpackets,"os_mon@myserver"} 1 14953.0 0.0 15448 3718 11151.833333333334 12
stats: {sentpackets,"os_mon@myserver"} 1 11556.0 0.0 11573 2587 8233.75 12
stats: {cpu,"os_mon@myserver"} 1 100.0 0.0 100.0 3.1568228105906315 88.23824370611594 13
stats: session 681 58038.4792860482 31324.69744410526 116474.458984375 18.385009765625 23904.134349806438 10367
stats: users_count 3142 36967
stats: finish_users_count 681 11048
stats: request 14281 4391.995341617044 7339.062730181035 57186.0830078125 1.260986328125 3291.595936533426 183830
stats: page 613 63101.336042245515 28141.05967221658 115540.46215820313 16.90283203125 23926.829036613086 10307
stats: connect 14281 3994.4116865010765 7337.98299139371 31117.06396484375 0.288818359375 3030.1624595923818 184347
stats: error_unknown 68 113
stats: 200 14279 198109
stats: size_rcv 2427430 33678530
stats: newphase 5 71
stats: size_sent 1895955 26364364
stats: connected 0 517
stats: error_connect_etimedout 1270 4051
# stats: dump at 1338918404
stats: users 27355 27355
stats: {load,"os_mon@test2"} 1 1.1796875 0.0 1.2109375 0.53125 0.7667410714285714 14
stats: {recvpackets,"os_mon@test3"} 1 15077.0 0.0 15620 3630 11433.923076923076 13
stats: {sentpackets,"os_mon@test3"} 1 11971.0 0.0 11971 2521 8478.76923076923 13
stats: {freemem,"os_mon@test2"} 1 997.70703125 0.0 1511.5546875 997.70703125 1309.4796316964287 14
stats: {cpu,"os_mon@test3"} 1 51.4840798704803 0.0 51.4840798704803 3.0135610246107487 38.11670549193817 14
stats: {load,"os_mon@test4"} 1 0.76171875 0.0 1.44921875 0.6484375 0.8521205357142857 14
stats: {freemem,"os_mon@test4"} 1 818.59765625 0.0 1437.47265625 818.59765625 1224.009486607143 14
stats: {freemem,"os_mon@myserver"} 1 3130.44140625 0.0 3144.05078125 3130.44140625 3135.6241629464284 14
stats: {recvpackets,"os_mon@test2"} 1 15094.0 0.0 15582 3669 11433.76923076923 13
stats: {sentpackets,"os_mon@test2"} 1 11975.0 0.0 11975 2548 8479.692307692309 13
stats: {load,"os_mon@test3"} 1 1.53125 0.0 1.87109375 0.671875 1.2912946428571428 14
stats: {cpu,"os_mon@test2"} 1 39.31440814140332 0.0 48.99577167019027 2.3127199597787835 36.32962631284166 14
stats: {freemem,"os_mon@test3"} 1 781.80859375 0.0 1488.390625 781.80859375 1243.4553571428569 14
stats: {recvpackets,"os_mon@test4"} 1 15004.0 0.0 15333 3663 11493.846153846154 13
stats: {sentpackets,"os_mon@test4"} 1 12021.0 0.0 12021 2544 8531.615384615385 13
stats: {cpu,"os_mon@test4"} 1 50.297458085451595 0.0 50.297458085451595 1.9539078156312624 34.86012832326024 14
stats: {load,"os_mon@myserver"} 1 0.98046875 0.0 0.98046875 0.83984375 0.9313616071428571 14
stats: {recvpackets,"os_mon@myserver"} 1 15204.0 0.0 15448 3718 11444.23076923077 13
stats: {sentpackets,"os_mon@myserver"} 1 12108.0 0.0 12108 2587 8489.307692307691 13
stats: {cpu,"os_mon@myserver"} 1 100.0 0.0 100.0 3.1568228105906315 89.07836915567908 14
stats: session 757 70560.99040079048 30456.485985294657 128751.18310546875 18.385009765625 26008.179326415833 11048
stats: users_count 2193 39160
stats: finish_users_count 757 11805
stats: request 14972 6007.666170487652 8676.364754430253 57186.0830078125 1.260986328125 3370.9191639362416 198111
stats: page 761 70551.93903189423 30403.54797829256 125437.2470703125 16.90283203125 26125.910794346848 10920
stats: connect 15534 5289.665272217276 8423.38238849575 31129.5048828125 0.288818359375 3099.4902643806445 198628
stats: error_unknown 0 113
stats: 200 14972 213081
stats: size_rcv 2545240 36223770
stats: newphase 4 75
stats: size_sent 2062442 28426806
stats: connected 562 1079
stats: error_connect_etimedout 2458 6509
# stats: dump at 1338918414
stats: users 29740 29742
stats: {load,"os_mon@test2"} 1 1.51953125 0.0 1.51953125 0.53125 0.7942708333333334 15
stats: {recvpackets,"os_mon@test3"} 1 13658.0 0.0 15620 3630 11694.142857142857 14
stats: {sentpackets,"os_mon@test3"} 1 11164.0 0.0 11971 2521 8728.214285714286 14
stats: {freemem,"os_mon@test2"} 1 940.23046875 0.0 1511.5546875 940.23046875 1288.6947916666666 15
stats: {cpu,"os_mon@test3"} 1 40.23926046764546 0.0 51.4840798704803 3.0135610246107487 39.00786378384098 15
stats: {load,"os_mon@test4"} 1 0.94921875 0.0 1.44921875 0.6484375 0.84609375 15
stats: {freemem,"os_mon@test4"} 1 761.015625 0.0 1437.47265625 761.015625 1196.98203125 15
stats: {freemem,"os_mon@myserver"} 1 3127.07421875 0.0 3144.05078125 3127.07421875 3135.2786458333335 15
stats: {recvpackets,"os_mon@test2"} 1 13725.0 0.0 15582 3669 11695.214285714286 14
stats: {sentpackets,"os_mon@test2"} 1 11208.0 0.0 11975 2548 8729.357142857143 14
stats: {load,"os_mon@test3"} 1 1.30078125 0.0 1.87109375 0.671875 1.3072916666666667 15
stats: {cpu,"os_mon@test2"} 1 52.53333333333333 0.0 52.53333333333333 2.3127199597787835 36.52861176807911 15
stats: {freemem,"os_mon@test3"} 1 751.4140625 0.0 1488.390625 751.4140625 1212.6789062499997 15
stats: {recvpackets,"os_mon@test4"} 1 13640.0 0.0 15333 3663 11744.57142857143 14
stats: {sentpackets,"os_mon@test4"} 1 11010.0 0.0 12021 2544 8780.857142857143 14
stats: {cpu,"os_mon@test4"} 1 54.14424111948332 0.0 54.14424111948332 1.9539078156312624 35.88928364073966 15
stats: {load,"os_mon@myserver"} 1 0.98828125 0.0 0.98828125 0.83984375 0.9346354166666667 15
stats: {recvpackets,"os_mon@myserver"} 1 13695.0 0.0 15448 3718 11712.785714285714 14
stats: {sentpackets,"os_mon@myserver"} 1 11129.0 0.0 12108 2587 8747.785714285714 14
stats: {cpu,"os_mon@myserver"} 1 100.0 0.0 100.0 3.1568228105906315 89.80647787863381 15
stats: session 741 76005.07946760883 31855.543596916075 130613.51391601563 18.385009765625 28865.144848084754 11805
stats: users_count 3126 42286
stats: finish_users_count 741 12546
stats: request 14759 4848.432703105681 7608.534777792301 70247.42309570313 1.260986328125 3556.186764740096 213083
stats: page 738 75239.60826578115 32260.872414629364 130612.17211914063 16.90283203125 29020.201307896503 11681
stats: connect 14178 4149.705389129651 7320.845357756383 31129.5048828125 0.288818359375 3258.352147309148 214162
stats: error_unknown 0 113
stats: 200 14748 227829
stats: size_rcv 2507160 38730930
stats: newphase 5 80
stats: size_sent 1883014 30309820
stats: connected -581 498
stats: error_connect_etimedout 1960 8469
# stats: dump at 1338918424
stats: users 32511 32549
stats: {load,"os_mon@test2"} 1 1.28125 0.0 1.51953125 0.53125 0.839599609375 16
stats: {recvpackets,"os_mon@test3"} 1 17112.0 0.0 17112 3630 11825.066666666668 15
stats: {sentpackets,"os_mon@test3"} 1 13553.0 0.0 13553 2521 8890.6 15
stats: {freemem,"os_mon@test2"} 1 911.97265625 0.0 1511.5546875 911.97265625 1266.915771484375 16
stats: {cpu,"os_mon@test3"} 1 52.26781857451404 0.0 52.26781857451404 3.0135610246107487 39.08482607657876 16
stats: {load,"os_mon@test4"} 1 1.3515625 0.0 1.44921875 0.6484375 0.8525390625 16
stats: {freemem,"os_mon@test4"} 1 676.171875 0.0 1437.47265625 676.171875 1169.734130859375 16
stats: {freemem,"os_mon@myserver"} 1 3126.51171875 0.0 3144.05078125 3126.51171875 3134.765869140625 16
stats: {recvpackets,"os_mon@test2"} 1 17152.0 0.0 17152 3669 11830.533333333333 15
stats: {sentpackets,"os_mon@test2"} 1 13587.0 0.0 13587 2548 8894.6 15
stats: {load,"os_mon@test3"} 1 1.328125 0.0 1.87109375 0.671875 1.306884765625 16
stats: {cpu,"os_mon@test2"} 1 39.71061093247588 0.0 52.53333333333333 2.3127199597787835 37.528906865907494 16
stats: {freemem,"os_mon@test3"} 1 679.08984375 0.0 1488.390625 679.08984375 1183.8498535156248 16
stats: {recvpackets,"os_mon@test4"} 1 18099.0 0.0 18099 3663 11870.933333333332 15
stats: {sentpackets,"os_mon@test4"} 1 14197.0 0.0 14197 2544 8929.466666666667 15
stats: {cpu,"os_mon@test4"} 1 56.60377358490566 0.0 56.60377358490566 1.9539078156312624 37.03021848316114 16
stats: {load,"os_mon@myserver"} 1 0.98828125 0.0 0.98828125 0.83984375 0.93798828125 16
stats: {recvpackets,"os_mon@myserver"} 1 17194.0 0.0 17194 3718 11844.933333333332 15
stats: {sentpackets,"os_mon@myserver"} 1 13612.0 0.0 13612 2587 8906.533333333333 15
stats: {cpu,"os_mon@myserver"} 1 100.0 0.0 100.0 3.1568228105906315 90.4435730112192 16
stats: session 703 86336.11032447439 33547.94688918872 144464.46118164063 18.385009765625 31649.354281614753 12546
stats: users_count 3474 45760
stats: finish_users_count 703 13249
stats: error_unknown 0 113
stats: request 14613 5023.99732004999 7396.411869670409 70247.42309570313 1.260986328125 3639.895026624813 227842
stats: page 699 85579.3212171125 33956.940949785734 144462.4208984375 16.90283203125 31766.7930089126 12419
stats: connect 14590 4520.538767222063 7318.440479766665 31129.5048828125 0.288818359375 3313.6977120920646 228340
stats: 200 14610 242439
stats: size_rcv 2483700 41214630
stats: newphase 5 85
stats: size_sent 1937418 32247238
stats: connected -23 475
stats: error_connect_etimedout 1882 10351
# stats: dump at 1338918434
stats: users 35007 35007
stats: {load,"os_mon@test2"} 1 1.5390625 0.0 1.5390625 0.53125 0.8655790441176471 17
stats: {recvpackets,"os_mon@test3"} 1 19439.0 0.0 19439 3630 12155.5 16
stats: {sentpackets,"os_mon@test3"} 1 14745.0 0.0 14745 2521 9182.0 16
stats: {freemem,"os_mon@test2"} 1 836.87109375 0.0 1511.5546875 836.87109375 1246.0367647058824 17
stats: {cpu,"os_mon@test3"} 1 55.231930960086295 0.0 55.231930960086295 3.0135610246107487 39.86029622351613 17
stats: {load,"os_mon@test4"} 1 1.58984375 0.0 1.58984375 0.6484375 0.8818933823529411 17
stats: {freemem,"os_mon@test4"} 1 618.76171875 0.0 1437.47265625 618.76171875 1140.7010569852941 17
stats: {freemem,"os_mon@myserver"} 1 3126.68359375 0.0 3144.05078125 3126.51171875 3134.280330882353 17
stats: {recvpackets,"os_mon@test2"} 1 19414.0 0.0 19414 3669 12163.125 16
stats: {sentpackets,"os_mon@test2"} 1 14734.0 0.0 14734 2548 9187.875 16
stats: {load,"os_mon@test3"} 1 1.578125 0.0 1.87109375 0.671875 1.3081341911764706 17
stats: {cpu,"os_mon@test2"} 1 56.903991370010786 0.0 56.903991370010786 2.3127199597787835 37.657242399235045 17
stats: {freemem,"os_mon@test3"} 1 594.09375 0.0 1488.390625 594.09375 1154.158088235294 17
stats: {recvpackets,"os_mon@test4"} 1 18856.0 0.0 18856 3663 12260.1875 16
stats: {sentpackets,"os_mon@test4"} 1 14382.0 0.0 14382 2544 9258.6875 16
stats: {cpu,"os_mon@test4"} 1 45.043103448275865 0.0 56.60377358490566 1.9539078156312624 38.18160407738141 17
stats: {load,"os_mon@myserver"} 1 0.98828125 0.0 0.98828125 0.83984375 0.9409466911764706 17
stats: {recvpackets,"os_mon@myserver"} 1 19333.0 0.0 19333 3718 12179.25 16
stats: {sentpackets,"os_mon@myserver"} 1 14674.0 0.0 14674 2587 9200.625 16
stats: {cpu,"os_mon@myserver"} 1 100.0 0.0 100.0 3.1568228105906315 91.00571577526513 17
stats: session 701 88808.26910147887 35506.42594825428 152275.52807617188 18.385009765625 34551.0668258166 13249
stats: users_count 3197 48957
stats: finish_users_count 701 13950
stats: request 15052 5265.173859056185 8234.891978475063 86258.52221679688 1.260986328125 3723.3162256672003 242455
stats: page 708 87104.628188311 35858.1757737718 152273.4150390625 16.90283203125 34634.22380762671 13118
stats: connect 15098 4684.1373069481015 7837.513769496677 31129.5048828125 0.288818359375 3386.1787189432016 242930
stats: error_unknown 0 113
stats: 200 15041 257480
stats: size_rcv 2556970 43771600
stats: newphase 5 90
stats: size_sent 2004678 34251916
stats: connected 46 521
stats: error_connect_etimedout 2408 12759
# stats: dump at 1338918444
stats: users 37219 37268
stats: {load,"os_mon@test2"} 1 1.37890625 0.0 1.5390625 0.53125 0.9029947916666666 18
stats: {recvpackets,"os_mon@test3"} 1 18721.0 0.0 19439 3630 12583.941176470587 17
stats: {sentpackets,"os_mon@test3"} 1 1.48e4 0.0 14800 2521 9509.235294117647 17
stats: {freemem,"os_mon@test2"} 1 812.359375 0.0 1511.5546875 812.359375 1223.3053385416667 18
stats: {cpu,"os_mon@test3"} 1 56.60377358490566 0.0 56.60377358490566 3.0135610246107487 40.71427593110336 18
stats: {load,"os_mon@test4"} 1 1.3515625 0.0 1.58984375 0.6484375 0.9212239583333334 18
stats: {freemem,"os_mon@test4"} 1 541.1328125 0.0 1437.47265625 541.1328125 1111.7044270833333 18
stats: {freemem,"os_mon@myserver"} 1 3127.1015625 0.0 3144.05078125 3126.51171875 3133.8582899305557 18
stats: {recvpackets,"os_mon@test2"} 1 18646.0 0.0 19414 3669 12589.64705882353 17
stats: {sentpackets,"os_mon@test2"} 1 14746.0 0.0 14746 2548 9514.117647058823 17
stats: {load,"os_mon@test3"} 1 1.33984375 0.0 1.87109375 0.671875 1.3231336805555556 18
stats: {cpu,"os_mon@test2"} 1 36.036519871106336 0.0 56.903991370010786 2.3127199597787835 38.72650623094481 18
stats: {freemem,"os_mon@test3"} 1 515.41796875 0.0 1488.390625 515.41796875 1123.0434027777776 18
stats: {recvpackets,"os_mon@test4"} 1 19106.0 0.0 19106 3663 12648.176470588236 17
stats: {sentpackets,"os_mon@test4"} 1 15519.0 0.0 15519 2544 9560.058823529413 17
stats: {cpu,"os_mon@test4"} 1 51.43320713899405 0.0 56.60377358490566 1.9539078156312624 38.56279848687554 18
stats: {load,"os_mon@myserver"} 1 0.98828125 0.0 0.98828125 0.83984375 0.9435763888888888 18
stats: {recvpackets,"os_mon@myserver"} 1 18773.0 0.0 19333 3718 12600.058823529413 17
stats: {sentpackets,"os_mon@myserver"} 1 14999.0 0.0 14999 2587 9522.588235294117 17
stats: {cpu,"os_mon@myserver"} 1 100.0 0.0 100.0 3.1568228105906315 91.50539823219485 18
stats: session 642 97452.79473477654 36585.75814961867 167411.68408203125 18.385009765625 37277.53985773338 13950
stats: users_count 2854 51811
stats: finish_users_count 642 14592
stats: request 14266 6005.430227703485 8688.388349168135 87252.60498046875 1.260986328125 3813.442090586488 257507
stats: connect 14294 5315.17581851841 8321.393253744485 31129.5048828125 0.288818359375 3462.1262082145126 258028
stats: error_unknown 0 113
stats: page 626 95248.19038795742 37422.946584667414 167410.05908203125 16.90283203125 37321.121413696754 13826
stats: 200 14251 271731
stats: size_rcv 2422670 46194270
stats: newphase 6 96
stats: size_sent 1897314 36149230
stats: connected 28 549
stats: error_connect_etimedout 3246 16005
# stats: dump at 1338918454
stats: users 40491 40494
stats: {load,"os_mon@test2"} 1 1.23828125 0.0 1.5390625 0.53125 0.9280427631578947 19
stats: {recvpackets,"os_mon@test3"} 1 17916.0 0.0 19439 3630 12924.888888888889 18
stats: {sentpackets,"os_mon@test3"} 1 14292.0 0.0 14800 2521 9803.166666666666 18
stats: {freemem,"os_mon@test2"} 1 744.03515625 0.0 1511.5546875 744.03515625 1201.676603618421 19
stats: {cpu,"os_mon@test3"} 1 58.69209809264305 0.0 58.69209809264305 3.0135610246107487 41.55056528130348 19
stats: {load,"os_mon@test4"} 1 1.140625 0.0 1.58984375 0.6484375 0.9438733552631579 19
stats: {freemem,"os_mon@test4"} 1 495.71875 0.0 1437.47265625 495.71875 1081.6743421052631 19
stats: {freemem,"os_mon@myserver"} 1 3126.74609375 0.0 3144.05078125 3126.51171875 3133.5026726973683 19
stats: {recvpackets,"os_mon@test2"} 1 18228.0 0.0 19414 3669 12926.111111111111 18
stats: {sentpackets,"os_mon@test2"} 1 14499.0 0.0 14746 2548 9804.777777777777 18
stats: {load,"os_mon@test3"} 1 1.12890625 0.0 1.87109375 0.671875 1.324013157894737 19
stats: {cpu,"os_mon@test2"} 1 52.269087026161245 0.0 56.903991370010786 2.3127199597787835 38.58492800147962 19
stats: {freemem,"os_mon@test3"} 1 434.0234375 0.0 1488.390625 434.0234375 1091.0631167763156 19
stats: {recvpackets,"os_mon@test4"} 1 17555.0 0.0 19106 3663 13006.944444444445 18
stats: {sentpackets,"os_mon@test4"} 1 13589.0 0.0 15519 2544 9891.111111111111 18
stats: {cpu,"os_mon@test4"} 1 41.59436008676789 0.0 56.60377358490566 1.9539078156312624 39.240188415934405 19
stats: {load,"os_mon@myserver"} 1 0.98828125 0.0 0.98828125 0.83984375 0.9459292763157895 19
stats: {recvpackets,"os_mon@myserver"} 1 18299.0 0.0 19333 3718 12943.0 18
stats: {sentpackets,"os_mon@myserver"} 1 14387.0 0.0 14999 2587 9826.833333333334 18
stats: {cpu,"os_mon@myserver"} 1 100.0 0.0 100.0 3.1568228105906315 91.95248253576354 19
stats: session 677 105349.1574306742 36567.347238624185 174493.79711914063 18.385009765625 39925.05312740592 14592
stats: users_count 3949 55760
stats: finish_users_count 677 15269
stats: error_unknown 0 113
stats: request 14421 5426.91774555119 8364.198748263943 111591.35205078125 1.260986328125 3928.5046713583497 271773
stats: page 695 104466.58965827338 36963.15104683498 174491.80615234375 16.90283203125 39830.27898205319 14452
stats: connect 14466 4744.713168114294 7926.253036205261 31129.5048828125 0.288818359375 3559.391545314284 272322
stats: 200 14399 286130
stats: size_rcv 2447830 48642100
stats: newphase 5 101
stats: size_sent 1920862 38070092
stats: connected 45 594
stats: error_connect_etimedout 3348 19353
stats: error_abort 1 1
EndMonitor:{1338,918454,550637}
