# stats: dump at 1338982211
stats: users 0 0
# stats: dump at 1338982221
stats: users 1 15
stats: {load,"os_mon@test2"} 1 4.01171875 0 4.01171875 4.01171875 0 0
stats: {freemem,"os_mon@test2"} 1 1435.171875 0 1435.171875 1435.171875 0 0
stats: {load,"os_mon@test4"} 1 1.30859375 0 1.30859375 1.30859375 0 0
stats: {cpu,"os_mon@test3"} 1 2.5692695214105794 0 2.5692695214105794 2.5692695214105794 0 0
stats: {freemem,"os_mon@test4"} 1 1413.046875 0 1413.046875 1413.046875 0 0
stats: {freemem,"os_mon@myserver"} 1 2030.55078125 0 2030.55078125 2030.55078125 0 0
stats: {load,"os_mon@test3"} 1 1.69921875 0 1.69921875 1.69921875 0 0
stats: {cpu,"os_mon@test2"} 1 2.408429503261415 0 2.408429503261415 2.408429503261415 0 0
stats: {freemem,"os_mon@test3"} 1 1419.53125 0 1419.53125 1419.53125 0 0
stats: {cpu,"os_mon@test4"} 1 2.2044088176352705 0 2.2044088176352705 2.2044088176352705 0 0
stats: {load,"os_mon@myserver"} 1 0.94140625 0 0.94140625 0.94140625 0 0
stats: {cpu,"os_mon@myserver"} 1 1.8291155098972687 0 1.8291155098972687 1.8291155098972687 0 0
stats: session 601 33.15897982529119 13.942562149246495 107.926025390625 19.619140625 0 0
stats: users_count 602 602
stats: finish_users_count 601 601
stats: request 5874 2.9541845636624333 1.8335224351802577 54.64892578125 1.27392578125 0 0
stats: page 586 30.94035511212138 13.910419345268405 105.77001953125 18.171142578125 0 0
stats: connect 5875 0.9684905668218086 0.502944026393649 26.48291015625 0.39111328125 0 0
stats: 200 5874 5874
stats: size_rcv 745998 745998
stats: size_sent 779265 779265
stats: connected 1 1
# stats: dump at 1338982231
stats: users 268 271
stats: {load,"os_mon@test2"} 1 3.5390625 0.0 4.01171875 3.5390625 4.01171875 1
stats: {recvpackets,"os_mon@test3"} 1 3576 0 3576 3576 0 0
stats: {sentpackets,"os_mon@test3"} 1 2476 0 2476 2476 0 0
stats: {freemem,"os_mon@test2"} 1 1434.3125 0.0 1435.171875 1434.3125 1435.171875 1
stats: {load,"os_mon@test4"} 1 1.109375 0.0 1.30859375 1.109375 1.30859375 1
stats: {cpu,"os_mon@test3"} 1 21.916411824668707 0.0 21.916411824668707 2.5692695214105794 2.5692695214105794 1
stats: {freemem,"os_mon@test4"} 1 1411.96875 0.0 1413.046875 1411.96875 1413.046875 1
stats: {freemem,"os_mon@myserver"} 1 2029.64453125 0.0 2030.55078125 2029.64453125 2030.55078125 1
stats: {recvpackets,"os_mon@test2"} 1 3594 0 3594 3594 0 0
stats: {sentpackets,"os_mon@test2"} 1 2489 0 2489 2489 0 0
stats: {load,"os_mon@test3"} 1 1.44140625 0.0 1.69921875 1.44140625 1.69921875 1
stats: {cpu,"os_mon@test2"} 1 13.420787083753785 0.0 13.420787083753785 2.408429503261415 2.408429503261415 1
stats: {recvpackets,"os_mon@test4"} 1 3554 0 3554 3554 0 0
stats: {sentpackets,"os_mon@test4"} 1 2465 0 2465 2465 0 0
stats: {freemem,"os_mon@test3"} 1 1420.546875 0.0 1420.546875 1419.53125 1419.53125 1
stats: {cpu,"os_mon@test4"} 1 12.247983870967742 0.0 12.247983870967742 2.2044088176352705 2.2044088176352705 1
stats: {load,"os_mon@myserver"} 1 0.7890625 0.0 0.94140625 0.7890625 0.94140625 1
stats: {recvpackets,"os_mon@myserver"} 1 3784 0 3784 3784 0 0
stats: {sentpackets,"os_mon@myserver"} 1 2627 0 2627 2627 0 0
stats: {cpu,"os_mon@myserver"} 1 16.42821904292057 0.0 16.42821904292057 1.8291155098972687 1.8291155098972687 1
stats: session 1240 310.9525660361011 343.6566104764298 1903.833984375 19.619140625 33.15897982529119 601
stats: users_count 1507 2109
stats: finish_users_count 1240 1841
stats: request 13322 35.27906537940054 62.786291008960085 1101.627197265625 1.22021484375 2.9541845636624333 5874
stats: page 1237 290.0935688188408 314.562399003015 1881.3349609375 18.171142578125 30.94035511212138 586
stats: connect 13468 4.885971699265154 62.521238063637966 1002.05517578125 0.39013671875 0.9684905668218086 5875
stats: 200 13322 19196
stats: size_rcv 1691894 2437892
stats: newphase 6 6
stats: size_sent 1788052 2567317
stats: connected 146 147
# stats: dump at 1338982241
stats: users 392 568
stats: {load,"os_mon@test2"} 1 3.0703125 0.0 4.01171875 3.0703125 3.775390625 2
stats: {recvpackets,"os_mon@test3"} 1 6969.0 0.0 6969 3576 3576.0 1
stats: {sentpackets,"os_mon@test3"} 1 4871.0 0.0 4871 2476 2476.0 1
stats: {freemem,"os_mon@test2"} 1 1430.0859375 0.0 1435.171875 1430.0859375 1434.7421875 2
stats: {load,"os_mon@test4"} 1 0.94140625 0.0 1.30859375 0.94140625 1.208984375 2
stats: {cpu,"os_mon@test3"} 1 36.732623033992894 0.0 36.732623033992894 2.5692695214105794 12.242840673039643 2
stats: {freemem,"os_mon@test4"} 1 1408.37890625 0.0 1413.046875 1408.37890625 1412.5078125 2
stats: {freemem,"os_mon@myserver"} 1 2014.77734375 0.0 2030.55078125 2014.77734375 2030.09765625 2
stats: {recvpackets,"os_mon@test2"} 1 6970.0 0.0 6970 3594 3594.0 1
stats: {sentpackets,"os_mon@test2"} 1 4871.0 0.0 4871 2489 2489.0 1
stats: {load,"os_mon@test3"} 1 1.21875 0.0 1.69921875 1.21875 1.5703125 2
stats: {cpu,"os_mon@test2"} 1 32.942376338602756 0.0 32.942376338602756 2.408429503261415 7.9146082935076 2
stats: {recvpackets,"os_mon@test4"} 1 6971.0 0.0 6971 3554 3554.0 1
stats: {sentpackets,"os_mon@test4"} 1 4871.0 0.0 4871 2465 2465.0 1
stats: {freemem,"os_mon@test3"} 1 1416.20703125 0.0 1420.546875 1416.20703125 1420.0390625 2
stats: {cpu,"os_mon@test4"} 1 25.47411583803178 0.0 25.47411583803178 2.2044088176352705 7.226196344301506 2
stats: {load,"os_mon@myserver"} 1 0.8203125 0.0 0.94140625 0.7890625 0.865234375 2
stats: {recvpackets,"os_mon@myserver"} 1 7022.0 0.0 7022 3784 3784.0 1
stats: {sentpackets,"os_mon@myserver"} 1 4893.0 0.0 4893 2627 2627.0 1
stats: {cpu,"os_mon@myserver"} 1 24.569718134198055 0.0 24.569718134198055 1.8291155098972687 9.128667276408919 2
stats: session 2318 1231.0263380128013 1124.192954521469 6873.567138671875 19.619140625 220.2660123627188 1841
stats: users_count 2442 4551
stats: finish_users_count 2318 4159
stats: request 23384 121.80495506910407 286.92991313799246 3130.953857421875 1.22021484375 25.387611435263967 19196
stats: page 2311 1233.4394894661407 1126.0014592452335 6872.242919921875 18.171142578125 206.78924450060845 1823
stats: connect 23378 68.61235670497167 279.4583739692545 3038.06982421875 0.39013671875 3.6961251577201684 19343
stats: 200 23384 42580
stats: size_rcv 2969768 5407660
stats: newphase 6 12
stats: size_sent 3104366 5671683
stats: connected -6 141
# stats: dump at 1338982251
stats: users 3077 3077
stats: {load,"os_mon@test2"} 1 2.76171875 0.0 4.01171875 2.76171875 3.5403645833333335 3
stats: {recvpackets,"os_mon@test3"} 1 10832.0 0.0 10832 3576 5272.5 2
stats: {sentpackets,"os_mon@test3"} 1 7238.0 0.0 7238 2476 3673.5 2
stats: {freemem,"os_mon@test2"} 1 1427.73046875 0.0 1435.171875 1427.73046875 1433.1901041666667 3
stats: {load,"os_mon@test4"} 1 1.03125 0.0 1.30859375 0.94140625 1.1197916666666667 3
stats: {cpu,"os_mon@test3"} 1 50.33766233766234 0.0 50.33766233766234 2.5692695214105794 20.40610146002406 3
stats: {freemem,"os_mon@test4"} 1 1404.4453125 0.0 1413.046875 1404.4453125 1411.1315104166667 3
stats: {freemem,"os_mon@myserver"} 1 2012.0625 0.0 2030.55078125 2012.0625 2024.9908854166667 3
stats: {recvpackets,"os_mon@test2"} 1 10846.0 0.0 10846 3594 5282.0 2
stats: {sentpackets,"os_mon@test2"} 1 7247.0 0.0 7247 2489 3680.0 2
stats: {load,"os_mon@test3"} 1 1.421875 0.0 1.69921875 1.21875 1.453125 3
stats: {cpu,"os_mon@test2"} 1 48.506694129763126 0.0 48.506694129763126 2.408429503261415 16.25719764187265 3
stats: {recvpackets,"os_mon@test4"} 1 10812.0 0.0 10812 3554 5262.5 2
stats: {sentpackets,"os_mon@test4"} 1 7221.0 0.0 7221 2465 3668.0 2
stats: {freemem,"os_mon@test3"} 1 1411.93359375 0.0 1420.546875 1411.93359375 1418.76171875 3
stats: {cpu,"os_mon@test4"} 1 42.36075625958099 0.0 42.36075625958099 2.2044088176352705 13.308836175544931 3
stats: {load,"os_mon@myserver"} 1 0.921875 0.0 0.94140625 0.7890625 0.8502604166666666 3
stats: {recvpackets,"os_mon@myserver"} 1 10902.0 0.0 10902 3784 5403.0 2
stats: {sentpackets,"os_mon@myserver"} 1 7294.0 0.0 7294 2627 3760.0 2
stats: {cpu,"os_mon@myserver"} 1 37.41496598639456 0.0 37.41496598639456 1.8291155098972687 14.275684229005298 3
stats: session 686 3455.8644336222224 2513.2253634440613 11086.907958984375 19.619140625 783.608747360769 4159
stats: users_count 3371 7922
stats: finish_users_count 686 4845
stats: request 15021 533.1218263506612 918.1553864994465 7140.72216796875 1.22021484375 78.33789709833859 42580
stats: page 694 3263.3593394694467 2410.423692032988 11031.2880859375 18.171142578125 780.7100756847751 4134
stats: connect 15065 429.57219885703597 919.8500503021022 7036.68603515625 0.39013671875 39.21991114380771 42721
stats: 200 15021 57601
stats: size_rcv 1907667 7315327
stats: newphase 6 18
stats: size_sent 1998459 7670142
stats: connected 44 185
# stats: dump at 1338982261
stats: users 4820 4820
stats: {load,"os_mon@test2"} 1 2.41015625 0.0 4.01171875 2.41015625 3.345703125 4
stats: {recvpackets,"os_mon@test3"} 1 11910.0 0.0 11910 3576 7125.666666666667 3
stats: {sentpackets,"os_mon@test3"} 1 8174.0 0.0 8174 2476 4861.666666666667 3
stats: {freemem,"os_mon@test2"} 1 1397.21484375 0.0 1435.171875 1397.21484375 1431.8251953125 4
stats: {load,"os_mon@test4"} 1 1.03125 0.0 1.30859375 0.94140625 1.09765625 4
stats: {cpu,"os_mon@test3"} 1 38.80042462845011 0.0 50.33766233766234 2.5692695214105794 27.88899167943363 4
stats: {freemem,"os_mon@test4"} 1 1373.22265625 0.0 1413.046875 1373.22265625 1409.4599609375 4
stats: {freemem,"os_mon@myserver"} 1 2010.97265625 0.0 2030.55078125 2010.97265625 2021.7587890625 4
stats: {recvpackets,"os_mon@test2"} 1 11921.0 0.0 11921 3594 7136.666666666667 3
stats: {sentpackets,"os_mon@test2"} 1 8184.0 0.0 8184 2489 4869.0 3
stats: {load,"os_mon@test3"} 1 1.19921875 0.0 1.69921875 1.19921875 1.4453125 4
stats: {cpu,"os_mon@test2"} 1 36.984872196139804 0.0 48.506694129763126 2.408429503261415 24.319571763845268 4
stats: {recvpackets,"os_mon@test4"} 1 11859.0 0.0 11859 3554 7112.333333333333 3
stats: {sentpackets,"os_mon@test4"} 1 8143.0 0.0 8143 2465 4852.333333333333 3
stats: {freemem,"os_mon@test3"} 1 1375.69140625 0.0 1420.546875 1375.69140625 1417.0546875 4
stats: {cpu,"os_mon@test4"} 1 34.70861268695204 0.0 42.36075625958099 2.2044088176352705 20.571816196553947 4
stats: {load,"os_mon@myserver"} 1 0.94140625 0.0 0.94140625 0.7890625 0.8681640625 4
stats: {recvpackets,"os_mon@myserver"} 1 12073.0 0.0 12073 3784 7236.0 3
stats: {sentpackets,"os_mon@myserver"} 1 8281.0 0.0 8281 2627 4938.0 3
stats: {cpu,"os_mon@myserver"} 1 25.35705337008269 0.0 37.41496598639456 1.8291155098972687 20.060504668352614 4
stats: session 729 8530.420054829492 4966.955452172249 21047.69091796875 19.619140625 1161.9714719790059 4845
stats: users_count 2472 10394
stats: finish_users_count 729 5574
stats: request 15056 1549.259778078508 2598.176084577562 15778.468017578125 1.22021484375 196.93495967189006 57601
stats: page 722 8364.18146242263 4854.856767054472 21045.501953125 18.171142578125 1137.5780518791748 4828
stats: connect 15065 1445.086589735493 2656.467888185203 15043.734130859375 0.386962890625 140.98603467545524 57786
stats: 200 15056 72657
stats: size_rcv 1912112 9227439
stats: newphase 6 24
stats: size_sent 1998915 9669057
stats: connected 9 194
# stats: dump at 1338982271
stats: users 5572 5658
stats: {load,"os_mon@test2"} 1 2.26171875 0.0 4.01171875 2.26171875 3.15859375 5
stats: {recvpackets,"os_mon@test3"} 1 8957.0 0.0 11910 3576 8321.75 4
stats: {sentpackets,"os_mon@test3"} 1 6491.0 0.0 8174 2476 5689.75 4
stats: {freemem,"os_mon@test2"} 1 1344.66015625 0.0 1435.171875 1344.66015625 1424.903125 5
stats: {load,"os_mon@test4"} 1 1.01953125 0.0 1.30859375 0.94140625 1.084375 5
stats: {cpu,"os_mon@test3"} 1 37.891440501043846 0.0 50.33766233766234 2.5692695214105794 30.071278269236927 5
stats: {freemem,"os_mon@test4"} 1 1337.3359375 0.0 1413.046875 1337.3359375 1402.2125 5
stats: {freemem,"os_mon@myserver"} 1 2010.79296875 0.0 2030.55078125 2010.79296875 2019.6015625 5
stats: {recvpackets,"os_mon@test2"} 1 8903.0 0.0 11921 3594 8332.75 4
stats: {sentpackets,"os_mon@test2"} 1 6451.0 0.0 8184 2489 5697.75 4
stats: {load,"os_mon@test3"} 1 1.08984375 0.0 1.69921875 1.08984375 1.39609375 5
stats: {cpu,"os_mon@test2"} 1 41.11111111111111 0.0 48.506694129763126 2.408429503261415 26.852631850304174 5
stats: {recvpackets,"os_mon@test4"} 1 9043.0 0.0 11859 3554 8299.0 4
stats: {sentpackets,"os_mon@test4"} 1 6550.0 0.0 8143 2465 5675.0 4
stats: {freemem,"os_mon@test3"} 1 1326.16796875 0.0 1420.546875 1326.16796875 1408.78203125 5
stats: {cpu,"os_mon@test4"} 1 33.56020942408377 0.0 42.36075625958099 2.2044088176352705 23.399175494633564 5
stats: {load,"os_mon@myserver"} 1 1.01953125 0.0 1.01953125 0.7890625 0.8828125 5
stats: {recvpackets,"os_mon@myserver"} 1 8614.0 0.0 12073 3784 8445.25 4
stats: {sentpackets,"os_mon@myserver"} 1 6301.0 0.0 8281 2627 5773.75 4
stats: {cpu,"os_mon@myserver"} 1 25.605795653260056 0.0 37.41496598639456 1.8291155098972687 21.11981440869863 5
stats: session 1971 14870.515089401795 6861.816873014013 30067.7958984375 19.619140625 2125.659849606922 5574
stats: users_count 2723 13117
stats: finish_users_count 1971 7545
stats: request 25623 1740.940218142792 3333.3425609409264 18500.86181640625 1.22021484375 477.1640149030452 72657
stats: page 1911 14821.842413805964 6805.961713335068 30065.780029296875 18.171142578125 2077.6875406021254 5550
stats: connect 26481 1496.7492548829316 3309.6156132561146 15085.666015625 0.386962890625 410.6635251969233 72851
stats: 200 25623 98280
stats: size_rcv 3254121 12481560
stats: newphase 6 30
stats: size_sent 3514123 13183180
stats: connected 858 1052
# stats: dump at 1338982281
stats: users 5669 6206
stats: {load,"os_mon@test2"} 1 2.078125 0.0 4.01171875 2.078125 3.0091145833333335 6
stats: {recvpackets,"os_mon@test3"} 1 13530.0 0.0 13530 3576 8448.8 5
stats: {sentpackets,"os_mon@test3"} 1 9953.0 0.0 9953 2476 5850.0 5
stats: {freemem,"os_mon@test2"} 1 1313.94921875 0.0 1435.171875 1313.94921875 1411.529296875 6
stats: {load,"os_mon@test4"} 1 1.01171875 0.0 1.30859375 0.94140625 1.0735677083333333 6
stats: {cpu,"os_mon@test3"} 1 58.93617021276596 0.0 58.93617021276596 2.5692695214105794 31.37463864120475 6
stats: {freemem,"os_mon@test4"} 1 1303.23046875 0.0 1413.046875 1303.23046875 1391.3997395833333 6
stats: {freemem,"os_mon@myserver"} 1 2011.3671875 0.0 2030.55078125 2010.79296875 2018.1334635416667 6
stats: {recvpackets,"os_mon@test2"} 1 13592.0 0.0 13592 3594 8446.8 5
stats: {sentpackets,"os_mon@test2"} 1 9995.0 0.0 9995 2489 5848.4 5
stats: {load,"os_mon@test3"} 1 1.16015625 0.0 1.69921875 1.08984375 1.3450520833333333 6
stats: {cpu,"os_mon@test2"} 1 63.829787234042556 0.0 63.829787234042556 2.408429503261415 29.229045060438665 6
stats: {recvpackets,"os_mon@test4"} 1 13407.0 0.0 13407 3554 8447.8 5
stats: {sentpackets,"os_mon@test4"} 1 9859.0 0.0 9859 2465 5850.0 5
stats: {freemem,"os_mon@test3"} 1 1288.51953125 0.0 1420.546875 1288.51953125 1395.0130208333333 6
stats: {cpu,"os_mon@test4"} 1 53.41968911917099 0.0 53.41968911917099 2.2044088176352705 25.09268114954193 6
stats: {load,"os_mon@myserver"} 1 1.1015625 0.0 1.1015625 0.7890625 0.9055989583333334 6
stats: {recvpackets,"os_mon@myserver"} 1 14283.0 0.0 14283 3784 8479.0 5
stats: {sentpackets,"os_mon@myserver"} 1 10430.0 0.0 10430 2627 5879.2 5
stats: {cpu,"os_mon@myserver"} 1 45.1497312515997 0.0 45.1497312515997 1.8291155098972687 21.86747794945887 6
stats: session 2951 16654.04487215336 9001.435370189985 40368.824951171875 19.619140625 5455.031576265066 7545
stats: users_count 3048 16165
stats: finish_users_count 2951 10496
stats: request 31289 1743.6623111310198 3555.9945287224646 32709.932861328125 1.22021484375 806.6485250334079 98280
stats: page 2957 16524.1685499979 8932.632393781934 40367.208984375 18.171142578125 5341.871961281999 7461
stats: connect 31562 1376.0761207835321 3492.204660606792 31118.4599609375 0.386962890625 700.2040177654327 99332
stats: 200 31289 129569
stats: size_rcv 3973703 16455263
stats: newphase 6 36
stats: size_sent 4191014 17374194
stats: connected 273 1325
# stats: dump at 1338982291
stats: users 6096 6393
stats: {load,"os_mon@test2"} 1 2.05859375 0.0 4.01171875 2.05859375 2.8761160714285716 7
stats: {recvpackets,"os_mon@test3"} 1 14445.0 0.0 14445 3576 9295.666666666666 6
stats: {sentpackets,"os_mon@test3"} 1 10754.0 0.0 10754 2476 6533.833333333333 6
stats: {freemem,"os_mon@test2"} 1 1301.51171875 0.0 1435.171875 1301.51171875 1397.5892857142858 7
stats: {load,"os_mon@test4"} 1 1.25 0.0 1.30859375 0.94140625 1.0647321428571428 7
stats: {cpu,"os_mon@test3"} 1 76.93898655635988 0.0 76.93898655635988 2.5692695214105794 35.31200029428492 7
stats: {freemem,"os_mon@test4"} 1 1276.734375 0.0 1413.046875 1276.734375 1378.8041294642858 7
stats: {freemem,"os_mon@myserver"} 1 2014.59765625 0.0 2030.55078125 2010.79296875 2017.1668526785713 7
stats: {recvpackets,"os_mon@test2"} 1 14409.0 0.0 14409 3594 9304.333333333334 6
stats: {sentpackets,"os_mon@test2"} 1 10732.0 0.0 10732 2489 6539.5 6
stats: {load,"os_mon@test3"} 1 1.828125 0.0 1.828125 1.08984375 1.3186383928571428 7
stats: {cpu,"os_mon@test2"} 1 51.326053042121686 0.0 63.829787234042556 2.408429503261415 34.17200822809637 7
stats: {recvpackets,"os_mon@test4"} 1 14432.0 0.0 14432 3554 9274.333333333334 6
stats: {sentpackets,"os_mon@test4"} 1 10745.0 0.0 10745 2465 6518.166666666667 6
stats: {freemem,"os_mon@test3"} 1 1222.19921875 0.0 1420.546875 1222.19921875 1379.7996651785713 7
stats: {cpu,"os_mon@test4"} 1 58.19121447028424 0.0 58.19121447028424 2.2044088176352705 29.139396573774654 7
stats: {load,"os_mon@myserver"} 1 1.16015625 0.0 1.16015625 0.7890625 0.93359375 7
stats: {recvpackets,"os_mon@myserver"} 1 14667.0 0.0 14667 3784 9446.333333333334 6
stats: {sentpackets,"os_mon@myserver"} 1 10924.0 0.0 10924 2627 6637.666666666667 6
stats: {cpu,"os_mon@myserver"} 1 47.69310523587351 0.0 47.69310523587351 1.8291155098972687 25.193514135478985 7
stats: session 2940 17737.656310204726 11002.709924035647 47233.6640625 19.619140625 8603.687086570551 10496
stats: users_count 3367 19532
stats: finish_users_count 2940 13436
stats: request 31537 1869.8524389584184 4242.353319258811 34663.141845703125 1.22021484375 1032.9235163755359 129569
stats: page 2960 17738.92484279323 10894.176749504544 47232.554931640625 18.171142578125 8515.806594880858 10418
stats: connect 31674 1350.5132101475324 3950.0217701155498 31137.75390625 0.386962890625 863.1746299818616 130894
stats: 200 31537 161106
stats: size_rcv 4005199 20460462
stats: newphase 5 41
stats: size_sent 4201598 21575792
stats: connected 137 1462
# stats: dump at 1338982301
stats: users 5622 6393
stats: {load,"os_mon@test2"} 1 1.8984375 0.0 4.01171875 1.8984375 2.77392578125 8
stats: {recvpackets,"os_mon@test3"} 1 13816.0 0.0 14445 3576 10031.285714285714 7
stats: {sentpackets,"os_mon@test3"} 1 10447.0 0.0 10754 2476 7136.714285714285 7
stats: {freemem,"os_mon@test2"} 1 1271.08203125 0.0 1435.171875 1271.08203125 1385.57958984375 8
stats: {load,"os_mon@test4"} 1 1.6015625 0.0 1.6015625 0.94140625 1.087890625 8
stats: {cpu,"os_mon@test3"} 1 61.41164348274085 0.0 76.93898655635988 2.5692695214105794 40.515373577044286 8
stats: {freemem,"os_mon@test4"} 1 1218.37109375 0.0 1413.046875 1218.37109375 1366.04541015625 8
stats: {freemem,"os_mon@myserver"} 1 2014.87109375 0.0 2030.55078125 2010.79296875 2016.845703125 8
stats: {recvpackets,"os_mon@test2"} 1 13820.0 0.0 14409 3594 10033.57142857143 7
stats: {sentpackets,"os_mon@test2"} 1 10455.0 0.0 10732 2489 7138.428571428572 7
stats: {load,"os_mon@test3"} 1 1.921875 0.0 1.921875 1.08984375 1.38232421875 8
stats: {cpu,"os_mon@test2"} 1 55.73347107438017 0.0 63.829787234042556 2.408429503261415 36.31626382984953 8
stats: {recvpackets,"os_mon@test4"} 1 13886.0 0.0 14432 3554 10011.142857142857 7
stats: {sentpackets,"os_mon@test4"} 1 10496.0 0.0 10745 2465 7122.0 7
stats: {freemem,"os_mon@test3"} 1 1193.890625 0.0 1420.546875 1193.890625 1360.099609375 8
stats: {cpu,"os_mon@test4"} 1 70.20175892395241 0.0 70.20175892395241 2.2044088176352705 32.77087381083835 8
stats: {load,"os_mon@myserver"} 1 1.21875 0.0 1.21875 0.7890625 0.9619140625 8
stats: {recvpackets,"os_mon@myserver"} 1 13827.0 0.0 14667 3784 10192.142857142857 7
stats: {sentpackets,"os_mon@myserver"} 1 10507.0 0.0 10924 2627 7250.0 7
stats: {cpu,"os_mon@myserver"} 1 47.23448454946767 0.0 47.69310523587351 1.8291155098972687 28.0059630230283 8
stats: session 3449 17457.52488783266 11062.462988010688 56590.125 19.619140625 10602.337690729859 13436
stats: users_count 2975 22507
stats: finish_users_count 3449 16885
stats: request 31260 1668.02585403921 3318.8491871872525 35084.123046875 1.22021484375 1196.7549530166068 161106
stats: page 3420 17510.9700138918 11107.10231816852 56588.7548828125 18.171142578125 10556.50251458639 13378
stats: connect 31027 1124.9253045828884 3002.8599196776345 31137.75390625 0.386962890625 958.1254332652105 162568
stats: 200 31260 192366
stats: size_rcv 3970020 24430482
stats: newphase 4 45
stats: size_sent 4115481 25691273
stats: connected -233 1229
# stats: dump at 1338982311
stats: users 5520 6441
stats: {load,"os_mon@test2"} 1 1.83984375 0.0 4.01171875 1.83984375 2.6766493055555554 9
stats: {recvpackets,"os_mon@test3"} 1 17491.0 0.0 17491 3576 10504.375 8
stats: {sentpackets,"os_mon@test3"} 1 12967.0 0.0 12967 2476 7550.5 8
stats: {freemem,"os_mon@test2"} 1 1254.22265625 0.0 1435.171875 1254.22265625 1372.857638888889 9
stats: {load,"os_mon@test4"} 1 1.58984375 0.0 1.6015625 0.94140625 1.1449652777777777 9
stats: {cpu,"os_mon@test3"} 1 68.42377260981912 0.0 76.93898655635988 2.5692695214105794 42.837181344343904 9
stats: {freemem,"os_mon@test4"} 1 1162.64453125 0.0 1413.046875 1162.64453125 1349.6371527777778 9
stats: {freemem,"os_mon@myserver"} 1 2020.34765625 0.0 2030.55078125 2010.79296875 2016.6263020833333 9
stats: {recvpackets,"os_mon@test2"} 1 17488.0 0.0 17488 3594 10506.875 8
stats: {sentpackets,"os_mon@test2"} 1 12961.0 0.0 12961 2489 7553.0 8
stats: {load,"os_mon@test3"} 1 2.0 0.0 2.0 1.08984375 1.4422743055555556 9
stats: {cpu,"os_mon@test2"} 1 63.050153531218015 0.0 63.829787234042556 2.408429503261415 38.47373130146405 9
stats: {recvpackets,"os_mon@test4"} 1 17409.0 0.0 17409 3554 10495.5 8
stats: {sentpackets,"os_mon@test4"} 1 12912.0 0.0 12912 2465 7543.75 8
stats: {freemem,"os_mon@test3"} 1 1155.85546875 0.0 1420.546875 1155.85546875 1341.6319444444443 9
stats: {cpu,"os_mon@test4"} 1 72.79335410176532 0.0 72.79335410176532 2.2044088176352705 36.929861045628805 9
stats: {load,"os_mon@myserver"} 1 1.26171875 0.0 1.26171875 0.7890625 0.9904513888888888 9
stats: {recvpackets,"os_mon@myserver"} 1 17619.0 0.0 17619 3784 10646.5 8
stats: {sentpackets,"os_mon@myserver"} 1 13056.0 0.0 13056 2627 7657.125 8
stats: {cpu,"os_mon@myserver"} 1 48.215183509301156 0.0 48.215183509301156 1.8291155098972687 30.142465414854897 9
stats: session 2915 17805.9703119137 12837.547699395205 70002.06494140625 19.619140625 12002.606606501702 16885
stats: users_count 2813 25320
stats: finish_users_count 2915 19800
stats: request 30800 1758.0941769607355 3572.5286802952483 38441.508056640625 1.22021484375 1273.33776061237 192366
stats: page 2954 17797.465590139345 12835.524140609245 70000.60791015625 18.171142578125 11972.40195783109 16798
stats: connect 30516 1378.4164647682276 3411.660414616906 31137.75390625 0.386962890625 984.8580431330977 193595
stats: 200 30800 223166
stats: size_rcv 3911600 28342082
stats: newphase 6 51
stats: size_sent 4048324 29739597
stats: connected -284 945
stats: error_connect_etimedout 74 74
# stats: dump at 1338982321
stats: users 8263 8310
stats: {load,"os_mon@test2"} 1 1.640625 0.0 4.01171875 1.640625 2.59296875 10
stats: {recvpackets,"os_mon@test3"} 1 13799.0 0.0 17491 3576 11280.666666666666 9
stats: {sentpackets,"os_mon@test3"} 1 10630.0 0.0 12967 2476 8152.333333333333 9
stats: {freemem,"os_mon@test2"} 1 1219.43359375 0.0 1435.171875 1219.43359375 1360.994140625 10
stats: {load,"os_mon@test4"} 1 1.5 0.0 1.6015625 0.94140625 1.189453125 10
stats: {cpu,"os_mon@test3"} 1 55.319148936170215 0.0 76.93898655635988 2.5692695214105794 45.39584047089143 10
stats: {freemem,"os_mon@test4"} 1 1118.63671875 0.0 1413.046875 1118.63671875 1330.937890625 10
stats: {freemem,"os_mon@myserver"} 1 2020.28125 0.0 2030.55078125 2010.79296875 2016.9984375 10
stats: {recvpackets,"os_mon@test2"} 1 13797.0 0.0 17488 3594 11282.555555555555 9
stats: {sentpackets,"os_mon@test2"} 1 10626.0 0.0 12961 2489 8153.888888888889 9
stats: {load,"os_mon@test3"} 1 1.94140625 0.0 2.0 1.08984375 1.498046875 10
stats: {cpu,"os_mon@test2"} 1 61.172161172161175 0.0 63.829787234042556 2.408429503261415 40.93137352443945 10
stats: {recvpackets,"os_mon@test4"} 1 1.37e4 0.0 17409 3554 11263.666666666666 9
stats: {sentpackets,"os_mon@test4"} 1 10563.0 0.0 12912 2465 8140.222222222223 9
stats: {freemem,"os_mon@test3"} 1 1120.5625 0.0 1420.546875 1120.5625 1323.054296875 10
stats: {cpu,"os_mon@test4"} 1 60.082944530845 0.0 72.79335410176532 2.2044088176352705 40.51621035124246 10
stats: {load,"os_mon@myserver"} 1 1.2890625 0.0 1.2890625 0.7890625 1.017578125 10
stats: {recvpackets,"os_mon@myserver"} 1 14923.0 0.0 17619 3784 11421.222222222223 9
stats: {sentpackets,"os_mon@myserver"} 1 11328.0 0.0 13056 2627 8257.0 9
stats: {cpu,"os_mon@myserver"} 1 40.73319755600815 0.0 48.215183509301156 1.8291155098972687 31.94973722429952 10
stats: session 997 21114.96804696317 12132.154614914885 79409.13500976563 19.619140625 12856.990707576248 19800
stats: users_count 3740 29060
stats: finish_users_count 997 20797
stats: 200 14461 237627
stats: request 14876 2494.1237194597516 3987.488088419243 45971.81103515625 1.22021484375 1340.2408624447714 223166
stats: connect 14268 1731.14069720868 3204.7755507358856 31137.75390625 0.386962890625 1038.446795111437 224111
stats: page 1024 20954.274163722985 12182.95581136467 79407.5869140625 18.171142578125 12843.566294092663 19752
stats: size_rcv 1836547 30178629
stats: newphase 5 56
stats: size_sent 1894164 31633761
stats: connected -608 337
stats: error_connect_etimedout 145 219
# stats: dump at 1338982331
stats: users 10087 10090
stats: {load,"os_mon@test2"} 1 1.5390625 0.0 4.01171875 1.5390625 2.5063920454545454 11
stats: {recvpackets,"os_mon@test3"} 1 13781.0 0.0 17491 3576 11532.5 10
stats: {sentpackets,"os_mon@test3"} 1 10324.0 0.0 12967 2476 8400.1 10
stats: {freemem,"os_mon@test2"} 1 1182.12109375 0.0 1435.171875 1182.12109375 1348.125 11
stats: {load,"os_mon@test4"} 1 1.3515625 0.0 1.6015625 0.94140625 1.2176846590909092 11
stats: {cpu,"os_mon@test3"} 1 39.73262032085562 0.0 76.93898655635988 2.5692695214105794 46.29795942228041 11
stats: {freemem,"os_mon@test4"} 1 1050.4296875 0.0 1413.046875 1050.4296875 1311.637784090909 11
stats: {freemem,"os_mon@myserver"} 1 2019.890625 0.0 2030.55078125 2010.79296875 2017.296875 11
stats: {recvpackets,"os_mon@test2"} 1 13759.0 0.0 17488 3594 11534.0 10
stats: {sentpackets,"os_mon@test2"} 1 10308.0 0.0 12961 2489 8401.1 10
stats: {load,"os_mon@test3"} 1 2.109375 0.0 2.109375 1.08984375 1.5383522727272727 11
stats: {cpu,"os_mon@test2"} 1 41.612903225806456 0.0 63.829787234042556 2.408429503261415 42.771445128777785 11
stats: {recvpackets,"os_mon@test4"} 1 14008.0 0.0 17409 3554 11507.3 10
stats: {sentpackets,"os_mon@test4"} 1 10475.0 0.0 12912 2465 8382.5 10
stats: {freemem,"os_mon@test3"} 1 1076.63671875 0.0 1420.546875 1076.63671875 1304.6459517045455 11
stats: {cpu,"os_mon@test4"} 1 52.294557097118464 0.0 72.79335410176532 2.2044088176352705 42.29500436756996 11
stats: {load,"os_mon@myserver"} 1 1.328125 0.0 1.328125 0.7890625 1.0422585227272727 11
stats: {recvpackets,"os_mon@myserver"} 1 12790.0 0.0 17619 3784 11771.4 10
stats: {sentpackets,"os_mon@myserver"} 1 9805.0 0.0 13056 2627 8564.1 10
stats: {cpu,"os_mon@myserver"} 1 25.575575575575577 0.0 48.215183509301156 1.8291155098972687 32.74823361809121 11
stats: session 1598 25621.90116674163 14785.608655847664 89437.30102539063 19.619140625 13252.874893149588 20797
stats: users_count 3422 32482
stats: finish_users_count 1598 22395
stats: request 24627 2684.5640589033815 4284.08319842109 50130.25 1.22021484375 1412.3506639964085 238042
stats: page 1555 25408.206007115386 14383.570258291527 88416.77294921875 18.171142578125 13243.323940343214 20776
stats: connect 26063 2159.346076141306 3985.626765270698 31137.75390625 0.386962890625 1079.9074799667449 238379
stats: 200 24582 262209
stats: size_rcv 3121914 33300543
stats: newphase 6 62
stats: size_sent 3459477 35093238
stats: connected 1436 1773
stats: error_connect_etimedout 107 326
# stats: dump at 1338982341
stats: users 9780 10263
stats: {load,"os_mon@test2"} 1 1.44921875 0.0 4.01171875 1.44921875 2.42578125 12
stats: {recvpackets,"os_mon@test3"} 1 15949.0 0.0 17491 3576 11736.90909090909 11
stats: {sentpackets,"os_mon@test3"} 1 12182.0 0.0 12967 2476 8575.0 11
stats: {freemem,"os_mon@test2"} 1 1138.84765625 0.0 1435.171875 1138.84765625 1334.2913411458333 12
stats: {load,"os_mon@test4"} 1 1.6796875 0.0 1.6796875 0.94140625 1.2288411458333333 12
stats: {cpu,"os_mon@test3"} 1 62.61930010604454 0.0 76.93898655635988 2.5692695214105794 45.75084783049501 12
stats: {freemem,"os_mon@test4"} 1 977.55859375 0.0 1413.046875 977.55859375 1289.8704427083333 12
stats: {freemem,"os_mon@myserver"} 1 2019.265625 0.0 2030.55078125 2010.79296875 2017.5130208333333 12
stats: {recvpackets,"os_mon@test2"} 1 15949.0 0.0 17488 3594 11736.272727272728 11
stats: {sentpackets,"os_mon@test2"} 1 12183.0 0.0 12961 2489 8574.454545454546 11
stats: {load,"os_mon@test3"} 1 2.01953125 0.0 2.109375 1.08984375 1.5859375 12
stats: {cpu,"os_mon@test2"} 1 52.39334027055151 0.0 63.829787234042556 2.408429503261415 42.67489997019684 12
stats: {recvpackets,"os_mon@test4"} 1 15877.0 0.0 17409 3554 11734.636363636364 11
stats: {sentpackets,"os_mon@test4"} 1 12118.0 0.0 12912 2465 8572.727272727272 11
stats: {freemem,"os_mon@test3"} 1 1009.89453125 0.0 1420.546875 1009.89453125 1285.6451822916667 12
stats: {cpu,"os_mon@test4"} 1 69.80638409209837 0.0 72.79335410176532 2.2044088176352705 43.12830042836567 12
stats: {load,"os_mon@myserver"} 1 1.28125 0.0 1.328125 0.7890625 1.0660807291666667 12
stats: {recvpackets,"os_mon@myserver"} 1 16713.0 0.0 17619 3784 11864.0 11
stats: {sentpackets,"os_mon@myserver"} 1 12617.0 0.0 13056 2627 8676.90909090909 11
stats: {cpu,"os_mon@myserver"} 1 46.18937644341801 0.0 48.215183509301156 1.8291155098972687 32.15051211454824 12
stats: session 2769 25454.821070931823 16700.6939504675 97268.80493164063 19.619140625 14135.469400191341 22395
stats: users_count 2462 34944
stats: finish_users_count 2769 25164
stats: request 30299 2393.3098137923994 4330.110511608342 64394.530029296875 1.22021484375 1531.6292970911934 262669
stats: error_unknown 81 81
stats: page 2663 25676.808898673615 16218.792533171343 97266.90307617188 18.171142578125 14090.415051974162 22331
stats: connect 30159 1760.4610349571115 4034.2192797197554 31139.618896484375 0.386962890625 1186.2953008578952 264442
stats: 200 30299 292508
stats: size_rcv 3847973 37148516
stats: newphase 4 66
stats: size_sent 4003901 39097139
stats: connected -140 1633
stats: error_connect_etimedout 144 470
# stats: dump at 1338982351
stats: users 10673 10838
stats: {load,"os_mon@test2"} 1 1.5390625 0.0 4.01171875 1.44921875 2.3506610576923075 13
stats: {recvpackets,"os_mon@test3"} 1 15885.0 0.0 17491 3576 12087.916666666666 12
stats: {sentpackets,"os_mon@test3"} 1 12368.0 0.0 12967 2476 8875.583333333334 12
stats: {freemem,"os_mon@test2"} 1 1106.90234375 0.0 1435.171875 1106.90234375 1319.2572115384614 13
stats: {load,"os_mon@test4"} 1 2.05859375 0.0 2.05859375 0.94140625 1.2635216346153846 13
stats: {cpu,"os_mon@test3"} 1 61.5546218487395 0.0 76.93898655635988 2.5692695214105794 47.04842108246036 13
stats: {freemem,"os_mon@test4"} 1 896.05859375 0.0 1413.046875 896.05859375 1265.846454326923 13
stats: {freemem,"os_mon@myserver"} 1 2016.09375 0.0 2030.55078125 2010.79296875 2017.6478365384614 13
stats: {recvpackets,"os_mon@test2"} 1 15824.0 0.0 17488 3594 12087.333333333334 12
stats: {sentpackets,"os_mon@test2"} 1 12323.0 0.0 12961 2489 8875.166666666666 12
stats: {load,"os_mon@test3"} 1 2.01171875 0.0 2.109375 1.08984375 1.6192908653846154 13
stats: {cpu,"os_mon@test2"} 1 51.58441558441559 0.0 63.829787234042556 2.408429503261415 43.42247230099336 13
stats: {recvpackets,"os_mon@test4"} 1 15708.0 0.0 17409 3554 12079.833333333334 12
stats: {sentpackets,"os_mon@test4"} 1 12256.0 0.0 12912 2465 8868.166666666666 12
stats: {freemem,"os_mon@test3"} 1 956.375 0.0 1420.546875 956.375 1264.43359375 13
stats: {cpu,"os_mon@test4"} 1 82.2267620020429 0.0 82.2267620020429 2.2044088176352705 45.18046071019126 13
stats: {load,"os_mon@myserver"} 1 1.390625 0.0 1.390625 0.7890625 1.0826322115384615 13
stats: {recvpackets,"os_mon@myserver"} 1 16765.0 0.0 17619 3784 12268.083333333334 12
stats: {sentpackets,"os_mon@myserver"} 1 12980.0 0.0 13056 2627 9005.249999999998 12
stats: {cpu,"os_mon@myserver"} 1 47.92405063291139 0.0 48.215183509301156 1.8291155098972687 33.23042475523054 13
stats: session 2911 28619.283824756858 18308.97337115302 108232.17895507813 19.619140625 15381.0299142702 25164
stats: users_count 3804 38748
stats: finish_users_count 2911 28075
stats: request 30631 2833.3101217908807 5470.672785664611 64394.530029296875 1.22021484375 1620.7450297839441 292968
stats: page 2934 28373.769134500682 18041.84265311623 108229.9189453125 18.171142578125 15324.893999471988 24994
stats: connect 31677 2307.0033396405756 5371.598953562645 31139.618896484375 0.386962890625 1245.0740028130763 294601
stats: error_unknown 0 81
stats: 200 30631 323139
stats: size_rcv 3890137 41038653
stats: newphase 5 71
stats: size_sent 4203279 43300418
stats: connected 1046 2679
stats: error_connect_etimedout 127 597
# stats: dump at 1338982361
stats: users 9425 10838
stats: {load,"os_mon@test2"} 1 1.609375 0.0 4.01171875 1.44921875 2.292689732142857 14
stats: {recvpackets,"os_mon@test3"} 1 18518.0 0.0 18518 3576 12380.0 13
stats: {sentpackets,"os_mon@test3"} 1 14142.0 0.0 14142 2476 9144.23076923077 13
stats: {freemem,"os_mon@test2"} 1 1080.69140625 0.0 1435.171875 1080.69140625 1304.0890066964287 14
stats: {load,"os_mon@test4"} 1 2.578125 0.0 2.578125 0.94140625 1.3203125 14
stats: {cpu,"os_mon@test3"} 1 79.0422245108136 0.0 79.0422245108136 2.5692695214105794 48.08457828005173 14
stats: {freemem,"os_mon@test4"} 1 847.6484375 0.0 1413.046875 847.6484375 1239.4330357142858 14
stats: {freemem,"os_mon@myserver"} 1 2012.46484375 0.0 2030.55078125 2010.79296875 2017.536830357143 14
stats: {recvpackets,"os_mon@test2"} 1 18509.0 0.0 18509 3594 12374.76923076923 13
stats: {sentpackets,"os_mon@test2"} 1 14136.0 0.0 14136 2489 9140.384615384615 13
stats: {load,"os_mon@test3"} 1 2.1796875 0.0 2.1796875 1.08984375 1.6473214285714286 14
stats: {cpu,"os_mon@test2"} 1 50.87991718426501 0.0 63.829787234042556 2.408429503261415 44.00546824980923 14
stats: {recvpackets,"os_mon@test4"} 1 18593.0 0.0 18593 3554 12358.923076923076 13
stats: {sentpackets,"os_mon@test4"} 1 14189.0 0.0 14189 2465 9128.76923076923 13
stats: {freemem,"os_mon@test3"} 1 881.80859375 0.0 1420.546875 881.80859375 1242.429408482143 14
stats: {cpu,"os_mon@test4"} 1 67.49611197511665 0.0 82.2267620020429 2.2044088176352705 47.82662508818066 14
stats: {load,"os_mon@myserver"} 1 1.48046875 0.0 1.48046875 0.7890625 1.1046316964285714 14
stats: {recvpackets,"os_mon@myserver"} 1 17004.0 0.0 17619 3784 12614.0 13
stats: {sentpackets,"os_mon@myserver"} 1 13423.0 0.0 13423 2627 9310.999999999998 13
stats: {cpu,"os_mon@myserver"} 1 48.068006182380216 0.0 48.215183509301156 1.8291155098972687 34.27996946077917 14
stats: session 3124 29509.59435613147 19568.662329088766 116905.67211914063 19.619140625 16753.65884155165 28075
stats: users_count 1876 40624
stats: finish_users_count 3124 31199
stats: request 31047 2554.060627201505 4508.762918588728 64394.530029296875 1.22021484375 1735.523138904382 323599
stats: page 3109 29316.50400880633 19193.414348788257 116904.4599609375 18.171142578125 16695.754771678166 27928
stats: connect 30256 1815.9576414401788 4091.5979701611354 31139.618896484375 0.386962890625 1348.1723900861523 326278
stats: error_unknown 0 81
stats: 200 31047 354186
stats: size_rcv 3942969 44981622
stats: newphase 5 76
stats: size_sent 4016232 47316650
stats: connected -791 1888
stats: error_connect_etimedout 64 661
# stats: dump at 1338982371
stats: users 9918 10838
stats: {load,"os_mon@test2"} 1 1.51171875 0.0 4.01171875 1.44921875 2.2471354166666666 15
stats: {recvpackets,"os_mon@test3"} 1 16214.0 0.0 18518 3576 12818.42857142857 14
stats: {sentpackets,"os_mon@test3"} 1 13004.0 0.0 14142 2476 9501.214285714286 14
stats: {freemem,"os_mon@test2"} 1 1037.1171875 0.0 1435.171875 1037.1171875 1289.1958333333334 15
stats: {load,"os_mon@test4"} 1 2.66015625 0.0 2.66015625 0.94140625 1.4041666666666666 15
stats: {cpu,"os_mon@test3"} 1 72.12183789364998 0.0 79.0422245108136 2.5692695214105794 50.148421362102525 15
stats: {freemem,"os_mon@test4"} 1 791.296875 0.0 1413.046875 791.296875 1213.3140625 15
stats: {freemem,"os_mon@myserver"} 1 2011.9453125 0.0 2030.55078125 2010.79296875 2017.1986979166666 15
stats: {recvpackets,"os_mon@test2"} 1 16221.0 0.0 18509 3594 12812.92857142857 14
stats: {sentpackets,"os_mon@test2"} 1 13006.0 0.0 14136 2489 9497.214285714286 14
stats: {load,"os_mon@test3"} 1 2.171875 0.0 2.1796875 1.08984375 1.6828125 15
stats: {cpu,"os_mon@test2"} 1 57.578892912571135 0.0 63.829787234042556 2.408429503261415 44.46376484543962 15
stats: {recvpackets,"os_mon@test4"} 1 16037.0 0.0 18593 3554 12804.214285714286 14
stats: {sentpackets,"os_mon@test4"} 1 12874.0 0.0 14189 2465 9490.214285714286 14
stats: {freemem,"os_mon@test3"} 1 815.828125 0.0 1420.546875 815.828125 1218.3880208333333 15
stats: {cpu,"os_mon@test4"} 1 71.18290776446065 0.0 82.2267620020429 2.2044088176352705 49.13792421397639 15
stats: {load,"os_mon@myserver"} 1 1.55078125 0.0 1.55078125 0.7890625 1.1296875 15
stats: {recvpackets,"os_mon@myserver"} 1 16512.0 0.0 17619 3784 12927.57142857143 14
stats: {sentpackets,"os_mon@myserver"} 1 13218.0 0.0 13423 2627 9604.714285714284 14
stats: {cpu,"os_mon@myserver"} 1 48.518140010219724 0.0 48.518140010219724 1.8291155098972687 35.19917190888591 15
stats: session 3013 28537.755874203303 19470.62433851053 126044.94091796875 19.619140625 18030.928707494386 31199
stats: users_count 3506 44130
stats: finish_users_count 3013 34212
stats: request 31291 2451.0320376618906 4819.088176828721 64394.530029296875 1.22021484375 1807.1808860639742 354646
stats: page 3056 28094.40886772117 18584.236462517703 126042.76904296875 18.171142578125 17959.984864091464 31037
stats: connect 31221 1776.4641155273391 4410.703502916476 31139.618896484375 0.386962890625 1387.8693350197839 356534
stats: error_unknown 0 81
stats: 200 31291 385477
stats: size_rcv 3973957 48955579
stats: newphase 4 80
stats: size_sent 4144172 51460822
stats: connected -70 1818
stats: error_connect_etimedout 261 922
# stats: dump at 1338982381
stats: users 10622 10838
stats: {load,"os_mon@test2"} 1 1.6796875 0.0 4.01171875 1.44921875 2.201171875 16
stats: {recvpackets,"os_mon@test3"} 1 17057.0 0.0 18518 3576 13044.8 15
stats: {sentpackets,"os_mon@test3"} 1 13498.0 0.0 14142 2476 9734.733333333334 15
stats: {freemem,"os_mon@test2"} 1 974.203125 0.0 1435.171875 974.203125 1273.44091796875 16
stats: {load,"os_mon@test4"} 1 2.46875 0.0 2.66015625 0.94140625 1.482666015625 16
stats: {cpu,"os_mon@test3"} 1 63.020833333333336 0.0 79.0422245108136 2.5692695214105794 51.52175989532424 16
stats: {freemem,"os_mon@test4"} 1 731.06640625 0.0 1413.046875 731.06640625 1186.93798828125 16
stats: {freemem,"os_mon@myserver"} 1 2006.2265625 0.0 2030.55078125 2006.2265625 2016.870361328125 16
stats: {recvpackets,"os_mon@test2"} 1 17037.0 0.0 18509 3594 13040.133333333333 15
stats: {sentpackets,"os_mon@test2"} 1 13490.0 0.0 14136 2489 9731.133333333333 15
stats: {load,"os_mon@test3"} 1 2.16015625 0.0 2.1796875 1.08984375 1.71337890625 16
stats: {cpu,"os_mon@test2"} 1 66.90758905524005 0.0 66.90758905524005 2.408429503261415 45.28346034963534 16
stats: {recvpackets,"os_mon@test4"} 1 17243.0 0.0 18593 3554 13019.733333333334 15
stats: {sentpackets,"os_mon@test4"} 1 13644.0 0.0 14189 2465 9715.8 15
stats: {freemem,"os_mon@test3"} 1 766.80859375 0.0 1420.546875 766.80859375 1193.22802734375 16
stats: {cpu,"os_mon@test4"} 1 73.8928939237899 0.0 82.2267620020429 2.2044088176352705 50.51573568588166 16
stats: {load,"os_mon@myserver"} 1 1.55078125 0.0 1.55078125 0.7890625 1.156005859375 16
stats: {recvpackets,"os_mon@myserver"} 1 19394.0 0.0 19394 3784 13166.533333333333 15
stats: {sentpackets,"os_mon@myserver"} 1 14881.0 0.0 14881 2627 9845.599999999999 15
stats: {cpu,"os_mon@myserver"} 1 48.40558046836074 0.0 48.518140010219724 1.8291155098972687 36.03160741521927 16
stats: session 3154 27594.096033883718 20116.51454350601 130888.59008789063 19.619140625 18956.249362623985 34212
stats: users_count 3858 47988
stats: finish_users_count 3154 37366
stats: request 31015 2298.3333825287955 4369.569728954354 64394.530029296875 1.22021484375 1859.383049589758 385937
stats: page 3115 27479.92069834405 19831.946641761453 130886.90893554688 18.171142578125 18868.405940414825 34093
stats: connect 31580 1524.1983168753598 3573.7170368152756 31160.7158203125 0.386962890625 1419.1579519098984 387755
stats: error_unknown 0 81
stats: 200 31015 416492
stats: size_rcv 3938905 52894484
stats: newphase 6 86
stats: size_sent 4191716 55652538
stats: connected 564 2382
stats: error_connect_etimedout 552 1474
# stats: dump at 1338982391
stats: users 10222 10838
stats: {load,"os_mon@test2"} 1 1.578125 0.0 4.01171875 1.44921875 2.1704963235294117 17
stats: {recvpackets,"os_mon@test3"} 1 20341.0 0.0 20341 3576 13295.5625 16
stats: {sentpackets,"os_mon@test3"} 1 15827.0 0.0 15827 2476 9969.9375 16
stats: {freemem,"os_mon@test2"} 1 942.37109375 0.0 1435.171875 942.37109375 1255.8386948529412 17
stats: {load,"os_mon@test4"} 1 2.08984375 0.0 2.66015625 0.94140625 1.540670955882353 17
stats: {cpu,"os_mon@test3"} 1 75.70532915360502 0.0 79.0422245108136 2.5692695214105794 52.19817597991301 17
stats: {freemem,"os_mon@test4"} 1 663.734375 0.0 1413.046875 663.734375 1160.122012867647 17
stats: {freemem,"os_mon@myserver"} 1 2002.52734375 0.0 2030.55078125 2002.52734375 2016.2442555147059 17
stats: {recvpackets,"os_mon@test2"} 1 20359.0 0.0 20359 3594 13289.9375 16
stats: {sentpackets,"os_mon@test2"} 1 15834.0 0.0 15834 2489 9966.0625 16
stats: {load,"os_mon@test3"} 1 2.44140625 0.0 2.44140625 1.08984375 1.7396599264705883 17
stats: {cpu,"os_mon@test2"} 1 62.106918238993714 0.0 66.90758905524005 2.408429503261415 46.55546792055326 17
stats: {recvpackets,"os_mon@test4"} 1 20449.0 0.0 20449 3554 13283.6875 16
stats: {sentpackets,"os_mon@test4"} 1 15890.0 0.0 15890 2465 9961.3125 16
stats: {freemem,"os_mon@test3"} 1 695.2109375 0.0 1420.546875 695.2109375 1168.14453125 17
stats: {cpu,"os_mon@test4"} 1 68.99948159668222 0.0 82.2267620020429 2.2044088176352705 51.89086264105273 17
stats: {load,"os_mon@myserver"} 1 1.5390625 0.0 1.55078125 0.7890625 1.1792279411764706 17
stats: {recvpackets,"os_mon@myserver"} 1 19222.0 0.0 19394 3784 13555.75 16
stats: {sentpackets,"os_mon@myserver"} 1 15293.0 0.0 15293 2627 10160.312499999998 16
stats: {cpu,"os_mon@myserver"} 1 47.36286919831223 0.0 48.518140010219724 1.8291155098972687 36.759488183051126 17
stats: session 3143 29363.18434753321 24179.339466357113 146230.31982421875 19.619140625 19685.355191483195 37366
stats: users_count 2743 50731
stats: finish_users_count 3143 40509
stats: request 31099 2665.286724892192 5205.898524699985 74393.3408203125 1.22021484375 1892.0343969297498 416952
stats: page 3142 29094.631856450887 23780.849325461193 146219.28100585938 18.171142578125 19589.349513596655 37208
stats: connect 31008 1826.826457579685 4220.167974370513 31160.7158203125 0.386962890625 1427.0685120243872 419335
stats: error_unknown 0 81
stats: 200 31098 447590
stats: size_rcv 3949446 56843930
stats: newphase 6 92
stats: size_sent 4115560 59768098
stats: connected -91 2291
stats: error_connect_etimedout 328 1802
# stats: dump at 1338982401
stats: users 10349 10838
stats: {load,"os_mon@test2"} 1 1.48828125 0.0 4.01171875 1.44921875 2.1375868055555554 18
stats: {recvpackets,"os_mon@test3"} 1 17849.0 0.0 20341 3576 13710.0 17
stats: {sentpackets,"os_mon@test3"} 1 14508.0 0.0 15827 2476 10314.470588235294 17
stats: {freemem,"os_mon@test2"} 1 889.5390625 0.0 1435.171875 889.5390625 1238.423828125 18
stats: {load,"os_mon@test4"} 1 2.16015625 0.0 2.66015625 0.94140625 1.5711805555555556 18
stats: {cpu,"os_mon@test3"} 1 78.42323651452283 0.0 79.0422245108136 2.5692695214105794 53.504128934007014 18
stats: {freemem,"os_mon@test4"} 1 635.12890625 0.0 1413.046875 635.12890625 1132.544921875 18
stats: {freemem,"os_mon@myserver"} 1 2000.84375 0.0 2030.55078125 2000.84375 2015.482204861111 18
stats: {recvpackets,"os_mon@test2"} 1 17843.0 0.0 20359 3594 13705.764705882353 17
stats: {sentpackets,"os_mon@test2"} 1 14503.0 0.0 15834 2489 10311.235294117647 17
stats: {load,"os_mon@test3"} 1 2.73046875 0.0 2.73046875 1.08984375 1.7786458333333333 18
stats: {cpu,"os_mon@test2"} 1 67.2004132231405 0.0 67.2004132231405 2.408429503261415 47.41943738268884 18
stats: {recvpackets,"os_mon@test4"} 1 17811.0 0.0 20449 3554 13705.176470588236 17
stats: {sentpackets,"os_mon@test4"} 1 14495.0 0.0 15890 2465 10310.058823529413 17
stats: {freemem,"os_mon@test3"} 1 625.31640625 0.0 1420.546875 625.31640625 1141.8704427083333 18
stats: {cpu,"os_mon@test4"} 1 59.65820818228897 0.0 82.2267620020429 2.2044088176352705 52.841341471921034 18
stats: {load,"os_mon@myserver"} 1 1.609375 0.0 1.609375 0.7890625 1.19921875 18
stats: {recvpackets,"os_mon@myserver"} 1 18461.0 0.0 19394 3784 13889.058823529413 17
stats: {sentpackets,"os_mon@myserver"} 1 14906.0 0.0 15293 2627 10462.235294117645 17
stats: {cpu,"os_mon@myserver"} 1 47.56380510440835 0.0 48.518140010219724 1.8291155098972687 37.34856490612118 18
stats: session 2966 32859.06639645467 26095.65188729742 150281.46606445313 19.619140625 20436.2356634145 40509
stats: users_count 3093 53824
stats: finish_users_count 2966 43475
stats: error_unknown 0 81
stats: request 31291 2353.642950097914 4206.413416959391 74393.3408203125 1.22021484375 1945.705461490043 448051
stats: connect 31702 1411.2145421282785 3345.6940500290557 31162.360107421875 0.386962890625 1454.5935193538644 450343
stats: page 2968 32078.49391573266 25413.029211463054 150279.05615234375 18.171142578125 20329.513011025356 40350
stats: 200 31291 478881
stats: size_rcv 3973957 60817887
stats: newphase 6 98
stats: size_sent 4208498 63976596
stats: connected 411 2702
stats: error_connect_etimedout 238 2040
# stats: dump at 1338982411
stats: users 10730 10877
stats: {load,"os_mon@test2"} 1 1.55078125 0.0 4.01171875 1.44921875 2.1034128289473686 19
stats: {recvpackets,"os_mon@test3"} 1 17402.0 0.0 20341 3576 13939.944444444445 18
stats: {sentpackets,"os_mon@test3"} 1 14124.0 0.0 15827 2476 10547.444444444445 18
stats: {freemem,"os_mon@test2"} 1 849.015625 0.0 1435.171875 849.015625 1220.0614720394738 19
stats: {load,"os_mon@test4"} 1 1.91015625 0.0 2.66015625 0.94140625 1.6021792763157894 19
stats: {cpu,"os_mon@test3"} 1 81.44329896907216 0.0 81.44329896907216 2.5692695214105794 54.815660911928894 19
stats: {freemem,"os_mon@test4"} 1 599.203125 0.0 1413.046875 599.203125 1106.3651315789473 19
stats: {freemem,"os_mon@myserver"} 1 1996.921875 0.0 2030.55078125 1996.921875 2014.711759868421 19
stats: {recvpackets,"os_mon@test2"} 1 17356.0 0.0 20359 3594 13935.611111111111 18
stats: {sentpackets,"os_mon@test2"} 1 14093.0 0.0 15834 2489 10544.111111111111 18
stats: {load,"os_mon@test3"} 1 2.94140625 0.0 2.94140625 1.08984375 1.8287417763157894 19
stats: {cpu,"os_mon@test2"} 1 69.46484784889822 0.0 69.46484784889822 2.408429503261415 48.46054137429156 19
stats: {recvpackets,"os_mon@test4"} 1 17316.0 0.0 20449 3554 13933.277777777777 18
stats: {sentpackets,"os_mon@test4"} 1 14062.0 0.0 15890 2465 10542.555555555555 18
stats: {freemem,"os_mon@test3"} 1 556.984375 0.0 1420.546875 556.984375 1114.6833881578948 19
stats: {cpu,"os_mon@test4"} 1 58.07469752761705 0.0 82.2267620020429 2.2044088176352705 53.20012393036145 19
stats: {load,"os_mon@myserver"} 1 1.58984375 0.0 1.609375 0.7890625 1.2208059210526316 19
stats: {recvpackets,"os_mon@myserver"} 1 16718.0 0.0 19394 3784 14143.055555555555 18
stats: {sentpackets,"os_mon@myserver"} 1 13746.0 0.0 15293 2627 10709.11111111111 18
stats: {cpu,"os_mon@myserver"} 1 48.134715025906736 0.0 48.518140010219724 1.8291155098972687 37.88620912708367 19
stats: session 3061 31281.167859002373 25872.36346876143 162892.58618164063 19.619140625 21283.759894678376 43475
stats: users_count 3442 57266
stats: finish_users_count 3061 46536
stats: error_unknown 0 81
stats: request 31166 2435.991909847417 4621.184246140911 74393.3408203125 1.22021484375 1972.3352413883804 479342
stats: page 3089 30417.775341306857 24955.435427134733 162891.13305664063 18.171142578125 21134.51267225559 43318
stats: connect 31174 1636.0965984195461 3831.9580716144383 31162.360107421875 0.386962890625 1451.740672968142 482045
stats: 200 31166 510047
stats: size_rcv 3958082 64775969
stats: newphase 4 102
stats: size_sent 4136218 68112814
stats: connected 8 2710
stats: error_connect_etimedout 139 2179
stats: error_abort 1 1
EndMonitor:{1338,982413,486623}
