# stats: dump at 1338909203
stats: users 0 0
# stats: dump at 1338909213
stats: users 1 7
stats: {load,"os_mon@test2"} 1 1.30859375 0 1.30859375 1.30859375 0 0
stats: {freemem,"os_mon@test2"} 1 1518.48046875 0 1518.48046875 1518.48046875 0 0
stats: {load,"os_mon@test4"} 1 0.69921875 0 0.69921875 0.69921875 0 0
stats: {cpu,"os_mon@test3"} 1 2.0613373554550023 0 2.0613373554550023 2.0613373554550023 0 0
stats: {freemem,"os_mon@test4"} 1 1445.078125 0 1445.078125 1445.078125 0 0
stats: {freemem,"os_mon@myserver"} 1 2037.97265625 0 2037.97265625 2037.97265625 0 0
stats: {load,"os_mon@test3"} 1 0.890625 0 0.890625 0.890625 0 0
stats: {cpu,"os_mon@test2"} 1 2.7094831911690918 0 2.7094831911690918 2.7094831911690918 0 0
stats: {freemem,"os_mon@test3"} 1 1498.984375 0 1498.984375 1498.984375 0 0
stats: {cpu,"os_mon@test4"} 1 1.9558676028084254 0 1.9558676028084254 1.9558676028084254 0 0
stats: {load,"os_mon@myserver"} 1 4.9296875 0 4.9296875 4.9296875 0 0
stats: {cpu,"os_mon@myserver"} 1 1.7406659939455096 0 1.7406659939455096 1.7406659939455096 0 0
stats: session 565 15.132400269634955 3.505794196502036 38.298095703125 10.531005859375 0 0
stats: users_count 566 566
stats: finish_users_count 565 565
stats: 200 5593 5593
stats: request 5593 1.228119447579563 0.7998987193619156 12.8310546875 0.2490234375 0 0
stats: page 558 12.938537378892244 3.2382272709574695 34.970947265625 9.210205078125 0 0
stats: connect 561 1.2612835617201428 0.6369316569242078 8.489990234375 0.593994140625 0 0
stats: size_rcv 846892 846892
stats: size_sent 741905 741905
stats: connected 3 3
# stats: dump at 1338909223
stats: users 3 10
stats: {load,"os_mon@test2"} 1 1.109375 0.0 1.30859375 1.109375 1.30859375 1
stats: {recvpackets,"os_mon@test3"} 1 3535 0 3535 3535 0 0
stats: {sentpackets,"os_mon@test3"} 1 2408 0 2408 2408 0 0
stats: {freemem,"os_mon@test2"} 1 1517.6328125 0.0 1518.48046875 1517.6328125 1518.48046875 1
stats: {load,"os_mon@test4"} 1 0.58984375 0.0 0.69921875 0.58984375 0.69921875 1
stats: {cpu,"os_mon@test3"} 1 7.960965588084232 0.0 7.960965588084232 2.0613373554550023 2.0613373554550023 1
stats: {freemem,"os_mon@test4"} 1 1444.1171875 0.0 1445.078125 1444.1171875 1445.078125 1
stats: {freemem,"os_mon@myserver"} 1 2039.328125 0.0 2039.328125 2037.97265625 2037.97265625 1
stats: {recvpackets,"os_mon@test2"} 1 3550 0 3550 3550 0 0
stats: {sentpackets,"os_mon@test2"} 1 2413 0 2413 2413 0 0
stats: {load,"os_mon@test3"} 1 0.75 0.0 0.890625 0.75 0.890625 1
stats: {cpu,"os_mon@test2"} 1 6.389452332657202 0.0 6.389452332657202 2.7094831911690918 2.7094831911690918 1
stats: {recvpackets,"os_mon@test4"} 1 3523 0 3523 3523 0 0
stats: {sentpackets,"os_mon@test4"} 1 2399 0 2399 2399 0 0
stats: {freemem,"os_mon@test3"} 1 1498.37890625 0.0 1498.984375 1498.37890625 1498.984375 1
stats: {cpu,"os_mon@test4"} 1 5.8232931726907635 0.0 5.8232931726907635 1.9558676028084254 1.9558676028084254 1
stats: {load,"os_mon@myserver"} 1 4.171875 0.0 4.9296875 4.171875 4.9296875 1
stats: {recvpackets,"os_mon@myserver"} 1 3669 0 3669 3669 0 0
stats: {sentpackets,"os_mon@myserver"} 1 2492 0 2492 2492 0 0
stats: {cpu,"os_mon@myserver"} 1 12.924480486568676 0.0 12.924480486568676 1.7406659939455096 1.7406659939455096 1
stats: session 1508 15.207679485452585 7.392226076216273 271.426025390625 10.168212890625 15.132400269634955 565
stats: users_count 1510 2076
stats: finish_users_count 1508 2073
stats: request 15053 1.261750344096695 2.1833268842919398 249.9970703125 0.2490234375 1.228119447579563 5593
stats: page 1504 13.197321952657484 7.343476475383651 269.43505859375 8.97607421875 12.938537378892244 558
stats: connect 1505 1.12472552429402 0.9559479176587196 29.996826171875 0.51708984375 1.2612835617201428 561
stats: 200 15053 20646
stats: size_rcv 2219042 3065934
stats: newphase 6 6
stats: size_sent 1999309 2741214
stats: connected 1 4
# stats: dump at 1338909233
stats: users 11 17
stats: {load,"os_mon@test2"} 1 0.94140625 0.0 1.30859375 0.94140625 1.208984375 2
stats: {recvpackets,"os_mon@test3"} 1 7159.0 0.0 7159 3535 3535.0 1
stats: {sentpackets,"os_mon@test3"} 1 4789.0 0.0 4789 2408 2408.0 1
stats: {freemem,"os_mon@test2"} 1 1517.46875 0.0 1518.48046875 1517.46875 1518.056640625 2
stats: {load,"os_mon@test4"} 1 0.578125 0.0 0.69921875 0.578125 0.64453125 2
stats: {cpu,"os_mon@test3"} 1 15.93149974052932 0.0 15.93149974052932 2.0613373554550023 5.011151471769617 2
stats: {freemem,"os_mon@test4"} 1 1443.76171875 0.0 1445.078125 1443.76171875 1444.59765625 2
stats: {freemem,"os_mon@myserver"} 1 2039.3203125 0.0 2039.328125 2037.97265625 2038.650390625 2
stats: {recvpackets,"os_mon@test2"} 1 7172.0 0.0 7172 3550 3550.0 1
stats: {sentpackets,"os_mon@test2"} 1 4799.0 0.0 4799 2413 2413.0 1
stats: {load,"os_mon@test3"} 1 0.640625 0.0 0.890625 0.640625 0.8203125 2
stats: {cpu,"os_mon@test2"} 1 14.860681114551083 0.0 14.860681114551083 2.7094831911690918 4.549467761913147 2
stats: {recvpackets,"os_mon@test4"} 1 7168.0 0.0 7168 3523 3523.0 1
stats: {sentpackets,"os_mon@test4"} 1 4795.0 0.0 4795 2399 2399.0 1
stats: {freemem,"os_mon@test3"} 1 1498.62109375 0.0 1498.984375 1498.37890625 1498.681640625 2
stats: {cpu,"os_mon@test4"} 1 13.510747185261001 0.0 13.510747185261001 1.9558676028084254 3.8895803877495947 2
stats: {load,"os_mon@myserver"} 1 3.6796875 0.0 4.9296875 3.6796875 4.55078125 2
stats: {recvpackets,"os_mon@myserver"} 1 7255.0 0.0 7255 3669 3669.0 1
stats: {sentpackets,"os_mon@myserver"} 1 4853.0 0.0 4853 2492 2492.0 1
stats: {cpu,"os_mon@myserver"} 1 27.494345312892687 0.0 27.494345312892687 1.7406659939455096 7.3325732402570925 2
stats: session 2431 19.52025875089985 35.92013876481476 1024.121826171875 10.168212890625 15.187161995372046 2073
stats: users_count 2439 4515
stats: finish_users_count 2431 4504
stats: request 24153 1.6731500037682911 11.015346301032269 1004.322021484375 0.197998046875 1.2526397365107065 20646
stats: page 2414 17.378317541392658 35.38678713395625 1022.64013671875 8.97607421875 13.127291985557093 2062
stats: connect 2417 2.0659084738311972 28.73687520132325 1001.79296875 0.474853515625 1.1618063853763312 2066
stats: 200 24154 44800
stats: size_rcv 3543419 6609353
stats: newphase 6 12
stats: size_sent 3207892 5949106
stats: connected 3 7
# stats: dump at 1338909243
stats: users 18 48
stats: {load,"os_mon@test2"} 1 1.1796875 0.0 1.30859375 0.94140625 1.1197916666666667 3
stats: {recvpackets,"os_mon@test3"} 1 11377.0 0.0 11377 3535 5347.0 2
stats: {sentpackets,"os_mon@test3"} 1 7520.0 0.0 7520 2408 3598.5 2
stats: {freemem,"os_mon@test2"} 1 1517.61328125 0.0 1518.48046875 1517.46875 1517.8606770833333 3
stats: {load,"os_mon@test4"} 1 0.48828125 0.0 0.69921875 0.48828125 0.6223958333333334 3
stats: {cpu,"os_mon@test3"} 1 26.13168724279835 0.0 26.13168724279835 2.0613373554550023 8.651267561356185 3
stats: {freemem,"os_mon@test4"} 1 1444.00390625 0.0 1445.078125 1443.76171875 1444.3190104166667 3
stats: {freemem,"os_mon@myserver"} 1 2039.1328125 0.0 2039.328125 2037.97265625 2038.8736979166667 3
stats: {recvpackets,"os_mon@test2"} 1 11379.0 0.0 11379 3550 5361.0 2
stats: {sentpackets,"os_mon@test2"} 1 7522.0 0.0 7522 2413 3606.0 2
stats: {load,"os_mon@test3"} 1 0.8515625 0.0 0.890625 0.640625 0.7604166666666666 3
stats: {cpu,"os_mon@test2"} 1 28.615863141524105 0.0 28.615863141524105 2.7094831911690918 7.986538879459125 3
stats: {recvpackets,"os_mon@test4"} 1 11365.0 0.0 11365 3523 5345.5 2
stats: {sentpackets,"os_mon@test4"} 1 7513.0 0.0 7513 2399 3597.0 2
stats: {freemem,"os_mon@test3"} 1 1498.7421875 0.0 1498.984375 1498.37890625 1498.6614583333333 3
stats: {cpu,"os_mon@test4"} 1 22.267829656233967 0.0 22.267829656233967 1.9558676028084254 7.096635986920063 3
stats: {load,"os_mon@myserver"} 1 3.26171875 0.0 4.9296875 3.26171875 4.260416666666667 3
stats: {recvpackets,"os_mon@myserver"} 1 11498.0 0.0 11498 3669 5462.0 2
stats: {sentpackets,"os_mon@myserver"} 1 7601.0 0.0 7601 2492 3672.5 2
stats: {cpu,"os_mon@myserver"} 1 43.138257091745466 0.0 43.138257091745466 1.7406659939455096 14.053163931135623 3
stats: session 3399 27.16570992847163 60.40453887029505 1032.614013671875 10.168212890625 17.52591825929036 4504
stats: users_count 3406 7921
stats: finish_users_count 3399 7903
stats: request 33960 2.4300325966555114 18.64965921317789 1014.427001953125 0.197998046875 1.4793542722162454 44799
stats: page 3392 25.08327865600592 59.87313549865256 1031.02099609375 8.97607421875 15.419958583364744 4476
stats: connect 3404 2.9407281214426004 42.041364148712816 1012.408203125 0.36083984375 1.6492511205526441 4483
stats: 200 33966 78766
stats: size_rcv 4992001 11601354
stats: newphase 6 18
stats: size_sent 4503868 10452974
stats: connected 12 19
# stats: dump at 1338909253
stats: users 4 67
stats: {load,"os_mon@test2"} 1 1.0703125 0.0 1.30859375 0.94140625 1.134765625 4
stats: {recvpackets,"os_mon@test3"} 1 14891.0 0.0 14891 3535 7357.0 3
stats: {sentpackets,"os_mon@test3"} 1 9804.0 0.0 9804 2408 4905.666666666667 3
stats: {freemem,"os_mon@test2"} 1 1517.25 0.0 1518.48046875 1517.25 1517.798828125 4
stats: {load,"os_mon@test4"} 1 0.48828125 0.0 0.69921875 0.48828125 0.5888671875 4
stats: {cpu,"os_mon@test3"} 1 32.4031007751938 0.0 32.4031007751938 2.0613373554550023 13.021372481716726 4
stats: {freemem,"os_mon@test4"} 1 1443.51171875 0.0 1445.078125 1443.51171875 1444.240234375 4
stats: {freemem,"os_mon@myserver"} 1 2036.5703125 0.0 2039.328125 2036.5703125 2038.9384765625 4
stats: {recvpackets,"os_mon@test2"} 1 1.49e4 0.0 14900 3550 7367.0 3
stats: {sentpackets,"os_mon@test2"} 1 9816.0 0.0 9816 2413 4911.333333333333 3
stats: {load,"os_mon@test3"} 1 0.9609375 0.0 0.9609375 0.640625 0.783203125 4
stats: {cpu,"os_mon@test2"} 1 34.917355371900825 0.0 34.917355371900825 2.7094831911690918 13.143869944975371 4
stats: {recvpackets,"os_mon@test4"} 1 14882.0 0.0 14882 3523 7352.0 3
stats: {sentpackets,"os_mon@test4"} 1 9801.0 0.0 9801 2399 4902.333333333333 3
stats: {freemem,"os_mon@test3"} 1 1498.53125 0.0 1498.984375 1498.37890625 1498.681640625 4
stats: {cpu,"os_mon@test4"} 1 29.545454545454547 0.0 29.545454545454547 1.9558676028084254 10.88943440424854 4
stats: {load,"os_mon@myserver"} 1 2.98828125 0.0 4.9296875 2.98828125 4.0107421875 4
stats: {recvpackets,"os_mon@myserver"} 1 15051.0 0.0 15051 3669 7474.0 3
stats: {sentpackets,"os_mon@myserver"} 1 9909.0 0.0 9909 2492 4982.0 3
stats: {cpu,"os_mon@myserver"} 1 57.747196738022424 0.0 57.747196738022424 1.7406659939455096 21.324437221288086 4
stats: session 4340 49.84083325082797 108.21541837604704 1279.85107421875 10.168212890625 21.671894709188773 7903
stats: users_count 4326 12247
stats: finish_users_count 4340 12243
stats: request 42606 4.757653005793655 32.80525748787946 1014.427001953125 0.197998046875 1.8892761338188238 78759
stats: page 4261 48.28919525612011 108.4421631204659 1277.888916015625 8.97607421875 19.585945071214116 7868
stats: connect 4257 5.840656175673892 68.25643125946688 1012.408203125 0.359130859375 2.2066478127080154 7887
stats: 200 42604 121370
stats: size_rcv 6162344 17763698
stats: newphase 6 24
stats: size_sent 5655211 16108185
stats: connected -4 15
# stats: dump at 1338909263
stats: users 237 305
stats: {load,"os_mon@test2"} 1 1.140625 0.0 1.30859375 0.94140625 1.121875 5
stats: {recvpackets,"os_mon@test3"} 1 18660.0 0.0 18660 3535 9240.5 4
stats: {sentpackets,"os_mon@test3"} 1 12216.0 0.0 12216 2408 6130.25 4
stats: {freemem,"os_mon@test2"} 1 1517.265625 0.0 1518.48046875 1517.25 1517.6890625 5
stats: {load,"os_mon@test4"} 1 0.5703125 0.0 0.69921875 0.48828125 0.56875 5
stats: {cpu,"os_mon@test3"} 1 39.29679420889349 0.0 39.29679420889349 2.0613373554550023 16.89771814041214 5
stats: {freemem,"os_mon@test4"} 1 1443.6328125 0.0 1445.078125 1443.51171875 1444.09453125 5
stats: {freemem,"os_mon@myserver"} 1 2035.41015625 0.0 2039.328125 2035.41015625 2038.46484375 5
stats: {recvpackets,"os_mon@test2"} 1 18643.0 0.0 18643 3550 9250.25 4
stats: {sentpackets,"os_mon@test2"} 1 1.22e4 0.0 12200 2413 6137.5 4
stats: {load,"os_mon@test3"} 1 1.03125 0.0 1.03125 0.640625 0.81875 5
stats: {cpu,"os_mon@test2"} 1 39.42357179619146 0.0 39.42357179619146 2.7094831911690918 17.498567030360462 5
stats: {recvpackets,"os_mon@test4"} 1 18604.0 0.0 18604 3523 9234.5 4
stats: {sentpackets,"os_mon@test4"} 1 12176.0 0.0 12176 2399 6127.0 4
stats: {freemem,"os_mon@test3"} 1 1498.18359375 0.0 1498.984375 1498.18359375 1498.6515625 5
stats: {cpu,"os_mon@test4"} 1 37.18797758532858 0.0 37.18797758532858 1.9558676028084254 14.620638432489741 5
stats: {load,"os_mon@myserver"} 1 2.76953125 0.0 4.9296875 2.76953125 3.80625 5
stats: {recvpackets,"os_mon@myserver"} 1 19217.0 0.0 19217 3669 9368.25 4
stats: {sentpackets,"os_mon@myserver"} 1 12583.0 0.0 12583 2492 6213.75 4
stats: {cpu,"os_mon@myserver"} 1 72.71820448877806 0.0 72.71820448877806 1.7406659939455096 28.608989124634956 5
stats: session 5037 187.2152443984823 277.5152215050176 2134.666015625 10.168212890625 31.65745325453829 12243
stats: users_count 5270 17517
stats: finish_users_count 5037 17280
stats: request 50256 17.888212236163184 75.42922456911572 1539.280029296875 0.197998046875 2.896239138040466 121365
stats: page 4966 178.20163193701566 272.46343212191226 2133.10009765625 8.97607421875 29.669591623929463 12129
stats: connect 5101 24.79922719273792 151.07923472548572 1532.638916015625 0.359130859375 3.480525744291162 12144
stats: 200 50271 171641
stats: size_rcv 7040752 24804450
stats: newphase 6 30
stats: size_sent 6689501 22797686
stats: connected 135 150
# stats: dump at 1338909273
stats: users 1445 1453
stats: {load,"os_mon@test2"} 1 1.3515625 0.0 1.3515625 0.94140625 1.125 6
stats: {recvpackets,"os_mon@test3"} 1 22474.0 0.0 22474 3535 11124.4 5
stats: {sentpackets,"os_mon@test3"} 1 14745.0 0.0 14745 2408 7347.4 5
stats: {freemem,"os_mon@test2"} 1 1513.94921875 0.0 1518.48046875 1513.94921875 1517.6184895833333 6
stats: {load,"os_mon@test4"} 1 0.55859375 0.0 0.69921875 0.48828125 0.5690104166666666 6
stats: {cpu,"os_mon@test3"} 1 45.4118873826903 0.0 45.4118873826903 2.0613373554550023 20.630897485159032 6
stats: {freemem,"os_mon@test4"} 1 1440.81640625 0.0 1445.078125 1440.81640625 1444.017578125 6
stats: {freemem,"os_mon@myserver"} 1 2015.50390625 0.0 2039.328125 2015.50390625 2037.9557291666667 6
stats: {recvpackets,"os_mon@test2"} 1 22476.0 0.0 22476 3550 11128.8 5
stats: {sentpackets,"os_mon@test2"} 1 14745.0 0.0 14745 2413 7350.0 5
stats: {load,"os_mon@test3"} 1 1.03125 0.0 1.03125 0.640625 0.8541666666666666 6
stats: {cpu,"os_mon@test2"} 1 48.09278350515464 0.0 48.09278350515464 2.7094831911690918 21.152734491332296 6
stats: {recvpackets,"os_mon@test4"} 1 22465.0 0.0 22465 3523 11108.4 5
stats: {sentpackets,"os_mon@test4"} 1 14738.0 0.0 14738 2399 7336.8 5
stats: {freemem,"os_mon@test3"} 1 1495.03515625 0.0 1498.984375 1495.03515625 1498.5735677083333 6
stats: {cpu,"os_mon@test4"} 1 43.68286445012788 0.0 43.68286445012788 1.9558676028084254 18.381861624629547 6
stats: {load,"os_mon@myserver"} 1 2.96875 0.0 4.9296875 2.76953125 3.6334635416666665 6
stats: {recvpackets,"os_mon@myserver"} 1 22704.0 0.0 22704 3669 11338.0 5
stats: {sentpackets,"os_mon@myserver"} 1 14886.0 0.0 14886 2492 7487.6 5
stats: {cpu,"os_mon@myserver"} 1 85.7720495324741 0.0 85.7720495324741 1.7406659939455096 35.96052501865881 6
stats: session 4892 1042.8750421706495 852.9099693033594 6201.303955078125 10.168212890625 77.00146911055947 17280
stats: users_count 6100 23617
stats: finish_users_count 4892 22172
stats: request 52773 108.55135801736496 260.2972860505833 3880.887939453125 0.106201171875 7.286358062992862 171621
stats: page 4865 976.7636439732136 822.4684831107951 5418.93701171875 8.97607421875 72.81730219396667 17095
stats: connect 5885 166.38340192226022 411.9838619772093 3550.569091796875 0.359130859375 9.786509860761266 17245
stats: 200 53152 224793
stats: size_rcv 6120022 30924472
stats: newphase 6 36
stats: size_sent 7125397 29923083
stats: connected 972 1122
# stats: dump at 1338909283
stats: users 4179 4180
stats: {load,"os_mon@test2"} 1 1.2109375 0.0 1.3515625 0.94140625 1.1573660714285714 7
stats: {recvpackets,"os_mon@test3"} 1 24366.0 0.0 24366 3535 13016.0 6
stats: {sentpackets,"os_mon@test3"} 1 16081.0 0.0 16081 2408 8580.333333333334 6
stats: {freemem,"os_mon@test2"} 1 1495.1640625 0.0 1518.48046875 1495.1640625 1517.0943080357142 7
stats: {load,"os_mon@test4"} 1 0.55859375 0.0 0.69921875 0.48828125 0.5675223214285714 7
stats: {cpu,"os_mon@test3"} 1 47.255113024757804 0.0 47.255113024757804 2.0613373554550023 24.17103889909207 7
stats: {freemem,"os_mon@test4"} 1 1422.63671875 0.0 1445.078125 1422.63671875 1443.560267857143 7
stats: {freemem,"os_mon@myserver"} 1 1963.48828125 0.0 2039.328125 1963.48828125 2034.748325892857 7
stats: {recvpackets,"os_mon@test2"} 1 24365.0 0.0 24365 3550 13020.0 6
stats: {sentpackets,"os_mon@test2"} 1 16082.0 0.0 16082 2413 8582.5 6
stats: {load,"os_mon@test3"} 1 1.03125 0.0 1.03125 0.640625 0.8794642857142857 7
stats: {cpu,"os_mon@test2"} 1 50.984455958549226 0.0 50.984455958549226 2.7094831911690918 25.001312921878345 7
stats: {recvpackets,"os_mon@test4"} 1 24387.0 0.0 24387 3523 13001.166666666666 6
stats: {sentpackets,"os_mon@test4"} 1 16098.0 0.0 16098 2399 8570.333333333334 6
stats: {freemem,"os_mon@test3"} 1 1477.87109375 0.0 1498.984375 1477.87109375 1498.068080357143 7
stats: {cpu,"os_mon@test4"} 1 46.10591900311526 0.0 46.10591900311526 1.9558676028084254 21.996290599700735 7
stats: {load,"os_mon@myserver"} 1 2.8984375 0.0 4.9296875 2.76953125 3.5385044642857144 7
stats: {recvpackets,"os_mon@myserver"} 1 26130.0 0.0 26130 3669 13232.333333333334 6
stats: {sentpackets,"os_mon@myserver"} 1 17287.0 0.0 17287 2492 8720.666666666666 6
stats: {cpu,"os_mon@myserver"} 1 90.29015307288097 0.0 90.29015307288097 1.7406659939455096 43.07645709206099 7
stats: session 4079 3369.6827377315612 1947.8036341443658 14889.713134765625 10.168212890625 290.11050390263784 22172
stats: users_count 6813 30430
stats: finish_users_count 4079 26251
stats: request 50141 396.78664626203476 755.1861083073546 14618.885009765625 0.046142578125 31.101869362724933 224394
stats: page 4086 3220.4177601011816 1887.872019393715 14887.715087890625 8.97607421875 273.07681734679164 21960
stats: connect 7422 553.4736240626465 915.6801935625698 7632.430908203125 0.359130859375 49.62968797498182 23130
stats: 200 49906 274699
stats: size_rcv 4476368 35400840
stats: newphase 6 42
stats: size_sent 6944935 36868018
stats: connected 2253 3375
# stats: dump at 1338909293
stats: users 3940 4510
stats: {load,"os_mon@test2"} 1 1.1796875 0.0 1.3515625 0.94140625 1.1640625 8
stats: {recvpackets,"os_mon@test3"} 1 23825.0 0.0 24366 3535 14637.42857142857 7
stats: {sentpackets,"os_mon@test3"} 1 16052.0 0.0 16081 2408 9651.857142857143 7
stats: {freemem,"os_mon@test2"} 1 1446.1640625 0.0 1518.48046875 1446.1640625 1514.35302734375 8
stats: {load,"os_mon@test4"} 1 0.55078125 0.0 0.69921875 0.48828125 0.56640625 8
stats: {cpu,"os_mon@test3"} 1 49.08503767491927 0.0 49.08503767491927 2.0613373554550023 27.056548164800287 8
stats: {freemem,"os_mon@test4"} 1 1389.58984375 0.0 1445.078125 1389.58984375 1440.94482421875 8
stats: {freemem,"os_mon@myserver"} 1 1914.9296875 0.0 2039.328125 1914.9296875 2025.8408203125 8
stats: {recvpackets,"os_mon@test2"} 1 23860.0 0.0 24365 3550 14640.714285714286 7
stats: {sentpackets,"os_mon@test2"} 1 16077.0 0.0 16082 2413 9653.857142857143 7
stats: {load,"os_mon@test3"} 1 1.01953125 0.0 1.03125 0.640625 0.8984375 8
stats: {cpu,"os_mon@test2"} 1 54.01647785787848 0.0 54.01647785787848 2.7094831911690918 28.249205801462207 8
stats: {recvpackets,"os_mon@test4"} 1 23825.0 0.0 24387 3523 14627.714285714286 7
stats: {sentpackets,"os_mon@test4"} 1 16044.0 0.0 16098 2399 9645.714285714286 7
stats: {freemem,"os_mon@test3"} 1 1441.15234375 0.0 1498.984375 1441.15234375 1495.54345703125 8
stats: {cpu,"os_mon@test4"} 1 49.33741080530071 0.0 49.33741080530071 1.9558676028084254 25.009994150127554 8
stats: {load,"os_mon@myserver"} 1 3.83984375 0.0 4.9296875 2.76953125 3.45849609375 8
stats: {recvpackets,"os_mon@myserver"} 1 24399.0 0.0 26130 3669 15074.857142857143 7
stats: {sentpackets,"os_mon@myserver"} 1 16568.0 0.0 17287 2492 9944.42857142857 7
stats: {cpu,"os_mon@myserver"} 1 91.12863479546574 0.0 91.12863479546574 1.7406659939455096 48.97816908966349 8
stats: session 4973 5954.824765550355 3581.2065235514397 22928.751953125 10.168212890625 768.6284705244115 26251
stats: users_count 4734 35164
stats: finish_users_count 4973 31224
stats: request 52037 655.3850055196668 1380.9966220508236 16944.7080078125 0.046142578125 97.89044057771862 274535
stats: page 4944 5888.948221496796 3508.1765650967213 22927.64404296875 8.97607421875 735.444746859747 26046
stats: connect 7665 810.1576694874225 1374.4486705524812 15851.133056640625 0.359130859375 172.02853890594042 30552
stats: 200 49402 324101
stats: size_rcv 4246083 39646923
stats: newphase 6 48
stats: size_sent 6922242 43790260
stats: connected 185 3560
# stats: dump at 1338909303
stats: users 4510 4754
stats: {load,"os_mon@test2"} 1 1.1484375 0.0 1.3515625 0.94140625 1.1657986111111112 9
stats: {recvpackets,"os_mon@test3"} 1 22207.0 0.0 24366 3535 15785.875 8
stats: {sentpackets,"os_mon@test3"} 1 15376.0 0.0 16081 2408 10451.875 8
stats: {freemem,"os_mon@test2"} 1 1424.3984375 0.0 1518.48046875 1424.3984375 1506.7764756944443 9
stats: {load,"os_mon@test4"} 1 0.69140625 0.0 0.69921875 0.48828125 0.5646701388888888 9
stats: {cpu,"os_mon@test3"} 1 55.88552915766739 0.0 55.88552915766739 2.0613373554550023 29.50415811036906 9
stats: {freemem,"os_mon@test4"} 1 1384.83203125 0.0 1445.078125 1384.83203125 1435.2387152777778 9
stats: {freemem,"os_mon@myserver"} 1 1897.04296875 0.0 2039.328125 1897.04296875 2013.517361111111 9
stats: {recvpackets,"os_mon@test2"} 1 22230.0 0.0 24365 3550 15793.125 8
stats: {sentpackets,"os_mon@test2"} 1 15389.0 0.0 16082 2413 10456.75 8
stats: {load,"os_mon@test3"} 1 0.94921875 0.0 1.03125 0.640625 0.9118923611111112 9
stats: {cpu,"os_mon@test2"} 1 49.63768115942029 0.0 54.01647785787848 2.7094831911690918 31.112236029952903 9
stats: {recvpackets,"os_mon@test4"} 1 22180.0 0.0 24387 3523 15777.375 8
stats: {sentpackets,"os_mon@test4"} 1 15362.0 0.0 16098 2399 10445.5 8
stats: {freemem,"os_mon@test3"} 1 1407.30859375 0.0 1498.984375 1407.30859375 1489.5 9
stats: {cpu,"os_mon@test4"} 1 43.625192012288785 0.0 49.33741080530071 1.9558676028084254 27.713040445146795 9
stats: {load,"os_mon@myserver"} 1 4.5 0.0 4.9296875 2.76953125 3.5008680555555554 9
stats: {recvpackets,"os_mon@myserver"} 1 24340.0 0.0 26130 3669 16240.375 8
stats: {sentpackets,"os_mon@myserver"} 1 16846.0 0.0 17287 2492 10772.375 8
stats: {cpu,"os_mon@myserver"} 1 90.62332559385604 0.0 91.12863479546574 1.7406659939455096 53.661554168085964 9
stats: session 5196 6564.786306943581 5098.486916891926 32377.177978515625 10.168212890625 1594.6262342690957 31224
stats: users_count 5766 40930
stats: finish_users_count 5196 36420
stats: 200 50879 374980
stats: request 53144 644.7211286024184 1647.4783553065897 28190.4560546875 0.046142578125 186.7233615748775 326572
stats: page 5301 6517.142468144271 4992.464912624018 32375.7939453125 8.97607421875 1557.610644846374 30990
stats: connect 7936 666.400784215618 1276.3909484870278 15851.133056640625 0.359130859375 300.0150314591775 38217
stats: size_rcv 4510815 44157738
stats: newphase 6 54
stats: size_sent 7105712 50895972
stats: connected 424 3984
# stats: dump at 1338909313
stats: users 3358 4918
stats: {load,"os_mon@test2"} 1 1.12109375 0.0 1.3515625 0.94140625 1.1640625 10
stats: {recvpackets,"os_mon@test3"} 1 22241.0 0.0 24366 3535 16499.333333333332 9
stats: {sentpackets,"os_mon@test3"} 1 15292.0 0.0 16081 2408 10999.0 9
stats: {freemem,"os_mon@test2"} 1 1415.546875 0.0 1518.48046875 1415.546875 1498.538671875 10
stats: {load,"os_mon@test4"} 1 1.0390625 0.0 1.0390625 0.48828125 0.57734375 10
stats: {cpu,"os_mon@test3"} 1 50.31645569620253 0.0 55.88552915766739 2.0613373554550023 32.1422952150989 10
stats: {freemem,"os_mon@test4"} 1 1341.90625 0.0 1445.078125 1341.90625 1430.198046875 10
stats: {freemem,"os_mon@myserver"} 1 1883.03125 0.0 2039.328125 1883.03125 2001.869921875 10
stats: {recvpackets,"os_mon@test2"} 1 22226.0 0.0 24365 3550 16508.333333333332 9
stats: {sentpackets,"os_mon@test2"} 1 15276.0 0.0 16082 2413 11004.777777777777 9
stats: {load,"os_mon@test3"} 1 0.87890625 0.0 1.03125 0.640625 0.915625 10
stats: {cpu,"os_mon@test2"} 1 43.88120839733743 0.0 54.01647785787848 2.7094831911690918 32.964780542899646 10
stats: {recvpackets,"os_mon@test4"} 1 22255.0 0.0 24387 3523 16488.777777777777 9
stats: {sentpackets,"os_mon@test4"} 1 15309.0 0.0 16098 2399 10991.777777777777 9
stats: {freemem,"os_mon@test3"} 1 1382.61328125 0.0 1498.984375 1382.61328125 1481.280859375 10
stats: {cpu,"os_mon@test4"} 1 56.11770779556014 0.0 56.11770779556014 1.9558676028084254 29.304255601860994 10
stats: {load,"os_mon@myserver"} 1 5.0390625 0.0 5.0390625 2.76953125 3.60078125 10
stats: {recvpackets,"os_mon@myserver"} 1 33713.0 0.0 33713 3669 17140.333333333332 9
stats: {sentpackets,"os_mon@myserver"} 1 23080.0 0.0 23080 2492 11447.222222222223 9
stats: {cpu,"os_mon@myserver"} 1 93.28552803129074 0.0 93.28552803129074 1.7406659939455096 57.35773131066297 10
stats: session 5794 6452.697689521213 5480.634345114937 38567.333984375 10.168212890625 2303.7133220674655 36420
stats: users_count 4642 45572
stats: finish_users_count 5794 42214
stats: request 56676 668.2645824786932 1723.878645885209 34915.4638671875 0.046142578125 250.82346094101334 379716
stats: page 5768 6453.882148520461 5475.758808701871 38566.030029296875 8.97607421875 2282.045854548563 36291
stats: connect 7301 764.1868066352749 1342.6707393509428 31685.5791015625 0.359130859375 363.0149953591431 46153
stats: 200 53620 428600
stats: size_rcv 4842633 49000371
stats: newphase 6 60
stats: size_sent 7391425 58287397
stats: connected -952 3032
# stats: dump at 1338909323
stats: users 4364 4918
stats: {load,"os_mon@test2"} 1 1.26171875 0.0 1.3515625 0.94140625 1.16015625 11
stats: {recvpackets,"os_mon@test3"} 1 22125.0 0.0 24366 3535 17073.5 10
stats: {sentpackets,"os_mon@test3"} 1 15391.0 0.0 16081 2408 11428.3 10
stats: {freemem,"os_mon@test2"} 1 1379.234375 0.0 1518.48046875 1379.234375 1490.9939630681818 11
stats: {load,"os_mon@test4"} 1 1.109375 0.0 1.109375 0.48828125 0.6193181818181818 11
stats: {cpu,"os_mon@test3"} 1 48.35978835978836 0.0 55.88552915766739 2.0613373554550023 33.79449162247195 11
stats: {freemem,"os_mon@test4"} 1 1342.35546875 0.0 1445.078125 1341.90625 1422.1715198863637 11
stats: {freemem,"os_mon@myserver"} 0 0 0 2039.328125 1883.03125 1991.06640625 11
stats: {recvpackets,"os_mon@test2"} 1 22068.0 0.0 24365 3550 17080.1 10
stats: {sentpackets,"os_mon@test2"} 1 15362.0 0.0 16082 2413 11431.9 10
stats: {load,"os_mon@test3"} 1 0.96875 0.0 1.03125 0.640625 0.9122869318181818 11
stats: {cpu,"os_mon@test2"} 1 60.40477426050857 0.0 60.40477426050857 2.7094831911690918 33.957183075121264 11
stats: {recvpackets,"os_mon@test4"} 1 22131.0 0.0 24387 3523 17065.4 10
stats: {sentpackets,"os_mon@test4"} 1 15393.0 0.0 16098 2399 11423.5 10
stats: {freemem,"os_mon@test3"} 1 1358.0 0.0 1498.984375 1358.0 1472.3110795454545 11
stats: {cpu,"os_mon@test4"} 1 42.23376623376623 0.0 56.11770779556014 1.9558676028084254 31.741842164924552 11
stats: {load,"os_mon@myserver"} 0 0 0 5.0390625 2.76953125 3.731534090909091 11
stats: {recvpackets,"os_mon@myserver"} 0 0 0 33713 3669 18797.6 10
stats: {sentpackets,"os_mon@myserver"} 0 0 0 23080 2492 12610.5 10
stats: {cpu,"os_mon@myserver"} 0 0 0 93.28552803129074 1.7406659939455096 60.62389464890186 11
stats: session 4852 6572.310167531195 6997.192304973926 49177.158935546875 10.168212890625 2873.1740560663047 42214
stats: users_count 5858 51430
stats: finish_users_count 4852 47066
stats: request 50458 629.7773739954156 2137.051084802299 41021.419921875 0.046142578125 305.03823344891805 436392
stats: page 4877 6646.524036913539 7073.750255942661 49174.631103515625 8.97607421875 2854.1743346272597 42059
stats: connect 7675 654.8107970913077 1300.4247768307282 31685.5791015625 0.359130859375 417.80893770446875 53454
stats: 200 48591 477191
stats: size_rcv 4770457 53770828
stats: newphase 6 66
stats: size_sent 6809792 65097189
stats: connected 848 3880
# stats: dump at 1338909333
stats: users 4637 5000
stats: {load,"os_mon@test2"} 1 1.2109375 0.0 1.3515625 0.94140625 1.1686197916666667 12
stats: {recvpackets,"os_mon@test3"} 1 25349.0 0.0 25349 3535 17532.727272727272 11
stats: {sentpackets,"os_mon@test3"} 1 17691.0 0.0 17691 2408 11788.545454545454 11
stats: {freemem,"os_mon@test2"} 1 1345.796875 0.0 1518.48046875 1345.796875 1481.6806640625 12
stats: {load,"os_mon@test4"} 1 1.08984375 0.0 1.109375 0.48828125 0.6601562499999999 12
stats: {cpu,"os_mon@test3"} 1 52.52257036643654 0.0 55.88552915766739 2.0613373554550023 35.00826635058166 12
stats: {freemem,"os_mon@test4"} 1 1330.21875 0.0 1445.078125 1330.21875 1415.5201822916667 12
stats: {freemem,"os_mon@myserver"} 1 1878.05859375 0.0 2039.328125 1878.05859375 1991.06640625 11
stats: {recvpackets,"os_mon@test2"} 1 25347.0 0.0 25347 3550 17533.545454545456 11
stats: {sentpackets,"os_mon@test2"} 1 17690.0 0.0 17690 2413 11789.181818181818 11
stats: {load,"os_mon@test3"} 1 1.05078125 0.0 1.05078125 0.640625 0.9169921875 12
stats: {cpu,"os_mon@test2"} 1 54.67552376085846 0.0 60.40477426050857 2.7094831911690918 36.16114900723687 12
stats: {recvpackets,"os_mon@test4"} 1 25379.0 0.0 25379 3523 17525.909090909092 11
stats: {sentpackets,"os_mon@test4"} 1 17703.0 0.0 17703 2399 11784.363636363636 11
stats: {freemem,"os_mon@test3"} 1 1324.09375 0.0 1498.984375 1324.09375 1462.78515625 12
stats: {cpu,"os_mon@test4"} 1 49.38650306748466 0.0 56.11770779556014 1.9558676028084254 32.61616917066136 12
stats: {load,"os_mon@myserver"} 1 4.98046875 0.0 5.0390625 2.76953125 3.731534090909091 11
stats: {recvpackets,"os_mon@myserver"} 1 27626.0 0.0 33713 3669 18797.6 10
stats: {sentpackets,"os_mon@myserver"} 1 19399.0 0.0 23080 2492 12610.5 10
stats: {cpu,"os_mon@myserver"} 1 89.27284290862836 0.0 93.28552803129074 1.7406659939455096 60.62389464890186 11
stats: session 5211 6536.705701477713 5931.62900786136 58532.56591796875 10.168212890625 3254.515330294573 47066
stats: users_count 5484 56914
stats: finish_users_count 5211 52277
stats: request 51003 644.9310128806372 1885.0720328643713 55968.68994140625 0.046142578125 338.69477561528385 486850
stats: page 5209 6506.429736524975 5898.183646197414 58529.72216796875 8.97607421875 3248.2277157856493 46936
stats: 200 48862 526053
stats: connect 7499 679.4847694861944 1219.132899473038 31685.5791015625 0.359130859375 447.5655061219791 61129
stats: size_rcv 4304353 58075181
stats: newphase 6 72
stats: size_sent 6800860 71898049
stats: connected 238 4118
# stats: dump at 1338909343
stats: users 3317 5000
stats: {load,"os_mon@test2"} 1 1.03125 0.0 1.3515625 0.94140625 1.171875 13
stats: {recvpackets,"os_mon@test3"} 1 23639.0 0.0 25349 3535 18184.083333333332 12
stats: {sentpackets,"os_mon@test3"} 1 16636.0 0.0 17691 2408 12280.416666666666 12
stats: {freemem,"os_mon@test2"} 1 1319.83984375 0.0 1518.48046875 1319.83984375 1471.2280649038462 13
stats: {load,"os_mon@test4"} 1 1.44921875 0.0 1.44921875 0.48828125 0.6932091346153845 13
stats: {cpu,"os_mon@test3"} 1 45.95744680851064 0.0 55.88552915766739 2.0613373554550023 36.35552050564741 13
stats: {freemem,"os_mon@test4"} 1 1300.56640625 0.0 1445.078125 1300.56640625 1408.9585336538462 13
stats: {freemem,"os_mon@myserver"} 1 1877.83203125 0.0 2039.328125 1877.83203125 1981.6490885416667 12
stats: {recvpackets,"os_mon@test2"} 1 23603.0 0.0 25347 3550 18184.666666666668 12
stats: {sentpackets,"os_mon@test2"} 1 16609.0 0.0 17690 2413 12280.916666666666 12
stats: {load,"os_mon@test3"} 1 1.12109375 0.0 1.12109375 0.640625 0.9272836538461539 13
stats: {cpu,"os_mon@test2"} 1 53.75453133091662 0.0 60.40477426050857 2.7094831911690918 37.58533168059238 13
stats: {recvpackets,"os_mon@test4"} 1 23512.0 0.0 25379 3523 18180.333333333332 12
stats: {sentpackets,"os_mon@test4"} 1 16551.0 0.0 17703 2399 12277.583333333334 12
stats: {freemem,"os_mon@test3"} 1 1315.1015625 0.0 1498.984375 1315.1015625 1452.1165865384614 13
stats: {cpu,"os_mon@test4"} 1 52.56410256410257 0.0 56.11770779556014 1.9558676028084254 33.90619485503238 13
stats: {load,"os_mon@myserver"} 1 5.80078125 0.0 5.80078125 2.76953125 3.8356119791666665 12
stats: {recvpackets,"os_mon@myserver"} 1 26249.0 0.0 33713 3669 19600.18181818182 11
stats: {sentpackets,"os_mon@myserver"} 1 18496.0 0.0 23080 2492 13227.636363636364 11
stats: {cpu,"os_mon@myserver"} 1 91.60037435657463 0.0 93.28552803129074 1.7406659939455096 63.01130700387907 12
stats: session 5951 6710.143059226856 6591.389195223519 68694.53393554688 10.168212890625 3581.6858646449627 52277
stats: users_count 4631 61545
stats: finish_users_count 5951 58228
stats: request 55385 719.4915172053818 2324.383653344993 67380.35400390625 0.046142578125 367.73424701219864 537853
stats: page 5921 6685.766008549419 6570.51432468412 68693.39501953125 8.97607421875 3573.704258618733 52145
stats: connect 7374 785.0438733681576 1353.939653817438 31685.5791015625 0.359130859375 472.9073863453318 68628
stats: 200 52018 578071
stats: size_rcv 4753281 62828462
stats: newphase 6 78
stats: size_sent 7159024 79057073
stats: connected -1423 2695
stats: error_connect_etimedout 1 1
# stats: dump at 1338909353
stats: users 3047 5072
stats: {load,"os_mon@test2"} 1 1.01953125 0.0 1.3515625 0.94140625 1.1618303571428572 14
stats: {recvpackets,"os_mon@test3"} 1 25889.0 0.0 25889 3535 18603.69230769231 13
stats: {sentpackets,"os_mon@test3"} 1 18032.0 0.0 18032 2408 12615.461538461539 13
stats: {freemem,"os_mon@test2"} 1 1305.515625 0.0 1518.48046875 1305.515625 1460.4146205357142 14
stats: {load,"os_mon@test4"} 1 1.30078125 0.0 1.44921875 0.48828125 0.7472098214285713 14
stats: {cpu,"os_mon@test3"} 1 70.37427517132315 0.0 70.37427517132315 2.0613373554550023 37.04137238442336 14
stats: {freemem,"os_mon@test4"} 1 1301.7109375 0.0 1445.078125 1300.56640625 1401.2162388392858 14
stats: {freemem,"os_mon@myserver"} 0 0 0 2039.328125 1877.83203125 1973.6631610576924 13
stats: {recvpackets,"os_mon@test2"} 1 25851.0 0.0 25851 3550 18601.46153846154 13
stats: {sentpackets,"os_mon@test2"} 1 18009.0 0.0 18009 2413 12613.846153846154 13
stats: {load,"os_mon@test3"} 1 1.328125 0.0 1.328125 0.640625 0.9411272321428571 14
stats: {cpu,"os_mon@test2"} 1 46.55436447166922 0.0 60.40477426050857 2.7094831911690918 38.7402745127584 14
stats: {recvpackets,"os_mon@test4"} 1 25796.0 0.0 25796 3523 18590.46153846154 13
stats: {sentpackets,"os_mon@test4"} 1 17975.0 0.0 17975 2399 12606.307692307691 13
stats: {freemem,"os_mon@test3"} 1 1247.49609375 0.0 1498.984375 1247.49609375 1442.329799107143 14
stats: {cpu,"os_mon@test4"} 1 41.80244399185336 0.0 56.11770779556014 1.9558676028084254 35.238902548537396 14
stats: {load,"os_mon@myserver"} 0 0 0 5.80078125 2.76953125 3.9867788461538463 13
stats: {recvpackets,"os_mon@myserver"} 0 0 0 33713 3669 20154.250000000004 12
stats: {sentpackets,"os_mon@myserver"} 0 0 0 23080 2492 13666.666666666666 12
stats: {cpu,"os_mon@myserver"} 0 0 0 93.28552803129074 1.7406659939455096 65.2104660310095 13
stats: session 4994 7182.744639368017 7745.700190413312 74836.79516601563 10.168212890625 3901.4194767380595 58228
stats: users_count 4724 66269
stats: finish_users_count 4994 63222
stats: request 48381 760.6212534927847 2588.0923096976417 67380.35400390625 0.046142578125 400.5744838305573 593238
stats: page 5079 7165.893837090769 7695.487159248619 74834.44091796875 8.97607421875 3891.0417301397533 58066
stats: connect 6657 594.4330419489127 1345.740352431772 31685.5791015625 0.359130859375 503.1920427399835 76002
stats: 200 45627 623698
stats: size_rcv 4432853 67261315
stats: newphase 4 82
stats: size_sent 6333562 85390635
stats: connected -638 2057
stats: error_connect_etimedout 0 1
# stats: dump at 1338909363
stats: users 929 5072
stats: {load,"os_mon@test2"} 1 0.87109375 0.0 1.3515625 0.87109375 1.15234375 15
stats: {recvpackets,"os_mon@test3"} 1 20876.0 0.0 25889 3535 19124.071428571428 14
stats: {sentpackets,"os_mon@test3"} 1 14737.0 0.0 18032 2408 13002.357142857143 14
stats: {freemem,"os_mon@test2"} 1 1299.50390625 0.0 1518.48046875 1299.50390625 1450.0880208333333 15
stats: {load,"os_mon@test4"} 1 1.26171875 0.0 1.44921875 0.48828125 0.7841145833333332 15
stats: {cpu,"os_mon@test3"} 1 47.50530785562633 0.0 70.37427517132315 2.0613373554550023 39.26356590355001 15
stats: {freemem,"os_mon@test4"} 1 1270.8828125 0.0 1445.078125 1270.8828125 1394.5825520833334 15
stats: {freemem,"os_mon@myserver"} 0 0 0 2039.328125 1877.83203125 1973.6631610576924 13
stats: {recvpackets,"os_mon@test2"} 1 20884.0 0.0 25851 3550 19119.285714285714 14
stats: {sentpackets,"os_mon@test2"} 1 14736.0 0.0 18009 2413 12999.214285714286 14
stats: {load,"os_mon@test3"} 1 1.28125 0.0 1.328125 0.640625 0.9669270833333333 15
stats: {cpu,"os_mon@test2"} 1 42.95233213736545 0.0 60.40477426050857 2.7094831911690918 39.26121384335246 15
stats: {recvpackets,"os_mon@test4"} 1 21071.0 0.0 25796 3523 19105.14285714286 14
stats: {sentpackets,"os_mon@test4"} 1 14862.0 0.0 17975 2399 12989.785714285714 14
stats: {freemem,"os_mon@test3"} 1 1240.6953125 0.0 1498.984375 1240.6953125 1429.3408854166667 15
stats: {cpu,"os_mon@test4"} 1 46.759979263867294 0.0 56.11770779556014 1.9558676028084254 35.67647197809179 15
stats: {load,"os_mon@myserver"} 0 0 0 5.80078125 2.76953125 3.9867788461538463 13
stats: {recvpackets,"os_mon@myserver"} 0 0 0 33713 3669 20154.250000000004 12
stats: {sentpackets,"os_mon@myserver"} 0 0 0 23080 2492 13666.666666666666 12
stats: {cpu,"os_mon@myserver"} 0 0 0 93.28552803129074 1.7406659939455096 65.2104660310095 13
stats: session 5913 7582.900723742981 8128.804463746096 88404.30200195313 10.168212890625 4160.616241506242 63222
stats: users_count 3795 70064
stats: finish_users_count 5913 69135
stats: request 53014 693.2996609358618 2236.9533983541164 81767.84814453125 0.046142578125 427.72365298394624 641619
stats: page 5916 7513.336304660105 7982.787644942231 88402.46411132813 8.97607421875 4154.450928828553 63145
stats: connect 7151 808.6553864775808 1524.7151917334488 31685.5791015625 0.359130859375 510.54020000941387 82659
stats: 200 50206 673904
stats: size_rcv 4510069 71771384
stats: newphase 2 84
stats: size_sent 6883424 92274059
stats: connected -1145 912
stats: error_connect_etimedout 0 1
# stats: dump at 1338909373
stats: users 235 5072
stats: {load,"os_mon@test2"} 1 0.73046875 0.0 1.3515625 0.73046875 1.134765625 16
stats: {recvpackets,"os_mon@test3"} 1 14788.0 0.0 25889 3535 19240.866666666665 15
stats: {sentpackets,"os_mon@test3"} 1 10938.0 0.0 18032 2408 13118.0 15
stats: {freemem,"os_mon@test2"} 1 1277.9609375 0.0 1518.48046875 1277.9609375 1440.676513671875 16
stats: {load,"os_mon@test4"} 1 1.37890625 0.0 1.44921875 0.48828125 0.8139648437499999 16
stats: {cpu,"os_mon@test3"} 1 37.95811518324607 0.0 70.37427517132315 2.0613373554550023 39.778674775554784 16
stats: {freemem,"os_mon@test4"} 1 1238.79296875 0.0 1445.078125 1238.79296875 1386.851318359375 16
stats: {freemem,"os_mon@myserver"} 1 1895.73046875 0.0 2039.328125 1877.83203125 1973.6631610576924 13
stats: {recvpackets,"os_mon@test2"} 1 14790.0 0.0 25851 3550 19236.933333333334 15
stats: {sentpackets,"os_mon@test2"} 1 10937.0 0.0 18009 2413 13115.0 15
stats: {load,"os_mon@test3"} 1 1.16015625 0.0 1.328125 0.640625 0.986572265625 16
stats: {cpu,"os_mon@test2"} 1 44.01864319005696 0.0 60.40477426050857 2.7094831911690918 39.49190873672827 16
stats: {recvpackets,"os_mon@test4"} 1 14803.0 0.0 25796 3523 19236.2 15
stats: {sentpackets,"os_mon@test4"} 1 10939.0 0.0 17975 2399 13114.6 15
stats: {freemem,"os_mon@test3"} 1 1214.8046875 0.0 1498.984375 1214.8046875 1417.550537109375 16
stats: {cpu,"os_mon@test4"} 1 44.776119402985074 0.0 56.11770779556014 1.9558676028084254 36.36919118345276 16
stats: {load,"os_mon@myserver"} 1 4.53125 0.0 5.80078125 2.76953125 3.9867788461538463 13
stats: {recvpackets,"os_mon@myserver"} 1 32240.0 0.0 33713 3669 20154.250000000004 12
stats: {sentpackets,"os_mon@myserver"} 1 22673.0 0.0 23080 2492 13666.666666666666 12
stats: {cpu,"os_mon@myserver"} 1 70.5045644328073 0.0 93.28552803129074 1.7406659939455096 65.2104660310095 13
stats: session 694 19511.630211030395 14843.7282369439 91835.91015625 10.168212890625 4453.318463875025 69135
stats: users_count 0 70064
stats: finish_users_count 694 69829
stats: request 4624 2586.3897639079914 8322.19154466572 88221.67602539063 0.046142578125 447.9922645897335 694633
stats: page 768 18791.85149288176 14875.401904217822 91834.48608398438 8.97607421875 4442.1844670544615 69061
stats: connect 635 923.7085514579239 2586.254485255651 31685.5791015625 0.359130859375 534.2772192548638 89810
stats: 200 3622 677526
stats: size_rcv 501075 72272459
stats: newphase 0 84
stats: size_sent 519681 92793740
stats: connected -709 203
stats: error_connect_etimedout 1 2
# stats: dump at 1338909383
stats: users 156 5072
stats: {load,"os_mon@test2"} 1 0.62109375 0.0 1.3515625 0.62109375 1.110983455882353 17
stats: {recvpackets,"os_mon@test3"} 1 2844.0 0.0 25889 2844 18962.5625 16
stats: {sentpackets,"os_mon@test3"} 1 2957.0 0.0 18032 2408 12981.75 16
stats: {freemem,"os_mon@test2"} 1 1280.03125 0.0 1518.48046875 1277.9609375 1431.1050091911766 17
stats: {load,"os_mon@test4"} 1 1.171875 0.0 1.44921875 0.48828125 0.8471966911764705 17
stats: {cpu,"os_mon@test3"} 1 2.982810920121335 0.0 70.37427517132315 2.0613373554550023 39.67158303483074 17
stats: {freemem,"os_mon@test4"} 1 1239.03515625 0.0 1445.078125 1238.79296875 1378.1420036764705 17
stats: {freemem,"os_mon@myserver"} 1 1898.39453125 0.0 2039.328125 1877.83203125 1968.0965401785713 14
stats: {recvpackets,"os_mon@test2"} 1 2855.0 0.0 25851 2855 18959.0 16
stats: {sentpackets,"os_mon@test2"} 1 2969.0 0.0 18009 2413 12978.875 16
stats: {load,"os_mon@test3"} 1 0.98828125 0.0 1.328125 0.640625 0.9967830882352942 17
stats: {cpu,"os_mon@test2"} 1 4.531722054380665 0.0 60.40477426050857 2.7094831911690918 39.7581872339829 17
stats: {recvpackets,"os_mon@test4"} 1 2876.0 0.0 25796 2876 18959.125 16
stats: {sentpackets,"os_mon@test4"} 1 2989.0 0.0 17975 2399 12978.625 16
stats: {freemem,"os_mon@test3"} 1 1220.6953125 0.0 1498.984375 1214.8046875 1405.6243106617646 17
stats: {cpu,"os_mon@test4"} 1 2.162977867203219 0.0 56.11770779556014 1.9558676028084254 36.86371637283702 17
stats: {load,"os_mon@myserver"} 1 3.91015625 0.0 5.80078125 2.76953125 4.025669642857143 14
stats: {recvpackets,"os_mon@myserver"} 1 33503.0 0.0 33713 3669 21083.92307692308 13
stats: {sentpackets,"os_mon@myserver"} 1 25527.0 0.0 25527 2492 14359.461538461539 13
stats: {cpu,"os_mon@myserver"} 1 1.5132408575031526 0.0 93.28552803129074 1.5132408575031526 65.5886159168522 14
stats: session 79 54116.24118312401 17206.778941244786 94089.0400390625 10.168212890625 4602.976462020864 69829
stats: users_count 0 70064
stats: finish_users_count 79 69908
stats: request 518 4889.475540691357 15152.505612394978 93278.21313476563 0.046142578125 462.1329167917817 699257
stats: page 79 53188.973985116696 18102.34005201416 94087.1689453125 8.97607421875 4600.006350166569 69829
stats: connect 76 1.2470124897203945 0.23199567178426464 31685.5791015625 0.359130859375 537.0113548726309 90445
stats: 200 443 677969
stats: size_rcv 68065 72340524
stats: newphase 0 84
stats: size_sent 62477 92856217
stats: connected -47 156
stats: error_connect_etimedout 0 2
# stats: dump at 1338909393
stats: users 109 5072
stats: {load,"os_mon@test2"} 1 0.51953125 0.0 1.3515625 0.51953125 1.0837673611111112 18
stats: {recvpackets,"os_mon@test3"} 1 1738.0 0.0 25889 1738 18014.41176470588 17
stats: {sentpackets,"os_mon@test3"} 1 1883.0 0.0 18032 1883 12392.058823529413 17
stats: {freemem,"os_mon@test2"} 1 1307.5234375 0.0 1518.48046875 1277.9609375 1422.7120225694443 18
stats: {load,"os_mon@test4"} 1 0.98828125 0.0 1.44921875 0.48828125 0.8652343749999999 18
stats: {cpu,"os_mon@test3"} 1 1.6137165910237017 0.0 70.37427517132315 1.6137165910237017 37.633317917346886 18
stats: {freemem,"os_mon@test4"} 1 1271.69921875 0.0 1445.078125 1238.79296875 1370.413845486111 18
stats: {freemem,"os_mon@myserver"} 1 1901.4140625 0.0 2039.328125 1877.83203125 1963.4497395833334 15
stats: {recvpackets,"os_mon@test2"} 1 1739.0 0.0 25851 1739 18011.70588235294 17
stats: {sentpackets,"os_mon@test2"} 1 1884.0 0.0 18009 1884 12390.058823529413 17
stats: {load,"os_mon@test3"} 1 0.828125 0.0 1.328125 0.640625 0.9963107638888888 18
stats: {cpu,"os_mon@test2"} 1 1.8117765475591345 0.0 60.40477426050857 1.8117765475591345 37.801161390671666 18
stats: {recvpackets,"os_mon@test4"} 1 1739.0 0.0 25796 1739 18013.058823529413 17
stats: {sentpackets,"os_mon@test4"} 1 1884.0 0.0 17975 1884 12391.0 17
stats: {freemem,"os_mon@test3"} 1 1245.90625 0.0 1498.984375 1214.8046875 1395.3504774305557 18
stats: {cpu,"os_mon@test4"} 1 1.402805611222445 0.0 56.11770779556014 1.402805611222445 34.93589756696847 18
stats: {load,"os_mon@myserver"} 1 3.37890625 0.0 5.80078125 2.76953125 4.0179687500000005 15
stats: {recvpackets,"os_mon@myserver"} 1 643.0 0.0 33713 643 21971.000000000004 14
stats: {sentpackets,"os_mon@myserver"} 1 621.0 0.0 25527 621 15157.142857142857 14
stats: {cpu,"os_mon@myserver"} 1 0.9566968781470292 0.0 93.28552803129074 0.9566968781470292 61.31692424622894 15
stats: session 47 67731.67995761301 11459.417082000402 105082.63793945313 10.168212890625 4658.929255878036 69908
stats: users_count 0 70064
stats: finish_users_count 47 69955
stats: request 263 11301.49817869237 24735.903768645152 105070.96411132813 0.046142578125 465.4102037471316 699775
stats: page 47 67730.00014544548 11459.379058746597 105081.453125 8.97607421875 4654.9146359587685 69908
stats: connect 33 1.1055057410037874 0.16084103816208012 31685.5791015625 0.359130859375 536.5615356039408 90521
stats: 200 192 678161
stats: size_rcv 26183 72366707
stats: newphase 0 84
stats: size_sent 28792 92885009
stats: connected -47 109
stats: error_connect_etimedout 0 2
# stats: dump at 1338909403
stats: users 105 5072
stats: {load,"os_mon@test2"} 1 0.44140625 0.0 1.3515625 0.44140625 1.0540707236842106 19
stats: {recvpackets,"os_mon@test3"} 1 584.0 0.0 25889 584 17110.166666666668 18
stats: {sentpackets,"os_mon@test3"} 1 570.0 0.0 18032 570 11808.222222222223 18
stats: {freemem,"os_mon@test2"} 1 1307.87890625 0.0 1518.48046875 1277.9609375 1416.6494654605262 19
stats: {load,"os_mon@test4"} 1 0.91015625 0.0 1.44921875 0.48828125 0.8717105263157895 19
stats: {cpu,"os_mon@test3"} 1 0.5027652086475616 0.0 70.37427517132315 0.5027652086475616 35.73754942648777 19
stats: {freemem,"os_mon@test4"} 1 1272.29296875 0.0 1445.078125 1238.79296875 1365.2183388157894 19
stats: {freemem,"os_mon@myserver"} 1 1903.609375 0.0 2039.328125 1877.83203125 1959.572509765625 16
stats: {recvpackets,"os_mon@test2"} 1 584.0 0.0 25851 584 17107.666666666668 18
stats: {sentpackets,"os_mon@test2"} 1 568.0 0.0 18009 568 11806.388888888889 18
stats: {load,"os_mon@test3"} 1 0.69921875 0.0 1.328125 0.640625 0.9874588815789473 19
stats: {cpu,"os_mon@test2"} 1 0.45203415369161226 0.0 60.40477426050857 0.45203415369161226 35.90698324103416 19
stats: {recvpackets,"os_mon@test4"} 1 586.0 0.0 25796 586 17108.944444444445 18
stats: {sentpackets,"os_mon@test4"} 1 568.0 0.0 17975 568 11807.277777777777 18
stats: {freemem,"os_mon@test3"} 1 1246.109375 0.0 1498.984375 1214.8046875 1387.4849917763158 19
stats: {cpu,"os_mon@test4"} 1 0.7488766849725411 0.0 56.11770779556014 0.7488766849725411 33.17099799035026 19
stats: {load,"os_mon@myserver"} 1 2.94140625 0.0 5.80078125 2.76953125 3.9780273437500004 16
stats: {recvpackets,"os_mon@myserver"} 1 486.0 0.0 33713 486 20549.13333333334 15
stats: {sentpackets,"os_mon@myserver"} 1 469.0 0.0 25527 469 14188.066666666668 15
stats: {cpu,"os_mon@myserver"} 1 0.4777470455116922 0.0 93.28552803129074 0.4777470455116922 57.54441003572382 16
stats: session 4 79576.38970947266 3227.9759449708754 105082.63793945313 10.168212890625 4701.305344549061 69955
stats: users_count 0 70064
stats: finish_users_count 4 69959
stats: request 31 10012.224751134072 26067.633169506604 105070.96411132813 0.046142578125 469.48125580060673 700038
stats: page 4 79574.74450683594 3227.7486403543003 105081.453125 8.97607421875 4697.292293294854 69955
stats: connect 4 1.093505859375 0.024624943728310037 31685.5791015625 0.359130859375 536.3664028766678 90554
stats: 200 23 678184
stats: size_rcv 3398 72370105
stats: newphase 0 84
stats: size_sent 3649 92888658
stats: connected -4 105
stats: error_connect_etimedout 0 2
stats: error_abort 1 1
EndMonitor:{1338,909403,55771}
