# stats: dump at 1338979038
stats: users 0 0
# stats: dump at 1338979048
stats: users 2 9
stats: {load,"os_mon@test2"} 1 1.44921875 0 1.44921875 1.44921875 0 0
stats: {freemem,"os_mon@test2"} 1 1437.53515625 0 1437.53515625 1437.53515625 0 0
stats: {cpu,"os_mon@test3"} 1 1.812688821752266 0 1.812688821752266 1.812688821752266 0 0
stats: {load,"os_mon@test4"} 1 1.37890625 0 1.37890625 1.37890625 0 0
stats: {freemem,"os_mon@test4"} 1 1414.0859375 0 1414.0859375 1414.0859375 0 0
stats: {freemem,"os_mon@myserver"} 1 2401.81640625 0 2401.81640625 2401.81640625 0 0
stats: {load,"os_mon@test3"} 1 1.98046875 0 1.98046875 1.98046875 0 0
stats: {cpu,"os_mon@test2"} 1 2.360622802611753 0 2.360622802611753 2.360622802611753 0 0
stats: {freemem,"os_mon@test3"} 1 1423.61328125 0 1423.61328125 1423.61328125 0 0
stats: {cpu,"os_mon@test4"} 1 2.207727044656297 0 2.207727044656297 2.207727044656297 0 0
stats: {load,"os_mon@myserver"} 1 1.94921875 0 1.94921875 1.94921875 0 0
stats: {cpu,"os_mon@myserver"} 1 1.4336016096579478 0 1.4336016096579478 1.4336016096579478 0 0
stats: session 494 25.456418427378548 4.331553374030133 54.017822265625 18.31494140625 0 0
stats: users_count 496 496
stats: finish_users_count 494 494
stats: request 4850 2.203144631926549 0.6391149850968144 12.06396484375 1.239013671875 0 0
stats: page 484 23.37233614330449 4.19338447311783 52.462890625 16.44189453125 0 0
stats: connect 4853 0.9576672833653153 0.33162730248124006 7.462890625 0.40185546875 0 0
stats: 200 4852 4852
stats: size_rcv 727528 727528
stats: size_sent 643647 643647
stats: connected 3 3
# stats: dump at 1338979058
stats: users 49 59
stats: {load,"os_mon@test2"} 1 1.23046875 0.0 1.44921875 1.23046875 1.44921875 1
stats: {recvpackets,"os_mon@test3"} 1 3169 0 3169 3169 0 0
stats: {sentpackets,"os_mon@test3"} 1 2194 0 2194 2194 0 0
stats: {freemem,"os_mon@test2"} 1 1437.58203125 0.0 1437.58203125 1437.53515625 1437.53515625 1
stats: {cpu,"os_mon@test3"} 1 18.66734486266531 0.0 18.66734486266531 1.812688821752266 1.812688821752266 1
stats: {load,"os_mon@test4"} 1 1.16015625 0.0 1.37890625 1.16015625 1.37890625 1
stats: {freemem,"os_mon@test4"} 1 1414.89453125 0.0 1414.89453125 1414.0859375 1414.0859375 1
stats: {freemem,"os_mon@myserver"} 1 2401.72265625 0.0 2401.81640625 2401.72265625 2401.81640625 1
stats: {recvpackets,"os_mon@test2"} 1 3176 0 3176 3176 0 0
stats: {sentpackets,"os_mon@test2"} 1 2198 0 2198 2198 0 0
stats: {load,"os_mon@test3"} 1 1.76171875 0.0 1.98046875 1.76171875 1.98046875 1
stats: {cpu,"os_mon@test2"} 1 10.402010050251256 0.0 10.402010050251256 2.360622802611753 2.360622802611753 1
stats: {freemem,"os_mon@test3"} 1 1424.14453125 0.0 1424.14453125 1423.61328125 1423.61328125 1
stats: {recvpackets,"os_mon@test4"} 1 3177 0 3177 3177 0 0
stats: {sentpackets,"os_mon@test4"} 1 2200 0 2200 2200 0 0
stats: {cpu,"os_mon@test4"} 1 9.242424242424242 0.0 9.242424242424242 2.207727044656297 2.207727044656297 1
stats: {load,"os_mon@myserver"} 1 1.73046875 0.0 1.94921875 1.73046875 1.94921875 1
stats: {recvpackets,"os_mon@myserver"} 1 3223 0 3223 3223 0 0
stats: {sentpackets,"os_mon@myserver"} 1 2231 0 2231 2231 0 0
stats: {cpu,"os_mon@myserver"} 1 17.41500129769011 0.0 17.41500129769011 1.4336016096579478 1.4336016096579478 1
stats: session 1395 92.89496475274417 463.548045265319 12441.908935546875 16.97314453125 25.456418427378548 494
stats: users_count 1442 1938
stats: finish_users_count 1395 1889
stats: request 14017 9.045682251908453 147.91023421013438 12412.574951171875 1.21484375 2.203144631926549 4850
stats: page 1381 90.10469018713796 465.0240083930814 12440.5 15.84912109375 23.37233614330449 484
stats: connect 14052 1.6400196174254533 23.809689276475883 1001.81787109375 0.39306640625 0.9576672833653153 4853
stats: 200 14033 18885
stats: size_rcv 2034670 2762198
stats: newphase 6 6
stats: size_sent 1865372 2509019
stats: connected 35 38
# stats: dump at 1338979068
stats: users 237 255
stats: {load,"os_mon@test2"} 1 1.26953125 0.0 1.44921875 1.23046875 1.33984375 2
stats: {recvpackets,"os_mon@test3"} 1 7059.0 0.0 7059 3169 3169.0 1
stats: {sentpackets,"os_mon@test3"} 1 4733.0 0.0 4733 2194 2194.0 1
stats: {freemem,"os_mon@test2"} 1 1437.25390625 0.0 1437.58203125 1437.25390625 1437.55859375 2
stats: {cpu,"os_mon@test3"} 1 35.90673575129534 0.0 35.90673575129534 1.812688821752266 10.240016842208789 2
stats: {load,"os_mon@test4"} 1 1.140625 0.0 1.37890625 1.140625 1.26953125 2
stats: {freemem,"os_mon@test4"} 1 1413.70703125 0.0 1414.89453125 1413.70703125 1414.490234375 2
stats: {freemem,"os_mon@myserver"} 1 2402.2734375 0.0 2402.2734375 2401.72265625 2401.76953125 2
stats: {recvpackets,"os_mon@test2"} 1 7077.0 0.0 7077 3176 3176.0 1
stats: {sentpackets,"os_mon@test2"} 1 4745.0 0.0 4745 2198 2198.0 1
stats: {load,"os_mon@test3"} 1 1.640625 0.0 1.98046875 1.640625 1.87109375 2
stats: {cpu,"os_mon@test2"} 1 29.791560752414846 0.0 29.791560752414846 2.360622802611753 6.381316426431504 2
stats: {freemem,"os_mon@test3"} 1 1424.52734375 0.0 1424.52734375 1423.61328125 1423.87890625 2
stats: {recvpackets,"os_mon@test4"} 1 7079.0 0.0 7079 3177 3177.0 1
stats: {sentpackets,"os_mon@test4"} 1 4746.0 0.0 4746 2200 2.2e3 1
stats: {cpu,"os_mon@test4"} 1 26.82170542635659 0.0 26.82170542635659 2.207727044656297 5.725075643540269 2
stats: {load,"os_mon@myserver"} 1 2.2109375 0.0 2.2109375 1.73046875 1.83984375 2
stats: {recvpackets,"os_mon@myserver"} 1 7204.0 0.0 7204 3223 3223.0 1
stats: {sentpackets,"os_mon@myserver"} 1 4825.0 0.0 4825 2231 2231.0 1
stats: {cpu,"os_mon@myserver"} 1 42.80433060470029 0.0 42.80433060470029 1.4336016096579478 9.42430145367403 2
stats: session 2212 389.75483137961965 716.238807410029 13378.60205078125 16.97314453125 75.25883882117688 1889
stats: users_count 2400 4338
stats: finish_users_count 2212 4101
stats: request 22750 39.722017084478004 219.51222549871045 13319.4140625 1.162109375 7.286721767628374 18867
stats: page 2196 376.6621200478139 714.7878719434905 13374.453125 15.84912109375 72.78648141651308 1865
stats: connect 22851 16.621788713687938 83.83021909934217 1607.30810546875 0.364990234375 1.4648566511628853 18905
stats: 200 22742 41627
stats: size_rcv 3142724 5904922
stats: newphase 6 12
stats: size_sent 3035017 5544036
stats: connected 101 139
# stats: dump at 1338979078
stats: users 3210 3210
stats: {load,"os_mon@test2"} 1 1.23046875 0.0 1.44921875 1.23046875 1.31640625 3
stats: {recvpackets,"os_mon@test3"} 1 10844.0 0.0 10844 3169 5114.0 2
stats: {sentpackets,"os_mon@test3"} 1 7248.0 0.0 7248 2194 3463.5 2
stats: {freemem,"os_mon@test2"} 1 1433.22265625 0.0 1437.58203125 1433.22265625 1437.45703125 3
stats: {cpu,"os_mon@test3"} 1 47.729618163054695 0.0 47.729618163054695 1.812688821752266 18.795589811904303 3
stats: {load,"os_mon@test4"} 1 1.05078125 0.0 1.37890625 1.05078125 1.2265625 3
stats: {freemem,"os_mon@test4"} 1 1409.3984375 0.0 1414.89453125 1409.3984375 1414.2291666666667 3
stats: {freemem,"os_mon@myserver"} 1 2433.00390625 0.0 2433.00390625 2401.72265625 2401.9375 3
stats: {recvpackets,"os_mon@test2"} 1 10847.0 0.0 10847 3176 5126.5 2
stats: {sentpackets,"os_mon@test2"} 1 7249.0 0.0 7249 2198 3471.5 2
stats: {load,"os_mon@test3"} 1 1.5390625 0.0 1.98046875 1.5390625 1.7942708333333333 3
stats: {cpu,"os_mon@test2"} 1 46.741344195519346 0.0 46.741344195519346 2.360622802611753 14.184731201759284 3
stats: {freemem,"os_mon@test3"} 1 1420.6015625 0.0 1424.52734375 1420.6015625 1424.0950520833333 3
stats: {recvpackets,"os_mon@test4"} 1 10862.0 0.0 10862 3177 5128.0 2
stats: {sentpackets,"os_mon@test4"} 1 7260.0 0.0 7260 2200 3473.0 2
stats: {cpu,"os_mon@test4"} 1 42.31171548117155 0.0 42.31171548117155 2.207727044656297 12.75728557114571 3
stats: {load,"os_mon@myserver"} 1 1.94921875 0.0 2.2109375 1.73046875 1.9635416666666667 3
stats: {recvpackets,"os_mon@myserver"} 1 10959.0 0.0 10959 3223 5213.5 2
stats: {sentpackets,"os_mon@myserver"} 1 7326.0 0.0 7326 2231 3528.0 2
stats: {cpu,"os_mon@myserver"} 1 63.0728476821192 0.0 63.0728476821192 1.4336016096579478 20.55097783734945 3
stats: session 473 1747.2130805695037 1621.3999316138727 13378.60205078125 16.97314453125 244.89188820895436 4101
stats: users_count 3446 7784
stats: finish_users_count 473 4574
stats: request 9030 442.64469022529113 995.4164098063352 26148.81494140625 1.162109375 25.017528131814384 41617
stats: page 507 1648.7350732325572 1549.8777545897522 13374.453125 15.84912109375 237.1082993023384 4061
stats: connect 10163 283.2845842743747 787.0341923481076 7027.60693359375 0.364990234375 9.759498249035286 41756
stats: 200 9010 50637
stats: size_rcv 1185496 7090418
stats: newphase 6 18
stats: size_sent 1347894 6891930
stats: connected 1133 1272
# stats: dump at 1338979088
stats: users 5092 5109
stats: {load,"os_mon@test2"} 1 1.109375 0.0 1.44921875 1.109375 1.294921875 4
stats: {recvpackets,"os_mon@test3"} 1 11515.0 0.0 11515 3169 7024.0 3
stats: {sentpackets,"os_mon@test3"} 1 7824.0 0.0 7824 2194 4725.0 3
stats: {freemem,"os_mon@test2"} 1 1406.9921875 0.0 1437.58203125 1406.9921875 1436.3984375 4
stats: {cpu,"os_mon@test3"} 1 22.013926084627744 0.0 47.729618163054695 1.812688821752266 26.0290968996919 4
stats: {load,"os_mon@test4"} 1 1.0390625 0.0 1.37890625 1.0390625 1.1826171875 4
stats: {freemem,"os_mon@test4"} 1 1382.5859375 0.0 1414.89453125 1382.5859375 1413.021484375 4
stats: {freemem,"os_mon@myserver"} 1 2434.078125 0.0 2434.078125 2401.72265625 2409.7041015625 4
stats: {recvpackets,"os_mon@test2"} 1 11493.0 0.0 11493 3176 7033.333333333333 3
stats: {sentpackets,"os_mon@test2"} 1 7811.0 0.0 7811 2198 4730.666666666667 3
stats: {load,"os_mon@test3"} 1 1.30078125 0.0 1.98046875 1.30078125 1.73046875 4
stats: {cpu,"os_mon@test2"} 1 23.78463146889702 0.0 46.741344195519346 2.360622802611753 22.3238844501993 4
stats: {freemem,"os_mon@test3"} 1 1388.296875 0.0 1424.52734375 1388.296875 1423.2216796875 4
stats: {recvpackets,"os_mon@test4"} 1 11490.0 0.0 11490 3177 7039.333333333333 3
stats: {sentpackets,"os_mon@test4"} 1 7806.0 0.0 7806 2200 4735.333333333333 3
stats: {cpu,"os_mon@test4"} 1 21.9959266802444 0.0 42.31171548117155 2.207727044656297 20.14589304865217 4
stats: {load,"os_mon@myserver"} 1 1.890625 0.0 2.2109375 1.73046875 1.9599609375 4
stats: {recvpackets,"os_mon@myserver"} 1 11543.0 0.0 11543 3223 7128.666666666667 3
stats: {sentpackets,"os_mon@myserver"} 1 7848.0 0.0 7848 2231 4794.0 3
stats: {cpu,"os_mon@myserver"} 1 12.613521695257315 0.0 63.0728476821192 1.4336016096579478 31.181445298541888 4
stats: session 78 10006.149454752609 3222.355218158425 19656.056884765625 16.97314453125 400.2477963826622 4574
stats: users_count 1960 9744
stats: finish_users_count 78 4652
stats: request 2895 2030.7058864455155 3171.437654498801 26148.81494140625 1.162109375 99.47748180536058 50647
stats: 200 2783 53420
stats: page 78 9282.755521334135 3220.8622186667135 18570.908203125 15.84912109375 393.7840380025619 4568
stats: connect 3432 1024.8867366052725 2433.6823127317934 15052.248046875 0.364990234375 63.30127388561389 51919
stats: size_rcv 381304 7471722
stats: newphase 6 24
stats: size_sent 454944 7346874
stats: connected 537 1809
# stats: dump at 1338979098
stats: users 8382 8382
stats: {load,"os_mon@test2"} 1 1.01953125 0.0 1.44921875 1.01953125 1.2578125 5
stats: {recvpackets,"os_mon@test3"} 1 6427.0 0.0 11515 3169 8146.75 4
stats: {sentpackets,"os_mon@test3"} 1 4661.0 0.0 7824 2194 5499.75 4
stats: {freemem,"os_mon@test2"} 1 1361.9609375 0.0 1437.58203125 1361.9609375 1430.5171875 5
stats: {cpu,"os_mon@test3"} 1 14.16490486257928 0.0 47.729618163054695 1.812688821752266 25.22606273667907 5
stats: {load,"os_mon@test4"} 1 0.87890625 0.0 1.37890625 0.87890625 1.15390625 5
stats: {freemem,"os_mon@test4"} 1 1355.375 0.0 1414.89453125 1355.375 1406.934375 5
stats: {freemem,"os_mon@myserver"} 1 2434.52734375 0.0 2434.52734375 2401.72265625 2414.57890625 5
stats: {recvpackets,"os_mon@test2"} 1 6436.0 0.0 11493 3176 8148.25 4
stats: {sentpackets,"os_mon@test2"} 1 4665.0 0.0 7811 2198 5500.75 4
stats: {load,"os_mon@test3"} 1 1.1015625 0.0 1.98046875 1.1015625 1.64453125 5
stats: {cpu,"os_mon@test2"} 1 18.1151832460733 0.0 46.741344195519346 2.360622802611753 22.616033853938845 5
stats: {freemem,"os_mon@test3"} 1 1345.99609375 0.0 1424.52734375 1345.99609375 1416.23671875 5
stats: {recvpackets,"os_mon@test4"} 1 6444.0 0.0 11490 3177 8152.0 4
stats: {sentpackets,"os_mon@test4"} 1 4670.0 0.0 7806 2200 5503.0 4
stats: {cpu,"os_mon@test4"} 1 12.243852459016393 0.0 42.31171548117155 2.207727044656297 20.515899774970613 5
stats: {load,"os_mon@myserver"} 1 1.6015625 0.0 2.2109375 1.6015625 1.94609375 5
stats: {recvpackets,"os_mon@myserver"} 1 6422.0 0.0 11543 3223 8232.25 4
stats: {sentpackets,"os_mon@myserver"} 1 4647.0 0.0 7848 2231 5557.5 4
stats: {cpu,"os_mon@myserver"} 1 8.522869282679329 0.0 63.0728476821192 1.4336016096579478 27.46786057788497 5
stats: session 192 16177.53892771403 6910.67200842394 42631.822021484375 16.97314453125 561.3097760371884 4652
stats: users_count 3482 13226
stats: finish_users_count 192 4844
stats: page 191 15920.673520073216 6827.097607792737 42630.69091796875 15.84912109375 543.0177391863464 4646
stats: request 8177 2734.4999156241424 5201.454873214967 26148.81494140625 1.162109375 203.89842669784215 53542
stats: connect 9615 1439.962043636043 3589.6594983006644 16377.930908203125 0.364990234375 122.92370723015813 55351
stats: 200 8045 61465
stats: size_rcv 1105656 8577378
stats: newphase 6 30
stats: size_sent 1275482 8622356
stats: connected 1438 3247
# stats: dump at 1338979108
stats: users 10808 10808
stats: {load,"os_mon@test2"} 1 0.9296875 0.0 1.44921875 0.9296875 1.2180989583333333 6
stats: {recvpackets,"os_mon@test3"} 1 12615.0 0.0 12615 3169 7802.8 5
stats: {sentpackets,"os_mon@test3"} 1 8827.0 0.0 8827 2194 5332.0 5
stats: {freemem,"os_mon@test2"} 1 1328.0234375 0.0 1437.58203125 1328.0234375 1419.0911458333333 6
stats: {cpu,"os_mon@test3"} 1 34.33476394849785 0.0 47.729618163054695 1.812688821752266 23.382536424329103 6
stats: {load,"os_mon@test4"} 1 0.98046875 0.0 1.37890625 0.87890625 1.1080729166666667 6
stats: {freemem,"os_mon@test4"} 1 1311.171875 0.0 1414.89453125 1311.171875 1398.3411458333333 6
stats: {freemem,"os_mon@myserver"} 1 2435.40234375 0.0 2435.40234375 2401.72265625 2417.9036458333335 6
stats: {recvpackets,"os_mon@test2"} 1 12613.0 0.0 12613 3176 7805.8 5
stats: {sentpackets,"os_mon@test2"} 1 8827.0 0.0 8827 2198 5333.6 5
stats: {load,"os_mon@test3"} 1 1.01171875 0.0 1.98046875 1.01171875 1.5540364583333333 6
stats: {cpu,"os_mon@test2"} 1 28.85520125457397 0.0 46.741344195519346 2.360622802611753 21.865892085961253 6
stats: {freemem,"os_mon@test3"} 1 1272.25390625 0.0 1424.52734375 1272.25390625 1404.5299479166667 6
stats: {recvpackets,"os_mon@test4"} 1 12607.0 0.0 12607 3177 7810.4 5
stats: {sentpackets,"os_mon@test4"} 1 8824.0 0.0 8824 2200 5336.4 5
stats: {cpu,"os_mon@test4"} 1 26.329243353783234 0.0 42.31171548117155 2.207727044656297 19.137225222311578 6
stats: {load,"os_mon@myserver"} 1 1.73828125 0.0 2.2109375 1.6015625 1.888671875 6
stats: {recvpackets,"os_mon@myserver"} 1 12521.0 0.0 12521 3223 7870.2 5
stats: {sentpackets,"os_mon@myserver"} 1 8773.0 0.0 8773 2231 5375.4 5
stats: {cpu,"os_mon@myserver"} 1 17.177603242969344 0.0 63.0728476821192 1.4336016096579478 24.31036202868403 6
stats: session 137 20093.828035897583 9751.29353436358 46647.178955078125 16.97314453125 1180.2850025280952 4844
stats: users_count 2563 15789
stats: finish_users_count 137 4981
stats: request 5629 3339.562217692073 6471.017758559965 34845.212890625 1.162109375 539.171654957379 61719
stats: page 144 20118.82637532552 9626.850064402232 46645.9150390625 15.84912109375 1150.2396234429916 4837
stats: connect 6393 1812.4427192935016 4823.254412727002 31196.97900390625 0.364990234375 317.8460297456676 64966
stats: 200 5517 66982
stats: size_rcv 749088 9326466
stats: newphase 6 36
stats: size_sent 847731 9470087
stats: connected 764 4011
# stats: dump at 1338979118
stats: users 13679 13679
stats: {load,"os_mon@test2"} 1 1.01171875 0.0 1.44921875 0.9296875 1.1768973214285714 7
stats: {recvpackets,"os_mon@test3"} 1 9956.0 0.0 12615 3169 8604.833333333334 6
stats: {sentpackets,"os_mon@test3"} 1 7099.0 0.0 8827 2194 5914.5 6
stats: {freemem,"os_mon@test2"} 1 1292.62890625 0.0 1437.58203125 1292.62890625 1406.0814732142858 7
stats: {cpu,"os_mon@test3"} 1 21.83061546554445 0.0 47.729618163054695 1.812688821752266 24.94714035635321 7
stats: {load,"os_mon@test4"} 1 0.828125 0.0 1.37890625 0.828125 1.08984375 7
stats: {freemem,"os_mon@test4"} 1 1259.85546875 0.0 1414.89453125 1259.85546875 1385.888392857143 7
stats: {freemem,"os_mon@myserver"} 1 2435.0078125 0.0 2435.40234375 2401.72265625 2420.4034598214284 7
stats: {recvpackets,"os_mon@test2"} 1 9941.0 0.0 12613 3176 8607.0 6
stats: {sentpackets,"os_mon@test2"} 1 7090.0 0.0 8827 2198 5915.833333333333 6
stats: {load,"os_mon@test3"} 1 0.859375 0.0 1.98046875 0.859375 1.4765625 7
stats: {cpu,"os_mon@test2"} 1 22.058823529411764 0.0 46.741344195519346 2.360622802611753 22.864364824334498 7
stats: {freemem,"os_mon@test3"} 1 1242.93359375 0.0 1424.52734375 1242.93359375 1385.6333705357142 7
stats: {recvpackets,"os_mon@test4"} 1 9939.0 0.0 12607 3177 8609.833333333334 6
stats: {sentpackets,"os_mon@test4"} 1 7088.0 0.0 8824 2200 5917.666666666667 6
stats: {cpu,"os_mon@test4"} 1 23.846153846153847 0.0 42.31171548117155 2.207727044656297 20.164656383950387 7
stats: {load,"os_mon@myserver"} 1 1.62109375 0.0 2.2109375 1.6015625 1.8671875 7
stats: {recvpackets,"os_mon@myserver"} 1 9907.0 0.0 12521 3223 8645.333333333334 6
stats: {sentpackets,"os_mon@myserver"} 1 7070.0 0.0 8773 2231 5941.666666666667 6
stats: {cpu,"os_mon@myserver"} 1 9.27521540800811 0.0 63.0728476821192 1.4336016096579478 23.291396487867647 7
stats: session 80 27316.79199523926 11414.910953786588 46647.178955078125 16.97314453125 1700.4928715446822 4981
stats: users_count 2951 18740
stats: finish_users_count 80 5061
stats: 200 3049 70031
stats: request 3195 5459.993199823926 8764.027029366047 44312.1689453125 1.162109375 773.2305502123768 67348
stats: page 80 27314.905798339845 11414.872432953973 46645.9150390625 15.84912109375 1698.6187626261042 4981
stats: connect 3765 2813.126717543886 6745.274081077359 31196.97900390625 0.364990234375 451.7458410698075 71359
stats: size_rcv 367828 9694294
stats: newphase 5 41
stats: size_sent 498871 9968958
stats: connected 570 4581
# stats: dump at 1338979128
stats: users 16886 16886
stats: {load,"os_mon@test2"} 1 0.859375 0.0 1.44921875 0.859375 1.15625 8
stats: {recvpackets,"os_mon@test3"} 1 12046.0 0.0 12615 3169 8797.857142857143 7
stats: {sentpackets,"os_mon@test3"} 1 8640.0 0.0 8827 2194 6083.714285714285 7
stats: {freemem,"os_mon@test2"} 1 1239.171875 0.0 1437.58203125 1239.171875 1391.89990234375 8
stats: {cpu,"os_mon@test3"} 1 25.07970244420829 0.0 47.729618163054695 1.812688821752266 24.557574745002114 8
stats: {load,"os_mon@test4"} 1 0.69921875 0.0 1.37890625 0.69921875 1.05712890625 8
stats: {freemem,"os_mon@test4"} 1 1230.26171875 0.0 1414.89453125 1230.26171875 1370.13427734375 8
stats: {freemem,"os_mon@myserver"} 1 2449.94921875 0.0 2449.94921875 2401.72265625 2422.22900390625 8
stats: {recvpackets,"os_mon@test2"} 1 12014.0 0.0 12613 3176 8797.57142857143 7
stats: {sentpackets,"os_mon@test2"} 1 8615.0 0.0 8827 2198 6083.571428571428 7
stats: {load,"os_mon@test3"} 1 0.71875 0.0 1.98046875 0.71875 1.3994140625 8
stats: {cpu,"os_mon@test2"} 1 26.550079491255964 0.0 46.741344195519346 2.360622802611753 22.763672162469156 8
stats: {freemem,"os_mon@test3"} 1 1183.21875 0.0 1424.52734375 1183.21875 1367.7958984375 8
stats: {recvpackets,"os_mon@test4"} 1 12044.0 0.0 12607 3177 8799.714285714286 7
stats: {sentpackets,"os_mon@test4"} 1 8639.0 0.0 8824 2200 6084.857142857143 7
stats: {cpu,"os_mon@test4"} 1 18.756476683937823 0.0 42.31171548117155 2.207727044656297 20.62484356672582 8
stats: {load,"os_mon@myserver"} 1 1.37109375 0.0 2.2109375 1.37109375 1.83642578125 8
stats: {recvpackets,"os_mon@myserver"} 1 12710.0 0.0 12710 3223 8825.57142857143 7
stats: {sentpackets,"os_mon@myserver"} 1 9081.0 0.0 9081 2231 6102.857142857143 7
stats: {cpu,"os_mon@myserver"} 1 8.00405268490375 0.0 63.0728476821192 1.4336016096579478 21.539373852885205 8
stats: session 102 36179.371067421096 14843.157108789443 57633.202880859375 16.97314453125 2105.4136243396965 5061
stats: users_count 3309 22049
stats: finish_users_count 102 5163
stats: 200 5302 75333
stats: request 5606 6887.405760978411 11140.955635976617 55894.572021484375 1.162109375 985.5011747322994 70543
stats: page 96 35978.623041788735 14773.52995396704 57631.77685546875 15.84912109375 2103.5393243445587 5061
stats: connect 6388 3722.4440327873067 8350.981490027807 31196.97900390625 0.364990234375 570.091496252238 75124
stats: size_rcv 699720 10394014
stats: newphase 6 47
stats: size_sent 848060 10817018
stats: connected 782 5363
# stats: dump at 1338979138
stats: users 19913 19913
stats: {load,"os_mon@test2"} 1 0.87890625 0.0 1.44921875 0.859375 1.1232638888888888 9
stats: {recvpackets,"os_mon@test3"} 1 14011.0 0.0 14011 3169 9203.875 8
stats: {sentpackets,"os_mon@test3"} 1 10079.0 0.0 10079 2194 6403.25 8
stats: {freemem,"os_mon@test2"} 1 1192.0703125 0.0 1437.58203125 1192.0703125 1374.9301215277778 9
stats: {cpu,"os_mon@test3"} 1 27.209797657082003 0.0 47.729618163054695 1.812688821752266 24.6155889338028 9
stats: {load,"os_mon@test4"} 1 0.6796875 0.0 1.37890625 0.6796875 1.0173611111111112 9
stats: {freemem,"os_mon@test4"} 1 1165.0859375 0.0 1414.89453125 1165.0859375 1354.5928819444443 9
stats: {freemem,"os_mon@myserver"} 1 2450.77734375 0.0 2450.77734375 2401.72265625 2425.309027777778 9
stats: {recvpackets,"os_mon@test2"} 1 13987.0 0.0 13987 3176 9199.625 8
stats: {sentpackets,"os_mon@test2"} 1 10063.0 0.0 10063 2198 6.4e3 8
stats: {load,"os_mon@test3"} 1 0.609375 0.0 1.98046875 0.609375 1.3237847222222223 9
stats: {cpu,"os_mon@test2"} 1 26.224328593996844 0.0 46.741344195519346 2.360622802611753 23.18438408788991 9
stats: {freemem,"os_mon@test3"} 1 1129.86328125 0.0 1424.52734375 1129.86328125 1347.287326388889 9
stats: {recvpackets,"os_mon@test4"} 1 13988.0 0.0 13988 3177 9205.25 8
stats: {sentpackets,"os_mon@test4"} 1 10062.0 0.0 10062 2200 6404.125 8
stats: {cpu,"os_mon@test4"} 1 28.76288659793814 0.0 42.31171548117155 2.207727044656297 20.41724724641604 9
stats: {load,"os_mon@myserver"} 1 1.23828125 0.0 2.2109375 1.23828125 1.7847222222222223 9
stats: {recvpackets,"os_mon@myserver"} 1 13360.0 0.0 13360 3223 9311.125 8
stats: {sentpackets,"os_mon@myserver"} 1 9642.0 0.0 9642 2231 6475.125 8
stats: {cpu,"os_mon@myserver"} 1 11.904761904761903 0.0 63.0728476821192 1.4336016096579478 20.03544927866504 9
stats: session 74 41516.21108926309 17736.549015555567 68111.17504882813 16.97314453125 2778.5772228665805 5163
stats: users_count 3101 25150
stats: finish_users_count 74 5237
stats: 200 5440 80773
stats: request 5558 6407.184253781853 10981.212036053692 62482.05908203125 1.162109375 1419.9924630026078 76149
stats: page 77 40949.73135336344 17751.807543787545 68108.64697265625 15.84912109375 2734.140068357481 5157
stats: connect 7361 4060.5593602009826 7960.426759482963 31196.97900390625 0.364990234375 817.1376735437537 81512
stats: size_rcv 715654 11109668
stats: newphase 4 51
stats: size_sent 976915 11793933
stats: connected 1803 7166
stats: error_connect_etimedout 463 463
# stats: dump at 1338979148
stats: users 23235 23235
stats: {load,"os_mon@test2"} 1 0.890625 0.0 1.44921875 0.859375 1.098828125 10
stats: {recvpackets,"os_mon@test3"} 1 13749.0 0.0 14011 3169 9738.0 9
stats: {sentpackets,"os_mon@test3"} 1 9669.0 0.0 10079 2194 6811.666666666667 9
stats: {freemem,"os_mon@test2"} 1 1135.4609375 0.0 1437.58203125 1135.4609375 1356.644140625 10
stats: {cpu,"os_mon@test3"} 1 28.639744952178532 0.0 47.729618163054695 1.812688821752266 24.87500980613072 10
stats: {load,"os_mon@test4"} 1 0.5703125 0.0 1.37890625 0.5703125 0.98359375 10
stats: {freemem,"os_mon@test4"} 1 1120.44140625 0.0 1414.89453125 1120.44140625 1335.6421875 10
stats: {freemem,"os_mon@myserver"} 1 2450.33984375 0.0 2450.77734375 2401.72265625 2427.855859375 10
stats: {recvpackets,"os_mon@test2"} 1 13767.0 0.0 13987 3176 9731.555555555555 9
stats: {sentpackets,"os_mon@test2"} 1 9683.0 0.0 10063 2198 6807.0 9
stats: {load,"os_mon@test3"} 1 0.6015625 0.0 1.98046875 0.6015625 1.25234375 10
stats: {cpu,"os_mon@test2"} 1 32.27176220806794 0.0 46.741344195519346 2.360622802611753 23.488378538500605 10
stats: {freemem,"os_mon@test3"} 1 1063.47265625 0.0 1424.52734375 1063.47265625 1325.544921875 10
stats: {recvpackets,"os_mon@test4"} 1 13740.0 0.0 13988 3177 9736.666666666666 9
stats: {sentpackets,"os_mon@test4"} 1 9666.0 0.0 10062 2200 6810.555555555556 9
stats: {cpu,"os_mon@test4"} 1 22.727272727272727 0.0 42.31171548117155 2.207727044656297 21.25181118156825 10
stats: {load,"os_mon@myserver"} 1 1.05078125 0.0 2.2109375 1.05078125 1.730078125 10
stats: {recvpackets,"os_mon@myserver"} 1 13810.0 0.0 13810 3223 9761.0 9
stats: {sentpackets,"os_mon@myserver"} 1 9753.0 0.0 9753 2231 6827.0 9
stats: {cpu,"os_mon@myserver"} 1 12.029315137730604 0.0 63.0728476821192 1.4336016096579478 19.222380541274728 10
stats: session 67 52662.01698781483 17368.260238746792 78406.17919921875 16.97314453125 3325.9487917253437 5237
stats: users_count 3389 28539
stats: finish_users_count 67 5304
stats: 200 4242 85015
stats: request 4383 7876.696453493968 12754.69426229351 72926.6220703125 1.162109375 1759.238940943923 81707
stats: page 70 52618.45586286272 17061.38181826672 78404.86694335938 15.84912109375 3296.348805259556 5234
stats: connect 5473 4315.216486937287 8348.135218266021 31196.97900390625 0.364990234375 1085.777497061401 88873
stats: size_rcv 561058 11670726
stats: newphase 5 56
stats: size_sent 726195 12520128
stats: connected 1089 8255
stats: error_connect_etimedout 1348 1811
# stats: dump at 1338979158
stats: users 26511 26511
stats: {load,"os_mon@test2"} 1 0.75 0.0 1.44921875 0.75 1.0799005681818181 11
stats: {recvpackets,"os_mon@test3"} 1 13132.0 0.0 14011 3169 10139.1 10
stats: {sentpackets,"os_mon@test3"} 1 9675.0 0.0 10079 2194 7097.4 10
stats: {freemem,"os_mon@test2"} 1 1067.18359375 0.0 1437.58203125 1067.18359375 1336.5365767045455 11
stats: {cpu,"os_mon@test3"} 1 24.627659574468087 0.0 47.729618163054695 1.812688821752266 25.217258455771432 11
stats: {load,"os_mon@test4"} 1 0.69921875 0.0 1.37890625 0.5703125 0.9460227272727273 11
stats: {freemem,"os_mon@test4"} 1 1086.41015625 0.0 1414.89453125 1086.41015625 1316.0784801136363 11
stats: {freemem,"os_mon@myserver"} 1 2452.69921875 0.0 2452.69921875 2401.72265625 2429.8998579545455 11
stats: {recvpackets,"os_mon@test2"} 1 13125.0 0.0 13987 3176 10135.1 10
stats: {sentpackets,"os_mon@test2"} 1 9669.0 0.0 10063 2198 7094.6 10
stats: {load,"os_mon@test3"} 1 0.51171875 0.0 1.98046875 0.51171875 1.1931818181818181 11
stats: {cpu,"os_mon@test2"} 1 32.733050847457626 0.0 46.741344195519346 2.360622802611753 24.286867963006724 11
stats: {freemem,"os_mon@test3"} 1 1002.37890625 0.0 1424.52734375 1002.37890625 1301.7201704545455 11
stats: {recvpackets,"os_mon@test4"} 1 13127.0 0.0 13988 3177 10137.0 10
stats: {sentpackets,"os_mon@test4"} 1 9670.0 0.0 10062 2200 7096.1 10
stats: {cpu,"os_mon@test4"} 1 16.035288012454593 0.0 42.31171548117155 2.207727044656297 21.385944049359566 11
stats: {load,"os_mon@myserver"} 1 0.96875 0.0 2.2109375 0.96875 1.6683238636363635 11
stats: {recvpackets,"os_mon@myserver"} 1 13124.0 0.0 13810 3223 10165.9 10
stats: {sentpackets,"os_mon@myserver"} 1 9733.0 0.0 9753 2231 7119.6 10
stats: {cpu,"os_mon@myserver"} 1 7.579214195183777 0.0 63.0728476821192 1.4336016096579478 18.5684655045889 11
stats: session 68 64033.27837416705 18937.83028284648 87913.56005859375 16.97314453125 3949.160814564332 5304
stats: users_count 3344 31883
stats: finish_users_count 68 5372
stats: request 5256 7294.15710110134 12936.169077355018 86710.76782226563 1.162109375 2070.6899373140805 86090
stats: page 68 64031.39983771829 18937.806387091965 87911.22900390625 15.84912109375 3947.2815907105783 5304
stats: connect 7079 3902.5726197134068 7746.310786477252 31196.97900390625 0.364990234375 1273.116860591288 94346
stats: 200 5121 90136
stats: size_rcv 666246 12336972
stats: newphase 4 60
stats: size_sent 939885 13460013
stats: connected 1823 10078
stats: error_connect_etimedout 1078 2889
# stats: dump at 1338979168
stats: users 29830 29830
stats: {load,"os_mon@test2"} 1 0.7109375 0.0 1.44921875 0.7109375 1.0524088541666667 12
stats: {recvpackets,"os_mon@test3"} 1 14992.0 0.0 14992 3169 10411.181818181818 11
stats: {sentpackets,"os_mon@test3"} 1 11021.0 0.0 11021 2194 7331.727272727273 11
stats: {freemem,"os_mon@test2"} 1 990.2890625 0.0 1437.58203125 990.2890625 1314.0904947916667 12
stats: {cpu,"os_mon@test3"} 1 27.393617021276594 0.0 47.729618163054695 1.812688821752266 25.168125215662823 12
stats: {load,"os_mon@test4"} 1 0.6015625 0.0 1.37890625 0.5703125 0.9254557291666666 12
stats: {freemem,"os_mon@test4"} 1 1034.50390625 0.0 1414.89453125 1034.50390625 1296.9394531249998 12
stats: {freemem,"os_mon@myserver"} 1 2449.7265625 0.0 2452.69921875 2401.72265625 2431.7998046875 12
stats: {recvpackets,"os_mon@test2"} 1 14934.0 0.0 14934 3176 10406.90909090909 11
stats: {sentpackets,"os_mon@test2"} 1 10982.0 0.0 10982 2198 7328.636363636364 11
stats: {load,"os_mon@test3"} 1 0.58984375 0.0 1.98046875 0.51171875 1.1363932291666667 12
stats: {cpu,"os_mon@test2"} 1 38.604898828541 0.0 46.741344195519346 2.360622802611753 24.990716536710963 12
stats: {freemem,"os_mon@test3"} 1 958.1484375 0.0 1424.52734375 958.1484375 1276.7750651041667 12
stats: {recvpackets,"os_mon@test4"} 1 14997.0 0.0 14997 3177 10408.818181818182 11
stats: {sentpackets,"os_mon@test4"} 1 11023.0 0.0 11023 2200 7330.090909090909 11
stats: {cpu,"os_mon@test4"} 1 26.64593053395542 0.0 42.31171548117155 2.207727044656297 20.940056046284152 12
stats: {load,"os_mon@myserver"} 1 0.8984375 0.0 2.2109375 0.8984375 1.6100260416666667 12
stats: {recvpackets,"os_mon@myserver"} 1 15696.0 0.0 15696 3223 10434.818181818182 11
stats: {sentpackets,"os_mon@myserver"} 1 11406.0 0.0 11406 2231 7357.181818181818 11
stats: {cpu,"os_mon@myserver"} 1 15.80259222333001 0.0 63.0728476821192 1.4336016096579478 17.65269456213847 12
stats: session 82 64211.45665610709 24204.71411669645 96287.78686523438 16.97314453125 4709.719264685886 5372
stats: users_count 3401 35284
stats: finish_users_count 82 5454
stats: request 5837 6435.1715105666835 12289.463825613513 91726.38598632813 1.162109375 2371.2454450852565 91346
stats: page 82 63318.19498201696 24569.887086811494 96286.44409179688 15.84912109375 4707.840049533461 5372
stats: connect 7734 3278.852498845899 6843.706547979393 31196.97900390625 0.364990234375 1456.6408173950888 101425
stats: 200 5718 95854
stats: size_rcv 741550 13078522
stats: newphase 5 65
stats: size_sent 1026138 14486151
stats: connected 1897 11975
stats: error_connect_etimedout 1635 4524
# stats: dump at 1338979178
stats: users 32812 32812
stats: {load,"os_mon@test2"} 1 0.8203125 0.0 1.44921875 0.7109375 1.0261418269230769 13
stats: {recvpackets,"os_mon@test3"} 1 13984.0 0.0 14992 3169 10792.916666666666 12
stats: {sentpackets,"os_mon@test3"} 1 10670.0 0.0 11021 2194 7639.166666666667 12
stats: {freemem,"os_mon@test2"} 1 921.02734375 0.0 1437.58203125 921.02734375 1289.1826923076924 13
stats: {cpu,"os_mon@test3"} 1 32.83181085437937 0.0 47.729618163054695 1.812688821752266 25.339316893017727 13
stats: {load,"os_mon@test4"} 1 0.66015625 0.0 1.37890625 0.5703125 0.9005408653846154 13
stats: {freemem,"os_mon@test4"} 1 990.17578125 0.0 1414.89453125 990.17578125 1276.7521033653843 13
stats: {freemem,"os_mon@myserver"} 1 2449.203125 0.0 2452.69921875 2401.72265625 2433.1787860576924 13
stats: {recvpackets,"os_mon@test2"} 1 14307.0 0.0 14934 3176 10784.166666666666 12
stats: {sentpackets,"os_mon@test2"} 1 10912.0 0.0 10982 2198 7633.083333333333 12
stats: {load,"os_mon@test3"} 1 0.5703125 0.0 1.98046875 0.51171875 1.0943509615384615 13
stats: {cpu,"os_mon@test2"} 1 32.67223382045929 0.0 46.741344195519346 2.360622802611753 26.0379613283902 13
stats: {freemem,"os_mon@test3"} 1 884.07421875 0.0 1424.52734375 884.07421875 1252.2653245192307 13
stats: {recvpackets,"os_mon@test4"} 1 14151.0 0.0 14997 3177 10791.166666666666 12
stats: {sentpackets,"os_mon@test4"} 1 10791.0 0.0 11023 2200 7637.833333333333 12
stats: {cpu,"os_mon@test4"} 1 22.11934156378601 0.0 42.31171548117155 2.207727044656297 21.378969468412713 13
stats: {load,"os_mon@myserver"} 1 1.05078125 0.0 2.2109375 0.8984375 1.5552884615384615 13
stats: {recvpackets,"os_mon@myserver"} 1 13662.0 0.0 15696 3223 10873.25 12
stats: {sentpackets,"os_mon@myserver"} 1 10462.0 0.0 11406 2231 7694.583333333333 12
stats: {cpu,"os_mon@myserver"} 1 10.979003288641538 0.0 63.0728476821192 1.4336016096579478 17.510378997614744 13
stats: session 67 77559.37367362405 24535.69322981373 105972.12890625 16.97314453125 5604.3181766947855 5454
stats: users_count 3049 38333
stats: finish_users_count 67 5521
stats: request 5382 7930.6072307177 14216.557662644085 100922.12280273438 1.162109375 2615.3327488751693 97183
stats: page 61 74896.03280689681 25195.64580779393 105970.50390625 15.84912109375 5589.0371717306825 5454
stats: connect 7464 3761.152317844402 7588.728362744516 31196.97900390625 0.364990234375 1585.7459314428593 109159
stats: 200 5232 101086
stats: size_rcv 700422 13778944
stats: newphase 6 71
stats: size_sent 991288 15477439
stats: connected 2081 14056
stats: error_connect_etimedout 1606 6130
# stats: dump at 1338979188
stats: users 35741 35741
stats: {load,"os_mon@test2"} 1 0.83984375 0.0 1.44921875 0.7109375 1.0114397321428572 14
stats: {recvpackets,"os_mon@test3"} 1 14482.0 0.0 14992 3169 11038.384615384615 13
stats: {sentpackets,"os_mon@test3"} 1 10418.0 0.0 11021 2194 7872.307692307692 13
stats: {freemem,"os_mon@test2"} 1 856.73046875 0.0 1437.58203125 856.73046875 1262.8858816964287 14
stats: {cpu,"os_mon@test3"} 1 25.34611288604899 0.0 47.729618163054695 1.812688821752266 25.874495033114986 14
stats: {load,"os_mon@test4"} 1 0.7109375 0.0 1.37890625 0.5703125 0.8833705357142857 14
stats: {freemem,"os_mon@test4"} 1 946.3125 0.0 1414.89453125 946.3125 1256.2823660714282 14
stats: {freemem,"os_mon@myserver"} 1 2448.6875 0.0 2452.69921875 2401.72265625 2434.3233816964284 14
stats: {recvpackets,"os_mon@test2"} 1 14792.0 0.0 14934 3176 11055.153846153846 13
stats: {sentpackets,"os_mon@test2"} 1 10609.0 0.0 10982 2198 7885.307692307692 13
stats: {load,"os_mon@test3"} 1 0.48046875 0.0 1.98046875 0.48046875 1.0569196428571428 14
stats: {cpu,"os_mon@test2"} 1 39.52865559721479 0.0 46.741344195519346 2.360622802611753 26.51183793496656 14
stats: {freemem,"os_mon@test3"} 1 837.3359375 0.0 1424.52734375 837.3359375 1225.9659598214287 14
stats: {recvpackets,"os_mon@test4"} 1 14791.0 0.0 14997 3177 11049.615384615385 13
stats: {sentpackets,"os_mon@test4"} 1 10621.0 0.0 11023 2200 7880.384615384615 13
stats: {cpu,"os_mon@test4"} 1 24.143302180685357 0.0 42.31171548117155 2.207727044656297 21.431853189510804 14
stats: {load,"os_mon@myserver"} 1 1.12890625 0.0 2.2109375 0.8984375 1.5192522321428572 14
stats: {recvpackets,"os_mon@myserver"} 1 15101.0 0.0 15696 3223 11087.76923076923 13
stats: {sentpackets,"os_mon@myserver"} 1 10840.0 0.0 11406 2231 7907.461538461538 13
stats: {cpu,"os_mon@myserver"} 1 12.987341772151897 0.0 63.0728476821192 1.4336016096579478 17.043852161259515 14
stats: session 106 79819.67421045846 27453.13589335969 117336.68017578125 16.97314453125 6477.527508028649 5521
stats: users_count 3035 41368
stats: finish_users_count 106 5627
stats: request 8044 7477.913791286585 14255.497941255433 113076.5908203125 1.162109375 2894.246679175725 102565
stats: page 112 79187.24062674386 27970.755110619513 117332.5341796875 15.84912109375 6355.624068148659 5515
stats: connect 10390 3439.3129323333364 7329.8586039183265 31196.97900390625 0.364990234375 1724.9743277977902 116623
stats: 200 7921 109007
stats: size_rcv 1066120 14845064
stats: newphase 5 76
stats: size_sent 1380146 16857585
stats: connected 2346 16402
stats: error_connect_etimedout 1751 7881
# stats: dump at 1338979198
stats: users 38651 38651
stats: {load,"os_mon@test2"} 1 1.08984375 0.0 1.44921875 0.7109375 1.0 15
stats: {recvpackets,"os_mon@test3"} 1 15681.0 0.0 15681 3169 11284.357142857143 14
stats: {sentpackets,"os_mon@test3"} 1 11577.0 0.0 11577 2194 8054.142857142857 14
stats: {freemem,"os_mon@test2"} 1 797.68359375 0.0 1437.58203125 797.68359375 1235.8088541666666 15
stats: {cpu,"os_mon@test3"} 1 31.41333333333333 0.0 47.729618163054695 1.812688821752266 25.83926955664392 15
stats: {load,"os_mon@test4"} 1 0.6796875 0.0 1.37890625 0.5703125 0.871875 15
stats: {freemem,"os_mon@test4"} 1 869.5703125 0.0 1414.89453125 869.5703125 1235.617708333333 15
stats: {freemem,"os_mon@myserver"} 1 2434.42578125 0.0 2452.69921875 2401.72265625 2435.2809895833334 15
stats: {recvpackets,"os_mon@test2"} 1 15703.0 0.0 15703 3176 11322.07142857143 14
stats: {sentpackets,"os_mon@test2"} 1 11649.0 0.0 11649 2198 8079.857142857143 14
stats: {load,"os_mon@test3"} 1 0.41015625 0.0 1.98046875 0.41015625 1.0184895833333334 15
stats: {cpu,"os_mon@test2"} 1 37.05882352941177 0.0 46.741344195519346 2.360622802611753 27.37962577911644 15
stats: {freemem,"os_mon@test3"} 1 770.16015625 0.0 1424.52734375 770.16015625 1200.0572916666667 15
stats: {recvpackets,"os_mon@test4"} 1 15724.0 0.0 15724 3177 11316.857142857143 14
stats: {sentpackets,"os_mon@test4"} 1 11663.0 0.0 11663 2200 8076.142857142857 14
stats: {cpu,"os_mon@test4"} 1 37.73684210526316 0.0 42.31171548117155 2.207727044656297 21.612616455589105 15
stats: {load,"os_mon@myserver"} 1 0.94921875 0.0 2.2109375 0.8984375 1.4932291666666666 15
stats: {recvpackets,"os_mon@myserver"} 1 15315.0 0.0 15696 3223 11374.42857142857 14
stats: {sentpackets,"os_mon@myserver"} 1 11531.0 0.0 11531 2231 8116.928571428572 14
stats: {cpu,"os_mon@myserver"} 1 19.710439420878842 0.0 63.0728476821192 1.4336016096579478 16.77341813531901 15
stats: session 98 87618.6437490035 31661.955193324164 128337.67993164063 16.97314453125 7859.128281168431 5627
stats: users_count 3008 44376
stats: finish_users_count 98 5725
stats: request 6889 9157.130209916228 16704.983533176164 125096.93310546875 1.162109375 3227.592231977213 110609
stats: page 97 82013.50345823933 34536.92145074029 128335.708984375 15.84912109375 7805.267049233191 5627
stats: connect 8910 3806.913540324032 7943.784918779547 32486.14892578125 0.364990234375 1865.2117688559836 127013
stats: 200 6849 115856
stats: size_rcv 936944 15782008
stats: newphase 5 81
stats: size_sent 1183042 18040627
stats: connected 2021 18423
stats: error_connect_etimedout 2010 9891
# stats: dump at 1338979208
stats: users 42128 42128
stats: {load,"os_mon@test2"} 1 0.921875 0.0 1.44921875 0.7109375 1.005615234375 16
stats: {recvpackets,"os_mon@test3"} 1 13413.0 0.0 15681 3169 11577.466666666667 15
stats: {sentpackets,"os_mon@test3"} 1 10054.0 0.0 11577 2194 8289.0 15
stats: {freemem,"os_mon@test2"} 1 769.09765625 0.0 1437.58203125 769.09765625 1208.426025390625 16
stats: {cpu,"os_mon@test3"} 1 33.19480519480519 0.0 47.729618163054695 1.812688821752266 26.18764854268701 16
stats: {load,"os_mon@test4"} 1 0.578125 0.0 1.37890625 0.5703125 0.85986328125 16
stats: {freemem,"os_mon@test4"} 1 802.9375 0.0 1414.89453125 802.9375 1212.7397460937498 16
stats: {freemem,"os_mon@myserver"} 1 2424.734375 0.0 2452.69921875 2401.72265625 2435.2275390625 16
stats: {recvpackets,"os_mon@test2"} 1 13190.0 0.0 15703 3176 11614.133333333333 15
stats: {sentpackets,"os_mon@test2"} 1 9933.0 0.0 11649 2198 8317.8 15
stats: {load,"os_mon@test3"} 1 0.51171875 0.0 1.98046875 0.41015625 0.98046875 16
stats: {cpu,"os_mon@test2"} 1 20.184899845916796 0.0 46.741344195519346 2.360622802611753 27.9845756385099 16
stats: {freemem,"os_mon@test3"} 1 713.56640625 0.0 1424.52734375 713.56640625 1173.188720703125 16
stats: {recvpackets,"os_mon@test4"} 1 13062.0 0.0 15724 3177 11610.666666666666 15
stats: {sentpackets,"os_mon@test4"} 1 9815.0 0.0 11663 2200 8315.266666666666 15
stats: {cpu,"os_mon@test4"} 1 36.9884575026233 0.0 42.31171548117155 2.207727044656297 22.620380558693736 16
stats: {load,"os_mon@myserver"} 1 1.0390625 0.0 2.2109375 0.8984375 1.459228515625 16
stats: {recvpackets,"os_mon@myserver"} 1 13019.0 0.0 15696 3223 11637.133333333333 15
stats: {sentpackets,"os_mon@myserver"} 1 9801.0 0.0 11531 2231 8344.533333333333 15
stats: {cpu,"os_mon@myserver"} 1 14.907148308318494 0.0 63.0728476821192 1.4336016096579478 16.956981965666497 16
stats: session 54 95716.62462022569 32154.10199599459 131270.68017578125 16.97314453125 9224.44400446063 5725
stats: users_count 3531 47907
stats: finish_users_count 54 5779
stats: request 3028 10216.468671952407 18264.312200876244 130009.97802734375 1.162109375 3575.2456995257835 117498
stats: page 55 89493.18761541194 37499.9059145539 131269.12890625 15.84912109375 9062.814032404678 5724
stats: connect 4155 3349.815583281626 6672.231190929932 32486.14892578125 0.364990234375 1992.493853446379 135923
stats: 200 2868 118724
stats: size_rcv 363908 16145916
stats: newphase 6 87
stats: size_sent 551961 18592588
stats: connected 1127 19550
stats: error_connect_etimedout 2111 12002
# stats: dump at 1338979218
stats: users 45594 45594
stats: {load,"os_mon@test2"} 1 0.78125 0.0 1.44921875 0.7109375 1.0006893382352942 17
stats: {recvpackets,"os_mon@test3"} 1 18184.0 0.0 18184 3169 11692.1875 16
stats: {sentpackets,"os_mon@test3"} 1 13534.0 0.0 13534 2194 8399.3125 16
stats: {freemem,"os_mon@test2"} 1 715.6171875 0.0 1437.58203125 715.6171875 1182.5831801470588 17
stats: {cpu,"os_mon@test3"} 1 24.14712153518124 0.0 47.729618163054695 1.812688821752266 26.599834228105728 17
stats: {load,"os_mon@test4"} 1 0.6484375 0.0 1.37890625 0.5703125 0.8432904411764706 17
stats: {freemem,"os_mon@test4"} 1 740.66796875 0.0 1414.89453125 740.66796875 1188.6337316176468 17
stats: {freemem,"os_mon@myserver"} 1 2423.20703125 0.0 2452.69921875 2401.72265625 2434.610294117647 17
stats: {recvpackets,"os_mon@test2"} 1 17924.0 0.0 17924 3176 11712.625 16
stats: {sentpackets,"os_mon@test2"} 1 13266.0 0.0 13266 2198 8418.75 16
stats: {load,"os_mon@test3"} 1 0.51171875 0.0 1.98046875 0.41015625 0.9528952205882353 17
stats: {cpu,"os_mon@test2"} 1 30.357142857142854 0.0 46.741344195519346 2.360622802611753 27.525771180122067 17
stats: {freemem,"os_mon@test3"} 1 665.11328125 0.0 1424.52734375 665.11328125 1146.1521139705883 17
stats: {recvpackets,"os_mon@test4"} 1 17802.0 0.0 17802 3177 11701.375 16
stats: {sentpackets,"os_mon@test4"} 1 13220.0 0.0 13220 2200 8409.0 16
stats: {cpu,"os_mon@test4"} 1 27.549947423764458 0.0 42.31171548117155 2.207727044656297 23.465561555395475 17
stats: {load,"os_mon@myserver"} 1 1.03125 0.0 2.2109375 0.8984375 1.4345128676470589 17
stats: {recvpackets,"os_mon@myserver"} 1 1.77e4 0.0 17700 3223 11723.5 16
stats: {sentpackets,"os_mon@myserver"} 1 12962.0 0.0 12962 2231 8435.5625 16
stats: {cpu,"os_mon@myserver"} 1 5.012722646310432 0.0 63.0728476821192 1.4336016096579478 16.83640351523426 17
stats: session 24 110411.6773783366 28845.744090713168 145572.93212890625 16.97314453125 10032.64226596804 5779
stats: users_count 3490 51397
stats: finish_users_count 24 5803
stats: request 2923 15766.180681602531 24122.026226793107 138861.35693359375 1.162109375 3742.0945384527186 120526
stats: page 24 110409.46880086263 28845.583838247607 145569.67993164063 15.84912109375 9828.287392339857 5779
stats: connect 3522 3608.599025988428 6438.002064957172 32521.2021484375 0.364990234375 2032.7547922623635 140078
stats: 200 2370 121094
stats: size_rcv 315440 16461356
stats: newphase 4 91
stats: size_sent 467414 19060002
stats: connected 599 20149
stats: error_connect_etimedout 2485 14487
# stats: dump at 1338979228
stats: users 49531 49531
stats: {load,"os_mon@test2"} 1 0.73828125 0.0 1.44921875 0.7109375 0.9884982638888888 18
stats: {recvpackets,"os_mon@test3"} 1 16184.0 0.0 18184 3169 12074.058823529413 17
stats: {sentpackets,"os_mon@test3"} 1 12401.0 0.0 13534 2194 8701.35294117647 17
stats: {freemem,"os_mon@test2"} 1 652.87109375 0.0 1437.58203125 652.87109375 1156.640625 18
stats: {cpu,"os_mon@test3"} 1 27.771797631862217 0.0 47.729618163054695 1.812688821752266 26.463572411832146 18
stats: {load,"os_mon@test4"} 1 0.55078125 0.0 1.37890625 0.55078125 0.8324652777777778 18
stats: {freemem,"os_mon@test4"} 1 693.21484375 0.0 1414.89453125 693.21484375 1163.7467447916665 18
stats: {freemem,"os_mon@myserver"} 1 2417.3125 0.0 2452.69921875 2401.72265625 2433.9767795138887 18
stats: {recvpackets,"os_mon@test2"} 1 16470.0 0.0 17924 3176 12078.0 17
stats: {sentpackets,"os_mon@test2"} 1 12627.0 0.0 13266 2198 8703.882352941177 17
stats: {load,"os_mon@test3"} 1 0.51171875 0.0 1.98046875 0.41015625 0.9283854166666666 18
stats: {cpu,"os_mon@test2"} 1 27.951296982530437 0.0 46.741344195519346 2.360622802611753 27.68306960662322 18
stats: {freemem,"os_mon@test3"} 1 595.28515625 0.0 1424.52734375 595.28515625 1119.427734375 18
stats: {recvpackets,"os_mon@test4"} 1 16220.0 0.0 17802 3177 12060.235294117647 17
stats: {sentpackets,"os_mon@test4"} 1 12420.0 0.0 13220 2200 8692.0 17
stats: {cpu,"os_mon@test4"} 1 22.314478463933575 0.0 42.31171548117155 2.207727044656297 23.692471881415976 18
stats: {load,"os_mon@myserver"} 1 0.87109375 0.0 2.2109375 0.87109375 1.412109375 18
stats: {recvpackets,"os_mon@myserver"} 1 16624.0 0.0 17700 3223 12075.058823529413 17
stats: {sentpackets,"os_mon@myserver"} 1 12741.0 0.0 12962 2231 8701.823529411764 17
stats: {cpu,"os_mon@myserver"} 1 7.8431372549019605 0.0 63.0728476821192 1.4336016096579478 16.179532355849602 18
stats: session 41 115552.31486399581 25420.356117269883 152337.2509765625 16.97314453125 10447.789059470855 5803
stats: users_count 3978 55375
stats: finish_users_count 41 5844
stats: 200 4662 125756
stats: request 4801 10464.024869645935 20912.953106472192 152239.67114257813 1.162109375 4026.7983740158006 123449
stats: page 41 113766.38400938452 27636.42254597886 152335.67211914063 15.84912109375 10244.270220843138 5803
stats: connect 7876 3927.512034651102 7622.446429105102 32594.263916015625 0.364990234375 2071.4046766020792 143600
stats: size_rcv 639456 17100812
stats: newphase 4 95
stats: size_sent 1045812 20105814
stats: connected 3075 23224
stats: error_connect_etimedout 2065 16552
# stats: dump at 1338979238
stats: users 52872 52872
stats: {load,"os_mon@test2"} 1 0.69921875 0.0 1.44921875 0.69921875 0.975328947368421 19
stats: {recvpackets,"os_mon@test3"} 1 18505.0 0.0 18505 3169 12302.388888888889 18
stats: {sentpackets,"os_mon@test3"} 1 14241.0 0.0 14241 2194 8906.888888888889 18
stats: {freemem,"os_mon@test2"} 1 609.40625 0.0 1437.58203125 609.40625 1130.1264391447369 19
stats: {cpu,"os_mon@test3"} 1 37.001078748651565 0.0 47.729618163054695 1.812688821752266 26.5324263707811 19
stats: {load,"os_mon@test4"} 1 0.4609375 0.0 1.37890625 0.4609375 0.817639802631579 19
stats: {freemem,"os_mon@test4"} 1 625.8359375 0.0 1414.89453125 625.8359375 1138.9819078947367 19
stats: {freemem,"os_mon@myserver"} 1 2417.2578125 0.0 2452.69921875 2401.72265625 2433.0997121710525 19
stats: {recvpackets,"os_mon@test2"} 1 18238.0 0.0 18238 3176 12322.0 18
stats: {sentpackets,"os_mon@test2"} 1 14045.0 0.0 14045 2198 8921.833333333334 18
stats: {load,"os_mon@test3"} 1 0.578125 0.0 1.98046875 0.41015625 0.9064555921052632 19
stats: {cpu,"os_mon@test2"} 1 26.617179215270415 0.0 46.741344195519346 2.360622802611753 27.697186836934133 19
stats: {freemem,"os_mon@test3"} 1 506.859375 0.0 1424.52734375 506.859375 1091.8412828947369 19
stats: {recvpackets,"os_mon@test4"} 1 18602.0 0.0 18602 3177 12291.333333333334 18
stats: {sentpackets,"os_mon@test4"} 1 14306.0 0.0 14306 2200 8899.111111111111 18
stats: {cpu,"os_mon@test4"} 1 29.079497907949794 0.0 42.31171548117155 2.207727044656297 23.619945912074797 19
stats: {load,"os_mon@myserver"} 1 0.8203125 0.0 2.2109375 0.8203125 1.3836348684210527 19
stats: {recvpackets,"os_mon@myserver"} 1 18352.0 0.0 18352 3223 12327.777777777777 18
stats: {sentpackets,"os_mon@myserver"} 1 14222.0 0.0 14222 2231 8926.222222222223 18
stats: {cpu,"os_mon@myserver"} 1 8.284476166199337 0.0 63.0728476821192 1.4336016096579478 15.740774718957619 19
stats: session 38 114756.45428788035 37250.136623654755 166974.04614257813 16.97314453125 11185.175363027585 5844
stats: users_count 3379 58754
stats: finish_users_count 38 5882
stats: request 4043 14313.980096409874 24939.788127399104 159319.962890625 1.162109375 4267.774002908746 128250
stats: page 36 104996.96460639106 44045.081816849204 166972.09594726563 15.84912109375 10970.554728942077 5844
stats: connect 4964 4436.7459092674235 8228.133814958917 32594.263916015625 0.364990234375 2167.9130446075333 151476
stats: 200 3499 129255
stats: size_rcv 453808 17554620
stats: newphase 6 101
stats: size_sent 659132 20764946
stats: connected 921 24145
stats: error_connect_etimedout 3003 19555
stats: error_abort 1 1
EndMonitor:{1338,979238,227988}
