# stats: dump at 1338975435
stats: users 0 0
# stats: dump at 1338975445
stats: users 13 18
stats: {load,"os_mon@test2"} 1 1.5390625 0 1.5390625 1.5390625 0 0
stats: {freemem,"os_mon@test2"} 1 1429.9609375 0 1429.9609375 1429.9609375 0 0
stats: {cpu,"os_mon@test3"} 1 3.5096642929806716 0 3.5096642929806716 3.5096642929806716 0 0
stats: {load,"os_mon@test4"} 1 1.62109375 0 1.62109375 1.62109375 0 0
stats: {freemem,"os_mon@test4"} 1 1403.9765625 0 1403.9765625 1403.9765625 0 0
stats: {freemem,"os_mon@myserver"} 1 2752.21484375 0 2752.21484375 2752.21484375 0 0
stats: {load,"os_mon@test3"} 1 1.26953125 0 1.26953125 1.26953125 0 0
stats: {cpu,"os_mon@test2"} 1 2.0875763747454172 0 2.0875763747454172 2.0875763747454172 0 0
stats: {freemem,"os_mon@test3"} 1 1413.5078125 0 1413.5078125 1413.5078125 0 0
stats: {cpu,"os_mon@test4"} 1 2.620967741935484 0 2.620967741935484 2.620967741935484 0 0
stats: {load,"os_mon@myserver"} 1 4.80078125 0 4.80078125 4.80078125 0 0
stats: {cpu,"os_mon@myserver"} 1 2.1888521252227027 0 2.1888521252227027 2.1888521252227027 0 0
stats: session 575 28.607995923913045 4.907927313499458 53.31201171875 18.23095703125 0 0
stats: users_count 588 588
stats: finish_users_count 575 575
stats: request 5730 2.4938027054019334 0.7946890279858384 14.858154296875 1.31396484375 0 0
stats: page 565 26.489036573561954 4.836948291048456 51.7958984375 16.875 0 0
stats: connect 5742 1.0722548678460313 0.41261373493269393 9.737060546875 0.451904296875 0 0
stats: 200 5733 5733
stats: size_rcv 848290 848290
stats: size_sent 761194 761194
stats: connected 12 12
# stats: dump at 1338975455
stats: users 31 53
stats: {load,"os_mon@test2"} 1 1.30859375 0.0 1.5390625 1.30859375 1.5390625 1
stats: {recvpackets,"os_mon@test3"} 1 3545 0 3545 3545 0 0
stats: {sentpackets,"os_mon@test3"} 1 2455 0 2455 2455 0 0
stats: {freemem,"os_mon@test2"} 1 1438.87890625 0.0 1438.87890625 1429.9609375 1429.9609375 1
stats: {cpu,"os_mon@test3"} 1 20.48008171603677 0.0 20.48008171603677 3.5096642929806716 3.5096642929806716 1
stats: {load,"os_mon@test4"} 1 1.44921875 0.0 1.62109375 1.44921875 1.62109375 1
stats: {freemem,"os_mon@test4"} 1 1414.90625 0.0 1414.90625 1403.9765625 1403.9765625 1
stats: {freemem,"os_mon@myserver"} 1 2765.64453125 0.0 2765.64453125 2752.21484375 2752.21484375 1
stats: {recvpackets,"os_mon@test2"} 1 3581 0 3581 3581 0 0
stats: {sentpackets,"os_mon@test2"} 1 2479 0 2479 2479 0 0
stats: {load,"os_mon@test3"} 1 1.23046875 0.0 1.26953125 1.23046875 1.26953125 1
stats: {cpu,"os_mon@test2"} 1 13.864906043676994 0.0 13.864906043676994 2.0875763747454172 2.0875763747454172 1
stats: {freemem,"os_mon@test3"} 1 1425.3203125 0.0 1425.3203125 1413.5078125 1413.5078125 1
stats: {recvpackets,"os_mon@test4"} 1 3556 0 3556 3556 0 0
stats: {sentpackets,"os_mon@test4"} 1 2461 0 2461 2461 0 0
stats: {cpu,"os_mon@test4"} 1 13.191273465246066 0.0 13.191273465246066 2.620967741935484 2.620967741935484 1
stats: {load,"os_mon@myserver"} 1 4.05859375 0.0 4.80078125 4.05859375 4.80078125 1
stats: {recvpackets,"os_mon@myserver"} 1 3685 0 3685 3685 0 0
stats: {sentpackets,"os_mon@myserver"} 1 2550 0 2550 2550 0 0
stats: {cpu,"os_mon@myserver"} 1 20.57157569515963 0.0 20.57157569515963 2.1888521252227027 2.1888521252227027 1
stats: session 1522 77.98944709366776 453.19430496867943 12432.660888671875 18.23095703125 28.607995923913045 575
stats: users_count 1540 2128
stats: finish_users_count 1522 2097
stats: request 15097 7.48162615800635 144.20580292745743 12393.862060546875 1.2509765625 2.4938027054019334 5730
stats: page 1504 76.47391980759653 455.8079399803086 12427.473876953125 16.875 26.489036573561954 565
stats: connect 15114 1.6330558814209946 16.276155189719997 1003.1240234375 0.322998046875 1.0722548678460313 5742
stats: 200 15104 20837
stats: size_rcv 2148281 2996571
stats: newphase 6 6
stats: size_sent 2007638 2768832
stats: connected 17 29
# stats: dump at 1338975465
stats: users 367 368
stats: {load,"os_mon@test2"} 1 1.109375 0.0 1.5390625 1.109375 1.423828125 2
stats: {recvpackets,"os_mon@test3"} 1 7422.0 0.0 7422 3545 3545.0 1
stats: {sentpackets,"os_mon@test3"} 1 4999.0 0.0 4999 2455 2455.0 1
stats: {freemem,"os_mon@test2"} 1 1440.03125 0.0 1440.03125 1429.9609375 1434.419921875 2
stats: {cpu,"os_mon@test3"} 1 39.88618727366787 0.0 39.88618727366787 3.5096642929806716 11.994873004508722 2
stats: {load,"os_mon@test4"} 1 1.37890625 0.0 1.62109375 1.37890625 1.53515625 2
stats: {freemem,"os_mon@test4"} 1 1415.18359375 0.0 1415.18359375 1403.9765625 1409.44140625 2
stats: {freemem,"os_mon@myserver"} 1 2781.5859375 0.0 2781.5859375 2752.21484375 2758.9296875 2
stats: {recvpackets,"os_mon@test2"} 1 7442.0 0.0 7442 3581 3581.0 1
stats: {sentpackets,"os_mon@test2"} 1 5007.0 0.0 5007 2479 2479.0 1
stats: {load,"os_mon@test3"} 1 1.33984375 0.0 1.33984375 1.23046875 1.25 2
stats: {cpu,"os_mon@test2"} 1 34.100204498977504 0.0 34.100204498977504 2.0875763747454172 7.976241209211206 2
stats: {freemem,"os_mon@test3"} 1 1427.12890625 0.0 1427.12890625 1413.5078125 1419.4140625 2
stats: {recvpackets,"os_mon@test4"} 1 7434.0 0.0 7434 3556 3556.0 1
stats: {sentpackets,"os_mon@test4"} 1 5005.0 0.0 5005 2461 2461.0 1
stats: {cpu,"os_mon@test4"} 1 28.622816032887975 0.0 28.622816032887975 2.620967741935484 7.906120603590775 2
stats: {load,"os_mon@myserver"} 1 3.75 0.0 4.80078125 3.75 4.4296875 2
stats: {recvpackets,"os_mon@myserver"} 1 7556.0 0.0 7556 3685 3685.0 1
stats: {sentpackets,"os_mon@myserver"} 1 5080.0 0.0 5080 2550 2550.0 1
stats: {cpu,"os_mon@myserver"} 1 45.7815734989648 0.0 45.7815734989648 2.1888521252227027 11.380213910191166 2
stats: session 2170 419.1950817477319 1074.9120293906235 20610.87890625 18.23095703125 64.44899195651517 2097
stats: users_count 2506 4634
stats: finish_users_count 2170 4267
stats: request 23194 45.99814073556564 338.16919740340836 20530.358154296875 1.2509765625 6.109358026089929 20827
stats: page 2180 406.72638073842444 1070.5007876195725 20609.512939453125 16.875 62.82410877461947 2069
stats: connect 23356 19.2666359738263 92.75191879739114 1401.300048828125 0.322998046875 1.4786581340126976 20856
stats: 200 23200 44037
stats: size_rcv 3204573 6201144
stats: newphase 6 12
stats: size_sent 3100996 5869828
stats: connected 162 191
# stats: dump at 1338975475
stats: users 1463 1463
stats: {load,"os_mon@test2"} 1 1.01171875 0.0 1.5390625 1.01171875 1.3190104166666667 3
stats: {recvpackets,"os_mon@test3"} 1 11256.0 0.0 11256 3545 5483.5 2
stats: {sentpackets,"os_mon@test3"} 1 7514.0 0.0 7514 2455 3727.0 2
stats: {freemem,"os_mon@test2"} 1 1433.8203125 0.0 1440.03125 1429.9609375 1436.2903645833333 3
stats: {cpu,"os_mon@test3"} 1 52.96566077003122 0.0 52.96566077003122 3.5096642929806716 21.291977760895104 3
stats: {load,"os_mon@test4"} 1 1.46875 0.0 1.62109375 1.37890625 1.4830729166666667 3
stats: {freemem,"os_mon@test4"} 1 1409.734375 0.0 1415.18359375 1403.9765625 1411.35546875 3
stats: {freemem,"os_mon@myserver"} 1 2790.44921875 0.0 2790.44921875 2752.21484375 2766.4817708333335 3
stats: {recvpackets,"os_mon@test2"} 1 11257.0 0.0 11257 3581 5511.5 2
stats: {sentpackets,"os_mon@test2"} 1 7519.0 0.0 7519 2479 3743.0 2
stats: {load,"os_mon@test3"} 1 1.2890625 0.0 1.33984375 1.23046875 1.2799479166666667 3
stats: {cpu,"os_mon@test2"} 1 47.15821812596006 0.0 47.15821812596006 2.0875763747454172 16.684228972466638 3
stats: {freemem,"os_mon@test3"} 1 1420.9296875 0.0 1427.12890625 1413.5078125 1421.9856770833333 3
stats: {recvpackets,"os_mon@test4"} 1 11267.0 0.0 11267 3556 5495.0 2
stats: {sentpackets,"os_mon@test4"} 1 7523.0 0.0 7523 2461 3733.0 2
stats: {cpu,"os_mon@test4"} 1 47.27926078028747 0.0 47.27926078028747 2.620967741935484 14.811685746689841 3
stats: {load,"os_mon@myserver"} 1 3.62890625 0.0 4.80078125 3.62890625 4.203125 3
stats: {recvpackets,"os_mon@myserver"} 1 11671.0 0.0 11671 3685 5620.5 2
stats: {sentpackets,"os_mon@myserver"} 1 7791.0 0.0 7791 2550 3815.0 2
stats: {cpu,"os_mon@myserver"} 1 67.95514197089 0.0 67.95514197089 2.1888521252227027 22.84733377311571 3
stats: session 2262 2371.0504099662885 1541.8670526178212 26521.441162109375 18.23095703125 244.85654172144137 4267
stats: users_count 3358 7992
stats: finish_users_count 2262 6529
stats: request 27042 279.18601740680504 472.0263325711618 27717.2177734375 1.2509765625 27.12615514936245 44021
stats: page 2257 2346.9034760778964 1542.5403127463687 26518.4130859375 16.875 239.2672607824083 4249
stats: connect 27616 128.98089055915554 164.59711080969197 2419.078125 0.322998046875 10.875564187271689 44212
stats: 200 27075 71112
stats: size_rcv 3666557 9867701
stats: newphase 6 18
stats: size_sent 3661048 9530876
stats: connected 574 765
# stats: dump at 1338975485
stats: users 3812 3812
stats: {load,"os_mon@test2"} 1 1.0 0.0 1.5390625 1.0 1.2421875 4
stats: {recvpackets,"os_mon@test3"} 1 13592.0 0.0 13592 3545 7407.666666666667 3
stats: {sentpackets,"os_mon@test3"} 1 9080.0 0.0 9080 2455 4989.333333333333 3
stats: {freemem,"os_mon@test2"} 1 1414.30078125 0.0 1440.03125 1414.30078125 1435.6728515625 4
stats: {cpu,"os_mon@test3"} 1 57.060969254820215 0.0 57.060969254820215 3.5096642929806716 29.210398513179133 4
stats: {load,"os_mon@test4"} 1 1.3203125 0.0 1.62109375 1.3203125 1.4794921875 4
stats: {freemem,"os_mon@test4"} 1 1389.64453125 0.0 1415.18359375 1389.64453125 1410.9501953125 4
stats: {freemem,"os_mon@myserver"} 1 2789.96875 0.0 2790.44921875 2752.21484375 2772.4736328125 4
stats: {recvpackets,"os_mon@test2"} 1 13615.0 0.0 13615 3581 7426.666666666667 3
stats: {sentpackets,"os_mon@test2"} 1 9093.0 0.0 9093 2479 5001.666666666667 3
stats: {load,"os_mon@test3"} 1 1.25 0.0 1.33984375 1.23046875 1.2822265625 4
stats: {cpu,"os_mon@test2"} 1 55.199172271081224 0.0 55.199172271081224 2.0875763747454172 24.302726260839993 4
stats: {freemem,"os_mon@test3"} 1 1401.5234375 0.0 1427.12890625 1401.5234375 1421.7216796875 4
stats: {recvpackets,"os_mon@test4"} 1 13597.0 0.0 13597 3556 7419.0 3
stats: {sentpackets,"os_mon@test4"} 1 9083.0 0.0 9083 2461 4996.333333333333 3
stats: {cpu,"os_mon@test4"} 1 51.340206185567006 0.0 51.340206185567006 2.620967741935484 22.92857950508925 4
stats: {load,"os_mon@myserver"} 1 3.609375 0.0 4.80078125 3.609375 4.0595703125 4
stats: {recvpackets,"os_mon@myserver"} 1 15340.0 0.0 15340 3685 7637.333333333333 3
stats: {sentpackets,"os_mon@myserver"} 1 10259.0 0.0 10259 2550 5140.333333333333 3
stats: {cpu,"os_mon@myserver"} 1 72.56125751271382 0.0 72.56125751271382 2.1888521252227027 34.12428582255929 4
stats: session 1940 5809.230396766278 2195.6910983933235 38013.347900390625 18.23095703125 981.4855093994693 6529
stats: users_count 4289 12281
stats: finish_users_count 1940 8469
stats: request 27084 722.7405225680208 887.7610876515408 27717.2177734375 1.2509765625 123.04390130651542 71063
stats: page 1917 5725.406027255112 2164.903572866278 38011.880859375 16.875 970.4284870230965 6506
stats: connect 28737 306.36225718809976 366.5828399696573 3229.44287109375 0.322998046875 56.28399395123483 71828
stats: 200 26207 97319
stats: size_rcv 3467480 13335181
stats: newphase 6 24
stats: size_sent 3814779 13345655
stats: connected 1653 2418
# stats: dump at 1338975495
stats: users 4181 4516
stats: {load,"os_mon@test2"} 1 1.0 0.0 1.5390625 1.0 1.19375 5
stats: {recvpackets,"os_mon@test3"} 1 15854.0 0.0 15854 3545 8953.75 4
stats: {sentpackets,"os_mon@test3"} 1 10702.0 0.0 10702 2455 6012.0 4
stats: {freemem,"os_mon@test2"} 1 1378.74609375 0.0 1440.03125 1378.74609375 1431.3984375 5
stats: {cpu,"os_mon@test3"} 1 59.49764521193093 0.0 59.49764521193093 3.5096642929806716 34.78051266150735 5
stats: {load,"os_mon@test4"} 1 1.26953125 0.0 1.62109375 1.26953125 1.44765625 5
stats: {freemem,"os_mon@test4"} 1 1351.56640625 0.0 1415.18359375 1351.56640625 1406.6890625 5
stats: {freemem,"os_mon@myserver"} 1 2774.5390625 0.0 2790.44921875 2752.21484375 2775.97265625 5
stats: {recvpackets,"os_mon@test2"} 1 15851.0 0.0 15851 3581 8973.75 4
stats: {sentpackets,"os_mon@test2"} 1 10703.0 0.0 10703 2479 6024.5 4
stats: {load,"os_mon@test3"} 1 1.2890625 0.0 1.33984375 1.23046875 1.27578125 5
stats: {cpu,"os_mon@test2"} 1 59.45106162610047 0.0 59.45106162610047 2.0875763747454172 30.48201546288824 5
stats: {freemem,"os_mon@test3"} 1 1354.35546875 0.0 1427.12890625 1354.35546875 1417.68203125 5
stats: {recvpackets,"os_mon@test4"} 1 15877.0 0.0 15877 3556 8963.5 4
stats: {sentpackets,"os_mon@test4"} 1 10720.0 0.0 10720 2461 6018.0 4
stats: {cpu,"os_mon@test4"} 1 56.01233299075026 0.0 56.01233299075026 2.620967741935484 28.610904841184798 5
stats: {load,"os_mon@myserver"} 1 3.828125 0.0 4.80078125 3.609375 3.96953125 5
stats: {recvpackets,"os_mon@myserver"} 1 14971.0 0.0 15340 3685 9563.0 4
stats: {sentpackets,"os_mon@myserver"} 1 10273.0 0.0 10273 2550 6420.0 4
stats: {cpu,"os_mon@myserver"} 1 71.49543646150246 0.0 72.56125751271382 2.1888521252227027 41.8116801605902 5
stats: session 2273 9904.053466152409 3544.2172980302917 38013.347900390625 18.23095703125 2087.380547950846 8469
stats: users_count 2642 14923
stats: finish_users_count 2273 10742
stats: request 26301 1206.3210228572325 1747.4481296843119 45185.842041015625 1.2509765625 288.53223299517236 98147
stats: page 2187 9760.88914318809 3447.120167825736 38011.880859375 16.875 2052.6191488567392 8423
stats: connect 27094 348.62581553817995 551.6353006375186 8134.947021484375 0.322998046875 127.745228482511 100565
stats: 200 24440 121759
stats: size_rcv 3304274 16639455
stats: newphase 6 30
stats: size_sent 3596850 16942505
stats: connected 793 3211
# stats: dump at 1338975505
stats: users 4977 5297
stats: {load,"os_mon@test2"} 1 0.9296875 0.0 1.5390625 0.9296875 1.1614583333333333 6
stats: {recvpackets,"os_mon@test3"} 1 10559.0 0.0 15854 3545 10333.8 5
stats: {sentpackets,"os_mon@test3"} 1 7735.0 0.0 10702 2455 6950.0 5
stats: {freemem,"os_mon@test2"} 1 1367.9375 0.0 1440.03125 1367.9375 1422.623046875 6
stats: {cpu,"os_mon@test3"} 1 58.716075156576196 0.0 59.49764521193093 3.5096642929806716 38.90003475324462 6
stats: {load,"os_mon@test4"} 1 1.30078125 0.0 1.62109375 1.26953125 1.41796875 6
stats: {freemem,"os_mon@test4"} 1 1317.9765625 0.0 1415.18359375 1317.9765625 1397.501953125 6
stats: {freemem,"os_mon@myserver"} 1 2768.359375 0.0 2790.44921875 2752.21484375 2775.7337239583335 6
stats: {recvpackets,"os_mon@test2"} 1 10549.0 0.0 15851 3581 10349.2 5
stats: {sentpackets,"os_mon@test2"} 1 7736.0 0.0 10703 2479 6960.2 5
stats: {load,"os_mon@test3"} 1 1.23828125 0.0 1.33984375 1.23046875 1.2779947916666667 6
stats: {cpu,"os_mon@test2"} 1 50.20661157024794 0.0 59.45106162610047 2.0875763747454172 35.310189823423606 6
stats: {freemem,"os_mon@test3"} 1 1314.8046875 0.0 1427.12890625 1314.8046875 1407.1276041666667 6
stats: {recvpackets,"os_mon@test4"} 1 10535.0 0.0 15877 3556 10346.2 5
stats: {sentpackets,"os_mon@test4"} 1 7723.0 0.0 10720 2461 6958.4 5
stats: {cpu,"os_mon@test4"} 1 54.74831344058121 0.0 56.01233299075026 2.620967741935484 33.177809532779044 6
stats: {load,"os_mon@myserver"} 1 3.859375 0.0 4.80078125 3.609375 3.9459635416666665 6
stats: {recvpackets,"os_mon@myserver"} 1 14489.0 0.0 15340 3685 10644.6 5
stats: {sentpackets,"os_mon@myserver"} 1 10535.0 0.0 10535 2550 7190.6 5
stats: {cpu,"os_mon@myserver"} 1 73.22644410278937 0.0 73.22644410278937 2.1888521252227027 46.758972877408915 6
stats: session 2461 12748.060834367696 5819.2831403228865 41132.419921875 18.23095703125 3741.383298190294 10742
stats: users_count 3257 18180
stats: finish_users_count 2461 13203
stats: request 27697 1392.6663846522392 2537.1289692829228 45185.842041015625 1.2509765625 482.49889346510395 124448
stats: page 2475 12677.800498540062 5675.894510155958 38011.880859375 16.875 3641.4962909493565 10610
stats: connect 27683 310.35333597002506 449.813596773885 15103.47607421875 0.322998046875 174.62432533965614 127659
stats: 200 26435 148194
stats: size_rcv 3486149 20125604
stats: newphase 6 36
stats: size_sent 3673859 20616364
stats: connected -15 3196
# stats: dump at 1338975515
stats: users 4755 5399
stats: {load,"os_mon@test2"} 1 0.94921875 0.0 1.5390625 0.9296875 1.1283482142857142 7
stats: {recvpackets,"os_mon@test3"} 1 14996.0 0.0 15854 3545 10371.333333333334 6
stats: {sentpackets,"os_mon@test3"} 1 10741.0 0.0 10741 2455 7080.833333333333 6
stats: {freemem,"os_mon@test2"} 1 1342.796875 0.0 1440.03125 1342.796875 1414.810825892857 7
stats: {cpu,"os_mon@test3"} 1 67.37441740031072 0.0 67.37441740031072 3.5096642929806716 41.73089766800627 7
stats: {load,"os_mon@test4"} 1 1.55859375 0.0 1.62109375 1.26953125 1.4012276785714286 7
stats: {freemem,"os_mon@test4"} 1 1291.4609375 0.0 1415.18359375 1291.4609375 1386.1411830357142 7
stats: {freemem,"os_mon@myserver"} 1 2766.3984375 0.0 2790.44921875 2752.21484375 2774.680245535714 7
stats: {recvpackets,"os_mon@test2"} 1 15020.0 0.0 15851 3581 10382.5 6
stats: {sentpackets,"os_mon@test2"} 1 10750.0 0.0 10750 2479 7089.5 6
stats: {load,"os_mon@test3"} 1 1.28125 0.0 1.33984375 1.23046875 1.2723214285714286 7
stats: {cpu,"os_mon@test2"} 1 57.56646216768916 0.0 59.45106162610047 2.0875763747454172 37.43825007296994 7
stats: {freemem,"os_mon@test3"} 1 1261.046875 0.0 1427.12890625 1261.046875 1393.9386160714287 7
stats: {recvpackets,"os_mon@test4"} 1 14974.0 0.0 15877 3556 10377.666666666666 6
stats: {sentpackets,"os_mon@test4"} 1 10722.0 0.0 10722 2461 7085.833333333333 6
stats: {cpu,"os_mon@test4"} 1 62.00514138817481 0.0 62.00514138817481 2.620967741935484 36.2593100910365 7
stats: {load,"os_mon@myserver"} 1 3.80859375 0.0 4.80078125 3.609375 3.93359375 7
stats: {recvpackets,"os_mon@myserver"} 1 15775.0 0.0 15775 3685 11285.333333333334 6
stats: {sentpackets,"os_mon@myserver"} 1 11525.0 0.0 11525 2550 7748.0 6
stats: {cpu,"os_mon@myserver"} 1 73.3597994149603 0.0 73.3597994149603 2.1888521252227027 50.54004019532041 7
stats: session 2735 14396.286047296333 7638.835608997645 63234.494140625 18.23095703125 5420.201249908281 13203
stats: users_count 2513 20693
stats: finish_users_count 2735 15938
stats: 200 26665 174859
stats: request 28026 1553.5999250260238 2895.076680813532 45185.842041015625 1.2509765625 648.188919449593 152145
stats: page 2721 14247.981143389241 7618.086943218378 63232.693115234375 16.875 5350.694068082486 13085
stats: connect 28729 285.1367774375695 514.0507189258042 31266.19091796875 0.322998046875 198.81215735727213 155342
stats: size_rcv 3614471 23740075
stats: newphase 5 41
stats: size_sent 3812019 24428383
stats: connected 702 3898
# stats: dump at 1338975525
stats: users 5381 5595
stats: {load,"os_mon@test2"} 1 0.87890625 0.0 1.5390625 0.87890625 1.10595703125 8
stats: {recvpackets,"os_mon@test3"} 1 11101.0 0.0 15854 3545 11032.0 7
stats: {sentpackets,"os_mon@test3"} 1 8451.0 0.0 10741 2455 7603.714285714285 7
stats: {freemem,"os_mon@test2"} 1 1330.9921875 0.0 1440.03125 1330.9921875 1405.80908203125 8
stats: {cpu,"os_mon@test3"} 1 65.94315245478036 0.0 67.37441740031072 3.5096642929806716 44.93633763454433 8
stats: {load,"os_mon@test4"} 1 1.55859375 0.0 1.62109375 1.26953125 1.4208984375 8
stats: {freemem,"os_mon@test4"} 1 1244.0234375 0.0 1415.18359375 1244.0234375 1374.30615234375 8
stats: {freemem,"os_mon@myserver"} 0 0 0 2790.44921875 2752.21484375 2773.64501953125 8
stats: {recvpackets,"os_mon@test2"} 1 11085.0 0.0 15851 3581 11045.0 7
stats: {sentpackets,"os_mon@test2"} 1 8441.0 0.0 10750 2479 7612.428571428572 7
stats: {load,"os_mon@test3"} 1 1.3203125 0.0 1.33984375 1.23046875 1.2734375 8
stats: {cpu,"os_mon@test2"} 1 49.234693877551024 0.0 59.45106162610047 2.0875763747454172 39.95427658480985 8
stats: {freemem,"os_mon@test3"} 1 1217.49609375 0.0 1427.12890625 1217.49609375 1377.3271484375 8
stats: {recvpackets,"os_mon@test4"} 1 11102.0 0.0 15877 3556 11034.285714285714 7
stats: {sentpackets,"os_mon@test4"} 1 8450.0 0.0 10722 2461 7605.285714285715 7
stats: {cpu,"os_mon@test4"} 1 66.83778234086243 0.0 66.83778234086243 2.620967741935484 39.477539003178784 8
stats: {load,"os_mon@myserver"} 0 0 0 4.80078125 3.609375 3.91796875 8
stats: {recvpackets,"os_mon@myserver"} 0 0 0 15775 3685 11926.714285714286 7
stats: {sentpackets,"os_mon@myserver"} 0 0 0 11525 2550 8287.57142857143 7
stats: {cpu,"os_mon@myserver"} 0 0 0 73.3597994149603 2.1888521252227027 53.3925100977754 8
stats: session 2609 16362.509465151448 9532.560356123991 70650.9951171875 18.23095703125 6960.519478096028 15938
stats: users_count 3235 23928
stats: finish_users_count 2609 18547
stats: request 28381 1724.675704096363 3597.3374036864434 52010.0380859375 1.2509765625 789.0276162558773 180171
stats: page 2646 16323.464920609089 9372.161294989677 70649.67919921875 16.875 6882.360405670091 15806
stats: connect 28503 310.79725679574807 450.9085805343848 31266.19091796875 0.322998046875 212.28532809186294 184071
stats: 200 26587 201446
stats: size_rcv 3531673 27271748
stats: newphase 6 47
stats: size_sent 3783717 28212100
stats: connected 122 4020
# stats: dump at 1338975535
stats: users 5621 5939
stats: {load,"os_mon@test2"} 1 1.12890625 0.0 1.5390625 0.87890625 1.0807291666666667 9
stats: {recvpackets,"os_mon@test3"} 1 13675.0 0.0 15854 3545 11040.625 8
stats: {sentpackets,"os_mon@test3"} 1 10105.0 0.0 10741 2455 7709.625 8
stats: {freemem,"os_mon@test2"} 1 1312.16796875 0.0 1440.03125 1312.16796875 1397.49609375 9
stats: {cpu,"os_mon@test3"} 1 62.870514820592824 0.0 67.37441740031072 3.5096642929806716 47.27042817012611 9
stats: {load,"os_mon@test4"} 1 1.48046875 0.0 1.62109375 1.26953125 1.4361979166666667 9
stats: {freemem,"os_mon@test4"} 1 1192.1796875 0.0 1415.18359375 1192.1796875 1359.830295138889 9
stats: {freemem,"os_mon@myserver"} 1 2766.09765625 0.0 2790.44921875 2752.21484375 2773.64501953125 8
stats: {recvpackets,"os_mon@test2"} 1 13654.0 0.0 15851 3581 11050.0 8
stats: {sentpackets,"os_mon@test2"} 1 10088.0 0.0 10750 2479 7716.0 8
stats: {load,"os_mon@test3"} 1 1.19921875 0.0 1.33984375 1.19921875 1.2786458333333333 9
stats: {cpu,"os_mon@test2"} 1 51.88391038696538 0.0 59.45106162610047 2.0875763747454172 40.98543406178109 9
stats: {freemem,"os_mon@test3"} 1 1173.65234375 0.0 1427.12890625 1173.65234375 1359.568142361111 9
stats: {recvpackets,"os_mon@test4"} 1 13674.0 0.0 15877 3556 11042.75 8
stats: {sentpackets,"os_mon@test4"} 1 10102.0 0.0 10722 2461 7710.875 8
stats: {cpu,"os_mon@test4"} 1 65.38860103626943 0.0 66.83778234086243 2.620967741935484 42.51756604069919 9
stats: {load,"os_mon@myserver"} 1 3.5390625 0.0 4.80078125 3.5390625 3.91796875 8
stats: {recvpackets,"os_mon@myserver"} 1 17542.0 0.0 17542 3685 11926.714285714286 7
stats: {sentpackets,"os_mon@myserver"} 1 12967.0 0.0 12967 2550 8287.57142857143 7
stats: {cpu,"os_mon@myserver"} 1 69.75673898750821 0.0 73.3597994149603 2.1888521252227027 53.3925100977754 8
stats: session 2586 16941.389113990466 10362.430253532233 70650.9951171875 18.23095703125 8283.094119613665 18547
stats: users_count 2826 26754
stats: finish_users_count 2586 21133
stats: request 25591 1803.646712116197 3617.0962982177107 57954.1279296875 1.2509765625 916.3561884153427 208552
stats: page 2564 16940.037083570678 10412.674525094022 70649.67919921875 16.875 8236.206197266047 18452
stats: connect 26079 324.47734390165414 502.9814657056641 31266.19091796875 0.322998046875 225.49430710080497 212574
stats: 200 23957 225403
stats: size_rcv 3217820 30489568
stats: newphase 5 52
stats: size_sent 3459359 31671459
stats: connected 486 4506
# stats: dump at 1338975545
stats: users 6683 6694
stats: {load,"os_mon@test2"} 1 1.03125 0.0 1.5390625 0.87890625 1.085546875 10
stats: {recvpackets,"os_mon@test3"} 1 14190.0 0.0 15854 3545 11333.333333333334 9
stats: {sentpackets,"os_mon@test3"} 1 10597.0 0.0 10741 2455 7975.777777777777 9
stats: {freemem,"os_mon@test2"} 1 1266.52734375 0.0 1440.03125 1266.52734375 1388.96328125 10
stats: {cpu,"os_mon@test3"} 1 54.559426229508205 0.0 67.37441740031072 3.5096642929806716 48.83043683517278 10
stats: {load,"os_mon@test4"} 1 1.48828125 0.0 1.62109375 1.26953125 1.440625 10
stats: {freemem,"os_mon@test4"} 1 1158.90625 0.0 1415.18359375 1158.90625 1343.065234375 10
stats: {freemem,"os_mon@myserver"} 1 2760.4453125 0.0 2790.44921875 2752.21484375 2772.8064236111113 9
stats: {recvpackets,"os_mon@test2"} 1 14184.0 0.0 15851 3581 11339.333333333334 9
stats: {sentpackets,"os_mon@test2"} 1 10571.0 0.0 10750 2479 7979.555555555556 9
stats: {load,"os_mon@test3"} 1 1.23828125 0.0 1.33984375 1.19921875 1.270703125 10
stats: {cpu,"os_mon@test2"} 1 64.98470948012233 0.0 64.98470948012233 2.0875763747454172 42.07528169429953 10
stats: {freemem,"os_mon@test3"} 1 1162.7109375 0.0 1427.12890625 1162.7109375 1340.9765625 10
stats: {recvpackets,"os_mon@test4"} 1 14190.0 0.0 15877 3556 11335.111111111111 9
stats: {sentpackets,"os_mon@test4"} 1 10592.0 0.0 10722 2461 7976.555555555556 9
stats: {cpu,"os_mon@test4"} 1 68.48390446521287 0.0 68.48390446521287 2.620967741935484 44.804669540256214 10
stats: {load,"os_mon@myserver"} 1 3.37890625 0.0 4.80078125 3.37890625 3.8758680555555554 9
stats: {recvpackets,"os_mon@myserver"} 1 15854.0 0.0 17542 3685 12628.625 8
stats: {sentpackets,"os_mon@myserver"} 1 11871.0 0.0 12967 2550 8872.5 8
stats: {cpu,"os_mon@myserver"} 1 72.57769652650823 0.0 73.3597994149603 2.1888521252227027 55.21075775219016 9
stats: session 2401 17986.163151217952 11597.220971391282 70650.9951171875 18.23095703125 9342.591155314152 21133
stats: users_count 3463 30217
stats: finish_users_count 2401 23534
stats: 200 26523 251926
stats: request 28053 1800.9645598722313 4174.315229177678 94643.7060546875 1.2509765625 1013.333897729858 234143
stats: page 2458 17839.142322562046 11499.576878619466 70649.67919921875 16.875 9298.093444719656 21016
stats: connect 28563 294.06444042349904 411.9375684139346 31266.19091796875 0.322998046875 236.31075867161843 238653
stats: size_rcv 3578648 34068216
stats: newphase 6 58
stats: size_sent 3791171 35462630
stats: connected 509 5015
# stats: dump at 1338975555
stats: users 7328 7520
stats: {load,"os_mon@test2"} 1 1.03125 0.0 1.5390625 0.87890625 1.0806107954545454 11
stats: {recvpackets,"os_mon@test3"} 1 14952.0 0.0 15854 3545 11619.0 10
stats: {sentpackets,"os_mon@test3"} 1 11060.0 0.0 11060 2455 8237.9 10
stats: {freemem,"os_mon@test2"} 1 1231.60546875 0.0 1440.03125 1231.60546875 1377.8327414772727 11
stats: {cpu,"os_mon@test3"} 1 53.88628064684403 0.0 67.37441740031072 3.5096642929806716 49.351254052839636 11
stats: {load,"os_mon@test4"} 1 1.328125 0.0 1.62109375 1.26953125 1.4449573863636365 11
stats: {freemem,"os_mon@test4"} 1 1096.29296875 0.0 1415.18359375 1096.29296875 1326.3235085227273 11
stats: {freemem,"os_mon@myserver"} 1 2752.34375 0.0 2790.44921875 2752.21484375 2771.5703125 10
stats: {recvpackets,"os_mon@test2"} 1 14936.0 0.0 15851 3581 11623.8 10
stats: {sentpackets,"os_mon@test2"} 1 11073.0 0.0 11073 2479 8238.7 10
stats: {load,"os_mon@test3"} 1 1.28125 0.0 1.33984375 1.19921875 1.2677556818181819 11
stats: {cpu,"os_mon@test2"} 1 66.0010240655402 0.0 66.0010240655402 2.0875763747454172 44.157956947556144 11
stats: {freemem,"os_mon@test3"} 1 1131.56640625 0.0 1427.12890625 1131.56640625 1324.770596590909 11
stats: {recvpackets,"os_mon@test4"} 1 14942.0 0.0 15877 3556 11620.6 10
stats: {sentpackets,"os_mon@test4"} 1 11062.0 0.0 11062 2461 8238.1 10
stats: {cpu,"os_mon@test4"} 1 71.86058431573552 0.0 71.86058431573552 2.620967741935484 46.95732726070682 11
stats: {load,"os_mon@myserver"} 1 3.23828125 0.0 4.80078125 3.23828125 3.826171875 10
stats: {recvpackets,"os_mon@myserver"} 1 16771.0 0.0 17542 3685 12987.0 9
stats: {sentpackets,"os_mon@myserver"} 1 12446.0 0.0 12967 2550 9205.666666666666 9
stats: {cpu,"os_mon@myserver"} 1 72.77911822768151 0.0 73.3597994149603 2.1888521252227027 56.947451629621966 10
stats: session 2397 19087.335865795787 12789.573044879771 98864.06787109375 18.23095703125 10224.43089195752 23534
stats: users_count 3042 33259
stats: finish_users_count 2397 25931
stats: request 27683 2098.4753498752198 4456.326347323149 94643.7060546875 1.2509765625 1097.6044547371348 262196
stats: page 2378 19216.285773582833 12793.525169087665 98862.60205078125 16.875 10192.440302593754 23474
stats: connect 27791 347.4543557881689 476.4514626387474 31266.19091796875 0.322998046875 242.4841106111691 267216
stats: 200 25786 277712
stats: size_rcv 3404424 37472640
stats: newphase 4 62
stats: size_sent 3688061 39150691
stats: connected 107 5122
# stats: dump at 1338975565
stats: users 6677 7520
stats: {load,"os_mon@test2"} 1 1.03125 0.0 1.5390625 0.87890625 1.0764973958333333 12
stats: {recvpackets,"os_mon@test3"} 1 15038.0 0.0 15854 3545 11922.0 11
stats: {sentpackets,"os_mon@test3"} 1 11292.0 0.0 11292 2455 8494.454545454546 11
stats: {freemem,"os_mon@test2"} 1 1200.6796875 0.0 1440.03125 1200.6796875 1365.6471354166667 12
stats: {cpu,"os_mon@test3"} 1 63.673890608875126 0.0 67.37441740031072 3.5096642929806716 49.72917293567334 12
stats: {load,"os_mon@test4"} 1 1.8203125 0.0 1.8203125 1.26953125 1.4352213541666667 12
stats: {freemem,"os_mon@test4"} 1 1040.41796875 0.0 1415.18359375 1040.41796875 1307.154296875 12
stats: {freemem,"os_mon@myserver"} 1 2748.0625 0.0 2790.44921875 2748.0625 2769.822443181818 11
stats: {recvpackets,"os_mon@test2"} 1 15028.0 0.0 15851 3581 11924.90909090909 11
stats: {sentpackets,"os_mon@test2"} 1 11291.0 0.0 11291 2479 8496.363636363636 11
stats: {load,"os_mon@test3"} 1 1.390625 0.0 1.390625 1.19921875 1.2688802083333333 12
stats: {cpu,"os_mon@test2"} 1 60.184237461617194 0.0 66.0010240655402 2.0875763747454172 45.97821254072148 12
stats: {freemem,"os_mon@test3"} 1 1069.5625 0.0 1427.12890625 1069.5625 1308.6702473958333 12
stats: {recvpackets,"os_mon@test4"} 1 15038.0 0.0 15877 3556 11922.545454545454 11
stats: {sentpackets,"os_mon@test4"} 1 11293.0 0.0 11293 2461 8494.818181818182 11
stats: {cpu,"os_mon@test4"} 1 74.1636644364385 0.0 74.1636644364385 2.620967741935484 49.03259868195921 12
stats: {load,"os_mon@myserver"} 1 3.44921875 0.0 4.80078125 3.23828125 3.772727272727273 11
stats: {recvpackets,"os_mon@myserver"} 1 16679.0 0.0 17542 3685 13365.4 10
stats: {sentpackets,"os_mon@myserver"} 1 12844.0 0.0 12967 2550 9529.7 10
stats: {cpu,"os_mon@myserver"} 1 73.33488588728459 0.0 73.3597994149603 2.1888521252227027 58.38669404762738 11
stats: session 2852 20202.773080534163 13377.817175107735 98864.06787109375 18.23095703125 11043.696759925986 25931
stats: users_count 2201 35460
stats: finish_users_count 2852 28783
stats: request 27480 2186.8634306573053 4922.453232096724 94643.7060546875 1.2509765625 1193.1860904889747 289879
stats: page 2849 20042.275243317952 13317.777453700817 98862.60205078125 16.875 11022.500047681639 25852
stats: connect 27774 287.3161391404363 545.4117030182863 31266.19091796875 0.322998046875 252.37278472301728 295007
stats: 200 25665 303377
stats: size_rcv 3443786 40916426
stats: newphase 6 68
stats: size_sent 3685586 42836277
stats: connected 294 5416
# stats: dump at 1338975575
stats: users 7953 8011
stats: {load,"os_mon@test2"} 1 1.25 0.0 1.5390625 0.87890625 1.0730168269230769 13
stats: {recvpackets,"os_mon@test3"} 1 13810.0 0.0 15854 3545 12181.666666666666 12
stats: {sentpackets,"os_mon@test3"} 1 10809.0 0.0 11292 2455 8727.583333333334 12
stats: {freemem,"os_mon@test2"} 1 1164.26171875 0.0 1440.03125 1164.26171875 1352.9573317307693 13
stats: {cpu,"os_mon@test3"} 1 66.33766233766234 0.0 67.37441740031072 3.5096642929806716 50.80184352591963 13
stats: {load,"os_mon@test4"} 1 1.98828125 0.0 1.98828125 1.26953125 1.46484375 13
stats: {freemem,"os_mon@test4"} 1 1000.109375 0.0 1415.18359375 1000.109375 1286.6361177884614 13
stats: {freemem,"os_mon@myserver"} 1 2743.265625 0.0 2790.44921875 2743.265625 2768.0091145833335 12
stats: {recvpackets,"os_mon@test2"} 1 13930.0 0.0 15851 3581 12183.5 12
stats: {sentpackets,"os_mon@test2"} 1 10896.0 0.0 11291 2479 8729.25 12
stats: {load,"os_mon@test3"} 1 1.328125 0.0 1.390625 1.19921875 1.2782451923076923 13
stats: {cpu,"os_mon@test2"} 1 62.44251405212059 0.0 66.0010240655402 2.0875763747454172 47.070983688482684 13
stats: {freemem,"os_mon@test3"} 1 1029.6953125 0.0 1427.12890625 1029.6953125 1290.27734375 13
stats: {recvpackets,"os_mon@test4"} 1 13838.0 0.0 15877 3556 12182.166666666666 12
stats: {sentpackets,"os_mon@test4"} 1 10830.0 0.0 11293 2461 8728.0 12
stats: {cpu,"os_mon@test4"} 1 63.089683773976155 0.0 74.1636644364385 2.620967741935484 50.96575758614992 13
stats: {load,"os_mon@myserver"} 1 3.19140625 0.0 4.80078125 3.19140625 3.7457682291666665 12
stats: {recvpackets,"os_mon@myserver"} 1 16161.0 0.0 17542 3685 13666.636363636364 11
stats: {sentpackets,"os_mon@myserver"} 1 12440.0 0.0 12967 2550 9831.0 11
stats: {cpu,"os_mon@myserver"} 1 72.2609561752988 0.0 73.3597994149603 2.1888521252227027 59.63237670093215 12
stats: session 2466 22068.939628062733 15500.69352224935 98864.06787109375 18.23095703125 11951.235434364873 28783
stats: users_count 3742 39202
stats: finish_users_count 2466 31249
stats: 200 25837 329214
stats: request 26615 2240.931898369261 5898.687358952513 94643.7060546875 1.2509765625 1279.228248763439 317359
stats: page 2506 21955.342308147945 15376.048387177256 98862.60205078125 16.875 11917.846534994549 28701
stats: connect 27801 253.56644784023086 425.9856814064688 31266.19091796875 0.322998046875 255.3795190896293 322781
stats: size_rcv 3426483 44342909
stats: newphase 6 74
stats: size_sent 3690432 46526709
stats: connected 1185 6601
# stats: dump at 1338975585
stats: users 8515 8913
stats: {load,"os_mon@test2"} 1 1.12890625 0.0 1.5390625 0.87890625 1.0856584821428572 14
stats: {recvpackets,"os_mon@test3"} 1 16270.0 0.0 16270 3545 12306.923076923076 13
stats: {sentpackets,"os_mon@test3"} 1 12481.0 0.0 12481 2455 8887.692307692309 13
stats: {freemem,"os_mon@test2"} 1 1118.61328125 0.0 1440.03125 1118.61328125 1339.4790736607142 14
stats: {cpu,"os_mon@test3"} 1 62.64690853346959 0.0 67.37441740031072 3.5096642929806716 51.91154486961553 14
stats: {load,"os_mon@test4"} 1 2.44140625 0.0 2.44140625 1.26953125 1.5022321428571428 14
stats: {freemem,"os_mon@test4"} 1 938.5546875 0.0 1415.18359375 938.5546875 1266.169921875 14
stats: {freemem,"os_mon@myserver"} 1 2731.05859375 0.0 2790.44921875 2731.05859375 2766.105769230769 13
stats: {recvpackets,"os_mon@test2"} 1 16154.0 0.0 16154 3581 12317.846153846154 13
stats: {sentpackets,"os_mon@test2"} 1 12385.0 0.0 12385 2479 8895.923076923076 13
stats: {load,"os_mon@test3"} 1 1.28125 0.0 1.390625 1.19921875 1.2818080357142858 14
stats: {cpu,"os_mon@test2"} 1 61.93181818181818 0.0 66.0010240655402 2.0875763747454172 48.168950143028255 14
stats: {freemem,"os_mon@test3"} 1 968.0 0.0 1427.12890625 968.0 1271.664341517857 14
stats: {recvpackets,"os_mon@test4"} 1 16170.0 0.0 16170 3556 12309.538461538461 13
stats: {sentpackets,"os_mon@test4"} 1 12406.0 0.0 12406 2461 8889.692307692309 13
stats: {cpu,"os_mon@test4"} 1 69.26652892561982 0.0 74.1636644364385 2.620967741935484 51.831752313851794 14
stats: {load,"os_mon@myserver"} 1 3.46875 0.0 4.80078125 3.19140625 3.703125 13
stats: {recvpackets,"os_mon@myserver"} 1 19138.0 0.0 19138 3685 13874.5 12
stats: {sentpackets,"os_mon@myserver"} 1 14486.0 0.0 14486 2550 10048.416666666666 12
stats: {cpu,"os_mon@myserver"} 1 72.31225747546223 0.0 73.3597994149603 2.1888521252227027 60.603805891268046 13
stats: session 2316 23360.05685208703 16556.584654884624 100194.06591796875 18.23095703125 12749.6692575803 31249
stats: users_count 2878 42080
stats: finish_users_count 2316 33565
stats: 200 26461 355675
stats: request 28500 2538.327639057356 5790.825261406386 95411.7080078125 1.2509765625 1353.6401015030617 343974
stats: page 2286 23572.140259643427 16633.18491783434 100192.59814453125 16.875 12723.882501525211 31207
stats: connect 28575 346.44261087359143 493.8616500848477 31266.19091796875 0.322998046875 255.23574332873878 350582
stats: size_rcv 3433050 47775959
stats: newphase 4 78
stats: size_sent 3792117 50318826
stats: connected 75 6676
# stats: dump at 1338975595
stats: users 8503 8922
stats: {load,"os_mon@test2"} 1 0.9609375 0.0 1.5390625 0.87890625 1.0885416666666667 15
stats: {recvpackets,"os_mon@test3"} 1 15669.0 0.0 16270 3545 12590.0 14
stats: {sentpackets,"os_mon@test3"} 1 12144.0 0.0 12481 2455 9144.357142857143 14
stats: {freemem,"os_mon@test2"} 1 1067.76953125 0.0 1440.03125 1067.76953125 1324.7546875 15
stats: {cpu,"os_mon@test3"} 1 65.49259826442062 0.0 67.37441740031072 3.5096642929806716 52.627235780539145 15
stats: {load,"os_mon@test4"} 1 2.44921875 0.0 2.44921875 1.26953125 1.56484375 15
stats: {freemem,"os_mon@test4"} 1 867.5234375 0.0 1415.18359375 867.5234375 1244.32890625 15
stats: {freemem,"os_mon@myserver"} 1 2726.01953125 0.0 2790.44921875 2726.01953125 2763.6023995535716 14
stats: {recvpackets,"os_mon@test2"} 1 15654.0 0.0 16154 3581 12591.857142857143 14
stats: {sentpackets,"os_mon@test2"} 1 12134.0 0.0 12385 2479 9145.142857142857 14
stats: {load,"os_mon@test3"} 1 1.5390625 0.0 1.5390625 1.19921875 1.2817708333333333 15
stats: {cpu,"os_mon@test2"} 1 66.32443531827515 0.0 66.32443531827515 2.0875763747454172 49.086474678947575 15
stats: {freemem,"os_mon@test3"} 1 929.03515625 0.0 1427.12890625 929.03515625 1251.4200520833333 15
stats: {recvpackets,"os_mon@test4"} 1 15682.0 0.0 16170 3556 12585.285714285714 14
stats: {sentpackets,"os_mon@test4"} 1 12156.0 0.0 12406 2461 9140.857142857143 14
stats: {cpu,"os_mon@test4"} 1 72.91773122125701 0.0 74.1636644364385 2.620967741935484 52.99407075463633 15
stats: {load,"os_mon@myserver"} 1 3.390625 0.0 4.80078125 3.19140625 3.6863839285714284 14
stats: {recvpackets,"os_mon@myserver"} 1 17157.0 0.0 19138 3685 14279.384615384615 13
stats: {sentpackets,"os_mon@myserver"} 1 13345.0 0.0 14486 2550 10389.76923076923 13
stats: {cpu,"os_mon@myserver"} 1 72.70276342394968 0.0 73.3597994149603 2.1888521252227027 61.440123861567635 14
stats: session 2746 24129.009076234455 16937.61165402122 107971.2529296875 18.23095703125 13481.790743320731 33565
stats: users_count 2734 44814
stats: finish_users_count 2746 36311
stats: request 27919 2560.759829897851 5879.334171124992 95411.7080078125 1.2509765625 1444.2869515390305 372474
stats: page 2745 24059.075424778057 16954.991692939 107969.63110351563 16.875 13464.309373858483 33493
stats: connect 27594 348.8070534450854 586.6276255404398 31266.19091796875 0.322998046875 262.10950865575154 379157
stats: 200 26013 381688
stats: size_rcv 3473117 51249076
stats: newphase 4 82
stats: size_sent 3661374 53980200
stats: connected -325 6351
# stats: dump at 1338975605
stats: users 8584 9118
stats: {load,"os_mon@test2"} 1 1.05078125 0.0 1.5390625 0.87890625 1.08056640625 16
stats: {recvpackets,"os_mon@test3"} 1 15742.0 0.0 16270 3545 12795.266666666666 15
stats: {sentpackets,"os_mon@test3"} 1 12260.0 0.0 12481 2455 9344.333333333334 15
stats: {freemem,"os_mon@test2"} 1 1045.63671875 0.0 1440.03125 1045.63671875 1308.693115234375 16
stats: {cpu,"os_mon@test3"} 1 67.75193798449612 0.0 67.75193798449612 3.5096642929806716 53.431320935781734 16
stats: {load,"os_mon@test4"} 1 2.37890625 0.0 2.44921875 1.26953125 1.6201171875 16
stats: {freemem,"os_mon@test4"} 1 813.09765625 0.0 1415.18359375 813.09765625 1220.778564453125 16
stats: {freemem,"os_mon@myserver"} 0 0 0 2790.44921875 2726.01953125 2761.096875 15
stats: {recvpackets,"os_mon@test2"} 1 15728.0 0.0 16154 3581 12796.0 15
stats: {sentpackets,"os_mon@test2"} 1 12256.0 0.0 12385 2479 9344.4 15
stats: {load,"os_mon@test3"} 1 1.75 0.0 1.75 1.19921875 1.2978515625 16
stats: {cpu,"os_mon@test2"} 1 60.675883256528415 0.0 66.32443531827515 2.0875763747454172 50.16384721890555 16
stats: {freemem,"os_mon@test3"} 1 880.140625 0.0 1427.12890625 880.140625 1231.27099609375 16
stats: {recvpackets,"os_mon@test4"} 1 15742.0 0.0 16170 3556 12791.733333333334 15
stats: {sentpackets,"os_mon@test4"} 1 12255.0 0.0 12406 2461 9341.866666666667 15
stats: {cpu,"os_mon@test4"} 1 70.14462809917356 0.0 74.1636644364385 2.620967741935484 54.23929953380012 16
stats: {load,"os_mon@myserver"} 0 0 0 4.80078125 3.19140625 3.6666666666666665 15
stats: {recvpackets,"os_mon@myserver"} 0 0 0 19138 3685 14484.92857142857 14
stats: {sentpackets,"os_mon@myserver"} 0 0 0 14486 2550 10600.857142857143 14
stats: {cpu,"os_mon@myserver"} 0 0 0 73.3597994149603 2.1888521252227027 62.19096649905977 15
stats: session 2763 26373.26888886765 18050.00518309754 115236.587890625 18.23095703125 14286.980948552784 36311
stats: users_count 2844 47658
stats: finish_users_count 2763 39074
stats: request 27725 2713.9698667507073 6527.847587318026 113347.65405273438 1.2509765625 1522.137479122929 400393
stats: page 2757 26306.170740104735 17986.71458794423 115235.0 16.875 14266.85456977918 36238
stats: connect 28833 307.7417321823471 481.4715850240063 31266.19091796875 0.322998046875 267.9910726861212 406751
stats: 200 26117 407805
stats: size_rcv 3484363 54733439
stats: newphase 6 88
stats: size_sent 3828315 57808515
stats: connected 1108 7459
# stats: dump at 1338975615
stats: users 8824 9118
stats: {load,"os_mon@test2"} 1 1.0390625 0.0 1.5390625 0.87890625 1.0788143382352942 17
stats: {recvpackets,"os_mon@test3"} 1 15240.0 0.0 16270 3545 12979.4375 16
stats: {sentpackets,"os_mon@test3"} 1 12042.0 0.0 12481 2455 9526.5625 16
stats: {freemem,"os_mon@test2"} 1 1041.57421875 0.0 1440.03125 1041.57421875 1293.2192095588234 17
stats: {cpu,"os_mon@test3"} 1 77.91411042944786 0.0 77.91411042944786 3.5096642929806716 54.2737101739414 17
stats: {load,"os_mon@test4"} 1 2.48828125 0.0 2.48828125 1.26953125 1.6647518382352942 17
stats: {freemem,"os_mon@test4"} 1 764.46875 0.0 1415.18359375 764.46875 1196.7973345588234 17
stats: {freemem,"os_mon@myserver"} 1 2717.23828125 0.0 2790.44921875 2717.23828125 2761.096875 15
stats: {recvpackets,"os_mon@test2"} 1 15336.0 0.0 16154 3581 12979.25 16
stats: {sentpackets,"os_mon@test2"} 1 12115.0 0.0 12385 2479 9526.375 16
stats: {load,"os_mon@test3"} 1 1.9296875 0.0 1.9296875 1.19921875 1.3244485294117647 17
stats: {cpu,"os_mon@test2"} 1 43.50282485875706 0.0 66.32443531827515 2.0875763747454172 50.78220227994219 17
stats: {freemem,"os_mon@test3"} 1 804.94140625 0.0 1427.12890625 804.94140625 1210.616268382353 17
stats: {recvpackets,"os_mon@test4"} 1 15228.0 0.0 16170 3556 12976.125 16
stats: {sentpackets,"os_mon@test4"} 1 12033.0 0.0 12406 2461 9523.9375 16
stats: {cpu,"os_mon@test4"} 1 71.486969851814 0.0 74.1636644364385 2.620967741935484 55.17490709646915 17
stats: {load,"os_mon@myserver"} 1 3.55078125 0.0 4.80078125 3.19140625 3.6666666666666665 15
stats: {recvpackets,"os_mon@myserver"} 1 18243.0 0.0 19138 3685 14484.92857142857 14
stats: {sentpackets,"os_mon@myserver"} 1 14558.0 0.0 14558 2550 10600.857142857143 14
stats: {cpu,"os_mon@myserver"} 1 72.51086731525564 0.0 73.3597994149603 2.1888521252227027 62.19096649905977 15
stats: session 2791 27218.20762205108 20134.45843277932 129912.46313476563 18.23095703125 15141.626328577608 39074
stats: users_count 3031 50689
stats: finish_users_count 2791 41865
stats: request 28080 2932.663208755521 7482.509555428664 113927.74584960938 1.2509765625 1599.32076257978 428118
stats: page 2809 27173.954711349113 20111.463597034915 129910.62817382813 16.875 15118.05074061102 38995
stats: connect 27249 309.7799810403757 481.631985655921 31266.19091796875 0.322998046875 270.62232352466134 435584
stats: 200 25969 433774
stats: size_rcv 3431288 58164727
stats: newphase 4 92
stats: size_sent 3615520 61424035
stats: connected -832 6627
# stats: dump at 1338975625
stats: users 9661 9720
stats: {load,"os_mon@test2"} 1 1.109375 0.0 1.5390625 0.87890625 1.0766059027777777 18
stats: {recvpackets,"os_mon@test3"} 1 16436.0 0.0 16436 3545 13112.411764705883 17
stats: {sentpackets,"os_mon@test3"} 1 13185.0 0.0 13185 2455 9674.529411764706 17
stats: {freemem,"os_mon@test2"} 1 1014.0 0.0 1440.03125 1014.0 1279.2389322916667 18
stats: {cpu,"os_mon@test3"} 1 68.54508196721312 0.0 77.91411042944786 3.5096642929806716 55.58706574369176 18
stats: {load,"os_mon@test4"} 1 2.62109375 0.0 2.62109375 1.26953125 1.7105034722222223 18
stats: {freemem,"os_mon@test4"} 1 708.2578125 0.0 1415.18359375 708.2578125 1172.779079861111 18
stats: {freemem,"os_mon@myserver"} 1 2714.3203125 0.0 2790.44921875 2714.3203125 2758.355712890625 16
stats: {recvpackets,"os_mon@test2"} 1 16397.0 0.0 16397 3581 13117.882352941177 17
stats: {sentpackets,"os_mon@test2"} 1 13161.0 0.0 13161 2479 9678.64705882353 17
stats: {load,"os_mon@test3"} 1 2.1015625 0.0 2.1015625 1.19921875 1.3580729166666667 18
stats: {cpu,"os_mon@test2"} 1 54.471129279509455 0.0 66.32443531827515 2.0875763747454172 50.377792423209684 18
stats: {freemem,"os_mon@test3"} 1 759.75 0.0 1427.12890625 759.75 1188.0787760416667 18
stats: {recvpackets,"os_mon@test4"} 1 16456.0 0.0 16456 3556 13108.588235294117 17
stats: {sentpackets,"os_mon@test4"} 1 13205.0 0.0 13205 2461 9671.529411764706 17
stats: {cpu,"os_mon@test4"} 1 75.25667351129364 0.0 75.25667351129364 2.620967741935484 56.08113280509942 18
stats: {load,"os_mon@myserver"} 1 3.8515625 0.0 4.80078125 3.19140625 3.659423828125 16
stats: {recvpackets,"os_mon@myserver"} 1 18044.0 0.0 19138 3685 14735.466666666667 15
stats: {sentpackets,"os_mon@myserver"} 1 14467.0 0.0 14558 2550 10864.666666666666 15
stats: {cpu,"os_mon@myserver"} 1 73.1142643764003 0.0 73.3597994149603 2.1888521252227027 62.83596030007201 16
stats: session 2559 28043.791995335832 20713.77363081858 132677.51489257813 18.23095703125 15946.731748142505 41865
stats: users_count 3396 54085
stats: finish_users_count 2559 44424
stats: request 28184 2749.0482082014937 7142.679357763113 117135.30883789063 1.2509765625 1681.3909511571408 456198
stats: page 2541 27968.258120438084 20615.818921308895 132675.09692382813 16.875 15928.14150354766 41804
stats: connect 29372 367.16185886736895 520.0514849621571 31266.19091796875 0.322998046875 272.92770583241753 462833
stats: 200 26061 459835
stats: size_rcv 3486716 61651443
stats: newphase 6 98
stats: size_sent 3896436 65320471
stats: connected 1188 7815
# stats: dump at 1338975635
stats: users 9485 9826
stats: {load,"os_mon@test2"} 1 1.3203125 0.0 1.5390625 0.87890625 1.078330592105263 19
stats: {recvpackets,"os_mon@test3"} 1 17924.0 0.0 17924 3545 13297.055555555555 18
stats: {sentpackets,"os_mon@test3"} 1 14123.0 0.0 14123 2455 9869.555555555555 18
stats: {freemem,"os_mon@test2"} 1 979.09765625 0.0 1440.03125 979.09765625 1265.278988486842 19
stats: {cpu,"os_mon@test3"} 1 80.32619775739042 0.0 80.32619775739042 3.5096642929806716 56.2690665975613 19
stats: {load,"os_mon@test4"} 1 2.37890625 0.0 2.62109375 1.26953125 1.7584292763157894 19
stats: {freemem,"os_mon@test4"} 1 664.65234375 0.0 1415.18359375 664.65234375 1148.3305921052631 19
stats: {freemem,"os_mon@myserver"} 1 2700.84375 0.0 2790.44921875 2700.84375 2755.7653952205883 17
stats: {recvpackets,"os_mon@test2"} 1 17948.0 0.0 17948 3581 13300.055555555555 18
stats: {sentpackets,"os_mon@test2"} 1 14131.0 0.0 14131 2479 9872.111111111111 18
stats: {load,"os_mon@test3"} 1 2.01171875 0.0 2.1015625 1.19921875 1.397203947368421 19
stats: {cpu,"os_mon@test2"} 1 59.93836671802774 0.0 66.32443531827515 2.0875763747454172 50.5932312051202 19
stats: {freemem,"os_mon@test3"} 1 673.53125 0.0 1427.12890625 673.53125 1165.53515625 19
stats: {recvpackets,"os_mon@test4"} 1 17911.0 0.0 17911 3556 13294.555555555555 18
stats: {sentpackets,"os_mon@test4"} 1 14110.0 0.0 14110 2461 9867.833333333334 18
stats: {cpu,"os_mon@test4"} 1 63.49869451697128 0.0 75.25667351129364 2.620967741935484 57.09037178963595 19
stats: {load,"os_mon@myserver"} 1 4.01953125 0.0 4.80078125 3.19140625 3.6707261029411766 17
stats: {recvpackets,"os_mon@myserver"} 1 19666.0 0.0 19666 3685 14942.25 16
stats: {sentpackets,"os_mon@myserver"} 1 15420.0 0.0 15420 2550 11089.8125 16
stats: {cpu,"os_mon@myserver"} 1 73.22462990774513 0.0 73.3597994149603 2.1888521252227027 63.44056642220897 17
stats: session 2652 28472.342372888557 22212.03022242345 156724.01879882813 18.23095703125 16643.570780480153 44424
stats: users_count 2476 56561
stats: finish_users_count 2652 47076
stats: request 26960 2819.102930267092 7561.284267632898 133360.46411132813 1.2509765625 1743.5131029557997 484382
stats: page 2669 28464.978574899316 22233.491296042906 156722.71411132813 16.875 16618.048738264508 44345
stats: connect 27383 284.8882962445448 525.2216485335983 31266.19091796875 0.322998046875 278.5510650891147 492205
stats: 200 25143 484978
stats: size_rcv 3396122 65047565
stats: newphase 6 104
stats: size_sent 3632029 68952500
stats: connected 423 8238
# stats: dump at 1338975636
stats: users 9353 9826
stats: {load,"os_mon@test2"} 0 0 0 1.5390625 0.87890625 1.0904296875 20
stats: {recvpackets,"os_mon@test3"} 0 0 0 17924 3545 13540.578947368422 19
stats: {sentpackets,"os_mon@test3"} 0 0 0 14123 2455 10093.421052631578 19
stats: {freemem,"os_mon@test2"} 0 0 0 1440.03125 979.09765625 1250.969921875 20
stats: {cpu,"os_mon@test3"} 0 0 0 80.32619775739042 3.5096642929806716 57.47192315555276 20
stats: {load,"os_mon@test4"} 0 0 0 2.62109375 1.26953125 1.789453125 20
stats: {freemem,"os_mon@test4"} 0 0 0 1415.18359375 664.65234375 1124.1466796875 20
stats: {freemem,"os_mon@myserver"} 0 0 0 2790.44921875 2700.84375 2752.7141927083335 18
stats: {recvpackets,"os_mon@test2"} 0 0 0 17948 3581 13544.684210526315 19
stats: {sentpackets,"os_mon@test2"} 0 0 0 14131 2479 10096.263157894737 19
stats: {load,"os_mon@test3"} 0 0 0 2.1015625 1.19921875 1.4279296875 20
stats: {cpu,"os_mon@test2"} 0 0 0 66.32443531827515 2.0875763747454172 51.06048798076557 20
stats: {freemem,"os_mon@test3"} 0 0 0 1427.12890625 673.53125 1140.9349609375 20
stats: {recvpackets,"os_mon@test4"} 0 0 0 17911 3556 13537.526315789473 19
stats: {sentpackets,"os_mon@test4"} 0 0 0 14110 2461 10091.105263157895 19
stats: {cpu,"os_mon@test4"} 0 0 0 75.25667351129364 2.620967741935484 57.41078792600272 20
stats: {load,"os_mon@myserver"} 0 0 0 4.80078125 3.19140625 3.6901041666666665 18
stats: {recvpackets,"os_mon@myserver"} 0 0 0 19666 3685 15220.117647058823 17
stats: {sentpackets,"os_mon@myserver"} 0 0 0 15420 2550 11344.529411764706 17
stats: {cpu,"os_mon@myserver"} 0 0 0 73.3597994149603 2.1888521252227027 63.98412550473875 18
stats: session 135 31695.745323350693 25802.29637081454 156724.01879882813 18.23095703125 17309.93797954267 47076
stats: users_count 3 56564
stats: finish_users_count 135 47211
stats: request 1682 2686.212416568362 7695.179870381281 133360.46411132813 1.2509765625 1800.2225102493771 511342
stats: page 135 30050.498659939232 22870.313273905325 156722.71411132813 16.875 17290.60278033662 47014
stats: connect 1707 344.7631731530553 477.0501472683033 31266.19091796875 0.322998046875 278.88504585989676 519588
stats: 200 1645 486623
stats: size_rcv 213939 65261504
stats: newphase 0 104
stats: size_sent 226505 69179005
stats: connected 25 8263
stats: error_abort 1 1
EndMonitor:{1338,975636,82794}
