# stats: dump at 1338995752
stats: users 0 0
stats: {freemem,"os_mon@myserver"} 1 1095.140625 0 1095.140625 1095.140625 0 0
stats: {load,"os_mon@myserver"} 1 3.12890625 0 3.12890625 3.12890625 0 0
stats: {cpu,"os_mon@myserver"} 1 31.72721503014792 0 31.72721503014792 31.72721503014792 0 0
# stats: dump at 1338995762
stats: users 0 7
stats: {load,"os_mon@test2"} 1 1.73046875 0 1.73046875 1.73046875 0 0
stats: {freemem,"os_mon@test2"} 1 1428.21484375 0 1428.21484375 1428.21484375 0 0
stats: {cpu,"os_mon@test3"} 1 2.4120603015075375 0 2.4120603015075375 2.4120603015075375 0 0
stats: {load,"os_mon@test4"} 1 0.8203125 0 0.8203125 0.8203125 0 0
stats: {freemem,"os_mon@test4"} 1 1581.234375 0 1581.234375 1581.234375 0 0
stats: {freemem,"os_mon@myserver"} 1 1109.79296875 0.0 1109.79296875 1095.140625 1095.140625 1
stats: {load,"os_mon@test3"} 1 0.98046875 0 0.98046875 0.98046875 0 0
stats: {cpu,"os_mon@test2"} 1 3.4308779011099895 0 3.4308779011099895 3.4308779011099895 0 0
stats: {freemem,"os_mon@test3"} 1 1413.15625 0 1413.15625 1413.15625 0 0
stats: {load,"os_mon@myserver"} 1 2.640625 0.0 3.12890625 2.640625 3.12890625 1
stats: {recvpackets,"os_mon@myserver"} 1 750 0 750 750 0 0
stats: {sentpackets,"os_mon@myserver"} 1 544 0 544 544 0 0
stats: {cpu,"os_mon@test4"} 1 2.0080321285140563 0 2.0080321285140563 2.0080321285140563 0 0
stats: {cpu,"os_mon@myserver"} 1 2.094901564866229 0.0 31.72721503014792 2.094901564866229 31.72721503014792 1
stats: session 894 13.111510274660931 4.584990715850721 80.133056640625 9.128173828125 0 0
stats: users_count 894 894
stats: finish_users_count 894 894
stats: 200 8768 8768
stats: request 8768 1.025544465893374 0.9326674866799267 47.260009765625 0.22607421875 0 0
stats: page 876 10.812907737139694 4.379173899952813 77.958984375 7.787841796875 0 0
stats: connect 877 1.223864704336515 1.368642346354275 32.879150390625 0.533203125 0 0
stats: size_rcv 946944 946944
stats: size_sent 1162259 1162259
stats: connected 1 1
# stats: dump at 1338995772
stats: users 4 11
stats: {load,"os_mon@test2"} 1 1.4609375 0.0 1.73046875 1.4609375 1.73046875 1
stats: {recvpackets,"os_mon@test3"} 1 4689 0 4689 4689 0 0
stats: {sentpackets,"os_mon@test3"} 1 3165 0 3165 3165 0 0
stats: {freemem,"os_mon@test2"} 1 1427.921875 0.0 1428.21484375 1427.921875 1428.21484375 1
stats: {cpu,"os_mon@test3"} 1 7.6765609007164795 0.0 7.6765609007164795 2.4120603015075375 2.4120603015075375 1
stats: {load,"os_mon@test4"} 1 0.69140625 0.0 0.8203125 0.69140625 0.8203125 1
stats: {freemem,"os_mon@test4"} 1 1580.5078125 0.0 1581.234375 1580.5078125 1581.234375 1
stats: {freemem,"os_mon@myserver"} 1 1119.203125 0.0 1119.203125 1095.140625 1102.466796875 2
stats: {recvpackets,"os_mon@test2"} 1 4716 0 4716 4716 0 0
stats: {sentpackets,"os_mon@test2"} 1 3188 0 3188 3188 0 0
stats: {load,"os_mon@test3"} 1 0.91015625 0.0 0.98046875 0.91015625 0.98046875 1
stats: {cpu,"os_mon@test2"} 1 9.616368286445013 0.0 9.616368286445013 3.4308779011099895 3.4308779011099895 1
stats: {freemem,"os_mon@test3"} 1 1412.6796875 0.0 1413.15625 1412.6796875 1413.15625 1
stats: {recvpackets,"os_mon@test4"} 1 4696 0 4696 4696 0 0
stats: {sentpackets,"os_mon@test4"} 1 3173 0 3173 3173 0 0
stats: {load,"os_mon@myserver"} 1 2.23828125 0.0 3.12890625 2.23828125 2.884765625 2
stats: {recvpackets,"os_mon@myserver"} 1 4777.0 0.0 4777 750 750.0 1
stats: {sentpackets,"os_mon@myserver"} 1 3226.0 0.0 3226 544 544.0 1
stats: {cpu,"os_mon@test4"} 1 6.711065573770492 0.0 6.711065573770492 2.0080321285140563 2.0080321285140563 1
stats: {cpu,"os_mon@myserver"} 1 14.632316158079039 0.0 31.72721503014792 2.094901564866229 16.911058297507076 2
stats: session 1767 13.102783617625212 2.655038964882653 80.133056640625 9.128173828125 13.111510274660931 894
stats: users_count 1771 2665
stats: finish_users_count 1767 2661
stats: request 17459 1.0495255178203244 0.6230029241867835 47.260009765625 0.217041015625 1.025544465893374 8768
stats: page 1746 11.04176147041451 2.4471460278819324 77.958984375 7.787841796875 10.812907737139694 876
stats: connect 1747 1.1214323606092547 0.6769943873475884 32.879150390625 0.490966796875 1.223864704336515 877
stats: 200 17459 26227
stats: size_rcv 1885572 2832516
stats: newphase 6 6
stats: size_sent 2320540 3482799
stats: connected 1 2
# stats: dump at 1338995782
stats: users 2 13
stats: {load,"os_mon@test2"} 1 1.30859375 0.0 1.73046875 1.30859375 1.595703125 2
stats: {recvpackets,"os_mon@test3"} 1 8586.0 0.0 8586 4689 4689.0 1
stats: {sentpackets,"os_mon@test3"} 1 5777.0 0.0 5777 3165 3165.0 1
stats: {freemem,"os_mon@test2"} 1 1428.0 0.0 1428.21484375 1427.921875 1428.068359375 2
stats: {cpu,"os_mon@test3"} 1 15.067079463364294 0.0 15.067079463364294 2.4120603015075375 5.0443106011120085 2
stats: {load,"os_mon@test4"} 1 0.58984375 0.0 0.8203125 0.58984375 0.755859375 2
stats: {freemem,"os_mon@test4"} 1 1580.765625 0.0 1581.234375 1580.5078125 1580.87109375 2
stats: {freemem,"os_mon@myserver"} 1 1123.33984375 0.0 1123.33984375 1095.140625 1108.0455729166667 3
stats: {recvpackets,"os_mon@test2"} 1 8665.0 0.0 8665 4716 4716.0 1
stats: {sentpackets,"os_mon@test2"} 1 5828.0 0.0 5828 3188 3188.0 1
stats: {load,"os_mon@test3"} 1 0.83984375 0.0 0.98046875 0.83984375 0.9453125 2
stats: {cpu,"os_mon@test2"} 1 20.583717357910906 0.0 20.583717357910906 3.4308779011099895 6.523623093777501 2
stats: {freemem,"os_mon@test3"} 1 1413.171875 0.0 1413.171875 1412.6796875 1412.91796875 2
stats: {recvpackets,"os_mon@test4"} 1 8597.0 0.0 8597 4696 4696.0 1
stats: {sentpackets,"os_mon@test4"} 1 5784.0 0.0 5784 3173 3173.0 1
stats: {load,"os_mon@myserver"} 1 1.890625 0.0 3.12890625 1.890625 2.6692708333333335 3
stats: {recvpackets,"os_mon@myserver"} 1 8782.0 0.0 8782 750 2763.5 2
stats: {sentpackets,"os_mon@myserver"} 1 5901.0 0.0 5901 544 1885.0 2
stats: {cpu,"os_mon@test4"} 1 12.649040953862103 0.0 12.649040953862103 2.0080321285140563 4.359548851142274 2
stats: {cpu,"os_mon@myserver"} 1 25.630875804057396 0.0 31.72721503014792 2.094901564866229 16.151477584364397 3
stats: session 2836 12.809800248892586 2.3684218352203845 80.133056640625 8.839111328125 13.105715459560551 2661
stats: users_count 2834 5499
stats: finish_users_count 2836 5497
stats: request 28300 1.043324358505407 0.5411536994191253 47.260009765625 0.091796875 1.0415083651419585 26227
stats: page 2829 10.975045962989354 2.194012234918013 77.958984375 7.689208984375 10.965302328405075 2622
stats: connect 2830 1.0115211945119231 0.31647294806684273 32.879150390625 0.472900390625 1.1556675608565137 2624
stats: 200 28300 54527
stats: size_rcv 3056400 5888916
stats: newphase 6 12
stats: size_sent 3754348 7237147
stats: connected 1 3
# stats: dump at 1338995792
stats: users 5 16
stats: {load,"os_mon@test2"} 1 1.26171875 0.0 1.73046875 1.26171875 1.5 3
stats: {recvpackets,"os_mon@test3"} 1 12524.0 0.0 12524 4689 6637.5 2
stats: {sentpackets,"os_mon@test3"} 1 8266.0 0.0 8266 3165 4471.0 2
stats: {freemem,"os_mon@test2"} 1 1427.64453125 0.0 1428.21484375 1427.64453125 1428.0455729166667 3
stats: {cpu,"os_mon@test3"} 1 21.768707482993197 0.0 21.768707482993197 2.4120603015075375 8.385233555196104 3
stats: {load,"os_mon@test4"} 1 0.578125 0.0 0.8203125 0.578125 0.7005208333333334 3
stats: {freemem,"os_mon@test4"} 1 1580.7578125 0.0 1581.234375 1580.5078125 1580.8359375 3
stats: {freemem,"os_mon@myserver"} 1 1124.75390625 0.0 1124.75390625 1095.140625 1111.869140625 4
stats: {recvpackets,"os_mon@test2"} 1 12518.0 0.0 12518 4716 6690.5 2
stats: {sentpackets,"os_mon@test2"} 1 8263.0 0.0 8263 3188 4508.0 2
stats: {load,"os_mon@test3"} 1 0.7109375 0.0 0.98046875 0.7109375 0.91015625 3
stats: {cpu,"os_mon@test2"} 1 25.808080808080806 0.0 25.808080808080806 3.4308779011099895 11.21032118182197 3
stats: {freemem,"os_mon@test3"} 1 1413.04296875 0.0 1413.171875 1412.6796875 1413.0026041666667 3
stats: {recvpackets,"os_mon@test4"} 1 12522.0 0.0 12522 4696 6646.5 2
stats: {sentpackets,"os_mon@test4"} 1 8264.0 0.0 8264 3173 4478.5 2
stats: {load,"os_mon@myserver"} 1 1.6796875 0.0 3.12890625 1.6796875 2.474609375 4
stats: {recvpackets,"os_mon@myserver"} 1 12556.0 0.0 12556 750 4769.666666666667 3
stats: {sentpackets,"os_mon@myserver"} 1 8287.0 0.0 8287 544 3223.6666666666665 3
stats: {cpu,"os_mon@test4"} 1 19.472295514511874 0.0 19.472295514511874 2.0080321285140563 7.122712885382217 3
stats: {cpu,"os_mon@myserver"} 1 35.04950495049505 0.0 35.04950495049505 2.094901564866229 18.521327139287646 4
stats: session 3676 13.180660941006694 2.7267475911305326 80.133056640625 8.839111328125 12.953047542977988 5497
stats: users_count 3679 9178
stats: finish_users_count 3676 9173
stats: request 36439 1.0818974245700024 0.5635119700454269 47.260009765625 0.091796875 1.0424508819168699 54527
stats: page 3643 11.40655646584633 2.615889184396103 77.958984375 7.689208984375 10.970359151417169 5451
stats: connect 3644 0.9737916647013927 0.30698108784958933 32.879150390625 0.453857421875 1.0808721415761338 5454
stats: 200 36439 90966
stats: size_rcv 3935412 9824328
stats: newphase 6 18
stats: size_sent 4835304 12072451
stats: connected 1 4
# stats: dump at 1338995802
stats: users 1 20
stats: {load,"os_mon@test2"} 1 1.140625 0.0 1.73046875 1.140625 1.4404296875 4
stats: {recvpackets,"os_mon@test3"} 1 16427.0 0.0 16427 4689 8599.666666666666 3
stats: {sentpackets,"os_mon@test3"} 1 10820.0 0.0 10820 3165 5736.0 3
stats: {freemem,"os_mon@test2"} 1 1427.88671875 0.0 1428.21484375 1427.64453125 1427.9453125 4
stats: {cpu,"os_mon@test3"} 1 28.85313959522574 0.0 28.85313959522574 2.4120603015075375 11.731102037145376 4
stats: {load,"os_mon@test4"} 1 0.48828125 0.0 0.8203125 0.48828125 0.669921875 4
stats: {freemem,"os_mon@test4"} 1 1580.5234375 0.0 1581.234375 1580.5078125 1580.81640625 4
stats: {freemem,"os_mon@myserver"} 1 1125.24609375 0.0 1125.24609375 1095.140625 1114.44609375 5
stats: {recvpackets,"os_mon@test2"} 1 16498.0 0.0 16498 4716 8633.0 3
stats: {sentpackets,"os_mon@test2"} 1 10861.0 0.0 10861 3188 5759.666666666667 3
stats: {load,"os_mon@test3"} 1 0.76171875 0.0 0.98046875 0.7109375 0.8603515625 4
stats: {cpu,"os_mon@test2"} 1 34.62897526501767 0.0 34.62897526501767 3.4308779011099895 14.85976108838668 4
stats: {freemem,"os_mon@test3"} 1 1412.80078125 0.0 1413.171875 1412.6796875 1413.0126953125 4
stats: {recvpackets,"os_mon@test4"} 1 16453.0 0.0 16453 4696 8605.0 3
stats: {sentpackets,"os_mon@test4"} 1 10833.0 0.0 10833 3173 5740.333333333333 3
stats: {load,"os_mon@myserver"} 1 1.80859375 0.0 3.12890625 1.6796875 2.315625 5
stats: {recvpackets,"os_mon@myserver"} 1 16520.0 0.0 16520 750 6716.25 4
stats: {sentpackets,"os_mon@myserver"} 1 10876.0 0.0 10876 544 4489.5 4
stats: {cpu,"os_mon@test4"} 1 26.715945089757128 0.0 26.715945089757128 2.0080321285140563 10.210108542664631 4
stats: {cpu,"os_mon@myserver"} 1 43.684210526315795 0.0 43.684210526315795 2.094901564866229 21.826962701529126 5
stats: session 4673 13.811349879794822 3.1249703429480657 80.133056640625 8.839111328125 13.044261633368649 9173
stats: users_count 4669 13847
stats: finish_users_count 4673 13846
stats: request 46423 1.1469295373437647 0.5984292098477663 47.260009765625 0.091796875 1.0582523084689606 90966
stats: page 4644 12.135942115750835 3.0476238423012934 77.958984375 7.689208984375 11.145097090329136 9094
stats: connect 4642 0.9885810349122149 0.35432246106800763 32.879150390625 0.453857421875 1.0379834564000998 9098
stats: 200 46423 137389
stats: size_rcv 5013684 14838012
stats: newphase 6 24
stats: size_sent 6161130 18233581
stats: connected -2 2
# stats: dump at 1338995812
stats: users 5 26
stats: {load,"os_mon@test2"} 1 1.12109375 0.0 1.73046875 1.12109375 1.38046875 5
stats: {recvpackets,"os_mon@test3"} 1 20270.0 0.0 20270 4689 10556.5 4
stats: {sentpackets,"os_mon@test3"} 1 13343.0 0.0 13343 3165 7007.0 4
stats: {freemem,"os_mon@test2"} 1 1427.87109375 0.0 1428.21484375 1427.64453125 1427.93359375 5
stats: {cpu,"os_mon@test3"} 1 34.95346432264736 0.0 34.95346432264736 2.4120603015075375 15.155509548761449 5
stats: {load,"os_mon@test4"} 1 0.48828125 0.0 0.8203125 0.48828125 0.63359375 5
stats: {freemem,"os_mon@test4"} 1 1580.765625 0.0 1581.234375 1580.5078125 1580.7578125 5
stats: {freemem,"os_mon@myserver"} 1 1125.85546875 0.0 1125.85546875 1095.140625 1116.24609375 6
stats: {recvpackets,"os_mon@test2"} 1 20350.0 0.0 20350 4716 10599.25 4
stats: {sentpackets,"os_mon@test2"} 1 13396.0 0.0 13396 3188 7035.0 4
stats: {load,"os_mon@test3"} 1 0.640625 0.0 0.98046875 0.640625 0.840625 5
stats: {cpu,"os_mon@test2"} 1 42.73504273504273 0.0 42.73504273504273 3.4308779011099895 18.81360392371288 5
stats: {freemem,"os_mon@test3"} 1 1413.06640625 0.0 1413.171875 1412.6796875 1412.9703125 5
stats: {recvpackets,"os_mon@test4"} 1 20285.0 0.0 20285 4696 10567.0 4
stats: {sentpackets,"os_mon@test4"} 1 13350.0 0.0 13350 3173 7013.5 4
stats: {load,"os_mon@myserver"} 1 1.83984375 0.0 3.12890625 1.6796875 2.2311197916666665 6
stats: {recvpackets,"os_mon@myserver"} 1 20394.0 0.0 20394 750 8677.0 5
stats: {sentpackets,"os_mon@myserver"} 1 13420.0 0.0 13420 544 5766.8 5
stats: {cpu,"os_mon@test4"} 1 34.18447107868682 0.0 34.18447107868682 2.0080321285140563 13.51127585208313 5
stats: {cpu,"os_mon@myserver"} 1 52.389291968976735 0.0 52.389291968976735 2.094901564866229 25.46983733899357 6
stats: session 5572 16.25848042528492 24.692458538280352 1028.720947265625 8.839111328125 13.303152531501649 13846
stats: users_count 5576 19423
stats: finish_users_count 5572 19418
stats: request 54410 1.3279670018436318 1.6055660342239269 215.552001953125 0.091796875 1.0882158644745725 137389
stats: page 5438 14.054070728410004 8.003262710276369 284.005859375 7.689208984375 11.48004281008881 13738
stats: connect 5446 1.079588140234804 0.9259371299252699 42.380859375 0.453857421875 1.0212930604359978 13740
stats: 200 54410 191799
stats: size_rcv 5876280 20714292
stats: newphase 6 30
stats: size_sent 7220136 25453717
stats: connected 8 10
# stats: dump at 1338995822
stats: users 22 39
stats: {load,"os_mon@test2"} 1 1.1015625 0.0 1.73046875 1.1015625 1.3372395833333333 6
stats: {recvpackets,"os_mon@test3"} 1 23891.0 0.0 23891 4689 12499.2 5
stats: {sentpackets,"os_mon@test3"} 1 15610.0 0.0 15610 3165 8274.2 5
stats: {freemem,"os_mon@test2"} 1 1427.89453125 0.0 1428.21484375 1427.64453125 1427.9231770833333 6
stats: {cpu,"os_mon@test3"} 1 43.02747537584241 0.0 43.02747537584241 2.4120603015075375 18.455168677742435 6
stats: {load,"os_mon@test4"} 1 0.55859375 0.0 0.8203125 0.48828125 0.609375 6
stats: {freemem,"os_mon@test4"} 1 1580.7734375 0.0 1581.234375 1580.5078125 1580.7591145833333 6
stats: {freemem,"os_mon@myserver"} 1 1125.9140625 0.0 1125.9140625 1095.140625 1117.618861607143 7
stats: {recvpackets,"os_mon@test2"} 1 23950.0 0.0 23950 4716 12549.4 5
stats: {sentpackets,"os_mon@test2"} 1 15639.0 0.0 15639 3188 8307.2 5
stats: {load,"os_mon@test3"} 1 0.609375 0.0 0.98046875 0.609375 0.8072916666666666 6
stats: {cpu,"os_mon@test2"} 1 50.48494129657989 0.0 50.48494129657989 3.4308779011099895 22.800510392267853 6
stats: {freemem,"os_mon@test3"} 1 1413.06640625 0.0 1413.171875 1412.6796875 1412.986328125 6
stats: {recvpackets,"os_mon@test4"} 1 23893.0 0.0 23893 4696 12510.6 5
stats: {sentpackets,"os_mon@test4"} 1 15610.0 0.0 15610 3173 8280.8 5
stats: {load,"os_mon@myserver"} 1 2.01953125 0.0 3.12890625 1.6796875 2.1752232142857144 7
stats: {recvpackets,"os_mon@myserver"} 1 24043.0 0.0 24043 750 10629.833333333334 6
stats: {sentpackets,"os_mon@myserver"} 1 15705.0 0.0 15705 544 7042.333333333333 6
stats: {cpu,"os_mon@test4"} 1 39.183457051961824 0.0 39.183457051961824 2.0080321285140563 16.956808389850412 6
stats: {cpu,"os_mon@myserver"} 1 59.07491201608849 0.0 59.07491201608849 2.094901564866229 29.31547371470545 7
stats: session 6345 19.339564517767407 29.248998703917398 1085.7509765625 8.839111328125 14.151184616379616 19418
stats: users_count 6362 25785
stats: finish_users_count 6345 25763
stats: request 63569 1.6832209236961013 10.68029763336536 1019.053955078125 0.091796875 1.156229041729149 191799
stats: page 6357 17.643489629419356 35.136945551995396 1081.802978515625 7.689208984375 12.209995032649857 19176
stats: connect 6358 2.118916605433106 30.830059303506143 1016.557861328125 0.4228515625 1.0378402826075968 19186
stats: 200 63569 255368
stats: size_rcv 6865452 27579744
stats: newphase 6 36
stats: size_sent 8426225 33879942
stats: connected 1 11
# stats: dump at 1338995832
stats: users 42 63
stats: {load,"os_mon@test2"} 1 1.23828125 0.0 1.73046875 1.1015625 1.3035714285714286 7
stats: {recvpackets,"os_mon@test3"} 1 26966.0 0.0 26966 4689 14397.833333333334 6
stats: {sentpackets,"os_mon@test3"} 1 17674.0 0.0 17674 3165 9496.833333333334 6
stats: {freemem,"os_mon@test2"} 1 1427.546875 0.0 1428.21484375 1427.546875 1427.9190848214287 7
stats: {cpu,"os_mon@test3"} 1 46.0167714884696 0.0 46.0167714884696 2.4120603015075375 21.965498206042433 7
stats: {load,"os_mon@test4"} 1 0.62890625 0.0 0.8203125 0.48828125 0.6021205357142857 7
stats: {freemem,"os_mon@test4"} 1 1580.40234375 0.0 1581.234375 1580.40234375 1580.7611607142858 7
stats: {freemem,"os_mon@myserver"} 1 1126.19140625 0.0 1126.19140625 1095.140625 1118.65576171875 8
stats: {recvpackets,"os_mon@test2"} 1 27039.0 0.0 27039 4716 14449.5 6
stats: {sentpackets,"os_mon@test2"} 1 17725.0 0.0 17725 3188 9529.166666666666 6
stats: {load,"os_mon@test3"} 1 0.75 0.0 0.98046875 0.609375 0.7790178571428571 7
stats: {cpu,"os_mon@test2"} 1 57.00308959835222 0.0 57.00308959835222 3.4308779011099895 26.755429092883862 7
stats: {freemem,"os_mon@test3"} 1 1412.38671875 0.0 1413.171875 1412.38671875 1412.997767857143 7
stats: {recvpackets,"os_mon@test4"} 1 26974.0 0.0 26974 4696 14407.666666666666 6
stats: {sentpackets,"os_mon@test4"} 1 17681.0 0.0 17681 3173 9502.333333333334 6
stats: {load,"os_mon@myserver"} 1 2.171875 0.0 3.12890625 1.6796875 2.15576171875 8
stats: {recvpackets,"os_mon@myserver"} 1 27056.0 0.0 27056 750 12546.0 7
stats: {sentpackets,"os_mon@myserver"} 1 17738.0 0.0 17738 544 8279.857142857143 7
stats: {cpu,"os_mon@test4"} 1 46.63843303335098 0.0 46.63843303335098 2.0080321285140563 20.132043913009188 7
stats: {cpu,"os_mon@myserver"} 1 64.27316093396936 0.0 64.27316093396936 2.094901564866229 33.03540350237833 8
stats: session 7285 26.105822142297995 53.10170425100347 1085.7509765625 8.839111328125 15.428996613208616 25763
stats: users_count 7305 33090
stats: finish_users_count 7285 33048
stats: request 72404 2.3184786297578044 15.945403053110832 1027.708984375 0.091796875 1.2874136339441375 255368
stats: page 7229 24.055448999904897 52.641887910566865 1081.802978515625 7.689208984375 13.562782607618082 25533
stats: connect 7257 3.1851418579152018 43.890747172370126 1016.557861328125 0.388916015625 1.306924343855819 25544
stats: 200 72404 327772
stats: size_rcv 7819632 35399376
stats: newphase 6 42
stats: size_sent 9600251 43480193
stats: connected 28 39
# stats: dump at 1338995842
stats: users 55 84
stats: {load,"os_mon@test2"} 1 1.28125 0.0 1.73046875 1.1015625 1.29541015625 8
stats: {recvpackets,"os_mon@test3"} 1 30846.0 0.0 30846 4689 16193.285714285714 7
stats: {sentpackets,"os_mon@test3"} 1 20226.0 0.0 20226 3165 10665.0 7
stats: {freemem,"os_mon@test2"} 1 1427.453125 0.0 1428.21484375 1427.453125 1427.87255859375 8
stats: {cpu,"os_mon@test3"} 1 54.62140992167102 0.0 54.62140992167102 2.4120603015075375 24.971907366345828 8
stats: {load,"os_mon@test4"} 1 0.53125 0.0 0.8203125 0.48828125 0.60546875 8
stats: {freemem,"os_mon@test4"} 1 1579.91796875 0.0 1581.234375 1579.91796875 1580.71630859375 8
stats: {freemem,"os_mon@myserver"} 1 1126.1484375 0.0 1126.19140625 1095.140625 1119.4930555555557 9
stats: {recvpackets,"os_mon@test2"} 1 30891.0 0.0 30891 4716 16248.0 7
stats: {sentpackets,"os_mon@test2"} 1 20256.0 0.0 20256 3188 1.07e4 7
stats: {load,"os_mon@test3"} 1 0.640625 0.0 0.98046875 0.609375 0.775390625 8
stats: {cpu,"os_mon@test2"} 1 61.93914388860237 0.0 61.93914388860237 3.4308779011099895 30.536386656067407 8
stats: {freemem,"os_mon@test3"} 1 1412.0625 0.0 1413.171875 1412.0625 1412.92138671875 8
stats: {recvpackets,"os_mon@test4"} 1 30845.0 0.0 30845 4696 16202.857142857143 7
stats: {sentpackets,"os_mon@test4"} 1 20231.0 0.0 20231 3173 10670.714285714286 7
stats: {load,"os_mon@myserver"} 1 2.30078125 0.0 3.12890625 1.6796875 2.1575520833333335 9
stats: {recvpackets,"os_mon@myserver"} 1 31020.0 0.0 31020 750 14359.75 8
stats: {sentpackets,"os_mon@myserver"} 1 20344.0 0.0 20344 544 9462.125 8
stats: {cpu,"os_mon@test4"} 1 52.89778714436248 0.0 52.89778714436248 2.0080321285140563 23.44534255305191 8
stats: {cpu,"os_mon@myserver"} 1 69.74178992228629 0.0 69.74178992228629 2.094901564866229 36.50626543922178 9
stats: session 8095 40.018343661934274 77.08687328120725 1517.919189453125 8.839111328125 17.782563363977683 33048
stats: users_count 8108 41198
stats: finish_users_count 8095 41143
stats: request 80741 3.7038603337465688 22.49515600606916 1035.015869140625 0.091796875 1.5151732655078243 327772
stats: page 8077 38.23568453923949 77.61935308466845 1516.702880859375 7.689208984375 15.87801016850696 32762
stats: connect 8063 4.7177962679640295 58.85193799191214 1021.94189453125 0.388916015625 1.7224672998488966 32801
stats: 200 80741 408513
stats: size_rcv 8720028 44119404
stats: newphase 6 48
stats: size_sent 10706157 54186350
stats: connected -14 25
# stats: dump at 1338995852
stats: users 52 232
stats: {load,"os_mon@test2"} 1 1.3203125 0.0 1.73046875 1.1015625 1.2938368055555556 9
stats: {recvpackets,"os_mon@test3"} 1 33939.0 0.0 33939 4689 18024.875 8
stats: {sentpackets,"os_mon@test3"} 1 22247.0 0.0 22247 3165 11860.125 8
stats: {freemem,"os_mon@test2"} 1 1427.1953125 0.0 1428.21484375 1427.1953125 1427.825954861111 9
stats: {cpu,"os_mon@test3"} 1 57.86428195686481 0.0 57.86428195686481 2.4120603015075375 28.26629653915974 9
stats: {load,"os_mon@test4"} 1 0.6796875 0.0 0.8203125 0.48828125 0.5972222222222222 9
stats: {freemem,"os_mon@test4"} 1 1579.5703125 0.0 1581.234375 1579.5703125 1580.6276041666667 9
stats: {freemem,"os_mon@myserver"} 1 1126.30078125 0.0 1126.30078125 1095.140625 1120.15859375 10
stats: {recvpackets,"os_mon@test2"} 1 34004.0 0.0 34004 4716 18078.375 8
stats: {sentpackets,"os_mon@test2"} 1 22288.0 0.0 22288 3188 11894.5 8
stats: {load,"os_mon@test3"} 1 0.69140625 0.0 0.98046875 0.609375 0.7604166666666666 9
stats: {cpu,"os_mon@test2"} 1 65.42390194075587 0.0 65.42390194075587 3.4308779011099895 34.025581904126845 9
stats: {freemem,"os_mon@test3"} 1 1411.70703125 0.0 1413.171875 1411.70703125 1412.825954861111 9
stats: {recvpackets,"os_mon@test4"} 1 33948.0 0.0 33948 4696 18033.125 8
stats: {sentpackets,"os_mon@test4"} 1 22254.0 0.0 22254 3173 11865.75 8
stats: {load,"os_mon@myserver"} 1 2.41015625 0.0 3.12890625 1.6796875 2.171875 10
stats: {recvpackets,"os_mon@myserver"} 1 33996.0 0.0 33996 750 16210.888888888889 9
stats: {sentpackets,"os_mon@myserver"} 1 22279.0 0.0 22279 544 10671.222222222223 9
stats: {cpu,"os_mon@test4"} 1 56.62337662337662 0.0 56.62337662337662 2.0080321285140563 26.717836396530863 9
stats: {cpu,"os_mon@myserver"} 1 73.45709984947315 0.0 73.45709984947315 2.094901564866229 39.82981788752823 10
stats: session 8709 96.76798869838298 116.49890528722673 1600.015869140625 8.839111328125 22.157515154366294 41143
stats: users_count 8706 49904
stats: finish_users_count 8709 49852
stats: request 87293 9.366819318720372 28.470564650245915 1040.0419921875 0.091796875 1.9477587219722805 408513
stats: page 8717 94.6787039356466 116.40554069033497 1591.89306640625 7.689208984375 20.299835773747212 40839
stats: connect 8744 4.937259991672862 59.37930408394294 1021.94189453125 0.388916015625 2.313484759468912 40864
stats: 200 87293 495806
stats: size_rcv 9427644 53547048
stats: newphase 6 54
stats: size_sent 11583168 65769518
stats: connected 27 52
# stats: dump at 1338995862
stats: users 823 900
stats: {load,"os_mon@test2"} 1 1.26171875 0.0 1.73046875 1.1015625 1.296484375 10
stats: {recvpackets,"os_mon@test3"} 1 36399.0 0.0 36399 4689 19793.11111111111 9
stats: {sentpackets,"os_mon@test3"} 1 23819.0 0.0 23819 3165 13014.222222222223 9
stats: {freemem,"os_mon@test2"} 1 1426.0390625 0.0 1428.21484375 1426.0390625 1427.762890625 10
stats: {cpu,"os_mon@test3"} 1 63.21961620469083 0.0 63.21961620469083 2.4120603015075375 31.226095080930246 10
stats: {load,"os_mon@test4"} 1 0.80078125 0.0 0.8203125 0.48828125 0.60546875 10
stats: {freemem,"os_mon@test4"} 1 1578.71484375 0.0 1581.234375 1578.71484375 1580.521875 10
stats: {freemem,"os_mon@myserver"} 1 1125.234375 0.0 1126.30078125 1095.140625 1120.7169744318182 11
stats: {recvpackets,"os_mon@test2"} 1 36476.0 0.0 36476 4716 19847.88888888889 9
stats: {sentpackets,"os_mon@test2"} 1 23879.0 0.0 23879 3188 13049.333333333334 9
stats: {load,"os_mon@test3"} 1 0.58984375 0.0 0.98046875 0.58984375 0.753515625 10
stats: {cpu,"os_mon@test2"} 1 68.84057971014492 0.0 68.84057971014492 3.4308779011099895 37.16541390778975 10
stats: {freemem,"os_mon@test3"} 1 1411.203125 0.0 1413.171875 1411.203125 1412.7140625 10
stats: {recvpackets,"os_mon@test4"} 1 36415.0 0.0 36415 4696 19801.444444444445 9
stats: {sentpackets,"os_mon@test4"} 1 23827.0 0.0 23827 3173 13020.0 9
stats: {load,"os_mon@myserver"} 1 2.5 0.0 3.12890625 1.6796875 2.1935369318181817 11
stats: {recvpackets,"os_mon@myserver"} 1 36458.0 0.0 36458 750 17989.4 10
stats: {sentpackets,"os_mon@myserver"} 1 23865.0 0.0 23865 544 11832.0 10
stats: {cpu,"os_mon@test4"} 1 61.225567881669306 0.0 61.225567881669306 2.0080321285140563 29.708390419215437 10
stats: {cpu,"os_mon@myserver"} 1 75.35723238906994 0.0 75.35723238906994 2.094901564866229 42.886843520432315 11
stats: session 8396 544.1597171399977 507.28449953003775 4713.9091796875 8.839111328125 35.19174876775876 49852
stats: users_count 9167 59071
stats: finish_users_count 8396 58248
stats: request 87076 53.773773822805346 119.41215864911074 3030.72900390625 0.091796875 3.2539794144849394 495806
stats: page 8446 513.437831003351 501.1900019524077 4711.389892578125 7.689208984375 33.38322817360348 49556
stats: connect 9105 58.28666828622656 240.6415879518813 3007.43798828125 0.388916015625 2.7759563493413384 49608
stats: 200 87076 582882
stats: size_rcv 9404208 62951256
stats: newphase 6 60
stats: size_sent 11627374 77396892
stats: connected 659 711
# stats: dump at 1338995872
stats: users 2092 2176
stats: {load,"os_mon@test2"} 1 1.30078125 0.0 1.73046875 1.1015625 1.2933238636363635 11
stats: {recvpackets,"os_mon@test3"} 1 36951.0 0.0 36951 4689 21453.7 10
stats: {sentpackets,"os_mon@test3"} 1 24122.0 0.0 24122 3165 14094.7 10
stats: {freemem,"os_mon@test2"} 1 1417.23046875 0.0 1428.21484375 1417.23046875 1427.6061789772727 11
stats: {cpu,"os_mon@test3"} 1 65.75630252100841 0.0 65.75630252100841 2.4120603015075375 34.13459700127212 11
stats: {load,"os_mon@test4"} 1 0.828125 0.0 0.828125 0.48828125 0.6232244318181818 11
stats: {freemem,"os_mon@test4"} 1 1570.15234375 0.0 1581.234375 1570.15234375 1580.3575994318182 11
stats: {freemem,"os_mon@myserver"} 1 1122.74609375 0.0 1126.30078125 1095.140625 1121.0934244791667 12
stats: {recvpackets,"os_mon@test2"} 1 36853.0 0.0 36853 4716 21510.7 10
stats: {sentpackets,"os_mon@test2"} 1 24051.0 0.0 24051 3188 14132.3 10
stats: {load,"os_mon@test3"} 1 0.66015625 0.0 0.98046875 0.58984375 0.7386363636363636 11
stats: {cpu,"os_mon@test2"} 1 70.95286885245902 0.0 70.95286885245902 3.4308779011099895 40.04497443527658 11
stats: {freemem,"os_mon@test3"} 1 1402.9921875 0.0 1413.171875 1402.9921875 1412.5767045454545 11
stats: {recvpackets,"os_mon@test4"} 1 36948.0 0.0 36948 4696 21462.8 10
stats: {sentpackets,"os_mon@test4"} 1 24120.0 0.0 24120 3173 14100.7 10
stats: {load,"os_mon@myserver"} 1 2.66015625 0.0 3.12890625 1.6796875 2.2190755208333335 12
stats: {recvpackets,"os_mon@myserver"} 1 36869.0 0.0 36869 750 19668.363636363636 11
stats: {sentpackets,"os_mon@myserver"} 1 24054.0 0.0 24054 544 12925.90909090909 11
stats: {cpu,"os_mon@test4"} 1 64.35381355932203 0.0 64.35381355932203 2.0080321285140563 32.57358837034761 11
stats: {cpu,"os_mon@myserver"} 1 80.75942915392457 0.0 80.75942915392457 2.094901564866229 45.592709259485446 12
stats: session 8446 1346.8337613936123 913.6620646073175 10574.4521484375 8.839111328125 108.55555632258157 58248
stats: users_count 9715 68786
stats: finish_users_count 8446 66694
stats: request 88420 141.62454380604115 262.4525974983222 7175.8759765625 0.091796875 10.801067191940595 582882
stats: page 8388 1306.75552299765 890.7808298118745 10572.323974609375 7.689208984375 103.28670004526388 58002
stats: connect 9385 214.35739547087272 472.0235728383056 3546.194091796875 0.388916015625 11.384357081467783 58713
stats: 200 88420 671302
stats: size_rcv 9549360 72500616
stats: newphase 6 66
stats: size_sent 11856291 89253183
stats: connected 997 1708
# stats: dump at 1338995882
stats: users 4476 4476
stats: {load,"os_mon@test2"} 1 1.171875 0.0 1.73046875 1.1015625 1.2939453124999998 12
stats: {recvpackets,"os_mon@test3"} 1 38985.0 0.0 38985 4689 22862.545454545456 11
stats: {sentpackets,"os_mon@test3"} 1 25563.0 0.0 25563 3165 15006.272727272728 11
stats: {freemem,"os_mon@test2"} 1 1402.0234375 0.0 1428.21484375 1402.0234375 1426.7415364583333 12
stats: {cpu,"os_mon@test3"} 1 67.50133191262653 0.0 67.50133191262653 2.4120603015075375 36.769739127916814 12
stats: {load,"os_mon@test4"} 1 0.859375 0.0 0.859375 0.48828125 0.6402994791666666 12
stats: {freemem,"os_mon@test4"} 1 1555.58984375 0.0 1581.234375 1555.58984375 1579.5071614583333 12
stats: {freemem,"os_mon@myserver"} 1 1114.0234375 0.0 1126.30078125 1095.140625 1121.2205528846155 13
stats: {recvpackets,"os_mon@test2"} 1 39103.0 0.0 39103 4716 22905.454545454544 11
stats: {sentpackets,"os_mon@test2"} 1 25662.0 0.0 25662 3188 15034.0 11
stats: {load,"os_mon@test3"} 1 0.69921875 0.0 0.98046875 0.58984375 0.7320963541666666 12
stats: {cpu,"os_mon@test2"} 1 70.25380710659898 0.0 70.95286885245902 3.4308779011099895 42.62063230337511 12
stats: {freemem,"os_mon@test3"} 1 1387.9609375 0.0 1413.171875 1387.9609375 1411.7779947916667 12
stats: {recvpackets,"os_mon@test4"} 1 39079.0 0.0 39079 4696 22870.545454545456 11
stats: {sentpackets,"os_mon@test4"} 1 25628.0 0.0 25628 3173 15011.545454545454 11
stats: {load,"os_mon@myserver"} 1 2.859375 0.0 3.12890625 1.6796875 2.2530048076923075 13
stats: {recvpackets,"os_mon@myserver"} 1 40499.0 0.0 40499 750 21101.75 12
stats: {sentpackets,"os_mon@myserver"} 1 26584.0 0.0 26584 544 13853.25 12
stats: {cpu,"os_mon@test4"} 1 65.20359598096246 0.0 65.20359598096246 2.0080321285140563 35.22194046942881 12
stats: {cpu,"os_mon@myserver"} 1 88.36744882675987 0.0 88.36744882675987 2.094901564866229 48.29784155905769 13
stats: session 8355 2734.5127437023134 1604.4465104525673 15156.15283203125 8.839111328125 265.36872872234653 66694
stats: users_count 10739 79525
stats: finish_users_count 8355 75049
stats: request 89218 294.69071805189316 566.9548383891323 12190.52587890625 0.091796875 28.032375607852913 671302
stats: page 8398 2682.4124736090935 1576.3987913092164 15153.905029296875 7.689208984375 255.33816091172892 66390
stats: connect 9845 511.5074062271858 922.5307526362283 8204.06494140625 0.388916015625 39.35730731913358 68098
stats: 200 89218 760520
stats: size_rcv 9635544 82136160
stats: newphase 6 72
stats: size_sent 12027370 101280553
stats: connected 1447 3155
# stats: dump at 1338995892
stats: users 3631 4654
stats: {load,"os_mon@test2"} 1 1.30078125 0.0 1.73046875 1.1015625 1.284555288461538 13
stats: {recvpackets,"os_mon@test3"} 1 39652.0 0.0 39652 4689 24206.083333333332 12
stats: {sentpackets,"os_mon@test3"} 1 26029.0 0.0 26029 3165 15886.0 12
stats: {freemem,"os_mon@test2"} 1 1379.7578125 0.0 1428.21484375 1379.7578125 1424.8401442307693 13
stats: {cpu,"os_mon@test3"} 1 64.71861471861472 0.0 67.50133191262653 2.4120603015075375 39.13370780366372 13
stats: {load,"os_mon@test4"} 1 1.03125 0.0 1.03125 0.48828125 0.6571514423076923 13
stats: {freemem,"os_mon@test4"} 1 1519.19140625 0.0 1581.234375 1519.19140625 1577.6673677884614 13
stats: {freemem,"os_mon@myserver"} 1 1101.51171875 0.0 1126.30078125 1095.140625 1120.7064732142858 14
stats: {recvpackets,"os_mon@test2"} 1 39335.0 0.0 39335 4716 24255.25 12
stats: {sentpackets,"os_mon@test2"} 1 25822.0 0.0 25822 3188 15919.666666666666 12
stats: {load,"os_mon@test3"} 1 0.73828125 0.0 0.98046875 0.58984375 0.7295673076923077 13
stats: {cpu,"os_mon@test2"} 1 70.18602312719959 0.0 70.95286885245902 3.4308779011099895 44.74626113439233 13
stats: {freemem,"os_mon@test3"} 1 1366.14453125 0.0 1413.171875 1366.14453125 1409.9459134615386 13
stats: {recvpackets,"os_mon@test4"} 1 39588.0 0.0 39588 4696 24221.25 12
stats: {sentpackets,"os_mon@test4"} 1 26007.0 0.0 26007 3173 15896.25 12
stats: {load,"os_mon@myserver"} 1 3.19921875 0.0 3.19921875 1.6796875 2.2963169642857144 14
stats: {recvpackets,"os_mon@myserver"} 1 38258.0 0.0 40499 750 22593.846153846152 13
stats: {sentpackets,"os_mon@myserver"} 1 25204.0 0.0 26584 544 14832.538461538461 13
stats: {cpu,"os_mon@test4"} 1 64.23948220064725 0.0 65.20359598096246 2.0080321285140563 37.52822166262371 13
stats: {cpu,"os_mon@myserver"} 1 90.73259125032358 0.0 90.73259125032358 2.094901564866229 51.159956363893556 14
stats: session 8904 3522.143981769071 2835.8164148688466 20931.213134765625 8.839111328125 540.2517817298167 75049
stats: users_count 8059 87584
stats: finish_users_count 8904 83953
stats: request 87436 350.64593962108614 979.4000891803746 18799.488037109375 0.091796875 59.314556216084625 760520
stats: page 8982 3540.2070348379057 2820.5839470342335 20928.398193359375 7.689208984375 527.8761359616362 74788
stats: connect 8474 973.5621886731648 1952.2335905891862 18767.375 0.388916015625 98.9947054658533 77943
stats: 200 87436 847956
stats: size_rcv 9443088 91579248
stats: newphase 6 78
stats: size_sent 11530792 112811345
stats: connected -508 2647
# stats: dump at 1338995902
stats: users 4134 4654
stats: {load,"os_mon@test2"} 1 1.48828125 0.0 1.73046875 1.1015625 1.2857142857142854 14
stats: {recvpackets,"os_mon@test3"} 1 37322.0 0.0 39652 4689 25394.23076923077 13
stats: {sentpackets,"os_mon@test3"} 1 25520.0 0.0 26029 3165 16666.23076923077 13
stats: {freemem,"os_mon@test2"} 1 1380.26953125 0.0 1428.21484375 1379.7578125 1421.6199776785713 14
stats: {cpu,"os_mon@test3"} 1 58.17307692307693 0.0 67.50133191262653 2.4120603015075375 40.96120115473165 14
stats: {load,"os_mon@test4"} 1 1.03125 0.0 1.03125 0.48828125 0.6838727678571429 14
stats: {freemem,"os_mon@test4"} 1 1501.70703125 0.0 1581.234375 1501.70703125 1573.490513392857 14
stats: {freemem,"os_mon@myserver"} 1 1100.94140625 0.0 1126.30078125 1095.140625 1119.4268229166667 15
stats: {recvpackets,"os_mon@test2"} 1 37442.0 0.0 39335 4716 25415.23076923077 13
stats: {sentpackets,"os_mon@test2"} 1 25556.0 0.0 25822 3188 16681.384615384617 13
stats: {load,"os_mon@test3"} 1 0.62890625 0.0 0.98046875 0.58984375 0.7301897321428571 14
stats: {cpu,"os_mon@test2"} 1 65.21956087824351 0.0 70.95286885245902 3.4308779011099895 46.563386991021424 14
stats: {freemem,"os_mon@test3"} 1 1362.35546875 0.0 1413.171875 1362.35546875 1406.8172433035713 14
stats: {recvpackets,"os_mon@test4"} 1 37487.0 0.0 39588 4696 25403.30769230769 13
stats: {sentpackets,"os_mon@test4"} 1 25602.0 0.0 26007 3173 16674.0 13
stats: {load,"os_mon@myserver"} 1 3.25 0.0 3.25 1.6796875 2.3565104166666666 15
stats: {recvpackets,"os_mon@myserver"} 1 38265.0 0.0 40499 750 23712.714285714286 14
stats: {sentpackets,"os_mon@myserver"} 1 25921.0 0.0 26584 544 15573.357142857143 14
stats: {cpu,"os_mon@test4"} 1 64.92537313432835 0.0 65.20359598096246 2.0080321285140563 39.436168843911105 14
stats: {cpu,"os_mon@myserver"} 1 89.64321110009911 0.0 90.73259125032358 2.094901564866229 53.79813202298889 15
stats: session 8624 3409.0376829809115 2868.8970581732283 31629.68505859375 8.839111328125 856.5093085501749 83953
stats: users_count 9127 96711
stats: finish_users_count 8624 92577
stats: request 87988 372.05895147034266 978.7209391766894 28539.39599609375 0.091796875 89.3548541081919 847956
stats: page 8630 3387.9844752871936 2857.9210059779048 31627.62890625 7.689208984375 850.8647492325764 83770
stats: connect 9099 793.8057929882846 1605.8155917413674 18767.375 0.388916015625 184.75427653056 86417
stats: 200 87988 935944
stats: size_rcv 9502704 101081952
stats: newphase 6 84
stats: size_sent 11734946 124546291
stats: connected 469 3116
# stats: dump at 1338995912
stats: users 2611 4654
stats: {load,"os_mon@test2"} 1 1.33984375 0.0 1.73046875 1.1015625 1.2992187499999999 15
stats: {recvpackets,"os_mon@test3"} 1 3.36e4 0.0 39652 4689 26246.214285714286 14
stats: {sentpackets,"os_mon@test3"} 1 22027.0 0.0 26029 3165 17298.64285714286 14
stats: {freemem,"os_mon@test2"} 1 1378.08984375 0.0 1428.21484375 1378.08984375 1418.86328125 15
stats: {cpu,"os_mon@test3"} 1 73.8618103910016 0.0 73.8618103910016 2.4120603015075375 42.10865953928799 15
stats: {load,"os_mon@test4"} 1 1.01953125 0.0 1.03125 0.48828125 0.70703125 15
stats: {freemem,"os_mon@test4"} 1 1500.0625 0.0 1581.234375 1500.0625 1568.7049479166667 15
stats: {freemem,"os_mon@myserver"} 1 1100.76171875 0.0 1126.30078125 1095.140625 1118.271484375 16
stats: {recvpackets,"os_mon@test2"} 1 33770.0 0.0 39335 4716 26274.285714285714 14
stats: {sentpackets,"os_mon@test2"} 1 22196.0 0.0 25822 3188 17315.285714285717 14
stats: {load,"os_mon@test3"} 1 0.98828125 0.0 0.98828125 0.58984375 0.7234375 15
stats: {cpu,"os_mon@test2"} 1 63.24786324786324 0.0 70.95286885245902 3.4308779011099895 47.807131916836234 15
stats: {freemem,"os_mon@test3"} 1 1313.74609375 0.0 1413.171875 1313.74609375 1403.853125 15
stats: {recvpackets,"os_mon@test4"} 1 33507.0 0.0 39588 4696 26266.428571428572 14
stats: {sentpackets,"os_mon@test4"} 1 21978.0 0.0 26007 3173 17311.714285714286 14
stats: {load,"os_mon@myserver"} 1 3.37109375 0.0 3.37109375 1.6796875 2.412353515625 16
stats: {recvpackets,"os_mon@myserver"} 1 35620.0 0.0 40499 750 24682.866666666665 15
stats: {sentpackets,"os_mon@myserver"} 1 23635.0 0.0 26584 544 16263.2 15
stats: {cpu,"os_mon@test4"} 1 51.669316375198726 0.0 65.20359598096246 2.0080321285140563 41.13544912993892 15
stats: {cpu,"os_mon@myserver"} 1 90.24326445200104 0.0 90.73259125032358 2.094901564866229 56.038449465308275 16
stats: session 9140 3898.741195071029 3941.821590408187 39272.30810546875 8.839111328125 1094.2898015569765 92577
stats: users_count 7617 104328
stats: finish_users_count 9140 101717
stats: request 88407 403.9711196169161 1239.8101832314505 33864.300048828125 0.091796875 115.9318374733301 935944
stats: page 9164 3881.1351068197837 3893.8450808473535 39271.05908203125 7.689208984375 1087.8273383651667 92400
stats: connect 8233 952.88814551813 2047.1164303234752 31120.52099609375 0.388916015625 242.7734539275284 95516
stats: 200 88407 1024351
stats: size_rcv 9547956 110629908
stats: newphase 6 90
stats: size_sent 11605986 136152277
stats: connected -931 2185
# stats: dump at 1338995922
stats: users 3268 4654
stats: {load,"os_mon@test2"} 1 1.44140625 0.0 1.73046875 1.1015625 1.3017578124999998 16
stats: {recvpackets,"os_mon@test3"} 1 36780.0 0.0 39652 4689 26736.466666666667 15
stats: {sentpackets,"os_mon@test3"} 1 24760.0 0.0 26029 3165 17613.866666666665 15
stats: {freemem,"os_mon@test2"} 1 1378.734375 0.0 1428.21484375 1378.08984375 1416.31494140625 16
stats: {cpu,"os_mon@test3"} 1 60.90425531914894 0.0 73.8618103910016 2.4120603015075375 44.0932314675201 16
stats: {load,"os_mon@test4"} 1 1.08984375 0.0 1.08984375 0.48828125 0.7265625 16
stats: {freemem,"os_mon@test4"} 1 1469.046875 0.0 1581.234375 1469.046875 1564.414794921875 16
stats: {freemem,"os_mon@myserver"} 1 1101.55078125 0.0 1126.30078125 1095.140625 1117.2414981617646 17
stats: {recvpackets,"os_mon@test2"} 1 37251.0 0.0 39335 4716 26774.0 15
stats: {sentpackets,"os_mon@test2"} 1 25046.0 0.0 25822 3188 17640.66666666667 15
stats: {load,"os_mon@test3"} 1 0.98046875 0.0 0.98828125 0.58984375 0.739990234375 16
stats: {cpu,"os_mon@test2"} 1 59.30521091811415 0.0 70.95286885245902 3.4308779011099895 48.77217762502542 16
stats: {freemem,"os_mon@test3"} 1 1303.27734375 0.0 1413.171875 1303.27734375 1398.221435546875 16
stats: {recvpackets,"os_mon@test4"} 1 36957.0 0.0 39588 4696 26749.133333333335 15
stats: {sentpackets,"os_mon@test4"} 1 24869.0 0.0 26007 3173 17622.8 15
stats: {load,"os_mon@myserver"} 1 3.421875 0.0 3.421875 1.6796875 2.46875 17
stats: {recvpackets,"os_mon@myserver"} 1 49478.0 0.0 49478 750 25366.4375 16
stats: {sentpackets,"os_mon@myserver"} 1 32807.0 0.0 32807 544 16723.9375 16
stats: {cpu,"os_mon@test4"} 1 68.11440677966102 0.0 68.11440677966102 2.0080321285140563 41.793815832767656 16
stats: {cpu,"os_mon@myserver"} 1 90.56785370548604 0.0 90.73259125032358 2.094901564866229 58.05049740570197 17
stats: session 8807 3530.9477851203255 4359.712415302918 44113.76904296875 8.839111328125 1346.289818631 101717
stats: users_count 9464 113792
stats: finish_users_count 8807 110524
stats: request 88883 331.678210779238 1111.022825837475 40740.337158203125 0.091796875 140.7911765245616 1024351
stats: page 8800 3551.6612347966984 4378.725091069605 44112.119140625 7.689208984375 1339.864205661828 101564
stats: connect 9230 603.0113560041136 1476.7673077108977 31120.52099609375 0.388916015625 299.124592308288 103749
stats: 200 88881 1113232
stats: size_rcv 9599148 120229056
stats: newphase 6 96
stats: size_sent 11850778 148003055
stats: connected 428 2613
# stats: dump at 1338995932
stats: users 4467 4686
stats: {load,"os_mon@test2"} 1 1.44921875 0.0 1.73046875 1.1015625 1.309972426470588 17
stats: {recvpackets,"os_mon@test3"} 1 40284.0 0.0 40284 4689 27364.1875 16
stats: {sentpackets,"os_mon@test3"} 1 26575.0 0.0 26575 3165 18060.5 16
stats: {freemem,"os_mon@test2"} 1 1377.63671875 0.0 1428.21484375 1377.63671875 1414.1043198529412 17
stats: {cpu,"os_mon@test3"} 1 71.25527426160338 0.0 73.8618103910016 2.4120603015075375 45.08211522349826 17
stats: {load,"os_mon@test4"} 1 1.0 0.0 1.08984375 0.48828125 0.7479319852941176 17
stats: {freemem,"os_mon@test4"} 1 1462.3671875 0.0 1581.234375 1462.3671875 1558.8049172794117 17
stats: {freemem,"os_mon@myserver"} 1 1101.23046875 0.0 1126.30078125 1095.140625 1116.3697916666667 18
stats: {recvpackets,"os_mon@test2"} 1 40280.0 0.0 40280 4716 27428.8125 16
stats: {sentpackets,"os_mon@test2"} 1 26582.0 0.0 26582 3188 18103.500000000004 16
stats: {load,"os_mon@test3"} 1 1.140625 0.0 1.140625 0.58984375 0.7541360294117647 17
stats: {cpu,"os_mon@test2"} 1 70.39999999999999 0.0 70.95286885245902 3.4308779011099895 49.391767818736525 17
stats: {freemem,"os_mon@test3"} 1 1265.046875 0.0 1413.171875 1265.046875 1392.6364889705883 17
stats: {recvpackets,"os_mon@test4"} 1 40264.0 0.0 40264 4696 27387.125 16
stats: {sentpackets,"os_mon@test4"} 1 26570.0 0.0 26570 3173 18075.6875 16
stats: {load,"os_mon@myserver"} 1 4.01953125 0.0 4.01953125 1.6796875 2.521701388888889 18
stats: {recvpackets,"os_mon@myserver"} 1 38320.0 0.0 49478 750 26784.764705882353 17
stats: {sentpackets,"os_mon@myserver"} 1 25349.0 0.0 32807 544 17670.0 17
stats: {cpu,"os_mon@test4"} 1 58.59333685880487 0.0 68.11440677966102 2.0080321285140563 43.34208588846727 17
stats: {cpu,"os_mon@myserver"} 1 90.44652128764278 0.0 90.73259125032358 2.094901564866229 59.857017200134415 18
stats: session 8744 3350.360067131973 4202.325609459931 49461.906005859375 8.839111328125 1520.3722144081298 110524
stats: users_count 9943 123735
stats: finish_users_count 8744 119268
stats: request 89028 354.86616196293465 1276.4728409045551 44006.60693359375 0.091796875 156.0320084302152 1113234
stats: page 8740 3361.574265650695 4236.251861754888 49460.5 7.689208984375 1516.2243761557104 110364
stats: connect 9512 578.2377086026603 1710.0243581535299 32451.04296875 0.388916015625 323.951107226215 112979
stats: 200 89020 1202252
stats: size_rcv 9614160 129843216
stats: newphase 6 102
stats: size_sent 11908486 159911541
stats: connected 764 3377
# stats: dump at 1338995942
stats: users 3044 4686
stats: {load,"os_mon@test2"} 1 1.5390625 0.0 1.73046875 1.1015625 1.317708333333333 18
stats: {recvpackets,"os_mon@test3"} 1 36517.0 0.0 40284 4689 28124.176470588234 17
stats: {sentpackets,"os_mon@test3"} 1 24136.0 0.0 26575 3165 18561.352941176472 17
stats: {freemem,"os_mon@test2"} 1 1377.828125 0.0 1428.21484375 1377.63671875 1412.078342013889 18
stats: {cpu,"os_mon@test3"} 1 65.47930853850184 0.0 73.8618103910016 2.4120603015075375 46.53617961450411 18
stats: {load,"os_mon@test4"} 1 1.01171875 0.0 1.08984375 0.48828125 0.7619357638888888 18
stats: {freemem,"os_mon@test4"} 1 1434.97265625 0.0 1581.234375 1434.97265625 1553.447265625 18
stats: {freemem,"os_mon@myserver"} 1 1094.25 0.0 1126.30078125 1094.25 1115.5729851973683 19
stats: {recvpackets,"os_mon@test2"} 1 36142.0 0.0 40280 4716 28184.764705882353 17
stats: {sentpackets,"os_mon@test2"} 1 23890.0 0.0 26582 3188 18602.23529411765 17
stats: {load,"os_mon@test3"} 1 1.19921875 0.0 1.19921875 0.58984375 0.7756076388888888 18
stats: {cpu,"os_mon@test2"} 1 56.774193548387096 0.0 70.95286885245902 3.4308779011099895 50.558891828806715 18
stats: {freemem,"os_mon@test3"} 1 1240.7109375 0.0 1413.171875 1240.7109375 1385.5481770833333 18
stats: {recvpackets,"os_mon@test4"} 1 36397.0 0.0 40264 4696 28144.58823529412 17
stats: {sentpackets,"os_mon@test4"} 1 24049.0 0.0 26570 3173 18575.352941176472 17
stats: {load,"os_mon@myserver"} 1 3.859375 0.0 4.01953125 1.6796875 2.600534539473684 19
stats: {recvpackets,"os_mon@myserver"} 1 39389.0 0.0 49478 750 27425.61111111111 18
stats: {sentpackets,"os_mon@myserver"} 1 26584.0 0.0 32807 544 18096.61111111111 18
stats: {cpu,"os_mon@test4"} 1 68.54410201912859 0.0 68.54410201912859 2.0080321285140563 44.18937760904158 18
stats: {cpu,"os_mon@myserver"} 1 91.73970783532536 0.0 91.73970783532536 2.094901564866229 61.46699109947696 19
stats: session 8967 3986.614510502264 5033.350442133683 64072.47412109375 8.839111328125 1654.5357267015975 119268
stats: users_count 7544 131279
stats: finish_users_count 8967 128235
stats: request 88760 412.9711184198642 1408.6511066674561 61601.828857421875 0.091796875 170.7557600090815 1202262
stats: page 8982 3957.502933465671 4980.859635127677 64070.342041015625 7.689208984375 1651.6384515367738 119104
stats: connect 8301 723.213182940827 1652.5010908728445 32451.04296875 0.388916015625 343.69765311360874 122491
stats: 200 88939 1291191
stats: size_rcv 9605412 139448628
stats: newphase 6 108
stats: size_sent 11705631 171617172
stats: connected -709 2668
# stats: dump at 1338995952
stats: users 3811 4686
stats: {load,"os_mon@test2"} 1 1.53125 0.0 1.73046875 1.1015625 1.3293585526315785 19
stats: {recvpackets,"os_mon@test3"} 1 38759.0 0.0 40284 4689 28590.444444444445 18
stats: {sentpackets,"os_mon@test3"} 1 26334.0 0.0 26575 3165 18871.055555555555 18
stats: {freemem,"os_mon@test2"} 1 1346.68359375 0.0 1428.21484375 1346.68359375 1410.275699013158 19
stats: {cpu,"os_mon@test3"} 1 64.58443620963473 0.0 73.8618103910016 2.4120603015075375 47.53318639997767 19
stats: {load,"os_mon@test4"} 1 0.9296875 0.0 1.08984375 0.48828125 0.7750822368421053 19
stats: {freemem,"os_mon@test4"} 1 1431.7265625 0.0 1581.234375 1431.7265625 1547.211759868421 19
stats: {freemem,"os_mon@myserver"} 1 1093.515625 0.0 1126.30078125 1093.515625 1114.5068359375 20
stats: {recvpackets,"os_mon@test2"} 1 39285.0 0.0 40280 4716 28626.833333333332 18
stats: {sentpackets,"os_mon@test2"} 1 26679.0 0.0 26679 3188 18896.000000000004 18
stats: {load,"os_mon@test3"} 1 1.08984375 0.0 1.19921875 0.58984375 0.7979029605263158 19
stats: {cpu,"os_mon@test2"} 1 71.88775510204081 0.0 71.88775510204081 3.4308779011099895 50.88601297194253 19
stats: {freemem,"os_mon@test3"} 1 1226.3828125 0.0 1413.171875 1226.3828125 1377.9251644736842 19
stats: {recvpackets,"os_mon@test4"} 1 38980.0 0.0 40264 4696 28603.055555555555 18
stats: {sentpackets,"os_mon@test4"} 1 26490.0 0.0 26570 3173 18879.444444444445 18
stats: {load,"os_mon@myserver"} 1 3.87890625 0.0 4.01953125 1.6796875 2.6634765625 20
stats: {recvpackets,"os_mon@myserver"} 1 35638.0 0.0 49478 750 28055.263157894737 19
stats: {sentpackets,"os_mon@myserver"} 1 24232.0 0.0 32807 544 18543.315789473683 19
stats: {cpu,"os_mon@test4"} 1 59.353471118177005 0.0 68.54410201912859 2.0080321285140563 45.471205209572474 19
stats: {cpu,"os_mon@myserver"} 1 86.73548387096774 0.0 91.73970783532536 2.094901564866229 62.98062693626938 20
stats: session 8487 3952.029441944067 5293.101774947079 72348.79809570313 8.839111328125 1817.6093840832839 128235
stats: users_count 9254 140533
stats: finish_users_count 8487 136722
stats: request 86526 409.14837958975 1445.5697119879308 63155.903076171875 0.091796875 187.40848568884613 1291022
stats: page 8468 3937.267692439783 5306.767210740211 72347.53515625 7.689208984375 1813.3366447560588 128086
stats: connect 9023 513.4881304580582 1060.5047378503996 32451.04296875 0.388916015625 367.7844352799166 130792
stats: 200 86345 1377536
stats: size_rcv 9325260 148773888
stats: newphase 5 113
stats: size_sent 11529184 183146356
stats: connected 581 3249
stats: error_abort 1 1
EndMonitor:{1338,995952,234360}
