# stats: dump at 1339064950
stats: users 1 4
stats: session 4 22.0472412109375 7.198011634497356 28.533935546875 9.990966796875 0 0
stats: users_count 5 5
stats: finish_users_count 4 4
# stats: dump at 1339064960
stats: users 0 6
stats: {load,"os_mon@test2"} 1 1.21875 0 1.21875 1.21875 0 0
stats: {freemem,"os_mon@test2"} 1 1550.46484375 0 1550.46484375 1550.46484375 0 0
stats: {cpu,"os_mon@test3"} 1 2.4660291897332662 0 2.4660291897332662 2.4660291897332662 0 0
stats: {load,"os_mon@test4"} 1 0.96875 0 0.96875 0.96875 0 0
stats: {freemem,"os_mon@test4"} 1 1552.83203125 0 1552.83203125 1552.83203125 0 0
stats: {freemem,"os_mon@myserver"} 1 2855.46484375 0 2855.46484375 2855.46484375 0 0
stats: {load,"os_mon@test3"} 1 1.0703125 0 1.0703125 1.0703125 0 0
stats: {cpu,"os_mon@test2"} 1 3.9433771486349847 0 3.9433771486349847 3.9433771486349847 0 0
stats: {freemem,"os_mon@test3"} 1 1401.484375 0 1401.484375 1401.484375 0 0
stats: {cpu,"os_mon@test4"} 1 2.5025025025025025 0 2.5025025025025025 2.5025025025025025 0 0
stats: {load,"os_mon@myserver"} 1 3.578125 0 3.578125 3.578125 0 0
stats: {cpu,"os_mon@myserver"} 1 2.416918429003021 0 2.416918429003021 2.416918429003021 0 0
stats: session 897 12.360097079239821 1.7230202351038704 28.533935546875 9.322998046875 22.0472412109375 4
stats: users_count 896 901
stats: finish_users_count 897 901
stats: request 8855 0.9652493460174336 0.5313627393317069 7.346923828125 0.2431640625 0 0
stats: page 885 10.158189607609454 1.4573665819031625 24.675048828125 8.1259765625 0 0
stats: connect 886 1.1498031443989842 0.32641971834205424 4.911865234375 0.591064453125 0 0
stats: 200 8855 8855
stats: size_rcv 1053745 1053745
stats: size_sent 1173896 1173896
stats: connected 1 1
# stats: dump at 1339064970
stats: users 4 13
stats: {load,"os_mon@test2"} 1 1.109375 0.0 1.21875 1.109375 1.21875 1
stats: {recvpackets,"os_mon@test3"} 1 4692 0 4692 4692 0 0
stats: {sentpackets,"os_mon@test3"} 1 3172 0 3172 3172 0 0
stats: {freemem,"os_mon@test2"} 1 1550.1015625 0.0 1550.46484375 1550.1015625 1550.46484375 1
stats: {cpu,"os_mon@test3"} 1 7.28578758337609 0.0 7.28578758337609 2.4660291897332662 2.4660291897332662 1
stats: {load,"os_mon@test4"} 1 0.828125 0.0 0.96875 0.828125 0.96875 1
stats: {freemem,"os_mon@test4"} 1 1552.11328125 0.0 1552.83203125 1552.11328125 1552.83203125 1
stats: {freemem,"os_mon@myserver"} 1 2855.01953125 0.0 2855.46484375 2855.01953125 2855.46484375 1
stats: {recvpackets,"os_mon@test2"} 1 4752 0 4752 4752 0 0
stats: {sentpackets,"os_mon@test2"} 1 3209 0 3209 3209 0 0
stats: {load,"os_mon@test3"} 1 0.91015625 0.0 1.0703125 0.91015625 1.0703125 1
stats: {cpu,"os_mon@test2"} 1 8.826530612244898 0.0 8.826530612244898 3.9433771486349847 3.9433771486349847 1
stats: {freemem,"os_mon@test3"} 1 1400.87890625 0.0 1401.484375 1400.87890625 1401.484375 1
stats: {recvpackets,"os_mon@test4"} 1 4706 0 4706 4706 0 0
stats: {sentpackets,"os_mon@test4"} 1 3184 0 3184 3184 0 0
stats: {cpu,"os_mon@test4"} 1 7.480916030534352 0.0 7.480916030534352 2.5025025025025025 2.5025025025025025 1
stats: {load,"os_mon@myserver"} 1 3.03125 0.0 3.578125 3.03125 3.578125 1
stats: {recvpackets,"os_mon@myserver"} 1 4837 0 4837 4837 0 0
stats: {sentpackets,"os_mon@myserver"} 1 3267 0 3267 3267 0 0
stats: {cpu,"os_mon@myserver"} 1 12.418300653594772 0.0 12.418300653594772 2.416918429003021 2.416918429003021 1
stats: session 1857 13.258662193516088 7.627283719550023 134.514892578125 8.93798828125 12.40310326850374 901
stats: users_count 1861 2762
stats: finish_users_count 1857 2758
stats: request 18465 1.0685146915405854 1.3822132392202218 71.510009765625 0.166015625 0.9652493460174336 8855
stats: page 1847 11.240121887900985 7.419811688770533 132.334228515625 7.632080078125 10.158189607609454 885
stats: connect 1846 1.199777654811076 1.199328981400436 24.26904296875 0.587890625 1.1498031443989842 886
stats: 200 18465 27320
stats: size_rcv 2197335 3251080
stats: newphase 6 6
stats: size_sent 2454624 3628520
stats: connected -1 0
# stats: dump at 1339064980
stats: users 11 14
stats: {load,"os_mon@test2"} 1 1.16015625 0.0 1.21875 1.109375 1.1640625 2
stats: {recvpackets,"os_mon@test3"} 1 8985.0 0.0 8985 4692 4692.0 1
stats: {sentpackets,"os_mon@test3"} 1 6024.0 0.0 6024 3172 3172.0 1
stats: {freemem,"os_mon@test2"} 1 1549.74609375 0.0 1550.46484375 1549.74609375 1550.283203125 2
stats: {cpu,"os_mon@test3"} 1 14.688970203868271 0.0 14.688970203868271 2.4660291897332662 4.875908386554678 2
stats: {load,"os_mon@test4"} 1 0.9296875 0.0 0.96875 0.828125 0.8984375 2
stats: {freemem,"os_mon@test4"} 1 1552.25 0.0 1552.83203125 1552.11328125 1552.47265625 2
stats: {freemem,"os_mon@myserver"} 1 2854.51953125 0.0 2855.46484375 2854.51953125 2855.2421875 2
stats: {recvpackets,"os_mon@test2"} 1 9019.0 0.0 9019 4752 4752.0 1
stats: {sentpackets,"os_mon@test2"} 1 6044.0 0.0 6044 3209 3209.0 1
stats: {load,"os_mon@test3"} 1 0.76953125 0.0 1.0703125 0.76953125 0.990234375 2
stats: {cpu,"os_mon@test2"} 1 22.085889570552148 0.0 22.085889570552148 3.9433771486349847 6.384953880439942 2
stats: {freemem,"os_mon@test3"} 1 1400.42578125 0.0 1401.484375 1400.42578125 1401.181640625 2
stats: {recvpackets,"os_mon@test4"} 1 8962.0 0.0 8962 4706 4706.0 1
stats: {sentpackets,"os_mon@test4"} 1 6005.0 0.0 6005 3184 3184.0 1
stats: {cpu,"os_mon@test4"} 1 14.454732510288066 0.0 14.454732510288066 2.5025025025025025 4.991709266518427 2
stats: {load,"os_mon@myserver"} 1 2.71875 0.0 3.578125 2.71875 3.3046875 2
stats: {recvpackets,"os_mon@myserver"} 1 9076.0 0.0 9076 4837 4837.0 1
stats: {sentpackets,"os_mon@myserver"} 1 6079.0 0.0 6079 3267 3267.0 1
stats: {cpu,"os_mon@myserver"} 1 22.016512384288216 0.0 22.016512384288216 2.416918429003021 7.417609541298896 2
stats: session 2840 12.822380560216757 4.379742198187343 134.514892578125 8.93798828125 12.979163066816984 2758
stats: users_count 2847 5609
stats: finish_users_count 2840 5598
stats: request 28239 1.0389541025653881 0.8444821759717208 71.510009765625 0.14794921875 1.0350441705080997 27320
stats: page 2822 10.986928614042565 4.190462302458224 132.334228515625 7.632080078125 10.889642360793369 2732
stats: connect 2827 1.0654563728389188 0.755642086463661 24.89794921875 0.51708984375 1.1835706942601558 2732
stats: 200 28239 55559
stats: size_rcv 3360441 6611521
stats: newphase 6 12
stats: size_sent 3745788 7374308
stats: connected 5 5
# stats: dump at 1339064990
stats: users 9 19
stats: {load,"os_mon@test2"} 1 1.12890625 0.0 1.21875 1.109375 1.1627604166666667 3
stats: {recvpackets,"os_mon@test3"} 1 12632.0 0.0 12632 4692 6838.5 2
stats: {sentpackets,"os_mon@test3"} 1 8380.0 0.0 8380 3172 4598.0 2
stats: {freemem,"os_mon@test2"} 1 1549.46484375 0.0 1550.46484375 1549.46484375 1550.1041666666667 3
stats: {cpu,"os_mon@test3"} 1 21.091290661070307 0.0 21.091290661070307 2.4660291897332662 8.146928992325876 3
stats: {load,"os_mon@test4"} 1 0.7890625 0.0 0.96875 0.7890625 0.9088541666666666 3
stats: {freemem,"os_mon@test4"} 1 1551.75 0.0 1552.83203125 1551.75 1552.3984375 3
stats: {freemem,"os_mon@myserver"} 1 2854.05859375 0.0 2855.46484375 2854.05859375 2855.0013020833335 3
stats: {recvpackets,"os_mon@test2"} 1 12758.0 0.0 12758 4752 6885.5 2
stats: {sentpackets,"os_mon@test2"} 1 8466.0 0.0 8466 3209 4626.5 2
stats: {load,"os_mon@test3"} 1 0.6484375 0.0 1.0703125 0.6484375 0.9166666666666666 3
stats: {cpu,"os_mon@test2"} 1 28.169734151329244 0.0 28.169734151329244 3.9433771486349847 11.618599110477343 3
stats: {freemem,"os_mon@test3"} 1 1400.18359375 0.0 1401.484375 1400.18359375 1400.9296875 3
stats: {recvpackets,"os_mon@test4"} 1 12657.0 0.0 12657 4706 6834.0 2
stats: {sentpackets,"os_mon@test4"} 1 8402.0 0.0 8402 3184 4594.5 2
stats: {cpu,"os_mon@test4"} 1 21.31401965856182 0.0 21.31401965856182 2.5025025025025025 8.146050347774974 3
stats: {load,"os_mon@myserver"} 1 2.4609375 0.0 3.578125 2.4609375 3.109375 3
stats: {recvpackets,"os_mon@myserver"} 1 12842.0 0.0 12842 4837 6956.5 2
stats: {sentpackets,"os_mon@myserver"} 1 8526.0 0.0 8526 3267 4673.0 2
stats: {cpu,"os_mon@myserver"} 1 29.845842810209756 0.0 29.845842810209756 2.416918429003021 12.283910488962002 3
stats: session 3627 13.682266828538573 12.993899425388198 257.550048828125 8.89697265625 12.899623531492825 5598
stats: users_count 3625 9234
stats: finish_users_count 3627 9225
stats: request 35645 1.1250711086539087 3.555810069398208 208.9130859375 0.14794921875 1.0370314735798931 55559
stats: page 3565 11.901242617570983 12.982583746190844 255.08203125 7.4228515625 10.939073726776305 5554
stats: connect 3564 1.063293662536825 0.8794459595967806 24.89794921875 0.485107421875 1.1235042818374472 5559
stats: 200 35645 91204
stats: size_rcv 4241755 10853276
stats: newphase 6 18
stats: size_sent 4729649 12103957
stats: connected -1 4
# stats: dump at 1339065000
stats: users 17 21
stats: {load,"os_mon@test2"} 1 0.9609375 0.0 1.21875 0.9609375 1.154296875 4
stats: {recvpackets,"os_mon@test3"} 1 15948.0 0.0 15948 4692 8769.666666666666 3
stats: {sentpackets,"os_mon@test3"} 1 10534.0 0.0 10534 3172 5858.666666666667 3
stats: {freemem,"os_mon@test2"} 1 1549.48046875 0.0 1550.46484375 1549.46484375 1549.9443359375 4
stats: {cpu,"os_mon@test3"} 1 28.482003129890455 0.0 28.482003129890455 2.4660291897332662 11.383019409511984 4
stats: {load,"os_mon@test4"} 1 0.890625 0.0 0.96875 0.7890625 0.87890625 4
stats: {freemem,"os_mon@test4"} 1 1551.63671875 0.0 1552.83203125 1551.63671875 1552.236328125 4
stats: {freemem,"os_mon@myserver"} 1 2854.4453125 0.0 2855.46484375 2854.05859375 2854.765625 4
stats: {recvpackets,"os_mon@test2"} 1 16013.0 0.0 16013 4752 8843.0 3
stats: {sentpackets,"os_mon@test2"} 1 10570.0 0.0 10570 3209 5906.333333333333 3
stats: {load,"os_mon@test3"} 1 0.55078125 0.0 1.0703125 0.55078125 0.849609375 4
stats: {cpu,"os_mon@test2"} 1 35.51496702181633 0.0 35.51496702181633 3.9433771486349847 15.756382870690318 4
stats: {freemem,"os_mon@test3"} 1 1400.0703125 0.0 1401.484375 1400.0703125 1400.7431640625 4
stats: {recvpackets,"os_mon@test4"} 1 15939.0 0.0 15939 4706 8775.0 3
stats: {sentpackets,"os_mon@test4"} 1 10528.0 0.0 10528 3184 5863.666666666667 3
stats: {cpu,"os_mon@test4"} 1 27.774909654104285 0.0 27.774909654104285 2.5025025025025025 11.438042675471685 4
stats: {load,"os_mon@myserver"} 1 2.16015625 0.0 3.578125 2.16015625 2.947265625 4
stats: {recvpackets,"os_mon@myserver"} 1 16048.0 0.0 16048 4837 8918.333333333334 3
stats: {sentpackets,"os_mon@myserver"} 1 10585.0 0.0 10585 3267 5957.333333333333 3
stats: {cpu,"os_mon@myserver"} 1 36.702127659574465 0.0 36.702127659574465 2.416918429003021 16.674393569273942 4
stats: session 4658 13.65703997155432 15.327452566310269 1012.93994140625 8.64599609375 13.207335969258128 9225
stats: users_count 4666 13900
stats: finish_users_count 4658 13883
stats: request 46385 1.1278683799652354 4.699653430931379 999.31982421875 0.14794921875 1.071439753833098 91204
stats: page 4636 11.95300972307415 15.33466644546352 1011.27294921875 7.38623046875 11.31522594694113 9119
stats: connect 4639 1.2402896342490286 14.651583564996459 997.97119140625 0.325927734375 1.0999823430906075 9123
stats: 200 46385 137589
stats: size_rcv 5519815 16373091
stats: newphase 6 24
stats: size_sent 6157228 18261185
stats: connected 3 7
# stats: dump at 1339065010
stats: users 4 23
stats: {load,"os_mon@test2"} 1 0.96875 0.0 1.21875 0.9609375 1.115625 5
stats: {recvpackets,"os_mon@test3"} 1 20058.0 0.0 20058 4692 10564.25 4
stats: {sentpackets,"os_mon@test3"} 1 13158.0 0.0 13158 3172 7027.5 4
stats: {freemem,"os_mon@test2"} 1 1548.859375 0.0 1550.46484375 1548.859375 1549.8515625 5
stats: {cpu,"os_mon@test3"} 1 33.85909568874869 0.0 33.85909568874869 2.4660291897332662 14.80281615358768 5
stats: {load,"os_mon@test4"} 1 0.8984375 0.0 0.96875 0.7890625 0.88125 5
stats: {freemem,"os_mon@test4"} 1 1551.38671875 0.0 1552.83203125 1551.38671875 1552.11640625 5
stats: {freemem,"os_mon@myserver"} 1 2853.83984375 0.0 2855.46484375 2853.83984375 2854.7015625 5
stats: {recvpackets,"os_mon@test2"} 1 20144.0 0.0 20144 4752 10635.5 4
stats: {sentpackets,"os_mon@test2"} 1 13223.0 0.0 13223 3209 7072.25 4
stats: {load,"os_mon@test3"} 1 0.46875 0.0 1.0703125 0.46875 0.78984375 5
stats: {cpu,"os_mon@test2"} 1 43.456291056088936 0.0 43.456291056088936 3.9433771486349847 19.708099700915522 5
stats: {freemem,"os_mon@test3"} 1 1399.8359375 0.0 1401.484375 1399.8359375 1400.60859375 5
stats: {recvpackets,"os_mon@test4"} 1 20064.0 0.0 20064 4706 10566.0 4
stats: {sentpackets,"os_mon@test4"} 1 13159.0 0.0 13159 3184 7029.75 4
stats: {cpu,"os_mon@test4"} 1 34.47204968944099 0.0 34.47204968944099 2.5025025025025025 14.705416071198204 5
stats: {load,"os_mon@myserver"} 1 2.05859375 0.0 3.578125 2.05859375 2.78984375 5
stats: {recvpackets,"os_mon@myserver"} 1 20179.0 0.0 20179 4837 10700.75 4
stats: {sentpackets,"os_mon@myserver"} 1 13249.0 0.0 13249 3267 7114.25 4
stats: {cpu,"os_mon@myserver"} 1 45.0356415478615 0.0 45.0356415478615 2.416918429003021 20.679940387334046 5
stats: session 5620 14.27354162901745 14.158153792628859 1013.366943359375 8.64599609375 13.358219873507617 13883
stats: users_count 5607 19507
stats: finish_users_count 5620 19503
stats: request 54933 1.18706154418364 4.395741117660572 999.31982421875 0.14794921875 1.0904633808900517 137589
stats: page 5493 12.586775169462824 14.304187270150953 1012.01904296875 7.38623046875 11.530185277086726 13755
stats: connect 5494 1.1892146723982964 13.444863299887926 997.97119140625 0.325927734375 1.1472781957053377 13762
stats: 200 54933 192522
stats: size_rcv 6537027 22910118
stats: newphase 6 30
stats: size_sent 7288997 25550182
stats: connected 1 8
# stats: dump at 1339065020
stats: users 10 30
stats: {load,"os_mon@test2"} 1 0.8984375 0.0 1.21875 0.8984375 1.0911458333333333 6
stats: {recvpackets,"os_mon@test3"} 1 24273.0 0.0 24273 4692 12463.0 5
stats: {sentpackets,"os_mon@test3"} 1 15859.0 0.0 15859 3172 8253.6 5
stats: {freemem,"os_mon@test2"} 1 1548.8671875 0.0 1550.46484375 1548.859375 1549.6861979166667 6
stats: {cpu,"os_mon@test3"} 1 42.344244984160504 0.0 42.344244984160504 2.4660291897332662 17.97886274278118 6
stats: {load,"os_mon@test4"} 1 0.9296875 0.0 0.96875 0.7890625 0.8841145833333334 6
stats: {freemem,"os_mon@test4"} 1 1550.89453125 0.0 1552.83203125 1550.89453125 1551.9947916666667 6
stats: {freemem,"os_mon@myserver"} 1 2854.046875 0.0 2855.46484375 2853.83984375 2854.5579427083335 6
stats: {recvpackets,"os_mon@test2"} 1 24338.0 0.0 24338 4752 12537.2 5
stats: {sentpackets,"os_mon@test2"} 1 15894.0 0.0 15894 3209 8302.4 5
stats: {load,"os_mon@test3"} 1 0.46875 0.0 1.0703125 0.46875 0.736328125 6
stats: {cpu,"os_mon@test2"} 1 46.403242147923 0.0 46.403242147923 3.9433771486349847 23.666131593444423 6
stats: {freemem,"os_mon@test3"} 1 1399.578125 0.0 1401.484375 1399.578125 1400.4798177083333 6
stats: {recvpackets,"os_mon@test4"} 1 24278.0 0.0 24278 4706 12465.6 5
stats: {sentpackets,"os_mon@test4"} 1 15861.0 0.0 15861 3184 8255.6 5
stats: {cpu,"os_mon@test4"} 1 41.834106130860384 0.0 41.834106130860384 2.5025025025025025 17.999855007572002 6
stats: {load,"os_mon@myserver"} 1 2.12109375 0.0 3.578125 2.05859375 2.66796875 6
stats: {recvpackets,"os_mon@myserver"} 1 24453.0 0.0 24453 4837 12596.4 5
stats: {sentpackets,"os_mon@myserver"} 1 15970.0 0.0 15970 3267 8341.2 5
stats: {cpu,"os_mon@myserver"} 1 53.21264660887303 0.0 53.21264660887303 2.416918429003021 24.739223914088623 6
stats: session 6460 15.517911985415054 15.301320966229218 1013.366943359375 8.64599609375 13.621979718965509 19503
stats: users_count 6466 25973
stats: finish_users_count 6460 25963
stats: request 64371 1.303515097054567 4.514942422292046 999.31982421875 0.14794921875 1.1180260849145616 192522
stats: page 6439 13.804140335322348 15.258243965979988 1012.01904296875 7.38623046875 11.831715216759518 19248
stats: connect 6436 1.2234790676346863 12.452602976711242 997.97119140625 0.325927734375 1.1592432457131854 19256
stats: 200 64371 256893
stats: size_rcv 7660149 30570267
stats: newphase 6 36
stats: size_sent 8530925 34081107
stats: connected -3 5
# stats: dump at 1339065030
stats: users 16 40
stats: {load,"os_mon@test2"} 1 0.83984375 0.0 1.21875 0.83984375 1.0636160714285714 7
stats: {recvpackets,"os_mon@test3"} 1 27277.0 0.0 27277 4692 14431.333333333334 6
stats: {sentpackets,"os_mon@test3"} 1 17848.0 0.0 17848 3172 9521.166666666666 6
stats: {freemem,"os_mon@test2"} 1 1548.40625 0.0 1550.46484375 1548.40625 1549.5691964285713 7
stats: {cpu,"os_mon@test3"} 1 47.257383966244724 0.0 47.257383966244724 2.4660291897332662 21.459631634406797 7
stats: {load,"os_mon@test4"} 1 1.01171875 0.0 1.01171875 0.7890625 0.890625 7
stats: {freemem,"os_mon@test4"} 1 1550.91015625 0.0 1552.83203125 1550.89453125 1551.837611607143 7
stats: {freemem,"os_mon@myserver"} 1 2853.8203125 0.0 2855.46484375 2853.8203125 2854.484933035714 7
stats: {recvpackets,"os_mon@test2"} 1 27388.0 0.0 27388 4752 14504.0 6
stats: {sentpackets,"os_mon@test2"} 1 17926.0 0.0 17926 3209 9567.666666666666 6
stats: {load,"os_mon@test3"} 1 0.48046875 0.0 1.0703125 0.46875 0.6981026785714286 7
stats: {cpu,"os_mon@test2"} 1 55.64516129032258 0.0 55.64516129032258 3.9433771486349847 26.91429024408422 7
stats: {freemem,"os_mon@test3"} 1 1399.45703125 0.0 1401.484375 1399.45703125 1400.3510044642858 7
stats: {recvpackets,"os_mon@test4"} 1 27290.0 0.0 27290 4706 14434.333333333334 6
stats: {sentpackets,"os_mon@test4"} 1 17860.0 0.0 17860 3184 9523.166666666666 6
stats: {cpu,"os_mon@test4"} 1 46.33642930856553 0.0 46.33642930856553 2.5025025025025025 21.404748025184627 7
stats: {load,"os_mon@myserver"} 1 2.03125 0.0 3.578125 2.03125 2.58984375 7
stats: {recvpackets,"os_mon@myserver"} 1 27440.0 0.0 27440 4837 14572.5 6
stats: {sentpackets,"os_mon@myserver"} 1 17961.0 0.0 17961 3267 9612.666666666666 6
stats: {cpu,"os_mon@myserver"} 1 58.454106280193244 0.0 58.454106280193244 2.416918429003021 28.80685572762925 7
stats: session 7231 21.094983026638793 52.86908161968097 1044.68408203125 8.64599609375 14.093717285551191 25963
stats: users_count 7237 33210
stats: finish_users_count 7231 33194
stats: request 72381 1.8335556473189603 16.433501409432704 1024.1279296875 0.14794921875 1.1645050205043375 256893
stats: page 7237 19.215579005619848 52.764394402419065 1041.322021484375 7.38623046875 12.326146070437488 25687
stats: connect 7239 3.50232606422244 48.44192224957066 1010.14599609375 0.325927734375 1.1753347041394182 25692
stats: 200 72381 329274
stats: size_rcv 8613339 39183606
stats: newphase 6 42
stats: size_sent 9593424 43674531
stats: connected 2 7
# stats: dump at 1339065040
stats: users 11 72
stats: {load,"os_mon@test2"} 1 0.94921875 0.0 1.21875 0.83984375 1.03564453125 8
stats: {recvpackets,"os_mon@test3"} 1 30640.0 0.0 30640 4692 16266.42857142857 7
stats: {sentpackets,"os_mon@test3"} 1 20115.0 0.0 20115 3172 10710.714285714286 7
stats: {freemem,"os_mon@test2"} 1 1548.1640625 0.0 1550.46484375 1548.1640625 1549.423828125 8
stats: {cpu,"os_mon@test3"} 1 53.173333333333325 0.0 53.173333333333325 2.4660291897332662 24.684350675886538 8
stats: {load,"os_mon@test4"} 1 0.859375 0.0 1.01171875 0.7890625 0.90576171875 8
stats: {freemem,"os_mon@test4"} 1 1550.91796875 0.0 1552.83203125 1550.89453125 1551.7216796875 8
stats: {freemem,"os_mon@myserver"} 1 2852.97265625 0.0 2855.46484375 2852.97265625 2854.40185546875 8
stats: {recvpackets,"os_mon@test2"} 1 30664.0 0.0 30664 4752 16344.57142857143 7
stats: {sentpackets,"os_mon@test2"} 1 20124.0 0.0 20124 3209 10761.714285714286 7
stats: {load,"os_mon@test3"} 1 0.7109375 0.0 1.0703125 0.46875 0.6708984375 8
stats: {cpu,"os_mon@test2"} 1 58.06451612903226 0.0 58.06451612903226 3.9433771486349847 30.505649124864014 8
stats: {freemem,"os_mon@test3"} 1 1398.8515625 0.0 1401.484375 1398.8515625 1400.2392578125 8
stats: {recvpackets,"os_mon@test4"} 1 30688.0 0.0 30688 4706 16270.857142857143 7
stats: {sentpackets,"os_mon@test4"} 1 20151.0 0.0 20151 3184 10714.142857142857 7
stats: {cpu,"os_mon@test4"} 1 51.734852408078716 0.0 51.734852408078716 2.5025025025025025 24.52120818560724 8
stats: {load,"os_mon@myserver"} 1 2.1796875 0.0 3.578125 2.03125 2.52001953125 8
stats: {recvpackets,"os_mon@myserver"} 1 30695.0 0.0 30695 4837 16410.714285714286 7
stats: {sentpackets,"os_mon@myserver"} 1 20140.0 0.0 20140 3267 10805.285714285714 7
stats: {cpu,"os_mon@myserver"} 1 64.25316455696203 0.0 64.25316455696203 2.416918429003021 32.51276204669975 8
stats: session 8263 29.98227178007387 59.28483418962246 1249.989013671875 8.64599609375 15.618877030499208 33194
stats: users_count 8258 41468
stats: finish_users_count 8263 41457
stats: request 82630 2.726580419797781 17.77347700889971 1024.1279296875 0.14794921875 1.3115757075900754 329274
stats: page 8258 28.27232284342646 59.13689101776947 1247.653076171875 7.38623046875 13.840507209786132 32924
stats: connect 8267 3.6692243303571423 49.13092745719182 1010.14599609375 0.325927734375 1.686861546799556 32931
stats: 200 82630 411904
stats: size_rcv 9832970 49016576
stats: newphase 6 48
stats: size_sent 10960834 54635365
stats: connected 9 16
# stats: dump at 1339065050
stats: users 227 228
stats: {load,"os_mon@test2"} 1 0.94921875 0.0 1.21875 0.83984375 1.0260416666666667 9
stats: {recvpackets,"os_mon@test3"} 1 34729.0 0.0 34729 4692 18063.125 8
stats: {sentpackets,"os_mon@test3"} 1 22765.0 0.0 22765 3172 11886.25 8
stats: {freemem,"os_mon@test2"} 1 1547.96875 0.0 1550.46484375 1547.96875 1549.2838541666667 9
stats: {cpu,"os_mon@test3"} 1 59.41333333333333 0.0 59.41333333333333 2.4660291897332662 27.849793193380624 9
stats: {load,"os_mon@test4"} 1 0.80078125 0.0 1.01171875 0.7890625 0.9006076388888888 9
stats: {freemem,"os_mon@test4"} 1 1550.5390625 0.0 1552.83203125 1550.5390625 1551.6323784722222 9
stats: {freemem,"os_mon@myserver"} 1 2850.40625 0.0 2855.46484375 2850.40625 2854.2430555555557 9
stats: {recvpackets,"os_mon@test2"} 1 34849.0 0.0 34849 4752 18134.5 8
stats: {sentpackets,"os_mon@test2"} 1 22844.0 0.0 22844 3209 11932.0 8
stats: {load,"os_mon@test3"} 1 0.6796875 0.0 1.0703125 0.46875 0.6753472222222222 9
stats: {cpu,"os_mon@test2"} 1 64.18061897513952 0.0 64.18061897513952 3.9433771486349847 33.56774545866048 9
stats: {freemem,"os_mon@test3"} 1 1398.58984375 0.0 1401.484375 1398.58984375 1400.0850694444443 9
stats: {recvpackets,"os_mon@test4"} 1 34685.0 0.0 34685 4706 18073.0 8
stats: {sentpackets,"os_mon@test4"} 1 22733.0 0.0 22733 3184 11893.75 8
stats: {cpu,"os_mon@test4"} 1 57.458847736625515 0.0 57.458847736625515 2.5025025025025025 27.544946432548514 9
stats: {load,"os_mon@myserver"} 1 2.0703125 0.0 3.578125 2.03125 2.482204861111111 9
stats: {recvpackets,"os_mon@myserver"} 1 34862.0 0.0 34862 4837 18196.25 8
stats: {sentpackets,"os_mon@myserver"} 1 22857.0 0.0 22857 3267 11972.125 8
stats: {cpu,"os_mon@myserver"} 1 70.24918197835389 0.0 70.24918197835389 2.416918429003021 36.03947343672889 9
stats: session 8861 77.47462213169902 99.96873420056555 1301.06494140625 8.64599609375 18.48171637767183 41457
stats: users_count 9077 50545
stats: finish_users_count 8861 50318
stats: request 89615 7.2183987170160275 22.511861737006235 1024.1279296875 0.14794921875 1.5954327212867685 411904
stats: page 8900 71.97510871115698 93.6936963487503 1264.367919921875 7.38623046875 16.734439838182077 41182
stats: connect 9046 3.3444179726363905 45.74621597319251 1010.14599609375 0.325927734375 2.0846525349948704 41198
stats: 200 89615 501519
stats: size_rcv 10664185 59680761
stats: newphase 6 54
stats: size_sent 11905422 66540787
stats: connected 146 162
# stats: dump at 1339065060
stats: users 1188 1190
stats: {load,"os_mon@test2"} 1 0.9609375 0.0 1.21875 0.83984375 1.018359375 10
stats: {recvpackets,"os_mon@test3"} 1 37918.0 0.0 37918 4692 19914.88888888889 9
stats: {sentpackets,"os_mon@test3"} 1 24788.0 0.0 24788 3172 13095.0 9
stats: {freemem,"os_mon@test2"} 1 1543.53125 0.0 1550.46484375 1543.53125 1549.15234375 10
stats: {cpu,"os_mon@test3"} 1 64.33492315845257 0.0 64.33492315845257 2.4660291897332662 31.006147207375896 10
stats: {load,"os_mon@test4"} 1 0.76171875 0.0 1.01171875 0.76171875 0.890625 10
stats: {freemem,"os_mon@test4"} 1 1546.4140625 0.0 1552.83203125 1546.4140625 1551.523046875 10
stats: {freemem,"os_mon@myserver"} 1 2839.31640625 0.0 2855.46484375 2839.31640625 2853.859375 10
stats: {recvpackets,"os_mon@test2"} 1 37967.0 0.0 37967 4752 19991.666666666668 9
stats: {sentpackets,"os_mon@test2"} 1 24817.0 0.0 24817 3209 13144.444444444445 9
stats: {load,"os_mon@test3"} 1 0.73828125 0.0 1.0703125 0.46875 0.67578125 10
stats: {cpu,"os_mon@test2"} 1 67.293997965412 0.0 67.293997965412 3.9433771486349847 36.62903281030839 10
stats: {freemem,"os_mon@test3"} 1 1394.578125 0.0 1401.484375 1394.578125 1399.935546875 10
stats: {recvpackets,"os_mon@test4"} 1 37939.0 0.0 37939 4706 19918.777777777777 9
stats: {sentpackets,"os_mon@test4"} 1 24797.0 0.0 24797 3184 13098.111111111111 9
stats: {cpu,"os_mon@test4"} 1 62.66944734098019 0.0 62.66944734098019 2.5025025025025025 30.536336562956212 10
stats: {load,"os_mon@myserver"} 1 2.2109375 0.0 3.578125 2.03125 2.441015625 10
stats: {recvpackets,"os_mon@myserver"} 1 37969.0 0.0 37969 4837 20048.0 9
stats: {sentpackets,"os_mon@myserver"} 1 24812.0 0.0 24812 3267 13181.555555555555 9
stats: {cpu,"os_mon@myserver"} 1 74.94984954864594 0.0 74.94984954864594 2.416918429003021 39.46044429089139 10
stats: session 8318 743.0971164873047 682.5215600468173 5670.488037109375 8.64599609375 28.870367315436347 50318
stats: users_count 9279 59824
stats: finish_users_count 8318 58636
stats: request 86381 75.22531150434295 162.58217887937255 4751.091064453125 0.14794921875 2.600184480855753 501519
stats: page 8371 718.5339622037288 680.4787716952636 5667.23193359375 7.38623046875 26.551179444617055 50082
stats: connect 8988 99.31160818591464 368.7396885394943 3050.18994140625 0.325927734375 2.3114624655120504 50244
stats: 200 86381 587900
stats: size_rcv 10279339 69960100
stats: newphase 6 60
stats: size_sent 11528813 78069600
stats: connected 617 779
# stats: dump at 1339065070
stats: users 1961 2004
stats: {load,"os_mon@test2"} 1 1.0390625 0.0 1.21875 0.83984375 1.0131392045454546 11
stats: {recvpackets,"os_mon@test3"} 1 36509.0 0.0 37918 4692 21715.2 10
stats: {sentpackets,"os_mon@test3"} 1 23514.0 0.0 24788 3172 14264.3 10
stats: {freemem,"os_mon@test2"} 1 1531.2109375 0.0 1550.46484375 1531.2109375 1548.6413352272727 11
stats: {cpu,"os_mon@test3"} 1 68.26821541710665 0.0 68.26821541710665 2.4660291897332662 34.03603593020105 11
stats: {load,"os_mon@test4"} 1 0.71875 0.0 1.01171875 0.71875 0.87890625 11
stats: {freemem,"os_mon@test4"} 1 1535.1875 0.0 1552.83203125 1535.1875 1551.05859375 11
stats: {freemem,"os_mon@myserver"} 1 2815.93359375 0.0 2855.46484375 2815.93359375 2852.537286931818 11
stats: {recvpackets,"os_mon@test2"} 1 36401.0 0.0 37967 4752 21789.2 10
stats: {sentpackets,"os_mon@test2"} 1 23447.0 0.0 24817 3209 14311.7 10
stats: {load,"os_mon@test3"} 1 0.9296875 0.0 1.0703125 0.46875 0.6814630681818182 11
stats: {cpu,"os_mon@test2"} 1 66.23975409836066 0.0 67.293997965412 3.9433771486349847 39.41675691531781 11
stats: {freemem,"os_mon@test3"} 1 1383.9609375 0.0 1401.484375 1383.9609375 1399.4485085227273 11
stats: {recvpackets,"os_mon@test4"} 1 36484.0 0.0 37939 4706 21720.8 10
stats: {sentpackets,"os_mon@test4"} 1 2.35e4 0.0 24797 3184 14268.0 10
stats: {cpu,"os_mon@test4"} 1 66.64918720503408 0.0 66.64918720503408 2.5025025025025025 33.45752845186748 11
stats: {load,"os_mon@myserver"} 1 2.328125 0.0 3.578125 2.03125 2.4200994318181817 11
stats: {recvpackets,"os_mon@myserver"} 1 36441.0 0.0 37969 4837 21840.1 10
stats: {sentpackets,"os_mon@myserver"} 1 23475.0 0.0 24812 3267 14344.6 10
stats: {cpu,"os_mon@myserver"} 1 76.87687687687688 0.0 76.87687687687688 2.416918429003021 42.686753859778165 11
stats: session 8774 1182.9723211201058 1061.883174942679 9500.869873046875 8.64599609375 130.18931982944824 58636
stats: users_count 9547 69371
stats: finish_users_count 8774 67410
stats: request 87514 124.11560855062329 372.502212106019 8432.02490234375 0.14794921875 13.271099768176468 587900
stats: page 8799 1169.0348885526753 1031.7806011075354 9499.36181640625 7.38623046875 125.6493929576365 58453
stats: connect 8719 445.5984461579054 1002.6533412418187 7034.876220703125 0.325927734375 17.030487818952395 59232
stats: 200 87514 675414
stats: size_rcv 10414166 80374266
stats: newphase 6 66
stats: size_sent 11596422 89666022
stats: connected -80 699
# stats: dump at 1339065080
stats: users 3030 3227
stats: {load,"os_mon@test2"} 1 1.19140625 0.0 1.21875 0.83984375 1.0152994791666667 12
stats: {recvpackets,"os_mon@test3"} 1 39161.0 0.0 39161 4692 23060.090909090908 11
stats: {sentpackets,"os_mon@test3"} 1 25398.0 0.0 25398 3172 15105.181818181818 11
stats: {freemem,"os_mon@test2"} 1 1525.9140625 0.0 1550.46484375 1525.9140625 1547.1888020833333 12
stats: {cpu,"os_mon@test3"} 1 71.07309486780716 0.0 71.07309486780716 2.4660291897332662 36.88871755410985 12
stats: {load,"os_mon@test4"} 1 0.921875 0.0 1.01171875 0.71875 0.8655598958333334 12
stats: {freemem,"os_mon@test4"} 1 1527.99609375 0.0 1552.83203125 1527.99609375 1549.7360026041667 12
stats: {freemem,"os_mon@myserver"} 1 2812.6953125 0.0 2855.46484375 2812.6953125 2849.4869791666665 12
stats: {recvpackets,"os_mon@test2"} 1 39054.0 0.0 39054 4752 23117.545454545456 11
stats: {sentpackets,"os_mon@test2"} 1 25340.0 0.0 25340 3209 15142.181818181818 11
stats: {load,"os_mon@test3"} 1 0.87109375 0.0 1.0703125 0.46875 0.7021484375 12
stats: {cpu,"os_mon@test2"} 1 65.63626996393612 0.0 67.293997965412 3.9433771486349847 41.65200668057138 12
stats: {freemem,"os_mon@test3"} 1 1376.18359375 0.0 1401.484375 1376.18359375 1398.1578776041667 12
stats: {recvpackets,"os_mon@test4"} 1 39208.0 0.0 39208 4706 23062.909090909092 11
stats: {sentpackets,"os_mon@test4"} 1 25430.0 0.0 25430 3184 15107.272727272728 11
stats: {cpu,"os_mon@test4"} 1 68.17226890756302 0.0 68.17226890756302 2.5025025025025025 36.22350001463136 12
stats: {load,"os_mon@myserver"} 1 2.4296875 0.0 3.578125 2.03125 2.4124348958333335 12
stats: {recvpackets,"os_mon@myserver"} 1 40590.0 0.0 40590 4837 23167.454545454544 11
stats: {sentpackets,"os_mon@myserver"} 1 26366.0 0.0 26366 3267 15174.636363636364 11
stats: {cpu,"os_mon@myserver"} 1 79.76219364231983 0.0 79.76219364231983 2.416918429003021 45.53593077786973 12
stats: session 8887 1819.2849348009638 1947.6174714238314 17156.288818359375 8.64599609375 267.218218410137 67410
stats: users_count 9956 79327
stats: finish_users_count 8887 76297
stats: request 88562 180.02051118672517 644.4996605119909 15340.4169921875 0.14794921875 27.63332255536633 675414
stats: page 8823 1820.2073617515998 1955.057951021784 17154.111083984375 7.38623046875 262.1620464956836 67252
stats: connect 8794 917.0294649194851 1734.4917684269317 15103.0390625 0.325927734375 72.02134930380666 67951
stats: 200 88562 763976
stats: size_rcv 10538878 90913144
stats: newphase 6 72
stats: size_sent 11742162 101408184
stats: connected -29 670
# stats: dump at 1339065090
stats: users 2881 4073
stats: {load,"os_mon@test2"} 1 1.3203125 0.0 1.3203125 0.83984375 1.0288461538461537 13
stats: {recvpackets,"os_mon@test3"} 1 39263.0 0.0 39263 4692 24401.833333333332 12
stats: {sentpackets,"os_mon@test3"} 1 25680.0 0.0 25680 3172 15962.916666666666 12
stats: {freemem,"os_mon@test2"} 1 1516.06640625 0.0 1550.46484375 1516.06640625 1545.5522836538462 13
stats: {cpu,"os_mon@test3"} 1 72.2715404699739 0.0 72.2715404699739 2.4660291897332662 39.518285039778874 13
stats: {load,"os_mon@test4"} 1 0.859375 0.0 1.01171875 0.71875 0.8698918269230769 13
stats: {freemem,"os_mon@test4"} 1 1519.23828125 0.0 1552.83203125 1519.23828125 1548.063701923077 13
stats: {freemem,"os_mon@myserver"} 1 2811.4375 0.0 2855.46484375 2811.4375 2846.6568509615386 13
stats: {recvpackets,"os_mon@test2"} 1 39452.0 0.0 39452 4752 24445.583333333332 12
stats: {sentpackets,"os_mon@test2"} 1 25796.0 0.0 25796 3209 15992.0 12
stats: {load,"os_mon@test3"} 1 1.0390625 0.0 1.0703125 0.46875 0.7151442307692307 13
stats: {cpu,"os_mon@test2"} 1 68.91891891891892 0.0 68.91891891891892 3.9433771486349847 43.49695001006098 13
stats: {freemem,"os_mon@test3"} 1 1367.7890625 0.0 1401.484375 1367.7890625 1396.467548076923 13
stats: {recvpackets,"os_mon@test4"} 1 39197.0 0.0 39208 4706 24408.333333333332 12
stats: {sentpackets,"os_mon@test4"} 1 25635.0 0.0 25635 3184 15967.5 12
stats: {cpu,"os_mon@test4"} 1 70.91757387247279 0.0 70.91757387247279 2.5025025025025025 38.681097621779955 13
stats: {load,"os_mon@myserver"} 1 2.51953125 0.0 3.578125 2.03125 2.413762019230769 13
stats: {recvpackets,"os_mon@myserver"} 1 40257.0 0.0 40590 4837 24619.333333333332 12
stats: {sentpackets,"os_mon@myserver"} 1 26291.0 0.0 26366 3267 16107.25 12
stats: {cpu,"os_mon@myserver"} 1 82.15196328403876 0.0 82.15196328403876 2.416918429003021 48.16872022898128 13
stats: session 8812 2462.809947328574 3184.4404437509097 31971.51611328125 8.64599609375 448.00143280343264 76297
stats: users_count 8663 87990
stats: finish_users_count 8812 85109
stats: request 87560 252.46529939458856 1162.05491342206 31170.885009765625 0.14794921875 45.29842486168276 763976
stats: page 8807 2398.601130686838 3115.247320623224 31969.89013671875 7.38623046875 442.8604864102804 76075
stats: connect 8757 1599.188011616376 3305.0415091312466 31126.51806640625 0.325927734375 168.8485220020186 76745
stats: 200 87560 851536
stats: size_rcv 10419640 101332784
stats: newphase 6 78
stats: size_sent 11606556 113014740
stats: connected -50 620
# stats: dump at 1339065100
stats: users 3552 4073
stats: {load,"os_mon@test2"} 1 1.26953125 0.0 1.3203125 0.83984375 1.0496651785714284 14
stats: {recvpackets,"os_mon@test3"} 1 34051.0 0.0 39263 4692 25545.0 13
stats: {sentpackets,"os_mon@test3"} 1 22344.0 0.0 25680 3172 16710.384615384617 13
stats: {freemem,"os_mon@test2"} 1 1516.22265625 0.0 1550.46484375 1516.06640625 1543.4461495535713 14
stats: {cpu,"os_mon@test3"} 1 70.36269430051814 0.0 72.2715404699739 2.4660291897332662 41.85780328479281 14
stats: {load,"os_mon@test4"} 1 1.109375 0.0 1.109375 0.71875 0.869140625 14
stats: {freemem,"os_mon@test4"} 1 1489.7109375 0.0 1552.83203125 1489.7109375 1546.0047433035713 14
stats: {freemem,"os_mon@myserver"} 1 2808.37109375 0.0 2855.46484375 2808.37109375 2844.141183035714 14
stats: {recvpackets,"os_mon@test2"} 1 35004.0 0.0 39452 4752 25599.923076923078 13
stats: {sentpackets,"os_mon@test2"} 1 22947.0 0.0 25796 3209 16746.153846153848 13
stats: {load,"os_mon@test3"} 1 1.19140625 0.0 1.19140625 0.46875 0.73828125 14
stats: {cpu,"os_mon@test2"} 1 59.956826767404216 0.0 68.91891891891892 3.9433771486349847 45.31280493212226 14
stats: {freemem,"os_mon@test3"} 1 1360.41015625 0.0 1401.484375 1360.41015625 1394.4190848214287 14
stats: {recvpackets,"os_mon@test4"} 1 34054.0 0.0 39208 4706 25545.923076923078 13
stats: {sentpackets,"os_mon@test4"} 1 22343.0 0.0 25635 3184 16711.153846153848 13
stats: {cpu,"os_mon@test4"} 1 73.78080755112742 0.0 73.78080755112742 2.5025025025025025 40.983703068258016 14
stats: {load,"os_mon@myserver"} 1 2.58984375 0.0 3.578125 2.03125 2.4213169642857144 14
stats: {recvpackets,"os_mon@myserver"} 1 33487.0 0.0 40590 4837 25822.23076923077 13
stats: {sentpackets,"os_mon@myserver"} 1 21956.0 0.0 26366 3267 16890.615384615383 13
stats: {cpu,"os_mon@myserver"} 1 78.7367891293407 0.0 82.15196328403876 2.416918429003021 50.596094732913954 14
stats: session 8224 3273.0251590120224 5380.534695472748 39536.2861328125 8.64599609375 656.6103064830146 85109
stats: users_count 8895 96885
stats: finish_users_count 8224 93333
stats: request 84499 324.6672397692508 1781.1362464129236 32331.18994140625 0.14794921875 66.60055599190066 851536
stats: page 8314 3309.6431688607427 5357.586821354307 39534.757080078125 7.38623046875 645.779925798415 84882
stats: connect 8739 2097.6531318501366 5031.188304810417 31126.51806640625 0.325927734375 315.3419714014821 85502
stats: 200 84499 936035
stats: size_rcv 10055381 111388165
stats: newphase 6 84
stats: size_sent 11268385 124283125
stats: connected 425 1045
# stats: dump at 1339065110
stats: users 2541 4468
stats: {load,"os_mon@test2"} 1 1.390625 0.0 1.390625 0.83984375 1.0643229166666663 15
stats: {recvpackets,"os_mon@test3"} 1 38070.0 0.0 39263 4692 26152.571428571428 14
stats: {sentpackets,"os_mon@test3"} 1 24798.0 0.0 25680 3172 17112.785714285717 14
stats: {freemem,"os_mon@test2"} 1 1514.41796875 0.0 1550.46484375 1514.41796875 1541.63125 15
stats: {cpu,"os_mon@test3"} 1 78.77211238293444 0.0 78.77211238293444 2.4660291897332662 43.75812935250783 15
stats: {load,"os_mon@test4"} 1 1.171875 0.0 1.171875 0.71875 0.88515625 15
stats: {freemem,"os_mon@test4"} 1 1482.203125 0.0 1552.83203125 1482.203125 1542.2518229166667 15
stats: {freemem,"os_mon@myserver"} 1 2806.40234375 0.0 2855.46484375 2806.40234375 2841.7565104166665 15
stats: {recvpackets,"os_mon@test2"} 1 38794.0 0.0 39452 4752 26271.64285714286 14
stats: {sentpackets,"os_mon@test2"} 1 25303.0 0.0 25796 3209 17189.07142857143 14
stats: {load,"os_mon@test3"} 1 1.23046875 0.0 1.23046875 0.46875 0.7684895833333333 15
stats: {cpu,"os_mon@test2"} 1 57.69020251778873 0.0 68.91891891891892 3.9433771486349847 46.28907305447439 15
stats: {freemem,"os_mon@test3"} 1 1361.86328125 0.0 1401.484375 1360.41015625 1392.1518229166666 15
stats: {recvpackets,"os_mon@test4"} 1 38063.0 0.0 39208 4706 26153.64285714286 14
stats: {sentpackets,"os_mon@test4"} 1 24794.0 0.0 25635 3184 17113.428571428572 14
stats: {cpu,"os_mon@test4"} 1 76.39686684073106 0.0 76.39686684073106 2.5025025025025025 43.17017670044931 15
stats: {load,"os_mon@myserver"} 1 2.66015625 0.0 3.578125 2.03125 2.4325520833333334 15
stats: {recvpackets,"os_mon@myserver"} 1 39904.0 0.0 40590 4837 26369.714285714286 14
stats: {sentpackets,"os_mon@myserver"} 1 26069.0 0.0 26366 3267 17252.42857142857 14
stats: {cpu,"os_mon@myserver"} 1 78.51116625310173 0.0 82.15196328403876 2.416918429003021 52.472141026009076 15
stats: session 8717 3276.192235185426 5175.650041679148 39536.2861328125 8.64599609375 887.1546557185321 93333
stats: users_count 7706 104591
stats: finish_users_count 8717 102050
stats: request 85788 344.6361900091592 1887.6709925367384 34320.26806640625 0.14794921875 89.89709587823218 936035
stats: page 8647 3183.9497338819165 4931.965344888593 39534.757080078125 7.38623046875 883.4227323868973 93196
stats: connect 8408 2449.4215602130766 5485.769101050599 32357.574951171875 0.325927734375 480.61629182635875 94241
stats: 200 85788 1021823
stats: size_rcv 10208772 121596937
stats: newphase 6 90
stats: size_sent 11352858 135635983
stats: connected -239 806
# stats: dump at 1339065120
stats: users 2687 4468
stats: {load,"os_mon@test2"} 1 1.25 0.0 1.390625 0.83984375 1.0847167968749996 16
stats: {recvpackets,"os_mon@test3"} 1 32694.0 0.0 39263 4692 26947.066666666666 15
stats: {sentpackets,"os_mon@test3"} 1 21768.0 0.0 25680 3172 17625.13333333334 15
stats: {freemem,"os_mon@test2"} 1 1513.3203125 0.0 1550.46484375 1513.3203125 1539.930419921875 16
stats: {cpu,"os_mon@test3"} 1 74.74012474012474 0.0 78.77211238293444 2.4660291897332662 45.946503291909494 16
stats: {load,"os_mon@test4"} 1 1.21875 0.0 1.21875 0.71875 0.903076171875 16
stats: {freemem,"os_mon@test4"} 1 1482.21484375 0.0 1552.83203125 1482.203125 1538.498779296875 16
stats: {freemem,"os_mon@myserver"} 1 2806.91015625 0.0 2855.46484375 2806.40234375 2839.546875 16
stats: {recvpackets,"os_mon@test2"} 1 32805.0 0.0 39452 4752 27106.466666666667 15
stats: {sentpackets,"os_mon@test2"} 1 21862.0 0.0 25796 3209 17730.0 15
stats: {load,"os_mon@test3"} 1 1.19140625 0.0 1.23046875 0.46875 0.79736328125 16
stats: {cpu,"os_mon@test2"} 1 57.653333333333336 0.0 68.91891891891892 3.9433771486349847 47.00164364593154 16
stats: {freemem,"os_mon@test3"} 1 1337.69140625 0.0 1401.484375 1337.69140625 1390.2587890625 16
stats: {recvpackets,"os_mon@test4"} 1 32678.0 0.0 39208 4706 26947.6 15
stats: {sentpackets,"os_mon@test4"} 1 21762.0 0.0 25635 3184 17625.466666666667 15
stats: {cpu,"os_mon@test4"} 1 67.84396415392725 0.0 76.39686684073106 2.5025025025025025 45.246844834216915 16
stats: {load,"os_mon@myserver"} 1 2.7109375 0.0 3.578125 2.03125 2.44677734375 16
stats: {recvpackets,"os_mon@myserver"} 1 32922.0 0.0 40590 4837 27272.0 15
stats: {sentpackets,"os_mon@myserver"} 1 21928.0 0.0 26366 3267 17840.2 15
stats: {cpu,"os_mon@myserver"} 1 78.42396777442094 0.0 82.15196328403876 2.416918429003021 54.09958010270236 16
stats: session 8570 3104.880792628034 5178.7768827504315 39536.2861328125 8.64599609375 1091.2236471953859 102050
stats: users_count 8716 113307
stats: finish_users_count 8570 110620
stats: request 86678 294.1734554780432 1563.1660977484057 34320.26806640625 0.14794921875 111.28392843857185 1021823
stats: page 8662 3167.2480992150054 5430.237656467788 39534.757080078125 7.38623046875 1078.7494311480045 101843
stats: connect 8704 1865.6597611483414 4488.486489143699 32420.0380859375 0.325927734375 641.8815228232074 102649
stats: 200 86678 1108501
stats: size_rcv 10314682 131911619
stats: newphase 6 96
stats: size_sent 11495309 147131292
stats: connected 42 848
# stats: dump at 1339065130
stats: users 2393 4468
stats: {load,"os_mon@test2"} 1 1.2890625 0.0 1.390625 0.83984375 1.0944393382352937 17
stats: {recvpackets,"os_mon@test3"} 1 35770.0 0.0 39263 4692 27306.25 16
stats: {sentpackets,"os_mon@test3"} 1 23770.0 0.0 25680 3172 17884.062500000004 16
stats: {freemem,"os_mon@test2"} 1 1514.1484375 0.0 1550.46484375 1513.3203125 1538.3651194852941 17
stats: {cpu,"os_mon@test3"} 1 80.72538860103627 0.0 80.72538860103627 2.4660291897332662 47.6402457300398 17
stats: {load,"os_mon@test4"} 1 1.26171875 0.0 1.26171875 0.71875 0.9216452205882353 17
stats: {freemem,"os_mon@test4"} 1 1479.79296875 0.0 1552.83203125 1479.79296875 1535.1879595588234 17
stats: {freemem,"os_mon@myserver"} 1 2806.1328125 0.0 2855.46484375 2806.1328125 2837.627068014706 17
stats: {recvpackets,"os_mon@test2"} 1 35720.0 0.0 39452 4752 27462.625 16
stats: {sentpackets,"os_mon@test2"} 1 23695.0 0.0 25796 3209 17988.25 16
stats: {load,"os_mon@test3"} 1 1.16015625 0.0 1.23046875 0.46875 0.8205422794117647 17
stats: {cpu,"os_mon@test2"} 1 56.83116883116883 0.0 68.91891891891892 3.9433771486349847 47.6282136275434 17
stats: {freemem,"os_mon@test3"} 1 1309.6796875 0.0 1401.484375 1309.6796875 1387.1665900735295 17
stats: {recvpackets,"os_mon@test4"} 1 35807.0 0.0 39208 4706 27305.75 16
stats: {sentpackets,"os_mon@test4"} 1 23793.0 0.0 25635 3184 17884.0 16
stats: {cpu,"os_mon@test4"} 1 66.98412698412697 0.0 76.39686684073106 2.5025025025025025 46.57608714714105 17
stats: {load,"os_mon@myserver"} 1 2.75 0.0 3.578125 2.03125 2.4623161764705883 17
stats: {recvpackets,"os_mon@myserver"} 1 36687.0 0.0 40590 4837 27625.125 16
stats: {sentpackets,"os_mon@myserver"} 1 24324.0 0.0 26366 3267 18095.6875 16
stats: {cpu,"os_mon@myserver"} 1 80.32138442521631 0.0 82.15196328403876 2.416918429003021 55.53042643633287 17
stats: session 8684 2653.283065057916 4045.5554556369266 39536.2861328125 8.64599609375 1247.2265556780997 110620
stats: users_count 8390 121697
stats: finish_users_count 8684 119304
stats: request 86063 267.75961698411663 1441.5429043788301 34320.26806640625 0.14794921875 125.58477113039379 1108501
stats: page 8687 2645.045235095598 3951.1217743940324 39534.757080078125 7.38623046875 1242.457638584739 110505
stats: connect 8493 1807.9419740429612 4290.8250123032285 32420.0380859375 0.325927734375 737.5391682066454 111353
stats: 200 86063 1194564
stats: size_rcv 10241497 142153116
stats: newphase 6 102
stats: size_sent 11390663 158521955
stats: connected -194 654
stats: error_connect_etimedout 91 91
# stats: dump at 1339065140
stats: users 4179 4997
stats: {load,"os_mon@test2"} 1 1.3984375 0.0 1.3984375 0.83984375 1.1052517361111107 18
stats: {recvpackets,"os_mon@test3"} 1 36539.0 0.0 39263 4692 27804.117647058825 17
stats: {sentpackets,"os_mon@test3"} 1 24253.0 0.0 25680 3172 18230.294117647063 17
stats: {freemem,"os_mon@test2"} 1 1513.9921875 0.0 1550.46484375 1513.3203125 1537.019748263889 18
stats: {cpu,"os_mon@test3"} 1 75.0 0.0 80.72538860103627 2.4660291897332662 49.47830922287294 18
stats: {load,"os_mon@test4"} 1 1.2890625 0.0 1.2890625 0.71875 0.9405381944444444 18
stats: {freemem,"os_mon@test4"} 1 1458.4921875 0.0 1552.83203125 1458.4921875 1532.1104600694443 18
stats: {freemem,"os_mon@myserver"} 1 2807.96875 0.0 2855.46484375 2806.1328125 2835.877387152778 18
stats: {recvpackets,"os_mon@test2"} 1 37389.0 0.0 39452 4752 27948.352941176472 17
stats: {sentpackets,"os_mon@test2"} 1 24811.0 0.0 25796 3209 18323.941176470587 17
stats: {load,"os_mon@test3"} 1 1.12890625 0.0 1.23046875 0.46875 0.8394097222222222 18
stats: {cpu,"os_mon@test2"} 1 54.24164524421594 0.0 68.91891891891892 3.9433771486349847 48.1394889166337 18
stats: {freemem,"os_mon@test3"} 1 1304.31640625 0.0 1401.484375 1304.31640625 1382.8617621527778 18
stats: {recvpackets,"os_mon@test4"} 1 36520.0 0.0 39208 4706 27805.823529411766 17
stats: {sentpackets,"os_mon@test4"} 1 24234.0 0.0 25635 3184 18231.58823529412 17
stats: {cpu,"os_mon@test4"} 1 72.19027705175117 0.0 76.39686684073106 2.5025025025025025 47.70986713808472 18
stats: {load,"os_mon@myserver"} 1 2.7890625 0.0 3.578125 2.03125 2.478298611111111 18
stats: {recvpackets,"os_mon@myserver"} 1 38230.0 0.0 40590 4837 28158.176470588234 17
stats: {sentpackets,"os_mon@myserver"} 1 25377.0 0.0 26366 3267 18462.058823529413 17
stats: {cpu,"os_mon@myserver"} 1 80.12690355329948 0.0 82.15196328403876 2.416918429003021 56.90770188015972 18
stats: session 8433 2946.1479899233145 7009.460456021298 81045.18310546875 8.64599609375 1349.571780712083 119304
stats: users_count 10219 131916
stats: finish_users_count 8433 127737
stats: request 85190 248.6841587153079 1274.3830087575236 34320.26806640625 0.14794921875 135.82783366928575 1194564
stats: page 8302 2502.6744623554127 3975.224591241275 39534.757080078125 7.38623046875 1344.681600351383 119192
stats: connect 8777 1517.0887697760288 3548.1397181363627 32510.73291015625 0.325927734375 813.3942741757044 119846
stats: 200 85190 1279754
stats: size_rcv 10137610 152290726
stats: newphase 6 108
stats: size_sent 11368070 169890025
stats: connected 475 1129
stats: error_connect_etimedout 175 266
# stats: dump at 1339065150
stats: users 3757 5288
stats: {load,"os_mon@test2"} 1 1.328125 0.0 1.3984375 0.83984375 1.1206825657894732 19
stats: {recvpackets,"os_mon@test3"} 1 39827.0 0.0 39827 4692 28289.38888888889 18
stats: {sentpackets,"os_mon@test3"} 1 26396.0 0.0 26396 3172 18564.88888888889 18
stats: {freemem,"os_mon@test2"} 1 1487.10546875 0.0 1550.46484375 1487.10546875 1535.807771381579 19
stats: {cpu,"os_mon@test3"} 1 60.64483111566018 0.0 80.72538860103627 2.4660291897332662 50.82155610587963 19
stats: {load,"os_mon@test4"} 1 1.328125 0.0 1.328125 0.71875 0.9588815789473685 19
stats: {freemem,"os_mon@test4"} 1 1436.5703125 0.0 1552.83203125 1436.5703125 1528.2358141447369 19
stats: {freemem,"os_mon@myserver"} 1 2809.1171875 0.0 2855.46484375 2806.1328125 2834.408511513158 19
stats: {recvpackets,"os_mon@test2"} 1 38190.0 0.0 39452 4752 28472.833333333332 18
stats: {sentpackets,"os_mon@test2"} 1 25393.0 0.0 25796 3209 18684.333333333332 18
stats: {load,"os_mon@test3"} 1 1.33984375 0.0 1.33984375 0.46875 0.8546463815789473 19
stats: {cpu,"os_mon@test2"} 1 76.61458333333333 0.0 76.61458333333333 3.9433771486349847 48.46065503913803 19
stats: {freemem,"os_mon@test3"} 1 1301.4609375 0.0 1401.484375 1301.4609375 1378.7277960526317 19
stats: {recvpackets,"os_mon@test4"} 1 39816.0 0.0 39816 4706 28289.944444444445 18
stats: {sentpackets,"os_mon@test4"} 1 26390.0 0.0 26390 3184 18565.055555555555 18
stats: {cpu,"os_mon@test4"} 1 65.63467492260062 0.0 76.39686684073106 2.5025025025025025 48.9983097651198 19
stats: {load,"os_mon@myserver"} 1 2.8203125 0.0 3.578125 2.03125 2.494654605263158 19
stats: {recvpackets,"os_mon@myserver"} 1 37242.0 0.0 40590 4837 28717.722222222223 18
stats: {sentpackets,"os_mon@myserver"} 1 24864.0 0.0 26366 3267 18846.222222222223 18
stats: {cpu,"os_mon@myserver"} 1 78.58730550753272 0.0 82.15196328403876 2.416918429003021 58.12976512611445 19
stats: session 8690 4234.70940514533 10214.089311180012 88638.39892578125 8.64599609375 1454.975283004123 127737
stats: users_count 8268 140184
stats: finish_users_count 8690 136427
stats: request 85469 299.4928228443489 1503.5204927399332 35119.51708984375 0.14794921875 143.34039493549054 1279754
stats: page 8705 3013.0815194381266 4383.058325521986 39534.757080078125 7.38623046875 1420.0863781476514 127494
stats: connect 8401 2162.268225834343 4323.863036948753 32510.73291015625 0.325927734375 861.4131089710679 128623
stats: 200 85469 1365223
stats: size_rcv 10170811 162461537
stats: newphase 6 114
stats: size_sent 11294950 181184975
stats: connected -304 825
stats: error_connect_etimedout 306 572
stats: error_abort 1 1
EndMonitor:{1339,65150,197616}
