# stats: dump at 1338898385
stats: users 0 0
# stats: dump at 1338898395
stats: users 2 9
stats: {load,"os_mon@test2"} 1 1.109375 0 1.109375 1.109375 0 0
stats: {freemem,"os_mon@test2"} 1 1529.89453125 0 1529.89453125 1529.89453125 0 0
stats: {load,"os_mon@test4"} 1 2.8203125 0 2.8203125 2.8203125 0 0
stats: {cpu,"os_mon@test3"} 1 2.8211586901763224 0 2.8211586901763224 2.8211586901763224 0 0
stats: {freemem,"os_mon@test4"} 1 1457.01171875 0 1457.01171875 1457.01171875 0 0
stats: {freemem,"os_mon@myserver"} 1 2541.3984375 0 2541.3984375 2541.3984375 0 0
stats: {load,"os_mon@test3"} 1 2.51171875 0 2.51171875 2.51171875 0 0
stats: {cpu,"os_mon@test2"} 1 1.954887218045113 0 1.954887218045113 1.954887218045113 0 0
stats: {freemem,"os_mon@test3"} 1 1510.30859375 0 1510.30859375 1510.30859375 0 0
stats: {cpu,"os_mon@test4"} 1 2.0500000000000003 0 2.0500000000000003 2.0500000000000003 0 0
stats: {load,"os_mon@myserver"} 1 4.21875 0 4.21875 4.21875 0 0
stats: {cpu,"os_mon@myserver"} 1 2.084379708689101 0 2.084379708689101 2.084379708689101 0 0
stats: session 627 23.633321418336326 3.074029018035662 44.989013671875 17.22900390625 0 0
stats: users_count 629 629
stats: finish_users_count 627 627
stats: 200 6211 6211
stats: request 6211 2.0153247671721686 0.4386061691902434 6.074951171875 1.0888671875 0 0
stats: page 620 21.501304971018143 2.820315889834821 40.662109375 15.989990234375 0 0
stats: connect 6213 0.9240251114724167 0.2446498494646608 3.86083984375 0.39501953125 0 0
stats: size_rcv 782586 782586
stats: size_sent 824223 824223
stats: connected 2 2
# stats: dump at 1338898405
stats: users 6 15
stats: {load,"os_mon@test2"} 1 0.94140625 0.0 1.109375 0.94140625 1.109375 1
stats: {recvpackets,"os_mon@test3"} 1 3698 0 3698 3698 0 0
stats: {sentpackets,"os_mon@test3"} 1 2543 0 2543 2543 0 0
stats: {freemem,"os_mon@test2"} 1 1528.3359375 0.0 1529.89453125 1528.3359375 1529.89453125 1
stats: {load,"os_mon@test4"} 1 2.55078125 0.0 2.8203125 2.55078125 2.8203125 1
stats: {cpu,"os_mon@test3"} 1 21.287379624936644 0.0 21.287379624936644 2.8211586901763224 2.8211586901763224 1
stats: {freemem,"os_mon@test4"} 1 1455.6875 0.0 1457.01171875 1455.6875 1457.01171875 1
stats: {freemem,"os_mon@myserver"} 1 2540.6875 0.0 2541.3984375 2540.6875 2541.3984375 1
stats: {recvpackets,"os_mon@test2"} 1 3690 0 3690 3690 0 0
stats: {sentpackets,"os_mon@test2"} 1 2533 0 2533 2533 0 0
stats: {load,"os_mon@test3"} 1 2.12109375 0.0 2.51171875 2.12109375 2.51171875 1
stats: {cpu,"os_mon@test2"} 1 12.670368500757192 0.0 12.670368500757192 1.954887218045113 1.954887218045113 1
stats: {recvpackets,"os_mon@test4"} 1 3680 0 3680 3680 0 0
stats: {sentpackets,"os_mon@test4"} 1 2525 0 2525 2525 0 0
stats: {freemem,"os_mon@test3"} 1 1510.08984375 0.0 1510.30859375 1510.08984375 1510.30859375 1
stats: {cpu,"os_mon@test4"} 1 11.482043500252908 0.0 11.482043500252908 2.0500000000000003 2.0500000000000003 1
stats: {load,"os_mon@myserver"} 1 3.640625 0.0 4.21875 3.640625 4.21875 1
stats: {recvpackets,"os_mon@myserver"} 1 3781 0 3781 3781 0 0
stats: {sentpackets,"os_mon@myserver"} 1 2598 0 2598 2598 0 0
stats: {cpu,"os_mon@myserver"} 1 17.578027465667915 0.0 17.578027465667915 2.084379708689101 2.084379708689101 1
stats: session 1526 26.965328351542016 45.29557598577984 1025.7900390625 16.177001953125 23.633321418336326 627
stats: users_count 1530 2159
stats: finish_users_count 1526 2153
stats: request 15219 2.3644964026514947 14.260155879910835 1001.700927734375 1.066162109375 2.0153247671721686 6211
stats: page 1521 25.021762062890335 45.37020860068404 1023.5478515625 14.822021484375 21.501304971018143 620
stats: connect 15217 1.1453102634748502 14.01511627259766 999.674072265625 0.39501953125 0.9240251114724167 6213
stats: 200 15219 21430
stats: size_rcv 1917594 2700180
stats: newphase 6 6
stats: size_sent 2020811 2845034
stats: connected -2 0
# stats: dump at 1338898415
stats: users 10 57
stats: {load,"os_mon@test2"} 1 0.94140625 0.0 1.109375 0.94140625 1.025390625 2
stats: {recvpackets,"os_mon@test3"} 1 7479.0 0.0 7479 3698 3698.0 1
stats: {sentpackets,"os_mon@test3"} 1 4975.0 0.0 4975 2543 2543.0 1
stats: {freemem,"os_mon@test2"} 1 1528.46484375 0.0 1529.89453125 1528.3359375 1529.115234375 2
stats: {load,"os_mon@test4"} 1 2.23046875 0.0 2.8203125 2.23046875 2.685546875 2
stats: {cpu,"os_mon@test3"} 1 37.04663212435233 0.0 37.04663212435233 2.8211586901763224 12.054269157556483 2
stats: {freemem,"os_mon@test4"} 1 1455.80859375 0.0 1457.01171875 1455.6875 1456.349609375 2
stats: {freemem,"os_mon@myserver"} 1 2538.16796875 0.0 2541.3984375 2538.16796875 2541.04296875 2
stats: {recvpackets,"os_mon@test2"} 1 7453.0 0.0 7453 3690 3690.0 1
stats: {sentpackets,"os_mon@test2"} 1 4957.0 0.0 4957 2533 2533.0 1
stats: {load,"os_mon@test3"} 1 1.94921875 0.0 2.51171875 1.94921875 2.31640625 2
stats: {cpu,"os_mon@test2"} 1 29.275808936825886 0.0 29.275808936825886 1.954887218045113 7.312627859401152 2
stats: {recvpackets,"os_mon@test4"} 1 7457.0 0.0 7457 3680 3680.0 1
stats: {sentpackets,"os_mon@test4"} 1 4963.0 0.0 4963 2525 2525.0 1
stats: {freemem,"os_mon@test3"} 1 1509.35546875 0.0 1510.30859375 1509.35546875 1510.19921875 2
stats: {cpu,"os_mon@test4"} 1 28.665651953323184 0.0 28.665651953323184 2.0500000000000003 6.766021750126455 2
stats: {load,"os_mon@myserver"} 1 3.16015625 0.0 4.21875 3.16015625 3.9296875 2
stats: {recvpackets,"os_mon@myserver"} 1 7599.0 0.0 7599 3781 3781.0 1
stats: {sentpackets,"os_mon@myserver"} 1 5061.0 0.0 5061 2598 2598.0 1
stats: {cpu,"os_mon@myserver"} 1 33.85146804835924 0.0 33.85146804835924 2.084379708689101 9.831203587178509 2
stats: session 2429 60.216868438657905 134.21644865950952 1341.975830078125 16.177001953125 25.994976123432416 2153
stats: users_count 2433 4592
stats: finish_users_count 2429 4582
stats: request 24316 5.679490840087912 41.27804423685792 1298.324951171875 0.994140625 2.2632969146457973 21430
stats: page 2431 58.35733510515221 134.17714410999088 1339.928955078125 14.822021484375 24.00229293773351 2141
stats: connect 24319 3.1213368164423883 39.306421024789266 1296.794189453125 0.337890625 1.0811551235125954 21430
stats: 200 24316 45746
stats: size_rcv 3063816 5763996
stats: newphase 6 12
stats: size_sent 3229629 6074663
stats: connected 3 3
# stats: dump at 1338898425
stats: users 529 530
stats: {load,"os_mon@test2"} 1 0.87890625 0.0 1.109375 0.87890625 0.9973958333333334 3
stats: {recvpackets,"os_mon@test3"} 1 11249.0 0.0 11249 3698 5588.5 2
stats: {sentpackets,"os_mon@test3"} 1 7426.0 0.0 7426 2543 3759.0 2
stats: {freemem,"os_mon@test2"} 1 1527.1328125 0.0 1529.89453125 1527.1328125 1528.8984375 3
stats: {load,"os_mon@test4"} 1 2.05078125 0.0 2.8203125 2.05078125 2.5338541666666665 3
stats: {cpu,"os_mon@test3"} 1 51.452720549392495 0.0 51.452720549392495 2.8211586901763224 20.3850568131551 3
stats: {freemem,"os_mon@test4"} 1 1455.33984375 0.0 1457.01171875 1455.33984375 1456.1692708333333 3
stats: {freemem,"os_mon@myserver"} 1 2536.03515625 0.0 2541.3984375 2536.03515625 2540.0846354166665 3
stats: {recvpackets,"os_mon@test2"} 1 11228.0 0.0 11228 3690 5571.5 2
stats: {sentpackets,"os_mon@test2"} 1 7408.0 0.0 7408 2533 3745.0 2
stats: {load,"os_mon@test3"} 1 1.80859375 0.0 2.51171875 1.80859375 2.1940104166666665 3
stats: {cpu,"os_mon@test2"} 1 46.97745901639344 0.0 46.97745901639344 1.954887218045113 14.63368821854273 3
stats: {recvpackets,"os_mon@test4"} 1 11228.0 0.0 11228 3680 5568.5 2
stats: {sentpackets,"os_mon@test4"} 1 7409.0 0.0 7409 2525 3744.0 2
stats: {freemem,"os_mon@test3"} 1 1508.7578125 0.0 1510.30859375 1508.7578125 1509.91796875 3
stats: {cpu,"os_mon@test4"} 1 41.99691199176531 0.0 41.99691199176531 2.0500000000000003 14.065898484525365 3
stats: {load,"os_mon@myserver"} 1 3.0 0.0 4.21875 3.0 3.6731770833333335 3
stats: {recvpackets,"os_mon@myserver"} 1 11299.0 0.0 11299 3781 5690.0 2
stats: {sentpackets,"os_mon@myserver"} 1 7447.0 0.0 7447 2598 3829.5 2
stats: {cpu,"os_mon@myserver"} 1 48.37810440952864 0.0 48.37810440952864 2.084379708689101 17.837958407572085 3
stats: session 2873 449.6603183022693 525.7481973562898 4131.661865234375 16.06689453125 44.13661218490835 4582
stats: users_count 3392 7984
stats: finish_users_count 2873 7455
stats: request 30986 50.751898231573136 119.36286854559403 2119.6220703125 0.994140625 4.079153415565013 45746
stats: page 2878 445.26718112078674 525.113394637215 4129.467041015625 14.822021484375 42.26937681984087 4572
stats: connect 31210 27.26675344440876 103.42379999558356 1442.08203125 0.337890625 2.1656636065474077 45749
stats: 200 30986 76732
stats: size_rcv 3904236 9668232
stats: newphase 6 18
stats: size_sent 4136878 10211541
stats: connected 224 227
# stats: dump at 1338898435
stats: users 2178 2179
stats: {load,"os_mon@test2"} 1 1.05859375 0.0 1.109375 0.87890625 0.9677734375 4
stats: {recvpackets,"os_mon@test3"} 1 14491.0 0.0 14491 3698 7475.333333333333 3
stats: {sentpackets,"os_mon@test3"} 1 9608.0 0.0 9608 2543 4981.333333333333 3
stats: {freemem,"os_mon@test2"} 1 1518.01953125 0.0 1529.89453125 1518.01953125 1528.45703125 4
stats: {load,"os_mon@test4"} 1 1.890625 0.0 2.8203125 1.890625 2.4130859375 4
stats: {cpu,"os_mon@test3"} 1 59.4059405940594 0.0 59.4059405940594 2.8211586901763224 28.151972747214447 4
stats: {freemem,"os_mon@test4"} 1 1447.1953125 0.0 1457.01171875 1447.1953125 1455.9619140625 4
stats: {freemem,"os_mon@myserver"} 1 2531.921875 0.0 2541.3984375 2531.921875 2539.072265625 4
stats: {recvpackets,"os_mon@test2"} 1 14479.0 0.0 14479 3690 7457.0 3
stats: {sentpackets,"os_mon@test2"} 1 9602.0 0.0 9602 2533 4966.0 3
stats: {load,"os_mon@test3"} 1 1.62109375 0.0 2.51171875 1.62109375 2.09765625 4
stats: {cpu,"os_mon@test2"} 1 57.40354535974974 0.0 57.40354535974974 1.954887218045113 22.719630918005407 4
stats: {recvpackets,"os_mon@test4"} 1 14497.0 0.0 14497 3680 7455.0 3
stats: {sentpackets,"os_mon@test4"} 1 9612.0 0.0 9612 2525 4965.666666666667 3
stats: {freemem,"os_mon@test3"} 1 1500.2265625 0.0 1510.30859375 1500.2265625 1509.6279296875 4
stats: {cpu,"os_mon@test4"} 1 52.33692860811505 0.0 52.33692860811505 2.0500000000000003 21.04865186133535 4
stats: {load,"os_mon@myserver"} 1 3.21875 0.0 4.21875 3.0 3.5048828125 4
stats: {recvpackets,"os_mon@myserver"} 1 14701.0 0.0 14701 3781 7559.666666666667 3
stats: {sentpackets,"os_mon@myserver"} 1 9755.0 0.0 9755 2598 5035.333333333333 3
stats: {cpu,"os_mon@myserver"} 1 64.10513141426783 0.0 64.10513141426783 2.084379708689101 25.472994908061224 4
stats: session 2697 2280.707486309287 1441.3785639313169 11879.157958984375 16.06689453125 200.41690831839966 7455
stats: users_count 4346 12330
stats: finish_users_count 2697 10152
stats: request 33464 263.96062011864603 511.5005028548238 7155.843994140625 0.994140625 22.926592174737557 76732
stats: page 2699 2275.705735739802 1439.6211116327452 11877.2451171875 14.822021484375 197.9509447095217 7450
stats: connect 33490 204.79515264584595 505.5388883173976 7084.399169921875 0.337890625 12.345174954663324 76959
stats: 200 33464 110196
stats: size_rcv 4216464 13884696
stats: newphase 6 24
stats: size_sent 4445982 14657523
stats: connected 26 253
# stats: dump at 1338898445
stats: users 3508 3872
stats: {load,"os_mon@test2"} 1 1.12109375 0.0 1.12109375 0.87890625 0.9859375 5
stats: {recvpackets,"os_mon@test3"} 1 16985.0 0.0 16985 3698 9229.25 4
stats: {sentpackets,"os_mon@test3"} 1 11320.0 0.0 11320 2543 6138.0 4
stats: {freemem,"os_mon@test2"} 1 1498.171875 0.0 1529.89453125 1498.171875 1526.36953125 5
stats: {load,"os_mon@test4"} 1 1.83984375 0.0 2.8203125 1.83984375 2.30859375 5
stats: {cpu,"os_mon@test3"} 1 64.32318992654774 0.0 64.32318992654774 2.8211586901763224 34.40276631658344 5
stats: {freemem,"os_mon@test4"} 1 1425.01953125 0.0 1457.01171875 1425.01953125 1454.20859375 5
stats: {freemem,"os_mon@myserver"} 1 2530.19921875 0.0 2541.3984375 2530.19921875 2537.6421875 5
stats: {recvpackets,"os_mon@test2"} 1 16989.0 0.0 16989 3690 9212.5 4
stats: {sentpackets,"os_mon@test2"} 1 11323.0 0.0 11323 2533 6125.0 4
stats: {load,"os_mon@test3"} 1 1.51953125 0.0 2.51171875 1.51953125 2.00234375 5
stats: {cpu,"os_mon@test2"} 1 61.828512396694215 0.0 61.828512396694215 1.954887218045113 29.656413806354273 5
stats: {recvpackets,"os_mon@test4"} 1 16958.0 0.0 16958 3680 9215.5 4
stats: {sentpackets,"os_mon@test4"} 1 11307.0 0.0 11307 2525 6127.25 4
stats: {freemem,"os_mon@test3"} 1 1474.68359375 0.0 1510.30859375 1474.68359375 1507.74765625 5
stats: {cpu,"os_mon@test4"} 1 58.145491803278695 0.0 58.145491803278695 2.0500000000000003 27.30630721069129 5
stats: {load,"os_mon@myserver"} 1 3.421875 0.0 4.21875 3.0 3.44765625 5
stats: {recvpackets,"os_mon@myserver"} 1 18341.0 0.0 18341 3781 9345.0 4
stats: {sentpackets,"os_mon@myserver"} 1 12220.0 0.0 12220 2598 6215.25 4
stats: {cpu,"os_mon@myserver"} 1 68.93180151552187 0.0 68.93180151552187 2.084379708689101 33.19942220930254 5
stats: session 2693 5425.715991473848 3155.9184108205513 18575.095947265625 16.06689453125 753.0709359820545 10152
stats: users_count 4023 16353
stats: finish_users_count 2693 12845
stats: request 32616 649.8018577637425 1343.1406666003043 15427.279052734375 0.994140625 96.12310303824397 110196
stats: page 2579 5358.495138108447 3125.406547494019 18573.02099609375 14.822021484375 750.503923425723 10149
stats: connect 32597 571.3013931107312 1336.204633749162 15113.670166015625 0.337890625 70.69925469171577 110449
stats: 200 32616 142812
stats: size_rcv 4109616 17994312
stats: newphase 6 30
stats: size_sent 4327127 18984650
stats: connected -19 234
# stats: dump at 1338898455
stats: users 4726 4926
stats: {load,"os_mon@test2"} 1 1.328125 0.0 1.328125 0.87890625 1.0084635416666667 6
stats: {recvpackets,"os_mon@test3"} 1 16103.0 0.0 16985 3698 10780.4 5
stats: {sentpackets,"os_mon@test3"} 1 11079.0 0.0 11320 2543 7174.4 5
stats: {freemem,"os_mon@test2"} 1 1484.32421875 0.0 1529.89453125 1484.32421875 1521.669921875 6
stats: {load,"os_mon@test4"} 1 1.7109375 0.0 2.8203125 1.7109375 2.23046875 6
stats: {cpu,"os_mon@test3"} 1 69.71128608923884 0.0 69.71128608923884 2.8211586901763224 39.38950358491082 6
stats: {freemem,"os_mon@test4"} 1 1404.6484375 0.0 1457.01171875 1404.6484375 1449.34375 6
stats: {freemem,"os_mon@myserver"} 1 2529.03515625 0.0 2541.3984375 2529.03515625 2536.4016927083335 6
stats: {recvpackets,"os_mon@test2"} 1 16096.0 0.0 16989 3690 10767.8 5
stats: {sentpackets,"os_mon@test2"} 1 11075.0 0.0 11323 2533 7164.6 5
stats: {load,"os_mon@test3"} 1 1.671875 0.0 2.51171875 1.51953125 1.921875 6
stats: {cpu,"os_mon@test2"} 1 54.373401534526856 0.0 61.828512396694215 1.954887218045113 35.01843023807759 6
stats: {recvpackets,"os_mon@test4"} 1 16095.0 0.0 16958 3680 10764.0 5
stats: {sentpackets,"os_mon@test4"} 1 11074.0 0.0 11307 2525 7163.2 5
stats: {freemem,"os_mon@test3"} 1 1426.12890625 0.0 1510.30859375 1426.12890625 1502.2369791666667 6
stats: {cpu,"os_mon@test4"} 1 61.24352331606217 0.0 61.24352331606217 2.0500000000000003 32.446171309455856 6
stats: {load,"os_mon@myserver"} 1 3.8203125 0.0 4.21875 3.0 3.443359375 6
stats: {recvpackets,"os_mon@myserver"} 1 16158.0 0.0 18341 3781 11144.2 5
stats: {sentpackets,"os_mon@myserver"} 1 11221.0 0.0 12220 2598 7416.2 5
stats: {cpu,"os_mon@myserver"} 1 69.1187547075069 0.0 69.1187547075069 2.084379708689101 39.1548187603391 6
stats: session 2861 8126.240684938617 5241.6944441334945 26415.739990234375 16.06689453125 1732.7076144125256 12845
stats: users_count 4079 20432
stats: finish_users_count 2861 15706
stats: request 32741 834.9439906314909 2050.7979392602642 15829.162109375 0.994140625 222.57456554928547 142812
stats: page 2863 8052.863856511144 5142.658504655536 26408.5419921875 14.822021484375 1684.1941609073967 12728
stats: connect 32579 747.2911376615888 2040.927028475867 15116.669921875 0.337890625 184.77534144733735 143046
stats: 200 32741 175553
stats: size_rcv 4125366 22119678
stats: newphase 6 36
stats: size_sent 4349652 23334302
stats: connected 31 265
# stats: dump at 1338898465
stats: users 5306 5529
stats: {load,"os_mon@test2"} 1 1.28125 0.0 1.328125 0.87890625 1.0541294642857142 7
stats: {recvpackets,"os_mon@test3"} 1 15658.0 0.0 16985 3698 11667.5 6
stats: {sentpackets,"os_mon@test3"} 1 11094.0 0.0 11320 2543 7825.166666666667 6
stats: {freemem,"os_mon@test2"} 1 1475.34765625 0.0 1529.89453125 1475.34765625 1516.3348214285713 7
stats: {load,"os_mon@test4"} 1 1.6015625 0.0 2.8203125 1.6015625 2.15625 7
stats: {cpu,"os_mon@test3"} 1 71.18997912317327 0.0 71.18997912317327 2.8211586901763224 43.721186799814824 7
stats: {freemem,"os_mon@test4"} 1 1380.546875 0.0 1457.01171875 1380.546875 1442.958705357143 7
stats: {freemem,"os_mon@myserver"} 1 2529.203125 0.0 2541.3984375 2529.03515625 2535.3493303571427 7
stats: {recvpackets,"os_mon@test2"} 1 15639.0 0.0 16989 3690 11655.833333333334 6
stats: {sentpackets,"os_mon@test2"} 1 11078.0 0.0 11323 2533 7816.333333333333 6
stats: {load,"os_mon@test3"} 1 1.80078125 0.0 2.51171875 1.51953125 1.8861607142857142 7
stats: {cpu,"os_mon@test2"} 1 60.50856253243383 0.0 61.828512396694215 1.954887218045113 37.783426137570345 7
stats: {recvpackets,"os_mon@test4"} 1 15649.0 0.0 16958 3680 11652.5 6
stats: {sentpackets,"os_mon@test4"} 1 11082.0 0.0 11307 2525 7815.0 6
stats: {freemem,"os_mon@test3"} 1 1377.23828125 0.0 1510.30859375 1377.23828125 1491.3643973214287 7
stats: {cpu,"os_mon@test4"} 1 58.518902123252204 0.0 61.24352331606217 2.0500000000000003 36.56007873897105 7
stats: {load,"os_mon@myserver"} 1 4.078125 0.0 4.21875 3.0 3.4972098214285716 7
stats: {recvpackets,"os_mon@myserver"} 1 16233.0 0.0 18341 3781 11979.833333333334 6
stats: {sentpackets,"os_mon@myserver"} 1 11546.0 0.0 12220 2598 8050.333333333333 6
stats: {cpu,"os_mon@myserver"} 1 67.87250189729319 0.0 69.1187547075069 2.084379708689101 43.43538103850592 7
stats: session 3078 9211.300025905266 6760.206815237084 37590.2138671875 16.06689453125 2897.3515794434147 15706
stats: users_count 3658 24090
stats: finish_users_count 3078 18784
stats: request 33655 939.6991418190423 2419.560491457795 31462.7490234375 0.994140625 336.78273827556467 175553
stats: page 3113 9053.03006411806 6627.519772088965 37588.447021484375 14.822021484375 2853.683054404512 15591
stats: connect 33805 843.3227645298505 2402.10625987163 31144.258056640625 0.337890625 289.1238232970973 175625
stats: 200 33655 209208
stats: size_rcv 4240530 26360208
stats: newphase 6 42
stats: size_sent 4459428 27793730
stats: connected -43 222
# stats: dump at 1338898475
stats: users 5121 5664
stats: {load,"os_mon@test2"} 1 1.4609375 0.0 1.4609375 0.87890625 1.08251953125 8
stats: {recvpackets,"os_mon@test3"} 1 16764.0 0.0 16985 3698 12237.57142857143 7
stats: {sentpackets,"os_mon@test3"} 1 11862.0 0.0 11862 2543 8292.142857142857 7
stats: {freemem,"os_mon@test2"} 1 1437.04296875 0.0 1529.89453125 1437.04296875 1511.21142578125 8
stats: {load,"os_mon@test4"} 1 1.5 0.0 2.8203125 1.5 2.0869140625 8
stats: {cpu,"os_mon@test3"} 1 72.3092998955068 0.0 72.3092998955068 2.8211586901763224 47.15478584023463 8
stats: {freemem,"os_mon@test4"} 1 1360.75 0.0 1457.01171875 1360.75 1435.1572265625 8
stats: {freemem,"os_mon@myserver"} 1 2527.3671875 0.0 2541.3984375 2527.3671875 2534.5810546875 8
stats: {recvpackets,"os_mon@test2"} 1 16941.0 0.0 16989 3690 12224.857142857143 7
stats: {sentpackets,"os_mon@test2"} 1 12003.0 0.0 12003 2533 8282.285714285714 7
stats: {load,"os_mon@test3"} 1 1.6796875 0.0 2.51171875 1.51953125 1.87548828125 8
stats: {cpu,"os_mon@test2"} 1 66.16008105369808 0.0 66.16008105369808 1.954887218045113 40.62406818692828 8
stats: {recvpackets,"os_mon@test4"} 1 16828.0 0.0 16958 3680 12223.42857142857 7
stats: {sentpackets,"os_mon@test4"} 1 11909.0 0.0 11909 2525 8281.714285714286 7
stats: {freemem,"os_mon@test3"} 1 1332.49609375 0.0 1510.30859375 1332.49609375 1477.0986328125 8
stats: {cpu,"os_mon@test4"} 1 57.80437044745057 0.0 61.24352331606217 2.0500000000000003 39.3049316620062 8
stats: {load,"os_mon@myserver"} 1 4.44921875 0.0 4.44921875 3.0 3.56982421875 8
stats: {recvpackets,"os_mon@myserver"} 1 17244.0 0.0 18341 3781 12587.42857142857 7
stats: {sentpackets,"os_mon@myserver"} 1 12281.0 0.0 12281 2598 8549.714285714286 7
stats: {cpu,"os_mon@myserver"} 1 68.75466070096942 0.0 69.1187547075069 2.084379708689101 46.490021145854335 8
stats: session 3292 11527.61361149249 8667.757377133894 49017.81884765625 16.06689453125 3931.9732424656454 18784
stats: users_count 3107 27197
stats: finish_users_count 3292 22076
stats: 200 33458 242666
stats: request 33458 1321.1470992141758 3481.132157601425 32740.5390625 0.994140625 433.773061596163 209208
stats: page 3262 11468.658073420587 8498.156712960685 44178.578857421875 14.822021484375 3885.47129441939 18704
stats: connect 33518 1124.8386562540193 3442.9676770058627 32684.928955078125 0.337890625 378.5794657951789 209430
stats: size_rcv 4215708 30575916
stats: newphase 6 48
stats: size_sent 4446098 32239828
stats: connected 60 282
# stats: dump at 1338898485
stats: users 6252 6443
stats: {load,"os_mon@test2"} 1 1.390625 0.0 1.4609375 0.87890625 1.1245659722222223 9
stats: {recvpackets,"os_mon@test3"} 1 15657.0 0.0 16985 3698 12803.375 8
stats: {sentpackets,"os_mon@test3"} 1 11667.0 0.0 11862 2543 8738.375 8
stats: {freemem,"os_mon@test2"} 1 1416.17578125 0.0 1529.89453125 1416.17578125 1502.970486111111 9
stats: {load,"os_mon@test4"} 1 1.5 0.0 2.8203125 1.5 2.021701388888889 9
stats: {cpu,"os_mon@test3"} 1 69.26652892561982 0.0 72.3092998955068 2.8211586901763224 49.94973184637598 9
stats: {freemem,"os_mon@test4"} 1 1323.03515625 0.0 1457.01171875 1323.03515625 1426.8897569444443 9
stats: {freemem,"os_mon@myserver"} 1 2526.515625 0.0 2541.3984375 2526.515625 2533.7795138888887 9
stats: {recvpackets,"os_mon@test2"} 1 1.61e4 0.0 16989 3690 12814.375 8
stats: {sentpackets,"os_mon@test2"} 1 11957.0 0.0 12003 2533 8747.375 8
stats: {load,"os_mon@test3"} 1 1.71875 0.0 2.51171875 1.51953125 1.8537326388888888 9
stats: {cpu,"os_mon@test2"} 1 61.53846153846154 0.0 66.16008105369808 1.954887218045113 43.4614029499027 9
stats: {recvpackets,"os_mon@test4"} 1 15601.0 0.0 16958 3680 12799.0 8
stats: {sentpackets,"os_mon@test4"} 1 11629.0 0.0 11909 2525 8735.125 8
stats: {freemem,"os_mon@test3"} 1 1304.1328125 0.0 1510.30859375 1304.1328125 1461.0316840277778 9
stats: {cpu,"os_mon@test4"} 1 68.81214024071167 0.0 68.81214024071167 2.0500000000000003 41.36042486038891 9
stats: {load,"os_mon@myserver"} 1 4.37890625 0.0 4.44921875 3.0 3.6675347222222223 9
stats: {recvpackets,"os_mon@myserver"} 1 17840.0 0.0 18341 3781 13169.5 8
stats: {sentpackets,"os_mon@myserver"} 1 13125.0 0.0 13125 2598 9016.125 8
stats: {cpu,"os_mon@myserver"} 1 69.26249393498301 0.0 69.26249393498301 2.084379708689101 48.96386998531156 9
stats: session 2930 12616.74134334006 10543.750274535863 51515.72998046875 16.06689453125 5064.644382836926 22076
stats: users_count 4061 31258
stats: finish_users_count 2930 25006
stats: request 33829 1291.4912730461738 3579.5004038539255 32740.5390625 0.994140625 556.1213120746951 242666
stats: page 2939 12625.346911201586 10611.90594161659 51513.77099609375 14.822021484375 5011.591447069026 21966
stats: connect 33736 1139.1651434388427 3560.155927531766 32684.928955078125 0.337890625 481.53612954956014 242948
stats: 200 33829 276495
stats: size_rcv 4262454 34838370
stats: newphase 5 53
stats: size_sent 4475816 36715644
stats: connected -93 189
# stats: dump at 1338898495
stats: users 6437 6443
stats: {load,"os_mon@test2"} 1 1.48046875 0.0 1.48046875 0.87890625 1.151171875 10
stats: {recvpackets,"os_mon@test3"} 1 15426.0 0.0 16985 3698 13120.444444444445 9
stats: {sentpackets,"os_mon@test3"} 1 11453.0 0.0 11862 2543 9063.777777777777 9
stats: {freemem,"os_mon@test2"} 1 1395.75 0.0 1529.89453125 1395.75 1494.291015625 10
stats: {load,"os_mon@test4"} 1 1.578125 0.0 2.8203125 1.5 1.96953125 10
stats: {cpu,"os_mon@test3"} 1 67.32880292733925 0.0 72.3092998955068 2.8211586901763224 51.88141155430037 10
stats: {freemem,"os_mon@test4"} 1 1266.78515625 0.0 1457.01171875 1266.78515625 1416.504296875 10
stats: {freemem,"os_mon@myserver"} 1 2526.625 0.0 2541.3984375 2526.515625 2533.053125 10
stats: {recvpackets,"os_mon@test2"} 1 15217.0 0.0 16989 3690 13179.444444444445 9
stats: {sentpackets,"os_mon@test2"} 1 11319.0 0.0 12003 2533 9104.0 9
stats: {load,"os_mon@test3"} 1 1.5390625 0.0 2.51171875 1.51953125 1.840234375 10
stats: {cpu,"os_mon@test2"} 1 61.859979101358405 0.0 66.16008105369808 1.954887218045113 45.26910880875859 10
stats: {recvpackets,"os_mon@test4"} 1 15437.0 0.0 16958 3680 13110.333333333334 9
stats: {sentpackets,"os_mon@test4"} 1 11457.0 0.0 11909 2525 9056.666666666666 9
stats: {freemem,"os_mon@test3"} 1 1264.13671875 0.0 1510.30859375 1264.13671875 1445.341796875 10
stats: {cpu,"os_mon@test4"} 1 70.59431524547803 0.0 70.59431524547803 2.0500000000000003 44.105596398421184 10
stats: {load,"os_mon@myserver"} 1 4.23828125 0.0 4.44921875 3.0 3.738671875 10
stats: {recvpackets,"os_mon@myserver"} 1 14587.0 0.0 18341 3781 13688.444444444445 9
stats: {sentpackets,"os_mon@myserver"} 1 11163.0 0.0 13125 2598 9472.666666666666 9
stats: {cpu,"os_mon@myserver"} 1 68.54554604932058 0.0 69.26249393498301 2.084379708689101 50.99373238027871 10
stats: session 3483 13721.122120850934 10599.64287263037 62818.964111328125 16.06689453125 5949.537772194447 25006
stats: users_count 3668 34926
stats: finish_users_count 3483 28489
stats: request 33361 1354.5771749584549 3808.3381430694485 32740.5390625 0.994140625 646.0933926175771 276495
stats: page 3516 13774.464578986575 10552.541164281587 62817.592041015625 14.822021484375 5910.078791340682 24905
stats: connect 33433 1178.4088488675723 3757.936641126842 32684.928955078125 0.337890625 561.7206447819872 276684
stats: 200 33361 309856
stats: size_rcv 4203486 39041856
stats: newphase 5 58
stats: size_sent 4434499 41150143
stats: connected 72 261
stats: error_connect_etimedout 50 50
# stats: dump at 1338898505
stats: users 6622 7132
stats: {load,"os_mon@test2"} 1 1.6484375 0.0 1.6484375 0.87890625 1.1811079545454546 11
stats: {recvpackets,"os_mon@test3"} 1 18622.0 0.0 18622 3698 13351.0 10
stats: {sentpackets,"os_mon@test3"} 1 13747.0 0.0 13747 2543 9302.7 10
stats: {freemem,"os_mon@test2"} 1 1356.5234375 0.0 1529.89453125 1356.5234375 1485.3327414772727 11
stats: {load,"os_mon@test4"} 1 1.48828125 0.0 2.8203125 1.48828125 1.9339488636363635 11
stats: {cpu,"os_mon@test3"} 1 71.37681159420289 0.0 72.3092998955068 2.8211586901763224 53.28571986094027 11
stats: {freemem,"os_mon@test4"} 1 1222.828125 0.0 1457.01171875 1222.828125 1402.893465909091 11
stats: {freemem,"os_mon@myserver"} 1 2526.61328125 0.0 2541.3984375 2526.515625 2532.46875 11
stats: {recvpackets,"os_mon@test2"} 1 18547.0 0.0 18547 3690 13383.2 10
stats: {sentpackets,"os_mon@test2"} 1 13701.0 0.0 13701 2533 9325.5 10
stats: {load,"os_mon@test3"} 1 1.62109375 0.0 2.51171875 1.51953125 1.8128551136363635 11
stats: {cpu,"os_mon@test2"} 1 71.67778347870703 0.0 71.67778347870703 1.954887218045113 46.77736974444947 11
stats: {recvpackets,"os_mon@test4"} 1 18643.0 0.0 18643 3680 13343.0 10
stats: {sentpackets,"os_mon@test4"} 1 13768.0 0.0 13768 2525 9296.7 10
stats: {freemem,"os_mon@test3"} 1 1226.61328125 0.0 1510.30859375 1226.61328125 1428.8686079545455 11
stats: {cpu,"os_mon@test4"} 1 72.26277372262774 0.0 72.26277372262774 2.0500000000000003 46.51366174815362 11
stats: {load,"os_mon@myserver"} 1 4.5703125 0.0 4.5703125 3.0 3.784090909090909 11
stats: {recvpackets,"os_mon@myserver"} 1 20634.0 0.0 20634 3781 13778.3 10
stats: {sentpackets,"os_mon@myserver"} 1 15113.0 0.0 15113 2598 9641.7 10
stats: {cpu,"os_mon@myserver"} 1 69.24407114624506 0.0 69.26249393498301 2.084379708689101 52.58935180473706 11
stats: session 3167 13214.802748096805 11925.488598441882 79490.09008789063 16.06689453125 6899.673904960446 28489
stats: users_count 3352 38278
stats: finish_users_count 3167 31656
stats: page 3145 13239.154936841713 11918.568031777195 79486.23193359375 14.822021484375 6882.992497028834 28421
stats: connect 33597 1091.9221429827753 3392.9956906131065 34227.52685546875 0.337890625 628.2043806855119 310117
stats: request 33501 1259.30314248578 3445.555836845324 35304.9580078125 0.994140625 722.3731079133081 309856
stats: 200 33501 343357
stats: size_rcv 4221126 43262982
stats: newphase 5 63
stats: size_sent 4459647 45609790
stats: connected 96 357
stats: error_connect_etimedout 203 253
# stats: dump at 1338898515
stats: users 6170 7300
stats: {load,"os_mon@test2"} 1 1.5390625 0.0 1.6484375 0.87890625 1.2200520833333333 12
stats: {recvpackets,"os_mon@test3"} 1 15497.0 0.0 18622 3698 13830.181818181818 11
stats: {sentpackets,"os_mon@test3"} 1 11821.0 0.0 13747 2543 9706.727272727272 11
stats: {freemem,"os_mon@test2"} 1 1320.046875 0.0 1529.89453125 1320.046875 1474.5986328125 12
stats: {load,"os_mon@test4"} 1 1.5 0.0 2.8203125 1.48828125 1.8968098958333333 12
stats: {cpu,"os_mon@test3"} 1 68.83184913567312 0.0 72.3092998955068 2.8211586901763224 54.79331083871215 12
stats: {freemem,"os_mon@test4"} 1 1199.53125 0.0 1457.01171875 1199.53125 1387.8880208333333 12
stats: {freemem,"os_mon@myserver"} 1 2524.203125 0.0 2541.3984375 2524.203125 2531.9807942708335 12
stats: {recvpackets,"os_mon@test2"} 1 15692.0 0.0 18547 3690 13852.636363636364 11
stats: {sentpackets,"os_mon@test2"} 1 11955.0 0.0 13701 2533 9723.272727272728 11
stats: {load,"os_mon@test3"} 1 1.37109375 0.0 2.51171875 1.37109375 1.796875 12
stats: {cpu,"os_mon@test2"} 1 71.14583333333333 0.0 71.67778347870703 1.954887218045113 48.85240422230427 12
stats: {recvpackets,"os_mon@test4"} 1 15394.0 0.0 18643 3680 13824.818181818182 11
stats: {sentpackets,"os_mon@test4"} 1 11739.0 0.0 13768 2525 9703.181818181818 11
stats: {freemem,"os_mon@test3"} 1 1194.05859375 0.0 1510.30859375 1194.05859375 1412.0139973958333 12
stats: {cpu,"os_mon@test4"} 1 63.62683438155137 0.0 72.26277372262774 2.0500000000000003 48.65942107935981 12
stats: {load,"os_mon@myserver"} 1 4.01953125 0.0 4.5703125 3.0 3.849609375 12
stats: {recvpackets,"os_mon@myserver"} 1 16758.0 0.0 20634 3781 14401.545454545454 11
stats: {sentpackets,"os_mon@myserver"} 1 12677.0 0.0 15113 2598 10139.09090909091 11
stats: {cpu,"os_mon@myserver"} 1 68.81559220389805 0.0 69.26249393498301 2.084379708689101 53.97724508319607 12
stats: session 3287 16082.423286217481 16174.309739352922 85327.28100585938 16.06689453125 7531.466078520367 31656
stats: users_count 2835 41113
stats: finish_users_count 3287 34943
stats: request 33418 1487.270456008043 3824.45663350738 35304.9580078125 0.994140625 774.7608358122948 343357
stats: page 3252 15702.777571974939 15613.536460308971 83797.17993164063 14.822021484375 7516.272953000814 31566
stats: connect 33333 1256.9223544115275 3804.264604028404 34227.52685546875 0.337890625 673.53138412413 343714
stats: 200 33418 376775
stats: size_rcv 4210668 47473650
stats: newphase 4 67
stats: size_sent 4422167 50031957
stats: connected -85 272
stats: error_connect_etimedout 279 532
# stats: dump at 1338898525
stats: users 7824 7875
stats: {load,"os_mon@test2"} 1 1.53125 0.0 1.6484375 0.87890625 1.2445913461538463 13
stats: {recvpackets,"os_mon@test3"} 1 16752.0 0.0 18622 3698 13969.083333333334 12
stats: {sentpackets,"os_mon@test3"} 1 12761.0 0.0 13747 2543 9882.916666666666 12
stats: {freemem,"os_mon@test2"} 1 1297.40234375 0.0 1529.89453125 1297.40234375 1462.7100360576924 13
stats: {load,"os_mon@test4"} 1 1.48828125 0.0 2.8203125 1.48828125 1.8662860576923077 13
stats: {cpu,"os_mon@test3"} 1 76.70454545454545 0.0 76.70454545454545 2.8211586901763224 55.87319840001684 13
stats: {freemem,"os_mon@test4"} 1 1163.8671875 0.0 1457.01171875 1163.8671875 1373.3990384615386 13
stats: {freemem,"os_mon@myserver"} 1 2523.875 0.0 2541.3984375 2523.875 2531.382512019231 13
stats: {recvpackets,"os_mon@test2"} 1 16679.0 0.0 18547 3690 14005.916666666666 12
stats: {sentpackets,"os_mon@test2"} 1 12720.0 0.0 13701 2533 9909.25 12
stats: {load,"os_mon@test3"} 1 1.62109375 0.0 2.51171875 1.37109375 1.7641225961538463 13
stats: {cpu,"os_mon@test2"} 1 61.76772867420349 0.0 71.67778347870703 1.954887218045113 50.56728338469112 13
stats: {recvpackets,"os_mon@test4"} 1 16777.0 0.0 18643 3680 13955.583333333334 12
stats: {sentpackets,"os_mon@test4"} 1 12776.0 0.0 13768 2525 9872.833333333334 12
stats: {freemem,"os_mon@test3"} 1 1145.09765625 0.0 1510.30859375 1145.09765625 1395.2481971153845 13
stats: {cpu,"os_mon@test4"} 1 72.77406073082861 0.0 72.77406073082861 2.0500000000000003 49.81076056414377 13
stats: {load,"os_mon@myserver"} 1 4.23828125 0.0 4.5703125 3.0 3.8626802884615383 13
stats: {recvpackets,"os_mon@myserver"} 1 18361.0 0.0 20634 3781 14597.916666666666 12
stats: {sentpackets,"os_mon@myserver"} 1 13978.0 0.0 15113 2598 10350.583333333334 12
stats: {cpu,"os_mon@myserver"} 1 67.88087619985232 0.0 69.26249393498301 2.084379708689101 55.118656400173144 13
stats: session 2935 19331.912425801263 20897.342104946212 98401.92895507813 16.06689453125 8335.833085981101 34943
stats: users_count 4589 45702
stats: finish_users_count 2935 37878
stats: request 33091 1251.6986637212872 3527.3178033654144 35304.9580078125 0.994140625 837.9567657113103 376775
stats: page 3000 18846.500397054013 20336.351834855697 98400.27099609375 14.822021484375 8280.892202265673 34818
stats: connect 33112 1034.4311160677241 3452.06854085053 34227.52685546875 0.337890625 725.1063103603548 377047
stats: 200 33091 409866
stats: size_rcv 4169466 51643116
stats: newphase 5 72
stats: size_sent 4394840 54426797
stats: connected 21 293
stats: error_connect_etimedout 237 769
# stats: dump at 1338898535
stats: users 8804 8948
stats: {load,"os_mon@test2"} 1 1.5390625 0.0 1.6484375 0.87890625 1.2650669642857142 14
stats: {recvpackets,"os_mon@test3"} 1 19354.0 0.0 19354 3698 14183.153846153846 13
stats: {sentpackets,"os_mon@test3"} 1 14514.0 0.0 14514 2543 10104.307692307691 13
stats: {freemem,"os_mon@test2"} 1 1245.65234375 0.0 1529.89453125 1245.65234375 1450.90234375 14
stats: {load,"os_mon@test4"} 1 1.96875 0.0 2.8203125 1.48828125 1.8392857142857142 14
stats: {cpu,"os_mon@test3"} 1 74.0625 0.0 76.70454545454545 2.8211586901763224 57.3611517610546 14
stats: {freemem,"os_mon@test4"} 1 1120.3671875 0.0 1457.01171875 1120.3671875 1358.4324776785713 14
stats: {freemem,"os_mon@myserver"} 1 2523.45703125 0.0 2541.3984375 2523.45703125 2530.846261160714 14
stats: {recvpackets,"os_mon@test2"} 1 19320.0 0.0 19320 3690 14211.538461538461 13
stats: {sentpackets,"os_mon@test2"} 1 14493.0 0.0 14493 2533 10125.461538461539 13
stats: {load,"os_mon@test3"} 1 1.6796875 0.0 2.51171875 1.37109375 1.75390625 14
stats: {cpu,"os_mon@test2"} 1 69.6058091286307 0.0 71.67778347870703 1.954887218045113 51.36731519108486 14
stats: {recvpackets,"os_mon@test4"} 1 19360.0 0.0 19360 3680 14172.615384615385 13
stats: {sentpackets,"os_mon@test4"} 1 14519.0 0.0 14519 2525 10096.153846153846 13
stats: {freemem,"os_mon@test3"} 1 1097.38671875 0.0 1510.30859375 1097.38671875 1377.3803013392858 14
stats: {cpu,"os_mon@test4"} 1 70.96605744125326 0.0 72.77406073082861 2.0500000000000003 51.450996290335546 14
stats: {load,"os_mon@myserver"} 1 4.12109375 0.0 4.5703125 3.0 3.8895089285714284 14
stats: {recvpackets,"os_mon@myserver"} 1 21047.0 0.0 21047 3781 14887.384615384615 13
stats: {sentpackets,"os_mon@myserver"} 1 15915.0 0.0 15915 2598 10629.615384615385 13
stats: {cpu,"os_mon@myserver"} 1 69.25173439048564 0.0 69.26249393498301 2.084379708689101 56.030243528721655 14
stats: session 2930 17546.322550511304 19566.266047204645 105554.830078125 16.06689453125 9187.871019936752 37878
stats: users_count 3910 49612
stats: finish_users_count 2930 40808
stats: 200 33385 443251
stats: request 33385 1301.092839187637 3487.522310905751 35304.9580078125 0.994140625 871.3606907674216 409866
stats: page 2921 16893.56708250536 18721.898325601553 105551.68505859375 14.822021484375 9119.033420319643 37818
stats: connect 33332 1157.5479259209521 3449.025622625751 34227.52685546875 0.337890625 750.0779993067937 410159
stats: size_rcv 4206510 55849626
stats: newphase 6 78
stats: size_sent 4425996 58852793
stats: connected -53 240
stats: error_connect_etimedout 357 1126
# stats: dump at 1338898545
stats: users 8049 8948
stats: {load,"os_mon@test2"} 1 1.83984375 0.0 1.83984375 0.87890625 1.2833333333333334 15
stats: {recvpackets,"os_mon@test3"} 1 18137.0 0.0 19354 3698 14552.5 14
stats: {sentpackets,"os_mon@test3"} 1 13918.0 0.0 14514 2543 10419.285714285714 14
stats: {freemem,"os_mon@test2"} 1 1182.37109375 0.0 1529.89453125 1182.37109375 1437.2190104166666 15
stats: {load,"os_mon@test4"} 1 1.91015625 0.0 2.8203125 1.48828125 1.8479166666666667 15
stats: {cpu,"os_mon@test3"} 1 63.214837712519326 0.0 76.70454545454545 2.8211586901763224 58.47457497698429 15
stats: {freemem,"os_mon@test4"} 1 1068.1640625 0.0 1457.01171875 1068.1640625 1342.5614583333333 15
stats: {freemem,"os_mon@myserver"} 1 2523.19140625 0.0 2541.3984375 2523.19140625 2530.3536458333333 15
stats: {recvpackets,"os_mon@test2"} 1 18098.0 0.0 19320 3690 14576.42857142857 14
stats: {sentpackets,"os_mon@test2"} 1 13959.0 0.0 14493 2533 10437.42857142857 14
stats: {load,"os_mon@test3"} 1 1.5703125 0.0 2.51171875 1.37109375 1.7489583333333334 15
stats: {cpu,"os_mon@test2"} 1 76.65631469979296 0.0 76.65631469979296 1.954887218045113 52.58321478692125 15
stats: {recvpackets,"os_mon@test4"} 1 18169.0 0.0 19360 3680 14543.142857142857 14
stats: {sentpackets,"os_mon@test4"} 1 13945.0 0.0 14519 2525 10412.07142857143 14
stats: {freemem,"os_mon@test3"} 1 1066.3203125 0.0 1510.30859375 1066.3203125 1358.7140625 15
stats: {cpu,"os_mon@test4"} 1 71.73347214992192 0.0 72.77406073082861 2.0500000000000003 52.752000367063395 15
stats: {load,"os_mon@myserver"} 1 4.25 0.0 4.5703125 3.0 3.9049479166666665 15
stats: {recvpackets,"os_mon@myserver"} 1 18809.0 0.0 21047 3781 15327.357142857143 14
stats: {sentpackets,"os_mon@myserver"} 1 14585.0 0.0 15915 2598 11007.142857142857 14
stats: {cpu,"os_mon@myserver"} 1 68.66899302093718 0.0 69.26249393498301 2.084379708689101 56.91167625283926 15
stats: session 3521 21630.919364740636 22706.303676764972 112597.93090820313 16.06689453125 9788.004890368615 40808
stats: users_count 2766 52378
stats: finish_users_count 3521 44329
stats: request 33559 1538.110134106456 3939.1824834413887 35304.9580078125 0.994140625 903.727471158236 443251
stats: page 3501 21055.448787302415 22007.95531352185 112596.76806640625 14.822021484375 9676.470098373706 40739
stats: connect 33568 1366.837565804805 3895.137514655143 34227.52685546875 0.337890625 780.7027190731545 443491
stats: 200 33559 476810
stats: size_rcv 4228434 60078060
stats: newphase 5 83
stats: size_sent 4452096 63304889
stats: connected 9 249
stats: error_connect_etimedout 279 1405
# stats: dump at 1338898555
stats: users 8831 8948
stats: {load,"os_mon@test2"} 1 1.7109375 0.0 1.83984375 0.87890625 1.318115234375 16
stats: {recvpackets,"os_mon@test3"} 1 17773.0 0.0 19354 3698 14791.466666666667 15
stats: {sentpackets,"os_mon@test3"} 1 13873.0 0.0 14514 2543 10652.533333333333 15
stats: {freemem,"os_mon@test2"} 1 1135.484375 0.0 1529.89453125 1135.484375 1421.291015625 16
stats: {load,"os_mon@test4"} 1 1.921875 0.0 2.8203125 1.48828125 1.851806640625 16
stats: {cpu,"os_mon@test3"} 1 62.24648985959438 0.0 76.70454545454545 2.8211586901763224 58.77084139795523 16
stats: {freemem,"os_mon@test4"} 1 1011.62109375 0.0 1457.01171875 1011.62109375 1325.41162109375 16
stats: {freemem,"os_mon@myserver"} 1 2524.6640625 0.0 2541.3984375 2523.19140625 2529.906005859375 16
stats: {recvpackets,"os_mon@test2"} 1 17631.0 0.0 19320 3690 14811.2 15
stats: {sentpackets,"os_mon@test2"} 1 13726.0 0.0 14493 2533 10672.2 15
stats: {load,"os_mon@test3"} 1 1.80078125 0.0 2.51171875 1.37109375 1.73779296875 16
stats: {cpu,"os_mon@test2"} 1 72.85491419656786 0.0 76.65631469979296 1.954887218045113 54.08778353147573 16
stats: {recvpackets,"os_mon@test4"} 1 17776.0 0.0 19360 3680 14784.866666666667 15
stats: {sentpackets,"os_mon@test4"} 1 13857.0 0.0 14519 2525 10647.6 15
stats: {freemem,"os_mon@test3"} 1 1050.23828125 0.0 1510.30859375 1050.23828125 1340.439453125 16
stats: {cpu,"os_mon@test4"} 1 76.41898864809082 0.0 76.41898864809082 2.0500000000000003 53.938342353492054 16
stats: {load,"os_mon@myserver"} 1 4.140625 0.0 4.5703125 3.0 3.926513671875 16
stats: {recvpackets,"os_mon@myserver"} 1 19734.0 0.0 21047 3781 15559.466666666667 15
stats: {sentpackets,"os_mon@myserver"} 1 15398.0 0.0 15915 2598 11245.666666666666 15
stats: {cpu,"os_mon@myserver"} 1 67.80855199222546 0.0 69.26249393498301 2.084379708689101 57.646508550845375 16
stats: session 3121 19870.495635663636 21769.72210823044 118258.01489257813 16.06689453125 10728.673569207836 44329
stats: users_count 3903 56281
stats: finish_users_count 3121 47450
stats: connect 32445 1302.6630152349185 4266.930484026692 34227.52685546875 0.337890625 821.9457823736856 477059
stats: 200 32532 509342
stats: request 32532 1453.8297044994936 4300.156631399464 35304.9580078125 0.994140625 948.37680272821 476810
stats: page 3164 19289.252641873136 21019.90713171911 118256.47094726563 14.822021484375 10576.962964330745 44240
stats: size_rcv 4099032 64177092
stats: newphase 6 89
stats: size_sent 4307495 67612384
stats: connected -87 162
stats: error_connect_etimedout 248 1653
# stats: dump at 1338898565
stats: users 9446 9542
stats: {load,"os_mon@test2"} 1 1.51953125 0.0 1.83984375 0.87890625 1.3412224264705883 17
stats: {recvpackets,"os_mon@test3"} 1 18447.0 0.0 19354 3698 14977.8125 16
stats: {sentpackets,"os_mon@test3"} 1 14250.0 0.0 14514 2543 10853.8125 16
stats: {freemem,"os_mon@test2"} 1 1109.09765625 0.0 1529.89453125 1109.09765625 1404.4788602941176 17
stats: {load,"os_mon@test4"} 1 1.9296875 0.0 2.8203125 1.48828125 1.8559283088235294 17
stats: {cpu,"os_mon@test3"} 1 76.25193598347961 0.0 76.70454545454545 2.8211586901763224 58.975291307463415 17
stats: {freemem,"os_mon@test4"} 1 974.80859375 0.0 1457.01171875 974.80859375 1306.9533547794117 17
stats: {freemem,"os_mon@myserver"} 1 2523.48828125 0.0 2541.3984375 2523.19140625 2529.59765625 17
stats: {recvpackets,"os_mon@test2"} 1 18383.0 0.0 19320 3690 14987.4375 16
stats: {sentpackets,"os_mon@test2"} 1 14179.0 0.0 14493 2533 10863.0625 16
stats: {load,"os_mon@test3"} 1 1.91015625 0.0 2.51171875 1.37109375 1.7414981617647058 17
stats: {cpu,"os_mon@test2"} 1 65.10550694801853 0.0 76.65631469979296 1.954887218045113 55.19173239412821 17
stats: {recvpackets,"os_mon@test4"} 1 18481.0 0.0 19360 3680 14971.8125 16
stats: {sentpackets,"os_mon@test4"} 1 14283.0 0.0 14519 2525 10848.1875 16
stats: {freemem,"os_mon@test3"} 1 982.2265625 0.0 1510.30859375 982.2265625 1323.3687959558824 17
stats: {cpu,"os_mon@test4"} 1 57.537819509650504 0.0 76.41898864809082 2.0500000000000003 55.26073331199786 17
stats: {load,"os_mon@myserver"} 1 4.19140625 0.0 4.5703125 3.0 3.939108455882353 17
stats: {recvpackets,"os_mon@myserver"} 1 17931.0 0.0 21047 3781 15820.375 16
stats: {sentpackets,"os_mon@myserver"} 1 14051.0 0.0 15915 2598 11505.1875 16
stats: {cpu,"os_mon@myserver"} 1 66.93587860988742 0.0 69.26249393498301 2.084379708689101 58.24427581210303 17
stats: session 2947 21916.25846804287 22332.420441662038 123570.98095703125 16.06689453125 11329.972339901378 47450
stats: users_count 3562 59843
stats: finish_users_count 2947 50397
stats: 200 32334 541676
stats: request 32334 1747.9855982250183 4299.469225953661 36321.905029296875 0.994140625 980.6604035316454 509342
stats: page 2913 21507.699367430247 21917.53489765829 123569.59619140625 14.822021484375 11158.468418295477 47404
stats: connect 32397 1417.872917822674 4243.012977308036 34227.52685546875 0.337890625 852.5576531738809 509504
stats: size_rcv 4074084 68251176
stats: newphase 6 95
stats: size_sent 4298591 71910975
stats: connected 63 225
stats: error_connect_etimedout 490 2143
# stats: dump at 1338898575
stats: users 9597 9822
stats: {load,"os_mon@test2"} 1 2.05078125 0.0 2.05078125 0.87890625 1.3511284722222223 18
stats: {recvpackets,"os_mon@test3"} 1 18751.0 0.0 19354 3698 15181.882352941177 17
stats: {sentpackets,"os_mon@test3"} 1 14754.0 0.0 14754 2543 11053.588235294117 17
stats: {freemem,"os_mon@test2"} 1 1076.96484375 0.0 1529.89453125 1076.96484375 1388.0687934027778 18
stats: {load,"os_mon@test4"} 1 2.01171875 0.0 2.8203125 1.48828125 1.8600260416666667 18
stats: {cpu,"os_mon@test3"} 1 73.69238736406007 0.0 76.70454545454545 2.8211586901763224 59.935104900575425 18
stats: {freemem,"os_mon@test4"} 1 918.9140625 0.0 1457.01171875 918.9140625 1288.5008680555557 18
stats: {freemem,"os_mon@myserver"} 1 2523.46875 0.0 2541.3984375 2523.19140625 2529.258246527778 18
stats: {recvpackets,"os_mon@test2"} 1 18854.0 0.0 19320 3690 15187.176470588236 17
stats: {sentpackets,"os_mon@test2"} 1 14836.0 0.0 14836 2533 11058.117647058823 17
stats: {load,"os_mon@test3"} 1 1.8515625 0.0 2.51171875 1.37109375 1.7508680555555556 18
stats: {cpu,"os_mon@test2"} 1 66.30434782608695 0.0 76.65631469979296 1.954887218045113 55.742497647122114 18
stats: {recvpackets,"os_mon@test4"} 1 18605.0 0.0 19360 3680 15178.235294117647 17
stats: {sentpackets,"os_mon@test4"} 1 14647.0 0.0 14647 2525 11050.235294117647 17
stats: {freemem,"os_mon@test3"} 1 937.17578125 0.0 1510.30859375 937.17578125 1304.4164496527778 18
stats: {cpu,"os_mon@test4"} 1 79.36918304033091 0.0 79.36918304033091 2.0500000000000003 55.38723810075634 18
stats: {load,"os_mon@myserver"} 1 4.01953125 0.0 4.5703125 3.0 3.953125 18
stats: {recvpackets,"os_mon@myserver"} 1 21450.0 0.0 21450 3781 15944.529411764706 17
stats: {sentpackets,"os_mon@myserver"} 1 16854.0 0.0 16854 2598 11654.941176470587 17
stats: {cpu,"os_mon@myserver"} 1 69.12751677852349 0.0 69.26249393498301 2.084379708689101 58.72714263420216 18
stats: session 3189 24186.255665149623 24684.278829392202 125408.544921875 16.06689453125 11949.012862544256 50397
stats: users_count 3340 63183
stats: finish_users_count 3189 53586
stats: 200 32893 574569
stats: request 32893 1492.1298531902314 3721.537473417596 36321.905029296875 0.994140625 1026.4639703228925 541676
stats: page 3192 23079.259020506615 23669.74099676387 125407.13500976563 14.822021484375 11757.6160176124 50317
stats: connect 32969 1322.9884112919724 3694.22625111871 34227.52685546875 0.337890625 886.3544511661838 541901
stats: size_rcv 4144518 72395694
stats: newphase 5 100
stats: size_sent 4372235 76283210
stats: connected 76 301
stats: error_connect_etimedout 323 2466
# stats: dump at 1338898585
stats: users 10329 10329
stats: {load,"os_mon@test2"} 1 2.05078125 0.0 2.05078125 0.87890625 1.387952302631579 19
stats: {recvpackets,"os_mon@test3"} 1 19801.0 0.0 19801 3698 15380.166666666666 18
stats: {sentpackets,"os_mon@test3"} 1 15455.0 0.0 15455 2543 11259.166666666666 18
stats: {freemem,"os_mon@test2"} 1 1033.625 0.0 1529.89453125 1033.625 1371.6949013157894 19
stats: {load,"os_mon@test4"} 1 2.1015625 0.0 2.8203125 1.48828125 1.8680098684210527 19
stats: {cpu,"os_mon@test3"} 1 75.18134715025907 0.0 76.70454545454545 2.8211586901763224 60.65917239865357 19
stats: {freemem,"os_mon@test4"} 1 870.72265625 0.0 1457.01171875 870.72265625 1269.0489309210527 19
stats: {freemem,"os_mon@myserver"} 0 0 0 2541.3984375 2523.19140625 2528.9535361842104 19
stats: {recvpackets,"os_mon@test2"} 1 19716.0 0.0 19716 3690 15390.888888888889 18
stats: {sentpackets,"os_mon@test2"} 1 1.54e4 0.0 15400 2533 11268.0 18
stats: {load,"os_mon@test3"} 1 1.859375 0.0 2.51171875 1.37109375 1.7561677631578947 19
stats: {cpu,"os_mon@test2"} 1 67.08010335917312 0.0 76.65631469979296 1.954887218045113 56.29838449864658 19
stats: {recvpackets,"os_mon@test4"} 1 19720.0 0.0 19720 3680 15368.611111111111 18
stats: {sentpackets,"os_mon@test4"} 1 15404.0 0.0 15404 2525 11250.055555555555 18
stats: {freemem,"os_mon@test3"} 1 888.16796875 0.0 1510.30859375 888.16796875 1285.0879934210527 19
stats: {cpu,"os_mon@test4"} 1 74.88348006214397 0.0 79.36918304033091 2.0500000000000003 56.64944572915501 19
stats: {load,"os_mon@myserver"} 0 0 0 4.5703125 3.0 3.956620065789474 19
stats: {recvpackets,"os_mon@myserver"} 0 0 0 21450 3781 16250.388888888889 18
stats: {sentpackets,"os_mon@myserver"} 0 0 0 16854 2598 11943.777777777777 18
stats: {cpu,"os_mon@myserver"} 0 0 0 69.26249393498301 2.084379708689101 59.27453074706117 19
stats: session 3170 22956.916277094228 23967.35692310264 125408.544921875 16.06689453125 12677.273365241013 53586
stats: users_count 3902 67085
stats: finish_users_count 3170 56756
stats: request 32837 1576.762925126024 3809.042899735529 37577.123046875 0.994140625 1053.1224706686392 574569
stats: page 3164 22536.253321824894 23553.23203678685 125407.13500976563 14.822021484375 12432.991832246169 53509
stats: connect 32760 1353.0913951533764 3729.606353648123 34227.52685546875 0.337890625 911.3955648638671 574870
stats: 200 32837 607406
stats: size_rcv 4137462 76533156
stats: newphase 5 105
stats: size_sent 4348584 80631794
stats: connected -77 224
stats: error_connect_etimedout 678 3144
stats: error_abort 1 1
EndMonitor:{1338,898585,493689}
