# stats: dump at 1338908991
stats: users 0 0
stats: {freemem,"os_mon@myserver"} 1 2139.453125 0 2139.453125 2139.453125 0 0
stats: {load,"os_mon@myserver"} 1 0.58984375 0 0.58984375 0.58984375 0 0
stats: {cpu,"os_mon@myserver"} 1 33.44089072697214 0 33.44089072697214 33.44089072697214 0 0
# stats: dump at 1338909001
stats: users 0 6
stats: {load,"os_mon@test2"} 1 0.80078125 0 0.80078125 0.80078125 0 0
stats: {freemem,"os_mon@test2"} 1 1501.87890625 0 1501.87890625 1501.87890625 0 0
stats: {load,"os_mon@test4"} 1 0.44140625 0 0.44140625 0.44140625 0 0
stats: {cpu,"os_mon@test3"} 1 2.2796352583586628 0 2.2796352583586628 2.2796352583586628 0 0
stats: {freemem,"os_mon@test4"} 1 1427.875 0 1427.875 1427.875 0 0
stats: {freemem,"os_mon@myserver"} 1 2133.66015625 0.0 2139.453125 2133.66015625 2139.453125 1
stats: {load,"os_mon@test3"} 1 3.94921875 0 3.94921875 3.94921875 0 0
stats: {cpu,"os_mon@test2"} 1 2.9381965552178317 0 2.9381965552178317 2.9381965552178317 0 0
stats: {freemem,"os_mon@test3"} 1 1478.62109375 0 1478.62109375 1478.62109375 0 0
stats: {load,"os_mon@myserver"} 1 0.5 0.0 0.58984375 0.5 0.58984375 1
stats: {recvpackets,"os_mon@myserver"} 1 430 0 430 430 0 0
stats: {sentpackets,"os_mon@myserver"} 1 332 0 332 332 0 0
stats: {cpu,"os_mon@test4"} 1 1.9191919191919191 0 1.9191919191919191 1.9191919191919191 0 0
stats: {cpu,"os_mon@myserver"} 1 4.853387259858443 0.0 33.44089072697214 4.853387259858443 33.44089072697214 1
stats: session 589 14.80633679634444 2.8533701906387168 32.86083984375 10.7099609375 0 0
stats: users_count 589 589
stats: finish_users_count 589 589
stats: 200 5645 5645
stats: request 5645 1.198836255812666 0.7003226436634147 7.89794921875 0.406982421875 0 0
stats: page 564 12.617589206560284 2.540256626658782 28.197998046875 8.97705078125 0 0
stats: connect 565 1.185924536780974 0.3665834466397049 3.9130859375 0.54296875 0 0
stats: size_rcv 868458 868458
stats: size_sent 748586 748586
stats: connected 1 1
# stats: dump at 1338909011
stats: users 17 25
stats: {load,"os_mon@test2"} 1 0.75 0.0 0.80078125 0.75 0.80078125 1
stats: {recvpackets,"os_mon@test3"} 1 3647 0 3647 3647 0 0
stats: {sentpackets,"os_mon@test3"} 1 2494 0 2494 2494 0 0
stats: {freemem,"os_mon@test2"} 1 1514.48828125 0.0 1514.48828125 1501.87890625 1501.87890625 1
stats: {load,"os_mon@test4"} 1 0.37109375 0.0 0.44140625 0.37109375 0.44140625 1
stats: {cpu,"os_mon@test3"} 1 9.282051282051281 0.0 9.282051282051281 2.2796352583586628 2.2796352583586628 1
stats: {freemem,"os_mon@test4"} 1 1442.1015625 0.0 1442.1015625 1427.875 1427.875 1
stats: {freemem,"os_mon@myserver"} 1 2135.328125 0.0 2139.453125 2133.66015625 2136.556640625 2
stats: {recvpackets,"os_mon@test2"} 1 3670 0 3670 3670 0 0
stats: {sentpackets,"os_mon@test2"} 1 2505 0 2505 2505 0 0
stats: {load,"os_mon@test3"} 1 3.421875 0.0 3.94921875 3.421875 3.94921875 1
stats: {cpu,"os_mon@test2"} 1 5.640243902439025 0.0 5.640243902439025 2.9381965552178317 2.9381965552178317 1
stats: {recvpackets,"os_mon@test4"} 1 3644 0 3644 3644 0 0
stats: {sentpackets,"os_mon@test4"} 1 2490 0 2490 2490 0 0
stats: {freemem,"os_mon@test3"} 1 1494.1484375 0.0 1494.1484375 1478.62109375 1478.62109375 1
stats: {load,"os_mon@myserver"} 1 0.5 0.0 0.58984375 0.5 0.544921875 2
stats: {recvpackets,"os_mon@myserver"} 1 3835.0 0.0 3835 430 430.0 1
stats: {sentpackets,"os_mon@myserver"} 1 2617.0 0.0 2617 332 332.0 1
stats: {cpu,"os_mon@test4"} 1 6.572295247724974 0.0 6.572295247724974 1.9191919191919191 1.9191919191919191 1
stats: {cpu,"os_mon@myserver"} 1 21.918158567774938 0.0 33.44089072697214 4.853387259858443 19.147138993415293 2
stats: session 1543 27.867331326200993 219.76984095233396 6515.781005859375 10.201904296875 14.80633679634444 589
stats: users_count 1560 2149
stats: finish_users_count 1543 2132
stats: request 15228 2.545712333981802 69.94721770234328 6490.85302734375 0.179931640625 1.198836255812666 5645
stats: page 1519 26.030205290281426 221.49917760856346 6513.84716796875 8.85009765625 12.617589206560284 564
stats: connect 1535 1.0928416696355867 0.4070725467522025 7.8759765625 0.517822265625 1.185924536780974 565
stats: 200 15230 20875
stats: size_rcv 2307218 3175676
stats: newphase 6 6
stats: size_sent 2024537 2773123
stats: connected 15 16
# stats: dump at 1338909021
stats: users 14 40
stats: {load,"os_mon@test2"} 1 0.640625 0.0 0.80078125 0.640625 0.775390625 2
stats: {recvpackets,"os_mon@test3"} 1 7411.0 0.0 7411 3647 3647.0 1
stats: {sentpackets,"os_mon@test3"} 1 4978.0 0.0 4978 2494 2494.0 1
stats: {freemem,"os_mon@test2"} 1 1516.8359375 0.0 1516.8359375 1501.87890625 1508.18359375 2
stats: {load,"os_mon@test4"} 1 0.3984375 0.0 0.44140625 0.37109375 0.40625 2
stats: {cpu,"os_mon@test3"} 1 18.349564325986673 0.0 18.349564325986673 2.2796352583586628 5.780843270204972 2
stats: {freemem,"os_mon@test4"} 1 1443.96484375 0.0 1443.96484375 1427.875 1434.98828125 2
stats: {freemem,"os_mon@myserver"} 1 2136.2578125 0.0 2139.453125 2133.66015625 2136.1471354166665 3
stats: {recvpackets,"os_mon@test2"} 1 7443.0 0.0 7443 3670 3670.0 1
stats: {sentpackets,"os_mon@test2"} 1 5003.0 0.0 5003 2505 2505.0 1
stats: {load,"os_mon@test3"} 1 2.96875 0.0 3.94921875 2.96875 3.685546875 2
stats: {cpu,"os_mon@test2"} 1 14.910025706940875 0.0 14.910025706940875 2.9381965552178317 4.2892202288284285 2
stats: {recvpackets,"os_mon@test4"} 1 7393.0 0.0 7393 3644 3644.0 1
stats: {sentpackets,"os_mon@test4"} 1 4971.0 0.0 4971 2490 2490.0 1
stats: {freemem,"os_mon@test3"} 1 1497.6640625 0.0 1497.6640625 1478.62109375 1486.384765625 2
stats: {load,"os_mon@myserver"} 1 0.58984375 0.0 0.58984375 0.5 0.5299479166666666 3
stats: {recvpackets,"os_mon@myserver"} 1 7612.0 0.0 7612 430 2132.5 2
stats: {sentpackets,"os_mon@myserver"} 1 5117.0 0.0 5117 332 1474.5 2
stats: {cpu,"os_mon@test4"} 1 14.271356783919597 0.0 14.271356783919597 1.9191919191919191 4.245743583458447 2
stats: {cpu,"os_mon@myserver"} 1 48.004120525366986 0.0 48.004120525366986 4.853387259858443 20.070812184868508 3
stats: session 2507 76.37025401142431 536.5335880414669 12002.89599609375 10.201904296875 24.259017171376644 2132
stats: users_count 2504 4653
stats: finish_users_count 2507 4639
stats: request 24858 6.940082490813439 152.46091021230035 11550.992919921875 0.10400390625 2.1814563352626544 20873
stats: page 2486 70.08926286029887 482.71815927269444 11568.33984375 8.85009765625 22.39856080097815 2083
stats: connect 2500 1.9654947265624985 28.20079694738316 998.657958984375 0.517822265625 1.117885393415179 2100
stats: 200 24834 45709
stats: size_rcv 3677735 6853411
stats: newphase 6 12
stats: size_sent 3300591 6073714
stats: connected -4 12
# stats: dump at 1338909031
stats: users 19 106
stats: {load,"os_mon@test2"} 1 0.76953125 0.0 0.80078125 0.640625 0.73046875 3
stats: {recvpackets,"os_mon@test3"} 1 11562.0 0.0 11562 3647 5529.0 2
stats: {sentpackets,"os_mon@test3"} 1 7627.0 0.0 7627 2494 3736.0 2
stats: {freemem,"os_mon@test2"} 1 1517.57421875 0.0 1517.57421875 1501.87890625 1511.0677083333333 3
stats: {load,"os_mon@test4"} 1 0.328125 0.0 0.44140625 0.328125 0.4036458333333333 3
stats: {cpu,"os_mon@test3"} 1 26.472094214029696 0.0 26.472094214029696 2.2796352583586628 9.97041695546554 3
stats: {freemem,"os_mon@test4"} 1 1444.60546875 0.0 1444.60546875 1427.875 1437.98046875 3
stats: {freemem,"os_mon@myserver"} 1 2138.6171875 0.0 2139.453125 2133.66015625 2136.1748046875 4
stats: {recvpackets,"os_mon@test2"} 1 11573.0 0.0 11573 3670 5556.5 2
stats: {sentpackets,"os_mon@test2"} 1 7632.0 0.0 7632 2505 3754.0 2
stats: {load,"os_mon@test3"} 1 2.58984375 0.0 3.94921875 2.58984375 3.4466145833333335 3
stats: {cpu,"os_mon@test2"} 1 26.32390745501285 0.0 26.32390745501285 2.9381965552178317 7.829488721532577 3
stats: {recvpackets,"os_mon@test4"} 1 11526.0 0.0 11526 3644 5518.5 2
stats: {sentpackets,"os_mon@test4"} 1 7599.0 0.0 7599 2490 3730.5 2
stats: {freemem,"os_mon@test3"} 1 1498.0 0.0 1498.0 1478.62109375 1490.14453125 3
stats: {load,"os_mon@myserver"} 1 1.328125 0.0 1.328125 0.5 0.544921875 4
stats: {recvpackets,"os_mon@myserver"} 1 11709.0 0.0 11709 430 3959.0 3
stats: {sentpackets,"os_mon@myserver"} 1 7713.0 0.0 7713 332 2688.6666666666665 3
stats: {cpu,"os_mon@test4"} 1 23.760858456821666 0.0 23.760858456821666 1.9191919191919191 7.58761465027883 3
stats: {cpu,"os_mon@myserver"} 1 71.51041666666667 0.0 71.51041666666667 4.853387259858443 27.05413926999313 4
stats: session 3460 103.8822837168083 509.1033326797429 20270.0498046875 10.201904296875 52.420877649496816 4639
stats: users_count 3465 8118
stats: finish_users_count 3460 8099
stats: request 34330 10.370132171604153 172.91154046256133 20249.079833984375 0.10400390625 4.768102788974172 45731
stats: page 3431 104.09030997249334 548.6001069417006 20268.75 8.85009765625 48.3471459004466 4569
stats: connect 3437 10.939042482883865 97.36431653594809 1005.140869140625 0.508056640625 1.5785426396908961 4600
stats: 200 34329 80038
stats: size_rcv 5021573 11874984
stats: newphase 6 18
stats: size_sent 4551060 10624774
stats: connected 1 13
# stats: dump at 1338909041
stats: users 51 133
stats: {load,"os_mon@test2"} 1 0.80859375 0.0 0.80859375 0.640625 0.740234375 4
stats: {recvpackets,"os_mon@test3"} 1 15208.0 0.0 15208 3647 7540.0 3
stats: {sentpackets,"os_mon@test3"} 1 9936.0 0.0 9936 2494 5033.0 3
stats: {freemem,"os_mon@test2"} 1 1517.40234375 0.0 1517.57421875 1501.87890625 1512.6943359375 4
stats: {load,"os_mon@test4"} 1 0.51953125 0.0 0.51953125 0.328125 0.384765625 4
stats: {cpu,"os_mon@test3"} 1 32.757718472004186 0.0 32.757718472004186 2.2796352583586628 14.09583627010658 4
stats: {freemem,"os_mon@test4"} 1 1444.2734375 0.0 1444.60546875 1427.875 1439.63671875 4
stats: {freemem,"os_mon@myserver"} 1 2136.05859375 0.0 2139.453125 2133.66015625 2136.66328125 5
stats: {recvpackets,"os_mon@test2"} 1 15237.0 0.0 15237 3670 7562.0 3
stats: {sentpackets,"os_mon@test2"} 1 9955.0 0.0 9955 2505 5046.666666666667 3
stats: {load,"os_mon@test3"} 1 2.19140625 0.0 3.94921875 2.19140625 3.232421875 4
stats: {cpu,"os_mon@test2"} 1 41.61554192229039 0.0 41.61554192229039 2.9381965552178317 12.453093404902646 4
stats: {recvpackets,"os_mon@test4"} 1 15215.0 0.0 15215 3644 7521.0 3
stats: {sentpackets,"os_mon@test4"} 1 9944.0 0.0 9944 2490 5020.0 3
stats: {freemem,"os_mon@test3"} 1 1497.98046875 0.0 1498.0 1478.62109375 1492.1083984375 4
stats: {load,"os_mon@myserver"} 1 1.359375 0.0 1.359375 0.5 0.7015625 5
stats: {recvpackets,"os_mon@myserver"} 1 15359.0 0.0 15359 430 5896.5 4
stats: {sentpackets,"os_mon@myserver"} 1 10034.0 0.0 10034 332 3944.75 4
stats: {cpu,"os_mon@test4"} 1 30.627871362940272 0.0 30.627871362940272 1.9191919191919191 11.630925601914539 4
stats: {cpu,"os_mon@myserver"} 1 83.74549201442555 0.0 83.74549201442555 4.853387259858443 35.94539474932784 5
stats: session 4364 149.24215494045725 538.7880909228857 32610.22509765625 10.201904296875 74.4058714750182 8099
stats: users_count 4396 12514
stats: finish_users_count 4364 12463
stats: request 43734 14.644593912425487 166.85895634050706 32026.323974609375 0.10400390625 7.170242016634172 80061
stats: page 4350 147.08172851562495 540.4223305084867 32608.30810546875 8.85009765625 72.25399539184565 8000
stats: connect 4395 20.231845991983075 135.833178535887 1389.657958984375 0.508056640625 5.581533551853922 8037
stats: 200 43753 123791
stats: size_rcv 6251961 18126945
stats: newphase 6 24
stats: size_sent 5812494 16437268
stats: connected 44 57
# stats: dump at 1338909051
stats: users 412 416
stats: {load,"os_mon@test2"} 1 0.921875 0.0 0.921875 0.640625 0.75390625 5
stats: {recvpackets,"os_mon@test3"} 1 19046.0 0.0 19046 3647 9457.0 4
stats: {sentpackets,"os_mon@test3"} 1 12465.0 0.0 12465 2494 6258.75 4
stats: {freemem,"os_mon@test2"} 1 1517.34375 0.0 1517.57421875 1501.87890625 1513.6359375 5
stats: {load,"os_mon@test4"} 1 0.51953125 0.0 0.51953125 0.328125 0.41171875 5
stats: {cpu,"os_mon@test3"} 1 42.34375 0.0 42.34375 2.2796352583586628 17.8282127104861 5
stats: {freemem,"os_mon@test4"} 1 1444.140625 0.0 1444.60546875 1427.875 1440.5640625 5
stats: {freemem,"os_mon@myserver"} 1 2137.12109375 0.0 2139.453125 2133.66015625 2136.5625 6
stats: {recvpackets,"os_mon@test2"} 1 19061.0 0.0 19061 3670 9480.75 4
stats: {sentpackets,"os_mon@test2"} 1 12473.0 0.0 12473 2505 6273.75 4
stats: {load,"os_mon@test3"} 1 1.9296875 0.0 3.94921875 1.9296875 3.02421875 5
stats: {cpu,"os_mon@test2"} 1 43.44053088310362 0.0 43.44053088310362 2.9381965552178317 18.285583108380195 5
stats: {recvpackets,"os_mon@test4"} 1 19022.0 0.0 19022 3644 9444.5 4
stats: {sentpackets,"os_mon@test4"} 1 12449.0 0.0 12449 2490 6251.0 4
stats: {freemem,"os_mon@test3"} 1 1497.83984375 0.0 1498.0 1478.62109375 1493.2828125 5
stats: {load,"os_mon@myserver"} 1 2.08984375 0.0 2.08984375 0.5 0.8111979166666666 6
stats: {recvpackets,"os_mon@myserver"} 1 19228.0 0.0 19228 430 7789.0 5
stats: {sentpackets,"os_mon@myserver"} 1 12580.0 0.0 12580 332 5162.6 5
stats: {cpu,"os_mon@test4"} 1 38.50837138508371 0.0 38.50837138508371 1.9191919191919191 15.430314754119687 5
stats: {cpu,"os_mon@myserver"} 1 87.36012207527976 0.0 87.36012207527976 4.853387259858443 43.91207762684413 6
stats: session 4883 326.63426359427797 375.27155934436985 32610.22509765625 10.201904296875 100.61027980713536 12463
stats: users_count 5244 17758
stats: finish_users_count 4883 17346
stats: request 49497 31.922080825487157 106.96692286534879 32026.323974609375 0.10400390625 9.810763086229368 123795
stats: page 4849 307.90553922804634 358.6245958430629 32608.30810546875 8.85009765625 98.6103224435412 12350
stats: connect 5085 43.236331773906066 199.15913239297095 1589.487060546875 0.446044921875 10.760758388916953 12432
stats: 200 49538 173329
stats: size_rcv 6791834 24918779
stats: newphase 6 30
stats: size_sent 6601273 23038541
stats: connected 236 293
# stats: dump at 1338909061
stats: users 2290 2290
stats: {load,"os_mon@test2"} 1 0.78125 0.0 0.921875 0.640625 0.7819010416666666 6
stats: {recvpackets,"os_mon@test3"} 1 22074.0 0.0 22074 3647 11374.8 5
stats: {sentpackets,"os_mon@test3"} 1 14490.0 0.0 14490 2494 7.5e3 5
stats: {freemem,"os_mon@test2"} 1 1511.6875 0.0 1517.57421875 1501.87890625 1514.25390625 6
stats: {load,"os_mon@test4"} 1 0.51171875 0.0 0.51953125 0.328125 0.4296875 6
stats: {cpu,"os_mon@test3"} 1 44.291754756871036 0.0 44.291754756871036 2.2796352583586628 21.914135592071748 6
stats: {freemem,"os_mon@test4"} 1 1438.234375 0.0 1444.60546875 1427.875 1441.16015625 6
stats: {freemem,"os_mon@myserver"} 1 2120.53515625 0.0 2139.453125 2120.53515625 2136.6422991071427 7
stats: {recvpackets,"os_mon@test2"} 1 22126.0 0.0 22126 3670 11396.8 5
stats: {sentpackets,"os_mon@test2"} 1 14527.0 0.0 14527 2505 7513.6 5
stats: {load,"os_mon@test3"} 1 1.7109375 0.0 3.94921875 1.7109375 2.841796875 6
stats: {cpu,"os_mon@test2"} 1 47.73662551440329 0.0 47.73662551440329 2.9381965552178317 22.478074404167433 6
stats: {recvpackets,"os_mon@test4"} 1 22068.0 0.0 22068 3644 11360.0 5
stats: {sentpackets,"os_mon@test4"} 1 14486.0 0.0 14486 2490 7490.6 5
stats: {freemem,"os_mon@test3"} 1 1492.09375 0.0 1498.0 1478.62109375 1494.0423177083333 6
stats: {load,"os_mon@myserver"} 1 2.73046875 0.0 2.73046875 0.5 0.9938616071428571 7
stats: {recvpackets,"os_mon@myserver"} 1 24414.0 0.0 24414 430 9695.5 6
stats: {sentpackets,"os_mon@myserver"} 1 16047.0 0.0 16047 332 6398.833333333333 6
stats: {cpu,"os_mon@test4"} 1 47.286821705426355 0.0 47.286821705426355 1.9191919191919191 19.276657525947027 6
stats: {cpu,"os_mon@myserver"} 1 89.95584988962473 0.0 89.95584988962473 4.853387259858443 50.11894111947779 7
stats: session 4203 1683.6902482229941 1232.5504108563173 32610.22509765625 10.201904296875 164.23734730584502 17346
stats: users_count 6081 23839
stats: finish_users_count 4203 21549
stats: request 48515 189.9577145166524 409.1453001316601 32026.323974609375 0.06787109375 16.1263685044832 173292
stats: page 4216 1597.9366574947937 1182.0018570610744 32608.30810546875 8.85009765625 157.61796859669343 17199
stats: connect 5971 274.1672707555922 555.6570207480801 7020.154052734375 0.446044921875 20.188074177160924 17517
stats: 200 49037 222366
stats: size_rcv 5086476 30005255
stats: newphase 6 36
stats: size_sent 6633241 29671782
stats: connected 1526 1819
# stats: dump at 1338909071
stats: users 3378 4520
stats: {load,"os_mon@test2"} 1 0.73828125 0.0 0.921875 0.640625 0.7818080357142857 7
stats: {recvpackets,"os_mon@test3"} 1 23650.0 0.0 23650 3647 13158.0 6
stats: {sentpackets,"os_mon@test3"} 1 15711.0 0.0 15711 2494 8665.0 6
stats: {freemem,"os_mon@test2"} 1 1482.828125 0.0 1517.57421875 1482.828125 1513.8872767857142 7
stats: {load,"os_mon@test4"} 1 0.4296875 0.0 0.51953125 0.328125 0.44140625 7
stats: {cpu,"os_mon@test3"} 1 47.267904509283824 0.0 47.267904509283824 2.2796352583586628 25.11093832990022 7
stats: {freemem,"os_mon@test4"} 1 1408.87890625 0.0 1444.60546875 1408.87890625 1440.7421875 7
stats: {freemem,"os_mon@myserver"} 1 2070.32421875 0.0 2139.453125 2070.32421875 2134.62890625 8
stats: {recvpackets,"os_mon@test2"} 1 23623.0 0.0 23623 3670 13185.0 6
stats: {sentpackets,"os_mon@test2"} 1 15693.0 0.0 15693 2505 8682.5 6
stats: {load,"os_mon@test3"} 1 1.44921875 0.0 3.94921875 1.44921875 2.6802455357142856 7
stats: {cpu,"os_mon@test2"} 1 51.141078838174266 0.0 51.141078838174266 2.9381965552178317 26.086438848486843 7
stats: {recvpackets,"os_mon@test4"} 1 23623.0 0.0 23623 3644 13144.666666666666 6
stats: {sentpackets,"os_mon@test4"} 1 15695.0 0.0 15695 2490 8656.5 6
stats: {freemem,"os_mon@test3"} 1 1463.0859375 0.0 1498.0 1463.0859375 1493.763950892857 7
stats: {load,"os_mon@myserver"} 1 3.30859375 0.0 3.30859375 0.5 1.2109375 8
stats: {recvpackets,"os_mon@myserver"} 1 25643.0 0.0 25643 430 11798.142857142857 7
stats: {sentpackets,"os_mon@myserver"} 1 17046.0 0.0 17046 332 7777.142857142857 7
stats: {cpu,"os_mon@test4"} 1 47.748208802456496 0.0 47.748208802456496 1.9191919191919191 23.27810955158693 7
stats: {cpu,"os_mon@myserver"} 1 93.41846758349706 0.0 93.41846758349706 4.853387259858443 55.09855471574616 8
stats: session 4297 4674.130842443684 2486.261883338177 32610.22509765625 10.201904296875 460.5972963779494 21549
stats: users_count 5385 29224
stats: finish_users_count 4297 25846
stats: request 49504 556.6936434084316 1012.709037892653 32026.323974609375 0.06494140625 54.1478365004454 221807
stats: page 4134 4563.960490735638 2426.264125629392 32608.30810546875 8.85009765625 441.1754559837769 21415
stats: connect 7012 778.9812400282565 1226.503085214162 15058.59912109375 0.446044921875 84.75337487410461 23488
stats: 200 48198 270564
stats: size_rcv 4153038 34158293
stats: newphase 6 42
stats: size_sent 6723975 36395757
stats: connected 1221 3040
# stats: dump at 1338909081
stats: users 3186 4520
stats: {load,"os_mon@test2"} 1 0.78125 0.0 0.921875 0.640625 0.7763671875 8
stats: {recvpackets,"os_mon@test3"} 1 21127.0 0.0 23650 3647 14656.857142857143 7
stats: {sentpackets,"os_mon@test3"} 1 14227.0 0.0 15711 2494 9671.57142857143 7
stats: {freemem,"os_mon@test2"} 1 1459.9296875 0.0 1517.57421875 1459.9296875 1510.0048828125 8
stats: {load,"os_mon@test4"} 1 0.51953125 0.0 0.51953125 0.328125 0.43994140625 8
stats: {cpu,"os_mon@test3"} 1 52.75754422476587 0.0 52.75754422476587 2.2796352583586628 27.88055910232317 8
stats: {freemem,"os_mon@test4"} 1 1386.20703125 0.0 1444.60546875 1386.20703125 1436.75927734375 8
stats: {freemem,"os_mon@myserver"} 1 2031.6953125 0.0 2139.453125 2031.6953125 2127.483940972222 9
stats: {recvpackets,"os_mon@test2"} 1 21113.0 0.0 23623 3670 14676.142857142857 7
stats: {sentpackets,"os_mon@test2"} 1 14220.0 0.0 15693 2505 9684.0 7
stats: {load,"os_mon@test3"} 1 1.609375 0.0 3.94921875 1.44921875 2.5263671875 8
stats: {cpu,"os_mon@test2"} 1 46.490335707019334 0.0 51.141078838174266 2.9381965552178317 29.21826884719777 8
stats: {recvpackets,"os_mon@test4"} 1 21156.0 0.0 23623 3644 14641.57142857143 7
stats: {sentpackets,"os_mon@test4"} 1 14236.0 0.0 15695 2490 9662.0 7
stats: {freemem,"os_mon@test3"} 1 1413.47265625 0.0 1498.0 1413.47265625 1489.92919921875 8
stats: {load,"os_mon@myserver"} 1 3.73046875 0.0 3.73046875 0.5 1.4440104166666667 9
stats: {recvpackets,"os_mon@myserver"} 1 27335.0 0.0 27335 430 13528.75 8
stats: {sentpackets,"os_mon@myserver"} 1 18409.0 0.0 18409 332 8935.75 8
stats: {cpu,"os_mon@test4"} 1 46.74648620510151 0.0 47.748208802456496 1.9191919191919191 26.336871957945625 8
stats: {cpu,"os_mon@myserver"} 1 94.48818897637796 0.0 94.48818897637796 4.853387259858443 59.35632281216293 9
stats: session 5039 6510.466141828108 4066.2895472352 32610.22509765625 10.201904296875 1161.1139584318248 25846
stats: users_count 4847 34071
stats: finish_users_count 5039 30885
stats: request 49786 661.370913741278 1511.0562681401143 32026.323974609375 0.06298828125 145.8434464284356 271311
stats: page 5105 6420.558639421765 3970.992409734996 32608.30810546875 8.85009765625 1108.2697975887004 25549
stats: connect 7235 818.4101233829685 1593.467212545855 15672.15087890625 0.446044921875 244.35749915151158 30500
stats: 200 47496 318060
stats: size_rcv 4064525 38222818
stats: newphase 6 48
stats: size_sent 6583571 42979328
stats: connected -128 2912
# stats: dump at 1338909091
stats: users 4477 4665
stats: {load,"os_mon@test2"} 1 0.96875 0.0 0.96875 0.640625 0.7769097222222222 9
stats: {recvpackets,"os_mon@test3"} 1 20622.0 0.0 23650 3647 15465.625 8
stats: {sentpackets,"os_mon@test3"} 1 14127.0 0.0 15711 2494 10241.0 8
stats: {freemem,"os_mon@test2"} 1 1438.90625 0.0 1517.57421875 1438.90625 1504.4409722222222 9
stats: {load,"os_mon@test4"} 1 0.58984375 0.0 0.58984375 0.328125 0.4487847222222222 9
stats: {cpu,"os_mon@test3"} 1 53.825857519788926 0.0 53.825857519788926 2.2796352583586628 30.644668560372356 9
stats: {freemem,"os_mon@test4"} 1 1386.29296875 0.0 1444.60546875 1386.20703125 1431.142361111111 9
stats: {freemem,"os_mon@myserver"} 0 0 0 2139.453125 2031.6953125 2117.905078125 10
stats: {recvpackets,"os_mon@test2"} 1 20598.0 0.0 23623 3670 15480.75 8
stats: {sentpackets,"os_mon@test2"} 1 14110.0 0.0 15693 2505 10251.0 8
stats: {load,"os_mon@test3"} 1 1.75 0.0 3.94921875 1.44921875 2.4244791666666665 9
stats: {cpu,"os_mon@test2"} 1 55.57275541795666 0.0 55.57275541795666 2.9381965552178317 31.13738738717794 9
stats: {recvpackets,"os_mon@test4"} 1 20605.0 0.0 23623 3644 15455.875 8
stats: {sentpackets,"os_mon@test4"} 1 14116.0 0.0 15695 2490 10233.75 8
stats: {freemem,"os_mon@test3"} 1 1370.62890625 0.0 1498.0 1370.62890625 1481.4340277777778 9
stats: {load,"os_mon@myserver"} 0 0 0 3.73046875 0.5 1.67265625 10
stats: {recvpackets,"os_mon@myserver"} 0 0 0 27335 430 15062.777777777777 9
stats: {sentpackets,"os_mon@myserver"} 0 0 0 18409 332 9988.333333333334 9
stats: {cpu,"os_mon@test4"} 1 37.16632443531827 0.0 47.748208802456496 1.9191919191919191 28.60460687429628 9
stats: {cpu,"os_mon@myserver"} 0 0 0 94.48818897637796 4.853387259858443 62.869509428584436 10
stats: session 4753 6069.1784066477685 5617.851937483151 33909.9931640625 10.201904296875 2033.8802091080065 30885
stats: users_count 6044 40115
stats: finish_users_count 4753 35638
stats: request 49280 579.2620115899427 1764.772096049304 32026.323974609375 0.06298828125 225.77583597937246 321097
stats: page 4874 6138.280269480361 5587.836047866308 33806.700927734375 8.85009765625 1992.9580776682265 30654
stats: connect 7567 611.4149069742564 1297.9055693202222 31602.1708984375 0.446044921875 354.4216501072448 37735
stats: 200 47345 365405
stats: size_rcv 4455192 42678010
stats: newphase 6 54
stats: size_sent 6651824 49631152
stats: connected 891 3803
# stats: dump at 1338909101
stats: users 4016 4665
stats: {load,"os_mon@test2"} 1 1.19921875 0.0 1.19921875 0.640625 0.79609375 10
stats: {recvpackets,"os_mon@test3"} 1 23480.0 0.0 23650 3647 16038.555555555555 9
stats: {sentpackets,"os_mon@test3"} 1 16060.0 0.0 16060 2494 10672.777777777777 9
stats: {freemem,"os_mon@test2"} 1 1398.21484375 0.0 1517.57421875 1398.21484375 1497.8875 10
stats: {load,"os_mon@test4"} 1 0.5 0.0 0.58984375 0.328125 0.462890625 10
stats: {cpu,"os_mon@test3"} 1 47.093023255813954 0.0 53.825857519788926 2.2796352583586628 32.96278745631402 10
stats: {freemem,"os_mon@test4"} 1 1382.91796875 0.0 1444.60546875 1382.91796875 1426.657421875 10
stats: {freemem,"os_mon@myserver"} 1 2029.05078125 0.0 2139.453125 2029.05078125 2117.905078125 10
stats: {recvpackets,"os_mon@test2"} 1 23777.0 0.0 23777 3670 16049.333333333334 9
stats: {sentpackets,"os_mon@test2"} 1 16309.0 0.0 16309 2505 10679.777777777777 9
stats: {load,"os_mon@test3"} 1 1.7109375 0.0 3.94921875 1.44921875 2.35703125 10
stats: {cpu,"os_mon@test2"} 1 59.278088459583124 0.0 59.278088459583124 2.9381965552178317 33.580924190255814 10
stats: {recvpackets,"os_mon@test4"} 1 23539.0 0.0 23623 3644 16028.0 9
stats: {sentpackets,"os_mon@test4"} 1 16099.0 0.0 16099 2490 10665.111111111111 9
stats: {freemem,"os_mon@test3"} 1 1357.6640625 0.0 1498.0 1357.6640625 1470.353515625 10
stats: {load,"os_mon@myserver"} 1 3.6484375 0.0 3.73046875 0.5 1.67265625 10
stats: {recvpackets,"os_mon@myserver"} 1 27073.0 0.0 27335 430 15062.777777777777 9
stats: {sentpackets,"os_mon@myserver"} 1 18649.0 0.0 18649 332 9988.333333333334 9
stats: {cpu,"os_mon@test4"} 1 44.94897959183673 0.0 47.748208802456496 1.9191919191919191 29.460778630398476 10
stats: {cpu,"os_mon@myserver"} 1 94.35736677115987 0.0 94.48818897637796 4.853387259858443 62.869509428584436 10
stats: session 5049 6517.645137467277 5350.7366595514995 43297.80908203125 10.201904296875 2572.063393711702 35638
stats: users_count 4588 44703
stats: finish_users_count 5049 40687
stats: request 50454 695.5292171642062 1729.7802516681293 37260.225830078125 0.06298828125 272.80845067760936 370377
stats: page 4935 6423.6059552008155 5264.011223667961 43296.427001953125 8.85009765625 2561.644757551483 35528
stats: connect 7345 761.2465366599827 1557.8884493669693 31712.994140625 0.446044921875 397.3484077495713 45302
stats: 200 47376 412781
stats: size_rcv 4200074 46878084
stats: newphase 5 59
stats: size_sent 6638303 56269455
stats: connected -429 3374
# stats: dump at 1338909111
stats: users 3868 4665
stats: {load,"os_mon@test2"} 1 1.1796875 0.0 1.19921875 0.640625 0.8327414772727273 11
stats: {recvpackets,"os_mon@test3"} 1 22962.0 0.0 23650 3647 16782.7 10
stats: {sentpackets,"os_mon@test3"} 1 16010.0 0.0 16060 2494 11211.5 10
stats: {freemem,"os_mon@test2"} 1 1386.6953125 0.0 1517.57421875 1386.6953125 1488.8263494318182 11
stats: {load,"os_mon@test4"} 1 0.578125 0.0 0.58984375 0.328125 0.46626420454545453 11
stats: {cpu,"os_mon@test3"} 1 61.809573908469226 0.0 61.809573908469226 2.2796352583586628 34.24735434717764 11
stats: {freemem,"os_mon@test4"} 1 1370.3359375 0.0 1444.60546875 1370.3359375 1422.6811079545455 11
stats: {freemem,"os_mon@myserver"} 1 2038.125 0.0 2139.453125 2029.05078125 2109.8274147727275 11
stats: {recvpackets,"os_mon@test2"} 1 22980.0 0.0 23777 3670 16822.1 10
stats: {sentpackets,"os_mon@test2"} 1 15987.0 0.0 16309 2505 11242.7 10
stats: {load,"os_mon@test3"} 1 1.671875 0.0 3.94921875 1.44921875 2.2982954545454546 11
stats: {cpu,"os_mon@test2"} 1 53.2715095311695 0.0 59.278088459583124 2.9381965552178317 35.91703003292193 11
stats: {recvpackets,"os_mon@test4"} 1 22966.0 0.0 23623 3644 16779.1 10
stats: {sentpackets,"os_mon@test4"} 1 16015.0 0.0 16099 2490 11208.5 10
stats: {freemem,"os_mon@test3"} 1 1316.64453125 0.0 1498.0 1316.64453125 1460.1090198863637 11
stats: {load,"os_mon@myserver"} 1 4.390625 0.0 4.390625 0.5 1.8522727272727273 11
stats: {recvpackets,"os_mon@myserver"} 1 31249.0 0.0 31249 430 16263.8 10
stats: {sentpackets,"os_mon@myserver"} 1 21810.0 0.0 21810 332 10854.4 10
stats: {cpu,"os_mon@test4"} 1 45.393721049922796 0.0 47.748208802456496 1.9191919191919191 30.868796899620136 11
stats: {cpu,"os_mon@myserver"} 1 93.46871569703622 0.0 94.48818897637796 4.853387259858443 65.73204191427311 11
stats: session 5274 7253.813427401082 6891.170812447948 55803.486083984375 10.201904296875 3061.685194882147 40687
stats: users_count 5126 49829
stats: finish_users_count 5274 45961
stats: 200 46620 459401
stats: request 49373 679.6764816393277 2217.3543034755808 55268.958984375 0.06298828125 323.4890173476378 420831
stats: page 5409 7322.687674676322 6913.978108126658 55802.18798828125 8.85009765625 3032.6621934904756 40463
stats: connect 6998 704.7702298661796 1883.3334788613683 31712.994140625 0.446044921875 448.11733583373507 52647
stats: size_rcv 4703515 51581599
stats: newphase 6 65
stats: size_sent 6484219 62753674
stats: connected -524 2850
# stats: dump at 1338909121
stats: users 2679 4867
stats: {load,"os_mon@test2"} 1 1.23046875 0.0 1.23046875 0.640625 0.8616536458333334 12
stats: {recvpackets,"os_mon@test3"} 1 23734.0 0.0 23734 3647 17344.454545454544 11
stats: {sentpackets,"os_mon@test3"} 1 16503.0 0.0 16503 2494 11647.727272727272 11
stats: {freemem,"os_mon@test2"} 1 1375.0390625 0.0 1517.57421875 1375.0390625 1480.3154296875 12
stats: {load,"os_mon@test4"} 1 0.48828125 0.0 0.58984375 0.328125 0.4755859375 12
stats: {cpu,"os_mon@test3"} 1 45.92 0.0 61.809573908469226 2.2796352583586628 36.54420597728527 12
stats: {freemem,"os_mon@test4"} 1 1347.015625 0.0 1444.60546875 1347.015625 1418.3190104166667 12
stats: {freemem,"os_mon@myserver"} 1 2024.84375 0.0 2139.453125 2024.84375 2103.852213541667 12
stats: {recvpackets,"os_mon@test2"} 1 23556.0 0.0 23777 3670 17381.909090909092 11
stats: {sentpackets,"os_mon@test2"} 1 16380.0 0.0 16380 2505 11674.0 11
stats: {load,"os_mon@test3"} 1 1.421875 0.0 3.94921875 1.421875 2.24609375 12
stats: {cpu,"os_mon@test2"} 1 60.2366255144033 0.0 60.2366255144033 2.9381965552178317 37.36323665777589 12
stats: {recvpackets,"os_mon@test4"} 1 23573.0 0.0 23623 3644 17341.545454545456 11
stats: {sentpackets,"os_mon@test4"} 1 16391.0 0.0 16391 2490 11645.454545454546 11
stats: {freemem,"os_mon@test3"} 1 1313.0546875 0.0 1498.0 1313.0546875 1448.1536458333333 12
stats: {load,"os_mon@myserver"} 1 5.01953125 0.0 5.01953125 0.5 2.0638020833333335 12
stats: {recvpackets,"os_mon@myserver"} 1 28112.0 0.0 31249 430 17626.090909090908 11
stats: {sentpackets,"os_mon@myserver"} 1 19610.0 0.0 21810 332 11850.363636363636 11
stats: {cpu,"os_mon@test4"} 1 49.63579604578564 0.0 49.63579604578564 1.9191919191919191 32.07920724547869 12
stats: {cpu,"os_mon@myserver"} 1 94.50723775530439 0.0 94.50723775530439 4.853387259858443 68.04343139617004 12
stats: session 5131 6457.031701691083 6113.822860608189 63694.366943359375 10.201904296875 3542.7296521025046 45961
stats: users_count 3942 53771
stats: finish_users_count 5131 51092
stats: request 49627 688.6543681784129 2090.049644192465 60449.89208984375 0.06298828125 360.8898979749264 470204
stats: page 5099 6389.833798743849 6026.808634762641 63693.001953125 8.85009765625 3538.5208398920763 45872
stats: connect 6919 832.2167612718928 1554.727446255918 31712.994140625 0.446044921875 478.2297836908739 59645
stats: 200 46857 506258
stats: size_rcv 4272459 55854058
stats: newphase 6 71
stats: size_sent 6474820 69228494
stats: connected -823 2027
# stats: dump at 1338909131
stats: users 4271 4867
stats: {load,"os_mon@test2"} 1 1.58984375 0.0 1.58984375 0.640625 0.8900240384615384 13
stats: {recvpackets,"os_mon@test3"} 1 19214.0 0.0 23734 3647 17876.916666666668 12
stats: {sentpackets,"os_mon@test3"} 1 13681.0 0.0 16503 2494 12052.333333333334 12
stats: {freemem,"os_mon@test2"} 1 1348.7890625 0.0 1517.57421875 1348.7890625 1472.2172475961538 13
stats: {load,"os_mon@test4"} 1 0.421875 0.0 0.58984375 0.328125 0.4765625 13
stats: {cpu,"os_mon@test3"} 1 53.96325459317586 0.0 61.809573908469226 2.2796352583586628 37.26542090210948 13
stats: {freemem,"os_mon@test4"} 1 1346.0 0.0 1444.60546875 1346.0 1412.8341346153845 13
stats: {freemem,"os_mon@myserver"} 0 0 0 2139.453125 2024.84375 2097.774639423077 13
stats: {recvpackets,"os_mon@test2"} 1 19953.0 0.0 23777 3670 17896.416666666668 12
stats: {sentpackets,"os_mon@test2"} 1 14174.0 0.0 16380 2505 12066.166666666666 12
stats: {load,"os_mon@test3"} 1 1.28125 0.0 3.94921875 1.28125 2.1826923076923075 13
stats: {cpu,"os_mon@test2"} 1 65.48762001010611 0.0 65.48762001010611 2.9381965552178317 39.12272810828569 13
stats: {recvpackets,"os_mon@test4"} 1 19175.0 0.0 23623 3644 17860.833333333332 12
stats: {sentpackets,"os_mon@test4"} 1 13658.0 0.0 16391 2490 12040.916666666666 12
stats: {freemem,"os_mon@test3"} 1 1284.93359375 0.0 1498.0 1284.93359375 1437.7614182692307 13
stats: {load,"os_mon@myserver"} 0 0 0 5.01953125 0.5 2.2911658653846154 13
stats: {recvpackets,"os_mon@myserver"} 0 0 0 31249 430 18499.916666666668 12
stats: {sentpackets,"os_mon@myserver"} 0 0 0 21810 332 12497.0 12
stats: {cpu,"os_mon@test4"} 1 34.25925925925926 0.0 49.63579604578564 1.9191919191919191 33.42971407627153 13
stats: {cpu,"os_mon@myserver"} 0 0 0 94.50723775530439 4.853387259858443 70.07910880841114 13
stats: session 4388 6800.383552878145 7290.967831953872 73699.2060546875 10.201904296875 3835.403335192597 51092
stats: users_count 5980 59751
stats: finish_users_count 4388 55480
stats: request 49265 699.6804369643914 2376.708274766708 67283.4150390625 0.06298828125 392.1807739765277 519831
stats: page 4398 6776.577510707108 7290.784327220437 73697.93408203125 8.85009765625 3823.7584215990314 50971
stats: connect 8102 691.7979762544152 1476.5206072395536 31712.994140625 0.446044921875 515.0249867718646 66564
stats: 200 47145 553403
stats: size_rcv 4307344 60161402
stats: newphase 3 74
stats: size_sent 6716624 75945118
stats: connected 1353 3380
stats: error_connect_etimedout 3 3
# stats: dump at 1338909141
stats: users 3935 4867
stats: {load,"os_mon@test2"} 1 1.578125 0.0 1.58984375 0.640625 0.9400111607142857 14
stats: {recvpackets,"os_mon@test3"} 1 23597.0 0.0 23734 3647 17979.76923076923 13
stats: {sentpackets,"os_mon@test3"} 1 16539.0 0.0 16539 2494 12177.615384615385 13
stats: {freemem,"os_mon@test2"} 1 1307.96484375 0.0 1517.57421875 1307.96484375 1463.4009486607142 14
stats: {load,"os_mon@test4"} 1 0.4296875 0.0 0.58984375 0.328125 0.47265625 14
stats: {cpu,"os_mon@test3"} 1 60.28257456828885 0.0 61.809573908469226 2.2796352583586628 38.458123308614226 14
stats: {freemem,"os_mon@test4"} 1 1330.8203125 0.0 1444.60546875 1330.8203125 1408.060267857143 14
stats: {freemem,"os_mon@myserver"} 1 2020.04296875 0.0 2139.453125 2020.04296875 2097.774639423077 13
stats: {recvpackets,"os_mon@test2"} 1 23335.0 0.0 23777 3670 18054.615384615383 13
stats: {sentpackets,"os_mon@test2"} 1 16385.0 0.0 16385 2505 12228.307692307691 13
stats: {load,"os_mon@test3"} 1 1.3203125 0.0 3.94921875 1.28125 2.118303571428571 14
stats: {cpu,"os_mon@test2"} 1 58.526532715095314 0.0 65.48762001010611 2.9381965552178317 41.005934672701436 14
stats: {recvpackets,"os_mon@test4"} 1 23608.0 0.0 23623 3644 17961.923076923078 13
stats: {sentpackets,"os_mon@test4"} 1 16538.0 0.0 16538 2490 12165.307692307691 13
stats: {freemem,"os_mon@test3"} 1 1241.16796875 0.0 1498.0 1241.16796875 1426.8451450892858 14
stats: {load,"os_mon@myserver"} 1 5.44921875 0.0 5.44921875 0.5 2.2911658653846154 13
stats: {recvpackets,"os_mon@myserver"} 1 41690.0 0.0 41690 430 18499.916666666668 12
stats: {sentpackets,"os_mon@myserver"} 1 29399.0 0.0 29399 332 12497.0 12
stats: {cpu,"os_mon@test4"} 1 44.39855446566856 0.0 49.63579604578564 1.9191919191919191 33.488967303627796 14
stats: {cpu,"os_mon@myserver"} 1 94.44201312910285 0.0 94.50723775530439 4.853387259858443 70.07910880841114 13
stats: session 5377 7271.896824773416 7710.8087201481085 79943.18701171875 10.201904296875 4069.9082594031984 55480
stats: users_count 5041 64792
stats: finish_users_count 5377 60857
stats: request 51309 740.59860246919 2404.633536735036 67283.4150390625 0.06298828125 418.80013327108804 569096
stats: 200 48164 601567
stats: page 5439 7290.687050860249 7648.33066255809 79941.205078125 8.85009765625 4058.302992638734 55369
stats: connect 7802 764.0996222673275 1666.1570562365619 31712.994140625 0.446044921875 534.2066057254397 74666
stats: size_rcv 4666596 64827998
stats: newphase 4 78
stats: size_sent 6748385 82693503
stats: connected -451 2929
stats: error_connect_etimedout 4 7
# stats: dump at 1338909151
stats: users 4801 5011
stats: {load,"os_mon@test2"} 1 1.55859375 0.0 1.58984375 0.640625 0.9825520833333333 15
stats: {recvpackets,"os_mon@test3"} 1 23830.0 0.0 23830 3647 18381.0 14
stats: {sentpackets,"os_mon@test3"} 1 16809.0 0.0 16809 2494 12489.142857142857 14
stats: {freemem,"os_mon@test2"} 1 1281.26953125 0.0 1517.57421875 1281.26953125 1453.0385416666666 15
stats: {load,"os_mon@test4"} 1 0.51171875 0.0 0.58984375 0.328125 0.46979166666666666 15
stats: {cpu,"os_mon@test3"} 1 56.04626708727655 0.0 61.809573908469226 2.2796352583586628 39.913086725925865 15
stats: {freemem,"os_mon@test4"} 1 1307.7421875 0.0 1444.60546875 1307.7421875 1402.9109375 15
stats: {freemem,"os_mon@myserver"} 1 2019.06640625 0.0 2139.453125 2019.06640625 2092.222377232143 14
stats: {recvpackets,"os_mon@test2"} 1 23453.0 0.0 23777 3670 18431.785714285714 14
stats: {sentpackets,"os_mon@test2"} 1 16593.0 0.0 16593 2505 12525.214285714286 14
stats: {load,"os_mon@test3"} 1 1.578125 0.0 3.94921875 1.28125 2.0651041666666665 15
stats: {cpu,"os_mon@test2"} 1 59.778783308195074 0.0 65.48762001010611 2.9381965552178317 42.173974542194365 15
stats: {recvpackets,"os_mon@test4"} 1 24023.0 0.0 24023 3644 18365.214285714286 14
stats: {sentpackets,"os_mon@test4"} 1 16941.0 0.0 16941 2490 12477.642857142857 14
stats: {freemem,"os_mon@test3"} 1 1175.9140625 0.0 1498.0 1175.9140625 1414.4666666666667 15
stats: {load,"os_mon@myserver"} 1 5.75 0.0 5.75 0.5 2.5167410714285716 14
stats: {recvpackets,"os_mon@myserver"} 1 22164.0 0.0 41690 430 20283.76923076923 13
stats: {sentpackets,"os_mon@myserver"} 1 15896.0 0.0 29399 332 13797.153846153846 13
stats: {cpu,"os_mon@test4"} 1 49.34997399895995 0.0 49.63579604578564 1.9191919191919191 34.216273114430514 15
stats: {cpu,"os_mon@myserver"} 1 93.79338505512455 0.0 94.50723775530439 4.853387259858443 71.81931625988912 14
stats: session 4281 7257.632357922822 7776.245886462698 87274.68310546875 10.201904296875 4352.818894432787 60857
stats: users_count 5147 69939
stats: finish_users_count 4281 65138
stats: request 47414 736.5379360258618 2197.257324838922 83233.93115234375 0.06298828125 445.4136480817124 620405
stats: page 4247 7233.736464307987 7613.233497935722 84956.998046875 8.85009765625 4347.4250965176125 60808
stats: connect 7724 682.0142954703375 1236.4721298764998 38632.8701171875 0.446044921875 555.955954746391 82468
stats: 200 45331 646898
stats: size_rcv 3889202 68717200
stats: newphase 6 84
stats: size_sent 6425646 89119149
stats: connected 1009 3938
stats: error_connect_etimedout 0 7
# stats: dump at 1338909161
stats: users 3956 5144
stats: {load,"os_mon@test2"} 1 1.55078125 0.0 1.58984375 0.640625 1.0185546875 16
stats: {recvpackets,"os_mon@test3"} 1 21570.0 0.0 23830 3647 18744.266666666666 15
stats: {sentpackets,"os_mon@test3"} 1 15577.0 0.0 16809 2494 12777.133333333333 15
stats: {freemem,"os_mon@test2"} 1 1227.94921875 0.0 1517.57421875 1227.94921875 1442.302978515625 16
stats: {load,"os_mon@test4"} 1 0.58984375 0.0 0.58984375 0.328125 0.472412109375 16
stats: {cpu,"os_mon@test3"} 1 44.57768508863399 0.0 61.809573908469226 2.2796352583586628 40.921410498510284 16
stats: {freemem,"os_mon@test4"} 1 1293.0859375 0.0 1444.60546875 1293.0859375 1396.962890625 16
stats: {freemem,"os_mon@myserver"} 0 0 0 2139.453125 2019.06640625 2087.3453125 15
stats: {recvpackets,"os_mon@test2"} 1 22669.0 0.0 23777 3670 18766.533333333333 15
stats: {sentpackets,"os_mon@test2"} 1 16291.0 0.0 16593 2505 12796.4 15
stats: {load,"os_mon@test3"} 1 1.5703125 0.0 3.94921875 1.28125 2.03466796875 16
stats: {cpu,"os_mon@test2"} 1 64.09725814795655 0.0 65.48762001010611 2.9381965552178317 43.27427509006941 16
stats: {recvpackets,"os_mon@test4"} 1 21395.0 0.0 24023 3644 18742.4 15
stats: {sentpackets,"os_mon@test4"} 1 15458.0 0.0 16941 2490 12775.2 15
stats: {freemem,"os_mon@test3"} 1 1167.8125 0.0 1498.0 1167.8125 1399.55712890625 16
stats: {load,"os_mon@myserver"} 0 0 0 5.75 0.5 2.732291666666667 15
stats: {recvpackets,"os_mon@myserver"} 0 0 0 41690 430 20418.071428571428 14
stats: {sentpackets,"os_mon@myserver"} 0 0 0 29399 332 13947.07142857143 14
stats: {cpu,"os_mon@test4"} 1 44.11001556824079 0.0 49.63579604578564 1.9191919191919191 35.16212941971361 16
stats: {cpu,"os_mon@myserver"} 0 0 0 94.50723775530439 4.853387259858443 73.28425417957149 15
stats: session 5066 7575.316630728291 8051.7418709767335 94715.67016601563 10.201904296875 4543.729061112771 65138
stats: users_count 4221 74160
stats: finish_users_count 5066 70204
stats: request 49914 800.7948212331495 2519.0000065867603 83233.93115234375 0.06298828125 466.0829716388198 667819
stats: page 4996 7563.403885022077 7955.0541208282675 94713.31396484375 8.85009765625 4535.852801982307 65055
stats: connect 7516 794.5669502067443 1520.9749583762843 38632.8701171875 0.446044921875 566.7515311140484 90192
stats: 200 46483 693381
stats: size_rcv 4122577 72839777
stats: newphase 6 90
stats: size_sent 6568246 95687395
stats: connected -403 3535
stats: error_connect_etimedout 1 8
# stats: dump at 1338909171
stats: users 4229 5144
stats: {load,"os_mon@test2"} 1 1.5390625 0.0 1.58984375 0.640625 1.0498621323529411 17
stats: {recvpackets,"os_mon@test3"} 1 19442.0 0.0 23830 3647 18920.875 16
stats: {sentpackets,"os_mon@test3"} 1 14221.0 0.0 16809 2494 12952.125 16
stats: {freemem,"os_mon@test2"} 1 1188.81640625 0.0 1517.57421875 1188.81640625 1429.6939338235295 17
stats: {load,"os_mon@test4"} 1 0.6484375 0.0 0.6484375 0.328125 0.47931985294117646 17
stats: {cpu,"os_mon@test3"} 1 35.91983556012333 0.0 61.809573908469226 2.2796352583586628 41.13648547439991 17
stats: {freemem,"os_mon@test4"} 1 1274.59375 0.0 1444.60546875 1274.59375 1390.852481617647 17
stats: {freemem,"os_mon@myserver"} 1 2020.8125 0.0 2139.453125 2019.06640625 2087.3453125 15
stats: {recvpackets,"os_mon@test2"} 1 18447.0 0.0 23777 3670 19010.4375 16
stats: {sentpackets,"os_mon@test2"} 1 13524.0 0.0 16593 2505 13014.8125 16
stats: {load,"os_mon@test3"} 1 1.3984375 0.0 3.94921875 1.28125 2.0073529411764706 17
stats: {cpu,"os_mon@test2"} 1 65.36661466458659 0.0 65.48762001010611 2.9381965552178317 44.49915644641572 17
stats: {recvpackets,"os_mon@test4"} 1 19546.0 0.0 24023 3644 18908.1875 16
stats: {sentpackets,"os_mon@test4"} 1 14301.0 0.0 16941 2490 12942.875 16
stats: {freemem,"os_mon@test3"} 1 1154.765625 0.0 1498.0 1154.765625 1385.9250919117646 17
stats: {load,"os_mon@myserver"} 1 6.171875 0.0 6.171875 0.5 2.732291666666667 15
stats: {recvpackets,"os_mon@myserver"} 1 33541.0 0.0 41690 430 20418.071428571428 14
stats: {sentpackets,"os_mon@myserver"} 1 24103.0 0.0 29399 332 13947.07142857143 14
stats: {cpu,"os_mon@test4"} 1 52.05128205128206 0.0 52.05128205128206 1.9191919191919191 35.68847566374462 17
stats: {cpu,"os_mon@myserver"} 1 94.52454827523272 0.0 94.52454827523272 4.853387259858443 73.28425417957149 15
stats: session 4449 7617.32637886497 8855.301386439956 104144.5439453125 10.201904296875 4762.491847103202 70204
stats: users_count 4722 78882
stats: finish_users_count 4449 74653
stats: request 42965 718.3280778027015 2683.4143223264027 90700.27709960938 0.06298828125 489.36016143035977 717733
stats: page 4492 7625.025192247152 8821.562130441558 104143.39208984375 8.85009765625 4751.776132282613 70051
stats: connect 6493 639.6335533820085 1583.8500956595994 38632.8701171875 0.446044921875 584.2757941211788 97708
stats: error_unknown 1 1
stats: 200 41167 734548
stats: size_rcv 4248227 77088004
stats: newphase 5 95
stats: size_sent 5726715 101414110
stats: connected 194 3729
stats: error_connect_etimedout 0 8
# stats: dump at 1338909181
stats: users 2335 5144
stats: {load,"os_mon@test2"} 1 1.44921875 0.0 1.58984375 0.640625 1.0770399305555556 18
stats: {recvpackets,"os_mon@test3"} 1 21834.0 0.0 23830 3647 18951.529411764706 17
stats: {sentpackets,"os_mon@test3"} 1 15633.0 0.0 16809 2494 13026.764705882353 17
stats: {freemem,"os_mon@test2"} 1 1157.8359375 0.0 1517.57421875 1157.8359375 1416.3118489583333 18
stats: {load,"os_mon@test4"} 1 0.69921875 0.0 0.69921875 0.328125 0.4887152777777778 18
stats: {cpu,"os_mon@test3"} 1 37.52587991718426 0.0 61.809573908469226 2.2796352583586628 40.84667159027344 18
stats: {freemem,"os_mon@test4"} 1 1250.6953125 0.0 1444.60546875 1250.6953125 1384.3936631944443 18
stats: {freemem,"os_mon@myserver"} 1 2019.59765625 0.0 2139.453125 2019.06640625 2083.18701171875 16
stats: {recvpackets,"os_mon@test2"} 1 22304.0 0.0 23777 3670 18977.29411764706 17
stats: {sentpackets,"os_mon@test2"} 1 15933.0 0.0 16593 2505 13044.764705882353 17
stats: {load,"os_mon@test3"} 1 1.26171875 0.0 3.94921875 1.26171875 1.9735243055555556 18
stats: {cpu,"os_mon@test2"} 1 53.80267214799589 0.0 65.48762001010611 2.9381965552178317 45.65845968075854 18
stats: {recvpackets,"os_mon@test4"} 1 21768.0 0.0 24023 3644 18945.70588235294 17
stats: {sentpackets,"os_mon@test4"} 1 15559.0 0.0 16941 2490 13022.764705882353 17
stats: {freemem,"os_mon@test3"} 1 1136.33203125 0.0 1498.0 1136.33203125 1373.0828993055557 18
stats: {load,"os_mon@myserver"} 1 6.4609375 0.0 6.4609375 0.5 2.947265625 16
stats: {recvpackets,"os_mon@myserver"} 1 24327.0 0.0 41690 430 21292.933333333334 15
stats: {sentpackets,"os_mon@myserver"} 1 17475.0 0.0 29399 332 14624.133333333333 15
stats: {cpu,"os_mon@test4"} 1 51.112260734609414 0.0 52.05128205128206 1.9191919191919191 36.597520463052255 18
stats: {cpu,"os_mon@myserver"} 1 89.87743985474353 0.0 94.52454827523272 4.853387259858443 74.61177256055032 16
stats: session 5466 7027.302352754521 8879.630427171549 104144.5439453125 10.201904296875 4932.627793840883 74653
stats: users_count 3572 82454
stats: finish_users_count 5466 80119
stats: request 47669 664.4131085031896 2593.9063986717224 90700.27709960938 0.06298828125 502.2925032098014 760698
stats: page 5534 6985.371619397916 8793.539456706463 104143.39208984375 8.85009765625 4924.9196169473125 74543
stats: connect 6209 606.0701845906033 1315.546761799552 38632.8701171875 0.446044921875 587.7252613132458 104201
stats: error_unknown 0 1
stats: 200 44207 778755
stats: size_rcv 4560005 81648009
stats: newphase 5 100
stats: size_sent 6086267 107500377
stats: connected -1812 1917
stats: error_connect_etimedout 1 9
# stats: dump at 1338909191
stats: users 2314 5144
stats: {load,"os_mon@test2"} 1 1.30078125 0.0 1.58984375 0.640625 1.0966282894736843 19
stats: {recvpackets,"os_mon@test3"} 1 22304.0 0.0 23830 3647 19111.666666666668 18
stats: {sentpackets,"os_mon@test3"} 1 15949.0 0.0 16809 2494 13171.555555555555 18
stats: {freemem,"os_mon@test2"} 1 1123.60546875 0.0 1517.57421875 1123.60546875 1402.707853618421 19
stats: {load,"os_mon@test4"} 1 0.890625 0.0 0.890625 0.328125 0.49979440789473684 19
stats: {cpu,"os_mon@test3"} 1 23.584415584415584 0.0 61.809573908469226 2.2796352583586628 40.67189308116348 19
stats: {freemem,"os_mon@test4"} 1 1235.9140625 0.0 1444.60546875 1235.9140625 1377.3569078947369 19
stats: {freemem,"os_mon@myserver"} 1 2031.68359375 0.0 2139.453125 2019.06640625 2079.446461397059 17
stats: {recvpackets,"os_mon@test2"} 1 22861.0 0.0 23777 3670 19162.11111111111 18
stats: {sentpackets,"os_mon@test2"} 1 16353.0 0.0 16593 2505 13205.222222222223 18
stats: {load,"os_mon@test3"} 1 1.1484375 0.0 3.94921875 1.1484375 1.936060855263158 19
stats: {cpu,"os_mon@test2"} 1 67.31857951621204 0.0 67.31857951621204 2.9381965552178317 46.087102442192084 19
stats: {recvpackets,"os_mon@test4"} 1 22192.0 0.0 24023 3644 19102.5 18
stats: {sentpackets,"os_mon@test4"} 1 15903.0 0.0 16941 2490 13163.666666666666 18
stats: {freemem,"os_mon@test3"} 1 1132.4765625 0.0 1498.0 1132.4765625 1360.6223273026317 19
stats: {load,"os_mon@myserver"} 1 6.328125 0.0 6.4609375 0.5 3.153952205882353 17
stats: {recvpackets,"os_mon@myserver"} 1 24628.0 0.0 41690 430 21482.5625 16
stats: {sentpackets,"os_mon@myserver"} 1 17634.0 0.0 29399 332 14802.3125 16
stats: {cpu,"os_mon@test4"} 1 54.7938144329897 0.0 54.7938144329897 1.9191919191919191 37.361454161555265 19
stats: {cpu,"os_mon@myserver"} 1 86.87394700566703 0.0 94.52454827523272 4.853387259858443 75.50975298962051 17
stats: session 4115 6113.782382717579 9091.03962077602 118793.89697265625 10.201904296875 5075.533860304792 80119
stats: users_count 4094 86548
stats: finish_users_count 4115 84234
stats: request 40844 693.5857546635114 2948.023001260906 90700.27709960938 0.06298828125 511.85267468356335 808367
stats: page 4028 6088.2865656954145 9042.99951657531 118792.44506835938 8.85009765625 5067.314329306188 80077
stats: connect 5306 588.147037119314 1404.0160154724017 38632.8701171875 0.446044921875 588.7569036339514 110410
stats: error_unknown 0 1
stats: 200 38786 817541
stats: size_rcv 3893245 85541254
stats: newphase 2 102
stats: size_sent 5358602 112858979
stats: connected -454 1463
stats: error_connect_etimedout 1 10
stats: error_abort 1 1
EndMonitor:{1338,909191,825831}
