# stats: dump at 1338895293
stats: users 1 3
stats: session 57 25.256300541392545 3.4413782435157794 39.64306640625 20.613037109375 0 0
stats: users_count 58 58
stats: finish_users_count 57 57
stats: request 548 2.108157415459623 0.4863385209437505 5.98583984375 1.256103515625 0 0
stats: page 54 22.85121437355324 3.167941898961525 34.93603515625 19.302978515625 0 0
stats: connect 550 0.9983496093750004 0.21954030396702062 2.050048828125 0.52001953125 0 0
stats: 200 548 548
stats: size_rcv 72884 72884
stats: size_sent 72906 72906
stats: connected 2 2
# stats: dump at 1338895303
stats: users 10 18
stats: {load,"os_mon@test2"} 1 1.44140625 0 1.44140625 1.44140625 0 0
stats: {freemem,"os_mon@test2"} 1 1505.8359375 0 1505.8359375 1505.8359375 0 0
stats: {cpu,"os_mon@test3"} 1 2.838317283324886 0 2.838317283324886 2.838317283324886 0 0
stats: {load,"os_mon@test4"} 1 1.828125 0 1.828125 1.828125 0 0
stats: {freemem,"os_mon@test4"} 1 1441.64453125 0 1441.64453125 1441.64453125 0 0
stats: {freemem,"os_mon@myserver"} 1 2593.81640625 0 2593.81640625 2593.81640625 0 0
stats: {load,"os_mon@test3"} 1 1.03125 0 1.03125 1.03125 0 0
stats: {cpu,"os_mon@test2"} 1 10.178117048346055 0 10.178117048346055 10.178117048346055 0 0
stats: {freemem,"os_mon@test3"} 1 1496.453125 0 1496.453125 1496.453125 0 0
stats: {cpu,"os_mon@test4"} 1 2.0696617869762743 0 2.0696617869762743 2.0696617869762743 0 0
stats: {load,"os_mon@myserver"} 1 2.28125 0 2.28125 2.28125 0 0
stats: {cpu,"os_mon@myserver"} 1 4.5420136260408785 0 4.5420136260408785 4.5420136260408785 0 0
stats: session 825 28.335146780303038 9.481060878657805 70.451171875 18.4638671875 25.256300541392545 57
stats: users_count 834 892
stats: finish_users_count 825 882
stats: request 8224 2.4772429113721977 1.1266911244714182 13.2041015625 1.126953125 2.108157415459623 548
stats: page 821 26.132376853208736 9.484456689801144 68.49609375 17.0859375 22.85121437355324 54
stats: connect 8222 0.9708496925170272 0.3689045395083142 11.4619140625 0.39013671875 0.9983496093750004 550
stats: 200 8224 8772
stats: size_rcv 1093792 1166676
stats: newphase 2 2
stats: size_sent 1090530 1163436
stats: connected -2 0
# stats: dump at 1338895313
stats: users 20 37
stats: {load,"os_mon@test2"} 1 1.21875 0.0 1.44140625 1.21875 1.44140625 1
stats: {recvpackets,"os_mon@test3"} 1 4535 0 4535 4535 0 0
stats: {sentpackets,"os_mon@test3"} 1 3093 0 3093 3093 0 0
stats: {freemem,"os_mon@test2"} 1 1518.88671875 0.0 1518.88671875 1505.8359375 1505.8359375 1
stats: {cpu,"os_mon@test3"} 1 21.410451547437848 0.0 21.410451547437848 2.838317283324886 2.838317283324886 1
stats: {load,"os_mon@test4"} 1 1.62890625 0.0 1.828125 1.62890625 1.828125 1
stats: {freemem,"os_mon@test4"} 1 1451.34765625 0.0 1451.34765625 1441.64453125 1441.64453125 1
stats: {freemem,"os_mon@myserver"} 1 2618.83203125 0.0 2618.83203125 2593.81640625 2593.81640625 1
stats: {recvpackets,"os_mon@test2"} 1 4610 0 4610 4610 0 0
stats: {sentpackets,"os_mon@test2"} 1 3149 0 3149 3149 0 0
stats: {load,"os_mon@test3"} 1 0.94921875 0.0 1.03125 0.94921875 1.03125 1
stats: {cpu,"os_mon@test2"} 1 29.20264093448451 0.0 29.20264093448451 10.178117048346055 10.178117048346055 1
stats: {freemem,"os_mon@test3"} 1 1506.30859375 0.0 1506.30859375 1496.453125 1496.453125 1
stats: {recvpackets,"os_mon@test4"} 1 4538 0 4538 4538 0 0
stats: {sentpackets,"os_mon@test4"} 1 3096 0 3096 3096 0 0
stats: {cpu,"os_mon@test4"} 1 11.364789446981227 0.0 11.364789446981227 2.0696617869762743 2.0696617869762743 1
stats: {load,"os_mon@myserver"} 1 2.01171875 0.0 2.28125 2.01171875 2.28125 1
stats: {recvpackets,"os_mon@myserver"} 1 4662 0 4662 4662 0 0
stats: {sentpackets,"os_mon@myserver"} 1 3185 0 3185 3185 0 0
stats: {cpu,"os_mon@myserver"} 1 15.670356703567034 0.0 15.670356703567034 4.5420136260408785 4.5420136260408785 1
stats: session 1680 62.580991327194894 140.28333415900963 3523.9140625 18.175048828125 28.13617372404692 882
stats: users_count 1690 2582
stats: finish_users_count 1680 2562
stats: request 16710 5.656290733935507 38.0444595830514 3424.02587890625 1.0 2.4541855867301443 8772
stats: page 1662 57.865979283008045 131.23833052287682 3520.517822265625 16.733154296875 25.92988225446428 875
stats: connect 16724 1.7712176071345758 26.763663794330363 1004.180908203125 0.363037109375 0.9725739235101742 8772
stats: 200 16710 25482
stats: size_rcv 2222430 3389106
stats: newphase 6 8
stats: size_sent 2221612 3385048
stats: connected 14 14
# stats: dump at 1338895323
stats: users 1215 1216
stats: {load,"os_mon@test2"} 1 1.109375 0.0 1.44140625 1.109375 1.330078125 2
stats: {recvpackets,"os_mon@test3"} 1 8046.0 0.0 8046 4535 4535.0 1
stats: {sentpackets,"os_mon@test3"} 1 5390.0 0.0 5390 3093 3093.0 1
stats: {freemem,"os_mon@test2"} 1 1523.04296875 0.0 1523.04296875 1505.8359375 1512.361328125 2
stats: {cpu,"os_mon@test3"} 1 37.92394655704008 0.0 37.92394655704008 2.838317283324886 12.124384415381368 2
stats: {load,"os_mon@test4"} 1 1.37890625 0.0 1.828125 1.37890625 1.728515625 2
stats: {freemem,"os_mon@test4"} 1 1453.1328125 0.0 1453.1328125 1441.64453125 1446.49609375 2
stats: {freemem,"os_mon@myserver"} 1 2627.8125 0.0 2627.8125 2593.81640625 2606.32421875 2
stats: {recvpackets,"os_mon@test2"} 1 8159.0 0.0 8159 4610 4610.0 1
stats: {sentpackets,"os_mon@test2"} 1 5460.0 0.0 5460 3149 3149.0 1
stats: {load,"os_mon@test3"} 1 0.80078125 0.0 1.03125 0.80078125 0.990234375 2
stats: {cpu,"os_mon@test2"} 1 45.814072932716996 0.0 45.814072932716996 10.178117048346055 19.690378991415283 2
stats: {freemem,"os_mon@test3"} 1 1508.26953125 0.0 1508.26953125 1496.453125 1501.380859375 2
stats: {recvpackets,"os_mon@test4"} 1 8045.0 0.0 8045 4538 4538.0 1
stats: {sentpackets,"os_mon@test4"} 1 5390.0 0.0 5390 3096 3096.0 1
stats: {cpu,"os_mon@test4"} 1 27.402862985685072 0.0 27.402862985685072 2.0696617869762743 6.717225616978751 2
stats: {load,"os_mon@myserver"} 1 1.859375 0.0 2.28125 1.859375 2.146484375 2
stats: {recvpackets,"os_mon@myserver"} 1 8169.0 0.0 8169 4662 4662.0 1
stats: {sentpackets,"os_mon@myserver"} 1 5469.0 0.0 5469 3185 3185.0 1
stats: {cpu,"os_mon@myserver"} 1 23.120955699352912 0.0 23.120955699352912 4.5420136260408785 10.106185164803957 2
stats: session 1593 1253.254576295708 1305.3101823043112 10285.160888671875 18.175048828125 50.72293936545543 2562
stats: users_count 2788 5370
stats: finish_users_count 1593 4155
stats: request 20574 155.65040834163034 443.6456428428194 9032.27099609375 1.0 4.553988467579434 25482
stats: page 1607 1215.3639743237595 1274.2671764648935 10280.411865234375 16.733154296875 46.85136166378227 2537
stats: connect 20688 110.32203728601317 400.0757480993508 7012.329833984375 0.343994140625 1.4964410777670965 25496
stats: 200 20574 46056
stats: size_rcv 2736342 6125448
stats: newphase 6 14
stats: size_sent 2746432 6131480
stats: connected 114 128
# stats: dump at 1338895333
stats: users 3671 3672
stats: {load,"os_mon@test2"} 1 1.01953125 0.0 1.44140625 1.01953125 1.2565104166666667 3
stats: {recvpackets,"os_mon@test3"} 1 11060.0 0.0 11060 4535 6290.5 2
stats: {sentpackets,"os_mon@test3"} 1 7572.0 0.0 7572 3093 4241.5 2
stats: {freemem,"os_mon@test2"} 1 1506.97265625 0.0 1523.04296875 1505.8359375 1515.921875 3
stats: {cpu,"os_mon@test3"} 1 45.501820072802914 0.0 45.501820072802914 2.838317283324886 20.72423846260094 3
stats: {load,"os_mon@test4"} 1 1.171875 0.0 1.828125 1.171875 1.6119791666666667 3
stats: {freemem,"os_mon@test4"} 1 1440.55859375 0.0 1453.1328125 1440.55859375 1448.7083333333333 3
stats: {freemem,"os_mon@myserver"} 1 2630.25390625 0.0 2630.25390625 2593.81640625 2613.4869791666665 3
stats: {recvpackets,"os_mon@test2"} 1 11095.0 0.0 11095 4610 6384.5 2
stats: {sentpackets,"os_mon@test2"} 1 7596.0 0.0 7596 3149 4304.5 2
stats: {load,"os_mon@test3"} 1 0.75 0.0 1.03125 0.75 0.9270833333333334 3
stats: {cpu,"os_mon@test2"} 1 51.3070220399795 0.0 51.3070220399795 10.178117048346055 28.398276971849185 3
stats: {freemem,"os_mon@test3"} 1 1493.6015625 0.0 1508.26953125 1493.6015625 1503.6770833333333 3
stats: {recvpackets,"os_mon@test4"} 1 11033.0 0.0 11033 4538 6291.5 2
stats: {sentpackets,"os_mon@test4"} 1 7549.0 0.0 7549 3096 4243.0 2
stats: {cpu,"os_mon@test4"} 1 36.27809722948248 0.0 36.27809722948248 2.0696617869762743 13.612438073214191 3
stats: {load,"os_mon@myserver"} 1 1.80078125 0.0 2.28125 1.80078125 2.05078125 3
stats: {recvpackets,"os_mon@myserver"} 1 11121.0 0.0 11121 4662 6415.5 2
stats: {sentpackets,"os_mon@myserver"} 1 7615.0 0.0 7615 3185 4327.0 2
stats: {cpu,"os_mon@myserver"} 1 25.469571750563485 0.0 25.469571750563485 4.5420136260408785 14.444442009653608 3
stats: session 1207 4424.239409919996 2884.5445235650127 17487.573974609375 18.175048828125 511.76575467950886 4155
stats: users_count 3663 9033
stats: finish_users_count 1207 5362
stats: request 19865 523.3924382280601 1182.9530575412755 15069.719970703125 1.0 72.05133392720951 46056
stats: page 1197 4401.963880852851 2869.8741711180924 17485.470947265625 16.733154296875 499.9883714477068 4144
stats: connect 19856 467.1756275678046 1157.03782326638 15043.52001953125 0.3388671875 50.24457753966288 46184
stats: 200 19865 65921
stats: size_rcv 2642045 8767493
stats: newphase 6 20
stats: size_sent 2633184 8764664
stats: connected -9 119
# stats: dump at 1338895343
stats: users 4118 4438
stats: {load,"os_mon@test2"} 1 0.859375 0.0 1.44140625 0.859375 1.197265625 4
stats: {recvpackets,"os_mon@test3"} 1 13494.0 0.0 13494 4535 7880.333333333333 3
stats: {sentpackets,"os_mon@test3"} 1 9158.0 0.0 9158 3093 5351.666666666667 3
stats: {freemem,"os_mon@test2"} 1 1477.6171875 0.0 1523.04296875 1477.6171875 1513.6845703125 4
stats: {cpu,"os_mon@test3"} 1 48.78691983122363 0.0 48.78691983122363 2.838317283324886 26.918633865151435 4
stats: {load,"os_mon@test4"} 1 1.05859375 0.0 1.828125 1.05859375 1.501953125 4
stats: {freemem,"os_mon@test4"} 1 1412.46484375 0.0 1453.1328125 1412.46484375 1446.6708984375 4
stats: {freemem,"os_mon@myserver"} 1 2631.49609375 0.0 2631.49609375 2593.81640625 2617.6787109375 4
stats: {recvpackets,"os_mon@test2"} 1 13588.0 0.0 13588 4610 7954.666666666667 3
stats: {sentpackets,"os_mon@test2"} 1 9224.0 0.0 9224 3149 5401.666666666667 3
stats: {load,"os_mon@test3"} 1 0.7890625 0.0 1.03125 0.75 0.8828125 4
stats: {cpu,"os_mon@test2"} 1 53.84210526315789 0.0 53.84210526315789 10.178117048346055 34.125463238881764 4
stats: {freemem,"os_mon@test3"} 1 1462.56640625 0.0 1508.26953125 1462.56640625 1501.158203125 4
stats: {recvpackets,"os_mon@test4"} 1 13476.0 0.0 13476 4538 7872.0 3
stats: {sentpackets,"os_mon@test4"} 1 9149.0 0.0 9149 3096 5345.0 3
stats: {cpu,"os_mon@test4"} 1 44.145077720207254 0.0 44.145077720207254 2.0696617869762743 19.278852862281262 4
stats: {load,"os_mon@myserver"} 1 1.6796875 0.0 2.28125 1.6796875 1.98828125 4
stats: {recvpackets,"os_mon@myserver"} 1 13697.0 0.0 13697 4662 7984.0 3
stats: {sentpackets,"os_mon@myserver"} 1 9.3e3 0.0 9300 3185 5423.0 3
stats: {cpu,"os_mon@myserver"} 1 28.947368421052634 0.0 28.947368421052634 4.5420136260408785 17.20072444488108 4
stats: session 3137 7140.813652060467 5094.67033271926 26345.0791015625 18.175048828125 1392.4736438766868 5362
stats: users_count 3584 12617
stats: finish_users_count 3137 8499
stats: request 35394 819.3442627822274 2197.4820037660497 18476.39404296875 1.0 208.0609672297443 65921
stats: page 3087 7132.787515880604 5086.743229349991 26343.1220703125 16.733154296875 1374.4809168058714 5341
stats: connect 35351 791.1717008881145 2188.5863380556502 15061.406005859375 0.3388671875 175.60167822650087 66040
stats: 200 35394 101315
stats: size_rcv 4707402 13474895
stats: newphase 6 26
stats: size_sent 4691493 13456157
stats: connected -43 76
# stats: dump at 1338895353
stats: users 3390 4438
stats: {load,"os_mon@test2"} 1 1.109375 0.0 1.44140625 0.859375 1.1296875 5
stats: {recvpackets,"os_mon@test3"} 1 15758.0 0.0 15758 4535 9283.75 4
stats: {sentpackets,"os_mon@test3"} 1 10845.0 0.0 10845 3093 6303.25 4
stats: {freemem,"os_mon@test2"} 1 1467.0234375 0.0 1523.04296875 1467.0234375 1506.47109375 5
stats: {cpu,"os_mon@test3"} 1 71.64490861618799 0.0 71.64490861618799 2.838317283324886 31.292291058365873 5
stats: {load,"os_mon@test4"} 1 1.05078125 0.0 1.828125 1.05078125 1.41328125 5
stats: {freemem,"os_mon@test4"} 1 1402.1640625 0.0 1453.1328125 1402.1640625 1439.8296875 5
stats: {freemem,"os_mon@myserver"} 1 2632.15625 0.0 2632.15625 2593.81640625 2620.4421875 5
stats: {recvpackets,"os_mon@test2"} 1 15545.0 0.0 15545 4610 9363.0 4
stats: {sentpackets,"os_mon@test2"} 1 10680.0 0.0 10680 3149 6357.25 4
stats: {load,"os_mon@test3"} 1 0.73828125 0.0 1.03125 0.73828125 0.8640625 5
stats: {cpu,"os_mon@test2"} 1 70.38581856100105 0.0 70.38581856100105 10.178117048346055 38.068791643736986 5
stats: {freemem,"os_mon@test3"} 1 1423.12890625 0.0 1508.26953125 1423.12890625 1493.43984375 5
stats: {recvpackets,"os_mon@test4"} 1 15746.0 0.0 15746 4538 9273.0 4
stats: {sentpackets,"os_mon@test4"} 1 10835.0 0.0 10835 3096 6296.0 4
stats: {cpu,"os_mon@test4"} 1 54.14278269932257 0.0 54.14278269932257 2.0696617869762743 24.25209783386646 5
stats: {load,"os_mon@myserver"} 1 1.80859375 0.0 2.28125 1.6796875 1.9265625 5
stats: {recvpackets,"os_mon@myserver"} 1 15469.0 0.0 15469 4662 9412.25 4
stats: {sentpackets,"os_mon@myserver"} 1 10638.0 0.0 10638 3185 6392.25 4
stats: {cpu,"os_mon@myserver"} 1 45.709984947315604 0.0 45.709984947315604 4.5420136260408785 19.55005324011539 5
stats: session 3856 8305.409025706727 7110.471996057542 36994.77880859375 18.175048828125 3514.198859275265 8499
stats: users_count 3128 15745
stats: finish_users_count 3856 12355
stats: request 35929 846.7823779026436 2562.240612983556 31114.828125 1.0 421.61040179308225 101315
stats: page 3782 8269.99770099836 7052.888801812245 36992.4931640625 16.733154296875 3483.628101350686 8428
stats: connect 35913 824.6841814128625 2561.8692140774815 31097.339111328125 0.3388671875 390.2264069609123 101391
stats: 200 35929 137244
stats: size_rcv 4778557 18253452
stats: newphase 4 30
stats: size_sent 4768163 18224320
stats: connected -16 60
# stats: dump at 1338895363
stats: users 4644 4644
stats: {load,"os_mon@test2"} 1 1.23828125 0.0 1.44140625 0.859375 1.1263020833333333 6
stats: {recvpackets,"os_mon@test3"} 1 14848.0 0.0 15758 4535 10578.6 5
stats: {sentpackets,"os_mon@test3"} 1 10695.0 0.0 10845 3093 7211.6 5
stats: {freemem,"os_mon@test2"} 1 1440.3828125 0.0 1523.04296875 1440.3828125 1499.896484375 6
stats: {cpu,"os_mon@test3"} 1 71.27827459231983 0.0 71.64490861618799 2.838317283324886 38.01772731800289 6
stats: {load,"os_mon@test4"} 1 1.28125 0.0 1.828125 1.05078125 1.3528645833333333 6
stats: {freemem,"os_mon@test4"} 1 1401.7265625 0.0 1453.1328125 1401.7265625 1433.5520833333333 6
stats: {freemem,"os_mon@myserver"} 1 2632.41015625 0.0 2632.41015625 2593.81640625 2622.39453125 6
stats: {recvpackets,"os_mon@test2"} 1 15182.0 0.0 15545 4610 10599.4 5
stats: {sentpackets,"os_mon@test2"} 1 10939.0 0.0 10939 3149 7221.8 5
stats: {load,"os_mon@test3"} 1 0.69921875 0.0 1.03125 0.69921875 0.8430989583333334 6
stats: {cpu,"os_mon@test2"} 1 72.7979274611399 0.0 72.7979274611399 10.178117048346055 43.454962796614325 6
stats: {freemem,"os_mon@test3"} 1 1391.65234375 0.0 1508.26953125 1391.65234375 1481.7213541666667 6
stats: {recvpackets,"os_mon@test4"} 1 14845.0 0.0 15746 4538 10567.6 5
stats: {sentpackets,"os_mon@test4"} 1 10690.0 0.0 10835 3096 7203.8 5
stats: {cpu,"os_mon@test4"} 1 51.91908713692946 0.0 54.14278269932257 2.0696617869762743 29.233878644775814 6
stats: {load,"os_mon@myserver"} 1 1.98828125 0.0 2.28125 1.6796875 1.9069010416666667 6
stats: {recvpackets,"os_mon@myserver"} 1 15865.0 0.0 15865 4662 10623.6 5
stats: {sentpackets,"os_mon@myserver"} 1 11382.0 0.0 11382 3185 7241.4 5
stats: {cpu,"os_mon@myserver"} 1 45.9784515159108 0.0 45.9784515159108 4.5420136260408785 23.910041857982094 6
stats: session 3265 9286.487536041584 9920.48441986756 44427.405029296875 18.175048828125 5009.537297297095 12355
stats: users_count 4519 20264
stats: finish_users_count 3265 15620
stats: request 36285 916.0285313829559 3403.1339861154934 31125.73486328125 1.0 532.9158426840534 137244
stats: page 3320 9217.659403164404 9818.912822617693 42404.203125 16.733154296875 4966.187464648598 12210
stats: connect 36284 890.810310102194 3403.3665460043076 31105.212158203125 0.3388671875 503.8624412635757 137304
stats: 200 36285 173529
stats: size_rcv 4825905 23079357
stats: newphase 5 35
stats: size_sent 4813604 23037924
stats: connected -1 59
# stats: dump at 1338895373
stats: users 4695 5102
stats: {load,"os_mon@test2"} 1 1.28125 0.0 1.44140625 0.859375 1.1422991071428572 7
stats: {recvpackets,"os_mon@test3"} 1 18329.0 0.0 18329 4535 11290.166666666666 6
stats: {sentpackets,"os_mon@test3"} 1 12869.0 0.0 12869 3093 7792.166666666667 6
stats: {freemem,"os_mon@test2"} 1 1392.76953125 0.0 1523.04296875 1392.76953125 1491.39453125 7
stats: {cpu,"os_mon@test3"} 1 72.97297297297297 0.0 72.97297297297297 2.838317283324886 42.76923407147673 7
stats: {load,"os_mon@test4"} 1 1.3203125 0.0 1.828125 1.05078125 1.3426339285714286 7
stats: {freemem,"os_mon@test4"} 1 1394.765625 0.0 1453.1328125 1394.765625 1429.005580357143 7
stats: {freemem,"os_mon@myserver"} 1 2632.09375 0.0 2632.41015625 2593.81640625 2623.8253348214284 7
stats: {recvpackets,"os_mon@test2"} 1 17954.0 0.0 17954 4610 11363.166666666666 6
stats: {sentpackets,"os_mon@test2"} 1 12653.0 0.0 12653 3149 7841.333333333333 6
stats: {load,"os_mon@test3"} 1 0.96875 0.0 1.03125 0.69921875 0.8225446428571429 7
stats: {cpu,"os_mon@test2"} 1 77.66124803356057 0.0 77.66124803356057 10.178117048346055 47.646814891546555 7
stats: {freemem,"os_mon@test3"} 1 1361.09375 0.0 1508.26953125 1361.09375 1468.8543526785713 7
stats: {recvpackets,"os_mon@test4"} 1 18338.0 0.0 18338 4538 11280.5 6
stats: {sentpackets,"os_mon@test4"} 1 12875.0 0.0 12875 3096 7784.833333333333 6
stats: {cpu,"os_mon@test4"} 1 59.59752321981424 0.0 59.59752321981424 2.0696617869762743 32.47462271508348 7
stats: {load,"os_mon@myserver"} 1 2.140625 0.0 2.28125 1.6796875 1.9185267857142858 7
stats: {recvpackets,"os_mon@myserver"} 1 17943.0 0.0 17943 4662 11497.166666666666 6
stats: {sentpackets,"os_mon@myserver"} 1 12703.0 0.0 12703 3185 7931.5 6
stats: {cpu,"os_mon@myserver"} 1 45.720040281973816 0.0 45.9784515159108 4.5420136260408785 27.062671809114764 7
stats: session 3460 9365.117772590766 9545.445864172349 51024.696044921875 18.175048828125 5903.5348984175025 15620
stats: users_count 3511 23775
stats: finish_users_count 3460 19080
stats: request 36147 972.5863433271394 3207.5921526079087 31125.73486328125 1.0 613.0248959802728 173529
stats: page 3435 9385.012938244878 9570.67430144463 51021.613037109375 16.733154296875 5875.066204885074 15530
stats: connect 36144 944.2231564667441 3203.4711930547905 31105.212158203125 0.3388671875 584.743703061283 173588
stats: 200 36147 209676
stats: size_rcv 4807551 27886908
stats: newphase 6 41
stats: size_sent 4795360 27833284
stats: connected -3 56
# stats: dump at 1338895383
stats: users 5176 5230
stats: {load,"os_mon@test2"} 1 1.390625 0.0 1.44140625 0.859375 1.15966796875 8
stats: {recvpackets,"os_mon@test3"} 1 16298.0 0.0 18329 4535 12295.714285714286 7
stats: {sentpackets,"os_mon@test3"} 1 11922.0 0.0 12869 3093 8517.42857142857 7
stats: {freemem,"os_mon@test2"} 1 1357.09765625 0.0 1523.04296875 1357.09765625 1479.06640625 8
stats: {cpu,"os_mon@test3"} 1 71.36929460580913 0.0 72.97297297297297 2.838317283324886 46.54470143416376 8
stats: {load,"os_mon@test4"} 1 1.26953125 0.0 1.828125 1.05078125 1.33984375 8
stats: {freemem,"os_mon@test4"} 1 1365.8046875 0.0 1453.1328125 1365.8046875 1424.7255859375 8
stats: {freemem,"os_mon@myserver"} 1 2631.98828125 0.0 2632.41015625 2593.81640625 2624.85888671875 8
stats: {recvpackets,"os_mon@test2"} 1 16442.0 0.0 17954 4610 12304.714285714286 7
stats: {sentpackets,"os_mon@test2"} 1 12002.0 0.0 12653 3149 8528.714285714286 7
stats: {load,"os_mon@test3"} 1 1.140625 0.0 1.140625 0.69921875 0.8408203125 8
stats: {cpu,"os_mon@test2"} 1 76.91908713692946 0.0 77.66124803356057 10.178117048346055 51.39861903429831 8
stats: {freemem,"os_mon@test3"} 1 1330.48046875 0.0 1508.26953125 1330.48046875 1455.38427734375 8
stats: {recvpackets,"os_mon@test4"} 1 16252.0 0.0 18338 4538 12288.714285714286 7
stats: {sentpackets,"os_mon@test4"} 1 11889.0 0.0 12875 3096 8512.0 7
stats: {cpu,"os_mon@test4"} 1 62.66874350986501 0.0 62.66874350986501 2.0696617869762743 35.86498527817482 8
stats: {load,"os_mon@myserver"} 1 2.28125 0.0 2.28125 1.6796875 1.9462890625 8
stats: {recvpackets,"os_mon@myserver"} 1 16143.0 0.0 17943 4662 12418.0 7
stats: {sentpackets,"os_mon@myserver"} 1 11873.0 0.0 12703 3185 8613.142857142857 7
stats: {cpu,"os_mon@myserver"} 1 45.85098430102168 0.0 45.9784515159108 4.5420136260408785 29.394842868222145 8
stats: session 3511 9963.892790626784 9674.755670956869 56418.14208984375 18.175048828125 6531.264287549551 19080
stats: users_count 3992 27767
stats: finish_users_count 3511 22591
stats: request 36549 962.320528491873 3180.839042392089 32648.738037109375 1.0 675.0113304660852 209676
stats: page 3544 9957.703980456645 9679.278362172943 56416.052978515625 16.733154296875 6510.798713669198 18965
stats: connect 36558 915.4446997242608 3171.7523290909207 31116.05078125 0.3388671875 646.6943131917685 209732
stats: 200 36549 246225
stats: size_rcv 4861017 32747925
stats: newphase 6 47
stats: size_sent 4851807 32685091
stats: connected 9 65
stats: error_connect_etimedout 27 27
# stats: dump at 1338895393
stats: users 5582 5583
stats: {load,"os_mon@test2"} 1 1.71875 0.0 1.71875 0.859375 1.1853298611111112 9
stats: {recvpackets,"os_mon@test3"} 1 17715.0 0.0 18329 4535 12796.0 8
stats: {sentpackets,"os_mon@test3"} 1 12890.0 0.0 12890 3093 8943.0 8
stats: {freemem,"os_mon@test2"} 1 1340.53515625 0.0 1523.04296875 1340.53515625 1465.5143229166667 9
stats: {cpu,"os_mon@test3"} 1 70.997920997921 0.0 72.97297297297297 2.838317283324886 49.302989564346575 9
stats: {load,"os_mon@test4"} 1 1.6015625 0.0 1.828125 1.05078125 1.33203125 9
stats: {freemem,"os_mon@test4"} 1 1324.36328125 0.0 1453.1328125 1324.36328125 1418.1788194444443 9
stats: {freemem,"os_mon@myserver"} 1 2633.6875 0.0 2633.6875 2593.81640625 2625.6510416666665 9
stats: {recvpackets,"os_mon@test2"} 1 17731.0 0.0 17954 4610 12821.875 8
stats: {sentpackets,"os_mon@test2"} 1 12897.0 0.0 12897 3149 8962.875 8
stats: {load,"os_mon@test3"} 1 0.9609375 0.0 1.140625 0.69921875 0.8741319444444444 9
stats: {cpu,"os_mon@test2"} 1 71.74817898022893 0.0 77.66124803356057 10.178117048346055 54.234226601257326 9
stats: {freemem,"os_mon@test3"} 1 1300.7578125 0.0 1508.26953125 1300.7578125 1441.506076388889 9
stats: {recvpackets,"os_mon@test4"} 1 17702.0 0.0 18338 4538 12784.125 8
stats: {sentpackets,"os_mon@test4"} 1 12880.0 0.0 12880 3096 8934.125 8
stats: {cpu,"os_mon@test4"} 1 71.22227952552862 0.0 71.22227952552862 2.0696617869762743 38.84318063725151 9
stats: {load,"os_mon@myserver"} 1 2.390625 0.0 2.390625 1.6796875 1.9835069444444444 9
stats: {recvpackets,"os_mon@myserver"} 1 18053.0 0.0 18053 4662 12883.625 8
stats: {sentpackets,"os_mon@myserver"} 1 13137.0 0.0 13137 3185 9020.625 8
stats: {cpu,"os_mon@myserver"} 1 46.06741573033708 0.0 46.06741573033708 4.5420136260408785 31.22330302742209 9
stats: session 3522 9902.583726370607 10529.53818196506 76244.6240234375 18.175048828125 7064.74924502395 22591
stats: users_count 3928 31695
stats: finish_users_count 3522 26113
stats: request 36412 953.06409042075 3207.3457036791624 34297.693115234375 1.0 717.658762199843 246225
stats: page 3532 9815.516284221158 10346.590002873627 76242.35986328125 16.733154296875 7053.50750861765 22509
stats: connect 36409 923.485703608064 3200.800757878829 31116.05078125 0.3388671875 686.5862155461266 246290
stats: 200 36412 282637
stats: size_rcv 4842796 37590721
stats: newphase 6 53
stats: size_sent 4830690 37515781
stats: connected -3 62
stats: error_connect_etimedout 198 225
# stats: dump at 1338895403
stats: users 7388 7388
stats: {load,"os_mon@test2"} 1 1.921875 0.0 1.921875 0.859375 1.238671875 10
stats: {recvpackets,"os_mon@test3"} 1 18064.0 0.0 18329 4535 13342.555555555555 9
stats: {sentpackets,"os_mon@test3"} 1 13197.0 0.0 13197 3093 9381.555555555555 9
stats: {freemem,"os_mon@test2"} 1 1282.0234375 0.0 1523.04296875 1282.0234375 1453.01640625 10
stats: {cpu,"os_mon@test3"} 1 57.5836820083682 0.0 72.97297297297297 2.838317283324886 51.472482707704025 10
stats: {load,"os_mon@test4"} 1 1.8984375 0.0 1.8984375 1.05078125 1.358984375 10
stats: {freemem,"os_mon@test4"} 1 1287.32421875 0.0 1453.1328125 1287.32421875 1408.797265625 10
stats: {freemem,"os_mon@myserver"} 1 2639.3671875 0.0 2639.3671875 2593.81640625 2626.4546875 10
stats: {recvpackets,"os_mon@test2"} 1 18003.0 0.0 18003 4610 13367.333333333334 9
stats: {sentpackets,"os_mon@test2"} 1 13194.0 0.0 13194 3149 9.4e3 9
stats: {load,"os_mon@test3"} 1 1.19140625 0.0 1.19140625 0.69921875 0.8828125 10
stats: {cpu,"os_mon@test2"} 1 84.37338834450749 0.0 84.37338834450749 10.178117048346055 55.98562183915449 10
stats: {freemem,"os_mon@test3"} 1 1290.8359375 0.0 1508.26953125 1290.8359375 1427.43125 10
stats: {recvpackets,"os_mon@test4"} 1 18113.0 0.0 18338 4538 13330.555555555555 9
stats: {sentpackets,"os_mon@test4"} 1 13231.0 0.0 13231 3096 9372.555555555555 9
stats: {cpu,"os_mon@test4"} 1 76.07235142118863 0.0 76.07235142118863 2.0696617869762743 42.08109052607922 10
stats: {load,"os_mon@myserver"} 1 2.48046875 0.0 2.48046875 1.6796875 2.02421875 10
stats: {recvpackets,"os_mon@myserver"} 1 18063.0 0.0 18063 4662 13458.0 9
stats: {sentpackets,"os_mon@myserver"} 1 13206.0 0.0 13206 3185 9478.0 9
stats: {cpu,"os_mon@myserver"} 1 45.21276595744681 0.0 46.06741573033708 4.5420136260408785 32.70771429771359 10
stats: session 1903 14367.08254416342 17094.01797134695 84412.44116210938 18.175048828125 7447.5031623564255 26113
stats: users_count 3709 35404
stats: finish_users_count 1903 28016
stats: request 24480 1207.3074724284627 3449.586463684311 34297.693115234375 1.0 747.98592676492 282637
stats: page 1953 13892.609581388202 16411.451232797222 83848.6220703125 16.733154296875 7428.12503465089 26041
stats: connect 24530 1069.4167368002902 3422.9449160025288 31116.05078125 0.3388671875 717.0966646840687 282699
stats: 200 24480 307117
stats: size_rcv 3255840 40846561
stats: newphase 6 59
stats: size_sent 3254549 40770330
stats: connected 47 109
stats: error_connect_etimedout 265 490
# stats: dump at 1338895413
stats: users 9440 9440
stats: {load,"os_mon@test2"} 1 1.859375 0.0 1.921875 0.859375 1.30078125 11
stats: {recvpackets,"os_mon@test3"} 1 14885.0 0.0 18329 4535 13814.7 10
stats: {sentpackets,"os_mon@test3"} 1 11036.0 0.0 13197 3093 9763.1 10
stats: {freemem,"os_mon@test2"} 1 1236.29296875 0.0 1523.04296875 1236.29296875 1437.471590909091 11
stats: {cpu,"os_mon@test3"} 1 39.03208837453971 0.0 72.97297297297297 2.838317283324886 52.02804628049168 11
stats: {load,"os_mon@test4"} 1 1.91015625 0.0 1.91015625 1.05078125 1.4080255681818181 11
stats: {freemem,"os_mon@test4"} 1 1245.6640625 0.0 1453.1328125 1245.6640625 1397.7542613636363 11
stats: {freemem,"os_mon@myserver"} 1 2639.20703125 0.0 2639.3671875 2593.81640625 2627.6285511363635 11
stats: {recvpackets,"os_mon@test2"} 1 15104.0 0.0 18003 4610 13830.9 10
stats: {sentpackets,"os_mon@test2"} 1 11152.0 0.0 13194 3149 9779.4 10
stats: {load,"os_mon@test3"} 1 1.08984375 0.0 1.19140625 0.69921875 0.9108664772727273 11
stats: {cpu,"os_mon@test2"} 1 66.93163751987281 0.0 84.37338834450749 10.178117048346055 58.56632788509567 11
stats: {freemem,"os_mon@test3"} 1 1268.6953125 0.0 1508.26953125 1268.6953125 1415.0134943181818 11
stats: {recvpackets,"os_mon@test4"} 1 14883.0 0.0 18338 4538 13808.8 10
stats: {sentpackets,"os_mon@test4"} 1 11038.0 0.0 13231 3096 9758.4 10
stats: {cpu,"os_mon@test4"} 1 57.42311770943797 0.0 76.07235142118863 2.0696617869762743 45.17120515290735 11
stats: {load,"os_mon@myserver"} 1 2.25 0.0 2.48046875 1.6796875 2.065696022727273 11
stats: {recvpackets,"os_mon@myserver"} 1 15358.0 0.0 18063 4662 13918.5 10
stats: {sentpackets,"os_mon@myserver"} 1 11251.0 0.0 13206 3185 9850.8 10
stats: {cpu,"os_mon@myserver"} 1 25.337668834417208 0.0 46.06741573033708 4.5420136260408785 33.84453717587116 11
stats: session 1300 19801.446058631314 22271.73198204864 91390.23803710938 18.175048828125 7917.518852090104 28016
stats: users_count 3352 38756
stats: finish_users_count 1300 29316
stats: request 19964 1338.8136167195742 3531.3430617030513 34297.693115234375 1.0 784.5980043700137 307117
stats: page 1294 19038.353249221167 21465.598166284974 91388.64379882813 16.733154296875 7879.119473451275 27994
stats: connect 19994 1254.254456976744 3522.9917118968565 31116.05078125 0.3388671875 745.226858672953 307229
stats: 200 19964 327081
stats: size_rcv 2655212 43501773
stats: newphase 6 65
stats: size_sent 2653614 43423944
stats: connected 28 137
stats: error_connect_etimedout 206 696
# stats: dump at 1338895423
stats: users 10713 10772
stats: {load,"os_mon@test2"} 1 1.80859375 0.0 1.921875 0.859375 1.3473307291666667 12
stats: {recvpackets,"os_mon@test3"} 1 14415.0 0.0 18329 4535 13912.0 11
stats: {sentpackets,"os_mon@test3"} 1 10814.0 0.0 13197 3093 9878.818181818182 11
stats: {freemem,"os_mon@test2"} 1 1175.37890625 0.0 1523.04296875 1175.37890625 1420.7067057291667 12
stats: {cpu,"os_mon@test3"} 1 52.029914529914535 0.0 72.97297297297297 2.838317283324886 50.945049788329015 12
stats: {load,"os_mon@test4"} 1 1.62109375 0.0 1.91015625 1.05078125 1.4498697916666667 12
stats: {freemem,"os_mon@test4"} 1 1206.94921875 0.0 1453.1328125 1206.94921875 1385.080078125 12
stats: {freemem,"os_mon@myserver"} 1 2647.8203125 0.0 2647.8203125 2593.81640625 2628.5934244791665 12
stats: {recvpackets,"os_mon@test2"} 1 14196.0 0.0 18003 4610 13946.636363636364 11
stats: {sentpackets,"os_mon@test2"} 1 10657.0 0.0 13194 3149 9904.181818181818 11
stats: {load,"os_mon@test3"} 1 0.921875 0.0 1.19140625 0.69921875 0.92578125 12
stats: {cpu,"os_mon@test2"} 1 62.63326226012793 0.0 84.37338834450749 10.178117048346055 59.26343702132709 12
stats: {freemem,"os_mon@test3"} 1 1224.55078125 0.0 1508.26953125 1224.55078125 1402.8203125 12
stats: {recvpackets,"os_mon@test4"} 1 14392.0 0.0 18338 4538 13906.454545454546 11
stats: {sentpackets,"os_mon@test4"} 1 10811.0 0.0 13231 3096 9874.727272727272 11
stats: {cpu,"os_mon@test4"} 1 46.702127659574465 0.0 76.07235142118863 2.0696617869762743 46.19219786595156 12
stats: {load,"os_mon@myserver"} 1 2.05859375 0.0 2.48046875 1.6796875 2.0810546875000004 12
stats: {recvpackets,"os_mon@myserver"} 1 14063.0 0.0 18063 4662 14049.363636363636 11
stats: {sentpackets,"os_mon@myserver"} 1 10563.0 0.0 13206 3185 9978.09090909091 11
stats: {cpu,"os_mon@myserver"} 1 25.519659403956922 0.0 46.06741573033708 4.5420136260408785 33.13563148075 12
stats: session 1561 22238.294928913016 22960.161793293046 100540.22705078125 18.175048828125 8444.504299235128 29316
stats: users_count 2834 41590
stats: finish_users_count 1561 30877
stats: request 19959 1793.7465260571303 4548.906235894668 34297.693115234375 1.0 818.4255898456194 327081
stats: page 1544 21797.967999868404 22442.628205650355 99090.75 16.733154296875 8372.155819594618 29288
stats: connect 19937 1640.0165352403026 4491.807475824281 31116.05078125 0.3388671875 776.3294944916026 327223
stats: 200 19959 347040
stats: size_rcv 2654547 46156320
stats: newphase 4 69
stats: size_sent 2645232 46069176
stats: connected -23 114
stats: error_connect_etimedout 211 907
# stats: dump at 1338895433
stats: users 12424 12424
stats: {load,"os_mon@test2"} 1 1.91015625 0.0 1.921875 0.859375 1.3828125 13
stats: {recvpackets,"os_mon@test3"} 1 13656.0 0.0 18329 4535 13953.916666666666 12
stats: {sentpackets,"os_mon@test3"} 1 10432.0 0.0 13197 3093 9956.75 12
stats: {freemem,"os_mon@test2"} 1 1133.17578125 0.0 1523.04296875 1133.17578125 1401.8353365384614 13
stats: {cpu,"os_mon@test3"} 1 47.7683315621679 0.0 72.97297297297297 2.838317283324886 51.028500922297134 13
stats: {load,"os_mon@test4"} 1 1.76953125 0.0 1.91015625 1.05078125 1.4630408653846154 13
stats: {freemem,"os_mon@test4"} 1 1152.44140625 0.0 1453.1328125 1152.44140625 1371.377704326923 13
stats: {freemem,"os_mon@myserver"} 1 2654.72265625 0.0 2654.72265625 2593.81640625 2630.0724158653848 13
stats: {recvpackets,"os_mon@test2"} 1 13914.0 0.0 18003 4610 13967.416666666666 12
stats: {sentpackets,"os_mon@test2"} 1 10745.0 0.0 13194 3149 9966.916666666666 12
stats: {load,"os_mon@test3"} 1 1.16015625 0.0 1.19140625 0.69921875 0.9254807692307693 13
stats: {cpu,"os_mon@test2"} 1 58.95922746781116 0.0 84.37338834450749 10.178117048346055 59.522654347388695 13
stats: {freemem,"os_mon@test3"} 1 1190.86328125 0.0 1508.26953125 1190.86328125 1389.1072716346155 13
stats: {recvpackets,"os_mon@test4"} 1 13686.0 0.0 18338 4538 13946.916666666666 12
stats: {sentpackets,"os_mon@test4"} 1 10438.0 0.0 13231 3096 9952.75 12
stats: {cpu,"os_mon@test4"} 1 53.15126050420168 0.0 76.07235142118863 2.0696617869762743 46.23142323469179 13
stats: {load,"os_mon@myserver"} 1 1.8984375 0.0 2.48046875 1.6796875 2.079326923076924 13
stats: {recvpackets,"os_mon@myserver"} 1 13545.0 0.0 18063 4662 14050.5 12
stats: {sentpackets,"os_mon@myserver"} 1 10495.0 0.0 13206 3185 10026.833333333334 12
stats: {cpu,"os_mon@myserver"} 1 25.53191489361702 0.0 46.06741573033708 4.5420136260408785 32.54978747484284 13
stats: session 1440 24389.16066555446 23071.583519248135 113427.35107421875 18.175048828125 9141.855310438521 30877
stats: users_count 3151 44741
stats: finish_users_count 1440 32317
stats: 200 20207 367247
stats: request 20207 1938.5635359091978 5050.733492277672 36342.81298828125 1.0 874.518347354395 347040
stats: page 1449 23826.40611082807 22483.745574347195 112692.80908203125 16.733154296875 9044.491509992346 30832
stats: connect 20209 1813.5041357366317 5062.254208630039 31116.05078125 0.3388671875 825.9300490814369 347160
stats: size_rcv 2687531 48843851
stats: newphase 3 72
stats: size_sent 2681987 48751163
stats: connected 2 116
stats: error_connect_etimedout 264 1171
# stats: dump at 1338895443
stats: users 14829 14829
stats: {load,"os_mon@test2"} 1 1.78125 0.0 1.921875 0.859375 1.4204799107142858 14
stats: {recvpackets,"os_mon@test3"} 1 16813.0 0.0 18329 4535 13931.0 13
stats: {sentpackets,"os_mon@test3"} 1 12494.0 0.0 13197 3093 9993.307692307691 13
stats: {freemem,"os_mon@test2"} 1 1108.2109375 0.0 1523.04296875 1108.2109375 1382.6453683035713 14
stats: {cpu,"os_mon@test3"} 1 53.1416400425985 0.0 72.97297297297297 2.838317283324886 50.7956316822879 14
stats: {load,"os_mon@test4"} 1 1.6484375 0.0 1.91015625 1.05078125 1.4849330357142858 14
stats: {freemem,"os_mon@test4"} 1 1098.8984375 0.0 1453.1328125 1098.8984375 1355.7393973214287 14
stats: {freemem,"os_mon@myserver"} 1 2654.359375 0.0 2654.72265625 2593.81640625 2631.8331473214284 14
stats: {recvpackets,"os_mon@test2"} 1 16441.0 0.0 18003 4610 13963.307692307691 13
stats: {sentpackets,"os_mon@test2"} 1 12130.0 0.0 13194 3149 10026.76923076923 13
stats: {load,"os_mon@test3"} 1 0.98046875 0.0 1.19140625 0.69921875 0.9422433035714286 14
stats: {cpu,"os_mon@test2"} 1 52.17158176943699 0.0 84.37338834450749 10.178117048346055 59.48240957027601 14
stats: {freemem,"os_mon@test3"} 1 1142.171875 0.0 1508.26953125 1142.171875 1374.946986607143 14
stats: {recvpackets,"os_mon@test4"} 1 16819.0 0.0 18338 4538 13926.846153846154 13
stats: {sentpackets,"os_mon@test4"} 1 12496.0 0.0 13231 3096 9990.076923076924 13
stats: {cpu,"os_mon@test4"} 1 55.9504577275175 0.0 76.07235142118863 2.0696617869762743 46.725697325371065 14
stats: {load,"os_mon@myserver"} 1 1.76171875 0.0 2.48046875 1.6796875 2.066406250000001 14
stats: {recvpackets,"os_mon@myserver"} 1 16946.0 0.0 18063 4662 14011.615384615385 13
stats: {sentpackets,"os_mon@myserver"} 1 12603.0 0.0 13206 3185 10062.846153846154 13
stats: {cpu,"os_mon@myserver"} 1 25.35705337008269 0.0 46.06741573033708 4.5420136260408785 32.04851086189813 14
stats: session 1285 25761.092840884903 25599.607042765867 119350.64599609375 18.175048828125 9821.253760522593 32317
stats: users_count 3690 48431
stats: finish_users_count 1285 33602
stats: 200 19958 387205
stats: request 19958 1884.210995483092 5249.864686504838 36342.81298828125 1.0 933.0652139731201 367247
stats: page 1290 24932.524544460095 24651.43478681896 119349.16284179688 16.733154296875 9708.008571316683 32281
stats: connect 19957 1733.465805485699 5165.201110162823 31116.05078125 0.3388671875 880.2565837569671 367369
stats: size_rcv 2654414 51498265
stats: newphase 5 77
stats: size_sent 2649815 51400978
stats: connected -2 114
stats: error_connect_etimedout 333 1504
# stats: dump at 1338895453
stats: users 16206 16302
stats: {load,"os_mon@test2"} 1 1.80859375 0.0 1.921875 0.859375 1.44453125 15
stats: {recvpackets,"os_mon@test3"} 1 15571.0 0.0 18329 4535 14136.857142857143 14
stats: {sentpackets,"os_mon@test3"} 1 12041.0 0.0 13197 3093 10171.92857142857 14
stats: {freemem,"os_mon@test2"} 1 1039.62890625 0.0 1523.04296875 1039.62890625 1364.3497395833333 15
stats: {cpu,"os_mon@test3"} 1 43.351063829787236 0.0 72.97297297297297 2.838317283324886 50.952032239641944 15
stats: {load,"os_mon@test4"} 1 1.8515625 0.0 1.91015625 1.05078125 1.4958333333333333 15
stats: {freemem,"os_mon@test4"} 1 1052.015625 0.0 1453.1328125 1052.015625 1338.6166666666666 15
stats: {freemem,"os_mon@myserver"} 1 2660.32421875 0.0 2660.32421875 2593.81640625 2633.334895833333 15
stats: {recvpackets,"os_mon@test2"} 1 16050.0 0.0 18003 4610 14140.285714285714 14
stats: {sentpackets,"os_mon@test2"} 1 12322.0 0.0 13194 3149 10177.0 14
stats: {load,"os_mon@test3"} 1 1.4609375 0.0 1.4609375 0.69921875 0.9447916666666667 15
stats: {cpu,"os_mon@test2"} 1 65.90662323561347 0.0 84.37338834450749 10.178117048346055 58.99502105022008 15
stats: {freemem,"os_mon@test3"} 1 1112.421875 0.0 1508.26953125 1112.421875 1359.4286458333333 15
stats: {recvpackets,"os_mon@test4"} 1 15528.0 0.0 18338 4538 14133.42857142857 14
stats: {sentpackets,"os_mon@test4"} 1 11996.0 0.0 13231 3096 10169.07142857143 14
stats: {cpu,"os_mon@test4"} 1 52.26293103448276 0.0 76.07235142118863 2.0696617869762743 47.34068135218082 15
stats: {load,"os_mon@myserver"} 1 1.71875 0.0 2.48046875 1.6796875 2.046093750000001 15
stats: {recvpackets,"os_mon@myserver"} 1 16592.0 0.0 18063 4662 14221.214285714286 14
stats: {sentpackets,"os_mon@myserver"} 1 12578.0 0.0 13206 3185 10244.285714285714 14
stats: {cpu,"os_mon@myserver"} 1 25.4326561324304 0.0 46.06741573033708 4.5420136260408785 31.6024136957771 15
stats: session 1492 28217.698912265154 26257.450811147977 122677.24389648438 18.175048828125 10430.821441561387 33602
stats: users_count 2869 51300
stats: finish_users_count 1492 35094
stats: request 19686 2113.088867795199 5463.934314775845 36342.81298828125 1.0 982.0908399525781 387205
stats: page 1466 27246.115048688247 25306.66555138431 121570.05615234375 16.733154296875 10293.026164041206 33571
stats: connect 19672 1966.6245813792486 5411.226601120434 31116.05078125 0.3388671875 924.21825025506 387326
stats: 200 19686 406891
stats: size_rcv 2618238 54116503
stats: newphase 6 83
stats: size_sent 2611456 54012434
stats: connected -14 100
stats: error_connect_etimedout 642 2146
# stats: dump at 1338895463
stats: users 18741 18745
stats: {load,"os_mon@test2"} 1 1.53125 0.0 1.921875 0.859375 1.46728515625 16
stats: {recvpackets,"os_mon@test3"} 1 15729.0 0.0 18329 4535 14232.466666666667 15
stats: {sentpackets,"os_mon@test3"} 1 12174.0 0.0 13197 3093 10296.533333333333 15
stats: {freemem,"os_mon@test2"} 1 1005.625 0.0 1523.04296875 1005.625 1344.0546875 16
stats: {cpu,"os_mon@test3"} 1 54.5646437994723 0.0 72.97297297297297 2.838317283324886 50.47697171402602 16
stats: {load,"os_mon@test4"} 1 1.80078125 0.0 1.91015625 1.05078125 1.51806640625 16
stats: {freemem,"os_mon@test4"} 1 991.63671875 0.0 1453.1328125 991.63671875 1320.7041015625 16
stats: {freemem,"os_mon@myserver"} 1 2660.4609375 0.0 2660.4609375 2593.81640625 2635.021728515625 16
stats: {recvpackets,"os_mon@test2"} 1 15652.0 0.0 18003 4610 14267.6 15
stats: {sentpackets,"os_mon@test2"} 1 12159.0 0.0 13194 3149 10320.0 15
stats: {load,"os_mon@test3"} 1 1.3984375 0.0 1.4609375 0.69921875 0.97705078125 16
stats: {cpu,"os_mon@test2"} 1 52.49329758713137 0.0 84.37338834450749 10.178117048346055 59.426996186807166 16
stats: {freemem,"os_mon@test3"} 1 1065.6796875 0.0 1508.26953125 1065.6796875 1343.99072265625 16
stats: {recvpackets,"os_mon@test4"} 1 15708.0 0.0 18338 4538 14226.4 15
stats: {sentpackets,"os_mon@test4"} 1 12178.0 0.0 13231 3096 10290.866666666667 15
stats: {cpu,"os_mon@test4"} 1 56.57051282051282 0.0 76.07235142118863 2.0696617869762743 47.6483219573247 16
stats: {load,"os_mon@myserver"} 1 1.609375 0.0 2.48046875 1.609375 2.025634765625001 16
stats: {recvpackets,"os_mon@myserver"} 1 15253.0 0.0 18063 4662 14379.266666666666 15
stats: {sentpackets,"os_mon@myserver"} 1 11919.0 0.0 13206 3185 10399.866666666667 15
stats: {cpu,"os_mon@myserver"} 1 25.35705337008269 0.0 46.06741573033708 4.5420136260408785 31.21680384806793 16
stats: session 1355 33606.641560842276 28456.574950853665 131155.98193359375 18.175048828125 11187.01968588492 35094
stats: users_count 3890 55190
stats: finish_users_count 1355 36449
stats: 200 20367 427258
stats: connect 20377 1849.4978913472244 5386.911185103345 31116.05078125 0.3388671875 974.6023242452885 406998
stats: page 1378 32653.38471194241 27702.156146514746 129488.75708007813 16.733154296875 11002.368525113574 35037
stats: request 20367 2026.424217920502 5403.203554422114 36342.81298828125 1.0 1036.8102296075713 406891
stats: size_rcv 2708811 56825314
stats: newphase 6 89
stats: size_sent 2704779 56717213
stats: connected 10 110
stats: error_connect_etimedout 1190 3336
# stats: dump at 1338895473
stats: users 20941 20941
stats: {load,"os_mon@test2"} 1 1.5390625 0.0 1.921875 0.859375 1.471047794117647 17
stats: {recvpackets,"os_mon@test3"} 1 18116.0 0.0 18329 4535 14326.0 16
stats: {sentpackets,"os_mon@test3"} 1 13985.0 0.0 13985 3093 10413.875 16
stats: {freemem,"os_mon@test2"} 1 964.10546875 0.0 1523.04296875 964.10546875 1324.1470588235295 17
stats: {cpu,"os_mon@test3"} 1 52.2837184309511 0.0 72.97297297297297 2.838317283324886 50.71742301316992 17
stats: {load,"os_mon@test4"} 1 1.76171875 0.0 1.91015625 1.05078125 1.5346966911764706 17
stats: {freemem,"os_mon@test4"} 1 920.140625 0.0 1453.1328125 920.140625 1301.3471966911766 17
stats: {freemem,"os_mon@myserver"} 1 2659.9921875 0.0 2660.4609375 2593.81640625 2636.5181525735293 17
stats: {recvpackets,"os_mon@test2"} 1 17896.0 0.0 18003 4610 14354.125 16
stats: {sentpackets,"os_mon@test2"} 1 13845.0 0.0 13845 3149 10434.9375 16
stats: {load,"os_mon@test3"} 1 1.26171875 0.0 1.4609375 0.69921875 1.0018382352941178 17
stats: {cpu,"os_mon@test2"} 1 57.212055974165764 0.0 84.37338834450749 10.178117048346055 59.019131563296824 17
stats: {freemem,"os_mon@test3"} 1 1017.484375 0.0 1508.26953125 1017.484375 1327.6194852941176 17
stats: {recvpackets,"os_mon@test4"} 1 18082.0 0.0 18338 4538 14319.0 16
stats: {sentpackets,"os_mon@test4"} 1 13962.0 0.0 13962 3096 10408.8125 16
stats: {cpu,"os_mon@test4"} 1 62.73784355179705 0.0 76.07235142118863 2.0696617869762743 48.17315671398282 17
stats: {load,"os_mon@myserver"} 1 1.58984375 0.0 2.48046875 1.58984375 2.0011488970588243 17
stats: {recvpackets,"os_mon@myserver"} 1 17852.0 0.0 18063 4662 14433.875 16
stats: {sentpackets,"os_mon@myserver"} 1 13988.0 0.0 13988 3185 10494.8125 16
stats: {cpu,"os_mon@myserver"} 1 25.532448008018036 0.0 46.06741573033708 4.5420136260408785 30.872112643480563 17
stats: session 1521 38550.8012361445 30877.99534400867 141282.13598632813 18.175048828125 12020.474311267433 36449
stats: users_count 3721 58911
stats: finish_users_count 1521 37970
stats: 200 20205 447463
stats: request 20205 2152.167031578671 5725.1926579720275 37864.365966796875 1.0 1083.9842277538187 427258
stats: connect 20228 1988.383577352458 5649.649210528384 31116.05078125 0.3388671875 1016.3168535716089 427375
stats: page 1526 37919.13587801677 30783.947669347093 141280.18896484375 16.733154296875 11821.676510983412 36415
stats: size_rcv 2687265 59512579
stats: newphase 6 95
stats: size_sent 2683401 59400614
stats: connected 23 133
stats: error_connect_etimedout 2013 5349
# stats: dump at 1338895483
stats: users 23156 23156
stats: {load,"os_mon@test2"} 1 1.37890625 0.0 1.921875 0.859375 1.4748263888888888 18
stats: {recvpackets,"os_mon@test3"} 1 20073.0 0.0 20073 4535 14548.941176470587 17
stats: {sentpackets,"os_mon@test3"} 1 15544.0 0.0 15544 3093 10623.941176470587 17
stats: {freemem,"os_mon@test2"} 1 895.19921875 0.0 1523.04296875 895.19921875 1304.144748263889 18
stats: {cpu,"os_mon@test3"} 1 64.84254001032525 0.0 72.97297297297297 2.838317283324886 50.804439425268875 18
stats: {load,"os_mon@test4"} 1 1.71875 0.0 1.91015625 1.05078125 1.5473090277777777 18
stats: {freemem,"os_mon@test4"} 1 897.69140625 0.0 1453.1328125 897.69140625 1280.1690538194443 18
stats: {freemem,"os_mon@myserver"} 1 2660.14453125 0.0 2660.4609375 2593.81640625 2637.822265625 18
stats: {recvpackets,"os_mon@test2"} 1 19834.0 0.0 19834 4610 14562.470588235294 17
stats: {sentpackets,"os_mon@test2"} 1 15321.0 0.0 15321 3149 10635.529411764706 17
stats: {load,"os_mon@test3"} 1 1.2890625 0.0 1.4609375 0.69921875 1.0162760416666667 18
stats: {cpu,"os_mon@test2"} 1 71.26925119490176 0.0 84.37338834450749 10.178117048346055 58.918738475011764 18
stats: {freemem,"os_mon@test3"} 1 937.82421875 0.0 1508.26953125 937.82421875 1310.3897569444443 18
stats: {recvpackets,"os_mon@test4"} 1 19837.0 0.0 19837 4538 14540.35294117647 17
stats: {sentpackets,"os_mon@test4"} 1 15311.0 0.0 15311 3096 10617.823529411764 17
stats: {cpu,"os_mon@test4"} 1 44.83133841131664 0.0 76.07235142118863 2.0696617869762743 48.982305982750276 18
stats: {load,"os_mon@myserver"} 1 1.5 0.0 2.48046875 1.5 1.9782986111111118 18
stats: {recvpackets,"os_mon@myserver"} 1 19663.0 0.0 19663 4662 14634.941176470587 17
stats: {sentpackets,"os_mon@myserver"} 1 15021.0 0.0 15021 3185 10700.29411764706 17
stats: {cpu,"os_mon@myserver"} 1 25.407574617506896 0.0 46.06741573033708 4.5420136260408785 30.57546460817709 18
stats: session 1262 47784.75617083808 34858.10321527216 162861.63989257813 18.175048828125 13083.224568121213 37970
stats: users_count 3477 62388
stats: finish_users_count 1262 39232
stats: request 20011 2141.334717833916 5233.557166659613 37864.365966796875 1.0 1132.2175644794945 447463
stats: page 1276 46183.72838226607 34606.44262824707 162859.5830078125 16.733154296875 12871.325254930405 37941
stats: connect 19978 1924.8719878365248 5208.639759776776 31116.05078125 0.3388671875 1060.2463305604563 447603
stats: 200 20011 467474
stats: size_rcv 2661463 62174042
stats: newphase 6 101
stats: size_sent 2652030 62052644
stats: connected -35 98
stats: error_connect_etimedout 1502 6851
# stats: dump at 1338895493
stats: users 25262 25298
stats: {load,"os_mon@test2"} 1 1.48046875 0.0 1.921875 0.859375 1.4697779605263157 19
stats: {recvpackets,"os_mon@test3"} 1 18302.0 0.0 20073 4535 14855.833333333334 18
stats: {sentpackets,"os_mon@test3"} 1 14760.0 0.0 15544 3093 10897.277777777777 18
stats: {freemem,"os_mon@test2"} 1 825.39453125 0.0 1523.04296875 825.39453125 1282.6212993421052 19
stats: {cpu,"os_mon@test3"} 1 54.938601174586225 0.0 72.97297297297297 2.838317283324886 51.543286824482365 19
stats: {load,"os_mon@test4"} 1 1.8515625 0.0 1.91015625 1.05078125 1.5563322368421053 19
stats: {freemem,"os_mon@test4"} 1 830.69921875 0.0 1453.1328125 830.69921875 1260.0386513157894 19
stats: {freemem,"os_mon@myserver"} 1 2660.14453125 0.0 2660.4609375 2593.81640625 2638.9971217105262 19
stats: {recvpackets,"os_mon@test2"} 1 18364.0 0.0 19834 4610 14855.333333333334 18
stats: {sentpackets,"os_mon@test2"} 1 14862.0 0.0 15321 3149 10895.833333333334 18
stats: {load,"os_mon@test3"} 1 1.171875 0.0 1.4609375 0.69921875 1.0306332236842106 19
stats: {cpu,"os_mon@test2"} 1 67.09886547811993 0.0 84.37338834450749 10.178117048346055 59.56876546026913 19
stats: {freemem,"os_mon@test3"} 1 895.33984375 0.0 1508.26953125 895.33984375 1290.7810444078948 19
stats: {recvpackets,"os_mon@test4"} 1 18149.0 0.0 19837 4538 14834.611111111111 18
stats: {sentpackets,"os_mon@test4"} 1 14513.0 0.0 15311 3096 10878.555555555555 18
stats: {cpu,"os_mon@test4"} 1 59.57104557640751 0.0 76.07235142118863 2.0696617869762743 48.7638340053064 19
stats: {load,"os_mon@myserver"} 1 1.421875 0.0 2.48046875 1.421875 1.9531250000000007 19
stats: {recvpackets,"os_mon@myserver"} 1 19095.0 0.0 19663 4662 14914.277777777777 18
stats: {sentpackets,"os_mon@myserver"} 1 15317.0 0.0 15317 3185 10940.333333333334 18
stats: {cpu,"os_mon@myserver"} 1 25.41906429822367 0.0 46.06741573033708 4.5420136260408785 30.303470398141815 19
stats: session 1292 55000.16758043039 37060.98515259128 172696.79809570313 18.175048828125 14199.49019012949 39232
stats: users_count 3398 65786
stats: finish_users_count 1292 40524
stats: request 20139 2687.8202584081523 5837.108728168046 37864.365966796875 1.0 1175.4144981181041 467474
stats: page 1267 51811.65352649285 37189.20911368245 172694.72412109375 16.733154296875 13955.207917818447 39217
stats: connect 20172 2336.6457612966037 5822.128606008632 31116.05078125 0.3388671875 1097.1885745375669 467581
stats: 200 20139 487613
stats: size_rcv 2678487 64852529
stats: newphase 5 106
stats: size_sent 2677444 64730088
stats: connected 33 131
stats: error_connect_etimedout 1764 8615
stats: error_abort 1 1
EndMonitor:{1338,895493,993902}
