# stats: dump at 1338918676
stats: users 0 0
# stats: dump at 1338918686
stats: users 1 9
stats: {load,"os_mon@test2"} 1 0.94921875 0 0.94921875 0.94921875 0 0
stats: {freemem,"os_mon@test2"} 1 1511.5625 0 1511.5625 1511.5625 0 0
stats: {cpu,"os_mon@test3"} 1 2.8672032193158956 0 2.8672032193158956 2.8672032193158956 0 0
stats: {load,"os_mon@test4"} 1 0.78125 0 0.78125 0.78125 0 0
stats: {freemem,"os_mon@test4"} 1 1437.2578125 0 1437.2578125 1437.2578125 0 0
stats: {freemem,"os_mon@myserver"} 1 3134.4609375 0 3134.4609375 3134.4609375 0 0
stats: {load,"os_mon@test3"} 1 1.19140625 0 1.19140625 1.19140625 0 0
stats: {cpu,"os_mon@test2"} 1 2.5589563472152537 0 2.5589563472152537 2.5589563472152537 0 0
stats: {freemem,"os_mon@test3"} 1 1488.50390625 0 1488.50390625 1488.50390625 0 0
stats: {cpu,"os_mon@test4"} 1 1.7517517517517518 0 1.7517517517517518 1.7517517517517518 0 0
stats: {load,"os_mon@myserver"} 1 0.91015625 0 0.91015625 0.91015625 0 0
stats: {cpu,"os_mon@myserver"} 1 3.1440162271805274 0 3.1440162271805274 3.1440162271805274 0 0
stats: session 590 24.040973003840033 4.771311671424993 52.076171875 17.177001953125 0 0
stats: users_count 591 591
stats: finish_users_count 590 590
stats: request 5835 2.045072585288131 0.8096320689487814 31.717041015625 1.114013671875 0 0
stats: page 583 21.817446464944265 4.615370652664192 50.619140625 15.755126953125 0 0
stats: connect 5835 0.9141715369269494 0.29550046616272624 6.7021484375 0.3759765625 0 0
stats: 200 5835 5835
stats: size_rcv 752715 752715
stats: size_sent 773905 773905
stats: connected 0 0
# stats: dump at 1338918696
stats: users 7 31
stats: {load,"os_mon@test2"} 1 0.87890625 0.0 0.94921875 0.87890625 0.94921875 1
stats: {recvpackets,"os_mon@test3"} 1 3627 0 3627 3627 0 0
stats: {sentpackets,"os_mon@test3"} 1 2499 0 2499 2499 0 0
stats: {freemem,"os_mon@test2"} 1 1510.23828125 0.0 1511.5625 1510.23828125 1511.5625 1
stats: {cpu,"os_mon@test3"} 1 21.017811704834603 0.0 21.017811704834603 2.8672032193158956 2.8672032193158956 1
stats: {load,"os_mon@test4"} 1 0.80859375 0.0 0.80859375 0.78125 0.78125 1
stats: {freemem,"os_mon@test4"} 1 1436.2890625 0.0 1437.2578125 1436.2890625 1437.2578125 1
stats: {freemem,"os_mon@myserver"} 1 3134.60546875 0.0 3134.60546875 3134.4609375 3134.4609375 1
stats: {recvpackets,"os_mon@test2"} 1 3686 0 3686 3686 0 0
stats: {sentpackets,"os_mon@test2"} 1 2537 0 2537 2537 0 0
stats: {load,"os_mon@test3"} 1 1.078125 0.0 1.19140625 1.078125 1.19140625 1
stats: {cpu,"os_mon@test2"} 1 14.772158237356035 0.0 14.772158237356035 2.5589563472152537 2.5589563472152537 1
stats: {freemem,"os_mon@test3"} 1 1487.5078125 0.0 1488.50390625 1487.5078125 1488.50390625 1
stats: {recvpackets,"os_mon@test4"} 1 3676 0 3676 3676 0 0
stats: {sentpackets,"os_mon@test4"} 1 2530 0 2530 2530 0 0
stats: {cpu,"os_mon@test4"} 1 12.430800201308505 0.0 12.430800201308505 1.7517517517517518 1.7517517517517518 1
stats: {load,"os_mon@myserver"} 1 0.76953125 0.0 0.91015625 0.76953125 0.91015625 1
stats: {recvpackets,"os_mon@myserver"} 1 3770 0 3770 3770 0 0
stats: {sentpackets,"os_mon@myserver"} 1 2596 0 2596 2596 0 0
stats: {cpu,"os_mon@myserver"} 1 34.51025056947608 0.0 34.51025056947608 3.1440162271805274 3.1440162271805274 1
stats: session 1525 39.82168497054301 34.591104829387895 1049.333984375 17.177001953125 24.040973003840033 590
stats: users_count 1531 2122
stats: finish_users_count 1525 2115
stats: request 15092 3.6344757039636044 8.506825768538707 1003.949951171875 1.0009765625 2.045072585288131 5835
stats: page 1505 37.71756968957644 34.841597285935926 1047.22314453125 15.607177734375 21.817446464944265 583
stats: connect 15097 1.0057020589769445 8.153383518102215 1001.408935546875 0.364013671875 0.9141715369269494 5835
stats: 200 15092 20927
stats: size_rcv 1946868 2699583
stats: newphase 6 6
stats: size_sent 2005163 2779068
stats: connected 5 5
# stats: dump at 1338918706
stats: users 723 723
stats: {load,"os_mon@test2"} 1 0.8984375 0.0 0.94921875 0.87890625 0.9140625 2
stats: {recvpackets,"os_mon@test3"} 1 7273.0 0.0 7273 3627 3627.0 1
stats: {sentpackets,"os_mon@test3"} 1 4916.0 0.0 4916 2499 2499.0 1
stats: {freemem,"os_mon@test2"} 1 1509.390625 0.0 1511.5625 1509.390625 1510.900390625 2
stats: {cpu,"os_mon@test3"} 1 36.524453694068676 0.0 36.524453694068676 2.8672032193158956 11.94250746207525 2
stats: {load,"os_mon@test4"} 1 0.83984375 0.0 0.83984375 0.78125 0.794921875 2
stats: {freemem,"os_mon@test4"} 1 1435.09375 0.0 1437.2578125 1435.09375 1436.7734375 2
stats: {freemem,"os_mon@myserver"} 1 3135.2265625 0.0 3135.2265625 3134.4609375 3134.533203125 2
stats: {recvpackets,"os_mon@test2"} 1 7288.0 0.0 7288 3686 3686.0 1
stats: {sentpackets,"os_mon@test2"} 1 4926.0 0.0 4926 2537 2537.0 1
stats: {load,"os_mon@test3"} 1 1.1484375 0.0 1.19140625 1.078125 1.134765625 2
stats: {cpu,"os_mon@test2"} 1 33.367399080224835 0.0 33.367399080224835 2.5589563472152537 8.665557292285644 2
stats: {freemem,"os_mon@test3"} 1 1487.046875 0.0 1488.50390625 1487.046875 1488.005859375 2
stats: {recvpackets,"os_mon@test4"} 1 7252.0 0.0 7252 3676 3676.0 1
stats: {sentpackets,"os_mon@test4"} 1 4903.0 0.0 4903 2530 2530.0 1
stats: {cpu,"os_mon@test4"} 1 29.821882951653944 0.0 29.821882951653944 1.7517517517517518 7.091275976530128 2
stats: {load,"os_mon@myserver"} 1 0.80859375 0.0 0.91015625 0.76953125 0.83984375 2
stats: {recvpackets,"os_mon@myserver"} 1 7324.0 0.0 7324 3770 3770.0 1
stats: {sentpackets,"os_mon@myserver"} 1 4949.0 0.0 4949 2596 2596.0 1
stats: {cpu,"os_mon@myserver"} 1 77.59562841530054 0.0 77.59562841530054 3.1440162271805274 18.827133398328304 2
stats: session 1801 870.1420036286261 647.9898833254781 3682.446044921875 17.177001953125 35.41950054484336 2115
stats: users_count 2517 4639
stats: finish_users_count 1801 3916
stats: request 20629 101.08364174495325 158.186961747138 3125.126953125 1.0009765625 3.191308159763701 20927
stats: page 1805 842.8352467375769 639.9918184498424 3680.447021484375 15.607177734375 33.278023789212185 2088
stats: connect 20978 20.418992655624397 138.7572608388647 3003.83984375 0.363037109375 0.9801870295405924 20932
stats: 200 20629 41556
stats: size_rcv 2661141 5360724
stats: newphase 6 12
stats: size_sent 2785518 5564586
stats: connected 349 354
# stats: dump at 1338918716
stats: users 2823 2823
stats: {load,"os_mon@test2"} 1 0.98828125 0.0 0.98828125 0.87890625 0.9088541666666666 3
stats: {recvpackets,"os_mon@test3"} 1 10599.0 0.0 10599 3627 5450.0 2
stats: {sentpackets,"os_mon@test3"} 1 7238.0 0.0 7238 2499 3707.5 2
stats: {freemem,"os_mon@test2"} 1 1498.78515625 0.0 1511.5625 1498.78515625 1510.3971354166667 3
stats: {cpu,"os_mon@test3"} 1 45.12067156348373 0.0 45.12067156348373 2.8672032193158956 20.136489539406394 3
stats: {load,"os_mon@test4"} 1 0.7890625 0.0 0.83984375 0.78125 0.8098958333333334 3
stats: {freemem,"os_mon@test4"} 1 1423.375 0.0 1437.2578125 1423.375 1436.2135416666667 3
stats: {freemem,"os_mon@myserver"} 1 3135.90625 0.0 3135.90625 3134.4609375 3134.7643229166665 3
stats: {recvpackets,"os_mon@test2"} 1 10614.0 0.0 10614 3686 5487.0 2
stats: {sentpackets,"os_mon@test2"} 1 7248.0 0.0 7248 2537 3731.5 2
stats: {load,"os_mon@test3"} 1 0.890625 0.0 1.19140625 0.890625 1.1393229166666667 3
stats: {cpu,"os_mon@test2"} 1 48.047276464542655 0.0 48.047276464542655 2.5589563472152537 16.89950455493204 3
stats: {freemem,"os_mon@test3"} 1 1475.83203125 0.0 1488.50390625 1475.83203125 1487.6861979166667 3
stats: {recvpackets,"os_mon@test4"} 1 10599.0 0.0 10599 3676 5464.0 2
stats: {sentpackets,"os_mon@test4"} 1 7239.0 0.0 7239 2530 3716.5 2
stats: {cpu,"os_mon@test4"} 1 41.372247823860725 0.0 41.372247823860725 1.7517517517517518 14.668144968238067 3
stats: {load,"os_mon@myserver"} 1 0.83984375 0.0 0.91015625 0.76953125 0.8294270833333334 3
stats: {recvpackets,"os_mon@myserver"} 1 10672.0 0.0 10672 3770 5547.0 2
stats: {sentpackets,"os_mon@myserver"} 1 7288.0 0.0 7288 2596 3772.5 2
stats: {cpu,"os_mon@myserver"} 1 100.0 0.0 100.0 3.1440162271805274 38.41663173731905 3
stats: session 1318 4281.49688137211 2091.16518425223 12149.8330078125 17.177001953125 419.31511547178224 3916
stats: users_count 3418 8057
stats: finish_users_count 1318 5234
stats: request 20540 527.1897070597793 830.1637291815932 8692.3720703125 1.0009765625 51.78647972413167 41556
stats: page 1333 4231.074208859833 2089.950425117951 12148.56298828125 15.607177734375 408.6314241030571 3893
stats: connect 20936 312.8293700985286 757.3671547970422 7020.837158203125 0.363037109375 10.710257762634987 41910
stats: 200 20540 62096
stats: size_rcv 2649660 8010384
stats: newphase 6 18
stats: size_sent 2775888 8340474
stats: connected 396 750
# stats: dump at 1338918726
stats: users 4527 4606
stats: {load,"os_mon@test2"} 1 1.1484375 0.0 1.1484375 0.87890625 0.9287109375 4
stats: {recvpackets,"os_mon@test3"} 1 12838.0 0.0 12838 3627 7166.333333333333 3
stats: {sentpackets,"os_mon@test3"} 1 8728.0 0.0 8728 2499 4884.333333333333 3
stats: {freemem,"os_mon@test2"} 1 1469.4375 0.0 1511.5625 1469.4375 1507.494140625 4
stats: {cpu,"os_mon@test3"} 1 47.140566541956176 0.0 47.140566541956176 2.8672032193158956 26.382535045425726 4
stats: {load,"os_mon@test4"} 1 0.8203125 0.0 0.83984375 0.78125 0.8046875 4
stats: {freemem,"os_mon@test4"} 1 1397.828125 0.0 1437.2578125 1397.828125 1433.00390625 4
stats: {freemem,"os_mon@myserver"} 1 3133.84765625 0.0 3135.90625 3133.84765625 3135.0498046875 4
stats: {recvpackets,"os_mon@test2"} 1 12818.0 0.0 12818 3686 7196.0 3
stats: {sentpackets,"os_mon@test2"} 1 8718.0 0.0 8718 2537 4903.666666666667 3
stats: {load,"os_mon@test3"} 1 0.921875 0.0 1.19140625 0.890625 1.0771484375 4
stats: {cpu,"os_mon@test2"} 1 45.0836820083682 0.0 48.047276464542655 2.5589563472152537 24.686447532334697 4
stats: {freemem,"os_mon@test3"} 1 1445.44140625 0.0 1488.50390625 1445.44140625 1484.72265625 4
stats: {recvpackets,"os_mon@test4"} 1 12842.0 0.0 12842 3676 7175.666666666667 3
stats: {sentpackets,"os_mon@test4"} 1 8733.0 0.0 8733 2530 4890.666666666667 3
stats: {cpu,"os_mon@test4"} 1 47.673810768426556 0.0 47.673810768426556 1.7517517517517518 21.344170682143734 4
stats: {load,"os_mon@myserver"} 1 0.859375 0.0 0.91015625 0.76953125 0.83203125 4
stats: {recvpackets,"os_mon@myserver"} 1 12823.0 0.0 12823 3770 7255.333333333333 3
stats: {sentpackets,"os_mon@myserver"} 1 8720.0 0.0 8720 2596 4944.333333333333 3
stats: {cpu,"os_mon@myserver"} 1 100.0 0.0 100.0 3.1440162271805274 53.81247380298929 4
stats: session 1320 8135.883478523023 3827.2319670277557 21239.846923828125 17.177001953125 1391.8706308437027 5234
stats: users_count 3024 11081
stats: finish_users_count 1320 6554
stats: request 20457 1094.3940786643357 1928.0520804697796 16758.64111328125 1.0009765625 209.03947974787235 62096
stats: page 1287 8040.752044748874 3756.8312727260427 21065.304931640625 15.607177734375 1383.6249625800533 5226
stats: connect 20475 767.8141411973443 1746.291146303371 15037.56494140625 0.363037109375 111.35573616801112 62846
stats: 200 20457 82553
stats: size_rcv 2638953 10649337
stats: newphase 6 24
stats: size_sent 2717377 11057851
stats: connected 18 768
# stats: dump at 1338918736
stats: users 5728 5793
stats: {load,"os_mon@test2"} 1 1.2109375 0.0 1.2109375 0.87890625 0.97265625 5
stats: {recvpackets,"os_mon@test3"} 1 10888.0 0.0 12838 3627 8584.25 4
stats: {sentpackets,"os_mon@test3"} 1 7811.0 0.0 8728 2499 5845.25 4
stats: {freemem,"os_mon@test2"} 1 1419.2109375 0.0 1511.5625 1419.2109375 1499.8828125 5
stats: {cpu,"os_mon@test3"} 1 54.47761194029851 0.0 54.47761194029851 2.8672032193158956 30.534141344731815 5
stats: {load,"os_mon@test4"} 1 0.76953125 0.0 0.83984375 0.76953125 0.8078125 5
stats: {freemem,"os_mon@test4"} 1 1381.81640625 0.0 1437.2578125 1381.81640625 1425.96875 5
stats: {freemem,"os_mon@myserver"} 1 3131.41796875 0.0 3135.90625 3131.41796875 3134.809375 5
stats: {recvpackets,"os_mon@test2"} 1 10928.0 0.0 12818 3686 8601.5 4
stats: {sentpackets,"os_mon@test2"} 1 7889.0 0.0 8718 2537 5857.25 4
stats: {load,"os_mon@test3"} 1 1.0 0.0 1.19140625 0.890625 1.04609375 5
stats: {cpu,"os_mon@test2"} 1 47.883597883597886 0.0 48.047276464542655 2.5589563472152537 28.7658944275414 5
stats: {freemem,"os_mon@test3"} 1 1386.94921875 0.0 1488.50390625 1386.94921875 1476.86640625 5
stats: {recvpackets,"os_mon@test4"} 1 10953.0 0.0 12842 3676 8592.25 4
stats: {sentpackets,"os_mon@test4"} 1 7908.0 0.0 8733 2530 5851.25 4
stats: {cpu,"os_mon@test4"} 1 43.15068493150685 0.0 47.673810768426556 1.7517517517517518 26.6100986994003 5
stats: {load,"os_mon@myserver"} 1 0.87890625 0.0 0.91015625 0.76953125 0.8375 5
stats: {recvpackets,"os_mon@myserver"} 1 10781.0 0.0 12823 3770 8647.25 4
stats: {sentpackets,"os_mon@myserver"} 1 7782.0 0.0 8720 2596 5888.25 4
stats: {cpu,"os_mon@myserver"} 1 100.0 0.0 100.0 3.1440162271805274 63.04997904239143 5
stats: session 1544 12433.49530187418 5792.602452180069 29656.64599609375 17.177001953125 2750.1399257684357 6554
stats: users_count 2745 13826
stats: finish_users_count 1544 8098
stats: 200 20061 102614
stats: request 20061 1476.3357584440728 2919.726947398212 21980.8349609375 1.0009765625 428.4342810274635 82553
stats: page 1532 12332.910906998359 5741.146298246694 29654.946044921875 15.607177734375 2699.1051644457484 6513
stats: connect 20082 1099.207169270542 2727.3610239679238 31051.73388671875 0.286865234375 272.6714410080346 83321
stats: size_rcv 2587869 13237206
stats: newphase 6 30
stats: size_sent 2666326 13724177
stats: connected 21 789
# stats: dump at 1338918746
stats: users 7608 7775
stats: {load,"os_mon@test2"} 1 1.171875 0.0 1.2109375 0.87890625 1.0123697916666667 6
stats: {recvpackets,"os_mon@test3"} 1 13132.0 0.0 13132 3627 9045.0 5
stats: {sentpackets,"os_mon@test3"} 1 9441.0 0.0 9441 2499 6238.4 5
stats: {freemem,"os_mon@test2"} 1 1387.66796875 0.0 1511.5625 1387.66796875 1486.4375 6
stats: {cpu,"os_mon@test3"} 1 47.84688995215311 0.0 54.47761194029851 2.8672032193158956 34.52471977732626 6
stats: {load,"os_mon@test4"} 1 0.80859375 0.0 0.83984375 0.76953125 0.8014322916666666 6
stats: {freemem,"os_mon@test4"} 1 1334.6015625 0.0 1437.2578125 1334.6015625 1418.6100260416667 6
stats: {freemem,"os_mon@myserver"} 1 3127.81640625 0.0 3135.90625 3127.81640625 3134.244140625 6
stats: {recvpackets,"os_mon@test2"} 1 13071.0 0.0 13071 3686 9066.8 5
stats: {sentpackets,"os_mon@test2"} 1 9351.0 0.0 9351 2537 6263.6 5
stats: {load,"os_mon@test3"} 1 0.9296875 0.0 1.19140625 0.890625 1.0384114583333333 6
stats: {cpu,"os_mon@test2"} 1 53.03110173958883 0.0 53.03110173958883 2.5589563472152537 31.952178336884145 6
stats: {freemem,"os_mon@test3"} 1 1358.63671875 0.0 1488.50390625 1358.63671875 1461.8802083333333 6
stats: {recvpackets,"os_mon@test4"} 1 13038.0 0.0 13038 3676 9064.4 5
stats: {sentpackets,"os_mon@test4"} 1 9324.0 0.0 9324 2530 6262.6 5
stats: {cpu,"os_mon@test4"} 1 53.74609781477627 0.0 53.74609781477627 1.7517517517517518 29.366863071418056 6
stats: {load,"os_mon@myserver"} 1 0.8984375 0.0 0.91015625 0.76953125 0.8444010416666666 6
stats: {recvpackets,"os_mon@myserver"} 1 13344.0 0.0 13344 3770 9074.0 5
stats: {sentpackets,"os_mon@myserver"} 1 9550.0 0.0 9550 2596 6267.0 5
stats: {cpu,"os_mon@myserver"} 1 100.0 0.0 100.0 3.1440162271805274 69.20831586865953 6
stats: session 1383 14311.922381816872 8568.334524543103 39236.90478515625 17.177001953125 4596.410696416407 8098
stats: users_count 3263 17089
stats: finish_users_count 1383 9481
stats: 200 21117 123731
stats: request 21117 1657.963393207616 3751.4300796022785 35144.97412109375 1.0009765625 633.298642015775 102614
stats: page 1391 14328.423387934714 8508.622426326472 39235.463134765625 15.607177734375 4533.659595470061 8045
stats: connect 21131 1287.3861183750369 3548.2477208803884 31096.366943359375 0.286865234375 433.19377106584403 103403
stats: size_rcv 2724093 15961299
stats: newphase 5 35
stats: size_sent 2804201 16528378
stats: connected 14 803
# stats: dump at 1338918756
stats: users 9119 9174
stats: {load,"os_mon@test2"} 1 1.30859375 0.0 1.30859375 0.87890625 1.03515625 7
stats: {recvpackets,"os_mon@test3"} 1 12493.0 0.0 13132 3627 9726.166666666666 6
stats: {sentpackets,"os_mon@test3"} 1 9180.0 0.0 9441 2499 6772.166666666667 6
stats: {freemem,"os_mon@test2"} 1 1346.19921875 0.0 1511.5625 1346.19921875 1472.3275669642858 7
stats: {cpu,"os_mon@test3"} 1 65.50429184549357 0.0 65.50429184549357 2.8672032193158956 36.42788694515867 7
stats: {load,"os_mon@test4"} 1 0.69140625 0.0 0.83984375 0.69140625 0.8024553571428571 7
stats: {freemem,"os_mon@test4"} 1 1313.74609375 0.0 1437.2578125 1313.74609375 1406.6088169642858 7
stats: {freemem,"os_mon@myserver"} 1 3125.14453125 0.0 3135.90625 3125.14453125 3133.3258928571427 7
stats: {recvpackets,"os_mon@test2"} 1 12477.0 0.0 13071 3686 9734.166666666666 6
stats: {sentpackets,"os_mon@test2"} 1 9167.0 0.0 9351 2537 6778.166666666667 6
stats: {load,"os_mon@test3"} 1 1.01171875 0.0 1.19140625 0.890625 1.0228794642857142 7
stats: {cpu,"os_mon@test2"} 1 47.8146392838336 0.0 53.03110173958883 2.5589563472152537 34.9634531086991 7
stats: {freemem,"os_mon@test3"} 1 1284.12109375 0.0 1488.50390625 1284.12109375 1447.131138392857 7
stats: {recvpackets,"os_mon@test4"} 1 12494.0 0.0 13038 3676 9726.666666666666 6
stats: {sentpackets,"os_mon@test4"} 1 9178.0 0.0 9324 2530 6772.833333333333 6
stats: {cpu,"os_mon@test4"} 1 45.68554790894653 0.0 53.74609781477627 1.7517517517517518 32.849610891897804 7
stats: {load,"os_mon@myserver"} 1 0.921875 0.0 0.921875 0.76953125 0.8521205357142857 7
stats: {recvpackets,"os_mon@myserver"} 1 12419.0 0.0 13344 3770 9785.666666666666 6
stats: {sentpackets,"os_mon@myserver"} 1 9137.0 0.0 9550 2596 6814.166666666667 6
stats: {cpu,"os_mon@myserver"} 1 100.0 0.0 100.0 3.1440162271805274 73.60712788742246 7
stats: session 1619 18056.296396822192 10813.669518291255 49542.693115234375 17.177001953125 6013.619077484737 9481
stats: users_count 3130 20219
stats: finish_users_count 1619 11100
stats: 200 21203 144934
stats: request 21203 2050.565732022074 4827.177584225791 43130.005859375 1.0009765625 808.1767691699895 123731
stats: connect 21184 1619.0205899955902 4609.119324146718 31098.777099609375 0.286865234375 578.133614730952 124534
stats: page 1627 17740.62395936372 10653.517088755823 47962.651123046875 15.607177734375 5977.546458051486 9436
stats: size_rcv 2735187 18696486
stats: newphase 6 41
stats: size_sent 2812448 19340826
stats: connected -19 784
# stats: dump at 1338918766
stats: users 10037 10253
stats: {load,"os_mon@test2"} 1 1.48046875 0.0 1.48046875 0.87890625 1.0693359375 8
stats: {recvpackets,"os_mon@test3"} 1 13230.0 0.0 13230 3627 10121.42857142857 7
stats: {sentpackets,"os_mon@test3"} 1 9801.0 0.0 9801 2499 7116.142857142857 7
stats: {freemem,"os_mon@test2"} 1 1303.2265625 0.0 1511.5625 1303.2265625 1456.5615234375 8
stats: {cpu,"os_mon@test3"} 1 59.221200648999464 0.0 65.50429184549357 2.8672032193158956 40.062437557700534 8
stats: {load,"os_mon@test4"} 1 0.8984375 0.0 0.8984375 0.69140625 0.78857421875 8
stats: {freemem,"os_mon@test4"} 1 1279.92578125 0.0 1437.2578125 1279.92578125 1395.0009765625 8
stats: {freemem,"os_mon@myserver"} 1 3123.70703125 0.0 3135.90625 3123.70703125 3132.30322265625 8
stats: {recvpackets,"os_mon@test2"} 1 13390.0 0.0 13390 3686 10126.0 7
stats: {sentpackets,"os_mon@test2"} 1 9934.0 0.0 9934 2537 7119.428571428572 7
stats: {load,"os_mon@test3"} 1 1.08984375 0.0 1.19140625 0.890625 1.021484375 8
stats: {cpu,"os_mon@test2"} 1 57.14285714285714 0.0 57.14285714285714 2.5589563472152537 36.56985138059091 8
stats: {freemem,"os_mon@test3"} 1 1241.71484375 0.0 1488.50390625 1241.71484375 1426.7548828125 8
stats: {recvpackets,"os_mon@test4"} 1 13212.0 0.0 13212 3676 10122.0 7
stats: {sentpackets,"os_mon@test4"} 1 9790.0 0.0 9790 2530 7116.428571428572 7
stats: {cpu,"os_mon@test4"} 1 48.04177545691906 0.0 53.74609781477627 1.7517517517517518 34.45410301902889 8
stats: {load,"os_mon@myserver"} 1 0.9296875 0.0 0.9296875 0.76953125 0.86083984375 8
stats: {recvpackets,"os_mon@myserver"} 1 13080.0 0.0 13344 3770 10161.857142857143 7
stats: {sentpackets,"os_mon@myserver"} 1 9.7e3 0.0 9700 2596 7146.0 7
stats: {cpu,"os_mon@myserver"} 1 100.0 0.0 100.0 3.1440162271805274 76.90623690149465 8
stats: session 1683 20501.10361890972 12728.390681240195 59743.0400390625 17.177001953125 7770.1140846926055 11100
stats: users_count 2601 22820
stats: finish_users_count 1683 12783
stats: 200 20872 165806
stats: request 20872 2272.71065195185 5131.680012419178 45074.641845703125 1.0009765625 989.9310378671395 144934
stats: page 1691 20471.340761551255 12598.367174663339 58589.1279296875 15.607177734375 7707.504615389912 11063
stats: connect 20858 1844.3723603831138 4965.819653122405 31103.10693359375 0.286865234375 729.4543141915957 145718
stats: size_rcv 2692488 21388974
stats: newphase 6 47
stats: size_sent 2769142 22109968
stats: connected -14 770
# stats: dump at 1338918776
stats: users 10668 10761
stats: {load,"os_mon@test2"} 1 1.41015625 0.0 1.48046875 0.87890625 1.1150173611111112 9
stats: {recvpackets,"os_mon@test3"} 1 12003.0 0.0 13230 3627 10510.0 8
stats: {sentpackets,"os_mon@test3"} 1 9265.0 0.0 9801 2499 7451.75 8
stats: {freemem,"os_mon@test2"} 1 1269.27734375 0.0 1511.5625 1269.27734375 1439.5243055555557 9
stats: {cpu,"os_mon@test3"} 1 61.20276742948377 0.0 65.50429184549357 2.8672032193158956 42.1911890122893 9
stats: {load,"os_mon@test4"} 1 0.98046875 0.0 0.98046875 0.69140625 0.80078125 9
stats: {freemem,"os_mon@test4"} 1 1242.5546875 0.0 1437.2578125 1242.5546875 1382.21484375 9
stats: {freemem,"os_mon@myserver"} 1 3120.48046875 0.0 3135.90625 3120.48046875 3131.348090277778 9
stats: {recvpackets,"os_mon@test2"} 1 12053.0 0.0 13390 3686 10534.0 8
stats: {sentpackets,"os_mon@test2"} 1 9.3e3 0.0 9934 2537 7471.25 8
stats: {load,"os_mon@test3"} 1 1.609375 0.0 1.609375 0.890625 1.0290798611111112 9
stats: {cpu,"os_mon@test2"} 1 52.64550264550265 0.0 57.14285714285714 2.5589563472152537 38.85574090973161 9
stats: {freemem,"os_mon@test3"} 1 1195.51953125 0.0 1488.50390625 1195.51953125 1406.1948784722222 9
stats: {recvpackets,"os_mon@test4"} 1 11982.0 0.0 13212 3676 10508.25 8
stats: {sentpackets,"os_mon@test4"} 1 9249.0 0.0 9790 2530 7450.625 8
stats: {cpu,"os_mon@test4"} 1 52.0 0.0 53.74609781477627 1.7517517517517518 35.963844401016694 9
stats: {load,"os_mon@myserver"} 1 0.94140625 0.0 0.94140625 0.76953125 0.8684895833333334 9
stats: {recvpackets,"os_mon@myserver"} 1 11997.0 0.0 13344 3770 10526.625 8
stats: {sentpackets,"os_mon@myserver"} 1 9263.0 0.0 9700 2596 7465.25 8
stats: {cpu,"os_mon@myserver"} 1 100.0 0.0 100.0 3.1440162271805274 79.47221057910636 9
stats: session 1783 22027.813008135632 14352.09555668606 65610.65307617188 17.177001953125 9446.266426559727 12783
stats: users_count 2414 25234
stats: finish_users_count 1783 14566
stats: request 20873 2440.8888285025614 5919.451665036312 59344.35986328125 1.0009765625 1151.409971712574 165806
stats: page 1768 22136.901330455952 14441.880193395898 65609.38696289063 15.607177734375 9399.80874924273 12754
stats: connect 20888 1949.9834904577676 5432.62574325639 31116.513916015625 0.286865234375 869.0600233421499 166576
stats: 200 20867 186673
stats: size_rcv 2691843 24080817
stats: newphase 5 52
stats: size_sent 2775160 24885128
stats: connected 15 785
stats: error_connect_etimedout 126 126
# stats: dump at 1338918786
stats: users 12165 12232
stats: {load,"os_mon@test2"} 1 1.19140625 0.0 1.48046875 0.87890625 1.14453125 10
stats: {recvpackets,"os_mon@test3"} 1 12651.0 0.0 13230 3627 10675.888888888889 9
stats: {sentpackets,"os_mon@test3"} 1 9757.0 0.0 9801 2499 7653.222222222223 9
stats: {freemem,"os_mon@test2"} 1 1236.23046875 0.0 1511.5625 1236.23046875 1422.499609375 10
stats: {cpu,"os_mon@test3"} 1 59.67657798643714 0.0 65.50429184549357 2.8672032193158956 44.092346854008746 10
stats: {load,"os_mon@test4"} 1 1.140625 0.0 1.140625 0.69140625 0.81875 10
stats: {freemem,"os_mon@test4"} 1 1211.80859375 0.0 1437.2578125 1211.80859375 1368.248828125 10
stats: {freemem,"os_mon@myserver"} 1 3119.4921875 0.0 3135.90625 3119.4921875 3130.261328125 10
stats: {recvpackets,"os_mon@test2"} 1 12872.0 0.0 13390 3686 10702.777777777777 9
stats: {sentpackets,"os_mon@test2"} 1 9891.0 0.0 9934 2537 7674.444444444444 9
stats: {load,"os_mon@test3"} 1 1.671875 0.0 1.671875 0.890625 1.087109375 10
stats: {cpu,"os_mon@test2"} 1 54.321634363541115 0.0 57.14285714285714 2.5589563472152537 40.23471708330871 10
stats: {freemem,"os_mon@test3"} 1 1156.10546875 0.0 1488.50390625 1156.10546875 1385.12734375 10
stats: {recvpackets,"os_mon@test4"} 1 12594.0 0.0 13212 3676 10672.0 9
stats: {sentpackets,"os_mon@test4"} 1 9713.0 0.0 9790 2530 7650.444444444444 9
stats: {cpu,"os_mon@test4"} 1 51.21052631578947 0.0 53.74609781477627 1.7517517517517518 37.56745996091502 10
stats: {load,"os_mon@myserver"} 1 0.94921875 0.0 0.94921875 0.76953125 0.87578125 10
stats: {recvpackets,"os_mon@myserver"} 1 12837.0 0.0 13344 3770 10690.0 9
stats: {sentpackets,"os_mon@myserver"} 1 9868.0 0.0 9868 2596 7665.0 9
stats: {cpu,"os_mon@myserver"} 1 100.0 0.0 100.0 3.1440162271805274 81.52498952119572 10
stats: session 1601 25196.018778241632 16432.133869140336 78763.19580078125 17.177001953125 10986.352761514405 14566
stats: users_count 3098 28332
stats: finish_users_count 1601 16167
stats: 200 20695 207368
stats: request 20696 2657.166684310319 5942.0477040634805 62315.420166015625 1.0009765625 1295.5895108025486 186679
stats: connect 20702 2170.7956032799457 5769.449465949743 31116.513916015625 0.286865234375 989.5009046906275 187464
stats: page 1605 25055.935742948073 16319.126534702258 78760.9951171875 15.607177734375 10950.502846721382 14522
stats: size_rcv 2669655 26750472
stats: newphase 5 57
stats: size_sent 2746242 27631370
stats: connected 6 791
stats: error_connect_etimedout 563 689
# stats: dump at 1338918796
stats: users 13285 13358
stats: {load,"os_mon@test2"} 1 1.23046875 0.0 1.48046875 0.87890625 1.1487926136363635 11
stats: {recvpackets,"os_mon@test3"} 1 14359.0 0.0 14359 3627 10873.4 10
stats: {sentpackets,"os_mon@test3"} 1 10871.0 0.0 10871 2499 7863.6 10
stats: {freemem,"os_mon@test2"} 1 1203.30859375 0.0 1511.5625 1203.30859375 1405.5660511363637 11
stats: {cpu,"os_mon@test3"} 1 59.16174099946265 0.0 65.50429184549357 2.8672032193158956 45.50909513877496 11
stats: {load,"os_mon@test4"} 1 1.26953125 0.0 1.26953125 0.69140625 0.8480113636363636 11
stats: {freemem,"os_mon@test4"} 1 1163.7734375 0.0 1437.2578125 1163.7734375 1354.0269886363637 11
stats: {freemem,"os_mon@myserver"} 1 3118.03125 0.0 3135.90625 3118.03125 3129.282315340909 11
stats: {recvpackets,"os_mon@test2"} 1 14150.0 0.0 14150 3686 10919.7 10
stats: {sentpackets,"os_mon@test2"} 1 10823.0 0.0 10823 2537 7896.1 10
stats: {load,"os_mon@test3"} 1 1.5703125 0.0 1.671875 0.890625 1.1402698863636365 11
stats: {cpu,"os_mon@test2"} 1 53.46638655462185 0.0 57.14285714285714 2.5589563472152537 41.515345926966205 11
stats: {freemem,"os_mon@test3"} 1 1109.95703125 0.0 1488.50390625 1109.95703125 1364.3071732954545 11
stats: {recvpackets,"os_mon@test4"} 1 14380.0 0.0 14380 3676 10864.2 10
stats: {sentpackets,"os_mon@test4"} 1 10889.0 0.0 10889 2530 7856.7 10
stats: {cpu,"os_mon@test4"} 1 61.166059344091614 0.0 61.166059344091614 1.7517517517517518 38.807738720449066 11
stats: {load,"os_mon@myserver"} 1 0.9609375 0.0 0.9609375 0.76953125 0.8824573863636364 11
stats: {recvpackets,"os_mon@myserver"} 1 14223.0 0.0 14223 3770 10904.7 10
stats: {sentpackets,"os_mon@myserver"} 1 10871.0 0.0 10871 2596 7885.3 10
stats: {cpu,"os_mon@myserver"} 1 100.0 0.0 100.0 3.1440162271805274 83.20453592835975 11
stats: session 1506 30822.336528398126 22591.137751492864 90663.5830078125 17.177001953125 12393.520157616358 16167
stats: users_count 2626 30958
stats: finish_users_count 1506 17673
stats: 200 20091 227459
stats: connect 20115 1796.5964909776649 5055.083349060832 31116.513916015625 0.286865234375 1106.9800456175612 208166
stats: page 1499 30192.799143765114 22164.165136481326 90661.5029296875 15.607177734375 12354.311354096828 16127
stats: request 20092 2484.545021490015 5560.490698269106 71215.72192382813 1.0009765625 1431.4747485742994 207375
stats: size_rcv 2591739 29342211
stats: newphase 6 63
stats: size_sent 2668881 30300251
stats: connected 23 814
stats: error_connect_etimedout 729 1418
# stats: dump at 1338918806
stats: users 14630 14711
stats: {load,"os_mon@test2"} 1 1.37109375 0.0 1.48046875 0.87890625 1.1555989583333333 12
stats: {recvpackets,"os_mon@test3"} 1 13905.0 0.0 14359 3627 11190.272727272728 11
stats: {sentpackets,"os_mon@test3"} 1 10842.0 0.0 10871 2499 8137.0 11
stats: {freemem,"os_mon@test2"} 1 1178.34375 0.0 1511.5625 1178.34375 1388.7112630208333 12
stats: {cpu,"os_mon@test3"} 1 60.01070663811563 0.0 65.50429184549357 2.8672032193158956 46.6468156271656 12
stats: {load,"os_mon@test4"} 1 1.30078125 0.0 1.30078125 0.69140625 0.8831380208333334 12
stats: {freemem,"os_mon@test4"} 1 1116.515625 0.0 1437.2578125 1116.515625 1338.1725260416667 12
stats: {freemem,"os_mon@myserver"} 1 3116.8203125 0.0 3135.90625 3116.8203125 3128.3447265625 12
stats: {recvpackets,"os_mon@test2"} 1 13734.0 0.0 14150 3686 11213.363636363636 11
stats: {sentpackets,"os_mon@test2"} 1 10649.0 0.0 10823 2537 8162.181818181818 11
stats: {load,"os_mon@test3"} 1 1.5703125 0.0 1.671875 0.890625 1.1761067708333335 12
stats: {cpu,"os_mon@test2"} 1 49.947257383966246 0.0 57.14285714285714 2.5589563472152537 42.51126597927084 12
stats: {freemem,"os_mon@test3"} 1 1056.0390625 0.0 1488.50390625 1056.0390625 1343.111328125 12
stats: {recvpackets,"os_mon@test4"} 1 13906.0 0.0 14380 3676 11183.818181818182 11
stats: {sentpackets,"os_mon@test4"} 1 10838.0 0.0 10889 2530 8132.363636363636 11
stats: {cpu,"os_mon@test4"} 1 60.07423117709438 0.0 61.166059344091614 1.7517517517517518 40.67093210575261 12
stats: {load,"os_mon@myserver"} 1 0.9609375 0.0 0.9609375 0.76953125 0.8889973958333334 12
stats: {recvpackets,"os_mon@myserver"} 1 13731.0 0.0 14223 3770 11206.363636363636 11
stats: {sentpackets,"os_mon@myserver"} 1 10646.0 0.0 10871 2596 8156.727272727273 11
stats: {cpu,"os_mon@myserver"} 1 100.0 0.0 100.0 3.1440162271805274 84.60415793432976 12
stats: session 1626 35794.744689866326 27993.6658342746 101480.919921875 17.177001953125 13963.926848862742 17673
stats: users_count 2971 33929
stats: finish_users_count 1626 19299
stats: 200 20660 248119
stats: request 20666 2230.468812210629 5059.786621618034 71215.72192382813 1.0009765625 1524.4917045433965 227467
stats: page 1631 34309.20516180055 27214.027618621745 98374.32788085938 15.607177734375 13871.382339953672 17626
stats: connect 20655 1746.5100531329438 4644.642743348262 31138.885009765625 0.286865234375 1167.7456581670876 228281
stats: size_rcv 2665140 32007351
stats: newphase 4 67
stats: size_sent 2740429 33040680
stats: connected -11 803
stats: error_connect_etimedout 1086 2504
# stats: dump at 1338918816
stats: users 15148 15498
stats: {load,"os_mon@test2"} 1 1.3203125 0.0 1.48046875 0.87890625 1.1721754807692308 13
stats: {recvpackets,"os_mon@test3"} 1 15677.0 0.0 15677 3627 11416.5 12
stats: {sentpackets,"os_mon@test3"} 1 12145.0 0.0 12145 2499 8362.416666666666 12
stats: {freemem,"os_mon@test2"} 1 1137.62890625 0.0 1511.5625 1137.62890625 1372.5291466346155 13
stats: {cpu,"os_mon@test3"} 1 55.16693163751988 0.0 65.50429184549357 2.8672032193158956 47.67480724339252 13
stats: {load,"os_mon@test4"} 1 1.328125 0.0 1.328125 0.69140625 0.9152644230769231 13
stats: {freemem,"os_mon@test4"} 1 1055.09375 0.0 1437.2578125 1055.09375 1321.1219951923076 13
stats: {freemem,"os_mon@myserver"} 1 3116.6171875 0.0 3135.90625 3116.6171875 3127.458233173077 13
stats: {recvpackets,"os_mon@test2"} 1 16320.0 0.0 16320 3686 11423.416666666666 12
stats: {sentpackets,"os_mon@test2"} 1 12563.0 0.0 12563 2537 8369.416666666666 12
stats: {load,"os_mon@test3"} 1 1.48828125 0.0 1.671875 0.890625 1.2064302884615385 13
stats: {cpu,"os_mon@test2"} 1 59.91538868323638 0.0 59.91538868323638 2.5589563472152537 43.08326531809357 13
stats: {freemem,"os_mon@test3"} 1 1021.1328125 0.0 1488.50390625 1021.1328125 1321.0288461538462 13
stats: {recvpackets,"os_mon@test4"} 1 15621.0 0.0 15621 3676 11410.666666666666 12
stats: {sentpackets,"os_mon@test4"} 1 12110.0 0.0 12110 2530 8357.833333333334 12
stats: {cpu,"os_mon@test4"} 1 58.91350210970464 0.0 61.166059344091614 1.7517517517517518 42.163493572778904 13
stats: {load,"os_mon@myserver"} 1 0.96875 0.0 0.96875 0.76953125 0.89453125 13
stats: {recvpackets,"os_mon@myserver"} 1 16201.0 0.0 16201 3770 11416.75 12
stats: {sentpackets,"os_mon@myserver"} 1 12483.0 0.0 12483 2596 8364.166666666666 12
stats: {cpu,"os_mon@myserver"} 1 100.0 0.0 100.0 3.1440162271805274 85.78845347784286 13
stats: session 1684 41956.2849860475 31738.30786262903 108743.65502929688 17.177001953125 15803.240274919628 19299
stats: users_count 2202 36131
stats: finish_users_count 1684 20983
stats: 200 20452 268571
stats: request 20461 2646.8827353715524 5840.99825711911 87292.2880859375 1.0009765625 1583.2896995986732 248133
stats: page 1668 40279.39671885533 31101.584102240933 108350.15014648438 15.607177734375 15602.393869393994 19257
stats: connect 20488 2086.2349631515413 5401.910858453562 31138.885009765625 0.286865234375 1215.767553666412 248936
stats: size_rcv 2638308 34645659
stats: newphase 4 71
stats: size_sent 2719040 35759720
stats: connected 27 830
stats: error_connect_etimedout 892 3396
# stats: dump at 1338918826
stats: users 17704 17841
stats: {load,"os_mon@test2"} 1 1.4296875 0.0 1.48046875 0.87890625 1.1827566964285714 14
stats: {recvpackets,"os_mon@test3"} 1 15757.0 0.0 15757 3627 11744.23076923077 13
stats: {sentpackets,"os_mon@test3"} 1 12304.0 0.0 12304 2499 8653.384615384615 13
stats: {freemem,"os_mon@test2"} 1 1081.4140625 0.0 1511.5625 1081.4140625 1355.7505580357142 14
stats: {cpu,"os_mon@test3"} 1 50.50720768820075 0.0 65.50429184549357 2.8672032193158956 48.20995898583019 14
stats: {load,"os_mon@test4"} 1 1.578125 0.0 1.578125 0.69140625 0.9447544642857143 14
stats: {freemem,"os_mon@test4"} 1 1004.3671875 0.0 1437.2578125 1004.3671875 1302.1199776785713 14
stats: {freemem,"os_mon@myserver"} 1 3115.26953125 0.0 3135.90625 3115.26953125 3126.6838727678573 14
stats: {recvpackets,"os_mon@test2"} 1 15752.0 0.0 16320 3686 11800.076923076924 13
stats: {sentpackets,"os_mon@test2"} 1 12312.0 0.0 12563 2537 8692.0 13
stats: {load,"os_mon@test3"} 1 1.33984375 0.0 1.671875 0.890625 1.2265625 14
stats: {cpu,"os_mon@test2"} 1 65.29752501316483 0.0 65.29752501316483 2.5589563472152537 44.285559844175204 14
stats: {freemem,"os_mon@test3"} 1 999.72265625 0.0 1488.50390625 999.72265625 1299.607700892857 14
stats: {recvpackets,"os_mon@test4"} 1 15734.0 0.0 15734 3676 11734.538461538461 13
stats: {sentpackets,"os_mon@test4"} 1 12285.0 0.0 12285 2530 8646.461538461539 13
stats: {cpu,"os_mon@test4"} 1 60.0 0.0 61.166059344091614 1.7517517517517518 43.35992275398788 14
stats: {load,"os_mon@myserver"} 1 0.96875 0.0 0.96875 0.76953125 0.8998325892857143 14
stats: {recvpackets,"os_mon@myserver"} 1 15705.0 0.0 16201 3770 11784.76923076923 13
stats: {sentpackets,"os_mon@myserver"} 1 12279.0 0.0 12483 2596 8681.0 13
stats: {cpu,"os_mon@myserver"} 1 100.0 0.0 100.0 3.1440162271805274 86.80356394371123 14
stats: session 1465 46271.87329734819 33713.989509233594 119188.4169921875 17.177001953125 17902.164513281125 20983
stats: users_count 4021 40152
stats: finish_users_count 1465 22448
stats: 200 20733 289304
stats: request 20743 2323.920833809612 5676.742442765523 113635.35400390625 1.0009765625 1664.3122730923062 268594
stats: page 1476 44170.80070797482 33064.49095982755 117569.55004882813 15.607177734375 17569.478254239944 20925
stats: connect 20716 1772.7140060280421 5060.93002790478 31138.885009765625 0.286865234375 1281.9611232278887 269424
stats: size_rcv 2674557 37320216
stats: newphase 5 76
stats: size_sent 2748924 38508644
stats: connected -27 803
stats: error_connect_etimedout 1016 4412
# stats: dump at 1338918836
stats: users 18885 19033
stats: {load,"os_mon@test2"} 1 1.2109375 0.0 1.48046875 0.87890625 1.19921875 15
stats: {recvpackets,"os_mon@test3"} 1 17109.0 0.0 17109 3627 12030.857142857143 14
stats: {sentpackets,"os_mon@test3"} 1 13394.0 0.0 13394 2499 8914.142857142857 14
stats: {freemem,"os_mon@test2"} 1 1033.04296875 0.0 1511.5625 1033.04296875 1337.4614583333334 15
stats: {cpu,"os_mon@test3"} 1 62.361037586024345 0.0 65.50429184549357 2.8672032193158956 48.36310889932156 15
stats: {load,"os_mon@test4"} 1 1.640625 0.0 1.640625 0.69140625 0.9869791666666666 15
stats: {freemem,"os_mon@test4"} 1 958.81640625 0.0 1437.2578125 958.81640625 1282.2697916666666 15
stats: {freemem,"os_mon@myserver"} 1 3114.05078125 0.0 3135.90625 3114.05078125 3125.922916666667 15
stats: {recvpackets,"os_mon@test2"} 1 16928.0 0.0 16928 3686 12082.357142857143 14
stats: {sentpackets,"os_mon@test2"} 1 13277.0 0.0 13277 2537 8950.57142857143 14
stats: {load,"os_mon@test3"} 1 1.4296875 0.0 1.671875 0.890625 1.2341145833333333 15
stats: {cpu,"os_mon@test2"} 1 62.73062730627307 0.0 65.29752501316483 2.5589563472152537 45.68635752210785 15
stats: {freemem,"os_mon@test3"} 1 932.61328125 0.0 1488.50390625 932.61328125 1279.6153645833333 15
stats: {recvpackets,"os_mon@test4"} 1 17126.0 0.0 17126 3676 12020.214285714286 14
stats: {sentpackets,"os_mon@test4"} 1 13404.0 0.0 13404 2530 8906.357142857143 14
stats: {cpu,"os_mon@test4"} 1 52.42925787506674 0.0 61.166059344091614 1.7517517517517518 44.469261237055356 15
stats: {load,"os_mon@myserver"} 1 0.98046875 0.0 0.98046875 0.76953125 0.9044270833333333 15
stats: {recvpackets,"os_mon@myserver"} 1 17023.0 0.0 17023 3770 12064.785714285714 14
stats: {sentpackets,"os_mon@myserver"} 1 13347.0 0.0 13347 2596 8938.0 14
stats: {cpu,"os_mon@myserver"} 1 100.0 0.0 100.0 3.1440162271805274 87.68332634746382 15
stats: session 1559 48878.517752421605 35475.83196824946 131053.60498046875 17.177001953125 19753.626708962624 22448
stats: users_count 2740 42892
stats: finish_users_count 1559 24007
stats: request 20881 3014.5507756612114 6582.3367512115265 113703.0849609375 1.0009765625 1711.600592163006 289337
stats: page 1560 46616.46269844249 34968.65929219084 131051.8818359375 15.607177734375 19322.23714633015 22401
stats: connect 20891 2473.222707751979 5964.291944926206 31138.885009765625 0.286865234375 1317.0008858255587 290140
stats: 200 20872 310176
stats: size_rcv 2692488 40012704
stats: newphase 6 82
stats: size_sent 2772489 41281133
stats: connected 10 813
stats: error_connect_etimedout 1114 5526
# stats: dump at 1338918846
stats: users 21012 21218
stats: {load,"os_mon@test2"} 1 1.48046875 0.0 1.48046875 0.87890625 1.199951171875 16
stats: {recvpackets,"os_mon@test3"} 1 16911.0 0.0 17109 3627 12369.4 15
stats: {sentpackets,"os_mon@test3"} 1 13454.0 0.0 13454 2499 9212.8 15
stats: {freemem,"os_mon@test2"} 1 985.66015625 0.0 1511.5625 985.66015625 1318.435302734375 16
stats: {cpu,"os_mon@test3"} 1 55.739455419113725 0.0 65.50429184549357 2.8672032193158956 49.23797944224049 16
stats: {load,"os_mon@test4"} 1 1.921875 0.0 1.921875 0.69140625 1.02783203125 16
stats: {freemem,"os_mon@test4"} 1 892.33203125 0.0 1437.2578125 892.33203125 1262.053955078125 16
stats: {freemem,"os_mon@myserver"} 1 3113.921875 0.0 3135.90625 3113.921875 3125.180908203125 16
stats: {recvpackets,"os_mon@test2"} 1 16466.0 0.0 16928 3686 12405.4 15
stats: {sentpackets,"os_mon@test2"} 1 13159.0 0.0 13277 2537 9239.0 15
stats: {load,"os_mon@test3"} 1 1.44921875 0.0 1.671875 0.890625 1.246337890625 16
stats: {cpu,"os_mon@test2"} 1 63.17747077577046 0.0 65.29752501316483 2.5589563472152537 46.75162438361817 16
stats: {freemem,"os_mon@test3"} 1 887.0859375 0.0 1488.50390625 887.0859375 1257.927734375 16
stats: {recvpackets,"os_mon@test4"} 1 16952.0 0.0 17126 3676 12360.6 15
stats: {sentpackets,"os_mon@test4"} 1 13479.0 0.0 13479 2530 9206.2 15
stats: {cpu,"os_mon@test4"} 1 62.32731137088204 0.0 62.32731137088204 1.7517517517517518 44.96676102693107 16
stats: {load,"os_mon@myserver"} 1 0.98046875 0.0 0.98046875 0.76953125 0.9091796875 16
stats: {recvpackets,"os_mon@myserver"} 1 16539.0 0.0 17023 3770 12395.333333333334 15
stats: {sentpackets,"os_mon@myserver"} 1 13201.0 0.0 13347 2596 9231.933333333332 15
stats: {cpu,"os_mon@myserver"} 1 100.0 0.0 100.0 3.1440162271805274 88.45311845074733 16
stats: session 1587 47378.15667413084 36685.872174366275 133345.68017578125 17.177001953125 21644.979445112604 24007
stats: users_count 3714 46606
stats: finish_users_count 1587 25594
stats: request 20363 2977.0907005261743 6599.573492664851 113703.0849609375 1.0009765625 1799.3031200035118 310218
stats: page 1451 49241.33032142438 35727.05834847659 133343.96020507813 15.607177734375 21099.249452214513 23961
stats: connect 20367 2374.9182190160122 6089.6617738796995 31138.885009765625 0.286865234375 1394.6607656506078 311031
stats: error_unknown 137 137
stats: 200 20359 330535
stats: size_rcv 2626311 42639015
stats: newphase 5 87
stats: size_sent 2703157 43984290
stats: connected 4 817
stats: error_connect_etimedout 1143 6669
# stats: dump at 1338918856
stats: users 21826 21946
stats: {load,"os_mon@test2"} 1 1.328125 0.0 1.48046875 0.87890625 1.216452205882353 17
stats: {recvpackets,"os_mon@test3"} 1 18073.0 0.0 18073 3627 12653.25 16
stats: {sentpackets,"os_mon@test3"} 1 14337.0 0.0 14337 2499 9477.875 16
stats: {freemem,"os_mon@test2"} 1 945.09765625 0.0 1511.5625 945.09765625 1298.860294117647 17
stats: {cpu,"os_mon@test3"} 1 61.014263074484944 0.0 65.50429184549357 2.8672032193158956 49.62041920558597 17
stats: {load,"os_mon@test4"} 1 1.78125 0.0 1.921875 0.69140625 1.080422794117647 17
stats: {freemem,"os_mon@test4"} 1 849.67578125 0.0 1437.2578125 849.67578125 1240.305606617647 17
stats: {freemem,"os_mon@myserver"} 1 3112.88671875 0.0 3135.90625 3112.88671875 3124.518612132353 17
stats: {recvpackets,"os_mon@test2"} 1 18588.0 0.0 18588 3686 12659.1875 16
stats: {sentpackets,"os_mon@test2"} 1 14679.0 0.0 14679 2537 9484.0 16
stats: {load,"os_mon@test3"} 1 1.4609375 0.0 1.671875 0.890625 1.2582720588235294 17
stats: {cpu,"os_mon@test2"} 1 64.58333333333334 0.0 65.29752501316483 2.5589563472152537 47.71785064198007 17
stats: {freemem,"os_mon@test3"} 1 833.5234375 0.0 1488.50390625 833.5234375 1236.1135110294117 17
stats: {recvpackets,"os_mon@test4"} 1 17976.0 0.0 17976 3676 12647.5625 16
stats: {sentpackets,"os_mon@test4"} 1 14268.0 0.0 14268 2530 9473.25 16
stats: {cpu,"os_mon@test4"} 1 54.01382243487507 0.0 62.32731137088204 1.7517517517517518 45.98796987069289 17
stats: {load,"os_mon@myserver"} 1 0.98046875 0.0 0.98046875 0.76953125 0.9133731617647058 17
stats: {recvpackets,"os_mon@myserver"} 1 18507.0 0.0 18507 3770 12654.3125 16
stats: {sentpackets,"os_mon@myserver"} 1 14628.0 0.0 14628 2596 9480.0 16
stats: {cpu,"os_mon@myserver"} 1 100.0 0.0 100.0 3.1440162271805274 89.13234677717395 17
stats: session 1662 55847.514916669 38657.67689293478 144601.44995117188 17.177001953125 23240.609368627956 25594
stats: users_count 2476 49082
stats: finish_users_count 1662 27256
stats: request 20186 2984.727042024816 6627.987553646935 127673.44506835938 1.0009765625 1871.852021792129 330581
stats: page 1644 53664.93320957011 38193.603608707315 144599.375 15.607177734375 22706.134362541266 25412
stats: connect 20204 2364.874448810627 6187.322602193731 31138.885009765625 0.286865234375 1454.9052558186027 331398
stats: error_unknown 21 158
stats: 200 20182 350717
stats: size_rcv 2603478 45242493
stats: newphase 5 92
stats: size_sent 2681884 46666174
stats: connected 18 835
stats: error_connect_etimedout 1695 8364
# stats: dump at 1338918866
stats: users 23544 23733
stats: {load,"os_mon@test2"} 1 1.12890625 0.0 1.48046875 0.87890625 1.22265625 18
stats: {recvpackets,"os_mon@test3"} 1 16154.0 0.0 18073 3627 12972.058823529413 17
stats: {sentpackets,"os_mon@test3"} 1 13244.0 0.0 14337 2499 9763.70588235294 17
stats: {freemem,"os_mon@test2"} 1 909.640625 0.0 1511.5625 909.640625 1279.206814236111 18
stats: {cpu,"os_mon@test3"} 1 49.67776584317938 0.0 65.50429184549357 2.8672032193158956 50.253410531635915 18
stats: {load,"os_mon@test4"} 1 1.5 0.0 1.921875 0.69140625 1.1193576388888888 18
stats: {freemem,"os_mon@test4"} 1 780.671875 0.0 1437.2578125 780.671875 1218.6039496527778 18
stats: {freemem,"os_mon@myserver"} 1 3112.703125 0.0 3135.90625 3112.703125 3123.8723958333335 18
stats: {recvpackets,"os_mon@test2"} 1 16926.0 0.0 18588 3686 13007.941176470587 17
stats: {sentpackets,"os_mon@test2"} 1 13817.0 0.0 14679 2537 9789.588235294117 17
stats: {load,"os_mon@test3"} 1 1.30859375 0.0 1.671875 0.890625 1.26953125 18
stats: {cpu,"os_mon@test2"} 1 62.0182555780933 0.0 65.29752501316483 2.5589563472152537 48.654821902610806 18
stats: {freemem,"os_mon@test3"} 1 804.01171875 0.0 1488.50390625 804.01171875 1213.7473958333333 18
stats: {recvpackets,"os_mon@test4"} 1 16181.0 0.0 17976 3676 12961.0 17
stats: {sentpackets,"os_mon@test4"} 1 13266.0 0.0 14268 2530 9755.29411764706 17
stats: {cpu,"os_mon@test4"} 1 65.03459286854711 0.0 65.03459286854711 1.7517517517517518 46.433850568703015 18
stats: {load,"os_mon@myserver"} 1 0.98828125 0.0 0.98828125 0.76953125 0.9171006944444444 18
stats: {recvpackets,"os_mon@myserver"} 1 16125.0 0.0 18507 3770 12998.588235294117 17
stats: {sentpackets,"os_mon@myserver"} 1 13233.0 0.0 14628 2596 9782.823529411764 17
stats: {cpu,"os_mon@myserver"} 1 100.0 0.0 100.0 3.1440162271805274 89.73610528955318 18
stats: session 1460 59565.51997070313 38212.96925371443 159511.92822265625 17.177001953125 25228.893673766066 27256
stats: users_count 3178 52260
stats: finish_users_count 1460 28716
stats: request 20716 3029.253075151297 6303.7481980364555 127673.44506835938 1.0009765625 1935.8959459880116 350767
stats: page 1452 56686.566897389646 37478.43319749901 159392.59008789063 15.607177734375 24587.279591123297 27056
stats: connect 20734 2425.4582673193554 5699.917398249375 31214.952880859375 0.281005859375 1507.194541929634 351602
stats: error_unknown 0 158
stats: 200 20711 371428
stats: size_rcv 2671719 47914212
stats: newphase 6 98
stats: size_sent 2751903 49418077
stats: connected 18 853
stats: error_connect_etimedout 1777 10141
# stats: dump at 1338918876
stats: users 24469 24668
stats: {load,"os_mon@test2"} 1 1.4296875 0.0 1.48046875 0.87890625 1.2177220394736843 19
stats: {recvpackets,"os_mon@test3"} 1 16735.0 0.0 18073 3627 13148.833333333334 18
stats: {sentpackets,"os_mon@test3"} 1 13541.0 0.0 14337 2499 9957.055555555555 18
stats: {freemem,"os_mon@test2"} 1 896.5703125 0.0 1511.5625 896.5703125 1259.7559621710527 19
stats: {cpu,"os_mon@test3"} 1 65.37234042553192 0.0 65.50429184549357 2.8672032193158956 50.22311344276978 19
stats: {load,"os_mon@test4"} 1 1.4296875 0.0 1.921875 0.69140625 1.139391447368421 19
stats: {freemem,"os_mon@test4"} 1 711.37109375 0.0 1437.2578125 711.37109375 1195.5548930921052 19
stats: {freemem,"os_mon@myserver"} 1 3112.015625 0.0 3135.90625 3112.015625 3123.284539473684 19
stats: {recvpackets,"os_mon@test2"} 1 18121.0 0.0 18588 3686 13225.611111111111 18
stats: {sentpackets,"os_mon@test2"} 1 15220.0 0.0 15220 2537 10013.333333333334 18
stats: {load,"os_mon@test3"} 1 1.41015625 0.0 1.671875 0.890625 1.2715871710526316 19
stats: {cpu,"os_mon@test2"} 1 55.64554549785612 0.0 65.29752501316483 2.5589563472152537 49.35816051710989 19
stats: {freemem,"os_mon@test3"} 1 736.203125 0.0 1488.50390625 736.203125 1192.1823601973683 19
stats: {recvpackets,"os_mon@test4"} 1 16801.0 0.0 17976 3676 13139.888888888889 18
stats: {sentpackets,"os_mon@test4"} 1 13585.0 0.0 14268 2530 9950.333333333334 18
stats: {cpu,"os_mon@test4"} 1 74.23603793466808 0.0 74.23603793466808 1.7517517517517518 47.412837005536915 19
stats: {load,"os_mon@myserver"} 1 0.98828125 0.0 0.98828125 0.76953125 0.9208470394736842 19
stats: {recvpackets,"os_mon@myserver"} 1 16347.0 0.0 18507 3770 13172.277777777777 18
stats: {sentpackets,"os_mon@myserver"} 1 13282.0 0.0 14628 2596 9974.5 18
stats: {cpu,"os_mon@myserver"} 1 100.0 0.0 100.0 3.1440162271805274 90.27631027431353 19
stats: session 1507 64146.17476645445 38716.21370027312 165883.60717773438 17.177001953125 26974.66169137047 28716
stats: users_count 2432 54692
stats: finish_users_count 1507 30223
stats: request 20022 5011.050857460119 8240.538325570988 127673.44506835938 1.0009765625 1996.8677435877578 371483
stats: page 1506 61846.26458910451 38334.63369303454 165882.06396484375 15.607177734375 26222.19488397789 28508
stats: connect 19960 3765.9673432802956 7833.985501047517 31232.284912109375 0.281005859375 1558.3292162083244 372336
stats: error_unknown 0 158
stats: 200 20011 391439
stats: size_rcv 2581419 50495631
stats: newphase 5 103
stats: size_sent 2650432 52068509
stats: connected -62 791
stats: error_connect_etimedout 1622 11763
stats: error_abort 1 1
EndMonitor:{1338,918880,278078}
