# stats: dump at 1338911740
stats: users 0 0
# stats: dump at 1338911750
stats: users 2 11
stats: {load,"os_mon@test2"} 1 0.828125 0 0.828125 0.828125 0 0
stats: {freemem,"os_mon@test2"} 1 1513.70703125 0 1513.70703125 1513.70703125 0 0
stats: {load,"os_mon@test4"} 1 0.5 0 0.5 0.5 0 0
stats: {cpu,"os_mon@test3"} 1 2.3138832997987926 0 2.3138832997987926 2.3138832997987926 0 0
stats: {freemem,"os_mon@test4"} 1 1441.57421875 0 1441.57421875 1441.57421875 0 0
stats: {freemem,"os_mon@myserver"} 1 1187.046875 0 1187.046875 1187.046875 0 0
stats: {load,"os_mon@test3"} 1 0.671875 0 0.671875 0.671875 0 0
stats: {cpu,"os_mon@test2"} 1 2.103154732098147 0 2.103154732098147 2.103154732098147 0 0
stats: {freemem,"os_mon@test3"} 1 1494.16015625 0 1494.16015625 1494.16015625 0 0
stats: {cpu,"os_mon@test4"} 1 2.2022022022022023 0 2.2022022022022023 2.2022022022022023 0 0
stats: {load,"os_mon@myserver"} 1 1.0703125 0 1.0703125 1.0703125 0 0
stats: {cpu,"os_mon@myserver"} 1 1.885369532428356 0 1.885369532428356 1.885369532428356 0 0
stats: session 560 18.965858677455348 7.4299846139654715 49.98095703125 10.85498046875 0 0
stats: users_count 562 562
stats: finish_users_count 560 560
stats: 200 5493 5493
stats: request 5493 1.6245425196699195 1.1195183569352873 39.034912109375 0.35595703125 0 0
stats: connect 550 1.141097745028409 0.2911061177576977 2.1728515625 0.59814453125 0 0
stats: page 549 16.796441416922804 7.447243864943705 48.89599609375 9.0869140625 0 0
stats: size_rcv 789471 789471
stats: size_sent 728626 728626
stats: connected 1 1
# stats: dump at 1338911760
stats: users 168 172
stats: {load,"os_mon@test2"} 1 0.69921875 0.0 0.828125 0.69921875 0.828125 1
stats: {recvpackets,"os_mon@test3"} 1 3469 0 3469 3469 0 0
stats: {sentpackets,"os_mon@test3"} 1 2351 0 2351 2351 0 0
stats: {freemem,"os_mon@test2"} 1 1513.84375 0.0 1513.84375 1513.70703125 1513.70703125 1
stats: {load,"os_mon@test4"} 1 0.5 0.0 0.5 0.5 0.5 1
stats: {cpu,"os_mon@test3"} 1 8.640081799591002 0.0 8.640081799591002 2.3138832997987926 2.3138832997987926 1
stats: {freemem,"os_mon@test4"} 1 1441.7578125 0.0 1441.7578125 1441.57421875 1441.57421875 1
stats: {freemem,"os_mon@myserver"} 1 1186.44140625 0.0 1187.046875 1186.44140625 1187.046875 1
stats: {recvpackets,"os_mon@test2"} 1 3498 0 3498 3498 0 0
stats: {sentpackets,"os_mon@test2"} 1 2368 0 2368 2368 0 0
stats: {load,"os_mon@test3"} 1 0.640625 0.0 0.671875 0.640625 0.671875 1
stats: {cpu,"os_mon@test2"} 1 5.793450881612091 0.0 5.793450881612091 2.103154732098147 2.103154732098147 1
stats: {recvpackets,"os_mon@test4"} 1 3467 0 3467 3467 0 0
stats: {sentpackets,"os_mon@test4"} 1 2350 0 2350 2350 0 0
stats: {freemem,"os_mon@test3"} 1 1495.49609375 0.0 1495.49609375 1494.16015625 1494.16015625 1
stats: {cpu,"os_mon@test4"} 1 5.113924050632911 0.0 5.113924050632911 2.2022022022022023 2.2022022022022023 1
stats: {load,"os_mon@myserver"} 1 1.05859375 0.0 1.0703125 1.05859375 1.0703125 1
stats: {recvpackets,"os_mon@myserver"} 1 3603 0 3603 3603 0 0
stats: {sentpackets,"os_mon@myserver"} 1 2437 0 2437 2437 0 0
stats: {cpu,"os_mon@myserver"} 1 10.864633224098815 0.0 10.864633224098815 1.885369532428356 1.885369532428356 1
stats: session 1355 122.01576842135607 183.57988009717965 838.65087890625 10.85498046875 18.965858677455348 560
stats: users_count 1521 2083
stats: finish_users_count 1355 1915
stats: request 14154 14.646086167393035 23.814575707275257 182.64013671875 0.35595703125 1.6245425196699195 5493
stats: page 1356 114.61464040750606 175.3523732722426 836.658935546875 9.0869140625 16.796441416922804 549
stats: connect 1513 1.0015753766833273 0.27631293012597125 5.89990234375 0.550048828125 1.141097745028409 550
stats: 200 14155 19648
stats: size_rcv 1924237 2713708
stats: newphase 6 6
stats: size_sent 1900157 2628783
stats: connected 157 158
# stats: dump at 1338911770
stats: users 1333 1333
stats: {load,"os_mon@test2"} 1 0.58984375 0.0 0.828125 0.58984375 0.763671875 2
stats: {recvpackets,"os_mon@test3"} 1 6963.0 0.0 6963 3469 3469.0 1
stats: {sentpackets,"os_mon@test3"} 1 4792.0 0.0 4792 2351 2351.0 1
stats: {freemem,"os_mon@test2"} 1 1512.9921875 0.0 1513.84375 1512.9921875 1513.775390625 2
stats: {load,"os_mon@test4"} 1 0.5 0.0 0.5 0.5 0.5 2
stats: {cpu,"os_mon@test3"} 1 18.357980622131564 0.0 18.357980622131564 2.3138832997987926 5.476982549694897 2
stats: {freemem,"os_mon@test4"} 1 1440.40625 0.0 1441.7578125 1440.40625 1441.666015625 2
stats: {freemem,"os_mon@myserver"} 1 1176.6796875 0.0 1187.046875 1176.6796875 1186.744140625 2
stats: {recvpackets,"os_mon@test2"} 1 6962.0 0.0 6962 3498 3498.0 1
stats: {sentpackets,"os_mon@test2"} 1 4792.0 0.0 4792 2368 2368.0 1
stats: {load,"os_mon@test3"} 1 0.5390625 0.0 0.671875 0.5390625 0.65625 2
stats: {cpu,"os_mon@test2"} 1 13.703515028018339 0.0 13.703515028018339 2.103154732098147 3.9483028068551187 2
stats: {recvpackets,"os_mon@test4"} 1 6962.0 0.0 6962 3467 3467.0 1
stats: {sentpackets,"os_mon@test4"} 1 4790.0 0.0 4790 2350 2350.0 1
stats: {freemem,"os_mon@test3"} 1 1492.765625 0.0 1495.49609375 1492.765625 1494.828125 2
stats: {cpu,"os_mon@test4"} 1 14.06170966110268 0.0 14.06170966110268 2.2022022022022023 3.6580631264175567 2
stats: {load,"os_mon@myserver"} 1 1.05078125 0.0 1.0703125 1.05078125 1.064453125 2
stats: {recvpackets,"os_mon@myserver"} 1 7104.0 0.0 7104 3603 3603.0 1
stats: {sentpackets,"os_mon@myserver"} 1 4899.0 0.0 4899 2437 2437.0 1
stats: {cpu,"os_mon@myserver"} 1 22.762597142140887 0.0 22.762597142140887 1.885369532428356 6.375001378263586 2
stats: session 1297 2664.397849454266 1177.0767453570836 4761.81201171875 10.85498046875 91.88106896622061 1915
stats: users_count 2462 4545
stats: finish_users_count 1297 3212
stats: request 16094 344.24378039091164 219.34202388548107 1897.405029296875 0.35595703125 11.005462191369059 19647
stats: page 1287 2617.896439416703 1168.1613498920728 4757.195068359375 9.0869140625 86.42451376927498 1905
stats: connect 2432 0.9529896786338404 0.24340222600295544 5.89990234375 0.4580078125 1.038772324133543 2063
stats: 200 16093 35741
stats: size_rcv 2031729 4745437
stats: newphase 6 12
stats: size_sent 2289829 4918612
stats: connected 1145 1303
# stats: dump at 1338911780
stats: users 3175 3175
stats: {load,"os_mon@test2"} 1 0.578125 0.0 0.828125 0.578125 0.7057291666666666 3
stats: {recvpackets,"os_mon@test3"} 1 9943.0 0.0 9943 3469 5216.0 2
stats: {sentpackets,"os_mon@test3"} 1 6816.0 0.0 6816 2351 3571.5 2
stats: {freemem,"os_mon@test2"} 1 1500.6953125 0.0 1513.84375 1500.6953125 1513.5143229166667 3
stats: {load,"os_mon@test4"} 1 0.5703125 0.0 0.5703125 0.5 0.5 3
stats: {cpu,"os_mon@test3"} 1 25.037332005973123 0.0 25.037332005973123 2.3138832997987926 9.770648573840452 3
stats: {freemem,"os_mon@test4"} 1 1427.84765625 0.0 1441.7578125 1427.84765625 1441.24609375 3
stats: {freemem,"os_mon@myserver"} 1 1147.96484375 0.0 1187.046875 1147.96484375 1183.3893229166667 3
stats: {recvpackets,"os_mon@test2"} 1 10020.0 0.0 10020 3498 5230.0 2
stats: {sentpackets,"os_mon@test2"} 1 6858.0 0.0 6858 2368 3580.0 2
stats: {load,"os_mon@test3"} 1 0.53125 0.0 0.671875 0.53125 0.6171875 3
stats: {cpu,"os_mon@test2"} 1 21.617573639540687 0.0 21.617573639540687 2.103154732098147 7.200040213909525 3
stats: {recvpackets,"os_mon@test4"} 1 9936.0 0.0 9936 3467 5214.5 2
stats: {sentpackets,"os_mon@test4"} 1 6811.0 0.0 6811 2350 3570.0 2
stats: {freemem,"os_mon@test3"} 1 1480.86328125 0.0 1495.49609375 1480.86328125 1494.140625 3
stats: {cpu,"os_mon@test4"} 1 20.665322580645164 0.0 20.665322580645164 2.2022022022022023 7.125945304645931 3
stats: {load,"os_mon@myserver"} 1 1.19921875 0.0 1.19921875 1.05078125 1.0598958333333333 3
stats: {recvpackets,"os_mon@myserver"} 1 10087.0 0.0 10087 3603 5353.5 2
stats: {sentpackets,"os_mon@myserver"} 1 6888.0 0.0 6888 2437 3668.0 2
stats: {cpu,"os_mon@myserver"} 1 25.5005005005005 0.0 25.5005005005005 1.885369532428356 11.83753329955602 3
stats: session 1578 7001.310130691045 1368.0221964939396 9204.046142578125 10.85498046875 1130.6588598419974 3212
stats: users_count 3420 7965
stats: finish_users_count 1578 4790
stats: request 15382 902.4363712583098 1209.5892685663885 6833.031005859375 0.35595703125 161.0610704033228 35741
stats: page 1548 6902.737340015344 1356.1580487149422 9189.81201171875 9.0869140625 1107.1025740162172 3192
stats: connect 2996 4.341519160964619 57.60234387615514 1004.0380859375 0.39404296875 0.9923600006952167 4495
stats: 200 15382 51123
stats: size_rcv 1908662 6654099
stats: newphase 6 18
stats: size_sent 2232714 7151326
stats: connected 1448 2751
# stats: dump at 1338911790
stats: users 4619 4722
stats: {load,"os_mon@test2"} 1 0.48828125 0.0 0.828125 0.48828125 0.673828125 4
stats: {recvpackets,"os_mon@test3"} 1 1.3e4 0.0 13000 3469 6791.666666666667 3
stats: {sentpackets,"os_mon@test3"} 1 8636.0 0.0 8636 2351 4653.0 3
stats: {freemem,"os_mon@test2"} 1 1491.09375 0.0 1513.84375 1491.09375 1510.3095703125 4
stats: {load,"os_mon@test4"} 1 0.55859375 0.0 0.5703125 0.5 0.517578125 4
stats: {cpu,"os_mon@test3"} 1 25.62025316455696 0.0 25.62025316455696 2.3138832997987926 13.58731943187362 4
stats: {freemem,"os_mon@test4"} 1 1416.7265625 0.0 1441.7578125 1416.7265625 1437.896484375 4
stats: {freemem,"os_mon@myserver"} 1 1141.71484375 0.0 1187.046875 1141.71484375 1174.533203125 4
stats: {recvpackets,"os_mon@test2"} 1 12938.0 0.0 12938 3498 6826.666666666667 3
stats: {sentpackets,"os_mon@test2"} 1 8603.0 0.0 8603 2368 4672.666666666667 3
stats: {load,"os_mon@test3"} 1 0.44921875 0.0 0.671875 0.44921875 0.595703125 4
stats: {cpu,"os_mon@test2"} 1 30.054917623564652 0.0 30.054917623564652 2.103154732098147 10.804423570317315 4
stats: {recvpackets,"os_mon@test4"} 1 12997.0 0.0 12997 3467 6788.333333333333 3
stats: {sentpackets,"os_mon@test4"} 1 8635.0 0.0 8635 2350 4650.333333333333 3
stats: {freemem,"os_mon@test3"} 1 1465.2109375 0.0 1495.49609375 1465.2109375 1490.8212890625 4
stats: {cpu,"os_mon@test4"} 1 26.43106022896964 0.0 26.43106022896964 2.2022022022022023 10.510789623645739 4
stats: {load,"os_mon@myserver"} 1 1.23828125 0.0 1.23828125 1.05078125 1.0947265625 4
stats: {recvpackets,"os_mon@myserver"} 1 12981.0 0.0 12981 3603 6931.333333333333 3
stats: {sentpackets,"os_mon@myserver"} 1 8640.0 0.0 8640 2437 4741.333333333333 3
stats: {cpu,"os_mon@myserver"} 1 25.526052104208418 0.0 25.526052104208418 1.885369532428356 15.25327509979214 4
stats: session 1610 11678.699042240887 1430.3543273621121 14197.73193359375 10.85498046875 3064.6646438503058 4790
stats: users_count 3054 11019
stats: finish_users_count 1610 6400
stats: 200 15639 66762
stats: request 15639 1413.9444012227495 2682.230357232866 11699.674072265625 0.35595703125 384.1276916452572 51123
stats: connect 1644 1754.8845290580805 2117.402856595648 7022.154052734375 0.39404296875 2.331844828377386 7491
stats: page 1573 11461.28600336986 1398.4927935518551 13924.3759765625 9.0869140625 2999.8541811399828 4740
stats: size_rcv 1940799 8594898
stats: newphase 6 24
stats: size_sent 2082034 9233360
stats: connected 71 2822
# stats: dump at 1338911800
stats: users 6504 6524
stats: {load,"os_mon@test2"} 1 0.421875 0.0 0.828125 0.421875 0.63671875 5
stats: {recvpackets,"os_mon@test3"} 1 11334.0 0.0 13000 3469 8343.75 4
stats: {sentpackets,"os_mon@test3"} 1 7820.0 0.0 8636 2351 5648.75 4
stats: {freemem,"os_mon@test2"} 1 1462.234375 0.0 1513.84375 1462.234375 1506.46640625 5
stats: {load,"os_mon@test4"} 1 0.46875 0.0 0.5703125 0.46875 0.52578125 5
stats: {cpu,"os_mon@test3"} 1 31.288032454361055 0.0 31.288032454361055 2.3138832997987926 15.993906178410288 5
stats: {freemem,"os_mon@test4"} 1 1392.8671875 0.0 1441.7578125 1392.8671875 1433.6625 5
stats: {freemem,"os_mon@myserver"} 1 1142.52734375 0.0 1187.046875 1141.71484375 1167.96953125 5
stats: {recvpackets,"os_mon@test2"} 1 11293.0 0.0 12938 3498 8354.5 4
stats: {sentpackets,"os_mon@test2"} 1 7798.0 0.0 8603 2368 5655.25 4
stats: {load,"os_mon@test3"} 1 0.37890625 0.0 0.671875 0.37890625 0.56640625 5
stats: {cpu,"os_mon@test2"} 1 27.492447129909365 0.0 30.054917623564652 2.103154732098147 14.654522380966782 5
stats: {recvpackets,"os_mon@test4"} 1 11348.0 0.0 12997 3467 8340.5 4
stats: {sentpackets,"os_mon@test4"} 1 7831.0 0.0 8635 2350 5646.5 4
stats: {freemem,"os_mon@test3"} 1 1422.26171875 0.0 1495.49609375 1422.26171875 1485.69921875 5
stats: {cpu,"os_mon@test4"} 1 25.100200400801604 0.0 26.43106022896964 2.2022022022022023 13.69484374471052 5
stats: {load,"os_mon@myserver"} 1 1.19921875 0.0 1.23828125 1.05078125 1.1234375 5
stats: {recvpackets,"os_mon@myserver"} 1 11061.0 0.0 12981 3603 8443.75 4
stats: {sentpackets,"os_mon@myserver"} 1 7666.0 0.0 8640 2437 5716.0 4
stats: {cpu,"os_mon@myserver"} 1 25.47642928786359 0.0 25.526052104208418 1.885369532428356 17.307830500675397 5
stats: session 1587 16742.403174781928 1553.7268519314855 21365.867919921875 10.85498046875 5231.6326721954365 6400
stats: users_count 3472 14491
stats: finish_users_count 1587 7987
stats: 200 15878 82640
stats: request 15878 1810.832449431923 3971.8609154048713 20064.218017578125 0.35595703125 625.3622790015737 66762
stats: connect 1636 2670.316756344073 3738.883711678305 15039.81591796875 0.39404296875 317.73377289336173 9135
stats: page 1582 16432.039605411963 1471.6021423511365 20844.253173828125 9.0869140625 5108.175463631285 6313
stats: size_rcv 1950789 10545687
stats: newphase 6 30
stats: size_sent 2113676 11347036
stats: connected 54 2876
# stats: dump at 1338911810
stats: users 7078 7303
stats: {load,"os_mon@test2"} 1 0.4296875 0.0 0.828125 0.421875 0.6009114583333334 6
stats: {recvpackets,"os_mon@test3"} 1 13336.0 0.0 13336 3469 8941.8 5
stats: {sentpackets,"os_mon@test3"} 1 9644.0 0.0 9644 2351 6083.0 5
stats: {freemem,"os_mon@test2"} 1 1428.96875 0.0 1513.84375 1428.96875 1499.0944010416667 6
stats: {load,"os_mon@test4"} 1 0.46875 0.0 0.5703125 0.46875 0.5162760416666666 6
stats: {cpu,"os_mon@test3"} 1 26.361767728674202 0.0 31.288032454361055 2.3138832997987926 18.54292722440208 6
stats: {freemem,"os_mon@test4"} 1 1360.14453125 0.0 1441.7578125 1360.14453125 1426.86328125 6
stats: {freemem,"os_mon@myserver"} 1 1141.60546875 0.0 1187.046875 1141.60546875 1163.7291666666667 6
stats: {recvpackets,"os_mon@test2"} 1 13394.0 0.0 13394 3498 8942.2 5
stats: {sentpackets,"os_mon@test2"} 1 9687.0 0.0 9687 2368 6083.8 5
stats: {load,"os_mon@test3"} 1 0.3203125 0.0 0.671875 0.3203125 0.53515625 6
stats: {cpu,"os_mon@test2"} 1 30.346232179226067 0.0 30.346232179226067 2.103154732098147 16.794176505790546 6
stats: {recvpackets,"os_mon@test4"} 1 13239.0 0.0 13239 3467 8942.0 5
stats: {sentpackets,"os_mon@test4"} 1 9570.0 0.0 9570 2350 6083.4 5
stats: {freemem,"os_mon@test3"} 1 1387.80859375 0.0 1495.49609375 1387.80859375 1475.1263020833333 6
stats: {cpu,"os_mon@test4"} 1 26.88990360223237 0.0 26.88990360223237 2.2022022022022023 15.5957365207257 6
stats: {load,"os_mon@myserver"} 1 1.171875 0.0 1.23828125 1.05078125 1.1360677083333333 6
stats: {recvpackets,"os_mon@myserver"} 1 13676.0 0.0 13676 3603 8967.2 5
stats: {sentpackets,"os_mon@myserver"} 1 9851.0 0.0 9851 2437 6106.0 5
stats: {cpu,"os_mon@myserver"} 1 25.36976685886187 0.0 25.526052104208418 1.885369532428356 18.66926363187343 6
stats: session 1520 20379.028951383916 2345.4624539852643 28539.033935546875 10.85498046875 7518.798414978054 7987
stats: users_count 2094 16585
stats: finish_users_count 1520 9507
stats: 200 15479 98119
stats: request 15479 2126.546367744594 4832.043023567319 29114.078125 0.35595703125 853.1320680394863 82640
stats: page 1521 20345.577499158895 2319.3693502587635 28537.683837890625 9.0869140625 7377.251216930466 7895
stats: connect 1509 4105.3794217119175 4583.132188979961 15052.511962890625 0.39404296875 675.0660318224643 10771
stats: size_rcv 1953508 12499195
stats: newphase 6 36
stats: size_sent 2051481 13398517
stats: connected -12 2864
# stats: dump at 1338911820
stats: users 9191 9192
stats: {load,"os_mon@test2"} 1 0.671875 0.0 0.828125 0.421875 0.5764508928571429 7
stats: {recvpackets,"os_mon@test3"} 1 10702.0 0.0 13336 3469 9674.166666666666 6
stats: {sentpackets,"os_mon@test3"} 1 8048.0 0.0 9644 2351 6676.5 6
stats: {freemem,"os_mon@test2"} 1 1383.3828125 0.0 1513.84375 1383.3828125 1489.076450892857 7
stats: {load,"os_mon@test4"} 1 0.48046875 0.0 0.5703125 0.46875 0.5094866071428571 7
stats: {cpu,"os_mon@test3"} 1 21.945010183299388 0.0 31.288032454361055 2.3138832997987926 19.6599044392981 7
stats: {freemem,"os_mon@test4"} 1 1314.0546875 0.0 1441.7578125 1314.0546875 1417.33203125 7
stats: {freemem,"os_mon@myserver"} 1 1141.87890625 0.0 1187.046875 1141.60546875 1160.568638392857 7
stats: {recvpackets,"os_mon@test2"} 1 10666.0 0.0 13394 3498 9684.166666666666 6
stats: {sentpackets,"os_mon@test2"} 1 8018.0 0.0 9687 2368 6684.333333333333 6
stats: {load,"os_mon@test3"} 1 0.51171875 0.0 0.671875 0.3203125 0.5044642857142857 7
stats: {cpu,"os_mon@test2"} 1 31.048387096774192 0.0 31.048387096774192 2.103154732098147 18.730184459138478 7
stats: {recvpackets,"os_mon@test4"} 1 10777.0 0.0 13239 3467 9658.166666666666 6
stats: {sentpackets,"os_mon@test4"} 1 8107.0 0.0 9570 2350 6664.5 6
stats: {freemem,"os_mon@test3"} 1 1360.33203125 0.0 1495.49609375 1360.33203125 1462.65234375 7
stats: {cpu,"os_mon@test4"} 1 29.486527707168275 0.0 29.486527707168275 2.2022022022022023 17.20918896094094 7
stats: {load,"os_mon@myserver"} 1 1.1484375 0.0 1.23828125 1.05078125 1.1411830357142858 7
stats: {recvpackets,"os_mon@myserver"} 1 10484.0 0.0 13676 3603 9752.0 6
stats: {sentpackets,"os_mon@myserver"} 1 7906.0 0.0 9851 2437 6730.166666666667 6
stats: {cpu,"os_mon@myserver"} 1 25.4326561324304 0.0 25.526052104208418 1.885369532428356 19.626478378586064 7
stats: session 1577 20733.131256006767 4026.640432196624 33657.43505859375 10.85498046875 9574.920263651336 9507
stats: users_count 3690 20275
stats: finish_users_count 1577 11084
stats: request 16244 2060.321044606254 4860.52711381986 31805.052978515625 0.35595703125 1054.022618749699 98119
stats: page 1659 20685.42142262611 3953.634414140715 33656.2451171875 9.0869140625 9472.071127218216 9416
stats: connect 1630 6377.803939201498 8911.524192843846 31083.057861328125 0.39404296875 1096.5923270458507 12280
stats: 200 16245 114364
stats: size_rcv 1984754 14483949
stats: newphase 6 42
stats: size_sent 2153525 15552042
stats: connected -29 2835
# stats: dump at 1338911830
stats: users 11252 11299
stats: {load,"os_mon@test2"} 1 0.5703125 0.0 0.828125 0.421875 0.58837890625 8
stats: {recvpackets,"os_mon@test3"} 1 15763.0 0.0 15763 3469 9821.0 7
stats: {sentpackets,"os_mon@test3"} 1 11461.0 0.0 11461 2351 6872.428571428572 7
stats: {freemem,"os_mon@test2"} 1 1349.7421875 0.0 1513.84375 1349.7421875 1475.86474609375 8
stats: {load,"os_mon@test4"} 1 0.41015625 0.0 0.5703125 0.41015625 0.505859375 8
stats: {cpu,"os_mon@test3"} 1 31.780538302277435 0.0 31.780538302277435 2.3138832997987926 19.94554265729826 8
stats: {freemem,"os_mon@test4"} 1 1289.29296875 0.0 1441.7578125 1289.29296875 1404.42236328125 8
stats: {freemem,"os_mon@myserver"} 1 1141.97265625 0.0 1187.046875 1141.60546875 1158.232421875 8
stats: {recvpackets,"os_mon@test2"} 1 15732.0 0.0 15732 3498 9824.42857142857 7
stats: {sentpackets,"os_mon@test2"} 1 11442.0 0.0 11442 2368 6874.857142857143 7
stats: {load,"os_mon@test3"} 1 0.4296875 0.0 0.671875 0.3203125 0.50537109375 8
stats: {cpu,"os_mon@test2"} 1 28.527918781725887 0.0 31.048387096774192 2.103154732098147 20.26995978884294 8
stats: {recvpackets,"os_mon@test4"} 1 15780.0 0.0 15780 3467 9818.0 7
stats: {sentpackets,"os_mon@test4"} 1 11473.0 0.0 11473 2350 6870.571428571428 7
stats: {freemem,"os_mon@test3"} 1 1310.5625 0.0 1495.49609375 1310.5625 1449.8623046875 8
stats: {cpu,"os_mon@test4"} 1 24.152106885919835 0.0 29.486527707168275 2.2022022022022023 18.743856304219356 8
stats: {load,"os_mon@myserver"} 1 1.12109375 0.0 1.23828125 1.05078125 1.14208984375 8
stats: {recvpackets,"os_mon@myserver"} 1 15648.0 0.0 15648 3603 9856.57142857143 7
stats: {sentpackets,"os_mon@myserver"} 1 11407.0 0.0 11407 2437 6898.142857142857 7
stats: {cpu,"os_mon@myserver"} 1 25.46365914786967 0.0 25.526052104208418 1.885369532428356 20.352250597816607 8
stats: session 1521 22799.09764340899 5546.428885870967 49165.190185546875 10.85498046875 11162.478792606995 11084
stats: users_count 3582 23857
stats: finish_users_count 1521 12605
stats: 200 15693 130057
stats: connect 1611 4403.691670849333 7076.506791397145 31083.057861328125 0.39404296875 1715.454651115851 13910
stats: page 1519 22791.88237661498 5492.4963215270345 49163.068115234375 9.0869140625 11151.79556424591 11075
stats: request 15710 2471.2125988217767 6313.117978856986 45780.4921875 0.35595703125 1196.9561866835052 114363
stats: size_rcv 1911973 16395922
stats: newphase 6 48
stats: size_sent 2073428 17625470
stats: connected 49 2884
# stats: dump at 1338911840
stats: users 12571 12670
stats: {load,"os_mon@test2"} 1 0.640625 0.0 0.828125 0.421875 0.5863715277777778 9
stats: {recvpackets,"os_mon@test3"} 1 15016.0 0.0 15763 3469 10563.75 8
stats: {sentpackets,"os_mon@test3"} 1 10971.0 0.0 11461 2351 7446.0 8
stats: {freemem,"os_mon@test2"} 1 1312.5078125 0.0 1513.84375 1312.5078125 1461.8511284722222 9
stats: {load,"os_mon@test4"} 1 0.33984375 0.0 0.5703125 0.33984375 0.4952256944444444 9
stats: {cpu,"os_mon@test3"} 1 30.937818552497454 0.0 31.780538302277435 2.3138832997987926 21.260542173407057 9
stats: {freemem,"os_mon@test4"} 1 1235.515625 0.0 1441.7578125 1235.515625 1391.6302083333333 9
stats: {freemem,"os_mon@myserver"} 1 1141.87109375 0.0 1187.046875 1141.60546875 1156.42578125 9
stats: {recvpackets,"os_mon@test2"} 1 15057.0 0.0 15732 3498 10562.875 8
stats: {sentpackets,"os_mon@test2"} 1 10998.0 0.0 11442 2368 7445.75 8
stats: {load,"os_mon@test3"} 1 0.37109375 0.0 0.671875 0.3203125 0.4969618055555556 9
stats: {cpu,"os_mon@test2"} 1 28.637295081967213 0.0 31.048387096774192 2.103154732098147 21.187510788052155 9
stats: {recvpackets,"os_mon@test4"} 1 14932.0 0.0 15780 3467 10563.25 8
stats: {sentpackets,"os_mon@test4"} 1 10913.0 0.0 11473 2350 7445.875 8
stats: {freemem,"os_mon@test3"} 1 1257.05859375 0.0 1495.49609375 1257.05859375 1434.384548611111 9
stats: {cpu,"os_mon@test4"} 1 31.73713703515028 0.0 31.73713703515028 2.2022022022022023 19.34477303551941 9
stats: {load,"os_mon@myserver"} 1 1.1015625 0.0 1.23828125 1.05078125 1.1397569444444444 9
stats: {recvpackets,"os_mon@myserver"} 1 15408.0 0.0 15648 3603 10580.5 8
stats: {sentpackets,"os_mon@myserver"} 1 11223.0 0.0 11407 2437 7461.75 8
stats: {cpu,"os_mon@myserver"} 1 25.544703230653642 0.0 25.544703230653642 1.885369532428356 20.920184881155834 9
stats: session 1680 23164.812041364432 8688.147094578644 55709.075927734375 10.85498046875 12566.627723354304 12605
stats: users_count 2999 26856
stats: finish_users_count 1680 14285
stats: 200 15743 145800
stats: request 15744 2227.6410003599913 5699.949217989916 55767.225830078125 0.35595703125 1350.8587508950804 130073
stats: page 1649 23222.78372590279 8753.119239163272 50528.2890625 9.0869140625 12555.741242186881 12594
stats: connect 1690 7146.309554421695 9163.074946016774 31087.160888671875 0.39404296875 1994.4798324051133 15521
stats: size_rcv 1929873 18325795
stats: newphase 3 51
stats: size_sent 2113717 19739187
stats: connected 40 2924
# stats: dump at 1338911850
stats: users 14343 14343
stats: {load,"os_mon@test2"} 1 0.69921875 0.0 0.828125 0.421875 0.591796875 10
stats: {recvpackets,"os_mon@test3"} 1 13610.0 0.0 15763 3469 11058.444444444445 9
stats: {sentpackets,"os_mon@test3"} 1 10193.0 0.0 11461 2351 7837.666666666667 9
stats: {freemem,"os_mon@test2"} 1 1275.8125 0.0 1513.84375 1275.8125 1446.916796875 10
stats: {load,"os_mon@test4"} 1 0.44921875 0.0 0.5703125 0.33984375 0.4796875 10
stats: {cpu,"os_mon@test3"} 1 35.18134715025907 0.0 35.18134715025907 2.3138832997987926 22.228269811316096 10
stats: {freemem,"os_mon@test4"} 1 1209.30859375 0.0 1441.7578125 1209.30859375 1376.01875 10
stats: {freemem,"os_mon@myserver"} 1 1141.23828125 0.0 1187.046875 1141.23828125 1154.9703125 10
stats: {recvpackets,"os_mon@test2"} 1 13591.0 0.0 15732 3498 11062.222222222223 9
stats: {sentpackets,"os_mon@test2"} 1 10182.0 0.0 11442 2368 7840.444444444444 9
stats: {load,"os_mon@test3"} 1 0.37890625 0.0 0.671875 0.3203125 0.484375 10
stats: {cpu,"os_mon@test2"} 1 26.342710997442452 0.0 31.048387096774192 2.103154732098147 21.93248921744366 10
stats: {recvpackets,"os_mon@test4"} 1 13584.0 0.0 15780 3467 11048.666666666666 9
stats: {sentpackets,"os_mon@test4"} 1 10177.0 0.0 11473 2350 7831.111111111111 9
stats: {freemem,"os_mon@test3"} 1 1198.87890625 0.0 1495.49609375 1198.87890625 1416.651953125 10
stats: {cpu,"os_mon@test4"} 1 21.195097037793666 0.0 31.73713703515028 2.2022022022022023 20.584009435482496 10
stats: {load,"os_mon@myserver"} 1 1.08984375 0.0 1.23828125 1.05078125 1.1359375 10
stats: {recvpackets,"os_mon@myserver"} 1 13226.0 0.0 15648 3603 11116.888888888889 9
stats: {sentpackets,"os_mon@myserver"} 1 9925.0 0.0 11407 2437 7879.666666666667 9
stats: {cpu,"os_mon@myserver"} 1 25.413948820873056 0.0 25.544703230653642 1.885369532428356 21.382636716105615 10
stats: session 1506 23606.376408915112 8638.911882241327 60360.4501953125 10.85498046875 13813.036519592108 14285
stats: users_count 3278 30134
stats: finish_users_count 1506 15791
stats: 200 15803 161603
stats: request 15802 2533.5316562727453 6740.830146211895 55767.225830078125 0.35595703125 1445.5257632158357 145817
stats: page 1514 23635.612276629075 8640.109397347745 60359.02880859375 9.0869140625 13790.730574184883 14243
stats: connect 1494 8228.844403166053 10175.740271926605 31087.160888671875 0.39404296875 2500.3535312144804 17211
stats: size_rcv 1911673 20237468
stats: newphase 5 56
stats: size_sent 2096382 21835569
stats: connected -20 2904
stats: error_connect_etimedout 839 839
# stats: dump at 1338911860
stats: users 16684 16690
stats: {load,"os_mon@test2"} 1 0.671875 0.0 0.828125 0.421875 0.6015625 11
stats: {recvpackets,"os_mon@test3"} 1 15441.0 0.0 15763 3469 11313.6 10
stats: {sentpackets,"os_mon@test3"} 1 11432.0 0.0 11461 2351 8073.2 10
stats: {freemem,"os_mon@test2"} 1 1222.33984375 0.0 1513.84375 1222.33984375 1431.3618607954545 11
stats: {load,"os_mon@test4"} 1 0.44921875 0.0 0.5703125 0.33984375 0.47691761363636365 11
stats: {cpu,"os_mon@test3"} 1 31.8698347107438 0.0 35.18134715025907 2.3138832997987926 23.405822296674547 11
stats: {freemem,"os_mon@test4"} 1 1176.2578125 0.0 1441.7578125 1176.2578125 1360.86328125 11
stats: {freemem,"os_mon@myserver"} 1 1141.93359375 0.0 1187.046875 1141.23828125 1153.7219460227273 11
stats: {recvpackets,"os_mon@test2"} 1 15424.0 0.0 15732 3498 11315.1 10
stats: {sentpackets,"os_mon@test2"} 1 11418.0 0.0 11442 2368 8074.6 10
stats: {load,"os_mon@test3"} 1 0.328125 0.0 0.671875 0.3203125 0.4747869318181818 11
stats: {cpu,"os_mon@test2"} 1 32.732887287699434 0.0 32.732887287699434 2.103154732098147 22.333418470170823 11
stats: {recvpackets,"os_mon@test4"} 1 15533.0 0.0 15780 3467 11302.2 10
stats: {sentpackets,"os_mon@test4"} 1 11488.0 0.0 11488 2350 8065.7 10
stats: {freemem,"os_mon@test3"} 1 1147.88671875 0.0 1495.49609375 1147.88671875 1396.854403409091 11
stats: {cpu,"os_mon@test4"} 1 23.85786802030457 0.0 31.73713703515028 2.2022022022022023 20.63956285387442 11
stats: {load,"os_mon@myserver"} 1 1.078125 0.0 1.23828125 1.05078125 1.1317471590909092 11
stats: {recvpackets,"os_mon@myserver"} 1 16357.0 0.0 16357 3603 11327.8 10
stats: {sentpackets,"os_mon@myserver"} 1 12166.0 0.0 12166 2437 8084.2 10
stats: {cpu,"os_mon@myserver"} 1 25.501002004008015 0.0 25.544703230653642 1.885369532428356 21.749119634720838 11
stats: session 1634 25162.359777368834 8348.075913285998 60360.4501953125 10.85498046875 14747.034991716762 15791
stats: users_count 3975 34109
stats: finish_users_count 1634 17425
stats: 200 15558 177161
stats: request 15559 2441.298221735477 6299.14857277126 55767.225830078125 0.35595703125 1551.9035351491189 161619
stats: page 1608 25058.306003703387 8365.675587171507 60359.02880859375 9.0869140625 14736.6689442744 15757
stats: connect 1684 7478.9126091094 10367.256432145317 31097.843994140625 0.39404296875 2957.8977901129383 18705
stats: size_rcv 1864632 22102100
stats: newphase 5 61
stats: size_sent 2064632 23900201
stats: connected 76 2980
stats: error_connect_etimedout 907 1746
# stats: dump at 1338911870
stats: users 18221 18251
stats: {load,"os_mon@test2"} 1 0.7109375 0.0 0.828125 0.421875 0.607421875 12
stats: {recvpackets,"os_mon@test3"} 1 18482.0 0.0 18482 3469 11688.818181818182 11
stats: {sentpackets,"os_mon@test3"} 1 13761.0 0.0 13761 2351 8378.545454545454 11
stats: {freemem,"os_mon@test2"} 1 1178.70703125 0.0 1513.84375 1178.70703125 1413.943359375 12
stats: {load,"os_mon@test4"} 1 0.37890625 0.0 0.5703125 0.33984375 0.474609375 12
stats: {cpu,"os_mon@test3"} 1 32.18862121988724 0.0 35.18134715025907 2.3138832997987926 24.111156664513654 12
stats: {freemem,"os_mon@test4"} 1 1110.94140625 0.0 1441.7578125 1110.94140625 1345.4794921875 12
stats: {freemem,"os_mon@myserver"} 1 1141.43359375 0.0 1187.046875 1141.23828125 1152.7395833333333 12
stats: {recvpackets,"os_mon@test2"} 1 18526.0 0.0 18526 3498 11688.636363636364 11
stats: {sentpackets,"os_mon@test2"} 1 13799.0 0.0 13799 2368 8378.545454545454 11
stats: {load,"os_mon@test3"} 1 0.5 0.0 0.671875 0.3203125 0.4625651041666667 12
stats: {cpu,"os_mon@test2"} 1 33.813690169840456 0.0 33.813690169840456 2.103154732098147 23.20004087163154 12
stats: {recvpackets,"os_mon@test4"} 1 18462.0 0.0 18462 3467 11686.818181818182 11
stats: {sentpackets,"os_mon@test4"} 1 13749.0 0.0 13749 2350 8376.818181818182 11
stats: {freemem,"os_mon@test3"} 1 1103.625 0.0 1495.49609375 1103.625 1376.1070963541667 12
stats: {cpu,"os_mon@test4"} 1 32.45749613601237 0.0 32.45749613601237 2.2022022022022023 20.907754951076935 12
stats: {load,"os_mon@myserver"} 1 1.05859375 0.0 1.23828125 1.05078125 1.1272786458333333 12
stats: {recvpackets,"os_mon@myserver"} 1 17834.0 0.0 17834 3603 11785.0 11
stats: {sentpackets,"os_mon@myserver"} 1 13217.0 0.0 13217 2437 8455.272727272728 11
stats: {cpu,"os_mon@myserver"} 1 25.482819162277405 0.0 25.544703230653642 1.885369532428356 22.061776498828106 12
stats: session 1562 26869.12644874484 11146.66107715949 60360.4501953125 10.85498046875 15723.714515375612 17425
stats: users_count 3099 37208
stats: finish_users_count 1562 18987
stats: error_unknown 8 8
stats: request 15678 2655.167609359696 7242.265008411198 55767.225830078125 0.35595703125 1630.0063014553034 177178
stats: page 1546 27074.50098130003 11101.83479030706 60359.02880859375 9.0869140625 15692.453130370672 17365
stats: connect 1669 6527.7088375102985 8545.770940245819 31097.843994140625 0.39404296875 3331.3044777969853 20389
stats: 200 15675 192836
stats: size_rcv 1930431 24032531
stats: newphase 6 67
stats: size_sent 2097741 25997942
stats: connected 46 3026
stats: error_connect_etimedout 1538 3284
# stats: dump at 1338911880
stats: users 19777 19803
stats: {load,"os_mon@test2"} 1 0.6796875 0.0 0.828125 0.421875 0.6153846153846154 13
stats: {recvpackets,"os_mon@test3"} 1 14896.0 0.0 18482 3469 12254.916666666666 12
stats: {sentpackets,"os_mon@test3"} 1 11127.0 0.0 13761 2351 8827.083333333334 12
stats: {freemem,"os_mon@test2"} 1 1121.6875 0.0 1513.84375 1121.6875 1395.8482572115386 13
stats: {load,"os_mon@test4"} 1 0.3203125 0.0 0.5703125 0.3203125 0.46724759615384615 13
stats: {cpu,"os_mon@test3"} 1 30.46594982078853 0.0 35.18134715025907 2.3138832997987926 24.73250009185008 13
stats: {freemem,"os_mon@test4"} 1 1078.86328125 0.0 1441.7578125 1078.86328125 1327.4381009615386 13
stats: {freemem,"os_mon@myserver"} 1 1140.92578125 0.0 1187.046875 1140.92578125 1151.869891826923 13
stats: {recvpackets,"os_mon@test2"} 1 14857.0 0.0 18526 3498 12258.416666666666 12
stats: {sentpackets,"os_mon@test2"} 1 11090.0 0.0 13799 2368 8830.25 12
stats: {load,"os_mon@test3"} 1 0.421875 0.0 0.671875 0.3203125 0.46544471153846156 13
stats: {cpu,"os_mon@test2"} 1 35.02044989775051 0.0 35.02044989775051 2.103154732098147 24.016475433032227 13
stats: {recvpackets,"os_mon@test4"} 1 14885.0 0.0 18462 3467 12251.416666666666 12
stats: {sentpackets,"os_mon@test4"} 1 11125.0 0.0 13749 2350 8824.5 12
stats: {freemem,"os_mon@test3"} 1 1066.4375 0.0 1495.49609375 1066.4375 1355.1469350961538 13
stats: {cpu,"os_mon@test4"} 1 22.585590189064895 0.0 32.45749613601237 2.2022022022022023 21.79619658068735 13
stats: {load,"os_mon@myserver"} 1 1.05078125 0.0 1.23828125 1.05078125 1.1219951923076923 13
stats: {recvpackets,"os_mon@myserver"} 1 14797.0 0.0 17834 3603 12289.083333333334 12
stats: {sentpackets,"os_mon@myserver"} 1 11042.0 0.0 13217 2437 8852.083333333334 12
stats: {cpu,"os_mon@myserver"} 1 25.41990473802958 0.0 25.544703230653642 1.885369532428356 22.324933626785743 13
stats: session 1544 37502.20681019523 27382.623417449824 99171.57788085938 10.85498046875 16640.612047367118 18987
stats: users_count 3100 40308
stats: finish_users_count 1544 20531
stats: page 1537 24095.603910506998 9143.736883061898 60359.02880859375 9.0869140625 16622.951040451408 18911
stats: connect 1445 6856.57271724292 8447.5068592548 31097.843994140625 0.39404296875 3573.1577227131843 22058
stats: request 15624 2487.093768563685 6600.293396428561 62361.52099609375 0.35595703125 1713.3455752415744 192856
stats: error_unknown 0 8
stats: 200 15623 208459
stats: size_rcv 1925324 25957855
stats: newphase 5 72
stats: size_sent 2062665 28060607
stats: connected -93 2933
stats: error_connect_etimedout 866 4150
# stats: dump at 1338911890
stats: users 21126 21126
stats: {load,"os_mon@test2"} 1 0.6484375 0.0 0.828125 0.421875 0.6199776785714286 14
stats: {recvpackets,"os_mon@test3"} 1 16596.0 0.0 18482 3469 12458.076923076924 13
stats: {sentpackets,"os_mon@test3"} 1 12509.0 0.0 13761 2351 9004.0 13
stats: {freemem,"os_mon@test2"} 1 1088.45703125 0.0 1513.84375 1088.45703125 1376.265345982143 14
stats: {load,"os_mon@test4"} 1 0.3515625 0.0 0.5703125 0.3203125 0.45675223214285715 14
stats: {cpu,"os_mon@test3"} 1 32.36345074017356 0.0 35.18134715025907 2.3138832997987926 25.142032215345687 14
stats: {freemem,"os_mon@test4"} 1 1013.83203125 0.0 1441.7578125 1013.83203125 1309.6827566964287 14
stats: {freemem,"os_mon@myserver"} 1 1140.53515625 0.0 1187.046875 1140.53515625 1151.088169642857 14
stats: {recvpackets,"os_mon@test2"} 1 16650.0 0.0 18526 3498 12458.307692307691 13
stats: {sentpackets,"os_mon@test2"} 1 12539.0 0.0 13799 2368 9004.076923076924 13
stats: {load,"os_mon@test3"} 1 0.44140625 0.0 0.671875 0.3203125 0.4623325892857143 14
stats: {cpu,"os_mon@test2"} 1 25.35934291581109 0.0 35.02044989775051 2.103154732098147 24.80247360908353 14
stats: {recvpackets,"os_mon@test4"} 1 16567.0 0.0 18462 3467 12454.0 13
stats: {sentpackets,"os_mon@test4"} 1 12494.0 0.0 13749 2350 9001.461538461539 13
stats: {freemem,"os_mon@test3"} 1 1027.51953125 0.0 1495.49609375 1027.51953125 1334.5248325892858 14
stats: {cpu,"os_mon@test4"} 1 35.054207537429015 0.0 35.054207537429015 2.2022022022022023 21.852581838428602 14
stats: {load,"os_mon@myserver"} 1 1.05078125 0.0 1.23828125 1.05078125 1.1169084821428572 14
stats: {recvpackets,"os_mon@myserver"} 1 16799.0 0.0 17834 3603 12482.0 13
stats: {sentpackets,"os_mon@myserver"} 1 12622.0 0.0 13217 2437 9020.538461538461 13
stats: {cpu,"os_mon@myserver"} 1 25.53830746119179 0.0 25.544703230653642 1.885369532428356 22.546002991874587 14
stats: session 1463 38294.49702525581 27949.624331663104 106461.7587890625 10.85498046875 18209.47388136481 20531
stats: users_count 2812 43120
stats: finish_users_count 1463 21994
stats: page 1535 25586.354557715782 9261.223056734409 63931.1640625 9.0869140625 17184.642524277475 20448
stats: request 15682 2650.9754873129114 6835.297455436049 62361.52099609375 0.35595703125 1771.332153198523 208480
stats: connect 1830 9538.21599521321 11475.364572387174 31097.843994140625 0.39404296875 3775.0270443783106 23503
stats: error_unknown 0 8
stats: 200 15667 224126
stats: size_rcv 1901025 27858880
stats: newphase 6 78
stats: size_sent 2090242 30150849
stats: connected 150 3083
stats: error_connect_etimedout 2179 6329
# stats: dump at 1338911900
stats: users 22983 23028
stats: {load,"os_mon@test2"} 1 0.55078125 0.0 0.828125 0.421875 0.621875 15
stats: {recvpackets,"os_mon@test3"} 1 15574.0 0.0 18482 3469 12753.642857142857 14
stats: {sentpackets,"os_mon@test3"} 1 11816.0 0.0 13761 2351 9254.357142857143 14
stats: {freemem,"os_mon@test2"} 1 1074.80078125 0.0 1513.84375 1074.80078125 1357.078125 15
stats: {load,"os_mon@test4"} 1 0.37109375 0.0 0.5703125 0.3203125 0.44973958333333336 15
stats: {cpu,"os_mon@test3"} 1 35.691987513007284 0.0 35.691987513007284 2.3138832997987926 25.623460117000878 15
stats: {freemem,"os_mon@test4"} 1 977.30078125 0.0 1441.7578125 977.30078125 1289.959375 15
stats: {freemem,"os_mon@myserver"} 1 1140.265625 0.0 1187.046875 1140.265625 1150.3846354166667 15
stats: {recvpackets,"os_mon@test2"} 1 15508.0 0.0 18526 3498 12757.714285714286 14
stats: {sentpackets,"os_mon@test2"} 1 11779.0 0.0 13799 2368 9256.57142857143 14
stats: {load,"os_mon@test3"} 1 0.37109375 0.0 0.671875 0.3203125 0.4609375 15
stats: {cpu,"os_mon@test2"} 1 23.209751142712037 0.0 35.02044989775051 2.103154732098147 24.839598229532037 15
stats: {recvpackets,"os_mon@test4"} 1 15630.0 0.0 18462 3467 12747.785714285714 14
stats: {sentpackets,"os_mon@test4"} 1 11846.0 0.0 13749 2350 9250.92857142857 14
stats: {freemem,"os_mon@test3"} 1 967.99609375 0.0 1495.49609375 967.99609375 1314.0578125 15
stats: {cpu,"os_mon@test4"} 1 26.895491803278688 0.0 35.054207537429015 2.2022022022022023 22.732690218361963 15
stats: {load,"os_mon@myserver"} 1 1.0390625 0.0 1.23828125 1.0390625 1.1125 15
stats: {recvpackets,"os_mon@myserver"} 1 15219.0 0.0 17834 3603 12790.357142857143 14
stats: {sentpackets,"os_mon@myserver"} 1 11601.0 0.0 13217 2437 9277.785714285714 14
stats: {cpu,"os_mon@myserver"} 1 25.457278877474316 0.0 25.544703230653642 1.885369532428356 22.745489956495735 15
stats: session 1589 39288.27256357184 29944.508821402105 121517.49096679688 10.85498046875 19545.492289090216 21994
stats: users_count 3446 46566
stats: finish_users_count 1589 23583
stats: error_unknown 0 8
stats: request 15462 2529.673898736609 7242.1741402911 115672.18920898438 0.35595703125 1832.8705351079539 224162
stats: page 1494 24442.445419045976 9619.423037464603 74505.7451171875 9.0869140625 17771.306217646343 21983
stats: connect 1486 5746.176360057154 8769.203613698803 31097.843994140625 0.39404296875 4191.347092537939 25333
stats: 200 15404 239530
stats: size_rcv 1898386 29757266
stats: newphase 5 83
stats: size_sent 2054991 32205840
stats: connected -67 3016
stats: error_connect_etimedout 1652 7981
# stats: dump at 1338911910
stats: users 25346 25432
stats: {load,"os_mon@test2"} 1 0.69921875 0.0 0.828125 0.421875 0.617431640625 16
stats: {recvpackets,"os_mon@test3"} 1 17931.0 0.0 18482 3469 12941.666666666666 15
stats: {sentpackets,"os_mon@test3"} 1 13396.0 0.0 13761 2351 9425.133333333333 15
stats: {freemem,"os_mon@test2"} 1 1014.9609375 0.0 1513.84375 1014.9609375 1339.435791015625 16
stats: {load,"os_mon@test4"} 1 0.37890625 0.0 0.5703125 0.3203125 0.44482421875 16
stats: {cpu,"os_mon@test3"} 1 27.60577915376677 0.0 35.691987513007284 2.3138832997987926 26.252743079251278 16
stats: {freemem,"os_mon@test4"} 1 920.1484375 0.0 1441.7578125 920.1484375 1270.418212890625 16
stats: {freemem,"os_mon@myserver"} 1 1140.23828125 0.0 1187.046875 1140.23828125 1149.752197265625 16
stats: {recvpackets,"os_mon@test2"} 1 17928.0 0.0 18526 3498 12941.066666666668 15
stats: {sentpackets,"os_mon@test2"} 1 13396.0 0.0 13799 2368 9424.733333333334 15
stats: {load,"os_mon@test3"} 1 0.390625 0.0 0.671875 0.3203125 0.455322265625 16
stats: {cpu,"os_mon@test2"} 1 37.83082511676181 0.0 37.83082511676181 2.103154732098147 24.737732786605786 16
stats: {recvpackets,"os_mon@test4"} 1 17935.0 0.0 18462 3467 12939.933333333332 15
stats: {sentpackets,"os_mon@test4"} 1 1.34e4 0.0 13749 2350 9423.933333333332 15
stats: {freemem,"os_mon@test3"} 1 934.37890625 0.0 1495.49609375 934.37890625 1292.428955078125 16
stats: {cpu,"os_mon@test4"} 1 33.50462487153135 0.0 35.054207537429015 2.2022022022022023 22.99286531741926 16
stats: {load,"os_mon@myserver"} 1 1.03125 0.0 1.23828125 1.03125 1.10791015625 16
stats: {recvpackets,"os_mon@myserver"} 1 18525.0 0.0 18525 3603 12952.266666666666 15
stats: {sentpackets,"os_mon@myserver"} 1 13959.0 0.0 13959 2437 9432.666666666666 15
stats: {cpu,"os_mon@myserver"} 1 25.48872180451128 0.0 25.544703230653642 1.885369532428356 22.914976764056895 16
stats: session 1529 50031.25571503027 33973.009649261134 122610.17700195313 10.85498046875 20875.741954363984 23583
stats: users_count 3892 50458
stats: finish_users_count 1529 25112
stats: error_unknown 0 8
stats: request 15388 2668.387056640757 7480.439907806308 123671.8720703125 0.35595703125 1877.8325322719536 239624
stats: page 1568 28353.5138987327 11487.754985620679 74505.7451171875 9.0869140625 18195.835840975178 23477
stats: connect 1616 6682.898321926008 8881.418672696384 31097.843994140625 0.39404296875 4277.497817454362 26819
stats: 200 15367 254897
stats: size_rcv 1851086 31608352
stats: newphase 5 88
stats: size_sent 2047309 34253149
stats: connected 28 3044
stats: error_connect_etimedout 1978 9959
# stats: dump at 1338911920
stats: users 26840 26888
stats: {load,"os_mon@test2"} 1 0.671875 0.0 0.828125 0.421875 0.6222426470588235 17
stats: {recvpackets,"os_mon@test3"} 1 18603.0 0.0 18603 3469 13253.5 16
stats: {sentpackets,"os_mon@test3"} 1 14641.0 0.0 14641 2351 9673.3125 16
stats: {freemem,"os_mon@test2"} 1 947.07421875 0.0 1513.84375 947.07421875 1320.3490349264705 17
stats: {load,"os_mon@test4"} 1 0.48046875 0.0 0.5703125 0.3203125 0.44094669117647056 17
stats: {cpu,"os_mon@test3"} 1 31.874356333676623 0.0 35.691987513007284 2.3138832997987926 26.33233343657572 17
stats: {freemem,"os_mon@test4"} 1 874.50390625 0.0 1441.7578125 874.50390625 1249.8141084558824 17
stats: {freemem,"os_mon@myserver"} 1 1140.0234375 0.0 1187.046875 1140.0234375 1149.1925551470588 17
stats: {recvpackets,"os_mon@test2"} 1 18634.0 0.0 18634 3498 13252.75 16
stats: {sentpackets,"os_mon@test2"} 1 14667.0 0.0 14667 2368 9672.9375 16
stats: {load,"os_mon@test3"} 1 0.328125 0.0 0.671875 0.3203125 0.4515165441176471 17
stats: {cpu,"os_mon@test2"} 1 36.90538421327758 0.0 37.83082511676181 2.103154732098147 25.507914688379667 17
stats: {recvpackets,"os_mon@test4"} 1 18556.0 0.0 18556 3467 13252.125 16
stats: {sentpackets,"os_mon@test4"} 1 14595.0 0.0 14595 2350 9672.4375 16
stats: {freemem,"os_mon@test3"} 1 897.51171875 0.0 1495.49609375 897.51171875 1271.3671875 17
stats: {cpu,"os_mon@test4"} 1 32.572614107883815 0.0 35.054207537429015 2.2022022022022023 23.61120411471997 17
stats: {load,"os_mon@myserver"} 1 1.03125 0.0 1.23828125 1.03125 1.1034007352941178 17
stats: {recvpackets,"os_mon@myserver"} 1 18161.0 0.0 18525 3603 13300.5625 16
stats: {sentpackets,"os_mon@myserver"} 1 14214.0 0.0 14214 2437 9715.5625 16
stats: {cpu,"os_mon@myserver"} 1 25.519139354515886 0.0 25.544703230653642 1.885369532428356 23.066373531142446 17
stats: session 1582 49400.89284201914 35173.258878974804 137183.587890625 10.85498046875 22650.94028743418 25112
stats: users_count 3076 53534
stats: finish_users_count 1582 26694
stats: request 15523 2633.15025646798 7202.22317382507 123671.8720703125 0.35595703125 1925.5363776634924 255012
stats: page 1568 23489.449444829188 9261.089898648037 109122.3349609375 9.0869140625 18831.78070799709 25045
stats: connect 1705 7569.901268815292 9346.354320089407 31107.044921875 0.39404296875 4414.200023018849 28435
stats: error_unknown 0 8
stats: 200 15515 270412
stats: size_rcv 1865828 33474180
stats: newphase 5 93
stats: size_sent 2069189 36322338
stats: connected 129 3173
stats: error_connect_etimedout 2116 12075
# stats: dump at 1338911930
stats: users 29690 29753
stats: {load,"os_mon@test2"} 1 0.71875 0.0 0.828125 0.421875 0.625 18
stats: {recvpackets,"os_mon@test3"} 1 18766.0 0.0 18766 3469 13568.176470588236 17
stats: {sentpackets,"os_mon@test3"} 1 14651.0 0.0 14651 2351 9965.529411764706 17
stats: {freemem,"os_mon@test2"} 1 864.9453125 0.0 1513.84375 864.9453125 1299.611545138889 18
stats: {load,"os_mon@test4"} 1 0.55859375 0.0 0.5703125 0.3203125 0.4431423611111111 18
stats: {cpu,"os_mon@test3"} 1 28.084667010841507 0.0 35.691987513007284 2.3138832997987926 26.64022359752577 18
stats: {freemem,"os_mon@test4"} 1 842.7109375 0.0 1441.7578125 842.7109375 1228.9635416666667 18
stats: {freemem,"os_mon@myserver"} 1 1140.046875 0.0 1187.046875 1140.0234375 1148.6831597222222 18
stats: {recvpackets,"os_mon@test2"} 1 18746.0 0.0 18746 3498 13569.29411764706 17
stats: {sentpackets,"os_mon@test2"} 1 14633.0 0.0 14667 2368 9966.70588235294 17
stats: {load,"os_mon@test3"} 1 0.44140625 0.0 0.671875 0.3203125 0.4446614583333333 18
stats: {cpu,"os_mon@test2"} 1 44.79708636836629 0.0 44.79708636836629 2.103154732098147 26.141107439762884 18
stats: {recvpackets,"os_mon@test4"} 1 18802.0 0.0 18802 3467 13564.117647058823 17
stats: {sentpackets,"os_mon@test4"} 1 14679.0 0.0 14679 2350 9962.0 17
stats: {freemem,"os_mon@test3"} 1 860.81640625 0.0 1495.49609375 860.81640625 1250.597439236111 18
stats: {cpu,"os_mon@test4"} 1 29.76066597294485 0.0 35.054207537429015 2.2022022022022023 24.109060225451294 18
stats: {load,"os_mon@myserver"} 1 1.01953125 0.0 1.23828125 1.01953125 1.0993923611111112 18
stats: {recvpackets,"os_mon@myserver"} 1 18941.0 0.0 18941 3603 13586.470588235294 17
stats: {sentpackets,"os_mon@myserver"} 1 14874.0 0.0 14874 2437 9980.176470588236 17
stats: {cpu,"os_mon@myserver"} 1 25.413533834586467 0.0 25.544703230653642 1.885369532428356 23.202638299107637 18
stats: session 1454 48188.54876280821 33894.23709839382 138077.26489257813 10.85498046875 24236.256273848856 26694
stats: users_count 4304 57838
stats: finish_users_count 1454 28148
stats: request 15453 2644.8284474084385 7187.819437150759 139726.47705078125 0.35595703125 1966.1384817930211 270535
stats: page 1511 26092.95330176364 10290.337840423696 115979.22119140625 9.0869140625 19106.203906409624 26613
stats: connect 1662 7434.810962295986 9771.867334162891 31107.044921875 0.39404296875 4592.715969405143 30140
stats: error_unknown 0 8
stats: 200 15445 285857
stats: size_rcv 1885384 35359564
stats: newphase 5 98
stats: size_sent 2070979 38393317
stats: connected 74 3247
stats: error_connect_etimedout 2415 14490
# stats: dump at 1338911940
stats: users 31662 31662
stats: {load,"os_mon@test2"} 1 0.609375 0.0 0.828125 0.421875 0.6299342105263158 19
stats: {recvpackets,"os_mon@test3"} 1 2.27e4 0.0 22700 3469 13856.944444444445 18
stats: {sentpackets,"os_mon@test3"} 1 17867.0 0.0 17867 2351 10225.833333333334 18
stats: {freemem,"os_mon@test2"} 1 803.87109375 0.0 1513.84375 803.87109375 1276.734375 19
stats: {load,"os_mon@test4"} 1 0.55078125 0.0 0.5703125 0.3203125 0.44921875 19
stats: {cpu,"os_mon@test3"} 1 37.738771295818275 0.0 37.738771295818275 2.3138832997987926 26.716246935068703 19
stats: {freemem,"os_mon@test4"} 1 779.66015625 0.0 1441.7578125 779.66015625 1208.634457236842 19
stats: {freemem,"os_mon@myserver"} 1 1139.953125 0.0 1187.046875 1139.953125 1148.2286184210527 19
stats: {recvpackets,"os_mon@test2"} 1 22705.0 0.0 22705 3498 13856.888888888889 18
stats: {sentpackets,"os_mon@test2"} 1 17871.0 0.0 17871 2368 10225.944444444445 18
stats: {load,"os_mon@test3"} 1 0.44140625 0.0 0.671875 0.3203125 0.44449013157894735 19
stats: {cpu,"os_mon@test2"} 1 43.25025960539979 0.0 44.79708636836629 2.103154732098147 27.123001067584116 19
stats: {recvpackets,"os_mon@test4"} 1 22687.0 0.0 22687 3467 13855.111111111111 18
stats: {sentpackets,"os_mon@test4"} 1 17860.0 0.0 17860 2350 10224.055555555555 18
stats: {freemem,"os_mon@test3"} 1 795.36328125 0.0 1495.49609375 795.36328125 1230.0826480263158 19
stats: {cpu,"os_mon@test4"} 1 34.40803382663848 0.0 35.054207537429015 2.2022022022022023 24.4065131595299 19
stats: {load,"os_mon@myserver"} 1 1.08984375 0.0 1.23828125 1.01953125 1.095189144736842 19
stats: {recvpackets,"os_mon@myserver"} 1 22417.0 0.0 22417 3603 13883.944444444445 18
stats: {sentpackets,"os_mon@myserver"} 1 17567.0 0.0 17567 2437 10252.055555555555 18
stats: {cpu,"os_mon@myserver"} 1 25.5079006772009 0.0 25.544703230653642 1.885369532428356 23.319001222027577 19
stats: session 1456 56027.75454477163 35790.92694254828 156226.77197265625 10.85498046875 25473.524757540305 28148
stats: users_count 3428 61266
stats: finish_users_count 1456 29604
stats: request 14993 2892.394032579786 7750.269984012499 139726.47705078125 0.35595703125 2002.8106360045792 285988
stats: page 1460 29521.24029357075 15149.531432147074 156225.5361328125 9.0869140625 19481.57648272807 28124
stats: connect 1866 10339.71890281685 11738.896491907564 31107.044921875 0.39404296875 4741.246309578233 31802
stats: error_unknown 0 8
stats: 200 14950 300807
stats: size_rcv 1795239 37154803
stats: newphase 4 102
stats: size_sent 2001104 40394421
stats: connected 157 3404
stats: error_connect_etimedout 3775 18265
stats: error_abort 1 1
EndMonitor:{1338,911940,665507}
