# stats: dump at 1338995321
stats: users 0 0
stats: {load,"os_mon@test2"} 1 0.7890625 0 0.7890625 0.7890625 0 0
stats: {freemem,"os_mon@test2"} 1 1383.0078125 0 1383.0078125 1383.0078125 0 0
stats: {cpu,"os_mon@test2"} 1 13.609447484794709 0 13.609447484794709 13.609447484794709 0 0
# stats: dump at 1338995331
stats: users 1 11
stats: {load,"os_mon@test2"} 1 0.75 0.0 0.7890625 0.75 0.7890625 1
stats: {freemem,"os_mon@test2"} 1 1388.69921875 0.0 1388.69921875 1383.0078125 1383.0078125 1
stats: {load,"os_mon@test4"} 1 0.78125 0 0.78125 0.78125 0 0
stats: {cpu,"os_mon@test3"} 1 2.680829539706626 0 2.680829539706626 2.680829539706626 0 0
stats: {freemem,"os_mon@test4"} 1 1544.29296875 0 1544.29296875 1544.29296875 0 0
stats: {freemem,"os_mon@myserver"} 1 1240.07421875 0 1240.07421875 1240.07421875 0 0
stats: {recvpackets,"os_mon@test2"} 1 1080 0 1080 1080 0 0
stats: {sentpackets,"os_mon@test2"} 1 778 0 778 778 0 0
stats: {cpu,"os_mon@test2"} 1 5.666486778197517 0.0 13.609447484794709 5.666486778197517 13.609447484794709 1
stats: {load,"os_mon@test3"} 1 0.828125 0 0.828125 0.828125 0 0
stats: {freemem,"os_mon@test3"} 1 1367.91796875 0 1367.91796875 1367.91796875 0 0
stats: {cpu,"os_mon@test4"} 1 2.6646556058320763 0 2.6646556058320763 2.6646556058320763 0 0
stats: {load,"os_mon@myserver"} 1 0.87109375 0 0.87109375 0.87109375 0 0
stats: {cpu,"os_mon@myserver"} 1 2.8485001260398284 0 2.8485001260398284 2.8485001260398284 0 0
stats: session 862 22.523637740628633 31.550063864920034 350.68310546875 10.2080078125 0 0
stats: users_count 863 863
stats: finish_users_count 862 862
stats: 200 8519 8519
stats: request 8517 1.763829963005973 5.127276987439052 236.072998046875 0.308837890625 0 0
stats: page 851 18.969014509584298 27.206261618545415 334.055908203125 8.898193359375 0 0
stats: connect 854 1.9587571012331668 3.9661386345870224 48.777099609375 0.548828125 0 0
stats: size_rcv 1302021 1302021
stats: size_sent 1129376 1129376
stats: connected 3 3
# stats: dump at 1338995341
stats: users 1 19
stats: {load,"os_mon@test2"} 1 0.7890625 0.0 0.7890625 0.75 0.76953125 2
stats: {freemem,"os_mon@test2"} 1 1393.21484375 0.0 1393.21484375 1383.0078125 1385.853515625 2
stats: {recvpackets,"os_mon@test3"} 1 4730 0 4730 4730 0 0
stats: {sentpackets,"os_mon@test3"} 1 3171 0 3171 3171 0 0
stats: {load,"os_mon@test4"} 1 0.66015625 0.0 0.78125 0.66015625 0.78125 1
stats: {cpu,"os_mon@test3"} 1 8.307533539731683 0.0 8.307533539731683 2.680829539706626 2.680829539706626 1
stats: {freemem,"os_mon@test4"} 1 1554.578125 0.0 1554.578125 1544.29296875 1544.29296875 1
stats: {freemem,"os_mon@myserver"} 1 1240.73828125 0.0 1240.73828125 1240.07421875 1240.07421875 1
stats: {recvpackets,"os_mon@test2"} 1 5080.0 0.0 5080 1080 1080.0 1
stats: {sentpackets,"os_mon@test2"} 1 3419.0 0.0 3419 778 778.0 1
stats: {cpu,"os_mon@test2"} 1 19.672131147540984 0.0 19.672131147540984 5.666486778197517 9.637967131496113 2
stats: {load,"os_mon@test3"} 1 0.78125 0.0 0.828125 0.78125 0.828125 1
stats: {recvpackets,"os_mon@test4"} 1 4731 0 4731 4731 0 0
stats: {sentpackets,"os_mon@test4"} 1 3169 0 3169 3169 0 0
stats: {freemem,"os_mon@test3"} 1 1377.48046875 0.0 1377.48046875 1367.91796875 1367.91796875 1
stats: {cpu,"os_mon@test4"} 1 7.9470198675496695 0.0 7.9470198675496695 2.6646556058320763 2.6646556058320763 1
stats: {load,"os_mon@myserver"} 1 0.80859375 0.0 0.87109375 0.80859375 0.87109375 1
stats: {recvpackets,"os_mon@myserver"} 1 4781 0 4781 4781 0 0
stats: {sentpackets,"os_mon@myserver"} 1 3208 0 3208 3208 0 0
stats: {cpu,"os_mon@myserver"} 1 27.91108865875221 0.0 27.91108865875221 2.8485001260398284 2.8485001260398284 1
stats: session 1822 20.718984760908352 37.22148165860103 1032.535888671875 10.2080078125 22.523637740628633 862
stats: users_count 1822 2685
stats: finish_users_count 1822 2684
stats: request 18233 1.8188910801542868 11.367646046672988 1013.22802734375 0.302978515625 1.763829963005973 8517
stats: page 1824 19.09613585890382 38.135409414125384 1030.137939453125 8.898193359375 18.969014509584298 851
stats: connect 1821 2.6241750701451796 33.31482594655524 1011.49609375 0.501953125 1.9587571012331668 854
stats: 200 18231 26750
stats: size_rcv 2751141 4053162
stats: newphase 6 6
stats: size_sent 2422634 3552010
stats: connected -3 0
# stats: dump at 1338995351
stats: users 9 30
stats: {load,"os_mon@test2"} 1 0.828125 0.0 0.828125 0.75 0.7760416666666666 3
stats: {freemem,"os_mon@test2"} 1 1396.8515625 0.0 1396.8515625 1383.0078125 1388.3072916666667 3
stats: {recvpackets,"os_mon@test3"} 1 8589.0 0.0 8589 4730 4730.0 1
stats: {sentpackets,"os_mon@test3"} 1 5758.0 0.0 5758 3171 3171.0 1
stats: {load,"os_mon@test4"} 1 0.640625 0.0 0.78125 0.640625 0.720703125 2
stats: {cpu,"os_mon@test3"} 1 18.414322250639387 0.0 18.414322250639387 2.680829539706626 5.494181539719154 2
stats: {freemem,"os_mon@test4"} 1 1559.125 0.0 1559.125 1544.29296875 1549.435546875 2
stats: {freemem,"os_mon@myserver"} 1 1240.1328125 0.0 1240.73828125 1240.07421875 1240.40625 2
stats: {recvpackets,"os_mon@test2"} 1 8950.0 0.0 8950 1080 3080.0 2
stats: {sentpackets,"os_mon@test2"} 1 5972.0 0.0 5972 778 2098.5 2
stats: {cpu,"os_mon@test2"} 1 31.510416666666668 0.0 31.510416666666668 5.666486778197517 12.982688470177736 3
stats: {load,"os_mon@test3"} 1 0.73828125 0.0 0.828125 0.73828125 0.8046875 2
stats: {recvpackets,"os_mon@test4"} 1 8564.0 0.0 8564 4731 4731.0 1
stats: {sentpackets,"os_mon@test4"} 1 5745.0 0.0 5745 3169 3169.0 1
stats: {freemem,"os_mon@test3"} 1 1383.6171875 0.0 1383.6171875 1367.91796875 1372.69921875 2
stats: {cpu,"os_mon@test4"} 1 15.444214876033058 0.0 15.444214876033058 2.6646556058320763 5.305837736690873 2
stats: {load,"os_mon@myserver"} 1 0.91015625 0.0 0.91015625 0.80859375 0.83984375 2
stats: {recvpackets,"os_mon@myserver"} 1 8703.0 0.0 8703 4781 4781.0 1
stats: {sentpackets,"os_mon@myserver"} 1 5828.0 0.0 5828 3208 3208.0 1
stats: {cpu,"os_mon@myserver"} 1 34.97390007457122 0.0 34.97390007457122 2.8485001260398284 15.379794392396018 2
stats: session 2781 32.50417225003362 187.1557674430701 5371.35400390625 10.2080078125 21.2985715226516 2684
stats: users_count 2789 5474
stats: finish_users_count 2781 5465
stats: request 27698 2.8032451417267383 49.69717542266902 4327.531005859375 0.1630859375 1.8013600321261676 26750
stats: page 2768 28.797573817258627 157.75664506525936 4366.817138671875 8.898193359375 19.0556946371203 2675
stats: connect 2777 1.5848359220269195 18.97380683750109 1011.49609375 0.4609375 2.411738828855139 2675
stats: 200 27694 54444
stats: size_rcv 4121191 8174353
stats: newphase 6 12
stats: size_sent 3674768 7226778
stats: connected 6 6
# stats: dump at 1338995361
stats: users 9 30
stats: {load,"os_mon@test2"} 1 0.9296875 0.0 0.9296875 0.75 0.7890625 4
stats: {freemem,"os_mon@test2"} 1 1403.11328125 0.0 1403.11328125 1383.0078125 1390.443359375 4
stats: {recvpackets,"os_mon@test3"} 1 12474.0 0.0 12474 4730 6659.5 2
stats: {sentpackets,"os_mon@test3"} 1 8236.0 0.0 8236 3171 4464.5 2
stats: {load,"os_mon@test4"} 1 0.609375 0.0 0.78125 0.609375 0.6940104166666666 3
stats: {cpu,"os_mon@test3"} 1 24.679322729604923 0.0 24.679322729604923 2.680829539706626 9.800895110025898 3
stats: {freemem,"os_mon@test4"} 1 1562.33984375 0.0 1562.33984375 1544.29296875 1552.6653645833333 3
stats: {freemem,"os_mon@myserver"} 1 1241.390625 0.0 1241.390625 1240.07421875 1240.3151041666667 3
stats: {recvpackets,"os_mon@test2"} 1 12973.0 0.0 12973 1080 5036.666666666667 3
stats: {sentpackets,"os_mon@test2"} 1 8563.0 0.0 8563 778 3389.6666666666665 3
stats: {cpu,"os_mon@test2"} 1 34.419551934826885 0.0 34.419551934826885 5.666486778197517 17.61462051929997 4
stats: {load,"os_mon@test3"} 1 0.69921875 0.0 0.828125 0.69921875 0.7825520833333334 3
stats: {recvpackets,"os_mon@test4"} 1 12469.0 0.0 12469 4731 6647.5 2
stats: {sentpackets,"os_mon@test4"} 1 8235.0 0.0 8235 3169 4457.0 2
stats: {freemem,"os_mon@test3"} 1 1391.88671875 0.0 1391.88671875 1367.91796875 1376.3385416666667 3
stats: {cpu,"os_mon@test4"} 1 23.514077163712198 0.0 23.514077163712198 2.6646556058320763 8.685296783138268 3
stats: {load,"os_mon@myserver"} 1 0.98828125 0.0 0.98828125 0.80859375 0.86328125 3
stats: {recvpackets,"os_mon@myserver"} 1 13050.0 0.0 13050 4781 6742.0 2
stats: {sentpackets,"os_mon@myserver"} 1 8604.0 0.0 8604 3208 4518.0 2
stats: {cpu,"os_mon@myserver"} 1 48.929440389294406 0.0 48.929440389294406 2.8485001260398284 21.91116295312109 3
stats: session 3682 29.91763622277714 334.07718574581196 14622.833984375 10.2080078125 27.00081774824161 5465
stats: users_count 3682 9156
stats: finish_users_count 3682 9147
stats: request 36816 2.8967010948980048 109.2090874660489 14609.2099609375 0.161865234375 2.3110245517727406 54448
stats: page 3680 29.667932460619088 345.55847051248696 14620.473876953125 8.879150390625 24.009859908225 5443
stats: connect 3685 1.0446689227866288 0.3956079736680024 1011.49609375 0.399169921875 1.9905522235246242 5452
stats: 200 36811 91255
stats: size_rcv 5439917 13614270
stats: newphase 6 18
stats: size_sent 4885525 12112303
stats: connected 0 6
# stats: dump at 1338995371
stats: users 24 56
stats: {load,"os_mon@test2"} 1 0.87109375 0.0 0.9296875 0.75 0.8171875 5
stats: {freemem,"os_mon@test2"} 1 1408.35546875 0.0 1408.35546875 1383.0078125 1392.97734375 5
stats: {recvpackets,"os_mon@test3"} 1 16334.0 0.0 16334 4730 8597.666666666666 3
stats: {sentpackets,"os_mon@test3"} 1 10697.0 0.0 10697 3171 5721.666666666667 3
stats: {load,"os_mon@test4"} 1 0.51953125 0.0 0.78125 0.51953125 0.6728515625 4
stats: {cpu,"os_mon@test3"} 1 33.523021210553544 0.0 33.523021210553544 2.680829539706626 13.520502014920655 4
stats: {freemem,"os_mon@test4"} 1 1564.109375 0.0 1564.109375 1544.29296875 1555.083984375 4
stats: {freemem,"os_mon@myserver"} 1 1242.375 0.0 1242.375 1240.07421875 1240.583984375 4
stats: {recvpackets,"os_mon@test2"} 1 1.67e4 0.0 16700 1080 7020.75 4
stats: {sentpackets,"os_mon@test2"} 1 10939.0 0.0 10939 778 4683.0 4
stats: {cpu,"os_mon@test2"} 1 39.553752535496955 0.0 39.553752535496955 5.666486778197517 20.975606802405352 5
stats: {load,"os_mon@test3"} 1 0.58984375 0.0 0.828125 0.58984375 0.76171875 4
stats: {recvpackets,"os_mon@test4"} 1 16326.0 0.0 16326 4731 8588.0 3
stats: {sentpackets,"os_mon@test4"} 1 10693.0 0.0 10693 3169 5716.333333333333 3
stats: {freemem,"os_mon@test3"} 1 1398.03515625 0.0 1398.03515625 1367.91796875 1380.2255859375 4
stats: {cpu,"os_mon@test4"} 1 30.539549502357254 0.0 30.539549502357254 2.6646556058320763 12.39249187828175 4
stats: {load,"os_mon@myserver"} 1 1.30078125 0.0 1.30078125 0.80859375 0.89453125 4
stats: {recvpackets,"os_mon@myserver"} 1 16502.0 0.0 16502 4781 8844.666666666666 3
stats: {sentpackets,"os_mon@myserver"} 1 10810.0 0.0 10810 3208 5880.0 3
stats: {cpu,"os_mon@myserver"} 1 61.09725685785536 0.0 61.09725685785536 2.8485001260398284 28.665732312164415 4
stats: session 4709 36.00331930669659 80.08626985816703 14622.833984375 10.2080078125 28.174943212682393 9147
stats: users_count 4724 13880
stats: finish_users_count 4709 13856
stats: request 46205 3.362341716771735 24.994435429219305 14609.2099609375 0.10205078125 2.5472871264100534 91264
stats: page 4618 34.362241141152786 80.83104746454184 14620.473876953125 8.879150390625 26.292191048508926 9123
stats: connect 4628 2.1798528277266076 32.77396732206427 1011.49609375 0.399169921875 1.6090725296185815 9137
stats: 200 46203 137458
stats: size_rcv 6868948 20483218
stats: newphase 6 24
stats: size_sent 6133079 18245382
stats: connected 8 14
# stats: dump at 1338995381
stats: users 637 657
stats: {load,"os_mon@test2"} 1 0.890625 0.0 0.9296875 0.75 0.826171875 6
stats: {freemem,"os_mon@test2"} 1 1411.703125 0.0 1411.703125 1383.0078125 1395.5403645833333 6
stats: {recvpackets,"os_mon@test3"} 1 20179.0 0.0 20179 4730 10531.75 4
stats: {sentpackets,"os_mon@test3"} 1 13210.0 0.0 13210 3171 6965.5 4
stats: {load,"os_mon@test4"} 1 0.51171875 0.0 0.78125 0.51171875 0.6421875 5
stats: {cpu,"os_mon@test3"} 1 41.59836065573771 0.0 41.59836065573771 2.680829539706626 17.521005854047235 5
stats: {freemem,"os_mon@test4"} 1 1568.6953125 0.0 1568.6953125 1544.29296875 1556.8890625 5
stats: {freemem,"os_mon@myserver"} 1 1243.421875 0.0 1243.421875 1240.07421875 1240.9421875 5
stats: {recvpackets,"os_mon@test2"} 1 20447.0 0.0 20447 1080 8956.6 5
stats: {sentpackets,"os_mon@test2"} 1 13392.0 0.0 13392 778 5934.2 5
stats: {cpu,"os_mon@test2"} 1 47.493670886075954 0.0 47.493670886075954 5.666486778197517 24.071964424587282 6
stats: {load,"os_mon@test3"} 1 0.6484375 0.0 0.828125 0.58984375 0.72734375 5
stats: {recvpackets,"os_mon@test4"} 1 20147.0 0.0 20147 4731 10522.5 4
stats: {sentpackets,"os_mon@test4"} 1 13187.0 0.0 13187 3169 6960.5 4
stats: {freemem,"os_mon@test3"} 1 1402.3984375 0.0 1402.3984375 1367.91796875 1383.7875 5
stats: {cpu,"os_mon@test4"} 1 39.20750782064651 0.0 39.20750782064651 2.6646556058320763 16.02190340309685 5
stats: {load,"os_mon@myserver"} 1 1.3984375 0.0 1.3984375 0.80859375 0.97578125 5
stats: {recvpackets,"os_mon@myserver"} 1 20345.0 0.0 20345 4781 10759.0 4
stats: {sentpackets,"os_mon@myserver"} 1 13316.0 0.0 13316 3208 7112.5 4
stats: {cpu,"os_mon@myserver"} 1 71.13169754631949 0.0 71.13169754631949 2.8485001260398284 35.152037221302606 5
stats: session 4914 404.5703549786805 365.2834047234289 14622.833984375 10.2080078125 30.835438523501736 13856
stats: users_count 5527 19407
stats: finish_users_count 4914 18770
stats: request 51146 42.53743534612468 66.95818629884603 14609.2099609375 0.10205078125 2.821236870335313 137469
stats: page 4847 368.67124820281856 344.1976040824529 14620.473876953125 8.879150390625 29.004329271915473 13741
stats: connect 5455 7.722522028600476 77.3930491198934 1011.49609375 0.399169921875 1.8009774493166524 13765
stats: 200 51153 188611
stats: size_rcv 7512856 27996074
stats: newphase 6 30
stats: size_sent 6867761 25113143
stats: connected 608 622
# stats: dump at 1338995391
stats: users 2225 2231
stats: {load,"os_mon@test2"} 1 0.828125 0.0 0.9296875 0.75 0.8353794642857143 7
stats: {freemem,"os_mon@test2"} 1 1401.91015625 0.0 1411.703125 1383.0078125 1397.849330357143 7
stats: {recvpackets,"os_mon@test3"} 1 22943.0 0.0 22943 4730 12461.2 5
stats: {sentpackets,"os_mon@test3"} 1 14879.0 0.0 14879 3171 8214.4 5
stats: {load,"os_mon@test4"} 1 0.66015625 0.0 0.78125 0.51171875 0.6204427083333334 6
stats: {cpu,"os_mon@test3"} 1 49.68814968814969 0.0 49.68814968814969 2.680829539706626 21.533898320995647 6
stats: {freemem,"os_mon@test4"} 1 1562.6796875 0.0 1568.6953125 1544.29296875 1558.8567708333333 6
stats: {freemem,"os_mon@myserver"} 1 1229.8046875 0.0 1243.421875 1229.8046875 1241.35546875 6
stats: {recvpackets,"os_mon@test2"} 1 23075.0 0.0 23075 1080 10871.666666666666 6
stats: {sentpackets,"os_mon@test2"} 1 14949.0 0.0 14949 778 7177.166666666667 6
stats: {cpu,"os_mon@test2"} 1 53.915662650602414 0.0 53.915662650602414 5.666486778197517 27.417922490514236 7
stats: {load,"os_mon@test3"} 1 0.62890625 0.0 0.828125 0.58984375 0.7141927083333334 6
stats: {recvpackets,"os_mon@test4"} 1 22932.0 0.0 22932 4731 12447.4 5
stats: {sentpackets,"os_mon@test4"} 1 14874.0 0.0 14874 3169 8205.8 5
stats: {freemem,"os_mon@test3"} 1 1396.84375 0.0 1402.3984375 1367.91796875 1386.8893229166667 6
stats: {cpu,"os_mon@test4"} 1 45.3882230328296 0.0 45.3882230328296 2.6646556058320763 19.88617080602179 6
stats: {load,"os_mon@myserver"} 1 1.640625 0.0 1.640625 0.80859375 1.0462239583333333 6
stats: {recvpackets,"os_mon@myserver"} 1 23137.0 0.0 23137 4781 12676.2 5
stats: {sentpackets,"os_mon@myserver"} 1 1.5e4 0.0 15000 3208 8353.2 5
stats: {cpu,"os_mon@myserver"} 1 75.68426197458456 0.0 75.68426197458456 2.8485001260398284 41.14864727547209 6
stats: session 4717 2150.6258068493103 1082.248637913718 14622.833984375 10.2080078125 128.6795184095299 18770
stats: users_count 6305 25712
stats: finish_users_count 4717 23487
stats: request 52107 235.08405314687502 361.2896679204307 14609.2099609375 0.10205078125 13.590924791458887 188615
stats: page 4725 2084.7666045076885 1062.5991339293507 14620.473876953125 8.879150390625 117.57574933099055 18588
stats: connect 5995 289.05908496338117 601.9086334236888 4261.97509765625 0.399169921875 3.4816239467148447 19220
stats: 200 52481 241092
stats: size_rcv 6099008 34095082
stats: newphase 6 36
stats: size_sent 7060438 32173581
stats: connected 1153 1775
# stats: dump at 1338995401
stats: users 3854 4582
stats: {load,"os_mon@test2"} 1 0.859375 0.0 0.9296875 0.75 0.83447265625 8
stats: {freemem,"os_mon@test2"} 1 1383.0390625 0.0 1411.703125 1383.0078125 1398.35693359375 8
stats: {recvpackets,"os_mon@test3"} 1 25010.0 0.0 25010 4730 14208.166666666666 6
stats: {sentpackets,"os_mon@test3"} 1 16446.0 0.0 16446 3171 9325.166666666666 6
stats: {load,"os_mon@test4"} 1 0.55859375 0.0 0.78125 0.51171875 0.6261160714285714 7
stats: {cpu,"os_mon@test3"} 1 50.36610878661087 0.0 50.36610878661087 2.680829539706626 25.555934230589084 7
stats: {freemem,"os_mon@test4"} 1 1543.875 0.0 1568.6953125 1543.875 1559.4029017857142 7
stats: {freemem,"os_mon@myserver"} 1 1197.48046875 0.0 1243.421875 1197.48046875 1239.705357142857 7
stats: {recvpackets,"os_mon@test2"} 1 25280.0 0.0 25280 1080 12615.0 7
stats: {sentpackets,"os_mon@test2"} 1 16660.0 0.0 16660 778 8287.42857142857 7
stats: {cpu,"os_mon@test2"} 1 56.20437956204379 0.0 56.20437956204379 5.666486778197517 30.73014001052526 8
stats: {load,"os_mon@test3"} 1 0.69921875 0.0 0.828125 0.58984375 0.7020089285714286 7
stats: {recvpackets,"os_mon@test4"} 1 25015.0 0.0 25015 4731 14194.833333333334 6
stats: {sentpackets,"os_mon@test4"} 1 16446.0 0.0 16446 3169 9317.166666666666 6
stats: {freemem,"os_mon@test3"} 1 1378.125 0.0 1402.3984375 1367.91796875 1388.3113839285713 7
stats: {cpu,"os_mon@test4"} 1 48.40764331210191 0.0 48.40764331210191 2.6646556058320763 23.52932112413719 7
stats: {load,"os_mon@myserver"} 1 1.9296875 0.0 1.9296875 0.80859375 1.1311383928571428 7
stats: {recvpackets,"os_mon@myserver"} 1 28452.0 0.0 28452 4781 14419.666666666666 6
stats: {sentpackets,"os_mon@myserver"} 1 18773.0 0.0 18773 3208 9461.0 6
stats: {cpu,"os_mon@myserver"} 1 92.09495275409081 0.0 92.09495275409081 2.8485001260398284 46.08230651820244 7
stats: session 4554 4298.223717623767 2213.423050549494 15838.531005859375 10.2080078125 534.7560987548461 23487
stats: users_count 6183 31895
stats: finish_users_count 4554 28041
stats: request 52425 510.06476219282746 870.6121810035646 15721.303955078125 0.06298828125 61.53561800278011 240722
stats: page 4513 4183.832218101702 2184.7690354253737 15836.951171875 8.879150390625 516.2793392040184 23313
stats: connect 7565 718.360833453813 1237.671325318515 15206.011962890625 0.399169921875 71.37918011546023 25215
stats: 200 51194 292286
stats: size_rcv 4984569 39079651
stats: newphase 6 42
stats: size_sent 7145279 39318860
stats: connected 1483 3258
# stats: dump at 1338995411
stats: users 2247 4582
stats: {load,"os_mon@test2"} 1 1.0390625 0.0 1.0390625 0.75 0.8372395833333334 9
stats: {freemem,"os_mon@test2"} 1 1339.7265625 0.0 1411.703125 1339.7265625 1396.6549479166667 9
stats: {recvpackets,"os_mon@test3"} 1 23201.0 0.0 25010 4730 15751.285714285714 7
stats: {sentpackets,"os_mon@test3"} 1 15654.0 0.0 16446 3171 10342.42857142857 7
stats: {load,"os_mon@test4"} 1 0.7109375 0.0 0.78125 0.51171875 0.61767578125 8
stats: {cpu,"os_mon@test3"} 1 49.24909373381667 0.0 50.36610878661087 2.680829539706626 28.65720605009181 8
stats: {freemem,"os_mon@test4"} 1 1521.14453125 0.0 1568.6953125 1521.14453125 1557.4619140625 8
stats: {freemem,"os_mon@myserver"} 1 1167.6171875 0.0 1243.421875 1167.6171875 1234.42724609375 8
stats: {recvpackets,"os_mon@test2"} 1 23425.0 0.0 25280 1080 14198.125 8
stats: {sentpackets,"os_mon@test2"} 1 15784.0 0.0 16660 778 9334.0 8
stats: {cpu,"os_mon@test2"} 1 62.51935983479607 0.0 62.51935983479607 5.666486778197517 33.5606110718051 9
stats: {load,"os_mon@test3"} 1 0.80859375 0.0 0.828125 0.58984375 0.70166015625 8
stats: {recvpackets,"os_mon@test4"} 1 23210.0 0.0 25015 4731 15740.57142857143 7
stats: {sentpackets,"os_mon@test4"} 1 15655.0 0.0 16446 3169 10335.57142857143 7
stats: {freemem,"os_mon@test3"} 1 1353.1875 0.0 1402.3984375 1353.1875 1387.0380859375 8
stats: {cpu,"os_mon@test4"} 1 45.82238570677877 0.0 48.40764331210191 2.6646556058320763 26.63911139763278 8
stats: {load,"os_mon@myserver"} 1 2.23828125 0.0 2.23828125 0.80859375 1.23095703125 8
stats: {recvpackets,"os_mon@myserver"} 1 23870.0 0.0 28452 4781 16424.285714285714 7
stats: {sentpackets,"os_mon@myserver"} 1 16087.0 0.0 18773 3208 10791.285714285714 7
stats: {cpu,"os_mon@myserver"} 1 92.15686274509804 0.0 92.15686274509804 2.8485001260398284 51.833887297688484 8
stats: session 6120 5933.536248300592 3768.196116261611 23805.863037109375 10.2080078125 1145.9622446244323 28041
stats: users_count 4513 36408
stats: finish_users_count 6120 34161
stats: request 55409 621.1353719030715 1436.6032450915518 22346.572998046875 0.06298828125 141.7484135768888 293147
stats: page 6208 5909.846965357209 3704.779502678604 23804.52099609375 8.879150390625 1111.1067000343655 27826
stats: connect 7105 1032.0237672358794 2109.8605161392825 22326.544921875 0.399169921875 220.69022976477808 32780
stats: 200 51986 344272
stats: size_rcv 5549918 44629569
stats: newphase 6 48
stats: error_connect_eaddrinuse 1 1
stats: size_sent 7119081 46437941
stats: connected -1684 1574
# stats: dump at 1338995421
stats: users 3578 4789
stats: {load,"os_mon@test2"} 1 1.109375 0.0 1.109375 0.75 0.857421875 10
stats: {freemem,"os_mon@test2"} 1 1305.8671875 0.0 1411.703125 1305.8671875 1390.962109375 10
stats: {recvpackets,"os_mon@test3"} 1 23134.0 0.0 25010 4730 16682.5 8
stats: {sentpackets,"os_mon@test3"} 1 15744.0 0.0 16446 3171 11006.375 8
stats: {load,"os_mon@test4"} 1 0.91015625 0.0 0.91015625 0.51171875 0.6280381944444444 9
stats: {cpu,"os_mon@test3"} 1 47.58230452674897 0.0 50.36610878661087 2.680829539706626 30.94519357050568 9
stats: {freemem,"os_mon@test4"} 1 1520.69140625 0.0 1568.6953125 1520.69140625 1553.4266493055557 9
stats: {freemem,"os_mon@myserver"} 1 1167.3046875 0.0 1243.421875 1167.3046875 1227.00390625 9
stats: {recvpackets,"os_mon@test2"} 1 23117.0 0.0 25280 1080 15223.333333333334 9
stats: {sentpackets,"os_mon@test2"} 1 15777.0 0.0 16660 778 10050.666666666666 9
stats: {cpu,"os_mon@test2"} 1 62.655601659751035 0.0 62.655601659751035 5.666486778197517 36.4564859481042 10
stats: {load,"os_mon@test3"} 1 0.83984375 0.0 0.83984375 0.58984375 0.7135416666666666 9
stats: {recvpackets,"os_mon@test4"} 1 23090.0 0.0 25015 4731 16674.25 8
stats: {sentpackets,"os_mon@test4"} 1 15718.0 0.0 16446 3169 11000.5 8
stats: {freemem,"os_mon@test3"} 1 1353.72265625 0.0 1402.3984375 1353.1875 1383.2769097222222 9
stats: {cpu,"os_mon@test4"} 1 48.767697954902985 0.0 48.767697954902985 2.6646556058320763 28.770586320871228 9
stats: {load,"os_mon@myserver"} 1 2.4296875 0.0 2.4296875 0.80859375 1.3428819444444444 9
stats: {recvpackets,"os_mon@myserver"} 1 27314.0 0.0 28452 4781 17355.0 8
stats: {sentpackets,"os_mon@myserver"} 1 18588.0 0.0 18773 3208 11453.25 8
stats: {cpu,"os_mon@myserver"} 1 90.64699205448355 0.0 92.15686274509804 2.8485001260398284 56.314217902956216 9
stats: session 4789 5501.97649612475 5183.886498759236 32816.27001953125 10.2080078125 2003.6640947604967 34161
stats: users_count 6120 42528
stats: finish_users_count 4789 38950
stats: request 52021 575.2679217925494 1621.7286201948484 31438.453125 0.06298828125 217.9552554441797 348556
stats: page 4803 5441.167230533411 5076.683070247714 32814.89599609375 8.879150390625 1986.4248985160077 34034
stats: connect 8736 697.9616797590428 1905.6681379028446 31083.0869140625 0.399169921875 365.2188691964485 39885
stats: 200 49748 394020
stats: size_rcv 5384704 50014273
stats: newphase 6 54
stats: error_connect_eaddrinuse 0 1
stats: size_sent 7095172 53533113
stats: connected 1462 3036
# stats: dump at 1338995431
stats: users 3660 4789
stats: {load,"os_mon@test2"} 1 1.171875 0.0 1.171875 0.75 0.8803267045454546 11
stats: {freemem,"os_mon@test2"} 1 1270.59765625 0.0 1411.703125 1270.59765625 1383.2262073863637 11
stats: {recvpackets,"os_mon@test3"} 1 23933.0 0.0 25010 4730 17399.333333333332 9
stats: {sentpackets,"os_mon@test3"} 1 16207.0 0.0 16446 3171 11532.777777777777 9
stats: {load,"os_mon@test4"} 1 0.83984375 0.0 0.91015625 0.51171875 0.65625 10
stats: {cpu,"os_mon@test3"} 1 58.24232969318772 0.0 58.24232969318772 2.680829539706626 32.608904666130016 10
stats: {freemem,"os_mon@test4"} 1 1520.28515625 0.0 1568.6953125 1520.28515625 1550.153125 10
stats: {freemem,"os_mon@myserver"} 1 1168.015625 0.0 1243.421875 1167.3046875 1221.033984375 10
stats: {recvpackets,"os_mon@test2"} 1 22429.0 0.0 25280 1080 16012.7 10
stats: {sentpackets,"os_mon@test2"} 1 15205.0 0.0 16660 778 10623.3 10
stats: {cpu,"os_mon@test2"} 1 62.63622210690192 0.0 62.655601659751035 5.666486778197517 38.838223740072095 11
stats: {load,"os_mon@test3"} 1 0.87109375 0.0 0.87109375 0.58984375 0.726171875 10
stats: {recvpackets,"os_mon@test4"} 1 24036.0 0.0 25015 4731 17387.11111111111 9
stats: {sentpackets,"os_mon@test4"} 1 16269.0 0.0 16446 3169 11524.666666666666 9
stats: {freemem,"os_mon@test3"} 1 1323.28515625 0.0 1402.3984375 1323.28515625 1380.321484375 10
stats: {cpu,"os_mon@test4"} 1 42.91799787007455 0.0 48.767697954902985 2.6646556058320763 30.7702974842744 10
stats: {load,"os_mon@myserver"} 1 2.51953125 0.0 2.51953125 0.80859375 1.4515625 10
stats: {recvpackets,"os_mon@myserver"} 1 21414.0 0.0 28452 4781 18461.555555555555 9
stats: {sentpackets,"os_mon@myserver"} 1 14747.0 0.0 18773 3208 12246.0 9
stats: {cpu,"os_mon@myserver"} 1 88.37266470009833 0.0 92.15686274509804 2.8485001260398284 59.74749531810895 10
stats: session 5164 6148.8301380254925 6013.11424597227 40923.722900390625 10.2080078125 2433.790361516168 38950
stats: users_count 5246 47774
stats: finish_users_count 5164 44114
stats: request 53299 617.8860780635065 1823.0222175988813 37311.966064453125 0.06298828125 264.35772542150875 400577
stats: page 5133 6119.795315077888 6038.573858115486 40921.581787109375 8.879150390625 2413.675392134969 38837
stats: connect 8755 489.38928865425135 1648.0689880656369 32372.9658203125 0.399169921875 425.0045830459132 48621
stats: 200 50084 444104
stats: size_rcv 5662505 55676778
stats: newphase 6 60
stats: error_connect_eaddrinuse 0 1
stats: size_sent 7112444 60645557
stats: connected 275 3311
# stats: dump at 1338995441
stats: users 4109 4789
stats: {load,"os_mon@test2"} 1 1.21875 0.0 1.21875 0.75 0.9046223958333334 12
stats: {freemem,"os_mon@test2"} 1 1255.4296875 0.0 1411.703125 1255.4296875 1373.8404947916667 12
stats: {recvpackets,"os_mon@test3"} 1 23388.0 0.0 25010 4730 18052.7 10
stats: {sentpackets,"os_mon@test3"} 1 16474.0 0.0 16474 3171 12000.2 10
stats: {load,"os_mon@test4"} 1 0.78125 0.0 0.91015625 0.51171875 0.6729403409090909 11
stats: {cpu,"os_mon@test3"} 1 65.3765690376569 0.0 65.3765690376569 2.680829539706626 34.93921603222617 11
stats: {freemem,"os_mon@test4"} 1 1521.3984375 0.0 1568.6953125 1520.28515625 1547.4378551136363 11
stats: {freemem,"os_mon@myserver"} 0 0 0 1243.421875 1167.3046875 1216.2141335227273 11
stats: {recvpackets,"os_mon@test2"} 1 24504.0 0.0 25280 1080 16596.0 11
stats: {sentpackets,"os_mon@test2"} 1 17235.0 0.0 17235 778 11039.818181818182 11
stats: {cpu,"os_mon@test2"} 1 63.42351716961498 0.0 63.42351716961498 5.666486778197517 40.82139027064125 12
stats: {load,"os_mon@test3"} 1 1.05859375 0.0 1.05859375 0.58984375 0.7393465909090909 11
stats: {recvpackets,"os_mon@test4"} 1 23307.0 0.0 25015 4731 18052.0 10
stats: {sentpackets,"os_mon@test4"} 1 16423.0 0.0 16446 3169 11999.1 10
stats: {freemem,"os_mon@test3"} 1 1283.10546875 0.0 1402.3984375 1283.10546875 1375.1363636363637 11
stats: {cpu,"os_mon@test4"} 1 37.78825995807128 0.0 48.767697954902985 2.6646556058320763 31.874633882983506 11
stats: {load,"os_mon@myserver"} 0 0 0 2.51953125 0.80859375 1.5486505681818181 11
stats: {recvpackets,"os_mon@myserver"} 0 0 0 28452 4781 18756.8 10
stats: {sentpackets,"os_mon@myserver"} 0 0 0 18773 3208 12496.1 10
stats: {cpu,"os_mon@myserver"} 0 0 0 92.15686274509804 2.8485001260398284 62.34978344374435 11
stats: session 5216 6526.889652837279 6779.153493574392 49517.15185546875 10.2080078125 2868.6741944466244 44114
stats: users_count 5665 53439
stats: finish_users_count 5216 49330
stats: request 53702 638.3129102728132 1900.5848821947993 41155.424072265625 0.06298828125 305.87282572966745 453876
stats: page 5210 6491.789225338518 6728.55669759831 49514.18310546875 8.879150390625 2846.3229601237344 43970
stats: connect 9007 463.05004142828096 1163.9052386169678 34246.920166015625 0.399169921875 434.8290409656183 57376
stats: 200 50296 494400
stats: size_rcv 5654467 61331245
stats: newphase 6 66
stats: error_connect_eaddrinuse 0 1
stats: size_sent 7180199 67825756
stats: connected 428 3739
# stats: dump at 1338995451
stats: users 3470 4917
stats: {load,"os_mon@test2"} 1 1.1015625 0.0 1.21875 0.75 0.9287860576923077 13
stats: {freemem,"os_mon@test2"} 1 1256.8046875 0.0 1411.703125 1255.4296875 1364.7319711538462 13
stats: {recvpackets,"os_mon@test3"} 1 21248.0 0.0 25010 4730 18537.727272727272 11
stats: {sentpackets,"os_mon@test3"} 1 14973.0 0.0 16474 3171 12406.90909090909 11
stats: {load,"os_mon@test4"} 1 0.8203125 0.0 0.91015625 0.51171875 0.6819661458333334 12
stats: {cpu,"os_mon@test3"} 1 65.47987616099071 0.0 65.47987616099071 2.680829539706626 37.47566211601207 12
stats: {freemem,"os_mon@test4"} 1 1507.96484375 0.0 1568.6953125 1507.96484375 1545.2679036458333 12
stats: {freemem,"os_mon@myserver"} 1 1175.68359375 0.0 1243.421875 1167.3046875 1216.2141335227273 11
stats: {recvpackets,"os_mon@test2"} 1 19955.0 0.0 25280 1080 17255.0 12
stats: {sentpackets,"os_mon@test2"} 1 14172.0 0.0 17235 778 11556.083333333334 12
stats: {cpu,"os_mon@test2"} 1 46.51995905834186 0.0 63.42351716961498 5.666486778197517 42.56001541671616 13
stats: {load,"os_mon@test3"} 1 1.421875 0.0 1.421875 0.58984375 0.7659505208333334 12
stats: {recvpackets,"os_mon@test4"} 1 21327.0 0.0 25015 4731 18529.727272727272 11
stats: {sentpackets,"os_mon@test4"} 1 15024.0 0.0 16446 3169 12401.272727272728 11
stats: {freemem,"os_mon@test3"} 1 1245.88671875 0.0 1402.3984375 1245.88671875 1367.4671223958333 12
stats: {cpu,"os_mon@test4"} 1 47.28317659352142 0.0 48.767697954902985 2.6646556058320763 32.36743605590749 12
stats: {load,"os_mon@myserver"} 1 2.6484375 0.0 2.6484375 0.80859375 1.5486505681818181 11
stats: {recvpackets,"os_mon@myserver"} 1 37896.0 0.0 37896 4781 18756.8 10
stats: {sentpackets,"os_mon@myserver"} 1 26810.0 0.0 26810 3208 12496.1 10
stats: {cpu,"os_mon@myserver"} 1 87.13017751479289 0.0 92.15686274509804 2.8485001260398284 62.34978344374435 11
stats: session 5368 6413.724932151834 7206.817141246332 60422.218994140625 10.2080078125 3255.482461849131 49330
stats: users_count 4729 58168
stats: finish_users_count 5368 54698
stats: request 52414 675.561386280157 2044.651744282256 48927.893798828125 0.06298828125 341.04514884086615 507578
stats: page 5384 6363.2394282212 7124.755737549882 60419.238037109375 8.879150390625 3232.514079313833 49180
stats: connect 7519 571.6087137519852 988.8177285998819 34246.920166015625 0.399169921875 438.6581320155438 66383
stats: 200 49256 543656
stats: size_rcv 5400938 66732183
stats: newphase 6 72
stats: error_connect_eaddrinuse 0 1
stats: size_sent 6855977 74681733
stats: connected -701 3038
# stats: dump at 1338995461
stats: users 4351 4917
stats: {load,"os_mon@test2"} 1 1.01171875 0.0 1.21875 0.75 0.9411272321428571 14
stats: {freemem,"os_mon@test2"} 1 1246.4140625 0.0 1411.703125 1246.4140625 1357.0228794642858 14
stats: {recvpackets,"os_mon@test3"} 1 24699.0 0.0 25010 4730 18763.583333333332 12
stats: {sentpackets,"os_mon@test3"} 1 17163.0 0.0 17163 3171 12620.75 12
stats: {load,"os_mon@test4"} 1 0.8515625 0.0 0.91015625 0.51171875 0.6926081730769231 13
stats: {cpu,"os_mon@test3"} 1 65.3125 0.0 65.47987616099071 2.680829539706626 39.62983242716427 13
stats: {freemem,"os_mon@test4"} 1 1471.62109375 0.0 1568.6953125 1471.62109375 1542.3984375 13
stats: {freemem,"os_mon@myserver"} 1 1162.26953125 0.0 1243.421875 1162.26953125 1212.8365885416667 12
stats: {recvpackets,"os_mon@test2"} 1 27113.0 0.0 27113 1080 17462.69230769231 13
stats: {sentpackets,"os_mon@test2"} 1 18725.0 0.0 18725 778 11757.307692307691 13
stats: {cpu,"os_mon@test2"} 1 61.174047373841404 0.0 63.42351716961498 5.666486778197517 42.84286853397514 14
stats: {load,"os_mon@test3"} 1 1.51953125 0.0 1.51953125 0.58984375 0.81640625 13
stats: {recvpackets,"os_mon@test4"} 1 24672.0 0.0 25015 4731 18762.833333333332 12
stats: {sentpackets,"os_mon@test4"} 1 17145.0 0.0 17145 3169 12619.833333333334 12
stats: {freemem,"os_mon@test3"} 1 1207.75390625 0.0 1402.3984375 1207.75390625 1358.1147836538462 13
stats: {cpu,"os_mon@test4"} 1 49.00105152471083 0.0 49.00105152471083 2.6646556058320763 33.51480071264702 13
stats: {load,"os_mon@myserver"} 1 2.7109375 0.0 2.7109375 0.80859375 1.6402994791666667 12
stats: {recvpackets,"os_mon@myserver"} 1 28352.0 0.0 37896 4781 20496.727272727272 11
stats: {sentpackets,"os_mon@myserver"} 1 19551.0 0.0 26810 3208 13797.363636363636 11
stats: {cpu,"os_mon@myserver"} 1 90.15187470336971 0.0 92.15686274509804 2.8485001260398284 64.41481628299839 12
stats: session 5009 6819.263798405071 6687.487284228803 66210.60791015625 10.2080078125 3565.428814194462 54698
stats: users_count 5890 64058
stats: finish_users_count 5009 59707
stats: request 52555 670.9351454725934 1870.1237238886397 61272.468017578125 0.06298828125 372.3551212496559 559992
stats: page 4998 6828.897223440154 6710.366221890337 66208.505859375 8.879150390625 3541.432510486717 54564
stats: connect 8839 574.9198778197585 1160.2897014715 34246.920166015625 0.399169921875 452.18490292940675 73902
stats: 200 49657 593313
stats: size_rcv 5215185 71947368
stats: newphase 6 78
stats: error_connect_eaddrinuse 0 1
stats: size_sent 7082956 81764689
stats: connected 783 3821
stats: error_connect_etimedout 6 6
# stats: dump at 1338995471
stats: users 4136 4917
stats: {load,"os_mon@test2"} 1 1.1484375 0.0 1.21875 0.75 0.9458333333333333 15
stats: {freemem,"os_mon@test2"} 1 1215.28515625 0.0 1411.703125 1215.28515625 1349.6489583333334 15
stats: {recvpackets,"os_mon@test3"} 1 23206.0 0.0 25010 4730 19220.153846153848 13
stats: {sentpackets,"os_mon@test3"} 1 16254.0 0.0 17163 3171 12970.153846153846 13
stats: {load,"os_mon@test4"} 1 0.94140625 0.0 0.94140625 0.51171875 0.7039620535714286 14
stats: {cpu,"os_mon@test3"} 1 66.05934409161894 0.0 66.05934409161894 2.680829539706626 41.46430868236682 14
stats: {freemem,"os_mon@test4"} 1 1443.81640625 0.0 1568.6953125 1443.81640625 1537.3429129464287 14
stats: {freemem,"os_mon@myserver"} 1 1171.08203125 0.0 1243.421875 1162.26953125 1208.9468149038462 13
stats: {recvpackets,"os_mon@test2"} 1 20828.0 0.0 27113 1080 18152.0 14
stats: {sentpackets,"os_mon@test2"} 1 14750.0 0.0 18725 778 12255.0 14
stats: {cpu,"os_mon@test2"} 1 55.12820512820513 0.0 63.42351716961498 5.666486778197517 44.06494712329956 15
stats: {load,"os_mon@test3"} 1 1.37109375 0.0 1.51953125 0.58984375 0.8666294642857143 14
stats: {recvpackets,"os_mon@test4"} 1 23248.0 0.0 25015 4731 19217.384615384617 13
stats: {sentpackets,"os_mon@test4"} 1 16285.0 0.0 17145 3169 12967.923076923076 13
stats: {freemem,"os_mon@test3"} 1 1181.765625 0.0 1402.3984375 1181.765625 1347.374720982143 14
stats: {cpu,"os_mon@test4"} 1 45.37859007832898 0.0 49.00105152471083 2.6646556058320763 34.6209614849373 14
stats: {load,"os_mon@myserver"} 1 2.75 0.0 2.75 0.80859375 1.72265625 13
stats: {recvpackets,"os_mon@myserver"} 1 20747.0 0.0 37896 4781 21151.333333333332 12
stats: {sentpackets,"os_mon@myserver"} 1 14688.0 0.0 26810 3208 14276.833333333334 12
stats: {cpu,"os_mon@myserver"} 1 88.86934673366834 0.0 92.15686274509804 2.8485001260398284 66.39459000764234 13
stats: session 5446 6664.901402288873 7365.841431828784 70938.82495117188 10.2080078125 3838.4028278932064 59707
stats: users_count 5231 69289
stats: finish_users_count 5446 65153
stats: request 53266 635.946745488962 1962.2296511587697 62801.60302734375 0.06298828125 397.9725402771533 612547
stats: page 5463 6665.7333644732125 7380.575641263104 70937.51513671875 8.879150390625 3817.292096050353 59562
stats: connect 7756 606.8790440276586 1350.9905850733883 34246.920166015625 0.399169921875 465.29635242912053 82741
stats: 200 50596 643909
stats: size_rcv 5482049 77429417
stats: newphase 6 84
stats: error_connect_eaddrinuse 0 1
stats: size_sent 7056930 88821619
stats: connected -96 3725
stats: error_connect_etimedout 0 6
# stats: dump at 1338995481
stats: users 4003 4917
stats: {load,"os_mon@test2"} 1 1.05078125 0.0 1.21875 0.75 0.95849609375 16
stats: {freemem,"os_mon@test2"} 1 1187.25 0.0 1411.703125 1187.25 1341.251220703125 16
stats: {recvpackets,"os_mon@test3"} 1 23205.0 0.0 25010 4730 19504.85714285714 14
stats: {sentpackets,"os_mon@test3"} 1 16274.0 0.0 17163 3171 13204.714285714286 14
stats: {load,"os_mon@test4"} 1 1.1015625 0.0 1.1015625 0.51171875 0.7197916666666667 15
stats: {cpu,"os_mon@test3"} 1 53.02874743326489 0.0 66.05934409161894 2.680829539706626 43.103977709650295 15
stats: {freemem,"os_mon@test4"} 1 1416.28125 0.0 1568.6953125 1416.28125 1531.1078125 15
stats: {freemem,"os_mon@myserver"} 1 1171.4375 0.0 1243.421875 1162.26953125 1206.2421875 14
stats: {recvpackets,"os_mon@test2"} 1 23693.0 0.0 27113 1080 18330.4 15
stats: {sentpackets,"os_mon@test2"} 1 16577.0 0.0 18725 778 12421.333333333334 15
stats: {cpu,"os_mon@test2"} 1 57.818930041152264 0.0 63.42351716961498 5.666486778197517 44.756400748606154 16
stats: {load,"os_mon@test3"} 1 1.30859375 0.0 1.51953125 0.58984375 0.9002604166666667 15
stats: {recvpackets,"os_mon@test4"} 1 23202.0 0.0 25015 4731 19505.285714285714 14
stats: {sentpackets,"os_mon@test4"} 1 16268.0 0.0 17145 3169 13204.857142857143 14
stats: {freemem,"os_mon@test3"} 1 1153.8671875 0.0 1402.3984375 1153.8671875 1336.3341145833333 15
stats: {cpu,"os_mon@test4"} 1 52.70057682223388 0.0 52.70057682223388 2.6646556058320763 35.33813672449674 15
stats: {load,"os_mon@myserver"} 1 2.7890625 0.0 2.7890625 0.80859375 1.7960379464285714 14
stats: {recvpackets,"os_mon@myserver"} 1 23692.0 0.0 37896 4781 21120.23076923077 13
stats: {sentpackets,"os_mon@myserver"} 1 16604.0 0.0 26810 3208 14308.461538461539 13
stats: {cpu,"os_mon@myserver"} 1 89.32726353060193 0.0 92.15686274509804 2.8485001260398284 67.99992977378704 14
stats: session 5398 6071.433177743059 7127.556098444749 85327.080078125 10.2080078125 4074.663801849261 65153
stats: users_count 5265 74554
stats: finish_users_count 5398 70551
stats: request 53210 593.649144301105 2064.828242653381 83573.60498046875 0.05810546875 417.0108198163216 665813
stats: page 5344 6056.242719593187 6965.326794410568 85325.205078125 8.879150390625 4056.6005873905156 65025
stats: connect 7306 590.5560159711935 1221.3965728522326 34246.920166015625 0.399169921875 477.4306260076729 90497
stats: 200 50986 694895
stats: size_rcv 5530207 82959624
stats: newphase 6 90
stats: error_connect_eaddrinuse 0 1
stats: size_sent 7023830 95845449
stats: connected -287 3438
stats: error_connect_etimedout 0 6
# stats: dump at 1338995491
stats: users 4067 4922
stats: {load,"os_mon@test2"} 1 0.9609375 0.0 1.21875 0.75 0.9639246323529411 17
stats: {freemem,"os_mon@test2"} 1 1150.55078125 0.0 1411.703125 1150.55078125 1332.192325367647 17
stats: {recvpackets,"os_mon@test3"} 1 25242.0 0.0 25242 4730 19751.533333333333 15
stats: {sentpackets,"os_mon@test3"} 1 17798.0 0.0 17798 3171 13409.333333333334 15
stats: {load,"os_mon@test4"} 1 1.23828125 0.0 1.23828125 0.51171875 0.74365234375 16
stats: {cpu,"os_mon@test3"} 1 53.50923482849604 0.0 66.05934409161894 2.680829539706626 43.72427581737621 16
stats: {freemem,"os_mon@test4"} 1 1393.265625 0.0 1568.6953125 1393.265625 1523.93115234375 16
stats: {freemem,"os_mon@myserver"} 1 1162.77734375 0.0 1243.421875 1162.26953125 1203.921875 15
stats: {recvpackets,"os_mon@test2"} 1 26530.0 0.0 27113 1080 18665.5625 16
stats: {sentpackets,"os_mon@test2"} 1 18622.0 0.0 18725 778 12681.0625 16
stats: {cpu,"os_mon@test2"} 1 61.255186721991706 0.0 63.42351716961498 5.666486778197517 45.52478482463828 17
stats: {load,"os_mon@test3"} 1 1.25 0.0 1.51953125 0.58984375 0.92578125 16
stats: {recvpackets,"os_mon@test4"} 1 25217.0 0.0 25217 4731 19751.733333333334 15
stats: {sentpackets,"os_mon@test4"} 1 17784.0 0.0 17784 3169 13409.066666666668 15
stats: {freemem,"os_mon@test3"} 1 1135.0390625 0.0 1402.3984375 1135.0390625 1324.929931640625 16
stats: {cpu,"os_mon@test4"} 1 56.15505500261917 0.0 56.15505500261917 2.6646556058320763 36.42328923060531 16
stats: {load,"os_mon@myserver"} 1 2.98046875 0.0 2.98046875 0.80859375 1.8622395833333334 15
stats: {recvpackets,"os_mon@myserver"} 1 33862.0 0.0 37896 4781 21303.928571428572 14
stats: {sentpackets,"os_mon@myserver"} 1 23649.0 0.0 26810 3208 14472.42857142857 14
stats: {cpu,"os_mon@myserver"} 1 91.7910447761194 0.0 92.15686274509804 2.8485001260398284 69.42175202424137 15
stats: session 5289 6473.75457437089 6882.4760516856795 96770.58984375 10.2080078125 4227.440673772759 70551
stats: users_count 5353 79907
stats: finish_users_count 5289 75840
stats: request 54502 673.2542992123938 1910.7707152527032 90290.5478515625 0.048095703125 430.08262036489276 719023
stats: page 5345 6385.647205423439 6723.84942518756 96768.82104492188 8.879150390625 4208.458473028952 70369
stats: connect 8136 776.6524007641588 1625.589849177292 34246.920166015625 0.399169921875 485.88122669551973 97803
stats: 200 51663 746558
stats: size_rcv 5298414 88258038
stats: newphase 5 95
stats: error_connect_eaddrinuse 0 1
stats: size_sent 7243190 103088639
stats: connected 82 3520
stats: error_connect_etimedout 0 6
# stats: dump at 1338995501
stats: users 4075 4922
stats: {load,"os_mon@test2"} 1 0.890625 0.0 1.21875 0.75 0.9637586805555556 18
stats: {freemem,"os_mon@test2"} 1 1142.65625 0.0 1411.703125 1142.65625 1322.1011284722222 18
stats: {recvpackets,"os_mon@test3"} 1 25914.0 0.0 25914 4730 20094.6875 16
stats: {sentpackets,"os_mon@test3"} 1 18383.0 0.0 18383 3171 13683.625 16
stats: {load,"os_mon@test4"} 1 1.28125 0.0 1.28125 0.51171875 0.7727481617647058 17
stats: {cpu,"os_mon@test3"} 1 62.526205450733755 0.0 66.05934409161894 2.680829539706626 44.29986164155973 17
stats: {freemem,"os_mon@test4"} 1 1344.69921875 0.0 1568.6953125 1344.69921875 1516.2449448529412 17
stats: {freemem,"os_mon@myserver"} 1 1165.87890625 0.0 1243.421875 1162.26953125 1201.350341796875 16
stats: {recvpackets,"os_mon@test2"} 1 26548.0 0.0 27113 1080 19128.176470588234 17
stats: {sentpackets,"os_mon@test2"} 1 18787.0 0.0 18787 778 13030.529411764706 17
stats: {cpu,"os_mon@test2"} 1 43.487285936689155 0.0 63.42351716961498 5.666486778197517 46.39869604115791 18
stats: {load,"os_mon@test3"} 1 1.37890625 0.0 1.51953125 0.58984375 0.9448529411764706 17
stats: {recvpackets,"os_mon@test4"} 1 25905.0 0.0 25905 4731 20093.3125 16
stats: {sentpackets,"os_mon@test4"} 1 18377.0 0.0 18377 3169 13682.5 16
stats: {freemem,"os_mon@test3"} 1 1096.5625 0.0 1402.3984375 1096.5625 1313.7598805147059 17
stats: {cpu,"os_mon@test4"} 1 59.302949061662204 0.0 59.302949061662204 2.6646556058320763 37.583981334841425 17
stats: {load,"os_mon@myserver"} 1 3.05078125 0.0 3.05078125 0.80859375 1.93212890625 16
stats: {recvpackets,"os_mon@myserver"} 1 24608.0 0.0 37896 4781 22141.133333333335 15
stats: {sentpackets,"os_mon@myserver"} 1 17833.0 0.0 26810 3208 15084.2 15
stats: {cpu,"os_mon@myserver"} 1 93.22444041137327 0.0 93.22444041137327 2.8485001260398284 70.81983282123375 16
stats: session 5497 7114.511521820857 7192.990345739047 103444.6650390625 10.2080078125 4384.096188280453 75840
stats: users_count 5505 85412
stats: finish_users_count 5497 81337
stats: request 53088 702.5236426290754 2036.4859891946132 96028.03393554688 0.048095703125 447.2163171950489 773525
stats: page 5515 7105.7201290514495 7083.6502553193 103443.13208007813 8.879150390625 4362.156253817821 75714
stats: connect 8179 790.017676509582 1806.8708226612687 34246.920166015625 0.399169921875 508.2121366741154 105939
stats: 200 50036 796594
stats: size_rcv 5092278 93350316
stats: newphase 3 98
stats: error_connect_eaddrinuse 0 1
stats: size_sent 7039425 110128064
stats: connected -35 3485
stats: error_connect_etimedout 0 6
# stats: dump at 1338995511
stats: users 3752 5164
stats: {load,"os_mon@test2"} 1 0.98828125 0.0 1.21875 0.75 0.9599095394736842 19
stats: {freemem,"os_mon@test2"} 1 1113.74609375 0.0 1411.703125 1113.74609375 1312.6566611842106 19
stats: {recvpackets,"os_mon@test3"} 1 24170.0 0.0 25914 4730 20437.0 17
stats: {sentpackets,"os_mon@test3"} 1 17297.0 0.0 18383 3171 13960.058823529413 17
stats: {load,"os_mon@test4"} 1 1.078125 0.0 1.28125 0.51171875 0.8009982638888888 18
stats: {cpu,"os_mon@test3"} 1 53.36112558624283 0.0 66.05934409161894 2.680829539706626 45.31243629762495 18
stats: {freemem,"os_mon@test4"} 1 1301.0 0.0 1568.6953125 1301.0 1506.714626736111 18
stats: {freemem,"os_mon@myserver"} 0 0 0 1243.421875 1162.26953125 1199.2637867647059 17
stats: {recvpackets,"os_mon@test2"} 1 23410.0 0.0 27113 1080 19540.38888888889 18
stats: {sentpackets,"os_mon@test2"} 1 16735.0 0.0 18787 778 13350.333333333334 18
stats: {cpu,"os_mon@test2"} 1 43.65690806368773 0.0 63.42351716961498 5.666486778197517 46.2454639303964 19
stats: {load,"os_mon@test3"} 1 1.5390625 0.0 1.5390625 0.58984375 0.9689670138888888 18
stats: {recvpackets,"os_mon@test4"} 1 24174.0 0.0 25905 4731 20435.176470588234 17
stats: {sentpackets,"os_mon@test4"} 1 1.73e4 0.0 18377 3169 13958.64705882353 17
stats: {freemem,"os_mon@test3"} 1 1061.8203125 0.0 1402.3984375 1061.8203125 1301.693359375 18
stats: {cpu,"os_mon@test4"} 1 67.50656167979002 0.0 67.50656167979002 2.6646556058320763 38.790590652998134 18
stats: {load,"os_mon@myserver"} 0 0 0 3.05078125 0.80859375 1.9979319852941178 17
stats: {recvpackets,"os_mon@myserver"} 0 0 0 37896 4781 22295.3125 16
stats: {sentpackets,"os_mon@myserver"} 0 0 0 26810 3208 15256.0 16
stats: {cpu,"os_mon@myserver"} 0 0 0 93.22444041137327 2.8485001260398284 72.13775091477136 17
stats: session 5361 6426.987549146903 6955.932810162406 112878.72119140625 10.2080078125 4568.625899094371 81337
stats: users_count 5038 90450
stats: finish_users_count 5361 86698
stats: 200 51555 848149
stats: request 54357 680.3139271471865 2188.1390472384583 101509.80688476563 0.048095703125 463.6130533855535 826613
stats: page 5336 6427.111219140195 7037.440635246119 112877.09692382813 8.879150390625 4548.429072292915 81229
stats: connect 7891 821.2991494587377 1580.7326448174679 34246.920166015625 0.399169921875 528.4095420818012 114118
stats: size_rcv 5254241 98604557
stats: newphase 4 102
stats: error_connect_eaddrinuse 0 1
stats: size_sent 7194352 117322416
stats: connected -159 3326
stats: error_connect_etimedout 0 6
# stats: dump at 1338995521
stats: users 4581 5164
stats: {load,"os_mon@test2"} 1 1.0 0.0 1.21875 0.75 0.961328125 20
stats: {freemem,"os_mon@test2"} 1 1106.06640625 0.0 1411.703125 1106.06640625 1302.7111328125002 20
stats: {recvpackets,"os_mon@test3"} 1 26593.0 0.0 26593 4730 20644.38888888889 18
stats: {sentpackets,"os_mon@test3"} 1 18914.0 0.0 18914 3171 14145.444444444445 18
stats: {load,"os_mon@test4"} 1 1.0703125 0.0 1.28125 0.51171875 0.8155838815789473 19
stats: {cpu,"os_mon@test3"} 1 63.92838335966297 0.0 66.05934409161894 2.680829539706626 45.73605152334168 19
stats: {freemem,"os_mon@test4"} 1 1268.375 0.0 1568.6953125 1268.375 1495.887541118421 19
stats: {freemem,"os_mon@myserver"} 1 1163.58984375 0.0 1243.421875 1162.26953125 1199.2637867647059 17
stats: {recvpackets,"os_mon@test2"} 1 27233.0 0.0 27233 1080 19744.052631578947 19
stats: {sentpackets,"os_mon@test2"} 1 19399.0 0.0 19399 778 13528.473684210527 19
stats: {cpu,"os_mon@test2"} 1 52.55549819308209 0.0 63.42351716961498 5.666486778197517 46.11603613706096 20
stats: {load,"os_mon@test3"} 1 1.44921875 0.0 1.5390625 0.58984375 0.9989720394736842 19
stats: {recvpackets,"os_mon@test4"} 1 26623.0 0.0 26623 4731 20642.88888888889 18
stats: {sentpackets,"os_mon@test4"} 1 18934.0 0.0 18934 3169 14144.277777777777 18
stats: {freemem,"os_mon@test3"} 1 1020.21875 0.0 1402.3984375 1020.21875 1289.0684621710527 19
stats: {cpu,"os_mon@test4"} 1 52.05622071837585 0.0 67.50656167979002 2.6646556058320763 40.30195754914508 19
stats: {load,"os_mon@myserver"} 1 3.19921875 0.0 3.19921875 0.80859375 1.9979319852941178 17
stats: {recvpackets,"os_mon@myserver"} 1 34761.0 0.0 37896 4781 22295.3125 16
stats: {sentpackets,"os_mon@myserver"} 1 24749.0 0.0 26810 3208 15256.0 16
stats: {cpu,"os_mon@myserver"} 1 92.61074088592709 0.0 93.22444041137327 2.8485001260398284 72.13775091477136 17
stats: session 5185 6944.305267080899 7198.592377356504 116997.15478515625 10.2080078125 4683.538316980962 86698
stats: users_count 6014 96464
stats: finish_users_count 5185 91883
stats: request 54135 717.8378700375392 2099.887454772177 101509.80688476563 0.048095703125 476.9837804194606 880970
stats: page 5203 6957.15495393845 7170.2105165775465 116996.044921875 8.879150390625 4664.233934946148 86565
stats: connect 9019 724.3443831576923 1667.8091516393642 34613.2919921875 0.399169921875 547.3523404967657 122009
stats: 200 51049 899198
stats: size_rcv 5265154 103869711
stats: newphase 6 108
stats: error_connect_eaddrinuse 0 1
stats: size_sent 7258922 124581338
stats: connected 576 3902
stats: error_connect_etimedout 4 10
stats: error_abort 1 1
EndMonitor:{1338,995529,669179}
