# stats: dump at 1338979249
stats: users 0 0
# stats: dump at 1338979259
stats: users 11 16
stats: {load,"os_mon@test2"} 1 0.96875 0 0.96875 0.96875 0 0
stats: {freemem,"os_mon@test2"} 1 1387.80078125 0 1387.80078125 1387.80078125 0 0
stats: {cpu,"os_mon@test3"} 1 3.0364372469635628 0 3.0364372469635628 3.0364372469635628 0 0
stats: {load,"os_mon@test4"} 1 0.30859375 0 0.30859375 0.30859375 0 0
stats: {freemem,"os_mon@test4"} 1 1370.5078125 0 1370.5078125 1370.5078125 0 0
stats: {freemem,"os_mon@myserver"} 1 2409.48046875 0 2409.48046875 2409.48046875 0 0
stats: {load,"os_mon@test3"} 1 0.55078125 0 0.55078125 0.55078125 0 0
stats: {cpu,"os_mon@test2"} 1 2.1233569261880687 0 2.1233569261880687 2.1233569261880687 0 0
stats: {freemem,"os_mon@test3"} 1 1371.39453125 0 1371.39453125 1371.39453125 0 0
stats: {cpu,"os_mon@test4"} 1 2.06341217916457 0 2.06341217916457 2.06341217916457 0 0
stats: {load,"os_mon@myserver"} 1 0.71875 0 0.71875 0.71875 0 0
stats: {cpu,"os_mon@myserver"} 1 2.508234101849506 0 2.508234101849506 2.508234101849506 0 0
stats: session 590 27.473955988479872 4.910060535406725 58.35888671875 20.26904296875 0 0
stats: users_count 601 601
stats: finish_users_count 590 590
stats: 200 5912 5912
stats: request 5907 2.3910160300411536 1.0161170752277286 29.97900390625 1.34814453125 0 0
stats: page 587 25.28158480954536 4.761402214271153 56.170166015625 18.840087890625 0 0
stats: connect 5914 0.9940918711822582 0.6027503283239726 28.6240234375 0.39501953125 0 0
stats: size_rcv 899860 899860
stats: size_sent 784126 784126
stats: connected 7 7
# stats: dump at 1338979269
stats: users 71 105
stats: {load,"os_mon@test2"} 1 0.91015625 0.0 0.96875 0.91015625 0.96875 1
stats: {recvpackets,"os_mon@test3"} 1 3608 0 3608 3608 0 0
stats: {sentpackets,"os_mon@test3"} 1 2495 0 2495 2495 0 0
stats: {freemem,"os_mon@test2"} 1 1392.3984375 0.0 1392.3984375 1387.80078125 1387.80078125 1
stats: {cpu,"os_mon@test3"} 1 20.582226762002044 0.0 20.582226762002044 3.0364372469635628 3.0364372469635628 1
stats: {load,"os_mon@test4"} 1 0.26171875 0.0 0.30859375 0.26171875 0.30859375 1
stats: {freemem,"os_mon@test4"} 1 1375.40625 0.0 1375.40625 1370.5078125 1370.5078125 1
stats: {freemem,"os_mon@myserver"} 1 2410.23046875 0.0 2410.23046875 2409.48046875 2409.48046875 1
stats: {recvpackets,"os_mon@test2"} 1 3624 0 3624 3624 0 0
stats: {sentpackets,"os_mon@test2"} 1 2507 0 2507 2507 0 0
stats: {load,"os_mon@test3"} 1 0.62109375 0.0 0.62109375 0.55078125 0.55078125 1
stats: {cpu,"os_mon@test2"} 1 13.39737108190091 0.0 13.39737108190091 2.1233569261880687 2.1233569261880687 1
stats: {freemem,"os_mon@test3"} 1 1377.2578125 0.0 1377.2578125 1371.39453125 1371.39453125 1
stats: {recvpackets,"os_mon@test4"} 1 3609 0 3609 3609 0 0
stats: {sentpackets,"os_mon@test4"} 1 2498 0 2498 2498 0 0
stats: {cpu,"os_mon@test4"} 1 12.614913176710928 0.0 12.614913176710928 2.06341217916457 2.06341217916457 1
stats: {load,"os_mon@myserver"} 1 0.609375 0.0 0.71875 0.609375 0.71875 1
stats: {recvpackets,"os_mon@myserver"} 1 3736 0 3736 3736 0 0
stats: {sentpackets,"os_mon@myserver"} 1 2580 0 2580 2580 0 0
stats: {cpu,"os_mon@myserver"} 1 24.074560252034654 0.0 24.074560252034654 2.508234101849506 2.508234101849506 1
stats: session 1506 128.18859798436458 542.3641022361414 10935.635986328125 19.083984375 27.473955988479872 590
stats: users_count 1566 2167
stats: finish_users_count 1506 2096
stats: 200 15080 20992
stats: request 15060 12.339689014125762 163.3261744865587 10900.76904296875 1.34814453125 2.3910160300411536 5907
stats: page 1483 122.7321657166639 514.1972938366241 10933.802001953125 17.640869140625 25.28158480954536 587
stats: connect 15110 3.098489688896023 42.189189370460916 1002.1650390625 0.39501953125 0.9940918711822582 5914
stats: size_rcv 2204178 3104038
stats: newphase 6 6
stats: size_sent 2006826 2790952
stats: connected 50 57
# stats: dump at 1338979279
stats: users 498 499
stats: {load,"os_mon@test2"} 1 0.921875 0.0 0.96875 0.91015625 0.939453125 2
stats: {recvpackets,"os_mon@test3"} 1 7535.0 0.0 7535 3608 3608.0 1
stats: {sentpackets,"os_mon@test3"} 1 5042.0 0.0 5042 2495 2495.0 1
stats: {freemem,"os_mon@test2"} 1 1396.125 0.0 1396.125 1387.80078125 1390.099609375 2
stats: {cpu,"os_mon@test3"} 1 37.44125326370757 0.0 37.44125326370757 3.0364372469635628 11.809332004482803 2
stats: {load,"os_mon@test4"} 1 0.37890625 0.0 0.37890625 0.26171875 0.28515625 2
stats: {freemem,"os_mon@test4"} 1 1381.34765625 0.0 1381.34765625 1370.5078125 1372.95703125 2
stats: {freemem,"os_mon@myserver"} 1 2411.0703125 0.0 2411.0703125 2409.48046875 2409.85546875 2
stats: {recvpackets,"os_mon@test2"} 1 7568.0 0.0 7568 3624 3624.0 1
stats: {sentpackets,"os_mon@test2"} 1 5059.0 0.0 5059 2507 2507.0 1
stats: {load,"os_mon@test3"} 1 0.51953125 0.0 0.62109375 0.51953125 0.5859375 2
stats: {cpu,"os_mon@test2"} 1 33.82577687213449 0.0 33.82577687213449 2.1233569261880687 7.76036400404449 2
stats: {freemem,"os_mon@test3"} 1 1383.0390625 0.0 1383.0390625 1371.39453125 1374.326171875 2
stats: {recvpackets,"os_mon@test4"} 1 7536.0 0.0 7536 3609 3609.0 1
stats: {sentpackets,"os_mon@test4"} 1 5042.0 0.0 5042 2498 2498.0 1
stats: {cpu,"os_mon@test4"} 1 30.01027749229188 0.0 30.01027749229188 2.06341217916457 7.339162677937749 2
stats: {load,"os_mon@myserver"} 1 1.1484375 0.0 1.1484375 0.609375 0.6640625 2
stats: {recvpackets,"os_mon@myserver"} 1 7693.0 0.0 7693 3736 3736.0 1
stats: {sentpackets,"os_mon@myserver"} 1 5143.0 0.0 5143 2580 2580.0 1
stats: {cpu,"os_mon@myserver"} 1 54.664570230607964 0.0 54.664570230607964 2.508234101849506 13.29139717694208 2
stats: session 2137 612.4438157820177 872.2004218078382 10935.635986328125 19.083984375 99.8385794836146 2096
stats: users_count 2564 4731
stats: finish_users_count 2137 4233
stats: request 23207 69.63068637148497 323.87237338329 19269.958984375 1.34814453125 9.5368649898501 20967
stats: page 2139 596.8707242861367 876.7990374686981 10933.802001953125 17.640869140625 95.09762900532158 2070
stats: connect 23385 31.04909639258605 142.60640388784492 1596.449951171875 0.39501953125 2.5065277076384507 21024
stats: 200 23201 44193
stats: size_rcv 3156616 6260654
stats: newphase 6 12
stats: size_sent 3105176 5896128
stats: connected 178 235
# stats: dump at 1338979289
stats: users 1826 1828
stats: {load,"os_mon@test2"} 1 1.01171875 0.0 1.01171875 0.91015625 0.93359375 3
stats: {recvpackets,"os_mon@test3"} 1 11280.0 0.0 11280 3608 5571.5 2
stats: {sentpackets,"os_mon@test3"} 1 7528.0 0.0 7528 2495 3768.5 2
stats: {freemem,"os_mon@test2"} 1 1393.73046875 0.0 1396.125 1387.80078125 1392.1080729166667 3
stats: {cpu,"os_mon@test3"} 1 48.5503426462836 0.0 48.5503426462836 3.0364372469635628 20.353305757557724 3
stats: {load,"os_mon@test4"} 1 0.3203125 0.0 0.37890625 0.26171875 0.31640625 3
stats: {freemem,"os_mon@test4"} 1 1379.0546875 0.0 1381.34765625 1370.5078125 1375.75390625 3
stats: {freemem,"os_mon@myserver"} 1 2408.953125 0.0 2411.0703125 2408.953125 2410.2604166666665 3
stats: {recvpackets,"os_mon@test2"} 1 11271.0 0.0 11271 3624 5596.0 2
stats: {sentpackets,"os_mon@test2"} 1 7526.0 0.0 7526 2507 3783.0 2
stats: {load,"os_mon@test3"} 1 0.44140625 0.0 0.62109375 0.44140625 0.5638020833333334 3
stats: {cpu,"os_mon@test2"} 1 46.7280163599182 0.0 46.7280163599182 2.1233569261880687 16.44883496007449 3
stats: {freemem,"os_mon@test3"} 1 1381.12109375 0.0 1383.0390625 1371.39453125 1377.23046875 3
stats: {recvpackets,"os_mon@test4"} 1 11245.0 0.0 11245 3609 5572.5 2
stats: {sentpackets,"os_mon@test4"} 1 7502.0 0.0 7502 2498 3770.0 2
stats: {cpu,"os_mon@test4"} 1 43.3264887063655 0.0 43.3264887063655 2.06341217916457 14.896200949389126 3
stats: {load,"os_mon@myserver"} 1 1.98828125 0.0 1.98828125 0.609375 0.8255208333333334 3
stats: {recvpackets,"os_mon@myserver"} 1 11819.0 0.0 11819 3736 5714.5 2
stats: {sentpackets,"os_mon@myserver"} 1 7881.0 0.0 7881 2580 3861.5 2
stats: {cpu,"os_mon@myserver"} 1 76.3756252842201 0.0 76.3756252842201 2.508234101849506 27.08245486149737 3
stats: session 2029 2792.7883962571987 1610.9380418832934 25957.475830078125 19.083984375 358.62369405240446 4233
stats: users_count 3357 8088
stats: finish_users_count 2029 6262
stats: request 25542 316.1047737779334 440.063467989737 19269.958984375 1.34814453125 41.107411302242014 44174
stats: page 2023 2759.33882494864 1606.7031395879364 25956.053955078125 17.640869140625 350.09707086934236 4209
stats: connect 26514 142.51030259809417 248.92846175851187 3164.005859375 0.39501953125 17.536543440879452 44409
stats: 200 25662 69855
stats: size_rcv 3296984 9557638
stats: newphase 6 18
stats: error_connect_eaddrinuse 17 17
stats: size_sent 3471580 9367708
stats: connected 743 978
# stats: dump at 1338979299
stats: users 4213 4213
stats: {load,"os_mon@test2"} 1 0.9296875 0.0 1.01171875 0.91015625 0.953125 4
stats: {recvpackets,"os_mon@test3"} 1 13502.0 0.0 13502 3608 7474.333333333333 3
stats: {sentpackets,"os_mon@test3"} 1 9071.0 0.0 9071 2495 5021.666666666667 3
stats: {freemem,"os_mon@test2"} 1 1381.2265625 0.0 1396.125 1381.2265625 1392.513671875 4
stats: {cpu,"os_mon@test3"} 1 53.5995796111403 0.0 53.5995796111403 3.0364372469635628 27.402564979739196 4
stats: {load,"os_mon@test4"} 1 0.3515625 0.0 0.37890625 0.26171875 0.3173828125 4
stats: {freemem,"os_mon@test4"} 1 1366.578125 0.0 1381.34765625 1366.578125 1376.5791015625 4
stats: {freemem,"os_mon@myserver"} 1 2402.41015625 0.0 2411.0703125 2402.41015625 2409.93359375 4
stats: {recvpackets,"os_mon@test2"} 1 13508.0 0.0 13508 3624 7487.666666666667 3
stats: {sentpackets,"os_mon@test2"} 1 9070.0 0.0 9070 2507 5030.666666666667 3
stats: {load,"os_mon@test3"} 1 0.51953125 0.0 0.62109375 0.44140625 0.533203125 4
stats: {cpu,"os_mon@test2"} 1 54.13650465356774 0.0 54.13650465356774 2.1233569261880687 24.018630310035416 4
stats: {freemem,"os_mon@test3"} 1 1368.515625 0.0 1383.0390625 1368.515625 1378.203125 4
stats: {recvpackets,"os_mon@test4"} 1 13473.0 0.0 13473 3609 7463.333333333333 3
stats: {sentpackets,"os_mon@test4"} 1 9050.0 0.0 9050 2498 5014.0 3
stats: {cpu,"os_mon@test4"} 1 49.25141972121838 0.0 49.25141972121838 2.06341217916457 22.003772888633222 4
stats: {load,"os_mon@myserver"} 1 2.78125 0.0 2.78125 0.609375 1.1162109375 4
stats: {recvpackets,"os_mon@myserver"} 1 15295.0 0.0 15295 3736 7749.333333333333 3
stats: {sentpackets,"os_mon@myserver"} 1 10279.0 0.0 10279 2580 5201.333333333333 3
stats: {cpu,"os_mon@myserver"} 1 81.18053840454434 0.0 81.18053840454434 2.508234101849506 39.40574746717806 4
stats: session 1877 6438.4333935728955 3050.0955867052917 42324.208984375 19.083984375 1147.3365942078703 6262
stats: users_count 4264 12352
stats: finish_users_count 1877 8139
stats: request 26843 726.1961063322059 945.7334952779996 42150.97119140625 1.34814453125 141.85878304408192 69716
stats: page 1869 6307.7840908615935 2955.0514617248573 42322.10498046875 17.640869140625 1132.172819987189 6232
stats: connect 28580 296.56244948903316 457.29217168914334 7203.44287109375 0.39501953125 64.25699026764075 70923
stats: 200 26313 96168
stats: size_rcv 3227170 12784808
stats: newphase 6 24
stats: error_connect_eaddrinuse 24 41
stats: size_sent 3733316 13101024
stats: connected 1309 2287
# stats: dump at 1338979309
stats: users 4527 4527
stats: {load,"os_mon@test2"} 1 1.08984375 0.0 1.08984375 0.91015625 0.9484375 5
stats: {recvpackets,"os_mon@test3"} 1 15096.0 0.0 15096 3608 8981.25 4
stats: {sentpackets,"os_mon@test3"} 1 10204.0 0.0 10204 2495 6034.0 4
stats: {freemem,"os_mon@test2"} 1 1348.7578125 0.0 1396.125 1348.7578125 1390.25625 5
stats: {cpu,"os_mon@test3"} 1 58.44629822732013 0.0 58.44629822732013 3.0364372469635628 32.64196790601942 5
stats: {load,"os_mon@test4"} 1 0.44921875 0.0 0.44921875 0.26171875 0.32421875 5
stats: {freemem,"os_mon@test4"} 1 1339.421875 0.0 1381.34765625 1339.421875 1374.57890625 5
stats: {freemem,"os_mon@myserver"} 1 2388.015625 0.0 2411.0703125 2388.015625 2408.42890625 5
stats: {recvpackets,"os_mon@test2"} 1 15058.0 0.0 15058 3624 8992.75 4
stats: {sentpackets,"os_mon@test2"} 1 10180.0 0.0 10180 2507 6040.5 4
stats: {load,"os_mon@test3"} 1 0.76171875 0.0 0.76171875 0.44140625 0.53046875 5
stats: {cpu,"os_mon@test2"} 1 55.73598742797275 0.0 55.73598742797275 2.1233569261880687 30.04220517874188 5
stats: {freemem,"os_mon@test3"} 1 1319.14453125 0.0 1383.0390625 1319.14453125 1376.265625 5
stats: {recvpackets,"os_mon@test4"} 1 15108.0 0.0 15108 3609 8965.75 4
stats: {sentpackets,"os_mon@test4"} 1 10212.0 0.0 10212 2498 6023.0 4
stats: {cpu,"os_mon@test4"} 1 52.05549845837616 0.0 52.05549845837616 2.06341217916457 27.453302255150255 5
stats: {load,"os_mon@myserver"} 1 3.390625 0.0 3.390625 0.609375 1.44921875 5
stats: {recvpackets,"os_mon@myserver"} 1 14936.0 0.0 15295 3736 9635.75 4
stats: {sentpackets,"os_mon@myserver"} 1 10303.0 0.0 10303 2580 6470.75 4
stats: {cpu,"os_mon@myserver"} 1 81.95436736575247 0.0 81.95436736575247 2.508234101849506 47.76070565465132 5
stats: session 2194 10304.439694149878 4908.04011035155 47146.14794921875 19.083984375 2367.558819592826 8139
stats: users_count 2508 14860
stats: finish_users_count 2194 10333
stats: request 25323 1060.5027202932708 1857.431038414514 42222.746826171875 1.34814453125 304.30212617132133 96559
stats: page 2178 10092.670014464591 4743.424040069685 47143.751953125 17.640869140625 2326.249781506046 8101
stats: connect 26962 311.55271602053836 716.1057760601069 15210.1318359375 0.39501953125 130.98151138305832 99503
stats: 200 24811 120979
stats: size_rcv 3249892 16034700
stats: newphase 5 29
stats: error_connect_eaddrinuse 6 47
stats: size_sent 3546702 16647726
stats: connected 1327 3614
# stats: dump at 1338979319
stats: users 5125 5125
stats: {load,"os_mon@test2"} 1 1.0 0.0 1.08984375 0.91015625 0.9720052083333334 6
stats: {recvpackets,"os_mon@test3"} 1 10725.0 0.0 15096 3608 10204.2 5
stats: {sentpackets,"os_mon@test3"} 1 7827.0 0.0 10204 2495 6868.0 5
stats: {freemem,"os_mon@test2"} 1 1300.33984375 0.0 1396.125 1300.33984375 1383.33984375 6
stats: {cpu,"os_mon@test3"} 1 54.079014879425344 0.0 58.44629822732013 3.0364372469635628 36.94268962623621 6
stats: {load,"os_mon@test4"} 1 0.609375 0.0 0.609375 0.26171875 0.3450520833333333 6
stats: {freemem,"os_mon@test4"} 1 1332.0 0.0 1381.34765625 1332.0 1368.7194010416667 6
stats: {freemem,"os_mon@myserver"} 1 2378.1796875 0.0 2411.0703125 2378.1796875 2405.0266927083335 6
stats: {recvpackets,"os_mon@test2"} 1 10718.0 0.0 15058 3624 10205.8 5
stats: {sentpackets,"os_mon@test2"} 1 7828.0 0.0 10180 2507 6868.4 5
stats: {load,"os_mon@test3"} 1 1.171875 0.0 1.171875 0.44140625 0.5690104166666666 6
stats: {cpu,"os_mon@test2"} 1 63.22547508988187 0.0 63.22547508988187 2.1233569261880687 34.32450222028036 6
stats: {freemem,"os_mon@test3"} 1 1298.8203125 0.0 1383.0390625 1298.8203125 1366.7454427083333 6
stats: {recvpackets,"os_mon@test4"} 1 10718.0 0.0 15108 3609 10194.2 5
stats: {sentpackets,"os_mon@test4"} 1 7822.0 0.0 10212 2498 6860.8 5
stats: {cpu,"os_mon@test4"} 1 39.8974358974359 0.0 52.05549845837616 2.06341217916457 31.553668289021235 6
stats: {load,"os_mon@myserver"} 1 3.73046875 0.0 3.73046875 0.609375 1.7727864583333333 6
stats: {recvpackets,"os_mon@myserver"} 1 12863.0 0.0 15295 3736 10695.8 5
stats: {sentpackets,"os_mon@myserver"} 1 9357.0 0.0 10303 2580 7237.2 5
stats: {cpu,"os_mon@myserver"} 1 79.64127649662241 0.0 81.95436736575247 2.508234101849506 53.459649273168175 6
stats: session 2495 13816.151985611861 7061.655168346926 47146.14794921875 19.083984375 4052.7922115194856 10333
stats: users_count 3093 17953
stats: finish_users_count 2495 12828
stats: request 26189 1528.476676641734 2994.0284092305446 56057.5458984375 1.34814453125 461.4152982964106 121882
stats: page 2444 13439.384536668249 6918.973270257331 47143.751953125 17.640869140625 3971.8634858920477 10279
stats: connect 26508 250.02546942638782 474.5104847539714 15210.1318359375 0.39501953125 169.4788096034018 126465
stats: 200 26180 147159
stats: size_rcv 3267394 19302094
stats: newphase 6 35
stats: error_connect_eaddrinuse 0 47
stats: size_sent 3517622 20165348
stats: connected 256 3870
# stats: dump at 1338979329
stats: users 4497 5649
stats: {load,"os_mon@test2"} 1 1.1484375 0.0 1.1484375 0.91015625 0.9760044642857143 7
stats: {recvpackets,"os_mon@test3"} 1 13309.0 0.0 15096 3608 10291.0 6
stats: {sentpackets,"os_mon@test3"} 1 9664.0 0.0 10204 2495 7027.833333333333 6
stats: {freemem,"os_mon@test2"} 1 1270.6640625 0.0 1396.125 1270.6640625 1371.482700892857 7
stats: {cpu,"os_mon@test3"} 1 48.94166236448116 0.0 58.44629822732013 3.0364372469635628 39.39073609097751 7
stats: {load,"os_mon@test4"} 1 1.05859375 0.0 1.05859375 0.26171875 0.3828125 7
stats: {freemem,"os_mon@test4"} 1 1273.68359375 0.0 1381.34765625 1273.68359375 1363.4737723214287 7
stats: {freemem,"os_mon@myserver"} 1 2366.57421875 0.0 2411.0703125 2366.57421875 2401.19140625 7
stats: {recvpackets,"os_mon@test2"} 1 13324.0 0.0 15058 3624 10291.166666666666 6
stats: {sentpackets,"os_mon@test2"} 1 9677.0 0.0 10180 2507 7028.333333333333 6
stats: {load,"os_mon@test3"} 1 1.140625 0.0 1.171875 0.44140625 0.6551339285714286 7
stats: {cpu,"os_mon@test2"} 1 60.62176165803109 0.0 63.22547508988187 2.1233569261880687 38.45321263022343 7
stats: {freemem,"os_mon@test3"} 1 1287.73046875 0.0 1383.0390625 1287.73046875 1357.0418526785713 7
stats: {recvpackets,"os_mon@test4"} 1 13297.0 0.0 15108 3609 10281.5 6
stats: {sentpackets,"os_mon@test4"} 1 9655.0 0.0 10212 2498 7021.0 6
stats: {cpu,"os_mon@test4"} 1 61.3086038124678 0.0 61.3086038124678 2.06341217916457 32.74563509022333 7
stats: {load,"os_mon@myserver"} 1 3.98046875 0.0 3.98046875 0.609375 2.052455357142857 7
stats: {recvpackets,"os_mon@myserver"} 1 14450.0 0.0 15295 3736 11057.0 6
stats: {sentpackets,"os_mon@myserver"} 1 10532.0 0.0 10532 2580 7590.5 6
stats: {cpu,"os_mon@myserver"} 1 81.7703109327984 0.0 81.95436736575247 2.508234101849506 57.19988173366164 7
stats: session 2545 15799.006935896055 9254.854911730908 71757.67407226563 19.083984375 5951.7306770917085 12828
stats: users_count 1917 19870
stats: finish_users_count 2545 15373
stats: request 26097 1689.849017523199 3323.4085368373103 71128.31616210938 1.34814453125 650.1441543012033 148071
stats: page 2517 15682.038619322202 9016.441872751393 71752.99584960938 17.640869140625 5790.508573379043 12723
stats: connect 25765 277.8362708256277 523.9655300939046 15210.1318359375 0.39501953125 183.43637635431674 152973
stats: 200 25490 172649
stats: size_rcv 3178016 22480110
stats: newphase 5 40
stats: error_connect_eaddrinuse 0 47
stats: size_sent 3419495 23584843
stats: connected -333 3537
# stats: dump at 1338979339
stats: users 5837 5948
stats: {load,"os_mon@test2"} 1 1.30078125 0.0 1.30078125 0.91015625 0.99755859375 8
stats: {recvpackets,"os_mon@test3"} 1 11051.0 0.0 15096 3608 10722.142857142857 7
stats: {sentpackets,"os_mon@test3"} 1 8446.0 0.0 10204 2495 7404.428571428572 7
stats: {freemem,"os_mon@test2"} 1 1230.42578125 0.0 1396.125 1230.42578125 1358.88037109375 8
stats: {cpu,"os_mon@test3"} 1 51.40625 0.0 58.44629822732013 3.0364372469635628 40.58460187516547 8
stats: {load,"os_mon@test4"} 1 0.8984375 0.0 1.05859375 0.26171875 0.46728515625 8
stats: {freemem,"os_mon@test4"} 1 1251.6015625 0.0 1381.34765625 1251.6015625 1352.25 8
stats: {freemem,"os_mon@myserver"} 1 2361.8671875 0.0 2411.0703125 2361.8671875 2396.8642578125 8
stats: {recvpackets,"os_mon@test2"} 1 11077.0 0.0 15058 3624 10724.42857142857 7
stats: {sentpackets,"os_mon@test2"} 1 8463.0 0.0 10180 2507 7406.714285714285 7
stats: {load,"os_mon@test3"} 1 1.5 0.0 1.5 0.44140625 0.7158203125 8
stats: {cpu,"os_mon@test2"} 1 62.779802186361266 0.0 63.22547508988187 2.1233569261880687 41.22428125869939 8
stats: {freemem,"os_mon@test3"} 1 1253.3046875 0.0 1383.0390625 1253.3046875 1348.3779296875 8
stats: {recvpackets,"os_mon@test4"} 1 11025.0 0.0 15108 3609 10712.285714285714 7
stats: {sentpackets,"os_mon@test4"} 1 8426.0 0.0 10212 2498 7397.285714285715 7
stats: {cpu,"os_mon@test4"} 1 58.237747653806046 0.0 61.3086038124678 2.06341217916457 36.31600618050389 8
stats: {load,"os_mon@myserver"} 1 4.2109375 0.0 4.2109375 0.609375 2.29345703125 8
stats: {recvpackets,"os_mon@myserver"} 1 15076.0 0.0 15295 3736 11541.714285714286 7
stats: {sentpackets,"os_mon@myserver"} 1 11148.0 0.0 11148 2580 8010.714285714285 7
stats: {cpu,"os_mon@myserver"} 1 80.54718293531184 0.0 81.95436736575247 2.508234101849506 60.271185383553735 8
stats: session 2393 16903.616362237357 10579.573749418149 72640.51708984375 19.083984375 7581.947165653281 15373
stats: users_count 3733 23603
stats: finish_users_count 2393 17766
stats: request 27386 1709.5733403572488 3789.8536325327527 71128.31616210938 1.34814453125 805.9315424293579 174168
stats: page 2452 16771.026321187128 10358.34012947742 72638.46020507813 17.640869140625 7424.168752226742 15240
stats: connect 28373 236.2079256119788 459.4868050489344 15210.1318359375 0.39501953125 197.04407746461968 178738
stats: 200 26885 199534
stats: size_rcv 3381788 25861898
stats: newphase 5 45
stats: error_connect_eaddrinuse 0 47
stats: size_sent 3765751 27350594
stats: connected 987 4524
# stats: dump at 1338979349
stats: users 6524 6770
stats: {load,"os_mon@test2"} 1 1.46875 0.0 1.46875 0.91015625 1.03125 9
stats: {recvpackets,"os_mon@test3"} 1 15364.0 0.0 15364 3608 10763.25 8
stats: {sentpackets,"os_mon@test3"} 1 11192.0 0.0 11192 2495 7534.625 8
stats: {freemem,"os_mon@test2"} 1 1190.03515625 0.0 1396.125 1190.03515625 1344.607638888889 9
stats: {cpu,"os_mon@test3"} 1 55.65939771547248 0.0 58.44629822732013 3.0364372469635628 41.787007222369304 9
stats: {load,"os_mon@test4"} 1 1.16015625 0.0 1.16015625 0.26171875 0.5151909722222222 9
stats: {freemem,"os_mon@test4"} 1 1184.0859375 0.0 1381.34765625 1184.0859375 1341.0668402777778 9
stats: {freemem,"os_mon@myserver"} 1 2356.9453125 0.0 2411.0703125 2356.9453125 2392.9756944444443 9
stats: {recvpackets,"os_mon@test2"} 1 15351.0 0.0 15351 3624 10768.5 8
stats: {sentpackets,"os_mon@test2"} 1 11183.0 0.0 11183 2507 7538.75 8
stats: {load,"os_mon@test3"} 1 1.3515625 0.0 1.5 0.44140625 0.8029513888888888 9
stats: {cpu,"os_mon@test2"} 1 60.62789500772002 0.0 63.22547508988187 2.1233569261880687 43.61933913955071 9
stats: {freemem,"os_mon@test3"} 1 1207.640625 0.0 1383.0390625 1207.640625 1337.814236111111 9
stats: {recvpackets,"os_mon@test4"} 1 15376.0 0.0 15376 3609 10751.375 8
stats: {sentpackets,"os_mon@test4"} 1 11203.0 0.0 11203 2498 7525.875 8
stats: {cpu,"os_mon@test4"} 1 69.25434116445352 0.0 69.25434116445352 2.06341217916457 38.751755233093014 9
stats: {load,"os_mon@myserver"} 1 4.23828125 0.0 4.23828125 0.609375 2.5065104166666665 9
stats: {recvpackets,"os_mon@myserver"} 1 15748.0 0.0 15748 3736 11983.5 8
stats: {sentpackets,"os_mon@myserver"} 1 11691.0 0.0 11691 2580 8402.875 8
stats: {cpu,"os_mon@myserver"} 1 80.14245629181956 0.0 81.95436736575247 2.508234101849506 62.524074000415744 9
stats: session 2242 18462.72764980782 11906.373474410564 72640.51708984375 19.083984375 8837.533926174821 17766
stats: users_count 2929 26532
stats: finish_users_count 2242 20008
stats: 200 25660 225194
stats: request 26116 2012.9841363094445 4133.130928128574 71128.31616210938 1.34814453125 928.7132003376764 201554
stats: page 2238 18436.09446104047 11917.518464121364 72638.46020507813 17.640869140625 8719.5844632312 17692
stats: connect 26645 314.4590719980755 550.4018103207407 15210.1318359375 0.39501953125 202.4092964220146 207111
stats: size_rcv 3144188 29006086
stats: newphase 6 51
stats: error_connect_eaddrinuse 0 47
stats: size_sent 3536487 30887081
stats: connected 529 5053
# stats: dump at 1338979359
stats: users 6785 7444
stats: {load,"os_mon@test2"} 1 1.3984375 0.0 1.46875 0.91015625 1.075 10
stats: {recvpackets,"os_mon@test3"} 1 15899.0 0.0 15899 3608 11274.444444444445 9
stats: {sentpackets,"os_mon@test3"} 1 11703.0 0.0 11703 2495 7941.0 9
stats: {freemem,"os_mon@test2"} 1 1139.2890625 0.0 1396.125 1139.2890625 1329.150390625 10
stats: {cpu,"os_mon@test3"} 1 62.40951396070321 0.0 62.40951396070321 3.0364372469635628 43.17424627167962 10
stats: {load,"os_mon@test4"} 1 1.21875 0.0 1.21875 0.26171875 0.5796875 10
stats: {freemem,"os_mon@test4"} 1 1145.23828125 0.0 1381.34765625 1145.23828125 1325.36875 10
stats: {freemem,"os_mon@myserver"} 0 0 0 2411.0703125 2356.9453125 2389.37265625 10
stats: {recvpackets,"os_mon@test2"} 1 15990.0 0.0 15990 3624 11277.666666666666 9
stats: {sentpackets,"os_mon@test2"} 1 11767.0 0.0 11767 2507 7943.666666666667 9
stats: {load,"os_mon@test3"} 1 1.671875 0.0 1.671875 0.44140625 0.8578125 10
stats: {cpu,"os_mon@test2"} 1 60.63774176685833 0.0 63.22547508988187 2.1233569261880687 45.320194726367646 10
stats: {freemem,"os_mon@test3"} 1 1166.70703125 0.0 1383.0390625 1166.70703125 1324.796875 10
stats: {recvpackets,"os_mon@test4"} 1 15869.0 0.0 15869 3609 11265.222222222223 9
stats: {sentpackets,"os_mon@test4"} 1 11684.0 0.0 11684 2498 7934.444444444444 9
stats: {cpu,"os_mon@test4"} 1 66.78700361010831 0.0 69.25434116445352 2.06341217916457 41.80201382622907 10
stats: {load,"os_mon@myserver"} 0 0 0 4.23828125 0.609375 2.6796875 10
stats: {recvpackets,"os_mon@myserver"} 0 0 0 15748 3736 12401.777777777777 9
stats: {sentpackets,"os_mon@myserver"} 0 0 0 11691 2580 8768.222222222223 9
stats: {cpu,"os_mon@myserver"} 0 0 0 81.95436736575247 2.508234101849506 64.28591222955613 10
stats: session 2389 20782.553013976845 13138.916601102212 73882.666015625 19.083984375 9916.08672147596 20008
stats: users_count 2650 29182
stats: finish_users_count 2389 22397
stats: request 25704 2411.7897517242436 4813.303178856144 71128.31616210938 1.34814453125 1053.0897970075875 227670
stats: page 2386 20554.777569165704 12919.755710560754 72638.46020507813 17.640869140625 9810.680769056446 19930
stats: connect 25389 309.0004332584992 517.2472327123091 15210.1318359375 0.39501953125 215.18144460312715 233756
stats: 200 24542 249736
stats: size_rcv 3073156 32079242
stats: newphase 5 56
stats: error_connect_eaddrinuse 0 47
stats: size_sent 3368135 34255216
stats: connected -315 4738
# stats: dump at 1338979369
stats: users 8125 8395
stats: {load,"os_mon@test2"} 1 1.26171875 0.0 1.46875 0.91015625 1.1044034090909092 11
stats: {recvpackets,"os_mon@test3"} 1 13684.0 0.0 15899 3608 11736.9 10
stats: {sentpackets,"os_mon@test3"} 1 10397.0 0.0 11703 2495 8317.2 10
stats: {freemem,"os_mon@test2"} 1 1102.15234375 0.0 1396.125 1102.15234375 1311.8902698863637 11
stats: {cpu,"os_mon@test3"} 1 63.66906474820144 0.0 63.66906474820144 3.0364372469635628 44.922906970681765 11
stats: {load,"os_mon@test4"} 1 1.26171875 0.0 1.26171875 0.26171875 0.6377840909090909 11
stats: {freemem,"os_mon@test4"} 1 1100.91796875 0.0 1381.34765625 1100.91796875 1308.993252840909 11
stats: {freemem,"os_mon@myserver"} 1 2352.23828125 0.0 2411.0703125 2352.23828125 2389.37265625 10
stats: {recvpackets,"os_mon@test2"} 1 13580.0 0.0 15990 3624 11748.9 10
stats: {sentpackets,"os_mon@test2"} 1 10331.0 0.0 11767 2507 8326.0 10
stats: {load,"os_mon@test3"} 1 1.640625 0.0 1.671875 0.44140625 0.9318181818181818 11
stats: {cpu,"os_mon@test2"} 1 57.73930753564155 0.0 63.22547508988187 2.1233569261880687 46.71269900277589 11
stats: {freemem,"os_mon@test3"} 1 1105.19140625 0.0 1383.0390625 1105.19140625 1310.4250710227273 11
stats: {recvpackets,"os_mon@test4"} 1 13737.0 0.0 15869 3609 11725.6 10
stats: {sentpackets,"os_mon@test4"} 1 10429.0 0.0 11684 2498 8309.4 10
stats: {cpu,"os_mon@test4"} 1 61.73733195449845 0.0 69.25434116445352 2.06341217916457 44.07337653385446 11
stats: {load,"os_mon@myserver"} 1 4.03125 0.0 4.23828125 0.609375 2.6796875 10
stats: {recvpackets,"os_mon@myserver"} 1 15690.0 0.0 15748 3736 12401.777777777777 9
stats: {sentpackets,"os_mon@myserver"} 1 11992.0 0.0 11992 2580 8768.222222222223 9
stats: {cpu,"os_mon@myserver"} 1 78.22356215213358 0.0 81.95436736575247 2.508234101849506 64.28591222955613 10
stats: session 2105 21845.171209035405 13056.97864662432 75415.09497070313 19.083984375 11075.16999034164 22397
stats: users_count 3445 32627
stats: finish_users_count 2105 24502
stats: 200 24523 274259
stats: connect 26911 312.8961841140561 521.1803935409372 15210.1318359375 0.39501953125 224.3730952349018 259145
stats: page 2135 22032.600883708983 13142.64667377732 75413.74291992188 17.640869140625 10959.426734509963 22316
stats: request 25142 2315.7084403168114 5153.005760893015 71128.31616210938 1.34814453125 1190.9256587615043 253374
stats: size_rcv 3126692 35205934
stats: newphase 6 62
stats: error_connect_eaddrinuse 0 47
stats: size_sent 3570621 37825837
stats: connected 1769 6507
# stats: dump at 1338979379
stats: users 8432 8754
stats: {load,"os_mon@test2"} 1 1.37890625 0.0 1.46875 0.91015625 1.1175130208333333 12
stats: {recvpackets,"os_mon@test3"} 1 13683.0 0.0 15899 3608 11913.90909090909 11
stats: {sentpackets,"os_mon@test3"} 1 10493.0 0.0 11703 2495 8506.272727272728 11
stats: {freemem,"os_mon@test2"} 1 1053.20703125 0.0 1396.125 1053.20703125 1294.4121093750002 12
stats: {cpu,"os_mon@test3"} 1 54.48453608247422 0.0 63.66906474820144 3.0364372469635628 46.48508678547507 12
stats: {load,"os_mon@test4"} 1 1.05859375 0.0 1.26171875 0.26171875 0.6897786458333334 12
stats: {freemem,"os_mon@test4"} 1 1045.51953125 0.0 1381.34765625 1045.51953125 1291.6536458333333 12
stats: {freemem,"os_mon@myserver"} 1 2336.79296875 0.0 2411.0703125 2336.79296875 2385.9968039772725 11
stats: {recvpackets,"os_mon@test2"} 1 13727.0 0.0 15990 3624 11915.363636363636 11
stats: {sentpackets,"os_mon@test2"} 1 10519.0 0.0 11767 2507 8508.272727272728 11
stats: {load,"os_mon@test3"} 1 1.859375 0.0 1.859375 0.44140625 0.9908854166666666 12
stats: {cpu,"os_mon@test2"} 1 58.36335563561504 0.0 63.22547508988187 2.1233569261880687 47.63158304718136 12
stats: {freemem,"os_mon@test3"} 1 1061.55078125 0.0 1383.0390625 1061.55078125 1293.322265625 12
stats: {recvpackets,"os_mon@test4"} 1 13667.0 0.0 15869 3609 11908.454545454546 11
stats: {sentpackets,"os_mon@test4"} 1 10485.0 0.0 11684 2498 8502.09090909091 11
stats: {cpu,"os_mon@test4"} 1 61.35190918472653 0.0 69.25434116445352 2.06341217916457 45.54537281890813 12
stats: {load,"os_mon@myserver"} 1 3.94921875 0.0 4.23828125 0.609375 2.8025568181818183 11
stats: {recvpackets,"os_mon@myserver"} 1 17128.0 0.0 17128 3736 12730.6 10
stats: {sentpackets,"os_mon@myserver"} 1 12934.0 0.0 12934 2580 9090.6 10
stats: {cpu,"os_mon@myserver"} 1 79.6826900307838 0.0 81.95436736575247 2.508234101849506 65.55297131342681 11
stats: session 2272 24596.983188253074 15456.329896549336 88395.49096679688 19.083984375 12000.435379507846 24502
stats: users_count 2579 35206
stats: finish_users_count 2272 26774
stats: request 25221 2652.1499059544017 5795.162545745875 78928.28588867188 1.34814453125 1292.4612570533925 278516
stats: page 2273 24461.651700799775 15485.293131022807 88394.26293945313 17.640869140625 11926.308531104782 24451
stats: connect 25853 276.08475375840646 429.3778525810966 15212.5068359375 0.39501953125 232.7009920272324 286056
stats: 200 24699 298958
stats: size_rcv 3146928 38352862
stats: newphase 6 68
stats: error_connect_eaddrinuse 0 47
stats: size_sent 3430823 41256660
stats: connected 632 7139
# stats: dump at 1338979389
stats: users 10031 10489
stats: {load,"os_mon@test2"} 1 1.41015625 0.0 1.46875 0.91015625 1.1376201923076923 13
stats: {recvpackets,"os_mon@test3"} 1 14572.0 0.0 15899 3608 12061.333333333334 12
stats: {sentpackets,"os_mon@test3"} 1 1.13e4 0.0 11703 2495 8671.833333333334 12
stats: {freemem,"os_mon@test2"} 1 1005.9765625 0.0 1396.125 1005.9765625 1275.857872596154 13
stats: {cpu,"os_mon@test3"} 1 62.207527975584945 0.0 63.66906474820144 3.0364372469635628 47.100429039090386 13
stats: {load,"os_mon@test4"} 1 1.359375 0.0 1.359375 0.26171875 0.7181490384615384 13
stats: {freemem,"os_mon@test4"} 1 989.66015625 0.0 1381.34765625 989.66015625 1272.7202524038462 13
stats: {freemem,"os_mon@myserver"} 1 2328.1953125 0.0 2411.0703125 2328.1953125 2381.8964843749995 12
stats: {recvpackets,"os_mon@test2"} 1 14542.0 0.0 15990 3624 12066.333333333334 12
stats: {sentpackets,"os_mon@test2"} 1 11271.0 0.0 11767 2507 8675.833333333334 12
stats: {load,"os_mon@test3"} 1 1.6484375 0.0 1.859375 0.44140625 1.0576923076923077 13
stats: {cpu,"os_mon@test2"} 1 63.589479112944815 0.0 63.589479112944815 2.1233569261880687 48.45710401552241 13
stats: {freemem,"os_mon@test3"} 1 1006.66796875 0.0 1383.0390625 1006.66796875 1275.4936899038462 13
stats: {recvpackets,"os_mon@test4"} 1 14554.0 0.0 15869 3609 12055.0 12
stats: {sentpackets,"os_mon@test4"} 1 11291.0 0.0 11684 2498 8667.333333333334 12
stats: {cpu,"os_mon@test4"} 1 60.677083333333336 0.0 69.25434116445352 2.06341217916457 46.761260231663385 13
stats: {load,"os_mon@myserver"} 1 4.23828125 0.0 4.23828125 0.609375 2.8981119791666665 12
stats: {recvpackets,"os_mon@myserver"} 1 16086.0 0.0 17128 3736 13130.363636363636 11
stats: {sentpackets,"os_mon@myserver"} 1 12406.0 0.0 12934 2580 9440.0 11
stats: {cpu,"os_mon@myserver"} 1 78.93789378937895 0.0 81.95436736575247 2.508234101849506 66.73044787320656 12
stats: session 2057 25414.380647754802 17542.699361457617 94207.451171875 19.083984375 13069.358835900957 26774
stats: users_count 3656 38862
stats: finish_users_count 2057 28831
stats: request 25644 2858.1692065802968 6542.179966053029 82601.89794921875 1.34814453125 1405.3638912860752 303737
stats: page 2018 25494.04591767355 17409.67490479409 94205.64697265625 17.640869140625 12992.497538166477 26724
stats: connect 26482 271.7851035811921 498.80809230965 31261.77197265625 0.39501953125 236.29691388917306 311909
stats: 200 24955 323913
stats: size_rcv 3186396 41539258
stats: newphase 6 74
stats: error_connect_eaddrinuse 0 47
stats: size_sent 3515238 44771898
stats: connected 838 7977
# stats: dump at 1338979399
stats: users 11245 11528
stats: {load,"os_mon@test2"} 1 1.421875 0.0 1.46875 0.91015625 1.1570870535714286 14
stats: {recvpackets,"os_mon@test3"} 1 18934.0 0.0 18934 3608 12254.461538461539 13
stats: {sentpackets,"os_mon@test3"} 1 14367.0 0.0 14367 2495 8874.0 13
stats: {freemem,"os_mon@test2"} 1 963.140625 0.0 1396.125 963.140625 1256.5806361607144 14
stats: {cpu,"os_mon@test3"} 1 72.5781650435674 0.0 72.5781650435674 3.0364372469635628 48.17950753455428 14
stats: {load,"os_mon@test4"} 1 1.23046875 0.0 1.359375 0.26171875 0.7639508928571429 14
stats: {freemem,"os_mon@test4"} 1 922.18359375 0.0 1381.34765625 922.18359375 1252.501674107143 14
stats: {freemem,"os_mon@myserver"} 1 2309.1953125 0.0 2411.0703125 2309.1953125 2377.7656249999995 13
stats: {recvpackets,"os_mon@test2"} 1 18970.0 0.0 18970 3624 12256.76923076923 13
stats: {sentpackets,"os_mon@test2"} 1 14398.0 0.0 14398 2507 8875.461538461539 13
stats: {load,"os_mon@test3"} 1 1.8515625 0.0 1.859375 0.44140625 1.0998883928571428 14
stats: {cpu,"os_mon@test2"} 1 60.71244192049561 0.0 63.589479112944815 2.1233569261880687 49.53798795105258 14
stats: {freemem,"os_mon@test3"} 1 912.87109375 0.0 1383.0390625 912.87109375 1256.2918526785713 14
stats: {recvpackets,"os_mon@test4"} 1 18928.0 0.0 18928 3609 12247.23076923077 13
stats: {sentpackets,"os_mon@test4"} 1 14358.0 0.0 14358 2498 8869.153846153846 13
stats: {cpu,"os_mon@test4"} 1 68.99026140440799 0.0 69.25434116445352 2.06341217916457 47.755247596068386 14
stats: {load,"os_mon@myserver"} 1 4.80078125 0.0 4.80078125 0.609375 3.001201923076923 13
stats: {recvpackets,"os_mon@myserver"} 1 19471.0 0.0 19471 3736 13376.666666666666 12
stats: {sentpackets,"os_mon@myserver"} 1 15098.0 0.0 15098 2580 9687.166666666666 12
stats: {cpu,"os_mon@myserver"} 1 79.08051568961324 0.0 81.95436736575247 2.508234101849506 67.66948217445058 13
stats: session 2199 28937.821180481533 18224.164285924282 104862.15405273438 19.083984375 13950.136813320518 28831
stats: users_count 3413 42275
stats: finish_users_count 2199 31030
stats: request 25245 3137.4487545685274 7120.752494351681 90723.4541015625 1.34814453125 1518.4722354389105 329381
stats: page 2216 28624.554620185067 18155.80295630311 104860.10717773438 17.640869140625 13870.241767163947 28742
stats: connect 27147 302.4966450921415 467.3708219422734 31261.77197265625 0.39501953125 239.07416931093087 338391
stats: 200 24513 348426
stats: size_rcv 3131528 44670786
stats: newphase 4 78
stats: error_connect_eaddrinuse 0 47
stats: size_sent 3604337 48376235
stats: connected 1902 9879
# stats: dump at 1338979409
stats: users 12526 12528
stats: {load,"os_mon@test2"} 1 1.53125 0.0 1.53125 0.91015625 1.1747395833333334 15
stats: {recvpackets,"os_mon@test3"} 1 17123.0 0.0 18934 3608 12731.57142857143 14
stats: {sentpackets,"os_mon@test3"} 1 13114.0 0.0 14367 2495 9266.357142857143 14
stats: {freemem,"os_mon@test2"} 1 949.8359375 0.0 1396.125 949.8359375 1237.0179687500001 15
stats: {cpu,"os_mon@test3"} 1 67.91277258566979 0.0 72.5781650435674 3.0364372469635628 49.80608470182183 15
stats: {load,"os_mon@test4"} 1 1.421875 0.0 1.421875 0.26171875 0.7950520833333333 15
stats: {freemem,"os_mon@test4"} 1 826.0546875 0.0 1381.34765625 826.0546875 1230.48046875 15
stats: {freemem,"os_mon@myserver"} 1 2289.625 0.0 2411.0703125 2289.625 2372.8677455357138 14
stats: {recvpackets,"os_mon@test2"} 1 17051.0 0.0 18970 3624 12736.285714285714 14
stats: {sentpackets,"os_mon@test2"} 1 13063.0 0.0 14398 2507 9269.92857142857 14
stats: {load,"os_mon@test3"} 1 1.9609375 0.0 1.9609375 0.44140625 1.15 15
stats: {cpu,"os_mon@test2"} 1 42.916666666666664 0.0 63.589479112944815 2.1233569261880687 50.28295154901545 15
stats: {freemem,"os_mon@test3"} 1 844.6796875 0.0 1383.0390625 844.6796875 1233.3971354166667 15
stats: {recvpackets,"os_mon@test4"} 1 17155.0 0.0 18928 3609 12724.42857142857 14
stats: {sentpackets,"os_mon@test4"} 1 13130.0 0.0 14358 2498 9261.214285714286 14
stats: {cpu,"os_mon@test4"} 1 74.61139896373057 0.0 74.61139896373057 2.06341217916457 49.17091518329103 15
stats: {load,"os_mon@myserver"} 1 5.94921875 0.0 5.94921875 0.609375 3.1297433035714284 14
stats: {recvpackets,"os_mon@myserver"} 1 18360.0 0.0 19471 3736 13845.461538461539 13
stats: {sentpackets,"os_mon@myserver"} 1 13999.0 0.0 15098 2580 10103.384615384615 13
stats: {cpu,"os_mon@myserver"} 1 81.06008681745487 0.0 81.95436736575247 2.508234101849506 68.4845559969622 14
stats: session 2120 28689.325836411957 19629.506185786886 122080.458984375 19.083984375 15012.267587519264 31030
stats: users_count 3401 45676
stats: finish_users_count 2120 33150
stats: request 25748 3255.444396470114 7664.571204287156 102266.56982421875 1.34814453125 1633.7234077314868 354626
stats: page 2139 28762.419639498243 19717.510428872967 122078.69799804688 17.640869140625 14926.368044129345 30958
stats: connect 26785 271.49522318381605 537.1880054494216 31261.77197265625 0.39501953125 243.78429507085875 365538
stats: 200 25340 373766
stats: size_rcv 3225348 47896134
stats: newphase 6 84
stats: error_connect_eaddrinuse 0 47
stats: size_sent 3554563 51930798
stats: connected 1037 10916
# stats: dump at 1338979419
stats: users 12512 12910
stats: {load,"os_mon@test2"} 1 1.609375 0.0 1.609375 0.91015625 1.197021484375 16
stats: {recvpackets,"os_mon@test3"} 1 16684.0 0.0 18934 3608 13024.333333333334 15
stats: {sentpackets,"os_mon@test3"} 1 12929.0 0.0 14367 2495 9522.866666666667 15
stats: {freemem,"os_mon@test2"} 1 923.72265625 0.0 1396.125 923.72265625 1219.0690917968752 16
stats: {cpu,"os_mon@test3"} 1 75.16675218060543 0.0 75.16675218060543 3.0364372469635628 50.93775269456233 16
stats: {load,"os_mon@test4"} 1 1.94921875 0.0 1.94921875 0.26171875 0.834228515625 16
stats: {freemem,"os_mon@test4"} 1 766.4296875 0.0 1381.34765625 766.4296875 1205.203857421875 16
stats: {freemem,"os_mon@myserver"} 1 2273.375 0.0 2411.0703125 2273.375 2367.3182291666662 15
stats: {recvpackets,"os_mon@test2"} 1 16675.0 0.0 18970 3624 13023.933333333332 15
stats: {sentpackets,"os_mon@test2"} 1 12923.0 0.0 14398 2507 9522.8 15
stats: {load,"os_mon@test3"} 1 2.0390625 0.0 2.0390625 0.44140625 1.20068359375 16
stats: {cpu,"os_mon@test2"} 1 41.87725631768953 0.0 63.589479112944815 2.1233569261880687 49.82255874386865 16
stats: {freemem,"os_mon@test3"} 1 760.4296875 0.0 1383.0390625 760.4296875 1209.102294921875 16
stats: {recvpackets,"os_mon@test4"} 1 16679.0 0.0 18928 3609 13019.8 15
stats: {sentpackets,"os_mon@test4"} 1 12924.0 0.0 14358 2498 9519.133333333333 15
stats: {cpu,"os_mon@test4"} 1 69.26652892561982 0.0 74.61139896373057 2.06341217916457 50.7609454195685 16
stats: {load,"os_mon@myserver"} 1 5.4296875 0.0 5.94921875 0.609375 3.3177083333333335 15
stats: {recvpackets,"os_mon@myserver"} 1 17703.0 0.0 19471 3736 14167.92857142857 14
stats: {sentpackets,"os_mon@myserver"} 1 14088.0 0.0 15098 2580 10381.642857142857 14
stats: {cpu,"os_mon@myserver"} 1 80.92009685230023 0.0 81.95436736575247 2.508234101849506 69.32292471832838 15
stats: session 2362 32545.22528412101 21471.673780577727 125370.77197265625 19.083984375 15886.939185940155 33150
stats: users_count 2348 48024
stats: finish_users_count 2362 35512
stats: request 25217 3900.3744478299477 8721.203088586903 102266.56982421875 1.34814453125 1743.4997647328648 380374
stats: page 2346 32293.288153268713 21394.976145382545 125368.71801757813 17.640869140625 15820.567348069098 33097
stats: connect 25448 311.1868968149365 533.1200208081734 31261.77197265625 0.39501953125 245.67619845023128 392323
stats: 200 24447 398213
stats: size_rcv 3020990 50917124
stats: newphase 2 86
stats: error_connect_eaddrinuse 0 47
stats: size_sent 3377616 55308414
stats: connected 231 11147
# stats: dump at 1338979429
stats: users 13944 14251
stats: {load,"os_mon@test2"} 1 1.671875 0.0 1.671875 0.91015625 1.2212775735294117 17
stats: {recvpackets,"os_mon@test3"} 1 18481.0 0.0 18934 3608 13253.0625 16
stats: {sentpackets,"os_mon@test3"} 1 14982.0 0.0 14982 2495 9735.75 16
stats: {freemem,"os_mon@test2"} 1 861.359375 0.0 1396.125 861.359375 1201.6957720588236 17
stats: {cpu,"os_mon@test3"} 1 57.90575916230366 0.0 75.16675218060543 3.0364372469635628 52.36298795844721 17
stats: {load,"os_mon@test4"} 1 2.1015625 0.0 2.1015625 0.26171875 0.8998161764705882 17
stats: {freemem,"os_mon@test4"} 1 683.88671875 0.0 1381.34765625 683.88671875 1179.393612132353 17
stats: {freemem,"os_mon@myserver"} 1 2257.2734375 0.0 2411.0703125 2257.2734375 2361.4467773437495 16
stats: {recvpackets,"os_mon@test2"} 1 18491.0 0.0 18970 3624 13252.125 16
stats: {sentpackets,"os_mon@test2"} 1 14989.0 0.0 14989 2507 9735.3125 16
stats: {load,"os_mon@test3"} 1 1.80859375 0.0 2.0390625 0.44140625 1.25 17
stats: {cpu,"os_mon@test2"} 1 57.282552753474015 0.0 63.589479112944815 2.1233569261880687 49.35518801291693 17
stats: {freemem,"os_mon@test3"} 1 745.078125 0.0 1383.0390625 745.078125 1182.7097886029412 17
stats: {recvpackets,"os_mon@test4"} 1 18513.0 0.0 18928 3609 13248.5 16
stats: {sentpackets,"os_mon@test4"} 1 15014.0 0.0 15014 2498 9731.9375 16
stats: {cpu,"os_mon@test4"} 1 76.18320610687023 0.0 76.18320610687023 2.06341217916457 51.84950915521858 17
stats: {load,"os_mon@myserver"} 1 5.33984375 0.0 5.94921875 0.609375 3.44970703125 16
stats: {recvpackets,"os_mon@myserver"} 1 21660.0 0.0 21660 3736 14403.6 15
stats: {sentpackets,"os_mon@myserver"} 1 17094.0 0.0 17094 2580 10628.733333333334 15
stats: {cpu,"os_mon@myserver"} 1 78.62965410883454 0.0 81.95436736575247 2.508234101849506 70.04774797670163 16
stats: session 1996 35528.78032065116 22506.470105419627 132319.18090820313 19.083984375 16994.927239665747 35512
stats: users_count 3428 51452
stats: finish_users_count 1996 37508
stats: request 25525 3905.5965166656474 9251.033452746411 118441.37890625 1.34814453125 1877.6001488233874 405591
stats: page 2001 35641.06993402716 22424.651688702612 132317.75610351563 17.640869140625 16910.909672618327 35443
stats: connect 27243 306.85848922738035 555.1947950549404 31261.77197265625 0.39501953125 249.66670102696594 417771
stats: 200 25087 423300
stats: size_rcv 3163300 54080424
stats: newphase 4 90
stats: error_connect_eaddrinuse 0 47
stats: size_sent 3616214 58924628
stats: connected 1717 12864
# stats: dump at 1338979439
stats: users 13449 14251
stats: {load,"os_mon@test2"} 1 1.640625 0.0 1.671875 0.91015625 1.2463107638888888 18
stats: {recvpackets,"os_mon@test3"} 1 14253.0 0.0 18934 3608 13560.588235294117 17
stats: {sentpackets,"os_mon@test3"} 1 11655.0 0.0 14982 2495 10044.35294117647 17
stats: {freemem,"os_mon@test2"} 1 778.65625 0.0 1396.125 778.65625 1182.7881944444446 18
stats: {cpu,"os_mon@test3"} 1 39.87915407854985 0.0 75.16675218060543 3.0364372469635628 52.67091969199479 18
stats: {load,"os_mon@test4"} 1 2.53125 0.0 2.53125 0.26171875 0.9665798611111112 18
stats: {freemem,"os_mon@test4"} 1 624.43359375 0.0 1381.34765625 624.43359375 1151.865451388889 18
stats: {freemem,"os_mon@myserver"} 1 2260.41796875 0.0 2411.0703125 2257.2734375 2355.318933823529 17
stats: {recvpackets,"os_mon@test2"} 1 14375.0 0.0 18970 3624 13560.29411764706 17
stats: {sentpackets,"os_mon@test2"} 1 11888.0 0.0 14989 2507 10044.35294117647 17
stats: {load,"os_mon@test3"} 1 1.609375 0.0 2.0390625 0.44140625 1.2810329861111112 18
stats: {cpu,"os_mon@test2"} 1 66.9195751138088 0.0 66.9195751138088 2.1233569261880687 49.79559716517011 18
stats: {freemem,"os_mon@test3"} 1 738.7890625 0.0 1383.0390625 738.7890625 1158.3969184027778 18
stats: {recvpackets,"os_mon@test4"} 1 14248.0 0.0 18928 3609 13558.176470588236 17
stats: {sentpackets,"os_mon@test4"} 1 11650.0 0.0 15014 2498 10042.64705882353 17
stats: {cpu,"os_mon@test4"} 1 71.62022703818369 0.0 76.18320610687023 2.06341217916457 53.201381208088115 18
stats: {load,"os_mon@myserver"} 1 5.390625 0.0 5.94921875 0.609375 3.560891544117647 17
stats: {recvpackets,"os_mon@myserver"} 1 15284.0 0.0 21660 3736 14857.125 16
stats: {sentpackets,"os_mon@myserver"} 1 12889.0 0.0 17094 2580 11032.8125 16
stats: {cpu,"os_mon@myserver"} 1 77.7433514071779 0.0 81.95436736575247 2.508234101849506 70.55256598447416 17
stats: session 2475 37762.617528211675 23989.336326129556 138195.85595703125 19.083984375 17981.21205222965 37508
stats: users_count 1980 53432
stats: finish_users_count 2475 39983
stats: request 25288 4811.906588155206 10590.39347333943 118441.37890625 1.34814453125 1997.6713298725103 431116
stats: page 2454 37454.49627461697 23931.020914203476 138193.81616210938 17.640869140625 17911.84575538403 37444
stats: connect 24313 237.9098156099137 383.93776112406516 31261.77197265625 0.39501953125 253.1678850030743 445014
stats: 200 24653 447953
stats: size_rcv 3074274 57154698
stats: newphase 5 95
stats: error_connect_eaddrinuse 0 47
stats: size_sent 3226659 62151287
stats: connected -975 11889
# stats: dump at 1338979449
stats: users 14544 14597
stats: {load,"os_mon@test2"} 1 1.76171875 0.0 1.76171875 0.91015625 1.267064144736842 19
stats: {recvpackets,"os_mon@test3"} 1 14803.0 0.0 18934 3608 13599.055555555555 18
stats: {sentpackets,"os_mon@test3"} 1 12532.0 0.0 14982 2495 10133.833333333334 18
stats: {freemem,"os_mon@test2"} 1 727.21484375 0.0 1396.125 727.21484375 1161.5180921052633 19
stats: {cpu,"os_mon@test3"} 1 42.03117144293615 0.0 75.16675218060543 3.0364372469635628 51.997668870234534 19
stats: {load,"os_mon@test4"} 1 2.44921875 0.0 2.53125 0.26171875 1.0489309210526316 19
stats: {freemem,"os_mon@test4"} 1 565.96484375 0.0 1381.34765625 565.96484375 1124.1058799342106 19
stats: {freemem,"os_mon@myserver"} 1 2250.859375 0.0 2411.0703125 2250.859375 2350.046657986111 18
stats: {recvpackets,"os_mon@test2"} 1 15086.0 0.0 18970 3624 13605.555555555555 18
stats: {sentpackets,"os_mon@test2"} 1 12624.0 0.0 14989 2507 10146.777777777777 18
stats: {load,"os_mon@test3"} 1 1.359375 0.0 2.0390625 0.44140625 1.298314144736842 19
stats: {cpu,"os_mon@test2"} 1 72.29591836734693 0.0 72.29591836734693 2.1233569261880687 50.69685916246688 19
stats: {freemem,"os_mon@test3"} 1 714.734375 0.0 1383.0390625 714.734375 1136.3122944078948 19
stats: {recvpackets,"os_mon@test4"} 1 14767.0 0.0 18928 3609 13596.5 18
stats: {sentpackets,"os_mon@test4"} 1 12499.0 0.0 15014 2498 10131.944444444445 18
stats: {cpu,"os_mon@test4"} 1 70.96446700507613 0.0 76.18320610687023 2.06341217916457 54.1707941465142 19
stats: {load,"os_mon@myserver"} 1 5.859375 0.0 5.94921875 0.609375 3.6625434027777777 18
stats: {recvpackets,"os_mon@myserver"} 1 16965.0 0.0 21660 3736 14882.235294117647 17
stats: {sentpackets,"os_mon@myserver"} 1 13776.0 0.0 17094 2580 11142.0 17
stats: {cpu,"os_mon@myserver"} 1 78.86518583681548 0.0 81.95436736575247 2.508234101849506 70.95205406351324 18
stats: session 2391 40151.28923822818 26160.305546418764 143249.93701171875 19.083984375 19205.70692637755 39983
stats: users_count 3486 56918
stats: finish_users_count 2391 42374
stats: request 26261 4355.934254977737 10657.670525276979 125084.83813476563 1.34814453125 2153.5998081756206 456404
stats: page 2440 40270.14899412059 26117.59276254064 143248.74291992188 17.640869140625 19113.852481891565 39898
stats: connect 27855 244.36214022673232 379.8113117573087 31261.77197265625 0.39501953125 252.37745649340852 469327
stats: 200 26071 474024
stats: size_rcv 3297726 60452424
stats: newphase 5 100
stats: error_connect_eaddrinuse 0 47
stats: size_sent 3696650 65847937
stats: connected 1593 13482
# stats: dump at 1338979449
stats: users 14508 14597
stats: {load,"os_mon@test2"} 0 0 0 1.76171875 0.91015625 1.291796875 20
stats: {recvpackets,"os_mon@test3"} 0 0 0 18934 3608 13662.421052631578 19
stats: {sentpackets,"os_mon@test3"} 0 0 0 14982 2495 10260.052631578947 19
stats: {freemem,"os_mon@test2"} 0 0 0 1396.125 727.21484375 1139.8029296875002 20
stats: {cpu,"os_mon@test3"} 0 0 0 75.16675218060543 3.0364372469635628 51.499343998869605 20
stats: {load,"os_mon@test4"} 0 0 0 2.53125 0.26171875 1.1189453125 20
stats: {freemem,"os_mon@test4"} 0 0 0 1381.34765625 565.96484375 1096.198828125 20
stats: {freemem,"os_mon@myserver"} 0 0 0 2411.0703125 2250.859375 2344.826274671052 19
stats: {recvpackets,"os_mon@test2"} 0 0 0 18970 3624 13683.473684210527 19
stats: {sentpackets,"os_mon@test2"} 0 0 0 14989 2507 10277.157894736842 19
stats: {load,"os_mon@test3"} 0 0 0 2.0390625 0.44140625 1.3013671875 20
stats: {cpu,"os_mon@test2"} 0 0 0 72.29591836734693 2.1233569261880687 51.776812122710886 20
stats: {freemem,"os_mon@test3"} 0 0 0 1383.0390625 714.734375 1115.2333984375 20
stats: {recvpackets,"os_mon@test4"} 0 0 0 18928 3609 13658.105263157895 19
stats: {sentpackets,"os_mon@test4"} 0 0 0 15014 2498 10256.526315789473 19
stats: {cpu,"os_mon@test4"} 0 0 0 76.18320610687023 2.06341217916457 55.01047778944229 20
stats: {load,"os_mon@myserver"} 0 0 0 5.94921875 0.609375 3.7781661184210527 19
stats: {recvpackets,"os_mon@myserver"} 0 0 0 21660 3736 14997.944444444445 18
stats: {sentpackets,"os_mon@myserver"} 0 0 0 17094 2580 11288.333333333334 18
stats: {cpu,"os_mon@myserver"} 0 0 0 81.95436736575247 2.508234101849506 71.36853468316073 19
stats: session 40 42412.27516479492 25391.871142802138 143249.93701171875 19.083984375 20387.58466526542 42374
stats: users_count 4 56922
stats: finish_users_count 40 42414
stats: request 371 6572.765030770936 13636.807974157171 125084.83813476563 1.34814453125 2273.4251630438425 482665
stats: page 37 45431.637939453125 27991.313781049867 143248.74291992188 17.640869140625 20333.120361570313 42338
stats: 200 359 474383
stats: connect 385 348.1974121093747 401.54710050443805 31261.77197265625 0.39501953125 251.92839229838884 497182
stats: size_rcv 43446 60495870
stats: newphase 0 100
stats: error_connect_eaddrinuse 0 47
stats: size_sent 51091 65899028
stats: connected 14 13496
stats: error_abort 1 1
EndMonitor:{1338,979449,881045}
