# stats: dump at 1338894017
stats: users 1 6
stats: session 30 33.02301432291667 7.649508404190499 56.22607421875 22.76416015625 0 0
stats: users_count 31 31
stats: finish_users_count 30 30
stats: 200 290 290
stats: request 290 2.776599542025862 0.969031511477346 8.875 1.35205078125 0 0
stats: connect 290 1.2612624595905173 0.604736834368418 6.297119140625 0.48681640625 0 0
stats: page 29 30.706947063577594 7.306199235002421 51.281005859375 20.6298828125 0 0
stats: size_rcv 131080 131080
stats: size_sent 37810 37810
stats: connected 0 0
# stats: dump at 1338894027
stats: users 10 13
stats: {load,"os_mon@test2"} 1 1.58984375 0 1.58984375 1.58984375 0 0
stats: {freemem,"os_mon@test2"} 1 1534.46875 0 1534.46875 1534.46875 0 0
stats: {cpu,"os_mon@test3"} 1 1.607232546459066 0 1.607232546459066 1.607232546459066 0 0
stats: {load,"os_mon@test4"} 1 2.140625 0 2.140625 2.140625 0 0
stats: {freemem,"os_mon@test4"} 1 1463.80078125 0 1463.80078125 1463.80078125 0 0
stats: {freemem,"os_mon@myserver"} 1 2896.46875 0 2896.46875 2896.46875 0 0
stats: {load,"os_mon@test3"} 1 2.23046875 0 2.23046875 2.23046875 0 0
stats: {cpu,"os_mon@test2"} 1 8.867735470941884 0 8.867735470941884 8.867735470941884 0 0
stats: {freemem,"os_mon@test3"} 1 1515.859375 0 1515.859375 1515.859375 0 0
stats: {cpu,"os_mon@test4"} 1 1.951951951951952 0 1.951951951951952 1.951951951951952 0 0
stats: {load,"os_mon@myserver"} 1 1.98046875 0 1.98046875 1.98046875 0 0
stats: {cpu,"os_mon@myserver"} 1 2.9959718026183286 0 2.9959718026183286 2.9959718026183286 0 0
stats: session 714 28.029973219756652 9.060572389672634 91.716064453125 18.233154296875 33.02301432291667 30
stats: users_count 723 754
stats: finish_users_count 714 744
stats: request 7134 2.430499454088711 1.5269818346549289 36.2529296875 1.152099609375 2.776599542025862 290
stats: page 712 25.870461110318644 8.801759826741579 87.9619140625 16.89892578125 30.706947063577594 29
stats: connect 7134 1.1032052303449968 0.9754257217341833 28.23095703125 0.423828125 1.2612624595905173 290
stats: 200 7134 7424
stats: size_rcv 3224568 3355648
stats: newphase 2 2
stats: size_sent 932006 969816
stats: connected 0 0
# stats: dump at 1338894037
stats: users 15 41
stats: {load,"os_mon@test2"} 1 1.5 0.0 1.58984375 1.5 1.58984375 1
stats: {recvpackets,"os_mon@test3"} 1 4247 0 4247 4247 0 0
stats: {sentpackets,"os_mon@test3"} 1 2900 0 2900 2900 0 0
stats: {freemem,"os_mon@test2"} 1 1534.0234375 0.0 1534.46875 1534.0234375 1534.46875 1
stats: {cpu,"os_mon@test3"} 1 17.921146953405017 0.0 17.921146953405017 1.607232546459066 1.607232546459066 1
stats: {load,"os_mon@test4"} 1 1.87890625 0.0 2.140625 1.87890625 2.140625 1
stats: {freemem,"os_mon@test4"} 1 1462.5 0.0 1463.80078125 1462.5 1463.80078125 1
stats: {freemem,"os_mon@myserver"} 1 2897.79296875 0.0 2897.79296875 2896.46875 2896.46875 1
stats: {recvpackets,"os_mon@test2"} 1 4301 0 4301 4301 0 0
stats: {sentpackets,"os_mon@test2"} 1 2938 0 2938 2938 0 0
stats: {load,"os_mon@test3"} 1 1.87890625 0.0 2.23046875 1.87890625 2.23046875 1
stats: {cpu,"os_mon@test2"} 1 32.32016210739615 0.0 32.32016210739615 8.867735470941884 8.867735470941884 1
stats: {freemem,"os_mon@test3"} 1 1514.33984375 0.0 1515.859375 1514.33984375 1515.859375 1
stats: {recvpackets,"os_mon@test4"} 1 4247 0 4247 4247 0 0
stats: {sentpackets,"os_mon@test4"} 1 2900 0 2900 2900 0 0
stats: {cpu,"os_mon@test4"} 1 8.781725888324873 0.0 8.781725888324873 1.951951951951952 1.951951951951952 1
stats: {load,"os_mon@myserver"} 1 1.6796875 0.0 1.98046875 1.6796875 1.98046875 1
stats: {recvpackets,"os_mon@myserver"} 1 4336 0 4336 4336 0 0
stats: {sentpackets,"os_mon@myserver"} 1 2960 0 2960 2960 0 0
stats: {cpu,"os_mon@myserver"} 1 17.72566817952597 0.0 17.72566817952597 2.9959718026183286 2.9959718026183286 1
stats: session 1676 40.34662535310076 61.10360002434057 1064.194091796875 17.60498046875 28.231305522303426 744
stats: users_count 1681 2435
stats: finish_users_count 1676 2420
stats: request 16718 3.685679357578653 17.803971248256907 1003.987060546875 1.152099609375 2.4440189887737556 7424
stats: page 1668 38.446998797446405 61.270122811627125 1062.802978515625 16.291015625 26.059743286627025 741
stats: connect 16722 1.6053755292195535 15.47959553013409 1002.02294921875 0.35595703125 1.1093793408623998 7424
stats: 200 16718 24142
stats: size_rcv 7556536 10912184
stats: newphase 6 8
stats: size_sent 2187018 3156834
stats: connected 4 4
# stats: dump at 1338894047
stats: users 182 183
stats: {load,"os_mon@test2"} 1 1.421875 0.0 1.58984375 1.421875 1.544921875 2
stats: {recvpackets,"os_mon@test3"} 1 8060.0 0.0 8060 4247 4247.0 1
stats: {sentpackets,"os_mon@test3"} 1 5342.0 0.0 5342 2900 2.9e3 1
stats: {freemem,"os_mon@test2"} 1 1533.109375 0.0 1534.46875 1533.109375 1534.24609375 2
stats: {cpu,"os_mon@test3"} 1 34.09801876955162 0.0 34.09801876955162 1.607232546459066 9.764189749932042 2
stats: {load,"os_mon@test4"} 1 1.671875 0.0 2.140625 1.671875 2.009765625 2
stats: {freemem,"os_mon@test4"} 1 1461.3046875 0.0 1463.80078125 1461.3046875 1463.150390625 2
stats: {freemem,"os_mon@myserver"} 1 2895.20703125 0.0 2897.79296875 2895.20703125 2897.130859375 2
stats: {recvpackets,"os_mon@test2"} 1 8138.0 0.0 8138 4301 4301.0 1
stats: {sentpackets,"os_mon@test2"} 1 5393.0 0.0 5393 2938 2938.0 1
stats: {load,"os_mon@test3"} 1 1.6796875 0.0 2.23046875 1.6796875 2.0546875 2
stats: {cpu,"os_mon@test2"} 1 46.7318579516212 0.0 46.7318579516212 8.867735470941884 20.59394878916902 2
stats: {freemem,"os_mon@test3"} 1 1513.18359375 0.0 1515.859375 1513.18359375 1515.099609375 2
stats: {recvpackets,"os_mon@test4"} 1 8040.0 0.0 8040 4247 4247.0 1
stats: {sentpackets,"os_mon@test4"} 1 5328.0 0.0 5328 2900 2.9e3 1
stats: {cpu,"os_mon@test4"} 1 30.501535312180145 0.0 30.501535312180145 1.951951951951952 5.366838920138412 2
stats: {load,"os_mon@myserver"} 1 1.5703125 0.0 1.98046875 1.5703125 1.830078125 2
stats: {recvpackets,"os_mon@myserver"} 1 8220.0 0.0 8220 4336 4336.0 1
stats: {sentpackets,"os_mon@myserver"} 1 5450.0 0.0 5450 2960 2960.0 1
stats: {cpu,"os_mon@myserver"} 1 35.1025641025641 0.0 35.1025641025641 2.9959718026183286 10.36081999107215 2
stats: session 2415 194.3223802649455 292.1026737477819 2259.57421875 17.60498046875 36.62191545470687 2420
stats: users_count 2582 5017
stats: finish_users_count 2415 4835
stats: request 24608 19.47040218556658 84.57394298282676 1338.60498046875 1.10205078125 3.303851564603441 24142
stats: page 2398 185.23171174953734 281.5697790056292 2257.583984375 16.291015625 34.63672219573733 2409
stats: connect 24694 11.076255130373939 79.18157874985604 1018.951171875 0.3310546875 1.4528750859840898 24146
stats: 200 24608 48750
stats: size_rcv 11122816 22035000
stats: newphase 6 14
stats: size_sent 3228646 6385480
stats: connected 86 90
# stats: dump at 1338894057
stats: users 1331 1331
stats: {load,"os_mon@test2"} 1 1.359375 0.0 1.58984375 1.359375 1.50390625 3
stats: {recvpackets,"os_mon@test3"} 1 11461.0 0.0 11461 4247 6153.5 2
stats: {sentpackets,"os_mon@test3"} 1 7641.0 0.0 7641 2900 4121.0 2
stats: {freemem,"os_mon@test2"} 1 1520.78515625 0.0 1534.46875 1520.78515625 1533.8671875 3
stats: {cpu,"os_mon@test3"} 1 49.36974789915966 0.0 49.36974789915966 1.607232546459066 17.875466089805233 3
stats: {load,"os_mon@test4"} 1 1.5 0.0 2.140625 1.5 1.8971354166666667 3
stats: {freemem,"os_mon@test4"} 1 1456.57421875 0.0 1463.80078125 1456.57421875 1462.53515625 3
stats: {freemem,"os_mon@myserver"} 1 2886.31640625 0.0 2897.79296875 2886.31640625 2896.4895833333335 3
stats: {recvpackets,"os_mon@test2"} 1 11501.0 0.0 11501 4301 6219.5 2
stats: {sentpackets,"os_mon@test2"} 1 7670.0 0.0 7670 2938 4165.5 2
stats: {load,"os_mon@test3"} 1 1.5 0.0 2.23046875 1.5 1.9296875 3
stats: {cpu,"os_mon@test2"} 1 55.24691358024691 0.0 55.24691358024691 8.867735470941884 29.306585176653083 3
stats: {freemem,"os_mon@test3"} 1 1509.1171875 0.0 1515.859375 1509.1171875 1514.4609375 3
stats: {recvpackets,"os_mon@test4"} 1 11425.0 0.0 11425 4247 6143.5 2
stats: {sentpackets,"os_mon@test4"} 1 7611.0 0.0 7611 2900 4114.0 2
stats: {cpu,"os_mon@test4"} 1 41.9753086419753 0.0 41.9753086419753 1.951951951951952 13.745071050818991 3
stats: {load,"os_mon@myserver"} 1 1.6484375 0.0 1.98046875 1.5703125 1.7434895833333333 3
stats: {recvpackets,"os_mon@myserver"} 1 11684.0 0.0 11684 4336 6278.0 2
stats: {sentpackets,"os_mon@myserver"} 1 7790.0 0.0 7790 2960 4205.0 2
stats: {cpu,"os_mon@myserver"} 1 57.139246904220364 0.0 57.139246904220364 2.9959718026183286 18.608068028236133 3
stats: session 2487 1716.7266000978511 848.0330318524457 6482.388916015625 17.60498046875 115.39060677150653 4835
stats: users_count 3636 8653
stats: finish_users_count 2487 7322
stats: request 29162 191.69673956984943 192.5715773077422 4323.787109375 1.10205078125 11.464394696514436 48750
stats: page 2478 1686.7426694757612 841.9306207658591 6480.898193359375 16.291015625 109.76191149259866 4807
stats: connect 29933 52.73576240844135 123.07116465433481 1403.298095703125 0.3310546875 6.318553767723707 48840
stats: 200 29162 77912
stats: size_rcv 13181224 35216224
stats: newphase 6 20
stats: size_sent 3909781 10295261
stats: connected 771 861
# stats: dump at 1338894067
stats: users 4339 4339
stats: {load,"os_mon@test2"} 1 1.30078125 0.0 1.58984375 1.30078125 1.4677734375 4
stats: {recvpackets,"os_mon@test3"} 1 14789.0 0.0 14789 4247 7922.666666666667 3
stats: {sentpackets,"os_mon@test3"} 1 9874.0 0.0 9874 2900 5294.333333333333 3
stats: {freemem,"os_mon@test2"} 1 1493.42578125 0.0 1534.46875 1493.42578125 1530.5966796875 4
stats: {cpu,"os_mon@test3"} 1 57.28669846316905 0.0 57.28669846316905 1.607232546459066 25.74903654214384 4
stats: {load,"os_mon@test4"} 1 1.48828125 0.0 2.140625 1.48828125 1.7978515625 4
stats: {freemem,"os_mon@test4"} 1 1425.3046875 0.0 1463.80078125 1425.3046875 1461.044921875 4
stats: {freemem,"os_mon@myserver"} 1 2883.08203125 0.0 2897.79296875 2883.08203125 2893.9462890625 4
stats: {recvpackets,"os_mon@test2"} 1 14742.0 0.0 14742 4301 7980.0 3
stats: {sentpackets,"os_mon@test2"} 1 9842.0 0.0 9842 2938 5333.666666666667 3
stats: {load,"os_mon@test3"} 1 1.5 0.0 2.23046875 1.5 1.822265625 4
stats: {cpu,"os_mon@test2"} 1 64.25619834710744 0.0 64.25619834710744 8.867735470941884 35.79166727755154 4
stats: {freemem,"os_mon@test3"} 1 1474.43359375 0.0 1515.859375 1474.43359375 1513.125 4
stats: {recvpackets,"os_mon@test4"} 1 14789.0 0.0 14789 4247 7904.0 3
stats: {sentpackets,"os_mon@test4"} 1 9876.0 0.0 9876 2900 5279.666666666667 3
stats: {cpu,"os_mon@test4"} 1 53.03265940902022 0.0 53.03265940902022 1.951951951951952 20.80263044860807 4
stats: {load,"os_mon@myserver"} 1 1.7109375 0.0 1.98046875 1.5703125 1.7197265625 4
stats: {recvpackets,"os_mon@myserver"} 1 15440.0 0.0 15440 4336 8080.0 3
stats: {sentpackets,"os_mon@myserver"} 1 10317.0 0.0 10317 2960 5.4e3 3
stats: {cpu,"os_mon@myserver"} 1 60.46976511744128 0.0 60.46976511744128 2.9959718026183286 28.240862747232192 4
stats: session 1336 4821.576018556148 2178.9295454447283 12985.130859375 17.60498046875 659.3024635596272 7322
stats: users_count 4344 12997
stats: finish_users_count 1336 8658
stats: request 21498 684.3204587254484 1041.9782097657182 9983.573974609375 1.10205078125 78.92429357212018 77912
stats: page 1343 4704.9721650601505 2127.187670501858 12983.762939453125 16.291015625 646.1734857248947 7285
stats: connect 21777 264.73172866899193 747.159405032852 7027.234130859375 0.3310546875 23.956657004144834 78773
stats: 200 21498 99410
stats: size_rcv 9717096 44933320
stats: newphase 6 26
stats: size_sent 2847361 13142622
stats: connected 279 1140
# stats: dump at 1338894077
stats: users 4499 4576
stats: {load,"os_mon@test2"} 1 1.25 0.0 1.58984375 1.25 1.434375 5
stats: {recvpackets,"os_mon@test3"} 1 14383.0 0.0 14789 4247 9639.25 4
stats: {sentpackets,"os_mon@test3"} 1 9.8e3 0.0 9874 2900 6439.25 4
stats: {freemem,"os_mon@test2"} 1 1419.01953125 0.0 1534.46875 1419.01953125 1523.1625 5
stats: {cpu,"os_mon@test3"} 1 47.62658227848101 0.0 57.28669846316905 1.607232546459066 32.05656892634888 5
stats: {load,"os_mon@test4"} 1 1.421875 0.0 2.140625 1.421875 1.7359375 5
stats: {freemem,"os_mon@test4"} 1 1371.33203125 0.0 1463.80078125 1371.33203125 1453.896875 5
stats: {freemem,"os_mon@myserver"} 1 2878.8984375 0.0 2897.79296875 2878.8984375 2891.7734375 5
stats: {recvpackets,"os_mon@test2"} 1 14365.0 0.0 14742 4301 9670.5 4
stats: {sentpackets,"os_mon@test2"} 1 9791.0 0.0 9842 2938 6460.75 4
stats: {load,"os_mon@test3"} 1 1.578125 0.0 2.23046875 1.5 1.7578125 5
stats: {cpu,"os_mon@test2"} 1 53.34728033472803 0.0 64.25619834710744 8.867735470941884 41.48457349146272 5
stats: {freemem,"os_mon@test3"} 1 1415.8203125 0.0 1515.859375 1415.8203125 1505.38671875 5
stats: {recvpackets,"os_mon@test4"} 1 14376.0 0.0 14789 4247 9625.25 4
stats: {sentpackets,"os_mon@test4"} 1 9796.0 0.0 9876 2900 6428.75 4
stats: {cpu,"os_mon@test4"} 1 46.415678184631254 0.0 53.03265940902022 1.951951951951952 27.2486362406905 5
stats: {load,"os_mon@myserver"} 1 1.51953125 0.0 1.98046875 1.51953125 1.71796875 5
stats: {recvpackets,"os_mon@myserver"} 1 13853.0 0.0 15440 4336 9920.0 4
stats: {sentpackets,"os_mon@myserver"} 1 9511.0 0.0 10317 2960 6629.25 4
stats: {cpu,"os_mon@myserver"} 1 43.18358867826538 0.0 60.46976511744128 2.9959718026183286 34.68664322127401 5
stats: session 2019 10099.141894313614 3897.096837451006 22238.406005859375 17.60498046875 1301.57521355678 8658
stats: users_count 2179 15176
stats: finish_users_count 2019 10677
stats: request 25115 1284.7167373052666 2219.8126598492863 17707.192138671875 1.10205078125 209.8447920980859 99410
stats: page 1972 10043.984608988721 3855.1678599720635 22236.776123046875 16.291015625 1277.9498680089987 8628
stats: connect 25018 811.1741094068531 1991.4761526024229 16320.574951171875 0.3310546875 76.10343707023509 100550
stats: 200 25115 124525
stats: size_rcv 11351980 56285300
stats: newphase 6 32
stats: size_sent 3270530 16413152
stats: connected -97 1043
# stats: dump at 1338894087
stats: users 6018 6019
stats: {load,"os_mon@test2"} 1 1.21875 0.0 1.58984375 1.21875 1.4036458333333333 6
stats: {recvpackets,"os_mon@test3"} 1 10989.0 0.0 14789 4247 10588.0 5
stats: {sentpackets,"os_mon@test3"} 1 8209.0 0.0 9874 2900 7111.4 5
stats: {freemem,"os_mon@test2"} 1 1373.8671875 0.0 1534.46875 1373.8671875 1505.8053385416667 6
stats: {cpu,"os_mon@test3"} 1 61.904761904761905 0.0 61.904761904761905 1.607232546459066 34.65157115170424 6
stats: {load,"os_mon@test4"} 1 1.51171875 0.0 2.140625 1.421875 1.68359375 6
stats: {freemem,"os_mon@test4"} 1 1324.015625 0.0 1463.80078125 1324.015625 1440.1360677083333 6
stats: {freemem,"os_mon@myserver"} 1 2873.69140625 0.0 2897.79296875 2873.69140625 2889.6276041666665 6
stats: {recvpackets,"os_mon@test2"} 1 10922.0 0.0 14742 4301 10609.4 5
stats: {sentpackets,"os_mon@test2"} 1 8177.0 0.0 9842 2938 7126.8 5
stats: {load,"os_mon@test3"} 1 1.48828125 0.0 2.23046875 1.48828125 1.7278645833333333 6
stats: {cpu,"os_mon@test2"} 1 56.50810245687402 0.0 64.25619834710744 8.867735470941884 43.46169129867361 6
stats: {freemem,"os_mon@test3"} 1 1343.97265625 0.0 1515.859375 1343.97265625 1490.458984375 6
stats: {recvpackets,"os_mon@test4"} 1 11002.0 0.0 14789 4247 10575.4 5
stats: {sentpackets,"os_mon@test4"} 1 8218.0 0.0 9876 2900 7102.2 5
stats: {cpu,"os_mon@test4"} 1 53.17377731529657 0.0 53.17377731529657 1.951951951951952 30.443143231347292 6
stats: {load,"os_mon@myserver"} 1 2.05859375 0.0 2.05859375 1.51953125 1.6848958333333333 6
stats: {recvpackets,"os_mon@myserver"} 1 11771.0 0.0 15440 4336 10706.6 5
stats: {sentpackets,"os_mon@myserver"} 1 8814.0 0.0 10317 2960 7205.6 5
stats: {cpu,"os_mon@myserver"} 1 54.21470663592108 0.0 60.46976511744128 2.9959718026183286 36.10280079743924 6
stats: session 1823 13658.621905587883 6271.05874217183 30317.02001953125 17.60498046875 2965.178016633304 10677
stats: users_count 3342 18518
stats: finish_users_count 1823 12500
stats: request 23243 1466.5652542314472 2774.8218365182593 28036.19189453125 1.10205078125 426.6318541649668 124525
stats: page 1881 13508.297129004899 6230.725616314389 30315.184814453125 16.291015625 2908.7631235950375 10600
stats: connect 23378 996.5223713245863 2565.9661048582316 16320.574951171875 0.3310546875 222.55793248720047 125568
stats: 200 23243 147768
stats: size_rcv 10505836 66791136
stats: newphase 4 36
stats: size_sent 3058298 19471450
stats: connected 135 1178
# stats: dump at 1338894097
stats: users 6218 6434
stats: {load,"os_mon@test2"} 1 1.109375 0.0 1.58984375 1.109375 1.3772321428571428 7
stats: {recvpackets,"os_mon@test3"} 1 14276.0 0.0 14789 4247 10654.833333333334 6
stats: {sentpackets,"os_mon@test3"} 1 10317.0 0.0 10317 2900 7294.333333333333 6
stats: {freemem,"os_mon@test2"} 1 1296.51171875 0.0 1534.46875 1296.51171875 1486.95703125 7
stats: {cpu,"os_mon@test3"} 1 48.483235763704094 0.0 61.904761904761905 1.607232546459066 38.544884116426765 7
stats: {load,"os_mon@test4"} 1 1.28125 0.0 2.140625 1.28125 1.6590401785714286 7
stats: {freemem,"os_mon@test4"} 1 1266.83984375 0.0 1463.80078125 1266.83984375 1423.5474330357142 7
stats: {freemem,"os_mon@myserver"} 1 2869.59375 0.0 2897.79296875 2869.59375 2887.351004464286 7
stats: {recvpackets,"os_mon@test2"} 1 14274.0 0.0 14742 4301 10661.5 6
stats: {sentpackets,"os_mon@test2"} 1 10310.0 0.0 10310 2938 7301.833333333333 6
stats: {load,"os_mon@test3"} 1 1.41015625 0.0 2.23046875 1.41015625 1.6936383928571428 7
stats: {cpu,"os_mon@test2"} 1 61.462655601659755 0.0 64.25619834710744 8.867735470941884 45.32546432127367 7
stats: {freemem,"os_mon@test3"} 1 1287.625 0.0 1515.859375 1287.625 1469.5323660714287 7
stats: {recvpackets,"os_mon@test4"} 1 1.43e4 0.0 14789 4247 10646.5 6
stats: {sentpackets,"os_mon@test4"} 1 10336.0 0.0 10336 2900 7288.166666666667 6
stats: {cpu,"os_mon@test4"} 1 52.84974093264248 0.0 53.17377731529657 1.951951951951952 33.69037667191147 7
stats: {load,"os_mon@myserver"} 1 1.80859375 0.0 2.05859375 1.51953125 1.73828125 7
stats: {recvpackets,"os_mon@myserver"} 1 14214.0 0.0 15440 4336 10884.0 6
stats: {sentpackets,"os_mon@myserver"} 1 10316.0 0.0 10317 2960 7473.666666666667 6
stats: {cpu,"os_mon@myserver"} 1 48.81987577639752 0.0 60.46976511744128 2.9959718026183286 38.69021591722235 7
stats: session 2566 14845.890785603815 8524.078322557962 41028.43212890625 17.60498046875 4524.70987339844 12500
stats: users_count 2766 21284
stats: finish_users_count 2566 15066
stats: page 2495 14775.965270873781 8492.78855473064 41026.7900390625 16.291015625 4506.209118641584 12481
stats: request 27260 1601.043182395434 3628.4685834940246 33120.861083984375 1.10205078125 590.2069991066674 147768
stats: connect 27192 1117.372817153682 3531.5445607668084 31156.158935546875 0.3310546875 344.0364592763751 148946
stats: 200 27260 175028
stats: size_rcv 12321520 79112656
stats: newphase 5 41
stats: size_sent 3553192 23024642
stats: connected -68 1110
# stats: dump at 1338894107
stats: users 7518 7625
stats: {load,"os_mon@test2"} 1 1.30859375 0.0 1.58984375 1.109375 1.34375 8
stats: {recvpackets,"os_mon@test3"} 1 11958.0 0.0 14789 4247 11172.142857142857 7
stats: {sentpackets,"os_mon@test3"} 1 9177.0 0.0 10317 2900 7726.142857142857 7
stats: {freemem,"os_mon@test2"} 1 1246.83984375 0.0 1534.46875 1246.83984375 1463.1513671875 8
stats: {cpu,"os_mon@test3"} 1 59.37829293993677 0.0 61.904761904761905 1.607232546459066 39.78717807233643 8
stats: {load,"os_mon@test4"} 1 1.1484375 0.0 2.140625 1.1484375 1.61181640625 8
stats: {freemem,"os_mon@test4"} 1 1213.77734375 0.0 1463.80078125 1213.77734375 1403.958984375 8
stats: {freemem,"os_mon@myserver"} 1 2864.25 0.0 2897.79296875 2864.25 2885.13134765625 8
stats: {recvpackets,"os_mon@test2"} 1 12132.0 0.0 14742 4301 11177.57142857143 7
stats: {sentpackets,"os_mon@test2"} 1 9291.0 0.0 10310 2938 7731.571428571428 7
stats: {load,"os_mon@test3"} 1 1.19140625 0.0 2.23046875 1.19140625 1.658203125 8
stats: {cpu,"os_mon@test2"} 1 63.16614420062696 0.0 64.25619834710744 8.867735470941884 47.342613231321934 8
stats: {freemem,"os_mon@test3"} 1 1231.65234375 0.0 1515.859375 1231.65234375 1446.7939453125 8
stats: {recvpackets,"os_mon@test4"} 1 11979.0 0.0 14789 4247 11168.42857142857 7
stats: {sentpackets,"os_mon@test4"} 1 9190.0 0.0 10336 2900 7723.571428571428 7
stats: {cpu,"os_mon@test4"} 1 60.345730749083295 0.0 60.345730749083295 1.951951951951952 36.08529720450285 8
stats: {load,"os_mon@myserver"} 1 2.0703125 0.0 2.0703125 1.51953125 1.7470703125 8
stats: {recvpackets,"os_mon@myserver"} 1 13548.0 0.0 15440 4336 11359.714285714286 7
stats: {sentpackets,"os_mon@myserver"} 1 10186.0 0.0 10317 2960 7879.714285714285 7
stats: {cpu,"os_mon@myserver"} 1 53.333333333333336 0.0 60.46976511744128 2.9959718026183286 39.95642339961925 8
stats: session 2028 16556.901481312412 10582.207542262351 49760.81396484375 17.60498046875 6282.585236515326 15066
stats: users_count 3328 24612
stats: finish_users_count 2028 17094
stats: request 25372 1621.4756965378622 3722.7788332858386 43365.119140625 1.10205078125 747.641205956153 175028
stats: page 2043 16607.58643737283 10522.880501110663 49759.260986328125 16.291015625 6217.149396407298 14976
stats: connect 25384 1167.429390662932 3603.0935980585555 32616.7099609375 0.3310546875 463.4233164190685 176138
stats: 200 25372 200400
stats: size_rcv 11468144 90580800
stats: newphase 5 46
stats: size_sent 3318056 26342698
stats: connected 12 1122
# stats: dump at 1338894117
stats: users 8525 8525
stats: {load,"os_mon@test2"} 1 1.26953125 0.0 1.58984375 1.109375 1.33984375 9
stats: {recvpackets,"os_mon@test3"} 1 14549.0 0.0 14789 4247 11270.375 8
stats: {sentpackets,"os_mon@test3"} 1 10876.0 0.0 10876 2900 7907.5 8
stats: {freemem,"os_mon@test2"} 1 1191.2734375 0.0 1534.46875 1191.2734375 1439.1167534722222 9
stats: {cpu,"os_mon@test3"} 1 68.29396325459317 0.0 68.29396325459317 1.607232546459066 41.96396861318092 9
stats: {load,"os_mon@test4"} 1 1.4296875 0.0 2.140625 1.1484375 1.5603298611111112 9
stats: {freemem,"os_mon@test4"} 1 1165.01953125 0.0 1463.80078125 1165.01953125 1382.8276909722222 9
stats: {freemem,"os_mon@myserver"} 1 2862.88671875 0.0 2897.79296875 2862.88671875 2882.8111979166665 9
stats: {recvpackets,"os_mon@test2"} 1 14545.0 0.0 14742 4301 11296.875 8
stats: {sentpackets,"os_mon@test2"} 1 10879.0 0.0 10879 2938 7926.5 8
stats: {load,"os_mon@test3"} 1 1.37890625 0.0 2.23046875 1.19140625 1.6063368055555556 9
stats: {cpu,"os_mon@test2"} 1 63.3160621761658 0.0 64.25619834710744 8.867735470941884 49.10078333902249 9
stats: {freemem,"os_mon@test3"} 1 1149.9921875 0.0 1515.859375 1149.9921875 1422.8893229166667 9
stats: {recvpackets,"os_mon@test4"} 1 14569.0 0.0 14789 4247 11269.75 8
stats: {sentpackets,"os_mon@test4"} 1 10893.0 0.0 10893 2900 7906.875 8
stats: {cpu,"os_mon@test4"} 1 54.18181818181819 0.0 60.345730749083295 1.951951951951952 38.78090093167846 9
stats: {load,"os_mon@myserver"} 1 2.2109375 0.0 2.2109375 1.51953125 1.7829861111111112 9
stats: {recvpackets,"os_mon@myserver"} 1 15126.0 0.0 15440 4336 11633.25 8
stats: {sentpackets,"os_mon@myserver"} 1 11299.0 0.0 11299 2960 8168.0 8
stats: {cpu,"os_mon@myserver"} 1 57.87179487179487 0.0 60.46976511744128 2.9959718026183286 41.442746725587476 9
stats: session 2297 17919.990493608366 11534.512600341555 58335.94091796875 17.60498046875 7501.510786091112 17094
stats: users_count 3304 27916
stats: finish_users_count 2297 19391
stats: 200 25114 225514
stats: request 25114 1997.11563765324 4422.914810375216 43365.119140625 1.10205078125 858.2745826779052 200400
stats: page 2291 17718.822296102608 11461.811283257672 58334.327880859375 16.291015625 7464.441415603054 17019
stats: connect 25129 1424.3200027603766 4305.211690510937 32616.7099609375 0.3310546875 552.1009307172902 201522
stats: size_rcv 11351528 101932328
stats: newphase 6 52
stats: size_sent 3286721 29629419
stats: connected 15 1137
# stats: dump at 1338894127
stats: users 9645 9645
stats: {load,"os_mon@test2"} 1 1.51171875 0.0 1.58984375 1.109375 1.3328125 10
stats: {recvpackets,"os_mon@test3"} 1 15330.0 0.0 15330 4247 11634.666666666666 9
stats: {sentpackets,"os_mon@test3"} 1 11457.0 0.0 11457 2900 8237.333333333334 9
stats: {freemem,"os_mon@test2"} 1 1152.48828125 0.0 1534.46875 1152.48828125 1414.332421875 10
stats: {cpu,"os_mon@test3"} 1 67.58872651356994 0.0 68.29396325459317 1.607232546459066 44.59696807732214 10
stats: {load,"os_mon@test4"} 1 1.51171875 0.0 2.140625 1.1484375 1.547265625 10
stats: {freemem,"os_mon@test4"} 1 1107.15234375 0.0 1463.80078125 1107.15234375 1361.046875 10
stats: {freemem,"os_mon@myserver"} 1 2860.47265625 0.0 2897.79296875 2860.47265625 2880.81875 10
stats: {recvpackets,"os_mon@test2"} 1 15406.0 0.0 15406 4301 11657.777777777777 9
stats: {sentpackets,"os_mon@test2"} 1 11505.0 0.0 11505 2938 8254.555555555555 9
stats: {load,"os_mon@test3"} 1 1.171875 0.0 2.23046875 1.171875 1.58359375 10
stats: {cpu,"os_mon@test2"} 1 59.628291171915336 0.0 64.25619834710744 8.867735470941884 50.522311222736825 10
stats: {freemem,"os_mon@test3"} 1 1072.8515625 0.0 1515.859375 1072.8515625 1395.599609375 10
stats: {recvpackets,"os_mon@test4"} 1 15326.0 0.0 15326 4247 11636.333333333334 9
stats: {sentpackets,"os_mon@test4"} 1 11455.0 0.0 11455 2900 8238.666666666666 9
stats: {cpu,"os_mon@test4"} 1 57.39400206825233 0.0 60.345730749083295 1.951951951951952 40.32099265669243 10
stats: {load,"os_mon@myserver"} 1 2.1796875 0.0 2.2109375 1.51953125 1.82578125 10
stats: {recvpackets,"os_mon@myserver"} 1 15518.0 0.0 15518 4336 12021.333333333334 9
stats: {sentpackets,"os_mon@myserver"} 1 11543.0 0.0 11543 2960 8515.888888888889 9
stats: {cpu,"os_mon@myserver"} 1 46.94774961200207 0.0 60.46976511744128 2.9959718026183286 43.08565154020822 10
stats: session 1636 20500.58883734145 12925.03571516669 67594.7529296875 17.60498046875 8735.652804974467 19391
stats: users_count 2756 30672
stats: finish_users_count 1636 21027
stats: 200 21809 247323
stats: request 21809 2226.5646540772746 4647.432492025966 43365.119140625 1.10205078125 985.0997653922846 225514
stats: connect 21883 1690.5867273004485 4499.4491375937905 32616.7099609375 0.3310546875 648.8046428622652 226651
stats: page 1644 20524.927685220162 12931.091476991045 67593.49682617188 16.291015625 8681.053875324673 19310
stats: size_rcv 9857668 111789996
stats: newphase 6 58
stats: size_sent 2858771 32488190
stats: connected 74 1211
stats: error_connect_etimedout 194 194
# stats: dump at 1338894137
stats: users 10609 10648
stats: {load,"os_mon@test2"} 1 1.28125 0.0 1.58984375 1.109375 1.3490767045454546 11
stats: {recvpackets,"os_mon@test3"} 1 14616.0 0.0 15330 4247 12004.2 10
stats: {sentpackets,"os_mon@test3"} 1 10859.0 0.0 11457 2900 8559.3 10
stats: {freemem,"os_mon@test2"} 1 1141.21484375 0.0 1534.46875 1141.21484375 1390.528409090909 11
stats: {cpu,"os_mon@test3"} 1 68.42382709541381 0.0 68.42382709541381 1.607232546459066 46.68712793516284 11
stats: {load,"os_mon@test4"} 1 1.28125 0.0 2.140625 1.1484375 1.5440340909090908 11
stats: {freemem,"os_mon@test4"} 1 1032.39453125 0.0 1463.80078125 1032.39453125 1337.9655539772727 11
stats: {freemem,"os_mon@myserver"} 1 2860.26953125 0.0 2897.79296875 2860.26953125 2878.9691051136365 11
stats: {recvpackets,"os_mon@test2"} 1 14413.0 0.0 15406 4301 12032.6 10
stats: {sentpackets,"os_mon@test2"} 1 10734.0 0.0 11505 2938 8579.6 10
stats: {load,"os_mon@test3"} 1 1.6015625 0.0 2.23046875 1.171875 1.5461647727272727 11
stats: {cpu,"os_mon@test2"} 1 36.74729799279465 0.0 64.25619834710744 8.867735470941884 51.35012758175305 11
stats: {freemem,"os_mon@test3"} 1 971.0859375 0.0 1515.859375 971.0859375 1366.258877840909 11
stats: {recvpackets,"os_mon@test4"} 1 14569.0 0.0 15326 4247 12005.3 10
stats: {sentpackets,"os_mon@test4"} 1 10826.0 0.0 11455 2900 8560.3 10
stats: {cpu,"os_mon@test4"} 1 57.26227795193313 0.0 60.345730749083295 1.951951951951952 41.873084421379694 11
stats: {load,"os_mon@myserver"} 1 2.4609375 0.0 2.4609375 1.51953125 1.8579545454545454 11
stats: {recvpackets,"os_mon@myserver"} 1 12416.0 0.0 15518 4336 12371.0 10
stats: {sentpackets,"os_mon@myserver"} 1 9512.0 0.0 11543 2960 8818.6 10
stats: {cpu,"os_mon@myserver"} 1 44.98828430096329 0.0 60.46976511744128 2.9959718026183286 43.43675136491675 11
stats: session 1697 22939.67303369689 14220.982174859708 81221.6728515625 17.60498046875 9651.020444150403 21027
stats: users_count 2661 33333
stats: finish_users_count 1697 22724
stats: request 19944 2447.7071422664126 4993.670786924137 75623.423828125 1.10205078125 1094.5724297111346 247323
stats: page 1721 22788.43994154809 14053.484926642068 81220.15698242188 16.291015625 9610.295478048172 20954
stats: connect 19862 1717.3561242372161 4645.404404163341 32616.7099609375 0.3310546875 740.5318003286914 248534
stats: 200 19943 267266
stats: size_rcv 9014236 120804232
stats: newphase 5 63
stats: size_sent 2597438 35085628
stats: connected -82 1129
stats: error_connect_etimedout 409 603
# stats: dump at 1338894147
stats: users 12044 12066
stats: {load,"os_mon@test2"} 1 1.30859375 0.0 1.58984375 1.109375 1.3434244791666667 12
stats: {recvpackets,"os_mon@test3"} 1 11821.0 0.0 15330 4247 12241.636363636364 11
stats: {sentpackets,"os_mon@test3"} 1 9196.0 0.0 11457 2900 8768.363636363636 11
stats: {freemem,"os_mon@test2"} 1 1102.1953125 0.0 1534.46875 1102.1953125 1369.7522786458333 12
stats: {cpu,"os_mon@test3"} 1 65.63321071991592 0.0 68.42382709541381 1.607232546459066 48.49851953185043 12
stats: {load,"os_mon@test4"} 1 1.16015625 0.0 2.140625 1.1484375 1.5221354166666667 12
stats: {freemem,"os_mon@test4"} 1 1016.0234375 0.0 1463.80078125 1016.0234375 1312.5013020833333 12
stats: {freemem,"os_mon@myserver"} 1 2859.7265625 0.0 2897.79296875 2859.7265625 2877.4108072916665 12
stats: {recvpackets,"os_mon@test2"} 1 11994.0 0.0 15406 4301 12249.0 11
stats: {sentpackets,"os_mon@test2"} 1 9319.0 0.0 11505 2938 8775.454545454546 11
stats: {load,"os_mon@test3"} 1 1.5 0.0 2.23046875 1.171875 1.55078125 12
stats: {cpu,"os_mon@test2"} 1 43.86243386243386 0.0 64.25619834710744 8.867735470941884 50.133225116006514 12
stats: {freemem,"os_mon@test3"} 1 876.48828125 0.0 1515.859375 876.48828125 1333.3277994791667 12
stats: {recvpackets,"os_mon@test4"} 1 11802.0 0.0 15326 4247 12238.363636363636 11
stats: {sentpackets,"os_mon@test4"} 1 9178.0 0.0 11455 2900 8766.272727272728 11
stats: {cpu,"os_mon@test4"} 1 37.32576148683531 0.0 60.345730749083295 1.951951951951952 43.15551721559248 12
stats: {load,"os_mon@myserver"} 1 2.16015625 0.0 2.4609375 1.51953125 1.908203125 12
stats: {recvpackets,"os_mon@myserver"} 1 14816.0 0.0 15518 4336 12375.09090909091 11
stats: {sentpackets,"os_mon@myserver"} 1 11293.0 0.0 11543 2960 8881.636363636364 11
stats: {cpu,"os_mon@myserver"} 1 42.63685427910563 0.0 60.46976511744128 2.9959718026183286 43.56604577625396 12
stats: session 1408 31127.368966882877 21183.829785405836 92116.0419921875 17.60498046875 10643.400458428716 22724
stats: users_count 2843 36176
stats: finish_users_count 1408 24132
stats: 200 19707 286973
stats: request 19708 2635.6023098740234 5469.756235978736 75623.423828125 1.10205078125 1195.546057982498 267267
stats: page 1412 30350.783535273837 20710.28251414344 92114.19311523438 16.291015625 10610.497754638398 22675
stats: connect 19687 1963.442483782324 5225.505150554088 32616.7099609375 0.3310546875 812.819333382355 268396
stats: size_rcv 8907564 129711796
stats: newphase 5 68
stats: size_sent 2573695 37659323
stats: connected -21 1108
stats: error_connect_etimedout 719 1322
# stats: dump at 1338894157
stats: users 13781 13793
stats: {load,"os_mon@test2"} 1 1.26953125 0.0 1.58984375 1.109375 1.3407451923076923 13
stats: {recvpackets,"os_mon@test3"} 1 14961.0 0.0 15330 4247 12206.583333333334 12
stats: {sentpackets,"os_mon@test3"} 1 11714.0 0.0 11714 2900 8804.0 12
stats: {freemem,"os_mon@test2"} 1 1032.13671875 0.0 1534.46875 1032.13671875 1349.1709735576924 13
stats: {cpu,"os_mon@test3"} 1 65.41077969649398 0.0 68.42382709541381 1.607232546459066 49.81657270016316 13
stats: {load,"os_mon@test4"} 1 1.12890625 0.0 2.140625 1.12890625 1.4942908653846154 13
stats: {freemem,"os_mon@test4"} 1 950.18359375 0.0 1463.80078125 950.18359375 1289.6953125 13
stats: {freemem,"os_mon@myserver"} 1 2859.6796875 0.0 2897.79296875 2859.6796875 2876.050480769231 13
stats: {recvpackets,"os_mon@test2"} 1 15121.0 0.0 15406 4301 12227.75 12
stats: {sentpackets,"os_mon@test2"} 1 11808.0 0.0 11808 2938 8820.75 12
stats: {load,"os_mon@test3"} 1 1.33984375 0.0 2.23046875 1.171875 1.546875 13
stats: {cpu,"os_mon@test2"} 1 53.013278855975486 0.0 64.25619834710744 8.867735470941884 49.650856558039386 13
stats: {freemem,"os_mon@test3"} 1 797.0625 0.0 1515.859375 797.0625 1298.186298076923 13
stats: {recvpackets,"os_mon@test4"} 1 14946.0 0.0 15326 4247 12202.0 12
stats: {sentpackets,"os_mon@test4"} 1 11708.0 0.0 11708 2900 8800.583333333334 12
stats: {cpu,"os_mon@test4"} 1 49.92084432717678 0.0 60.345730749083295 1.951951951951952 42.70707446722655 13
stats: {load,"os_mon@myserver"} 1 2.1484375 0.0 2.4609375 1.51953125 1.9275841346153846 13
stats: {recvpackets,"os_mon@myserver"} 1 15517.0 0.0 15518 4336 12578.5 12
stats: {sentpackets,"os_mon@myserver"} 1 12001.0 0.0 12001 2960 9082.583333333334 12
stats: {cpu,"os_mon@myserver"} 1 43.516597510373444 0.0 60.46976511744128 2.9959718026183286 43.494569507242545 13
stats: session 1614 30875.42492358126 23784.66329039617 100084.3759765625 17.60498046875 11838.553270458528 24132
stats: users_count 3351 39527
stats: finish_users_count 1614 25746
stats: request 21422 2341.1612534012274 4862.645561397969 75623.423828125 1.10205078125 1294.441880309454 286975
stats: page 1639 30314.12977481863 23212.96458105602 100081.830078125 16.291015625 11767.689747093133 24087
stats: connect 21496 1686.8107645867465 4542.296336413794 32616.7099609375 0.3310546875 891.4505541136173 288083
stats: 200 21421 308394
stats: size_rcv 9682292 139394088
stats: newphase 5 73
stats: size_sent 2811096 40470419
stats: connected 74 1182
stats: error_connect_etimedout 481 1803
# stats: dump at 1338894167
stats: users 15442 15492
stats: {load,"os_mon@test2"} 1 1.51953125 0.0 1.58984375 1.109375 1.3356584821428572 14
stats: {recvpackets,"os_mon@test3"} 1 16029.0 0.0 16029 4247 12418.461538461539 13
stats: {sentpackets,"os_mon@test3"} 1 12314.0 0.0 12314 2900 9027.846153846154 13
stats: {freemem,"os_mon@test2"} 1 1004.20703125 0.0 1534.46875 1004.20703125 1326.525669642857 14
stats: {cpu,"os_mon@test3"} 1 60.99737532808399 0.0 68.42382709541381 1.607232546459066 50.9304446284725 14
stats: {load,"os_mon@test4"} 1 1.1796875 0.0 2.140625 1.12890625 1.4681919642857142 14
stats: {freemem,"os_mon@test4"} 1 858.015625 0.0 1463.80078125 858.015625 1265.4444754464287 14
stats: {freemem,"os_mon@myserver"} 1 2859.90234375 0.0 2897.79296875 2859.6796875 2874.8811383928573 14
stats: {recvpackets,"os_mon@test2"} 1 16408.0 0.0 16408 4301 12450.307692307691 13
stats: {sentpackets,"os_mon@test2"} 1 12604.0 0.0 12604 2938 9050.538461538461 13
stats: {load,"os_mon@test3"} 1 1.44140625 0.0 2.23046875 1.171875 1.5320870535714286 14
stats: {cpu,"os_mon@test2"} 1 44.86571879936809 0.0 64.25619834710744 8.867735470941884 49.89102957932054 14
stats: {freemem,"os_mon@test3"} 1 726.8671875 0.0 1515.859375 726.8671875 1262.3917410714287 14
stats: {recvpackets,"os_mon@test4"} 1 16002.0 0.0 16002 4247 12413.076923076924 13
stats: {sentpackets,"os_mon@test4"} 1 12288.0 0.0 12288 2900 9024.23076923077 13
stats: {cpu,"os_mon@test4"} 1 61.45778710015731 0.0 61.45778710015731 1.951951951951952 43.22234374293727 14
stats: {load,"os_mon@myserver"} 1 1.8203125 0.0 2.4609375 1.51953125 1.943359375 14
stats: {recvpackets,"os_mon@myserver"} 1 15936.0 0.0 15936 4336 12804.538461538461 13
stats: {sentpackets,"os_mon@myserver"} 1 12312.0 0.0 12312 2960 9307.076923076924 13
stats: {cpu,"os_mon@myserver"} 1 41.759053954175904 0.0 60.46976511744128 2.9959718026183286 43.49614293603761 14
stats: session 1643 40315.548549064566 29124.805893212473 109931.001953125 17.60498046875 13031.962376655223 25746
stats: users_count 3304 42831
stats: finish_users_count 1643 27389
stats: request 21599 2675.293348044541 5308.92012829602 75623.423828125 1.10205078125 1367.1495344382943 308397
stats: 200 21598 329992
stats: page 1623 39223.960208537836 28573.025594861585 109929.80688476563 16.291015625 12949.280946869316 25726
stats: connect 21583 1874.328449023917 4928.026203540009 32616.7099609375 0.3310546875 946.6773720965243 309579
stats: size_rcv 9762296 149156384
stats: newphase 5 78
stats: size_sent 2822415 43292834
stats: connected -16 1166
stats: error_connect_etimedout 478 2281
# stats: dump at 1338894177
stats: users 16136 16368
stats: {load,"os_mon@test2"} 1 1.671875 0.0 1.671875 1.109375 1.3479166666666667 15
stats: {recvpackets,"os_mon@test3"} 1 17434.0 0.0 17434 4247 12676.357142857143 14
stats: {sentpackets,"os_mon@test3"} 1 13507.0 0.0 13507 2900 9262.57142857143 14
stats: {freemem,"os_mon@test2"} 1 971.77734375 0.0 1534.46875 971.77734375 1305.0377604166667 15
stats: {cpu,"os_mon@test3"} 1 70.87227414330218 0.0 70.87227414330218 1.607232546459066 51.60157334177993 15
stats: {load,"os_mon@test4"} 1 1.5390625 0.0 2.140625 1.12890625 1.4489583333333333 15
stats: {freemem,"os_mon@test4"} 1 776.0234375 0.0 1463.80078125 776.0234375 1238.2825520833333 15
stats: {freemem,"os_mon@myserver"} 1 2859.375 0.0 2897.79296875 2859.375 2873.8825520833334 15
stats: {recvpackets,"os_mon@test2"} 1 17372.0 0.0 17372 4301 12733.0 14
stats: {sentpackets,"os_mon@test2"} 1 13469.0 0.0 13469 2938 9304.357142857143 14
stats: {load,"os_mon@test3"} 1 1.6015625 0.0 2.23046875 1.171875 1.5260416666666667 15
stats: {cpu,"os_mon@test2"} 1 46.15784008307372 0.0 64.25619834710744 8.867735470941884 49.55600886065704 15
stats: {freemem,"os_mon@test3"} 1 637.3984375 0.0 1515.859375 637.3984375 1226.6901041666667 15
stats: {recvpackets,"os_mon@test4"} 1 17395.0 0.0 17395 4247 12669.42857142857 14
stats: {sentpackets,"os_mon@test4"} 1 13477.0 0.0 13477 2900 9257.357142857143 14
stats: {cpu,"os_mon@test4"} 1 64.56611570247934 0.0 64.56611570247934 1.951951951951952 44.438039966751944 15
stats: {load,"os_mon@myserver"} 1 1.91015625 0.0 2.4609375 1.51953125 1.93515625 15
stats: {recvpackets,"os_mon@myserver"} 1 17396.0 0.0 17396 4336 13028.214285714286 14
stats: {sentpackets,"os_mon@myserver"} 1 13642.0 0.0 13642 2960 9521.714285714286 14
stats: {cpu,"os_mon@myserver"} 1 49.83015416775542 0.0 60.46976511744128 2.9959718026183286 43.380337003913496 15
stats: session 1665 39817.2397026909 29149.947225671654 120567.31494140625 17.60498046875 14668.63885557992 27389
stats: users_count 2359 45190
stats: finish_users_count 1665 29054
stats: request 21622 2984.6162373027 5874.557525553117 75623.423828125 1.10205078125 1452.770566905601 329996
stats: page 1672 38880.0329527057 28590.249870237123 120565.21704101563 16.291015625 14508.526419891657 27349
stats: connect 21501 2392.23160386027 5803.132782331779 32616.7099609375 0.3310546875 1007.1356770751266 331162
stats: 200 21621 351613
stats: size_rcv 9772692 158929076
stats: newphase 5 83
stats: size_sent 2810804 46103638
stats: connected -121 1045
stats: error_connect_etimedout 818 3099
# stats: dump at 1338894187
stats: users 18682 18785
stats: {load,"os_mon@test2"} 1 1.48828125 0.0 1.671875 1.109375 1.3681640625 16
stats: {recvpackets,"os_mon@test3"} 1 14843.0 0.0 17434 4247 12993.533333333333 15
stats: {sentpackets,"os_mon@test3"} 1 12179.0 0.0 13507 2900 9545.533333333333 15
stats: {freemem,"os_mon@test2"} 1 915.9921875 0.0 1534.46875 915.9921875 1284.208984375 16
stats: {cpu,"os_mon@test3"} 1 71.59916926272066 0.0 71.59916926272066 1.607232546459066 52.80599214187507 16
stats: {load,"os_mon@test4"} 1 1.9296875 0.0 2.140625 1.12890625 1.45458984375 16
stats: {freemem,"os_mon@test4"} 1 714.9140625 0.0 1463.80078125 714.9140625 1209.391357421875 16
stats: {freemem,"os_mon@myserver"} 1 2859.4765625 0.0 2897.79296875 2859.375 2872.975830078125 16
stats: {recvpackets,"os_mon@test2"} 1 15158.0 0.0 17372 4301 13042.266666666666 15
stats: {sentpackets,"os_mon@test2"} 1 12383.0 0.0 13469 2938 9582.0 15
stats: {load,"os_mon@test3"} 1 2.1015625 0.0 2.23046875 1.171875 1.53076171875 16
stats: {cpu,"os_mon@test2"} 1 50.33978044955567 0.0 64.25619834710744 8.867735470941884 49.343623312058085 16
stats: {freemem,"os_mon@test3"} 1 540.81640625 0.0 1515.859375 540.81640625 1189.859375 16
stats: {recvpackets,"os_mon@test4"} 1 14740.0 0.0 17395 4247 12984.466666666667 15
stats: {sentpackets,"os_mon@test4"} 1 1.21e4 0.0 13477 2900 9538.666666666666 15
stats: {cpu,"os_mon@test4"} 1 56.283566058002144 0.0 64.56611570247934 1.951951951951952 45.69604470023491 16
stats: {load,"os_mon@myserver"} 1 2.23046875 0.0 2.4609375 1.51953125 1.93359375 16
stats: {recvpackets,"os_mon@myserver"} 1 18007.0 0.0 18007 4336 13319.4 15
stats: {sentpackets,"os_mon@myserver"} 1 14228.0 0.0 14228 2960 9796.4 15
stats: {cpu,"os_mon@myserver"} 1 39.44717127357272 0.0 60.46976511744128 2.9959718026183286 43.783450576653614 16
stats: session 1406 42386.452356807844 30203.39362939057 126050.63305664063 17.60498046875 16109.831820763366 29054
stats: users_count 3952 49142
stats: finish_users_count 1406 30460
stats: request 18615 2916.471524232291 5862.279324936773 75623.423828125 1.10205078125 1546.96815373371 351618
stats: page 1393 41126.00190668049 29537.246311601484 126047.86499023438 16.291015625 15912.653049672337 29021
stats: connect 18700 2004.0341726766208 5441.197501384013 32616.7099609375 0.3310546875 1091.581585837337 352663
stats: 200 18615 370228
stats: size_rcv 8413980 167343056
stats: newphase 6 89
stats: size_sent 2444108 48547746
stats: connected 84 1129
stats: error_connect_etimedout 920 4019
# stats: dump at 1338894197
stats: users 19696 19697
stats: {load,"os_mon@test2"} 1 1.33984375 0.0 1.671875 1.109375 1.3752297794117647 17
stats: {recvpackets,"os_mon@test3"} 1 18806.0 0.0 18806 4247 13109.125 16
stats: {sentpackets,"os_mon@test3"} 1 14695.0 0.0 14695 2900 9710.125 16
stats: {freemem,"os_mon@test2"} 1 850.04296875 0.0 1534.46875 850.04296875 1262.5491727941176 17
stats: {cpu,"os_mon@test3"} 1 65.91148577449948 0.0 71.59916926272066 1.607232546459066 53.91147314898364 17
stats: {load,"os_mon@test4"} 1 2.01171875 0.0 2.140625 1.12890625 1.4825367647058822 17
stats: {freemem,"os_mon@test4"} 1 632.30859375 0.0 1463.80078125 632.30859375 1180.3044577205883 17
stats: {freemem,"os_mon@myserver"} 1 2859.2421875 0.0 2897.79296875 2859.2421875 2872.181755514706 17
stats: {recvpackets,"os_mon@test2"} 1 18282.0 0.0 18282 4301 13174.5 16
stats: {sentpackets,"os_mon@test2"} 1 14344.0 0.0 14344 2938 9757.0625 16
stats: {load,"os_mon@test3"} 1 2.0703125 0.0 2.23046875 1.171875 1.5643382352941178 17
stats: {cpu,"os_mon@test2"} 1 49.57850368809273 0.0 64.25619834710744 8.867735470941884 49.40222079073441 17
stats: {freemem,"os_mon@test3"} 1 462.54296875 0.0 1515.859375 462.54296875 1151.6803768382354 17
stats: {recvpackets,"os_mon@test4"} 1 18874.0 0.0 18874 4247 13094.1875 16
stats: {sentpackets,"os_mon@test4"} 1 14771.0 0.0 14771 2900 9698.75 16
stats: {cpu,"os_mon@test4"} 1 57.30870712401055 0.0 64.56611570247934 1.951951951951952 46.318840074221214 17
stats: {load,"os_mon@myserver"} 1 2.12109375 0.0 2.4609375 1.51953125 1.9510569852941178 17
stats: {recvpackets,"os_mon@myserver"} 1 16310.0 0.0 18007 4336 13612.375 16
stats: {sentpackets,"os_mon@myserver"} 1 13033.0 0.0 14228 2960 10073.375 16
stats: {cpu,"os_mon@myserver"} 1 44.12149777428646 0.0 60.46976511744128 2.9959718026183286 43.52837532353121 17
stats: session 1797 45270.89712373263 32593.465275238163 138839.30493164063 17.60498046875 17322.731639334557 30460
stats: users_count 2811 51953
stats: finish_users_count 1797 32257
stats: request 23111 2753.9790412071443 5660.596256022418 75623.423828125 1.10205078125 1615.825617119824 370233
stats: page 1807 43330.33874410386 31557.08707584319 138837.72094726563 16.291015625 17067.456592705556 30414
stats: connect 23176 2061.8709458182307 5344.519786658492 32616.7099609375 0.3310546875 1137.528175491919 371363
stats: 200 23111 393339
stats: size_rcv 10446172 177789228
stats: newphase 4 93
stats: size_sent 3030304 51578050
stats: connected 65 1194
stats: error_connect_etimedout 1167 5186
# stats: dump at 1338894207
stats: users 21193 21311
stats: {load,"os_mon@test2"} 1 1.140625 0.0 1.671875 1.109375 1.3732638888888888 18
stats: {recvpackets,"os_mon@test3"} 1 17866.0 0.0 18806 4247 13444.235294117647 17
stats: {sentpackets,"os_mon@test3"} 1 13994.0 0.0 14695 2900 10003.35294117647 17
stats: {freemem,"os_mon@test2"} 1 802.3828125 0.0 1534.46875 802.3828125 1239.6321614583333 18
stats: {cpu,"os_mon@test3"} 1 76.14293221229637 0.0 76.14293221229637 1.607232546459066 54.57814051706785 18
stats: {load,"os_mon@test4"} 1 2.0 0.0 2.140625 1.12890625 1.5119357638888888 18
stats: {freemem,"os_mon@test4"} 1 590.234375 0.0 1463.80078125 590.234375 1149.8602430555557 18
stats: {freemem,"os_mon@myserver"} 1 2859.33203125 0.0 2897.79296875 2859.2421875 2871.462890625 18
stats: {recvpackets,"os_mon@test2"} 1 17867.0 0.0 18282 4301 13474.941176470587 17
stats: {sentpackets,"os_mon@test2"} 1 14243.0 0.0 14344 2938 10026.882352941177 17
stats: {load,"os_mon@test3"} 1 2.421875 0.0 2.421875 1.171875 1.5924479166666667 18
stats: {cpu,"os_mon@test2"} 1 58.63539445628998 0.0 64.25619834710744 8.867735470941884 49.41201428503209 18
stats: {freemem,"os_mon@test3"} 1 364.11328125 0.0 1515.859375 364.11328125 1113.3949652777778 18
stats: {recvpackets,"os_mon@test4"} 1 17933.0 0.0 18874 4247 13434.176470588236 17
stats: {sentpackets,"os_mon@test4"} 1 14009.0 0.0 14771 2900 9997.117647058823 17
stats: {cpu,"os_mon@test4"} 1 60.313315926892955 0.0 64.56611570247934 1.951951951951952 46.92938824365396 18
stats: {load,"os_mon@myserver"} 1 2.171875 0.0 2.4609375 1.51953125 1.9605034722222223 18
stats: {recvpackets,"os_mon@myserver"} 1 17113.0 0.0 18007 4336 13771.058823529413 17
stats: {sentpackets,"os_mon@myserver"} 1 13716.0 0.0 14228 2960 10247.470588235294 17
stats: {cpu,"os_mon@myserver"} 1 41.04690334283493 0.0 60.46976511744128 2.9959718026183286 43.56132657079539 18
stats: session 1536 49298.18662261963 34317.9706934584 146377.76611328125 17.60498046875 18879.691473648454 32257
stats: users_count 3033 54986
stats: finish_users_count 1536 33793
stats: page 1498 47958.757037378025 33932.24979530052 146376.1708984375 16.291015625 18540.31677853395 32221
stats: 200 19939 413278
stats: request 19939 2833.670773104055 5759.44546870331 75623.423828125 1.10205078125 1682.6980335900946 393344
stats: connect 19823 2174.6761080927486 5433.279354450057 32616.7099609375 0.3310546875 1191.8258952232575 394539
stats: size_rcv 9012428 186801656
stats: newphase 5 98
stats: size_sent 2592271 54170321
stats: connected -116 1078
stats: error_connect_etimedout 1544 6730
# stats: dump at 1338894217
stats: users 21076 21369
stats: {load,"os_mon@test2"} 1 1.109375 0.0 1.671875 1.109375 1.3610197368421053 19
stats: {recvpackets,"os_mon@test3"} 1 16142.0 0.0 18806 4247 13689.888888888889 18
stats: {sentpackets,"os_mon@test3"} 1 13544.0 0.0 14695 2900 10225.055555555555 18
stats: {freemem,"os_mon@test2"} 1 732.95703125 0.0 1534.46875 732.95703125 1216.6190378289473 19
stats: {cpu,"os_mon@test3"} 1 62.18931782125859 0.0 76.14293221229637 1.607232546459066 55.71312955365882 19
stats: {load,"os_mon@test4"} 1 2.37890625 0.0 2.37890625 1.12890625 1.537623355263158 19
stats: {freemem,"os_mon@test4"} 1 527.2578125 0.0 1463.80078125 527.2578125 1120.40625 19
stats: {freemem,"os_mon@myserver"} 1 2858.30078125 0.0 2897.79296875 2858.30078125 2870.8244243421054 19
stats: {recvpackets,"os_mon@test2"} 1 16375.0 0.0 18282 4301 13718.944444444445 18
stats: {sentpackets,"os_mon@test2"} 1 13455.0 0.0 14344 2938 10261.111111111111 18
stats: {load,"os_mon@test3"} 1 2.19921875 0.0 2.421875 1.171875 1.6361019736842106 19
stats: {cpu,"os_mon@test2"} 1 64.67842323651453 0.0 64.67842323651453 8.867735470941884 49.89745534667725 19
stats: {freemem,"os_mon@test3"} 1 301.87109375 0.0 1515.859375 301.87109375 1073.9590871710527 19
stats: {recvpackets,"os_mon@test4"} 1 15791.0 0.0 18874 4247 13684.111111111111 18
stats: {sentpackets,"os_mon@test4"} 1 13083.0 0.0 14771 2900 10220.0 18
stats: {cpu,"os_mon@test4"} 1 60.15748031496063 0.0 64.56611570247934 1.951951951951952 47.633805490140226 19
stats: {load,"os_mon@myserver"} 1 2.44921875 0.0 2.4609375 1.51953125 1.9716282894736843 19
stats: {recvpackets,"os_mon@myserver"} 1 16165.0 0.0 18007 4336 13956.722222222223 18
stats: {sentpackets,"os_mon@myserver"} 1 13547.0 0.0 14228 2960 10440.166666666666 18
stats: {cpu,"os_mon@myserver"} 1 51.23344585821864 0.0 60.46976511744128 2.9959718026183286 43.42898850616589 19
stats: session 2216 51228.706784024595 35511.651437481625 159916.76708984375 17.60498046875 20262.30942851543 33793
stats: users_count 2099 57085
stats: finish_users_count 2216 36009
stats: request 25054 2857.6435625513745 6052.352481120252 75623.423828125 1.10205078125 1738.2271636369846 413283
stats: page 2211 49076.08948907806 34819.6952767261 155118.001953125 16.291015625 19847.260148970454 33719
stats: connect 25185 2232.829479091058 5861.284993707153 32678.843017578125 0.3310546875 1238.8452642042737 414362
stats: 200 25054 438332
stats: size_rcv 11324408 198126064
stats: newphase 6 104
stats: size_sent 3291449 57461770
stats: connected 131 1209
stats: error_connect_etimedout 1730 8460
# stats: dump at 1338894218
stats: users 20897 21369
stats: {load,"os_mon@test2"} 0 0 0 1.671875 1.109375 1.3484375 20
stats: {recvpackets,"os_mon@test3"} 0 0 0 18806 4247 13818.947368421053 19
stats: {sentpackets,"os_mon@test3"} 0 0 0 14695 2900 10399.736842105263 19
stats: {freemem,"os_mon@test2"} 0 0 0 1534.46875 732.95703125 1192.4359375 20
stats: {cpu,"os_mon@test3"} 0 0 0 76.14293221229637 1.607232546459066 56.03693896703881 20
stats: {load,"os_mon@test4"} 0 0 0 2.37890625 1.12890625 1.5796875 20
stats: {freemem,"os_mon@test4"} 0 0 0 1463.80078125 527.2578125 1090.748828125 20
stats: {freemem,"os_mon@myserver"} 0 0 0 2897.79296875 2858.30078125 2870.1982421875 20
stats: {recvpackets,"os_mon@test2"} 0 0 0 18282 4301 13858.736842105263 19
stats: {sentpackets,"os_mon@test2"} 0 0 0 14344 2938 10429.21052631579 19
stats: {load,"os_mon@test3"} 0 0 0 2.421875 1.171875 1.6642578125 20
stats: {cpu,"os_mon@test2"} 0 0 0 64.67842323651453 8.867735470941884 50.63650374116911 20
stats: {freemem,"os_mon@test3"} 0 0 0 1515.859375 301.87109375 1035.3546875 20
stats: {recvpackets,"os_mon@test4"} 0 0 0 18874 4247 13795.0 19
stats: {sentpackets,"os_mon@test4"} 0 0 0 14771 2900 10370.684210526315 19
stats: {cpu,"os_mon@test4"} 0 0 0 64.56611570247934 1.951951951951952 48.25998923138125 20
stats: {load,"os_mon@myserver"} 0 0 0 2.4609375 1.51953125 1.9955078125 20
stats: {recvpackets,"os_mon@myserver"} 0 0 0 18007 4336 14072.947368421053 19
stats: {sentpackets,"os_mon@myserver"} 0 0 0 14228 2960 10603.684210526315 19
stats: {cpu,"os_mon@myserver"} 0 0 0 60.46976511744128 2.9959718026183286 43.819211373768525 20
stats: session 183 49885.28773240053 34313.6840657307 159916.76708984375 17.60498046875 22167.986801944528 36009
stats: users_count 4 57089
stats: finish_users_count 183 36192
stats: 200 1872 440204
stats: request 1872 2770.5530027731847 5645.495779662818 75623.423828125 1.10205078125 1802.2095754762797 438337
stats: page 207 46322.954627585306 33795.728250380176 159914.85522460938 16.291015625 21645.894762690965 35930
stats: connect 1799 2080.9210340108607 5338.496770546164 32678.843017578125 0.3310546875 1295.7982008684385 439547
stats: size_rcv 846144 198972208
stats: newphase 0 104
stats: size_sent 234967 57696737
stats: connected -73 1136
stats: error_connect_etimedout 93 8553
stats: error_abort 1 1
EndMonitor:{1338,894222,37222}
