# stats: dump at 1338898808
stats: users 0 0
# stats: dump at 1338898818
stats: users 3 30
stats: {load,"os_mon@test2"} 1 0.66015625 0 0.66015625 0.66015625 0 0
stats: {freemem,"os_mon@test2"} 1 1530.33203125 0 1530.33203125 1530.33203125 0 0
stats: {load,"os_mon@test4"} 1 0.51953125 0 0.51953125 0.51953125 0 0
stats: {cpu,"os_mon@test3"} 1 3.3753148614609576 0 3.3753148614609576 3.3753148614609576 0 0
stats: {freemem,"os_mon@test4"} 1 1456.3125 0 1456.3125 1456.3125 0 0
stats: {freemem,"os_mon@myserver"} 1 2506.171875 0 2506.171875 2506.171875 0 0
stats: {load,"os_mon@test3"} 1 0.9609375 0 0.9609375 0.9609375 0 0
stats: {cpu,"os_mon@test2"} 1 1.954887218045113 0 1.954887218045113 1.954887218045113 0 0
stats: {freemem,"os_mon@test3"} 1 1509.3984375 0 1509.3984375 1509.3984375 0 0
stats: {cpu,"os_mon@test4"} 1 2.2488755622188905 0 2.2488755622188905 2.2488755622188905 0 0
stats: {load,"os_mon@myserver"} 1 1.19140625 0 1.19140625 1.19140625 0 0
stats: {cpu,"os_mon@myserver"} 1 2.3618090452261304 0 2.3618090452261304 2.3618090452261304 0 0
stats: session 590 79.9478788731462 56.183858933322334 223.949951171875 23.3369140625 0 0
stats: users_count 593 593
stats: finish_users_count 590 590
stats: request 5846 7.654288272028958 5.891783748179781 29.011962890625 1.5400390625 0 0
stats: 200 5846 5846
stats: page 581 78.06537632113275 56.724561323499046 222.35888671875 21.820068359375 0 0
stats: connect 5855 0.928923095911614 0.2643199036810631 6.032958984375 0.426025390625 0 0
stats: size_rcv 864101 864101
stats: size_sent 776365 776365
stats: connected 9 9
# stats: dump at 1338898828
stats: users 818 818
stats: {load,"os_mon@test2"} 1 0.55859375 0.0 0.66015625 0.55859375 0.66015625 1
stats: {recvpackets,"os_mon@test3"} 1 3518 0 3518 3518 0 0
stats: {sentpackets,"os_mon@test3"} 1 2529 0 2529 2529 0 0
stats: {freemem,"os_mon@test2"} 1 1528.69921875 0.0 1530.33203125 1528.69921875 1530.33203125 1
stats: {load,"os_mon@test4"} 1 0.51953125 0.0 0.51953125 0.51953125 0.51953125 1
stats: {cpu,"os_mon@test3"} 1 20.12133468149646 0.0 20.12133468149646 3.3753148614609576 3.3753148614609576 1
stats: {freemem,"os_mon@test4"} 1 1455.31640625 0.0 1456.3125 1455.31640625 1456.3125 1
stats: {freemem,"os_mon@myserver"} 1 2505.4609375 0.0 2506.171875 2505.4609375 2506.171875 1
stats: {recvpackets,"os_mon@test2"} 1 3516 0 3516 3516 0 0
stats: {sentpackets,"os_mon@test2"} 1 2529 0 2529 2529 0 0
stats: {load,"os_mon@test3"} 1 0.890625 0.0 0.9609375 0.890625 0.9609375 1
stats: {cpu,"os_mon@test2"} 1 13.490471414242727 0.0 13.490471414242727 1.954887218045113 1.954887218045113 1
stats: {recvpackets,"os_mon@test4"} 1 3484 0 3484 3484 0 0
stats: {sentpackets,"os_mon@test4"} 1 2511 0 2511 2511 0 0
stats: {freemem,"os_mon@test3"} 1 1509.14453125 0.0 1509.3984375 1509.14453125 1509.3984375 1
stats: {cpu,"os_mon@test4"} 1 11.451531893520844 0.0 11.451531893520844 2.2488755622188905 2.2488755622188905 1
stats: {load,"os_mon@myserver"} 1 1.16015625 0.0 1.19140625 1.16015625 1.19140625 1
stats: {recvpackets,"os_mon@myserver"} 1 3614 0 3614 3614 0 0
stats: {sentpackets,"os_mon@myserver"} 1 2607 0 2607 2607 0 0
stats: {cpu,"os_mon@myserver"} 1 18.33996023856859 0.0 18.33996023856859 2.3618090452261304 2.3618090452261304 1
stats: session 747 1125.5407577575927 979.8218720823857 5415.908935546875 23.3369140625 79.9478788731462 590
stats: users_count 1562 2155
stats: finish_users_count 747 1337
stats: request 10375 173.67730748776316 306.7886467807919 3189.547119140625 1.5400390625 7.654288272028958 5846
stats: page 756 1111.0659476789858 980.6617830329167 5414.4111328125 21.820068359375 78.06537632113275 581
stats: connect 10537 77.23912764432792 318.1599371991791 3006.10205078125 0.35302734375 0.928923095911614 5855
stats: 200 10375 16221
stats: size_rcv 1541722 2405823
stats: newphase 6 6
stats: size_sent 1398563 2174928
stats: connected 162 171
# stats: dump at 1338898838
stats: users 3012 3012
stats: {load,"os_mon@test2"} 1 0.62109375 0.0 0.66015625 0.55859375 0.609375 2
stats: {recvpackets,"os_mon@test3"} 1 6560.0 0.0 6560 3518 3518.0 1
stats: {sentpackets,"os_mon@test3"} 1 4769.0 0.0 4769 2529 2529.0 1
stats: {freemem,"os_mon@test2"} 1 1517.99609375 0.0 1530.33203125 1517.99609375 1529.515625 2
stats: {load,"os_mon@test4"} 1 0.51171875 0.0 0.51953125 0.51171875 0.51953125 2
stats: {cpu,"os_mon@test3"} 1 29.390495867768596 0.0 29.390495867768596 3.3753148614609576 11.748324771478709 2
stats: {freemem,"os_mon@test4"} 1 1444.859375 0.0 1456.3125 1444.859375 1455.814453125 2
stats: {freemem,"os_mon@myserver"} 1 2504.25390625 0.0 2506.171875 2504.25390625 2505.81640625 2
stats: {recvpackets,"os_mon@test2"} 1 6581.0 0.0 6581 3516 3516.0 1
stats: {sentpackets,"os_mon@test2"} 1 4779.0 0.0 4779 2529 2529.0 1
stats: {load,"os_mon@test3"} 1 0.91015625 0.0 0.9609375 0.890625 0.92578125 2
stats: {cpu,"os_mon@test2"} 1 23.338406900050735 0.0 23.338406900050735 1.954887218045113 7.722679316143919 2
stats: {recvpackets,"os_mon@test4"} 1 6563.0 0.0 6563 3484 3484.0 1
stats: {sentpackets,"os_mon@test4"} 1 4766.0 0.0 4766 2511 2511.0 1
stats: {freemem,"os_mon@test3"} 1 1496.99609375 0.0 1509.3984375 1496.99609375 1509.271484375 2
stats: {cpu,"os_mon@test4"} 1 20.10230179028133 0.0 20.10230179028133 2.2488755622188905 6.850203727869867 2
stats: {load,"os_mon@myserver"} 1 1.2109375 0.0 1.2109375 1.16015625 1.17578125 2
stats: {recvpackets,"os_mon@myserver"} 1 6682.0 0.0 6682 3614 3614.0 1
stats: {sentpackets,"os_mon@myserver"} 1 4846.0 0.0 4846 2607 2607.0 1
stats: {cpu,"os_mon@myserver"} 1 25.450901803607213 0.0 25.450901803607213 2.3618090452261304 10.35088464189736 2
stats: session 416 5951.268166175251 2576.7991270951006 13872.611083984375 23.3369140625 664.1347753029753 1337
stats: users_count 2610 4765
stats: finish_users_count 416 1753
stats: request 10316 849.8161643339968 1306.1161458916583 7854.10205078125 1.5400390625 113.84310673964761 16221
stats: page 416 5949.323936462407 2576.7793169543456 13871.016845703125 21.820068359375 662.1704114344737 1337
stats: connect 10404 677.6025931282396 1308.2153719104792 7024.737060546875 0.304931640625 49.98215792550304 16392
stats: 200 10316 26537
stats: size_rcv 1537084 3942907
stats: newphase 6 12
stats: size_sent 1381956 3556884
stats: connected 88 259
# stats: dump at 1338898848
stats: users 4997 4997
stats: {load,"os_mon@test2"} 1 0.6015625 0.0 0.66015625 0.55859375 0.61328125 3
stats: {recvpackets,"os_mon@test3"} 1 9317.0 0.0 9317 3518 5039.0 2
stats: {sentpackets,"os_mon@test3"} 1 6545.0 0.0 6545 2529 3649.0 2
stats: {freemem,"os_mon@test2"} 1 1493.61328125 0.0 1530.33203125 1493.61328125 1525.67578125 3
stats: {load,"os_mon@test4"} 1 0.51171875 0.0 0.51953125 0.51171875 0.5169270833333334 3
stats: {cpu,"os_mon@test3"} 1 27.26796014682748 0.0 29.390495867768596 3.3753148614609576 17.629048470242004 3
stats: {freemem,"os_mon@test4"} 1 1423.1875 0.0 1456.3125 1423.1875 1452.1627604166667 3
stats: {freemem,"os_mon@myserver"} 1 2504.3515625 0.0 2506.171875 2504.25390625 2505.2955729166665 3
stats: {recvpackets,"os_mon@test2"} 1 9298.0 0.0 9298 3516 5048.5 2
stats: {sentpackets,"os_mon@test2"} 1 6536.0 0.0 6536 2529 3654.0 2
stats: {load,"os_mon@test3"} 1 0.76953125 0.0 0.9609375 0.76953125 0.9205729166666666 3
stats: {cpu,"os_mon@test2"} 1 27.69151138716356 0.0 27.69151138716356 1.954887218045113 12.92792184411286 3
stats: {recvpackets,"os_mon@test4"} 1 9296.0 0.0 9296 3484 5023.5 2
stats: {sentpackets,"os_mon@test4"} 1 6533.0 0.0 6533 2511 3638.5 2
stats: {freemem,"os_mon@test3"} 1 1467.19921875 0.0 1509.3984375 1467.19921875 1505.1796875 3
stats: {cpu,"os_mon@test4"} 1 23.52336928608115 0.0 23.52336928608115 2.2488755622188905 11.267569748673688 3
stats: {load,"os_mon@myserver"} 1 1.1796875 0.0 1.2109375 1.16015625 1.1875 3
stats: {recvpackets,"os_mon@myserver"} 1 9399.0 0.0 9399 3614 5148.0 2
stats: {sentpackets,"os_mon@myserver"} 1 6592.0 0.0 6592 2607 3726.5 2
stats: {cpu,"os_mon@myserver"} 1 25.438596491228072 0.0 25.450901803607213 2.3618090452261304 15.384223695800644 3
stats: session 312 12147.437835693365 4638.6000539139795 23593.594970703125 23.3369140625 1918.811039195084 1753
stats: users_count 2297 7062
stats: finish_users_count 312 2065
stats: request 10098 2006.5531365856798 2788.5611649129505 15869.548828125 1.5400390625 399.94545674693205 26537
stats: page 306 12110.706097771137 4626.666147742513 23592.3291015625 21.820068359375 1916.8514533121806 1753
stats: connect 10101 1790.9058825201403 2783.9067869286737 15042.1298828125 0.304931640625 293.6664021354326 26796
stats: 200 10098 36635
stats: size_rcv 1504602 5447509
stats: newphase 6 18
stats: size_sent 1339735 4896619
stats: connected 3 262
# stats: dump at 1338898858
stats: users 8286 8286
stats: {load,"os_mon@test2"} 1 0.66015625 0.0 0.66015625 0.55859375 0.6103515625 4
stats: {recvpackets,"os_mon@test3"} 1 8384.0 0.0 9317 3518 6465.0 3
stats: {sentpackets,"os_mon@test3"} 1 6175.0 0.0 6545 2529 4614.333333333333 3
stats: {freemem,"os_mon@test2"} 1 1438.2265625 0.0 1530.33203125 1438.2265625 1517.66015625 4
stats: {load,"os_mon@test4"} 1 0.4296875 0.0 0.51953125 0.4296875 0.515625 4
stats: {cpu,"os_mon@test3"} 1 28.97727272727273 0.0 29.390495867768596 3.3753148614609576 20.038776389388374 4
stats: {freemem,"os_mon@test4"} 1 1387.11328125 0.0 1456.3125 1387.11328125 1444.9189453125 4
stats: {freemem,"os_mon@myserver"} 1 2504.8203125 0.0 2506.171875 2504.25390625 2505.0595703125 4
stats: {recvpackets,"os_mon@test2"} 1 8334.0 0.0 9298 3516 6465.0 3
stats: {sentpackets,"os_mon@test2"} 1 6136.0 0.0 6536 2529 4614.666666666667 3
stats: {load,"os_mon@test3"} 1 0.73046875 0.0 0.9609375 0.73046875 0.8828125 4
stats: {cpu,"os_mon@test2"} 1 34.747061829330605 0.0 34.747061829330605 1.954887218045113 16.618819229875534 4
stats: {recvpackets,"os_mon@test4"} 1 8067.0 0.0 9296 3484 6447.666666666667 3
stats: {sentpackets,"os_mon@test4"} 1 5912.0 0.0 6533 2511 4603.333333333333 3
stats: {freemem,"os_mon@test3"} 1 1413.07421875 0.0 1509.3984375 1413.07421875 1495.6845703125 4
stats: {cpu,"os_mon@test4"} 1 23.76751427088739 0.0 23.76751427088739 2.2488755622188905 14.331519633025554 4
stats: {load,"os_mon@myserver"} 1 1.1484375 0.0 1.2109375 1.1484375 1.185546875 4
stats: {recvpackets,"os_mon@myserver"} 1 8068.0 0.0 9399 3614 6565.0 3
stats: {sentpackets,"os_mon@myserver"} 1 5959.0 0.0 6592 2607 4681.666666666667 3
stats: {cpu,"os_mon@myserver"} 1 25.475951903807616 0.0 25.475951903807616 2.3618090452261304 17.897816894657502 4
stats: session 356 18911.57819906511 5768.8494834926705 32972.921875 23.3369140625 3464.2500515473666 2065
stats: users_count 3645 10707
stats: finish_users_count 356 2421
stats: request 9801 2679.7843094673904 3867.0772227779016 31305.73095703125 1.5400390625 842.7876664101415 36635
stats: page 361 18810.061729029596 5789.6441115491425 32971.2939453125 21.820068359375 3431.8196520515885 2059
stats: connect 9789 2415.5621838317898 3867.7518678515644 31067.7119140625 0.304931640625 703.5538182225381 36897
stats: 200 9801 46436
stats: size_rcv 1460349 6907858
stats: newphase 6 24
stats: size_sent 1299447 6196066
stats: connected -12 250
# stats: dump at 1338898868
stats: users 10013 10013
stats: {load,"os_mon@test2"} 1 0.7890625 0.0 0.7890625 0.55859375 0.6203125 5
stats: {recvpackets,"os_mon@test3"} 1 13355.0 0.0 13355 3518 6944.75 4
stats: {sentpackets,"os_mon@test3"} 1 9457.0 0.0 9457 2529 5004.5 4
stats: {freemem,"os_mon@test2"} 1 1405.015625 0.0 1530.33203125 1405.015625 1501.7734375 5
stats: {load,"os_mon@test4"} 1 0.51953125 0.0 0.51953125 0.4296875 0.4984375 5
stats: {cpu,"os_mon@test3"} 1 33.084311632870865 0.0 33.084311632870865 3.3753148614609576 21.826475656965247 5
stats: {freemem,"os_mon@test4"} 1 1338.1484375 0.0 1456.3125 1338.1484375 1433.3578125 5
stats: {freemem,"os_mon@myserver"} 1 2504.5859375 0.0 2506.171875 2504.25390625 2505.01171875 5
stats: {recvpackets,"os_mon@test2"} 1 13341.0 0.0 13341 3516 6932.25 4
stats: {sentpackets,"os_mon@test2"} 1 9449.0 0.0 9449 2529 4995.0 4
stats: {load,"os_mon@test3"} 1 0.69140625 0.0 0.9609375 0.69140625 0.85234375 5
stats: {cpu,"os_mon@test2"} 1 32.694355697550584 0.0 34.747061829330605 1.954887218045113 20.24446774976655 5
stats: {recvpackets,"os_mon@test4"} 1 13436.0 0.0 13436 3484 6852.5 4
stats: {sentpackets,"os_mon@test4"} 1 9518.0 0.0 9518 2511 4930.5 4
stats: {freemem,"os_mon@test3"} 1 1352.89453125 0.0 1509.3984375 1352.89453125 1479.1625 5
stats: {cpu,"os_mon@test4"} 1 32.50388802488336 0.0 32.50388802488336 2.2488755622188905 16.21871856059792 5
stats: {load,"os_mon@myserver"} 1 1.2109375 0.0 1.2109375 1.1484375 1.178125 5
stats: {recvpackets,"os_mon@myserver"} 1 13477.0 0.0 13477 3614 6940.75 4
stats: {sentpackets,"os_mon@myserver"} 1 9628.0 0.0 9628 2607 5001.0 4
stats: {cpu,"os_mon@myserver"} 1 25.525525525525527 0.0 25.525525525525527 2.3618090452261304 19.413443896487525 5
stats: session 303 27088.633433729115 6994.217892392588 42747.111083984375 23.3369140625 5735.728292157162 2421
stats: users_count 2030 12737
stats: finish_users_count 303 2724
stats: request 9893 3831.774482100074 5510.762912587312 32764.191162109375 1.5400390625 1230.5127955901762 46436
stats: page 299 27063.728800591816 7011.884736274342 42745.797119140625 21.820068359375 5725.84667262558 2420
stats: connect 9915 3461.6086730618454 5504.450012481816 31102.924072265625 0.304931640625 1062.523314237381 46686
stats: 200 9893 56329
stats: size_rcv 1474057 8381915
stats: newphase 6 30
stats: size_sent 1316585 7512651
stats: connected 22 272
# stats: dump at 1338898878
stats: users 13107 13121
stats: {load,"os_mon@test2"} 1 0.73828125 0.0 0.7890625 0.55859375 0.6484375 6
stats: {recvpackets,"os_mon@test3"} 1 10561.0 0.0 13355 3518 8226.8 5
stats: {sentpackets,"os_mon@test3"} 1 7856.0 0.0 9457 2529 5895.0 5
stats: {freemem,"os_mon@test2"} 1 1349.484375 0.0 1530.33203125 1349.484375 1485.6471354166667 6
stats: {load,"os_mon@test4"} 1 0.51171875 0.0 0.51953125 0.4296875 0.501953125 6
stats: {cpu,"os_mon@test3"} 1 27.980922098569156 0.0 33.084311632870865 3.3753148614609576 23.702781652949515 6
stats: {freemem,"os_mon@test4"} 1 1276.9453125 0.0 1456.3125 1276.9453125 1417.4895833333333 6
stats: {freemem,"os_mon@myserver"} 1 2505.3125 0.0 2506.171875 2504.25390625 2504.9407552083335 6
stats: {recvpackets,"os_mon@test2"} 1 10557.0 0.0 13341 3516 8214.0 5
stats: {sentpackets,"os_mon@test2"} 1 7851.0 0.0 9449 2529 5885.8 5
stats: {load,"os_mon@test3"} 1 0.58984375 0.0 0.9609375 0.58984375 0.8255208333333334 6
stats: {cpu,"os_mon@test2"} 1 35.85614600107353 0.0 35.85614600107353 1.954887218045113 22.319449074397223 6
stats: {recvpackets,"os_mon@test4"} 1 10358.0 0.0 13436 3484 8169.2 5
stats: {sentpackets,"os_mon@test4"} 1 7747.0 0.0 9518 2511 5848.0 5
stats: {freemem,"os_mon@test3"} 1 1323.9140625 0.0 1509.3984375 1323.9140625 1458.1178385416667 6
stats: {cpu,"os_mon@test4"} 1 35.02377179080824 0.0 35.02377179080824 2.2488755622188905 18.932913471312162 6
stats: {load,"os_mon@myserver"} 1 1.171875 0.0 1.2109375 1.1484375 1.18359375 6
stats: {recvpackets,"os_mon@myserver"} 1 10502.0 0.0 13477 3614 8248.0 5
stats: {sentpackets,"os_mon@myserver"} 1 7727.0 0.0 9628 2607 5926.4 5
stats: {cpu,"os_mon@myserver"} 1 25.45135406218656 0.0 25.525525525525527 2.3618090452261304 20.43212416799386 6
stats: session 233 31762.3961511702 9748.958708916094 51796.343994140625 23.3369140625 8110.886242926731 2724
stats: users_count 3327 16064
stats: finish_users_count 233 2957
stats: request 9514 3899.3123576316834 6279.932432495552 34552.3720703125 1.5400390625 1687.3695099760594 56329
stats: page 225 31446.03994249132 9742.953641173777 51794.919921875 21.820068359375 8072.307414170967 2719
stats: connect 9485 3578.133549065951 6311.2338604331835 31104.115966796875 0.304931640625 1482.7796936784607 56601
stats: 200 9514 65843
stats: size_rcv 1417586 9799501
stats: newphase 5 35
stats: size_sent 1259199 8771850
stats: connected -29 243
# stats: dump at 1338898888
stats: users 16027 16031
stats: {load,"os_mon@test2"} 1 0.7890625 0.0 0.7890625 0.55859375 0.6612723214285714 7
stats: {recvpackets,"os_mon@test3"} 1 11811.0 0.0 13355 3518 8615.833333333334 6
stats: {sentpackets,"os_mon@test3"} 1 8643.0 0.0 9457 2529 6221.833333333333 6
stats: {freemem,"os_mon@test2"} 1 1305.9921875 0.0 1530.33203125 1305.9921875 1466.1953125 7
stats: {load,"os_mon@test4"} 1 0.4296875 0.0 0.51953125 0.4296875 0.5033482142857143 7
stats: {cpu,"os_mon@test3"} 1 37.44050766790058 0.0 37.44050766790058 3.3753148614609576 24.31394457375232 7
stats: {freemem,"os_mon@test4"} 1 1246.8125 0.0 1456.3125 1246.8125 1397.411830357143 7
stats: {freemem,"os_mon@myserver"} 1 2506.37109375 0.0 2506.37109375 2504.25390625 2504.9938616071427 7
stats: {recvpackets,"os_mon@test2"} 1 11812.0 0.0 13341 3516 8604.5 6
stats: {sentpackets,"os_mon@test2"} 1 8647.0 0.0 9449 2529 6213.333333333333 6
stats: {load,"os_mon@test3"} 1 0.5703125 0.0 0.9609375 0.5703125 0.7918526785714286 7
stats: {cpu,"os_mon@test2"} 1 32.41525423728814 0.0 35.85614600107353 1.954887218045113 24.253262921065268 7
stats: {recvpackets,"os_mon@test4"} 1 11947.0 0.0 13436 3484 8534.0 6
stats: {sentpackets,"os_mon@test4"} 1 8738.0 0.0 9518 2511 6164.5 6
stats: {freemem,"os_mon@test3"} 1 1258.48828125 0.0 1509.3984375 1258.48828125 1438.9458705357142 7
stats: {cpu,"os_mon@test4"} 1 26.169206516027327 0.0 35.02377179080824 2.2488755622188905 21.23160751695446 7
stats: {load,"os_mon@myserver"} 1 1.23046875 0.0 1.23046875 1.1484375 1.1819196428571428 7
stats: {recvpackets,"os_mon@myserver"} 1 11739.0 0.0 13477 3614 8623.666666666666 6
stats: {sentpackets,"os_mon@myserver"} 1 8598.0 0.0 9628 2607 6226.5 6
stats: {cpu,"os_mon@myserver"} 1 25.439036628198696 0.0 25.525525525525527 2.3618090452261304 21.149157010021387 7
stats: session 321 31429.39786555686 15315.882703283625 62976.801025390625 23.3369140625 9974.532441310474 2957
stats: users_count 3241 19305
stats: finish_users_count 321 3278
stats: request 9768 4893.463492728586 7583.560827618552 34608.341064453125 1.5400390625 2006.9847196808967 65843
stats: page 269 36106.44018826966 11747.311012304104 62974.606201171875 21.820068359375 9858.683031994364 2944
stats: connect 9823 4450.234046256421 7545.167902690294 31104.115966796875 0.304931640625 1783.515572962278 66086
stats: error_unknown 58 58
stats: 200 9768 75611
stats: size_rcv 1455432 11254933
stats: newphase 6 41
stats: size_sent 1304285 10076135
stats: connected 55 298
# stats: dump at 1338898898
stats: users 17749 17749
stats: {load,"os_mon@test2"} 1 0.8984375 0.0 0.8984375 0.55859375 0.67724609375 8
stats: {recvpackets,"os_mon@test3"} 1 12751.0 0.0 13355 3518 9072.285714285714 7
stats: {sentpackets,"os_mon@test3"} 1 9322.0 0.0 9457 2529 6567.714285714285 7
stats: {freemem,"os_mon@test2"} 1 1264.01953125 0.0 1530.33203125 1264.01953125 1446.169921875 8
stats: {load,"os_mon@test4"} 1 0.58984375 0.0 0.58984375 0.4296875 0.494140625 8
stats: {cpu,"os_mon@test3"} 1 26.990913949759488 0.0 37.44050766790058 3.3753148614609576 25.954764960520855 8
stats: {freemem,"os_mon@test4"} 1 1179.3671875 0.0 1456.3125 1179.3671875 1378.5869140625 8
stats: {freemem,"os_mon@myserver"} 1 2506.03125 0.0 2506.37109375 2504.25390625 2505.166015625 8
stats: {recvpackets,"os_mon@test2"} 1 12763.0 0.0 13341 3516 9062.714285714286 7
stats: {sentpackets,"os_mon@test2"} 1 9325.0 0.0 9449 2529 6561.0 7
stats: {load,"os_mon@test3"} 1 0.48046875 0.0 0.9609375 0.48046875 0.76416015625 8
stats: {cpu,"os_mon@test2"} 1 32.81832711774108 0.0 35.85614600107353 1.954887218045113 25.273511835593126 8
stats: {recvpackets,"os_mon@test4"} 1 12943.0 0.0 13436 3484 9021.57142857143 7
stats: {sentpackets,"os_mon@test4"} 1 9445.0 0.0 9518 2511 6532.142857142857 7
stats: {freemem,"os_mon@test3"} 1 1230.25 0.0 1509.3984375 1230.25 1416.388671875 8
stats: {cpu,"os_mon@test4"} 1 37.96592119275825 0.0 37.96592119275825 2.2488755622188905 21.848807391838566 8
stats: {load,"os_mon@myserver"} 1 1.26953125 0.0 1.26953125 1.1484375 1.18798828125 8
stats: {recvpackets,"os_mon@myserver"} 1 12731.0 0.0 13477 3614 9068.714285714286 7
stats: {sentpackets,"os_mon@myserver"} 1 9305.0 0.0 9628 2607 6565.285714285715 7
stats: {cpu,"os_mon@myserver"} 1 25.469571750563485 0.0 25.525525525525527 2.3618090452261304 21.68539196229355 8
stats: session 319 42031.54139905588 14275.49883640262 70646.46801757813 23.3369140625 12075.512246430391 3278
stats: users_count 2041 21346
stats: finish_users_count 319 3597
stats: request 9919 4930.446879292582 7795.412547136236 43115.7001953125 1.5400390625 2379.88184648956 75611
stats: page 314 41649.329655155256 14029.695046561448 70645.01513671875 21.820068359375 12056.20767408526 3213
stats: connect 9889 4590.468462358931 7764.937121992617 31104.115966796875 0.304931640625 2128.602131383129 75909
stats: error_unknown 0 58
stats: 200 9919 85530
stats: size_rcv 1477931 12732864
stats: newphase 5 46
stats: size_sent 1312659 11388794
stats: connected -30 268
stats: error_connect_etimedout 411 411
# stats: dump at 1338898908
stats: users 20437 20447
stats: {load,"os_mon@test2"} 1 0.76171875 0.0 0.8984375 0.55859375 0.7018229166666666 9
stats: {recvpackets,"os_mon@test3"} 1 10276.0 0.0 13355 3518 9532.125 8
stats: {sentpackets,"os_mon@test3"} 1 7826.0 0.0 9457 2529 6912.0 8
stats: {freemem,"os_mon@test2"} 1 1225.0078125 0.0 1530.33203125 1225.0078125 1425.9309895833333 9
stats: {load,"os_mon@test4"} 1 0.5 0.0 0.58984375 0.4296875 0.5047743055555556 9
stats: {cpu,"os_mon@test3"} 1 36.30539241857982 0.0 37.44050766790058 3.3753148614609576 26.069892625991812 9
stats: {freemem,"os_mon@test4"} 1 1142.19921875 0.0 1456.3125 1142.19921875 1356.451388888889 9
stats: {freemem,"os_mon@myserver"} 1 2506.6875 0.0 2506.6875 2504.25390625 2505.262152777778 9
stats: {recvpackets,"os_mon@test2"} 1 10271.0 0.0 13341 3516 9525.25 8
stats: {sentpackets,"os_mon@test2"} 1 7830.0 0.0 9449 2529 6906.5 8
stats: {load,"os_mon@test3"} 1 0.71875 0.0 0.9609375 0.48046875 0.7326388888888888 9
stats: {cpu,"os_mon@test2"} 1 32.66171792152704 0.0 35.85614600107353 1.954887218045113 26.111824644720677 9
stats: {recvpackets,"os_mon@test4"} 1 10254.0 0.0 13436 3484 9511.75 8
stats: {sentpackets,"os_mon@test4"} 1 7825.0 0.0 9518 2511 6896.25 8
stats: {freemem,"os_mon@test3"} 1 1172.1171875 0.0 1509.3984375 1172.1171875 1395.7065972222222 9
stats: {cpu,"os_mon@test4"} 1 25.583864118895967 0.0 37.96592119275825 2.2488755622188905 23.639597814162975 9
stats: {load,"os_mon@myserver"} 1 1.23046875 0.0 1.26953125 1.1484375 1.1970486111111112 9
stats: {recvpackets,"os_mon@myserver"} 1 10291.0 0.0 13477 3614 9526.5 8
stats: {sentpackets,"os_mon@myserver"} 1 7843.0 0.0 9628 2607 6907.75 8
stats: {cpu,"os_mon@myserver"} 1 25.569176882662 0.0 25.569176882662 2.3618090452261304 22.105856383212434 9
stats: session 308 45657.6242453835 16701.51277128626 83797.82592773438 23.3369140625 14732.163149874243 3597
stats: users_count 2996 24342
stats: finish_users_count 308 3905
stats: request 9846 5207.285136537241 8378.175105654107 56398.66015625 1.5400390625 2675.6734349424205 85530
stats: page 308 46120.21438083398 16524.05193192999 83795.53393554688 21.820068359375 14690.809404183356 3527
stats: connect 9843 4709.630472440767 8296.391572478917 31112.7578125 0.304931640625 2412.354621499678 85798
stats: error_unknown 0 58
stats: 200 9846 95376
stats: size_rcv 1467054 14199918
stats: newphase 4 50
stats: size_sent 1306273 12695067
stats: connected -3 265
stats: error_connect_etimedout 1055 1466
# stats: dump at 1338898918
stats: users 22912 22912
stats: {load,"os_mon@test2"} 1 0.87890625 0.0 0.8984375 0.55859375 0.7078125 10
stats: {recvpackets,"os_mon@test3"} 1 13940.0 0.0 13940 3518 9614.777777777777 9
stats: {sentpackets,"os_mon@test3"} 1 10224.0 0.0 10224 2529 7013.555555555556 9
stats: {freemem,"os_mon@test2"} 1 1179.3359375 0.0 1530.33203125 1179.3359375 1405.838671875 10
stats: {load,"os_mon@test4"} 1 0.48828125 0.0 0.58984375 0.4296875 0.504296875 10
stats: {cpu,"os_mon@test3"} 1 33.386752136752136 0.0 37.44050766790058 3.3753148614609576 27.093442605250612 10
stats: {freemem,"os_mon@test4"} 1 1093.296875 0.0 1456.3125 1093.296875 1335.026171875 10
stats: {freemem,"os_mon@myserver"} 1 2506.87109375 0.0 2506.87109375 2504.25390625 2505.4046875 10
stats: {recvpackets,"os_mon@test2"} 1 13923.0 0.0 13923 3516 9608.111111111111 9
stats: {sentpackets,"os_mon@test2"} 1 10210.0 0.0 10210 2529 7009.111111111111 9
stats: {load,"os_mon@test3"} 1 0.6796875 0.0 0.9609375 0.48046875 0.73125 10
stats: {cpu,"os_mon@test2"} 1 36.169074371321564 0.0 36.169074371321564 1.954887218045113 26.766813972401316 10
stats: {recvpackets,"os_mon@test4"} 1 13623.0 0.0 13623 3484 9594.222222222223 9
stats: {sentpackets,"os_mon@test4"} 1 9995.0 0.0 9995 2511 6999.444444444444 9
stats: {freemem,"os_mon@test3"} 1 1125.875 0.0 1509.3984375 1125.875 1373.34765625 10
stats: {cpu,"os_mon@test4"} 1 34.21610169491525 0.0 37.96592119275825 2.2488755622188905 23.834024444636277 10
stats: {load,"os_mon@myserver"} 1 1.19140625 0.0 1.26953125 1.1484375 1.200390625 10
stats: {recvpackets,"os_mon@myserver"} 1 14003.0 0.0 14003 3614 9611.444444444445 9
stats: {sentpackets,"os_mon@myserver"} 1 10260.0 0.0 10260 2607 7011.666666666667 9
stats: {cpu,"os_mon@myserver"} 1 25.575575575575577 0.0 25.575575575575577 2.3618090452261304 22.45218843315739 10
stats: session 304 53815.97823534512 22588.342136962096 91944.80615234375 23.3369140625 17171.354447548212 3905
stats: users_count 2779 27121
stats: finish_users_count 304 4209
stats: request 9495 4591.931193612397 7653.649435341166 59190.376953125 1.5400390625 2937.020616769113 95376
stats: page 309 53351.40040168638 22553.759110668278 91943.19189453125 21.820068359375 17214.99629670184 3835
stats: connect 9499 4218.319964858551 7671.843471796759 31112.7578125 0.304931640625 2648.781323445634 95641
stats: error_unknown 0 58
stats: 200 9495 104871
stats: size_rcv 1419627 15619545
stats: newphase 6 56
stats: size_sent 1260705 13955772
stats: connected 4 269
stats: error_connect_etimedout 1427 2893
# stats: dump at 1338898928
stats: users 25647 25647
stats: {load,"os_mon@test2"} 1 0.890625 0.0 0.8984375 0.55859375 0.7233664772727273 11
stats: {recvpackets,"os_mon@test3"} 1 16012.0 0.0 16012 3518 10047.3 10
stats: {sentpackets,"os_mon@test3"} 1 11723.0 0.0 11723 2529 7334.6 10
stats: {freemem,"os_mon@test2"} 1 1127.7265625 0.0 1530.33203125 1127.7265625 1385.2475142045455 11
stats: {load,"os_mon@test4"} 1 0.9609375 0.0 0.9609375 0.4296875 0.5028409090909091 11
stats: {cpu,"os_mon@test3"} 1 38.98488120950324 0.0 38.98488120950324 3.3753148614609576 27.665561653568933 11
stats: {freemem,"os_mon@test4"} 1 1049.8125 0.0 1456.3125 1049.8125 1313.05078125 11
stats: {freemem,"os_mon@myserver"} 1 2506.671875 0.0 2506.87109375 2504.25390625 2505.537997159091 11
stats: {recvpackets,"os_mon@test2"} 1 15933.0 0.0 15933 3516 10039.6 10
stats: {sentpackets,"os_mon@test2"} 1 11663.0 0.0 11663 2529 7329.2 10
stats: {load,"os_mon@test3"} 1 0.578125 0.0 0.9609375 0.48046875 0.7265625 11
stats: {cpu,"os_mon@test2"} 1 38.15931108719053 0.0 38.15931108719053 1.954887218045113 27.621564917757702 11
stats: {recvpackets,"os_mon@test4"} 1 15631.0 0.0 15631 3484 9997.1 10
stats: {sentpackets,"os_mon@test4"} 1 11464.0 0.0 11464 2511 7299.0 10
stats: {freemem,"os_mon@test3"} 1 1066.88671875 0.0 1509.3984375 1066.88671875 1350.8501420454545 11
stats: {cpu,"os_mon@test4"} 1 30.425531914893618 0.0 37.96592119275825 2.2488755622188905 24.777849649207095 11
stats: {load,"os_mon@myserver"} 1 1.16015625 0.0 1.26953125 1.1484375 1.1995738636363635 11
stats: {recvpackets,"os_mon@myserver"} 1 16039.0 0.0 16039 3614 10050.6 10
stats: {sentpackets,"os_mon@myserver"} 1 11744.0 0.0 11744 2607 7336.5 10
stats: {cpu,"os_mon@myserver"} 1 25.53191489361702 0.0 25.575575575575577 2.3618090452261304 22.73613271883177 11
stats: session 267 64658.28699690572 24342.691721377392 101996.05590820313 23.3369140625 19818.055714236325 4209
stats: users_count 3002 30123
stats: finish_users_count 267 4476
stats: request 9632 4621.980628308287 7502.6672665151245 59190.376953125 1.5400390625 3086.8558994223445 104871
stats: page 268 63820.239139386074 24242.31748761642 99449.40893554688 21.820068359375 19909.530290051312 4144
stats: connect 9606 4181.179907750104 7390.090261419675 31112.7578125 0.304931640625 2790.5831833921934 105140
stats: error_unknown 0 58
stats: 200 9632 114503
stats: size_rcv 1444800 17064345
stats: newphase 4 60
stats: size_sent 1275170 15230942
stats: connected -26 243
stats: error_connect_etimedout 2151 5044
# stats: dump at 1338898938
stats: users 28796 28796
stats: {load,"os_mon@test2"} 1 0.828125 0.0 0.8984375 0.55859375 0.7373046875 12
stats: {recvpackets,"os_mon@test3"} 1 11719.0 0.0 16012 3518 10589.545454545454 11
stats: {sentpackets,"os_mon@test3"} 1 9084.0 0.0 11723 2529 7733.545454545455 11
stats: {freemem,"os_mon@test2"} 1 1090.33203125 0.0 1530.33203125 1090.33203125 1363.7874348958333 12
stats: {load,"os_mon@test4"} 1 0.890625 0.0 0.9609375 0.4296875 0.541015625 12
stats: {cpu,"os_mon@test3"} 1 37.984913793103445 0.0 38.98488120950324 3.3753148614609576 28.608838283230124 12
stats: {freemem,"os_mon@test4"} 1 988.8203125 0.0 1456.3125 988.8203125 1291.1142578125 12
stats: {freemem,"os_mon@myserver"} 1 2506.7578125 0.0 2506.87109375 2504.25390625 2505.6324869791665 12
stats: {recvpackets,"os_mon@test2"} 1 11792.0 0.0 15933 3516 10575.363636363636 11
stats: {sentpackets,"os_mon@test2"} 1 9138.0 0.0 11663 2529 7723.181818181818 11
stats: {load,"os_mon@test3"} 1 0.62890625 0.0 0.9609375 0.48046875 0.7141927083333334 12
stats: {cpu,"os_mon@test2"} 1 30.527437400106557 0.0 38.15931108719053 1.954887218045113 28.499710431877105 12
stats: {recvpackets,"os_mon@test4"} 1 12165.0 0.0 15631 3484 10509.272727272728 11
stats: {sentpackets,"os_mon@test4"} 1 9401.0 0.0 11464 2511 7677.636363636364 11
stats: {freemem,"os_mon@test3"} 1 999.8671875 0.0 1509.3984375 999.8671875 1327.1865234375 12
stats: {cpu,"os_mon@test4"} 1 33.70907139023081 0.0 37.96592119275825 2.2488755622188905 25.248489838014304 12
stats: {load,"os_mon@myserver"} 1 1.140625 0.0 1.26953125 1.140625 1.1962890624999998 12
stats: {recvpackets,"os_mon@myserver"} 1 11679.0 0.0 16039 3614 10595.0 11
stats: {sentpackets,"os_mon@myserver"} 1 9054.0 0.0 11744 2607 7737.181818181818 11
stats: {cpu,"os_mon@myserver"} 1 25.494615577260205 0.0 25.575575575575577 2.3618090452261304 22.96911456673054 12
stats: session 282 73900.38943546376 25846.580721676135 110081.04711914063 23.3369140625 22492.841628551054 4476
stats: users_count 3431 33554
stats: finish_users_count 282 4758
stats: request 9547 4036.0135654678356 7205.799940380474 59190.376953125 1.5400390625 3215.990694044576 114503
stats: page 281 72495.88237634841 26520.850838210554 110079.54296875 21.820068359375 22576.81722831553 4412
stats: connect 9556 3607.7220201967352 7081.209392837907 31112.7578125 0.304931640625 2906.997456083024 114746
stats: error_unknown 0 58
stats: 200 9547 124050
stats: size_rcv 1432050 18496395
stats: newphase 5 65
stats: size_sent 1268308 16499250
stats: connected 9 252
stats: error_connect_etimedout 2285 7329
# stats: dump at 1338898948
stats: users 31345 31345
stats: {load,"os_mon@test2"} 1 0.69921875 0.0 0.8984375 0.55859375 0.7442908653846154 13
stats: {recvpackets,"os_mon@test3"} 1 15931.0 0.0 16012 3518 10683.666666666666 12
stats: {sentpackets,"os_mon@test3"} 1 11766.0 0.0 11766 2529 7846.083333333333 12
stats: {freemem,"os_mon@test2"} 1 1033.16015625 0.0 1530.33203125 1033.16015625 1342.7524038461538 13
stats: {load,"os_mon@test4"} 1 0.75 0.0 0.9609375 0.4296875 0.5679086538461539 13
stats: {cpu,"os_mon@test3"} 1 40.428954423592494 0.0 40.428954423592494 3.3753148614609576 29.330074860912685 13
stats: {freemem,"os_mon@test4"} 1 950.13671875 0.0 1456.3125 950.13671875 1267.8608774038462 13
stats: {freemem,"os_mon@myserver"} 1 2506.32421875 0.0 2506.87109375 2504.25390625 2505.719050480769 13
stats: {recvpackets,"os_mon@test2"} 1 15879.0 0.0 15933 3516 10676.75 12
stats: {sentpackets,"os_mon@test2"} 1 11704.0 0.0 11704 2529 7841.083333333333 12
stats: {load,"os_mon@test3"} 1 0.78125 0.0 0.9609375 0.48046875 0.7076322115384616 13
stats: {cpu,"os_mon@test2"} 1 40.05390835579515 0.0 40.05390835579515 1.954887218045113 28.655689429433217 13
stats: {recvpackets,"os_mon@test4"} 1 15858.0 0.0 15858 3484 10647.25 12
stats: {sentpackets,"os_mon@test4"} 1 11636.0 0.0 11636 2511 7821.25 12
stats: {freemem,"os_mon@test3"} 1 926.76171875 0.0 1509.3984375 926.76171875 1302.0081129807693 13
stats: {cpu,"os_mon@test4"} 1 27.712137486573578 0.0 37.96592119275825 2.2488755622188905 25.899303803569417 13
stats: {load,"os_mon@myserver"} 1 1.12109375 0.0 1.26953125 1.12109375 1.1920072115384612 13
stats: {recvpackets,"os_mon@myserver"} 1 15939.0 0.0 16039 3614 10685.333333333334 12
stats: {sentpackets,"os_mon@myserver"} 1 11760.0 0.0 11760 2607 7846.916666666667 12
stats: {cpu,"os_mon@myserver"} 1 25.482335254322226 0.0 25.575575575575577 2.3618090452261304 23.16338387523282 13
stats: session 255 83443.76871744798 25857.59732407924 117175.02612304688 23.3369140625 25539.695029465172 4758
stats: users_count 2804 36358
stats: finish_users_count 255 5013
stats: request 9644 4732.998104011606 7599.880825937199 59226.869873046875 1.5400390625 3279.100394596594 124050
stats: page 259 84127.20919269574 25377.46115751857 117173.2900390625 21.820068359375 25565.791723648417 4693
stats: connect 9660 4257.490638293791 7502.425981992718 31112.7578125 0.304931640625 2960.867256526063 124302
stats: error_unknown 0 58
stats: 200 9640 133690
stats: size_rcv 1446000 19942395
stats: newphase 5 70
stats: size_sent 1282532 17781782
stats: connected 16 268
stats: error_connect_etimedout 2178 9507
# stats: dump at 1338898958
stats: users 34615 34615
stats: {load,"os_mon@test2"} 1 0.890625 0.0 0.8984375 0.55859375 0.7410714285714286 14
stats: {recvpackets,"os_mon@test3"} 1 17875.0 0.0 17875 3518 11087.307692307691 13
stats: {sentpackets,"os_mon@test3"} 1 12885.0 0.0 12885 2529 8147.615384615385 13
stats: {freemem,"os_mon@test2"} 1 954.8984375 0.0 1530.33203125 954.8984375 1320.638671875 14
stats: {load,"os_mon@test4"} 1 0.62890625 0.0 0.9609375 0.4296875 0.5809151785714286 14
stats: {cpu,"os_mon@test3"} 1 42.493224932249326 0.0 42.493224932249326 3.3753148614609576 30.12285197253267 14
stats: {freemem,"os_mon@test4"} 1 919.2109375 0.0 1456.3125 919.2109375 1245.166294642857 14
stats: {freemem,"os_mon@myserver"} 1 2506.23828125 0.0 2506.87109375 2504.25390625 2505.762276785714 14
stats: {recvpackets,"os_mon@test2"} 1 17944.0 0.0 17944 3516 11076.923076923076 13
stats: {sentpackets,"os_mon@test2"} 1 12952.0 0.0 12952 2529 8138.2307692307695 13
stats: {load,"os_mon@test3"} 1 0.96875 0.0 0.96875 0.48046875 0.712890625 14
stats: {cpu,"os_mon@test2"} 1 49.11337990327781 0.0 49.11337990327781 1.954887218045113 29.469847924173358 14
stats: {recvpackets,"os_mon@test4"} 1 18113.0 0.0 18113 3484 11048.076923076924 13
stats: {sentpackets,"os_mon@test4"} 1 13111.0 0.0 13111 2511 8114.692307692308 13
stats: {freemem,"os_mon@test3"} 1 863.3046875 0.0 1509.3984375 863.3046875 1275.204799107143 14
stats: {cpu,"os_mon@test4"} 1 28.49462365591398 0.0 37.96592119275825 2.2488755622188905 26.028791923784002 14
stats: {load,"os_mon@myserver"} 1 1.1015625 0.0 1.26953125 1.1015625 1.186941964285714 14
stats: {recvpackets,"os_mon@myserver"} 1 17803.0 0.0 17803 3614 11089.461538461539 13
stats: {sentpackets,"os_mon@myserver"} 1 12852.0 0.0 12852 2607 8147.923076923077 13
stats: {cpu,"os_mon@myserver"} 1 25.407166123778502 0.0 25.575575575575577 2.3618090452261304 23.329023259453493 14
stats: session 256 91723.02209472656 28068.136432534317 129049.26293945313 23.3369140625 28485.144618620492 5013
stats: users_count 3526 39884
stats: finish_users_count 256 5269
stats: request 9549 5187.030105793762 8248.668799115614 59226.869873046875 1.5400390625 3383.9771243645596 133694
stats: page 250 90096.37691894535 29561.69202659683 129047.96997070313 21.820068359375 28628.676845716924 4952
stats: connect 9614 4783.688636927373 8212.127479586117 31112.7578125 0.304931640625 3054.366770327561 133962
stats: error_unknown 0 58
stats: 200 9549 143239
stats: size_rcv 1432350 21374745
stats: newphase 5 75
stats: size_sent 1276562 19058344
stats: connected 65 333
stats: error_connect_etimedout 2804 12311
# stats: dump at 1338898968
stats: users 38033 38036
stats: {load,"os_mon@test2"} 1 0.828125 0.0 0.8984375 0.55859375 0.7510416666666667 15
stats: {recvpackets,"os_mon@test3"} 1 14922.0 0.0 17875 3518 11572.142857142857 14
stats: {sentpackets,"os_mon@test3"} 1 11394.0 0.0 12885 2529 8486.0 14
stats: {freemem,"os_mon@test2"} 1 858.00390625 0.0 1530.33203125 858.00390625 1296.2559895833333 15
stats: {load,"os_mon@test4"} 1 0.5390625 0.0 0.9609375 0.4296875 0.5841145833333333 15
stats: {cpu,"os_mon@test3"} 1 32.03416978109984 0.0 42.493224932249326 3.3753148614609576 30.947543503180448 15
stats: {freemem,"os_mon@test4"} 1 878.203125 0.0 1456.3125 878.203125 1223.4359375 15
stats: {freemem,"os_mon@myserver"} 1 2506.05078125 0.0 2506.87109375 2504.25390625 2505.794010416667 15
stats: {recvpackets,"os_mon@test2"} 1 14894.0 0.0 17944 3516 11567.42857142857 14
stats: {sentpackets,"os_mon@test2"} 1 11390.0 0.0 12952 2529 8482.07142857143 14
stats: {load,"os_mon@test3"} 1 0.9609375 0.0 0.96875 0.48046875 0.7299479166666667 15
stats: {cpu,"os_mon@test2"} 1 51.61117078410311 0.0 51.61117078410311 1.954887218045113 30.77941672278032 15
stats: {recvpackets,"os_mon@test4"} 1 14283.0 0.0 18113 3484 11552.714285714286 14
stats: {sentpackets,"os_mon@test4"} 1 10827.0 0.0 13111 2511 8471.57142857143 14
stats: {freemem,"os_mon@test3"} 1 820.44140625 0.0 1509.3984375 820.44140625 1247.7447916666667 15
stats: {cpu,"os_mon@test4"} 1 29.354838709677416 0.0 37.96592119275825 2.2488755622188905 26.193180705926 15
stats: {load,"os_mon@myserver"} 1 1.078125 0.0 1.26953125 1.078125 1.1812499999999997 15
stats: {recvpackets,"os_mon@myserver"} 1 14980.0 0.0 17803 3614 11569.0 14
stats: {sentpackets,"os_mon@myserver"} 1 11419.0 0.0 12852 2607 8483.92857142857 14
stats: {cpu,"os_mon@myserver"} 1 25.501002004008015 0.0 25.575575575575577 2.3618090452261304 23.467566117075158 15
stats: session 209 98512.90176669034 27746.252542947994 138213.96801757813 23.3369140625 31557.6245263607 5269
stats: users_count 3627 43511
stats: finish_users_count 209 5478
stats: request 9216 5278.219411028747 8460.231485678192 87299.36694335938 1.5400390625 3504.1739431945725 143243
stats: page 215 98256.76303597385 27623.974406658243 138212.55322265625 21.820068359375 31582.718563961273 5202
stats: connect 9134 4635.789418741108 8232.171545404415 31112.7578125 0.304931640625 3170.163981738177 143576
stats: error_unknown 0 58
stats: 200 9213 152452
stats: size_rcv 1381950 22756695
stats: newphase 6 81
stats: size_sent 1213442 20271786
stats: connected -82 251
stats: error_connect_etimedout 2741 15052
# stats: dump at 1338898978
stats: users 40282 40283
stats: {load,"os_mon@test2"} 1 0.9296875 0.0 0.9296875 0.55859375 0.755859375 16
stats: {recvpackets,"os_mon@test3"} 1 16538.0 0.0 17875 3518 11795.466666666667 15
stats: {sentpackets,"os_mon@test3"} 1 12234.0 0.0 12885 2529 8679.866666666667 15
stats: {freemem,"os_mon@test2"} 1 804.46875 0.0 1530.33203125 804.46875 1268.865234375 16
stats: {load,"os_mon@test4"} 1 0.53125 0.0 0.9609375 0.4296875 0.581298828125 16
stats: {cpu,"os_mon@test3"} 1 38.26695371367062 0.0 42.493224932249326 3.3753148614609576 31.01545764555041 16
stats: {freemem,"os_mon@test4"} 1 828.4140625 0.0 1456.3125 828.4140625 1201.85888671875 16
stats: {freemem,"os_mon@myserver"} 1 2506.0390625 0.0 2506.87109375 2504.25390625 2505.81005859375 16
stats: {recvpackets,"os_mon@test2"} 1 16527.0 0.0 17944 3516 11789.2 15
stats: {sentpackets,"os_mon@test2"} 1 12210.0 0.0 12952 2529 8675.933333333334 15
stats: {load,"os_mon@test3"} 1 0.890625 0.0 0.96875 0.48046875 0.744384765625 16
stats: {cpu,"os_mon@test2"} 1 41.73913043478261 0.0 51.61117078410311 1.954887218045113 32.081401351612996 16
stats: {recvpackets,"os_mon@test4"} 1 17082.0 0.0 18113 3484 11734.733333333334 15
stats: {sentpackets,"os_mon@test4"} 1 12742.0 0.0 13111 2511 8628.6 15
stats: {freemem,"os_mon@test3"} 1 761.34375 0.0 1509.3984375 761.34375 1221.038330078125 16
stats: {cpu,"os_mon@test4"} 1 33.26168726491134 0.0 37.96592119275825 2.2488755622188905 26.390784331160464 16
stats: {load,"os_mon@myserver"} 1 1.0703125 0.0 1.26953125 1.0703125 1.1748046874999998 16
stats: {recvpackets,"os_mon@myserver"} 1 16541.0 0.0 17803 3614 11796.4 15
stats: {sentpackets,"os_mon@myserver"} 1 12247.0 0.0 12852 2607 8679.599999999999 15
stats: {cpu,"os_mon@myserver"} 1 25.450901803607213 0.0 25.575575575575577 2.3618090452261304 23.594655860008462 16
stats: session 301 102009.3609963857 31094.092717448002 147461.53881835938 23.3369140625 34112.14313593151 5478
stats: users_count 2550 46061
stats: finish_users_count 301 5779
stats: request 9424 5798.309112989237 8574.192126879849 87299.36694335938 1.5400390625 3611.4132864380654 152459
stats: page 294 101058.1985801645 31821.02436319843 147460.22705078125 21.820068359375 34229.00240399869 5417
stats: connect 9436 5247.604190530483 8568.090914146329 31116.278076171875 0.304931640625 3257.8270211041963 152710
stats: error_unknown 0 58
stats: 200 9422 161874
stats: size_rcv 1413300 24169995
stats: newphase 3 84
stats: size_sent 1252788 21524574
stats: connected 12 263
stats: error_connect_etimedout 3715 18767
# stats: dump at 1338898988
stats: users 43183 43191
stats: {load,"os_mon@test2"} 1 0.9296875 0.0 0.9296875 0.55859375 0.7660845588235294 17
stats: {recvpackets,"os_mon@test3"} 1 15902.0 0.0 17875 3518 12091.875 16
stats: {sentpackets,"os_mon@test3"} 1 12266.0 0.0 12885 2529 8902.0 16
stats: {freemem,"os_mon@test2"} 1 750.4375 0.0 1530.33203125 750.4375 1241.547794117647 17
stats: {load,"os_mon@test4"} 1 0.51953125 0.0 0.9609375 0.4296875 0.5783547794117647 17
stats: {cpu,"os_mon@test3"} 1 41.22994652406417 0.0 42.493224932249326 3.3753148614609576 31.442016237792775 17
stats: {freemem,"os_mon@test4"} 1 780.08203125 0.0 1456.3125 780.08203125 1179.891544117647 17
stats: {freemem,"os_mon@myserver"} 1 2505.8984375 0.0 2506.87109375 2504.25390625 2505.823529411765 17
stats: {recvpackets,"os_mon@test2"} 1 15794.0 0.0 17944 3516 12085.3125 16
stats: {sentpackets,"os_mon@test2"} 1 1.22e4 0.0 12952 2529 8896.8125 16
stats: {load,"os_mon@test3"} 1 0.8984375 0.0 0.96875 0.48046875 0.7529871323529411 17
stats: {cpu,"os_mon@test2"} 1 40.373011519473394 0.0 51.61117078410311 1.954887218045113 32.64950306238768 17
stats: {recvpackets,"os_mon@test4"} 1 15560.0 0.0 18113 3484 12068.9375 16
stats: {sentpackets,"os_mon@test4"} 1 12041.0 0.0 13111 2511 8885.6875 16
stats: {freemem,"os_mon@test3"} 1 695.01171875 0.0 1509.3984375 695.01171875 1193.9974724264705 17
stats: {cpu,"os_mon@test4"} 1 34.749455337690634 0.0 37.96592119275825 2.2488755622188905 26.794955091969342 17
stats: {load,"os_mon@myserver"} 1 1.12890625 0.0 1.26953125 1.0703125 1.168658088235294 17
stats: {recvpackets,"os_mon@myserver"} 1 16044.0 0.0 17803 3614 12092.9375 16
stats: {sentpackets,"os_mon@myserver"} 1 12357.0 0.0 12852 2607 8902.562499999998 16
stats: {cpu,"os_mon@myserver"} 1 25.425851703406817 0.0 25.575575575575577 2.3618090452261304 23.703846797867214 17
stats: session 257 108947.62446707046 27012.463210085964 157166.68383789063 23.3369140625 37648.57895112388 5779
stats: users_count 3158 49219
stats: finish_users_count 257 6036
stats: request 9427 5013.725164524918 8273.57825378804 87299.36694335938 1.5400390625 3738.7231724014973 161883
stats: page 264 106683.24301239935 28196.750256578867 157165.10522460938 21.820068359375 37669.34274295732 5711
stats: connect 9427 4538.679657717272 8249.988162581503 31123.248046875 0.304931640625 3373.621042361005 162146
stats: error_unknown 0 58
stats: 200 9427 171301
stats: size_rcv 1414050 25584045
stats: newphase 6 90
stats: size_sent 1251945 22776519
stats: connected 0 263
stats: error_connect_etimedout 4166 22933
# stats: dump at 1338898998
stats: users 47170 47170
stats: {load,"os_mon@test2"} 1 0.87109375 0.0 0.9296875 0.55859375 0.7751736111111112 18
stats: {recvpackets,"os_mon@test3"} 1 18227.0 0.0 18227 3518 12316.0 17
stats: {sentpackets,"os_mon@test3"} 1 13870.0 0.0 13870 2529 9099.882352941177 17
stats: {freemem,"os_mon@test2"} 1 704.38671875 0.0 1530.33203125 704.38671875 1214.263888888889 18
stats: {load,"os_mon@test4"} 1 0.44140625 0.0 0.9609375 0.4296875 0.5750868055555556 18
stats: {cpu,"os_mon@test3"} 1 44.252563410685376 0.0 44.252563410685376 3.3753148614609576 31.98579014258563 18
stats: {freemem,"os_mon@test4"} 1 706.61328125 0.0 1456.3125 706.61328125 1157.679904513889 18
stats: {freemem,"os_mon@myserver"} 1 2505.34765625 0.0 2506.87109375 2504.25390625 2505.827690972222 18
stats: {recvpackets,"os_mon@test2"} 1 18352.0 0.0 18352 3516 12303.470588235294 17
stats: {sentpackets,"os_mon@test2"} 1 13953.0 0.0 13953 2529 9091.117647058823 17
stats: {load,"os_mon@test3"} 1 0.921875 0.0 0.96875 0.48046875 0.7610677083333334 18
stats: {cpu,"os_mon@test2"} 1 35.44916621839699 0.0 51.61117078410311 1.954887218045113 33.07858686555911 18
stats: {recvpackets,"os_mon@test4"} 1 18280.0 0.0 18280 3484 12274.29411764706 17
stats: {sentpackets,"os_mon@test4"} 1 13927.0 0.0 13927 2511 9071.29411764706 17
stats: {freemem,"os_mon@test3"} 1 617.44921875 0.0 1509.3984375 617.44921875 1166.2760416666667 18
stats: {cpu,"os_mon@test4"} 1 41.07725788900979 0.0 41.07725788900979 2.2488755622188905 27.236871772287188 18
stats: {load,"os_mon@myserver"} 1 1.109375 0.0 1.26953125 1.0703125 1.1664496527777777 18
stats: {recvpackets,"os_mon@myserver"} 1 18042.0 0.0 18042 3614 12325.35294117647 17
stats: {sentpackets,"os_mon@myserver"} 1 13757.0 0.0 13757 2607 9105.764705882351 17
stats: {cpu,"os_mon@myserver"} 1 25.513784461152884 0.0 25.575575575575577 2.3618090452261304 23.799513737063858 18
stats: session 336 89502.34902372815 54306.01821095435 169150.07202148438 23.3369140625 40684.3401667631 6036
stats: users_count 4323 53542
stats: finish_users_count 336 6372
stats: request 9244 5352.195705280126 8647.340275237995 87299.36694335938 1.5400390625 3808.8851231326134 171310
stats: page 253 115787.75509317873 33203.796758030294 169148.166015625 21.820068359375 40718.659842728484 5975
stats: connect 9299 4565.18305154198 8422.69353665802 31123.248046875 0.304931640625 3437.6346550329495 171573
stats: error_unknown 83 141
stats: 200 9242 180543
stats: size_rcv 1386300 26970345
stats: newphase 4 94
stats: size_sent 1234545 24011064
stats: connected 55 318
stats: error_connect_etimedout 4398 27331
# stats: dump at 1338899008
stats: users 49526 49535
stats: {load,"os_mon@test2"} 1 0.890625 0.0 0.9296875 0.55859375 0.7802220394736842 19
stats: {recvpackets,"os_mon@test3"} 1 22271.0 0.0 22271 3518 12644.388888888889 18
stats: {sentpackets,"os_mon@test3"} 1 16201.0 0.0 16201 2529 9364.888888888889 18
stats: {freemem,"os_mon@test2"} 1 630.45703125 0.0 1530.33203125 630.45703125 1187.4282483552631 19
stats: {load,"os_mon@test4"} 1 0.44921875 0.0 0.9609375 0.4296875 0.5680509868421053 19
stats: {cpu,"os_mon@test3"} 1 35.602377093463 0.0 44.252563410685376 3.3753148614609576 32.63140978827509 19
stats: {freemem,"os_mon@test4"} 1 612.29296875 0.0 1456.3125 612.29296875 1133.9395559210527 19
stats: {freemem,"os_mon@myserver"} 1 2505.29296875 0.0 2506.87109375 2504.25390625 2505.802425986842 19
stats: {recvpackets,"os_mon@test2"} 1 22242.0 0.0 22242 3516 12639.5 18
stats: {sentpackets,"os_mon@test2"} 1 16184.0 0.0 16184 2529 9361.222222222223 18
stats: {load,"os_mon@test3"} 1 1.08984375 0.0 1.08984375 0.48046875 0.76953125 19
stats: {cpu,"os_mon@test2"} 1 48.50107066381156 0.0 51.61117078410311 1.954887218045113 33.203354199919 19
stats: {recvpackets,"os_mon@test4"} 1 22349.0 0.0 22349 3484 12607.944444444445 18
stats: {sentpackets,"os_mon@test4"} 1 16266.0 0.0 16266 2511 9341.055555555555 18
stats: {freemem,"os_mon@test3"} 1 581.23046875 0.0 1509.3984375 581.23046875 1137.3904194078948 19
stats: {cpu,"os_mon@test4"} 1 51.46354443853113 0.0 51.46354443853113 2.2488755622188905 27.96531314685154 19
stats: {load,"os_mon@myserver"} 1 1.1015625 0.0 1.26953125 1.0703125 1.1634457236842106 19
stats: {recvpackets,"os_mon@myserver"} 1 22326.0 0.0 22326 3614 12642.944444444445 18
stats: {sentpackets,"os_mon@myserver"} 1 16225.0 0.0 16225 2607 9364.166666666664 18
stats: {cpu,"os_mon@myserver"} 1 25.544703230653642 0.0 25.575575575575577 2.3618090452261304 23.889738512015914 19
stats: session 265 127437.29150667011 36949.61756433347 181930.90405273438 23.3369140625 43258.54779010589 6372
stats: users_count 2621 56163
stats: finish_users_count 265 6637
stats: request 9181 5062.394192069763 7690.824030669774 87299.36694335938 1.5400390625 3887.899506759515 180554
stats: page 258 127172.18210998063 36368.428571603035 181928.84497070313 21.820068359375 43768.19116873426 6228
stats: connect 9091 4587.2385303588235 7716.470521254101 31123.248046875 0.304931640625 3495.604227654126 180872
stats: error_unknown 0 141
stats: 200 9181 189724
stats: size_rcv 1377150 28347495
stats: newphase 6 100
stats: size_sent 1206129 25217193
stats: connected -90 228
stats: error_connect_etimedout 4900 32231
# stats: dump at 1338899008
stats: users 49521 49535
stats: {load,"os_mon@test2"} 0 0 0 0.9296875 0.55859375 0.7857421875 20
stats: {recvpackets,"os_mon@test3"} 0 0 0 22271 3518 13151.052631578947 19
stats: {sentpackets,"os_mon@test3"} 0 0 0 16201 2529 9724.684210526315 19
stats: {freemem,"os_mon@test2"} 0 0 0 1530.33203125 630.45703125 1159.5796875 20
stats: {load,"os_mon@test4"} 0 0 0 0.9609375 0.4296875 0.562109375 20
stats: {cpu,"os_mon@test3"} 0 0 0 44.252563410685376 3.3753148614609576 32.77995815353449 20
stats: {freemem,"os_mon@test4"} 0 0 0 1456.3125 612.29296875 1107.8572265625 20
stats: {freemem,"os_mon@myserver"} 0 0 0 2506.87109375 2504.25390625 2505.776953125 20
stats: {recvpackets,"os_mon@test2"} 0 0 0 22242 3516 13144.894736842105 19
stats: {sentpackets,"os_mon@test2"} 0 0 0 16184 2529 9720.315789473685 19
stats: {load,"os_mon@test3"} 0 0 0 1.08984375 0.48046875 0.785546875 20
stats: {cpu,"os_mon@test2"} 0 0 0 51.61117078410311 1.954887218045113 33.96824002311363 20
stats: {recvpackets,"os_mon@test4"} 0 0 0 22349 3484 13120.631578947368 19
stats: {sentpackets,"os_mon@test4"} 0 0 0 16266 2511 9705.526315789473 19
stats: {freemem,"os_mon@test3"} 0 0 0 1509.3984375 581.23046875 1109.582421875 20
stats: {cpu,"os_mon@test4"} 0 0 0 51.46354443853113 2.2488755622188905 29.14022471143552 20
stats: {load,"os_mon@myserver"} 0 0 0 1.26953125 1.0703125 1.1603515625 20
stats: {recvpackets,"os_mon@myserver"} 0 0 0 22326 3614 13152.578947368422 19
stats: {sentpackets,"os_mon@myserver"} 0 0 0 16225 2607 9725.263157894733 19
stats: {cpu,"os_mon@myserver"} 0 0 0 25.575575575575577 2.3618090452261304 23.972486747947798 20
stats: session 6 147544.98384602866 29067.1401239722 183047.11596679688 23.3369140625 46619.60957779454 6637
stats: users_count 1 56164
stats: finish_users_count 6 6643
stats: error_unknown 0 141
stats: request 487 5801.805164752311 9433.050180523322 87299.36694335938 1.5400390625 3944.7315920670935 189735
stats: page 11 115176.21238014915 51004.917367654896 181928.84497070313 21.820068359375 47085.83373161455 6486
stats: connect 569 6884.960599393122 10308.299821631595 31123.248046875 0.304931640625 3547.846229759212 189963
stats: 200 487 190211
stats: size_rcv 73050 28420545
stats: newphase 0 100
stats: size_sent 75515 25292708
stats: connected 82 310
stats: error_connect_etimedout 170 32401
stats: error_abort 1 1
EndMonitor:{1338,899008,494444}
