# stats: dump at 1338915873
stats: users 0 0
# stats: dump at 1338915883
stats: users 3 24
stats: {load,"os_mon@test2"} 1 0.9296875 0 0.9296875 0.9296875 0 0
stats: {freemem,"os_mon@test2"} 1 1509.95703125 0 1509.95703125 1509.95703125 0 0
stats: {cpu,"os_mon@test3"} 1 2.224469160768453 0 2.224469160768453 2.224469160768453 0 0
stats: {load,"os_mon@test4"} 1 1.2109375 0 1.2109375 1.2109375 0 0
stats: {freemem,"os_mon@test4"} 1 1435.33984375 0 1435.33984375 1435.33984375 0 0
stats: {freemem,"os_mon@myserver"} 1 1094.43359375 0 1094.43359375 1094.43359375 0 0
stats: {load,"os_mon@test3"} 1 1.62890625 0 1.62890625 1.62890625 0 0
stats: {cpu,"os_mon@test2"} 1 2.062374245472837 0 2.062374245472837 2.062374245472837 0 0
stats: {freemem,"os_mon@test3"} 1 1488.49609375 0 1488.49609375 1488.49609375 0 0
stats: {cpu,"os_mon@test4"} 1 2.308078273958856 0 2.308078273958856 2.308078273958856 0 0
stats: {load,"os_mon@myserver"} 1 0.9609375 0 0.9609375 0.9609375 0 0
stats: {cpu,"os_mon@myserver"} 1 3.356890459363958 0 3.356890459363958 3.356890459363958 0 0
stats: session 531 63.808274206244114 42.072826512220445 166.10498046875 21.841064453125 0 0
stats: users_count 534 534
stats: finish_users_count 531 531
stats: request 5230 5.981862078752399 4.388876598086654 19.198974609375 1.43505859375 0 0
stats: page 522 61.27515256450552 42.071418543119606 164.0400390625 20.60205078125 0 0
stats: connect 5232 0.9341386800876815 0.27895730402015934 6.098876953125 0.444091796875 0 0
stats: 200 5230 5230
stats: size_rcv 688756 688756
stats: size_sent 693984 693984
stats: connected 2 2
# stats: dump at 1338915893
stats: users 517 517
stats: {load,"os_mon@test2"} 1 0.859375 0.0 0.9296875 0.859375 0.9296875 1
stats: {recvpackets,"os_mon@test3"} 1 4906 0 4906 4906 0 0
stats: {sentpackets,"os_mon@test3"} 1 3307 0 3307 3307 0 0
stats: {freemem,"os_mon@test2"} 1 1512.09765625 0.0 1512.09765625 1509.95703125 1509.95703125 1
stats: {cpu,"os_mon@test3"} 1 20.835455934793686 0.0 20.835455934793686 2.224469160768453 2.224469160768453 1
stats: {load,"os_mon@test4"} 1 1.1015625 0.0 1.2109375 1.1015625 1.2109375 1
stats: {freemem,"os_mon@test4"} 1 1437.73828125 0.0 1437.73828125 1435.33984375 1435.33984375 1
stats: {freemem,"os_mon@myserver"} 1 1095.02734375 0.0 1095.02734375 1094.43359375 1094.43359375 1
stats: {recvpackets,"os_mon@test2"} 1 4876 0 4876 4876 0 0
stats: {sentpackets,"os_mon@test2"} 1 3287 0 3287 3287 0 0
stats: {load,"os_mon@test3"} 1 1.44921875 0.0 1.62890625 1.44921875 1.62890625 1
stats: {cpu,"os_mon@test2"} 1 14.164164164164164 0.0 14.164164164164164 2.062374245472837 2.062374245472837 1
stats: {freemem,"os_mon@test3"} 1 1489.05078125 0.0 1489.05078125 1488.49609375 1488.49609375 1
stats: {recvpackets,"os_mon@test4"} 1 4911 0 4911 4911 0 0
stats: {sentpackets,"os_mon@test4"} 1 3313 0 3313 3313 0 0
stats: {cpu,"os_mon@test4"} 1 11.666666666666666 0.0 11.666666666666666 2.308078273958856 2.308078273958856 1
stats: {load,"os_mon@myserver"} 1 0.890625 0.0 0.9609375 0.890625 0.9609375 1
stats: {recvpackets,"os_mon@myserver"} 1 4673 0 4673 4673 0 0
stats: {sentpackets,"os_mon@myserver"} 1 3188 0 3188 3188 0 0
stats: {cpu,"os_mon@myserver"} 1 16.877951777280636 0.0 16.877951777280636 3.356890459363958 3.356890459363958 1
stats: session 911 864.2383377962918 635.3013817631986 2674.494140625 21.841064453125 63.808274206244114 531
stats: users_count 1425 1959
stats: finish_users_count 911 1442
stats: request 10957 121.62730227929339 107.49913466128498 427.169921875 1.31201171875 5.981862078752399 5230
stats: page 914 843.9070329060961 624.5537244881776 2650.1259765625 20.60205078125 61.27515256450552 522
stats: connect 11465 0.9380673687581763 0.33226919207252104 13.566162109375 0.4208984375 0.9341386800876815 5232
stats: 200 10957 16187
stats: size_rcv 1378922 2067678
stats: newphase 6 6
stats: size_sent 1521523 2215507
stats: connected 508 510
# stats: dump at 1338915903
stats: users 2292 2292
stats: {load,"os_mon@test2"} 1 0.87890625 0.0 0.9296875 0.859375 0.89453125 2
stats: {recvpackets,"os_mon@test3"} 1 11828.0 0.0 11828 4906 4906.0 1
stats: {sentpackets,"os_mon@test3"} 1 9869.0 0.0 9869 3307 3307.0 1
stats: {freemem,"os_mon@test2"} 1 1502.7578125 0.0 1512.09765625 1502.7578125 1511.02734375 2
stats: {cpu,"os_mon@test3"} 1 34.419551934826885 0.0 34.419551934826885 2.224469160768453 11.52996254778107 2
stats: {load,"os_mon@test4"} 1 1.0 0.0 1.2109375 1.0 1.15625 2
stats: {freemem,"os_mon@test4"} 1 1428.9453125 0.0 1437.73828125 1428.9453125 1436.5390625 2
stats: {freemem,"os_mon@myserver"} 1 1094.34765625 0.0 1095.02734375 1094.34765625 1094.73046875 2
stats: {recvpackets,"os_mon@test2"} 1 11854.0 0.0 11854 4876 4876.0 1
stats: {sentpackets,"os_mon@test2"} 1 9890.0 0.0 9890 3287 3287.0 1
stats: {load,"os_mon@test3"} 1 1.23046875 0.0 1.62890625 1.23046875 1.5390625 2
stats: {cpu,"os_mon@test2"} 1 27.43002544529262 0.0 27.43002544529262 2.062374245472837 8.1132692048185 2
stats: {freemem,"os_mon@test3"} 1 1481.515625 0.0 1489.05078125 1481.515625 1488.7734375 2
stats: {recvpackets,"os_mon@test4"} 1 11838.0 0.0 11838 4911 4911.0 1
stats: {sentpackets,"os_mon@test4"} 1 9874.0 0.0 9874 3313 3313.0 1
stats: {cpu,"os_mon@test4"} 1 25.60287326834274 0.0 25.60287326834274 2.308078273958856 6.987372470312761 2
stats: {load,"os_mon@myserver"} 1 0.91015625 0.0 0.9609375 0.890625 0.92578125 2
stats: {recvpackets,"os_mon@myserver"} 1 12039.0 0.0 12039 4673 4673.0 1
stats: {sentpackets,"os_mon@myserver"} 1 9996.0 0.0 9996 3188 3188.0 1
stats: {cpu,"os_mon@myserver"} 1 25.56278139069535 0.0 25.56278139069535 3.356890459363958 10.117421118322296 2
stats: session 640 5931.690748596195 1938.3567848641012 9475.407958984375 21.841064453125 569.4891257530774 1442
stats: users_count 2415 4374
stats: finish_users_count 640 2082
stats: request 11145 959.9126309093207 366.10455749911176 1808.666015625 1.31201171875 84.26240129400708 16187
stats: page 625 5784.4250066406275 1887.0530878422817 9412.10693359375 20.60205078125 559.4127142861029 1436
stats: connect 12695 1.3446740612076507 19.812611999734766 1000.213134765625 0.389892578125 0.9368363153279775 16697
stats: 200 11145 27332
stats: size_rcv 1388124 3455802
stats: newphase 6 12
stats: size_sent 1686557 3902064
stats: connected 1550 2060
# stats: dump at 1338915913
stats: users 4349 4395
stats: {load,"os_mon@test2"} 1 0.8203125 0.0 0.9296875 0.8203125 0.8893229166666666 3
stats: {recvpackets,"os_mon@test3"} 1 11321.0 0.0 11828 4906 8367.0 2
stats: {sentpackets,"os_mon@test3"} 1 7722.0 0.0 9869 3307 6588.0 2
stats: {freemem,"os_mon@test2"} 1 1482.5625 0.0 1512.09765625 1482.5625 1508.2708333333333 3
stats: {cpu,"os_mon@test3"} 1 33.83033419023136 0.0 34.419551934826885 2.224469160768453 19.15982567679634 3
stats: {load,"os_mon@test4"} 1 0.9296875 0.0 1.2109375 0.9296875 1.1041666666666667 3
stats: {freemem,"os_mon@test4"} 1 1407.61328125 0.0 1437.73828125 1407.61328125 1434.0078125 3
stats: {freemem,"os_mon@myserver"} 1 1090.828125 0.0 1095.02734375 1090.828125 1094.6028645833333 3
stats: {recvpackets,"os_mon@test2"} 1 11321.0 0.0 11854 4876 8365.0 2
stats: {sentpackets,"os_mon@test2"} 1 7717.0 0.0 9890 3287 6588.5 2
stats: {load,"os_mon@test3"} 1 1.19921875 0.0 1.62890625 1.19921875 1.4361979166666667 3
stats: {cpu,"os_mon@test2"} 1 31.724845995893226 0.0 31.724845995893226 2.062374245472837 14.552187951643207 3
stats: {freemem,"os_mon@test3"} 1 1454.296875 0.0 1489.05078125 1454.296875 1486.3541666666667 3
stats: {recvpackets,"os_mon@test4"} 1 11336.0 0.0 11838 4911 8374.5 2
stats: {sentpackets,"os_mon@test4"} 1 7732.0 0.0 9874 3313 6593.5 2
stats: {cpu,"os_mon@test4"} 1 29.682702149437052 0.0 29.682702149437052 2.308078273958856 13.19253940298942 3
stats: {load,"os_mon@myserver"} 1 0.921875 0.0 0.9609375 0.890625 0.9205729166666666 3
stats: {recvpackets,"os_mon@myserver"} 1 11221.0 0.0 12039 4673 8356.0 2
stats: {sentpackets,"os_mon@myserver"} 1 7675.0 0.0 9996 3188 6592.0 2
stats: {cpu,"os_mon@myserver"} 1 25.56278139069535 0.0 25.56278139069535 3.356890459363958 15.265874542446648 3
stats: session 719 13417.77012241666 1695.3966432330237 18304.64697265625 21.841064453125 2217.8123911803564 2082
stats: users_count 2776 7150
stats: finish_users_count 719 2801
stats: request 17384 1653.1226128737517 867.1706682934271 8514.0830078125 1.31201171875 441.3208605748014 27332
stats: page 697 13178.763440344223 1760.5505937119597 17944.390869140625 20.60205078125 2143.9021285129725 2061
stats: connect 17649 467.6613624975199 951.2239693737288 7031.900146484375 0.389892578125 1.1129896966542723 29392
stats: 200 17384 44716
stats: size_rcv 2381400 5837202
stats: newphase 6 18
stats: size_sent 2341579 6243643
stats: connected 265 2325
# stats: dump at 1338915923
stats: users 5257 5276
stats: {load,"os_mon@test2"} 1 0.9296875 0.0 0.9296875 0.8203125 0.8720703125 4
stats: {recvpackets,"os_mon@test3"} 1 9844.0 0.0 11828 4906 9351.666666666666 3
stats: {sentpackets,"os_mon@test3"} 1 7015.0 0.0 9869 3307 6966.0 3
stats: {freemem,"os_mon@test2"} 1 1455.1328125 0.0 1512.09765625 1455.1328125 1501.84375 4
stats: {cpu,"os_mon@test3"} 1 51.35983263598326 0.0 51.35983263598326 2.224469160768453 22.827452805155097 4
stats: {load,"os_mon@test4"} 1 1.1015625 0.0 1.2109375 0.9296875 1.060546875 4
stats: {freemem,"os_mon@test4"} 1 1376.13671875 0.0 1437.73828125 1376.13671875 1427.4091796875 4
stats: {freemem,"os_mon@myserver"} 1 1090.375 0.0 1095.02734375 1090.375 1093.6591796875 4
stats: {recvpackets,"os_mon@test2"} 1 9859.0 0.0 11854 4876 9350.333333333334 3
stats: {sentpackets,"os_mon@test2"} 1 7031.0 0.0 9890 3287 6964.666666666667 3
stats: {load,"os_mon@test3"} 1 1.25 0.0 1.62890625 1.19921875 1.376953125 4
stats: {cpu,"os_mon@test2"} 1 41.83884297520662 0.0 41.83884297520662 2.062374245472837 18.845352462705712 4
stats: {freemem,"os_mon@test3"} 1 1391.0703125 0.0 1489.05078125 1391.0703125 1478.33984375 4
stats: {recvpackets,"os_mon@test4"} 1 9829.0 0.0 11838 4911 9361.666666666666 3
stats: {sentpackets,"os_mon@test4"} 1 7005.0 0.0 9874 3313 6973.0 3
stats: {cpu,"os_mon@test4"} 1 41.49377593360996 0.0 41.49377593360996 2.308078273958856 17.315080089601327 4
stats: {load,"os_mon@myserver"} 1 0.94140625 0.0 0.9609375 0.890625 0.9208984375 4
stats: {recvpackets,"os_mon@myserver"} 1 9871.0 0.0 12039 4673 9311.0 3
stats: {sentpackets,"os_mon@myserver"} 1 7034.0 0.0 9996 3188 6953.0 3
stats: {cpu,"os_mon@myserver"} 1 36.41909814323607 0.0 36.41909814323607 3.356890459363958 17.840101254508824 4
stats: session 2064 15694.231037938318 3120.7158492416 27054.861083984375 21.841064453125 5092.774764889354 2801
stats: users_count 2972 10122
stats: finish_users_count 2064 4865
stats: request 24549 1701.654490773318 1583.786110799002 17442.10595703125 1.31201171875 912.4265422539532 44716
stats: page 2030 15614.943948920489 3040.064050530323 27053.752197265625 20.60205078125 4932.625237413038 2758
stats: connect 24867 758.2088093815381 1576.551728838661 15052.364013671875 0.389892578125 176.15417146495167 47041
stats: 200 24537 69253
stats: size_rcv 3621072 9458274
stats: newphase 6 24
stats: size_sent 3297001 9540644
stats: connected 318 2643
# stats: dump at 1338915933
stats: users 5318 5376
stats: {load,"os_mon@test2"} 1 0.87109375 0.0 0.9296875 0.8203125 0.88359375 5
stats: {recvpackets,"os_mon@test3"} 1 12963.0 0.0 12963 4906 9474.75 4
stats: {sentpackets,"os_mon@test3"} 1 9390.0 0.0 9869 3307 6978.25 4
stats: {freemem,"os_mon@test2"} 1 1417.09375 0.0 1512.09765625 1417.09375 1492.5015625 5
stats: {cpu,"os_mon@test3"} 1 57.95811518324607 0.0 57.95811518324607 2.224469160768453 28.533928771320728 5
stats: {load,"os_mon@test4"} 1 1.01171875 0.0 1.2109375 0.9296875 1.06875 5
stats: {freemem,"os_mon@test4"} 1 1346.3125 0.0 1437.73828125 1346.3125 1417.1546875 5
stats: {freemem,"os_mon@myserver"} 1 1091.19140625 0.0 1095.02734375 1090.375 1093.00234375 5
stats: {recvpackets,"os_mon@test2"} 1 12903.0 0.0 12903 4876 9477.5 4
stats: {sentpackets,"os_mon@test2"} 1 9347.0 0.0 9890 3287 6981.25 4
stats: {load,"os_mon@test3"} 1 1.28125 0.0 1.62890625 1.19921875 1.3515625 5
stats: {cpu,"os_mon@test2"} 1 53.53430353430353 0.0 53.53430353430353 2.062374245472837 23.44405056520589 5
stats: {freemem,"os_mon@test3"} 1 1351.1875 0.0 1489.05078125 1351.1875 1460.8859375 5
stats: {recvpackets,"os_mon@test4"} 1 12919.0 0.0 12919 4911 9478.5 4
stats: {sentpackets,"os_mon@test4"} 1 9357.0 0.0 9874 3313 6981.0 4
stats: {cpu,"os_mon@test4"} 1 51.35135135135135 0.0 51.35135135135135 2.308078273958856 22.150819258403054 5
stats: {load,"os_mon@myserver"} 1 0.94921875 0.0 0.9609375 0.890625 0.925 5
stats: {recvpackets,"os_mon@myserver"} 1 12908.0 0.0 12908 4673 9451.0 4
stats: {sentpackets,"os_mon@myserver"} 1 9396.0 0.0 9996 3188 6973.25 4
stats: {cpu,"os_mon@myserver"} 1 39.657631954350926 0.0 39.657631954350926 3.356890459363958 21.55590063225427 5
stats: session 2342 18362.57947381958 4938.005924821617 34049.911865234375 21.841064453125 9590.494343013312 4865
stats: users_count 2403 12525
stats: finish_users_count 2342 7207
stats: 200 24562 93815
stats: request 24595 1982.2930786852592 2172.700163180585 19236.588134765625 1.31201171875 1192.1458363881031 69265
stats: page 2339 18320.18520827207 4874.89793550924 34047.614013671875 20.60205078125 9461.678492291927 4788
stats: connect 24713 881.0302671544326 2029.251258703181 15053.14697265625 0.389892578125 377.4384886629234 71908
stats: size_rcv 3618648 13076922
stats: newphase 6 30
stats: size_sent 3281347 12821991
stats: connected 118 2761
# stats: dump at 1338915943
stats: users 5247 5544
stats: {load,"os_mon@test2"} 1 0.73046875 0.0 0.9296875 0.73046875 0.8815104166666666 6
stats: {recvpackets,"os_mon@test3"} 1 12175.0 0.0 12963 4906 10172.4 5
stats: {sentpackets,"os_mon@test3"} 1 9180.0 0.0 9869 3307 7460.6 5
stats: {freemem,"os_mon@test2"} 1 1396.3125 0.0 1512.09765625 1396.3125 1479.93359375 6
stats: {cpu,"os_mon@test3"} 1 60.89676746611053 0.0 60.89676746611053 2.224469160768453 33.43795983997495 6
stats: {load,"os_mon@test4"} 1 0.8515625 0.0 1.2109375 0.8515625 1.0592447916666667 6
stats: {freemem,"os_mon@test4"} 1 1289.875 0.0 1437.73828125 1289.875 1405.34765625 6
stats: {freemem,"os_mon@myserver"} 1 1090.703125 0.0 1095.02734375 1090.375 1092.7005208333333 6
stats: {recvpackets,"os_mon@test2"} 1 12169.0 0.0 12903 4876 10162.6 5
stats: {sentpackets,"os_mon@test2"} 1 9172.0 0.0 9890 3287 7454.4 5
stats: {load,"os_mon@test3"} 1 1.30859375 0.0 1.62890625 1.19921875 1.33984375 6
stats: {cpu,"os_mon@test2"} 1 47.70500257864879 0.0 53.53430353430353 2.062374245472837 28.45909272672216 6
stats: {freemem,"os_mon@test3"} 1 1305.48046875 0.0 1489.05078125 1305.48046875 1442.6028645833333 6
stats: {recvpackets,"os_mon@test4"} 1 12157.0 0.0 12919 4911 10166.6 5
stats: {sentpackets,"os_mon@test4"} 1 9170.0 0.0 9874 3313 7456.2 5
stats: {cpu,"os_mon@test4"} 1 55.463490419471775 0.0 55.463490419471775 2.308078273958856 27.017574607227772 6
stats: {load,"os_mon@myserver"} 1 0.94921875 0.0 0.9609375 0.890625 0.9290364583333334 6
stats: {recvpackets,"os_mon@myserver"} 1 1.22e4 0.0 12908 4673 10142.4 5
stats: {sentpackets,"os_mon@myserver"} 1 9189.0 0.0 9996 3188 7457.8 5
stats: {cpu,"os_mon@myserver"} 1 39.27758816837315 0.0 39.657631954350926 3.356890459363958 24.572855852603713 6
stats: session 2255 19679.634971222804 6012.8867629865435 45193.515869140625 21.841064453125 12441.087291028893 7207
stats: users_count 2184 14709
stats: finish_users_count 2255 9462
stats: 200 24043 117858
stats: connect 23707 996.6653699967803 2704.6745789026786 31090.528076171875 0.389892578125 506.2434443336437 96621
stats: page 2279 19517.51010467944 5927.396476535797 45191.39306640625 20.60205078125 12368.939220323013 7127
stats: request 24082 2074.8471390656196 2687.906039342686 34301.699951171875 1.31201171875 1399.1953934336875 93860
stats: size_rcv 3566414 16643336
stats: newphase 6 36
stats: size_sent 3147105 15969096
stats: connected -375 2386
# stats: dump at 1338915953
stats: users 7399 7399
stats: {load,"os_mon@test2"} 1 0.62109375 0.0 0.9296875 0.62109375 0.8599330357142857 7
stats: {recvpackets,"os_mon@test3"} 1 11370.0 0.0 12963 4906 10506.166666666666 6
stats: {sentpackets,"os_mon@test3"} 1 8661.0 0.0 9869 3307 7747.166666666667 6
stats: {freemem,"os_mon@test2"} 1 1378.1953125 0.0 1512.09765625 1378.1953125 1467.9877232142858 7
stats: {cpu,"os_mon@test3"} 1 67.4186778593914 0.0 67.4186778593914 2.224469160768453 37.360646643708606 7
stats: {load,"os_mon@test4"} 1 1.03125 0.0 1.2109375 0.8515625 1.0295758928571428 7
stats: {freemem,"os_mon@test4"} 1 1255.046875 0.0 1437.73828125 1255.046875 1388.8515625 7
stats: {freemem,"os_mon@myserver"} 1 1090.83984375 0.0 1095.02734375 1090.375 1092.4151785714287 7
stats: {recvpackets,"os_mon@test2"} 1 11380.0 0.0 12903 4876 10497.0 6
stats: {sentpackets,"os_mon@test2"} 1 8670.0 0.0 9890 3287 7740.666666666667 6
stats: {load,"os_mon@test3"} 1 1.26953125 0.0 1.62890625 1.19921875 1.3353794642857142 7
stats: {cpu,"os_mon@test2"} 1 40.2457757296467 0.0 53.53430353430353 2.062374245472837 31.208508419854535 7
stats: {freemem,"os_mon@test3"} 1 1230.47265625 0.0 1489.05078125 1230.47265625 1423.013950892857 7
stats: {recvpackets,"os_mon@test4"} 1 11366.0 0.0 12919 4911 10498.333333333334 6
stats: {sentpackets,"os_mon@test4"} 1 8657.0 0.0 9874 3313 7741.833333333333 6
stats: {cpu,"os_mon@test4"} 1 54.01762571280456 0.0 55.463490419471775 2.308078273958856 31.081276866119772 7
stats: {load,"os_mon@myserver"} 1 0.9609375 0.0 0.9609375 0.890625 0.9319196428571429 7
stats: {recvpackets,"os_mon@myserver"} 1 11567.0 0.0 12908 4673 10485.333333333334 6
stats: {sentpackets,"os_mon@myserver"} 1 8760.0 0.0 9996 3188 7746.333333333333 6
stats: {cpu,"os_mon@myserver"} 1 37.37083811710677 0.0 39.657631954350926 3.356890459363958 26.673531897713634 7
stats: session 1179 21411.377902974968 7478.900153631435 53515.0791015625 21.841064453125 14166.190336773689 9462
stats: users_count 3331 18040
stats: finish_users_count 1179 10641
stats: 200 13731 131589
stats: request 13738 2928.4121832853866 2552.977772106977 34301.699951171875 1.31201171875 1537.153418041615 117942
stats: connect 13593 1343.0660367791809 2284.5560273602905 31094.15087890625 0.389892578125 602.8662801797975 120328
stats: page 1222 21534.67889853819 7509.474505631701 53513.625 20.60205078125 14100.981857517176 9406
stats: size_rcv 1809622 18452958
stats: newphase 4 40
stats: size_sent 1804715 17773811
stats: connected -145 2241
# stats: dump at 1338915963
stats: users 7726 7875
stats: {load,"os_mon@test2"} 1 0.69140625 0.0 0.9296875 0.62109375 0.830078125 8
stats: {recvpackets,"os_mon@test3"} 1 12883.0 0.0 12963 4906 10629.57142857143 7
stats: {sentpackets,"os_mon@test3"} 1 9456.0 0.0 9869 3307 7877.714285714285 7
stats: {freemem,"os_mon@test2"} 1 1345.15234375 0.0 1512.09765625 1345.15234375 1456.763671875 8
stats: {cpu,"os_mon@test3"} 1 49.575371549893845 0.0 67.4186778593914 2.224469160768453 41.11790054566895 8
stats: {load,"os_mon@test4"} 1 1.03125 0.0 1.2109375 0.8515625 1.02978515625 8
stats: {freemem,"os_mon@test4"} 1 1205.390625 0.0 1437.73828125 1205.390625 1372.1259765625 8
stats: {freemem,"os_mon@myserver"} 1 1091.72265625 0.0 1095.02734375 1090.375 1092.21826171875 8
stats: {recvpackets,"os_mon@test2"} 1 12863.0 0.0 12903 4876 10623.142857142857 7
stats: {sentpackets,"os_mon@test2"} 1 9434.0 0.0 9890 3287 7873.428571428572 7
stats: {load,"os_mon@test3"} 1 1.2890625 0.0 1.62890625 1.19921875 1.3271484375 8
stats: {cpu,"os_mon@test2"} 1 30.14705882352941 0.0 53.53430353430353 2.062374245472837 32.338166833578555 8
stats: {freemem,"os_mon@test3"} 1 1171.35546875 0.0 1489.05078125 1171.35546875 1398.9462890625 8
stats: {recvpackets,"os_mon@test4"} 1 12875.0 0.0 12919 4911 10622.285714285714 7
stats: {sentpackets,"os_mon@test4"} 1 9450.0 0.0 9874 3313 7872.571428571428 7
stats: {cpu,"os_mon@test4"} 1 39.32167461579226 0.0 55.463490419471775 2.308078273958856 33.94832047195537 8
stats: {load,"os_mon@myserver"} 1 0.96875 0.0 0.96875 0.890625 0.935546875 8
stats: {recvpackets,"os_mon@myserver"} 1 12629.0 0.0 12908 4673 10639.857142857143 7
stats: {sentpackets,"os_mon@myserver"} 1 9265.0 0.0 9996 3188 7891.142857142857 7
stats: {cpu,"os_mon@myserver"} 1 27.725299974470257 0.0 39.657631954350926 3.356890459363958 28.010695175137776 8
stats: session 1607 26671.145228121855 8140.167992521793 62863.997802734375 21.841064453125 14968.94159516588 10641
stats: users_count 1934 19974
stats: finish_users_count 1607 12248
stats: page 1581 26666.83826911245 8109.436159524357 62862.35986328125 20.60205078125 14955.703139426065 10628
stats: request 23438 2792.9865461307704 3498.7131548515854 34301.699951171875 1.31201171875 1682.301602404608 131680
stats: connect 23788 1535.9463241317953 3430.684301445866 31094.15087890625 0.389892578125 677.9966577266753 133921
stats: 200 23413 155002
stats: size_rcv 3440648 21893606
stats: newphase 5 45
stats: size_sent 3156684 20930495
stats: connected 350 2591
# stats: dump at 1338915973
stats: users 8256 8256
stats: {load,"os_mon@test2"} 1 0.6484375 0.0 0.9296875 0.62109375 0.8146701388888888 9
stats: {recvpackets,"os_mon@test3"} 1 10954.0 0.0 12963 4906 10911.25 8
stats: {sentpackets,"os_mon@test3"} 1 8564.0 0.0 9869 3307 8075.0 8
stats: {freemem,"os_mon@test2"} 1 1298.41015625 0.0 1512.09765625 1298.41015625 1444.3624131944443 9
stats: {cpu,"os_mon@test3"} 1 73.5082304526749 0.0 73.5082304526749 2.224469160768453 42.05761954613839 9
stats: {load,"os_mon@test4"} 1 0.94140625 0.0 1.2109375 0.8515625 1.0299479166666667 9
stats: {freemem,"os_mon@test4"} 1 1165.08203125 0.0 1437.73828125 1165.08203125 1353.599826388889 9
stats: {freemem,"os_mon@myserver"} 1 1091.640625 0.0 1095.02734375 1090.375 1092.1631944444443 9
stats: {recvpackets,"os_mon@test2"} 1 10948.0 0.0 12903 4876 10903.125 8
stats: {sentpackets,"os_mon@test2"} 1 8563.0 0.0 9890 3287 8068.5 8
stats: {load,"os_mon@test3"} 1 1.3984375 0.0 1.62890625 1.19921875 1.3229166666666667 9
stats: {cpu,"os_mon@test2"} 1 51.103129810159054 0.0 53.53430353430353 2.062374245472837 32.09471038801754 9
stats: {freemem,"os_mon@test3"} 1 1088.390625 0.0 1489.05078125 1088.390625 1373.658420138889 9
stats: {recvpackets,"os_mon@test4"} 1 10956.0 0.0 12919 4911 10903.875 8
stats: {sentpackets,"os_mon@test4"} 1 8566.0 0.0 9874 3313 8069.75 8
stats: {cpu,"os_mon@test4"} 1 48.762506582411795 0.0 55.463490419471775 2.308078273958856 34.54535982127058 9
stats: {load,"os_mon@myserver"} 1 1.05078125 0.0 1.05078125 0.890625 0.9392361111111112 9
stats: {recvpackets,"os_mon@myserver"} 1 11059.0 0.0 12908 4673 10888.5 8
stats: {sentpackets,"os_mon@myserver"} 1 8725.0 0.0 9996 3188 8062.875 8
stats: {cpu,"os_mon@myserver"} 1 38.91428571428571 0.0 39.657631954350926 3.356890459363958 27.97898459728583 9
stats: session 2216 26068.040196057278 8916.43259776651 73122.2939453125 21.841064453125 16504.330331135854 12248
stats: users_count 2746 22720
stats: finish_users_count 2216 14464
stats: 200 24043 179045
stats: request 24086 2725.83435867462 3594.8936898179586 42456.070068359375 1.31201171875 1850.1237359484508 155118
stats: page 2185 25992.76339957719 8885.38128529614 73120.65600585938 20.60205078125 16472.23230971308 12209
stats: connect 24555 1468.031616663329 3461.708698616659 31101.90283203125 0.389892578125 807.4052942943093 157709
stats: size_rcv 3571816 25465422
stats: newphase 4 49
stats: size_sent 3258993 24189488
stats: connected 469 3060
stats: error_connect_etimedout 9 9
# stats: dump at 1338915983
stats: users 8320 9252
stats: {load,"os_mon@test2"} 1 0.55078125 0.0 0.9296875 0.55078125 0.798046875 10
stats: {recvpackets,"os_mon@test3"} 1 16479.0 0.0 16479 4906 10916.0 9
stats: {sentpackets,"os_mon@test3"} 1 12328.0 0.0 12328 3307 8129.333333333333 9
stats: {freemem,"os_mon@test2"} 1 1267.78125 0.0 1512.09765625 1267.78125 1429.7671875 10
stats: {cpu,"os_mon@test3"} 1 80.18769551616268 0.0 80.18769551616268 2.224469160768453 45.20268063679204 10
stats: {load,"os_mon@test4"} 1 0.87109375 0.0 1.2109375 0.8515625 1.02109375 10
stats: {freemem,"os_mon@test4"} 1 1119.50390625 0.0 1437.73828125 1119.50390625 1334.748046875 10
stats: {freemem,"os_mon@myserver"} 1 1092.328125 0.0 1095.02734375 1090.375 1092.1109375 10
stats: {recvpackets,"os_mon@test2"} 1 16479.0 0.0 16479 4876 10908.111111111111 9
stats: {sentpackets,"os_mon@test2"} 1 12330.0 0.0 12330 3287 8123.444444444444 9
stats: {load,"os_mon@test3"} 1 1.671875 0.0 1.671875 1.19921875 1.33046875 10
stats: {cpu,"os_mon@test2"} 1 45.58212058212058 0.0 53.53430353430353 2.062374245472837 33.99555233023169 10
stats: {freemem,"os_mon@test3"} 1 1010.30078125 0.0 1489.05078125 1010.30078125 1345.131640625 10
stats: {recvpackets,"os_mon@test4"} 1 16440.0 0.0 16440 4911 10909.666666666666 9
stats: {sentpackets,"os_mon@test4"} 1 12298.0 0.0 12298 3313 8124.888888888889 9
stats: {cpu,"os_mon@test4"} 1 53.31619537275064 0.0 55.463490419471775 2.308078273958856 35.9670744973847 10
stats: {load,"os_mon@myserver"} 1 1.0390625 0.0 1.05078125 0.890625 0.950390625 10
stats: {recvpackets,"os_mon@myserver"} 1 16564.0 0.0 16564 4673 10907.444444444445 9
stats: {sentpackets,"os_mon@myserver"} 1 12337.0 0.0 12337 3188 8136.444444444444 9
stats: {cpu,"os_mon@myserver"} 1 38.95281933256617 0.0 39.657631954350926 3.356890459363958 29.072514708985818 10
stats: session 2614 27480.645482128235 11430.175570931146 79178.93798828125 21.841064453125 17969.566853582335 14464
stats: users_count 2678 25398
stats: finish_users_count 2614 17078
stats: request 24301 3181.932887931328 4589.704372149157 42456.070068359375 1.31201171875 1967.8240443064255 179204
stats: page 2290 29593.028931090503 10224.577448117361 79177.27685546875 20.60205078125 17917.442844057467 14394
stats: connect 24113 1812.0053699800153 4393.555384965154 31110.51318359375 0.389892578125 896.4063002294982 182264
stats: error_unknown 308 308
stats: 200 24206 203251
stats: size_rcv 3558184 29023606
stats: newphase 6 55
stats: size_sent 3201595 27391083
stats: connected -188 2872
stats: error_connect_etimedout 65 74
# stats: dump at 1338915993
stats: users 10561 10706
stats: {load,"os_mon@test2"} 1 0.76171875 0.0 0.9296875 0.55078125 0.7755681818181818 11
stats: {recvpackets,"os_mon@test3"} 1 15811.0 0.0 16479 4906 11472.3 10
stats: {sentpackets,"os_mon@test3"} 1 12007.0 0.0 12328 3307 8549.2 10
stats: {freemem,"os_mon@test2"} 1 1195.4921875 0.0 1512.09765625 1195.4921875 1415.0411931818182 11
stats: {cpu,"os_mon@test3"} 1 65.02875065342394 0.0 80.18769551616268 2.224469160768453 48.38313653491664 11
stats: {load,"os_mon@test4"} 1 0.8203125 0.0 1.2109375 0.8203125 1.0074573863636365 11
stats: {freemem,"os_mon@test4"} 1 1065.7890625 0.0 1437.73828125 1065.7890625 1315.1803977272727 11
stats: {freemem,"os_mon@myserver"} 1 1091.62109375 0.0 1095.02734375 1090.375 1092.1306818181818 11
stats: {recvpackets,"os_mon@test2"} 1 15801.0 0.0 16479 4876 11465.2 10
stats: {sentpackets,"os_mon@test2"} 1 11998.0 0.0 12330 3287 8544.1 10
stats: {load,"os_mon@test3"} 1 1.62890625 0.0 1.671875 1.19921875 1.3615056818181819 11
stats: {cpu,"os_mon@test2"} 1 62.33966136480247 0.0 62.33966136480247 2.062374245472837 35.04887671676705 11
stats: {freemem,"os_mon@test3"} 1 959.4765625 0.0 1489.05078125 959.4765625 1314.692471590909 11
stats: {recvpackets,"os_mon@test4"} 1 15849.0 0.0 16440 4911 11462.7 10
stats: {sentpackets,"os_mon@test4"} 1 12033.0 0.0 12298 3313 8542.2 10
stats: {cpu,"os_mon@test4"} 1 56.08108108108109 0.0 56.08108108108109 2.308078273958856 37.54426730423615 11
stats: {load,"os_mon@myserver"} 1 1.12109375 0.0 1.12109375 0.890625 0.9584517045454546 11
stats: {recvpackets,"os_mon@myserver"} 1 15627.0 0.0 16564 4673 11473.1 10
stats: {sentpackets,"os_mon@myserver"} 1 11897.0 0.0 12337 3188 8556.5 10
stats: {cpu,"os_mon@myserver"} 1 37.35615225730304 0.0 39.657631954350926 3.356890459363958 29.970724220220394 11
stats: session 1864 29566.297580309692 12042.520110428693 91476.21508789063 21.841064453125 19425.35556039923 17078
stats: users_count 4105 29503
stats: finish_users_count 1864 18942
stats: error_unknown 0 308
stats: request 24184 2790.8943532728536 3707.972197456145 42456.070068359375 1.31201171875 2112.8035731088075 203505
stats: page 1905 29483.572861686975 11870.768610254192 91164.05004882813 20.60205078125 19520.001711193985 16684
stats: connect 25078 1449.4580010464992 3527.334181933133 31110.51318359375 0.389892578125 1003.3845021071019 206377
stats: 200 24101 227352
stats: size_rcv 3574964 32598570
stats: newphase 5 60
stats: size_sent 3327986 30719069
stats: connected 894 3766
stats: error_connect_etimedout 97 171
# stats: dump at 1338916003
stats: users 10351 10706
stats: {load,"os_mon@test2"} 1 0.80859375 0.0 0.9296875 0.55078125 0.7744140625 12
stats: {recvpackets,"os_mon@test3"} 1 15542.0 0.0 16479 4906 11866.727272727272 11
stats: {sentpackets,"os_mon@test3"} 1 11959.0 0.0 12328 3307 8863.545454545454 11
stats: {freemem,"os_mon@test2"} 1 1144.20703125 0.0 1512.09765625 1144.20703125 1396.7454427083333 12
stats: {cpu,"os_mon@test3"} 1 59.53488372093023 0.0 80.18769551616268 2.224469160768453 49.770271044792246 12
stats: {load,"os_mon@test4"} 1 0.9296875 0.0 1.2109375 0.8203125 0.9918619791666669 12
stats: {freemem,"os_mon@test4"} 1 978.08984375 0.0 1437.73828125 978.08984375 1294.3977864583333 12
stats: {freemem,"os_mon@myserver"} 1 1091.421875 0.0 1095.02734375 1090.375 1092.0882161458333 12
stats: {recvpackets,"os_mon@test2"} 1 15495.0 0.0 16479 4876 11859.363636363636 11
stats: {sentpackets,"os_mon@test2"} 1 11924.0 0.0 12330 3287 8858.09090909091 11
stats: {load,"os_mon@test3"} 1 1.6796875 0.0 1.6796875 1.19921875 1.3837890625 12
stats: {cpu,"os_mon@test2"} 1 57.2027239392352 0.0 62.33966136480247 2.062374245472837 37.32310877077 12
stats: {freemem,"os_mon@test3"} 1 897.83984375 0.0 1489.05078125 897.83984375 1285.0911458333333 12
stats: {recvpackets,"os_mon@test4"} 1 15488.0 0.0 16440 4911 11861.454545454546 11
stats: {sentpackets,"os_mon@test4"} 1 11917.0 0.0 12298 3313 8859.545454545454 11
stats: {cpu,"os_mon@test4"} 1 65.55148980658652 0.0 65.55148980658652 2.308078273958856 39.089001785639894 12
stats: {load,"os_mon@myserver"} 1 1.1796875 0.0 1.1796875 0.890625 0.9720052083333334 12
stats: {recvpackets,"os_mon@myserver"} 1 15887.0 0.0 16564 4673 11850.727272727272 11
stats: {sentpackets,"os_mon@myserver"} 1 12180.0 0.0 12337 3188 8860.181818181818 11
stats: {cpu,"os_mon@myserver"} 1 37.54045307443366 0.0 39.657631954350926 3.356890459363958 30.58617655664395 12
stats: session 2041 32340.880921576434 14361.38163868332 105473.07495117188 21.841064453125 20423.281646615742 18942
stats: users_count 1831 31334
stats: finish_users_count 2041 20983
stats: request 24069 3497.1666156252572 4492.590105378909 42456.070068359375 1.31201171875 2184.827023637763 227689
stats: page 2010 32310.98513402227 14353.594126010488 105471.06201171875 20.60205078125 20541.06809678165 18589
stats: connect 23714 1934.5920840701965 4216.134572881333 31148.137939453125 0.389892578125 1051.71627807393 231455
stats: error_unknown 0 308
stats: 200 23923 251275
stats: size_rcv 3552310 36150880
stats: newphase 6 66
stats: size_sent 3147718 33866787
stats: connected -355 3411
stats: error_connect_etimedout 159 330
# stats: dump at 1338916013
stats: users 10456 10837
stats: {load,"os_mon@test2"} 1 0.91015625 0.0 0.9296875 0.55078125 0.7770432692307693 13
stats: {recvpackets,"os_mon@test3"} 1 12781.0 0.0 16479 4906 12173.0 12
stats: {sentpackets,"os_mon@test3"} 1 10362.0 0.0 12328 3307 9121.5 12
stats: {freemem,"os_mon@test2"} 1 1099.23828125 0.0 1512.09765625 1099.23828125 1377.3194110576924 13
stats: {cpu,"os_mon@test3"} 1 61.706555671175856 0.0 80.18769551616268 2.224469160768453 50.521395096802856 13
stats: {load,"os_mon@test4"} 1 1.4296875 0.0 1.4296875 0.8203125 0.9870793269230771 13
stats: {freemem,"os_mon@test4"} 1 921.1875 0.0 1437.73828125 921.1875 1270.06640625 13
stats: {freemem,"os_mon@myserver"} 1 1091.34375 0.0 1095.02734375 1090.375 1092.0369591346155 13
stats: {recvpackets,"os_mon@test2"} 1 12815.0 0.0 16479 4876 12162.333333333334 12
stats: {sentpackets,"os_mon@test2"} 1 10389.0 0.0 12330 3287 9113.583333333334 12
stats: {load,"os_mon@test3"} 1 1.421875 0.0 1.6796875 1.19921875 1.4065504807692308 13
stats: {cpu,"os_mon@test2"} 1 54.621848739495796 0.0 62.33966136480247 2.062374245472837 38.85230993757501 13
stats: {freemem,"os_mon@test3"} 1 834.89453125 0.0 1489.05078125 834.89453125 1255.3025841346155 13
stats: {recvpackets,"os_mon@test4"} 1 12775.0 0.0 16440 4911 12163.666666666666 12
stats: {sentpackets,"os_mon@test4"} 1 10361.0 0.0 12298 3313 9114.333333333334 12
stats: {cpu,"os_mon@test4"} 1 60.135841170323936 0.0 65.55148980658652 2.308078273958856 41.12457778725117 13
stats: {load,"os_mon@myserver"} 1 1.23046875 0.0 1.23046875 0.890625 0.9879807692307693 13
stats: {recvpackets,"os_mon@myserver"} 1 12856.0 0.0 16564 4673 12187.083333333334 12
stats: {sentpackets,"os_mon@myserver"} 1 10439.0 0.0 12337 3188 9136.833333333334 12
stats: {cpu,"os_mon@myserver"} 1 38.44837421563035 0.0 39.657631954350926 3.356890459363958 31.121120904166236 13
stats: session 2267 33924.30251274224 16010.689189421651 113036.26416015625 21.841064453125 21582.49720779359 20983
stats: users_count 2372 33706
stats: finish_users_count 2267 23250
stats: error_unknown 0 308
stats: request 24081 3368.182048185034 4412.359808063958 76392.68798828125 1.31201171875 2310.291563551279 251758
stats: page 2267 33832.22077484882 15821.598107852084 113034.92700195313 20.60205078125 21689.547792148107 20599
stats: connect 24059 1802.8815928217834 3850.895012893698 31148.137939453125 0.389892578125 1133.7658877968802 255169
stats: 200 23982 275257
stats: size_rcv 3532856 39683736
stats: newphase 6 72
stats: size_sent 3194561 37061348
stats: connected -22 3389
stats: error_connect_etimedout 264 594
# stats: dump at 1338916023
stats: users 12263 12263
stats: {load,"os_mon@test2"} 1 0.76953125 0.0 0.9296875 0.55078125 0.7865513392857143 14
stats: {recvpackets,"os_mon@test3"} 1 15453.0 0.0 16479 4906 12219.76923076923 13
stats: {sentpackets,"os_mon@test3"} 1 12084.0 0.0 12328 3307 9216.923076923076 13
stats: {freemem,"os_mon@test2"} 1 1050.96875 0.0 1512.09765625 1050.96875 1357.4564732142858 14
stats: {cpu,"os_mon@test3"} 1 54.326166754063976 0.0 80.18769551616268 2.224469160768453 51.320335137829495 14
stats: {load,"os_mon@test4"} 1 1.58984375 0.0 1.58984375 0.8203125 1.0186941964285716 14
stats: {freemem,"os_mon@test4"} 1 861.7890625 0.0 1437.73828125 861.7890625 1245.146484375 14
stats: {freemem,"os_mon@myserver"} 1 1089.421875 0.0 1095.02734375 1089.421875 1091.9874441964287 14
stats: {recvpackets,"os_mon@test2"} 1 15438.0 0.0 16479 4876 12212.538461538461 13
stats: {sentpackets,"os_mon@test2"} 1 12075.0 0.0 12330 3287 9211.692307692309 13
stats: {load,"os_mon@test3"} 1 1.359375 0.0 1.6796875 1.19921875 1.4076450892857142 14
stats: {cpu,"os_mon@test2"} 1 58.81737310308739 0.0 62.33966136480247 2.062374245472837 39.97870556628364 14
stats: {freemem,"os_mon@test3"} 1 799.609375 0.0 1489.05078125 799.609375 1225.2734375 14
stats: {recvpackets,"os_mon@test4"} 1 15465.0 0.0 16440 4911 12210.692307692309 13
stats: {sentpackets,"os_mon@test4"} 1 12085.0 0.0 12298 3313 9210.23076923077 13
stats: {cpu,"os_mon@test4"} 1 65.730629225169 0.0 65.730629225169 2.308078273958856 42.48252517175637 14
stats: {load,"os_mon@myserver"} 1 1.19921875 0.0 1.23046875 0.890625 1.0053013392857142 14
stats: {recvpackets,"os_mon@myserver"} 1 16128.0 0.0 16564 4673 12238.538461538461 13
stats: {sentpackets,"os_mon@myserver"} 1 12778.0 0.0 12778 3188 9237.0 13
stats: {cpu,"os_mon@myserver"} 1 37.04128440366973 0.0 39.657631954350926 3.356890459363958 31.644496140699385 14
stats: session 2090 38081.616826662466 19320.57491149278 120275.77197265625 21.841064453125 22785.889578818045 23250
stats: users_count 3897 37603
stats: finish_users_count 2090 25340
stats: request 23937 3511.702577440437 5066.999004333203 76392.68798828125 1.31201171875 2402.6463819796572 275839
stats: page 2072 38450.5883293004 18914.46685691893 120274.0458984375 20.60205078125 22893.406781555197 22866
stats: connect 24658 1968.1474957298665 4653.398838270045 31148.137939453125 0.389892578125 1191.4186115466264 279228
stats: error_unknown 48 356
stats: 200 23816 299073
stats: size_rcv 3507902 43191638
stats: newphase 5 77
stats: size_sent 3274054 40335402
stats: connected 721 4110
stats: error_connect_etimedout 125 719
# stats: dump at 1338916033
stats: users 12186 12413
stats: {load,"os_mon@test2"} 1 0.6484375 0.0 0.9296875 0.55078125 0.7854166666666667 15
stats: {recvpackets,"os_mon@test3"} 1 19046.0 0.0 19046 4906 12450.714285714286 14
stats: {sentpackets,"os_mon@test3"} 1 15106.0 0.0 15106 3307 9421.714285714286 14
stats: {freemem,"os_mon@test2"} 1 1001.9921875 0.0 1512.09765625 1001.9921875 1337.0239583333334 15
stats: {cpu,"os_mon@test3"} 1 63.56466876971609 0.0 80.18769551616268 2.224469160768453 51.520723912245124 15
stats: {load,"os_mon@test4"} 1 1.3515625 0.0 1.58984375 0.8203125 1.0567708333333337 15
stats: {freemem,"os_mon@test4"} 1 778.0078125 0.0 1437.73828125 778.0078125 1219.5893229166666 15
stats: {freemem,"os_mon@myserver"} 1 1088.8125 0.0 1095.02734375 1088.8125 1091.8164062500002 15
stats: {recvpackets,"os_mon@test2"} 1 19062.0 0.0 19062 4876 12442.92857142857 14
stats: {sentpackets,"os_mon@test2"} 1 15116.0 0.0 15116 3287 9416.214285714286 14
stats: {load,"os_mon@test3"} 1 1.37890625 0.0 1.6796875 1.19921875 1.4044270833333334 15
stats: {cpu,"os_mon@test2"} 1 55.333683657383084 0.0 62.33966136480247 2.062374245472837 41.23461673540388 15
stats: {freemem,"os_mon@test3"} 1 735.8515625 0.0 1489.05078125 735.8515625 1196.8958333333333 15
stats: {recvpackets,"os_mon@test4"} 1 19075.0 0.0 19075 4911 12443.142857142857 14
stats: {sentpackets,"os_mon@test4"} 1 15131.0 0.0 15131 3313 9415.57142857143 14
stats: {cpu,"os_mon@test4"} 1 68.53182751540041 0.0 68.53182751540041 2.308078273958856 44.03239877531721 15
stats: {load,"os_mon@myserver"} 1 1.171875 0.0 1.23046875 0.890625 1.0182291666666665 15
stats: {recvpackets,"os_mon@myserver"} 1 18935.0 0.0 18935 4673 12516.357142857143 14
stats: {sentpackets,"os_mon@myserver"} 1 15079.0 0.0 15079 3188 9489.92857142857 14
stats: {cpu,"os_mon@myserver"} 1 37.705399061032864 0.0 39.657631954350926 3.356890459363958 32.004282024897414 15
stats: session 1997 40107.52682099321 19621.89255813046 120941.43408203125 21.841064453125 24047.45508584231 25340
stats: users_count 1920 39523
stats: finish_users_count 1997 27337
stats: request 23756 3758.6304860832083 4810.614955530747 76392.68798828125 1.31201171875 2491.204098910782 299776
stats: page 1989 39944.063570585546 19396.52389708914 120939.32788085938 20.60205078125 24185.991598578537 24938
stats: connect 23578 2109.2655637836233 4292.873839855352 31148.137939453125 0.389892578125 1254.4441567385416 303886
stats: error_unknown 0 356
stats: 200 23620 322693
stats: size_rcv 3492004 46683642
stats: newphase 3 80
stats: size_sent 3129366 43464768
stats: connected -178 3932
stats: error_connect_etimedout 232 951
# stats: dump at 1338916043
stats: users 13699 13907
stats: {load,"os_mon@test2"} 1 0.8515625 0.0 0.9296875 0.55078125 0.77685546875 16
stats: {recvpackets,"os_mon@test3"} 1 13903.0 0.0 19046 4906 12890.4 15
stats: {sentpackets,"os_mon@test3"} 1 11605.0 0.0 15106 3307 9800.666666666666 15
stats: {freemem,"os_mon@test2"} 1 947.828125 0.0 1512.09765625 947.828125 1316.08447265625 16
stats: {cpu,"os_mon@test3"} 1 59.82328482328483 0.0 80.18769551616268 2.224469160768453 52.273470465837065 16
stats: {load,"os_mon@test4"} 1 1.2109375 0.0 1.58984375 0.8203125 1.0751953125000004 16
stats: {freemem,"os_mon@test4"} 1 718.3125 0.0 1437.73828125 718.3125 1191.990478515625 16
stats: {freemem,"os_mon@myserver"} 1 1087.0625 0.0 1095.02734375 1087.0625 1091.6286621093752 16
stats: {recvpackets,"os_mon@test2"} 1 13866.0 0.0 19062 4876 12884.2 15
stats: {sentpackets,"os_mon@test2"} 1 11577.0 0.0 15116 3287 9796.2 15
stats: {load,"os_mon@test3"} 1 1.390625 0.0 1.6796875 1.19921875 1.40283203125 16
stats: {cpu,"os_mon@test2"} 1 57.3744769874477 0.0 62.33966136480247 2.062374245472837 42.115808418027584 16
stats: {freemem,"os_mon@test3"} 1 673.546875 0.0 1489.05078125 673.546875 1168.08056640625 16
stats: {recvpackets,"os_mon@test4"} 1 13895.0 0.0 19075 4911 12885.266666666666 15
stats: {sentpackets,"os_mon@test4"} 1 11602.0 0.0 15131 3313 9796.6 15
stats: {cpu,"os_mon@test4"} 1 65.29752501316483 0.0 68.53182751540041 2.308078273958856 45.56361307157241 16
stats: {load,"os_mon@myserver"} 1 1.140625 0.0 1.23046875 0.890625 1.02783203125 16
stats: {recvpackets,"os_mon@myserver"} 1 14924.0 0.0 18935 4673 12944.266666666666 15
stats: {sentpackets,"os_mon@myserver"} 1 12075.0 0.0 15079 3188 9862.533333333333 15
stats: {cpu,"os_mon@myserver"} 1 38.441483198146 0.0 39.657631954350926 3.356890459363958 32.36060183965588 16
stats: session 2131 40021.5810396793 20809.14265852284 133670.45092773438 21.841064453125 25220.662213731117 27337
stats: users_count 3644 43167
stats: finish_users_count 2131 29468
stats: request 24016 3995.815319633099 5785.774525475688 98816.69604492188 1.31201171875 2584.2674782787212 323532
stats: page 2133 39522.97434817996 20248.498985605405 133668.86206054688 20.60205078125 25349.983322584998 26927
stats: connect 24601 2234.1180243721183 5012.660351024354 32592.3701171875 0.389892578125 1315.9928434195474 327464
stats: error_unknown 0 356
stats: 200 23813 346506
stats: size_rcv 3553266 50236908
stats: newphase 6 86
stats: size_sent 3270688 46735456
stats: connected 624 4556
stats: error_connect_etimedout 239 1190
# stats: dump at 1338916053
stats: users 15113 15113
stats: {load,"os_mon@test2"} 1 1.1015625 0.0 1.1015625 0.55078125 0.78125 17
stats: {recvpackets,"os_mon@test3"} 1 21155.0 0.0 21155 4906 12953.6875 16
stats: {sentpackets,"os_mon@test3"} 1 16434.0 0.0 16434 3307 9913.4375 16
stats: {freemem,"os_mon@test2"} 1 916.11328125 0.0 1512.09765625 916.11328125 1294.4223345588234 17
stats: {cpu,"os_mon@test3"} 1 74.33766233766234 0.0 80.18769551616268 2.224469160768453 52.71757719274575 17
stats: {load,"os_mon@test4"} 1 1.1015625 0.0 1.58984375 0.8203125 1.083180147058824 17
stats: {freemem,"os_mon@test4"} 1 653.6484375 0.0 1437.73828125 653.6484375 1164.1270680147059 17
stats: {freemem,"os_mon@myserver"} 1 1083.89453125 0.0 1095.02734375 1083.89453125 1091.3600643382356 17
stats: {recvpackets,"os_mon@test2"} 1 21078.0 0.0 21078 4876 12945.5625 16
stats: {sentpackets,"os_mon@test2"} 1 16381.0 0.0 16381 3287 9907.5 16
stats: {load,"os_mon@test3"} 1 1.48046875 0.0 1.6796875 1.19921875 1.4021139705882353 17
stats: {cpu,"os_mon@test2"} 1 50.418410041841 0.0 62.33966136480247 2.062374245472837 43.01337715740524 17
stats: {freemem,"os_mon@test3"} 1 577.02734375 0.0 1489.05078125 577.02734375 1138.9903492647059 17
stats: {recvpackets,"os_mon@test4"} 1 21042.0 0.0 21042 4911 12948.375 16
stats: {sentpackets,"os_mon@test4"} 1 16354.0 0.0 16354 3313 9909.4375 16
stats: {cpu,"os_mon@test4"} 1 70.14143530644317 0.0 70.14143530644317 2.308078273958856 46.724431421077846 17
stats: {load,"os_mon@myserver"} 1 1.26953125 0.0 1.26953125 0.890625 1.0344669117647058 17
stats: {recvpackets,"os_mon@myserver"} 1 21075.0 0.0 21075 4673 13068.0 16
stats: {sentpackets,"os_mon@myserver"} 1 1.64e4 0.0 16400 3188 10000.8125 16
stats: {cpu,"os_mon@myserver"} 1 38.84393063583815 0.0 39.657631954350926 3.356890459363958 32.71830074309647 17
stats: session 1864 43814.69153067785 21534.081922473997 144233.13989257813 21.841064453125 26291.001497635545 29468
stats: users_count 3278 46445
stats: finish_users_count 1864 31332
stats: request 23575 4510.710072574259 5912.4363073158775 98816.69604492188 1.31201171875 2681.8071935352227 347548
stats: page 1864 43308.32164806967 21245.752773172473 144231.875 20.60205078125 26390.278913004615 29060
stats: connect 24365 2711.4915159504594 5444.601552720829 32592.3701171875 0.389892578125 1380.148035150092 352065
stats: error_unknown 0 356
stats: 200 23395 369901
stats: size_rcv 3476166 53713074
stats: newphase 6 92
stats: size_sent 3230226 49965682
stats: connected 751 5307
stats: error_connect_etimedout 255 1445
# stats: dump at 1338916063
stats: users 16528 16537
stats: {load,"os_mon@test2"} 1 1.0 0.0 1.1015625 0.55078125 0.7990451388888888 18
stats: {recvpackets,"os_mon@test3"} 1 16660.0 0.0 21155 4906 13436.117647058823 17
stats: {sentpackets,"os_mon@test3"} 1 13763.0 0.0 16434 3307 10297.0 17
stats: {freemem,"os_mon@test2"} 1 856.33203125 0.0 1512.09765625 856.33203125 1273.4051649305557 18
stats: {cpu,"os_mon@test3"} 1 69.54022988505747 0.0 80.18769551616268 2.224469160768453 53.91869303413 18
stats: {load,"os_mon@test4"} 1 1.078125 0.0 1.58984375 0.8203125 1.0842013888888893 18
stats: {freemem,"os_mon@test4"} 1 568.73046875 0.0 1437.73828125 568.73046875 1135.7671440972222 18
stats: {freemem,"os_mon@myserver"} 1 1082.75 0.0 1095.02734375 1082.75 1090.9453125000002 18
stats: {recvpackets,"os_mon@test2"} 1 16705.0 0.0 21078 4876 13423.941176470587 17
stats: {sentpackets,"os_mon@test2"} 1 13794.0 0.0 16381 3287 10288.29411764706 17
stats: {load,"os_mon@test3"} 1 1.26171875 0.0 1.6796875 1.19921875 1.4064670138888888 18
stats: {cpu,"os_mon@test2"} 1 50.8324661810614 0.0 62.33966136480247 2.062374245472837 43.42476787320722 18
stats: {freemem,"os_mon@test3"} 1 494.4921875 0.0 1489.05078125 494.4921875 1107.7701822916667 18
stats: {recvpackets,"os_mon@test4"} 1 16718.0 0.0 21042 4911 13424.470588235294 17
stats: {sentpackets,"os_mon@test4"} 1 13803.0 0.0 16354 3313 10288.529411764706 17
stats: {cpu,"os_mon@test4"} 1 68.60892388451444 0.0 70.14143530644317 2.308078273958856 48.025376081375924 18
stats: {load,"os_mon@myserver"} 1 1.30859375 0.0 1.30859375 0.890625 1.0475260416666667 18
stats: {recvpackets,"os_mon@myserver"} 1 16524.0 0.0 21075 4673 13539.0 17
stats: {sentpackets,"os_mon@myserver"} 1 13671.0 0.0 16400 3188 10377.235294117647 17
stats: {cpu,"os_mon@myserver"} 1 38.64426419466976 0.0 39.657631954350926 3.356890459363958 33.05861351491545 18
stats: session 1824 48526.887982150954 24295.7300791353 150609.27490234375 21.841064453125 27333.518994813854 31332
stats: users_count 3239 49684
stats: finish_users_count 1824 33156
stats: request 23536 4528.407708682153 5819.489062203958 98816.69604492188 1.31201171875 2797.9853484147243 371123
stats: page 1823 47796.131460954675 23556.60070934421 150607.47192382813 20.60205078125 27410.044520887204 30924
stats: connect 23973 2287.0064964136745 4461.663959594124 32592.3701171875 0.389892578125 1466.3212517101456 376430
stats: error_unknown 0 356
stats: 200 23209 393110
stats: size_rcv 3435616 57148690
stats: newphase 4 96
stats: size_sent 3182439 53148121
stats: connected 437 5744
stats: error_connect_etimedout 183 1628
# stats: dump at 1338916073
stats: users 17424 17631
stats: {load,"os_mon@test2"} 1 0.921875 0.0 1.1015625 0.55078125 0.8096217105263158 19
stats: {recvpackets,"os_mon@test3"} 1 18366.0 0.0 21155 4906 13615.222222222223 18
stats: {sentpackets,"os_mon@test3"} 1 14842.0 0.0 16434 3307 10489.555555555555 18
stats: {freemem,"os_mon@test2"} 1 813.8828125 0.0 1512.09765625 813.8828125 1251.453947368421 19
stats: {cpu,"os_mon@test3"} 1 72.32049947970863 0.0 80.18769551616268 2.224469160768453 54.740879184178816 19
stats: {load,"os_mon@test4"} 1 1.6015625 0.0 1.6015625 0.8203125 1.0838815789473688 19
stats: {freemem,"os_mon@test4"} 1 502.39453125 0.0 1437.73828125 502.39453125 1105.9231085526317 19
stats: {freemem,"os_mon@myserver"} 1 1080.4453125 0.0 1095.02734375 1080.4453125 1090.5139802631581 19
stats: {recvpackets,"os_mon@test2"} 1 18382.0 0.0 21078 4876 13606.222222222223 18
stats: {sentpackets,"os_mon@test2"} 1 14847.0 0.0 16381 3287 10483.055555555555 18
stats: {load,"os_mon@test3"} 1 1.44140625 0.0 1.6796875 1.19921875 1.3988486842105263 19
stats: {cpu,"os_mon@test2"} 1 49.36373276776246 0.0 62.33966136480247 2.062374245472837 43.81464673151533 19
stats: {freemem,"os_mon@test3"} 1 412.94921875 0.0 1489.05078125 412.94921875 1075.4923930921052 19
stats: {recvpackets,"os_mon@test4"} 1 18616.0 0.0 21042 4911 13607.444444444445 18
stats: {sentpackets,"os_mon@test4"} 1 15051.0 0.0 16354 3313 10483.777777777777 18
stats: {cpu,"os_mon@test4"} 1 65.77181208053692 0.0 70.14143530644317 2.308078273958856 49.10872070259374 19
stats: {load,"os_mon@myserver"} 1 1.41015625 0.0 1.41015625 0.890625 1.061266447368421 19
stats: {recvpackets,"os_mon@myserver"} 1 17666.0 0.0 21075 4673 13704.833333333334 18
stats: {sentpackets,"os_mon@myserver"} 1 14634.0 0.0 16400 3188 10560.222222222223 18
stats: {cpu,"os_mon@myserver"} 1 38.88409548461318 0.0 39.657631954350926 3.356890459363958 33.35259512963936 19
stats: session 1860 48593.92397395306 24220.232100663732 163324.4560546875 21.841064453125 28499.422753798743 33156
stats: users_count 2756 52440
stats: finish_users_count 1860 35016
stats: request 23620 4925.263444334288 6854.452074015679 99320.67504882813 1.31201171875 2901.181324361692 394659
stats: page 1861 47822.07643634981 23348.396395166572 163322.63696289063 20.60205078125 28544.922112475535 32747
stats: connect 23580 2490.169791138645 4912.093306421237 32592.3701171875 0.389892578125 1515.4574654030444 400403
stats: error_unknown 0 356
stats: 200 23046 416156
stats: size_rcv 3434328 60583018
stats: newphase 6 102
stats: size_sent 3130124 56278245
stats: connected -40 5704
stats: error_connect_etimedout 518 2146
stats: error_abort 1 1
EndMonitor:{1338,916074,394229}
