# stats: dump at 1339071769
stats: users 1 2
stats: session 7 28.228864397321427 5.938825675650617 36.880126953125 22.35791015625 0 0
stats: users_count 8 8
stats: finish_users_count 7 7
stats: request 60 2.0700887044270826 0.7678467314271913 6.9208984375 1.39404296875 0 0
stats: page 6 25.156087239583332 5.433303431563213 32.531982421875 18.305908203125 0 0
stats: connect 60 1.01912841796875 0.1976105338089512 1.842041015625 0.656005859375 0 0
stats: 200 60 60
stats: size_rcv 7980 7980
stats: size_sent 8020 8020
stats: connected 0 0
# stats: dump at 1339071779
stats: users 5 11
stats: {load,"os_mon@test2"} 1 1.75 0 1.75 1.75 0 0
stats: {freemem,"os_mon@test2"} 1 1519.265625 0 1519.265625 1519.265625 0 0
stats: {cpu,"os_mon@test3"} 1 3.9553752535496955 0 3.9553752535496955 3.9553752535496955 0 0
stats: {load,"os_mon@test4"} 1 1.4296875 0 1.4296875 1.4296875 0 0
stats: {freemem,"os_mon@test4"} 1 1526.671875 0 1526.671875 1526.671875 0 0
stats: {freemem,"os_mon@myserver"} 1 1283.98046875 0 1283.98046875 1283.98046875 0 0
stats: {load,"os_mon@test3"} 1 1.4296875 0 1.4296875 1.4296875 0 0
stats: {cpu,"os_mon@test2"} 1 6.605691056910569 0 6.605691056910569 6.605691056910569 0 0
stats: {freemem,"os_mon@test3"} 1 1376.5234375 0 1376.5234375 1376.5234375 0 0
stats: {cpu,"os_mon@test4"} 1 3.7859666834931853 0 3.7859666834931853 3.7859666834931853 0 0
stats: {load,"os_mon@myserver"} 1 2.48828125 0 2.48828125 2.48828125 0 0
stats: {cpu,"os_mon@myserver"} 1 3.7731071157255 0 3.7731071157255 3.7731071157255 0 0
stats: session 960 25.359551747639966 4.424701567239762 51.59716796875 17.89990234375 28.228864397321427 7
stats: users_count 964 972
stats: finish_users_count 960 967
stats: 200 9540 9600
stats: request 9540 2.199694440349845 0.6494422507993574 9.23095703125 1.093994140625 2.0700887044270826 60
stats: page 954 23.27043027098074 4.450491889425089 50.007080078125 15.902099609375 25.156087239583332 6
stats: connect 9541 0.9090058131108507 0.24729469672423254 6.7451171875 0.372802734375 1.01912841796875 60
stats: size_rcv 1268820 1276800
stats: newphase 4 4
stats: size_sent 1265079 1273099
stats: connected 1 1
# stats: dump at 1339071789
stats: users 53 53
stats: {load,"os_mon@test2"} 1 1.48046875 0.0 1.75 1.48046875 1.75 1
stats: {recvpackets,"os_mon@test3"} 1 5107 0 5107 5107 0 0
stats: {sentpackets,"os_mon@test3"} 1 3470 0 3470 3470 0 0
stats: {freemem,"os_mon@test2"} 1 1531.3984375 0.0 1531.3984375 1519.265625 1519.265625 1
stats: {cpu,"os_mon@test3"} 1 21.098118962887646 0.0 21.098118962887646 3.9553752535496955 3.9553752535496955 1
stats: {load,"os_mon@test4"} 1 1.44140625 0.0 1.44140625 1.4296875 1.4296875 1
stats: {freemem,"os_mon@test4"} 1 1537.3828125 0.0 1537.3828125 1526.671875 1526.671875 1
stats: {freemem,"os_mon@myserver"} 1 1314.5546875 0.0 1314.5546875 1283.98046875 1283.98046875 1
stats: {recvpackets,"os_mon@test2"} 1 5128 0 5128 5128 0 0
stats: {sentpackets,"os_mon@test2"} 1 3486 0 3486 3486 0 0
stats: {load,"os_mon@test3"} 1 1.2109375 0.0 1.4296875 1.2109375 1.4296875 1
stats: {cpu,"os_mon@test2"} 1 25.64870259481038 0.0 25.64870259481038 6.605691056910569 6.605691056910569 1
stats: {freemem,"os_mon@test3"} 1 1386.3515625 0.0 1386.3515625 1376.5234375 1376.5234375 1
stats: {recvpackets,"os_mon@test4"} 1 5137 0 5137 5137 0 0
stats: {sentpackets,"os_mon@test4"} 1 3493 0 3493 3493 0 0
stats: {cpu,"os_mon@test4"} 1 21.775025799793603 0.0 21.775025799793603 3.7859666834931853 3.7859666834931853 1
stats: {load,"os_mon@myserver"} 1 2.1796875 0.0 2.48828125 2.1796875 2.48828125 1
stats: {recvpackets,"os_mon@myserver"} 1 5218 0 5218 5218 0 0
stats: {sentpackets,"os_mon@myserver"} 1 3549 0 3549 3549 0 0
stats: {cpu,"os_mon@myserver"} 1 17.536125397991672 0.0 17.536125397991672 3.7731071157255 3.7731071157255 1
stats: session 1900 101.74145199424336 59.32053822791225 233.62890625 17.89990234375 25.380322366613875 967
stats: users_count 1948 2920
stats: finish_users_count 1900 2867
stats: request 19209 9.910056961824589 6.1523277632862365 26.075927734375 1.093994140625 2.198884404500328 9600
stats: page 1902 99.40289390074592 59.322221147103214 232.294189453125 15.902099609375 23.282215627034507 960
stats: connect 19256 0.9300941305632012 0.3674396161691304 7.839111328125 0.372802734375 0.9096940077042758 9601
stats: 200 19209 28809
stats: size_rcv 2554797 3831597
stats: newphase 6 10
stats: size_sent 2558320 3831419
stats: connected 47 48
# stats: dump at 1339071799
stats: users 1543 1544
stats: {load,"os_mon@test2"} 1 1.421875 0.0 1.75 1.421875 1.615234375 2
stats: {recvpackets,"os_mon@test3"} 1 9110.0 0.0 9110 5107 5107.0 1
stats: {sentpackets,"os_mon@test3"} 1 6156.0 0.0 6156 3470 3470.0 1
stats: {freemem,"os_mon@test2"} 1 1534.09765625 0.0 1534.09765625 1519.265625 1525.33203125 2
stats: {cpu,"os_mon@test3"} 1 36.144578313253014 0.0 36.144578313253014 3.9553752535496955 12.526747108218672 2
stats: {load,"os_mon@test4"} 1 1.30078125 0.0 1.44140625 1.30078125 1.435546875 2
stats: {freemem,"os_mon@test4"} 1 1537.4453125 0.0 1537.4453125 1526.671875 1532.02734375 2
stats: {freemem,"os_mon@myserver"} 1 1326.0390625 0.0 1326.0390625 1283.98046875 1299.267578125 2
stats: {recvpackets,"os_mon@test2"} 1 9129.0 0.0 9129 5128 5128.0 1
stats: {sentpackets,"os_mon@test2"} 1 6167.0 0.0 6167 3486 3486.0 1
stats: {load,"os_mon@test3"} 1 1.01953125 0.0 1.4296875 1.01953125 1.3203125 2
stats: {cpu,"os_mon@test2"} 1 42.73986659825552 0.0 42.73986659825552 6.605691056910569 16.127196825860473 2
stats: {freemem,"os_mon@test3"} 1 1386.81640625 0.0 1386.81640625 1376.5234375 1381.4375 2
stats: {recvpackets,"os_mon@test4"} 1 9120.0 0.0 9120 5137 5137.0 1
stats: {sentpackets,"os_mon@test4"} 1 6162.0 0.0 6162 3493 3493.0 1
stats: {cpu,"os_mon@test4"} 1 39.09657320872274 0.0 39.09657320872274 3.7859666834931853 12.780496241643394 2
stats: {load,"os_mon@myserver"} 1 2.0 0.0 2.48828125 2.0 2.333984375 2
stats: {recvpackets,"os_mon@myserver"} 1 9188.0 0.0 9188 5218 5218.0 1
stats: {sentpackets,"os_mon@myserver"} 1 6208.0 0.0 6208 3549 3549.0 1
stats: {cpu,"os_mon@myserver"} 1 25.00623908160719 0.0 25.00623908160719 3.7731071157255 10.654616256858585 2
stats: session 1419 1928.135626741158 1688.6268002166646 9472.623046875 17.89990234375 75.98588438004116 2867
stats: users_count 2909 5829
stats: finish_users_count 1419 4286
stats: request 19793 235.65747494626024 629.1979762642449 8353.64306640625 1.093994140625 7.340469105588243 28809
stats: page 1414 1920.4169916695216 1692.514058524588 9471.366943359375 15.902099609375 73.86975234142973 2862
stats: connect 19883 191.8720736155139 599.6190575355141 7029.085205078125 0.341064453125 0.9233068145023308 28857
stats: 200 19793 48602
stats: size_rcv 2632469 6464066
stats: newphase 5 15
stats: size_sent 2639137 6470556
stats: connected 90 138
# stats: dump at 1339071809
stats: users 4248 4250
stats: {load,"os_mon@test2"} 1 1.4296875 0.0 1.75 1.421875 1.55078125 3
stats: {recvpackets,"os_mon@test3"} 1 11340.0 0.0 11340 5107 7108.5 2
stats: {sentpackets,"os_mon@test3"} 1 7743.0 0.0 7743 3470 4813.0 2
stats: {freemem,"os_mon@test2"} 1 1514.84765625 0.0 1534.09765625 1514.84765625 1528.25390625 3
stats: {cpu,"os_mon@test3"} 1 42.80442804428044 0.0 42.80442804428044 3.9553752535496955 20.399357509896785 3
stats: {load,"os_mon@test4"} 1 1.171875 0.0 1.44140625 1.171875 1.390625 3
stats: {freemem,"os_mon@test4"} 1 1520.93359375 0.0 1537.4453125 1520.93359375 1533.8333333333333 3
stats: {freemem,"os_mon@myserver"} 1 1329.640625 0.0 1329.640625 1283.98046875 1308.19140625 3
stats: {recvpackets,"os_mon@test2"} 1 11344.0 0.0 11344 5128 7128.5 2
stats: {sentpackets,"os_mon@test2"} 1 7750.0 0.0 7750 3486 4826.5 2
stats: {load,"os_mon@test3"} 1 1.01953125 0.0 1.4296875 1.01953125 1.2200520833333333 3
stats: {cpu,"os_mon@test2"} 1 44.95080269290523 0.0 44.95080269290523 6.605691056910569 24.998086749992154 3
stats: {freemem,"os_mon@test3"} 1 1370.28515625 0.0 1386.81640625 1370.28515625 1383.23046875 3
stats: {recvpackets,"os_mon@test4"} 1 11375.0 0.0 11375 5137 7128.5 2
stats: {sentpackets,"os_mon@test4"} 1 7763.0 0.0 7763 3493 4827.5 2
stats: {cpu,"os_mon@test4"} 1 40.822784810126585 0.0 40.822784810126585 3.7859666834931853 21.552521897336508 3
stats: {load,"os_mon@myserver"} 1 1.83984375 0.0 2.48828125 1.83984375 2.22265625 3
stats: {recvpackets,"os_mon@myserver"} 1 11481.0 0.0 11481 5218 7203.0 2
stats: {sentpackets,"os_mon@myserver"} 1 7837.0 0.0 7837 3549 4878.5 2
stats: {cpu,"os_mon@myserver"} 1 25.443639090227443 0.0 25.443639090227443 3.7731071157255 15.438490531774788 3
stats: session 1106 4923.298611577122 3435.291497231025 17984.30712890625 17.89990234375 689.1917836825202 4286
stats: users_count 3811 9640
stats: finish_users_count 1106 5392
stats: request 19269 588.1005883194832 1432.1087534331323 17103.255126953125 1.093994140625 100.32179696461505 48602
stats: page 1096 4847.234920752307 3379.113962606507 17249.892822265625 15.902099609375 684.4913137095125 4276
stats: connect 19262 522.6716291736353 1376.1264836904572 15063.078857421875 0.341064453125 78.8189639811932 48740
stats: 200 19269 67871
stats: size_rcv 2562777 9026843
stats: newphase 4 19
stats: size_sent 2555530 9026086
stats: connected -7 131
# stats: dump at 1339071819
stats: users 4381 4703
stats: {load,"os_mon@test2"} 1 1.2890625 0.0 1.75 1.2890625 1.5205078125 4
stats: {recvpackets,"os_mon@test3"} 1 13491.0 0.0 13491 5107 8519.0 3
stats: {sentpackets,"os_mon@test3"} 1 9151.0 0.0 9151 3470 5789.666666666667 3
stats: {freemem,"os_mon@test2"} 1 1484.48046875 0.0 1534.09765625 1484.48046875 1524.90234375 4
stats: {cpu,"os_mon@test3"} 1 43.96597554492291 0.0 43.96597554492291 3.9553752535496955 26.000625143492698 4
stats: {load,"os_mon@test4"} 1 1.140625 0.0 1.44140625 1.140625 1.3359375 4
stats: {freemem,"os_mon@test4"} 1 1485.6484375 0.0 1537.4453125 1485.6484375 1530.6083984375 4
stats: {freemem,"os_mon@myserver"} 1 1331.86328125 0.0 1331.86328125 1283.98046875 1313.5537109375 4
stats: {recvpackets,"os_mon@test2"} 1 13499.0 0.0 13499 5128 8533.666666666666 3
stats: {sentpackets,"os_mon@test2"} 1 9156.0 0.0 9156 3486 5801.0 3
stats: {load,"os_mon@test3"} 1 1.01953125 0.0 1.4296875 1.01953125 1.169921875 4
stats: {cpu,"os_mon@test2"} 1 50.1823866597186 0.0 50.1823866597186 6.605691056910569 29.986265735720423 4
stats: {freemem,"os_mon@test3"} 1 1334.2734375 0.0 1386.81640625 1334.2734375 1379.994140625 4
stats: {recvpackets,"os_mon@test4"} 1 13461.0 0.0 13461 5137 8544.0 3
stats: {sentpackets,"os_mon@test4"} 1 9140.0 0.0 9140 3493 5806.0 3
stats: {cpu,"os_mon@test4"} 1 45.43053354463814 0.0 45.43053354463814 3.7859666834931853 26.370087625534026 4
stats: {load,"os_mon@myserver"} 1 1.7109375 0.0 2.48828125 1.7109375 2.126953125 4
stats: {recvpackets,"os_mon@myserver"} 1 13104.0 0.0 13104 5218 8629.0 3
stats: {sentpackets,"os_mon@myserver"} 1 8906.0 0.0 8906 3549 5864.666666666667 3
stats: {cpu,"os_mon@myserver"} 1 25.375375375375377 0.0 25.443639090227443 3.7731071157255 17.93977767138795 4
stats: session 1758 9222.460771406611 5839.269839363925 29267.469970703125 17.89990234375 1557.6862480095656 5392
stats: users_count 1891 11531
stats: finish_users_count 1758 7150
stats: request 20242 1211.7397525223212 2862.3124019714687 18696.833984375 1.093994140625 238.80523658708938 67871
stats: page 1677 9035.412684277399 5724.56366536886 29265.289794921875 15.902099609375 1533.7777979460916 5372
stats: connect 20254 1142.6475903848218 2843.868681108605 15080.094970703125 0.341064453125 204.54306087447313 68002
stats: 200 20242 88113
stats: size_rcv 2692186 11719029
stats: newphase 5 24
stats: size_sent 2685458 11711544
stats: connected 12 143
# stats: dump at 1339071829
stats: users 7334 7391
stats: {load,"os_mon@test2"} 1 1.328125 0.0 1.75 1.2890625 1.47421875 5
stats: {recvpackets,"os_mon@test3"} 1 8563.0 0.0 13491 5107 9762.0 4
stats: {sentpackets,"os_mon@test3"} 1 6632.0 0.0 9151 3470 6630.0 4
stats: {freemem,"os_mon@test2"} 1 1446.83203125 0.0 1534.09765625 1446.83203125 1516.81796875 5
stats: {cpu,"os_mon@test3"} 1 47.65208110992529 0.0 47.65208110992529 3.9553752535496955 29.59369522377874 5
stats: {load,"os_mon@test4"} 1 1.19140625 0.0 1.44140625 1.140625 1.296875 5
stats: {freemem,"os_mon@test4"} 1 1444.93359375 0.0 1537.4453125 1444.93359375 1521.61640625 5
stats: {freemem,"os_mon@myserver"} 1 1333.1328125 0.0 1333.1328125 1283.98046875 1317.215625 5
stats: {recvpackets,"os_mon@test2"} 1 8524.0 0.0 13499 5128 9775.0 4
stats: {sentpackets,"os_mon@test2"} 1 6609.0 0.0 9156 3486 6639.75 4
stats: {load,"os_mon@test3"} 1 0.94140625 0.0 1.4296875 0.94140625 1.13984375 5
stats: {cpu,"os_mon@test2"} 1 57.90313996806812 0.0 57.90313996806812 6.605691056910569 34.02548992052006 5
stats: {freemem,"os_mon@test3"} 1 1297.44140625 0.0 1386.81640625 1297.44140625 1370.85 5
stats: {recvpackets,"os_mon@test4"} 1 8520.0 0.0 13461 5137 9773.25 4
stats: {sentpackets,"os_mon@test4"} 1 6614.0 0.0 9140 3493 6639.5 4
stats: {cpu,"os_mon@test4"} 1 45.59530165509877 0.0 45.59530165509877 3.7859666834931853 30.18217680935485 5
stats: {load,"os_mon@myserver"} 1 1.6015625 0.0 2.48828125 1.6015625 2.04375 5
stats: {recvpackets,"os_mon@myserver"} 1 8.9e3 0.0 13104 5218 9747.75 4
stats: {sentpackets,"os_mon@myserver"} 1 6942.0 0.0 8906 3549 6625.0 4
stats: {cpu,"os_mon@myserver"} 1 25.281602002503128 0.0 25.443639090227443 3.7731071157255 19.426897212185434 5
stats: session 1279 12121.731759889319 8452.0276695078 38027.95703125 17.89990234375 3442.2559839720843 7150
stats: users_count 4232 15763
stats: finish_users_count 1279 8429
stats: request 20770 1106.0618904712562 3210.3160633576886 37777.107177734375 1.093994140625 462.3152801852073 88113
stats: page 1341 11908.169747644897 8187.398687034994 38026.68896484375 15.902099609375 3318.4623921264865 7049
stats: connect 20733 1009.2279608477214 3176.245781012606 31087.56689453125 0.341064453125 419.83005712065017 88256
stats: 200 20770 108883
stats: size_rcv 2762410 14481439
stats: newphase 6 30
stats: size_sent 2751143 14462687
stats: connected -37 106
# stats: dump at 1339071839
stats: users 7517 7738
stats: {load,"os_mon@test2"} 1 1.51171875 0.0 1.75 1.2890625 1.4498697916666667 6
stats: {recvpackets,"os_mon@test3"} 1 15871.0 0.0 15871 5107 9522.2 5
stats: {sentpackets,"os_mon@test3"} 1 11165.0 0.0 11165 3470 6630.4 5
stats: {freemem,"os_mon@test2"} 1 1410.46484375 0.0 1534.09765625 1410.46484375 1505.1536458333333 6
stats: {cpu,"os_mon@test3"} 1 52.64847512038523 0.0 52.64847512038523 3.9553752535496955 32.603426204803164 6
stats: {load,"os_mon@test4"} 1 1.171875 0.0 1.44140625 1.140625 1.279296875 6
stats: {freemem,"os_mon@test4"} 1 1386.28125 0.0 1537.4453125 1386.28125 1508.8359375 6
stats: {freemem,"os_mon@myserver"} 1 1332.82421875 0.0 1333.1328125 1283.98046875 1319.8684895833333 6
stats: {recvpackets,"os_mon@test2"} 1 15912.0 0.0 15912 5128 9524.8 5
stats: {sentpackets,"os_mon@test2"} 1 11185.0 0.0 11185 3486 6633.6 5
stats: {load,"os_mon@test3"} 1 0.94921875 0.0 1.4296875 0.94140625 1.1067708333333333 6
stats: {cpu,"os_mon@test2"} 1 56.44654088050315 0.0 57.90313996806812 6.605691056910569 38.005098261778066 6
stats: {freemem,"os_mon@test3"} 1 1259.64453125 0.0 1386.81640625 1259.64453125 1358.615234375 6
stats: {recvpackets,"os_mon@test4"} 1 15947.0 0.0 15947 5137 9522.6 5
stats: {sentpackets,"os_mon@test4"} 1 11211.0 0.0 11211 3493 6634.4 5
stats: {cpu,"os_mon@test4"} 1 57.02959830866807 0.0 57.02959830866807 3.7859666834931853 32.75103095031217 6
stats: {load,"os_mon@myserver"} 1 1.58984375 0.0 2.48828125 1.58984375 1.9700520833333333 6
stats: {recvpackets,"os_mon@myserver"} 1 15796.0 0.0 15796 5218 9578.2 5
stats: {sentpackets,"os_mon@myserver"} 1 11044.0 0.0 11044 3549 6688.4 5
stats: {cpu,"os_mon@myserver"} 1 25.469101826369776 0.0 25.469101826369776 3.7731071157255 20.402681343905048 6
stats: session 1677 13645.37095384591 10686.84858630554 45551.444091796875 17.89990234375 4759.262689085163 8429
stats: users_count 1860 17623
stats: finish_users_count 1677 10106
stats: 200 20288 129171
stats: request 20288 1787.4537289616474 4837.090370361562 37777.107177734375 1.093994140625 585.1133027933392 108883
stats: page 1658 13650.222081238455 10658.999638881252 45550.073974609375 15.902099609375 4691.382244778475 8390
stats: connect 20293 1658.3973455502867 4825.672889272766 31094.81396484375 0.31494140625 531.9513421858711 108989
stats: size_rcv 2698304 17179743
stats: newphase 6 36
stats: size_sent 2692727 17155414
stats: connected 5 111
# stats: dump at 1339071849
stats: users 9480 9696
stats: {load,"os_mon@test2"} 1 1.578125 0.0 1.75 1.2890625 1.4587053571428572 7
stats: {recvpackets,"os_mon@test3"} 1 11575.0 0.0 15871 5107 10580.333333333334 6
stats: {sentpackets,"os_mon@test3"} 1 8798.0 0.0 11165 3470 7386.166666666667 6
stats: {freemem,"os_mon@test2"} 1 1381.109375 0.0 1534.09765625 1381.109375 1491.626674107143 7
stats: {cpu,"os_mon@test3"} 1 58.89182058047493 0.0 58.89182058047493 3.9553752535496955 35.46700462131489 7
stats: {load,"os_mon@test4"} 1 1.05859375 0.0 1.44140625 1.05859375 1.2639508928571428 7
stats: {freemem,"os_mon@test4"} 1 1352.82421875 0.0 1537.4453125 1352.82421875 1491.328125 7
stats: {freemem,"os_mon@myserver"} 1 1334.9375 0.0 1334.9375 1283.98046875 1321.7193080357142 7
stats: {recvpackets,"os_mon@test2"} 1 11662.0 0.0 15912 5128 10589.333333333334 6
stats: {sentpackets,"os_mon@test2"} 1 8862.0 0.0 11185 3486 7392.166666666667 6
stats: {load,"os_mon@test3"} 1 1.3203125 0.0 1.4296875 0.94140625 1.0842633928571428 7
stats: {cpu,"os_mon@test2"} 1 48.038176033934256 0.0 57.90313996806812 6.605691056910569 40.63959006445308 7
stats: {freemem,"os_mon@test3"} 1 1207.98046875 0.0 1386.81640625 1207.98046875 1344.4765625 7
stats: {recvpackets,"os_mon@test4"} 1 11746.0 0.0 15947 5137 10593.333333333334 6
stats: {sentpackets,"os_mon@test4"} 1 8913.0 0.0 11211 3493 7397.166666666667 6
stats: {cpu,"os_mon@test4"} 1 51.71489817792069 0.0 57.02959830866807 3.7859666834931853 36.21939771579158 7
stats: {load,"os_mon@myserver"} 1 1.5 0.0 2.48828125 1.5 1.9157366071428572 7
stats: {recvpackets,"os_mon@myserver"} 1 12061.0 0.0 15796 5218 10614.5 6
stats: {sentpackets,"os_mon@myserver"} 1 9116.0 0.0 11044 3549 7414.333333333333 6
stats: {cpu,"os_mon@myserver"} 1 25.43815723585378 0.0 25.469101826369776 3.7731071157255 21.126455698542866 7
stats: session 1401 16540.95955264234 12438.554017875984 56812.93701171875 17.89990234375 6233.832603987576 10106
stats: users_count 3364 20987
stats: finish_users_count 1401 11507
stats: request 20524 1605.548312674727 4491.165875201326 37777.107177734375 1.093994140625 773.9566388835037 129171
stats: page 1403 16586.230101233992 12424.174015673587 56810.703125 15.902099609375 6169.662146137019 10048
stats: connect 20527 1472.0704895010645 4422.088821055948 31112.36181640625 0.31494140625 708.7661249574409 129282
stats: 200 20524 149695
stats: size_rcv 2729692 19909435
stats: newphase 6 42
stats: size_sent 2724837 19880251
stats: connected 3 114
# stats: dump at 1339071859
stats: users 10378 10605
stats: {load,"os_mon@test2"} 1 1.48046875 0.0 1.75 1.2890625 1.4736328125 8
stats: {recvpackets,"os_mon@test3"} 1 13418.0 0.0 15871 5107 10722.42857142857 7
stats: {sentpackets,"os_mon@test3"} 1 9.9e3 0.0 11165 3470 7587.857142857143 7
stats: {freemem,"os_mon@test2"} 1 1345.00390625 0.0 1534.09765625 1345.00390625 1477.81201171875 8
stats: {cpu,"os_mon@test3"} 1 44.16488222698073 0.0 58.89182058047493 3.9553752535496955 38.3951066162099 8
stats: {load,"os_mon@test4"} 1 0.96875 0.0 1.44140625 0.96875 1.23828125 8
stats: {freemem,"os_mon@test4"} 1 1299.10546875 0.0 1537.4453125 1299.10546875 1474.01513671875 8
stats: {freemem,"os_mon@myserver"} 1 1341.21484375 0.0 1341.21484375 1283.98046875 1323.37158203125 8
stats: {recvpackets,"os_mon@test2"} 1 13387.0 0.0 15912 5128 10742.57142857143 7
stats: {sentpackets,"os_mon@test2"} 1 9876.0 0.0 11185 3486 7602.142857142857 7
stats: {load,"os_mon@test3"} 1 1.19140625 0.0 1.4296875 0.94140625 1.11376953125 8
stats: {cpu,"os_mon@test2"} 1 54.955427372836915 0.0 57.90313996806812 6.605691056910569 41.56441331063822 8
stats: {freemem,"os_mon@test3"} 1 1187.08203125 0.0 1386.81640625 1187.08203125 1327.41455078125 8
stats: {recvpackets,"os_mon@test4"} 1 13423.0 0.0 15947 5137 10758.0 7
stats: {sentpackets,"os_mon@test4"} 1 9.9e3 0.0 11211 3493 7613.714285714285 7
stats: {cpu,"os_mon@test4"} 1 63.25656132833423 0.0 63.25656132833423 3.7859666834931853 38.156335273557715 8
stats: {load,"os_mon@myserver"} 1 1.421875 0.0 2.48828125 1.421875 1.86376953125 8
stats: {recvpackets,"os_mon@myserver"} 1 13515.0 0.0 15796 5218 10821.142857142857 7
stats: {sentpackets,"os_mon@myserver"} 1 9963.0 0.0 11044 3549 7657.428571428572 7
stats: {cpu,"os_mon@myserver"} 1 25.488232348522782 0.0 25.488232348522782 3.7731071157255 21.665418390706733 8
stats: session 1630 18503.156255242237 14228.215434604466 64375.10986328125 17.89990234375 7488.745687768346 11507
stats: users_count 2528 23515
stats: finish_users_count 1630 13137
stats: 200 20319 170014
stats: request 20320 2137.669892426734 5596.650943341662 57719.54296875 1.093994140625 887.9723876586203 149695
stats: page 1624 18243.212993603065 14045.64958256146 64373.801025390625 15.902099609375 7445.92141091748 11451
stats: connect 20324 1952.6348987347342 5566.806021975924 31112.36181640625 0.31494140625 813.3549593464759 149809
stats: size_rcv 2702427 22611862
stats: newphase 6 48
stats: size_sent 2697148 22577399
stats: connected 4 118
stats: error_connect_etimedout 115 115
# stats: dump at 1339071869
stats: users 11730 11815
stats: {load,"os_mon@test2"} 1 1.48046875 0.0 1.75 1.2890625 1.4743923611111112 9
stats: {recvpackets,"os_mon@test3"} 1 11568.0 0.0 15871 5107 11059.375 8
stats: {sentpackets,"os_mon@test3"} 1 8964.0 0.0 11165 3470 7876.875 8
stats: {freemem,"os_mon@test2"} 1 1309.5390625 0.0 1534.09765625 1309.5390625 1463.0555555555557 9
stats: {cpu,"os_mon@test3"} 1 56.29242819843342 0.0 58.89182058047493 3.9553752535496955 39.03619279518444 9
stats: {load,"os_mon@test4"} 1 0.98046875 0.0 1.44140625 0.96875 1.2083333333333333 9
stats: {freemem,"os_mon@test4"} 1 1274.1015625 0.0 1537.4453125 1274.1015625 1454.5807291666667 9
stats: {freemem,"os_mon@myserver"} 1 1341.140625 0.0 1341.21484375 1283.98046875 1325.3541666666667 9
stats: {recvpackets,"os_mon@test2"} 1 11520.0 0.0 15912 5128 11073.125 8
stats: {sentpackets,"os_mon@test2"} 1 8938.0 0.0 11185 3486 7886.375 8
stats: {load,"os_mon@test3"} 1 1.078125 0.0 1.4296875 0.94140625 1.1223958333333333 9
stats: {cpu,"os_mon@test2"} 1 56.59485023646873 0.0 57.90313996806812 6.605691056910569 43.052303761993635 9
stats: {freemem,"os_mon@test3"} 1 1148.66015625 0.0 1386.81640625 1148.66015625 1311.822048611111 9
stats: {recvpackets,"os_mon@test4"} 1 11435.0 0.0 15947 5137 11091.125 8
stats: {sentpackets,"os_mon@test4"} 1 8888.0 0.0 11211 3493 7899.5 8
stats: {cpu,"os_mon@test4"} 1 48.41823056300268 0.0 63.25656132833423 3.7859666834931853 40.945249279643996 9
stats: {load,"os_mon@myserver"} 1 1.3515625 0.0 2.48828125 1.3515625 1.8146701388888888 9
stats: {recvpackets,"os_mon@myserver"} 1 11105.0 0.0 15796 5218 11157.875 8
stats: {sentpackets,"os_mon@myserver"} 1 8671.0 0.0 11044 3549 7945.625 8
stats: {cpu,"os_mon@myserver"} 1 25.5005005005005 0.0 25.5005005005005 3.7731071157255 22.09017549713074 9
stats: session 1623 19058.91567506156 16147.391131293369 77642.37109375 17.89990234375 8855.381085879211 13137
stats: users_count 2975 26490
stats: finish_users_count 1623 14760
stats: 200 20591 190605
stats: request 20591 1556.0726228070885 4547.073249627523 57719.54296875 1.093994140625 1037.3348162495568 170015
stats: connect 20591 1425.6636066704482 4480.083443476333 31112.36181640625 0.31494140625 949.452750416562 170133
stats: page 1619 18982.269164812875 15647.59572094913 77641.087890625 15.902099609375 8787.015218204775 13075
stats: size_rcv 2738603 25350465
stats: newphase 5 53
stats: size_sent 2734069 25311468
stats: connected 0 118
stats: error_connect_etimedout 640 755
# stats: dump at 1339071879
stats: users 13702 13755
stats: {load,"os_mon@test2"} 1 1.328125 0.0 1.75 1.2890625 1.475 10
stats: {recvpackets,"os_mon@test3"} 1 14491.0 0.0 15871 5107 11115.888888888889 9
stats: {sentpackets,"os_mon@test3"} 1 10793.0 0.0 11165 3470 7997.666666666667 9
stats: {freemem,"os_mon@test2"} 1 1264.9609375 0.0 1534.09765625 1264.9609375 1447.70390625 10
stats: {cpu,"os_mon@test3"} 1 64.66561348077936 0.0 64.66561348077936 3.9553752535496955 40.76181633550934 10
stats: {load,"os_mon@test4"} 1 0.8984375 0.0 1.44140625 0.8984375 1.185546875 10
stats: {freemem,"os_mon@test4"} 1 1261.5 0.0 1537.4453125 1261.5 1436.5328125 10
stats: {freemem,"os_mon@myserver"} 1 1352.734375 0.0 1352.734375 1283.98046875 1326.9328125 10
stats: {recvpackets,"os_mon@test2"} 1 14469.0 0.0 15912 5128 11122.777777777777 9
stats: {sentpackets,"os_mon@test2"} 1 10783.0 0.0 11185 3486 8003.222222222223 9
stats: {load,"os_mon@test3"} 1 1.140625 0.0 1.4296875 0.94140625 1.11796875 10
stats: {cpu,"os_mon@test2"} 1 58.08161102278749 0.0 58.08161102278749 6.605691056910569 44.406558409441146 10
stats: {freemem,"os_mon@test3"} 1 1087.7578125 0.0 1386.81640625 1087.7578125 1295.505859375 10
stats: {recvpackets,"os_mon@test4"} 1 14412.0 0.0 15947 5137 11129.333333333334 9
stats: {sentpackets,"os_mon@test4"} 1 10743.0 0.0 11211 3493 8009.333333333333 9
stats: {cpu,"os_mon@test4"} 1 40.64690026954178 0.0 63.25656132833423 3.7859666834931853 41.69254740797986 10
stats: {load,"os_mon@myserver"} 1 1.30078125 0.0 2.48828125 1.30078125 1.768359375 10
stats: {recvpackets,"os_mon@myserver"} 1 14144.0 0.0 15796 5218 11152.0 9
stats: {sentpackets,"os_mon@myserver"} 1 10567.0 0.0 11044 3549 8026.222222222223 9
stats: {cpu,"os_mon@myserver"} 1 25.456821026282856 0.0 25.5005005005005 3.7731071157255 22.431207997467716 10
stats: session 1545 27173.596037336934 24664.806558112334 88412.9541015625 17.89990234375 9977.355112860441 14760
stats: users_count 3517 30007
stats: finish_users_count 1545 16305
stats: request 20254 1812.573003856874 5201.5338611544075 57719.54296875 1.093994140625 1093.3736092299778 190606
stats: page 1571 25933.67032763642 24079.244788889555 86861.333984375 15.902099609375 9910.33876111743 14694
stats: connect 20234 1688.7325102212296 5172.67654549315 31112.36181640625 0.31494140625 1000.8655654850577 190724
stats: 200 20254 210859
stats: size_rcv 2693782 28044247
stats: newphase 6 59
stats: size_sent 2685134 27996602
stats: connected -20 98
stats: error_connect_etimedout 828 1583
# stats: dump at 1339071889
stats: users 14927 15022
stats: {load,"os_mon@test2"} 1 1.19921875 0.0 1.75 1.19921875 1.4616477272727273 11
stats: {recvpackets,"os_mon@test3"} 1 15033.0 0.0 15871 5107 11453.4 10
stats: {sentpackets,"os_mon@test3"} 1 11423.0 0.0 11423 3470 8277.2 10
stats: {freemem,"os_mon@test2"} 1 1220.2578125 0.0 1534.09765625 1220.2578125 1431.090909090909 11
stats: {cpu,"os_mon@test3"} 1 51.11111111111111 0.0 64.66561348077936 3.9553752535496955 42.93488880326116 11
stats: {load,"os_mon@test4"} 1 1.140625 0.0 1.44140625 0.8984375 1.1594460227272727 11
stats: {freemem,"os_mon@test4"} 1 1208.921875 0.0 1537.4453125 1208.921875 1420.6207386363637 11
stats: {freemem,"os_mon@myserver"} 1 1362.125 0.0 1362.125 1283.98046875 1329.278409090909 11
stats: {recvpackets,"os_mon@test2"} 1 15030.0 0.0 15912 5128 11457.4 10
stats: {sentpackets,"os_mon@test2"} 1 11419.0 0.0 11419 3486 8281.2 10
stats: {load,"os_mon@test3"} 1 1.4296875 0.0 1.4296875 0.94140625 1.1200284090909092 11
stats: {cpu,"os_mon@test2"} 1 62.99212598425197 0.0 62.99212598425197 6.605691056910569 45.64974501065445 11
stats: {freemem,"os_mon@test3"} 1 1053.0625 0.0 1386.81640625 1053.0625 1276.6196732954545 11
stats: {recvpackets,"os_mon@test4"} 1 15020.0 0.0 15947 5137 11457.6 10
stats: {sentpackets,"os_mon@test4"} 1 11413.0 0.0 11413 3493 8282.7 10
stats: {cpu,"os_mon@test4"} 1 57.0441254651781 0.0 63.25656132833423 3.7859666834931853 41.597488577212765 11
stats: {load,"os_mon@myserver"} 1 1.25 0.0 2.48828125 1.25 1.7258522727272727 11
stats: {recvpackets,"os_mon@myserver"} 1 15074.0 0.0 15796 5218 11451.2 10
stats: {sentpackets,"os_mon@myserver"} 1 11468.0 0.0 11468 3549 8280.3 10
stats: {cpu,"os_mon@myserver"} 1 25.456821026282856 0.0 25.5005005005005 3.7731071157255 22.70626372736 11
stats: session 1487 34870.44647951518 29988.65832271672 97945.041015625 17.89990234375 11606.805724839354 16305
stats: users_count 2712 32719
stats: finish_users_count 1487 17792
stats: 200 20790 231649
stats: connect 20806 1677.9462924771344 4748.898680465711 31112.36181640625 0.31494140625 1066.8422042462882 210958
stats: page 1471 33724.776396232155 29505.030914976705 97943.31201171875 15.902099609375 11457.996547222645 16265
stats: request 20790 1856.106378317683 4780.873741191785 57719.54296875 1.093994140625 1162.4557705634368 210860
stats: size_rcv 2765070 30809317
stats: newphase 6 65
stats: size_sent 2761146 30757748
stats: connected 16 114
stats: error_connect_etimedout 1160 2743
# stats: dump at 1339071899
stats: users 16636 16640
stats: {load,"os_mon@test2"} 1 1.01171875 0.0 1.75 1.01171875 1.4397786458333333 12
stats: {recvpackets,"os_mon@test3"} 1 13650.0 0.0 15871 5107 11778.818181818182 11
stats: {sentpackets,"os_mon@test3"} 1 10723.0 0.0 11423 3470 8563.181818181818 11
stats: {freemem,"os_mon@test2"} 1 1168.37109375 0.0 1534.09765625 1168.37109375 1413.521484375 12
stats: {cpu,"os_mon@test3"} 1 61.3588110403397 0.0 64.66561348077936 3.9553752535496955 43.61624066224866 12
stats: {load,"os_mon@test4"} 1 1.3515625 0.0 1.44140625 0.8984375 1.1578776041666667 12
stats: {freemem,"os_mon@test4"} 1 1188.38671875 0.0 1537.4453125 1188.38671875 1402.9791666666667 12
stats: {freemem,"os_mon@myserver"} 1 1361.640625 0.0 1362.125 1283.98046875 1332.015625 12
stats: {recvpackets,"os_mon@test2"} 1 13701.0 0.0 15912 5128 11782.181818181818 11
stats: {sentpackets,"os_mon@test2"} 1 10753.0 0.0 11419 3486 8566.454545454546 11
stats: {load,"os_mon@test3"} 1 1.4296875 0.0 1.4296875 0.94140625 1.1458333333333333 12
stats: {cpu,"os_mon@test2"} 1 64.71838469713072 0.0 64.71838469713072 6.605691056910569 47.0949434251209 12
stats: {freemem,"os_mon@test3"} 1 1004.19921875 0.0 1386.81640625 1004.19921875 1257.9899088541667 12
stats: {recvpackets,"os_mon@test4"} 1 13769.0 0.0 15947 5137 11781.454545454546 11
stats: {sentpackets,"os_mon@test4"} 1 10797.0 0.0 11413 3493 8567.272727272728 11
stats: {cpu,"os_mon@test4"} 1 47.712418300653596 0.0 63.25656132833423 3.7859666834931853 42.884708317876544 12
stats: {load,"os_mon@myserver"} 1 1.21875 0.0 2.48828125 1.21875 1.6861979166666667 12
stats: {recvpackets,"os_mon@myserver"} 1 13923.0 0.0 15796 5218 11780.545454545454 11
stats: {sentpackets,"os_mon@myserver"} 1 10891.0 0.0 11468 3549 8570.09090909091 11
stats: {cpu,"os_mon@myserver"} 1 25.281884239538964 0.0 25.5005005005005 3.7731071157255 22.93547683560357 12
stats: session 1563 38349.750678532815 31701.439886760054 106606.90502929688 17.89990234375 13551.108434045906 17792
stats: users_count 3272 35991
stats: finish_users_count 1563 19355
stats: request 20646 1944.8065702894203 5102.903158040357 57719.54296875 1.093994140625 1224.7091534048386 231650
stats: 200 20646 252295
stats: page 1602 36350.51170960619 30941.60426602185 106603.73803710938 15.902099609375 13304.773337812012 17736
stats: connect 20643 1791.0759779746227 5037.092590838061 31112.36181640625 0.31494140625 1121.7024571748318 231764
stats: size_rcv 2745918 33555235
stats: newphase 5 70
stats: size_sent 2739337 33497085
stats: connected -3 111
stats: error_connect_etimedout 1277 4020
# stats: dump at 1339071909
stats: users 17454 17577
stats: {load,"os_mon@test2"} 1 1.01953125 0.0 1.75 1.01171875 1.4068509615384615 13
stats: {recvpackets,"os_mon@test3"} 1 16370.0 0.0 16370 5107 11934.75 12
stats: {sentpackets,"os_mon@test3"} 1 12751.0 0.0 12751 3470 8743.166666666666 12
stats: {freemem,"os_mon@test2"} 1 1125.7109375 0.0 1534.09765625 1125.7109375 1394.6637620192307 13
stats: {cpu,"os_mon@test3"} 1 69.54206602768903 0.0 69.54206602768903 3.9553752535496955 44.981053768255656 13
stats: {load,"os_mon@test4"} 1 1.21875 0.0 1.44140625 0.8984375 1.1727764423076923 13
stats: {freemem,"os_mon@test4"} 1 1154.9921875 0.0 1537.4453125 1154.9921875 1386.4720552884614 13
stats: {freemem,"os_mon@myserver"} 1 1365.41015625 0.0 1365.41015625 1283.98046875 1334.2944711538462 13
stats: {recvpackets,"os_mon@test2"} 1 16362.0 0.0 16362 5128 11942.083333333334 12
stats: {sentpackets,"os_mon@test2"} 1 12756.0 0.0 12756 3486 8748.666666666666 12
stats: {load,"os_mon@test3"} 1 1.28125 0.0 1.4296875 0.94140625 1.1676682692307692 13
stats: {cpu,"os_mon@test2"} 1 61.92733017377567 0.0 64.71838469713072 6.605691056910569 48.45059275373704 13
stats: {freemem,"os_mon@test3"} 1 932.36328125 0.0 1386.81640625 932.36328125 1238.467548076923 13
stats: {recvpackets,"os_mon@test4"} 1 16347.0 0.0 16347 5137 11947.083333333334 12
stats: {sentpackets,"os_mon@test4"} 1 12763.0 0.0 12763 3493 8753.083333333334 12
stats: {cpu,"os_mon@test4"} 1 47.493261455525605 0.0 63.25656132833423 3.7859666834931853 43.256070624244 13
stats: {load,"os_mon@myserver"} 1 1.1796875 0.0 2.48828125 1.1796875 1.6502403846153846 13
stats: {recvpackets,"os_mon@myserver"} 1 16282.0 0.0 16282 5218 11959.083333333334 12
stats: {sentpackets,"os_mon@myserver"} 1 12701.0 0.0 12701 3549 8763.500000000002 12
stats: {cpu,"os_mon@myserver"} 1 25.33166458072591 0.0 25.5005005005005 3.7731071157255 23.11596971282937 13
stats: session 1610 45727.17445257908 33580.99198034406 114458.74096679688 17.89990234375 15553.706100185562 19355
stats: users_count 2428 38419
stats: finish_users_count 1610 20965
stats: request 20338 2161.8098980621044 5307.732290729533 57719.54296875 1.093994140625 1283.636489823169 252296
stats: page 1593 42999.07444158775 33330.73713559585 114456.98193359375 15.902099609375 15213.930069201724 19338
stats: connect 20329 1971.540491531497 5297.617666191286 31114.2041015625 0.31494140625 1176.4468881528558 252407
stats: 200 20338 272633
stats: size_rcv 2704954 36260189
stats: newphase 2 72
stats: size_sent 2698219 36195304
stats: connected -9 102
stats: error_connect_etimedout 1291 5311
# stats: dump at 1339071919
stats: users 19858 19900
stats: {load,"os_mon@test2"} 1 1.71875 0.0 1.75 1.01171875 1.3791852678571428 14
stats: {recvpackets,"os_mon@test3"} 1 16387.0 0.0 16387 5107 12275.923076923076 13
stats: {sentpackets,"os_mon@test3"} 1 12769.0 0.0 12769 3470 9051.461538461539 13
stats: {freemem,"os_mon@test2"} 1 1076.0859375 0.0 1534.09765625 1076.0859375 1375.452845982143 14
stats: {cpu,"os_mon@test3"} 1 58.88297872340426 0.0 69.54206602768903 3.9553752535496955 46.73541178678662 14
stats: {load,"os_mon@test4"} 1 1.3515625 0.0 1.44140625 0.8984375 1.1760602678571428 14
stats: {freemem,"os_mon@test4"} 1 1112.49609375 0.0 1537.4453125 1112.49609375 1369.937779017857 14
stats: {freemem,"os_mon@myserver"} 1 1367.0390625 0.0 1367.0390625 1283.98046875 1336.5170200892858 14
stats: {recvpackets,"os_mon@test2"} 1 16577.0 0.0 16577 5128 12282.076923076924 13
stats: {sentpackets,"os_mon@test2"} 1 12888.0 0.0 12888 3486 9056.923076923076 13
stats: {load,"os_mon@test3"} 1 1.25 0.0 1.4296875 0.94140625 1.17578125 14
stats: {cpu,"os_mon@test2"} 1 68.61427094105481 0.0 68.61427094105481 6.605691056910569 49.413216855168365 14
stats: {freemem,"os_mon@test3"} 1 888.48046875 0.0 1386.81640625 888.48046875 1216.6029575892858 14
stats: {recvpackets,"os_mon@test4"} 1 16626.0 0.0 16626 5137 12285.538461538461 13
stats: {sentpackets,"os_mon@test4"} 1 12903.0 0.0 12903 3493 9061.538461538461 13
stats: {cpu,"os_mon@test4"} 1 53.329781566329245 0.0 63.25656132833423 3.7859666834931853 43.55872711219269 14
stats: {load,"os_mon@myserver"} 1 1.1484375 0.0 2.48828125 1.1484375 1.6166294642857142 14
stats: {recvpackets,"os_mon@myserver"} 1 16974.0 0.0 16974 5218 12291.615384615385 13
stats: {sentpackets,"os_mon@myserver"} 1 13151.0 0.0 13151 3549 9066.384615384617 13
stats: {cpu,"os_mon@myserver"} 1 25.075225677031092 0.0 25.5005005005005 3.7731071157255 23.274233631964837 14
stats: session 1304 46449.044307591736 36232.57967203535 123458.11401367188 17.89990234375 17870.86727582847 20965
stats: users_count 3708 42127
stats: finish_users_count 1304 22269
stats: 200 20257 292890
stats: connect 20265 1768.2198846003305 5100.30061381289 31117.9150390625 0.31494140625 1235.7110038657959 272736
stats: page 1319 43968.23904088092 35751.974086146794 123456.9208984375 15.902099609375 17328.579870224654 20931
stats: request 20257 1935.153012741354 5172.429617433865 57719.54296875 1.093994140625 1349.1466271382637 272634
stats: size_rcv 2694181 38954370
stats: newphase 6 78
stats: size_sent 2689771 38885075
stats: connected 8 110
stats: error_connect_etimedout 1164 6475
# stats: dump at 1339071929
stats: users 21391 21424
stats: {load,"os_mon@test2"} 1 1.75 0.0 1.75 1.01171875 1.4018229166666667 15
stats: {recvpackets,"os_mon@test3"} 1 17394.0 0.0 17394 5107 12569.57142857143 14
stats: {sentpackets,"os_mon@test3"} 1 13664.0 0.0 13664 3470 9317.0 14
stats: {freemem,"os_mon@test2"} 1 1036.25390625 0.0 1534.09765625 1036.25390625 1355.4950520833333 15
stats: {cpu,"os_mon@test3"} 1 58.42696629213483 0.0 69.54206602768903 3.9553752535496955 47.54524958256113 15
stats: {load,"os_mon@test4"} 1 1.75 0.0 1.75 0.8984375 1.1877604166666667 15
stats: {freemem,"os_mon@test4"} 1 1041.9921875 0.0 1537.4453125 1041.9921875 1352.775 15
stats: {freemem,"os_mon@myserver"} 1 1367.0546875 0.0 1367.0546875 1283.98046875 1338.5518229166667 15
stats: {recvpackets,"os_mon@test2"} 1 18016.0 0.0 18016 5128 12588.857142857143 14
stats: {sentpackets,"os_mon@test2"} 1 14116.0 0.0 14116 3486 9330.571428571428 14
stats: {load,"os_mon@test3"} 1 1.19921875 0.0 1.4296875 0.94140625 1.1807291666666666 15
stats: {cpu,"os_mon@test2"} 1 56.563500533617926 0.0 68.61427094105481 6.605691056910569 50.693287127560794 15
stats: {freemem,"os_mon@test3"} 1 823.92578125 0.0 1386.81640625 823.92578125 1194.728125 15
stats: {recvpackets,"os_mon@test4"} 1 17369.0 0.0 17369 5137 12595.57142857143 14
stats: {sentpackets,"os_mon@test4"} 1 13652.0 0.0 13652 3493 9335.92857142857 14
stats: {cpu,"os_mon@test4"} 1 65.97992604331748 0.0 65.97992604331748 3.7859666834931853 44.210130742468465 15
stats: {load,"os_mon@myserver"} 1 1.12890625 0.0 2.48828125 1.12890625 1.5854166666666667 15
stats: {recvpackets,"os_mon@myserver"} 1 17388.0 0.0 17388 5218 12626.07142857143 14
stats: {sentpackets,"os_mon@myserver"} 1 13659.0 0.0 13659 3549 9358.142857142859 14
stats: {cpu,"os_mon@myserver"} 1 25.456364091022753 0.0 25.5005005005005 3.7731071157255 23.394299768302584 15
stats: session 1454 46575.36053727058 37427.74124295392 130373.17700195313 17.89990234375 19544.31210269179 22269
stats: users_count 2987 45114
stats: finish_users_count 1454 23723
stats: 200 19942 312832
stats: connect 19966 1807.3764113225893 5173.772348231378 31120.998779296875 0.31494140625 1272.5412278858005 293001
stats: page 1449 43698.37199971559 36411.72559784871 130371.923828125 15.902099609375 18907.80281162221 22250
stats: request 19942 1921.333017582042 5237.398902554904 57719.54296875 1.093994140625 1389.6761461510084 292891
stats: size_rcv 2652286 41606656
stats: newphase 5 83
stats: size_sent 2649402 41534477
stats: connected 24 134
stats: error_connect_etimedout 1363 7838
# stats: dump at 1339071939
stats: users 23734 23754
stats: {load,"os_mon@test2"} 1 1.7109375 0.0 1.75 1.01171875 1.423583984375 16
stats: {recvpackets,"os_mon@test3"} 1 16999.0 0.0 17394 5107 12891.2 15
stats: {sentpackets,"os_mon@test3"} 1 13264.0 0.0 13664 3470 9606.8 15
stats: {freemem,"os_mon@test2"} 1 991.36328125 0.0 1534.09765625 991.36328125 1335.54248046875 16
stats: {cpu,"os_mon@test3"} 1 53.40063761955367 0.0 69.54206602768903 3.9553752535496955 48.22535687690948 16
stats: {load,"os_mon@test4"} 1 1.48046875 0.0 1.75 0.8984375 1.222900390625 16
stats: {freemem,"os_mon@test4"} 1 999.13671875 0.0 1537.4453125 999.13671875 1333.35107421875 16
stats: {freemem,"os_mon@myserver"} 1 1366.94140625 0.0 1367.0546875 1283.98046875 1340.333251953125 16
stats: {recvpackets,"os_mon@test2"} 1 17268.0 0.0 18016 5128 12950.666666666666 15
stats: {sentpackets,"os_mon@test2"} 1 13449.0 0.0 14116 3486 9649.6 15
stats: {load,"os_mon@test3"} 1 1.08984375 0.0 1.4296875 0.94140625 1.181884765625 16
stats: {cpu,"os_mon@test2"} 1 61.326860841423944 0.0 68.61427094105481 6.605691056910569 51.060175465439364 16
stats: {freemem,"os_mon@test3"} 1 776.92578125 0.0 1386.81640625 776.92578125 1171.552978515625 16
stats: {recvpackets,"os_mon@test4"} 1 17224.0 0.0 17369 5137 12913.8 15
stats: {sentpackets,"os_mon@test4"} 1 13412.0 0.0 13652 3493 9623.666666666666 15
stats: {cpu,"os_mon@test4"} 1 55.94218415417559 0.0 65.97992604331748 3.7859666834931853 45.57074294877153 16
stats: {load,"os_mon@myserver"} 1 1.109375 0.0 2.48828125 1.109375 1.556884765625 16
stats: {recvpackets,"os_mon@myserver"} 1 17269.0 0.0 17388 5218 12943.533333333333 15
stats: {sentpackets,"os_mon@myserver"} 1 13453.0 0.0 13659 3549 9644.866666666669 15
stats: {cpu,"os_mon@myserver"} 1 25.338345864661655 0.0 25.5005005005005 3.7731071157255 23.523178788472595 16
stats: session 1288 52534.19365052409 38150.68108117495 142698.48291015625 17.89990234375 21201.064807825103 23723
stats: users_count 3631 48745
stats: finish_users_count 1288 25011
stats: request 19840 2554.277202938441 6032.117179170994 57719.54296875 1.093994140625 1423.5673958915334 312833
stats: page 1285 49251.32464129381 37375.58817623903 142697.15502929688 15.902099609375 20423.543338798347 23699
stats: connect 19813 2345.744565816347 6017.782936122117 31156.7041015625 0.31494140625 1306.6615002228164 312967
stats: 200 19840 332672
stats: size_rcv 2638720 44245376
stats: newphase 6 89
stats: size_sent 2630063 44164540
stats: connected -27 107
stats: error_connect_etimedout 1317 9155
# stats: dump at 1339071949
stats: users 25511 25574
stats: {load,"os_mon@test2"} 1 1.51953125 0.0 1.75 1.01171875 1.4404871323529411 17
stats: {recvpackets,"os_mon@test3"} 1 16947.0 0.0 17394 5107 13147.9375 16
stats: {sentpackets,"os_mon@test3"} 1 13678.0 0.0 13678 3470 9835.375 16
stats: {freemem,"os_mon@test2"} 1 953.2421875 0.0 1534.09765625 953.2421875 1315.2966452205883 17
stats: {cpu,"os_mon@test3"} 1 61.47880041365047 0.0 69.54206602768903 3.9553752535496955 48.52978515588855 17
stats: {load,"os_mon@test4"} 1 1.62890625 0.0 1.75 0.8984375 1.2380514705882353 17
stats: {freemem,"os_mon@test4"} 1 953.1796875 0.0 1537.4453125 953.1796875 1313.69140625 17
stats: {freemem,"os_mon@myserver"} 1 1366.8359375 0.0 1367.0546875 1283.98046875 1341.8984375 17
stats: {recvpackets,"os_mon@test2"} 1 16429.0 0.0 18016 5128 13220.5 16
stats: {sentpackets,"os_mon@test2"} 1 13290.0 0.0 14116 3486 9887.0625 16
stats: {load,"os_mon@test3"} 1 1.48046875 0.0 1.48046875 0.94140625 1.1764705882352942 17
stats: {cpu,"os_mon@test2"} 1 62.098966829798805 0.0 68.61427094105481 6.605691056910569 51.664098134614925 17
stats: {freemem,"os_mon@test3"} 1 709.328125 0.0 1386.81640625 709.328125 1148.3396139705883 17
stats: {recvpackets,"os_mon@test4"} 1 16514.0 0.0 17369 5137 13183.1875 16
stats: {sentpackets,"os_mon@test4"} 1 13328.0 0.0 13652 3493 9860.4375 16
stats: {cpu,"os_mon@test4"} 1 55.644729802033176 0.0 65.97992604331748 3.7859666834931853 46.18082772556001 17
stats: {load,"os_mon@myserver"} 1 1.171875 0.0 2.48828125 1.109375 1.5305606617647058 17
stats: {recvpackets,"os_mon@myserver"} 1 16346.0 0.0 17388 5218 13213.875 16
stats: {sentpackets,"os_mon@myserver"} 1 13230.0 0.0 13659 3549 9882.875000000002 16
stats: {cpu,"os_mon@myserver"} 1 25.237856785177765 0.0 25.5005005005005 3.7731071157255 23.62995332236607 17
stats: session 1591 52310.489033620455 36947.06811004714 142698.48291015625 17.89990234375 22814.637633757542 25011
stats: users_count 3368 52113
stats: finish_users_count 1591 26602
stats: request 20026 2598.407149099728 6321.086996573172 57719.54296875 1.093994140625 1491.0008292384252 332673
stats: 200 20031 352703
stats: page 1576 49721.227065652776 36473.36179555207 142697.15502929688 15.902099609375 21906.240223752982 24984
stats: connect 19999 2300.547840319248 6275.835092496182 31280.3759765625 0.31494140625 1368.5262540499834 332780
stats: size_rcv 2664123 46909499
stats: newphase 6 95
stats: size_sent 2661125 46825665
stats: connected 24 131
stats: error_connect_etimedout 2425 11580
# stats: dump at 1339071959
stats: users 27099 27194
stats: {load,"os_mon@test2"} 1 1.51171875 0.0 1.75 1.01171875 1.4448784722222223 18
stats: {recvpackets,"os_mon@test3"} 1 20167.0 0.0 20167 5107 13371.411764705883 17
stats: {sentpackets,"os_mon@test3"} 1 15569.0 0.0 15569 3470 10061.411764705883 17
stats: {freemem,"os_mon@test2"} 1 914.86328125 0.0 1534.09765625 914.86328125 1295.1825086805557 18
stats: {cpu,"os_mon@test3"} 1 57.9088471849866 0.0 69.54206602768903 3.9553752535496955 49.24917489243088 18
stats: {load,"os_mon@test4"} 1 1.37890625 0.0 1.75 0.8984375 1.259765625 18
stats: {freemem,"os_mon@test4"} 1 876.6875 0.0 1537.4453125 876.6875 1293.6629774305557 18
stats: {freemem,"os_mon@myserver"} 1 1366.98828125 0.0 1367.0546875 1283.98046875 1343.2838541666667 18
stats: {recvpackets,"os_mon@test2"} 1 19682.0 0.0 19682 5128 13409.235294117647 17
stats: {sentpackets,"os_mon@test2"} 1 15243.0 0.0 15243 3486 10087.235294117647 17
stats: {load,"os_mon@test3"} 1 1.41015625 0.0 1.48046875 0.94140625 1.193359375 18
stats: {cpu,"os_mon@test2"} 1 62.32356134636265 0.0 68.61427094105481 6.605691056910569 52.24381306212514 18
stats: {freemem,"os_mon@test3"} 1 675.26953125 0.0 1386.81640625 675.26953125 1123.9500868055557 18
stats: {recvpackets,"os_mon@test4"} 1 19742.0 0.0 19742 5137 13379.117647058823 17
stats: {sentpackets,"os_mon@test4"} 1 15295.0 0.0 15295 3493 10064.411764705883 17
stats: {cpu,"os_mon@test4"} 1 65.70820021299254 0.0 65.97992604331748 3.7859666834931853 46.70660006314185 18
stats: {load,"os_mon@myserver"} 1 1.1484375 0.0 2.48828125 1.109375 1.5106336805555556 18
stats: {recvpackets,"os_mon@myserver"} 1 19719.0 0.0 19719 5218 13398.117647058823 17
stats: {sentpackets,"os_mon@myserver"} 1 15267.0 0.0 15267 3549 10079.764705882355 17
stats: {cpu,"os_mon@myserver"} 1 25.0 0.0 25.5005005005005 3.7731071157255 23.719281292522275 18
stats: session 1376 57521.50782580711 39561.828396748875 165700.22900390625 17.89990234375 24578.711747628 26602
stats: users_count 2964 55077
stats: finish_users_count 1376 27978
stats: 200 19991 372694
stats: request 19996 2362.7652993245133 5707.055479697625 57719.54296875 1.093994140625 1553.8785775777808 352699
stats: page 1378 54066.28253891372 39167.124154491576 165698.19506835938 15.902099609375 23556.707816480168 26560
stats: connect 20042 2123.7036851152657 5659.681688238538 31280.3759765625 0.31494140625 1421.362448108584 352779
stats: size_rcv 2658803 49568302
stats: newphase 6 101
stats: size_sent 2654270 49479935
stats: connected -5 126
stats: error_connect_etimedout 2365 13945
# stats: dump at 1339071969
stats: users 28521 28666
stats: {load,"os_mon@test2"} 1 1.359375 0.0 1.75 1.01171875 1.4483963815789473 19
stats: {recvpackets,"os_mon@test3"} 1 17126.0 0.0 20167 5107 13748.944444444445 18
stats: {sentpackets,"os_mon@test3"} 1 14258.0 0.0 15569 3470 10367.388888888889 18
stats: {freemem,"os_mon@test2"} 1 851.46484375 0.0 1534.09765625 851.46484375 1275.165707236842 19
stats: {cpu,"os_mon@test3"} 1 57.33622089875474 0.0 69.54206602768903 3.9553752535496955 49.70494711835486 19
stats: {load,"os_mon@test4"} 1 1.3203125 0.0 1.75 0.8984375 1.2660361842105263 19
stats: {freemem,"os_mon@test4"} 1 837.92578125 0.0 1537.4453125 837.92578125 1271.7168996710527 19
stats: {freemem,"os_mon@myserver"} 1 1366.74609375 0.0 1367.0546875 1283.98046875 1344.5314555921052 19
stats: {recvpackets,"os_mon@test2"} 1 17043.0 0.0 19682 5128 13757.722222222223 18
stats: {sentpackets,"os_mon@test2"} 1 14207.0 0.0 15243 3486 10373.666666666666 18
stats: {load,"os_mon@test3"} 1 1.33984375 0.0 1.48046875 0.94140625 1.2047697368421053 19
stats: {cpu,"os_mon@test2"} 1 69.66292134831461 0.0 69.66292134831461 6.605691056910569 52.77432612971659 19
stats: {freemem,"os_mon@test3"} 1 620.6640625 0.0 1386.81640625 620.6640625 1100.3353207236842 19
stats: {recvpackets,"os_mon@test4"} 1 17173.0 0.0 19742 5137 13732.611111111111 18
stats: {sentpackets,"os_mon@test4"} 1 14294.0 0.0 15295 3493 10355.0 18
stats: {cpu,"os_mon@test4"} 1 53.92895586652314 0.0 65.97992604331748 3.7859666834931853 47.70668428155505 19
stats: {load,"os_mon@myserver"} 1 1.12109375 0.0 2.48828125 1.109375 1.4915707236842106 19
stats: {recvpackets,"os_mon@myserver"} 1 16981.0 0.0 19719 5218 13749.277777777777 18
stats: {sentpackets,"os_mon@myserver"} 1 14165.0 0.0 15267 3549 10367.944444444445 18
stats: {cpu,"os_mon@myserver"} 1 25.41948409717005 0.0 25.5005005005005 3.7731071157255 23.786687540284262 19
stats: session 1449 65691.97018013503 45506.73486243262 176428.42797851563 17.89990234375 26198.88786470479 27978
stats: users_count 2871 57948
stats: finish_users_count 1449 29427
stats: request 19898 2252.042787037123 5641.407200742172 57719.54296875 1.093994140625 1597.2773322915484 372695
stats: page 1456 61403.5016674 45477.83404581287 176427.26708984375 15.902099609375 25061.54688754873 27938
stats: connect 19871 1982.2389549065992 5567.3578698200445 31280.3759765625 0.31494140625 1459.1186986204596 372821
stats: 200 19898 392592
stats: size_rcv 2646434 52214736
stats: newphase 5 106
stats: size_sent 2636226 52116161
stats: connected -27 99
stats: error_connect_etimedout 2535 16480
stats: error_abort 1 1
EndMonitor:{1339,71970,810082}
