# stats: dump at 1338996386
stats: users 0 0
# stats: dump at 1338996396
stats: users 0 8
stats: {load,"os_mon@test2"} 1 1.69140625 0 1.69140625 1.69140625 0 0
stats: {freemem,"os_mon@test2"} 1 1427.05859375 0 1427.05859375 1427.05859375 0 0
stats: {load,"os_mon@test4"} 1 0.9296875 0 0.9296875 0.9296875 0 0
stats: {cpu,"os_mon@test3"} 1 2.4672708962739174 0 2.4672708962739174 2.4672708962739174 0 0
stats: {freemem,"os_mon@test4"} 1 1579.7734375 0 1579.7734375 1579.7734375 0 0
stats: {freemem,"os_mon@myserver"} 1 1028.7421875 0 1028.7421875 1028.7421875 0 0
stats: {load,"os_mon@test3"} 1 0.83984375 0 0.83984375 0.83984375 0 0
stats: {cpu,"os_mon@test2"} 1 3.6738802214393558 0 3.6738802214393558 3.6738802214393558 0 0
stats: {freemem,"os_mon@test3"} 1 1411.875 0 1411.875 1411.875 0 0
stats: {cpu,"os_mon@test4"} 1 2.756892230576441 0 2.756892230576441 2.756892230576441 0 0
stats: {load,"os_mon@myserver"} 1 2.30859375 0 2.30859375 2.30859375 0 0
stats: {cpu,"os_mon@myserver"} 1 3.751258811681772 0 3.751258811681772 3.751258811681772 0 0
stats: session 920 14.816912311056385 2.49697865526312 29.197998046875 10.474853515625 0 0
stats: users_count 920 920
stats: finish_users_count 920 920
stats: 200 9049 9049
stats: request 9049 1.2000197276632765 0.6619499499908686 11.463134765625 0.281005859375 0 0
stats: page 904 12.575477262513822 2.1218235561027967 25.49609375 9.0869140625 0 0
stats: connect 905 1.1262644056457167 0.28674360285265116 5.273193359375 0.588134765625 0 0
stats: size_rcv 1312036 1312036
stats: size_sent 1200190 1200190
stats: connected 1 1
# stats: dump at 1338996406
stats: users 4 14
stats: {load,"os_mon@test2"} 1 1.4296875 0.0 1.69140625 1.4296875 1.69140625 1
stats: {recvpackets,"os_mon@test3"} 1 4871 0 4871 4871 0 0
stats: {sentpackets,"os_mon@test3"} 1 3274 0 3274 3274 0 0
stats: {freemem,"os_mon@test2"} 1 1426.9375 0.0 1427.05859375 1426.9375 1427.05859375 1
stats: {load,"os_mon@test4"} 1 0.859375 0.0 0.9296875 0.859375 0.9296875 1
stats: {cpu,"os_mon@test3"} 1 9.146653040367909 0.0 9.146653040367909 2.4672708962739174 2.4672708962739174 1
stats: {freemem,"os_mon@test4"} 1 1579.046875 0.0 1579.7734375 1579.046875 1579.7734375 1
stats: {freemem,"os_mon@myserver"} 1 1035.57421875 0.0 1035.57421875 1028.7421875 1028.7421875 1
stats: {recvpackets,"os_mon@test2"} 1 4899 0 4899 4899 0 0
stats: {sentpackets,"os_mon@test2"} 1 3295 0 3295 3295 0 0
stats: {load,"os_mon@test3"} 1 0.7890625 0.0 0.83984375 0.7890625 0.83984375 1
stats: {cpu,"os_mon@test2"} 1 10.572012257405516 0.0 10.572012257405516 3.6738802214393558 3.6738802214393558 1
stats: {recvpackets,"os_mon@test4"} 1 4846 0 4846 4846 0 0
stats: {sentpackets,"os_mon@test4"} 1 3257 0 3257 3257 0 0
stats: {freemem,"os_mon@test3"} 1 1412.1953125 0.0 1412.1953125 1411.875 1411.875 1
stats: {cpu,"os_mon@test4"} 1 9.118852459016393 0.0 9.118852459016393 2.756892230576441 2.756892230576441 1
stats: {load,"os_mon@myserver"} 1 1.94921875 0.0 2.30859375 1.94921875 2.30859375 1
stats: {recvpackets,"os_mon@myserver"} 1 5213 0 5213 5213 0 0
stats: {sentpackets,"os_mon@myserver"} 1 3504 0 3504 3504 0 0
stats: {cpu,"os_mon@myserver"} 1 19.844260236121578 0.0 19.844260236121578 3.751258811681772 3.751258811681772 1
stats: session 1775 18.013936372139096 35.67287120149992 1050.416015625 10.474853515625 14.816912311056385 920
stats: users_count 1779 2699
stats: finish_users_count 1775 2695
stats: request 17569 1.5376116218330256 11.034766635940144 1022.68603515625 0.23291015625 1.2000197276632765 9049
stats: page 1756 16.01422550140591 35.584393454390955 1032.02197265625 9.0869140625 12.575477262513822 904
stats: connect 1760 1.8318255337801863 24.308424649186307 1020.362060546875 0.52099609375 1.1262644056457167 905
stats: 200 17569 26618
stats: size_rcv 2535428 3847464
stats: newphase 6 6
stats: size_sent 2335108 3535298
stats: connected 4 5
# stats: dump at 1338996416
stats: users 12 25
stats: {load,"os_mon@test2"} 1 1.2890625 0.0 1.69140625 1.2890625 1.560546875 2
stats: {recvpackets,"os_mon@test3"} 1 8460.0 0.0 8460 4871 4871.0 1
stats: {sentpackets,"os_mon@test3"} 1 5653.0 0.0 5653 3274 3274.0 1
stats: {freemem,"os_mon@test2"} 1 1426.80859375 0.0 1427.05859375 1426.80859375 1426.998046875 2
stats: {load,"os_mon@test4"} 1 0.73046875 0.0 0.9296875 0.73046875 0.89453125 2
stats: {cpu,"os_mon@test3"} 1 16.93175987685993 0.0 16.93175987685993 2.4672708962739174 5.806961968320913 2
stats: {freemem,"os_mon@test4"} 1 1579.0546875 0.0 1579.7734375 1579.046875 1579.41015625 2
stats: {freemem,"os_mon@myserver"} 1 1038.4375 0.0 1038.4375 1028.7421875 1032.158203125 2
stats: {recvpackets,"os_mon@test2"} 1 8522.0 0.0 8522 4899 4899.0 1
stats: {sentpackets,"os_mon@test2"} 1 5690.0 0.0 5690 3295 3295.0 1
stats: {load,"os_mon@test3"} 1 0.73828125 0.0 0.83984375 0.73828125 0.814453125 2
stats: {cpu,"os_mon@test2"} 1 21.23076923076923 0.0 21.23076923076923 3.6738802214393558 7.122946239422436 2
stats: {recvpackets,"os_mon@test4"} 1 8486.0 0.0 8486 4846 4846.0 1
stats: {sentpackets,"os_mon@test4"} 1 5668.0 0.0 5668 3257 3257.0 1
stats: {freemem,"os_mon@test3"} 1 1411.7109375 0.0 1412.1953125 1411.7109375 1412.03515625 2
stats: {cpu,"os_mon@test4"} 1 18.888317035512095 0.0 18.888317035512095 2.756892230576441 5.937872344796418 2
stats: {load,"os_mon@myserver"} 1 1.890625 0.0 2.30859375 1.890625 2.12890625 2
stats: {recvpackets,"os_mon@myserver"} 1 8793.0 0.0 8793 5213 5213.0 1
stats: {sentpackets,"os_mon@myserver"} 1 5858.0 0.0 5858 3504 3504.0 1
stats: {cpu,"os_mon@myserver"} 1 33.64274962368289 0.0 33.64274962368289 3.751258811681772 11.797759523901675 2
stats: session 2785 18.61814670528504 29.11925649474429 1050.416015625 10.073974609375 16.92255895611086 2695
stats: users_count 2793 5492
stats: finish_users_count 2785 5480
stats: request 27584 1.5780111343844108 6.768541371964144 1022.68603515625 0.199951171875 1.4228445825985956 26618
stats: page 2759 16.461230840403 22.250883746918568 1032.02197265625 8.9921875 14.84556820518093 2660
stats: connect 2757 1.1002582913946333 0.5637872523087648 1020.362060546875 0.52099609375 1.5922259761960607 2665
stats: 200 27585 54203
stats: size_rcv 3920029 7767493
stats: newphase 6 12
stats: size_sent 3659285 7194583
stats: connected -2 3
# stats: dump at 1338996426
stats: users 6 51
stats: {load,"os_mon@test2"} 1 1.171875 0.0 1.69140625 1.171875 1.4700520833333333 3
stats: {recvpackets,"os_mon@test3"} 1 12595.0 0.0 12595 4871 6665.5 2
stats: {sentpackets,"os_mon@test3"} 1 8292.0 0.0 8292 3274 4463.5 2
stats: {freemem,"os_mon@test2"} 1 1426.6875 0.0 1427.05859375 1426.6875 1426.9348958333333 3
stats: {load,"os_mon@test4"} 1 0.76953125 0.0 0.9296875 0.73046875 0.83984375 3
stats: {cpu,"os_mon@test3"} 1 26.326635754765586 0.0 26.326635754765586 2.4672708962739174 9.515227937833918 3
stats: {freemem,"os_mon@test4"} 1 1579.0546875 0.0 1579.7734375 1579.046875 1579.2916666666667 3
stats: {freemem,"os_mon@myserver"} 1 1039.546875 0.0 1039.546875 1028.7421875 1034.2513020833333 3
stats: {recvpackets,"os_mon@test2"} 1 12612.0 0.0 12612 4899 6710.5 2
stats: {sentpackets,"os_mon@test2"} 1 8305.0 0.0 8305 3295 4492.5 2
stats: {load,"os_mon@test3"} 1 0.62890625 0.0 0.83984375 0.62890625 0.7890625 3
stats: {cpu,"os_mon@test2"} 1 31.504781077000505 0.0 31.504781077000505 3.6738802214393558 11.825553903204701 3
stats: {recvpackets,"os_mon@test4"} 1 12575.0 0.0 12575 4846 6666.0 2
stats: {sentpackets,"os_mon@test4"} 1 8279.0 0.0 8279 3257 4462.5 2
stats: {freemem,"os_mon@test3"} 1 1412.08203125 0.0 1412.1953125 1411.7109375 1411.9270833333333 3
stats: {cpu,"os_mon@test4"} 1 26.447975397232188 0.0 26.447975397232188 2.756892230576441 10.254687241701644 3
stats: {load,"os_mon@myserver"} 1 2.0703125 0.0 2.30859375 1.890625 2.0494791666666665 3
stats: {recvpackets,"os_mon@myserver"} 1 12835.0 0.0 12835 5213 7003.0 2
stats: {sentpackets,"os_mon@myserver"} 1 8454.0 0.0 8454 3504 4681.0 2
stats: {cpu,"os_mon@myserver"} 1 48.50859453993933 0.0 48.50859453993933 3.751258811681772 19.07942289049541 3
stats: session 3649 36.34140219548583 90.28247440467669 1069.118896484375 10.073974609375 17.784276452725837 5480
stats: users_count 3643 9135
stats: finish_users_count 3649 9129
stats: request 36316 3.3913694285705582 28.881867892225173 1022.68603515625 0.199951171875 1.5018105647479616 54202
stats: page 3629 34.78188386414126 91.8008913153896 1067.22998046875 8.9921875 15.668157836215752 5419
stats: connect 3634 6.818807749939799 73.89049567287879 1020.362060546875 0.51904296875 1.3420683024598867 5422
stats: 200 36315 90518
stats: size_rcv 5220681 12988174
stats: newphase 6 18
stats: size_sent 4818128 12012711
stats: connected 5 8
# stats: dump at 1338996436
stats: users 42 86
stats: {load,"os_mon@test2"} 1 1.0703125 0.0 1.69140625 1.0703125 1.3955078125 4
stats: {recvpackets,"os_mon@test3"} 1 15798.0 0.0 15798 4871 8642.0 3
stats: {sentpackets,"os_mon@test3"} 1 10385.0 0.0 10385 3274 5739.666666666667 3
stats: {freemem,"os_mon@test2"} 1 1427.16796875 0.0 1427.16796875 1426.6875 1426.873046875 4
stats: {load,"os_mon@test4"} 1 0.73046875 0.0 0.9296875 0.73046875 0.822265625 4
stats: {cpu,"os_mon@test3"} 1 35.2336928608115 0.0 35.2336928608115 2.4672708962739174 13.718079892066836 4
stats: {freemem,"os_mon@test4"} 1 1578.8828125 0.0 1579.7734375 1578.8828125 1579.232421875 4
stats: {freemem,"os_mon@myserver"} 1 1041.04296875 0.0 1041.04296875 1028.7421875 1035.5751953125 4
stats: {recvpackets,"os_mon@test2"} 1 15820.0 0.0 15820 4899 8677.666666666666 3
stats: {sentpackets,"os_mon@test2"} 1 10395.0 0.0 10395 3295 5763.333333333333 3
stats: {load,"os_mon@test3"} 1 0.76171875 0.0 0.83984375 0.62890625 0.7490234375 4
stats: {cpu,"os_mon@test2"} 1 42.41325737959606 0.0 42.41325737959606 3.6738802214393558 16.745360696653652 4
stats: {recvpackets,"os_mon@test4"} 1 15780.0 0.0 15780 4846 8635.666666666666 3
stats: {sentpackets,"os_mon@test4"} 1 10377.0 0.0 10377 3257 5734.666666666667 3
stats: {freemem,"os_mon@test3"} 1 1411.89453125 0.0 1412.1953125 1411.7109375 1411.9658203125 4
stats: {cpu,"os_mon@test4"} 1 33.1266149870801 0.0 33.1266149870801 2.756892230576441 14.30300928058428 4
stats: {load,"os_mon@myserver"} 1 2.0703125 0.0 2.30859375 1.890625 2.0546875 4
stats: {recvpackets,"os_mon@myserver"} 1 15967.0 0.0 15967 5213 8947.0 3
stats: {sentpackets,"os_mon@myserver"} 1 10498.0 0.0 10498 3504 5938.666666666667 3
stats: {cpu,"os_mon@myserver"} 1 60.67615658362989 0.0 60.67615658362989 3.751258811681772 26.43671580285639 4
stats: session 4481 82.9192672555827 163.26344841471004 1573.578125 10.073974609375 25.20184155682609 9129
stats: users_count 4517 13652
stats: finish_users_count 4481 13610
stats: request 43944 7.9603479435030025 48.564324580190934 1209.81884765625 0.199951171875 2.2599053050049425 90518
stats: page 4387 80.09727314900547 160.19547288456553 1571.890869140625 8.81201171875 23.33435055895466 9048
stats: connect 4403 13.4131787031747 108.04760728700626 1020.362060546875 0.488037109375 3.5397793395780406 9056
stats: 200 43946 134464
stats: size_rcv 6280283 19268457
stats: newphase 6 24
stats: size_sent 5835483 17848194
stats: connected 16 24
# stats: dump at 1338996446
stats: users 85 92
stats: {load,"os_mon@test2"} 1 1.05859375 0.0 1.69140625 1.05859375 1.33046875 5
stats: {recvpackets,"os_mon@test3"} 1 18843.0 0.0 18843 4871 10431.0 4
stats: {sentpackets,"os_mon@test3"} 1 12436.0 0.0 12436 3274 6901.0 4
stats: {freemem,"os_mon@test2"} 1 1425.99609375 0.0 1427.16796875 1425.99609375 1426.93203125 5
stats: {load,"os_mon@test4"} 1 0.609375 0.0 0.9296875 0.609375 0.80390625 5
stats: {cpu,"os_mon@test3"} 1 43.91506991196271 0.0 43.91506991196271 2.4672708962739174 18.02120248581577 5
stats: {freemem,"os_mon@test4"} 1 1578.8828125 0.0 1579.7734375 1578.8828125 1579.1625 5
stats: {freemem,"os_mon@myserver"} 1 1042.03125 0.0 1042.03125 1028.7421875 1036.66875 5
stats: {recvpackets,"os_mon@test2"} 1 19280.0 0.0 19280 4899 10463.25 4
stats: {sentpackets,"os_mon@test2"} 1 12730.0 0.0 12730 3295 6921.25 4
stats: {load,"os_mon@test3"} 1 0.87890625 0.0 0.87890625 0.62890625 0.7515625 5
stats: {cpu,"os_mon@test2"} 1 47.38729508196721 0.0 47.38729508196721 3.6738802214393558 21.878940033242134 5
stats: {recvpackets,"os_mon@test4"} 1 18846.0 0.0 18846 4846 10421.75 4
stats: {sentpackets,"os_mon@test4"} 1 12436.0 0.0 12436 3257 6895.25 4
stats: {freemem,"os_mon@test3"} 1 1411.8515625 0.0 1412.1953125 1411.7109375 1411.9515625 5
stats: {cpu,"os_mon@test4"} 1 40.60228452751817 0.0 40.60228452751817 2.756892230576441 18.067730421883446 5
stats: {load,"os_mon@myserver"} 1 2.2109375 0.0 2.30859375 1.890625 2.0578125 5
stats: {recvpackets,"os_mon@myserver"} 1 18853.0 0.0 18853 5213 10702.0 4
stats: {sentpackets,"os_mon@myserver"} 1 12449.0 0.0 12449 3504 7078.5 4
stats: {cpu,"os_mon@myserver"} 1 71.72867628448493 0.0 71.72867628448493 3.751258811681772 33.284603959011086 5
stats: session 4265 117.72185622435516 276.6725007407874 4252.5849609375 10.073974609375 44.20491169320583 13610
stats: users_count 4308 17960
stats: finish_users_count 4265 17875
stats: request 42837 11.386825275490196 72.44315100972845 3256.1279296875 0.199951171875 4.122887049335376 134462
stats: page 4280 115.66532929322447 276.3967639081109 4241.0 8.81201171875 41.869441098779966 13435
stats: connect 4284 26.583909206586277 176.46614874895923 3092.81396484375 0.488037109375 6.769779889241172 13459
stats: 200 42847 177311
stats: size_rcv 6199704 25468161
stats: newphase 6 30
stats: size_sent 5685000 23533194
stats: connected 4 28
# stats: dump at 1338996456
stats: users 901 906
stats: {load,"os_mon@test2"} 1 0.96875 0.0 1.69140625 0.96875 1.28515625 6
stats: {recvpackets,"os_mon@test3"} 1 19057.0 0.0 19057 4871 12113.4 5
stats: {sentpackets,"os_mon@test3"} 1 12698.0 0.0 12698 3274 8008.0 5
stats: {freemem,"os_mon@test2"} 1 1424.53515625 0.0 1427.16796875 1424.53515625 1426.7760416666667 6
stats: {load,"os_mon@test4"} 1 0.75 0.0 0.9296875 0.609375 0.771484375 6
stats: {cpu,"os_mon@test3"} 1 48.72727272727273 0.0 48.72727272727273 2.4672708962739174 22.33684705684026 6
stats: {freemem,"os_mon@test4"} 1 1577.39453125 0.0 1579.7734375 1577.39453125 1579.1158854166667 6
stats: {freemem,"os_mon@myserver"} 1 1042.21875 0.0 1042.21875 1028.7421875 1037.5625 6
stats: {recvpackets,"os_mon@test2"} 1 19470.0 0.0 19470 4899 12226.6 5
stats: {sentpackets,"os_mon@test2"} 1 12970.0 0.0 12970 3295 8083.0 5
stats: {load,"os_mon@test3"} 1 0.8984375 0.0 0.8984375 0.62890625 0.7727864583333334 6
stats: {cpu,"os_mon@test2"} 1 48.46195358877496 0.0 48.46195358877496 3.6738802214393558 26.13033254136298 6
stats: {recvpackets,"os_mon@test4"} 1 19031.0 0.0 19031 4846 12106.6 5
stats: {sentpackets,"os_mon@test4"} 1 12682.0 0.0 12682 3257 8003.4 5
stats: {freemem,"os_mon@test3"} 1 1409.82421875 0.0 1412.1953125 1409.82421875 1411.9348958333333 6
stats: {cpu,"os_mon@test4"} 1 43.847758081334725 0.0 43.847758081334725 2.756892230576441 21.823489439489236 6
stats: {load,"os_mon@myserver"} 1 2.48046875 0.0 2.48046875 1.890625 2.0833333333333335 6
stats: {recvpackets,"os_mon@myserver"} 1 19648.0 0.0 19648 5213 12332.2 5
stats: {sentpackets,"os_mon@myserver"} 1 13088.0 0.0 13088 3504 8152.6 5
stats: {cpu,"os_mon@myserver"} 1 73.38771348457813 0.0 73.38771348457813 3.751258811681772 39.691949346590064 6
stats: session 5260 818.2172455646246 831.7105761401339 7059.20703125 10.073974609375 61.746157479239514 17875
stats: users_count 6076 24036
stats: finish_users_count 5260 23135
stats: request 55351 83.77376229599662 212.9100589040944 3455.954833984375 0.11083984375 5.877918503510493 177299
stats: page 5222 775.8966291669402 815.402664462822 7057.80517578125 8.81201171875 59.69876096737847 17715
stats: connect 5972 110.43748197153133 326.53132990474126 3361.781982421875 0.488037109375 11.553848535778197 17743
stats: 200 55439 232750
stats: size_rcv 7065724 32533885
stats: newphase 6 36
stats: size_sent 7431850 30965044
stats: connected 702 730
# stats: dump at 1338996466
stats: users 3499 3501
stats: {load,"os_mon@test2"} 1 0.96875 0.0 1.69140625 0.96875 1.2399553571428572 7
stats: {recvpackets,"os_mon@test3"} 1 24655.0 0.0 24655 4871 13270.666666666666 6
stats: {sentpackets,"os_mon@test3"} 1 16392.0 0.0 16392 3274 8789.666666666666 6
stats: {freemem,"os_mon@test2"} 1 1410.17578125 0.0 1427.16796875 1410.17578125 1426.4559151785713 7
stats: {load,"os_mon@test4"} 1 0.7890625 0.0 0.9296875 0.609375 0.7684151785714286 7
stats: {cpu,"os_mon@test3"} 1 53.54872881355932 0.0 53.54872881355932 2.4672708962739174 26.10690786690204 7
stats: {freemem,"os_mon@test4"} 1 1566.546875 0.0 1579.7734375 1566.546875 1578.8699776785713 7
stats: {freemem,"os_mon@myserver"} 1 1024.24609375 0.0 1042.21875 1024.24609375 1038.2276785714287 7
stats: {recvpackets,"os_mon@test2"} 1 24907.0 0.0 24907 4899 13433.833333333334 6
stats: {sentpackets,"os_mon@test2"} 1 16561.0 0.0 16561 3295 8897.5 6
stats: {load,"os_mon@test3"} 1 0.98828125 0.0 0.98828125 0.62890625 0.7907366071428571 7
stats: {cpu,"os_mon@test2"} 1 58.6171310629515 0.0 58.6171310629515 3.6738802214393558 29.32056411956469 7
stats: {recvpackets,"os_mon@test4"} 1 24621.0 0.0 24621 4846 13260.666666666666 6
stats: {sentpackets,"os_mon@test4"} 1 16366.0 0.0 16366 3257 8783.166666666666 6
stats: {freemem,"os_mon@test3"} 1 1399.6328125 0.0 1412.1953125 1399.6328125 1411.6333705357142 7
stats: {cpu,"os_mon@test4"} 1 49.761273209549074 0.0 49.761273209549074 2.756892230576441 24.969813531181448 7
stats: {load,"os_mon@myserver"} 1 2.71875 0.0 2.71875 1.890625 2.1400669642857144 7
stats: {recvpackets,"os_mon@myserver"} 1 26506.0 0.0 26506 5213 13551.5 6
stats: {sentpackets,"os_mon@myserver"} 1 17629.0 0.0 17629 3504 8975.166666666666 6
stats: {cpu,"os_mon@myserver"} 1 89.85989076228924 0.0 89.85989076228924 3.751258811681772 44.505629937731214 7
stats: session 4471 2626.491176972959 1705.4532607557 13662.489013671875 10.073974609375 233.7382872967941 23135
stats: users_count 7069 31105
stats: finish_users_count 4471 27606
stats: request 53429 307.2626647932082 566.2155662001786 8395.116943359375 0.068115234375 24.41053337459538 232650
stats: page 4531 2518.4134536302004 1670.5290163476748 13660.387939453125 8.81201171875 222.7534441316158 22937
stats: connect 7155 377.57983050396234 656.8957644929094 4349.9599609375 0.488037109375 36.45509495695963 23715
stats: 200 53394 286144
stats: size_rcv 5460609 37994494
stats: newphase 6 42
stats: size_sent 7347875 38312919
stats: connected 2012 2742
# stats: dump at 1338996476
stats: users 3606 4508
stats: {load,"os_mon@test2"} 1 1.12890625 0.0 1.69140625 0.96875 1.2060546875 8
stats: {recvpackets,"os_mon@test3"} 1 27039.0 0.0 27039 4871 14897.0 7
stats: {sentpackets,"os_mon@test3"} 1 17935.0 0.0 17935 3274 9875.714285714286 7
stats: {freemem,"os_mon@test2"} 1 1371.2265625 0.0 1427.16796875 1371.2265625 1424.4208984375 8
stats: {load,"os_mon@test4"} 1 0.80859375 0.0 0.9296875 0.609375 0.77099609375 8
stats: {cpu,"os_mon@test3"} 1 51.67025862068966 0.0 53.54872881355932 2.4672708962739174 29.537135485234202 8
stats: {freemem,"os_mon@test4"} 1 1528.85546875 0.0 1579.7734375 1528.85546875 1577.32958984375 8
stats: {freemem,"os_mon@myserver"} 1 946.96484375 0.0 1042.21875 946.96484375 1036.47998046875 8
stats: {recvpackets,"os_mon@test2"} 1 26944.0 0.0 26944 4899 15072.857142857143 7
stats: {sentpackets,"os_mon@test2"} 1 17879.0 0.0 17879 3295 9992.285714285714 7
stats: {load,"os_mon@test3"} 1 0.98046875 0.0 0.98828125 0.62890625 0.8154296875 8
stats: {cpu,"os_mon@test2"} 1 55.93830334190232 0.0 58.6171310629515 3.6738802214393558 32.98263498748804 8
stats: {recvpackets,"os_mon@test4"} 1 27037.0 0.0 27037 4846 14883.57142857143 7
stats: {sentpackets,"os_mon@test4"} 1 17940.0 0.0 17940 3257 9866.42857142857 7
stats: {freemem,"os_mon@test3"} 1 1362.3046875 0.0 1412.1953125 1362.3046875 1410.13330078125 8
stats: {cpu,"os_mon@test4"} 1 50.42598509052183 0.0 50.42598509052183 2.756892230576441 28.0687459909774 8
stats: {load,"os_mon@myserver"} 1 3.30078125 0.0 3.30078125 1.890625 2.21240234375 8
stats: {recvpackets,"os_mon@myserver"} 1 28424.0 0.0 28424 5213 15402.142857142857 7
stats: {sentpackets,"os_mon@myserver"} 1 18867.0 0.0 18867 3504 10211.42857142857 7
stats: {cpu,"os_mon@myserver"} 1 90.93328264588482 0.0 90.93328264588482 3.751258811681772 50.17491254080097 8
stats: session 5000 5621.883610009761 2971.137529082325 18692.037841796875 10.073974609375 621.2626722037757 27606
stats: users_count 5107 36212
stats: finish_users_count 5000 32606
stats: request 52905 640.5223459484345 1192.1340915754715 15667.2900390625 0.06689453125 77.23687340502427 286079
stats: page 4929 5554.128786581942 2910.997475558331 18265.50390625 8.81201171875 601.4353832257649 27468
stats: connect 8091 747.2754820532657 1306.2976165722005 15038.712890625 0.488037109375 115.52044911435529 30870
stats: 200 50423 336567
stats: size_rcv 4746845 42741339
stats: newphase 6 48
stats: size_sent 7082279 45395198
stats: connected 518 3260
# stats: dump at 1338996486
stats: users 3317 4508
stats: {load,"os_mon@test2"} 1 1.578125 0.0 1.69140625 0.96875 1.1974826388888888 9
stats: {recvpackets,"os_mon@test3"} 1 20337.0 0.0 27039 4871 16414.75 8
stats: {sentpackets,"os_mon@test3"} 1 1.38e4 0.0 17935 3274 10883.125 8
stats: {freemem,"os_mon@test2"} 1 1313.703125 0.0 1427.16796875 1313.703125 1418.5104166666667 9
stats: {load,"os_mon@test4"} 1 0.83984375 0.0 0.9296875 0.609375 0.7751736111111112 9
stats: {cpu,"os_mon@test3"} 1 37.96539066596748 0.0 53.54872881355932 2.4672708962739174 31.996371389173696 9
stats: {freemem,"os_mon@test4"} 1 1519.0390625 0.0 1579.7734375 1519.0390625 1571.943576388889 9
stats: {freemem,"os_mon@myserver"} 1 945.6171875 0.0 1042.21875 945.6171875 1026.5338541666667 9
stats: {recvpackets,"os_mon@test2"} 1 20077.0 0.0 26944 4899 16556.75 8
stats: {sentpackets,"os_mon@test2"} 1 13684.0 0.0 17879 3295 10978.125 8
stats: {load,"os_mon@test3"} 1 0.98828125 0.0 0.98828125 0.62890625 0.8337673611111112 9
stats: {cpu,"os_mon@test2"} 1 64.641173389209 0.0 64.641173389209 3.6738802214393558 35.533264804645185 9
stats: {recvpackets,"os_mon@test4"} 1 20367.0 0.0 27037 4846 16402.75 8
stats: {sentpackets,"os_mon@test4"} 1 13807.0 0.0 17940 3257 10875.625 8
stats: {freemem,"os_mon@test3"} 1 1355.109375 0.0 1412.1953125 1355.109375 1404.8190104166667 9
stats: {cpu,"os_mon@test4"} 1 48.382045929018794 0.0 50.42598509052183 2.756892230576441 30.55288366870456 9
stats: {load,"os_mon@myserver"} 1 3.30859375 0.0 3.30859375 1.890625 2.3333333333333335 9
stats: {recvpackets,"os_mon@myserver"} 1 33696.0 0.0 33696 5213 17029.875 8
stats: {sentpackets,"os_mon@myserver"} 1 22966.0 0.0 22966 3504 11293.375 8
stats: {cpu,"os_mon@myserver"} 1 91.39022051773729 0.0 91.39022051773729 3.751258811681772 54.70362033025473 9
stats: session 5697 6262.961527302951 4406.787113278567 25126.26416015625 10.073974609375 1388.0879402228497 32606
stats: users_count 5408 41620
stats: finish_users_count 5697 38303
stats: request 55014 616.4963325209029 1416.555416484431 21569.4111328125 0.06689453125 165.14845013109132 338984
stats: page 5729 6274.252294001383 4415.681934993123 25124.23193359375 8.81201171875 1354.956566827413 32397
stats: connect 7448 735.0857741932608 1731.6214726234252 18416.300048828125 0.488037109375 246.716516245813 38961
stats: 200 52227 388794
stats: size_rcv 5167062 47908401
stats: newphase 6 54
stats: size_sent 7206345 52601543
stats: connected -701 2559
# stats: dump at 1338996496
stats: users 4189 4845
stats: {load,"os_mon@test2"} 1 1.5703125 0.0 1.69140625 0.96875 1.235546875 10
stats: {recvpackets,"os_mon@test3"} 1 26208.0 0.0 27039 4871 16850.555555555555 9
stats: {sentpackets,"os_mon@test3"} 1 17812.0 0.0 17935 3274 11207.222222222223 9
stats: {freemem,"os_mon@test2"} 1 1293.0390625 0.0 1427.16796875 1293.0390625 1408.0296875 10
stats: {load,"os_mon@test4"} 1 0.87109375 0.0 0.9296875 0.609375 0.781640625 10
stats: {cpu,"os_mon@test3"} 1 43.27176781002638 0.0 53.54872881355932 2.4672708962739174 32.59327331685308 10
stats: {freemem,"os_mon@test4"} 1 1489.60546875 0.0 1579.7734375 1489.60546875 1566.653125 10
stats: {freemem,"os_mon@myserver"} 0 0 0 1042.21875 945.6171875 1018.4421875 10
stats: {recvpackets,"os_mon@test2"} 1 26706.0 0.0 26944 4899 16947.88888888889 9
stats: {sentpackets,"os_mon@test2"} 1 18093.0 0.0 18093 3295 11278.777777777777 9
stats: {load,"os_mon@test3"} 1 0.91015625 0.0 0.98828125 0.62890625 0.84921875 10
stats: {cpu,"os_mon@test2"} 1 58.894105372978615 0.0 64.641173389209 3.6738802214393558 38.444055663101565 10
stats: {recvpackets,"os_mon@test4"} 1 26183.0 0.0 27037 4846 16843.222222222223 9
stats: {sentpackets,"os_mon@test4"} 1 17802.0 0.0 17940 3257 11201.333333333334 9
stats: {freemem,"os_mon@test3"} 1 1353.203125 0.0 1412.1953125 1353.203125 1399.848046875 10
stats: {cpu,"os_mon@test4"} 1 56.88463583200425 0.0 56.88463583200425 2.756892230576441 32.335799894735985 10
stats: {load,"os_mon@myserver"} 0 0 0 3.30859375 1.890625 2.430859375 10
stats: {recvpackets,"os_mon@myserver"} 0 0 0 33696 5213 18881.666666666668 9
stats: {sentpackets,"os_mon@myserver"} 0 0 0 22966 3504 12590.333333333334 9
stats: {cpu,"os_mon@myserver"} 0 0 0 91.39022051773729 3.751258811681772 58.372280349002985 10
stats: session 5016 6781.137031616021 4619.378612076412 36576.2919921875 10.073974609375 2113.1526825562264 38303
stats: users_count 5888 47508
stats: finish_users_count 5016 43319
stats: request 52370 699.8512292482758 1557.9472513795433 36297.640869140625 0.06689453125 228.17022283499617 393998
stats: page 5059 6728.502972396423 4573.761176873298 36574.570068359375 8.81201171875 2094.1541018685834 38126
stats: connect 8476 715.5262546800333 1527.5679814814305 34308.174072265625 0.488037109375 325.0929999707929 46409
stats: 200 49680 438474
stats: size_rcv 4585214 52493615
stats: newphase 6 60
stats: size_sent 7051488 59653031
stats: connected 774 3333
# stats: dump at 1338996506
stats: users 2178 5029
stats: {load,"os_mon@test2"} 1 1.46875 0.0 1.69140625 0.96875 1.2659801136363635 11
stats: {recvpackets,"os_mon@test3"} 1 24775.0 0.0 27039 4871 17786.3 10
stats: {sentpackets,"os_mon@test3"} 1 16962.0 0.0 17935 3274 11867.7 10
stats: {freemem,"os_mon@test2"} 1 1281.8828125 0.0 1427.16796875 1281.8828125 1397.5759943181818 11
stats: {load,"os_mon@test4"} 1 0.890625 0.0 0.9296875 0.609375 0.7897727272727273 11
stats: {cpu,"os_mon@test3"} 1 63.751987281399046 0.0 63.751987281399046 2.4672708962739174 33.564045543505195 11
stats: {freemem,"os_mon@test4"} 1 1474.12109375 0.0 1579.7734375 1474.12109375 1559.6487926136363 11
stats: {freemem,"os_mon@myserver"} 1 927.79296875 0.0 1042.21875 927.79296875 1018.4421875 10
stats: {recvpackets,"os_mon@test2"} 1 23709.0 0.0 26944 4899 17923.7 10
stats: {sentpackets,"os_mon@test2"} 1 16246.0 0.0 18093 3295 11960.2 10
stats: {load,"os_mon@test3"} 1 1.23046875 0.0 1.23046875 0.62890625 0.8547585227272727 11
stats: {cpu,"os_mon@test2"} 1 52.38828967642527 0.0 64.641173389209 3.6738802214393558 40.303151091272206 11
stats: {recvpackets,"os_mon@test4"} 1 24842.0 0.0 27037 4846 17777.2 10
stats: {sentpackets,"os_mon@test4"} 1 17011.0 0.0 17940 3257 11861.4 10
stats: {freemem,"os_mon@test3"} 1 1280.68359375 0.0 1412.1953125 1280.68359375 1395.6075994318182 11
stats: {cpu,"os_mon@test4"} 1 46.36316064887494 0.0 56.88463583200425 2.756892230576441 34.56751225266947 11
stats: {load,"os_mon@myserver"} 1 3.76171875 0.0 3.76171875 1.890625 2.430859375 10
stats: {recvpackets,"os_mon@myserver"} 1 32433.0 0.0 33696 5213 18881.666666666668 9
stats: {sentpackets,"os_mon@myserver"} 1 22141.0 0.0 22966 3504 12590.333333333334 9
stats: {cpu,"os_mon@myserver"} 1 91.86023426642844 0.0 91.86023426642844 3.751258811681772 58.372280349002985 10
stats: session 6097 6823.618615704632 5533.467617973281 45317.3740234375 10.073974609375 2653.668610783654 43319
stats: users_count 4086 51594
stats: finish_users_count 6097 49416
stats: request 54805 674.8230499220218 1771.8789305251646 44481.196044921875 0.06298828125 283.51006418980535 446368
stats: page 5988 6858.597827776316 5466.1994536628545 45316.044921875 8.81201171875 2637.0548992750983 43185
stats: connect 7677 747.2943130976157 1832.4373930478653 34308.174072265625 0.488037109375 385.3883860856789 54885
stats: 200 51279 489753
stats: size_rcv 5201640 57695255
stats: newphase 6 66
stats: size_sent 7100780 66753811
stats: connected -1292 2041
# stats: dump at 1338996516
stats: users 2786 5029
stats: {load,"os_mon@test2"} 1 1.48828125 0.0 1.69140625 0.96875 1.2828776041666665 12
stats: {recvpackets,"os_mon@test3"} 1 21092.0 0.0 27039 4871 18421.636363636364 11
stats: {sentpackets,"os_mon@test3"} 1 14528.0 0.0 17935 3274 12330.818181818182 11
stats: {freemem,"os_mon@test2"} 1 1254.81640625 0.0 1427.16796875 1254.81640625 1387.9348958333333 12
stats: {load,"os_mon@test4"} 1 0.8984375 0.0 0.9296875 0.609375 0.7981770833333334 12
stats: {cpu,"os_mon@test3"} 1 53.51890756302521 0.0 63.751987281399046 2.4672708962739174 36.07970735499635 12
stats: {freemem,"os_mon@test4"} 1 1449.01171875 0.0 1579.7734375 1449.01171875 1552.521484375 12
stats: {freemem,"os_mon@myserver"} 1 929.38671875 0.0 1042.21875 927.79296875 1010.2013494318181 11
stats: {recvpackets,"os_mon@test2"} 1 22432.0 0.0 26944 4899 18449.636363636364 11
stats: {sentpackets,"os_mon@test2"} 1 15436.0 0.0 18093 3295 12349.818181818182 11
stats: {load,"os_mon@test3"} 1 1.5 0.0 1.5 0.62890625 0.8860677083333334 12
stats: {cpu,"os_mon@test2"} 1 56.74418604651162 0.0 64.641173389209 3.6738802214393558 41.310245973368296 12
stats: {recvpackets,"os_mon@test4"} 1 21029.0 0.0 27037 4846 18419.454545454544 11
stats: {sentpackets,"os_mon@test4"} 1 14480.0 0.0 17940 3257 12329.545454545454 11
stats: {freemem,"os_mon@test3"} 1 1280.23828125 0.0 1412.1953125 1280.23828125 1386.0305989583333 12
stats: {cpu,"os_mon@test4"} 1 47.63655462184874 0.0 56.88463583200425 2.756892230576441 35.550482952353256 12
stats: {load,"os_mon@myserver"} 1 3.7890625 0.0 3.7890625 1.890625 2.551846590909091 11
stats: {recvpackets,"os_mon@myserver"} 1 25890.0 0.0 33696 5213 20236.8 10
stats: {sentpackets,"os_mon@myserver"} 1 17786.0 0.0 22966 3504 13545.4 10
stats: {cpu,"os_mon@myserver"} 1 90.05112910097998 0.0 91.86023426642844 3.751258811681772 61.41663979604166 11
stats: session 5039 5831.12855425917 5604.65924312406 55229.22509765625 10.073974609375 3168.1615924091034 49416
stats: users_count 5647 57241
stats: finish_users_count 5039 54455
stats: 200 50607 540360
stats: request 53267 618.5844909621036 1808.762079466381 52509.253173828125 0.06298828125 326.3014918665839 501173
stats: page 5086 5813.7389457483505 5681.582475955461 55227.4208984375 8.81201171875 3151.129677219606 49173
stats: connect 8197 594.8877920811832 1340.3216237009788 34471.282958984375 0.488037109375 429.79796061447655 62562
stats: size_rcv 5202779 62898034
stats: newphase 6 72
stats: size_sent 7135475 73889286
stats: connected 489 2530
# stats: dump at 1338996526
stats: users 3655 5029
stats: {load,"os_mon@test2"} 1 1.421875 0.0 1.69140625 0.96875 1.2986778846153846 13
stats: {recvpackets,"os_mon@test3"} 1 22812.0 0.0 27039 4871 18644.166666666668 12
stats: {sentpackets,"os_mon@test3"} 1 15908.0 0.0 17935 3274 12513.916666666666 12
stats: {freemem,"os_mon@test2"} 1 1219.9296875 0.0 1427.16796875 1219.9296875 1377.6950120192307 13
stats: {load,"os_mon@test4"} 1 0.921875 0.0 0.9296875 0.609375 0.8058894230769231 13
stats: {cpu,"os_mon@test3"} 1 54.20609884332281 0.0 63.751987281399046 2.4672708962739174 37.421184294075495 13
stats: {freemem,"os_mon@test4"} 1 1440.80859375 0.0 1579.7734375 1440.80859375 1544.5591947115386 13
stats: {freemem,"os_mon@myserver"} 1 932.0625 0.0 1042.21875 927.79296875 1003.466796875 12
stats: {recvpackets,"os_mon@test2"} 1 22837.0 0.0 26944 4899 18781.5 12
stats: {sentpackets,"os_mon@test2"} 1 15938.0 0.0 18093 3295 12607.0 12
stats: {load,"os_mon@test3"} 1 1.26953125 0.0 1.5 0.62890625 0.9332932692307693 13
stats: {cpu,"os_mon@test2"} 1 64.27829698857737 0.0 64.641173389209 3.6738802214393558 42.497472132840855 13
stats: {recvpackets,"os_mon@test4"} 1 22807.0 0.0 27037 4846 18636.916666666668 12
stats: {sentpackets,"os_mon@test4"} 1 15905.0 0.0 17940 3257 12508.75 12
stats: {freemem,"os_mon@test3"} 1 1247.52734375 0.0 1412.1953125 1247.52734375 1377.8927283653845 13
stats: {cpu,"os_mon@test4"} 1 42.36581552892132 0.0 56.88463583200425 2.756892230576441 36.480180773083674 13
stats: {load,"os_mon@myserver"} 1 3.76953125 0.0 3.7890625 1.890625 2.6549479166666665 12
stats: {recvpackets,"os_mon@myserver"} 1 29448.0 0.0 33696 5213 20750.727272727272 11
stats: {sentpackets,"os_mon@myserver"} 1 20646.0 0.0 22966 3504 13930.90909090909 11
stats: {cpu,"os_mon@myserver"} 1 88.47036328871893 0.0 91.86023426642844 3.751258811681772 63.80284723811985 12
stats: session 4934 6046.499460109792 6424.406655421631 64682.738037109375 10.073974609375 3414.579561755582 54455
stats: users_count 5803 63044
stats: finish_users_count 4934 59389
stats: 200 49679 590039
stats: connect 8448 489.69394071174406 1277.274261504575 34471.282958984375 0.488037109375 448.9226139947193 70759
stats: page 4990 6052.702400357351 6340.78095193502 64680.93798828125 8.81201171875 3400.7109584768573 54259
stats: request 52379 632.1759362948414 1898.5767564201792 59947.89794921875 0.06298828125 354.3821471454618 554440
stats: size_rcv 5175162 68073196
stats: newphase 6 78
stats: size_sent 7034674 80923960
stats: connected 653 3183
# stats: dump at 1338996536
stats: users 5093 5275
stats: {load,"os_mon@test2"} 1 1.28125 0.0 1.69140625 0.96875 1.3074776785714286 14
stats: {recvpackets,"os_mon@test3"} 1 24267.0 0.0 27039 4871 18964.76923076923 13
stats: {sentpackets,"os_mon@test3"} 1 17091.0 0.0 17935 3274 12775.0 13
stats: {freemem,"os_mon@test2"} 1 1214.1796875 0.0 1427.16796875 1214.1796875 1366.426060267857 14
stats: {load,"os_mon@test4"} 1 0.9296875 0.0 0.9296875 0.609375 0.8141741071428571 14
stats: {cpu,"os_mon@test3"} 1 56.60377358490566 0.0 63.751987281399046 2.4672708962739174 38.62010676187888 14
stats: {freemem,"os_mon@test4"} 1 1407.57421875 0.0 1579.7734375 1407.57421875 1537.1484375 14
stats: {freemem,"os_mon@myserver"} 1 933.76953125 0.0 1042.21875 927.79296875 997.9741586538462 13
stats: {recvpackets,"os_mon@test2"} 1 23055.0 0.0 26944 4899 19093.46153846154 13
stats: {sentpackets,"os_mon@test2"} 1 16310.0 0.0 18093 3295 12863.23076923077 13
stats: {load,"os_mon@test3"} 1 1.46875 0.0 1.5 0.62890625 0.9573102678571429 14
stats: {cpu,"os_mon@test2"} 1 40.474961280330405 0.0 64.641173389209 3.6738802214393558 44.05324533682204 14
stats: {recvpackets,"os_mon@test4"} 1 24338.0 0.0 27037 4846 18957.69230769231 13
stats: {sentpackets,"os_mon@test4"} 1 17138.0 0.0 17940 3257 12770.0 13
stats: {freemem,"os_mon@test3"} 1 1215.59375 0.0 1412.1953125 1215.59375 1368.5809151785713 14
stats: {cpu,"os_mon@test4"} 1 61.667540639748296 0.0 61.667540639748296 2.756892230576441 36.900583255643504 14
stats: {load,"os_mon@myserver"} 1 3.80859375 0.0 3.80859375 1.890625 2.7406850961538463 13
stats: {recvpackets,"os_mon@myserver"} 1 25961.0 0.0 33696 5213 21475.5 12
stats: {sentpackets,"os_mon@myserver"} 1 18268.0 0.0 22966 3504 14490.5 12
stats: {cpu,"os_mon@myserver"} 1 88.38978890525281 0.0 91.86023426642844 3.751258811681772 65.70034847278131 13
stats: session 4976 6242.278551255015 7687.832505913008 64682.738037109375 10.073974609375 3633.2377775611967 59389
stats: users_count 6414 69458
stats: finish_users_count 4976 64365
stats: request 52169 587.3199862709561 2149.5960296129597 74490.05102539063 0.06298828125 378.36056720458214 606819
stats: connect 8513 434.4545713173976 1066.8479454237342 34641.546142578125 0.488037109375 453.2711711690274 79207
stats: page 5010 6272.502670147979 7669.821107865313 64680.93798828125 8.81201171875 3624.0638808043846 59249
stats: 200 49933 639972
stats: size_rcv 5465666 73538862
stats: newphase 6 84
stats: size_sent 7081230 88005190
stats: connected 1199 4382
# stats: dump at 1338996546
stats: users 4619 5275
stats: {load,"os_mon@test2"} 1 1.16015625 0.0 1.69140625 0.96875 1.3057291666666666 15
stats: {recvpackets,"os_mon@test3"} 1 24810.0 0.0 27039 4871 19343.5 14
stats: {sentpackets,"os_mon@test3"} 1 17361.0 0.0 17935 3274 13083.285714285714 14
stats: {freemem,"os_mon@test2"} 1 1210.8359375 0.0 1427.16796875 1210.8359375 1356.2763020833333 15
stats: {load,"os_mon@test4"} 1 1.01953125 0.0 1.01953125 0.609375 0.821875 15
stats: {cpu,"os_mon@test3"} 1 62.07446808510638 0.0 63.751987281399046 2.4672708962739174 39.81901788341399 15
stats: {freemem,"os_mon@test4"} 1 1346.62890625 0.0 1579.7734375 1346.62890625 1528.51015625 15
stats: {freemem,"os_mon@myserver"} 1 931.5859375 0.0 1042.21875 927.79296875 993.3881138392857 14
stats: {recvpackets,"os_mon@test2"} 1 24977.0 0.0 26944 4899 19376.428571428572 14
stats: {sentpackets,"os_mon@test2"} 1 17475.0 0.0 18093 3295 13109.42857142857 14
stats: {load,"os_mon@test3"} 1 1.3984375 0.0 1.5 0.62890625 0.99140625 15
stats: {cpu,"os_mon@test2"} 1 39.103869653767816 0.0 64.641173389209 3.6738802214393558 43.81469306638926 15
stats: {recvpackets,"os_mon@test4"} 1 24781.0 0.0 27037 4846 19342.0 14
stats: {sentpackets,"os_mon@test4"} 1 17343.0 0.0 17940 3257 13082.0 14
stats: {freemem,"os_mon@test3"} 1 1180.38671875 0.0 1412.1953125 1180.38671875 1358.3817708333333 15
stats: {cpu,"os_mon@test4"} 1 64.38716465018412 0.0 64.38716465018412 2.756892230576441 38.551713747917155 15
stats: {load,"os_mon@myserver"} 1 3.76171875 0.0 3.80859375 1.890625 2.8169642857142856 14
stats: {recvpackets,"os_mon@myserver"} 1 23330.0 0.0 33696 5213 21820.53846153846 13
stats: {sentpackets,"os_mon@myserver"} 1 16570.0 0.0 22966 3504 14781.076923076924 13
stats: {cpu,"os_mon@myserver"} 1 89.46975354742345 0.0 91.86023426642844 3.751258811681772 67.32102278938642 14
stats: session 5473 6718.805184078371 6902.957202027664 79137.30712890625 10.073974609375 3834.940362660248 64365
stats: users_count 4999 74457
stats: finish_users_count 5473 69838
stats: request 53659 698.2798591050309 2038.9084593184957 75959.48901367188 0.06298828125 394.90290778327807 658988
stats: page 5469 6691.4742564447 6944.232234824909 79135.291015625 8.81201171875 3830.5513508025388 64259
stats: connect 8458 555.1553607831521 1223.753142845436 46432.153076171875 0.488037109375 451.44506863212683 87720
stats: 200 49935 689907
stats: size_rcv 5162193 78701055
stats: newphase 5 89
stats: size_sent 7056635 95061825
stats: connected -482 3900
stats: error_connect_etimedout 1 1
# stats: dump at 1338996556
stats: users 4426 5275
stats: {load,"os_mon@test2"} 1 1.1484375 0.0 1.69140625 0.96875 1.296630859375 16
stats: {recvpackets,"os_mon@test3"} 1 23365.0 0.0 27039 4871 19707.933333333334 15
stats: {sentpackets,"os_mon@test3"} 1 16642.0 0.0 17935 3274 13368.466666666667 15
stats: {freemem,"os_mon@test2"} 1 1189.15234375 0.0 1427.16796875 1189.15234375 1347.186279296875 16
stats: {load,"os_mon@test4"} 1 0.859375 0.0 1.01953125 0.609375 0.834228515625 16
stats: {cpu,"os_mon@test3"} 1 40.805511393746684 0.0 63.751987281399046 2.4672708962739174 41.209983521019765 16
stats: {freemem,"os_mon@test4"} 1 1301.7890625 0.0 1579.7734375 1301.7890625 1517.142578125 16
stats: {freemem,"os_mon@myserver"} 1 926.6328125 0.0 1042.21875 926.6328125 989.26796875 15
stats: {recvpackets,"os_mon@test2"} 1 24012.0 0.0 26944 4899 19749.8 15
stats: {sentpackets,"os_mon@test2"} 1 17079.0 0.0 18093 3295 13400.466666666667 15
stats: {load,"os_mon@test3"} 1 1.48828125 0.0 1.5 0.62890625 1.016845703125 16
stats: {cpu,"os_mon@test2"} 1 58.48074921956295 0.0 64.641173389209 3.6738802214393558 43.52026660310042 16
stats: {recvpackets,"os_mon@test4"} 1 23382.0 0.0 27037 4846 19704.6 15
stats: {sentpackets,"os_mon@test4"} 1 16651.0 0.0 17940 3257 13366.066666666668 15
stats: {freemem,"os_mon@test3"} 1 1173.453125 0.0 1412.1953125 1173.453125 1347.257080078125 16
stats: {cpu,"os_mon@test4"} 1 66.36982713462545 0.0 66.36982713462545 2.756892230576441 40.16642942930884 16
stats: {load,"os_mon@myserver"} 1 3.80078125 0.0 3.80859375 1.890625 2.8799479166666666 15
stats: {recvpackets,"os_mon@myserver"} 1 28411.0 0.0 33696 5213 21928.35714285714 14
stats: {sentpackets,"os_mon@myserver"} 1 20103.0 0.0 22966 3504 14908.857142857143 14
stats: {cpu,"os_mon@myserver"} 1 92.34266570949988 0.0 92.34266570949988 3.751258811681772 68.79760483992223 15
stats: session 5297 6603.07878501392 7102.967365584328 89402.27978515625 10.073974609375 4060.9404223358024 69838
stats: users_count 5104 79561
stats: finish_users_count 5297 75135
stats: request 54615 705.8732508641835 2148.234725881503 84310.4208984375 0.06298828125 417.7457792623889 712647
stats: page 5280 6607.056576584328 7117.689883611875 89400.32397460938 8.81201171875 4054.9430925842767 69728
stats: connect 8351 617.9452161125442 1137.9707835207264 46432.153076171875 0.488037109375 460.5654667586565 96178
stats: 200 51722 741629
stats: size_rcv 5197243 83898298
stats: newphase 5 94
stats: size_sent 7249797 102311622
stats: connected 19 3919
stats: error_connect_etimedout 1 2
# stats: dump at 1338996566
stats: users 4606 5413
stats: {load,"os_mon@test2"} 1 0.96875 0.0 1.69140625 0.96875 1.2879136029411764 17
stats: {recvpackets,"os_mon@test3"} 1 25450.0 0.0 27039 4871 19936.5 16
stats: {sentpackets,"os_mon@test3"} 1 17979.0 0.0 17979 3274 13573.0625 16
stats: {freemem,"os_mon@test2"} 1 1162.93359375 0.0 1427.16796875 1162.93359375 1337.8901654411766 17
stats: {load,"os_mon@test4"} 1 0.80859375 0.0 1.01953125 0.609375 0.8357077205882353 17
stats: {cpu,"os_mon@test3"} 1 73.38243029984218 0.0 73.38243029984218 2.4672708962739174 41.18619104294488 17
stats: {freemem,"os_mon@test4"} 1 1295.3984375 0.0 1579.7734375 1295.3984375 1504.4747242647059 17
stats: {freemem,"os_mon@myserver"} 0 0 0 1042.21875 926.6328125 985.353271484375 16
stats: {recvpackets,"os_mon@test2"} 1 24795.0 0.0 26944 4899 20016.1875 16
stats: {sentpackets,"os_mon@test2"} 1 17543.0 0.0 18093 3295 13630.375 16
stats: {load,"os_mon@test3"} 1 1.87890625 0.0 1.87890625 0.62890625 1.044577205882353 17
stats: {cpu,"os_mon@test2"} 1 58.316008316008315 0.0 64.641173389209 3.6738802214393558 44.4002949923041 17
stats: {recvpackets,"os_mon@test4"} 1 25670.0 0.0 27037 4846 19934.4375 16
stats: {sentpackets,"os_mon@test4"} 1 18176.0 0.0 18176 3257 13571.375 16
stats: {freemem,"os_mon@test3"} 1 1100.8984375 0.0 1412.1953125 1100.8984375 1337.0333180147059 17
stats: {cpu,"os_mon@test4"} 1 43.90625 0.0 66.36982713462545 2.756892230576441 41.7078057649157 17
stats: {load,"os_mon@myserver"} 0 0 0 3.80859375 1.890625 2.9375 16
stats: {recvpackets,"os_mon@myserver"} 0 0 0 33696 5213 22360.533333333333 15
stats: {sentpackets,"os_mon@myserver"} 0 0 0 22966 3504 15255.133333333333 15
stats: {cpu,"os_mon@myserver"} 0 0 0 92.34266570949988 3.751258811681772 70.26917114427083 16
stats: session 5528 7032.881943345243 8080.14986433886 93382.15576171875 10.073974609375 4240.160584804772 75135
stats: users_count 5708 85269
stats: finish_users_count 5528 80663
stats: request 55894 681.752639190125 2192.736551514382 97102.14086914063 0.06298828125 438.2551774360662 767262
stats: page 5563 7021.658886042896 8053.019944274575 93380.00610351563 8.81201171875 4234.592719231037 75008
stats: connect 8521 504.2053826059793 990.0594266401955 46432.153076171875 0.488037109375 473.1388032189146 104529
stats: 200 52295 793924
stats: size_rcv 5523416 89421714
stats: newphase 4 98
stats: size_sent 7394432 109706054
stats: connected -174 3745
stats: error_connect_etimedout 0 2
# stats: dump at 1338996576
stats: users 4206 5413
stats: {load,"os_mon@test2"} 1 0.96875 0.0 1.69140625 0.96875 1.2701822916666667 18
stats: {recvpackets,"os_mon@test3"} 1 26988.0 0.0 27039 4871 20260.823529411766 17
stats: {sentpackets,"os_mon@test3"} 1 19322.0 0.0 19322 3274 13832.235294117647 17
stats: {freemem,"os_mon@test2"} 1 1125.4296875 0.0 1427.16796875 1125.4296875 1328.1703559027778 18
stats: {load,"os_mon@test4"} 1 1.1484375 0.0 1.1484375 0.609375 0.8342013888888888 18
stats: {cpu,"os_mon@test3"} 1 55.7420031463031 0.0 73.38243029984218 2.4672708962739174 42.9748710016614 18
stats: {freemem,"os_mon@test4"} 1 1260.69921875 0.0 1579.7734375 1260.69921875 1492.859375 18
stats: {freemem,"os_mon@myserver"} 1 932.05859375 0.0 1042.21875 926.6328125 985.353271484375 16
stats: {recvpackets,"os_mon@test2"} 1 27763.0 0.0 27763 4899 20297.29411764706 17
stats: {sentpackets,"os_mon@test2"} 1 19815.0 0.0 19815 3295 13860.529411764706 17
stats: {load,"os_mon@test3"} 1 1.8203125 0.0 1.87890625 0.62890625 1.0909288194444444 18
stats: {cpu,"os_mon@test2"} 1 66.8041237113402 0.0 66.8041237113402 3.6738802214393558 45.17339017695433 18
stats: {recvpackets,"os_mon@test4"} 1 27166.0 0.0 27166 4846 20271.823529411766 17
stats: {sentpackets,"os_mon@test4"} 1 19399.0 0.0 19399 3257 13842.235294117647 17
stats: {freemem,"os_mon@test3"} 1 1088.9765625 0.0 1412.1953125 1088.9765625 1323.9147135416667 18
stats: {cpu,"os_mon@test4"} 1 52.733964248159836 0.0 66.36982713462545 2.756892230576441 41.82994155575372 18
stats: {load,"os_mon@myserver"} 1 3.98828125 0.0 3.98828125 1.890625 2.9375 16
stats: {recvpackets,"os_mon@myserver"} 1 41658.0 0.0 41658 5213 22360.533333333333 15
stats: {sentpackets,"os_mon@myserver"} 1 29830.0 0.0 29830 3504 15255.133333333333 15
stats: {cpu,"os_mon@myserver"} 1 91.21410292863236 0.0 92.34266570949988 3.751258811681772 70.26917114427083 16
stats: session 5687 7413.604403452019 7979.37352250223 106872.88598632813 10.073974609375 4431.5514786471995 80663
stats: users_count 5287 90556
stats: finish_users_count 5687 86350
stats: request 53681 741.6626193501631 2387.0128670632835 97102.14086914063 0.06298828125 454.78916021367013 823156
stats: page 5639 7424.379149221665 7932.103654806892 106871.62182617188 8.81201171875 4427.02484848318 80571
stats: connect 8641 547.6510082801561 1125.55409057132 46432.153076171875 0.488037109375 475.48040713715585 113050
stats: 200 50302 844226
stats: size_rcv 5272550 94694264
stats: newphase 5 103
stats: size_sent 7107990 116814044
stats: connected -120 3625
stats: error_connect_etimedout 0 2
# stats: dump at 1338996586
stats: users 4074 5413
stats: {load,"os_mon@test2"} 1 0.98046875 0.0 1.69140625 0.96875 1.2543174342105263 19
stats: {recvpackets,"os_mon@test3"} 1 23815.0 0.0 27039 4871 20634.555555555555 18
stats: {sentpackets,"os_mon@test3"} 1 17141.0 0.0 19322 3274 14137.222222222223 18
stats: {freemem,"os_mon@test2"} 1 1101.48046875 0.0 1427.16796875 1101.48046875 1317.4997944078948 19
stats: {load,"os_mon@test4"} 1 1.12890625 0.0 1.1484375 0.609375 0.8507401315789473 19
stats: {cpu,"os_mon@test3"} 1 55.06863780359028 0.0 73.38243029984218 2.4672708962739174 43.646825325063595 19
stats: {freemem,"os_mon@test4"} 1 1229.33203125 0.0 1579.7734375 1229.33203125 1480.6404194078948 19
stats: {freemem,"os_mon@myserver"} 1 930.32421875 0.0 1042.21875 926.6328125 982.2182904411765 17
stats: {recvpackets,"os_mon@test2"} 1 23073.0 0.0 27763 4899 20712.055555555555 18
stats: {sentpackets,"os_mon@test2"} 1 16657.0 0.0 19815 3295 14191.333333333334 18
stats: {load,"os_mon@test3"} 1 1.76953125 0.0 1.87890625 0.62890625 1.1293174342105263 19
stats: {cpu,"os_mon@test2"} 1 50.31120331950207 0.0 66.8041237113402 3.6738802214393558 46.311849836658844 19
stats: {recvpackets,"os_mon@test4"} 1 23718.0 0.0 27166 4846 20654.833333333332 18
stats: {sentpackets,"os_mon@test4"} 1 17080.0 0.0 19399 3257 14150.944444444445 18
stats: {freemem,"os_mon@test3"} 1 1062.66015625 0.0 1412.1953125 1062.66015625 1311.5495476973683 19
stats: {cpu,"os_mon@test4"} 1 53.79382522239665 0.0 66.36982713462545 2.756892230576441 42.40383748693299 19
stats: {load,"os_mon@myserver"} 1 3.8984375 0.0 3.98828125 1.890625 2.999310661764706 17
stats: {recvpackets,"os_mon@myserver"} 1 29687.0 0.0 41658 5213 23566.625 16
stats: {sentpackets,"os_mon@myserver"} 1 21280.0 0.0 29830 3504 16166.0625 16
stats: {cpu,"os_mon@myserver"} 1 90.39966166208501 0.0 92.34266570949988 3.751258811681772 71.50122595511563 17
stats: session 5672 6899.016744121336 8261.097479351263 106872.88598632813 10.073974609375 4627.949104395491 86350
stats: users_count 5540 96096
stats: finish_users_count 5672 92022
stats: 200 53542 897768
stats: request 56640 679.0371202544362 2453.441660414487 97102.14086914063 0.06298828125 472.3518932642897 876837
stats: page 5704 6806.596610220413 8105.433102986912 106871.62182617188 8.81201171875 4623.081928889911 86210
stats: connect 8163 571.4479109242919 1163.7846522256168 46432.153076171875 0.488037109375 480.60507670579005 121691
stats: size_rcv 5672377 100366641
stats: newphase 6 109
stats: size_sent 7483301 124297345
stats: connected -261 3364
stats: error_connect_etimedout 0 2
stats: error_abort 1 1
EndMonitor:{1338,996586,262957}
