# stats: dump at 1339077491
stats: users 0 4
stats: session 6 32.060465494791664 8.724618819556415 47.5478515625 22.337890625 0 0
stats: users_count 6 6
stats: finish_users_count 6 6
stats: 200 40 40
stats: request 40 2.72215576171875 1.0115311112806085 6.966064453125 1.669921875 0 0
stats: connect 41 1.007276581554878 0.2874751413967237 1.702880859375 0.615966796875 0 0
stats: page 4 33.02374267578125 6.24512516018237 42.56298828125 27.346923828125 0 0
stats: size_rcv 5670 5670
stats: size_sent 5531 5531
stats: connected 1 1
# stats: dump at 1339077501
stats: users 10 14
stats: {load,"os_mon@test2"} 1 1.3515625 0 1.3515625 1.3515625 0 0
stats: {freemem,"os_mon@test2"} 1 1528.4140625 0 1528.4140625 1528.4140625 0 0
stats: {cpu,"os_mon@test3"} 1 3.1472081218274113 0 3.1472081218274113 3.1472081218274113 0 0
stats: {load,"os_mon@test4"} 1 1.8515625 0 1.8515625 1.8515625 0 0
stats: {freemem,"os_mon@test4"} 1 1535.23828125 0 1535.23828125 1535.23828125 0 0
stats: {freemem,"os_mon@myserver"} 1 1330.00390625 0 1330.00390625 1330.00390625 0 0
stats: {load,"os_mon@test3"} 1 0.91015625 0 0.91015625 0.91015625 0 0
stats: {cpu,"os_mon@test2"} 1 6.192893401015229 0 6.192893401015229 6.192893401015229 0 0
stats: {freemem,"os_mon@test3"} 1 1382.07421875 0 1382.07421875 1382.07421875 0 0
stats: {cpu,"os_mon@test4"} 1 2.674066599394551 0 2.674066599394551 2.674066599394551 0 0
stats: {load,"os_mon@myserver"} 1 3.75 0 3.75 3.75 0 0
stats: {cpu,"os_mon@myserver"} 1 6.621004566210045 0 6.621004566210045 6.621004566210045 0 0
stats: session 909 41.02302549590897 17.25286197566174 119.94091796875 20.888916015625 32.060465494791664 6
stats: users_count 919 925
stats: finish_users_count 909 915
stats: 200 9065 9105
stats: request 9065 3.7577070064723572 2.005984226018547 36.31201171875 1.304931640625 2.72215576171875 40
stats: page 903 38.76195964623128 17.317856265867704 117.901123046875 19.473876953125 33.02374267578125 4
stats: connect 9068 0.9478349454296706 0.5162953890122239 19.090087890625 0.43310546875 1.007276581554878 41
stats: size_rcv 1209792 1215462
stats: newphase 2 2
stats: size_sent 1202028 1207559
stats: connected 3 4
# stats: dump at 1339077511
stats: users 916 933
stats: {load,"os_mon@test2"} 1 1.44921875 0.0 1.44921875 1.3515625 1.3515625 1
stats: {recvpackets,"os_mon@test3"} 1 4821 0 4821 4821 0 0
stats: {sentpackets,"os_mon@test3"} 1 3389 0 3389 3389 0 0
stats: {freemem,"os_mon@test2"} 1 1532.09375 0.0 1532.09375 1528.4140625 1528.4140625 1
stats: {cpu,"os_mon@test3"} 1 22.15477996965099 0.0 22.15477996965099 3.1472081218274113 3.1472081218274113 1
stats: {load,"os_mon@test4"} 1 1.640625 0.0 1.8515625 1.640625 1.8515625 1
stats: {freemem,"os_mon@test4"} 1 1534.8203125 0.0 1535.23828125 1534.8203125 1535.23828125 1
stats: {freemem,"os_mon@myserver"} 1 1335.84765625 0.0 1335.84765625 1330.00390625 1330.00390625 1
stats: {recvpackets,"os_mon@test2"} 1 4814 0 4814 4814 0 0
stats: {sentpackets,"os_mon@test2"} 1 3389 0 3389 3389 0 0
stats: {load,"os_mon@test3"} 1 0.76953125 0.0 0.91015625 0.76953125 0.91015625 1
stats: {cpu,"os_mon@test2"} 1 27.83715012722646 0.0 27.83715012722646 6.192893401015229 6.192893401015229 1
stats: {freemem,"os_mon@test3"} 1 1383.0234375 0.0 1383.0234375 1382.07421875 1382.07421875 1
stats: {recvpackets,"os_mon@test4"} 1 4824 0 4824 4824 0 0
stats: {sentpackets,"os_mon@test4"} 1 3392 0 3392 3392 0 0
stats: {cpu,"os_mon@test4"} 1 19.31641636457794 0.0 19.31641636457794 2.674066599394551 2.674066599394551 1
stats: {load,"os_mon@myserver"} 1 3.1796875 0.0 3.75 3.1796875 3.75 1
stats: {recvpackets,"os_mon@myserver"} 1 4844 0 4844 4844 0 0
stats: {sentpackets,"os_mon@myserver"} 1 3414 0 3414 3414 0 0
stats: {cpu,"os_mon@myserver"} 1 21.853320118929634 0.0 21.853320118929634 6.621004566210045 6.621004566210045 1
stats: session 985 2458.5711016814716 1698.115734428793 5552.369140625 20.888916015625 40.964254610655736 915
stats: users_count 1891 2816
stats: finish_users_count 985 1900
stats: request 13886 312.5625401216259 203.1547146285538 1383.93505859375 1.304931640625 3.7531576325250597 9105
stats: page 979 2405.350680451591 1695.7898658871372 5550.531005859375 19.473876953125 38.73665328693492 907
stats: connect 14775 3.463914759808576 46.53530583163523 1003.981201171875 0.366943359375 0.9481024947853774 9109
stats: 200 13886 22991
stats: size_rcv 1841576 3057038
stats: newphase 6 8
stats: size_sent 1962717 3170276
stats: connected 889 893
# stats: dump at 1339077521
stats: users 2474 2474
stats: {load,"os_mon@test2"} 1 1.23046875 0.0 1.44921875 1.23046875 1.400390625 2
stats: {recvpackets,"os_mon@test3"} 1 7911.0 0.0 7911 4821 4821.0 1
stats: {sentpackets,"os_mon@test3"} 1 5577.0 0.0 5577 3389 3389.0 1
stats: {freemem,"os_mon@test2"} 1 1519.18359375 0.0 1532.09375 1519.18359375 1530.25390625 2
stats: {cpu,"os_mon@test3"} 1 35.89349718381977 0.0 35.89349718381977 3.1472081218274113 12.6509940457392 2
stats: {load,"os_mon@test4"} 1 1.55078125 0.0 1.8515625 1.55078125 1.74609375 2
stats: {freemem,"os_mon@test4"} 1 1522.1875 0.0 1535.23828125 1522.1875 1535.029296875 2
stats: {freemem,"os_mon@myserver"} 1 1336.01953125 0.0 1336.01953125 1330.00390625 1332.92578125 2
stats: {recvpackets,"os_mon@test2"} 1 7918.0 0.0 7918 4814 4814.0 1
stats: {sentpackets,"os_mon@test2"} 1 5579.0 0.0 5579 3389 3389.0 1
stats: {load,"os_mon@test3"} 1 0.73828125 0.0 0.91015625 0.73828125 0.83984375 2
stats: {cpu,"os_mon@test2"} 1 40.98277608915907 0.0 40.98277608915907 6.192893401015229 17.015021764120846 2
stats: {freemem,"os_mon@test3"} 1 1370.49609375 0.0 1383.0234375 1370.49609375 1382.548828125 2
stats: {recvpackets,"os_mon@test4"} 1 7911.0 0.0 7911 4824 4824.0 1
stats: {sentpackets,"os_mon@test4"} 1 5579.0 0.0 5579 3392 3392.0 1
stats: {cpu,"os_mon@test4"} 1 33.59334373374935 0.0 33.59334373374935 2.674066599394551 10.995241481986245 2
stats: {load,"os_mon@myserver"} 1 2.83984375 0.0 3.75 2.83984375 3.46484375 2
stats: {recvpackets,"os_mon@myserver"} 1 8080.0 0.0 8080 4844 4844.0 1
stats: {sentpackets,"os_mon@myserver"} 1 5678.0 0.0 5678 3414 3414.0 1
stats: {cpu,"os_mon@myserver"} 1 28.906048906048902 0.0 28.906048906048902 6.621004566210045 14.237162342569839 2
stats: session 1215 4704.720468227559 1313.7279993491088 10346.473876953125 20.888916015625 1294.3025411184208 1900
stats: users_count 2773 5589
stats: finish_users_count 1215 3115
stats: request 15329 781.1983350083996 485.4801631641335 4188.153076171875 1.304931640625 190.26644914849453 22991
stats: page 1223 4684.130949605216 1282.7932058229253 10344.580078125 19.473876953125 1267.2176355744207 1886
stats: connect 16546 21.260969152995813 161.69233184008877 3009.858154296875 0.366943359375 2.5044216295918487 23884
stats: 200 15329 38320
stats: size_rcv 2056834 5113872
stats: newphase 6 14
stats: size_sent 2197854 5368130
stats: connected 1217 2110
# stats: dump at 1339077531
stats: users 4820 4820
stats: {load,"os_mon@test2"} 1 1.3515625 0.0 1.44921875 1.23046875 1.34375 3
stats: {recvpackets,"os_mon@test3"} 1 10424.0 0.0 10424 4821 6366.0 2
stats: {sentpackets,"os_mon@test3"} 1 7185.0 0.0 7185 3389 4483.0 2
stats: {freemem,"os_mon@test2"} 1 1497.43359375 0.0 1532.09375 1497.43359375 1526.5638020833333 3
stats: {cpu,"os_mon@test3"} 1 33.07533539731683 0.0 35.89349718381977 3.1472081218274113 20.398495091766055 3
stats: {load,"os_mon@test4"} 1 1.30859375 0.0 1.8515625 1.30859375 1.6809895833333333 3
stats: {freemem,"os_mon@test4"} 1 1498.6640625 0.0 1535.23828125 1498.6640625 1530.7486979166667 3
stats: {freemem,"os_mon@myserver"} 1 1332.44140625 0.0 1336.01953125 1330.00390625 1333.95703125 3
stats: {recvpackets,"os_mon@test2"} 1 10417.0 0.0 10417 4814 6366.0 2
stats: {sentpackets,"os_mon@test2"} 1 7182.0 0.0 7182 3389 4484.0 2
stats: {load,"os_mon@test3"} 1 0.69921875 0.0 0.91015625 0.69921875 0.8059895833333334 3
stats: {cpu,"os_mon@test2"} 1 39.9492385786802 0.0 40.98277608915907 6.192893401015229 25.004273205800256 3
stats: {freemem,"os_mon@test3"} 1 1348.45703125 0.0 1383.0234375 1348.45703125 1378.53125 3
stats: {recvpackets,"os_mon@test4"} 1 10423.0 0.0 10423 4824 6367.5 2
stats: {sentpackets,"os_mon@test4"} 1 7184.0 0.0 7184 3392 4485.5 2
stats: {cpu,"os_mon@test4"} 1 33.29831932773109 0.0 33.59334373374935 2.674066599394551 18.527942232573945 3
stats: {load,"os_mon@myserver"} 1 2.640625 0.0 3.75 2.640625 3.2565104166666665 3
stats: {recvpackets,"os_mon@myserver"} 1 10443.0 0.0 10443 4844 6462.0 2
stats: {sentpackets,"os_mon@myserver"} 1 7206.0 0.0 7206 3414 4546.0 2
stats: {cpu,"os_mon@myserver"} 1 25.365607665153806 0.0 28.906048906048902 6.621004566210045 19.12679119706286 3
stats: session 255 11984.91707548254 2487.3638693128787 17292.5419921875 20.888916015625 2624.529758273349 3115
stats: users_count 2601 8190
stats: finish_users_count 255 3370
stats: request 8916 2430.811000353338 1169.7006297819855 8554.546142578125 1.304931640625 426.6546244706888 38320
stats: page 261 11901.61180143977 2514.9228700095123 17290.859130859375 19.473876953125 2611.3427507431766 3109
stats: connect 9722 509.6212367889835 1075.149882645629 7028.85400390625 0.366943359375 10.180549141890685 40430
stats: 200 8916 47236
stats: size_rcv 1135874 6249746
stats: newphase 4 18
stats: size_sent 1289510 6657640
stats: connected 806 2916
# stats: dump at 1339077541
stats: users 7148 7148
stats: {load,"os_mon@test2"} 1 1.2890625 0.0 1.44921875 1.23046875 1.345703125 4
stats: {recvpackets,"os_mon@test3"} 1 8646.0 0.0 10424 4821 7718.666666666667 3
stats: {sentpackets,"os_mon@test3"} 1 6223.0 0.0 7185 3389 5383.666666666667 3
stats: {freemem,"os_mon@test2"} 1 1459.1171875 0.0 1532.09375 1459.1171875 1519.28125 4
stats: {cpu,"os_mon@test3"} 1 24.82758620689655 0.0 35.89349718381977 3.1472081218274113 23.56770516815375 4
stats: {load,"os_mon@test4"} 1 1.109375 0.0 1.8515625 1.109375 1.587890625 4
stats: {freemem,"os_mon@test4"} 1 1444.80078125 0.0 1535.23828125 1444.80078125 1522.7275390625 4
stats: {freemem,"os_mon@myserver"} 1 1335.25 0.0 1336.01953125 1330.00390625 1333.578125 4
stats: {recvpackets,"os_mon@test2"} 1 8669.0 0.0 10417 4814 7716.333333333333 3
stats: {sentpackets,"os_mon@test2"} 1 6239.0 0.0 7182 3389 5383.333333333333 3
stats: {load,"os_mon@test3"} 1 0.671875 0.0 0.91015625 0.671875 0.779296875 4
stats: {cpu,"os_mon@test2"} 1 32.1689259645464 0.0 40.98277608915907 6.192893401015229 28.74051454902024 4
stats: {freemem,"os_mon@test3"} 1 1308.10546875 0.0 1383.0234375 1308.10546875 1371.0126953125 4
stats: {recvpackets,"os_mon@test4"} 1 8657.0 0.0 10423 4824 7719.333333333333 3
stats: {sentpackets,"os_mon@test4"} 1 6233.0 0.0 7184 3392 5385.0 3
stats: {cpu,"os_mon@test4"} 1 30.020920502092054 0.0 33.59334373374935 2.674066599394551 22.22053650636323 4
stats: {load,"os_mon@myserver"} 1 2.46875 0.0 3.75 2.46875 3.1025390625 4
stats: {recvpackets,"os_mon@myserver"} 1 8555.0 0.0 10443 4844 7789.0 3
stats: {sentpackets,"os_mon@myserver"} 1 6177.0 0.0 7206 3414 5432.666666666667 3
stats: {cpu,"os_mon@myserver"} 1 16.217577436414 0.0 28.906048906048902 6.621004566210045 20.686495314085597 4
stats: session 211 21586.300637773984 3210.097864975016 26779.596923828125 20.888916015625 3332.808323818852 3370
stats: users_count 2539 10729
stats: finish_users_count 211 3581
stats: page 211 21584.280603200903 3210.1617552778316 26776.515869140625 19.473876953125 3330.856169803061 3370
stats: request 4361 6363.533624282986 3044.314237080563 17081.760009765625 1.304931640625 804.947838277313 47236
stats: connect 4956 1730.3108797358166 3446.145244010307 15044.022216796875 0.366943359375 106.99747299946438 50152
stats: 200 4361 51597
stats: size_rcv 554242 6803988
stats: newphase 6 24
stats: size_sent 657356 7314996
stats: connected 595 3511
# stats: dump at 1339077551
stats: users 10064 10064
stats: {load,"os_mon@test2"} 1 1.171875 0.0 1.44921875 1.171875 1.334375 5
stats: {recvpackets,"os_mon@test3"} 1 10194.0 0.0 10424 4821 7950.5 4
stats: {sentpackets,"os_mon@test3"} 1 7230.0 0.0 7230 3389 5593.5 4
stats: {freemem,"os_mon@test2"} 1 1424.66015625 0.0 1532.09375 1424.66015625 1507.2484375 5
stats: {cpu,"os_mon@test3"} 1 19.576719576719576 0.0 35.89349718381977 3.1472081218274113 23.819681375902313 5
stats: {load,"os_mon@test4"} 1 1.01953125 0.0 1.8515625 1.01953125 1.4921875 5
stats: {freemem,"os_mon@test4"} 1 1423.68359375 0.0 1535.23828125 1423.68359375 1507.1421875 5
stats: {freemem,"os_mon@myserver"} 1 1343.8046875 0.0 1343.8046875 1330.00390625 1333.9125 5
stats: {recvpackets,"os_mon@test2"} 1 10179.0 0.0 10417 4814 7954.5 4
stats: {sentpackets,"os_mon@test2"} 1 7222.0 0.0 7222 3389 5597.25 4
stats: {load,"os_mon@test3"} 1 0.55859375 0.0 0.91015625 0.55859375 0.7578125 5
stats: {cpu,"os_mon@test2"} 1 22.88969445882962 0.0 40.98277608915907 6.192893401015229 29.42619683212547 5
stats: {freemem,"os_mon@test3"} 1 1272.51953125 0.0 1383.0234375 1272.51953125 1358.43125 5
stats: {recvpackets,"os_mon@test4"} 1 10184.0 0.0 10423 4824 7953.75 4
stats: {sentpackets,"os_mon@test4"} 1 7223.0 0.0 7223 3392 5597.0 4
stats: {cpu,"os_mon@test4"} 1 16.95538057742782 0.0 33.59334373374935 2.674066599394551 23.780613305508997 5
stats: {load,"os_mon@myserver"} 1 2.171875 0.0 3.75 2.171875 2.97578125 5
stats: {recvpackets,"os_mon@myserver"} 1 10339.0 0.0 10443 4844 7980.5 4
stats: {sentpackets,"os_mon@myserver"} 1 7314.0 0.0 7314 3414 5618.75 4
stats: {cpu,"os_mon@myserver"} 1 6.756072874493928 0.0 28.906048906048902 6.621004566210045 19.79271173855128 5
stats: session 0 0 0 26779.596923828125 20.888916015625 4408.342218888534 3581
stats: users_count 2916 13645
stats: finish_users_count 0 3581
stats: request 0 0 0 17081.760009765625 1.304931640625 1274.7618315864345 51597
stats: page 0 0 0 26776.515869140625 19.473876953125 4406.3860652085195 3581
stats: connect 17 3418.2456916360293 4897.491027778228 15044.022216796875 0.366943359375 252.9860997648226 55108
stats: 200 0 51597
stats: size_rcv 0 6803988
stats: newphase 6 30
stats: size_sent 2235 7317231
stats: connected 17 3528
# stats: dump at 1339077561
stats: users 13131 13131
stats: {load,"os_mon@test2"} 1 0.98828125 0.0 1.44921875 0.98828125 1.3072916666666667 6
stats: {recvpackets,"os_mon@test3"} 1 8768.0 0.0 10424 4821 8399.2 5
stats: {sentpackets,"os_mon@test3"} 1 6519.0 0.0 7230 3389 5920.8 5
stats: {freemem,"os_mon@test2"} 1 1393.4140625 0.0 1532.09375 1393.4140625 1493.4837239583333 6
stats: {cpu,"os_mon@test3"} 1 16.48177496038035 0.0 35.89349718381977 3.1472081218274113 23.112521076038522 6
stats: {load,"os_mon@test4"} 1 0.859375 0.0 1.8515625 0.859375 1.4134114583333333 6
stats: {freemem,"os_mon@test4"} 1 1374.15234375 0.0 1535.23828125 1374.15234375 1493.232421875 6
stats: {freemem,"os_mon@myserver"} 1 1343.94140625 0.0 1343.94140625 1330.00390625 1335.5611979166667 6
stats: {recvpackets,"os_mon@test2"} 1 8785.0 0.0 10417 4814 8399.4 5
stats: {sentpackets,"os_mon@test2"} 1 6533.0 0.0 7222 3389 5922.2 5
stats: {load,"os_mon@test3"} 1 0.55859375 0.0 0.91015625 0.55859375 0.724609375 6
stats: {cpu,"os_mon@test2"} 1 18.04123711340206 0.0 40.98277608915907 6.192893401015229 28.336779769909494 6
stats: {freemem,"os_mon@test3"} 1 1226.76953125 0.0 1383.0234375 1226.76953125 1344.1126302083333 6
stats: {recvpackets,"os_mon@test4"} 1 8771.0 0.0 10423 4824 8399.8 5
stats: {sentpackets,"os_mon@test4"} 1 6522.0 0.0 7223 3392 5922.2 5
stats: {cpu,"os_mon@test4"} 1 19.24488725747247 0.0 33.59334373374935 2.674066599394551 22.643074517495467 6
stats: {load,"os_mon@myserver"} 1 1.98046875 0.0 3.75 1.98046875 2.841796875 6
stats: {recvpackets,"os_mon@myserver"} 1 8657.0 0.0 10443 4844 8452.2 5
stats: {sentpackets,"os_mon@myserver"} 1 6446.0 0.0 7314 3414 5957.8 5
stats: {cpu,"os_mon@myserver"} 1 4.906423874557411 0.0 28.906048906048902 4.906423874557411 17.61993859454172 6
stats: session 72 37280.96104261612 1125.4867394140483 41769.5390625 20.888916015625 4408.342218888534 3581
stats: users_count 3139 16784
stats: finish_users_count 72 3653
stats: request 2516 13327.606117236402 6193.44506619739 32889.39990234375 1.304931640625 1274.7618315864345 51597
stats: page 72 37279.105736626516 1125.4572914449764 41768.0439453125 19.473876953125 4406.3860652085195 3581
stats: connect 2643 2410.0731434412505 5566.236041671512 31101.179931640625 0.366943359375 253.96223424213434 55125
stats: 200 2516 54113
stats: size_rcv 320800 7124788
stats: newphase 6 36
stats: size_sent 350753 7667984
stats: connected 127 3655
# stats: dump at 1339077571
stats: users 15396 15396
stats: {load,"os_mon@test2"} 1 0.91015625 0.0 1.44921875 0.91015625 1.26171875 7
stats: {recvpackets,"os_mon@test3"} 1 11592.0 0.0 11592 4821 8460.666666666666 6
stats: {sentpackets,"os_mon@test3"} 1 8212.0 0.0 8212 3389 6020.5 6
stats: {freemem,"os_mon@test2"} 1 1339.671875 0.0 1532.09375 1339.671875 1479.1880580357142 7
stats: {cpu,"os_mon@test3"} 1 13.410770855332629 0.0 35.89349718381977 3.1472081218274113 22.1652716309445 7
stats: {load,"os_mon@test4"} 1 0.80859375 0.0 1.8515625 0.80859375 1.3342633928571428 7
stats: {freemem,"os_mon@test4"} 1 1340.8984375 0.0 1535.23828125 1340.8984375 1476.220982142857 7
stats: {freemem,"os_mon@myserver"} 1 1356.68359375 0.0 1356.68359375 1330.00390625 1336.7583705357142 7
stats: {recvpackets,"os_mon@test2"} 1 11583.0 0.0 11583 4814 8463.666666666666 6
stats: {sentpackets,"os_mon@test2"} 1 8198.0 0.0 8198 3389 6024.0 6
stats: {load,"os_mon@test3"} 1 0.55078125 0.0 0.91015625 0.55078125 0.7008928571428571 7
stats: {cpu,"os_mon@test2"} 1 25.26150627615063 0.0 40.98277608915907 6.192893401015229 26.865987961837 7
stats: {freemem,"os_mon@test3"} 1 1203.37109375 0.0 1383.0234375 1203.37109375 1327.349330357143 7
stats: {recvpackets,"os_mon@test4"} 1 11543.0 0.0 11543 4824 8461.666666666666 6
stats: {sentpackets,"os_mon@test4"} 1 8171.0 0.0 8171 3392 6022.166666666667 6
stats: {cpu,"os_mon@test4"} 1 12.643080124869927 0.0 33.59334373374935 2.674066599394551 22.15761919463504 7
stats: {load,"os_mon@myserver"} 1 1.6796875 0.0 3.75 1.6796875 2.71875 7
stats: {recvpackets,"os_mon@myserver"} 1 11510.0 0.0 11510 4844 8486.333333333334 6
stats: {sentpackets,"os_mon@myserver"} 1 8201.0 0.0 8201 3414 6039.166666666667 6
stats: {cpu,"os_mon@myserver"} 1 1.0657193605683837 0.0 28.906048906048902 1.0657193605683837 15.80372220597253 7
stats: session 9 48855.420789930555 1073.8613655851525 50409.568115234375 20.888916015625 5056.255866659787 3653
stats: users_count 2274 19058
stats: finish_users_count 9 3662
stats: 200 750 54863
stats: request 750 16894.47705761716 7762.854472846273 44541.505859375 1.304931640625 1835.16240488112 54113
stats: page 9 48853.757568359375 1073.835888550084 50407.502197265625 19.473876953125 5054.301700670358 3653
stats: connect 1087 5494.106446435498 9803.261212456066 31107.383056640625 0.366943359375 352.60856323073125 57768
stats: size_rcv 95034 7219822
stats: newphase 6 42
stats: size_sent 144333 7812317
stats: connected 337 3992
# stats: dump at 1339077581
stats: users 18163 18163
stats: {load,"os_mon@test2"} 1 0.8515625 0.0 1.44921875 0.8515625 1.2177734375 8
stats: {recvpackets,"os_mon@test3"} 1 9196.0 0.0 11592 4821 8908.0 7
stats: {sentpackets,"os_mon@test3"} 1 6735.0 0.0 8212 3389 6333.571428571428 7
stats: {freemem,"os_mon@test2"} 1 1326.5390625 0.0 1532.09375 1326.5390625 1461.74853515625 8
stats: {cpu,"os_mon@test3"} 1 16.0828025477707 0.0 35.89349718381977 3.1472081218274113 21.070959033993017 8
stats: {load,"os_mon@test4"} 1 0.828125 0.0 1.8515625 0.80859375 1.2685546875 8
stats: {freemem,"os_mon@test4"} 1 1302.16015625 0.0 1535.23828125 1302.16015625 1459.3056640625 8
stats: {freemem,"os_mon@myserver"} 1 1368.9140625 0.0 1368.9140625 1330.00390625 1339.2490234375 8
stats: {recvpackets,"os_mon@test2"} 1 9247.0 0.0 11583 4814 8909.285714285714 7
stats: {sentpackets,"os_mon@test2"} 1 6773.0 0.0 8198 3389 6334.571428571428 7
stats: {load,"os_mon@test3"} 1 0.69921875 0.0 0.91015625 0.55078125 0.68212890625 8
stats: {cpu,"os_mon@test2"} 1 12.733887733887734 0.0 40.98277608915907 6.192893401015229 26.665427751126206 8
stats: {freemem,"os_mon@test3"} 1 1154.515625 0.0 1383.0234375 1154.515625 1311.85205078125 8
stats: {recvpackets,"os_mon@test4"} 1 9237.0 0.0 11543 4824 8901.857142857143 7
stats: {sentpackets,"os_mon@test4"} 1 6764.0 0.0 8171 3392 6329.142857142857 7
stats: {cpu,"os_mon@test4"} 1 16.424116424116423 0.0 33.59334373374935 2.674066599394551 20.9683018109144 8
stats: {load,"os_mon@myserver"} 1 1.5703125 0.0 3.75 1.5703125 2.5888671875 8
stats: {recvpackets,"os_mon@myserver"} 1 9277.0 0.0 11510 4844 8918.285714285714 7
stats: {sentpackets,"os_mon@myserver"} 1 6743.0 0.0 8201 3414 6348.0 7
stats: {cpu,"os_mon@myserver"} 1 2.027883396704689 0.0 28.906048906048902 1.0657193605683837 13.961471850297011 8
stats: session 39 61932.003130008015 1548.9973751419259 65847.01806640625 20.888916015625 5163.899909343959 3662
stats: users_count 2806 21864
stats: finish_users_count 39 3701
stats: 200 1339 56202
stats: request 1339 27555.32002569399 7071.088388874783 57339.677978515625 1.304931640625 2041.0294917985696 54863
stats: page 39 61930.10796649639 1548.924872649916 65845.21801757813 19.473876953125 5161.946458400887 3662
stats: connect 1746 4362.8056342790205 9622.170417967733 31107.383056640625 0.366943359375 447.5674995835234 58855
stats: size_rcv 156716 7376538
stats: newphase 6 48
stats: size_sent 231670 8043987
stats: connected 407 4399
# stats: dump at 1339077591
stats: users 21481 21481
stats: {load,"os_mon@test2"} 1 0.71875 0.0 1.44921875 0.71875 1.1770833333333333 9
stats: {recvpackets,"os_mon@test3"} 1 9998.0 0.0 11592 4821 8944.0 8
stats: {sentpackets,"os_mon@test3"} 1 7518.0 0.0 8212 3389 6383.75 8
stats: {freemem,"os_mon@test2"} 1 1274.03515625 0.0 1532.09375 1274.03515625 1446.7252604166667 9
stats: {cpu,"os_mon@test3"} 1 13.564668769716087 0.0 35.89349718381977 3.1472081218274113 20.51671942441276 9
stats: {load,"os_mon@test4"} 1 0.859375 0.0 1.8515625 0.80859375 1.2196180555555556 9
stats: {freemem,"os_mon@test4"} 1 1265.05859375 0.0 1535.23828125 1265.05859375 1441.8450520833333 9
stats: {freemem,"os_mon@myserver"} 1 1368.83984375 0.0 1368.9140625 1330.00390625 1342.545138888889 9
stats: {recvpackets,"os_mon@test2"} 1 10043.0 0.0 11583 4814 8951.5 8
stats: {sentpackets,"os_mon@test2"} 1 7548.0 0.0 8198 3389 6389.375 8
stats: {load,"os_mon@test3"} 1 0.58984375 0.0 0.91015625 0.55078125 0.6840277777777778 9
stats: {cpu,"os_mon@test2"} 1 23.397602918186557 0.0 40.98277608915907 6.192893401015229 25.11747886032193 9
stats: {freemem,"os_mon@test3"} 1 1121.5703125 0.0 1383.0234375 1121.5703125 1294.3702256944443 9
stats: {recvpackets,"os_mon@test4"} 1 10013.0 0.0 11543 4824 8943.75 8
stats: {sentpackets,"os_mon@test4"} 1 7528.0 0.0 8171 3392 6383.5 8
stats: {cpu,"os_mon@test4"} 1 14.728682170542637 0.0 33.59334373374935 2.674066599394551 20.463392323492403 9
stats: {load,"os_mon@myserver"} 1 1.41015625 0.0 3.75 1.41015625 2.4756944444444446 9
stats: {recvpackets,"os_mon@myserver"} 1 10077.0 0.0 11510 4844 8963.125 8
stats: {sentpackets,"os_mon@myserver"} 1 7566.0 0.0 8201 3414 6397.375 8
stats: {cpu,"os_mon@myserver"} 1 3.260869565217391 0.0 28.906048906048902 1.0657193605683837 12.635517577675643 9
stats: session 13 72849.11831430289 1456.4774435384202 75910.7109375 20.888916015625 5762.104725773545 3701
stats: users_count 3331 25195
stats: finish_users_count 13 3714
stats: request 826 26976.04214411037 9528.371575190313 63273.22900390625 1.304931640625 2648.9017209876724 56202
stats: page 13 72847.02371920072 1456.238653515976 75908.28686523438 19.473876953125 5760.1518890455045 3701
stats: connect 1212 3043.7212353193336 6415.458164958912 31107.383056640625 0.366943359375 560.3710140994281 60601
stats: 200 823 57025
stats: size_rcv 107152 7483690
stats: newphase 6 54
stats: size_sent 161100 8205087
stats: connected 386 4785
stats: error_connect_etimedout 705 705
# stats: dump at 1339077601
stats: users 24683 24683
stats: {load,"os_mon@test2"} 1 0.609375 0.0 1.44921875 0.609375 1.13125 10
stats: {recvpackets,"os_mon@test3"} 1 12064.0 0.0 12064 4821 9061.111111111111 9
stats: {sentpackets,"os_mon@test3"} 1 8854.0 0.0 8854 3389 6509.777777777777 9
stats: {freemem,"os_mon@test2"} 1 1263.4375 0.0 1532.09375 1263.4375 1429.45625 10
stats: {cpu,"os_mon@test3"} 1 19.6513470681458 0.0 35.89349718381977 3.1472081218274113 19.821514358943094 10
stats: {load,"os_mon@test4"} 1 0.73046875 0.0 1.8515625 0.73046875 1.18359375 10
stats: {freemem,"os_mon@test4"} 1 1199.42578125 0.0 1535.23828125 1199.42578125 1424.16640625 10
stats: {freemem,"os_mon@myserver"} 1 1374.890625 0.0 1374.890625 1330.00390625 1345.174609375 10
stats: {recvpackets,"os_mon@test2"} 1 12055.0 0.0 12055 4814 9072.777777777777 9
stats: {sentpackets,"os_mon@test2"} 1 8984.0 0.0 8984 3389 6518.111111111111 9
stats: {load,"os_mon@test3"} 1 0.890625 0.0 0.91015625 0.55078125 0.674609375 10
stats: {cpu,"os_mon@test2"} 1 12.153846153846153 0.0 40.98277608915907 6.192893401015229 24.945491266108395 10
stats: {freemem,"os_mon@test3"} 1 1068.40625 0.0 1383.0234375 1068.40625 1277.090234375 10
stats: {recvpackets,"os_mon@test4"} 1 12007.0 0.0 12007 4824 9062.555555555555 9
stats: {sentpackets,"os_mon@test4"} 1 8816.0 0.0 8816 3392 6510.666666666667 9
stats: {cpu,"os_mon@test4"} 1 22.878228782287824 0.0 33.59334373374935 2.674066599394551 19.889921308197426 10
stats: {load,"os_mon@myserver"} 1 1.26953125 0.0 3.75 1.26953125 2.369140625 10
stats: {recvpackets,"os_mon@myserver"} 1 12077.0 0.0 12077 4844 9086.888888888889 9
stats: {sentpackets,"os_mon@myserver"} 1 9046.0 0.0 9046 3414 6527.222222222223 9
stats: {cpu,"os_mon@myserver"} 1 2.30369085954917 0.0 28.906048906048902 1.0657193605683837 11.698052776429817 10
stats: session 6 76760.97403971355 634.3435927416383 77915.42407226563 20.888916015625 5996.927336611155 3714
stats: users_count 3208 28403
stats: finish_users_count 6 3720
stats: 200 0 57025
stats: request 313 37345.96767749727 12192.430074467025 63273.22900390625 1.304931640625 3001.2587734794192 57028
stats: page 6 76759.42004394531 634.2293621320197 77913.47802734375 19.473876953125 5994.974003690635 3714
stats: connect 17 885.1034007352941 1231.668268032111 31107.383056640625 0.366943359375 609.0633679427705 61813
stats: size_rcv 0 7483690
stats: newphase 5 59
stats: size_sent 2267 8207354
stats: connected -296 4489
stats: error_connect_etimedout 1388 2093
# stats: dump at 1339077611
stats: users 27322 27322
stats: {load,"os_mon@test2"} 1 0.671875 0.0 1.44921875 0.609375 1.0838068181818181 11
stats: {recvpackets,"os_mon@test3"} 1 12761.0 0.0 12761 4821 9361.4 10
stats: {sentpackets,"os_mon@test3"} 1 9455.0 0.0 9455 3389 6744.2 10
stats: {freemem,"os_mon@test2"} 1 1237.18359375 0.0 1532.09375 1237.18359375 1414.3636363636363 11
stats: {cpu,"os_mon@test3"} 1 20.698924731182796 0.0 35.89349718381977 3.1472081218274113 19.80604460523425 11
stats: {load,"os_mon@test4"} 1 0.76953125 0.0 1.8515625 0.73046875 1.1424005681818181 11
stats: {freemem,"os_mon@test4"} 1 1138.56640625 0.0 1535.23828125 1138.56640625 1403.735440340909 11
stats: {freemem,"os_mon@myserver"} 1 1375.77734375 0.0 1375.77734375 1330.00390625 1347.876065340909 11
stats: {recvpackets,"os_mon@test2"} 1 12914.0 0.0 12914 4814 9371.0 10
stats: {sentpackets,"os_mon@test2"} 1 9453.0 0.0 9453 3389 6764.7 10
stats: {load,"os_mon@test3"} 1 0.8203125 0.0 0.91015625 0.55078125 0.6942471590909091 11
stats: {cpu,"os_mon@test2"} 1 20.732364028002152 0.0 40.98277608915907 6.192893401015229 23.782614437720916 11
stats: {freemem,"os_mon@test3"} 1 1021.09765625 0.0 1383.0234375 1021.09765625 1258.1189630681818 11
stats: {recvpackets,"os_mon@test4"} 1 12767.0 0.0 12767 4824 9357.0 10
stats: {sentpackets,"os_mon@test4"} 1 9460.0 0.0 9460 3392 6741.2 10
stats: {cpu,"os_mon@test4"} 1 20.817843866171003 0.0 33.59334373374935 2.674066599394551 20.16158562402383 11
stats: {load,"os_mon@myserver"} 1 1.1484375 0.0 3.75 1.1484375 2.2691761363636362 11
stats: {recvpackets,"os_mon@myserver"} 1 12504.0 0.0 12504 4844 9385.9 10
stats: {sentpackets,"os_mon@myserver"} 1 9103.0 0.0 9103 3414 6779.1 10
stats: {cpu,"os_mon@myserver"} 1 2.684903748733536 0.0 28.906048906048902 1.0657193605683837 10.844019874895212 11
stats: session 30 85657.01723632813 1685.7259761255673 90109.27197265625 20.888916015625 6111.062895809707 3720
stats: users_count 2669 31072
stats: finish_users_count 30 3750
stats: 200 1398 58423
stats: request 1508 27986.812952340122 10488.731558190515 82487.18090820313 1.304931640625 3188.731853595873 57341
stats: page 30 85655.1052734375 1685.7056431131389 90107.67504882813 19.473876953125 6109.110206981369 3720
stats: connect 2288 6194.219606732992 9387.804801226748 31107.383056640625 0.366943359375 609.1392644421635 61830
stats: size_rcv 179150 7662840
stats: newphase 4 63
stats: size_sent 303640 8510994
stats: connected 780 5269
stats: error_connect_etimedout 2939 5032
# stats: dump at 1339077621
stats: users 30668 30668
stats: {load,"os_mon@test2"} 1 0.5703125 0.0 1.44921875 0.5703125 1.0494791666666667 12
stats: {recvpackets,"os_mon@test3"} 1 13824.0 0.0 13824 4821 9670.454545454546 11
stats: {sentpackets,"os_mon@test3"} 1 10344.0 0.0 10344 3389 6990.636363636364 11
stats: {freemem,"os_mon@test2"} 1 1194.69140625 0.0 1532.09375 1194.69140625 1399.5986328125 12
stats: {cpu,"os_mon@test3"} 1 19.50959488272921 0.0 35.89349718381977 3.1472081218274113 19.880451282396624 12
stats: {load,"os_mon@test4"} 1 0.6484375 0.0 1.8515625 0.6484375 1.111328125 12
stats: {freemem,"os_mon@test4"} 1 1079.9296875 0.0 1535.23828125 1079.9296875 1381.6380208333333 12
stats: {freemem,"os_mon@myserver"} 1 1375.00390625 0.0 1375.77734375 1330.00390625 1350.201171875 12
stats: {recvpackets,"os_mon@test2"} 1 14543.0 0.0 14543 4814 9693.09090909091 11
stats: {sentpackets,"os_mon@test2"} 1 11008.0 0.0 11008 3389 7009.090909090909 11
stats: {load,"os_mon@test3"} 1 0.69921875 0.0 0.91015625 0.55078125 0.7047526041666666 12
stats: {cpu,"os_mon@test2"} 1 25.534132360604485 0.0 40.98277608915907 6.192893401015229 23.528426903577685 12
stats: {freemem,"os_mon@test3"} 1 980.29296875 0.0 1383.0234375 980.29296875 1238.3671875 12
stats: {recvpackets,"os_mon@test4"} 1 13836.0 0.0 13836 4824 9667.0 11
stats: {sentpackets,"os_mon@test4"} 1 10354.0 0.0 10354 3392 6988.363636363636 11
stats: {cpu,"os_mon@test4"} 1 21.76906779661017 0.0 33.59334373374935 2.674066599394551 20.216273810869428 12
stats: {load,"os_mon@myserver"} 1 0.98046875 0.0 3.75 0.98046875 2.17578125 12
stats: {recvpackets,"os_mon@myserver"} 1 14479.0 0.0 14479 4844 9669.363636363636 11
stats: {sentpackets,"os_mon@myserver"} 1 10980.0 0.0 10980 3414 6990.363636363636 11
stats: {cpu,"os_mon@myserver"} 1 1.4986029972059944 0.0 28.906048906048902 1.0657193605683837 10.164093531048405 12
stats: session 52 99009.40544715294 2699.2217537930583 105930.43603515625 20.888916015625 6747.430530533854 3750
stats: users_count 3398 34470
stats: finish_users_count 52 3802
stats: 200 6664 65087
stats: request 6676 10305.516671996133 10959.334225719305 88159.001953125 1.304931640625 3824.180311461025 58849
stats: connect 9192 4051.466043789354 7556.8906387095385 31107.383056640625 0.366943359375 808.4384288446935 64118
stats: page 52 99007.6019897461 2699.2771698872425 105928.54614257813 19.473876953125 6745.478167513018 3750
stats: size_rcv 851036 8513876
stats: newphase 3 66
stats: size_sent 1220368 9731362
stats: connected 2516 7785
stats: error_connect_etimedout 3174 8206
# stats: dump at 1339077631
stats: users 33845 33848
stats: {load,"os_mon@test2"} 1 0.640625 0.0 1.44921875 0.5703125 1.0126201923076923 13
stats: {recvpackets,"os_mon@test3"} 1 11904.0 0.0 13824 4821 10016.583333333334 12
stats: {sentpackets,"os_mon@test3"} 1 9226.0 0.0 10344 3389 7270.083333333333 12
stats: {freemem,"os_mon@test2"} 1 1152.76953125 0.0 1532.09375 1152.76953125 1383.8365384615386 13
stats: {cpu,"os_mon@test3"} 1 37.39837398373984 0.0 37.39837398373984 3.1472081218274113 19.851923867037595 13
stats: {load,"os_mon@test4"} 1 1.21875 0.0 1.8515625 0.6484375 1.0757211538461537 13
stats: {freemem,"os_mon@test4"} 1 1023.39453125 0.0 1535.23828125 1023.39453125 1358.4296875 13
stats: {freemem,"os_mon@myserver"} 1 1374.19921875 0.0 1375.77734375 1330.00390625 1352.1090745192307 13
stats: {recvpackets,"os_mon@test2"} 1 11761.0 0.0 14543 4814 10097.250000000002 12
stats: {sentpackets,"os_mon@test2"} 1 9232.0 0.0 11008 3389 7342.333333333333 12
stats: {load,"os_mon@test3"} 1 0.58984375 0.0 0.91015625 0.55078125 0.7043269230769231 13
stats: {cpu,"os_mon@test2"} 1 32.75132275132275 0.0 40.98277608915907 6.192893401015229 23.682711938733593 13
stats: {freemem,"os_mon@test3"} 1 900.453125 0.0 1383.0234375 900.453125 1218.5153245192307 13
stats: {recvpackets,"os_mon@test4"} 1 12127.0 0.0 13836 4824 10014.416666666666 12
stats: {sentpackets,"os_mon@test4"} 1 9462.0 0.0 10354 3392 7268.833333333333 12
stats: {cpu,"os_mon@test4"} 1 35.85005279831046 0.0 35.85005279831046 2.674066599394551 20.335719502080256 13
stats: {load,"os_mon@myserver"} 1 1.05859375 0.0 3.75 0.98046875 2.0838341346153846 13
stats: {recvpackets,"os_mon@myserver"} 1 11765.0 0.0 14479 4844 10070.166666666666 12
stats: {sentpackets,"os_mon@myserver"} 1 9233.0 0.0 10980 3414 7322.833333333333 12
stats: {cpu,"os_mon@myserver"} 1 14.997458057956278 0.0 28.906048906048902 1.0657193605683837 9.49751733613745 13
stats: session 9 110314.11412217881 4455.134685387976 116883.35205078125 20.888916015625 8009.298677736429 3802
stats: users_count 3186 37656
stats: finish_users_count 9 3811
stats: 200 519 65606
stats: request 1397 18906.89852907458 13810.253076755629 88159.001953125 1.304931640625 4484.529819937673 65525
stats: connect 913 5210.622090635273 8992.009614592887 31107.383056640625 0.366943359375 1215.066581028179 73310
stats: page 6 108422.12813313802 4016.5215593283865 115242.47607421875 19.473876953125 8007.348351299477 3802
stats: size_rcv 62746 8576622
stats: newphase 6 72
stats: size_sent 121203 9852565
stats: connected -484 7301
stats: error_connect_etimedout 2198 10404
# stats: dump at 1339077641
stats: users 37127 37127
stats: {load,"os_mon@test2"} 1 0.69921875 0.0 1.44921875 0.5703125 0.9860491071428571 14
stats: {recvpackets,"os_mon@test3"} 1 12962.0 0.0 13824 4821 10161.76923076923 13
stats: {sentpackets,"os_mon@test3"} 1 10282.0 0.0 10344 3389 7420.538461538462 13
stats: {freemem,"os_mon@test2"} 1 1112.46875 0.0 1532.09375 1112.46875 1367.331752232143 14
stats: {cpu,"os_mon@test3"} 1 35.609756097560975 0.0 37.39837398373984 3.1472081218274113 21.105241732516326 14
stats: {load,"os_mon@test4"} 1 1.109375 0.0 1.8515625 0.6484375 1.0859374999999998 14
stats: {freemem,"os_mon@test4"} 1 988.09375 0.0 1535.23828125 988.09375 1334.4986049107142 14
stats: {freemem,"os_mon@myserver"} 1 1374.1171875 0.0 1375.77734375 1330.00390625 1353.6869419642858 14
stats: {recvpackets,"os_mon@test2"} 1 13174.0 0.0 14543 4814 10225.230769230771 13
stats: {sentpackets,"os_mon@test2"} 1 10293.0 0.0 11008 3389 7487.692307692308 13
stats: {load,"os_mon@test3"} 1 0.578125 0.0 0.91015625 0.55078125 0.6961495535714286 14
stats: {cpu,"os_mon@test2"} 1 23.5038084874864 0.0 40.98277608915907 6.192893401015229 24.330469853918533 14
stats: {freemem,"os_mon@test3"} 1 817.66796875 0.0 1383.0234375 817.66796875 1195.796595982143 14
stats: {recvpackets,"os_mon@test4"} 1 12848.0 0.0 13836 4824 10176.923076923076 13
stats: {sentpackets,"os_mon@test4"} 1 10106.0 0.0 10354 3392 7437.538461538462 13
stats: {cpu,"os_mon@test4"} 1 19.335832886984466 0.0 35.85005279831046 2.674066599394551 21.443886166096696 14
stats: {load,"os_mon@myserver"} 1 0.98046875 0.0 3.75 0.98046875 2.0106026785714284 14
stats: {recvpackets,"os_mon@myserver"} 1 12635.0 0.0 14479 4844 10200.538461538461 13
stats: {sentpackets,"os_mon@myserver"} 1 9781.0 0.0 10980 3414 7469.7692307692305 13
stats: {cpu,"os_mon@myserver"} 1 5.214958025947596 0.0 28.906048906048902 1.0657193605683837 9.890370244838795 14
stats: session 88 116756.12092729048 5055.078316315905 127089.7080078125 20.888916015625 8250.900183640388 3811
stats: users_count 3370 41026
stats: finish_users_count 88 3899
stats: 200 8768 74374
stats: connect 12422 3562.741331573079 6693.799448735583 31148.4619140625 0.366943359375 1264.2149875904477 74223
stats: page 90 116550.73717447916 4918.260869884004 126931.0029296875 19.473876953125 8165.564916081787 3808
stats: request 10333 12822.127986983587 17559.42247021103 115764.19018554688 1.304931640625 4785.597467148818 66922
stats: size_rcv 1058758 9635380
stats: newphase 6 78
stats: size_sent 1648818 11501383
stats: connected 2089 9390
stats: error_connect_etimedout 2280 12684
# stats: dump at 1339077651
stats: users 39943 39943
stats: {load,"os_mon@test2"} 1 0.8203125 0.0 1.44921875 0.5703125 0.9669270833333333 15
stats: {recvpackets,"os_mon@test3"} 1 16985.0 0.0 16985 4821 10361.785714285714 14
stats: {sentpackets,"os_mon@test3"} 1 1.25e4 0.0 12500 3389 7624.928571428572 14
stats: {freemem,"os_mon@test2"} 1 1050.359375 0.0 1532.09375 1050.359375 1350.3408854166667 15
stats: {cpu,"os_mon@test3"} 1 47.83080260303688 0.0 47.83080260303688 3.1472081218274113 22.072209356852635 15
stats: {load,"os_mon@test4"} 1 1.30859375 0.0 1.8515625 0.6484375 1.0874999999999997 15
stats: {freemem,"os_mon@test4"} 1 923.1328125 0.0 1535.23828125 923.1328125 1311.4049479166667 15
stats: {freemem,"os_mon@myserver"} 1 1372.09375 0.0 1375.77734375 1330.00390625 1355.0489583333333 15
stats: {recvpackets,"os_mon@test2"} 1 16974.0 0.0 16974 4814 10435.857142857145 14
stats: {sentpackets,"os_mon@test2"} 1 12470.0 0.0 12470 3389 7688.071428571428 14
stats: {load,"os_mon@test3"} 1 0.7109375 0.0 0.91015625 0.55078125 0.68828125 15
stats: {cpu,"os_mon@test2"} 1 35.44776119402985 0.0 40.98277608915907 6.192893401015229 24.27535909615639 15
stats: {freemem,"os_mon@test3"} 1 722.25 0.0 1383.0234375 722.25 1170.5880208333333 15
stats: {recvpackets,"os_mon@test4"} 1 17061.0 0.0 17061 4824 10367.714285714286 14
stats: {sentpackets,"os_mon@test4"} 1 1.27e4 0.0 12700 3392 7628.142857142857 14
stats: {cpu,"os_mon@test4"} 1 37.312633832976445 0.0 37.312633832976445 2.674066599394551 21.303349280822548 15
stats: {load,"os_mon@myserver"} 1 0.98046875 0.0 3.75 0.98046875 1.941927083333333 15
stats: {recvpackets,"os_mon@myserver"} 1 17392.0 0.0 17392 4844 10374.42857142857 14
stats: {sentpackets,"os_mon@myserver"} 1 12907.0 0.0 12907 3414 7634.857142857143 14
stats: {cpu,"os_mon@myserver"} 1 16.99823721984387 0.0 28.906048906048902 1.0657193605683837 9.578676096912716 15
stats: session 69 113669.98574431046 30116.731207142817 135129.97485351563 20.888916015625 10699.851049360112 3899
stats: users_count 2885 43911
stats: finish_users_count 69 3968
stats: request 6342 26050.201364392542 31939.64611443888 119772.34497070313 1.304931640625 5860.498377917735 77255
stats: page 55 128692.12231889204 3738.9351763011305 135128.06518554688 19.473876953125 10668.044521842628 3898
stats: connect 6061 4390.2599331116635 7966.708298487869 31148.4619140625 0.366943359375 1593.7469195536569 86645
stats: error_unknown 14 14
stats: 200 3597 77971
stats: size_rcv 452880 10088260
stats: newphase 5 83
stats: size_sent 804511 12305894
stats: connected -281 9109
stats: error_connect_etimedout 2062 14746
# stats: dump at 1339077661
stats: users 43884 43884
stats: {load,"os_mon@test2"} 1 0.8515625 0.0 1.44921875 0.5703125 0.957763671875 16
stats: {recvpackets,"os_mon@test3"} 1 14843.0 0.0 16985 4821 10803.333333333334 15
stats: {sentpackets,"os_mon@test3"} 1 11428.0 0.0 12500 3389 7949.933333333333 15
stats: {freemem,"os_mon@test2"} 1 1014.4140625 0.0 1532.09375 1014.4140625 1331.592041015625 16
stats: {cpu,"os_mon@test3"} 1 32.408917890157696 0.0 47.83080260303688 3.1472081218274113 23.68212143473915 16
stats: {load,"os_mon@test4"} 1 1.3515625 0.0 1.8515625 0.6484375 1.1013183593749998 16
stats: {freemem,"os_mon@test4"} 1 868.03125 0.0 1535.23828125 868.03125 1287.137939453125 16
stats: {freemem,"os_mon@myserver"} 1 1371.421875 0.0 1375.77734375 1330.00390625 1356.1142578125 16
stats: {recvpackets,"os_mon@test2"} 1 14812.0 0.0 16974 4814 10871.733333333335 15
stats: {sentpackets,"os_mon@test2"} 1 11232.0 0.0 12470 3389 8006.866666666667 15
stats: {load,"os_mon@test3"} 1 0.6015625 0.0 0.91015625 0.55078125 0.689697265625 16
stats: {cpu,"os_mon@test2"} 1 24.77162815690489 0.0 40.98277608915907 6.192893401015229 24.973634227273482 16
stats: {freemem,"os_mon@test3"} 1 663.8125 0.0 1383.0234375 663.8125 1142.56689453125 16
stats: {recvpackets,"os_mon@test4"} 1 14922.0 0.0 17061 4824 10813.933333333332 15
stats: {sentpackets,"os_mon@test4"} 1 11319.0 0.0 12700 3392 7966.266666666666 15
stats: {cpu,"os_mon@test4"} 1 28.07486631016043 0.0 37.312633832976445 2.674066599394551 22.30392956533217 16
stats: {load,"os_mon@myserver"} 1 1.05078125 0.0 3.75 0.98046875 1.8818359374999998 16
stats: {recvpackets,"os_mon@myserver"} 1 14632.0 0.0 17392 4844 10842.266666666666 15
stats: {sentpackets,"os_mon@myserver"} 1 11096.0 0.0 12907 3414 7986.333333333333 15
stats: {cpu,"os_mon@myserver"} 1 7.521672616012238 0.0 28.906048906048902 1.0657193605683837 10.042398667095913 16
stats: session 47 134033.89646879153 12485.476289203267 146198.50122070313 20.888916015625 12490.410347230973 3968
stats: users_count 3988 47899
stats: finish_users_count 47 4015
stats: request 2725 38215.36225299243 40926.94000331118 127792.68408203125 1.304931640625 7392.169327117145 83597
stats: page 39 138430.80554512225 3514.6643250198945 146196.81396484375 19.473876953125 12310.170572649033 3953
stats: connect 1801 4386.790934425527 8301.829143327806 31148.4619140625 0.366943359375 1776.5793724172802 92706
stats: error_unknown 6 20
stats: 200 1025 78996
stats: size_rcv 123412 10211672
stats: newphase 5 88
stats: size_sent 239131 12545025
stats: connected -924 8185
stats: error_connect_etimedout 3288 18034
# stats: dump at 1339077671
stats: users 46483 46485
stats: {load,"os_mon@test2"} 1 0.87890625 0.0 1.44921875 0.5703125 0.9515165441176471 17
stats: {recvpackets,"os_mon@test3"} 1 16765.0 0.0 16985 4821 11055.8125 16
stats: {sentpackets,"os_mon@test3"} 1 12696.0 0.0 12696 3389 8167.3125 16
stats: {freemem,"os_mon@test2"} 1 973.66796875 0.0 1532.09375 973.66796875 1312.934512867647 17
stats: {cpu,"os_mon@test3"} 1 32.622950819672134 0.0 47.83080260303688 3.1472081218274113 24.195462402704948 17
stats: {load,"os_mon@test4"} 1 1.37890625 0.0 1.8515625 0.6484375 1.1160386029411762 17
stats: {freemem,"os_mon@test4"} 1 802.41796875 0.0 1535.23828125 802.41796875 1262.4846047794117 17
stats: {freemem,"os_mon@myserver"} 1 1370.73828125 0.0 1375.77734375 1330.00390625 1357.014705882353 17
stats: {recvpackets,"os_mon@test2"} 1 17057.0 0.0 17057 4814 11118.000000000002 16
stats: {sentpackets,"os_mon@test2"} 1 1.3e4 0.0 13000 3389 8208.4375 16
stats: {load,"os_mon@test3"} 1 0.51171875 0.0 0.91015625 0.51171875 0.6845128676470589 17
stats: {cpu,"os_mon@test2"} 1 23.646873357856016 0.0 40.98277608915907 6.192893401015229 24.961751517251802 17
stats: {freemem,"os_mon@test3"} 1 595.8671875 0.0 1383.0234375 595.8671875 1114.4048713235295 17
stats: {recvpackets,"os_mon@test4"} 1 16872.0 0.0 17061 4824 11070.6875 16
stats: {sentpackets,"os_mon@test4"} 1 12848.0 0.0 12848 3392 8175.8125 16
stats: {cpu,"os_mon@test4"} 1 32.90529695024077 0.0 37.312633832976445 2.674066599394551 22.643396432675008 17
stats: {load,"os_mon@myserver"} 1 0.9609375 0.0 3.75 0.9609375 1.8329503676470587 17
stats: {recvpackets,"os_mon@myserver"} 1 17023.0 0.0 17392 4844 11079.125 16
stats: {sentpackets,"os_mon@myserver"} 1 12969.0 0.0 12969 3414 8180.6875 16
stats: {cpu,"os_mon@myserver"} 1 7.7529232333502796 0.0 28.906048906048902 1.0657193605683837 9.894120664090991 17
stats: session 39 146769.48264723556 6469.7817268865265 156223.953125 20.888916015625 13913.21080743355 4015
stats: users_count 2638 50537
stats: finish_users_count 39 4054
stats: error_unknown 0 20
stats: request 5652 24591.188771025874 23399.348392986965 147876.82397460938 1.304931640625 8365.191276597117 86322
stats: page 41 145894.47173327935 7078.56334022072 156221.96411132813 19.473876953125 13542.311044574497 3992
stats: connect 5075 5835.076646590206 9772.75652595713 31148.4619140625 0.366943359375 1826.3216245592046 94507
stats: 200 2933 81929
stats: size_rcv 385330 10597002
stats: newphase 6 94
stats: size_sent 673817 13218842
stats: connected -577 7608
stats: error_connect_etimedout 2601 20635
# stats: dump at 1339077681
stats: users 50850 50850
stats: {load,"os_mon@test2"} 1 0.8203125 0.0 1.44921875 0.5703125 0.9474826388888888 18
stats: {recvpackets,"os_mon@test3"} 1 15092.0 0.0 16985 4821 11391.64705882353 17
stats: {sentpackets,"os_mon@test3"} 1 12252.0 0.0 12696 3389 8433.70588235294 17
stats: {freemem,"os_mon@test2"} 1 933.875 0.0 1532.09375 933.875 1294.0863715277778 18
stats: {cpu,"os_mon@test3"} 1 28.641304347826086 0.0 47.83080260303688 3.1472081218274113 24.66365620364757 18
stats: {load,"os_mon@test4"} 1 1.171875 0.0 1.8515625 0.6484375 1.130642361111111 18
stats: {freemem,"os_mon@test4"} 1 739.9453125 0.0 1535.23828125 739.9453125 1236.9253472222222 18
stats: {freemem,"os_mon@myserver"} 1 1370.48046875 0.0 1375.77734375 1330.00390625 1357.777126736111 18
stats: {recvpackets,"os_mon@test2"} 1 17410.0 0.0 17410 4814 11467.352941176472 17
stats: {sentpackets,"os_mon@test2"} 1 13747.0 0.0 13747 3389 8490.29411764706 17
stats: {load,"os_mon@test3"} 1 0.51171875 0.0 0.91015625 0.51171875 0.6749131944444444 18
stats: {cpu,"os_mon@test2"} 1 28.609769189479334 0.0 40.98277608915907 6.192893401015229 24.888702730618704 18
stats: {freemem,"os_mon@test3"} 1 530.50390625 0.0 1383.0234375 530.50390625 1085.5972222222222 18
stats: {recvpackets,"os_mon@test4"} 1 15418.0 0.0 17061 4824 11411.941176470587 17
stats: {sentpackets,"os_mon@test4"} 1 12423.0 0.0 12848 3392 8450.64705882353 17
stats: {cpu,"os_mon@test4"} 1 27.685729556386956 0.0 37.312633832976445 2.674066599394551 23.213502016984215 18
stats: {load,"os_mon@myserver"} 1 0.8203125 0.0 3.75 0.8203125 1.7845052083333333 18
stats: {recvpackets,"os_mon@myserver"} 1 16206.0 0.0 17392 4844 11428.764705882353 17
stats: {sentpackets,"os_mon@myserver"} 1 12950.0 0.0 12969 3414 8462.35294117647 17
stats: {cpu,"os_mon@myserver"} 1 3.132959755476312 0.0 28.906048906048902 1.0657193605683837 9.775165251272064 18
stats: session 5 156285.66479492188 2674.5384646064686 159827.40991210938 20.888916015625 15191.305183790797 4054
stats: users_count 4372 54909
stats: finish_users_count 5 4059
stats: request 1284 49983.84178660742 18903.775138687335 147876.82397460938 1.304931640625 9362.313700744282 91974
stats: page 6 155813.9991455078 2657.8941936810506 159825.89892578125 19.473876953125 14887.820240765148 4033
stats: connect 18 3063.160386827257 6998.354837408536 31148.4619140625 0.366943359375 2030.6199087552172 99582
stats: error_unknown 0 20
stats: 200 0 81929
stats: size_rcv 0 10597002
stats: newphase 5 99
stats: size_sent 2390 13221232
stats: connected -1266 6342
stats: error_connect_etimedout 3363 23998
# stats: dump at 1339077691
stats: users 54436 54436
stats: {load,"os_mon@test2"} 1 0.8515625 0.0 1.44921875 0.5703125 0.9407894736842105 19
stats: {recvpackets,"os_mon@test3"} 1 18135.0 0.0 18135 4821 11597.222222222223 18
stats: {sentpackets,"os_mon@test3"} 1 14091.0 0.0 14091 3389 8645.833333333334 18
stats: {freemem,"os_mon@test2"} 1 872.27734375 0.0 1532.09375 872.27734375 1275.1278782894738 19
stats: {cpu,"os_mon@test3"} 1 28.54006586169045 0.0 47.83080260303688 3.1472081218274113 24.873006105972753 19
stats: {load,"os_mon@test4"} 1 1.05859375 0.0 1.8515625 0.6484375 1.1328124999999998 19
stats: {freemem,"os_mon@test4"} 1 689.6484375 0.0 1535.23828125 689.6484375 1210.7685032894738 19
stats: {freemem,"os_mon@myserver"} 1 1370.08984375 0.0 1375.77734375 1330.00390625 1358.4457236842106 19
stats: {recvpackets,"os_mon@test2"} 1 16680.0 0.0 17410 4814 11797.500000000002 18
stats: {sentpackets,"os_mon@test2"} 1 13088.0 0.0 13747 3389 8782.333333333334 18
stats: {load,"os_mon@test3"} 1 0.51171875 0.0 0.91015625 0.51171875 0.6663240131578947 19
stats: {cpu,"os_mon@test2"} 1 28.830752802989856 0.0 40.98277608915907 6.192893401015229 25.084548333716633 19
stats: {freemem,"os_mon@test3"} 1 461.46484375 0.0 1383.0234375 461.46484375 1056.3817845394738 19
stats: {recvpackets,"os_mon@test4"} 1 17846.0 0.0 17846 4824 11634.5 18
stats: {sentpackets,"os_mon@test4"} 1 13873.0 0.0 13873 3392 8671.333333333334 18
stats: {cpu,"os_mon@test4"} 1 23.86302835741038 0.0 37.312633832976445 2.674066599394551 23.448882413794887 19
stats: {load,"os_mon@myserver"} 1 0.69140625 0.0 3.75 0.69140625 1.7337582236842106 19
stats: {recvpackets,"os_mon@myserver"} 1 17621.0 0.0 17621 4844 11694.166666666666 18
stats: {sentpackets,"os_mon@myserver"} 1 13708.0 0.0 13708 3414 8711.666666666666 18
stats: {cpu,"os_mon@myserver"} 1 4.689480354879595 0.0 28.906048906048902 1.0657193605683837 9.425575488335445 19
stats: session 78 164611.23350485772 16759.99386814672 177540.248046875 20.888916015625 15365.109519355137 4059
stats: users_count 3664 58573
stats: finish_users_count 78 4137
stats: error_unknown 0 20
stats: request 11019 16617.445246607116 20757.64247779917 147876.82397460938 1.304931640625 9921.601290680246 93258
stats: page 72 164030.58040025496 17117.46056827561 177538.08911132813 19.473876953125 15097.168364911833 4039
stats: connect 11841 4881.401070181717 8914.228024582033 31148.4619140625 0.366943359375 2030.8065124560737 99600
stats: 200 9012 90941
stats: size_rcv 1153570 11750572
stats: newphase 5 104
stats: size_sent 1571715 14792947
stats: connected 822 7164
stats: error_connect_etimedout 4352 28350
stats: error_abort 1 1
EndMonitor:{1339,77691,428091}
