# stats: dump at 1338914181
stats: users 0 0
# stats: dump at 1338914191
stats: users 2 9
stats: {load,"os_mon@test2"} 1 1.359375 0 1.359375 1.359375 0 0
stats: {freemem,"os_mon@test2"} 1 1491.80859375 0 1491.80859375 1491.80859375 0 0
stats: {load,"os_mon@test4"} 1 1.62109375 0 1.62109375 1.62109375 0 0
stats: {cpu,"os_mon@test3"} 1 3.1408308004052685 0 3.1408308004052685 3.1408308004052685 0 0
stats: {freemem,"os_mon@test4"} 1 1418.73046875 0 1418.73046875 1418.73046875 0 0
stats: {freemem,"os_mon@myserver"} 1 1053.01171875 0 1053.01171875 1053.01171875 0 0
stats: {load,"os_mon@test3"} 1 1.94140625 0 1.94140625 1.94140625 0 0
stats: {cpu,"os_mon@test2"} 1 1.965725806451613 0 1.965725806451613 1.965725806451613 0 0
stats: {freemem,"os_mon@test3"} 1 1468.74609375 0 1468.74609375 1468.74609375 0 0
stats: {cpu,"os_mon@test4"} 1 2.169525731584258 0 2.169525731584258 2.169525731584258 0 0
stats: {load,"os_mon@myserver"} 1 2.46875 0 2.46875 2.46875 0 0
stats: {cpu,"os_mon@myserver"} 1 2.206441795587116 0 2.206441795587116 2.206441795587116 0 0
stats: session 553 26.697677971010393 3.7797934799114774 41.740966796875 18.56884765625 0 0
stats: users_count 555 555
stats: finish_users_count 553 553
stats: request 5503 2.3209155091540987 0.5564296382549105 8.318115234375 1.307861328125 0 0
stats: page 550 24.635135387073866 3.6166734066588178 37.0419921875 17.072998046875 0 0
stats: connect 5503 1.0037313631485159 0.2958281624573657 5.3662109375 0.3798828125 0 0
stats: 200 5503 5503
stats: size_rcv 830840 830840
stats: size_sent 729637 729637
stats: connected 0 0
# stats: dump at 1338914201
stats: users 10 17
stats: {load,"os_mon@test2"} 1 1.1484375 0.0 1.359375 1.1484375 1.359375 1
stats: {recvpackets,"os_mon@test3"} 1 3442 0 3442 3442 0 0
stats: {sentpackets,"os_mon@test3"} 1 2344 0 2344 2344 0 0
stats: {freemem,"os_mon@test2"} 1 1503.93359375 0.0 1503.93359375 1491.80859375 1491.80859375 1
stats: {load,"os_mon@test4"} 1 1.37109375 0.0 1.62109375 1.37109375 1.62109375 1
stats: {cpu,"os_mon@test3"} 1 21.63951120162933 0.0 21.63951120162933 3.1408308004052685 3.1408308004052685 1
stats: {freemem,"os_mon@test4"} 1 1429.81640625 0.0 1429.81640625 1418.73046875 1418.73046875 1
stats: {freemem,"os_mon@myserver"} 1 1068.96484375 0.0 1068.96484375 1053.01171875 1053.01171875 1
stats: {recvpackets,"os_mon@test2"} 1 3468 0 3468 3468 0 0
stats: {sentpackets,"os_mon@test2"} 1 2362 0 2362 2362 0 0
stats: {load,"os_mon@test3"} 1 1.640625 0.0 1.94140625 1.640625 1.94140625 1
stats: {cpu,"os_mon@test2"} 1 11.848101265822784 0.0 11.848101265822784 1.965725806451613 1.965725806451613 1
stats: {recvpackets,"os_mon@test4"} 1 3419 0 3419 3419 0 0
stats: {sentpackets,"os_mon@test4"} 1 2332 0 2332 2332 0 0
stats: {freemem,"os_mon@test3"} 1 1484.2265625 0.0 1484.2265625 1468.74609375 1468.74609375 1
stats: {cpu,"os_mon@test4"} 1 11.240506329113924 0.0 11.240506329113924 2.169525731584258 2.169525731584258 1
stats: {load,"os_mon@myserver"} 1 2.08984375 0.0 2.46875 2.08984375 2.46875 1
stats: {recvpackets,"os_mon@myserver"} 1 3595 0 3595 3595 0 0
stats: {sentpackets,"os_mon@myserver"} 1 2450 0 2450 2450 0 0
stats: {cpu,"os_mon@myserver"} 1 20.51025512756378 0.0 20.51025512756378 2.206441795587116 2.206441795587116 1
stats: session 1442 34.07121355159939 103.03978112975403 3623.489013671875 18.389892578125 26.697677971010393 553
stats: users_count 1450 2005
stats: finish_users_count 1442 1995
stats: request 14397 3.039625174868243 32.508909424232314 3600.06689453125 1.218994140625 2.3209155091540987 5503
stats: page 1434 31.830433610094143 102.97608242581676 3621.324951171875 16.873046875 24.635135387073866 550
stats: connect 14404 1.040208421922727 0.4175306197032692 7.75 0.3798828125 1.0037313631485159 5503
stats: 200 14398 19901
stats: size_rcv 2128466 2959306
stats: newphase 6 6
stats: size_sent 1913124 2642761
stats: connected 7 7
# stats: dump at 1338914211
stats: users 181 181
stats: {load,"os_mon@test2"} 1 1.12109375 0.0 1.359375 1.12109375 1.25390625 2
stats: {recvpackets,"os_mon@test3"} 1 7166.0 0.0 7166 3442 3442.0 1
stats: {sentpackets,"os_mon@test3"} 1 4805.0 0.0 4805 2344 2344.0 1
stats: {freemem,"os_mon@test2"} 1 1508.90234375 0.0 1508.90234375 1491.80859375 1497.87109375 2
stats: {load,"os_mon@test4"} 1 1.23828125 0.0 1.62109375 1.23828125 1.49609375 2
stats: {cpu,"os_mon@test3"} 1 40.78611536498214 0.0 40.78611536498214 3.1408308004052685 12.390171001017299 2
stats: {freemem,"os_mon@test4"} 1 1434.11328125 0.0 1434.11328125 1418.73046875 1424.2734375 2
stats: {freemem,"os_mon@myserver"} 1 1073.83984375 0.0 1073.83984375 1053.01171875 1060.98828125 2
stats: {recvpackets,"os_mon@test2"} 1 7186.0 0.0 7186 3468 3468.0 1
stats: {sentpackets,"os_mon@test2"} 1 4818.0 0.0 4818 2362 2362.0 1
stats: {load,"os_mon@test3"} 1 1.46875 0.0 1.94140625 1.46875 1.791015625 2
stats: {cpu,"os_mon@test2"} 1 29.447852760736197 0.0 29.447852760736197 1.965725806451613 6.906913536137198 2
stats: {recvpackets,"os_mon@test4"} 1 7142.0 0.0 7142 3419 3419.0 1
stats: {sentpackets,"os_mon@test4"} 1 4789.0 0.0 4789 2332 2332.0 1
stats: {freemem,"os_mon@test3"} 1 1488.11328125 0.0 1488.11328125 1468.74609375 1476.486328125 2
stats: {cpu,"os_mon@test4"} 1 27.908163265306126 0.0 27.908163265306126 2.169525731584258 6.705016030349091 2
stats: {load,"os_mon@myserver"} 1 1.83984375 0.0 2.46875 1.83984375 2.279296875 2
stats: {recvpackets,"os_mon@myserver"} 1 7287.0 0.0 7287 3595 3595.0 1
stats: {sentpackets,"os_mon@myserver"} 1 4881.0 0.0 4881 2450 2450.0 1
stats: {cpu,"os_mon@myserver"} 1 40.24329692154915 0.0 40.24329692154915 2.206441795587116 11.35834846157545 2
stats: session 2278 145.72890616426147 258.6537137795689 3623.489013671875 18.389892578125 32.02732123276946 1995
stats: users_count 2449 4454
stats: finish_users_count 2278 4273
stats: request 23411 14.890862987834872 74.06257652702853 3600.06689453125 1.136962890625 2.8408784768569397 19900
stats: page 2269 138.81821304126268 249.96962832979946 3621.324951171875 16.656005859375 29.83576928415606 1984
stats: connect 23474 7.269307473494617 63.300660625532984 1593.43994140625 0.336181640625 1.0301248706877602 19907
stats: 200 23421 43322
stats: size_rcv 3324988 6284294
stats: newphase 6 12
stats: size_sent 3116910 5759671
stats: connected 63 70
# stats: dump at 1338914221
stats: users 952 956
stats: {load,"os_mon@test2"} 1 1.109375 0.0 1.359375 1.109375 1.2096354166666667 3
stats: {recvpackets,"os_mon@test3"} 1 11173.0 0.0 11173 3442 5304.0 2
stats: {sentpackets,"os_mon@test3"} 1 7351.0 0.0 7351 2344 3574.5 2
stats: {freemem,"os_mon@test2"} 1 1505.81640625 0.0 1508.90234375 1491.80859375 1501.5481770833333 3
stats: {load,"os_mon@test4"} 1 1.359375 0.0 1.62109375 1.23828125 1.41015625 3
stats: {cpu,"os_mon@test3"} 1 53.617907339927115 0.0 53.617907339927115 3.1408308004052685 21.85548578900558 3
stats: {freemem,"os_mon@test4"} 1 1433.19921875 0.0 1434.11328125 1418.73046875 1427.5533854166667 3
stats: {freemem,"os_mon@myserver"} 1 1077.84765625 0.0 1077.84765625 1053.01171875 1065.2721354166667 3
stats: {recvpackets,"os_mon@test2"} 1 11167.0 0.0 11167 3468 5327.0 2
stats: {sentpackets,"os_mon@test2"} 1 7346.0 0.0 7346 2362 3590.0 2
stats: {load,"os_mon@test3"} 1 1.3203125 0.0 1.94140625 1.3203125 1.68359375 3
stats: {cpu,"os_mon@test2"} 1 45.777548918640576 0.0 45.777548918640576 1.965725806451613 14.420559944336864 3
stats: {recvpackets,"os_mon@test4"} 1 11163.0 0.0 11163 3419 5280.5 2
stats: {sentpackets,"os_mon@test4"} 1 7341.0 0.0 7341 2332 3560.5 2
stats: {freemem,"os_mon@test3"} 1 1485.73046875 0.0 1488.11328125 1468.74609375 1480.3619791666667 3
stats: {cpu,"os_mon@test4"} 1 46.2293388429752 0.0 46.2293388429752 2.169525731584258 13.772731775334769 3
stats: {load,"os_mon@myserver"} 1 1.94140625 0.0 2.46875 1.83984375 2.1328125 3
stats: {recvpackets,"os_mon@myserver"} 1 11261.0 0.0 11261 3595 5441.0 2
stats: {sentpackets,"os_mon@myserver"} 1 7407.0 0.0 7407 2450 3665.5 2
stats: {cpu,"os_mon@myserver"} 1 59.693877551020414 0.0 59.693877551020414 2.206441795587116 20.986664614900018 3
stats: session 2620 1185.7998212741527 936.5768337847286 9192.18505859375 18.389892578125 92.64333117284406 4273
stats: users_count 3391 7845
stats: finish_users_count 2620 6893
stats: request 28754 136.8025057638039 279.30877090663347 9141.369873046875 1.136962890625 9.354285864968606 43311
stats: page 2579 1153.0626312054715 913.2082985324795 9189.9560546875 16.656005859375 87.97853083714804 4253
stats: connect 29134 76.27002701452 214.89380131165294 2476.955810546875 0.336181640625 4.4062243708903415 43381
stats: 200 28712 72034
stats: size_rcv 3803162 10087456
stats: newphase 6 18
stats: size_sent 3861898 9621569
stats: connected 380 450
# stats: dump at 1338914231
stats: users 3229 3230
stats: {load,"os_mon@test2"} 1 1.48046875 0.0 1.48046875 1.109375 1.1845703125 4
stats: {recvpackets,"os_mon@test3"} 1 13997.0 0.0 13997 3442 7260.333333333333 3
stats: {sentpackets,"os_mon@test3"} 1 9358.0 0.0 9358 2344 4833.333333333333 3
stats: {freemem,"os_mon@test2"} 1 1493.26171875 0.0 1508.90234375 1491.80859375 1502.615234375 4
stats: {load,"os_mon@test4"} 1 1.37890625 0.0 1.62109375 1.23828125 1.3974609375 4
stats: {cpu,"os_mon@test3"} 1 60.36363636363637 0.0 60.36363636363637 3.1408308004052685 29.796091176735963 4
stats: {freemem,"os_mon@test4"} 1 1419.58984375 0.0 1434.11328125 1418.73046875 1428.96484375 4
stats: {freemem,"os_mon@myserver"} 1 1076.44921875 0.0 1077.84765625 1053.01171875 1068.416015625 4
stats: {recvpackets,"os_mon@test2"} 1 14033.0 0.0 14033 3468 7273.666666666667 3
stats: {sentpackets,"os_mon@test2"} 1 9381.0 0.0 9381 2362 4842.0 3
stats: {load,"os_mon@test3"} 1 1.4296875 0.0 1.94140625 1.3203125 1.5927734375 4
stats: {cpu,"os_mon@test2"} 1 55.27821112844514 0.0 55.27821112844514 1.965725806451613 22.25980718791279 4
stats: {recvpackets,"os_mon@test4"} 1 13988.0 0.0 13988 3419 7241.333333333333 3
stats: {sentpackets,"os_mon@test4"} 1 9357.0 0.0 9357 2332 4820.666666666667 3
stats: {freemem,"os_mon@test3"} 1 1472.984375 0.0 1488.11328125 1468.74609375 1481.7041015625 4
stats: {cpu,"os_mon@test4"} 1 53.77066115702479 0.0 53.77066115702479 2.169525731584258 21.886883542244878 4
stats: {load,"os_mon@myserver"} 1 2.03125 0.0 2.46875 1.83984375 2.0849609375 4
stats: {recvpackets,"os_mon@myserver"} 1 14799.0 0.0 14799 3595 7381.0 3
stats: {sentpackets,"os_mon@myserver"} 1 9910.0 0.0 9910 2450 4912.666666666667 3
stats: {cpu,"os_mon@myserver"} 1 73.08682424526094 0.0 73.08682424526094 2.206441795587116 30.663467848930118 4
stats: session 2134 4353.519658926164 1544.0158085826695 12291.77099609375 18.389892578125 508.14746639196903 6893
stats: users_count 4411 12256
stats: finish_users_count 2134 9027
stats: request 29183 537.925452923816 550.7813502536544 9698.111083984375 1.136962890625 60.20624055824703 72065
stats: page 2118 4209.909897124353 1505.6336317052185 12289.9169921875 16.656005859375 490.03530701541297 6832
stats: connect 30659 250.73609437621803 301.2876655064211 3670.0341796875 0.336181640625 33.27859596600178 72515
stats: 200 28608 100642
stats: size_rcv 3824748 13912204
stats: newphase 6 24
stats: size_sent 4069537 13691106
stats: connected 1476 1926
# stats: dump at 1338914241
stats: users 4580 4694
stats: {load,"os_mon@test2"} 1 1.48046875 0.0 1.48046875 1.109375 1.24375 5
stats: {recvpackets,"os_mon@test3"} 1 16467.0 0.0 16467 3442 8944.5 4
stats: {sentpackets,"os_mon@test3"} 1 11070.0 0.0 11070 2344 5964.5 4
stats: {freemem,"os_mon@test2"} 1 1456.91015625 0.0 1508.90234375 1456.91015625 1500.74453125 5
stats: {load,"os_mon@test4"} 1 1.328125 0.0 1.62109375 1.23828125 1.39375 5
stats: {cpu,"os_mon@test3"} 1 63.169051404345524 0.0 63.169051404345524 3.1408308004052685 35.90960021411605 5
stats: {freemem,"os_mon@test4"} 1 1381.26171875 0.0 1434.11328125 1381.26171875 1427.08984375 5
stats: {freemem,"os_mon@myserver"} 1 1060.40234375 0.0 1077.84765625 1053.01171875 1070.02265625 5
stats: {recvpackets,"os_mon@test2"} 1 16453.0 0.0 16453 3468 8963.5 4
stats: {sentpackets,"os_mon@test2"} 1 11064.0 0.0 11064 2362 5976.75 4
stats: {load,"os_mon@test3"} 1 1.51171875 0.0 1.94140625 1.3203125 1.56015625 5
stats: {cpu,"os_mon@test2"} 1 60.62789500772002 0.0 60.62789500772002 1.965725806451613 28.863487976019265 5
stats: {recvpackets,"os_mon@test4"} 1 16479.0 0.0 16479 3419 8928.0 4
stats: {sentpackets,"os_mon@test4"} 1 11079.0 0.0 11079 2332 5954.75 4
stats: {freemem,"os_mon@test3"} 1 1426.625 0.0 1488.11328125 1426.625 1479.96015625 5
stats: {cpu,"os_mon@test4"} 1 56.47425897035882 0.0 56.47425897035882 2.169525731584258 28.263639065200856 5
stats: {load,"os_mon@myserver"} 1 2.26171875 0.0 2.46875 1.83984375 2.07421875 5
stats: {recvpackets,"os_mon@myserver"} 1 19470.0 0.0 19470 3595 9235.5 4
stats: {sentpackets,"os_mon@myserver"} 1 13114.0 0.0 13114 2450 6162.0 4
stats: {cpu,"os_mon@myserver"} 1 75.30346501875965 0.0 75.30346501875965 2.206441795587116 39.148139128196284 5
stats: session 2326 8678.855003455343 2625.7108810794166 17344.586181640625 18.389892578125 1417.2007796597181 9027
stats: users_count 3677 15933
stats: finish_users_count 2326 11353
stats: request 30158 1075.1142293491348 1308.6485591921457 12145.994140625 1.136962890625 197.90061254055186 101248
stats: page 2271 8498.381228864786 2554.780397186704 17325.73095703125 16.656005859375 1370.3363552668916 8950
stats: connect 31640 365.4033455136168 516.664118473856 7222.902099609375 0.336181640625 97.89787450283102 103174
stats: 200 27688 128330
stats: size_rcv 3677480 17589684
stats: newphase 6 30
stats: size_sent 4201624 17892730
stats: connected 1482 3408
# stats: dump at 1338914251
stats: users 4211 4694
stats: {load,"os_mon@test2"} 1 1.328125 0.0 1.48046875 1.109375 1.283203125 6
stats: {recvpackets,"os_mon@test3"} 1 13884.0 0.0 16467 3442 10449.0 5
stats: {sentpackets,"os_mon@test3"} 1 9740.0 0.0 11070 2344 6985.6 5
stats: {freemem,"os_mon@test2"} 1 1428.53515625 0.0 1508.90234375 1428.53515625 1493.4388020833333 6
stats: {load,"os_mon@test4"} 1 1.12109375 0.0 1.62109375 1.12109375 1.3828125 6
stats: {cpu,"os_mon@test3"} 1 63.03093864708968 0.0 63.169051404345524 3.1408308004052685 40.452842079154294 6
stats: {freemem,"os_mon@test4"} 1 1337.50390625 0.0 1434.11328125 1337.50390625 1419.4518229166667 6
stats: {freemem,"os_mon@myserver"} 1 1058.79296875 0.0 1077.84765625 1053.01171875 1068.4192708333333 6
stats: {recvpackets,"os_mon@test2"} 1 13885.0 0.0 16453 3468 10461.4 5
stats: {sentpackets,"os_mon@test2"} 1 9740.0 0.0 11064 2362 6994.2 5
stats: {load,"os_mon@test3"} 1 1.44140625 0.0 1.94140625 1.3203125 1.5520833333333333 6
stats: {cpu,"os_mon@test2"} 1 58.071170706549765 0.0 60.62789500772002 1.965725806451613 34.157555814636055 6
stats: {recvpackets,"os_mon@test4"} 1 13873.0 0.0 16479 3419 10438.2 5
stats: {sentpackets,"os_mon@test4"} 1 9721.0 0.0 11079 2332 6979.6 5
stats: {freemem,"os_mon@test3"} 1 1379.078125 0.0 1488.11328125 1379.078125 1471.0709635416667 6
stats: {cpu,"os_mon@test4"} 1 58.56553147574819 0.0 58.56553147574819 2.169525731584258 32.96540904939385 6
stats: {load,"os_mon@myserver"} 1 2.421875 0.0 2.46875 1.83984375 2.10546875 6
stats: {recvpackets,"os_mon@myserver"} 1 15073.0 0.0 19470 3595 11282.4 5
stats: {sentpackets,"os_mon@myserver"} 1 10829.0 0.0 13114 2450 7552.4 5
stats: {cpu,"os_mon@myserver"} 1 63.36777234003988 0.0 75.30346501875965 2.206441795587116 45.17402677662351 6
stats: session 2572 12216.19247004624 4505.923971782076 26329.16796875 18.389892578125 2904.9668084229197 11353
stats: users_count 2203 18136
stats: finish_users_count 2572 13925
stats: request 25373 1535.648029216593 2284.163401820782 24638.64501953125 1.136962890625 399.2232938162413 131406
stats: page 2581 12039.273545807266 4381.167131866623 26326.843994140625 16.656005859375 2812.969802191481 11221
stats: connect 24236 327.26622536875374 485.67897631626795 15221.71484375 0.336181640625 160.67973026544664 134814
stats: 200 22886 151216
stats: size_rcv 2916566 20506250
stats: newphase 6 36
stats: size_sent 3217372 21110102
stats: connected -1137 2271
# stats: dump at 1338914261
stats: users 4544 4694
stats: {load,"os_mon@test2"} 1 1.19921875 0.0 1.48046875 1.109375 1.2896205357142858 7
stats: {recvpackets,"os_mon@test3"} 1 11603.0 0.0 16467 3442 11021.5 6
stats: {sentpackets,"os_mon@test3"} 1 8523.0 0.0 11070 2344 7444.666666666667 6
stats: {freemem,"os_mon@test2"} 1 1401.78125 0.0 1508.90234375 1401.78125 1484.1668526785713 7
stats: {load,"os_mon@test4"} 1 1.109375 0.0 1.62109375 1.109375 1.3454241071428572 7
stats: {cpu,"os_mon@test3"} 1 47.31578947368421 0.0 63.169051404345524 3.1408308004052685 43.6782844460022 7
stats: {freemem,"os_mon@test4"} 1 1304.9140625 0.0 1434.11328125 1304.9140625 1407.7449776785713 7
stats: {freemem,"os_mon@myserver"} 0 0 0 1077.84765625 1053.01171875 1067.0440848214287 7
stats: {recvpackets,"os_mon@test2"} 1 11618.0 0.0 16453 3468 11032.0 6
stats: {sentpackets,"os_mon@test2"} 1 8535.0 0.0 11064 2362 7451.833333333333 6
stats: {load,"os_mon@test3"} 1 1.21875 0.0 1.94140625 1.21875 1.5362723214285714 7
stats: {cpu,"os_mon@test2"} 1 51.16519937856033 0.0 60.62789500772002 1.965725806451613 37.57378651348087 7
stats: {recvpackets,"os_mon@test4"} 1 11577.0 0.0 16479 3419 11010.666666666666 6
stats: {sentpackets,"os_mon@test4"} 1 8503.0 0.0 11079 2332 7436.5 6
stats: {freemem,"os_mon@test3"} 1 1369.3984375 0.0 1488.11328125 1369.3984375 1457.9291294642858 7
stats: {cpu,"os_mon@test4"} 1 52.895950794464376 0.0 58.56553147574819 2.169525731584258 36.62256939601589 7
stats: {load,"os_mon@myserver"} 0 0 0 2.46875 1.83984375 2.150669642857143 7
stats: {recvpackets,"os_mon@myserver"} 0 0 0 19470 3595 11914.166666666666 6
stats: {sentpackets,"os_mon@myserver"} 0 0 0 13114 2450 8098.5 6
stats: {cpu,"os_mon@myserver"} 0 0 0 75.30346501875965 2.206441795587116 47.773133285682995 7
stats: session 3056 14769.636556974885 6586.681511916635 36671.0009765625 18.389892578125 4624.785293284333 13925
stats: users_count 3389 21525
stats: finish_users_count 3056 16981
stats: request 31521 1435.8151565251194 2443.7428484188304 26936.576904296875 1.136962890625 583.1414512946864 156779
stats: page 3084 14725.464325544905 6533.320121561784 36669.2568359375 16.656005859375 4538.30598261985 13802
stats: connect 32092 269.92587360532616 377.89892777707985 15221.71484375 0.336181640625 186.06413954129545 159050
stats: 200 29856 181072
stats: size_rcv 3844870 24351120
stats: newphase 6 42
stats: size_sent 4259236 25369338
stats: connected 571 2842
# stats: dump at 1338914271
stats: users 4341 5307
stats: {load,"os_mon@test2"} 1 1.171875 0.0 1.48046875 1.109375 1.2783203125 8
stats: {recvpackets,"os_mon@test3"} 1 16076.0 0.0 16467 3442 11104.57142857143 7
stats: {sentpackets,"os_mon@test3"} 1 11692.0 0.0 11692 2344 7598.714285714285 7
stats: {freemem,"os_mon@test2"} 1 1389.8046875 0.0 1508.90234375 1389.8046875 1473.86865234375 8
stats: {load,"os_mon@test4"} 1 1.01953125 0.0 1.62109375 1.01953125 1.31591796875 8
stats: {cpu,"os_mon@test3"} 1 74.63768115942028 0.0 74.63768115942028 3.1408308004052685 44.13297257446246 8
stats: {freemem,"os_mon@test4"} 1 1263.703125 0.0 1434.11328125 1263.703125 1394.89111328125 8
stats: {freemem,"os_mon@myserver"} 1 1053.359375 0.0 1077.84765625 1053.01171875 1067.0440848214287 7
stats: {recvpackets,"os_mon@test2"} 1 16118.0 0.0 16453 3468 11115.714285714286 7
stats: {sentpackets,"os_mon@test2"} 1 11722.0 0.0 11722 2362 7606.571428571428 7
stats: {load,"os_mon@test3"} 1 1.3515625 0.0 1.94140625 1.21875 1.49658203125 8
stats: {cpu,"os_mon@test2"} 1 52.46913580246913 0.0 60.62789500772002 1.965725806451613 39.2727131216158 8
stats: {recvpackets,"os_mon@test4"} 1 16080.0 0.0 16479 3419 11091.57142857143 7
stats: {sentpackets,"os_mon@test4"} 1 11699.0 0.0 11699 2332 7588.857142857143 7
stats: {freemem,"os_mon@test3"} 1 1290.08984375 0.0 1488.11328125 1290.08984375 1446.86279296875 8
stats: {cpu,"os_mon@test4"} 1 64.63603510583377 0.0 64.63603510583377 2.169525731584258 38.656742070821956 8
stats: {load,"os_mon@myserver"} 1 2.46875 0.0 2.46875 1.83984375 2.150669642857143 7
stats: {recvpackets,"os_mon@myserver"} 1 18102.0 0.0 19470 3595 11914.166666666666 6
stats: {sentpackets,"os_mon@myserver"} 1 13335.0 0.0 13335 2450 8098.5 6
stats: {cpu,"os_mon@myserver"} 1 74.4039408866995 0.0 75.30346501875965 2.206441795587116 47.773133285682995 7
stats: session 3016 14440.812305642694 7645.273511579417 45106.10009765625 18.389892578125 6450.5120150226485 16981
stats: users_count 2813 24338
stats: finish_users_count 3016 19997
stats: request 30568 1468.7895586482448 2511.803044074421 34908.791015625 1.136962890625 725.8771276758255 188300
stats: page 3032 14391.355452887296 7589.508552327112 45103.98193359375 16.656005859375 6398.852964118183 16886
stats: connect 30333 313.12922588724854 501.6217449855029 15221.71484375 0.336181640625 200.14419923295335 191142
stats: 200 28128 209200
stats: size_rcv 3725034 28076154
stats: newphase 5 47
stats: size_sent 4023628 29392966
stats: connected -236 2606
# stats: dump at 1338914281
stats: users 4719 5322
stats: {load,"os_mon@test2"} 1 0.98828125 0.0 1.48046875 0.98828125 1.2664930555555556 9
stats: {recvpackets,"os_mon@test3"} 1 14245.0 0.0 16467 3442 11726.0 8
stats: {sentpackets,"os_mon@test3"} 1 10623.0 0.0 11692 2344 8110.375 8
stats: {freemem,"os_mon@test2"} 1 1385.5546875 0.0 1508.90234375 1385.5546875 1464.5282118055557 9
stats: {load,"os_mon@test4"} 1 1.3984375 0.0 1.62109375 1.01953125 1.2829861111111112 9
stats: {cpu,"os_mon@test3"} 1 74.07024793388429 0.0 74.63768115942028 3.1408308004052685 47.52238463945777 9
stats: {freemem,"os_mon@test4"} 1 1201.93359375 0.0 1434.11328125 1201.93359375 1380.314670138889 9
stats: {freemem,"os_mon@myserver"} 1 1049.6015625 0.0 1077.84765625 1049.6015625 1065.33349609375 8
stats: {recvpackets,"os_mon@test2"} 1 14180.0 0.0 16453 3468 11741.0 8
stats: {sentpackets,"os_mon@test2"} 1 10578.0 0.0 11722 2362 8121.0 8
stats: {load,"os_mon@test3"} 1 1.30078125 0.0 1.94140625 1.21875 1.48046875 9
stats: {cpu,"os_mon@test2"} 1 47.9347271800102 0.0 60.62789500772002 1.965725806451613 40.73898230837728 9
stats: {recvpackets,"os_mon@test4"} 1 14258.0 0.0 16479 3419 11715.125 8
stats: {sentpackets,"os_mon@test4"} 1 10633.0 0.0 11699 2332 8102.625 8
stats: {freemem,"os_mon@test3"} 1 1240.078125 0.0 1488.11328125 1240.078125 1429.443576388889 9
stats: {cpu,"os_mon@test4"} 1 69.48979591836735 0.0 69.48979591836735 2.169525731584258 41.543330185823265 9
stats: {load,"os_mon@myserver"} 1 2.390625 0.0 2.46875 1.83984375 2.1904296875 8
stats: {recvpackets,"os_mon@myserver"} 1 19921.0 0.0 19921 3595 12798.142857142857 7
stats: {sentpackets,"os_mon@myserver"} 1 14602.0 0.0 14602 2450 8846.57142857143 7
stats: {cpu,"os_mon@myserver"} 1 74.49365679946584 0.0 75.30346501875965 2.206441795587116 51.10198423581006 8
stats: session 2942 14959.890316546323 8016.274124847808 52299.2841796875 18.389892578125 7655.630066555882 19997
stats: users_count 3320 27658
stats: finish_users_count 2942 22939
stats: request 31149 1547.320272401652 2714.5737887223913 43299.49609375 1.136962890625 829.6353161271519 218868
stats: page 2944 14988.4231656116 7976.437832820188 52014.85107421875 16.656005859375 7615.504613176719 19918
stats: connect 31754 349.61501938916774 533.1082203788446 15221.71484375 0.336181640625 215.6185182915592 221475
stats: 200 28584 237784
stats: size_rcv 3756426 31832580
stats: newphase 5 52
stats: size_sent 4213843 33606809
stats: connected 604 3210
# stats: dump at 1338914291
stats: users 4341 5878
stats: {load,"os_mon@test2"} 1 1.0703125 0.0 1.48046875 0.98828125 1.238671875 10
stats: {recvpackets,"os_mon@test3"} 1 15557.0 0.0 16467 3442 12005.888888888889 9
stats: {sentpackets,"os_mon@test3"} 1 11558.0 0.0 11692 2344 8389.555555555555 9
stats: {freemem,"os_mon@test2"} 1 1344.9609375 0.0 1508.90234375 1344.9609375 1456.630859375 10
stats: {load,"os_mon@test4"} 1 1.421875 0.0 1.62109375 1.01953125 1.29453125 10
stats: {cpu,"os_mon@test3"} 1 77.84120394395433 0.0 77.84120394395433 3.1408308004052685 50.17717096890042 10
stats: {freemem,"os_mon@test4"} 1 1179.2890625 0.0 1434.11328125 1179.2890625 1362.4765625 10
stats: {freemem,"os_mon@myserver"} 1 1044.125 0.0 1077.84765625 1044.125 1063.5855034722222 9
stats: {recvpackets,"os_mon@test2"} 1 15559.0 0.0 16453 3468 12012.0 9
stats: {sentpackets,"os_mon@test2"} 1 11558.0 0.0 11722 2362 8394.0 9
stats: {load,"os_mon@test3"} 1 1.3203125 0.0 1.94140625 1.21875 1.4625 10
stats: {cpu,"os_mon@test2"} 1 63.08724832214765 0.0 63.08724832214765 1.965725806451613 41.458556795540574 10
stats: {recvpackets,"os_mon@test4"} 1 15593.0 0.0 16479 3419 11997.666666666666 9
stats: {sentpackets,"os_mon@test4"} 1 11582.0 0.0 11699 2332 8383.777777777777 9
stats: {freemem,"os_mon@test3"} 1 1185.6171875 0.0 1488.11328125 1185.6171875 1410.50703125 10
stats: {cpu,"os_mon@test4"} 1 56.673618352450475 0.0 69.48979591836735 2.169525731584258 44.33797675907768 10
stats: {load,"os_mon@myserver"} 1 2.41015625 0.0 2.46875 1.83984375 2.212673611111111 9
stats: {recvpackets,"os_mon@myserver"} 1 17751.0 0.0 19921 3595 13688.5 8
stats: {sentpackets,"os_mon@myserver"} 1 13231.0 0.0 14602 2450 9566.0 8
stats: {cpu,"os_mon@myserver"} 1 74.01408450704226 0.0 75.30346501875965 2.206441795587116 53.70105896510515 9
stats: session 3190 15589.010677823153 8491.997602255275 63635.035888671875 18.389892578125 8592.424767958379 22939
stats: users_count 2812 30470
stats: finish_users_count 3190 26129
stats: request 31200 1580.8724358348356 2789.1788399899956 52935.462890625 1.136962890625 919.0499107466954 250017
stats: page 3130 15631.73770342452 8563.488274724386 63633.55419921875 16.656005859375 8564.934768822257 22862
stats: connect 30959 333.2353998165277 537.7730155310618 15221.71484375 0.336181640625 232.42119450894924 253229
stats: 200 28157 265941
stats: size_rcv 3761630 35594210
stats: newphase 3 55
stats: size_sent 4107885 37714694
stats: connected -241 2969
# stats: dump at 1338914301
stats: users 4133 5878
stats: {load,"os_mon@test2"} 1 0.98828125 0.0 1.48046875 0.98828125 1.2233664772727273 11
stats: {recvpackets,"os_mon@test3"} 1 12544.0 0.0 16467 3442 12361.0 10
stats: {sentpackets,"os_mon@test3"} 1 9788.0 0.0 11692 2344 8706.4 10
stats: {freemem,"os_mon@test2"} 1 1309.140625 0.0 1508.90234375 1309.140625 1446.4790482954545 11
stats: {load,"os_mon@test4"} 1 1.51171875 0.0 1.62109375 1.01953125 1.3061079545454546 11
stats: {cpu,"os_mon@test3"} 1 71.34083930399181 0.0 77.84120394395433 3.1408308004052685 52.69208305754168 11
stats: {freemem,"os_mon@test4"} 1 1158.70703125 0.0 1434.11328125 1158.70703125 1345.823153409091 11
stats: {freemem,"os_mon@myserver"} 1 1042.09765625 0.0 1077.84765625 1042.09765625 1061.639453125 10
stats: {recvpackets,"os_mon@test2"} 1 12518.0 0.0 16453 3468 12366.7 10
stats: {sentpackets,"os_mon@test2"} 1 9778.0 0.0 11722 2362 8710.4 10
stats: {load,"os_mon@test3"} 1 1.3515625 0.0 1.94140625 1.21875 1.4495738636363635 11
stats: {cpu,"os_mon@test2"} 1 67.65913757700204 0.0 67.65913757700204 1.965725806451613 43.424801479777585 11
stats: {recvpackets,"os_mon@test4"} 1 12582.0 0.0 16479 3419 12357.2 10
stats: {sentpackets,"os_mon@test4"} 1 9815.0 0.0 11699 2332 8703.6 10
stats: {freemem,"os_mon@test3"} 1 1133.47265625 0.0 1488.11328125 1133.47265625 1390.0625 11
stats: {cpu,"os_mon@test4"} 1 56.06995884773662 0.0 69.48979591836735 2.169525731584258 45.459398722111565 11
stats: {load,"os_mon@myserver"} 1 2.69140625 0.0 2.69140625 1.83984375 2.232421875 10
stats: {recvpackets,"os_mon@myserver"} 1 16091.0 0.0 19921 3595 14139.888888888889 9
stats: {sentpackets,"os_mon@myserver"} 1 12430.0 0.0 14602 2450 9973.222222222223 9
stats: {cpu,"os_mon@myserver"} 1 73.75339036094304 0.0 75.30346501875965 2.206441795587116 55.73236151929886 10
stats: session 3157 15775.609221880444 9500.463183753767 72570.26098632813 18.389892578125 9446.6139467432 26129
stats: users_count 2949 33419
stats: finish_users_count 3157 29286
stats: request 31131 1478.597408290141 2944.597595417076 55973.0009765625 1.136962890625 992.4767049403251 281217
stats: page 3221 15842.019511088123 9417.250175223722 72568.16821289063 16.656005859375 9415.930967087304 25992
stats: connect 30239 262.35438416138663 401.5696986298083 15221.71484375 0.336181640625 243.40373769204396 284188
stats: 200 28874 294815
stats: size_rcv 3888248 39482458
stats: newphase 5 60
stats: size_sent 4011925 41726619
stats: connected -892 2077
# stats: dump at 1338914311
stats: users 5360 5878
stats: {load,"os_mon@test2"} 1 1.23046875 0.0 1.48046875 0.98828125 1.2037760416666667 12
stats: {recvpackets,"os_mon@test3"} 1 15365.0 0.0 16467 3442 12377.636363636364 11
stats: {sentpackets,"os_mon@test3"} 1 11790.0 0.0 11790 2344 8804.727272727272 11
stats: {freemem,"os_mon@test2"} 1 1271.89453125 0.0 1508.90234375 1271.89453125 1435.0341796875 12
stats: {load,"os_mon@test4"} 1 1.83984375 0.0 1.83984375 1.01953125 1.3232421875 12
stats: {cpu,"os_mon@test3"} 1 48.896870189840946 0.0 77.84120394395433 3.1408308004052685 54.24614607807919 12
stats: {freemem,"os_mon@test4"} 1 1100.93359375 0.0 1434.11328125 1100.93359375 1330.2301432291667 12
stats: {freemem,"os_mon@myserver"} 1 1041.359375 0.0 1077.84765625 1041.359375 1059.8629261363637 11
stats: {recvpackets,"os_mon@test2"} 1 15431.0 0.0 16453 3468 12380.454545454546 11
stats: {sentpackets,"os_mon@test2"} 1 11830.0 0.0 11830 2362 8807.454545454546 11
stats: {load,"os_mon@test3"} 1 1.30078125 0.0 1.94140625 1.21875 1.44140625 12
stats: {cpu,"os_mon@test2"} 1 69.17562724014337 0.0 69.17562724014337 1.965725806451613 45.44432948787963 12
stats: {recvpackets,"os_mon@test4"} 1 15307.0 0.0 16479 3419 12377.636363636364 11
stats: {sentpackets,"os_mon@test4"} 1 11748.0 0.0 11748 2332 8804.636363636364 11
stats: {freemem,"os_mon@test3"} 1 1117.4296875 0.0 1488.11328125 1117.4296875 1368.6800130208333 12
stats: {cpu,"os_mon@test4"} 1 78.46938775510203 0.0 78.46938775510203 2.169525731584258 46.34361206591365 12
stats: {load,"os_mon@myserver"} 1 2.73046875 0.0 2.73046875 1.83984375 2.274147727272727 11
stats: {recvpackets,"os_mon@myserver"} 1 18093.0 0.0 19921 3595 14335.0 10
stats: {sentpackets,"os_mon@myserver"} 1 13757.0 0.0 14602 2450 10218.9 10
stats: {cpu,"os_mon@myserver"} 1 71.04212860310422 0.0 75.30346501875965 2.206441795587116 57.37063686853924 11
stats: session 2699 15504.759567797824 10044.71272507201 77193.80908203125 18.389892578125 10128.872981217295 29286
stats: users_count 3926 37345
stats: finish_users_count 2699 31985
stats: request 29434 1541.7702361092192 3048.1430062225186 68019.56103515625 1.136962890625 1040.9272268453258 312348
stats: page 2713 15388.042661167014 10024.598240320247 77191.50219726563 16.656005859375 10124.465907019068 29213
stats: connect 30626 291.7774143153001 430.0004148712456 15221.71484375 0.336181640625 245.22625483779308 314427
stats: 200 27330 322145
stats: size_rcv 3671828 43154286
stats: newphase 6 66
stats: size_sent 4064014 45790633
stats: connected 1192 3269
# stats: dump at 1338914321
stats: users 5272 6044
stats: {load,"os_mon@test2"} 1 1.19140625 0.0 1.48046875 0.98828125 1.2058293269230769 13
stats: {recvpackets,"os_mon@test3"} 1 17509.0 0.0 17509 3442 12626.583333333334 12
stats: {sentpackets,"os_mon@test3"} 1 13017.0 0.0 13017 2344 9053.5 12
stats: {freemem,"os_mon@test2"} 1 1246.09375 0.0 1508.90234375 1246.09375 1422.4849759615386 13
stats: {load,"os_mon@test4"} 1 2.01171875 0.0 2.01171875 1.01953125 1.3629807692307692 13
stats: {cpu,"os_mon@test3"} 1 63.754550182007286 0.0 77.84120394395433 3.1408308004052685 53.834663317445475 13
stats: {freemem,"os_mon@test4"} 1 1023.37890625 0.0 1434.11328125 1023.37890625 1312.5919471153845 13
stats: {freemem,"os_mon@myserver"} 1 1039.2421875 0.0 1077.84765625 1039.2421875 1058.3209635416667 12
stats: {recvpackets,"os_mon@test2"} 1 17481.0 0.0 17481 3468 12634.666666666666 12
stats: {sentpackets,"os_mon@test2"} 1 12993.0 0.0 12993 2362 9059.333333333334 12
stats: {load,"os_mon@test3"} 1 1.3203125 0.0 1.94140625 1.21875 1.4305889423076923 13
stats: {cpu,"os_mon@test2"} 1 59.5020325203252 0.0 69.17562724014337 1.965725806451613 47.26981393036146 13
stats: {recvpackets,"os_mon@test4"} 1 17515.0 0.0 17515 3419 12621.75 12
stats: {sentpackets,"os_mon@test4"} 1 13024.0 0.0 13024 2332 9049.916666666666 12
stats: {freemem,"os_mon@test3"} 1 1069.41015625 0.0 1488.11328125 1069.41015625 1349.3530649038462 13
stats: {cpu,"os_mon@test4"} 1 76.30379746835443 0.0 78.46938775510203 2.169525731584258 48.81482558046661 13
stats: {load,"os_mon@myserver"} 1 2.8515625 0.0 2.8515625 1.83984375 2.3121744791666665 12
stats: {recvpackets,"os_mon@myserver"} 1 16406.0 0.0 19921 3595 14676.636363636364 11
stats: {sentpackets,"os_mon@myserver"} 1 12740.0 0.0 14602 2450 10540.545454545454 11
stats: {cpu,"os_mon@myserver"} 1 64.40309328177864 0.0 75.30346501875965 2.206441795587116 58.50992784641966 12
stats: session 2373 15979.199500442806 9345.656377228912 82810.3408203125 18.389892578125 10582.508056945944 31985
stats: users_count 2285 39630
stats: finish_users_count 2373 34358
stats: request 26613 1847.6981555415696 3214.0036334341726 71551.001953125 1.136962890625 1084.059437244567 341782
stats: page 2412 15932.622081952706 9366.753228492422 82808.88720703125 16.656005859375 10571.752874819713 31926
stats: connect 26631 374.9647035875579 603.5628269459555 15221.71484375 0.336181640625 249.35801375644655 345053
stats: 200 23997 346142
stats: size_rcv 3087320 46241606
stats: newphase 5 71
stats: size_sent 3533133 49323766
stats: connected 18 3287
# stats: dump at 1338914331
stats: users 4995 6044
stats: {load,"os_mon@test2"} 1 1.30859375 0.0 1.48046875 0.98828125 1.2047991071428572 14
stats: {recvpackets,"os_mon@test3"} 1 12846.0 0.0 17509 3442 13002.153846153846 13
stats: {sentpackets,"os_mon@test3"} 1 10277.0 0.0 13017 2344 9358.384615384615 13
stats: {freemem,"os_mon@test2"} 1 1202.03125 0.0 1508.90234375 1202.03125 1409.8856026785713 14
stats: {load,"os_mon@test4"} 1 2.26171875 0.0 2.26171875 1.01953125 1.4093191964285714 14
stats: {cpu,"os_mon@test3"} 1 61.60576428203809 0.0 77.84120394395433 3.1408308004052685 54.54322666491418 14
stats: {freemem,"os_mon@test4"} 1 980.08203125 0.0 1434.11328125 980.08203125 1291.933872767857 14
stats: {freemem,"os_mon@myserver"} 0 0 0 1077.84765625 1039.2421875 1056.8533653846155 13
stats: {recvpackets,"os_mon@test2"} 1 12786.0 0.0 17481 3468 13007.461538461539 13
stats: {sentpackets,"os_mon@test2"} 1 10237.0 0.0 12993 2362 9361.923076923076 13
stats: {load,"os_mon@test3"} 1 1.33984375 0.0 1.94140625 1.21875 1.4227120535714286 14
stats: {cpu,"os_mon@test2"} 1 54.77772100153297 0.0 69.17562724014337 1.965725806451613 48.14354382964458 14
stats: {recvpackets,"os_mon@test4"} 1 12847.0 0.0 17515 3419 12998.153846153846 13
stats: {sentpackets,"os_mon@test4"} 1 10273.0 0.0 13024 2332 9355.615384615385 13
stats: {freemem,"os_mon@test3"} 1 1033.74609375 0.0 1488.11328125 1033.74609375 1329.357142857143 14
stats: {cpu,"os_mon@test4"} 1 59.334373374935 0.0 78.46938775510203 2.169525731584258 50.778323572458596 14
stats: {load,"os_mon@myserver"} 0 0 0 2.8515625 1.83984375 2.3536658653846154 13
stats: {recvpackets,"os_mon@myserver"} 0 0 0 19921 3595 14820.75 12
stats: {sentpackets,"os_mon@myserver"} 0 0 0 14602 2450 10723.833333333334 12
stats: {cpu,"os_mon@myserver"} 0 0 0 75.30346501875965 2.206441795587116 58.963248264524196 13
stats: session 3363 17262.34402245313 9363.609691652868 97030.501953125 18.389892578125 10955.240718783596 34358
stats: users_count 3086 42716
stats: finish_users_count 3363 37721
stats: request 30754 1681.7524474236338 3474.80461298104 83521.52587890625 1.136962890625 1139.2249992365544 368395
stats: page 3317 17322.76872640294 9367.234181020942 97028.94702148438 16.656005859375 10948.31576513379 34338
stats: connect 31310 234.7584017982348 360.72497469737255 16197.863037109375 0.336181640625 258.3576794856475 371684
stats: 200 29506 375648
stats: size_rcv 3827132 50068738
stats: newphase 4 75
stats: size_sent 4156010 53479776
stats: connected 556 3843
# stats: dump at 1338914341
stats: users 3943 6044
stats: {load,"os_mon@test2"} 1 1.26171875 0.0 1.48046875 0.98828125 1.21171875 15
stats: {recvpackets,"os_mon@test3"} 1 15072.0 0.0 17509 3442 12991.0 14
stats: {sentpackets,"os_mon@test3"} 1 11770.0 0.0 13017 2344 9424.0 14
stats: {freemem,"os_mon@test2"} 1 1172.4453125 0.0 1508.90234375 1172.4453125 1396.0286458333333 15
stats: {load,"os_mon@test4"} 1 2.390625 0.0 2.390625 1.01953125 1.4661458333333333 15
stats: {cpu,"os_mon@test3"} 1 71.58273381294964 0.0 77.84120394395433 3.1408308004052685 55.01406250605577 15
stats: {freemem,"os_mon@test4"} 1 939.0625 0.0 1434.11328125 939.0625 1271.14375 15
stats: {freemem,"os_mon@myserver"} 1 1035.28515625 0.0 1077.84765625 1035.28515625 1056.8533653846155 13
stats: {recvpackets,"os_mon@test2"} 1 15056.0 0.0 17481 3468 12991.642857142857 14
stats: {sentpackets,"os_mon@test2"} 1 11755.0 0.0 12993 2362 9424.42857142857 14
stats: {load,"os_mon@test3"} 1 1.2890625 0.0 1.94140625 1.21875 1.4171875 15
stats: {cpu,"os_mon@test2"} 1 55.95298926928973 0.0 69.17562724014337 1.965725806451613 48.58582230777048 15
stats: {recvpackets,"os_mon@test4"} 1 15067.0 0.0 17515 3419 12987.357142857143 14
stats: {sentpackets,"os_mon@test4"} 1 11766.0 0.0 13024 2332 9421.142857142857 14
stats: {freemem,"os_mon@test3"} 1 987.9453125 0.0 1488.11328125 987.9453125 1309.6497395833333 15
stats: {cpu,"os_mon@test4"} 1 68.70150025866528 0.0 78.46938775510203 2.169525731584258 51.348726892623695 15
stats: {load,"os_mon@myserver"} 1 3.01953125 0.0 3.01953125 1.83984375 2.3536658653846154 13
stats: {recvpackets,"os_mon@myserver"} 1 16715.0 0.0 19921 3595 14820.75 12
stats: {sentpackets,"os_mon@myserver"} 1 12985.0 0.0 14602 2450 10723.833333333334 12
stats: {cpu,"os_mon@myserver"} 1 71.91182889567874 0.0 75.30346501875965 2.206441795587116 58.963248264524196 13
stats: session 3461 16440.554263340036 10877.66893170954 97030.501953125 18.389892578125 11517.547879522725 37721
stats: users_count 2409 45125
stats: finish_users_count 3461 41182
stats: request 30291 1596.5650754655746 3474.14438465972 83521.52587890625 1.136962890625 1181.0261540472777 399149
stats: page 3438 16505.58441392897 10821.73981860394 97028.94702148438 16.656005859375 11509.83642567103 37655
stats: connect 28873 239.9153389682848 374.4265581393477 16197.863037109375 0.336181640625 256.5241698443305 402994
stats: 200 28486 404134
stats: size_rcv 3694392 53763130
stats: newphase 4 79
stats: size_sent 3832059 57311835
stats: connected -1418 2425
# stats: dump at 1338914351
stats: users 4211 6044
stats: {load,"os_mon@test2"} 1 1.0703125 0.0 1.48046875 0.98828125 1.21484375 16
stats: {recvpackets,"os_mon@test3"} 1 16493.0 0.0 17509 3442 13129.733333333334 15
stats: {sentpackets,"os_mon@test3"} 1 12727.0 0.0 13017 2344 9580.4 15
stats: {freemem,"os_mon@test2"} 1 1150.734375 0.0 1508.90234375 1150.734375 1382.0546875 16
stats: {load,"os_mon@test4"} 1 2.26171875 0.0 2.390625 1.01953125 1.52392578125 16
stats: {cpu,"os_mon@test3"} 1 78.90665291387313 0.0 78.90665291387313 3.1408308004052685 56.04960446273664 16
stats: {freemem,"os_mon@test4"} 1 900.76953125 0.0 1434.11328125 900.76953125 1250.388671875 16
stats: {freemem,"os_mon@myserver"} 1 1040.921875 0.0 1077.84765625 1035.28515625 1055.3127790178573 14
stats: {recvpackets,"os_mon@test2"} 1 16448.0 0.0 17481 3468 13129.266666666666 15
stats: {sentpackets,"os_mon@test2"} 1 12695.0 0.0 12993 2362 9579.8 15
stats: {load,"os_mon@test3"} 1 1.3984375 0.0 1.94140625 1.21875 1.4091796875 16
stats: {cpu,"os_mon@test2"} 1 58.01331285202252 0.0 69.17562724014337 1.965725806451613 49.04627024286543 16
stats: {recvpackets,"os_mon@test4"} 1 16446.0 0.0 17515 3419 13126.0 15
stats: {sentpackets,"os_mon@test4"} 1 12693.0 0.0 13024 2332 9577.466666666667 15
stats: {freemem,"os_mon@test3"} 1 934.453125 0.0 1488.11328125 934.453125 1289.543212890625 16
stats: {cpu,"os_mon@test4"} 1 63.056994818652846 0.0 78.46938775510203 2.169525731584258 52.43327522800129 16
stats: {load,"os_mon@myserver"} 1 3.3203125 0.0 3.3203125 1.83984375 2.4012276785714284 14
stats: {recvpackets,"os_mon@myserver"} 1 18235.0 0.0 19921 3595 14966.461538461539 13
stats: {sentpackets,"os_mon@myserver"} 1 14284.0 0.0 14602 2450 10897.76923076923 13
stats: {cpu,"os_mon@myserver"} 1 70.91013824884793 0.0 75.30346501875965 2.206441795587116 59.88814688103523 14
stats: session 2933 15951.464549416114 11780.040437322388 103868.5830078125 18.389892578125 11931.285072820567 41182
stats: users_count 3201 48326
stats: finish_users_count 2933 44115
stats: request 30114 1502.462598068102 3304.450615670627 83521.52587890625 1.136962890625 1210.3366269158546 429440
stats: page 2944 15766.405608384506 11619.914912509046 103867.01782226563 16.656005859375 11927.800107651678 41093
stats: connect 30632 301.6428434501958 436.51598610744503 16197.863037109375 0.336181640625 255.4137660073065 431867
stats: 200 28031 432165
stats: size_rcv 3754424 57517554
stats: newphase 3 82
stats: size_sent 4066080 61377915
stats: connected 518 2943
# stats: dump at 1338914361
stats: users 4444 6044
stats: {load,"os_mon@test2"} 1 0.8984375 0.0 1.48046875 0.8984375 1.2063419117647058 17
stats: {recvpackets,"os_mon@test3"} 1 14405.0 0.0 17509 3442 13339.9375 16
stats: {sentpackets,"os_mon@test3"} 1 11440.0 0.0 13017 2344 9777.0625 16
stats: {freemem,"os_mon@test2"} 1 1107.91796875 0.0 1508.90234375 1107.91796875 1368.4476102941176 17
stats: {load,"os_mon@test4"} 1 1.91015625 0.0 2.390625 1.01953125 1.5673253676470589 17
stats: {cpu,"os_mon@test3"} 1 76.61458333333333 0.0 78.90665291387313 3.1408308004052685 57.3941367245682 17
stats: {freemem,"os_mon@test4"} 1 876.125 0.0 1434.11328125 876.125 1229.8228400735295 17
stats: {freemem,"os_mon@myserver"} 1 1043.2109375 0.0 1077.84765625 1035.28515625 1054.353385416667 15
stats: {recvpackets,"os_mon@test2"} 1 14406.0 0.0 17481 3468 13336.6875 16
stats: {sentpackets,"os_mon@test2"} 1 11440.0 0.0 12993 2362 9774.5 16
stats: {load,"os_mon@test3"} 1 1.578125 0.0 1.94140625 1.21875 1.408547794117647 17
stats: {cpu,"os_mon@test2"} 1 62.40988671472708 0.0 69.17562724014337 1.965725806451613 49.573743337521734 17
stats: {recvpackets,"os_mon@test4"} 1 14471.0 0.0 17515 3419 13333.5 16
stats: {sentpackets,"os_mon@test4"} 1 11488.0 0.0 13024 2332 9772.1875 16
stats: {freemem,"os_mon@test3"} 1 879.3671875 0.0 1488.11328125 879.3671875 1268.6555606617646 17
stats: {cpu,"os_mon@test4"} 1 48.43096234309623 0.0 78.46938775510203 2.169525731584258 53.05819990980432 17
stats: {load,"os_mon@myserver"} 1 3.28125 0.0 3.3203125 1.83984375 2.4625 15
stats: {recvpackets,"os_mon@myserver"} 1 20593.0 0.0 20593 3595 15199.92857142857 14
stats: {sentpackets,"os_mon@myserver"} 1 16225.0 0.0 16225 2450 11139.642857142857 14
stats: {cpu,"os_mon@myserver"} 1 70.7286166842661 0.0 75.30346501875965 2.206441795587116 60.62294630555608 15
stats: session 2999 14474.069794830697 10876.912009721571 106961.56201171875 18.389892578125 12198.568001639671 44115
stats: users_count 3232 51558
stats: finish_users_count 2999 47114
stats: request 29341 1454.7743813367895 3375.6128350886706 83521.52587890625 1.136962890625 1229.4792771708383 459554
stats: page 3036 14571.132431171 11108.882008718047 106959.46801757813 16.656005859375 12184.421916452402 44037
stats: connect 29189 260.3403084611305 399.0038574024155 16197.863037109375 0.336181640625 258.47558689822864 462499
stats: 200 27494 459659
stats: size_rcv 3665734 61183288
stats: newphase 4 86
stats: size_sent 3873063 65250978
stats: connected -152 2791
# stats: dump at 1338914371
stats: users 3662 6044
stats: {load,"os_mon@test2"} 1 1.23046875 0.0 1.48046875 0.8984375 1.1892361111111112 18
stats: {recvpackets,"os_mon@test3"} 1 16086.0 0.0 17509 3442 13402.588235294117 17
stats: {sentpackets,"os_mon@test3"} 1 12585.0 0.0 13017 2344 9874.882352941177 17
stats: {freemem,"os_mon@test2"} 1 1105.0625 0.0 1508.90234375 1105.0625 1353.9737413194443 18
stats: {load,"os_mon@test4"} 1 2.0 0.0 2.390625 1.01953125 1.5863715277777777 18
stats: {cpu,"os_mon@test3"} 1 82.52577319587628 0.0 82.52577319587628 3.1408308004052685 58.461939313944036 18
stats: {freemem,"os_mon@test4"} 1 827.953125 0.0 1434.11328125 827.953125 1210.1729600694443 18
stats: {freemem,"os_mon@myserver"} 1 1043.5625 0.0 1077.84765625 1035.28515625 1053.6569824218752 16
stats: {recvpackets,"os_mon@test2"} 1 16076.0 0.0 17481 3468 13399.588235294117 17
stats: {sentpackets,"os_mon@test2"} 1 12578.0 0.0 12993 2362 9872.470588235294 17
stats: {load,"os_mon@test3"} 1 1.87890625 0.0 1.94140625 1.21875 1.41796875 18
stats: {cpu,"os_mon@test2"} 1 43.675787299948375 0.0 69.17562724014337 1.965725806451613 50.286862414033145 18
stats: {recvpackets,"os_mon@test4"} 1 16077.0 0.0 17515 3419 13400.411764705883 17
stats: {sentpackets,"os_mon@test4"} 1 12574.0 0.0 13024 2332 9873.117647058823 17
stats: {freemem,"os_mon@test3"} 1 872.546875 0.0 1488.11328125 872.546875 1247.0284288194443 18
stats: {cpu,"os_mon@test4"} 1 60.38622129436325 0.0 78.46938775510203 2.169525731584258 52.801131156098315 18
stats: {load,"os_mon@myserver"} 1 3.171875 0.0 3.3203125 1.83984375 2.513671875 16
stats: {recvpackets,"os_mon@myserver"} 1 17985.0 0.0 20593 3595 15559.466666666667 15
stats: {sentpackets,"os_mon@myserver"} 1 14328.0 0.0 16225 2450 11478.666666666666 15
stats: {cpu,"os_mon@myserver"} 1 73.50445943006308 0.0 75.30346501875965 2.206441795587116 61.25455070422545 16
stats: session 3355 13810.571930522883 10932.440720402312 106961.56201171875 18.389892578125 12343.413055716588 47114
stats: users_count 2573 54131
stats: finish_users_count 3355 50469
stats: request 30863 1307.8064732395915 3001.336773498589 94385.3369140625 1.136962890625 1243.0003474442776 488895
stats: page 3296 13862.23205055311 10957.524981161281 106959.46801757813 16.656005859375 12338.354173217123 47073
stats: connect 30492 264.68493644337536 404.30444872063794 16197.863037109375 0.336181640625 258.5862858733908 491688
stats: 200 29365 489024
stats: size_rcv 3967396 65150684
stats: newphase 2 88
stats: size_sent 4046004 69296982
stats: connected -371 2420
# stats: dump at 1338914381
stats: users 3386 6044
stats: {load,"os_mon@test2"} 1 1.4296875 0.0 1.48046875 0.8984375 1.19140625 19
stats: {recvpackets,"os_mon@test3"} 1 15210.0 0.0 17509 3442 13551.666666666666 18
stats: {sentpackets,"os_mon@test3"} 1 11949.0 0.0 13017 2344 10025.444444444445 18
stats: {freemem,"os_mon@test2"} 1 1109.5234375 0.0 1508.90234375 1105.0625 1340.8731496710527 19
stats: {load,"os_mon@test4"} 1 1.69921875 0.0 2.390625 1.01953125 1.608141447368421 19
stats: {cpu,"os_mon@test3"} 1 89.75139523084728 0.0 89.75139523084728 3.1408308004052685 59.728456886677314 19
stats: {freemem,"os_mon@test4"} 1 825.17578125 0.0 1434.11328125 825.17578125 1190.0561266447369 19
stats: {freemem,"os_mon@myserver"} 1 1047.68359375 0.0 1077.84765625 1035.28515625 1053.0631893382356 17
stats: {recvpackets,"os_mon@test2"} 1 15210.0 0.0 17481 3468 13548.277777777777 18
stats: {sentpackets,"os_mon@test2"} 1 11946.0 0.0 12993 2362 10022.777777777777 18
stats: {load,"os_mon@test3"} 1 2.19921875 0.0 2.19921875 1.21875 1.4422286184210527 19
stats: {cpu,"os_mon@test2"} 1 60.06144393241167 0.0 69.17562724014337 1.965725806451613 49.93891109223921 19
stats: {recvpackets,"os_mon@test4"} 1 15214.0 0.0 17515 3419 13549.111111111111 18
stats: {sentpackets,"os_mon@test4"} 1 11955.0 0.0 13024 2332 10023.166666666666 18
stats: {freemem,"os_mon@test3"} 1 808.8984375 0.0 1488.11328125 808.8984375 1227.3188733552631 19
stats: {cpu,"os_mon@test4"} 1 31.22077922077922 0.0 78.46938775510203 2.169525731584258 53.200346426533315 19
stats: {load,"os_mon@myserver"} 1 3.05859375 0.0 3.3203125 1.83984375 2.552389705882353 17
stats: {recvpackets,"os_mon@myserver"} 1 19026.0 0.0 20593 3595 15711.0625 16
stats: {sentpackets,"os_mon@myserver"} 1 14934.0 0.0 16225 2450 11656.75 16
stats: {cpu,"os_mon@myserver"} 1 68.65176001771087 0.0 75.30346501875965 2.206441795587116 61.97513357045119 17
stats: session 2913 13334.349259213821 10627.585540380975 116030.11303710938 18.389892578125 12440.944570606425 50469
stats: users_count 2637 56768
stats: finish_users_count 2913 53382
stats: request 28646 1243.925608725428 2906.1150038184464 113137.583984375 1.136962890625 1246.8485065114219 519758
stats: page 2925 13343.974521651304 10640.014562318016 116026.06396484375 16.656005859375 12438.072283239148 50369
stats: connect 28225 233.7626149991003 341.18180953124596 16197.863037109375 0.336181640625 258.94240838512997 522180
stats: 200 27098 516122
stats: size_rcv 3642658 68793342
stats: newphase 3 91
stats: size_sent 3745691 73042673
stats: connected -421 1999
stats: error_abort 1 1
EndMonitor:{1338,914381,793870}
