# stats: dump at 1339071557
stats: users 2 3
stats: session 1 35.699951171875 0 35.699951171875 35.699951171875 0 0
stats: users_count 3 3
stats: finish_users_count 1 1
stats: request 7 2.3131277901785716 0.6455697925544365 3.550048828125 1.48095703125 0 0
stats: connect 7 0.8984723772321429 0.2041598120389649 1.16796875 0.60205078125 0 0
stats: 200 7 7
stats: size_rcv 967 967
stats: size_sent 973 973
stats: connected 0 0
# stats: dump at 1339071567
stats: users 5 11
stats: {load,"os_mon@test2"} 1 1.41015625 0 1.41015625 1.41015625 0 0
stats: {freemem,"os_mon@test2"} 1 1520.29296875 0 1520.29296875 1520.29296875 0 0
stats: {cpu,"os_mon@test3"} 1 2.8455284552845526 0 2.8455284552845526 2.8455284552845526 0 0
stats: {load,"os_mon@test4"} 1 1.66015625 0 1.66015625 1.66015625 0 0
stats: {freemem,"os_mon@test4"} 1 1526.40234375 0 1526.40234375 1526.40234375 0 0
stats: {freemem,"os_mon@myserver"} 1 1340.5234375 0 1340.5234375 1340.5234375 0 0
stats: {load,"os_mon@test3"} 1 1.91015625 0 1.91015625 1.91015625 0 0
stats: {cpu,"os_mon@test2"} 1 5.530187721968543 0 5.530187721968543 5.530187721968543 0 0
stats: {freemem,"os_mon@test3"} 1 1373.63671875 0 1373.63671875 1373.63671875 0 0
stats: {cpu,"os_mon@test4"} 1 3.0933062880324544 0 3.0933062880324544 3.0933062880324544 0 0
stats: {load,"os_mon@myserver"} 1 2.7109375 0 2.7109375 2.7109375 0 0
stats: {cpu,"os_mon@myserver"} 1 4.5592705167173255 0 4.5592705167173255 4.5592705167173255 0 0
stats: session 972 25.612819090792183 3.729763657341205 52.6669921875 17.125 35.699951171875 1
stats: users_count 975 978
stats: finish_users_count 972 973
stats: request 9454 2.215632519965093 0.5881303257594 11.947021484375 1.2587890625 2.3131277901785716 7
stats: page 946 23.532084878352926 3.6344554563268985 51.289794921875 15.955078125 0 0
stats: connect 9455 0.9454297288141195 0.3092810613097875 9.905029296875 0.359130859375 0.8984723772321429 7
stats: 200 9454 9461
stats: size_rcv 1420988 1421955
stats: newphase 2 2
stats: size_sent 1253829 1254802
stats: connected 1 1
# stats: dump at 1339071577
stats: users 5 22
stats: {load,"os_mon@test2"} 1 1.19140625 0.0 1.41015625 1.19140625 1.41015625 1
stats: {recvpackets,"os_mon@test3"} 1 5089 0 5089 5089 0 0
stats: {sentpackets,"os_mon@test3"} 1 3452 0 3452 3452 0 0
stats: {freemem,"os_mon@test2"} 1 1532.97265625 0.0 1532.97265625 1520.29296875 1520.29296875 1
stats: {cpu,"os_mon@test3"} 1 21.036585365853657 0.0 21.036585365853657 2.8455284552845526 2.8455284552845526 1
stats: {load,"os_mon@test4"} 1 1.41015625 0.0 1.66015625 1.41015625 1.66015625 1
stats: {freemem,"os_mon@test4"} 1 1537.94921875 0.0 1537.94921875 1526.40234375 1526.40234375 1
stats: {freemem,"os_mon@myserver"} 1 1362.94140625 0.0 1362.94140625 1340.5234375 1340.5234375 1
stats: {recvpackets,"os_mon@test2"} 1 5117 0 5117 5117 0 0
stats: {sentpackets,"os_mon@test2"} 1 3472 0 3472 3472 0 0
stats: {load,"os_mon@test3"} 1 1.76171875 0.0 1.91015625 1.76171875 1.91015625 1
stats: {cpu,"os_mon@test2"} 1 25.448948178553106 0.0 25.448948178553106 5.530187721968543 5.530187721968543 1
stats: {freemem,"os_mon@test3"} 1 1388.44140625 0.0 1388.44140625 1373.63671875 1373.63671875 1
stats: {recvpackets,"os_mon@test4"} 1 5111 0 5111 5111 0 0
stats: {sentpackets,"os_mon@test4"} 1 3466 0 3466 3466 0 0
stats: {cpu,"os_mon@test4"} 1 21.00667693888033 0.0 21.00667693888033 3.0933062880324544 3.0933062880324544 1
stats: {load,"os_mon@myserver"} 1 2.37109375 0.0 2.7109375 2.37109375 2.7109375 1
stats: {recvpackets,"os_mon@myserver"} 1 5269 0 5269 5269 0 0
stats: {sentpackets,"os_mon@myserver"} 1 3570 0 3570 3570 0 0
stats: {cpu,"os_mon@myserver"} 1 29.87593052109181 0.0 29.87593052109181 4.5592705167173255 4.5592705167173255 1
stats: session 1881 38.86570188937065 171.03929855197615 6551.623046875 17.125 25.62318613301323 973
stats: users_count 1881 2859
stats: finish_users_count 1881 2854
stats: request 18745 3.5287989557632002 54.01984165117937 6506.309814453125 1.1689453125 2.215704654717391 9461
stats: page 1870 36.76650247012855 171.538657306912 6549.800048828125 15.955078125 23.532084878352926 946
stats: connect 18752 1.1741581549009734 7.292183833008934 997.2080078125 0.359130859375 0.9453949897038814 9462
stats: 200 18744 28205
stats: size_rcv 2747426 4169381
stats: newphase 6 8
stats: size_sent 2490856 3745658
stats: connected 7 8
# stats: dump at 1339071587
stats: users 168 234
stats: {load,"os_mon@test2"} 1 1.171875 0.0 1.41015625 1.171875 1.30078125 2
stats: {recvpackets,"os_mon@test3"} 1 8912.0 0.0 8912 5089 5089.0 1
stats: {sentpackets,"os_mon@test3"} 1 5908.0 0.0 5908 3452 3452.0 1
stats: {freemem,"os_mon@test2"} 1 1537.421875 0.0 1537.421875 1520.29296875 1526.6328125 2
stats: {cpu,"os_mon@test3"} 1 37.05972434915773 0.0 37.05972434915773 2.8455284552845526 11.941056910569104 2
stats: {load,"os_mon@test4"} 1 1.26953125 0.0 1.66015625 1.26953125 1.53515625 2
stats: {freemem,"os_mon@test4"} 1 1540.609375 0.0 1540.609375 1526.40234375 1532.17578125 2
stats: {freemem,"os_mon@myserver"} 1 1371.05078125 0.0 1371.05078125 1340.5234375 1351.732421875 2
stats: {recvpackets,"os_mon@test2"} 1 8957.0 0.0 8957 5117 5117.0 1
stats: {sentpackets,"os_mon@test2"} 1 5940.0 0.0 5940 3472 3472.0 1
stats: {load,"os_mon@test3"} 1 1.55859375 0.0 1.91015625 1.55859375 1.8359375 2
stats: {cpu,"os_mon@test2"} 1 43.30788804071247 0.0 43.30788804071247 5.530187721968543 15.489567950260824 2
stats: {freemem,"os_mon@test3"} 1 1389.8828125 0.0 1389.8828125 1373.63671875 1381.0390625 2
stats: {recvpackets,"os_mon@test4"} 1 8916.0 0.0 8916 5111 5111.0 1
stats: {sentpackets,"os_mon@test4"} 1 5913.0 0.0 5913 3466 3466.0 1
stats: {cpu,"os_mon@test4"} 1 39.0015600624025 0.0 39.0015600624025 3.0933062880324544 12.049991613456392 2
stats: {load,"os_mon@myserver"} 1 2.078125 0.0 2.7109375 2.078125 2.541015625 2
stats: {recvpackets,"os_mon@myserver"} 1 9002.0 0.0 9002 5269 5269.0 1
stats: {sentpackets,"os_mon@myserver"} 1 5973.0 0.0 5973 3570 3570.0 1
stats: {cpu,"os_mon@myserver"} 1 47.574767529530035 0.0 47.574767529530035 4.5592705167173255 17.217600518904568 2
stats: session 2719 465.25728273549544 471.1363822649546 6947.123046875 17.125 34.350996973135274 2854
stats: users_count 2882 5741
stats: finish_users_count 2719 5573
stats: request 27865 45.70798486599725 132.17113639139762 6918.2158203125 1.1689453125 3.0883541857782895 28206
stats: page 2723 455.89869571703986 471.35041219559923 6945.85205078125 15.955078125 32.32056531039143 2816
stats: connect 27940 24.531210696330316 113.0863190821583 2281.3330078125 0.359130859375 1.0974388995988225 28214
stats: 200 27868 56073
stats: size_rcv 3804302 7973683
stats: newphase 6 14
stats: size_sent 3706852 7452510
stats: connected 75 83
# stats: dump at 1339071597
stats: users 1351 1353
stats: {load,"os_mon@test2"} 1 1.23046875 0.0 1.41015625 1.171875 1.2578125 3
stats: {recvpackets,"os_mon@test3"} 1 12775.0 0.0 12775 5089 7000.5 2
stats: {sentpackets,"os_mon@test3"} 1 8423.0 0.0 8423 3452 4680.0 2
stats: {freemem,"os_mon@test2"} 1 1534.91015625 0.0 1537.421875 1520.29296875 1530.2291666666667 3
stats: {cpu,"os_mon@test3"} 1 53.357438016528924 0.0 53.357438016528924 2.8455284552845526 20.313946056765314 3
stats: {load,"os_mon@test4"} 1 1.0703125 0.0 1.66015625 1.0703125 1.4466145833333333 3
stats: {freemem,"os_mon@test4"} 1 1539.0625 0.0 1540.609375 1526.40234375 1534.9869791666667 3
stats: {freemem,"os_mon@myserver"} 1 1372.0 0.0 1372.0 1340.5234375 1358.171875 3
stats: {recvpackets,"os_mon@test2"} 1 12826.0 0.0 12826 5117 7037.0 2
stats: {sentpackets,"os_mon@test2"} 1 8455.0 0.0 8455 3472 4706.0 2
stats: {load,"os_mon@test3"} 1 1.55078125 0.0 1.91015625 1.55078125 1.7434895833333333 3
stats: {cpu,"os_mon@test2"} 1 55.850792028615224 0.0 55.850792028615224 5.530187721968543 24.762341313744702 3
stats: {freemem,"os_mon@test3"} 1 1386.08984375 0.0 1389.8828125 1373.63671875 1383.9869791666667 3
stats: {recvpackets,"os_mon@test4"} 1 12812.0 0.0 12812 5111 7013.5 2
stats: {sentpackets,"os_mon@test4"} 1 8446.0 0.0 8446 3466 4689.5 2
stats: {cpu,"os_mon@test4"} 1 50.91288471570161 0.0 50.91288471570161 3.0933062880324544 21.033847763105094 3
stats: {load,"os_mon@myserver"} 1 2.30859375 0.0 2.7109375 2.078125 2.38671875 3
stats: {recvpackets,"os_mon@myserver"} 1 12880.0 0.0 12880 5269 7135.5 2
stats: {sentpackets,"os_mon@myserver"} 1 8495.0 0.0 8495 3570 4771.5 2
stats: {cpu,"os_mon@myserver"} 1 70.99898063200816 0.0 70.99898063200816 4.5592705167173255 27.336656189113057 3
stats: session 2564 2035.4277799847346 1202.871979752369 14490.60791015625 17.125 244.58501652954246 5573
stats: users_count 3747 9488
stats: finish_users_count 2564 8137
stats: request 30467 233.10253068862198 294.60664193599143 8338.7119140625 1.1689453125 24.26857228255383 56071
stats: page 2549 1982.6182899160826 1188.84896803286 14489.4169921875 15.955078125 240.5536848441166 5539
stats: connect 31095 122.98258212295474 221.66722341422027 3160.083984375 0.359130859375 12.757152971627134 56154
stats: 200 30456 86529
stats: size_rcv 4017062 11990745
stats: newphase 6 20
stats: size_sent 4125709 11578219
stats: connected 628 711
# stats: dump at 1339071607
stats: users 3806 3806
stats: {load,"os_mon@test2"} 1 1.19921875 0.0 1.41015625 1.171875 1.2509765625 4
stats: {recvpackets,"os_mon@test3"} 1 15118.0 0.0 15118 5089 8925.333333333334 3
stats: {sentpackets,"os_mon@test3"} 1 10060.0 0.0 10060 3452 5927.666666666667 3
stats: {freemem,"os_mon@test2"} 1 1515.08984375 0.0 1537.421875 1515.08984375 1531.3994140625 4
stats: {cpu,"os_mon@test3"} 1 56.08493008803729 0.0 56.08493008803729 2.8455284552845526 28.574819046706217 4
stats: {load,"os_mon@test4"} 1 1.140625 0.0 1.66015625 1.0703125 1.3525390625 4
stats: {freemem,"os_mon@test4"} 1 1519.08984375 0.0 1540.609375 1519.08984375 1536.005859375 4
stats: {freemem,"os_mon@myserver"} 1 1357.18359375 0.0 1372.0 1340.5234375 1361.62890625 4
stats: {recvpackets,"os_mon@test2"} 1 15188.0 0.0 15188 5117 8966.666666666666 3
stats: {sentpackets,"os_mon@test2"} 1 10105.0 0.0 10105 3472 5955.666666666667 3
stats: {load,"os_mon@test3"} 1 1.55078125 0.0 1.91015625 1.55078125 1.6953125 4
stats: {cpu,"os_mon@test2"} 1 59.25925925925925 0.0 59.25925925925925 5.530187721968543 32.53445399246233 4
stats: {freemem,"os_mon@test3"} 1 1368.23828125 0.0 1389.8828125 1368.23828125 1384.5126953125 4
stats: {recvpackets,"os_mon@test4"} 1 15161.0 0.0 15161 5111 8946.333333333334 3
stats: {sentpackets,"os_mon@test4"} 1 10089.0 0.0 10089 3466 5941.666666666667 3
stats: {cpu,"os_mon@test4"} 1 57.68431983385255 0.0 57.68431983385255 3.0933062880324544 28.503607001254224 4
stats: {load,"os_mon@myserver"} 1 2.69921875 0.0 2.7109375 2.078125 2.3671875 4
stats: {recvpackets,"os_mon@myserver"} 1 20047.0 0.0 20047 5269 9050.333333333334 3
stats: {sentpackets,"os_mon@myserver"} 1 13336.0 0.0 13336 3570 6012.666666666667 3
stats: {cpu,"os_mon@myserver"} 1 74.57137353111153 0.0 74.57137353111153 4.5592705167173255 38.252237299836835 4
stats: session 2231 5088.912890493677 1747.3935265793034 14490.60791015625 17.125 808.8864599975421 8137
stats: users_count 4686 14174
stats: finish_users_count 2231 10368
stats: request 30960 640.739256937194 736.4776518888189 8851.114013671875 1.1689453125 97.79169750797709 86538
stats: page 2249 5025.655529084975 1722.3488033030358 14489.4169921875 15.955078125 789.5797331043096 8088
stats: connect 32730 283.281959663762 375.3569307538451 7139.798095703125 0.359130859375 52.040809167807396 87249
stats: 200 29863 116392
stats: size_rcv 3880581 15871326
stats: newphase 6 26
stats: size_sent 4344150 15922369
stats: connected 1770 2481
# stats: dump at 1339071617
stats: users 4061 4573
stats: {load,"os_mon@test2"} 1 1.26171875 0.0 1.41015625 1.171875 1.240625 5
stats: {recvpackets,"os_mon@test3"} 1 17602.0 0.0 17602 5089 10473.5 4
stats: {sentpackets,"os_mon@test3"} 1 11770.0 0.0 11770 3452 6960.75 4
stats: {freemem,"os_mon@test2"} 1 1468.3046875 0.0 1537.421875 1468.3046875 1528.1375 5
stats: {cpu,"os_mon@test3"} 1 60.295670538542765 0.0 60.295670538542765 2.8455284552845526 34.07684125497243 5
stats: {load,"os_mon@test4"} 1 1.109375 0.0 1.66015625 1.0703125 1.31015625 5
stats: {freemem,"os_mon@test4"} 1 1472.6015625 0.0 1540.609375 1472.6015625 1532.62265625 5
stats: {freemem,"os_mon@myserver"} 1 1325.5625 0.0 1372.0 1325.5625 1360.73984375 5
stats: {recvpackets,"os_mon@test2"} 1 17591.0 0.0 17591 5117 10522.0 4
stats: {sentpackets,"os_mon@test2"} 1 11767.0 0.0 11767 3472 6993.0 4
stats: {load,"os_mon@test3"} 1 1.5390625 0.0 1.91015625 1.5390625 1.66640625 5
stats: {cpu,"os_mon@test2"} 1 62.68115942028986 0.0 62.68115942028986 5.530187721968543 37.879415045821716 5
stats: {freemem,"os_mon@test3"} 1 1319.2265625 0.0 1389.8828125 1319.2265625 1381.2578125 5
stats: {recvpackets,"os_mon@test4"} 1 17588.0 0.0 17588 5111 1.05e4 4
stats: {sentpackets,"os_mon@test4"} 1 11762.0 0.0 11762 3466 6978.5 4
stats: {cpu,"os_mon@test4"} 1 59.337190952130456 0.0 59.337190952130456 3.0933062880324544 34.33974956777389 5
stats: {load,"os_mon@myserver"} 1 2.51953125 0.0 2.7109375 2.078125 2.43359375 5
stats: {recvpackets,"os_mon@myserver"} 1 17926.0 0.0 20047 5269 11799.5 4
stats: {sentpackets,"os_mon@myserver"} 1 12272.0 0.0 13336 3570 7843.5 4
stats: {cpu,"os_mon@myserver"} 1 75.11460379829732 0.0 75.11460379829732 4.5592705167173255 45.516064546091776 5
stats: session 2788 9423.586823604393 3168.0444963856276 20228.502197265625 17.125 1729.8682275936912 10368
stats: users_count 3043 17217
stats: finish_users_count 2788 13156
stats: request 31620 1161.8254049707741 1593.012550050449 18495.89208984375 1.1689453125 240.8550385004072 117498
stats: page 2686 9279.309333716046 3100.7242911945664 20226.552978515625 15.955078125 1711.2141014085098 10337
stats: connect 31909 348.61762868840543 537.3136459338594 8425.637939453125 0.359130859375 115.1228723266318 119979
stats: 200 29975 146367
stats: size_rcv 3754114 19625440
stats: newphase 5 31
stats: size_sent 4237791 20160160
stats: connected 289 2770
# stats: dump at 1339071627
stats: users 4122 4573
stats: {load,"os_mon@test2"} 1 1.6015625 0.0 1.6015625 1.171875 1.244140625 6
stats: {recvpackets,"os_mon@test3"} 1 13261.0 0.0 17602 5089 11899.2 5
stats: {sentpackets,"os_mon@test3"} 1 9461.0 0.0 11770 3452 7922.6 5
stats: {freemem,"os_mon@test2"} 1 1423.40625 0.0 1537.421875 1423.40625 1518.1653645833333 6
stats: {cpu,"os_mon@test3"} 1 51.14942528735632 0.0 60.295670538542765 2.8455284552845526 38.446646135567484 6
stats: {load,"os_mon@test4"} 1 1.08984375 0.0 1.66015625 1.0703125 1.2766927083333333 6
stats: {freemem,"os_mon@test4"} 1 1432.359375 0.0 1540.609375 1432.359375 1522.619140625 6
stats: {freemem,"os_mon@myserver"} 1 1332.171875 0.0 1372.0 1325.5625 1354.876953125 6
stats: {recvpackets,"os_mon@test2"} 1 13122.0 0.0 17591 5117 11935.8 5
stats: {sentpackets,"os_mon@test2"} 1 9381.0 0.0 11767 3472 7947.8 5
stats: {load,"os_mon@test3"} 1 1.37890625 0.0 1.91015625 1.37890625 1.6451822916666667 6
stats: {cpu,"os_mon@test2"} 1 68.23104693140795 0.0 68.23104693140795 5.530187721968543 42.01303910823307 6
stats: {freemem,"os_mon@test3"} 1 1298.12890625 0.0 1389.8828125 1298.12890625 1370.9192708333333 6
stats: {recvpackets,"os_mon@test4"} 1 1.32e4 0.0 17588 5111 11917.6 5
stats: {sentpackets,"os_mon@test4"} 1 9432.0 0.0 11762 3466 7935.2 5
stats: {cpu,"os_mon@test4"} 1 62.146596858638745 0.0 62.146596858638745 3.0933062880324544 38.50598979849999 6
stats: {load,"os_mon@myserver"} 1 2.58984375 0.0 2.7109375 2.078125 2.4479166666666665 6
stats: {recvpackets,"os_mon@myserver"} 1 13539.0 0.0 20047 5269 13024.8 5
stats: {sentpackets,"os_mon@myserver"} 1 9913.0 0.0 13336 3570 8729.2 5
stats: {cpu,"os_mon@myserver"} 1 69.5040534096328 0.0 75.11460379829732 4.5592705167173255 50.44915442145936 6
stats: session 3020 12281.65148351805 5333.479868765204 31006.916015625 17.125 3360.3096570310454 13156
stats: users_count 3081 20298
stats: finish_users_count 3020 16176
stats: request 28831 1315.493340078142 2143.727758153604 22769.81298828125 1.1689453125 436.1438902003562 149118
stats: 200 27249 173616
stats: page 3075 12189.446012369777 5221.330214096451 29679.053955078125 15.955078125 3272.1373751532724 13023
stats: connect 28590 246.08086596739687 377.3999769327039 8425.637939453125 0.359130859375 164.17601793884498 151888
stats: size_rcv 3530695 23156135
stats: newphase 6 37
stats: size_sent 3794346 23954506
stats: connected -241 2529
# stats: dump at 1339071637
stats: users 4437 4873
stats: {load,"os_mon@test2"} 1 1.51953125 0.0 1.6015625 1.171875 1.2952008928571428 7
stats: {recvpackets,"os_mon@test3"} 1 14334.0 0.0 17602 5089 12126.166666666666 6
stats: {sentpackets,"os_mon@test3"} 1 10390.0 0.0 11770 3452 8179.0 6
stats: {freemem,"os_mon@test2"} 1 1393.7265625 0.0 1537.421875 1393.7265625 1504.6283482142858 7
stats: {cpu,"os_mon@test3"} 1 55.47445255474452 0.0 60.295670538542765 2.8455284552845526 40.26132887153732 7
stats: {load,"os_mon@test4"} 1 1.23828125 0.0 1.66015625 1.0703125 1.25 7
stats: {freemem,"os_mon@test4"} 1 1387.91015625 0.0 1540.609375 1387.91015625 1509.724888392857 7
stats: {freemem,"os_mon@myserver"} 1 1325.73828125 0.0 1372.0 1325.5625 1351.6333705357142 7
stats: {recvpackets,"os_mon@test2"} 1 14546.0 0.0 17591 5117 12133.5 6
stats: {sentpackets,"os_mon@test2"} 1 10584.0 0.0 11767 3472 8186.666666666667 6
stats: {load,"os_mon@test3"} 1 1.46875 0.0 1.91015625 1.37890625 1.6071428571428572 7
stats: {cpu,"os_mon@test2"} 1 58.718861209964416 0.0 68.23104693140795 5.530187721968543 45.758468797258054 7
stats: {freemem,"os_mon@test3"} 1 1272.875 0.0 1389.8828125 1272.875 1360.5206473214287 7
stats: {recvpackets,"os_mon@test4"} 1 14318.0 0.0 17588 5111 12131.333333333334 6
stats: {sentpackets,"os_mon@test4"} 1 10378.0 0.0 11762 3466 8184.666666666667 6
stats: {cpu,"os_mon@test4"} 1 66.78681771369722 0.0 66.78681771369722 3.0933062880324544 41.88321937851981 7
stats: {load,"os_mon@myserver"} 1 2.3984375 0.0 2.7109375 2.078125 2.4681919642857144 7
stats: {recvpackets,"os_mon@myserver"} 1 16352.0 0.0 20047 5269 13110.5 6
stats: {sentpackets,"os_mon@myserver"} 1 11879.0 0.0 13336 3570 8926.5 6
stats: {cpu,"os_mon@myserver"} 1 75.06715506715507 0.0 75.11460379829732 4.5592705167173255 53.171282848341285 7
stats: session 2815 13240.664784774643 6864.566789325394 36443.794189453125 17.125 5025.891526219395 16176
stats: users_count 3130 23428
stats: finish_users_count 2815 18991
stats: request 31210 1357.0633699807586 2280.373892164081 54387.66015625 1.1689453125 578.6146205187421 177949
stats: page 2818 13279.748752872849 6828.707814692571 36441.79296875 15.955078125 4975.499535635367 16098
stats: connect 31599 314.17558796331343 455.46487273059535 8425.637939453125 0.359130859375 177.1507827585809 180478
stats: 200 28683 202299
stats: size_rcv 3666464 26822599
stats: newphase 5 42
stats: size_sent 4192029 28146535
stats: connected 389 2918
# stats: dump at 1339071647
stats: users 4994 5108
stats: {load,"os_mon@test2"} 1 1.28125 0.0 1.6015625 1.171875 1.3232421875 8
stats: {recvpackets,"os_mon@test3"} 1 14606.0 0.0 17602 5089 12441.57142857143 7
stats: {sentpackets,"os_mon@test3"} 1 10754.0 0.0 11770 3452 8494.857142857143 7
stats: {freemem,"os_mon@test2"} 1 1366.625 0.0 1537.421875 1366.625 1490.765625 8
stats: {cpu,"os_mon@test3"} 1 52.826310380267216 0.0 60.295670538542765 2.8455284552845526 42.16296933193822 8
stats: {load,"os_mon@test4"} 1 1.359375 0.0 1.66015625 1.0703125 1.24853515625 8
stats: {freemem,"os_mon@test4"} 1 1329.7109375 0.0 1540.609375 1329.7109375 1494.498046875 8
stats: {freemem,"os_mon@myserver"} 0 0 0 1372.0 1325.5625 1348.396484375 8
stats: {recvpackets,"os_mon@test2"} 1 14462.0 0.0 17591 5117 12478.142857142857 7
stats: {sentpackets,"os_mon@test2"} 1 10619.0 0.0 11767 3472 8529.142857142857 7
stats: {load,"os_mon@test3"} 1 1.62109375 0.0 1.91015625 1.37890625 1.58984375 8
stats: {cpu,"os_mon@test2"} 1 64.20133538777607 0.0 68.23104693140795 5.530187721968543 47.37851784884635 8
stats: {freemem,"os_mon@test3"} 1 1260.55078125 0.0 1389.8828125 1260.55078125 1349.56494140625 8
stats: {recvpackets,"os_mon@test4"} 1 14602.0 0.0 17588 5111 12443.714285714286 7
stats: {sentpackets,"os_mon@test4"} 1 10750.0 0.0 11762 3466 8498.0 7
stats: {cpu,"os_mon@test4"} 1 72.59565667011375 0.0 72.59565667011375 3.0933062880324544 44.99616917041699 8
stats: {load,"os_mon@myserver"} 0 0 0 2.7109375 2.078125 2.45947265625 8
stats: {recvpackets,"os_mon@myserver"} 0 0 0 20047 5269 13573.57142857143 7
stats: {sentpackets,"os_mon@myserver"} 0 0 0 13336 3570 9348.285714285714 7
stats: {cpu,"os_mon@myserver"} 0 0 0 75.11460379829732 4.5592705167173255 55.90826687569301 8
stats: session 2980 13749.898534336993 7106.258045511383 60099.052978515625 17.125 6243.551824404484 18991
stats: users_count 3537 26965
stats: finish_users_count 2980 21971
stats: 200 28876 231175
stats: request 31710 1411.053671271389 2321.5615695412425 54387.66015625 1.1689453125 694.7721153944565 209159
stats: connect 32396 325.91824638874436 468.0332164443541 10424.84814453125 0.359130859375 197.56717312464767 212077
stats: page 2993 13735.447974472994 7144.634349140028 60097.72607421875 15.955078125 6212.620189799843 18916
stats: size_rcv 3811419 30634018
stats: newphase 6 48
stats: size_sent 4297484 32444019
stats: connected 686 3604
# stats: dump at 1339071657
stats: users 5857 5857
stats: {load,"os_mon@test2"} 1 1.25 0.0 1.6015625 1.171875 1.3185763888888888 9
stats: {recvpackets,"os_mon@test3"} 1 13763.0 0.0 17602 5089 12712.125 8
stats: {sentpackets,"os_mon@test3"} 1 10275.0 0.0 11770 3452 8777.25 8
stats: {freemem,"os_mon@test2"} 1 1346.70703125 0.0 1537.421875 1346.70703125 1476.9722222222222 9
stats: {cpu,"os_mon@test3"} 1 76.27380339680906 0.0 76.27380339680906 2.8455284552845526 43.34778500397478 9
stats: {load,"os_mon@test4"} 1 1.62109375 0.0 1.66015625 1.0703125 1.2608506944444444 9
stats: {freemem,"os_mon@test4"} 1 1315.21875 0.0 1540.609375 1315.21875 1476.1883680555557 9
stats: {freemem,"os_mon@myserver"} 1 1321.33984375 0.0 1372.0 1321.33984375 1348.396484375 8
stats: {recvpackets,"os_mon@test2"} 1 14029.0 0.0 17591 5117 12726.125 8
stats: {sentpackets,"os_mon@test2"} 1 10460.0 0.0 11767 3472 8790.375 8
stats: {load,"os_mon@test3"} 1 1.671875 0.0 1.91015625 1.37890625 1.5933159722222223 9
stats: {cpu,"os_mon@test2"} 1 54.21188630490956 0.0 68.23104693140795 5.530187721968543 49.24771979761632 9
stats: {freemem,"os_mon@test3"} 1 1185.25 0.0 1389.8828125 1185.25 1339.6744791666667 9
stats: {recvpackets,"os_mon@test4"} 1 13838.0 0.0 17588 5111 12713.5 8
stats: {sentpackets,"os_mon@test4"} 1 10329.0 0.0 11762 3466 8779.5 8
stats: {cpu,"os_mon@test4"} 1 60.340381640020624 0.0 72.59565667011375 3.0933062880324544 48.062778892605515 9
stats: {load,"os_mon@myserver"} 1 2.41015625 0.0 2.7109375 2.078125 2.45947265625 8
stats: {recvpackets,"os_mon@myserver"} 1 16793.0 0.0 20047 5269 13573.57142857143 7
stats: {sentpackets,"os_mon@myserver"} 1 12292.0 0.0 13336 3570 9348.285714285714 7
stats: {cpu,"os_mon@myserver"} 1 74.23259835711198 0.0 75.11460379829732 4.5592705167173255 55.90826687569301 8
stats: session 2731 14783.308805976234 7952.471143279568 60099.052978515625 17.125 7261.662661216596 21971
stats: users_count 3594 30559
stats: finish_users_count 2731 24702
stats: request 29316 1518.0109723955607 2746.152182052423 54387.66015625 1.1689453125 789.0693812811315 240869
stats: page 2793 14766.98541161426 7915.64882608106 60097.72607421875 15.955078125 7240.317645618307 21909
stats: connect 29655 340.99322352726955 471.2997862251272 10424.84814453125 0.359130859375 214.57543730704688 244473
stats: 200 26336 257511
stats: size_rcv 3458820 34092838
stats: newphase 6 54
stats: size_sent 3933829 36377848
stats: connected 339 3943
# stats: dump at 1339071667
stats: users 6577 6777
stats: {load,"os_mon@test2"} 1 1.12890625 0.0 1.6015625 1.12890625 1.31171875 10
stats: {recvpackets,"os_mon@test3"} 1 16236.0 0.0 17602 5089 12828.888888888889 9
stats: {sentpackets,"os_mon@test3"} 1 11833.0 0.0 11833 3452 8943.666666666666 9
stats: {freemem,"os_mon@test2"} 1 1291.33984375 0.0 1537.421875 1291.33984375 1463.945703125 10
stats: {cpu,"os_mon@test3"} 1 68.58638743455498 0.0 76.27380339680906 2.8455284552845526 46.640386843258206 10
stats: {load,"os_mon@test4"} 1 1.51953125 0.0 1.66015625 1.0703125 1.296875 10
stats: {freemem,"os_mon@test4"} 1 1320.3203125 0.0 1540.609375 1315.21875 1460.09140625 10
stats: {freemem,"os_mon@myserver"} 1 1313.71875 0.0 1372.0 1313.71875 1345.3901909722222 9
stats: {recvpackets,"os_mon@test2"} 1 16298.0 0.0 17591 5117 12870.888888888889 9
stats: {sentpackets,"os_mon@test2"} 1 11863.0 0.0 11863 3472 8975.888888888889 9
stats: {load,"os_mon@test3"} 1 1.87890625 0.0 1.91015625 1.37890625 1.601171875 10
stats: {cpu,"os_mon@test2"} 1 66.63265306122449 0.0 68.23104693140795 5.530187721968543 49.74413644834564 10
stats: {freemem,"os_mon@test3"} 1 1117.984375 0.0 1389.8828125 1117.984375 1324.23203125 10
stats: {recvpackets,"os_mon@test4"} 1 16221.0 0.0 17588 5111 12838.444444444445 9
stats: {sentpackets,"os_mon@test4"} 1 11813.0 0.0 11813 3466 8951.666666666666 9
stats: {cpu,"os_mon@test4"} 1 39.759665621734584 0.0 72.59565667011375 3.0933062880324544 49.29053916734703 10
stats: {load,"os_mon@myserver"} 1 2.3515625 0.0 2.7109375 2.078125 2.4539930555555554 9
stats: {recvpackets,"os_mon@myserver"} 1 19262.0 0.0 20047 5269 13976.0 8
stats: {sentpackets,"os_mon@myserver"} 1 14142.0 0.0 14142 3570 9716.25 8
stats: {cpu,"os_mon@myserver"} 1 63.379958725063055 0.0 75.11460379829732 4.5592705167173255 57.94430370696178 9
stats: session 2306 17344.726771702888 9046.410863421037 63960.864990234375 17.125 8093.239684183908 24702
stats: users_count 3026 33585
stats: finish_users_count 2306 27008
stats: 200 24759 282270
stats: connect 27931 416.3291442615429 773.5119992592163 15239.3798828125 0.359130859375 228.25123638762494 274128
stats: page 2217 17243.228937062155 9005.183244568714 63959.045166015625 15.955078125 8091.341168832083 24702
stats: request 26970 2058.564862234814 3418.5071957852733 59190.887939453125 1.1689453125 868.162046251839 270185
stats: size_rcv 3186519 37279357
stats: newphase 6 60
stats: size_sent 3706921 40084769
stats: connected 961 4904
# stats: dump at 1339071677
stats: users 6772 7011
stats: {load,"os_mon@test2"} 1 1.578125 0.0 1.6015625 1.12890625 1.2950994318181819 11
stats: {recvpackets,"os_mon@test3"} 1 14624.0 0.0 17602 5089 13169.6 10
stats: {sentpackets,"os_mon@test3"} 1 10949.0 0.0 11833 3452 9232.6 10
stats: {freemem,"os_mon@test2"} 1 1246.1328125 0.0 1537.421875 1246.1328125 1448.2542613636363 11
stats: {cpu,"os_mon@test3"} 1 76.16339193381593 0.0 76.27380339680906 2.8455284552845526 48.63547780610336 11
stats: {load,"os_mon@test4"} 1 1.73828125 0.0 1.73828125 1.0703125 1.3171164772727273 11
stats: {freemem,"os_mon@test4"} 1 1281.58203125 0.0 1540.609375 1281.58203125 1447.3849431818182 11
stats: {freemem,"os_mon@myserver"} 1 1306.47265625 0.0 1372.0 1306.47265625 1342.223046875 10
stats: {recvpackets,"os_mon@test2"} 1 14893.0 0.0 17591 5117 13213.6 10
stats: {sentpackets,"os_mon@test2"} 1 11118.0 0.0 11863 3472 9264.6 10
stats: {load,"os_mon@test3"} 1 1.98046875 0.0 1.98046875 1.37890625 1.6264204545454546 11
stats: {cpu,"os_mon@test2"} 1 70.86330935251799 0.0 70.86330935251799 5.530187721968543 51.27945614042554 11
stats: {freemem,"os_mon@test3"} 1 1055.6171875 0.0 1389.8828125 1055.6171875 1305.4822443181818 11
stats: {recvpackets,"os_mon@test4"} 1 14689.0 0.0 17588 5111 13176.7 10
stats: {sentpackets,"os_mon@test4"} 1 10994.0 0.0 11813 3466 9237.8 10
stats: {cpu,"os_mon@test4"} 1 53.53218210361067 0.0 72.59565667011375 3.0933062880324544 48.4240961177459 11
stats: {load,"os_mon@myserver"} 1 2.48046875 0.0 2.7109375 2.078125 2.44375 10
stats: {recvpackets,"os_mon@myserver"} 1 17923.0 0.0 20047 5269 14563.333333333334 9
stats: {sentpackets,"os_mon@myserver"} 1 13279.0 0.0 14142 3570 10208.0 9
stats: {cpu,"os_mon@myserver"} 1 69.10100802304052 0.0 75.11460379829732 4.5592705167173255 58.487869208771905 10
stats: session 2847 18839.62295563318 9325.459689696694 72007.47607421875 17.125 8883.151163146393 27008
stats: users_count 3042 36627
stats: finish_users_count 2847 29855
stats: request 31024 2043.8493188992743 3485.798994057966 62475.322998046875 1.1689453125 976.2038559035724 297155
stats: page 2834 18891.98646165288 9345.561637639785 72006.13305664063 15.955078125 8845.07404086173 26919
stats: connect 30674 339.42981374093455 560.3656534983917 15239.3798828125 0.359130859375 245.6425541262998 302059
stats: 200 27960 310230
stats: size_rcv 3598912 40878269
stats: newphase 6 66
stats: size_sent 4072062 44156831
stats: connected -350 4554
# stats: dump at 1339071687
stats: users 6649 7242
stats: {load,"os_mon@test2"} 1 1.9609375 0.0 1.9609375 1.12890625 1.3186848958333333 12
stats: {recvpackets,"os_mon@test3"} 1 16462.0 0.0 17602 5089 13301.818181818182 11
stats: {sentpackets,"os_mon@test3"} 1 12430.0 0.0 12430 3452 9388.636363636364 11
stats: {freemem,"os_mon@test2"} 1 1195.28515625 0.0 1537.421875 1195.28515625 1431.4108072916667 12
stats: {cpu,"os_mon@test3"} 1 67.68447837150127 0.0 76.27380339680906 2.8455284552845526 50.9294706500794 12
stats: {load,"os_mon@test4"} 1 1.62890625 0.0 1.73828125 1.0703125 1.3522135416666667 12
stats: {freemem,"os_mon@test4"} 1 1206.109375 0.0 1540.609375 1206.109375 1433.5680338541667 12
stats: {freemem,"os_mon@myserver"} 1 1297.51953125 0.0 1372.0 1297.51953125 1338.9730113636363 11
stats: {recvpackets,"os_mon@test2"} 1 15873.0 0.0 17591 5117 13366.272727272728 11
stats: {sentpackets,"os_mon@test2"} 1 12105.0 0.0 12105 3472 9433.09090909091 11
stats: {load,"os_mon@test3"} 1 1.671875 0.0 1.98046875 1.37890625 1.6559244791666667 12
stats: {cpu,"os_mon@test2"} 1 73.2612055641422 0.0 73.2612055641422 5.530187721968543 52.911443908099905 12
stats: {freemem,"os_mon@test3"} 1 1011.07421875 0.0 1389.8828125 1011.07421875 1284.66015625 12
stats: {recvpackets,"os_mon@test4"} 1 16151.0 0.0 17588 5111 13314.181818181818 11
stats: {sentpackets,"os_mon@test4"} 1 12204.0 0.0 12204 3466 9397.454545454546 11
stats: {cpu,"os_mon@test4"} 1 69.21093347086126 0.0 72.59565667011375 3.0933062880324544 48.849769949901294 12
stats: {load,"os_mon@myserver"} 1 2.41015625 0.0 2.7109375 2.078125 2.4470880681818183 11
stats: {recvpackets,"os_mon@myserver"} 1 17882.0 0.0 20047 5269 14899.3 10
stats: {sentpackets,"os_mon@myserver"} 1 13665.0 0.0 14142 3570 10515.1 10
stats: {cpu,"os_mon@myserver"} 1 74.40621531631521 0.0 75.11460379829732 4.5592705167173255 59.45270001006906 11
stats: session 3119 20177.94532111024 10666.681855091188 79875.52197265625 17.125 9832.609384322406 29855
stats: users_count 2996 39623
stats: finish_users_count 3119 32974
stats: request 30875 2138.640499739063 3843.8705144321066 62979.570068359375 1.1689453125 1077.1324127093967 328179
stats: page 3121 20049.49027380049 10593.214112817786 79874.04809570313 15.955078125 9802.051481809604 29753
stats: connect 30134 299.59720883439195 428.6602775324755 15239.3798828125 0.359130859375 254.2886168895944 332733
stats: 200 28584 338814
stats: size_rcv 3566882 44445151
stats: newphase 4 70
stats: size_sent 4000826 48157657
stats: connected -741 3813
# stats: dump at 1339071697
stats: users 6649 7545
stats: {load,"os_mon@test2"} 1 1.80859375 0.0 1.9609375 1.12890625 1.3680889423076923 13
stats: {recvpackets,"os_mon@test3"} 1 17307.0 0.0 17602 5089 13565.166666666666 12
stats: {sentpackets,"os_mon@test3"} 1 13065.0 0.0 13065 3452 9642.083333333334 12
stats: {freemem,"os_mon@test2"} 1 1145.015625 0.0 1537.421875 1145.015625 1413.247295673077 13
stats: {cpu,"os_mon@test3"} 1 76.11940298507463 0.0 76.27380339680906 2.8455284552845526 52.21831739788109 13
stats: {load,"os_mon@test4"} 1 1.37890625 0.0 1.73828125 1.0703125 1.3734975961538463 13
stats: {freemem,"os_mon@test4"} 1 1177.0546875 0.0 1540.609375 1177.0546875 1416.0712139423076 13
stats: {freemem,"os_mon@myserver"} 1 1293.72265625 0.0 1372.0 1293.72265625 1335.5185546874998 12
stats: {recvpackets,"os_mon@test2"} 1 17165.0 0.0 17591 5117 13575.166666666666 12
stats: {sentpackets,"os_mon@test2"} 1 1.29e4 0.0 12900 3472 9655.750000000002 12
stats: {load,"os_mon@test3"} 1 1.6484375 0.0 1.98046875 1.37890625 1.6571514423076923 13
stats: {cpu,"os_mon@test2"} 1 72.06414899120539 0.0 73.2612055641422 5.530187721968543 54.47681018933393 13
stats: {freemem,"os_mon@test3"} 1 955.41796875 0.0 1389.8828125 955.41796875 1263.6150841346155 13
stats: {recvpackets,"os_mon@test4"} 1 17322.0 0.0 17588 5111 13550.583333333334 12
stats: {sentpackets,"os_mon@test4"} 1 13067.0 0.0 13067 3466 9631.333333333334 12
stats: {cpu,"os_mon@test4"} 1 59.56112852664577 0.0 72.59565667011375 3.0933062880324544 50.41601329766745 13
stats: {load,"os_mon@myserver"} 1 2.578125 0.0 2.7109375 2.078125 2.4440104166666665 12
stats: {recvpackets,"os_mon@myserver"} 1 19324.0 0.0 20047 5269 15170.454545454546 11
stats: {sentpackets,"os_mon@myserver"} 1 14814.0 0.0 14814 3570 10801.454545454546 11
stats: {cpu,"os_mon@myserver"} 1 72.12270488132557 0.0 75.11460379829732 4.5592705167173255 60.69882628558957 12
stats: session 3265 20507.08221100923 11600.813500433007 93922.80200195313 17.125 10811.17136609111 32974
stats: users_count 3265 42888
stats: finish_users_count 3265 36239
stats: request 32457 2030.367540822039 3879.0908497751384 79468.9140625 1.1689453125 1168.4113350638086 359054
stats: page 3284 20575.426411971337 11610.723138352258 93920.98999023438 15.955078125 10774.925378195912 32874
stats: connect 33755 340.61188824167243 526.0930922920035 15239.3798828125 0.359130859375 258.05123269556333 362867
stats: 200 29843 368657
stats: size_rcv 3837898 48283049
stats: newphase 5 75
stats: size_sent 4478310 52635967
stats: connected 1297 5110
# stats: dump at 1339071707
stats: users 7081 7545
stats: {load,"os_mon@test2"} 1 1.609375 0.0 1.9609375 1.12890625 1.3995535714285714 14
stats: {recvpackets,"os_mon@test3"} 1 14664.0 0.0 17602 5089 13853.0 13
stats: {sentpackets,"os_mon@test3"} 1 11783.0 0.0 13065 3452 9905.384615384615 13
stats: {freemem,"os_mon@test2"} 1 1101.734375 0.0 1537.421875 1101.734375 1394.087890625 14
stats: {cpu,"os_mon@test3"} 1 71.50232318017554 0.0 76.27380339680906 2.8455284552845526 53.925537796966346 14
stats: {load,"os_mon@test4"} 1 1.23828125 0.0 1.73828125 1.0703125 1.3738839285714286 14
stats: {freemem,"os_mon@test4"} 1 1121.62890625 0.0 1540.609375 1121.62890625 1398.9986049107142 14
stats: {freemem,"os_mon@myserver"} 1 1292.54296875 0.0 1372.0 1292.54296875 1332.3034855769229 13
stats: {recvpackets,"os_mon@test2"} 1 14718.0 0.0 17591 5117 13851.307692307691 13
stats: {sentpackets,"os_mon@test2"} 1 11809.0 0.0 12900 3472 9905.307692307695 13
stats: {load,"os_mon@test3"} 1 1.5390625 0.0 1.98046875 1.37890625 1.6565290178571428 14
stats: {cpu,"os_mon@test2"} 1 68.86258363355635 0.0 73.2612055641422 5.530187721968543 55.733048675181884 14
stats: {freemem,"os_mon@test3"} 1 890.68359375 0.0 1389.8828125 890.68359375 1241.6010044642858 14
stats: {recvpackets,"os_mon@test4"} 1 14578.0 0.0 17588 5111 13840.692307692309 13
stats: {sentpackets,"os_mon@test4"} 1 11757.0 0.0 13067 3466 9895.615384615385 13
stats: {cpu,"os_mon@test4"} 1 65.64608199273482 0.0 72.59565667011375 3.0933062880324544 51.069235814023045 14
stats: {load,"os_mon@myserver"} 1 2.6796875 0.0 2.7109375 2.078125 2.454326923076923 13
stats: {recvpackets,"os_mon@myserver"} 1 20244.0 0.0 20244 5269 15516.583333333334 12
stats: {sentpackets,"os_mon@myserver"} 1 15590.0 0.0 15590 3570 11135.833333333334 12
stats: {cpu,"os_mon@myserver"} 1 72.72527954395966 0.0 75.11460379829732 4.5592705167173255 61.57758617756926 13
stats: session 3087 20674.401945311216 12674.707691323449 106221.51391601563 17.125 11684.737107658419 36239
stats: users_count 3519 46407
stats: finish_users_count 3087 39326
stats: request 30949 1986.990896329065 4153.2616953289935 88492.416015625 1.1689453125 1239.869129532661 391511
stats: page 3083 20613.88660891441 12550.476459787356 106218.916015625 15.955078125 11665.042237394942 36158
stats: connect 30401 302.23003941392125 466.133762927358 15239.3798828125 0.359130859375 265.0776581786654 396622
stats: 200 28148 396805
stats: size_rcv 3567084 51850133
stats: newphase 5 80
stats: size_sent 4035528 56671495
stats: connected -549 4561
# stats: dump at 1339071717
stats: users 7004 7605
stats: {load,"os_mon@test2"} 1 1.73828125 0.0 1.9609375 1.12890625 1.4135416666666667 15
stats: {recvpackets,"os_mon@test3"} 1 18361.0 0.0 18361 5089 13910.92857142857 14
stats: {sentpackets,"os_mon@test3"} 1 14063.0 0.0 14063 3452 10039.5 14
stats: {freemem,"os_mon@test2"} 1 1058.375 0.0 1537.421875 1058.375 1374.59765625 15
stats: {cpu,"os_mon@test3"} 1 78.45758354755785 0.0 78.45758354755785 2.8455284552845526 55.09732348918029 15
stats: {load,"os_mon@test4"} 1 1.28125 0.0 1.73828125 1.0703125 1.36484375 15
stats: {freemem,"os_mon@test4"} 1 1056.51953125 0.0 1540.609375 1056.51953125 1380.5072916666666 15
stats: {freemem,"os_mon@myserver"} 0 0 0 1372.0 1292.54296875 1329.463448660714 14
stats: {recvpackets,"os_mon@test2"} 1 18343.0 0.0 18343 5117 13913.214285714286 14
stats: {sentpackets,"os_mon@test2"} 1 14053.0 0.0 14053 3472 10041.285714285716 14
stats: {load,"os_mon@test3"} 1 1.6015625 0.0 1.98046875 1.37890625 1.6486979166666667 15
stats: {cpu,"os_mon@test2"} 1 59.289758106021615 0.0 73.2612055641422 5.530187721968543 56.60835100574018 15
stats: {freemem,"os_mon@test3"} 1 825.36328125 0.0 1389.8828125 825.36328125 1218.2065104166666 15
stats: {recvpackets,"os_mon@test4"} 1 18262.0 0.0 18262 5111 13893.357142857143 14
stats: {sentpackets,"os_mon@test4"} 1 1.4e4 0.0 14000 3466 10028.57142857143 14
stats: {cpu,"os_mon@test4"} 1 67.57311441765009 0.0 72.59565667011375 3.0933062880324544 52.041025559270494 15
stats: {load,"os_mon@myserver"} 0 0 0 2.7109375 2.078125 2.470424107142857 14
stats: {recvpackets,"os_mon@myserver"} 0 0 0 20244 5269 15880.23076923077 13
stats: {sentpackets,"os_mon@myserver"} 0 0 0 15590 3570 11478.461538461539 13
stats: {cpu,"os_mon@myserver"} 0 0 0 75.11460379829732 4.5592705167173255 62.37384998945429 14
stats: session 2921 21520.706661236145 13176.749912390896 107271.36791992188 17.125 12390.404995412937 39326
stats: users_count 2844 49251
stats: finish_users_count 2921 42247
stats: request 30592 2283.0769465777857 4502.207983132203 94166.4599609375 1.1689453125 1294.6025281043173 422460
stats: page 2935 21474.016807938282 13236.71777221064 107268.90698242188 15.955078125 12368.11522731351 39241
stats: connect 30944 327.51527521553504 481.9499799723497 15239.3798828125 0.359130859375 267.72264344159737 427023
stats: 200 27280 424085
stats: size_rcv 3528724 55378857
stats: newphase 4 84
stats: size_sent 4105408 60776903
stats: connected 352 4913
# stats: dump at 1339071727
stats: users 7923 8413
stats: {load,"os_mon@test2"} 1 1.7109375 0.0 1.9609375 1.12890625 1.433837890625 16
stats: {recvpackets,"os_mon@test3"} 1 18422.0 0.0 18422 5089 14207.6 15
stats: {sentpackets,"os_mon@test3"} 1 14201.0 0.0 14201 3452 10307.733333333334 15
stats: {freemem,"os_mon@test2"} 1 1001.3984375 0.0 1537.421875 1001.3984375 1354.833740234375 16
stats: {cpu,"os_mon@test3"} 1 72.61538461538461 0.0 78.45758354755785 2.8455284552845526 56.55733974282889 16
stats: {load,"os_mon@test4"} 1 1.16015625 0.0 1.73828125 1.0703125 1.359619140625 16
stats: {freemem,"os_mon@test4"} 1 1011.546875 0.0 1540.609375 1011.546875 1360.258056640625 16
stats: {freemem,"os_mon@myserver"} 1 1268.75 0.0 1372.0 1268.75 1329.463448660714 14
stats: {recvpackets,"os_mon@test2"} 1 18612.0 0.0 18612 5117 14208.533333333333 15
stats: {sentpackets,"os_mon@test2"} 1 14334.0 0.0 14334 3472 10308.733333333335 15
stats: {load,"os_mon@test3"} 1 1.91015625 0.0 1.98046875 1.37890625 1.645751953125 16
stats: {cpu,"os_mon@test2"} 1 71.11339148281169 0.0 73.2612055641422 5.530187721968543 56.775938949507776 16
stats: {freemem,"os_mon@test3"} 1 772.265625 0.0 1389.8828125 772.265625 1193.65380859375 16
stats: {recvpackets,"os_mon@test4"} 1 18166.0 0.0 18262 5111 14184.6 15
stats: {sentpackets,"os_mon@test4"} 1 13991.0 0.0 14000 3466 10293.333333333334 15
stats: {cpu,"os_mon@test4"} 1 69.27803379416282 0.0 72.59565667011375 3.0933062880324544 53.01178111291922 16
stats: {load,"os_mon@myserver"} 1 3.0703125 0.0 3.0703125 2.078125 2.470424107142857 14
stats: {recvpackets,"os_mon@myserver"} 1 28817.0 0.0 28817 5269 15880.23076923077 13
stats: {sentpackets,"os_mon@myserver"} 1 22463.0 0.0 22463 3570 11478.461538461539 13
stats: {cpu,"os_mon@myserver"} 1 72.18105670103093 0.0 75.11460379829732 4.5592705167173255 62.37384998945429 14
stats: session 2841 22109.474192075846 13430.127600386759 107271.36791992188 17.125 13021.683220277888 42247
stats: users_count 3760 53011
stats: finish_users_count 2841 45088
stats: request 31828 2187.5433473182848 4444.571030397202 94166.4599609375 1.1689453125 1361.3485294682675 453052
stats: page 2828 22207.158232822403 13473.933461722503 107268.90698242188 15.955078125 13001.78890758508 42176
stats: connect 32666 398.2696116760473 637.7629818899508 15239.3798828125 0.359130859375 271.7627231801216 457967
stats: 200 27569 451654
stats: size_rcv 3623079 59001936
stats: newphase 6 90
stats: size_sent 4336654 65113557
stats: connected 838 5751
# stats: dump at 1339071737
stats: users 9127 9228
stats: {load,"os_mon@test2"} 1 1.9296875 0.0 1.9609375 1.12890625 1.4501378676470589 17
stats: {recvpackets,"os_mon@test3"} 1 16534.0 0.0 18422 5089 14471.0 16
stats: {sentpackets,"os_mon@test3"} 1 13410.0 0.0 14201 3452 10551.0625 16
stats: {freemem,"os_mon@test2"} 1 933.31640625 0.0 1537.421875 933.31640625 1334.0434283088234 17
stats: {cpu,"os_mon@test3"} 1 76.0061919504644 0.0 78.45758354755785 2.8455284552845526 57.501930617685105 17
stats: {load,"os_mon@test4"} 1 1.51171875 0.0 1.73828125 1.0703125 1.3478860294117647 17
stats: {freemem,"os_mon@test4"} 1 963.59765625 0.0 1540.609375 963.59765625 1339.7456341911766 17
stats: {freemem,"os_mon@myserver"} 1 1257.84375 0.0 1372.0 1257.84375 1325.4158854166665 15
stats: {recvpackets,"os_mon@test2"} 1 16347.0 0.0 18612 5117 14483.75 16
stats: {sentpackets,"os_mon@test2"} 1 13286.0 0.0 14334 3472 10560.312500000002 16
stats: {load,"os_mon@test3"} 1 1.69921875 0.0 1.98046875 1.37890625 1.6613051470588236 17
stats: {cpu,"os_mon@test2"} 1 74.56676860346585 0.0 74.56676860346585 5.530187721968543 57.61931851029036 17
stats: {freemem,"os_mon@test3"} 1 696.921875 0.0 1389.8828125 696.921875 1168.866268382353 17
stats: {recvpackets,"os_mon@test4"} 1 16855.0 0.0 18262 5111 14433.4375 16
stats: {sentpackets,"os_mon@test4"} 1 13624.0 0.0 14000 3466 10524.4375 16
stats: {cpu,"os_mon@test4"} 1 59.07676348547718 0.0 72.59565667011375 3.0933062880324544 53.96861950593355 17
stats: {load,"os_mon@myserver"} 1 2.96875 0.0 3.0703125 2.078125 2.5104166666666665 15
stats: {recvpackets,"os_mon@myserver"} 1 20176.0 0.0 28817 5269 16804.285714285714 14
stats: {sentpackets,"os_mon@myserver"} 1 16190.0 0.0 22463 3570 12263.07142857143 14
stats: {cpu,"os_mon@myserver"} 1 73.4208880550344 0.0 75.11460379829732 4.5592705167173255 63.02766377022606 15
stats: session 2722 22881.810396641496 13751.383485596452 116420.40991210938 17.125 13594.305961381464 45088
stats: users_count 3926 56937
stats: finish_users_count 2722 47810
stats: request 29906 2250.6650327683715 4455.8681887750545 94166.4599609375 1.1689453125 1415.580769739119 484880
stats: page 2736 22772.6986981665 13636.059460750384 116419.126953125 15.955078125 13580.243810521955 45004
stats: connect 31078 348.38423423146077 529.4243596943435 15239.3798828125 0.359130859375 280.1854628238225 490633
stats: 200 27009 478663
stats: size_rcv 3482541 62484477
stats: newphase 5 95
stats: size_sent 4124127 69237684
stats: connected 1171 6922
# stats: dump at 1339071747
stats: users 8688 9228
stats: {load,"os_mon@test2"} 1 1.94921875 0.0 1.9609375 1.12890625 1.4767795138888888 18
stats: {recvpackets,"os_mon@test3"} 1 20163.0 0.0 20163 5089 14592.35294117647 17
stats: {sentpackets,"os_mon@test3"} 1 15564.0 0.0 15564 3452 10719.235294117647 17
stats: {freemem,"os_mon@test2"} 1 916.5546875 0.0 1537.421875 916.5546875 1311.7808159722222 18
stats: {cpu,"os_mon@test3"} 1 76.55207798871217 0.0 78.45758354755785 2.8455284552845526 58.52994513617284 18
stats: {load,"os_mon@test4"} 1 1.73046875 0.0 1.73828125 1.0703125 1.3569878472222223 18
stats: {freemem,"os_mon@test4"} 1 889.78125 0.0 1540.609375 889.78125 1318.8485243055557 18
stats: {freemem,"os_mon@myserver"} 1 1252.8203125 0.0 1372.0 1252.8203125 1321.1926269531248 16
stats: {recvpackets,"os_mon@test2"} 1 20131.0 0.0 20131 5117 14593.35294117647 17
stats: {sentpackets,"os_mon@test2"} 1 15543.0 0.0 15543 3472 10720.647058823532 17
stats: {load,"os_mon@test3"} 1 1.828125 0.0 1.98046875 1.37890625 1.6634114583333333 18
stats: {cpu,"os_mon@test2"} 1 68.66666666666667 0.0 74.56676860346585 5.530187721968543 58.56084351546677 18
stats: {freemem,"os_mon@test3"} 1 628.48828125 0.0 1389.8828125 628.48828125 1142.6471354166667 18
stats: {recvpackets,"os_mon@test4"} 1 20109.0 0.0 20109 5111 14575.882352941177 17
stats: {sentpackets,"os_mon@test4"} 1 15531.0 0.0 15531 3466 10706.764705882353 17
stats: {cpu,"os_mon@test4"} 1 69.60985626283367 0.0 72.59565667011375 3.0933062880324544 54.25240528257487 18
stats: {load,"os_mon@myserver"} 1 3.12890625 0.0 3.12890625 2.078125 2.5390625 16
stats: {recvpackets,"os_mon@myserver"} 1 21486.0 0.0 28817 5269 17029.066666666666 15
stats: {sentpackets,"os_mon@myserver"} 1 17209.0 0.0 22463 3570 12524.866666666667 15
stats: {cpu,"os_mon@myserver"} 1 72.00247218788628 0.0 75.11460379829732 4.5592705167173255 63.67724028802659 16
stats: session 3121 22968.302653020924 14680.425214701676 116420.40991210938 17.125 14123.077914378282 47810
stats: users_count 2682 59619
stats: finish_users_count 3121 50931
stats: request 31501 2504.397800421678 5158.598902073935 108475.2490234375 1.1689453125 1464.0941907920474 514786
stats: page 3122 22866.64330827912 14606.753201987198 116419.126953125 15.955078125 14107.067366713734 47740
stats: connect 31340 351.9625671036175 597.3501073088389 31266.1259765625 0.359130859375 284.24802124756013 521711
stats: 200 28099 506762
stats: size_rcv 3640353 66124830
stats: newphase 6 101
stats: size_sent 4157497 73395181
stats: connected -162 6760
# stats: dump at 1339071757
stats: users 9269 9462
stats: {load,"os_mon@test2"} 1 2.26953125 0.0 2.26953125 1.12890625 1.5016447368421053 19
stats: {recvpackets,"os_mon@test3"} 1 16804.0 0.0 20163 5089 14901.833333333334 18
stats: {sentpackets,"os_mon@test3"} 1 13764.0 0.0 15564 3452 10988.388888888889 18
stats: {freemem,"os_mon@test2"} 1 836.35546875 0.0 1537.421875 836.35546875 1290.9794407894738 19
stats: {cpu,"os_mon@test3"} 1 53.463314520266806 0.0 78.45758354755785 2.8455284552845526 59.47847844420123 19
stats: {load,"os_mon@test4"} 1 1.62109375 0.0 1.73828125 1.0703125 1.3766447368421053 19
stats: {freemem,"os_mon@test4"} 1 861.0390625 0.0 1540.609375 861.0390625 1296.2660361842106 19
stats: {freemem,"os_mon@myserver"} 0 0 0 1372.0 1252.8203125 1317.170726102941 17
stats: {recvpackets,"os_mon@test2"} 1 16901.0 0.0 20131 5117 14901.0 18
stats: {sentpackets,"os_mon@test2"} 1 13830.0 0.0 15543 3472 10988.555555555557 18
stats: {load,"os_mon@test3"} 1 1.76953125 0.0 1.98046875 1.37890625 1.672080592105263 19
stats: {cpu,"os_mon@test2"} 1 79.95930824008138 0.0 79.95930824008138 5.530187721968543 59.0927289444773 19
stats: {freemem,"os_mon@test3"} 1 626.81640625 0.0 1389.8828125 626.81640625 1115.5861430921052 19
stats: {recvpackets,"os_mon@test4"} 1 16934.0 0.0 20109 5111 14883.277777777777 18
stats: {sentpackets,"os_mon@test4"} 1 13848.0 0.0 15531 3466 10974.777777777777 18
stats: {cpu,"os_mon@test4"} 1 77.05252422233553 0.0 77.05252422233553 3.0933062880324544 55.0606921762727 19
stats: {load,"os_mon@myserver"} 0 0 0 3.12890625 2.078125 2.5737591911764706 17
stats: {recvpackets,"os_mon@myserver"} 0 0 0 28817 5269 17307.625 16
stats: {sentpackets,"os_mon@myserver"} 0 0 0 22463 3570 12817.625 16
stats: {cpu,"os_mon@myserver"} 0 0 0 75.11460379829732 4.5592705167173255 64.16695981154776 17
stats: session 2908 24617.874105293515 15255.915226819696 124565.18481445313 17.125 14665.104311058174 50931
stats: users_count 3489 63108
stats: finish_users_count 2908 53839
stats: request 31796 2469.2068725155914 5710.044280120733 108475.2490234375 1.1689453125 1524.0820799545993 546287
stats: page 2913 24731.146470043397 15293.327274647774 124563.22900390625 15.955078125 14644.745713801287 50862
stats: connect 32918 344.5647974939641 597.6234992530068 31266.1259765625 0.359130859375 288.0852331269869 553051
stats: 200 28462 535224
stats: size_rcv 3740888 69865718
stats: newphase 5 106
stats: size_sent 4369986 77765167
stats: connected 1122 7882
stats: error_abort 1 1
EndMonitor:{1339,71758,717260}
