# stats: dump at 1339077702
stats: users 2 2
stats: users_count 2 2
# stats: dump at 1339077712
stats: users 26 26
stats: {load,"os_mon@test2"} 1 0.73828125 0 0.73828125 0.73828125 0 0
stats: {freemem,"os_mon@test2"} 1 1517.21484375 0 1517.21484375 1517.21484375 0 0
stats: {cpu,"os_mon@test3"} 1 2.8978139298423997 0 2.8978139298423997 2.8978139298423997 0 0
stats: {load,"os_mon@test4"} 1 1.16015625 0 1.16015625 1.16015625 0 0
stats: {freemem,"os_mon@test4"} 1 1509.8203125 0 1509.8203125 1509.8203125 0 0
stats: {freemem,"os_mon@myserver"} 1 1372.03515625 0 1372.03515625 1372.03515625 0 0
stats: {load,"os_mon@test3"} 1 0.80859375 0 0.80859375 0.80859375 0 0
stats: {cpu,"os_mon@test2"} 1 6.578947368421052 0 6.578947368421052 6.578947368421052 0 0
stats: {freemem,"os_mon@test3"} 1 1360.07421875 0 1360.07421875 1360.07421875 0 0
stats: {cpu,"os_mon@test4"} 1 3.1297324583543666 0 3.1297324583543666 3.1297324583543666 0 0
stats: {load,"os_mon@myserver"} 1 0.69921875 0 0.69921875 0.69921875 0 0
stats: {cpu,"os_mon@myserver"} 1 7.501254390366283 0 7.501254390366283 7.501254390366283 0 0
stats: session 841 49.25254213965887 30.616572434053285 175.664794921875 21.050048828125 0 0
stats: users_count 865 867
stats: finish_users_count 841 841
stats: request 8449 4.625354378106879 3.3025318634578675 25.182861328125 1.380859375 0 0
stats: page 837 46.84736952331617 30.3538384012321 174.085205078125 18.345947265625 0 0
stats: connect 8466 0.9268567549148804 0.2717732299923436 7.866943359375 0.35400390625 0 0
stats: 200 8449 8449
stats: size_rcv 1184962 1184962
stats: newphase 2 2
stats: size_sent 1122166 1122166
stats: connected 17 17
# stats: dump at 1339077722
stats: users 1251 1251
stats: {load,"os_mon@test2"} 1 0.78125 0.0 0.78125 0.73828125 0.73828125 1
stats: {recvpackets,"os_mon@test3"} 1 4670 0 4670 4670 0 0
stats: {sentpackets,"os_mon@test3"} 1 3349 0 3349 3349 0 0
stats: {freemem,"os_mon@test2"} 1 1523.109375 0.0 1523.109375 1517.21484375 1517.21484375 1
stats: {cpu,"os_mon@test3"} 1 20.16418676244228 0.0 20.16418676244228 2.8978139298423997 2.8978139298423997 1
stats: {load,"os_mon@test4"} 1 0.98046875 0.0 1.16015625 0.98046875 1.16015625 1
stats: {freemem,"os_mon@test4"} 1 1516.35546875 0.0 1516.35546875 1509.8203125 1509.8203125 1
stats: {freemem,"os_mon@myserver"} 1 1375.69921875 0.0 1375.69921875 1372.03515625 1372.03515625 1
stats: {recvpackets,"os_mon@test2"} 1 4694 0 4694 4694 0 0
stats: {sentpackets,"os_mon@test2"} 1 3372 0 3372 3372 0 0
stats: {load,"os_mon@test3"} 1 0.69140625 0.0 0.80859375 0.69140625 0.80859375 1
stats: {cpu,"os_mon@test2"} 1 25.455465587044536 0.0 25.455465587044536 6.578947368421052 6.578947368421052 1
stats: {freemem,"os_mon@test3"} 1 1366.1015625 0.0 1366.1015625 1360.07421875 1360.07421875 1
stats: {recvpackets,"os_mon@test4"} 1 4676 0 4676 4676 0 0
stats: {sentpackets,"os_mon@test4"} 1 3353 0 3353 3353 0 0
stats: {cpu,"os_mon@test4"} 1 18.949536560247168 0.0 18.949536560247168 3.1297324583543666 3.1297324583543666 1
stats: {load,"os_mon@myserver"} 1 0.671875 0.0 0.69921875 0.671875 0.69921875 1
stats: {recvpackets,"os_mon@myserver"} 1 4740 0 4740 4740 0 0
stats: {sentpackets,"os_mon@myserver"} 1 3395 0 3395 3395 0 0
stats: {cpu,"os_mon@myserver"} 1 24.613851519681116 0.0 24.613851519681116 7.501254390366283 7.501254390366283 1
stats: session 702 2595.4776593939177 1759.383510340135 6094.763916015625 21.050048828125 49.25254213965887 841
stats: users_count 1927 2794
stats: finish_users_count 702 1543
stats: request 11324 433.0946039100779 288.26134018977547 1013.121826171875 1.380859375 4.625354378106879 8449
stats: page 705 2574.661784200464 1760.463783364833 6086.264892578125 18.345947265625 46.84736952331617 837
stats: connect 12553 0.9339662915177152 0.3591563540108047 11.888916015625 0.35400390625 0.9268567549148804 8466
stats: 200 11324 19773
stats: size_rcv 1486844 2671806
stats: newphase 6 8
stats: size_sent 1667435 2789601
stats: connected 1229 1246
# stats: dump at 1339077732
stats: users 3703 3703
stats: {load,"os_mon@test2"} 1 0.73828125 0.0 0.78125 0.73828125 0.759765625 2
stats: {recvpackets,"os_mon@test3"} 1 7534.0 0.0 7534 4670 4670.0 1
stats: {sentpackets,"os_mon@test3"} 1 5376.0 0.0 5376 3349 3349.0 1
stats: {freemem,"os_mon@test2"} 1 1516.1171875 0.0 1523.109375 1516.1171875 1520.162109375 2
stats: {cpu,"os_mon@test3"} 1 28.461142563046838 0.0 28.461142563046838 2.8978139298423997 11.53100034614234 2
stats: {load,"os_mon@test4"} 1 0.828125 0.0 1.16015625 0.828125 1.0703125 2
stats: {freemem,"os_mon@test4"} 1 1518.9296875 0.0 1518.9296875 1509.8203125 1513.087890625 2
stats: {freemem,"os_mon@myserver"} 1 1372.0078125 0.0 1375.69921875 1372.0078125 1373.8671875 2
stats: {recvpackets,"os_mon@test2"} 1 7603.0 0.0 7603 4694 4694.0 1
stats: {sentpackets,"os_mon@test2"} 1 5425.0 0.0 5425 3372 3372.0 1
stats: {load,"os_mon@test3"} 1 0.66015625 0.0 0.80859375 0.66015625 0.75 2
stats: {cpu,"os_mon@test2"} 1 32.006048387096776 0.0 32.006048387096776 6.578947368421052 16.017206477732795 2
stats: {freemem,"os_mon@test3"} 1 1366.76171875 0.0 1366.76171875 1360.07421875 1363.087890625 2
stats: {recvpackets,"os_mon@test4"} 1 7566.0 0.0 7566 4676 4676.0 1
stats: {sentpackets,"os_mon@test4"} 1 5.4e3 0.0 5400 3353 3353.0 1
stats: {cpu,"os_mon@test4"} 1 27.668393782383422 0.0 27.668393782383422 3.1297324583543666 11.039634509300768 2
stats: {load,"os_mon@myserver"} 1 0.71875 0.0 0.71875 0.671875 0.685546875 2
stats: {recvpackets,"os_mon@myserver"} 1 7642.0 0.0 7642 4740 4740.0 1
stats: {sentpackets,"os_mon@myserver"} 1 5454.0 0.0 5454 3395 3395.0 1
stats: {cpu,"os_mon@myserver"} 1 25.463194792188283 0.0 25.463194792188283 7.501254390366283 16.0575529550237 2
stats: session 496 9414.96664773265 2179.562812631742 13572.135009765625 21.050048828125 1207.6777089008317 1543
stats: users_count 2948 5742
stats: finish_users_count 496 2039
stats: request 10811 1707.171078759661 455.70324529130994 3051.742919921875 1.380859375 250.00975642635652 19773
stats: page 490 9354.590995695156 2154.130362747757 13583.06298828125 18.345947265625 1202.5601855722066 1542
stats: connect 12051 213.30330387438684 662.338629525177 3014.39990234375 0.35400390625 0.9311027234659716 21019
stats: 200 10811 30584
stats: size_rcv 1403450 4075256
stats: newphase 6 14
stats: size_sent 1600801 4390402
stats: connected 1240 2486
# stats: dump at 1339077742
stats: users 5070 5070
stats: {load,"os_mon@test2"} 1 0.62890625 0.0 0.78125 0.62890625 0.7526041666666666 3
stats: {recvpackets,"os_mon@test3"} 1 10269.0 0.0 10269 4670 6102.0 2
stats: {sentpackets,"os_mon@test3"} 1 7124.0 0.0 7124 3349 4362.5 2
stats: {freemem,"os_mon@test2"} 1 1485.03515625 0.0 1523.109375 1485.03515625 1518.8138020833333 3
stats: {cpu,"os_mon@test3"} 1 28.154327424400417 0.0 28.461142563046838 2.8978139298423997 17.174381085110507 3
stats: {load,"os_mon@test4"} 1 0.78125 0.0 1.16015625 0.78125 0.9895833333333334 3
stats: {freemem,"os_mon@test4"} 1 1490.0390625 0.0 1518.9296875 1490.0390625 1515.03515625 3
stats: {freemem,"os_mon@myserver"} 1 1369.43359375 0.0 1375.69921875 1369.43359375 1373.2473958333333 3
stats: {recvpackets,"os_mon@test2"} 1 10257.0 0.0 10257 4694 6148.5 2
stats: {sentpackets,"os_mon@test2"} 1 7113.0 0.0 7113 3372 4398.5 2
stats: {load,"os_mon@test3"} 1 0.640625 0.0 0.80859375 0.640625 0.7200520833333334 3
stats: {cpu,"os_mon@test2"} 1 35.231316725978644 0.0 35.231316725978644 6.578947368421052 21.346820447520788 3
stats: {freemem,"os_mon@test3"} 1 1337.5625 0.0 1366.76171875 1337.5625 1364.3125 3
stats: {recvpackets,"os_mon@test4"} 1 10262.0 0.0 10262 4676 6121.0 2
stats: {sentpackets,"os_mon@test4"} 1 7118.0 0.0 7118 3353 4376.5 2
stats: {cpu,"os_mon@test4"} 1 28.50418410041841 0.0 28.50418410041841 3.1297324583543666 16.582554266994986 3
stats: {load,"os_mon@myserver"} 1 0.76171875 0.0 0.76171875 0.671875 0.6966145833333334 3
stats: {recvpackets,"os_mon@myserver"} 1 10411.0 0.0 10411 4740 6191.0 2
stats: {sentpackets,"os_mon@myserver"} 1 7208.0 0.0 7208 3395 4424.5 2
stats: {cpu,"os_mon@myserver"} 1 25.431357839459867 0.0 25.463194792188283 7.501254390366283 19.192766900745227 3
stats: session 374 17288.634630499047 2433.0330215003223 22683.87109375 21.050048828125 3204.154076561735 2039
stats: users_count 1741 7483
stats: finish_users_count 374 2413
stats: 200 10781 41365
stats: request 10781 3401.856283669266 1744.27651844314 9949.302978515625 1.380859375 765.0951296850982 30584
stats: connect 10697 1412.5524811735404 1979.324575881718 7024.92919921875 0.35400390625 78.32140801738032 33070
stats: page 369 17064.048389465832 2376.7845907898804 22637.287109375 18.345947265625 3168.35501675343 2032
stats: size_rcv 1412812 5488068
stats: newphase 4 18
stats: size_sent 1418875 5809277
stats: connected -84 2402
# stats: dump at 1339077752
stats: users 8727 8744
stats: {load,"os_mon@test2"} 1 0.6015625 0.0 0.78125 0.6015625 0.7216796875 4
stats: {recvpackets,"os_mon@test3"} 1 6911.0 0.0 10269 4670 7491.0 3
stats: {sentpackets,"os_mon@test3"} 1 5291.0 0.0 7124 3349 5283.0 3
stats: {freemem,"os_mon@test2"} 1 1435.8515625 0.0 1523.109375 1435.8515625 1510.369140625 4
stats: {cpu,"os_mon@test3"} 1 30.76923076923077 0.0 30.76923076923077 2.8978139298423997 19.919367669932985 4
stats: {load,"os_mon@test4"} 1 0.73828125 0.0 1.16015625 0.73828125 0.9375 4
stats: {freemem,"os_mon@test4"} 1 1441.21484375 0.0 1518.9296875 1441.21484375 1508.7861328125 4
stats: {freemem,"os_mon@myserver"} 1 1369.84765625 0.0 1375.69921875 1369.43359375 1372.2939453125 4
stats: {recvpackets,"os_mon@test2"} 1 6915.0 0.0 10257 4694 7518.0 3
stats: {sentpackets,"os_mon@test2"} 1 5301.0 0.0 7113 3372 5303.333333333333 3
stats: {load,"os_mon@test3"} 1 0.5390625 0.0 0.80859375 0.5390625 0.7001953125 4
stats: {cpu,"os_mon@test2"} 1 36.43044619422572 0.0 36.43044619422572 6.578947368421052 24.817944517135253 4
stats: {freemem,"os_mon@test3"} 1 1287.0078125 0.0 1366.76171875 1287.0078125 1357.625 4
stats: {recvpackets,"os_mon@test4"} 1 6929.0 0.0 10262 4676 7501.333333333333 3
stats: {sentpackets,"os_mon@test4"} 1 5303.0 0.0 7118 3353 5290.333333333333 3
stats: {cpu,"os_mon@test4"} 1 29.166666666666668 0.0 29.166666666666668 3.1297324583543666 19.562961725350842 4
stats: {load,"os_mon@myserver"} 1 0.80078125 0.0 0.80078125 0.671875 0.712890625 4
stats: {recvpackets,"os_mon@myserver"} 1 6802.0 0.0 10411 4740 7597.666666666667 3
stats: {sentpackets,"os_mon@myserver"} 1 5226.0 0.0 7208 3395 5352.333333333333 3
stats: {cpu,"os_mon@myserver"} 1 25.444973677613437 0.0 25.463194792188283 7.501254390366283 20.752414635423886 4
stats: session 328 25176.73102550971 2511.479260793332 32102.190185546875 21.050048828125 5387.161008668057 2413
stats: users_count 3985 11468
stats: finish_users_count 328 2741
stats: 200 10702 52067
stats: request 10702 4316.303197950204 2762.419948633247 17343.2509765625 1.380859375 1452.3167421860849 41365
stats: connect 10934 2351.589796949309 2922.8566256846593 15052.946044921875 0.35400390625 404.41800567203893 43767
stats: page 325 24836.86048753004 2396.602997734004 30524.05908203125 18.345947265625 5303.9280507104795 2401
stats: size_rcv 1377688 6865756
stats: newphase 6 24
stats: size_sent 1450338 7259615
stats: connected 232 2634
# stats: dump at 1339077762
stats: users 9736 9736
stats: {load,"os_mon@test2"} 1 0.73828125 0.0 0.78125 0.6015625 0.69765625 5
stats: {recvpackets,"os_mon@test3"} 1 13698.0 0.0 13698 4670 7346.0 4
stats: {sentpackets,"os_mon@test3"} 1 9561.0 0.0 9561 3349 5285.0 4
stats: {freemem,"os_mon@test2"} 1 1386.125 0.0 1523.109375 1386.125 1495.465625 5
stats: {cpu,"os_mon@test3"} 1 31.52 0.0 31.52 2.8978139298423997 22.089340289792542 5
stats: {load,"os_mon@test4"} 1 0.69921875 0.0 1.16015625 0.69921875 0.89765625 5
stats: {freemem,"os_mon@test4"} 1 1405.55859375 0.0 1518.9296875 1405.55859375 1495.271875 5
stats: {freemem,"os_mon@myserver"} 1 1369.1171875 0.0 1375.69921875 1369.1171875 1371.8046875 5
stats: {recvpackets,"os_mon@test2"} 1 13635.0 0.0 13635 4694 7367.25 4
stats: {sentpackets,"os_mon@test2"} 1 9523.0 0.0 9523 3372 5302.75 4
stats: {load,"os_mon@test3"} 1 0.62109375 0.0 0.80859375 0.5390625 0.66796875 5
stats: {cpu,"os_mon@test2"} 1 40.43340380549683 0.0 40.43340380549683 6.578947368421052 27.140444852553344 5
stats: {freemem,"os_mon@test3"} 1 1254.296875 0.0 1366.76171875 1254.296875 1343.5015625 5
stats: {recvpackets,"os_mon@test4"} 1 13668.0 0.0 13668 4676 7358.25 4
stats: {sentpackets,"os_mon@test4"} 1 9543.0 0.0 9543 3353 5293.5 4
stats: {cpu,"os_mon@test4"} 1 32.09677419354839 0.0 32.09677419354839 3.1297324583543666 21.483702713614008 5
stats: {load,"os_mon@myserver"} 1 0.828125 0.0 0.828125 0.671875 0.73046875 5
stats: {recvpackets,"os_mon@myserver"} 1 13563.0 0.0 13563 4740 7398.75 4
stats: {sentpackets,"os_mon@myserver"} 1 9485.0 0.0 9485 3395 5320.75 4
stats: {cpu,"os_mon@myserver"} 1 25.55 0.0 25.55 7.501254390366283 21.690926443861795 5
stats: session 388 33691.95314765222 2956.5885453736228 41350.767822265625 21.050048828125 7755.267161723169 2741
stats: users_count 1397 12865
stats: finish_users_count 388 3129
stats: 200 10841 62908
stats: request 10842 6036.8910644846555 3002.7482148130243 19068.60693359375 1.380859375 2040.988704265475 52067
stats: page 385 33368.05702681103 2923.87968510715 40531.714111328125 18.345947265625 7632.6892546599875 2726
stats: connect 11035 3794.1789313167237 3075.9832805847727 15052.946044921875 0.35400390625 793.6316647610075 54701
stats: size_rcv 1444604 8310360
stats: newphase 6 30
stats: size_sent 1464249 8723864
stats: connected 193 2827
# stats: dump at 1339077772
stats: users 13123 13123
stats: {load,"os_mon@test2"} 1 0.69921875 0.0 0.78125 0.6015625 0.7044270833333334 6
stats: {recvpackets,"os_mon@test3"} 1 8021.0 0.0 13698 4670 8616.4 5
stats: {sentpackets,"os_mon@test3"} 1 6168.0 0.0 9561 3349 6140.2 5
stats: {freemem,"os_mon@test2"} 1 1344.48828125 0.0 1523.109375 1344.48828125 1477.2421875 6
stats: {cpu,"os_mon@test3"} 1 35.56975505857295 0.0 35.56975505857295 2.8978139298423997 23.66111690816045 6
stats: {load,"os_mon@test4"} 1 0.8984375 0.0 1.16015625 0.69921875 0.8645833333333334 6
stats: {freemem,"os_mon@test4"} 1 1354.515625 0.0 1518.9296875 1354.515625 1480.3196614583333 6
stats: {freemem,"os_mon@myserver"} 1 1368.7265625 0.0 1375.69921875 1368.7265625 1371.3567708333333 6
stats: {recvpackets,"os_mon@test2"} 1 8162.0 0.0 13635 4694 8620.8 5
stats: {sentpackets,"os_mon@test2"} 1 6260.0 0.0 9523 3372 6146.8 5
stats: {load,"os_mon@test3"} 1 0.51953125 0.0 0.80859375 0.51953125 0.66015625 6
stats: {cpu,"os_mon@test2"} 1 34.16578108395324 0.0 40.43340380549683 6.578947368421052 29.35593801137726 6
stats: {freemem,"os_mon@test3"} 1 1194.94140625 0.0 1366.76171875 1194.94140625 1328.6341145833333 6
stats: {recvpackets,"os_mon@test4"} 1 8099.0 0.0 13668 4676 8620.2 5
stats: {sentpackets,"os_mon@test4"} 1 6220.0 0.0 9543 3353 6143.4 5
stats: {cpu,"os_mon@test4"} 1 29.989440337909183 0.0 32.09677419354839 3.1297324583543666 23.252547960269737 6
stats: {load,"os_mon@myserver"} 1 0.859375 0.0 0.859375 0.671875 0.7467447916666666 6
stats: {recvpackets,"os_mon@myserver"} 1 8386.0 0.0 13563 4740 8631.6 5
stats: {sentpackets,"os_mon@myserver"} 1 6404.0 0.0 9485 3395 6153.6 5
stats: {cpu,"os_mon@myserver"} 1 25.481852315394242 0.0 25.55 7.501254390366283 22.334105369884828 6
stats: session 410 40421.915898318395 3454.6343474851574 48040.1669921875 21.050048828125 10971.44938049609 3129
stats: users_count 3797 16662
stats: finish_users_count 410 3539
stats: request 10701 5507.624129754226 3463.5315089642077 33353.348876953125 1.380859375 2729.6592186512758 62909
stats: connect 10665 3651.104007568928 4995.8465607557 31100.008056640625 0.35400390625 1297.3288639584387 65736
stats: 200 10684 73592
stats: page 416 40197.55959261382 3430.2100732907015 47673.253173828125 18.345947265625 10817.554761660358 3111
stats: size_rcv 1406768 9717128
stats: newphase 6 36
stats: size_sent 1415299 10139163
stats: connected -36 2791
# stats: dump at 1339077782
stats: users 14993 14993
stats: {load,"os_mon@test2"} 1 0.6015625 0.0 0.78125 0.6015625 0.7036830357142857 7
stats: {recvpackets,"os_mon@test3"} 1 14147.0 0.0 14147 4670 8517.166666666666 6
stats: {sentpackets,"os_mon@test3"} 1 10114.0 0.0 10114 3349 6144.833333333333 6
stats: {freemem,"os_mon@test2"} 1 1311.30859375 0.0 1523.109375 1311.30859375 1458.27734375 7
stats: {cpu,"os_mon@test3"} 1 42.94117647058823 0.0 42.94117647058823 2.8978139298423997 25.362350929647953 7
stats: {load,"os_mon@test4"} 1 0.921875 0.0 1.16015625 0.69921875 0.8694196428571429 7
stats: {freemem,"os_mon@test4"} 1 1293.48046875 0.0 1518.9296875 1293.48046875 1462.34765625 7
stats: {freemem,"os_mon@myserver"} 1 1368.83984375 0.0 1375.69921875 1368.7265625 1370.9810267857142 7
stats: {recvpackets,"os_mon@test2"} 1 14036.0 0.0 14036 4694 8544.333333333334 6
stats: {sentpackets,"os_mon@test2"} 1 10039.0 0.0 10039 3372 6165.666666666667 6
stats: {load,"os_mon@test3"} 1 0.51171875 0.0 0.80859375 0.51171875 0.6400669642857143 7
stats: {cpu,"os_mon@test2"} 1 31.392271042879834 0.0 40.43340380549683 6.578947368421052 30.043058450316686 7
stats: {freemem,"os_mon@test3"} 1 1116.3046875 0.0 1366.76171875 1116.3046875 1309.53515625 7
stats: {recvpackets,"os_mon@test4"} 1 14056.0 0.0 14056 4676 8533.333333333334 6
stats: {sentpackets,"os_mon@test4"} 1 10050.0 0.0 10050 3353 6156.166666666667 6
stats: {cpu,"os_mon@test4"} 1 35.84804708400214 0.0 35.84804708400214 3.1297324583543666 24.214961157075372 7
stats: {load,"os_mon@myserver"} 1 1.0390625 0.0 1.0390625 0.671875 0.7628348214285714 7
stats: {recvpackets,"os_mon@myserver"} 1 13899.0 0.0 13899 4740 8590.666666666666 6
stats: {sentpackets,"os_mon@myserver"} 1 9940.0 0.0 9940 3395 6195.333333333333 6
stats: {cpu,"os_mon@myserver"} 1 25.432222500626413 0.0 25.55 7.501254390366283 22.7837835049576 7
stats: session 354 48528.72982874296 4394.006274990816 60292.739990234375 21.050048828125 14383.342930173158 3539
stats: users_count 2224 18886
stats: finish_users_count 354 3893
stats: request 10743 7245.440150981313 5252.820328099716 36798.969970703125 1.380859375 3133.5038391337193 73610
stats: page 357 48213.924452495834 4404.057279800815 60290.6298828125 18.345947265625 14282.84594671186 3527
stats: connect 10545 4584.058427493587 4814.498197846825 31102.489990234375 0.35400390625 1625.8980175900124 76401
stats: 200 10732 84324
stats: size_rcv 1418418 11135546
stats: newphase 6 42
stats: size_sent 1399787 11538950
stats: connected -198 2593
# stats: dump at 1339077792
stats: users 17761 17761
stats: {load,"os_mon@test2"} 1 0.578125 0.0 0.78125 0.578125 0.69091796875 8
stats: {recvpackets,"os_mon@test3"} 1 11914.0 0.0 14147 4670 9321.42857142857 7
stats: {sentpackets,"os_mon@test3"} 1 8648.0 0.0 10114 3349 6711.857142857143 7
stats: {freemem,"os_mon@test2"} 1 1244.66015625 0.0 1523.109375 1244.66015625 1439.90625 8
stats: {cpu,"os_mon@test3"} 1 29.081081081081084 0.0 42.94117647058823 2.8978139298423997 27.559704122265487 8
stats: {load,"os_mon@test4"} 1 0.9296875 0.0 1.16015625 0.69921875 0.8759765625 8
stats: {freemem,"os_mon@test4"} 1 1234.62890625 0.0 1518.9296875 1234.62890625 1441.2392578125 8
stats: {freemem,"os_mon@myserver"} 1 1369.50390625 0.0 1375.69921875 1368.7265625 1370.71337890625 8
stats: {recvpackets,"os_mon@test2"} 1 12165.0 0.0 14036 4694 9328.857142857143 7
stats: {sentpackets,"os_mon@test2"} 1 8820.0 0.0 10039 3372 6719.0 7
stats: {load,"os_mon@test3"} 1 0.6015625 0.0 0.80859375 0.51171875 0.6240234375 8
stats: {cpu,"os_mon@test2"} 1 40.2555910543131 0.0 40.43340380549683 6.578947368421052 30.211710024387077 8
stats: {freemem,"os_mon@test3"} 1 1080.8515625 0.0 1366.76171875 1080.8515625 1285.38134765625 8
stats: {recvpackets,"os_mon@test4"} 1 12049.0 0.0 14056 4676 9322.285714285714 7
stats: {sentpackets,"os_mon@test4"} 1 8741.0 0.0 10050 3353 6712.428571428572 7
stats: {cpu,"os_mon@test4"} 1 34.02889245585875 0.0 35.84804708400214 3.1297324583543666 25.669096897941216 8
stats: {load,"os_mon@myserver"} 1 1.03125 0.0 1.0390625 0.671875 0.79736328125 8
stats: {recvpackets,"os_mon@myserver"} 1 12023.0 0.0 13899 4740 9349.0 7
stats: {sentpackets,"os_mon@myserver"} 1 8734.0 0.0 9940 3395 6730.285714285715 7
stats: {cpu,"os_mon@myserver"} 1 25.407166123778502 0.0 25.55 7.501254390366283 23.114838379416202 8
stats: session 333 55118.364554740285 6203.86338942812 68616.63208007813 21.050048828125 17488.266372786493 3893
stats: users_count 3101 21987
stats: finish_users_count 333 4226
stats: 200 10551 94875
stats: connect 10631 4355.092247057345 5628.79125134069 31102.489990234375 0.35400390625 1984.670146525595 86946
stats: page 327 54994.62775423477 6125.685974535275 68614.787109375 18.345947265625 17401.639722861415 3884
stats: request 10604 7375.02770176459 6302.8873570768055 44585.553955078125 1.380859375 3657.190392050376 84353
stats: size_rcv 1379808 12515354
stats: newphase 6 48
stats: size_sent 1411781 12950731
stats: connected 27 2620
# stats: dump at 1339077802
stats: users 19721 19722
stats: {load,"os_mon@test2"} 1 0.6484375 0.0 0.78125 0.578125 0.6783854166666666 9
stats: {recvpackets,"os_mon@test3"} 1 11625.0 0.0 14147 4670 9645.5 8
stats: {sentpackets,"os_mon@test3"} 1 8607.0 0.0 10114 3349 6953.875 8
stats: {freemem,"os_mon@test2"} 1 1192.89453125 0.0 1523.109375 1192.89453125 1418.2122395833333 9
stats: {cpu,"os_mon@test3"} 1 33.58129649309245 0.0 42.94117647058823 2.8978139298423997 27.728746006578334 9
stats: {load,"os_mon@test4"} 1 1.16015625 0.0 1.16015625 0.69921875 0.8819444444444444 9
stats: {freemem,"os_mon@test4"} 1 1175.00390625 0.0 1518.9296875 1175.00390625 1418.2825520833333 9
stats: {freemem,"os_mon@myserver"} 1 1369.74609375 0.0 1375.69921875 1368.7265625 1370.5789930555557 9
stats: {recvpackets,"os_mon@test2"} 1 11399.0 0.0 14036 4694 9683.375 8
stats: {sentpackets,"os_mon@test2"} 1 8446.0 0.0 10039 3372 6981.625 8
stats: {load,"os_mon@test3"} 1 0.5 0.0 0.80859375 0.5 0.6215277777777778 9
stats: {cpu,"os_mon@test2"} 1 36.450079239302696 0.0 40.43340380549683 6.578947368421052 31.327696805489968 9
stats: {freemem,"os_mon@test3"} 1 1016.19921875 0.0 1366.76171875 1016.19921875 1262.6558159722222 9
stats: {recvpackets,"os_mon@test4"} 1 11495.0 0.0 14056 4676 9663.125 8
stats: {sentpackets,"os_mon@test4"} 1 8519.0 0.0 10050 3353 6966.0 8
stats: {cpu,"os_mon@test4"} 1 34.40514469453376 0.0 35.84804708400214 3.1297324583543666 26.597963071043164 9
stats: {load,"os_mon@myserver"} 1 1.03125 0.0 1.0390625 0.671875 0.8233506944444444 9
stats: {recvpackets,"os_mon@myserver"} 1 11618.0 0.0 13899 4740 9683.25 8
stats: {sentpackets,"os_mon@myserver"} 1 8585.0 0.0 9940 3395 6980.75 8
stats: {cpu,"os_mon@myserver"} 1 25.475951903807616 0.0 25.55 7.501254390366283 23.369541462123124 9
stats: session 342 60653.35038248698 8489.744960652795 78534.9521484375 21.050048828125 20453.439750588343 4226
stats: users_count 2302 24289
stats: finish_users_count 342 4568
stats: request 10709 7246.930276387515 5945.806836466363 61602.1669921875 1.380859375 4072.367228220532 94957
stats: page 341 60482.15706260883 8438.822948042492 76323.001953125 18.345947265625 20320.87674168333 4211
stats: connect 10953 5132.563658648182 6638.5040642093045 31102.489990234375 0.35400390625 2242.927290634894 97577
stats: 200 10689 105564
stats: size_rcv 1413714 13929068
stats: newphase 4 52
stats: size_sent 1454451 14405182
stats: connected 244 2864
stats: error_connect_etimedout 7 7
# stats: dump at 1339077812
stats: users 23187 23201
stats: {load,"os_mon@test2"} 1 0.55078125 0.0 0.78125 0.55078125 0.675390625 10
stats: {recvpackets,"os_mon@test3"} 1 13450.0 0.0 14147 4670 9865.444444444445 9
stats: {sentpackets,"os_mon@test3"} 1 9739.0 0.0 10114 3349 7137.555555555556 9
stats: {freemem,"os_mon@test2"} 1 1138.4921875 0.0 1523.109375 1138.4921875 1395.68046875 10
stats: {cpu,"os_mon@test3"} 1 29.465240641711233 0.0 42.94117647058823 2.8978139298423997 28.314001055229745 10
stats: {load,"os_mon@test4"} 1 1.05078125 0.0 1.16015625 0.69921875 0.909765625 10
stats: {freemem,"os_mon@test4"} 1 1092.42578125 0.0 1518.9296875 1092.42578125 1393.9546875 10
stats: {freemem,"os_mon@myserver"} 1 1370.42578125 0.0 1375.69921875 1368.7265625 1370.495703125 10
stats: {recvpackets,"os_mon@test2"} 1 13694.0 0.0 14036 4694 9874.0 9
stats: {sentpackets,"os_mon@test2"} 1 9915.0 0.0 10039 3372 7144.333333333333 9
stats: {load,"os_mon@test3"} 1 0.4296875 0.0 0.80859375 0.4296875 0.609375 10
stats: {cpu,"os_mon@test2"} 1 38.32271762208068 0.0 40.43340380549683 6.578947368421052 31.83993504887124 10
stats: {freemem,"os_mon@test3"} 1 988.08984375 0.0 1366.76171875 988.08984375 1238.01015625 10
stats: {recvpackets,"os_mon@test4"} 1 13568.0 0.0 14056 4676 9866.666666666666 9
stats: {sentpackets,"os_mon@test4"} 1 9816.0 0.0 10050 3353 7138.555555555556 9
stats: {cpu,"os_mon@test4"} 1 42.61853448275862 0.0 42.61853448275862 3.1297324583543666 27.37868123339222 10
stats: {load,"os_mon@myserver"} 1 1.01953125 0.0 1.0390625 0.671875 0.844140625 10
stats: {recvpackets,"os_mon@myserver"} 1 13463.0 0.0 13899 4740 9898.222222222223 9
stats: {sentpackets,"os_mon@myserver"} 1 9771.0 0.0 9940 3395 7159.0 9
stats: {cpu,"os_mon@myserver"} 1 25.38847117794486 0.0 25.55 7.501254390366283 23.58018250629157 10
stats: session 297 64797.89563275989 10114.731031682435 86820.21118164063 21.050048828125 23463.15284956149 4568
stats: users_count 3763 28052
stats: finish_users_count 297 4865
stats: 200 10491 116055
stats: request 10555 8761.778721831859 8082.3558035632295 61602.1669921875 1.380859375 4394.101709348049 105666
stats: page 303 64190.88927134901 9846.899675354116 86143.17700195313 18.345947265625 23329.44365500398 4552
stats: connect 10957 5965.289102495652 7830.170149900021 31105.70703125 0.35400390625 2534.5534505800665 108530
stats: size_rcv 1382472 15311540
stats: newphase 4 56
stats: size_sent 1454735 15859917
stats: connected 402 3266
stats: error_connect_etimedout 934 941
# stats: dump at 1339077822
stats: users 25510 25510
stats: {load,"os_mon@test2"} 1 0.78125 0.0 0.78125 0.55078125 0.6640625 11
stats: {recvpackets,"os_mon@test3"} 1 13143.0 0.0 14147 4670 10223.9 10
stats: {sentpackets,"os_mon@test3"} 1 9839.0 0.0 10114 3349 7397.7 10
stats: {freemem,"os_mon@test2"} 1 1067.75 0.0 1523.109375 1067.75 1372.299715909091 11
stats: {cpu,"os_mon@test3"} 1 23.49172450613988 0.0 42.94117647058823 2.8978139298423997 28.418659199455337 11
stats: {load,"os_mon@test4"} 1 0.9609375 0.0 1.16015625 0.69921875 0.9225852272727273 11
stats: {freemem,"os_mon@test4"} 1 1007.7265625 0.0 1518.9296875 1007.7265625 1366.54296875 11
stats: {freemem,"os_mon@myserver"} 1 1370.27734375 0.0 1375.69921875 1368.7265625 1370.489346590909 11
stats: {recvpackets,"os_mon@test2"} 1 12920.0 0.0 14036 4694 10256.0 10
stats: {sentpackets,"os_mon@test2"} 1 9674.0 0.0 10039 3372 7421.4 10
stats: {load,"os_mon@test3"} 1 0.4296875 0.0 0.80859375 0.4296875 0.5930397727272727 11
stats: {cpu,"os_mon@test2"} 1 43.88681260010678 0.0 43.88681260010678 6.578947368421052 32.42927891916301 11
stats: {freemem,"os_mon@test3"} 1 963.40234375 0.0 1366.76171875 963.40234375 1215.290127840909 11
stats: {recvpackets,"os_mon@test4"} 1 13029.0 0.0 14056 4676 10236.8 10
stats: {sentpackets,"os_mon@test4"} 1 9762.0 0.0 10050 3353 7406.3 10
stats: {cpu,"os_mon@test4"} 1 43.66197183098591 0.0 43.66197183098591 3.1297324583543666 28.764122437880076 11
stats: {load,"os_mon@myserver"} 1 1.01953125 0.0 1.0390625 0.671875 0.8600852272727273 11
stats: {recvpackets,"os_mon@myserver"} 1 13083.0 0.0 13899 4740 10254.7 10
stats: {sentpackets,"os_mon@myserver"} 1 9776.0 0.0 9940 3395 7420.2 10
stats: {cpu,"os_mon@myserver"} 1 25.313597591570495 0.0 25.55 7.501254390366283 23.744572385532777 11
stats: session 311 69242.00014915343 13979.829305175388 101283.02587890625 21.050048828125 25986.568801588197 4865
stats: users_count 2634 30686
stats: finish_users_count 311 5176
stats: request 10488 7379.579378571791 6612.090706572911 61602.1669921875 1.380859375 4790.766949423135 116221
stats: page 316 69190.24768993515 13766.998172581876 101281.24096679688 18.345947265625 25879.601846920054 4855
stats: connect 10632 5288.632958727197 7557.104408453942 31111.759033203125 0.35400390625 2849.1531186447014 119487
stats: 200 10461 126516
stats: size_rcv 1394316 16705856
stats: newphase 6 62
stats: size_sent 1411584 17271501
stats: connected 144 3410
stats: error_connect_etimedout 1598 2539
# stats: dump at 1339077832
stats: users 29109 29109
stats: {load,"os_mon@test2"} 1 0.8203125 0.0 0.8203125 0.55078125 0.673828125 12
stats: {recvpackets,"os_mon@test3"} 1 14237.0 0.0 14237 4670 10489.272727272728 11
stats: {sentpackets,"os_mon@test3"} 1 10691.0 0.0 10691 3349 7619.636363636364 11
stats: {freemem,"os_mon@test2"} 1 1016.5625 0.0 1523.109375 1016.5625 1346.9205729166667 12
stats: {cpu,"os_mon@test3"} 1 35.093333333333334 0.0 42.94117647058823 2.8978139298423997 28.008081308345712 12
stats: {load,"os_mon@test4"} 1 1.0390625 0.0 1.16015625 0.69921875 0.92578125 12
stats: {freemem,"os_mon@test4"} 1 928.40234375 0.0 1518.9296875 928.40234375 1336.6416015625 12
stats: {freemem,"os_mon@myserver"} 1 1369.95703125 0.0 1375.69921875 1368.7265625 1370.4716796875 12
stats: {recvpackets,"os_mon@test2"} 1 14187.0 0.0 14187 4694 10498.181818181818 11
stats: {sentpackets,"os_mon@test2"} 1 10649.0 0.0 10649 3372 7626.181818181818 11
stats: {load,"os_mon@test3"} 1 0.37109375 0.0 0.80859375 0.37109375 0.5794270833333334 12
stats: {cpu,"os_mon@test2"} 1 36.353829557713055 0.0 43.88681260010678 6.578947368421052 33.38407339257499 12
stats: {freemem,"os_mon@test3"} 1 898.90625 0.0 1366.76171875 898.90625 1194.2994791666667 12
stats: {recvpackets,"os_mon@test4"} 1 14239.0 0.0 14239 4676 10490.636363636364 11
stats: {sentpackets,"os_mon@test4"} 1 10695.0 0.0 10695 3353 7620.454545454545 11
stats: {cpu,"os_mon@test4"} 1 43.648208469055376 0.0 43.66197183098591 3.1297324583543666 30.005609887305564 12
stats: {load,"os_mon@myserver"} 1 1.01953125 0.0 1.0390625 0.671875 0.8733723958333334 12
stats: {recvpackets,"os_mon@myserver"} 1 14082.0 0.0 14082 4740 10511.818181818182 11
stats: {sentpackets,"os_mon@myserver"} 1 10562.0 0.0 10562 3395 7634.363636363636 11
stats: {cpu,"os_mon@myserver"} 1 25.624999999999996 0.0 25.624999999999996 7.501254390366283 23.87532448603592 12
stats: session 288 79772.95262230774 17162.856654012703 109693.43505859375 21.050048828125 28585.571728383555 5176
stats: users_count 3887 34573
stats: finish_users_count 288 5464
stats: 200 10046 136562
stats: request 10172 7979.852983949535 7327.114121903781 62016.493896484375 1.380859375 5005.049003238658 126709
stats: connect 11309 4345.456203429985 5125.305253732815 31111.759033203125 0.35400390625 3048.4825759857285 130119
stats: page 288 79953.52878401017 17058.079667952155 109691.51806640625 18.345947265625 28526.317005766075 5171
stats: size_rcv 1319886 18025742
stats: newphase 5 67
stats: size_sent 1501719 18773220
stats: connected 1137 4547
stats: error_connect_etimedout 1817 4356
# stats: dump at 1339077842
stats: users 31923 31935
stats: {load,"os_mon@test2"} 1 0.76953125 0.0 0.8203125 0.55078125 0.6850961538461539 13
stats: {recvpackets,"os_mon@test3"} 1 19148.0 0.0 19148 4670 10801.583333333334 12
stats: {sentpackets,"os_mon@test3"} 1 13644.0 0.0 13644 3349 7875.583333333333 12
stats: {freemem,"os_mon@test2"} 1 970.80078125 0.0 1523.109375 970.80078125 1321.5084134615386 13
stats: {cpu,"os_mon@test3"} 1 42.76422764227642 0.0 42.94117647058823 2.8978139298423997 28.55310069488322 13
stats: {load,"os_mon@test4"} 1 1.03125 0.0 1.16015625 0.69921875 0.9344951923076923 13
stats: {freemem,"os_mon@test4"} 1 839.03515625 0.0 1518.9296875 839.03515625 1305.2385817307693 13
stats: {freemem,"os_mon@myserver"} 1 1368.74609375 0.0 1375.69921875 1368.7265625 1370.4320913461538 13
stats: {recvpackets,"os_mon@test2"} 1 19102.0 0.0 19102 4694 10805.583333333334 12
stats: {sentpackets,"os_mon@test2"} 1 13626.0 0.0 13626 3372 7878.083333333333 12
stats: {load,"os_mon@test3"} 1 0.55078125 0.0 0.80859375 0.37109375 0.5634014423076923 13
stats: {cpu,"os_mon@test2"} 1 39.7733405288721 0.0 43.88681260010678 6.578947368421052 33.612516174508684 13
stats: {freemem,"os_mon@test3"} 1 815.11328125 0.0 1366.76171875 815.11328125 1171.576923076923 13
stats: {recvpackets,"os_mon@test4"} 1 19316.0 0.0 19316 4676 10803.0 12
stats: {sentpackets,"os_mon@test4"} 1 13778.0 0.0 13778 3353 7876.666666666667 12
stats: {cpu,"os_mon@test4"} 1 46.500530222693534 0.0 46.500530222693534 3.1297324583543666 31.055040547440164 13
stats: {load,"os_mon@myserver"} 1 1.01171875 0.0 1.0390625 0.671875 0.8846153846153846 13
stats: {recvpackets,"os_mon@myserver"} 1 19081.0 0.0 19081 4740 10809.333333333334 12
stats: {sentpackets,"os_mon@myserver"} 1 13634.0 0.0 13634 3395 7878.333333333333 12
stats: {cpu,"os_mon@myserver"} 1 25.450901803607213 0.0 25.624999999999996 7.501254390366283 24.009914910187003 13
stats: session 292 88821.73070620181 21050.910279043295 118120.26586914063 21.050048828125 31283.588876525973 5464
stats: users_count 3106 37679
stats: finish_users_count 292 5756
stats: 200 9906 146468
stats: connect 11649 6077.73991549787 7564.875429525624 31116.621826171875 0.35400390625 3152.1924124591787 141428
stats: page 293 88592.53831008023 21060.621036578472 118118.43188476563 18.345947265625 31239.458055799834 5459
stats: request 10043 7927.363640520571 6478.575703203715 62273.080078125 1.380859375 5226.114790979769 136881
stats: size_rcv 1304786 19330528
stats: newphase 6 73
stats: size_sent 1546123 20319343
stats: connected 1606 6153
stats: error_connect_etimedout 1538 5894
# stats: dump at 1339077852
stats: users 34421 34422
stats: {load,"os_mon@test2"} 1 1.2109375 0.0 1.2109375 0.55078125 0.6911272321428571 14
stats: {recvpackets,"os_mon@test3"} 1 13615.0 0.0 19148 4670 11443.615384615385 13
stats: {sentpackets,"os_mon@test3"} 1 10247.0 0.0 13644 3349 8319.307692307691 13
stats: {freemem,"os_mon@test2"} 1 902.15234375 0.0 1523.109375 902.15234375 1296.4578683035713 14
stats: {cpu,"os_mon@test3"} 1 35.775862068965516 0.0 42.94117647058823 2.8978139298423997 29.568181191125593 14
stats: {load,"os_mon@test4"} 1 0.87109375 0.0 1.16015625 0.69921875 0.94140625 14
stats: {freemem,"os_mon@test4"} 1 783.9375 0.0 1518.9296875 783.9375 1271.9383370535713 14
stats: {freemem,"os_mon@myserver"} 1 1366.328125 0.0 1375.69921875 1366.328125 1370.3116629464287 14
stats: {recvpackets,"os_mon@test2"} 1 13729.0 0.0 19102 4694 11443.76923076923 13
stats: {sentpackets,"os_mon@test2"} 1 10319.0 0.0 13626 3372 8320.23076923077 13
stats: {load,"os_mon@test3"} 1 0.55078125 0.0 0.80859375 0.37109375 0.5625 14
stats: {cpu,"os_mon@test2"} 1 43.270777479892764 0.0 43.88681260010678 6.578947368421052 34.052575056963214 14
stats: {freemem,"os_mon@test3"} 1 760.54296875 0.0 1366.76171875 760.54296875 1146.115234375 14
stats: {recvpackets,"os_mon@test4"} 1 13980.0 0.0 19316 4676 11457.846153846154 13
stats: {sentpackets,"os_mon@test4"} 1 10497.0 0.0 13778 3353 8330.615384615385 13
stats: {cpu,"os_mon@test4"} 1 37.826086956521735 0.0 46.500530222693534 3.1297324583543666 32.15828980995826 14
stats: {load,"os_mon@myserver"} 1 1.01171875 0.0 1.0390625 0.671875 0.8936941964285714 14
stats: {recvpackets,"os_mon@myserver"} 1 13947.0 0.0 19081 4740 11445.615384615385 13
stats: {sentpackets,"os_mon@myserver"} 1 10477.0 0.0 13634 3395 8321.076923076924 13
stats: {cpu,"os_mon@myserver"} 1 26.556224899598398 0.0 26.556224899598398 7.501254390366283 24.112842545431306 14
stats: session 620 96913.87840773065 23047.403244307614 130091.79223632813 21.050048828125 34202.480018684655 5756
stats: users_count 3118 40797
stats: finish_users_count 620 6376
stats: request 18839 8272.737261468199 9337.818678528385 62273.080078125 1.380859375 5410.758839575902 146924
stats: page 608 96991.5933432328 23039.954532582455 130090.00512695313 18.345947265625 34160.95536360654 5752
stats: connect 18619 4581.497925584902 7231.580221049759 31116.621826171875 0.35400390625 3374.8235253167454 153077
stats: 200 18414 164882
stats: size_rcv 2706800 22037328
stats: newphase 5 78
stats: size_sent 2469857 22789200
stats: connected -220 5933
stats: error_connect_etimedout 2516 8410
# stats: dump at 1339077862
stats: users 36117 36118
stats: {load,"os_mon@test2"} 1 1.62890625 0.0 1.62890625 0.55078125 0.72578125 15
stats: {recvpackets,"os_mon@test3"} 1 16395.0 0.0 19148 4670 11598.714285714286 14
stats: {sentpackets,"os_mon@test3"} 1 12838.0 0.0 13644 3349 8456.999999999998 14
stats: {freemem,"os_mon@test2"} 1 840.62890625 0.0 1523.109375 840.62890625 1270.1708333333333 15
stats: {cpu,"os_mon@test3"} 1 52.75715800636267 0.0 52.75715800636267 2.8978139298423997 29.982026582981586 15
stats: {load,"os_mon@test4"} 1 0.890625 0.0 1.16015625 0.69921875 0.93671875 15
stats: {freemem,"os_mon@test4"} 1 705.6015625 0.0 1518.9296875 705.6015625 1239.4049479166667 15
stats: {freemem,"os_mon@myserver"} 1 1361.7734375 0.0 1375.69921875 1361.7734375 1370.04609375 15
stats: {recvpackets,"os_mon@test2"} 1 16322.0 0.0 19102 4694 11607.0 14
stats: {sentpackets,"os_mon@test2"} 1 12793.0 0.0 13626 3372 8463.0 14
stats: {load,"os_mon@test3"} 1 0.609375 0.0 0.80859375 0.37109375 0.56171875 15
stats: {cpu,"os_mon@test2"} 1 56.448202959830866 0.0 56.448202959830866 6.578947368421052 34.667121885158515 15
stats: {freemem,"os_mon@test3"} 1 700.46484375 0.0 1366.76171875 700.46484375 1120.4104166666666 15
stats: {recvpackets,"os_mon@test4"} 1 16210.0 0.0 19316 4676 11638.0 14
stats: {sentpackets,"os_mon@test4"} 1 12691.0 0.0 13778 3353 8485.357142857143 14
stats: {cpu,"os_mon@test4"} 1 61.17896972915561 0.0 61.17896972915561 3.1297324583543666 32.536142953062495 15
stats: {load,"os_mon@myserver"} 1 1.08984375 0.0 1.08984375 0.671875 0.9015625 15
stats: {recvpackets,"os_mon@myserver"} 1 16215.0 0.0 19081 4740 11624.285714285714 14
stats: {sentpackets,"os_mon@myserver"} 1 12695.0 0.0 13634 3395 8475.07142857143 14
stats: {cpu,"os_mon@myserver"} 1 40.58355437665783 0.0 40.58355437665783 7.501254390366283 24.27573470237578 15
stats: session 769 101900.0479744265 24898.278615641968 138365.20190429688 21.050048828125 40300.514366427524 6376
stats: users_count 2465 43262
stats: finish_users_count 769 7145
stats: request 20040 8149.427145001982 9876.141695948523 91045.96606445313 1.380859375 5736.0232923791755 165763
stats: page 750 101740.19181282556 24943.533819234555 138363.86279296875 18.345947265625 40167.406289960745 6360
stats: connect 21546 4939.235787573243 8128.1942280616295 31116.621826171875 0.35400390625 3505.6773055946364 171696
stats: 200 19182 184064
stats: size_rcv 2863844 24901172
stats: newphase 6 84
stats: size_sent 2860510 25649710
stats: connected 1506 7439
stats: error_connect_etimedout 1778 10188
# stats: dump at 1339077872
stats: users 38893 38893
stats: {load,"os_mon@test2"} 1 1.5390625 0.0 1.62890625 0.55078125 0.7822265625 16
stats: {recvpackets,"os_mon@test3"} 1 16171.0 0.0 19148 4670 11918.466666666667 15
stats: {sentpackets,"os_mon@test3"} 1 12679.0 0.0 13644 3349 8749.066666666664 15
stats: {freemem,"os_mon@test2"} 1 784.6171875 0.0 1523.109375 784.6171875 1243.324462890625 16
stats: {cpu,"os_mon@test3"} 1 59.508547008547005 0.0 59.508547008547005 2.8978139298423997 31.405472296942904 16
stats: {load,"os_mon@test4"} 1 0.91015625 0.0 1.16015625 0.69921875 0.933837890625 16
stats: {freemem,"os_mon@test4"} 1 633.90234375 0.0 1518.9296875 633.90234375 1206.042236328125 16
stats: {freemem,"os_mon@myserver"} 1 1358.01171875 0.0 1375.69921875 1358.01171875 1369.529052734375 16
stats: {recvpackets,"os_mon@test2"} 1 16089.0 0.0 19102 4694 11921.333333333334 15
stats: {sentpackets,"os_mon@test2"} 1 12632.0 0.0 13626 3372 8751.666666666666 15
stats: {load,"os_mon@test3"} 1 0.73828125 0.0 0.80859375 0.37109375 0.564697265625 16
stats: {cpu,"os_mon@test2"} 1 54.70401691331924 0.0 56.448202959830866 6.578947368421052 36.028439452325536 16
stats: {freemem,"os_mon@test3"} 1 619.0703125 0.0 1366.76171875 619.0703125 1094.163818359375 16
stats: {recvpackets,"os_mon@test4"} 1 16392.0 0.0 19316 4676 11942.8 15
stats: {sentpackets,"os_mon@test4"} 1 13112.0 0.0 13778 3353 8765.733333333334 15
stats: {cpu,"os_mon@test4"} 1 62.5 0.0 62.5 3.1297324583543666 34.32631962656831 16
stats: {load,"os_mon@myserver"} 1 1.078125 0.0 1.08984375 0.671875 0.913330078125 16
stats: {recvpackets,"os_mon@myserver"} 1 16379.0 0.0 19081 4740 11930.333333333334 15
stats: {sentpackets,"os_mon@myserver"} 1 13101.0 0.0 13634 3395 8756.4 15
stats: {cpu,"os_mon@myserver"} 1 38.47003590168462 0.0 40.58355437665783 7.501254390366283 25.29497343201841 16
stats: session 855 105039.48176198149 30155.36113809281 147625.63598632813 21.050048828125 46930.331209611744 7145
stats: users_count 3631 46893
stats: finish_users_count 855 8000
stats: request 20005 8101.8309578489225 10622.31339276198 91045.96606445313 1.380859375 5996.323789177188 185803
stats: page 874 104114.12896211747 30468.76221970116 147624.23999023438 18.345947265625 46662.425859883195 7110
stats: connect 20924 4322.1517423477835 7370.29888503501 31116.621826171875 0.35400390625 3665.515493217985 193242
stats: 200 19347 203411
stats: size_rcv 2886156 27787328
stats: newphase 5 89
stats: size_sent 2777916 28427626
stats: connected 919 8358
stats: error_connect_etimedout 3054 13242
# stats: dump at 1339077882
stats: users 40966 40966
stats: {load,"os_mon@test2"} 1 1.46875 0.0 1.62890625 0.55078125 0.8267463235294118 17
stats: {recvpackets,"os_mon@test3"} 1 17783.0 0.0 19148 4670 12184.25 16
stats: {sentpackets,"os_mon@test3"} 1 14341.0 0.0 14341 3349 8994.687499999998 16
stats: {freemem,"os_mon@test2"} 1 694.55078125 0.0 1523.109375 694.55078125 1216.3416819852941 17
stats: {cpu,"os_mon@test3"} 1 53.809012875536474 0.0 59.508547008547005 2.8978139298423997 33.05859433880197 17
stats: {load,"os_mon@test4"} 1 0.9296875 0.0 1.16015625 0.69921875 0.9324448529411765 17
stats: {freemem,"os_mon@test4"} 1 571.9375 0.0 1518.9296875 571.9375 1172.3869485294117 17
stats: {freemem,"os_mon@myserver"} 1 1354.671875 0.0 1375.69921875 1354.671875 1368.8515625 17
stats: {recvpackets,"os_mon@test2"} 1 17784.0 0.0 19102 4694 12181.8125 16
stats: {sentpackets,"os_mon@test2"} 1 14342.0 0.0 14342 3372 8994.1875 16
stats: {load,"os_mon@test3"} 1 0.62109375 0.0 0.80859375 0.37109375 0.5749080882352942 17
stats: {cpu,"os_mon@test2"} 1 67.43438671665774 0.0 67.43438671665774 6.578947368421052 37.127002832383994 17
stats: {freemem,"os_mon@test3"} 1 577.33984375 0.0 1366.76171875 577.33984375 1066.2171415441176 17
stats: {recvpackets,"os_mon@test4"} 1 17506.0 0.0 19316 4676 12220.875 16
stats: {sentpackets,"os_mon@test4"} 1 13910.0 0.0 13910 3353 9037.375 16
stats: {cpu,"os_mon@test4"} 1 59.64535196131112 0.0 62.5 3.1297324583543666 35.98359494265253 17
stats: {load,"os_mon@myserver"} 1 1.140625 0.0 1.140625 0.671875 0.9230238970588235 17
stats: {recvpackets,"os_mon@myserver"} 1 17504.0 0.0 19081 4740 12208.375 16
stats: {sentpackets,"os_mon@myserver"} 1 13906.0 0.0 13906 3395 9027.9375 16
stats: {cpu,"os_mon@myserver"} 1 36.93566591422122 0.0 40.58355437665783 7.501254390366283 26.06997710670466 17
stats: session 899 106357.85932638911 33104.72331057417 157836.35791015625 21.050048828125 53140.746674896254 8000
stats: users_count 2972 49865
stats: finish_users_count 899 8899
stats: request 19800 7939.273352630301 9416.142487876068 91509.49682617188 1.380859375 6200.983816529274 205808
stats: page 891 104731.85013409921 33976.630496191836 157833.708984375 18.345947265625 52951.6027776378 7984
stats: connect 20443 4787.342438462197 7787.1844340253465 31127.68603515625 0.35400390625 3729.668798956486 214166
stats: 200 19270 222681
stats: size_rcv 2874712 30662040
stats: newphase 5 94
stats: size_sent 2714537 31142163
stats: connected 643 9001
stats: error_connect_etimedout 2286 15528
# stats: dump at 1339077892
stats: users 42596 42640
stats: {load,"os_mon@test2"} 1 2.28125 0.0 2.28125 0.55078125 0.8624131944444444 18
stats: {recvpackets,"os_mon@test3"} 1 18848.0 0.0 19148 4670 12513.588235294117 17
stats: {sentpackets,"os_mon@test3"} 1 15335.0 0.0 15335 3349 9309.176470588234 17
stats: {freemem,"os_mon@test2"} 1 636.953125 0.0 1523.109375 636.953125 1187.353298611111 18
stats: {cpu,"os_mon@test3"} 1 55.495689655172406 0.0 59.508547008547005 2.8978139298423997 34.21139536862055 18
stats: {load,"os_mon@test4"} 1 1.03125 0.0 1.16015625 0.69921875 0.9322916666666666 18
stats: {freemem,"os_mon@test4"} 1 481.1015625 0.0 1518.9296875 481.1015625 1139.0286458333333 18
stats: {freemem,"os_mon@myserver"} 1 1349.51171875 0.0 1375.69921875 1349.51171875 1368.0638020833333 18
stats: {recvpackets,"os_mon@test2"} 1 18862.0 0.0 19102 4694 12511.35294117647 17
stats: {sentpackets,"os_mon@test2"} 1 15355.0 0.0 15355 3372 9308.764705882353 17
stats: {load,"os_mon@test3"} 1 0.6796875 0.0 0.80859375 0.37109375 0.5774739583333334 18
stats: {cpu,"os_mon@test2"} 1 60.84401709401709 0.0 67.43438671665774 6.578947368421052 38.81074638151031 18
stats: {freemem,"os_mon@test3"} 1 509.359375 0.0 1366.76171875 509.359375 1039.0572916666667 18
stats: {recvpackets,"os_mon@test4"} 1 18759.0 0.0 19316 4676 12531.764705882353 17
stats: {sentpackets,"os_mon@test4"} 1 15291.0 0.0 15291 3353 9324.0 17
stats: {cpu,"os_mon@test4"} 1 70.36247334754798 0.0 70.36247334754798 3.1297324583543666 37.298136999244676 18
stats: {load,"os_mon@myserver"} 1 1.12109375 0.0 1.140625 0.671875 0.9351128472222222 18
stats: {recvpackets,"os_mon@myserver"} 1 18802.0 0.0 19081 4740 12519.882352941177 17
stats: {sentpackets,"os_mon@myserver"} 1 15325.0 0.0 15325 3395 9314.882352941177 17
stats: {cpu,"os_mon@myserver"} 1 35.45140885566418 0.0 40.58355437665783 7.501254390366283 26.673626484900023 18
stats: session 1234 93772.00322922466 49420.02189994421 167676.16284179688 21.050048828125 58516.87705737654 8899
stats: users_count 2864 52729
stats: finish_users_count 1234 10133
stats: request 20937 9462.09317020536 11236.188023145467 91509.49682617188 1.380859375 6353.541052153899 225608
stats: page 1018 109516.86007072887 35508.67202198722 167674.72680664063 18.345947265625 58150.04789252311 8875
stats: connect 20770 5032.3003866872405 8113.994062373958 31130.970947265625 0.35400390625 3821.8307459082876 234609
stats: error_unknown 202 202
stats: 200 19385 242066
stats: size_rcv 2899376 33561416
stats: newphase 4 98
stats: size_sent 2759883 33902046
stats: connected -169 8832
stats: error_connect_etimedout 2026 17554
# stats: dump at 1339077902
stats: users 43880 43941
stats: {load,"os_mon@test2"} 1 2.25 0.0 2.28125 0.55078125 0.9370888157894737 19
stats: {recvpackets,"os_mon@test3"} 1 18998.0 0.0 19148 4670 12865.5 18
stats: {sentpackets,"os_mon@test3"} 1 15207.0 0.0 15335 3349 9643.944444444443 18
stats: {freemem,"os_mon@test2"} 1 611.42578125 0.0 1523.109375 611.42578125 1158.3848684210527 19
stats: {cpu,"os_mon@test3"} 1 64.6328293736501 0.0 64.6328293736501 2.8978139298423997 35.331621383702235 19
stats: {load,"os_mon@test4"} 1 1.421875 0.0 1.421875 0.69921875 0.9375 19
stats: {freemem,"os_mon@test4"} 1 417.90625 0.0 1518.9296875 417.90625 1104.4009046052631 19
stats: {freemem,"os_mon@myserver"} 1 1346.47265625 0.0 1375.69921875 1346.47265625 1367.0873766447369 19
stats: {recvpackets,"os_mon@test2"} 1 19184.0 0.0 19184 4694 12864.166666666666 18
stats: {sentpackets,"os_mon@test2"} 1 15324.0 0.0 15355 3372 9644.666666666666 18
stats: {load,"os_mon@test3"} 1 0.890625 0.0 0.890625 0.37109375 0.5828536184210527 19
stats: {cpu,"os_mon@test2"} 1 54.227248249865376 0.0 67.43438671665774 6.578947368421052 39.97039220848435 19
stats: {freemem,"os_mon@test3"} 1 436.7265625 0.0 1366.76171875 436.7265625 1011.1784539473684 19
stats: {recvpackets,"os_mon@test4"} 1 19441.0 0.0 19441 4676 12877.722222222223 18
stats: {sentpackets,"os_mon@test4"} 1 15498.0 0.0 15498 3353 9655.5 18
stats: {cpu,"os_mon@test4"} 1 73.26994189117802 0.0 73.26994189117802 3.1297324583543666 39.03836522810274 19
stats: {load,"os_mon@myserver"} 1 1.26171875 0.0 1.26171875 0.671875 0.9449013157894737 19
stats: {recvpackets,"os_mon@myserver"} 1 19523.0 0.0 19523 4740 12868.888888888889 18
stats: {sentpackets,"os_mon@myserver"} 1 15555.0 0.0 15555 3395 9648.777777777777 18
stats: {cpu,"os_mon@myserver"} 1 36.19349265764469 0.0 40.58355437665783 7.501254390366283 27.135615030729713 19
stats: session 1142 116764.22665528198 35296.608603039334 176777.34497070313 21.050048828125 62810.257664902514 10133
stats: users_count 2426 55155
stats: finish_users_count 1142 11275
stats: request 21217 9345.207350840938 11290.850751393402 91509.49682617188 1.380859375 6617.52432374993 246545
stats: page 1160 114923.41717234645 36143.444986523544 176775.75415039063 18.345947265625 63435.74634571359 9893
stats: connect 20981 4396.276239921602 7272.26847835971 31130.970947265625 0.35400390625 3920.278364698317 255379
stats: error_unknown 0 202
stats: 200 19410 261476
stats: size_rcv 2896396 36457812
stats: newphase 5 103
stats: size_sent 2782714 36684760
stats: connected -234 8598
stats: error_connect_etimedout 3309 20863
stats: error_abort 1 1
EndMonitor:{1339,77904,40353}
