# stats: dump at 1339073887
stats: users 0 4
stats: session 4 37.47772216796875 5.48244727556564 43.06689453125 30.85693359375 0 0
stats: users_count 4 4
stats: finish_users_count 4 4
stats: 200 9 9
stats: request 9 2.3423936631944446 0.38645856281680036 2.830078125 1.761962890625 0 0
stats: connect 11 1.1087313565340908 0.2106368178600958 1.614990234375 0.7861328125 0 0
stats: size_rcv 1134 1134
stats: size_sent 1489 1489
stats: connected 2 2
# stats: dump at 1339073897
stats: users 2 9
stats: {load,"os_mon@test2"} 1 1.66015625 0 1.66015625 1.66015625 0 0
stats: {freemem,"os_mon@test2"} 1 1541.01953125 0 1541.01953125 1541.01953125 0 0
stats: {cpu,"os_mon@test3"} 1 3.0684104627766597 0 3.0684104627766597 3.0684104627766597 0 0
stats: {load,"os_mon@test4"} 1 1.390625 0 1.390625 1.390625 0 0
stats: {freemem,"os_mon@test4"} 1 1543.27734375 0 1543.27734375 1543.27734375 0 0
stats: {freemem,"os_mon@myserver"} 1 1368.4609375 0 1368.4609375 1368.4609375 0 0
stats: {load,"os_mon@test3"} 1 1.76171875 0 1.76171875 1.76171875 0 0
stats: {cpu,"os_mon@test2"} 1 5.686965274282838 0 5.686965274282838 5.686965274282838 0 0
stats: {freemem,"os_mon@test3"} 1 1390.9375 0 1390.9375 1390.9375 0 0
stats: {cpu,"os_mon@test4"} 1 2.954431647471207 0 2.954431647471207 2.954431647471207 0 0
stats: {load,"os_mon@myserver"} 1 2.33984375 0 2.33984375 2.33984375 0 0
stats: {cpu,"os_mon@myserver"} 1 3.755986891857827 0 3.755986891857827 3.755986891857827 0 0
stats: session 931 25.14176677044172 32.74552430625031 1019.64599609375 17.23486328125 37.47772216796875 4
stats: users_count 933 937
stats: finish_users_count 931 935
stats: 200 9283 9292
stats: connect 9281 1.0404077592999132 10.352312095480158 997.9970703125 0.416015625 1.1087313565340908 11
stats: page 929 23.105090844490036 32.78900574947698 1017.8779296875 15.861083984375 0 0
stats: request 9283 2.1775375476341177 10.35925659857926 999.087890625 1.10595703125 2.3423936631944446 9
stats: size_rcv 1169658 1170792
stats: newphase 1 1
stats: size_sent 1230739 1232228
stats: connected -2 0
# stats: dump at 1339073907
stats: users 5 24
stats: {load,"os_mon@test2"} 1 1.48046875 0.0 1.66015625 1.48046875 1.66015625 1
stats: {recvpackets,"os_mon@test3"} 1 4825 0 4825 4825 0 0
stats: {sentpackets,"os_mon@test3"} 1 3312 0 3312 3312 0 0
stats: {freemem,"os_mon@test2"} 1 1540.79296875 0.0 1541.01953125 1540.79296875 1541.01953125 1
stats: {cpu,"os_mon@test3"} 1 19.301848049281315 0.0 19.301848049281315 3.0684104627766597 3.0684104627766597 1
stats: {load,"os_mon@test4"} 1 1.33984375 0.0 1.390625 1.33984375 1.390625 1
stats: {freemem,"os_mon@test4"} 1 1542.54296875 0.0 1543.27734375 1542.54296875 1543.27734375 1
stats: {freemem,"os_mon@myserver"} 1 1367.7265625 0.0 1368.4609375 1367.7265625 1368.4609375 1
stats: {recvpackets,"os_mon@test2"} 1 4829 0 4829 4829 0 0
stats: {sentpackets,"os_mon@test2"} 1 3316 0 3316 3316 0 0
stats: {load,"os_mon@test3"} 1 1.55859375 0.0 1.76171875 1.55859375 1.76171875 1
stats: {cpu,"os_mon@test2"} 1 22.386537480877102 0.0 22.386537480877102 5.686965274282838 5.686965274282838 1
stats: {freemem,"os_mon@test3"} 1 1390.203125 0.0 1390.9375 1390.203125 1390.9375 1
stats: {recvpackets,"os_mon@test4"} 1 4813 0 4813 4813 0 0
stats: {sentpackets,"os_mon@test4"} 1 3305 0 3305 3305 0 0
stats: {cpu,"os_mon@test4"} 1 18.341061308603813 0.0 18.341061308603813 2.954431647471207 2.954431647471207 1
stats: {load,"os_mon@myserver"} 1 2.12890625 0.0 2.33984375 2.12890625 2.33984375 1
stats: {recvpackets,"os_mon@myserver"} 1 4939 0 4939 4939 0 0
stats: {sentpackets,"os_mon@myserver"} 1 3389 0 3389 3389 0 0
stats: {cpu,"os_mon@myserver"} 1 24.233766233766232 0.0 24.233766233766232 3.755986891857827 3.755986891857827 1
stats: session 1832 35.522832079225246 68.74281193554957 1044.61181640625 17.23486328125 25.194540911179804 935
stats: users_count 1835 2772
stats: finish_users_count 1832 2767
stats: request 18349 3.2230925736969596 21.508505779346315 1005.837890625 1.001953125 2.1776972231657625 9292
stats: page 1830 33.66213538998469 68.74873859242453 1042.406982421875 15.861083984375 23.105090844490036 929
stats: connect 18353 1.4577579251987054 19.49658301164429 1001.620849609375 0.416015625 1.0404886417331436 9292
stats: 200 18349 27641
stats: size_rcv 2311974 3482766
stats: newphase 6 7
stats: size_sent 2438307 3670535
stats: connected 4 4
# stats: dump at 1339073917
stats: users 113 196
stats: {load,"os_mon@test2"} 1 1.328125 0.0 1.66015625 1.328125 1.5703125 2
stats: {recvpackets,"os_mon@test3"} 1 8836.0 0.0 8836 4825 4825.0 1
stats: {sentpackets,"os_mon@test3"} 1 5870.0 0.0 5870 3312 3312.0 1
stats: {freemem,"os_mon@test2"} 1 1539.58203125 0.0 1541.01953125 1539.58203125 1540.90625 2
stats: {cpu,"os_mon@test3"} 1 37.44198040226921 0.0 37.44198040226921 3.0684104627766597 11.185129256028986 2
stats: {load,"os_mon@test4"} 1 1.12890625 0.0 1.390625 1.12890625 1.365234375 2
stats: {freemem,"os_mon@test4"} 1 1542.33203125 0.0 1543.27734375 1542.33203125 1542.91015625 2
stats: {freemem,"os_mon@myserver"} 1 1368.76171875 0.0 1368.76171875 1367.7265625 1368.09375 2
stats: {recvpackets,"os_mon@test2"} 1 8856.0 0.0 8856 4829 4829.0 1
stats: {sentpackets,"os_mon@test2"} 1 5883.0 0.0 5883 3316 3316.0 1
stats: {load,"os_mon@test3"} 1 1.3984375 0.0 1.76171875 1.3984375 1.66015625 2
stats: {cpu,"os_mon@test2"} 1 41.96654840344653 0.0 41.96654840344653 5.686965274282838 14.03675137757997 2
stats: {freemem,"os_mon@test3"} 1 1389.4765625 0.0 1390.9375 1389.4765625 1390.5703125 2
stats: {recvpackets,"os_mon@test4"} 1 8839.0 0.0 8839 4813 4813.0 1
stats: {sentpackets,"os_mon@test4"} 1 5872.0 0.0 5872 3305 3305.0 1
stats: {cpu,"os_mon@test4"} 1 34.30919363122753 0.0 34.30919363122753 2.954431647471207 10.64774647803751 2
stats: {load,"os_mon@myserver"} 1 2.46875 0.0 2.46875 2.12890625 2.234375 2
stats: {recvpackets,"os_mon@myserver"} 1 8896.0 0.0 8896 4939 4939.0 1
stats: {sentpackets,"os_mon@myserver"} 1 5901.0 0.0 5901 3389 3389.0 1
stats: {cpu,"os_mon@myserver"} 1 45.04099444591378 0.0 45.04099444591378 3.755986891857827 13.99487656281203 2
stats: session 2767 392.93647685049274 419.0606519416639 2909.297119140625 17.23486328125 32.03278790064827 2767
stats: users_count 2875 5647
stats: finish_users_count 2767 5534
stats: request 27982 38.97115967372705 122.78501550747221 2065.762939453125 1.001953125 2.8716648541088157 27641
stats: page 2751 390.53300406741283 419.90844031218325 2907.107177734375 15.861083984375 30.107407451324114 2759
stats: connect 28049 21.993047863086662 113.08240742431532 1542.864990234375 0.416015625 1.3175059381499803 27645
stats: 200 27982 55623
stats: size_rcv 3525732 7008498
stats: newphase 5 12
stats: size_sent 3720747 7391282
stats: connected 67 71
# stats: dump at 1339073927
stats: users 846 847
stats: {load,"os_mon@test2"} 1 1.2109375 0.0 1.66015625 1.2109375 1.4895833333333333 3
stats: {recvpackets,"os_mon@test3"} 1 12850.0 0.0 12850 4825 6830.5 2
stats: {sentpackets,"os_mon@test3"} 1 8505.0 0.0 8505 3312 4591.0 2
stats: {freemem,"os_mon@test2"} 1 1536.5 0.0 1541.01953125 1536.5 1540.46484375 3
stats: {cpu,"os_mon@test3"} 1 50.41753653444676 0.0 50.41753653444676 3.0684104627766597 19.937412971442395 3
stats: {load,"os_mon@test4"} 1 1.1796875 0.0 1.390625 1.12890625 1.2864583333333333 3
stats: {freemem,"os_mon@test4"} 1 1539.30078125 0.0 1543.27734375 1539.30078125 1542.7174479166667 3
stats: {freemem,"os_mon@myserver"} 1 1368.79296875 0.0 1368.79296875 1367.7265625 1368.31640625 3
stats: {recvpackets,"os_mon@test2"} 1 12835.0 0.0 12835 4829 6842.5 2
stats: {sentpackets,"os_mon@test2"} 1 8490.0 0.0 8490 3316 4599.5 2
stats: {load,"os_mon@test3"} 1 1.3515625 0.0 1.76171875 1.3515625 1.5729166666666667 3
stats: {cpu,"os_mon@test2"} 1 54.079014879425344 0.0 54.079014879425344 5.686965274282838 23.34668371953549 3
stats: {freemem,"os_mon@test3"} 1 1386.24609375 0.0 1390.9375 1386.24609375 1390.2057291666667 3
stats: {recvpackets,"os_mon@test4"} 1 12821.0 0.0 12821 4813 6826.0 2
stats: {sentpackets,"os_mon@test4"} 1 8482.0 0.0 8482 3305 4588.5 2
stats: {cpu,"os_mon@test4"} 1 49.92183428869203 0.0 49.92183428869203 2.954431647471207 18.53489552910085 3
stats: {load,"os_mon@myserver"} 1 2.91015625 0.0 2.91015625 2.12890625 2.3125 3
stats: {recvpackets,"os_mon@myserver"} 1 13061.0 0.0 13061 4939 6917.5 2
stats: {sentpackets,"os_mon@myserver"} 1 8649.0 0.0 8649 3389 4645.0 2
stats: {cpu,"os_mon@myserver"} 1 70.06578947368422 0.0 70.06578947368422 3.755986891857827 24.34358252384595 3
stats: session 2947 1115.473942648243 755.0068872633105 5370.21484375 17.23486328125 212.4846323755705 5534
stats: users_count 3680 9327
stats: finish_users_count 2947 8481
stats: request 32287 118.5399144855249 226.17567078736187 4677.47705078125 1.001953125 21.032067278331848 55623
stats: page 2924 1087.7892389258343 734.595981014889 5368.841796875 15.861083984375 210.0585537836036 5510
stats: connect 32415 74.32242043192309 212.66765424696882 4634.298095703125 0.416015625 11.730266297480412 55694
stats: 200 32287 87910
stats: size_rcv 4068162 11076660
stats: newphase 6 18
stats: size_sent 4301173 11692455
stats: connected 128 199
# stats: dump at 1339073937
stats: users 3218 3219
stats: {load,"os_mon@test2"} 1 1.171875 0.0 1.66015625 1.171875 1.419921875 4
stats: {recvpackets,"os_mon@test3"} 1 15320.0 0.0 15320 4825 8837.0 3
stats: {sentpackets,"os_mon@test3"} 1 10185.0 0.0 10185 3312 5895.666666666667 3
stats: {freemem,"os_mon@test2"} 1 1523.796875 0.0 1541.01953125 1523.796875 1539.4736328125 4
stats: {cpu,"os_mon@test3"} 1 58.12500000000001 0.0 58.12500000000001 3.0684104627766597 27.557443862193487 4
stats: {load,"os_mon@test4"} 1 1.30859375 0.0 1.390625 1.12890625 1.259765625 4
stats: {freemem,"os_mon@test4"} 1 1528.40625 0.0 1543.27734375 1528.40625 1541.86328125 4
stats: {freemem,"os_mon@myserver"} 1 1367.6640625 0.0 1368.79296875 1367.6640625 1368.435546875 4
stats: {recvpackets,"os_mon@test2"} 1 15361.0 0.0 15361 4829 8840.0 3
stats: {sentpackets,"os_mon@test2"} 1 10219.0 0.0 10219 3316 5896.333333333333 3
stats: {load,"os_mon@test3"} 1 1.2109375 0.0 1.76171875 1.2109375 1.517578125 4
stats: {cpu,"os_mon@test2"} 1 58.09622348680807 0.0 58.09622348680807 5.686965274282838 31.029766509507954 4
stats: {freemem,"os_mon@test3"} 1 1375.80859375 0.0 1390.9375 1375.80859375 1389.2158203125 4
stats: {recvpackets,"os_mon@test4"} 1 15344.0 0.0 15344 4813 8824.333333333334 3
stats: {sentpackets,"os_mon@test4"} 1 1.02e4 0.0 10200 3305 5886.333333333333 3
stats: {cpu,"os_mon@test4"} 1 57.23270440251572 0.0 57.23270440251572 2.954431647471207 26.381630218998644 4
stats: {load,"os_mon@myserver"} 1 3.4609375 0.0 3.4609375 2.12890625 2.4619140625 4
stats: {recvpackets,"os_mon@myserver"} 1 16162.0 0.0 16162 4939 8965.333333333334 3
stats: {sentpackets,"os_mon@myserver"} 1 10751.0 0.0 10751 3389 5979.666666666667 3
stats: {cpu,"os_mon@myserver"} 1 72.83552468370131 0.0 72.83552468370131 3.755986891857827 35.77413426130552 4
stats: session 2286 3227.1535223746473 1820.8195075720414 12044.4521484375 17.23486328125 526.2577130704846 8481
stats: users_count 4658 13985
stats: finish_users_count 2286 10767
stats: request 31046 371.84008931397796 697.3043710656503 7784.68603515625 1.001953125 56.84410075323393 87910
stats: page 2251 3150.004654398392 1782.8062487701386 12043.180908203125 15.861083984375 514.3607263418064 8434
stats: connect 31098 296.39519785957566 684.8122145161238 7092.219970703125 0.416015625 34.75770590374038 88109
stats: 200 31046 118956
stats: size_rcv 3911796 14988456
stats: newphase 6 24
stats: size_sent 4128030 15820485
stats: connected 52 251
# stats: dump at 1339073947
stats: users 3609 4424
stats: {load,"os_mon@test2"} 1 1.21875 0.0 1.66015625 1.171875 1.3703125 5
stats: {recvpackets,"os_mon@test3"} 1 17675.0 0.0 17675 4825 10457.75 4
stats: {sentpackets,"os_mon@test3"} 1 11829.0 0.0 11829 3312 6968.0 4
stats: {freemem,"os_mon@test2"} 1 1492.0390625 0.0 1541.01953125 1492.0390625 1536.33828125 5
stats: {cpu,"os_mon@test3"} 1 59.26315789473684 0.0 59.26315789473684 3.0684104627766597 33.67095508975479 5
stats: {load,"os_mon@test4"} 1 1.26171875 0.0 1.390625 1.12890625 1.26953125 5
stats: {freemem,"os_mon@test4"} 1 1498.078125 0.0 1543.27734375 1498.078125 1539.171875 5
stats: {freemem,"os_mon@myserver"} 1 1367.88671875 0.0 1368.79296875 1367.6640625 1368.28125 5
stats: {recvpackets,"os_mon@test2"} 1 17762.0 0.0 17762 4829 10470.25 4
stats: {sentpackets,"os_mon@test2"} 1 11886.0 0.0 11886 3316 6977.0 4
stats: {load,"os_mon@test3"} 1 1.26171875 0.0 1.76171875 1.2109375 1.45625 5
stats: {cpu,"os_mon@test2"} 1 61.882716049382715 0.0 61.882716049382715 5.686965274282838 36.44305790496797 5
stats: {freemem,"os_mon@test3"} 1 1341.5625 0.0 1390.9375 1341.5625 1386.534375 5
stats: {recvpackets,"os_mon@test4"} 1 17705.0 0.0 17705 4813 10454.25 4
stats: {sentpackets,"os_mon@test4"} 1 11856.0 0.0 11856 3305 6964.75 4
stats: {cpu,"os_mon@test4"} 1 59.42947702060222 0.0 59.42947702060222 2.954431647471207 32.55184505570206 5
stats: {load,"os_mon@myserver"} 1 4.23046875 0.0 4.23046875 2.12890625 2.66171875 5
stats: {recvpackets,"os_mon@myserver"} 1 18835.0 0.0 18835 4939 10764.5 4
stats: {sentpackets,"os_mon@myserver"} 1 12605.0 0.0 12605 3389 7172.5 4
stats: {cpu,"os_mon@myserver"} 1 73.41487768347478 0.0 73.41487768347478 3.755986891857827 43.186412345784674 5
stats: session 2944 7064.409774780268 3777.0046056685637 22476.06689453125 17.23486328125 1099.6995093061412 10767
stats: users_count 3335 17320
stats: finish_users_count 2944 13711
stats: request 32062 841.1217217446817 1813.9437996502913 16280.827880859375 1.001953125 139.05403939320888 118956
stats: page 2918 6902.2219419838875 3698.91308341253 22474.385986328125 15.861083984375 1069.6096249899463 10685
stats: connect 32050 756.8114061966794 1812.1738878314259 16224.493896484375 0.416015625 103.01210979648631 119207
stats: 200 32062 151018
stats: size_rcv 4039812 19028268
stats: newphase 6 30
stats: size_sent 4255574 20076059
stats: connected -12 239
# stats: dump at 1339073957
stats: users 4213 4601
stats: {load,"os_mon@test2"} 1 1.26171875 0.0 1.66015625 1.171875 1.3450520833333333 6
stats: {recvpackets,"os_mon@test3"} 1 14689.0 0.0 17675 4825 11901.2 5
stats: {sentpackets,"os_mon@test3"} 1 10492.0 0.0 11829 3312 7940.2 5
stats: {freemem,"os_mon@test2"} 1 1453.1875 0.0 1541.01953125 1453.1875 1528.955078125 6
stats: {cpu,"os_mon@test3"} 1 62.1492853361567 0.0 62.1492853361567 3.0684104627766597 37.93632222391847 6
stats: {load,"os_mon@test4"} 1 1.1484375 0.0 1.390625 1.12890625 1.2682291666666667 6
stats: {freemem,"os_mon@test4"} 1 1490.56640625 0.0 1543.27734375 1490.56640625 1532.3229166666667 6
stats: {freemem,"os_mon@myserver"} 1 1367.875 0.0 1368.79296875 1367.6640625 1368.2154947916667 6
stats: {recvpackets,"os_mon@test2"} 1 14717.0 0.0 17762 4829 11928.6 5
stats: {sentpackets,"os_mon@test2"} 1 10511.0 0.0 11886 3316 7958.8 5
stats: {load,"os_mon@test3"} 1 1.44921875 0.0 1.76171875 1.2109375 1.423828125 6
stats: {cpu,"os_mon@test2"} 1 68.00208116545265 0.0 68.00208116545265 5.686965274282838 40.6830009290371 6
stats: {freemem,"os_mon@test3"} 1 1308.01171875 0.0 1390.9375 1308.01171875 1379.0390625 6
stats: {recvpackets,"os_mon@test4"} 1 14693.0 0.0 17705 4813 11904.4 5
stats: {sentpackets,"os_mon@test4"} 1 10495.0 0.0 11856 3305 7943.0 5
stats: {cpu,"os_mon@test4"} 1 50.83769633507853 0.0 59.42947702060222 2.954431647471207 37.03145038318542 6
stats: {load,"os_mon@myserver"} 1 4.578125 0.0 4.578125 2.12890625 2.9231770833333335 6
stats: {recvpackets,"os_mon@myserver"} 1 1.45e4 0.0 18835 4939 12378.6 5
stats: {sentpackets,"os_mon@myserver"} 1 10462.0 0.0 12605 3389 8259.0 5
stats: {cpu,"os_mon@myserver"} 1 72.79187817258884 0.0 73.41487768347478 3.755986891857827 48.22448990206636 6
stats: session 2782 9460.082931375946 6126.296962673865 34126.970947265625 17.23486328125 2380.4308215048013 13711
stats: users_count 3386 20706
stats: finish_users_count 2782 16493
stats: request 31259 995.0108985721483 2370.633721779423 31187.381103515625 1.001953125 288.10709288056086 151018
stats: page 2797 9391.428895723222 6009.236606838751 34124.97900390625 15.861083984375 2320.772070111487 13603
stats: connect 31316 896.0796202560811 2353.9396369041215 31128.112060546875 0.416015625 241.54630953353114 151257
stats: 200 31259 182277
stats: size_rcv 3938634 22966902
stats: newphase 6 36
stats: size_sent 4153844 24229903
stats: connected 57 296
# stats: dump at 1339073967
stats: users 4532 5309
stats: {load,"os_mon@test2"} 1 1.2890625 0.0 1.66015625 1.171875 1.3331473214285714 7
stats: {recvpackets,"os_mon@test3"} 1 14628.0 0.0 17675 4825 12365.833333333334 6
stats: {sentpackets,"os_mon@test3"} 1 10583.0 0.0 11829 3312 8365.5 6
stats: {freemem,"os_mon@test2"} 1 1416.68359375 0.0 1541.01953125 1416.68359375 1518.131138392857 7
stats: {cpu,"os_mon@test3"} 1 68.65750528541226 0.0 68.65750528541226 3.0684104627766597 41.39531695423822 7
stats: {load,"os_mon@test4"} 1 1.12109375 0.0 1.390625 1.12109375 1.2511160714285714 7
stats: {freemem,"os_mon@test4"} 1 1490.734375 0.0 1543.27734375 1490.56640625 1526.357700892857 7
stats: {freemem,"os_mon@myserver"} 1 1368.4375 0.0 1368.79296875 1367.6640625 1368.1668526785713 7
stats: {recvpackets,"os_mon@test2"} 1 14648.0 0.0 17762 4829 12393.333333333334 6
stats: {sentpackets,"os_mon@test2"} 1 1.06e4 0.0 11886 3316 8384.166666666666 6
stats: {load,"os_mon@test3"} 1 1.30859375 0.0 1.76171875 1.2109375 1.4274553571428572 7
stats: {cpu,"os_mon@test2"} 1 67.92550439730988 0.0 68.00208116545265 5.686965274282838 44.58572667709647 7
stats: {freemem,"os_mon@test3"} 1 1266.26953125 0.0 1390.9375 1266.26953125 1368.892299107143 7
stats: {recvpackets,"os_mon@test4"} 1 14625.0 0.0 17705 4813 12369.166666666666 6
stats: {sentpackets,"os_mon@test4"} 1 10576.0 0.0 11856 3305 8368.333333333334 6
stats: {cpu,"os_mon@test4"} 1 44.559585492227974 0.0 59.42947702060222 2.954431647471207 39.00377123345587 7
stats: {load,"os_mon@myserver"} 1 4.71875 0.0 4.71875 2.12890625 3.1595982142857144 7
stats: {recvpackets,"os_mon@myserver"} 1 16269.0 0.0 18835 4939 12732.166666666666 6
stats: {sentpackets,"os_mon@myserver"} 1 11732.0 0.0 12605 3389 8626.166666666666 6
stats: {cpu,"os_mon@myserver"} 1 72.82115869017632 0.0 73.41487768347478 3.755986891857827 51.734116797855286 7
stats: session 3058 10422.613666541909 7987.783669490996 40260.240966796875 17.23486328125 3574.6096955520657 16493
stats: users_count 3377 24083
stats: finish_users_count 3058 19551
stats: 200 31841 214118
stats: connect 31802 1044.041884050759 3266.0134668085957 32510.27001953125 0.416015625 353.8157314008794 182573
stats: page 3069 10350.634550997647 7865.199590881635 40258.9111328125 15.861083984375 3526.663968967342 16400
stats: request 31841 1138.4928684960091 3252.873776453154 32565.713134765625 1.001953125 409.33525695015453 182277
stats: size_rcv 4011966 26978868
stats: newphase 6 42
stats: size_sent 4219342 28449245
stats: connected -39 257
# stats: dump at 1339073977
stats: users 6143 6314
stats: {load,"os_mon@test2"} 1 1.171875 0.0 1.66015625 1.171875 1.32763671875 8
stats: {recvpackets,"os_mon@test3"} 1 15696.0 0.0 17675 4825 12689.0 7
stats: {sentpackets,"os_mon@test3"} 1 11496.0 0.0 11829 3312 8682.285714285714 7
stats: {freemem,"os_mon@test2"} 1 1381.76953125 0.0 1541.01953125 1381.76953125 1505.4501953125 8
stats: {cpu,"os_mon@test3"} 1 64.38284518828452 0.0 68.65750528541226 3.0684104627766597 44.80309049563497 8
stats: {load,"os_mon@test4"} 1 1.1796875 0.0 1.390625 1.12109375 1.23486328125 8
stats: {freemem,"os_mon@test4"} 1 1459.81640625 0.0 1543.27734375 1459.81640625 1521.90478515625 8
stats: {freemem,"os_mon@myserver"} 1 1367.85546875 0.0 1368.79296875 1367.6640625 1368.20068359375 8
stats: {recvpackets,"os_mon@test2"} 1 15619.0 0.0 17762 4829 12715.42857142857 7
stats: {sentpackets,"os_mon@test2"} 1 11452.0 0.0 11886 3316 8700.714285714286 7
stats: {load,"os_mon@test3"} 1 1.33984375 0.0 1.76171875 1.2109375 1.41259765625 8
stats: {cpu,"os_mon@test2"} 1 66.09819121447028 0.0 68.00208116545265 5.686965274282838 47.50319889212314 8
stats: {freemem,"os_mon@test3"} 1 1231.4375 0.0 1390.9375 1231.4375 1356.064453125 8
stats: {recvpackets,"os_mon@test4"} 1 15673.0 0.0 17705 4813 12691.42857142857 7
stats: {sentpackets,"os_mon@test4"} 1 11483.0 0.0 11856 3305 8683.714285714286 7
stats: {cpu,"os_mon@test4"} 1 62.873326467559224 0.0 62.873326467559224 2.954431647471207 39.698248015802385 8
stats: {load,"os_mon@myserver"} 1 4.98828125 0.0 4.98828125 2.12890625 3.3544921875 8
stats: {recvpackets,"os_mon@myserver"} 1 16450.0 0.0 18835 4939 13237.42857142857 7
stats: {sentpackets,"os_mon@myserver"} 1 12108.0 0.0 12605 3389 9069.857142857143 7
stats: {cpu,"os_mon@myserver"} 1 73.17733990147784 0.0 73.41487768347478 3.755986891857827 54.36999703439542 8
stats: session 2436 11851.394304948895 9772.982400129655 49834.015869140625 17.23486328125 4645.715835559581 19551
stats: users_count 4047 28130
stats: finish_users_count 2436 21987
stats: 200 31118 245236
stats: request 31118 1174.986946526193 3271.6009503854075 34381.59814453125 1.001953125 517.7666242767294 214118
stats: page 2442 11980.810383814654 9813.650908398664 49831.30908203125 15.861083984375 4602.362038526693 19469
stats: connect 31090 1059.4184756971276 3227.248999339347 34218.39501953125 0.416015625 456.209070673516 214375
stats: size_rcv 3920868 30899736
stats: newphase 6 48
stats: size_sent 4125758 32575003
stats: connected -28 229
# stats: dump at 1339073987
stats: users 6365 6526
stats: {load,"os_mon@test2"} 1 1.21875 0.0 1.66015625 1.171875 1.3103298611111112 9
stats: {recvpackets,"os_mon@test3"} 1 14958.0 0.0 17675 4825 13064.875 8
stats: {sentpackets,"os_mon@test3"} 1 11040.0 0.0 11829 3312 9034.0 8
stats: {freemem,"os_mon@test2"} 1 1346.75 0.0 1541.01953125 1346.75 1491.7078993055557 9
stats: {cpu,"os_mon@test3"} 1 70.76602397081814 0.0 70.76602397081814 3.0684104627766597 46.97861879481825 9
stats: {load,"os_mon@test4"} 1 1.30859375 0.0 1.390625 1.12109375 1.2287326388888888 9
stats: {freemem,"os_mon@test4"} 1 1416.08203125 0.0 1543.27734375 1416.08203125 1515.006076388889 9
stats: {freemem,"os_mon@myserver"} 1 1368.9296875 0.0 1368.9296875 1367.6640625 1368.162326388889 9
stats: {recvpackets,"os_mon@test2"} 1 14964.0 0.0 17762 4829 13078.375 8
stats: {sentpackets,"os_mon@test2"} 1 11041.0 0.0 11886 3316 9044.625 8
stats: {load,"os_mon@test3"} 1 1.37109375 0.0 1.76171875 1.2109375 1.4045138888888888 9
stats: {cpu,"os_mon@test2"} 1 60.09365244536941 0.0 68.00208116545265 5.686965274282838 49.56930915016171 9
stats: {freemem,"os_mon@test3"} 1 1185.98828125 0.0 1390.9375 1185.98828125 1342.217013888889 9
stats: {recvpackets,"os_mon@test4"} 1 14966.0 0.0 17705 4813 13064.125 8
stats: {sentpackets,"os_mon@test4"} 1 11046.0 0.0 11856 3305 9033.625 8
stats: {cpu,"os_mon@test4"} 1 67.06806282722513 0.0 67.06806282722513 2.954431647471207 42.27325673266426 9
stats: {load,"os_mon@myserver"} 1 5.2890625 0.0 5.2890625 2.12890625 3.5360243055555554 9
stats: {recvpackets,"os_mon@myserver"} 1 14334.0 0.0 18835 4939 13639.0 8
stats: {sentpackets,"os_mon@myserver"} 1 10781.0 0.0 12605 3389 9449.625 8
stats: {cpu,"os_mon@myserver"} 1 72.74881516587678 0.0 73.41487768347478 3.755986891857827 56.45970179740458 9
stats: session 3076 14020.759825945826 10515.976386050721 57080.654052734375 17.23486328125 5444.052705138532 21987
stats: users_count 3298 31428
stats: finish_users_count 3076 25063
stats: 200 31415 276651
stats: request 31415 1530.6489290763586 3999.0646049440475 34381.59814453125 1.001953125 601.1613215795676 245236
stats: page 3097 13905.970469468944 10460.979013372793 57078.968994140625 15.861083984375 5424.696521626196 21911
stats: connect 31388 1366.290032194396 3988.7821632288465 34218.39501953125 0.416015625 532.6101070827152 245465
stats: size_rcv 3958290 34858026
stats: newphase 6 54
stats: size_sent 4163932 36738935
stats: connected -27 202
stats: error_connect_etimedout 1 1
# stats: dump at 1339073997
stats: users 7119 7619
stats: {load,"os_mon@test2"} 1 1.3515625 0.0 1.66015625 1.171875 1.301171875 10
stats: {recvpackets,"os_mon@test3"} 1 16653.0 0.0 17675 4825 13275.222222222223 9
stats: {sentpackets,"os_mon@test3"} 1 12326.0 0.0 12326 3312 9256.888888888889 9
stats: {freemem,"os_mon@test2"} 1 1307.69921875 0.0 1541.01953125 1307.69921875 1477.212109375 10
stats: {cpu,"os_mon@test3"} 1 82.0236260914227 0.0 82.0236260914227 3.0684104627766597 49.35735931241824 10
stats: {load,"os_mon@test4"} 1 1.19140625 0.0 1.390625 1.12109375 1.23671875 10
stats: {freemem,"os_mon@test4"} 1 1412.4765625 0.0 1543.27734375 1412.4765625 1505.113671875 10
stats: {freemem,"os_mon@myserver"} 1 1367.58203125 0.0 1368.9296875 1367.58203125 1368.2390625 10
stats: {recvpackets,"os_mon@test2"} 1 16691.0 0.0 17762 4829 13287.888888888889 9
stats: {sentpackets,"os_mon@test2"} 1 12356.0 0.0 12356 3316 9266.444444444445 9
stats: {load,"os_mon@test3"} 1 1.5390625 0.0 1.76171875 1.2109375 1.401171875 10
stats: {cpu,"os_mon@test2"} 1 71.90426638917793 0.0 71.90426638917793 5.686965274282838 50.62174347968248 10
stats: {freemem,"os_mon@test3"} 1 1114.36328125 0.0 1390.9375 1114.36328125 1326.594140625 10
stats: {recvpackets,"os_mon@test4"} 1 16694.0 0.0 17705 4813 13275.444444444445 9
stats: {sentpackets,"os_mon@test4"} 1 12354.0 0.0 12354 3305 9257.222222222223 9
stats: {cpu,"os_mon@test4"} 1 43.284365162644285 0.0 67.06806282722513 2.954431647471207 44.75273734212035 10
stats: {load,"os_mon@myserver"} 1 5.7890625 0.0 5.7890625 2.12890625 3.711328125 10
stats: {recvpackets,"os_mon@myserver"} 1 18118.0 0.0 18835 4939 13716.222222222223 9
stats: {sentpackets,"os_mon@myserver"} 1 13328.0 0.0 13328 3389 9597.555555555555 9
stats: {cpu,"os_mon@myserver"} 1 72.46913580246913 0.0 73.41487768347478 3.755986891857827 58.088613134251794 10
stats: session 2621 14198.934624524562 10972.916867739008 74527.76196289063 17.23486328125 6496.678133203935 25063
stats: users_count 3375 34803
stats: finish_users_count 2621 27684
stats: request 30570 1387.0309557614307 3599.1049984011447 34656.302001953125 1.001953125 706.708936406594 276651
stats: page 2612 14283.309985314187 11035.99161194777 74526.27807617188 15.861083984375 6475.020634568814 25008
stats: connect 30652 1176.623124142653 3554.066823450466 34654.327880859375 0.416015625 627.1279396126334 276853
stats: 200 30570 307221
stats: size_rcv 3851820 38709846
stats: newphase 6 60
stats: size_sent 4067940 40806875
stats: connected 82 284
stats: error_connect_etimedout 163 164
# stats: dump at 1339074007
stats: users 8389 8562
stats: {load,"os_mon@test2"} 1 1.4609375 0.0 1.66015625 1.171875 1.3057528409090908 11
stats: {recvpackets,"os_mon@test3"} 1 15296.0 0.0 17675 4825 13613.0 10
stats: {sentpackets,"os_mon@test3"} 1 11575.0 0.0 12326 3312 9563.8 10
stats: {freemem,"os_mon@test2"} 1 1261.578125 0.0 1541.01953125 1261.578125 1461.801846590909 11
stats: {cpu,"os_mon@test3"} 1 57.71221532091098 0.0 82.0236260914227 3.0684104627766597 52.327019928691364 11
stats: {load,"os_mon@test4"} 1 1.16015625 0.0 1.390625 1.12109375 1.2325994318181819 11
stats: {freemem,"os_mon@test4"} 1 1352.01171875 0.0 1543.27734375 1352.01171875 1496.6921164772727 11
stats: {freemem,"os_mon@myserver"} 1 1367.03125 0.0 1368.9296875 1367.03125 1368.1793323863637 11
stats: {recvpackets,"os_mon@test2"} 1 15297.0 0.0 17762 4829 13628.2 10
stats: {sentpackets,"os_mon@test2"} 1 11579.0 0.0 12356 3316 9575.4 10
stats: {load,"os_mon@test3"} 1 1.4609375 0.0 1.76171875 1.2109375 1.4137073863636365 11
stats: {cpu,"os_mon@test2"} 1 72.13622291021672 0.0 72.13622291021672 5.686965274282838 52.556518289636614 11
stats: {freemem,"os_mon@test3"} 1 1100.16796875 0.0 1390.9375 1100.16796875 1307.3004261363637 11
stats: {recvpackets,"os_mon@test4"} 1 15272.0 0.0 17705 4813 13617.3 10
stats: {sentpackets,"os_mon@test4"} 1 11559.0 0.0 12354 3305 9566.9 10
stats: {cpu,"os_mon@test4"} 1 72.59565667011375 0.0 72.59565667011375 2.954431647471207 44.61924896216798 11
stats: {load,"os_mon@myserver"} 1 5.66015625 0.0 5.7890625 2.12890625 3.9002130681818183 11
stats: {recvpackets,"os_mon@myserver"} 1 18152.0 0.0 18835 4939 14156.4 10
stats: {sentpackets,"os_mon@myserver"} 1 13528.0 0.0 13528 3389 9970.6 10
stats: {cpu,"os_mon@myserver"} 1 71.82926829268293 0.0 73.41487768347478 3.755986891857827 59.39593337681701 11
stats: session 2738 16130.646257532871 14317.29108989034 82290.39111328125 17.23486328125 7225.894079734471 27684
stats: users_count 4008 38811
stats: finish_users_count 2738 30422
stats: request 30674 1510.3481199293512 3924.5317956610675 34656.302001953125 1.001953125 774.4043222417985 307221
stats: page 2705 16007.818478421754 13975.357617756135 81918.82885742188 15.861083984375 7213.443943191078 27620
stats: connect 30682 1316.811612994986 3900.202439215825 34654.327880859375 0.416015625 681.9014437709858 307505
stats: 200 30674 337895
stats: size_rcv 3864924 42574770
stats: newphase 6 66
stats: size_sent 4072702 44879577
stats: connected 8 292
stats: error_connect_etimedout 331 495
# stats: dump at 1339074017
stats: users 9682 9682
stats: {load,"os_mon@test2"} 1 1.76953125 0.0 1.76953125 1.171875 1.3186848958333333 12
stats: {recvpackets,"os_mon@test3"} 1 18776.0 0.0 18776 4825 13766.0 11
stats: {sentpackets,"os_mon@test3"} 1 13883.0 0.0 13883 3312 9746.636363636364 11
stats: {freemem,"os_mon@test2"} 1 1205.60546875 0.0 1541.01953125 1205.60546875 1445.1165364583333 12
stats: {cpu,"os_mon@test3"} 1 56.77521008403361 0.0 82.0236260914227 3.0684104627766597 52.775786211376335 12
stats: {load,"os_mon@test4"} 1 1.2109375 0.0 1.390625 1.12109375 1.2265625 12
stats: {freemem,"os_mon@test4"} 1 1293.41796875 0.0 1543.27734375 1293.41796875 1484.6354166666667 12
stats: {freemem,"os_mon@myserver"} 1 1366.87890625 0.0 1368.9296875 1366.87890625 1368.0836588541667 12
stats: {recvpackets,"os_mon@test2"} 1 18659.0 0.0 18659 4829 13779.90909090909 11
stats: {sentpackets,"os_mon@test2"} 1 13807.0 0.0 13807 3316 9757.545454545454 11
stats: {load,"os_mon@test3"} 1 1.3203125 0.0 1.76171875 1.2109375 1.4176432291666667 12
stats: {cpu,"os_mon@test2"} 1 77.91474062660502 0.0 77.91474062660502 5.686965274282838 54.18816034135162 12
stats: {freemem,"os_mon@test3"} 1 1085.40234375 0.0 1390.9375 1085.40234375 1290.0393880208335 12
stats: {recvpackets,"os_mon@test4"} 1 18775.0 0.0 18775 4813 13767.727272727272 11
stats: {sentpackets,"os_mon@test4"} 1 13884.0 0.0 13884 3305 9748.0 11
stats: {cpu,"os_mon@test4"} 1 73.54306343476019 0.0 73.54306343476019 2.954431647471207 46.95061627116346 12
stats: {load,"os_mon@myserver"} 1 5.421875 0.0 5.7890625 2.12890625 4.046875 12
stats: {recvpackets,"os_mon@myserver"} 1 18447.0 0.0 18835 4939 14519.636363636364 11
stats: {sentpackets,"os_mon@myserver"} 1 13909.0 0.0 13909 3389 10294.0 11
stats: {cpu,"os_mon@myserver"} 1 73.27735243269943 0.0 73.41487768347478 3.755986891857827 60.43204461980584 12
stats: session 2668 20228.84345516448 19754.666122661234 89418.30908203125 17.23486328125 8027.32762988936 30422
stats: users_count 3961 42772
stats: finish_users_count 2668 33090
stats: request 31156 1527.3977075073092 3704.3959236376695 34701.566162109375 1.001953125 841.2130647513592 337895
stats: page 2709 19698.46283474938 19247.069875108005 89416.94384765625 15.861083984375 7997.905051774721 30325
stats: connect 31146 1298.169847792515 3622.8307297107513 34654.327880859375 0.416015625 739.5036396334252 338187
stats: 200 31156 369051
stats: size_rcv 3925656 46500426
stats: newphase 5 71
stats: size_sent 4134446 49014023
stats: connected -10 282
stats: error_connect_etimedout 243 738
# stats: dump at 1339074027
stats: users 9228 9706
stats: {load,"os_mon@test2"} 1 2.109375 0.0 2.109375 1.171875 1.3533653846153846 13
stats: {recvpackets,"os_mon@test3"} 1 17171.0 0.0 18776 4825 14183.5 12
stats: {sentpackets,"os_mon@test3"} 1 13087.0 0.0 13883 3312 10091.333333333334 12
stats: {freemem,"os_mon@test2"} 1 1167.1640625 0.0 1541.01953125 1167.1640625 1426.692608173077 13
stats: {cpu,"os_mon@test3"} 1 67.86085150571132 0.0 82.0236260914227 3.0684104627766597 53.083434201580744 13
stats: {load,"os_mon@test4"} 1 1.03125 0.0 1.390625 1.03125 1.2253605769230769 13
stats: {freemem,"os_mon@test4"} 1 1243.65234375 0.0 1543.27734375 1243.65234375 1469.9263822115386 13
stats: {freemem,"os_mon@myserver"} 1 1366.453125 0.0 1368.9296875 1366.453125 1367.990985576923 13
stats: {recvpackets,"os_mon@test2"} 1 17315.0 0.0 18659 4829 14186.5 12
stats: {sentpackets,"os_mon@test2"} 1 13184.0 0.0 13807 3316 10095.0 12
stats: {load,"os_mon@test3"} 1 1.48828125 0.0 1.76171875 1.2109375 1.41015625 13
stats: {cpu,"os_mon@test2"} 1 71.29485179407176 0.0 77.91474062660502 5.686965274282838 56.01328190175573 13
stats: {freemem,"os_mon@test3"} 1 1030.4609375 0.0 1390.9375 1030.4609375 1274.298076923077 13
stats: {recvpackets,"os_mon@test4"} 1 17183.0 0.0 18775 4813 14185.0 12
stats: {sentpackets,"os_mon@test4"} 1 13095.0 0.0 13884 3305 10092.666666666666 12
stats: {cpu,"os_mon@test4"} 1 68.56995884773663 0.0 73.54306343476019 2.954431647471207 48.99618912990167 13
stats: {load,"os_mon@myserver"} 1 6.26953125 0.0 6.26953125 2.12890625 4.152644230769231 13
stats: {recvpackets,"os_mon@myserver"} 1 16564.0 0.0 18835 4939 14846.916666666666 12
stats: {sentpackets,"os_mon@myserver"} 1 12981.0 0.0 13909 3389 10595.25 12
stats: {cpu,"os_mon@myserver"} 1 72.35813366960909 0.0 73.41487768347478 3.755986891857827 61.42014522079766 13
stats: session 3259 21942.585007308506 20525.032903777894 97579.69506835938 17.23486328125 9011.118630851402 33090
stats: users_count 2805 45577
stats: finish_users_count 3259 36349
stats: 200 31610 400661
stats: request 31610 1806.211757645672 4374.469238393255 35860.114013671875 1.001953125 899.14210092713 369051
stats: page 3233 21381.107556141007 19991.828744784456 97578.05810546875 15.861083984375 8957.425879833036 33034
stats: connect 31601 1594.1044275077304 4335.852129429468 34654.327880859375 0.416015625 786.6161850039255 369333
stats: size_rcv 3982860 50483286
stats: newphase 6 77
stats: size_sent 4192275 53206298
stats: connected -9 273
stats: error_connect_etimedout 285 1023
# stats: dump at 1339074037
stats: users 10337 10599
stats: {load,"os_mon@test2"} 1 2.1015625 0.0 2.109375 1.171875 1.4073660714285714 14
stats: {recvpackets,"os_mon@test3"} 1 18993.0 0.0 18993 4825 14413.307692307691 13
stats: {sentpackets,"os_mon@test3"} 1 14473.0 0.0 14473 3312 10321.76923076923 13
stats: {freemem,"os_mon@test2"} 1 1122.171875 0.0 1541.01953125 1122.171875 1408.1548549107142 14
stats: {cpu,"os_mon@test3"} 1 63.20413436692507 0.0 82.0236260914227 3.0684104627766597 54.13896400901864 14
stats: {load,"os_mon@test4"} 1 1.171875 0.0 1.390625 1.03125 1.2114955357142858 14
stats: {freemem,"os_mon@test4"} 1 1174.984375 0.0 1543.27734375 1174.984375 1453.763950892857 14
stats: {freemem,"os_mon@myserver"} 1 1365.53125 0.0 1368.9296875 1365.53125 1367.881138392857 14
stats: {recvpackets,"os_mon@test2"} 1 18913.0 0.0 18913 4829 14427.153846153846 13
stats: {sentpackets,"os_mon@test2"} 1 14434.0 0.0 14434 3316 10332.615384615385 13
stats: {load,"os_mon@test3"} 1 1.66015625 0.0 1.76171875 1.2109375 1.4157366071428572 14
stats: {cpu,"os_mon@test2"} 1 75.1684810782789 0.0 77.91474062660502 5.686965274282838 57.10482260834973 14
stats: {freemem,"os_mon@test3"} 1 1005.2265625 0.0 1390.9375 1005.2265625 1256.881138392857 14
stats: {recvpackets,"os_mon@test4"} 1 18980.0 0.0 18980 4813 14415.615384615385 13
stats: {sentpackets,"os_mon@test4"} 1 14465.0 0.0 14465 3305 10323.615384615385 13
stats: {cpu,"os_mon@test4"} 1 74.12371134020619 0.0 74.12371134020619 2.954431647471207 50.39431553831845 14
stats: {load,"os_mon@myserver"} 1 6.171875 0.0 6.26953125 2.12890625 4.303850446428571 14
stats: {recvpackets,"os_mon@myserver"} 1 19471.0 0.0 19471 4939 14979.0 13
stats: {sentpackets,"os_mon@myserver"} 1 14851.0 0.0 14851 3389 10778.76923076923 13
stats: {cpu,"os_mon@myserver"} 1 71.82492226740015 0.0 73.41487768347478 3.755986891857827 62.20143010999847 14
stats: session 2457 24193.302293789122 22796.081023743573 106251.56396484375 17.23486328125 10170.535641522225 36349
stats: users_count 3566 49143
stats: finish_users_count 2457 38806
stats: request 30687 1993.6052587478503 4641.911034696648 38250.5419921875 1.001953125 970.7050228208833 400661
stats: page 2470 23488.550767313223 22105.70422316792 106249.74487304688 15.861083984375 10064.927544142287 36267
stats: connect 30797 1657.517780456439 4573.923708920602 34654.327880859375 0.416015625 850.2611638567109 400934
stats: 200 30687 431348
stats: size_rcv 3866562 54349848
stats: newphase 3 80
stats: size_sent 4087879 57294177
stats: connected 110 383
stats: error_connect_etimedout 395 1418
# stats: dump at 1339074047
stats: users 10415 10766
stats: {load,"os_mon@test2"} 1 1.8515625 0.0 2.109375 1.171875 1.4536458333333333 15
stats: {recvpackets,"os_mon@test3"} 1 16062.0 0.0 18993 4825 14740.42857142857 14
stats: {sentpackets,"os_mon@test3"} 1 12613.0 0.0 14473 3312 10618.285714285714 14
stats: {freemem,"os_mon@test2"} 1 1110.79296875 0.0 1541.01953125 1110.79296875 1389.0893229166666 15
stats: {cpu,"os_mon@test3"} 1 84.07578084997441 0.0 84.07578084997441 3.0684104627766597 54.743308699545736 15
stats: {load,"os_mon@test4"} 1 1.609375 0.0 1.609375 1.03125 1.2088541666666666 15
stats: {freemem,"os_mon@test4"} 1 1133.74609375 0.0 1543.27734375 1133.74609375 1435.1786458333333 15
stats: {freemem,"os_mon@myserver"} 1 1364.1484375 0.0 1368.9296875 1364.1484375 1367.7244791666667 15
stats: {recvpackets,"os_mon@test2"} 1 16076.0 0.0 18913 4829 14747.57142857143 14
stats: {sentpackets,"os_mon@test2"} 1 12625.0 0.0 14434 3316 10625.57142857143 14
stats: {load,"os_mon@test3"} 1 1.69921875 0.0 1.76171875 1.2109375 1.43203125 15
stats: {cpu,"os_mon@test2"} 1 59.09849749582637 0.0 77.91474062660502 5.686965274282838 58.30906650634501 15
stats: {freemem,"os_mon@test3"} 1 922.453125 0.0 1390.9375 922.453125 1240.1041666666667 15
stats: {recvpackets,"os_mon@test4"} 1 16050.0 0.0 18980 4813 14741.642857142857 14
stats: {sentpackets,"os_mon@test4"} 1 12601.0 0.0 14465 3305 10619.42857142857 14
stats: {cpu,"os_mon@test4"} 1 71.70301142263759 0.0 74.12371134020619 2.954431647471207 51.9762752584443 15
stats: {load,"os_mon@myserver"} 1 6.16015625 0.0 6.26953125 2.12890625 4.428385416666667 15
stats: {recvpackets,"os_mon@myserver"} 1 18203.0 0.0 19471 4939 15299.857142857143 14
stats: {sentpackets,"os_mon@myserver"} 1 14533.0 0.0 14851 3389 11069.642857142857 14
stats: {cpu,"os_mon@myserver"} 1 72.59445843828716 0.0 73.41487768347478 3.755986891857827 62.84299625382525 15
stats: session 3144 25706.209172605566 23037.610032251236 118261.7451171875 17.23486328125 11058.38642914836 38806
stats: users_count 3222 52365
stats: finish_users_count 3144 41950
stats: request 30951 2089.5037075914306 4633.412123439305 41684.718994140625 1.001953125 1043.4762876462466 431348
stats: page 3163 24876.965206603323 22112.698849362405 118260.42993164063 15.861083984375 10920.86242193954 38737
stats: connect 30883 1682.5727782546994 4485.845829684162 34654.327880859375 0.416015625 907.8458219457103 431731
stats: 200 30951 462299
stats: size_rcv 3899826 58249674
stats: newphase 5 85
stats: size_sent 4099729 61393906
stats: connected -68 315
stats: error_connect_etimedout 338 1756
# stats: dump at 1339074057
stats: users 10899 10980
stats: {load,"os_mon@test2"} 1 2.37890625 0.0 2.37890625 1.171875 1.478515625 16
stats: {recvpackets,"os_mon@test3"} 1 18161.0 0.0 18993 4825 14828.533333333333 15
stats: {sentpackets,"os_mon@test3"} 1 14496.0 0.0 14496 3312 10751.266666666666 15
stats: {freemem,"os_mon@test2"} 1 1053.79296875 0.0 1541.01953125 1053.79296875 1371.69580078125 16
stats: {cpu,"os_mon@test3"} 1 68.3385579937304 0.0 84.07578084997441 3.0684104627766597 56.57658820894753 16
stats: {load,"os_mon@test4"} 1 1.671875 0.0 1.671875 1.03125 1.23388671875 16
stats: {freemem,"os_mon@test4"} 1 1068.078125 0.0 1543.27734375 1068.078125 1416.339111328125 16
stats: {freemem,"os_mon@myserver"} 1 1365.00390625 0.0 1368.9296875 1364.1484375 1367.5009765625 16
stats: {recvpackets,"os_mon@test2"} 1 18227.0 0.0 18913 4829 14836.133333333333 15
stats: {sentpackets,"os_mon@test2"} 1 14510.0 0.0 14510 3316 10758.866666666667 15
stats: {load,"os_mon@test3"} 1 1.8203125 0.0 1.8203125 1.2109375 1.44873046875 16
stats: {cpu,"os_mon@test2"} 1 71.97716658017644 0.0 77.91474062660502 5.686965274282838 58.35840594318759 16
stats: {freemem,"os_mon@test3"} 1 891.953125 0.0 1390.9375 891.953125 1220.2509765625 16
stats: {recvpackets,"os_mon@test4"} 1 18109.0 0.0 18980 4813 14828.866666666667 15
stats: {sentpackets,"os_mon@test4"} 1 14446.0 0.0 14465 3305 10751.533333333333 15
stats: {cpu,"os_mon@test4"} 1 73.16572601334018 0.0 74.12371134020619 2.954431647471207 53.209196268706386 16
stats: {load,"os_mon@myserver"} 1 5.69140625 0.0 6.26953125 2.12890625 4.53662109375 16
stats: {recvpackets,"os_mon@myserver"} 1 19947.0 0.0 19947 4939 15493.4 15
stats: {sentpackets,"os_mon@myserver"} 1 15513.0 0.0 15513 3389 11300.533333333333 15
stats: {cpu,"os_mon@myserver"} 1 72.39074550128535 0.0 73.41487768347478 3.755986891857827 63.45246264035411 16
stats: session 3003 26012.406567309645 24243.54337721812 127493.2470703125 17.23486328125 12156.187494832016 41950
stats: users_count 3487 55852
stats: finish_users_count 3003 44953
stats: request 31340 1592.3121104500294 3964.8251865845014 41684.718994140625 1.001953125 1113.5080088369118 462299
stats: page 2974 25356.442883243348 23394.94974458154 122189.30493164063 15.861083984375 11974.398295636236 41900
stats: connect 31291 1408.210955757295 3862.1122968762397 34654.327880859375 0.416015625 959.5647335906034 462614
stats: 200 31340 493639
stats: size_rcv 3948840 62198514
stats: newphase 5 90
stats: size_sent 4154137 65548043
stats: connected -49 266
stats: error_connect_etimedout 684 2440
# stats: dump at 1339074067
stats: users 11854 11982
stats: {load,"os_mon@test2"} 1 2.3203125 0.0 2.37890625 1.171875 1.5314797794117647 17
stats: {recvpackets,"os_mon@test3"} 1 18942.0 0.0 18993 4825 15036.8125 16
stats: {sentpackets,"os_mon@test3"} 1 14791.0 0.0 14791 3312 10985.3125 16
stats: {freemem,"os_mon@test2"} 1 1037.6953125 0.0 1541.01953125 1037.6953125 1352.9956341911766 17
stats: {cpu,"os_mon@test3"} 1 64.69355683603982 0.0 84.07578084997441 3.0684104627766597 57.268468784522994 17
stats: {load,"os_mon@test4"} 1 1.73046875 0.0 1.73046875 1.03125 1.2596507352941178 17
stats: {freemem,"os_mon@test4"} 1 985.296875 0.0 1543.27734375 985.296875 1395.8531709558824 17
stats: {freemem,"os_mon@myserver"} 1 1364.078125 0.0 1368.9296875 1364.078125 1367.3540900735295 17
stats: {recvpackets,"os_mon@test2"} 1 18960.0 0.0 18960 4829 15048.0625 16
stats: {sentpackets,"os_mon@test2"} 1 14815.0 0.0 14815 3316 10993.3125 16
stats: {load,"os_mon@test3"} 1 1.69921875 0.0 1.8203125 1.2109375 1.4705882352941178 17
stats: {cpu,"os_mon@test2"} 1 58.4163607760881 0.0 77.91474062660502 5.686965274282838 59.15950951006929 17
stats: {freemem,"os_mon@test3"} 1 854.375 0.0 1390.9375 854.375 1200.9393382352941 17
stats: {recvpackets,"os_mon@test4"} 1 18943.0 0.0 18980 4813 15033.875 16
stats: {sentpackets,"os_mon@test4"} 1 14808.0 0.0 14808 3305 10982.4375 16
stats: {cpu,"os_mon@test4"} 1 82.39219712525667 0.0 82.39219712525667 2.954431647471207 54.38310978309661 17
stats: {load,"os_mon@myserver"} 1 6.12109375 0.0 6.26953125 2.12890625 4.604549632352941 17
stats: {recvpackets,"os_mon@myserver"} 1 21398.0 0.0 21398 4939 15771.75 16
stats: {sentpackets,"os_mon@myserver"} 1 16475.0 0.0 16475 3389 11563.8125 16
stats: {cpu,"os_mon@myserver"} 1 72.8996639462314 0.0 73.41487768347478 3.755986891857827 63.97824398511478 17
stats: session 2774 27619.989176314964 27482.525101630603 128621.06982421875 17.23486328125 13081.825958886704 44953
stats: users_count 3729 59581
stats: finish_users_count 2774 47727
stats: request 31031 1653.5320016110463 4010.1353134108977 41684.718994140625 1.001953125 1143.906175401051 493639
stats: page 2802 26596.243164062515 26560.865490983793 128619.56298828125 15.861083984375 12861.286039174665 44874
stats: connect 30985 1482.4591748653559 3951.625513170806 34654.327880859375 0.416015625 987.9883959099116 493905
stats: 200 31031 524670
stats: size_rcv 3909906 66108420
stats: newphase 6 96
stats: size_sent 4109619 69657662
stats: connected -46 220
stats: error_connect_etimedout 646 3086
# stats: dump at 1339074077
stats: users 12753 12786
stats: {load,"os_mon@test2"} 1 2.26953125 0.0 2.37890625 1.171875 1.5753038194444444 18
stats: {recvpackets,"os_mon@test3"} 1 19850.0 0.0 19850 4825 15266.529411764706 17
stats: {sentpackets,"os_mon@test3"} 1 15303.0 0.0 15303 3312 11209.176470588236 17
stats: {freemem,"os_mon@test2"} 1 999.6640625 0.0 1541.01953125 999.6640625 1335.4789496527778 18
stats: {cpu,"os_mon@test3"} 1 65.43080939947781 0.0 84.07578084997441 3.0684104627766597 57.68097367627393 18
stats: {load,"os_mon@test4"} 1 1.78125 0.0 1.78125 1.03125 1.2858072916666667 18
stats: {freemem,"os_mon@test4"} 1 903.78515625 0.0 1543.27734375 903.78515625 1373.0444878472222 18
stats: {freemem,"os_mon@myserver"} 0 0 0 1368.9296875 1364.078125 1367.172092013889 18
stats: {recvpackets,"os_mon@test2"} 1 19734.0 0.0 19734 4829 15278.176470588236 17
stats: {sentpackets,"os_mon@test2"} 1 15242.0 0.0 15242 3316 11218.117647058823 17
stats: {load,"os_mon@test3"} 1 1.73828125 0.0 1.8203125 1.2109375 1.4832899305555556 18
stats: {cpu,"os_mon@test2"} 1 68.36158192090396 0.0 77.91474062660502 5.686965274282838 59.11822346929255 18
stats: {freemem,"os_mon@test3"} 1 833.28125 0.0 1390.9375 833.28125 1181.685763888889 18
stats: {recvpackets,"os_mon@test4"} 1 19886.0 0.0 19886 4813 15263.823529411764 17
stats: {sentpackets,"os_mon@test4"} 1 15326.0 0.0 15326 3305 11207.470588235294 17
stats: {cpu,"os_mon@test4"} 1 78.71465295629821 0.0 82.39219712525667 2.954431647471207 55.93917019099439 18
stats: {load,"os_mon@myserver"} 0 0 0 6.26953125 2.12890625 4.688802083333333 18
stats: {recvpackets,"os_mon@myserver"} 0 0 0 21398 4939 16102.70588235294 17
stats: {sentpackets,"os_mon@myserver"} 0 0 0 16475 3389 11852.70588235294 17
stats: {cpu,"os_mon@myserver"} 0 0 0 73.41487768347478 3.755986891857827 64.47387842739903 18
stats: session 2806 30914.668044793805 29026.096870947964 128621.06982421875 17.23486328125 13926.816525340617 47727
stats: users_count 3705 63286
stats: finish_users_count 2806 50533
stats: request 30905 1921.2183481021118 4611.326814969139 41684.718994140625 1.001953125 1174.047405151413 524670
stats: page 2796 29844.258839706832 28377.20583656388 128619.56298828125 15.861083984375 13668.512942940411 47676
stats: connect 30964 1695.1776729456087 4582.868361679601 34654.327880859375 0.416015625 1017.177706214803 524890
stats: 200 30905 555575
stats: size_rcv 3894030 70002450
stats: newphase 6 102
stats: size_sent 4110596 73768258
stats: connected 59 279
stats: error_connect_etimedout 747 3833
# stats: dump at 1339074087
stats: users 12730 13181
stats: {load,"os_mon@test2"} 1 2.1484375 0.0 2.37890625 1.171875 1.611842105263158 19
stats: {recvpackets,"os_mon@test3"} 1 18684.0 0.0 19850 4825 15521.166666666666 18
stats: {sentpackets,"os_mon@test3"} 1 14985.0 0.0 15303 3312 11436.611111111111 18
stats: {freemem,"os_mon@test2"} 1 965.8828125 0.0 1541.01953125 965.8828125 1317.8044819078948 19
stats: {cpu,"os_mon@test3"} 1 77.18120805369128 0.0 84.07578084997441 3.0684104627766597 58.088859766968866 19
stats: {load,"os_mon@test4"} 1 1.8203125 0.0 1.8203125 1.03125 1.3118832236842106 19
stats: {freemem,"os_mon@test4"} 1 857.7265625 0.0 1543.27734375 857.7265625 1348.3466282894738 19
stats: {freemem,"os_mon@myserver"} 1 1363.87890625 0.0 1368.9296875 1363.87890625 1367.172092013889 18
stats: {recvpackets,"os_mon@test2"} 1 18981.0 0.0 19734 4829 15525.722222222223 18
stats: {sentpackets,"os_mon@test2"} 1 15177.0 0.0 15242 3316 11441.666666666666 18
stats: {load,"os_mon@test3"} 1 1.62109375 0.0 1.8203125 1.2109375 1.4967105263157894 19
stats: {cpu,"os_mon@test2"} 1 65.47248182762202 0.0 77.91474062660502 5.686965274282838 59.60471601937736 19
stats: {freemem,"os_mon@test3"} 1 760.6171875 0.0 1390.9375 760.6171875 1163.3486842105262 19
stats: {recvpackets,"os_mon@test4"} 1 18692.0 0.0 19886 4813 15520.611111111111 18
stats: {sentpackets,"os_mon@test4"} 1 14991.0 0.0 15326 3305 11436.277777777777 18
stats: {cpu,"os_mon@test4"} 1 70.75078206465068 0.0 82.39219712525667 2.954431647471207 57.13787981022091 19
stats: {load,"os_mon@myserver"} 1 5.73046875 0.0 6.26953125 2.12890625 4.688802083333333 18
stats: {recvpackets,"os_mon@myserver"} 1 20670.0 0.0 21398 4939 16102.70588235294 17
stats: {sentpackets,"os_mon@myserver"} 1 16407.0 0.0 16475 3389 11852.70588235294 17
stats: {cpu,"os_mon@myserver"} 1 72.95081967213115 0.0 73.41487768347478 3.755986891857827 64.47387842739903 18
stats: session 2972 30403.188117251902 28596.12861862462 162012.51684570313 17.23486328125 14870.119146668969 50533
stats: users_count 2949 66235
stats: finish_users_count 2972 53505
stats: request 30648 1980.386773117649 4707.621034363812 41684.718994140625 1.001953125 1215.6103228346985 555575
stats: page 2950 29311.72676393669 27675.09504966799 128619.56298828125 15.861083984375 14564.601576784105 50472
stats: connect 30633 1744.8608035410525 4622.753949282275 34654.327880859375 0.416015625 1054.9458808970985 555854
stats: 200 30648 586223
stats: size_rcv 3861648 73864098
stats: newphase 6 108
stats: size_sent 4065299 77833557
stats: connected -15 264
stats: error_connect_etimedout 598 4431
stats: error_abort 1 1
EndMonitor:{1339,74087,880471}
