# stats: dump at 1338906877
stats: users 0 0
# stats: dump at 1338906887
stats: users 1 10
stats: {load,"os_mon@test2"} 1 1.62109375 0 1.62109375 1.62109375 0 0
stats: {freemem,"os_mon@test2"} 1 1523.03125 0 1523.03125 1523.03125 0 0
stats: {load,"os_mon@test4"} 1 1.12109375 0 1.12109375 1.12109375 0 0
stats: {cpu,"os_mon@test3"} 1 2.264720684448918 0 2.264720684448918 2.264720684448918 0 0
stats: {freemem,"os_mon@test4"} 1 1449.18359375 0 1449.18359375 1449.18359375 0 0
stats: {freemem,"os_mon@myserver"} 1 2458.74609375 0 2458.74609375 2458.74609375 0 0
stats: {load,"os_mon@test3"} 1 1.078125 0 1.078125 1.078125 0 0
stats: {cpu,"os_mon@test2"} 1 2.059266700150678 0 2.059266700150678 2.059266700150678 0 0
stats: {freemem,"os_mon@test3"} 1 1503.00390625 0 1503.00390625 1503.00390625 0 0
stats: {cpu,"os_mon@test4"} 1 1.8499999999999999 0 1.8499999999999999 1.8499999999999999 0 0
stats: {load,"os_mon@myserver"} 1 2.03125 0 2.03125 2.03125 0 0
stats: {cpu,"os_mon@myserver"} 1 1.3333333333333335 0 1.3333333333333335 1.3333333333333335 0 0
stats: session 546 23.66577774439102 33.859780809208395 241.967041015625 9.06298828125 0 0
stats: users_count 547 547
stats: finish_users_count 546 546
stats: request 5157 1.9816258733578123 4.668267913563848 91.4541015625 0.2109375 0 0
stats: page 515 21.44775295813107 33.595141281119915 235.006103515625 7.783935546875 0 0
stats: connect 517 2.343708916374517 4.99114242732104 57.679931640625 0.59521484375 0 0
stats: 200 5157 5157
stats: size_rcv 613683 613683
stats: size_sent 684093 684093
stats: connected 2 2
# stats: dump at 1338906897
stats: users 7 11
stats: {load,"os_mon@test2"} 1 1.51953125 0.0 1.62109375 1.51953125 1.62109375 1
stats: {recvpackets,"os_mon@test3"} 1 3506 0 3506 3506 0 0
stats: {sentpackets,"os_mon@test3"} 1 2405 0 2405 2405 0 0
stats: {freemem,"os_mon@test2"} 1 1522.1953125 0.0 1523.03125 1522.1953125 1523.03125 1
stats: {load,"os_mon@test4"} 1 1.03125 0.0 1.12109375 1.03125 1.12109375 1
stats: {cpu,"os_mon@test3"} 1 7.3559670781893 0.0 7.3559670781893 2.264720684448918 2.264720684448918 1
stats: {freemem,"os_mon@test4"} 1 1448.34375 0.0 1449.18359375 1448.34375 1449.18359375 1
stats: {freemem,"os_mon@myserver"} 1 2456.453125 0.0 2458.74609375 2456.453125 2458.74609375 1
stats: {recvpackets,"os_mon@test2"} 1 3556 0 3556 3556 0 0
stats: {sentpackets,"os_mon@test2"} 1 2438 0 2438 2438 0 0
stats: {load,"os_mon@test3"} 1 0.91015625 0.0 1.078125 0.91015625 1.078125 1
stats: {cpu,"os_mon@test2"} 1 9.033613445378151 0.0 9.033613445378151 2.059266700150678 2.059266700150678 1
stats: {recvpackets,"os_mon@test4"} 1 3445 0 3445 3445 0 0
stats: {sentpackets,"os_mon@test4"} 1 2365 0 2365 2365 0 0
stats: {freemem,"os_mon@test3"} 1 1502.40625 0.0 1503.00390625 1502.40625 1503.00390625 1
stats: {cpu,"os_mon@test4"} 1 4.536290322580645 0.0 4.536290322580645 1.8499999999999999 1.8499999999999999 1
stats: {load,"os_mon@myserver"} 1 1.71875 0.0 2.03125 1.71875 2.03125 1
stats: {recvpackets,"os_mon@myserver"} 1 3650 0 3650 3650 0 0
stats: {sentpackets,"os_mon@myserver"} 1 2505 0 2505 2505 0 0
stats: {cpu,"os_mon@myserver"} 1 9.04241808483617 0.0 9.04241808483617 1.3333333333333335 1.3333333333333335 1
stats: session 1529 12.875090534816456 2.895963462921817 241.967041015625 9.06298828125 23.66577774439102 546
stats: users_count 1535 2082
stats: finish_users_count 1529 2075
stats: request 15187 1.0214409868689007 0.6661210752953415 91.4541015625 0.175048828125 1.9816258733578123 5157
stats: page 1519 10.766085958072718 2.4448304160191823 235.006103515625 7.783935546875 21.44775295813107 515
stats: connect 1518 1.1360252490942022 0.6930692727148794 57.679931640625 0.407958984375 2.343708916374517 517
stats: 200 15187 20344
stats: size_rcv 1807253 2420936
stats: newphase 6 6
stats: size_sent 2016462 2700555
stats: connected -1 1
# stats: dump at 1338906907
stats: users 3 14
stats: {load,"os_mon@test2"} 1 1.44140625 0.0 1.62109375 1.44140625 1.5703125 2
stats: {recvpackets,"os_mon@test3"} 1 7462.0 0.0 7462 3506 3506.0 1
stats: {sentpackets,"os_mon@test3"} 1 5031.0 0.0 5031 2405 2405.0 1
stats: {freemem,"os_mon@test2"} 1 1521.7109375 0.0 1523.03125 1521.7109375 1522.61328125 2
stats: {load,"os_mon@test4"} 1 0.87109375 0.0 1.12109375 0.87109375 1.076171875 2
stats: {cpu,"os_mon@test3"} 1 14.26324069218668 0.0 14.26324069218668 2.264720684448918 4.810343881319109 2
stats: {freemem,"os_mon@test4"} 1 1447.859375 0.0 1449.18359375 1447.859375 1448.763671875 2
stats: {freemem,"os_mon@myserver"} 1 2455.71875 0.0 2458.74609375 2455.71875 2457.599609375 2
stats: {recvpackets,"os_mon@test2"} 1 7456.0 0.0 7456 3556 3556.0 1
stats: {sentpackets,"os_mon@test2"} 1 5028.0 0.0 5028 2438 2438.0 1
stats: {load,"os_mon@test3"} 1 0.8515625 0.0 1.078125 0.8515625 0.994140625 2
stats: {cpu,"os_mon@test2"} 1 15.24987120041216 0.0 15.24987120041216 2.059266700150678 5.5464400727644145 2
stats: {recvpackets,"os_mon@test4"} 1 7420.0 0.0 7420 3445 3445.0 1
stats: {sentpackets,"os_mon@test4"} 1 5003.0 0.0 5003 2365 2365.0 1
stats: {freemem,"os_mon@test3"} 1 1502.1875 0.0 1503.00390625 1502.1875 1502.705078125 2
stats: {cpu,"os_mon@test4"} 1 11.522842639593907 0.0 11.522842639593907 1.8499999999999999 3.1931451612903223 2
stats: {load,"os_mon@myserver"} 1 1.5390625 0.0 2.03125 1.5390625 1.875 2
stats: {recvpackets,"os_mon@myserver"} 1 7552.0 0.0 7552 3650 3650.0 1
stats: {sentpackets,"os_mon@myserver"} 1 5090.0 0.0 5090 2505 2505.0 1
stats: {cpu,"os_mon@myserver"} 1 18.69111280875987 0.0 18.69111280875987 1.3333333333333335 5.187875709084752 2
stats: session 2426 14.041223436372885 7.6007596652881215 241.967041015625 9.06298828125 15.714471362010533 2075
stats: users_count 2422 4504
stats: finish_users_count 2426 4501
stats: request 23963 1.1369565535441375 1.7168133386025755 200.6611328125 0.173095703125 1.2648382273144039 20344
stats: page 2395 12.045271113322029 7.280095272908735 235.006103515625 7.589111328125 13.470637828785625 2034
stats: connect 2398 1.211212183655653 1.1371295111705406 57.679931640625 0.407958984375 1.4428421807816334 2035
stats: 200 23963 44307
stats: size_rcv 2851597 5272533
stats: newphase 6 12
stats: size_sent 3182994 5883549
stats: connected 3 4
# stats: dump at 1338906917
stats: users 7 20
stats: {load,"os_mon@test2"} 1 1.21875 0.0 1.62109375 1.21875 1.52734375 3
stats: {recvpackets,"os_mon@test3"} 1 11143.0 0.0 11143 3506 5484.0 2
stats: {sentpackets,"os_mon@test3"} 1 7361.0 0.0 7361 2405 3718.0 2
stats: {freemem,"os_mon@test2"} 1 1521.484375 0.0 1523.03125 1521.484375 1522.3125 3
stats: {load,"os_mon@test4"} 1 0.9609375 0.0 1.12109375 0.87109375 1.0078125 3
stats: {cpu,"os_mon@test3"} 1 22.562240663900415 0.0 22.562240663900415 2.264720684448918 7.961309484941633 3
stats: {freemem,"os_mon@test4"} 1 1447.74609375 0.0 1449.18359375 1447.74609375 1448.4622395833333 3
stats: {freemem,"os_mon@myserver"} 1 2455.12890625 0.0 2458.74609375 2455.12890625 2456.97265625 3
stats: {recvpackets,"os_mon@test2"} 1 11169.0 0.0 11169 3556 5506.0 2
stats: {sentpackets,"os_mon@test2"} 1 7380.0 0.0 7380 2438 3733.0 2
stats: {load,"os_mon@test3"} 1 0.87890625 0.0 1.078125 0.8515625 0.9466145833333334 3
stats: {cpu,"os_mon@test2"} 1 26.489028213166144 0.0 26.489028213166144 2.059266700150678 8.780917115313663 3
stats: {recvpackets,"os_mon@test4"} 1 11102.0 0.0 11102 3445 5432.5 2
stats: {sentpackets,"os_mon@test4"} 1 7336.0 0.0 7336 2365 3684.0 2
stats: {freemem,"os_mon@test3"} 1 1501.9296875 0.0 1503.00390625 1501.9296875 1502.5325520833333 3
stats: {cpu,"os_mon@test4"} 1 18.531645569620252 0.0 18.531645569620252 1.8499999999999999 5.969710987391518 3
stats: {load,"os_mon@myserver"} 1 1.53125 0.0 2.03125 1.53125 1.7630208333333333 3
stats: {recvpackets,"os_mon@myserver"} 1 11206.0 0.0 11206 3650 5601.0 2
stats: {sentpackets,"os_mon@myserver"} 1 7401.0 0.0 7401 2505 3797.5 2
stats: {cpu,"os_mon@myserver"} 1 27.867590454195536 0.0 27.867590454195536 1.3333333333333335 9.688954742309791 3
stats: session 3379 14.699344469055195 8.606850664583176 251.18896484375 9.06298828125 14.812605228352027 4501
stats: users_count 3383 7887
stats: finish_users_count 3379 7880
stats: request 33467 1.196901649969556 1.7869032175038657 207.97509765625 0.138916015625 1.1956746967536145 44307
stats: page 3347 12.693388333418905 7.655614050581792 245.6279296875 7.589111328125 12.699864904076817 4429
stats: connect 3345 1.2336899465153217 1.3173133778131607 57.679931640625 0.407958984375 1.317543571914478 4433
stats: 200 33467 77774
stats: size_rcv 3982573 9255106
stats: newphase 6 18
stats: size_sent 4436067 10319616
stats: connected -2 2
# stats: dump at 1338906927
stats: users 8 20
stats: {load,"os_mon@test2"} 1 1.109375 0.0 1.62109375 1.109375 1.4501953125 4
stats: {recvpackets,"os_mon@test3"} 1 14958.0 0.0 14958 3506 7370.333333333333 3
stats: {sentpackets,"os_mon@test3"} 1 9797.0 0.0 9797 2405 4932.333333333333 3
stats: {freemem,"os_mon@test2"} 1 1521.35546875 0.0 1523.03125 1521.35546875 1522.10546875 4
stats: {load,"os_mon@test4"} 1 0.890625 0.0 1.12109375 0.87109375 0.99609375 4
stats: {cpu,"os_mon@test3"} 1 32.590673575129536 0.0 32.590673575129536 2.264720684448918 11.611542279681327 4
stats: {freemem,"os_mon@test4"} 1 1447.625 0.0 1449.18359375 1447.625 1448.283203125 4
stats: {freemem,"os_mon@myserver"} 1 2454.66015625 0.0 2458.74609375 2454.66015625 2456.51171875 4
stats: {recvpackets,"os_mon@test2"} 1 14987.0 0.0 14987 3556 7393.666666666667 3
stats: {sentpackets,"os_mon@test2"} 1 9811.0 0.0 9811 2438 4948.666666666667 3
stats: {load,"os_mon@test3"} 1 0.75 0.0 1.078125 0.75 0.9296875 4
stats: {cpu,"os_mon@test2"} 1 33.56346255974509 0.0 33.56346255974509 2.059266700150678 13.207944889776783 4
stats: {recvpackets,"os_mon@test4"} 1 14901.0 0.0 14901 3445 7322.333333333333 3
stats: {sentpackets,"os_mon@test4"} 1 9755.0 0.0 9755 2365 4901.333333333333 3
stats: {freemem,"os_mon@test3"} 1 1501.80859375 0.0 1503.00390625 1501.80859375 1502.3818359375 4
stats: {cpu,"os_mon@test4"} 1 25.51689359556228 0.0 25.51689359556228 1.8499999999999999 9.110194632948701 4
stats: {load,"os_mon@myserver"} 1 1.37109375 0.0 2.03125 1.37109375 1.705078125 4
stats: {recvpackets,"os_mon@myserver"} 1 15026.0 0.0 15026 3650 7469.333333333333 3
stats: {sentpackets,"os_mon@myserver"} 1 9835.0 0.0 9835 2505 4998.666666666667 3
stats: {cpu,"os_mon@myserver"} 1 36.55857740585774 0.0 36.55857740585774 1.3333333333333335 14.233613670281228 4
stats: session 4300 14.527850426962209 5.922143761761358 251.18896484375 9.06298828125 14.764038209866747 7880
stats: users_count 4301 12188
stats: finish_users_count 4300 12180
stats: request 42803 1.2183071211604677 1.4183165831920037 208.073974609375 0.138916015625 1.1962026680972242 77774
stats: page 4279 12.932568290908357 6.1990806264663725 245.6279296875 7.589111328125 12.69707721349142 7776
stats: connect 4283 1.1513666744797746 0.963967761974368 57.679931640625 0.407958984375 1.2814815537915445 7778
stats: 200 42803 120577
stats: size_rcv 5093557 14348663
stats: newphase 6 24
stats: size_sent 5682434 16002050
stats: connected 4 6
# stats: dump at 1338906937
stats: users 4 25
stats: {load,"os_mon@test2"} 1 1.01953125 0.0 1.62109375 1.01953125 1.38203125 5
stats: {recvpackets,"os_mon@test3"} 1 18769.0 0.0 18769 3506 9267.25 4
stats: {sentpackets,"os_mon@test3"} 1 12282.0 0.0 12282 2405 6148.5 4
stats: {freemem,"os_mon@test2"} 1 1521.10546875 0.0 1523.03125 1521.10546875 1521.95546875 5
stats: {load,"os_mon@test4"} 1 0.75 0.0 1.12109375 0.75 0.975 5
stats: {cpu,"os_mon@test3"} 1 39.98959958398336 0.0 39.98959958398336 2.264720684448918 15.80736853877097 5
stats: {freemem,"os_mon@test4"} 1 1447.54296875 0.0 1449.18359375 1447.54296875 1448.1515625 5
stats: {freemem,"os_mon@myserver"} 1 2454.69140625 0.0 2458.74609375 2454.66015625 2456.14140625 5
stats: {recvpackets,"os_mon@test2"} 1 18744.0 0.0 18744 3556 9292.0 4
stats: {sentpackets,"os_mon@test2"} 1 12270.0 0.0 12270 2438 6164.25 4
stats: {load,"os_mon@test3"} 1 0.62890625 0.0 1.078125 0.62890625 0.89375 5
stats: {cpu,"os_mon@test2"} 1 36.224489795918366 0.0 36.224489795918366 2.059266700150678 17.279048423770444 5
stats: {recvpackets,"os_mon@test4"} 1 18696.0 0.0 18696 3445 9217.0 4
stats: {sentpackets,"os_mon@test4"} 1 12237.0 0.0 12237 2365 6114.75 4
stats: {freemem,"os_mon@test3"} 1 1501.56640625 0.0 1503.00390625 1501.56640625 1502.2671875 5
stats: {cpu,"os_mon@test4"} 1 31.926792069140824 0.0 31.926792069140824 1.8499999999999999 12.391534425471416 5
stats: {load,"os_mon@myserver"} 1 1.3203125 0.0 2.03125 1.3203125 1.63828125 5
stats: {recvpackets,"os_mon@myserver"} 1 18885.0 0.0 18885 3650 9358.5 4
stats: {sentpackets,"os_mon@myserver"} 1 12366.0 0.0 12366 2505 6207.75 4
stats: {cpu,"os_mon@myserver"} 1 47.08661417322835 0.0 47.08661417322835 1.3333333333333335 18.69860641739653 5
stats: session 5251 14.97510188721494 8.135148777472727 251.18896484375 9.06298828125 14.680655002437396 12180
stats: users_count 5247 17435
stats: finish_users_count 5251 17431
stats: request 52190 1.2501515692736305 2.343754934739404 209.93017578125 0.138916015625 1.2040494125382535 120577
stats: page 5217 13.226242735213615 8.122273760316236 245.6279296875 7.589111328125 12.78066629024522 12055
stats: connect 5219 1.0649376171351106 0.4134571308820806 57.679931640625 0.407958984375 1.2352762616853916 12061
stats: 200 52190 172767
stats: size_rcv 6210610 20559273
stats: newphase 6 30
stats: size_sent 6929208 22931258
stats: connected 2 8
# stats: dump at 1338906947
stats: users 11 30
stats: {load,"os_mon@test2"} 1 0.94921875 0.0 1.62109375 0.94921875 1.3216145833333333 6
stats: {recvpackets,"os_mon@test3"} 1 22485.0 0.0 22485 3506 11167.6 5
stats: {sentpackets,"os_mon@test3"} 1 14720.0 0.0 14720 2405 7375.2 5
stats: {freemem,"os_mon@test2"} 1 1520.87890625 0.0 1523.03125 1520.87890625 1521.8138020833333 6
stats: {load,"os_mon@test4"} 1 0.7890625 0.0 1.12109375 0.75 0.9375 6
stats: {cpu,"os_mon@test3"} 1 43.21634363541121 0.0 43.21634363541121 2.264720684448918 19.8377403796397 6
stats: {freemem,"os_mon@test4"} 1 1447.1640625 0.0 1449.18359375 1447.1640625 1448.0501302083333 6
stats: {freemem,"os_mon@myserver"} 1 2454.45703125 0.0 2458.74609375 2454.45703125 2455.8997395833335 6
stats: {recvpackets,"os_mon@test2"} 1 22503.0 0.0 22503 3556 11182.4 5
stats: {sentpackets,"os_mon@test2"} 1 14733.0 0.0 14733 2438 7385.4 5
stats: {load,"os_mon@test3"} 1 0.5390625 0.0 1.078125 0.5390625 0.849609375 6
stats: {cpu,"os_mon@test2"} 1 40.55696202531646 0.0 40.55696202531646 2.059266700150678 20.4366219857951 6
stats: {recvpackets,"os_mon@test4"} 1 22419.0 0.0 22419 3445 11112.8 5
stats: {sentpackets,"os_mon@test4"} 1 14676.0 0.0 14676 2365 7339.2 5
stats: {freemem,"os_mon@test3"} 1 1501.07421875 0.0 1503.00390625 1501.07421875 1502.150390625 6
stats: {cpu,"os_mon@test4"} 1 40.77817079332996 0.0 40.77817079332996 1.8499999999999999 15.647410699416318 6
stats: {load,"os_mon@myserver"} 1 1.26953125 0.0 2.03125 1.26953125 1.5852864583333333 6
stats: {recvpackets,"os_mon@myserver"} 1 22587.0 0.0 22587 3650 11263.8 5
stats: {sentpackets,"os_mon@myserver"} 1 14778.0 0.0 14778 2505 7439.4 5
stats: {cpu,"os_mon@myserver"} 1 57.082452431289646 0.0 57.082452431289646 1.3333333333333335 23.4299410433685 6
stats: session 6052 18.24182685604967 24.157799097310754 1012.0439453125 9.06298828125 14.769355627299245 17431
stats: users_count 6059 23494
stats: finish_users_count 6052 23483
stats: request 59863 1.5453017992971978 6.002673562208937 217.65380859375 0.138916015625 1.2179760973797993 172767
stats: page 5986 16.250641266796976 19.724325945130524 249.927001953125 7.589111328125 12.915252459386034 17272
stats: connect 5989 1.1317977000803592 0.5114216854504503 57.679931640625 0.407958984375 1.1838296537046094 17280
stats: 200 59863 232630
stats: size_rcv 7123697 27682970
stats: newphase 6 36
stats: size_sent 7935801 30867059
stats: connected 3 11
# stats: dump at 1338906957
stats: users 20 48
stats: {load,"os_mon@test2"} 1 0.94921875 0.0 1.62109375 0.94921875 1.2684151785714286 7
stats: {recvpackets,"os_mon@test3"} 1 25916.0 0.0 25916 3506 13053.833333333334 6
stats: {sentpackets,"os_mon@test3"} 1 16937.0 0.0 16937 2405 8599.333333333334 6
stats: {freemem,"os_mon@test2"} 1 1520.5078125 0.0 1523.03125 1520.5078125 1521.6802455357142 7
stats: {load,"os_mon@test4"} 1 0.828125 0.0 1.12109375 0.75 0.9162946428571429 7
stats: {cpu,"os_mon@test3"} 1 47.91013584117032 0.0 47.91013584117032 2.264720684448918 23.177540844749917 7
stats: {freemem,"os_mon@test4"} 1 1446.6796875 0.0 1449.18359375 1446.6796875 1447.923549107143 7
stats: {freemem,"os_mon@myserver"} 1 2453.85546875 0.0 2458.74609375 2453.85546875 2455.6936383928573 7
stats: {recvpackets,"os_mon@test2"} 1 25885.0 0.0 25885 3556 13069.166666666666 6
stats: {sentpackets,"os_mon@test2"} 1 16913.0 0.0 16913 2438 8610.0 6
stats: {load,"os_mon@test3"} 1 0.6796875 0.0 1.078125 0.5390625 0.8052455357142857 7
stats: {cpu,"os_mon@test2"} 1 47.706422018348626 0.0 47.706422018348626 2.059266700150678 23.310956277155295 7
stats: {recvpackets,"os_mon@test4"} 1 25849.0 0.0 25849 3445 12997.166666666666 6
stats: {sentpackets,"os_mon@test4"} 1 16897.0 0.0 16897 2365 8562.0 6
stats: {freemem,"os_mon@test3"} 1 1500.83984375 0.0 1503.00390625 1500.83984375 1501.9966517857142 7
stats: {cpu,"os_mon@test4"} 1 44.66363176530096 0.0 44.66363176530096 1.8499999999999999 19.237519284261122 7
stats: {load,"os_mon@myserver"} 1 1.58984375 0.0 2.03125 1.26953125 1.5401785714285714 7
stats: {recvpackets,"os_mon@myserver"} 1 25971.0 0.0 25971 3650 13151.0 6
stats: {sentpackets,"os_mon@myserver"} 1 16977.0 0.0 16977 2505 8662.5 6
stats: {cpu,"os_mon@myserver"} 1 66.6056963679122 0.0 66.6056963679122 1.3333333333333335 28.23744267021438 7
stats: session 6964 24.0383294470895 46.253057922257305 1020.587158203125 9.06298828125 15.664275180865552 23483
stats: users_count 6973 30467
stats: finish_users_count 6964 30447
stats: request 69494 2.1448253647290905 14.670624219687125 1003.4560546875 0.138916015625 1.3022072734700767 232630
stats: page 6947 22.29586652736789 47.5023258367325 1019.2958984375 7.589111328125 13.77369417411481 23258
stats: connect 6950 2.5287611004946084 35.90522172408243 1001.89501953125 0.407958984375 1.1704376140700898 23269
stats: 200 69494 302124
stats: size_rcv 8269786 35952756
stats: newphase 6 42
stats: size_sent 9211579 40078638
stats: connected 3 14
# stats: dump at 1338906967
stats: users 62 116
stats: {load,"os_mon@test2"} 1 1.109375 0.0 1.62109375 0.94921875 1.228515625 8
stats: {recvpackets,"os_mon@test3"} 1 29398.0 0.0 29398 3506 14891.285714285714 7
stats: {sentpackets,"os_mon@test3"} 1 19187.0 0.0 19187 2405 9790.42857142857 7
stats: {freemem,"os_mon@test2"} 1 1520.2734375 0.0 1523.03125 1520.2734375 1521.53369140625 8
stats: {load,"os_mon@test4"} 1 0.94140625 0.0 1.12109375 0.75 0.9052734375 8
stats: {cpu,"os_mon@test3"} 1 55.118110236220474 0.0 55.118110236220474 2.264720684448918 26.269115219302467 8
stats: {freemem,"os_mon@test4"} 1 1446.58984375 0.0 1449.18359375 1446.58984375 1447.76806640625 8
stats: {freemem,"os_mon@myserver"} 1 2453.38671875 0.0 2458.74609375 2453.38671875 2455.4638671875 8
stats: {recvpackets,"os_mon@test2"} 1 29374.0 0.0 29374 3556 1.49e4 7
stats: {sentpackets,"os_mon@test2"} 1 19172.0 0.0 19172 2438 9796.142857142857 7
stats: {load,"os_mon@test3"} 1 0.73046875 0.0 1.078125 0.5390625 0.78955078125 8
stats: {cpu,"os_mon@test2"} 1 57.3045267489712 0.0 57.3045267489712 2.059266700150678 26.360389494804462 8
stats: {recvpackets,"os_mon@test4"} 1 29354.0 0.0 29354 3445 14833.142857142857 7
stats: {sentpackets,"os_mon@test4"} 1 19157.0 0.0 19157 2365 9752.714285714286 7
stats: {freemem,"os_mon@test3"} 1 1500.61328125 0.0 1503.00390625 1500.61328125 1501.85205078125 8
stats: {cpu,"os_mon@test4"} 1 48.38056680161944 0.0 48.38056680161944 1.8499999999999999 22.4157833443911 8
stats: {load,"os_mon@myserver"} 1 1.96875 0.0 2.03125 1.26953125 1.54638671875 8
stats: {recvpackets,"os_mon@myserver"} 1 29464.0 0.0 29464 3650 14982.42857142857 7
stats: {sentpackets,"os_mon@myserver"} 1 19229.0 0.0 19229 2505 9850.285714285714 7
stats: {cpu,"os_mon@myserver"} 1 75.45883586785527 0.0 75.45883586785527 1.3333333333333335 33.033474382426604 8
stats: session 7726 65.71874819880722 146.70890212645503 3960.286865234375 9.06298828125 17.579633472650738 30447
stats: users_count 7768 38235
stats: finish_users_count 7726 38173
stats: request 77282 6.161425849486295 42.45574520670867 2935.14501953125 0.138916015625 1.4960247180754502 302124
stats: page 7710 62.32057782481153 143.6842541173743 3957.5419921875 7.589111328125 15.73375149369929 30205
stats: connect 7744 10.787870422867703 96.47764577013332 1019.1259765625 0.407958984375 1.4828353846995086 30219
stats: 200 77282 379406
stats: size_rcv 9196558 45149314
stats: newphase 6 48
stats: size_sent 10248129 50326767
stats: connected 34 48
# stats: dump at 1338906977
stats: users 385 420
stats: {load,"os_mon@test2"} 1 1.25 0.0 1.62109375 0.94921875 1.2152777777777777 9
stats: {recvpackets,"os_mon@test3"} 1 33067.0 0.0 33067 3506 16704.625 8
stats: {sentpackets,"os_mon@test3"} 1 21522.0 0.0 21522 2405 10965.0 8
stats: {freemem,"os_mon@test2"} 1 1519.51171875 0.0 1523.03125 1519.51171875 1521.3936631944443 9
stats: {load,"os_mon@test4"} 1 0.87890625 0.0 1.12109375 0.75 0.9092881944444444 9
stats: {cpu,"os_mon@test3"} 1 60.505529225908376 0.0 60.505529225908376 2.264720684448918 29.474559110071134 9
stats: {freemem,"os_mon@test4"} 1 1445.78125 0.0 1449.18359375 1445.78125 1447.6371527777778 9
stats: {freemem,"os_mon@myserver"} 1 2446.0546875 0.0 2458.74609375 2446.0546875 2455.2330729166665 9
stats: {recvpackets,"os_mon@test2"} 1 33062.0 0.0 33062 3556 16709.25 8
stats: {sentpackets,"os_mon@test2"} 1 21520.0 0.0 21520 2438 10968.125 8
stats: {load,"os_mon@test3"} 1 0.921875 0.0 1.078125 0.5390625 0.7829861111111112 9
stats: {cpu,"os_mon@test2"} 1 60.15384615384616 0.0 60.15384615384616 2.059266700150678 29.798626967489653 9
stats: {recvpackets,"os_mon@test4"} 1 32943.0 0.0 32943 3445 16648.25 8
stats: {sentpackets,"os_mon@test4"} 1 21450.0 0.0 21450 2365 10928.25 8
stats: {freemem,"os_mon@test3"} 1 1499.3671875 0.0 1503.00390625 1499.3671875 1501.7144097222222 9
stats: {cpu,"os_mon@test4"} 1 54.00202634245187 0.0 54.00202634245187 1.8499999999999999 25.30075928408314 9
stats: {load,"os_mon@myserver"} 1 2.140625 0.0 2.140625 1.26953125 1.5933159722222223 9
stats: {recvpackets,"os_mon@myserver"} 1 33109.0 0.0 33109 3650 16792.625 8
stats: {sentpackets,"os_mon@myserver"} 1 21537.0 0.0 21537 2505 11022.625 8
stats: {cpu,"os_mon@myserver"} 1 84.08100487054601 0.0 84.08100487054601 1.3333333333333335 37.74740343636312 9
stats: session 8403 187.8121451346431 297.2145397571515 3960.286865234375 9.06298828125 27.3227189093281 38173
stats: users_count 8726 46961
stats: finish_users_count 8403 46576
stats: request 84925 17.904661787974856 85.49967615722827 3005.328125 0.138916015625 2.4463300117125906 379406
stats: page 8387 173.21617143020794 280.3286631618327 3957.5419921875 7.589111328125 25.207163890188156 37915
stats: connect 8618 44.0523362371091 205.36094418108138 3004.301025390625 0.407958984375 3.3809517436694136 37963
stats: 200 84925 464331
stats: size_rcv 10106075 55255389
stats: newphase 6 54
stats: size_sent 11299527 61626294
stats: connected 231 279
# stats: dump at 1338906987
stats: users 1589 1594
stats: {load,"os_mon@test2"} 1 1.2109375 0.0 1.62109375 0.94921875 1.21875 10
stats: {recvpackets,"os_mon@test3"} 1 36261.0 0.0 36261 3506 18522.666666666668 9
stats: {sentpackets,"os_mon@test3"} 1 23605.0 0.0 23605 2405 12138.0 9
stats: {freemem,"os_mon@test2"} 1 1515.6796875 0.0 1523.03125 1515.6796875 1521.20546875 10
stats: {load,"os_mon@test4"} 1 0.8984375 0.0 1.12109375 0.75 0.90625 10
stats: {cpu,"os_mon@test3"} 1 65.12361914781694 0.0 65.12361914781694 2.264720684448918 32.57765612165486 10
stats: {freemem,"os_mon@test4"} 1 1442.09375 0.0 1449.18359375 1442.09375 1447.4515625 10
stats: {freemem,"os_mon@myserver"} 1 2439.2109375 0.0 2458.74609375 2439.2109375 2454.315234375 10
stats: {recvpackets,"os_mon@test2"} 1 36249.0 0.0 36249 3556 18526.222222222223 9
stats: {sentpackets,"os_mon@test2"} 1 23598.0 0.0 23598 2438 12140.555555555555 9
stats: {load,"os_mon@test3"} 1 1.01171875 0.0 1.078125 0.5390625 0.796875 10
stats: {cpu,"os_mon@test2"} 1 61.81347150259068 0.0 61.81347150259068 2.059266700150678 32.834148886125305 10
stats: {recvpackets,"os_mon@test4"} 1 36157.0 0.0 36157 3445 18458.777777777777 9
stats: {sentpackets,"os_mon@test4"} 1 23524.0 0.0 23524 2365 12097.333333333334 9
stats: {freemem,"os_mon@test3"} 1 1495.578125 0.0 1503.00390625 1495.578125 1501.4796875 10
stats: {cpu,"os_mon@test4"} 1 58.08564231738035 0.0 58.08564231738035 1.8499999999999999 28.17088598992001 10
stats: {load,"os_mon@myserver"} 1 2.26953125 0.0 2.26953125 1.26953125 1.648046875 10
stats: {recvpackets,"os_mon@myserver"} 1 36302.0 0.0 36302 3650 18605.555555555555 9
stats: {sentpackets,"os_mon@myserver"} 1 23641.0 0.0 23641 2505 12190.888888888889 9
stats: {cpu,"os_mon@myserver"} 1 88.72662054829618 0.0 88.72662054829618 1.3333333333333335 42.38076357978141 10
stats: session 8329 628.9708758319936 805.605431096425 7930.704833984375 9.06298828125 56.27738759215449 46576
stats: users_count 9533 56494
stats: finish_users_count 8329 54905
stats: request 83304 62.43786401875957 269.3506076359349 7020.368896484375 0.138916015625 5.273620944471922 464331
stats: page 8361 612.4618102275459 787.2515010453053 7461.89990234375 7.589111328125 52.01705431043233 46302
stats: connect 8332 342.8048922007214 730.0945735128404 7017.467041015625 0.407958984375 10.905607538187848 46581
stats: 200 83304 547635
stats: size_rcv 9913176 65168565
stats: newphase 6 60
stats: size_sent 11039934 72666228
stats: connected -29 250
# stats: dump at 1338906997
stats: users 3542 3567
stats: {load,"os_mon@test2"} 1 1.26171875 0.0 1.62109375 0.94921875 1.2180397727272727 11
stats: {recvpackets,"os_mon@test3"} 1 38319.0 0.0 38319 3506 20296.5 10
stats: {sentpackets,"os_mon@test3"} 1 25003.0 0.0 25003 2405 13284.7 10
stats: {freemem,"os_mon@test2"} 1 1504.37890625 0.0 1523.03125 1504.37890625 1520.703125 11
stats: {load,"os_mon@test4"} 1 1.0703125 0.0 1.12109375 0.75 0.9055397727272727 11
stats: {cpu,"os_mon@test3"} 1 64.5656779661017 0.0 65.12361914781694 2.264720684448918 35.53638003312414 11
stats: {freemem,"os_mon@test4"} 1 1432.6640625 0.0 1449.18359375 1432.6640625 1446.9644886363637 11
stats: {freemem,"os_mon@myserver"} 1 2433.40234375 0.0 2458.74609375 2433.40234375 2452.9421164772725 11
stats: {recvpackets,"os_mon@test2"} 1 38250.0 0.0 38250 3556 20298.5 10
stats: {sentpackets,"os_mon@test2"} 1 24956.0 0.0 24956 2438 13286.3 10
stats: {load,"os_mon@test3"} 1 1.16015625 0.0 1.16015625 0.5390625 0.81640625 11
stats: {cpu,"os_mon@test2"} 1 62.545079855744454 0.0 62.545079855744454 2.059266700150678 35.468632760349436 11
stats: {recvpackets,"os_mon@test4"} 1 38194.0 0.0 38194 3445 20228.6 10
stats: {sentpackets,"os_mon@test4"} 1 24930.0 0.0 24930 2365 13240.0 10
stats: {freemem,"os_mon@test3"} 1 1484.71875 0.0 1503.00390625 1484.71875 1500.9431818181818 11
stats: {cpu,"os_mon@test4"} 1 58.53031860226105 0.0 58.53031860226105 1.8499999999999999 30.890409292416404 11
stats: {load,"os_mon@myserver"} 1 2.75 0.0 2.75 1.26953125 1.7045454545454546 11
stats: {recvpackets,"os_mon@myserver"} 1 38336.0 0.0 38336 3650 20375.2 10
stats: {sentpackets,"os_mon@myserver"} 1 25016.0 0.0 25016 2505 13335.9 10
stats: {cpu,"os_mon@myserver"} 1 86.20689655172413 0.0 88.72662054829618 1.3333333333333335 46.59402330419184 11
stats: session 8157 1310.0058528502102 1851.2306610005508 17009.887939453125 9.06298828125 143.15406664778914 54905
stats: users_count 10110 66604
stats: finish_users_count 8157 63062
stats: request 81907 130.29218005240926 643.4536631277889 16504.4150390625 0.138916015625 13.969212177794223 547635
stats: page 8172 1285.924493566547 1803.1158789018054 17008.52783203125 7.589111328125 137.7400955672786 54663
stats: connect 8166 944.1068073677252 1799.5818585349325 15054.197021484375 0.372802734375 61.264991287176784 54913
stats: 200 81907 629542
stats: size_rcv 9746933 74915498
stats: newphase 6 66
stats: size_sent 10856679 83522907
stats: connected -6 244
# stats: dump at 1338907007
stats: users 3722 4420
stats: {load,"os_mon@test2"} 1 1.2109375 0.0 1.62109375 0.94921875 1.2216796875 12
stats: {recvpackets,"os_mon@test3"} 1 39681.0 0.0 39681 3506 21934.909090909092 11
stats: {sentpackets,"os_mon@test3"} 1 25787.0 0.0 25787 2405 14350.0 11
stats: {freemem,"os_mon@test2"} 1 1491.79296875 0.0 1523.03125 1491.79296875 1519.3427734375 12
stats: {load,"os_mon@test4"} 1 1.12890625 0.0 1.12890625 0.75 0.9192708333333334 12
stats: {cpu,"os_mon@test3"} 1 65.94164456233422 0.0 65.94164456233422 2.264720684448918 37.95548819420561 12
stats: {freemem,"os_mon@test4"} 1 1417.02734375 0.0 1449.18359375 1417.02734375 1445.7727864583333 12
stats: {freemem,"os_mon@myserver"} 1 2432.83203125 0.0 2458.74609375 2432.83203125 2451.313802083333 12
stats: {recvpackets,"os_mon@test2"} 1 39646.0 0.0 39646 3556 21930.454545454544 11
stats: {sentpackets,"os_mon@test2"} 1 25758.0 0.0 25758 2438 14347.181818181818 11
stats: {load,"os_mon@test3"} 1 1.05859375 0.0 1.16015625 0.5390625 0.8450520833333334 12
stats: {cpu,"os_mon@test2"} 1 62.75933609958506 0.0 62.75933609958506 2.059266700150678 37.72500335163235 12
stats: {recvpackets,"os_mon@test4"} 1 39689.0 0.0 39689 3445 21861.81818181818 11
stats: {sentpackets,"os_mon@test4"} 1 25784.0 0.0 25784 2365 14302.727272727272 11
stats: {freemem,"os_mon@test3"} 1 1468.8515625 0.0 1503.00390625 1468.8515625 1499.5911458333333 12
stats: {cpu,"os_mon@test4"} 1 59.37976614133198 0.0 59.37976614133198 1.8499999999999999 33.19373506823679 12
stats: {load,"os_mon@myserver"} 1 3.7109375 0.0 3.7109375 1.26953125 1.7916666666666667 12
stats: {recvpackets,"os_mon@myserver"} 1 40136.0 0.0 40136 3650 22008.0 11
stats: {sentpackets,"os_mon@myserver"} 1 26086.0 0.0 26086 2505 14397.727272727272 11
stats: {cpu,"os_mon@myserver"} 1 82.3216995447648 0.0 88.72662054829618 1.3333333333333335 49.89509607481953 12
stats: session 7765 2376.8219409321136 3824.792959389676 19027.4580078125 9.06298828125 294.08505551673 63062
stats: users_count 7945 74549
stats: finish_users_count 7765 70827
stats: request 77278 239.7674549679035 1364.774371178321 18601.630859375 0.138916015625 29.103492860744836 629542
stats: page 7717 2357.0526851482523 3790.8774325406484 19025.865966796875 7.589111328125 287.0671091815066 62835
stats: connect 7779 2076.989008116801 3808.710065643604 18573.208984375 0.372802734375 175.5547909053343 63079
stats: 200 77278 706820
stats: size_rcv 9196082 84111580
stats: newphase 6 72
stats: size_sent 10256494 93779401
stats: connected 62 306
# stats: dump at 1338907017
stats: users 3812 4818
stats: {load,"os_mon@test2"} 1 1.01953125 0.0 1.62109375 0.94921875 1.2208533653846154 13
stats: {recvpackets,"os_mon@test3"} 1 32874.0 0.0 39681 3506 23413.75 12
stats: {sentpackets,"os_mon@test3"} 1 21845.0 0.0 25787 2405 15303.083333333334 12
stats: {freemem,"os_mon@test2"} 1 1489.8515625 0.0 1523.03125 1489.8515625 1517.2235576923076 13
stats: {load,"os_mon@test4"} 1 1.0390625 0.0 1.12890625 0.75 0.9353966346153846 13
stats: {cpu,"os_mon@test3"} 1 73.22087506589352 0.0 73.22087506589352 2.264720684448918 40.10826945329242 13
stats: {freemem,"os_mon@test4"} 1 1414.390625 0.0 1449.18359375 1414.390625 1443.5615985576924 13
stats: {freemem,"os_mon@myserver"} 1 2433.4296875 0.0 2458.74609375 2432.83203125 2449.8921274038457 13
stats: {recvpackets,"os_mon@test2"} 1 32843.0 0.0 39646 3556 23406.75 12
stats: {sentpackets,"os_mon@test2"} 1 21825.0 0.0 25758 2438 15298.083333333334 12
stats: {load,"os_mon@test3"} 1 1.28125 0.0 1.28125 0.5390625 0.8614783653846154 13
stats: {cpu,"os_mon@test2"} 1 48.56994279771191 0.0 62.75933609958506 2.059266700150678 39.650721255321024 13
stats: {recvpackets,"os_mon@test4"} 1 32884.0 0.0 39689 3445 23347.416666666668 12
stats: {sentpackets,"os_mon@test4"} 1 21848.0 0.0 25784 2365 15259.5 12
stats: {freemem,"os_mon@test3"} 1 1427.25390625 0.0 1503.00390625 1427.25390625 1497.2265625 13
stats: {cpu,"os_mon@test4"} 1 54.462009178990314 0.0 59.37976614133198 1.8499999999999999 35.208045150782574 13
stats: {load,"os_mon@myserver"} 1 3.609375 0.0 3.7109375 1.26953125 1.9393028846153846 13
stats: {recvpackets,"os_mon@myserver"} 1 32847.0 0.0 40136 3650 23518.666666666668 12
stats: {sentpackets,"os_mon@myserver"} 1 21823.0 0.0 26086 2505 15371.75 12
stats: {cpu,"os_mon@myserver"} 1 82.94930875576037 0.0 88.72662054829618 1.3333333333333335 52.389450187892244 13
stats: session 7892 2658.6132642975117 5498.141758863489 33681.714111328125 9.06298828125 522.4224397805059 70827
stats: users_count 7982 82531
stats: finish_users_count 7892 78719
stats: 200 79587 786407
stats: request 79587 262.4385148430121 1865.2144003391747 32595.652099609375 0.138916015625 52.135791980346724 706820
stats: page 7958 2623.4789661408454 5437.131537764132 33680.219970703125 7.589111328125 513.4827839991641 70552
stats: connect 7935 2360.6392016309196 5474.407757884101 32435.990966796875 0.372802734375 384.29984122693526 70858
stats: size_rcv 9470853 93582433
stats: newphase 6 78
stats: size_sent 10555308 104334709
stats: connected -23 283
# stats: dump at 1338907027
stats: users 4021 5424
stats: {load,"os_mon@test2"} 1 0.94921875 0.0 1.62109375 0.94921875 1.2064732142857142 14
stats: {recvpackets,"os_mon@test3"} 1 32384.0 0.0 39681 3506 24141.46153846154 13
stats: {sentpackets,"os_mon@test3"} 1 21668.0 0.0 25787 2405 15806.307692307691 13
stats: {freemem,"os_mon@test2"} 1 1488.7578125 0.0 1523.03125 1488.7578125 1515.2684151785713 14
stats: {load,"os_mon@test4"} 1 1.109375 0.0 1.12890625 0.75 0.9428013392857143 14
stats: {cpu,"os_mon@test3"} 1 57.48565466875326 0.0 73.22087506589352 2.264720684448918 42.47345556847822 14
stats: {freemem,"os_mon@test4"} 1 1374.03515625 0.0 1449.18359375 1374.03515625 1441.4779575892858 14
stats: {freemem,"os_mon@myserver"} 1 2432.59765625 0.0 2458.74609375 2432.59765625 2448.7162388392853 14
stats: {recvpackets,"os_mon@test2"} 1 32347.0 0.0 39646 3556 24132.615384615383 13
stats: {sentpackets,"os_mon@test2"} 1 21642.0 0.0 25758 2438 15800.153846153846 13
stats: {load,"os_mon@test3"} 1 1.16015625 0.0 1.28125 0.5390625 0.8914620535714286 14
stats: {cpu,"os_mon@test2"} 1 44.16452442159383 0.0 62.75933609958506 2.059266700150678 40.28780850834894 14
stats: {recvpackets,"os_mon@test4"} 1 32428.0 0.0 39689 3445 24081.0 13
stats: {sentpackets,"os_mon@test4"} 1 21691.0 0.0 25784 2365 15766.307692307691 13
stats: {freemem,"os_mon@test3"} 1 1418.64453125 0.0 1503.00390625 1418.64453125 1492.228515625 14
stats: {cpu,"os_mon@test4"} 1 69.45304437564499 0.0 69.45304437564499 1.8499999999999999 36.58332829565455 14
stats: {load,"os_mon@myserver"} 1 3.76171875 0.0 3.76171875 1.26953125 2.05859375 14
stats: {recvpackets,"os_mon@myserver"} 1 32264.0 0.0 40136 3650 24236.23076923077 13
stats: {sentpackets,"os_mon@myserver"} 1 21609.0 0.0 26086 2505 15868.0 13
stats: {cpu,"os_mon@myserver"} 1 82.11920529801324 0.0 88.72662054829618 1.3333333333333335 54.572297228454254 14
stats: session 7954 2888.54021487813 6592.545441562123 39224.64501953125 9.06298828125 736.5869742269318 78719
stats: users_count 8163 90694
stats: finish_users_count 7954 86673
stats: request 79649 288.46189023971556 2230.5958292205646 38998.623046875 0.138916015625 73.419125933975 786407
stats: page 8029 2871.504613707436 6508.742565410086 39222.781005859375 7.589111328125 727.3580816361975 78510
stats: connect 7896 2605.552146656535 6625.884471526712 38994.927001953125 0.372802734375 583.3308823702553 78793
stats: 200 79649 866056
stats: size_rcv 9478231 103060664
stats: newphase 6 84
stats: size_sent 10553181 114887890
stats: connected -133 150
# stats: dump at 1338907037
stats: users 5861 6124
stats: {load,"os_mon@test2"} 1 0.87890625 0.0 1.62109375 0.87890625 1.1893229166666666 15
stats: {recvpackets,"os_mon@test3"} 1 35073.0 0.0 39681 3506 24730.214285714286 14
stats: {sentpackets,"os_mon@test3"} 1 23443.0 0.0 25787 2405 16225.0 14
stats: {freemem,"os_mon@test2"} 1 1468.8203125 0.0 1523.03125 1468.8203125 1513.5010416666667 15
stats: {load,"os_mon@test4"} 1 1.01171875 0.0 1.12890625 0.75 0.95390625 15
stats: {cpu,"os_mon@test3"} 1 59.80083857442347 0.0 73.22087506589352 2.264720684448918 43.47426884182989 15
stats: {freemem,"os_mon@test4"} 1 1362.6015625 0.0 1449.18359375 1362.6015625 1436.9817708333333 15
stats: {freemem,"os_mon@myserver"} 1 2433.3515625 0.0 2458.74609375 2432.59765625 2447.641666666666 15
stats: {recvpackets,"os_mon@test2"} 1 34979.0 0.0 39646 3556 24719.35714285714 14
stats: {sentpackets,"os_mon@test2"} 1 23380.0 0.0 25758 2438 16217.42857142857 14
stats: {load,"os_mon@test3"} 1 1.0703125 0.0 1.28125 0.5390625 0.909375 15
stats: {cpu,"os_mon@test2"} 1 68.33419288292934 0.0 68.33419288292934 2.059266700150678 40.546256235898596 15
stats: {recvpackets,"os_mon@test4"} 1 34796.0 0.0 39689 3445 24677.214285714286 14
stats: {sentpackets,"os_mon@test4"} 1 23268.0 0.0 25784 2365 16189.5 14
stats: {freemem,"os_mon@test3"} 1 1411.00390625 0.0 1503.00390625 1411.00390625 1487.3229166666667 15
stats: {cpu,"os_mon@test4"} 1 53.94940629839958 0.0 69.45304437564499 1.8499999999999999 38.77464270098724 15
stats: {load,"os_mon@myserver"} 1 4.171875 0.0 4.171875 1.26953125 2.172135416666667 15
stats: {recvpackets,"os_mon@myserver"} 1 36563.0 0.0 40136 3650 24809.64285714286 14
stats: {sentpackets,"os_mon@myserver"} 1 24423.0 0.0 26086 2505 16278.07142857143 14
stats: {cpu,"os_mon@myserver"} 1 83.51758793969849 0.0 88.72662054829618 1.3333333333333335 56.40875776642485 15
stats: session 7810 2255.5538690505905 5558.582752038232 39224.64501953125 9.06298828125 934.072189647416 86673
stats: users_count 9650 100344
stats: finish_users_count 7810 94483
stats: 200 78731 944787
stats: request 78731 229.04149865324592 1857.4583456456098 38998.623046875 0.138916015625 93.19607007406285 866056
stats: page 7852 2280.627406115927 5651.170528003007 39222.781005859375 7.589111328125 926.2898061303559 86539
stats: connect 7917 1971.889211254014 5541.664796701659 38994.927001953125 0.372802734375 767.5233301180025 86689
stats: size_rcv 9368989 112429653
stats: newphase 6 90
stats: size_sent 10452772 125340662
stats: connected 65 215
# stats: dump at 1338907047
stats: users 6560 6562
stats: {load,"os_mon@test2"} 1 0.8984375 0.0 1.62109375 0.87890625 1.169921875 16
stats: {recvpackets,"os_mon@test3"} 1 36506.0 0.0 39681 3506 25419.733333333334 15
stats: {sentpackets,"os_mon@test3"} 1 24267.0 0.0 25787 2405 16706.2 15
stats: {freemem,"os_mon@test2"} 1 1446.21484375 0.0 1523.03125 1446.21484375 1510.70849609375 16
stats: {load,"os_mon@test4"} 1 0.94140625 0.0 1.12890625 0.75 0.95751953125 16
stats: {cpu,"os_mon@test3"} 1 68.1458003169572 0.0 73.22087506589352 2.264720684448918 44.49467945011698 16
stats: {freemem,"os_mon@test4"} 1 1353.8125 0.0 1449.18359375 1353.8125 1432.3330078125 16
stats: {freemem,"os_mon@myserver"} 1 2432.08203125 0.0 2458.74609375 2432.08203125 2446.7485351562495 16
stats: {recvpackets,"os_mon@test2"} 1 36529.0 0.0 39646 3556 25403.333333333332 15
stats: {sentpackets,"os_mon@test2"} 1 24280.0 0.0 25758 2438 16694.933333333334 15
stats: {load,"os_mon@test3"} 1 1.05078125 0.0 1.28125 0.5390625 0.91943359375 16
stats: {cpu,"os_mon@test2"} 1 63.19875776397515 0.0 68.33419288292934 2.059266700150678 42.28300227633802 16
stats: {recvpackets,"os_mon@test4"} 1 36745.0 0.0 39689 3445 25351.8 15
stats: {sentpackets,"os_mon@test4"} 1 24398.0 0.0 25784 2365 16661.4 15
stats: {freemem,"os_mon@test3"} 1 1384.03515625 0.0 1503.00390625 1384.03515625 1482.552978515625 16
stats: {cpu,"os_mon@test4"} 1 57.49870264660093 0.0 69.45304437564499 1.8499999999999999 39.72306542582552 16
stats: {load,"os_mon@myserver"} 1 3.91015625 0.0 4.171875 1.26953125 2.297119140625 16
stats: {recvpackets,"os_mon@myserver"} 1 36496.0 0.0 40136 3650 25593.2 15
stats: {sentpackets,"os_mon@myserver"} 1 24285.0 0.0 26086 2505 16821.066666666666 15
stats: {cpu,"os_mon@myserver"} 1 81.56902187578577 0.0 88.72662054829618 1.3333333333333335 58.10305965225445 16
stats: session 7744 2535.191291241612 5214.330748739747 39224.64501953125 9.06298828125 1043.306357869623 94483
stats: users_count 8443 108787
stats: finish_users_count 7744 102227
stats: request 77925 247.61395576112596 1757.2061392423195 38998.623046875 0.138916015625 104.51634272543048 944787
stats: page 7761 2551.3797373850916 5240.493184956627 39222.781005859375 7.589111328125 1038.9515941725074 94391
stats: connect 7826 2151.9827350837695 5137.338554791062 38994.927001953125 0.372802734375 868.309376256237 94606
stats: 200 77925 1022712
stats: size_rcv 9273075 121702728
stats: newphase 6 96
stats: size_sent 10346146 135686808
stats: connected 65 280
stats: error_connect_etimedout 74 74
# stats: dump at 1338907057
stats: users 6617 7046
stats: {load,"os_mon@test2"} 1 0.91015625 0.0 1.62109375 0.87890625 1.153952205882353 17
stats: {recvpackets,"os_mon@test3"} 1 35235.0 0.0 39681 3506 26112.625 16
stats: {sentpackets,"os_mon@test3"} 1 23607.0 0.0 25787 2405 17178.75 16
stats: {freemem,"os_mon@test2"} 1 1437.890625 0.0 1523.03125 1437.890625 1506.9147518382354 17
stats: {load,"os_mon@test4"} 1 0.94921875 0.0 1.12890625 0.75 0.9565716911764706 17
stats: {cpu,"os_mon@test3"} 1 66.9826224328594 0.0 73.22087506589352 2.264720684448918 45.88592185404876 17
stats: {freemem,"os_mon@test4"} 1 1336.08203125 0.0 1449.18359375 1336.08203125 1427.7141544117646 17
stats: {freemem,"os_mon@myserver"} 1 2432.64453125 0.0 2458.74609375 2432.08203125 2445.8857996323527 17
stats: {recvpackets,"os_mon@test2"} 1 35280.0 0.0 39646 3556 26098.6875 16
stats: {sentpackets,"os_mon@test2"} 1 23628.0 0.0 25758 2438 17169.0 16
stats: {load,"os_mon@test3"} 1 1.0390625 0.0 1.28125 0.5390625 0.9271599264705882 17
stats: {cpu,"os_mon@test2"} 1 57.702349869451695 0.0 68.33419288292934 2.059266700150678 43.51334083443432 17
stats: {recvpackets,"os_mon@test4"} 1 35353.0 0.0 39689 3445 26063.875 16
stats: {sentpackets,"os_mon@test4"} 1 23665.0 0.0 25784 2365 17144.9375 16
stats: {freemem,"os_mon@test3"} 1 1356.453125 0.0 1503.00390625 1356.453125 1476.7578125 17
stats: {cpu,"os_mon@test4"} 1 51.363870303654146 0.0 69.45304437564499 1.8499999999999999 40.76869114469466 17
stats: {load,"os_mon@myserver"} 1 3.6796875 0.0 4.171875 1.26953125 2.3920036764705883 17
stats: {recvpackets,"os_mon@myserver"} 1 36504.0 0.0 40136 3650 26274.625 16
stats: {sentpackets,"os_mon@myserver"} 1 24476.0 0.0 26086 2505 17287.5625 16
stats: {cpu,"os_mon@myserver"} 1 80.91526276087502 0.0 88.72662054829618 1.3333333333333335 59.48341037128571 17
stats: session 7884 2706.7920925502303 7140.28878138046 76591.45092773438 9.06298828125 1156.3210890466378 102227
stats: users_count 7941 116728
stats: finish_users_count 7884 110111
stats: request 77451 236.45811021469396 1692.8093292072604 38998.623046875 0.138916015625 115.4195896764847 1022712
stats: page 7731 2337.98612636398 4928.517936182395 39222.781005859375 7.589111328125 1153.858349003278 102152
stats: connect 7718 2045.1710991148855 4969.575315910562 38994.927001953125 0.372802734375 966.3844671085513 102432
stats: 200 77451 1100163
stats: size_rcv 9216669 130919397
stats: newphase 6 102
stats: size_sent 10273789 145960597
stats: connected -12 268
stats: error_connect_etimedout 655 729
# stats: dump at 1338907067
stats: users 6304 7244
stats: {load,"os_mon@test2"} 1 0.9296875 0.0 1.62109375 0.87890625 1.1404079861111112 18
stats: {recvpackets,"os_mon@test3"} 1 36805.0 0.0 39681 3506 26649.235294117647 17
stats: {sentpackets,"os_mon@test3"} 1 24867.0 0.0 25787 2405 17556.882352941175 17
stats: {freemem,"os_mon@test2"} 1 1433.2109375 0.0 1523.03125 1433.2109375 1503.080078125 18
stats: {load,"os_mon@test4"} 1 0.9609375 0.0 1.12890625 0.75 0.9561631944444444 18
stats: {cpu,"os_mon@test3"} 1 64.73958333333333 0.0 73.22087506589352 2.264720684448918 47.0579607750938 18
stats: {freemem,"os_mon@test4"} 1 1303.26953125 0.0 1449.18359375 1303.26953125 1422.6234809027778 18
stats: {freemem,"os_mon@myserver"} 1 2432.5 0.0 2458.74609375 2432.08203125 2445.150173611111 18
stats: {recvpackets,"os_mon@test2"} 1 36931.0 0.0 39646 3556 26638.764705882353 17
stats: {sentpackets,"os_mon@test2"} 1 24964.0 0.0 25758 2438 17548.941176470587 17
stats: {load,"os_mon@test3"} 1 1.109375 0.0 1.28125 0.5390625 0.9333767361111112 18
stats: {cpu,"os_mon@test2"} 1 52.430196483971045 0.0 68.33419288292934 2.059266700150678 44.3016191141575 18
stats: {recvpackets,"os_mon@test4"} 1 36514.0 0.0 39689 3445 26610.29411764706 17
stats: {sentpackets,"os_mon@test4"} 1 24712.0 0.0 25784 2365 17528.470588235294 17
stats: {freemem,"os_mon@test3"} 1 1348.4296875 0.0 1503.00390625 1348.4296875 1470.07421875 18
stats: {cpu,"os_mon@test4"} 1 70.4370179948586 0.0 70.4370179948586 1.8499999999999999 41.3573122090813 18
stats: {load,"os_mon@myserver"} 1 4.03125 0.0 4.171875 1.26953125 2.4635416666666665 18
stats: {recvpackets,"os_mon@myserver"} 1 35463.0 0.0 40136 3650 26876.352941176472 17
stats: {sentpackets,"os_mon@myserver"} 1 24011.0 0.0 26086 2505 17710.41176470588 17
stats: {cpu,"os_mon@myserver"} 1 81.99507389162561 0.0 88.72662054829618 1.3333333333333335 60.674068837374 18
stats: session 7611 7418.312439598381 18321.435901341523 81581.27807617188 9.06298828125 1267.3355507409492 110111
stats: users_count 7298 124026
stats: finish_users_count 7611 117722
stats: request 76099 271.02002001247786 1867.8648056555323 38998.623046875 0.138916015625 123.94064924148084 1100163
stats: page 7594 2683.6224175232915 5477.14353111976 39222.781005859375 7.589111328125 1237.1696150478488 109883
stats: connect 7658 2352.1159490394552 5434.075801980622 38994.927001953125 0.372802734375 1041.9729848191723 110150
stats: 200 76099 1176262
stats: size_rcv 9055781 139975178
stats: newphase 5 107
stats: size_sent 10101803 156062400
stats: connected 63 331
stats: error_connect_etimedout 719 1448
# stats: dump at 1338907077
stats: users 6588 7534
stats: {load,"os_mon@test2"} 1 0.87109375 0.0 1.62109375 0.87109375 1.1293174342105263 19
stats: {recvpackets,"os_mon@test3"} 1 31547.0 0.0 39681 3506 27213.444444444445 18
stats: {sentpackets,"os_mon@test3"} 1 21757.0 0.0 25787 2405 17963.0 18
stats: {freemem,"os_mon@test2"} 1 1432.19921875 0.0 1523.03125 1432.19921875 1499.4027549342106 19
stats: {load,"os_mon@test4"} 1 0.890625 0.0 1.12890625 0.75 0.9564144736842105 19
stats: {cpu,"os_mon@test3"} 1 74.82921702574882 0.0 74.82921702574882 2.264720684448918 47.98857248868536 19
stats: {freemem,"os_mon@test4"} 1 1300.40234375 0.0 1449.18359375 1300.40234375 1416.3416940789473 19
stats: {freemem,"os_mon@myserver"} 1 2431.328125 0.0 2458.74609375 2431.328125 2444.4843749999995 19
stats: {recvpackets,"os_mon@test2"} 1 33016.0 0.0 39646 3556 27210.555555555555 18
stats: {sentpackets,"os_mon@test2"} 1 22749.0 0.0 25758 2438 17960.88888888889 18
stats: {load,"os_mon@test3"} 1 1.3203125 0.0 1.3203125 0.5390625 0.942639802631579 19
stats: {cpu,"os_mon@test2"} 1 52.269087026161245 0.0 68.33419288292934 2.059266700150678 44.72943897572664 19
stats: {recvpackets,"os_mon@test4"} 1 31247.0 0.0 39689 3445 27160.5 18
stats: {sentpackets,"os_mon@test4"} 1 21567.0 0.0 25784 2365 17927.555555555555 18
stats: {freemem,"os_mon@test3"} 1 1304.58203125 0.0 1503.00390625 1304.58203125 1463.671875 19
stats: {cpu,"os_mon@test4"} 1 53.50052246603971 0.0 70.4370179948586 1.8499999999999999 42.88782303991169 19
stats: {load,"os_mon@myserver"} 1 4.05078125 0.0 4.171875 1.26953125 2.5460526315789473 19
stats: {recvpackets,"os_mon@myserver"} 1 37354.0 0.0 40136 3650 27353.38888888889 18
stats: {sentpackets,"os_mon@myserver"} 1 25490.0 0.0 26086 2505 18060.444444444445 18
stats: {cpu,"os_mon@myserver"} 1 81.93247962747381 0.0 88.72662054829618 1.3333333333333335 61.79622699812409 19
stats: session 7607 7618.92989229313 19004.5637055275 88908.13598632813 9.06298828125 1665.0104551861157 117722
stats: users_count 7891 131917
stats: finish_users_count 7607 125329
stats: 200 76378 1252640
stats: request 76378 261.34661575793257 1815.4270272116562 38998.623046875 0.138916015625 133.45604040119022 1176262
stats: page 7715 2617.616673016747 5343.678896630858 39222.781005859375 7.589111328125 1330.671854481938 117477
stats: connect 7588 2321.623157265943 5333.8366687260295 38994.927001953125 0.372802734375 1127.1376155742903 117808
stats: size_rcv 9088982 149064160
stats: newphase 5 112
stats: size_sent 10115018 166177418
stats: connected -127 204
stats: error_connect_etimedout 585 2033
stats: error_abort 1 1
EndMonitor:{1338,907077,571680}
