# stats: dump at 1338894233
stats: users 2 3
stats: session 37 25.65775443412162 5.583838181794471 48.573974609375 20.385986328125 0 0
stats: users_count 39 39
stats: finish_users_count 37 37
stats: request 360 2.1319342719184013 0.6977791447391412 7.47998046875 1.12109375 0 0
stats: page 36 23.33718532986111 5.304100393896677 44.516845703125 17.93701171875 0 0
stats: connect 360 1.0535325792100694 0.2592415486951162 2.41796875 0.490234375 0 0
stats: 200 360 360
stats: size_rcv 156240 156240
stats: size_sent 46920 46920
stats: connected 0 0
# stats: dump at 1338894243
stats: users 3 11
stats: {load,"os_mon@test2"} 1 0.91015625 0 0.91015625 0.91015625 0 0
stats: {freemem,"os_mon@test2"} 1 1533.83203125 0 1533.83203125 1533.83203125 0 0
stats: {load,"os_mon@test4"} 1 2.3515625 0 2.3515625 2.3515625 0 0
stats: {cpu,"os_mon@test3"} 1 1.7587939698492463 0 1.7587939698492463 1.7587939698492463 0 0
stats: {freemem,"os_mon@test4"} 1 1462.45703125 0 1462.45703125 1462.45703125 0 0
stats: {freemem,"os_mon@myserver"} 1 2866.4375 0 2866.4375 2866.4375 0 0
stats: {load,"os_mon@test3"} 1 1.51171875 0 1.51171875 1.51171875 0 0
stats: {cpu,"os_mon@test2"} 1 7.828282828282829 0 7.828282828282829 7.828282828282829 0 0
stats: {freemem,"os_mon@test3"} 1 1516.4375 0 1516.4375 1516.4375 0 0
stats: {cpu,"os_mon@test4"} 1 1.951951951951952 0 1.951951951951952 1.951951951951952 0 0
stats: {load,"os_mon@myserver"} 1 1.98046875 0 1.98046875 1.98046875 0 0
stats: {cpu,"os_mon@myserver"} 1 3.757881462799496 0 3.757881462799496 3.757881462799496 0 0
stats: session 776 27.209412250322163 41.55308576990132 1166.17822265625 16.758056640625 25.65775443412162 37
stats: users_count 777 816
stats: finish_users_count 776 813
stats: 200 7752 8112
stats: request 7752 2.357524891509853 12.969741276200867 1139.864990234375 0.96484375 2.1319342719184013 360
stats: page 773 24.992017896486896 41.617371228636856 1164.52001953125 15.452880859375 23.33718532986111 36
stats: connect 7752 1.0837480448593888 0.6997746381105956 19.30078125 0.39208984375 1.0535325792100694 360
stats: size_rcv 3364368 3520608
stats: newphase 2 2
stats: size_sent 1012704 1059624
stats: connected 0 0
# stats: dump at 1338894253
stats: users 7 22
stats: {load,"os_mon@test2"} 1 0.9296875 0.0 0.9296875 0.91015625 0.91015625 1
stats: {recvpackets,"os_mon@test3"} 1 4358 0 4358 4358 0 0
stats: {sentpackets,"os_mon@test3"} 1 2984 0 2984 2984 0 0
stats: {freemem,"os_mon@test2"} 1 1532.81640625 0.0 1533.83203125 1532.81640625 1533.83203125 1
stats: {load,"os_mon@test4"} 1 2.1484375 0.0 2.3515625 2.1484375 2.3515625 1
stats: {cpu,"os_mon@test3"} 1 19.612837493632195 0.0 19.612837493632195 1.7587939698492463 1.7587939698492463 1
stats: {freemem,"os_mon@test4"} 1 1461.27734375 0.0 1462.45703125 1461.27734375 1462.45703125 1
stats: {freemem,"os_mon@myserver"} 1 2866.46484375 0.0 2866.46484375 2866.4375 2866.4375 1
stats: {recvpackets,"os_mon@test2"} 1 4387 0 4387 4387 0 0
stats: {sentpackets,"os_mon@test2"} 1 3004 0 3004 3004 0 0
stats: {load,"os_mon@test3"} 1 1.28125 0.0 1.51171875 1.28125 1.51171875 1
stats: {cpu,"os_mon@test2"} 1 29.132653061224488 0.0 29.132653061224488 7.828282828282829 7.828282828282829 1
stats: {recvpackets,"os_mon@test4"} 1 4345 0 4345 4345 0 0
stats: {sentpackets,"os_mon@test4"} 1 2970 0 2970 2970 0 0
stats: {freemem,"os_mon@test3"} 1 1514.9921875 0.0 1516.4375 1514.9921875 1516.4375 1
stats: {cpu,"os_mon@test4"} 1 9.743847312908088 0.0 9.743847312908088 1.951951951951952 1.951951951951952 1
stats: {load,"os_mon@myserver"} 1 1.75 0.0 1.98046875 1.75 1.98046875 1
stats: {recvpackets,"os_mon@myserver"} 1 4428 0 4428 4428 0 0
stats: {sentpackets,"os_mon@myserver"} 1 3037 0 3037 3037 0 0
stats: {cpu,"os_mon@myserver"} 1 17.39241151005857 0.0 17.39241151005857 3.757881462799496 3.757881462799496 1
stats: session 1667 35.55060140315692 68.6888790256962 1166.17822265625 16.200927734375 27.138795596940344 813
stats: users_count 1671 2487
stats: finish_users_count 1667 2480
stats: request 16376 3.20343505084136 20.886349575805024 1139.864990234375 0.85302734375 2.3475134734806464 8112
stats: page 1637 33.50672393407336 69.23271991604442 1164.52001953125 14.083984375 24.918378870036307 809
stats: connect 16379 1.585164325913714 19.128938756429577 1000.183837890625 0.326171875 1.0824071218276143 8112
stats: 200 16376 24488
stats: size_rcv 7107184 10627792
stats: newphase 6 8
stats: size_sent 2142811 3202435
stats: connected 3 3
# stats: dump at 1338894263
stats: users 247 247
stats: {load,"os_mon@test2"} 1 0.78125 0.0 0.9296875 0.78125 0.919921875 2
stats: {recvpackets,"os_mon@test3"} 1 8181.0 0.0 8181 4358 4358.0 1
stats: {sentpackets,"os_mon@test3"} 1 5473.0 0.0 5473 2984 2984.0 1
stats: {freemem,"os_mon@test2"} 1 1532.0625 0.0 1533.83203125 1532.0625 1533.32421875 2
stats: {load,"os_mon@test4"} 1 1.8203125 0.0 2.3515625 1.8203125 2.25 2
stats: {cpu,"os_mon@test3"} 1 35.16427104722793 0.0 35.16427104722793 1.7587939698492463 10.685815731740721 2
stats: {freemem,"os_mon@test4"} 1 1460.34765625 0.0 1462.45703125 1460.34765625 1461.8671875 2
stats: {freemem,"os_mon@myserver"} 1 2867.30078125 0.0 2867.30078125 2866.4375 2866.451171875 2
stats: {recvpackets,"os_mon@test2"} 1 8178.0 0.0 8178 4387 4387.0 1
stats: {sentpackets,"os_mon@test2"} 1 5473.0 0.0 5473 3004 3004.0 1
stats: {load,"os_mon@test3"} 1 1.25 0.0 1.51171875 1.25 1.396484375 2
stats: {cpu,"os_mon@test2"} 1 42.87184765826042 0.0 42.87184765826042 7.828282828282829 18.48046794475366 2
stats: {recvpackets,"os_mon@test4"} 1 8160.0 0.0 8160 4345 4345.0 1
stats: {sentpackets,"os_mon@test4"} 1 5458.0 0.0 5458 2970 2970.0 1
stats: {freemem,"os_mon@test3"} 1 1514.97265625 0.0 1516.4375 1514.97265625 1515.71484375 2
stats: {cpu,"os_mon@test4"} 1 28.37136929460581 0.0 28.37136929460581 1.951951951951952 5.847899632430019 2
stats: {load,"os_mon@myserver"} 1 1.48046875 0.0 1.98046875 1.48046875 1.865234375 2
stats: {recvpackets,"os_mon@myserver"} 1 8570.0 0.0 8570 4428 4428.0 1
stats: {sentpackets,"os_mon@myserver"} 1 5730.0 0.0 5730 3037 3037.0 1
stats: {cpu,"os_mon@myserver"} 1 35.659898477157356 0.0 35.659898477157356 3.757881462799496 10.575146486429032 2
stats: session 2355 416.5190576897558 409.2408029369395 3500.2451171875 16.200927734375 32.79302151587705 2480
stats: users_count 2595 5082
stats: finish_users_count 2355 4835
stats: request 24248 41.02702109532868 106.20597761587767 2969.6650390625 0.85302734375 2.919898794897628 24488
stats: page 2327 392.7969320745594 384.14525695720897 3498.2880859375 14.083984375 30.666179716245892 2446
stats: connect 24359 20.315903015024073 68.7366461951875 1032.791015625 0.326171875 1.4186392171167503 24491
stats: 200 24248 48736
stats: size_rcv 10523632 21151424
stats: newphase 6 14
stats: size_sent 3184599 6387034
stats: connected 111 114
# stats: dump at 1338894273
stats: users 1643 1643
stats: {load,"os_mon@test2"} 1 0.8203125 0.0 0.9296875 0.78125 0.8736979166666666 3
stats: {recvpackets,"os_mon@test3"} 1 11415.0 0.0 11415 4358 6269.5 2
stats: {sentpackets,"os_mon@test3"} 1 7682.0 0.0 7682 2984 4228.5 2
stats: {freemem,"os_mon@test2"} 1 1522.4375 0.0 1533.83203125 1522.4375 1532.9036458333333 3
stats: {load,"os_mon@test4"} 1 1.76953125 0.0 2.3515625 1.76953125 2.1067708333333335 3
stats: {cpu,"os_mon@test3"} 1 47.857511615900876 0.0 47.857511615900876 1.7587939698492463 18.845300836903125 3
stats: {freemem,"os_mon@test4"} 1 1454.546875 0.0 1462.45703125 1454.546875 1461.3606770833333 3
stats: {freemem,"os_mon@myserver"} 1 2863.91015625 0.0 2867.30078125 2863.91015625 2866.734375 3
stats: {recvpackets,"os_mon@test2"} 1 11448.0 0.0 11448 4387 6282.5 2
stats: {sentpackets,"os_mon@test2"} 1 7.7e3 0.0 7700 3004 4238.5 2
stats: {load,"os_mon@test3"} 1 1.2109375 0.0 1.51171875 1.2109375 1.34765625 3
stats: {cpu,"os_mon@test2"} 1 55.190133607399794 0.0 55.190133607399794 7.828282828282829 26.610927849255916 3
stats: {recvpackets,"os_mon@test4"} 1 11391.0 0.0 11391 4345 6252.5 2
stats: {sentpackets,"os_mon@test4"} 1 7670.0 0.0 7670 2970 4214.0 2
stats: {freemem,"os_mon@test3"} 1 1509.3828125 0.0 1516.4375 1509.3828125 1515.4674479166667 3
stats: {cpu,"os_mon@test4"} 1 41.14610221992772 0.0 41.14610221992772 1.951951951951952 13.355722853155283 3
stats: {load,"os_mon@myserver"} 1 1.87109375 0.0 1.98046875 1.48046875 1.7369791666666667 3
stats: {recvpackets,"os_mon@myserver"} 1 11818.0 0.0 11818 4428 6499.0 2
stats: {sentpackets,"os_mon@myserver"} 1 7950.0 0.0 7950 3037 4383.5 2
stats: {cpu,"os_mon@myserver"} 1 57.28630278063852 0.0 57.28630278063852 3.757881462799496 18.936730483338476 3
stats: session 2199 2146.88812097651 1070.6727911514415 5160.39501953125 16.200927734375 219.69577543304032 4835
stats: users_count 3595 8677
stats: finish_users_count 2199 7034
stats: request 27438 264.96454739648925 177.3953468435066 2969.6650390625 0.85302734375 21.87963085212128 48736
stats: page 2230 2087.0518384993356 1059.1764368626157 5158.239990234375 14.083984375 207.217250476312 4773
stats: connect 28153 136.08477890518105 112.18351479496508 1260.81298828125 0.326171875 10.84173950070374 48850
stats: 200 27438 76174
stats: size_rcv 11908092 33059516
stats: newphase 6 20
stats: size_sent 3676665 10063699
stats: connected 715 829
# stats: dump at 1338894283
stats: users 4283 4283
stats: {load,"os_mon@test2"} 1 0.921875 0.0 0.9296875 0.78125 0.8603515625 4
stats: {recvpackets,"os_mon@test3"} 1 14220.0 0.0 14220 4358 7984.666666666667 3
stats: {sentpackets,"os_mon@test3"} 1 9523.0 0.0 9523 2984 5379.666666666667 3
stats: {freemem,"os_mon@test2"} 1 1492.125 0.0 1533.83203125 1492.125 1530.287109375 4
stats: {load,"os_mon@test4"} 1 1.6484375 0.0 2.3515625 1.6484375 2.0224609375 4
stats: {cpu,"os_mon@test3"} 1 52.1511017838405 0.0 52.1511017838405 1.7587939698492463 26.098353531652563 4
stats: {freemem,"os_mon@test4"} 1 1420.45703125 0.0 1462.45703125 1420.45703125 1459.6572265625 4
stats: {freemem,"os_mon@myserver"} 1 2845.96875 0.0 2867.30078125 2845.96875 2866.0283203125 4
stats: {recvpackets,"os_mon@test2"} 1 14208.0 0.0 14208 4387 8004.333333333333 3
stats: {sentpackets,"os_mon@test2"} 1 9516.0 0.0 9516 3004 5392.333333333333 3
stats: {load,"os_mon@test3"} 1 1.1015625 0.0 1.51171875 1.1015625 1.3134765625 4
stats: {cpu,"os_mon@test2"} 1 58.681092220504894 0.0 58.681092220504894 7.828282828282829 33.75572928879188 4
stats: {recvpackets,"os_mon@test4"} 1 14198.0 0.0 14198 4345 7965.333333333333 3
stats: {sentpackets,"os_mon@test4"} 1 9509.0 0.0 9509 2970 5366.0 3
stats: {freemem,"os_mon@test3"} 1 1473.5859375 0.0 1516.4375 1473.5859375 1513.9462890625 4
stats: {cpu,"os_mon@test4"} 1 46.65629860031104 0.0 46.65629860031104 1.951951951951952 20.303317694848392 4
stats: {load,"os_mon@myserver"} 1 2.19921875 0.0 2.19921875 1.48046875 1.7705078125 4
stats: {recvpackets,"os_mon@myserver"} 1 15837.0 0.0 15837 4428 8272.0 3
stats: {sentpackets,"os_mon@myserver"} 1 10634.0 0.0 10634 3037 5572.333333333333 3
stats: {cpu,"os_mon@myserver"} 1 58.2089552238806 0.0 58.2089552238806 3.757881462799496 28.524123557663486 4
stats: session 1758 6363.0843314213125 1720.9739964612882 12110.177001953125 16.200927734375 822.1831180332806 7034
stats: users_count 4398 13075
stats: finish_users_count 1758 8792
stats: request 26365 826.7106523837539 784.933721004009 10082.6220703125 0.85302734375 109.43921732709131 76174
stats: page 1734 6249.572228173193 1677.0616751983252 12108.287841796875 14.083984375 805.8222956414331 7003
stats: connect 28174 377.57288105451914 427.67655353873374 7278.794189453125 0.326171875 56.631738440410636 77003
stats: 200 26365 102539
stats: size_rcv 11442410 44501926
stats: newphase 6 26
stats: size_sent 3683950 13747649
stats: connected 1809 2638
# stats: dump at 1338894293
stats: users 3871 4597
stats: {load,"os_mon@test2"} 1 0.859375 0.0 0.9296875 0.78125 0.87265625 5
stats: {recvpackets,"os_mon@test3"} 1 15535.0 0.0 15535 4358 9543.5 4
stats: {sentpackets,"os_mon@test3"} 1 10485.0 0.0 10485 2984 6415.5 4
stats: {freemem,"os_mon@test2"} 1 1413.28515625 0.0 1533.83203125 1413.28515625 1522.6546875 5
stats: {load,"os_mon@test4"} 1 1.640625 0.0 2.3515625 1.640625 1.94765625 5
stats: {cpu,"os_mon@test3"} 1 56.01483836777954 0.0 56.01483836777954 1.7587939698492463 31.308903182090148 5
stats: {freemem,"os_mon@test4"} 1 1365.00390625 0.0 1462.45703125 1365.00390625 1451.8171875 5
stats: {freemem,"os_mon@myserver"} 1 2818.4921875 0.0 2867.30078125 2818.4921875 2862.01640625 5
stats: {recvpackets,"os_mon@test2"} 1 15512.0 0.0 15512 4387 9555.25 4
stats: {sentpackets,"os_mon@test2"} 1 10484.0 0.0 10484 3004 6423.25 4
stats: {load,"os_mon@test3"} 1 1.08984375 0.0 1.51171875 1.08984375 1.27109375 5
stats: {cpu,"os_mon@test2"} 1 61.97836166924265 0.0 61.97836166924265 7.828282828282829 38.74080187513449 5
stats: {recvpackets,"os_mon@test4"} 1 15603.0 0.0 15603 4345 9523.5 4
stats: {sentpackets,"os_mon@test4"} 1 10522.0 0.0 10522 2970 6401.75 4
stats: {freemem,"os_mon@test3"} 1 1410.69921875 0.0 1516.4375 1410.69921875 1505.87421875 5
stats: {cpu,"os_mon@test4"} 1 52.33692860811505 0.0 52.33692860811505 1.951951951951952 25.573913875940924 5
stats: {load,"os_mon@myserver"} 1 2.55078125 0.0 2.55078125 1.48046875 1.85625 5
stats: {recvpackets,"os_mon@myserver"} 1 15308.0 0.0 15837 4428 10163.25 4
stats: {sentpackets,"os_mon@myserver"} 1 10579.0 0.0 10634 3037 6837.75 4
stats: {cpu,"os_mon@myserver"} 1 58.92078071182549 0.0 58.92078071182549 3.757881462799496 34.461089890906905 5
stats: session 2519 11173.764879106298 2955.8853863104805 22413.791015625 16.200927734375 1930.1112723936267 8792
stats: users_count 2107 15182
stats: finish_users_count 2519 11311
stats: request 28110 1397.2448830956391 1702.2719207268533 17905.25 0.85302734375 293.8652541059648 102539
stats: page 2467 11034.645247541 2917.932509716534 22411.744873046875 14.083984375 1886.2231635606358 8737
stats: connect 27167 478.59125866385745 762.4158933022626 15261.4619140625 0.326171875 142.60296553388062 105177
stats: 200 28110 130649
stats: size_rcv 12199740 56701666
stats: newphase 4 30
stats: size_sent 3551991 17299640
stats: connected -943 1695
# stats: dump at 1338894303
stats: users 4838 5093
stats: {load,"os_mon@test2"} 1 1.03125 0.0 1.03125 0.78125 0.8704427083333334 6
stats: {recvpackets,"os_mon@test3"} 1 11256.0 0.0 15535 4358 10741.8 5
stats: {sentpackets,"os_mon@test3"} 1 8283.0 0.0 10485 2984 7229.4 5
stats: {freemem,"os_mon@test2"} 1 1365.8046875 0.0 1533.83203125 1365.8046875 1504.4264322916667 6
stats: {load,"os_mon@test4"} 1 1.390625 0.0 2.3515625 1.390625 1.896484375 6
stats: {cpu,"os_mon@test3"} 1 57.58047767393562 0.0 57.58047767393562 1.7587939698492463 35.426559046371715 6
stats: {freemem,"os_mon@test4"} 1 1358.27734375 0.0 1462.45703125 1358.27734375 1437.3483072916667 6
stats: {freemem,"os_mon@myserver"} 1 2813.46875 0.0 2867.30078125 2813.46875 2854.7623697916665 6
stats: {recvpackets,"os_mon@test2"} 1 11374.0 0.0 15512 4387 10746.6 5
stats: {sentpackets,"os_mon@test2"} 1 8351.0 0.0 10484 3004 7235.4 5
stats: {load,"os_mon@test3"} 1 1.30078125 0.0 1.51171875 1.08984375 1.2408854166666667 6
stats: {cpu,"os_mon@test2"} 1 62.512873326467556 0.0 62.512873326467556 7.828282828282829 42.613728507485845 6
stats: {recvpackets,"os_mon@test4"} 1 11136.0 0.0 15603 4345 10739.4 5
stats: {sentpackets,"os_mon@test4"} 1 8207.0 0.0 10522 2970 7225.8 5
stats: {freemem,"os_mon@test3"} 1 1377.9140625 0.0 1516.4375 1377.9140625 1490.01171875 6
stats: {cpu,"os_mon@test4"} 1 44.570837642192345 0.0 52.33692860811505 1.951951951951952 30.034416331303277 6
stats: {load,"os_mon@myserver"} 1 3.16015625 0.0 3.16015625 1.48046875 1.9720052083333333 6
stats: {recvpackets,"os_mon@myserver"} 1 16819.0 0.0 16819 4428 11192.2 5
stats: {sentpackets,"os_mon@myserver"} 1 12193.0 0.0 12193 3037 7586.0 5
stats: {cpu,"os_mon@myserver"} 1 58.509719222462195 0.0 58.92078071182549 3.757881462799496 38.53770502772667 6
stats: session 2536 14298.47170741325 4943.559263472945 29871.086181640625 16.200927734375 3988.70586485311 11311
stats: users_count 3503 18685
stats: finish_users_count 2536 13847
stats: request 26762 1416.9585220659674 1973.7407365367874 24421.0458984375 0.85302734375 531.2647089115871 130649
stats: page 2535 14221.504555558118 4854.865502303533 29869.674072265625 14.083984375 3900.607069413863 11204
stats: connect 28433 447.9018822501173 695.7046666118988 15301.119873046875 0.326171875 211.5731792153628 132344
stats: 200 26980 157629
stats: size_rcv 11709320 68410986
stats: newphase 6 36
stats: size_sent 3733119 21032759
stats: connected 1563 3258
# stats: dump at 1338894313
stats: users 4520 5093
stats: {load,"os_mon@test2"} 1 1.3515625 0.0 1.3515625 0.78125 0.8934151785714286 7
stats: {recvpackets,"os_mon@test3"} 1 13814.0 0.0 15535 4358 10827.5 6
stats: {sentpackets,"os_mon@test3"} 1 10058.0 0.0 10485 2984 7405.0 6
stats: {freemem,"os_mon@test2"} 1 1288.203125 0.0 1533.83203125 1288.203125 1484.623325892857 7
stats: {load,"os_mon@test4"} 1 1.41015625 0.0 2.3515625 1.390625 1.82421875 7
stats: {cpu,"os_mon@test3"} 1 67.82744282744282 0.0 67.82744282744282 1.7587939698492463 38.59140456459512 7
stats: {freemem,"os_mon@test4"} 1 1357.41796875 0.0 1462.45703125 1357.41796875 1426.052455357143 7
stats: {freemem,"os_mon@myserver"} 0 0 0 2867.30078125 2813.46875 2848.86328125 7
stats: {recvpackets,"os_mon@test2"} 1 13774.0 0.0 15512 4387 10851.166666666666 6
stats: {sentpackets,"os_mon@test2"} 1 10033.0 0.0 10484 3004 7421.333333333333 6
stats: {load,"os_mon@test3"} 1 1.48828125 0.0 1.51171875 1.08984375 1.2494419642857142 7
stats: {cpu,"os_mon@test2"} 1 62.422360248447205 0.0 62.512873326467556 7.828282828282829 45.45646348162609 7
stats: {recvpackets,"os_mon@test4"} 1 13870.0 0.0 15603 4345 10805.5 6
stats: {sentpackets,"os_mon@test4"} 1 10092.0 0.0 10522 2970 7389.333333333333 6
stats: {freemem,"os_mon@test3"} 1 1289.12890625 0.0 1516.4375 1289.12890625 1473.997767857143 7
stats: {cpu,"os_mon@test4"} 1 42.50639386189258 0.0 52.33692860811505 1.951951951951952 32.11104794714457 7
stats: {load,"os_mon@myserver"} 0 0 0 3.16015625 1.48046875 2.1417410714285716 7
stats: {recvpackets,"os_mon@myserver"} 0 0 0 16819 4428 12130.0 6
stats: {sentpackets,"os_mon@myserver"} 0 0 0 12193 3037 8353.833333333334 6
stats: {cpu,"os_mon@myserver"} 0 0 0 58.92078071182549 3.757881462799496 41.39084991268889 7
stats: session 2752 15289.694137484526 6516.777234369062 38845.27294921875 16.200927734375 5876.881366892 13847
stats: users_count 2434 21119
stats: finish_users_count 2752 16599
stats: 200 27844 185473
stats: request 28062 1653.849454696925 2353.8808769051993 31545.327880859375 0.85302734375 681.8446418745791 157411
stats: page 2761 15258.29484839407 6500.636448333085 38843.823974609375 14.083984375 5804.928717814451 13739
stats: connect 27630 403.26143140982714 820.4664617311851 31296.675048828125 0.326171875 253.367304080158 160777
stats: size_rcv 12084296 80495282
stats: newphase 5 41
stats: size_sent 3598608 24631367
stats: connected -324 2934
# stats: dump at 1338894323
stats: users 5146 5258
stats: {load,"os_mon@test2"} 1 1.140625 0.0 1.3515625 0.78125 0.95068359375 8
stats: {recvpackets,"os_mon@test3"} 1 11347.0 0.0 15535 4358 11254.142857142857 7
stats: {sentpackets,"os_mon@test3"} 1 8648.0 0.0 10485 2984 7784.0 7
stats: {freemem,"os_mon@test2"} 1 1243.08984375 0.0 1533.83203125 1243.08984375 1460.07080078125 8
stats: {load,"os_mon@test4"} 1 1.26953125 0.0 2.3515625 1.26953125 1.7724609375 8
stats: {cpu,"os_mon@test3"} 1 72.82999486389316 0.0 72.82999486389316 1.7587939698492463 42.24590934745109 8
stats: {freemem,"os_mon@test4"} 1 1357.8046875 0.0 1462.45703125 1357.41796875 1417.47314453125 8
stats: {freemem,"os_mon@myserver"} 1 2803.140625 0.0 2867.30078125 2803.140625 2848.86328125 7
stats: {recvpackets,"os_mon@test2"} 1 11307.0 0.0 15512 4387 11268.714285714286 7
stats: {sentpackets,"os_mon@test2"} 1 8630.0 0.0 10484 3004 7794.428571428572 7
stats: {load,"os_mon@test3"} 1 1.62890625 0.0 1.62890625 1.08984375 1.279296875 8
stats: {cpu,"os_mon@test2"} 1 57.22365038560411 0.0 62.512873326467556 7.828282828282829 47.57720057747873 8
stats: {recvpackets,"os_mon@test4"} 1 11396.0 0.0 15603 4345 11243.285714285714 7
stats: {sentpackets,"os_mon@test4"} 1 8676.0 0.0 10522 2970 7775.428571428572 7
stats: {freemem,"os_mon@test3"} 1 1196.953125 0.0 1516.4375 1196.953125 1450.88916015625 8
stats: {cpu,"os_mon@test4"} 1 45.13638703036541 0.0 52.33692860811505 1.951951951951952 33.41046618648807 8
stats: {load,"os_mon@myserver"} 1 3.51953125 0.0 3.51953125 1.48046875 2.1417410714285716 7
stats: {recvpackets,"os_mon@myserver"} 1 16577.0 0.0 16819 4428 12130.0 6
stats: {sentpackets,"os_mon@myserver"} 1 12348.0 0.0 12348 3037 8353.833333333334 6
stats: {cpu,"os_mon@myserver"} 1 57.92620078334364 0.0 58.92078071182549 3.757881462799496 41.39084991268889 7
stats: session 2730 15876.75461139609 6825.743290847254 45103.468994140625 16.200927734375 7437.460964739498 16599
stats: users_count 3356 24475
stats: finish_users_count 2730 19329
stats: page 2759 15815.149473703957 6739.53245328943 45101.488037109375 14.083984375 7386.791983664774 16500
stats: connect 28379 426.33435252588293 711.85173393933 31296.675048828125 0.326171875 275.3493681123795 188407
stats: 200 27792 213265
stats: request 27792 1511.9908986813552 2394.278349312129 44995.684814453125 0.85302734375 828.9086299344082 185473
stats: size_rcv 12061728 92557010
stats: newphase 6 47
stats: size_sent 3708891 28340258
stats: connected 587 3521
# stats: dump at 1338894333
stats: users 5136 5258
stats: {load,"os_mon@test2"} 1 1.4296875 0.0 1.4296875 0.78125 0.9717881944444444 9
stats: {recvpackets,"os_mon@test3"} 1 15047.0 0.0 15535 4358 11265.75 8
stats: {sentpackets,"os_mon@test3"} 1 11090.0 0.0 11090 2984 7892.0 8
stats: {freemem,"os_mon@test2"} 1 1196.6328125 0.0 1533.83203125 1196.6328125 1435.9618055555557 9
stats: {load,"os_mon@test4"} 1 1.37890625 0.0 2.3515625 1.26953125 1.7165798611111112 9
stats: {cpu,"os_mon@test3"} 1 64.58440887971089 0.0 72.82999486389316 1.7587939698492463 45.64414107150021 9
stats: {freemem,"os_mon@test4"} 1 1315.10546875 0.0 1462.45703125 1315.10546875 1410.8433159722222 9
stats: {freemem,"os_mon@myserver"} 1 2790.671875 0.0 2867.30078125 2790.671875 2843.14794921875 8
stats: {recvpackets,"os_mon@test2"} 1 15103.0 0.0 15512 4387 11273.5 8
stats: {sentpackets,"os_mon@test2"} 1 11128.0 0.0 11128 3004 7898.875 8
stats: {load,"os_mon@test3"} 1 1.5390625 0.0 1.62890625 1.08984375 1.3181423611111112 9
stats: {cpu,"os_mon@test2"} 1 59.573361082206034 0.0 62.512873326467556 7.828282828282829 48.6490283339371 9
stats: {recvpackets,"os_mon@test4"} 1 14985.0 0.0 15603 4345 11262.375 8
stats: {sentpackets,"os_mon@test4"} 1 11051.0 0.0 11051 2970 7888.0 8
stats: {freemem,"os_mon@test3"} 1 1129.859375 0.0 1516.4375 1129.859375 1422.674045138889 9
stats: {cpu,"os_mon@test4"} 1 58.12403895438237 0.0 58.12403895438237 1.951951951951952 34.713346280252225 9
stats: {load,"os_mon@myserver"} 1 3.890625 0.0 3.890625 1.48046875 2.31396484375 8
stats: {recvpackets,"os_mon@myserver"} 1 15826.0 0.0 16819 4428 12765.285714285714 7
stats: {sentpackets,"os_mon@myserver"} 1 11769.0 0.0 12348 3037 8924.42857142857 7
stats: {cpu,"os_mon@myserver"} 1 58.29334446067181 0.0 58.92078071182549 3.757881462799496 43.45776877152073 8
stats: session 2581 16288.983153540143 7844.9190522751815 58744.989013671875 16.200927734375 8629.414591692394 19329
stats: users_count 2571 27046
stats: finish_users_count 2581 21910
stats: request 27899 1732.975518800796 2481.098312571464 47012.092041015625 0.85302734375 917.9256857711144 213265
stats: page 2609 16283.855420464617 7787.017469385569 58743.64306640625 14.083984375 8594.219073078457 19259
stats: connect 27693 438.1876660046931 655.0981251921057 31305.47216796875 0.326171875 295.1144953469372 216786
stats: 200 27899 241164
stats: size_rcv 12108166 104665176
stats: newphase 6 53
stats: size_sent 3618629 31958887
stats: connected -206 3315
# stats: dump at 1338894343
stats: users 5526 5705
stats: {load,"os_mon@test2"} 1 1.28125 0.0 1.4296875 0.78125 1.017578125 10
stats: {recvpackets,"os_mon@test3"} 1 13447.0 0.0 15535 4358 11685.888888888889 9
stats: {sentpackets,"os_mon@test3"} 1 10139.0 0.0 11090 2984 8247.333333333334 9
stats: {freemem,"os_mon@test2"} 1 1134.74609375 0.0 1533.83203125 1134.74609375 1412.02890625 10
stats: {load,"os_mon@test4"} 1 1.3203125 0.0 2.3515625 1.26953125 1.6828125 10
stats: {cpu,"os_mon@test3"} 1 51.00567302733368 0.0 72.82999486389316 1.7587939698492463 47.53816785232128 10
stats: {freemem,"os_mon@test4"} 1 1233.41796875 0.0 1462.45703125 1233.41796875 1401.26953125 10
stats: {freemem,"os_mon@myserver"} 1 2781.4296875 0.0 2867.30078125 2781.4296875 2837.3172743055557 9
stats: {recvpackets,"os_mon@test2"} 1 13360.0 0.0 15512 4387 11699.0 9
stats: {sentpackets,"os_mon@test2"} 1 10072.0 0.0 11128 3004 8257.666666666666 9
stats: {load,"os_mon@test3"} 1 1.44921875 0.0 1.62890625 1.08984375 1.340234375 10
stats: {cpu,"os_mon@test2"} 1 66.29040533606978 0.0 66.29040533606978 7.828282828282829 49.741461608764 10
stats: {recvpackets,"os_mon@test4"} 1 13518.0 0.0 15603 4345 11676.0 9
stats: {sentpackets,"os_mon@test4"} 1 10190.0 0.0 11051 2970 8239.444444444445 9
stats: {freemem,"os_mon@test3"} 1 1098.62109375 0.0 1516.4375 1098.62109375 1393.392578125 10
stats: {cpu,"os_mon@test4"} 1 64.94897959183673 0.0 64.94897959183673 1.951951951951952 37.054415547665236 10
stats: {load,"os_mon@myserver"} 1 3.859375 0.0 3.890625 1.48046875 2.4891493055555554 9
stats: {recvpackets,"os_mon@myserver"} 1 17947.0 0.0 17947 4428 13147.875 8
stats: {sentpackets,"os_mon@myserver"} 1 13668.0 0.0 13668 3037 9280.0 8
stats: {cpu,"os_mon@myserver"} 1 58.17810086324398 0.0 58.92078071182549 3.757881462799496 45.1061660703153 9
stats: session 2672 17062.521991661182 7338.269966216355 65239.760009765625 16.200927734375 9531.712467462774 21910
stats: users_count 3062 30108
stats: finish_users_count 2672 24582
stats: request 27432 1748.3296271430106 2779.7029313108305 61141.609130859375 0.85302734375 1012.214531916041 241164
stats: page 2667 17075.42566416872 7421.979410416763 65238.068115234375 14.083984375 9511.64459120222 21868
stats: connect 27963 429.79715300757414 652.2371879134078 31305.47216796875 0.326171875 311.3208988213674 244479
stats: 200 27431 268595
stats: size_rcv 11905054 116570230
stats: newphase 3 56
stats: size_sent 3655291 35614178
stats: connected 531 3846
# stats: dump at 1338894353
stats: users 5836 5954
stats: {load,"os_mon@test2"} 1 1.62109375 0.0 1.62109375 0.78125 1.0415482954545454 11
stats: {recvpackets,"os_mon@test3"} 1 14568.0 0.0 15535 4358 11862.0 10
stats: {sentpackets,"os_mon@test3"} 1 11007.0 0.0 11090 2984 8436.5 10
stats: {freemem,"os_mon@test2"} 1 1090.05859375 0.0 1533.83203125 1090.05859375 1386.821377840909 11
stats: {load,"os_mon@test4"} 1 1.5703125 0.0 2.3515625 1.26953125 1.6498579545454546 11
stats: {cpu,"os_mon@test3"} 1 53.76729882111737 0.0 72.82999486389316 1.7587939698492463 47.85339559550423 11
stats: {freemem,"os_mon@test4"} 1 1172.015625 0.0 1462.45703125 1172.015625 1386.0102982954545 11
stats: {freemem,"os_mon@myserver"} 1 2769.890625 0.0 2867.30078125 2769.890625 2831.728515625 10
stats: {recvpackets,"os_mon@test2"} 1 14698.0 0.0 15512 4387 11865.1 10
stats: {sentpackets,"os_mon@test2"} 1 11101.0 0.0 11128 3004 8439.1 10
stats: {load,"os_mon@test3"} 1 1.4609375 0.0 1.62890625 1.08984375 1.3501420454545454 11
stats: {cpu,"os_mon@test2"} 1 61.924469736161406 0.0 66.29040533606978 7.828282828282829 51.24591103851906 11
stats: {recvpackets,"os_mon@test4"} 1 14437.0 0.0 15603 4345 11860.2 10
stats: {sentpackets,"os_mon@test4"} 1 10915.0 0.0 11051 2970 8434.5 10
stats: {freemem,"os_mon@test3"} 1 1069.87109375 0.0 1516.4375 1069.87109375 1366.5951704545455 11
stats: {cpu,"os_mon@test4"} 1 71.49437052200615 0.0 71.49437052200615 1.951951951951952 39.59028500622628 11
stats: {load,"os_mon@myserver"} 1 3.87109375 0.0 3.890625 1.48046875 2.626171875 10
stats: {recvpackets,"os_mon@myserver"} 1 15649.0 0.0 17947 4428 13681.111111111111 9
stats: {sentpackets,"os_mon@myserver"} 1 11924.0 0.0 13668 3037 9767.555555555555 9
stats: {cpu,"os_mon@myserver"} 1 58.06055646481178 0.0 58.92078071182549 3.757881462799496 46.41335954960816 10
stats: session 2714 18097.107018242303 8690.456214614542 75617.9169921875 16.200927734375 10350.292039859574 24582
stats: users_count 3024 33132
stats: finish_users_count 2714 27296
stats: request 27343 1919.789376428259 3136.935806342675 61308.9990234375 0.85302734375 1087.3947627916543 268596
stats: page 2730 18097.736761944147 8680.4722614576 75616.63793945313 14.083984375 10333.841620817124 24535
stats: connect 27539 433.54043573893165 711.1832662946254 31305.47216796875 0.326171875 323.4811072173155 272442
stats: 200 27341 295936
stats: size_rcv 11865994 128436224
stats: newphase 6 62
stats: size_sent 3599531 39213709
stats: connected 196 4042
stats: error_connect_etimedout 1 1
# stats: dump at 1338894363
stats: users 5502 6295
stats: {load,"os_mon@test2"} 1 1.53125 0.0 1.62109375 0.78125 1.08984375 12
stats: {recvpackets,"os_mon@test3"} 1 15533.0 0.0 15535 4358 12108.0 11
stats: {sentpackets,"os_mon@test3"} 1 11744.0 0.0 11744 2984 8670.181818181818 11
stats: {freemem,"os_mon@test2"} 1 1056.16015625 0.0 1533.83203125 1056.16015625 1362.0911458333333 12
stats: {load,"os_mon@test4"} 1 2.01953125 0.0 2.3515625 1.26953125 1.6432291666666667 12
stats: {cpu,"os_mon@test3"} 1 65.48171045852654 0.0 72.82999486389316 1.7587939698492463 48.34622086430533 12
stats: {freemem,"os_mon@test4"} 1 1101.171875 0.0 1462.45703125 1101.171875 1368.1774088541667 12
stats: {freemem,"os_mon@myserver"} 0 0 0 2867.30078125 2769.890625 2826.1068892045455 11
stats: {recvpackets,"os_mon@test2"} 1 15518.0 0.0 15518 4387 12122.636363636364 11
stats: {sentpackets,"os_mon@test2"} 1 11721.0 0.0 11721 3004 8681.09090909091 11
stats: {load,"os_mon@test3"} 1 1.23828125 0.0 1.62890625 1.08984375 1.359375 12
stats: {cpu,"os_mon@test2"} 1 59.7984886649874 0.0 66.29040533606978 7.828282828282829 52.13579092998926 12
stats: {recvpackets,"os_mon@test4"} 1 15528.0 0.0 15603 4345 12094.454545454546 11
stats: {sentpackets,"os_mon@test4"} 1 11738.0 0.0 11738 2970 8660.0 11
stats: {freemem,"os_mon@test3"} 1 1002.4140625 0.0 1516.4375 1002.4140625 1341.8681640625 12
stats: {cpu,"os_mon@test4"} 1 68.41286307053942 0.0 71.49437052200615 1.951951951951952 42.248958799207934 12
stats: {load,"os_mon@myserver"} 0 0 0 3.890625 1.48046875 2.739346590909091 11
stats: {recvpackets,"os_mon@myserver"} 0 0 0 17947 4428 13877.9 10
stats: {sentpackets,"os_mon@myserver"} 0 0 0 13668 3037 9983.2 10
stats: {cpu,"os_mon@myserver"} 0 0 0 58.92078071182549 3.757881462799496 47.472195632808486 11
stats: session 2544 19735.711769919733 9687.44929461911 83722.88403320313 16.200927734375 11120.546137578314 27296
stats: users_count 2210 35342
stats: finish_users_count 2544 29840
stats: request 28285 2034.470521640086 3139.73279805169 64239.909912109375 0.85302734375 1164.3030645723109 295939
stats: page 2525 19737.707542736676 9710.790161218449 83720.23803710938 14.083984375 11111.2277838568 27265
stats: connect 27460 494.9012403606219 859.6630370912688 31305.47216796875 0.326171875 333.5848266133999 299981
stats: 200 28280 324216
stats: size_rcv 12273520 140709744
stats: newphase 6 68
stats: size_sent 3587876 42801585
stats: connected -825 3217
stats: error_connect_etimedout 0 1
# stats: dump at 1338894373
stats: users 6029 6357
stats: {load,"os_mon@test2"} 1 1.53125 0.0 1.62109375 0.78125 1.1237980769230769 13
stats: {recvpackets,"os_mon@test3"} 1 12383.0 0.0 15535 4358 12393.416666666666 12
stats: {sentpackets,"os_mon@test3"} 1 9835.0 0.0 11744 2984 8926.333333333334 12
stats: {freemem,"os_mon@test2"} 1 996.78125 0.0 1533.83203125 996.78125 1338.5579927884614 13
stats: {load,"os_mon@test4"} 1 1.9296875 0.0 2.3515625 1.26953125 1.6721754807692308 13
stats: {cpu,"os_mon@test3"} 1 60.55612770339855 0.0 72.82999486389316 1.7587939698492463 49.664335448476194 13
stats: {freemem,"os_mon@test4"} 1 1037.66796875 0.0 1462.45703125 1037.66796875 1347.6385216346155 13
stats: {freemem,"os_mon@myserver"} 1 2760.609375 0.0 2867.30078125 2760.609375 2826.1068892045455 11
stats: {recvpackets,"os_mon@test2"} 1 13056.0 0.0 15518 4387 12405.583333333334 12
stats: {sentpackets,"os_mon@test2"} 1 10337.0 0.0 11721 3004 8934.416666666668 12
stats: {load,"os_mon@test3"} 1 1.53125 0.0 1.62890625 1.08984375 1.3500600961538463 13
stats: {cpu,"os_mon@test2"} 1 68.0 0.0 68.0 7.828282828282829 52.725229217296814 13
stats: {recvpackets,"os_mon@test4"} 1 12324.0 0.0 15603 4345 12380.583333333334 12
stats: {sentpackets,"os_mon@test4"} 1 9796.0 0.0 11738 2970 8916.5 12
stats: {freemem,"os_mon@test3"} 1 948.13671875 0.0 1516.4375 948.13671875 1315.7563100961538 13
stats: {cpu,"os_mon@test4"} 1 62.202688728024825 0.0 71.49437052200615 1.951951951951952 44.26156682007958 13
stats: {load,"os_mon@myserver"} 1 3.37890625 0.0 3.890625 1.48046875 2.739346590909091 11
stats: {recvpackets,"os_mon@myserver"} 1 18979.0 0.0 18979 4428 13877.9 10
stats: {sentpackets,"os_mon@myserver"} 1 14512.0 0.0 14512 3037 9983.2 10
stats: {cpu,"os_mon@myserver"} 1 57.03245749613601 0.0 58.92078071182549 3.757881462799496 47.472195632808486 11
stats: session 2755 19625.934142202375 8726.93148005063 87364.84301757813 16.200927734375 11855.02942741332 29840
stats: users_count 3282 38624
stats: finish_users_count 2755 32595
stats: request 27970 1987.3970991781787 3181.8100630992076 64423.004150390625 0.85302734375 1240.2156636493748 324224
stats: page 2755 19526.136526273203 8520.795904044518 83720.23803710938 14.083984375 11842.408092388914 29790
stats: connect 27925 473.93828228164085 706.5606556730735 31305.47216796875 0.326171875 347.1132140831997 327441
stats: 200 27964 352180
stats: size_rcv 12136376 152846120
stats: newphase 6 74
stats: size_sent 3649589 46451174
stats: connected -45 3172
stats: error_connect_etimedout 0 1
# stats: dump at 1338894383
stats: users 6948 7109
stats: {load,"os_mon@test2"} 1 1.6015625 0.0 1.62109375 0.78125 1.1529017857142858 14
stats: {recvpackets,"os_mon@test3"} 1 1.74e4 0.0 17400 4358 12392.615384615385 13
stats: {sentpackets,"os_mon@test3"} 1 13109.0 0.0 13109 2984 8996.23076923077 13
stats: {freemem,"os_mon@test2"} 1 949.55859375 0.0 1533.83203125 949.55859375 1314.1453683035713 14
stats: {load,"os_mon@test4"} 1 2.01171875 0.0 2.3515625 1.26953125 1.6905691964285714 14
stats: {cpu,"os_mon@test3"} 1 66.5450755601876 0.0 72.82999486389316 1.7587939698492463 50.44232060954208 14
stats: {freemem,"os_mon@test4"} 1 963.0859375 0.0 1462.45703125 963.0859375 1325.497767857143 14
stats: {freemem,"os_mon@myserver"} 1 2753.34375 0.0 2867.30078125 2753.34375 2820.6487630208335 12
stats: {recvpackets,"os_mon@test2"} 1 17632.0 0.0 17632 4387 12455.615384615385 13
stats: {sentpackets,"os_mon@test2"} 1 13241.0 0.0 13241 3004 9042.307692307693 13
stats: {load,"os_mon@test3"} 1 1.53125 0.0 1.62890625 1.08984375 1.3630022321428572 14
stats: {cpu,"os_mon@test2"} 1 62.782340862423005 0.0 68.0 7.828282828282829 53.81628427320418 14
stats: {recvpackets,"os_mon@test4"} 1 17306.0 0.0 17306 4345 12376.23076923077 13
stats: {sentpackets,"os_mon@test4"} 1 13045.0 0.0 13045 2970 8984.153846153846 13
stats: {freemem,"os_mon@test3"} 1 889.50390625 0.0 1516.4375 889.50390625 1289.497767857143 14
stats: {cpu,"os_mon@test4"} 1 72.63321262286601 0.0 72.63321262286601 1.951951951951952 45.54307552778995 14
stats: {load,"os_mon@myserver"} 1 3.23828125 0.0 3.890625 1.48046875 2.7926432291666665 12
stats: {recvpackets,"os_mon@myserver"} 1 22355.0 0.0 22355 4428 14341.636363636364 11
stats: {sentpackets,"os_mon@myserver"} 1 16892.0 0.0 16892 3037 10394.90909090909 11
stats: {cpu,"os_mon@myserver"} 1 57.998324958123945 0.0 58.92078071182549 3.757881462799496 48.26888412141911 12
stats: session 2434 21135.388814307065 10160.268527365604 99834.43090820313 16.200927734375 12511.843125503327 32595
stats: users_count 3353 41977
stats: finish_users_count 2434 35029
stats: 200 27375 379555
stats: request 27387 2105.4641743801794 3486.862927648756 64439.306884765625 0.85302734375 1299.5541667236482 352194
stats: page 2441 21095.75591128364 10145.75488459883 99832.34692382813 14.083984375 12492.851227597124 32545
stats: connect 29105 511.4206178246734 887.069715713046 31318.958984375 0.326171875 357.0792491834667 355366
stats: size_rcv 11880750 164726870
stats: newphase 6 80
stats: size_sent 3804457 50255631
stats: connected 1718 4890
stats: error_connect_etimedout 0 1
# stats: dump at 1338894393
stats: users 8251 8253
stats: {load,"os_mon@test2"} 1 1.98828125 0.0 1.98828125 0.78125 1.1828125 15
stats: {recvpackets,"os_mon@test3"} 1 15604.0 0.0 17400 4358 12750.285714285714 14
stats: {sentpackets,"os_mon@test3"} 1 12098.0 0.0 13109 2984 9290.0 14
stats: {freemem,"os_mon@test2"} 1 887.54296875 0.0 1533.83203125 887.54296875 1289.8395833333334 15
stats: {load,"os_mon@test4"} 1 1.78125 0.0 2.3515625 1.26953125 1.7119791666666666 15
stats: {cpu,"os_mon@test3"} 1 70.12448132780082 0.0 72.82999486389316 1.7587939698492463 51.51583760625178 15
stats: {freemem,"os_mon@test4"} 1 895.34375 0.0 1462.45703125 895.34375 1301.3369791666667 15
stats: {freemem,"os_mon@myserver"} 1 2739.5703125 0.0 2867.30078125 2739.5703125 2815.471454326923 13
stats: {recvpackets,"os_mon@test2"} 1 14689.0 0.0 17632 4387 12825.357142857143 14
stats: {sentpackets,"os_mon@test2"} 1 11493.0 0.0 13241 3004 9342.214285714286 14
stats: {load,"os_mon@test3"} 1 1.58984375 0.0 1.62890625 1.08984375 1.37421875 15
stats: {cpu,"os_mon@test2"} 1 64.33021806853583 0.0 68.0 7.828282828282829 54.4140213791521 15
stats: {recvpackets,"os_mon@test4"} 1 15836.0 0.0 17306 4345 12728.357142857143 14
stats: {sentpackets,"os_mon@test4"} 1 12250.0 0.0 13045 2970 9274.214285714286 14
stats: {freemem,"os_mon@test3"} 1 792.8515625 0.0 1516.4375 792.8515625 1262.8315104166666 15
stats: {cpu,"os_mon@test4"} 1 64.67251160391955 0.0 72.63321262286601 1.951951951951952 47.349084667461696 15
stats: {load,"os_mon@myserver"} 1 4.37890625 0.0 4.37890625 1.48046875 2.826923076923077 13
stats: {recvpackets,"os_mon@myserver"} 1 18490.0 0.0 22355 4428 15009.416666666666 12
stats: {sentpackets,"os_mon@myserver"} 1 14485.0 0.0 16892 3037 10936.333333333334 12
stats: {cpu,"os_mon@myserver"} 1 58.224195338512764 0.0 58.92078071182549 3.757881462799496 49.01730264731948 13
stats: session 2401 21375.866175043444 10234.140669106358 99834.43090820313 16.200927734375 13111.052643518351 35029
stats: users_count 3704 45681
stats: finish_users_count 2401 37430
stats: request 27362 2303.3097567505692 3531.005620048903 64439.306884765625 0.85302734375 1357.7010639068303 379581
stats: page 2397 21438.536487463152 10331.102630151481 99832.34692382813 14.083984375 13093.082472463037 34986
stats: connect 28006 560.2369323569245 914.6828650959031 31318.958984375 0.326171875 368.7631096938883 384471
stats: 200 27361 406916
stats: size_rcv 11874674 176601544
stats: newphase 4 84
stats: size_sent 3661422 53917053
stats: connected 644 5534
stats: error_connect_etimedout 0 1
# stats: dump at 1338894403
stats: users 6955 8288
stats: {load,"os_mon@test2"} 1 1.921875 0.0 1.98828125 0.78125 1.233154296875 16
stats: {recvpackets,"os_mon@test3"} 1 16134.0 0.0 17400 4358 12940.533333333333 15
stats: {sentpackets,"os_mon@test3"} 1 12672.0 0.0 13109 2984 9477.2 15
stats: {freemem,"os_mon@test2"} 1 835.90625 0.0 1533.83203125 835.90625 1264.696044921875 16
stats: {load,"os_mon@test4"} 1 1.66015625 0.0 2.3515625 1.26953125 1.71630859375 16
stats: {cpu,"os_mon@test3"} 1 67.43946419371458 0.0 72.82999486389316 1.7587939698492463 52.67887783884859 16
stats: {freemem,"os_mon@test4"} 1 806.359375 0.0 1462.45703125 806.359375 1275.96240234375 16
stats: {freemem,"os_mon@myserver"} 1 2731.875 0.0 2867.30078125 2731.875 2810.0499441964284 14
stats: {recvpackets,"os_mon@test2"} 1 16390.0 0.0 17632 4387 12949.6 15
stats: {sentpackets,"os_mon@test2"} 1 12986.0 0.0 13241 3004 9485.6 15
stats: {load,"os_mon@test3"} 1 1.421875 0.0 1.62890625 1.08984375 1.3876953125 16
stats: {cpu,"os_mon@test2"} 1 59.90688049663735 0.0 68.0 7.828282828282829 55.033783672238584 16
stats: {recvpackets,"os_mon@test4"} 1 16154.0 0.0 17306 4345 12935.533333333333 15
stats: {sentpackets,"os_mon@test4"} 1 12699.0 0.0 13045 2970 9472.6 15
stats: {freemem,"os_mon@test3"} 1 714.19140625 0.0 1516.4375 714.19140625 1233.457763671875 16
stats: {cpu,"os_mon@test4"} 1 71.3841368584759 0.0 72.63321262286601 1.951951951951952 48.43179885099031 16
stats: {load,"os_mon@myserver"} 1 4.30078125 0.0 4.37890625 1.48046875 2.937779017857143 14
stats: {recvpackets,"os_mon@myserver"} 1 17052.0 0.0 22355 4428 15277.153846153846 13
stats: {sentpackets,"os_mon@myserver"} 1 13850.0 0.0 16892 3037 11209.307692307691 13
stats: {cpu,"os_mon@myserver"} 1 57.62244194067602 0.0 58.92078071182549 3.757881462799496 49.674937839547574 14
stats: session 2871 23268.90169755547 10847.92747262783 99834.43090820313 16.200927734375 13641.210732997159 37430
stats: users_count 1575 47256
stats: finish_users_count 2871 40301
stats: request 28141 2682.8390307663117 4315.706333875379 66829.1298828125 0.85302734375 1421.2818235060624 406943
stats: page 2862 23160.079531154388 10700.585906642957 99832.34692382813 14.083984375 13628.193439318433 37383
stats: connect 27574 574.2589524899174 1162.8699772721234 31321.739990234375 0.326171875 381.76363063808884 412477
stats: 200 28135 435051
stats: size_rcv 12210590 188812134
stats: newphase 5 89
stats: size_sent 3603269 57520322
stats: connected -567 4967
stats: error_connect_etimedout 1 2
# stats: dump at 1338894413
stats: users 7535 8288
stats: {load,"os_mon@test2"} 1 1.9296875 0.0 1.98828125 0.78125 1.2736672794117647 17
stats: {recvpackets,"os_mon@test3"} 1 15920.0 0.0 17400 4358 13140.125 16
stats: {sentpackets,"os_mon@test3"} 1 12795.0 0.0 13109 2984 9676.875 16
stats: {freemem,"os_mon@test2"} 1 811.72265625 0.0 1533.83203125 811.72265625 1239.4731158088234 17
stats: {load,"os_mon@test4"} 1 1.71875 0.0 2.3515625 1.26953125 1.7130055147058822 17
stats: {cpu,"os_mon@test3"} 1 62.312854930304596 0.0 72.82999486389316 1.7587939698492463 53.547147624428945 17
stats: {freemem,"os_mon@test4"} 1 716.13671875 0.0 1462.45703125 716.13671875 1248.3386948529412 17
stats: {freemem,"os_mon@myserver"} 1 2727.234375 0.0 2867.30078125 2727.234375 2804.83828125 15
stats: {recvpackets,"os_mon@test2"} 1 16846.0 0.0 17632 4387 13164.625 16
stats: {sentpackets,"os_mon@test2"} 1 13276.0 0.0 13276 3004 9704.375 16
stats: {load,"os_mon@test3"} 1 1.28125 0.0 1.62890625 1.08984375 1.3897058823529411 17
stats: {cpu,"os_mon@test2"} 1 56.480999479437784 0.0 68.0 7.828282828282829 55.32043642661498 17
stats: {recvpackets,"os_mon@test4"} 1 15550.0 0.0 17306 4345 13136.6875 16
stats: {sentpackets,"os_mon@test4"} 1 12537.0 0.0 13045 2970 9674.25 16
stats: {freemem,"os_mon@test3"} 1 668.94921875 0.0 1516.4375 668.94921875 1202.9126838235295 17
stats: {cpu,"os_mon@test4"} 1 78.52729145211123 0.0 78.52729145211123 1.951951951951952 49.78193638084241 17
stats: {load,"os_mon@myserver"} 1 4.01953125 0.0 4.37890625 1.48046875 3.0286458333333335 15
stats: {recvpackets,"os_mon@myserver"} 1 21076.0 0.0 22355 4428 15403.92857142857 14
stats: {sentpackets,"os_mon@myserver"} 1 16471.0 0.0 16892 3037 11397.92857142857 14
stats: {cpu,"os_mon@myserver"} 1 58.55066267635741 0.0 58.92078071182549 3.757881462799496 50.20477144628947 15
stats: session 2760 25096.502080325805 11112.104516300997 99834.43090820313 16.200927734375 14327.07710751012 40301
stats: users_count 3340 50596
stats: finish_users_count 2760 43061
stats: request 27717 2451.0282290493387 4404.6306859650895 69754.42578125 0.85302734375 1502.8786677235255 435084
stats: page 2772 25081.928519112702 11155.118060450475 99832.34692382813 14.083984375 14306.04802982246 40245
stats: connect 27548 594.5916295622756 1204.7354432896493 31321.739990234375 0.326171875 393.8255643792741 440051
stats: 200 27694 462745
stats: size_rcv 12019196 200831330
stats: newphase 4 93
stats: size_sent 3603828 61124150
stats: connected -169 4798
stats: error_connect_etimedout 0 2
# stats: dump at 1338894423
stats: users 7851 8463
stats: {load,"os_mon@test2"} 1 1.7890625 0.0 1.98828125 0.78125 1.3101128472222223 18
stats: {recvpackets,"os_mon@test3"} 1 16033.0 0.0 17400 4358 13303.64705882353 17
stats: {sentpackets,"os_mon@test3"} 1 12682.0 0.0 13109 2984 9860.29411764706 17
stats: {freemem,"os_mon@test2"} 1 814.03125 0.0 1533.83203125 811.72265625 1215.709201388889 18
stats: {load,"os_mon@test4"} 1 1.6796875 0.0 2.3515625 1.26953125 1.7133246527777777 18
stats: {cpu,"os_mon@test3"} 1 73.3640081799591 0.0 73.3640081799591 1.7587939698492463 54.03413136364426 18
stats: {freemem,"os_mon@test4"} 1 641.47265625 0.0 1462.45703125 641.47265625 1218.7719184027778 18
stats: {freemem,"os_mon@myserver"} 0 0 0 2867.30078125 2727.234375 2799.988037109375 16
stats: {recvpackets,"os_mon@test2"} 1 15164.0 0.0 17632 4387 13381.176470588236 17
stats: {sentpackets,"os_mon@test2"} 1 12213.0 0.0 13276 3004 9914.470588235294 17
stats: {load,"os_mon@test3"} 1 1.62109375 0.0 1.62890625 1.08984375 1.3836805555555556 18
stats: {cpu,"os_mon@test2"} 1 50.5175983436853 0.0 68.0 7.828282828282829 55.3849121517718 18
stats: {recvpackets,"os_mon@test4"} 1 16375.0 0.0 17306 4345 13278.64705882353 17
stats: {sentpackets,"os_mon@test4"} 1 12898.0 0.0 13045 2970 9842.64705882353 17
stats: {freemem,"os_mon@test3"} 1 560.6796875 0.0 1516.4375 560.6796875 1173.248046875 18
stats: {cpu,"os_mon@test4"} 1 68.58021527421835 0.0 78.52729145211123 1.951951951951952 51.378900551468455 18
stats: {load,"os_mon@myserver"} 0 0 0 4.37890625 1.48046875 3.090576171875 16
stats: {recvpackets,"os_mon@myserver"} 0 0 0 22355 4428 15782.066666666668 15
stats: {sentpackets,"os_mon@myserver"} 0 0 0 16892 3037 11736.133333333333 15
stats: {cpu,"os_mon@myserver"} 0 0 0 58.92078071182549 3.757881462799496 50.72638964816872 16
stats: session 2543 26338.87395767409 13710.66426984693 104040.68798828125 16.200927734375 15017.344702897391 43061
stats: users_count 2859 53455
stats: finish_users_count 2543 45604
stats: 200 27804 490549
stats: request 27818 2747.7819352226493 4884.131498936854 76911.23291015625 0.85302734375 1559.6630337712818 462801
stats: connect 27236 568.4458227069357 1219.4184638792176 32338.966064453125 0.326171875 405.65344160668764 467599
stats: page 2531 26377.257334829337 13693.545701437131 104036.92504882813 14.083984375 15000.441890768425 43017
stats: size_rcv 12066936 212898266
stats: newphase 5 98
stats: size_sent 3561035 64685185
stats: connected -583 4215
stats: error_connect_etimedout 0 2
# stats: dump at 1338894433
stats: users 9044 9044
stats: {load,"os_mon@test2"} 1 1.66015625 0.0 1.98828125 0.78125 1.3353207236842106 19
stats: {recvpackets,"os_mon@test3"} 1 15405.0 0.0 17400 4358 13455.277777777777 18
stats: {sentpackets,"os_mon@test3"} 1 12612.0 0.0 13109 2984 10017.055555555555 18
stats: {freemem,"os_mon@test2"} 1 754.0390625 0.0 1533.83203125 754.0390625 1194.5682565789473 19
stats: {load,"os_mon@test4"} 1 1.71875 0.0 2.3515625 1.26953125 1.7115542763157894 19
stats: {cpu,"os_mon@test3"} 1 68.47826086956522 0.0 73.3640081799591 1.7587939698492463 55.05149330134504 19
stats: {freemem,"os_mon@test4"} 1 590.828125 0.0 1462.45703125 590.828125 1188.3877467105262 19
stats: {freemem,"os_mon@myserver"} 1 2713.62890625 0.0 2867.30078125 2713.62890625 2799.988037109375 16
stats: {recvpackets,"os_mon@test2"} 1 15491.0 0.0 17632 4387 13480.222222222223 18
stats: {sentpackets,"os_mon@test2"} 1 12733.0 0.0 13276 3004 10042.166666666666 18
stats: {load,"os_mon@test3"} 1 1.609375 0.0 1.62890625 1.08984375 1.3961759868421053 19
stats: {cpu,"os_mon@test2"} 1 59.59390862944163 0.0 68.0 7.828282828282829 55.12873774081987 19
stats: {recvpackets,"os_mon@test4"} 1 15408.0 0.0 17306 4345 13450.666666666666 18
stats: {sentpackets,"os_mon@test4"} 1 12618.0 0.0 13045 2970 10012.388888888889 18
stats: {freemem,"os_mon@test3"} 1 552.37890625 0.0 1516.4375 552.37890625 1141.0076069078948 19
stats: {cpu,"os_mon@test4"} 1 65.4601861427094 0.0 78.52729145211123 1.951951951951952 52.284232905297394 19
stats: {load,"os_mon@myserver"} 1 4.0 0.0 4.37890625 1.48046875 3.090576171875 16
stats: {recvpackets,"os_mon@myserver"} 1 22232.0 0.0 22355 4428 15782.066666666668 15
stats: {sentpackets,"os_mon@myserver"} 1 18190.0 0.0 18190 3037 11736.133333333333 15
stats: {cpu,"os_mon@myserver"} 1 58.21401657874906 0.0 58.92078071182549 3.757881462799496 50.72638964816872 16
stats: session 2762 26131.734092762123 12854.303153418883 104040.68798828125 16.200927734375 15648.663203355623 45604
stats: users_count 3955 57410
stats: finish_users_count 2762 48366
stats: request 27598 2641.418186758612 4810.651201367765 76911.23291015625 0.85302734375 1627.0291398547683 490619
stats: page 2770 26050.49530368628 12809.044427585064 104036.92504882813 14.083984375 15632.625957882636 45548
stats: connect 29616 534.7240142080318 1087.9738273006192 32338.966064453125 0.326171875 414.6136269041026 494835
stats: 200 27582 518131
stats: size_rcv 11970588 224868854
stats: newphase 5 103
stats: size_sent 3871400 68556585
stats: connected 2017 6232
stats: error_connect_etimedout 0 2
stats: error_abort 1 1
EndMonitor:{1338,894433,323594}
