# stats: dump at 1338898596
stats: users 0 0
# stats: dump at 1338898606
stats: users 1 13
stats: {load,"os_mon@test2"} 1 1.921875 0 1.921875 1.921875 0 0
stats: {freemem,"os_mon@test2"} 1 1529.80859375 0 1529.80859375 1529.80859375 0 0
stats: {load,"os_mon@test4"} 1 2.171875 0 2.171875 2.171875 0 0
stats: {cpu,"os_mon@test3"} 1 2.414486921529175 0 2.414486921529175 2.414486921529175 0 0
stats: {freemem,"os_mon@test4"} 1 1456.890625 0 1456.890625 1456.890625 0 0
stats: {freemem,"os_mon@myserver"} 1 2527.68359375 0 2527.68359375 2527.68359375 0 0
stats: {load,"os_mon@test3"} 1 1.46875 0 1.46875 1.46875 0 0
stats: {cpu,"os_mon@test2"} 1 1.900950475237619 0 1.900950475237619 1.900950475237619 0 0
stats: {freemem,"os_mon@test3"} 1 1510.6640625 0 1510.6640625 1510.6640625 0 0
stats: {cpu,"os_mon@test4"} 1 1.99700449326011 0 1.99700449326011 1.99700449326011 0 0
stats: {load,"os_mon@myserver"} 1 3.19921875 0 3.19921875 3.19921875 0 0
stats: {cpu,"os_mon@myserver"} 1 1.6076362722933935 0 1.6076362722933935 1.6076362722933935 0 0
stats: session 531 32.64005028101457 10.990487979636374 72.351806640625 20.375 0 0
stats: users_count 532 532
stats: finish_users_count 531 531
stats: 200 5236 5236
stats: request 5236 2.9298762007466395 1.2764926470435483 8.86181640625 1.3251953125 0 0
stats: page 522 30.558343996946842 10.976508891192195 68.5771484375 18.64697265625 0 0
stats: connect 5238 0.9148885603850467 0.23285312126943686 5.522216796875 0.43505859375 0 0
stats: size_rcv 890120 890120
stats: size_sent 694626 694626
stats: connected 2 2
# stats: dump at 1338898616
stats: users 257 257
stats: {load,"os_mon@test2"} 1 1.62109375 0.0 1.921875 1.62109375 1.921875 1
stats: {recvpackets,"os_mon@test3"} 1 3382 0 3382 3382 0 0
stats: {sentpackets,"os_mon@test3"} 1 2368 0 2368 2368 0 0
stats: {freemem,"os_mon@test2"} 1 1528.59765625 0.0 1529.80859375 1528.59765625 1529.80859375 1
stats: {load,"os_mon@test4"} 1 1.98828125 0.0 2.171875 1.98828125 2.171875 1
stats: {cpu,"os_mon@test3"} 1 20.696617869762747 0.0 20.696617869762747 2.414486921529175 2.414486921529175 1
stats: {freemem,"os_mon@test4"} 1 1455.80078125 0.0 1456.890625 1455.80078125 1456.890625 1
stats: {freemem,"os_mon@myserver"} 1 2527.09375 0.0 2527.68359375 2527.09375 2527.68359375 1
stats: {recvpackets,"os_mon@test2"} 1 3366 0 3366 3366 0 0
stats: {sentpackets,"os_mon@test2"} 1 2355 0 2355 2355 0 0
stats: {load,"os_mon@test3"} 1 1.390625 0.0 1.46875 1.390625 1.46875 1
stats: {cpu,"os_mon@test2"} 1 11.328320802005013 0.0 11.328320802005013 1.900950475237619 1.900950475237619 1
stats: {recvpackets,"os_mon@test4"} 1 3360 0 3360 3360 0 0
stats: {sentpackets,"os_mon@test4"} 1 2348 0 2348 2348 0 0
stats: {freemem,"os_mon@test3"} 1 1510.1875 0.0 1510.6640625 1510.1875 1510.6640625 1
stats: {cpu,"os_mon@test4"} 1 11.575239053850025 0.0 11.575239053850025 1.99700449326011 1.99700449326011 1
stats: {load,"os_mon@myserver"} 1 2.7890625 0.0 3.19921875 2.7890625 3.19921875 1
stats: {recvpackets,"os_mon@myserver"} 1 3447 0 3447 3447 0 0
stats: {sentpackets,"os_mon@myserver"} 1 2416 0 2416 2416 0 0
stats: {cpu,"os_mon@myserver"} 1 14.794656110836218 0.0 14.794656110836218 1.6076362722933935 1.6076362722933935 1
stats: session 1154 278.2391590138241 363.13477858305237 1916.611083984375 20.375 32.64005028101457 531
stats: users_count 1410 1942
stats: finish_users_count 1154 1685
stats: request 12540 34.92446873130977 67.16386521625941 1109.181884765625 1.261962890625 2.9298762007466395 5236
stats: page 1160 272.53261424097514 360.92046262417074 1915.05712890625 18.64697265625 30.558343996946842 522
stats: connect 12674 3.5806810602660972 51.62894504135577 1004.326904296875 0.364990234375 0.9148885603850467 5238
stats: 200 12540 17776
stats: size_rcv 2131800 3021920
stats: newphase 6 6
stats: size_sent 1682390 2377016
stats: connected 134 136
# stats: dump at 1338898626
stats: users 1758 1758
stats: {load,"os_mon@test2"} 1 1.44921875 0.0 1.921875 1.44921875 1.771484375 2
stats: {recvpackets,"os_mon@test3"} 1 6570.0 0.0 6570 3382 3382.0 1
stats: {sentpackets,"os_mon@test3"} 1 4596.0 0.0 4596 2368 2368.0 1
stats: {freemem,"os_mon@test2"} 1 1524.03515625 0.0 1529.80859375 1524.03515625 1529.203125 2
stats: {load,"os_mon@test4"} 1 1.91015625 0.0 2.171875 1.91015625 2.080078125 2
stats: {cpu,"os_mon@test3"} 1 32.689374682257245 0.0 32.689374682257245 2.414486921529175 11.555552395645961 2
stats: {freemem,"os_mon@test4"} 1 1451.359375 0.0 1456.890625 1451.359375 1456.345703125 2
stats: {freemem,"os_mon@myserver"} 1 2517.79296875 0.0 2527.68359375 2517.79296875 2527.388671875 2
stats: {recvpackets,"os_mon@test2"} 1 6554.0 0.0 6554 3366 3366.0 1
stats: {sentpackets,"os_mon@test2"} 1 4587.0 0.0 4587 2355 2355.0 1
stats: {load,"os_mon@test3"} 1 1.25 0.0 1.46875 1.25 1.4296875 2
stats: {cpu,"os_mon@test2"} 1 28.89676113360324 0.0 28.89676113360324 1.900950475237619 6.614635638621316 2
stats: {recvpackets,"os_mon@test4"} 1 6564.0 0.0 6564 3360 3360.0 1
stats: {sentpackets,"os_mon@test4"} 1 4594.0 0.0 4594 2348 2348.0 1
stats: {freemem,"os_mon@test3"} 1 1505.74609375 0.0 1510.6640625 1505.74609375 1510.42578125 2
stats: {cpu,"os_mon@test4"} 1 24.022633744855966 0.0 24.022633744855966 1.99700449326011 6.786121773555068 2
stats: {load,"os_mon@myserver"} 1 2.51953125 0.0 3.19921875 2.51953125 2.994140625 2
stats: {recvpackets,"os_mon@myserver"} 1 6649.0 0.0 6649 3447 3447.0 1
stats: {sentpackets,"os_mon@myserver"} 1 4654.0 0.0 4654 2416 2416.0 1
stats: {cpu,"os_mon@myserver"} 1 24.594257178526842 0.0 24.594257178526842 1.6076362722933935 8.201146191564806 2
stats: session 943 2973.57353966107 2040.8088136226174 10073.666015625 20.375 200.84264462977552 1685
stats: users_count 2444 4386
stats: finish_users_count 943 2628
stats: request 14719 421.2966672507414 668.8431823616562 7151.422119140625 1.261962890625 25.50031895126766 17776
stats: page 945 2964.485208953371 2041.3668828412872 10071.572021484375 18.64697265625 197.4371510617939 1682
stats: connect 14767 320.7925966451011 660.0529548671927 7022.89599609375 0.364990234375 2.801124276301328 17912
stats: 200 14719 32495
stats: size_rcv 2502230 5524150
stats: newphase 6 12
stats: size_sent 1962509 4339525
stats: connected 48 184
# stats: dump at 1338898636
stats: users 4281 4281
stats: {load,"os_mon@test2"} 1 1.30859375 0.0 1.921875 1.30859375 1.6640625 3
stats: {recvpackets,"os_mon@test3"} 1 9364.0 0.0 9364 3382 4976.0 2
stats: {sentpackets,"os_mon@test3"} 1 6494.0 0.0 6494 2368 3482.0 2
stats: {freemem,"os_mon@test2"} 1 1503.91015625 0.0 1529.80859375 1503.91015625 1527.48046875 3
stats: {load,"os_mon@test4"} 1 1.69921875 0.0 2.171875 1.69921875 2.0234375 3
stats: {cpu,"os_mon@test3"} 1 35.91476091476091 0.0 35.91476091476091 2.414486921529175 18.60015982451639 3
stats: {freemem,"os_mon@test4"} 1 1432.19140625 0.0 1456.890625 1432.19140625 1454.68359375 3
stats: {freemem,"os_mon@myserver"} 1 2517.5078125 0.0 2527.68359375 2517.5078125 2524.1901041666665 3
stats: {recvpackets,"os_mon@test2"} 1 9372.0 0.0 9372 3366 4960.0 2
stats: {sentpackets,"os_mon@test2"} 1 6496.0 0.0 6496 2355 3471.0 2
stats: {load,"os_mon@test3"} 1 1.21875 0.0 1.46875 1.21875 1.3697916666666667 3
stats: {cpu,"os_mon@test2"} 1 31.422615945805106 0.0 31.422615945805106 1.900950475237619 14.04201080361529 3
stats: {recvpackets,"os_mon@test4"} 1 9360.0 0.0 9360 3360 4962.0 2
stats: {sentpackets,"os_mon@test4"} 1 6489.0 0.0 6489 2348 3471.0 2
stats: {freemem,"os_mon@test3"} 1 1482.640625 0.0 1510.6640625 1482.640625 1508.8658854166667 3
stats: {cpu,"os_mon@test4"} 1 29.13838120104439 0.0 29.13838120104439 1.99700449326011 12.5316257639887 3
stats: {load,"os_mon@myserver"} 1 2.28125 0.0 3.19921875 2.28125 2.8359375 3
stats: {recvpackets,"os_mon@myserver"} 1 9496.0 0.0 9496 3447 5048.0 2
stats: {sentpackets,"os_mon@myserver"} 1 6578.0 0.0 6578 2416 3535.0 2
stats: {cpu,"os_mon@myserver"} 1 25.53830746119179 0.0 25.53830746119179 1.6076362722933935 13.665516520552151 3
stats: session 676 6818.984977767313 3823.2650473266895 18158.3310546875 20.375 1195.7761431132271 2628
stats: users_count 3199 7585
stats: finish_users_count 676 3304
stats: request 14722 1044.7822674737124 1840.953076720638 15806.89013671875 1.261962890625 204.78102215545152 32495
stats: page 672 6772.386185782295 3800.6433389185368 18156.2080078125 18.64697265625 1192.8160679660728 2627
stats: connect 14709 926.4142879678268 1834.798090986331 15037.453857421875 0.364990234375 146.4952419809455 32679
stats: 200 14722 47217
stats: size_rcv 2502740 8026890
stats: newphase 6 18
stats: size_sent 1950495 6290020
stats: connected -13 171
# stats: dump at 1338898646
stats: users 5367 5369
stats: {load,"os_mon@test2"} 1 1.109375 0.0 1.921875 1.109375 1.5751953125 4
stats: {recvpackets,"os_mon@test3"} 1 11390.0 0.0 11390 3382 6438.666666666667 3
stats: {sentpackets,"os_mon@test3"} 1 7865.0 0.0 7865 2368 4486.0 3
stats: {freemem,"os_mon@test2"} 1 1469.84375 0.0 1529.80859375 1469.84375 1521.587890625 4
stats: {load,"os_mon@test4"} 1 1.51171875 0.0 2.171875 1.51171875 1.9423828125 4
stats: {cpu,"os_mon@test3"} 1 40.788072417465386 0.0 40.788072417465386 2.414486921529175 22.92881009707752 4
stats: {freemem,"os_mon@test4"} 1 1398.234375 0.0 1456.890625 1398.234375 1449.060546875 4
stats: {freemem,"os_mon@myserver"} 1 2516.703125 0.0 2527.68359375 2516.703125 2522.51953125 4
stats: {recvpackets,"os_mon@test2"} 1 11393.0 0.0 11393 3366 6430.666666666667 3
stats: {sentpackets,"os_mon@test2"} 1 7871.0 0.0 7871 2355 4479.333333333333 3
stats: {load,"os_mon@test3"} 1 1.1796875 0.0 1.46875 1.1796875 1.33203125 4
stats: {cpu,"os_mon@test2"} 1 34.757383966244724 0.0 34.757383966244724 1.900950475237619 18.387162089162743 4
stats: {recvpackets,"os_mon@test4"} 1 11399.0 0.0 11399 3360 6428.0 3
stats: {sentpackets,"os_mon@test4"} 1 7875.0 0.0 7875 2348 4477.0 3
stats: {freemem,"os_mon@test3"} 1 1428.75 0.0 1510.6640625 1428.75 1502.3095703125 4
stats: {cpu,"os_mon@test4"} 1 33.91843056272587 0.0 33.91843056272587 1.99700449326011 16.68331462325262 4
stats: {load,"os_mon@myserver"} 1 2.08984375 0.0 3.19921875 2.08984375 2.697265625 4
stats: {recvpackets,"os_mon@myserver"} 1 11149.0 0.0 11149 3447 6530.666666666667 3
stats: {sentpackets,"os_mon@myserver"} 1 7717.0 0.0 7717 2416 4549.333333333333 3
stats: {cpu,"os_mon@myserver"} 1 25.507391631170133 0.0 25.53830746119179 1.6076362722933935 16.63371425571206 4
stats: session 903 10940.421794971631 6235.648257198672 29265.364013671875 20.375 2346.287393787005 3304
stats: users_count 1989 9574
stats: finish_users_count 903 4207
stats: request 14384 2016.6730494175688 3554.321365398977 16816.508056640625 1.261962890625 466.6887743119934 47217
stats: page 897 10984.46094757047 6220.756874761951 29262.18310546875 18.64697265625 2329.3638458298196 3299
stats: connect 14442 1864.1796975415073 3545.3505786617025 15054.205078125 0.364990234375 388.57824289723317 47388
stats: 200 14384 61601
stats: size_rcv 2445280 10472170
stats: newphase 6 24
stats: size_sent 1915086 8205106
stats: connected 58 229
# stats: dump at 1338898656
stats: users 7270 7271
stats: {load,"os_mon@test2"} 1 1.01171875 0.0 1.921875 1.01171875 1.48203125 5
stats: {recvpackets,"os_mon@test3"} 1 7904.0 0.0 11390 3382 7676.5 4
stats: {sentpackets,"os_mon@test3"} 1 5923.0 0.0 7865 2368 5330.75 4
stats: {freemem,"os_mon@test2"} 1 1442.9765625 0.0 1529.80859375 1442.9765625 1511.2390625 5
stats: {load,"os_mon@test4"} 1 1.6796875 0.0 2.171875 1.51171875 1.85625 5
stats: {cpu,"os_mon@test3"} 1 37.02330508474576 0.0 40.788072417465386 2.414486921529175 26.500662561155092 5
stats: {freemem,"os_mon@test4"} 1 1356.67578125 0.0 1456.890625 1356.67578125 1438.8953125 5
stats: {freemem,"os_mon@myserver"} 1 2514.46484375 0.0 2527.68359375 2514.46484375 2521.35625 5
stats: {recvpackets,"os_mon@test2"} 1 7893.0 0.0 11393 3366 7671.25 4
stats: {sentpackets,"os_mon@test2"} 1 5915.0 0.0 7871 2355 5327.25 4
stats: {load,"os_mon@test3"} 1 1.16015625 0.0 1.46875 1.16015625 1.3015625 5
stats: {cpu,"os_mon@test2"} 1 34.137388568432094 0.0 34.757383966244724 1.900950475237619 21.66120646457914 5
stats: {recvpackets,"os_mon@test4"} 1 7882.0 0.0 11399 3360 7670.75 4
stats: {sentpackets,"os_mon@test4"} 1 5904.0 0.0 7875 2348 5326.5 4
stats: {freemem,"os_mon@test3"} 1 1394.140625 0.0 1510.6640625 1394.140625 1487.59765625 5
stats: {cpu,"os_mon@test4"} 1 30.73273589878756 0.0 33.91843056272587 1.99700449326011 20.130337811147268 5
stats: {load,"os_mon@myserver"} 1 2.0 0.0 3.19921875 2.0 2.57578125 5
stats: {recvpackets,"os_mon@myserver"} 1 7943.0 0.0 11149 3447 7685.25 4
stats: {sentpackets,"os_mon@myserver"} 1 5937.0 0.0 7717 2416 5341.25 4
stats: {cpu,"os_mon@myserver"} 1 25.569176882662 0.0 25.569176882662 1.6076362722933935 18.408449730803675 5
stats: session 893 17634.52158361696 8531.751865350614 39146.671142578125 20.375 4190.951849282541 4207
stats: users_count 2796 12370
stats: finish_users_count 893 5100
stats: request 14563 2478.7781801952638 4684.276127317387 31228.75 1.261962890625 828.6142919678529 61601
stats: page 884 17360.056812407187 8498.761659774347 39145.31005859375 18.64697265625 4179.607435024615 4196
stats: connect 14659 2363.3743230880987 4861.454775198575 31088.35498046875 0.35107421875 733.2432308961432 61830
stats: 200 14563 76164
stats: size_rcv 2475710 12947880
stats: newphase 6 30
stats: size_sent 1946697 10151803
stats: connected 96 325
# stats: dump at 1338898666
stats: users 8299 8299
stats: {load,"os_mon@test2"} 1 0.9296875 0.0 1.921875 0.9296875 1.4036458333333333 6
stats: {recvpackets,"os_mon@test3"} 1 1.1e4 0.0 11390 3382 7722.0 5
stats: {sentpackets,"os_mon@test3"} 1 7933.0 0.0 7933 2368 5449.2 5
stats: {freemem,"os_mon@test2"} 1 1397.49609375 0.0 1529.80859375 1397.49609375 1499.8619791666667 6
stats: {load,"os_mon@test4"} 1 1.5 0.0 2.171875 1.5 1.8268229166666667 6
stats: {cpu,"os_mon@test3"} 1 38.197424892703864 0.0 40.788072417465386 2.414486921529175 28.254436315086867 6
stats: {freemem,"os_mon@test4"} 1 1331.13671875 0.0 1456.890625 1331.13671875 1425.1920572916667 6
stats: {freemem,"os_mon@myserver"} 1 2512.80859375 0.0 2527.68359375 2512.80859375 2520.2076822916665 6
stats: {recvpackets,"os_mon@test2"} 1 10989.0 0.0 11393 3366 7715.6 5
stats: {sentpackets,"os_mon@test2"} 1 7920.0 0.0 7920 2355 5444.8 5
stats: {load,"os_mon@test3"} 1 1.21875 0.0 1.46875 1.16015625 1.2779947916666667 6
stats: {cpu,"os_mon@test2"} 1 43.471421080230726 0.0 43.471421080230726 1.900950475237619 23.740570148554635 6
stats: {recvpackets,"os_mon@test4"} 1 10978.0 0.0 11399 3360 7713.0 5
stats: {sentpackets,"os_mon@test4"} 1 7914.0 0.0 7914 2348 5442.0 5
stats: {freemem,"os_mon@test3"} 1 1345.77734375 0.0 1510.6640625 1345.77734375 1472.021484375 6
stats: {cpu,"os_mon@test4"} 1 30.936012691697513 0.0 33.91843056272587 1.99700449326011 21.897404159087316 6
stats: {load,"os_mon@myserver"} 1 1.8515625 0.0 3.19921875 1.8515625 2.4798177083333335 6
stats: {recvpackets,"os_mon@myserver"} 1 11108.0 0.0 11149 3447 7736.8 5
stats: {sentpackets,"os_mon@myserver"} 1 8002.0 0.0 8002 2416 5460.4 5
stats: {cpu,"os_mon@myserver"} 1 25.33868539889614 0.0 25.569176882662 1.6076362722933935 19.601904256113396 6
stats: session 870 26055.395795449436 11206.66584082751 47954.183837890625 20.375 6544.894549823842 5100
stats: users_count 1899 14269
stats: finish_users_count 870 5970
stats: 200 14624 90788
stats: request 14624 4016.6982962276516 6969.9449915662635 34506.083984375 1.261962890625 1144.1352297370847 76164
stats: page 881 25986.043907070267 11113.761386490592 47953.011962890625 18.64697265625 6473.21319282111 5080
stats: connect 14580 3816.3552876036865 7009.6960693393585 31102.448974609375 0.35107421875 1045.6553644113137 76489
stats: size_rcv 2486080 15433960
stats: newphase 3 33
stats: size_sent 1934612 12086415
stats: connected -44 281
# stats: dump at 1338898676
stats: users 10689 10689
stats: {load,"os_mon@test2"} 1 1.01171875 0.0 1.921875 0.9296875 1.3359375 7
stats: {recvpackets,"os_mon@test3"} 1 11114.0 0.0 11390 3382 8268.333333333334 6
stats: {sentpackets,"os_mon@test3"} 1 8208.0 0.0 8208 2368 5863.166666666667 6
stats: {freemem,"os_mon@test2"} 1 1352.7109375 0.0 1529.80859375 1352.7109375 1485.23828125 7
stats: {load,"os_mon@test4"} 1 1.3515625 0.0 2.171875 1.3515625 1.7801339285714286 7
stats: {cpu,"os_mon@test3"} 1 41.25799573560768 0.0 41.25799573560768 2.414486921529175 29.674863254746437 7
stats: {freemem,"os_mon@test4"} 1 1296.05859375 0.0 1456.890625 1296.05859375 1411.755580357143 7
stats: {freemem,"os_mon@myserver"} 1 2512.53125 0.0 2527.68359375 2512.53125 2519.1506696428573 7
stats: {recvpackets,"os_mon@test2"} 1 11078.0 0.0 11393 3366 8261.166666666666 6
stats: {sentpackets,"os_mon@test2"} 1 8184.0 0.0 8184 2355 5857.333333333333 6
stats: {load,"os_mon@test3"} 1 1.33984375 0.0 1.46875 1.16015625 1.26953125 7
stats: {cpu,"os_mon@test2"} 1 41.98188598827917 0.0 43.471421080230726 1.900950475237619 26.559263138794076 7
stats: {recvpackets,"os_mon@test4"} 1 11041.0 0.0 11399 3360 8257.166666666666 6
stats: {sentpackets,"os_mon@test4"} 1 8159.0 0.0 8159 2348 5854.0 6
stats: {freemem,"os_mon@test3"} 1 1294.765625 0.0 1510.6640625 1294.765625 1453.986607142857 7
stats: {cpu,"os_mon@test4"} 1 32.00836820083682 0.0 33.91843056272587 1.99700449326011 23.188633949460204 7
stats: {load,"os_mon@myserver"} 1 1.71875 0.0 3.19921875 1.71875 2.3900669642857144 7
stats: {recvpackets,"os_mon@myserver"} 1 11399.0 0.0 11399 3447 8298.666666666666 6
stats: {sentpackets,"os_mon@myserver"} 1 8401.0 0.0 8401 2416 5884.0 6
stats: {cpu,"os_mon@myserver"} 1 25.420326223337515 0.0 25.569176882662 1.6076362722933935 20.421444419368072 7
stats: session 775 32676.993150831655 11721.779468758461 58315.066162109375 20.375 9388.133424814507 5970
stats: users_count 3165 17434
stats: finish_users_count 775 6745
stats: request 14584 4503.202527488253 6393.613538757257 34506.083984375 1.261962890625 1606.8435423374071 90788
stats: page 757 32551.94435270806 11751.14488319903 58313.30908203125 18.64697265625 9357.092384106718 5961
stats: connect 14594 4133.106199314978 6178.869389789116 31104.458984375 0.35107421875 1489.2399528019273 91069
stats: 200 14584 105372
stats: size_rcv 2479280 17913240
stats: newphase 6 39
stats: size_sent 1937310 14023725
stats: connected 10 291
# stats: dump at 1338898686
stats: users 12483 12484
stats: {load,"os_mon@test2"} 1 1.171875 0.0 1.921875 0.9296875 1.29541015625 8
stats: {recvpackets,"os_mon@test3"} 1 11893.0 0.0 11893 3382 8674.857142857143 7
stats: {sentpackets,"os_mon@test3"} 1 8871.0 0.0 8871 2368 6198.142857142857 7
stats: {freemem,"os_mon@test2"} 1 1300.4609375 0.0 1529.80859375 1300.4609375 1468.67236328125 8
stats: {load,"os_mon@test4"} 1 1.21875 0.0 2.171875 1.21875 1.7265625 8
stats: {cpu,"os_mon@test3"} 1 43.703308431163286 0.0 43.703308431163286 2.414486921529175 31.12275481485409 8
stats: {freemem,"os_mon@test4"} 1 1251.65234375 0.0 1456.890625 1251.65234375 1397.29345703125 8
stats: {freemem,"os_mon@myserver"} 1 2512.23828125 0.0 2527.68359375 2512.23828125 2518.3232421875 8
stats: {recvpackets,"os_mon@test2"} 1 11940.0 0.0 11940 3366 8663.57142857143 7
stats: {sentpackets,"os_mon@test2"} 1 8905.0 0.0 8905 2355 6189.714285714285 7
stats: {load,"os_mon@test3"} 1 1.28125 0.0 1.46875 1.16015625 1.2783203125 8
stats: {cpu,"os_mon@test2"} 1 42.145178764897075 0.0 43.471421080230726 1.900950475237619 28.487090994979713 8
stats: {recvpackets,"os_mon@test4"} 1 11951.0 0.0 11951 3360 8654.857142857143 7
stats: {sentpackets,"os_mon@test4"} 1 8918.0 0.0 8918 2348 6183.285714285715 7
stats: {freemem,"os_mon@test3"} 1 1227.796875 0.0 1510.6640625 1227.796875 1434.083984375 8
stats: {cpu,"os_mon@test4"} 1 32.592592592592595 0.0 33.91843056272587 1.99700449326011 24.29110073088228 8
stats: {load,"os_mon@myserver"} 1 1.609375 0.0 3.19921875 1.609375 2.30615234375 8
stats: {recvpackets,"os_mon@myserver"} 1 11454.0 0.0 11454 3447 8741.57142857143 7
stats: {sentpackets,"os_mon@myserver"} 1 8572.0 0.0 8572 2416 6243.571428571428 7
stats: {cpu,"os_mon@myserver"} 1 25.457278877474316 0.0 25.569176882662 1.6076362722933935 21.046304644864254 8
stats: session 780 37982.19653695913 13108.880191963264 67459.71997070313 20.375 12064.021680954356 6745
stats: users_count 2574 20008
stats: finish_users_count 780 7525
stats: request 14051 4339.016971031296 6535.986404827962 35966.97802734375 1.261962890625 2007.7137871789203 105372
stats: page 788 37716.66751888681 13090.590492125715 67457.78198242188 18.64697265625 11970.742717573707 6718
stats: connect 14224 4058.667544061342 6568.572805891266 31104.458984375 0.35107421875 1854.4064160067528 105663
stats: 200 14051 119423
stats: size_rcv 2388670 20301910
stats: newphase 5 44
stats: size_sent 1887488 15911213
stats: connected 173 464
stats: error_connect_etimedout 14 14
# stats: dump at 1338898696
stats: users 15956 15956
stats: {load,"os_mon@test2"} 1 1.0703125 0.0 1.921875 0.9296875 1.2816840277777777 9
stats: {recvpackets,"os_mon@test3"} 1 11869.0 0.0 11893 3382 9077.125 8
stats: {sentpackets,"os_mon@test3"} 1 9055.0 0.0 9055 2368 6532.25 8
stats: {freemem,"os_mon@test2"} 1 1234.3671875 0.0 1529.80859375 1234.3671875 1449.982204861111 9
stats: {load,"os_mon@test4"} 1 1.109375 0.0 2.171875 1.109375 1.6701388888888888 9
stats: {cpu,"os_mon@test3"} 1 41.6219119226638 0.0 43.703308431163286 2.414486921529175 32.52059410555511 9
stats: {freemem,"os_mon@test4"} 1 1208.33203125 0.0 1456.890625 1208.33203125 1381.111111111111 9
stats: {freemem,"os_mon@myserver"} 1 2511.5078125 0.0 2527.68359375 2511.5078125 2517.6471354166665 9
stats: {recvpackets,"os_mon@test2"} 1 11864.0 0.0 11940 3366 9073.125 8
stats: {sentpackets,"os_mon@test2"} 1 9053.0 0.0 9053 2355 6529.125 8
stats: {load,"os_mon@test3"} 1 1.16015625 0.0 1.46875 1.16015625 1.2786458333333333 9
stats: {cpu,"os_mon@test2"} 1 47.10568242166755 0.0 47.10568242166755 1.900950475237619 30.004656302748305 9
stats: {recvpackets,"os_mon@test4"} 1 11849.0 0.0 11951 3360 9066.875 8
stats: {sentpackets,"os_mon@test4"} 1 9038.0 0.0 9038 2348 6525.125 8
stats: {freemem,"os_mon@test3"} 1 1175.40234375 0.0 1510.6640625 1175.40234375 1411.1631944444443 9
stats: {cpu,"os_mon@test4"} 1 30.744849445324878 0.0 33.91843056272587 1.99700449326011 25.21348871551676 9
stats: {load,"os_mon@myserver"} 1 1.51171875 0.0 3.19921875 1.51171875 2.228732638888889 9
stats: {recvpackets,"os_mon@myserver"} 1 12207.0 0.0 12207 3447 9080.625 8
stats: {sentpackets,"os_mon@myserver"} 1 9291.0 0.0 9291 2416 6534.625 8
stats: {cpu,"os_mon@myserver"} 1 25.63845768652979 0.0 25.63845768652979 1.6076362722933935 21.536412892932038 9
stats: session 651 41476.24073503207 14768.270071655388 78426.40112304688 20.375 14750.556749085084 7525
stats: users_count 4124 24132
stats: finish_users_count 651 8176
stats: 200 14162 133585
stats: connect 14239 4051.6133860801233 6768.496968248476 31104.458984375 0.35107421875 2115.9311041334763 119887
stats: page 648 41537.95543680077 14730.341999896538 78424.97705078125 18.64697265625 14673.618915739804 7506
stats: request 14162 4441.118274427482 6872.435949750077 35966.97802734375 1.261962890625 2282.0088646456543 119423
stats: size_rcv 2407540 22709450
stats: newphase 6 50
stats: size_sent 1890013 17801226
stats: connected 77 541
stats: error_connect_etimedout 71 85
# stats: dump at 1338898706
stats: users 17615 17615
stats: {load,"os_mon@test2"} 1 1.140625 0.0 1.921875 0.9296875 1.260546875 10
stats: {recvpackets,"os_mon@test3"} 1 15868.0 0.0 15868 3382 9387.333333333334 9
stats: {sentpackets,"os_mon@test3"} 1 11519.0 0.0 11519 2368 6812.555555555556 9
stats: {freemem,"os_mon@test2"} 1 1174.68359375 0.0 1529.80859375 1174.68359375 1428.420703125 10
stats: {load,"os_mon@test4"} 1 1.01171875 0.0 2.171875 1.01171875 1.6140625 10
stats: {cpu,"os_mon@test3"} 1 41.70281995661605 0.0 43.703308431163286 2.414486921529175 33.43072588726598 10
stats: {freemem,"os_mon@test4"} 1 1138.8359375 0.0 1456.890625 1138.8359375 1363.833203125 10
stats: {freemem,"os_mon@myserver"} 1 2510.17578125 0.0 2527.68359375 2510.17578125 2517.033203125 10
stats: {recvpackets,"os_mon@test2"} 1 15888.0 0.0 15888 3366 9383.222222222223 9
stats: {sentpackets,"os_mon@test2"} 1 11531.0 0.0 11531 2355 6809.555555555556 9
stats: {load,"os_mon@test3"} 1 0.98046875 0.0 1.46875 0.98046875 1.266796875 10
stats: {cpu,"os_mon@test2"} 1 42.69782262347318 0.0 47.10568242166755 1.900950475237619 31.714758914640232 10
stats: {recvpackets,"os_mon@test4"} 1 15942.0 0.0 15942 3360 9376.0 9
stats: {sentpackets,"os_mon@test4"} 1 11566.0 0.0 11566 2348 6804.333333333333 9
stats: {freemem,"os_mon@test3"} 1 1117.08984375 0.0 1510.6640625 1117.08984375 1387.587109375 10
stats: {cpu,"os_mon@test4"} 1 45.57498675145734 0.0 45.57498675145734 1.99700449326011 25.76662478849757 10
stats: {load,"os_mon@myserver"} 1 1.4296875 0.0 3.19921875 1.4296875 2.15703125 10
stats: {recvpackets,"os_mon@myserver"} 1 15819.0 0.0 15819 3447 9428.0 9
stats: {sentpackets,"os_mon@myserver"} 1 11659.0 0.0 11659 2416 6840.888888888889 9
stats: {cpu,"os_mon@myserver"} 1 25.45135406218656 0.0 25.63845768652979 1.6076362722933935 21.946617372291815 10
stats: session 609 45867.527104420005 16921.727276373014 83338.5791015625 20.375 16878.543573308605 8176
stats: users_count 2268 26400
stats: finish_users_count 609 8785
stats: request 14368 5224.623529837765 7599.989250458503 38020.492919921875 1.261962890625 2510.906626080922 133585
stats: page 615 45694.412199488695 16718.2090903913 83337.1220703125 18.64697265625 16808.53307635392 8154
stats: connect 14356 4996.542367955904 7748.504308130402 31104.458984375 0.35107421875 2321.425788330711 134126
stats: 200 14368 147953
stats: size_rcv 2442560 25152010
stats: newphase 5 55
stats: size_sent 1905700 19706926
stats: connected -12 529
stats: error_connect_etimedout 382 467
# stats: dump at 1338898716
stats: users 20186 20186
stats: {load,"os_mon@test2"} 1 1.0390625 0.0 1.921875 0.9296875 1.2496448863636365 11
stats: {recvpackets,"os_mon@test3"} 1 12930.0 0.0 15868 3382 10035.4 10
stats: {sentpackets,"os_mon@test3"} 1 9858.0 0.0 11519 2368 7283.2 10
stats: {freemem,"os_mon@test2"} 1 1131.55078125 0.0 1529.80859375 1131.55078125 1405.3536931818182 11
stats: {load,"os_mon@test4"} 1 0.94140625 0.0 2.171875 0.94140625 1.5593039772727273 11
stats: {cpu,"os_mon@test3"} 1 38.50698174006445 0.0 43.703308431163286 2.414486921529175 34.182734439025076 11
stats: {freemem,"os_mon@test4"} 1 1066.65625 0.0 1456.890625 1066.65625 1343.37890625 11
stats: {freemem,"os_mon@myserver"} 1 2510.13671875 0.0 2527.68359375 2510.13671875 2516.4098011363635 11
stats: {recvpackets,"os_mon@test2"} 1 12885.0 0.0 15888 3366 10033.7 10
stats: {sentpackets,"os_mon@test2"} 1 9830.0 0.0 11531 2355 7281.7 10
stats: {load,"os_mon@test3"} 1 1.140625 0.0 1.46875 0.98046875 1.2407670454545454 11
stats: {cpu,"os_mon@test2"} 1 41.84811471056824 0.0 47.10568242166755 1.900950475237619 32.71321925180686 11
stats: {recvpackets,"os_mon@test4"} 1 12781.0 0.0 15942 3360 10032.6 10
stats: {sentpackets,"os_mon@test4"} 1 9757.0 0.0 11566 2348 7280.5 10
stats: {freemem,"os_mon@test3"} 1 1066.84765625 0.0 1510.6640625 1066.84765625 1362.9964488636363 11
stats: {cpu,"os_mon@test4"} 1 44.63427656166578 0.0 45.57498675145734 1.99700449326011 27.567384966948456 11
stats: {load,"os_mon@myserver"} 1 1.37109375 0.0 3.19921875 1.37109375 2.090909090909091 11
stats: {recvpackets,"os_mon@myserver"} 1 13277.0 0.0 15819 3447 10067.1 10
stats: {sentpackets,"os_mon@myserver"} 1 9926.0 0.0 11659 2416 7322.7 10
stats: {cpu,"os_mon@myserver"} 1 25.469571750563485 0.0 25.63845768652979 1.6076362722933935 22.265229798645883 11
stats: session 620 50308.13385167271 19563.24817256485 94324.06201171875 20.375 18888.138447576886 8785
stats: users_count 3191 29591
stats: finish_users_count 620 9405
stats: request 14254 5087.219767275465 7644.535697739241 38020.492919921875 1.261962890625 2774.4408867797815 147953
stats: page 622 50091.03765417758 19492.11573905642 94322.46704101563 18.64697265625 18834.398700795464 8769
stats: connect 14219 4633.947511345257 7443.3145421989375 31105.0009765625 0.35107421875 2580.0697560648423 148482
stats: 200 14254 162207
stats: size_rcv 2423180 27575190
stats: newphase 6 61
stats: size_sent 1887881 21594807
stats: connected -35 494
stats: error_connect_etimedout 545 1012
# stats: dump at 1338898726
stats: users 22394 22408
stats: {load,"os_mon@test2"} 1 1.0390625 0.0 1.921875 0.9296875 1.2320963541666667 12
stats: {recvpackets,"os_mon@test3"} 1 14386.0 0.0 15868 3382 10298.545454545454 11
stats: {sentpackets,"os_mon@test3"} 1 11074.0 0.0 11519 2368 7517.272727272727 11
stats: {freemem,"os_mon@test2"} 1 1081.04296875 0.0 1529.80859375 1081.04296875 1382.5367838541667 12
stats: {load,"os_mon@test4"} 1 0.94921875 0.0 2.171875 0.94140625 1.5078125 12
stats: {cpu,"os_mon@test3"} 1 44.01732539252842 0.0 44.01732539252842 2.414486921529175 34.54308838077836 12
stats: {freemem,"os_mon@test4"} 1 991.33984375 0.0 1456.890625 991.33984375 1320.3186848958333 12
stats: {freemem,"os_mon@myserver"} 1 2508.90625 0.0 2527.68359375 2508.90625 2515.8870442708335 12
stats: {recvpackets,"os_mon@test2"} 1 14411.0 0.0 15888 3366 10292.90909090909 11
stats: {sentpackets,"os_mon@test2"} 1 11092.0 0.0 11531 2355 7513.363636363636 11
stats: {load,"os_mon@test3"} 1 1.2890625 0.0 1.46875 0.98046875 1.232421875 12
stats: {cpu,"os_mon@test2"} 1 39.361702127659576 0.0 47.10568242166755 1.900950475237619 33.47446054003697 12
stats: {recvpackets,"os_mon@test4"} 1 14490.0 0.0 15942 3360 10282.454545454546 11
stats: {sentpackets,"os_mon@test4"} 1 11157.0 0.0 11566 2348 7505.636363636364 11
stats: {freemem,"os_mon@test3"} 1 994.3984375 0.0 1510.6640625 994.3984375 1338.3173828124998 12
stats: {cpu,"os_mon@test4"} 1 43.40836012861736 0.0 45.57498675145734 1.99700449326011 28.989625933174903 12
stats: {load,"os_mon@myserver"} 1 1.30859375 0.0 3.19921875 1.30859375 2.0309244791666665 12
stats: {recvpackets,"os_mon@myserver"} 1 14050.0 0.0 15819 3447 10358.90909090909 11
stats: {sentpackets,"os_mon@myserver"} 1 10822.0 0.0 11659 2416 7559.363636363636 11
stats: {cpu,"os_mon@myserver"} 1 25.526052104208418 0.0 25.63845768652979 1.6076362722933935 22.532258294639018 12
stats: session 616 52917.48289866261 22966.096553580523 105529.58813476563 20.375 20959.419377990434 9405
stats: users_count 2824 32415
stats: finish_users_count 616 10021
stats: request 14078 5471.811274406432 7975.003348658099 71278.22607421875 1.261962890625 2977.6771846127076 162207
stats: connect 14106 5014.416667185929 7879.12670218833 31111.780029296875 0.35107421875 2759.565197410207 162701
stats: 200 14078 176285
stats: page 621 52687.959288666214 22702.519641467727 105527.48608398438 18.64697265625 20904.639295940142 9391
stats: size_rcv 2393260 29968450
stats: newphase 4 65
stats: size_sent 1871310 23466117
stats: connected 28 522
stats: error_connect_etimedout 871 1883
# stats: dump at 1338898736
stats: users 25834 25834
stats: {load,"os_mon@test2"} 1 0.9609375 0.0 1.921875 0.9296875 1.2172475961538463 13
stats: {recvpackets,"os_mon@test3"} 1 15551.0 0.0 15868 3382 10639.166666666666 12
stats: {sentpackets,"os_mon@test3"} 1 11734.0 0.0 11734 2368 7813.666666666667 12
stats: {freemem,"os_mon@test2"} 1 1041.07421875 0.0 1529.80859375 1041.07421875 1359.344951923077 13
stats: {load,"os_mon@test4"} 1 1.171875 0.0 2.171875 0.94140625 1.46484375 13
stats: {cpu,"os_mon@test3"} 1 41.438539989264626 0.0 44.01732539252842 2.414486921529175 35.27187584322067 13
stats: {freemem,"os_mon@test4"} 1 900.91796875 0.0 1456.890625 900.91796875 1295.0126201923076 13
stats: {freemem,"os_mon@myserver"} 1 2507.8203125 0.0 2527.68359375 2507.8203125 2515.350060096154 13
stats: {recvpackets,"os_mon@test2"} 1 15489.0 0.0 15888 3366 10636.083333333332 12
stats: {sentpackets,"os_mon@test2"} 1 11688.0 0.0 11688 2355 7811.583333333333 12
stats: {load,"os_mon@test3"} 1 1.16015625 0.0 1.46875 0.98046875 1.2367788461538463 13
stats: {cpu,"os_mon@test2"} 1 32.17344753747323 0.0 47.10568242166755 1.900950475237619 33.9273252775464 13
stats: {recvpackets,"os_mon@test4"} 1 15374.0 0.0 15942 3360 10633.083333333334 12
stats: {sentpackets,"os_mon@test4"} 1 11604.0 0.0 11604 2348 7809.916666666667 12
stats: {freemem,"os_mon@test3"} 1 938.61328125 0.0 1510.6640625 938.61328125 1311.8620793269229 13
stats: {cpu,"os_mon@test4"} 1 56.223628691983116 0.0 56.223628691983116 1.99700449326011 30.098759332824322 13
stats: {load,"os_mon@myserver"} 1 1.26171875 0.0 3.19921875 1.26171875 1.9753605769230769 13
stats: {recvpackets,"os_mon@myserver"} 1 15983.0 0.0 15983 3447 10666.499999999998 12
stats: {sentpackets,"os_mon@myserver"} 1 12057.0 0.0 12057 2416 7831.25 12
stats: {cpu,"os_mon@myserver"} 1 25.47004261719729 0.0 25.63845768652979 1.6076362722933935 22.762550126144355 13
stats: session 630 59216.82622922868 28734.280055832864 114741.34594726563 20.375 22923.910659173354 10021
stats: users_count 4070 36485
stats: finish_users_count 630 10651
stats: request 14041 5500.4455111370125 8213.242623293663 71278.22607421875 1.261962890625 3176.8570338121067 176285
stats: page 589 62198.04683272095 26284.081473111397 114511.59814453125 18.64697265625 22876.017813267637 10012
stats: connect 14045 5001.4481218120445 8075.997973343452 31114.610107421875 0.35107421875 2939.461552377241 176807
stats: error_unknown 36 36
stats: 200 14034 190319
stats: size_rcv 2385780 32354230
stats: newphase 6 71
stats: size_sent 1863815 25329932
stats: connected 4 526
stats: error_connect_etimedout 1479 3362
# stats: dump at 1338898746
stats: users 29198 29198
stats: {load,"os_mon@test2"} 1 0.80859375 0.0 1.921875 0.80859375 1.1989397321428572 14
stats: {recvpackets,"os_mon@test3"} 1 18348.0 0.0 18348 3382 11017.0 13
stats: {sentpackets,"os_mon@test3"} 1 13786.0 0.0 13786 2368 8115.2307692307695 13
stats: {freemem,"os_mon@test2"} 1 960.86328125 0.0 1529.80859375 960.86328125 1336.611328125 14
stats: {load,"os_mon@test4"} 1 1.0703125 0.0 2.171875 0.94140625 1.4439174107142858 14
stats: {cpu,"os_mon@test3"} 1 51.757706868577614 0.0 51.757706868577614 2.414486921529175 35.71235185365238 14
stats: {freemem,"os_mon@test4"} 1 848.99609375 0.0 1456.890625 848.99609375 1266.863002232143 14
stats: {freemem,"os_mon@myserver"} 1 2507.1484375 0.0 2527.68359375 2507.1484375 2514.8122209821427 14
stats: {recvpackets,"os_mon@test2"} 1 18407.0 0.0 18407 3366 11009.384615384615 13
stats: {sentpackets,"os_mon@test2"} 1 13823.0 0.0 13823 2355 8109.7692307692305 13
stats: {load,"os_mon@test3"} 1 1.05859375 0.0 1.46875 0.98046875 1.2313058035714286 14
stats: {cpu,"os_mon@test2"} 1 51.105121293800536 0.0 51.105121293800536 1.900950475237619 33.8020482961126 14
stats: {recvpackets,"os_mon@test4"} 1 18556.0 0.0 18556 3360 10997.76923076923 13
stats: {sentpackets,"os_mon@test4"} 1 13923.0 0.0 13923 2348 8101.7692307692305 13
stats: {freemem,"os_mon@test3"} 1 856.1640625 0.0 1510.6640625 856.1640625 1285.2014508928569 14
stats: {cpu,"os_mon@test4"} 1 36.858974358974365 0.0 56.223628691983116 1.99700449326011 31.96482142990709 14
stats: {load,"os_mon@myserver"} 1 1.21875 0.0 3.19921875 1.21875 1.9243861607142858 14
stats: {recvpackets,"os_mon@myserver"} 1 17963.0 0.0 17963 3447 11075.461538461535 13
stats: {sentpackets,"os_mon@myserver"} 1 13607.0 0.0 13607 2416 8156.307692307692 13
stats: {cpu,"os_mon@myserver"} 1 25.55055055055055 0.0 25.63845768652979 1.6076362722933935 22.95594244693385 14
stats: session 616 70215.52441485513 28578.83082186973 124440.56811523438 20.375 25070.61395549622 10651
stats: users_count 3980 40465
stats: finish_users_count 616 11267
stats: error_unknown 0 36
stats: request 13927 5602.47835987075 8568.737371558445 71278.22607421875 1.261962890625 3348.2761032514845 190326
stats: page 625 70061.55626757821 28546.178265516253 124438.958984375 18.64697265625 25060.78105187324 10601
stats: connect 13900 5066.611225744021 8302.396878839003 31114.610107421875 0.35107421875 3091.205319105972 190852
stats: 200 13910 204229
stats: size_rcv 2364700 34718930
stats: newphase 5 76
stats: size_sent 1845308 27175240
stats: connected -27 499
stats: error_connect_etimedout 1559 4921
# stats: dump at 1338898756
stats: users 31209 31257
stats: {load,"os_mon@test2"} 1 1.01171875 0.0 1.921875 0.80859375 1.1729166666666666 15
stats: {recvpackets,"os_mon@test3"} 1 18673.0 0.0 18673 3382 11540.642857142857 14
stats: {sentpackets,"os_mon@test3"} 1 14218.0 0.0 14218 2368 8520.285714285714 14
stats: {freemem,"os_mon@test2"} 1 908.98828125 0.0 1529.80859375 908.98828125 1311.5614583333333 15
stats: {load,"os_mon@test4"} 1 0.98046875 0.0 2.171875 0.94140625 1.4190104166666666 15
stats: {cpu,"os_mon@test3"} 1 43.096008629989214 0.0 51.757706868577614 2.414486921529175 36.782042187980736 15
stats: {freemem,"os_mon@test4"} 1 770.453125 0.0 1456.890625 770.453125 1239.0052083333333 15
stats: {freemem,"os_mon@myserver"} 1 2506.375 0.0 2527.68359375 2506.375 2514.301302083333 15
stats: {recvpackets,"os_mon@test2"} 1 18654.0 0.0 18654 3366 11537.785714285714 14
stats: {sentpackets,"os_mon@test2"} 1 14210.0 0.0 14210 2355 8517.857142857143 14
stats: {load,"os_mon@test3"} 1 0.890625 0.0 1.46875 0.890625 1.2197916666666666 15
stats: {cpu,"os_mon@test2"} 1 39.28955866523143 0.0 51.105121293800536 1.900950475237619 34.95558649595846 15
stats: {recvpackets,"os_mon@test4"} 1 18624.0 0.0 18624 3360 11537.642857142857 14
stats: {sentpackets,"os_mon@test4"} 1 14184.0 0.0 14184 2348 8517.57142857143 14
stats: {freemem,"os_mon@test3"} 1 796.19140625 0.0 1510.6640625 796.19140625 1256.598958333333 15
stats: {cpu,"os_mon@test4"} 1 52.43185462319615 0.0 56.223628691983116 1.99700449326011 32.29109829184491 15
stats: {load,"os_mon@myserver"} 1 1.19140625 0.0 3.19921875 1.19140625 1.87734375 15
stats: {recvpackets,"os_mon@myserver"} 1 18546.0 0.0 18546 3447 11567.428571428569 14
stats: {sentpackets,"os_mon@myserver"} 1 14052.0 0.0 14052 2416 8545.642857142857 14
stats: {cpu,"os_mon@myserver"} 1 25.463194792188283 0.0 25.63845768652979 1.6076362722933935 23.1289163205083 15
stats: session 599 78469.44714579641 30931.790056243866 136521.7509765625 20.375 27538.81887632387 11267
stats: users_count 2610 43075
stats: finish_users_count 599 11866
stats: error_unknown 0 36
stats: request 14046 5662.520571898117 8604.121349511344 71278.22607421875 1.261962890625 3501.9789855980666 204253
stats: connect 14090 5176.355907665989 8197.80155471159 31114.610107421875 0.35107421875 3225.3097093061606 204752
stats: page 589 77670.02232042192 30852.82597153281 136518.22998046875 18.64697265625 27566.16894692184 11226
stats: 200 14024 218253
stats: size_rcv 2384080 37103010
stats: newphase 5 81
stats: size_sent 1869822 29045062
stats: connected 44 543
stats: error_connect_etimedout 2378 7299
# stats: dump at 1338898766
stats: users 34377 34397
stats: {load,"os_mon@test2"} 1 0.921875 0.0 1.921875 0.80859375 1.162841796875 16
stats: {recvpackets,"os_mon@test3"} 1 14767.0 0.0 18673 3382 12016.133333333333 15
stats: {sentpackets,"os_mon@test3"} 1 11608.0 0.0 14218 2368 8900.133333333333 15
stats: {freemem,"os_mon@test2"} 1 839.70703125 0.0 1529.80859375 839.70703125 1286.400634765625 16
stats: {load,"os_mon@test4"} 1 0.828125 0.0 2.171875 0.828125 1.3916015625 16
stats: {cpu,"os_mon@test3"} 1 48.5270487412962 0.0 51.757706868577614 2.414486921529175 37.176665090606264 16
stats: {freemem,"os_mon@test4"} 1 726.20703125 0.0 1456.890625 726.20703125 1209.720703125 16
stats: {freemem,"os_mon@myserver"} 1 2505.0390625 0.0 2527.68359375 2505.0390625 2513.805908203125 16
stats: {recvpackets,"os_mon@test2"} 1 14751.0 0.0 18654 3366 12012.2 15
stats: {sentpackets,"os_mon@test2"} 1 11587.0 0.0 14210 2355 8897.333333333334 15
stats: {load,"os_mon@test3"} 1 0.76171875 0.0 1.46875 0.76171875 1.19921875 16
stats: {cpu,"os_mon@test2"} 1 47.97008547008547 0.0 51.105121293800536 1.900950475237619 35.22645975653802 16
stats: {recvpackets,"os_mon@test4"} 1 14769.0 0.0 18624 3360 12010.066666666668 15
stats: {sentpackets,"os_mon@test4"} 1 11596.0 0.0 14184 2348 8895.333333333334 15
stats: {freemem,"os_mon@test3"} 1 720.16015625 0.0 1510.6640625 720.16015625 1227.8234863281248 16
stats: {cpu,"os_mon@test4"} 1 34.175174637291775 0.0 56.223628691983116 1.99700449326011 33.54989556255436 16
stats: {load,"os_mon@myserver"} 1 1.16015625 0.0 3.19921875 1.16015625 1.83447265625 16
stats: {recvpackets,"os_mon@myserver"} 1 14958.0 0.0 18546 3447 12032.666666666664 15
stats: {sentpackets,"os_mon@myserver"} 1 11917.0 0.0 14052 2416 8912.733333333334 15
stats: {cpu,"os_mon@myserver"} 1 25.4326561324304 0.0 25.63845768652979 1.6076362722933935 23.274808724988297 16
stats: session 578 88069.17766172416 31337.700250760703 145684.7880859375 20.375 30109.815533446235 11866
stats: users_count 3746 46821
stats: finish_users_count 578 12444
stats: error_unknown 0 36
stats: request 13584 5807.999914575945 8516.283538191714 71278.22607421875 1.261962890625 3640.9945886066494 218299
stats: connect 13567 5171.319165919051 8270.191540765883 31114.610107421875 0.35107421875 3350.926551296683 218842
stats: page 584 87911.84251968171 31399.498925466723 145683.2939453125 18.64697265625 30063.94039313357 11815
stats: 200 13571 231824
stats: size_rcv 2307070 39410080
stats: newphase 6 87
stats: size_sent 1801157 30846219
stats: connected -17 526
stats: error_connect_etimedout 2357 9656
# stats: dump at 1338898776
stats: users 36970 36970
stats: {load,"os_mon@test2"} 1 1.08984375 0.0 1.921875 0.80859375 1.1486672794117647 17
stats: {recvpackets,"os_mon@test3"} 1 19806.0 0.0 19806 3382 12188.0625 16
stats: {sentpackets,"os_mon@test3"} 1 14888.0 0.0 14888 2368 9069.375 16
stats: {freemem,"os_mon@test2"} 1 769.99609375 0.0 1529.80859375 769.99609375 1260.1245404411766 17
stats: {load,"os_mon@test4"} 1 0.78125 0.0 2.171875 0.78125 1.3584558823529411 17
stats: {cpu,"os_mon@test3"} 1 47.93121977431489 0.0 51.757706868577614 2.414486921529175 37.844334717117434 17
stats: {freemem,"os_mon@test4"} 1 656.4140625 0.0 1456.890625 656.4140625 1181.2787224264705 17
stats: {freemem,"os_mon@myserver"} 1 2504.71484375 0.0 2527.68359375 2504.71484375 2513.290211397059 17
stats: {recvpackets,"os_mon@test2"} 1 19776.0 0.0 19776 3366 12183.375 16
stats: {sentpackets,"os_mon@test2"} 1 14869.0 0.0 14869 2355 9065.4375 16
stats: {load,"os_mon@test3"} 1 1.12109375 0.0 1.46875 0.76171875 1.173483455882353 17
stats: {cpu,"os_mon@test2"} 1 52.75377969762419 0.0 52.75377969762419 1.900950475237619 35.9760847985114 17
stats: {recvpackets,"os_mon@test4"} 1 19739.0 0.0 19739 3360 12182.5 16
stats: {sentpackets,"os_mon@test4"} 1 14841.0 0.0 14841 2348 9064.125 16
stats: {freemem,"os_mon@test3"} 1 658.109375 0.0 1510.6640625 658.109375 1197.9609374999998 17
stats: {cpu,"os_mon@test4"} 1 45.0026723677178 0.0 56.223628691983116 1.99700449326011 33.58667668459774 17
stats: {load,"os_mon@myserver"} 1 1.12890625 0.0 3.19921875 1.12890625 1.7948069852941178 17
stats: {recvpackets,"os_mon@myserver"} 1 19912.0 0.0 19912 3447 12215.499999999998 16
stats: {sentpackets,"os_mon@myserver"} 1 14998.0 0.0 14998 2416 9100.5 16
stats: {cpu,"os_mon@myserver"} 1 25.532448008018036 0.0 25.63845768652979 1.6076362722933935 23.40174092542607 17
stats: session 567 92412.83601500497 33307.61419342899 151760.494140625 20.375 32801.91705306571 12444
stats: users_count 3160 49981
stats: finish_users_count 567 13011
stats: request 13842 5891.667371467948 8954.202469033873 127713.11206054688 1.261962890625 3767.9405067980083 231883
stats: page 569 92469.60419012247 33387.835109306914 151758.4169921875 18.64697265625 32788.6097085545 12399
stats: connect 14024 5235.664666619243 8501.81176241594 31114.610107421875 0.35107421875 3457.1929463269175 232409
stats: error_unknown 0 36
stats: 200 13816 245640
stats: size_rcv 2348720 41758800
stats: newphase 5 92
stats: size_sent 1862144 32708363
stats: connected 182 708
stats: error_connect_etimedout 2029 11685
# stats: dump at 1338898786
stats: users 38862 38882
stats: {load,"os_mon@test2"} 1 1.0 0.0 1.921875 0.80859375 1.1453993055555556 18
stats: {recvpackets,"os_mon@test3"} 1 19622.0 0.0 19806 3382 12636.176470588236 17
stats: {sentpackets,"os_mon@test3"} 1 15035.0 0.0 15035 2368 9411.64705882353 17
stats: {freemem,"os_mon@test2"} 1 710.4609375 0.0 1529.80859375 710.4609375 1232.8951822916667 18
stats: {load,"os_mon@test4"} 1 0.66015625 0.0 2.171875 0.66015625 1.3263888888888888 18
stats: {cpu,"os_mon@test3"} 1 51.379123850730124 0.0 51.757706868577614 2.414486921529175 38.40471722029507 18
stats: {freemem,"os_mon@test4"} 1 597.23046875 0.0 1456.890625 597.23046875 1152.1195746527778 18
stats: {freemem,"os_mon@myserver"} 1 2503.484375 0.0 2527.68359375 2503.484375 2512.8138020833335 18
stats: {recvpackets,"os_mon@test2"} 1 19675.0 0.0 19776 3366 12630.0 17
stats: {sentpackets,"os_mon@test2"} 1 15065.0 0.0 15065 2355 9406.823529411764 17
stats: {load,"os_mon@test3"} 1 1.01953125 0.0 1.46875 0.76171875 1.1705729166666667 18
stats: {cpu,"os_mon@test2"} 1 47.55058572949947 0.0 52.75377969762419 1.900950475237619 36.90817895957322 18
stats: {recvpackets,"os_mon@test4"} 1 19578.0 0.0 19739 3360 12627.0 17
stats: {sentpackets,"os_mon@test4"} 1 15006.0 0.0 15006 2348 9403.941176470587 17
stats: {freemem,"os_mon@test3"} 1 584.71484375 0.0 1510.6640625 584.71484375 1167.9691840277776 18
stats: {cpu,"os_mon@test4"} 1 42.53933803581118 0.0 56.223628691983116 1.99700449326011 34.22089866699329 18
stats: {load,"os_mon@myserver"} 1 1.109375 0.0 3.19921875 1.109375 1.7578125 18
stats: {recvpackets,"os_mon@myserver"} 1 19171.0 0.0 19912 3447 12668.235294117645 17
stats: {sentpackets,"os_mon@myserver"} 1 14520.0 0.0 14998 2416 9447.411764705883 17
stats: {cpu,"os_mon@myserver"} 1 25.38847117794486 0.0 25.63845768652979 1.6076362722933935 23.52011354112562 18
stats: session 825 93980.10897046636 37395.99543510731 163071.47216796875 20.375 35399.672110434054 13011
stats: users_count 2717 52698
stats: finish_users_count 825 13836
stats: request 17957 5120.018681999001 8000.432942454592 127713.11206054688 1.261962890625 3887.5727268031414 245725
stats: page 822 92746.08762480272 37937.95158355561 163070.19799804688 18.64697265625 35407.246804483875 12968
stats: connect 17767 4726.133497610798 7813.775580034522 31114.610107421875 0.35107421875 3558.4021488500352 246433
stats: error_unknown 0 36
stats: 200 17922 263562
stats: size_rcv 3046740 44805540
stats: newphase 4 96
stats: size_sent 2358717 35067080
stats: connected -190 518
stats: error_connect_etimedout 3362 15047
# stats: dump at 1338898796
stats: users 42650 42650
stats: {load,"os_mon@test2"} 1 0.921875 0.0 1.921875 0.80859375 1.1377467105263157 19
stats: {recvpackets,"os_mon@test3"} 1 17215.0 0.0 19806 3382 13024.277777777777 18
stats: {sentpackets,"os_mon@test3"} 1 14041.0 0.0 15035 2368 9724.055555555555 18
stats: {freemem,"os_mon@test2"} 1 630.65625 0.0 1529.80859375 630.65625 1205.3986430921052 19
stats: {load,"os_mon@test4"} 1 0.71875 0.0 2.171875 0.66015625 1.2913240131578947 19
stats: {cpu,"os_mon@test3"} 1 58.67237687366167 0.0 58.67237687366167 2.414486921529175 39.08758072716007 19
stats: {freemem,"os_mon@test4"} 1 547.18359375 0.0 1456.890625 547.18359375 1122.914884868421 19
stats: {freemem,"os_mon@myserver"} 1 2501.1875 0.0 2527.68359375 2501.1875 2512.3227796052633 19
stats: {recvpackets,"os_mon@test2"} 1 17044.0 0.0 19776 3366 13021.388888888889 18
stats: {sentpackets,"os_mon@test2"} 1 13933.0 0.0 15065 2355 9721.166666666666 18
stats: {load,"os_mon@test3"} 1 1.078125 0.0 1.46875 0.76171875 1.162623355263158 19
stats: {cpu,"os_mon@test2"} 1 57.066381156316915 0.0 57.066381156316915 1.900950475237619 37.4683056316746 19
stats: {recvpackets,"os_mon@test4"} 1 17026.0 0.0 19739 3360 13013.166666666666 18
stats: {sentpackets,"os_mon@test4"} 1 13920.0 0.0 15006 2348 9715.166666666666 18
stats: {freemem,"os_mon@test3"} 1 506.3671875 0.0 1510.6640625 506.3671875 1137.2715871710525 19
stats: {cpu,"os_mon@test4"} 1 42.857142857142854 0.0 56.223628691983116 1.99700449326011 34.65871126535213 19
stats: {load,"os_mon@myserver"} 1 1.171875 0.0 3.19921875 1.109375 1.7236842105263157 19
stats: {recvpackets,"os_mon@myserver"} 1 18069.0 0.0 19912 3447 13029.499999999998 18
stats: {sentpackets,"os_mon@myserver"} 1 14594.0 0.0 14998 2416 9729.222222222223 18
stats: {cpu,"os_mon@myserver"} 1 29.410249806850373 0.0 29.410249806850373 1.6076362722933935 23.618448153589792 19
stats: session 522 96962.16890976712 37059.403302247956 166076.87890625 20.375 38892.65132476816 13836
stats: users_count 4310 57008
stats: finish_users_count 522 14358
stats: request 13727 5556.092164001876 8837.768932734974 127713.11206054688 1.261962890625 3971.5034919575774 263682
stats: page 514 95665.27845710724 38179.07746735687 166072.98193359375 18.64697265625 38825.124045550016 13790
stats: connect 13705 4988.466151367514 8253.13309187843 31114.610107421875 0.35107421875 3636.93009310981 264200
stats: error_unknown 0 36
stats: 200 13707 277269
stats: size_rcv 2330190 47135730
stats: newphase 5 101
stats: size_sent 1819939 36887019
stats: connected -22 496
stats: error_connect_etimedout 3346 18393
stats: error_abort 1 1
EndMonitor:{1338,898796,707983}
