# stats: dump at 1338899019
stats: users 0 0
# stats: dump at 1338899029
stats: users 2 8
stats: {load,"os_mon@test2"} 1 0.69921875 0 0.69921875 0.69921875 0 0
stats: {freemem,"os_mon@test2"} 1 1529.234375 0 1529.234375 1529.234375 0 0
stats: {cpu,"os_mon@test3"} 1 2.969300452944137 0 2.969300452944137 2.969300452944137 0 0
stats: {load,"os_mon@test4"} 1 0.390625 0 0.390625 0.390625 0 0
stats: {freemem,"os_mon@test4"} 1 1456.59375 0 1456.59375 1456.59375 0 0
stats: {freemem,"os_mon@myserver"} 1 2509.16796875 0 2509.16796875 2509.16796875 0 0
stats: {cpu,"os_mon@test2"} 1 2.3069207622868606 0 2.3069207622868606 2.3069207622868606 0 0
stats: {load,"os_mon@test3"} 1 1.2890625 0 1.2890625 1.2890625 0 0
stats: {freemem,"os_mon@test3"} 1 1509.60546875 0 1509.60546875 1509.60546875 0 0
stats: {cpu,"os_mon@test4"} 1 2.0968547179231156 0 2.0968547179231156 2.0968547179231156 0 0
stats: {load,"os_mon@myserver"} 1 0.91015625 0 0.91015625 0.91015625 0 0
stats: {cpu,"os_mon@myserver"} 1 1.8085908063300677 0 1.8085908063300677 1.8085908063300677 0 0
stats: session 585 25.102188084268157 3.497806660452992 38.572021484375 18.596923828125 0 0
stats: users_count 587 587
stats: finish_users_count 585 585
stats: request 5799 2.161165945569819 0.5309396593652468 7.47900390625 1.098876953125 0 0
stats: page 579 22.923591574238994 3.353920336219596 34.544921875 16.97998046875 0 0
stats: connect 5800 0.9196579084725216 0.23936474364777474 3.598876953125 0.40380859375 0 0
stats: 200 5799 5799
stats: size_rcv 748071 748071
stats: size_sent 769240 769240
stats: connected 1 1
# stats: dump at 1338899039
stats: users 31 58
stats: {load,"os_mon@test2"} 1 0.6796875 0.0 0.69921875 0.6796875 0.69921875 1
stats: {freemem,"os_mon@test2"} 1 1527.8984375 0.0 1529.234375 1527.8984375 1529.234375 1
stats: {recvpackets,"os_mon@test3"} 1 3500 0 3500 3500 0 0
stats: {sentpackets,"os_mon@test3"} 1 2402 0 2402 2402 0 0
stats: {cpu,"os_mon@test3"} 1 19.897435897435898 0.0 19.897435897435898 2.969300452944137 2.969300452944137 1
stats: {load,"os_mon@test4"} 1 0.3984375 0.0 0.3984375 0.390625 0.390625 1
stats: {freemem,"os_mon@test4"} 1 1455.51171875 0.0 1456.59375 1455.51171875 1456.59375 1
stats: {freemem,"os_mon@myserver"} 1 2509.93359375 0.0 2509.93359375 2509.16796875 2509.16796875 1
stats: {recvpackets,"os_mon@test2"} 1 3484 0 3484 3484 0 0
stats: {sentpackets,"os_mon@test2"} 1 2386 0 2386 2386 0 0
stats: {cpu,"os_mon@test2"} 1 11.740890688259109 0.0 11.740890688259109 2.3069207622868606 2.3069207622868606 1
stats: {load,"os_mon@test3"} 1 1.25 0.0 1.2890625 1.25 1.2890625 1
stats: {freemem,"os_mon@test3"} 1 1509.015625 0.0 1509.60546875 1509.015625 1509.60546875 1
stats: {recvpackets,"os_mon@test4"} 1 3457 0 3457 3457 0 0
stats: {sentpackets,"os_mon@test4"} 1 2366 0 2366 2366 0 0
stats: {cpu,"os_mon@test4"} 1 9.6757852077001 0.0 9.6757852077001 2.0968547179231156 2.0968547179231156 1
stats: {load,"os_mon@myserver"} 1 0.921875 0.0 0.921875 0.91015625 0.91015625 1
stats: {recvpackets,"os_mon@myserver"} 1 3638 0 3638 3638 0 0
stats: {sentpackets,"os_mon@myserver"} 1 2497 0 2497 2497 0 0
stats: {cpu,"os_mon@myserver"} 1 12.259021255561048 0.0 12.259021255561048 1.8085908063300677 1.8085908063300677 1
stats: session 1524 77.38685283510712 73.72309231753349 264.4970703125 17.673828125 25.102188084268157 585
stats: users_count 1553 2140
stats: finish_users_count 1524 2109
stats: request 15298 7.400427314717422 7.440229863015099 28.6298828125 1.098876953125 2.161165945569819 5799
stats: page 1523 75.23688822174572 73.9125533480066 262.462890625 16.33203125 22.923591574238994 579
stats: connect 15314 0.9049094425444035 0.33174004747202857 16.255859375 0.3828125 0.9196579084725216 5800
stats: 200 15298 21097
stats: size_rcv 1973442 2721513
stats: newphase 6 6
stats: size_sent 2033926 2803166
stats: connected 16 17
# stats: dump at 1338899049
stats: users 719 726
stats: {load,"os_mon@test2"} 1 0.5703125 0.0 0.69921875 0.5703125 0.689453125 2
stats: {freemem,"os_mon@test2"} 1 1526.765625 0.0 1529.234375 1526.765625 1528.56640625 2
stats: {recvpackets,"os_mon@test3"} 1 7591.0 0.0 7591 3500 3.5e3 1
stats: {sentpackets,"os_mon@test3"} 1 5116.0 0.0 5116 2402 2402.0 1
stats: {cpu,"os_mon@test3"} 1 37.93103448275862 0.0 37.93103448275862 2.969300452944137 11.433368175190017 2
stats: {load,"os_mon@test4"} 1 0.33984375 0.0 0.3984375 0.33984375 0.39453125 2
stats: {freemem,"os_mon@test4"} 1 1453.9375 0.0 1456.59375 1453.9375 1456.052734375 2
stats: {freemem,"os_mon@myserver"} 1 2509.6875 0.0 2509.93359375 2509.16796875 2509.55078125 2
stats: {recvpackets,"os_mon@test2"} 1 7584.0 0.0 7584 3484 3484.0 1
stats: {sentpackets,"os_mon@test2"} 1 5114.0 0.0 5114 2386 2386.0 1
stats: {cpu,"os_mon@test2"} 1 32.57575757575758 0.0 32.57575757575758 2.3069207622868606 7.023905725272985 2
stats: {load,"os_mon@test3"} 1 1.05859375 0.0 1.2890625 1.05859375 1.26953125 2
stats: {freemem,"os_mon@test3"} 1 1507.6953125 0.0 1509.60546875 1507.6953125 1509.310546875 2
stats: {recvpackets,"os_mon@test4"} 1 7578.0 0.0 7578 3457 3457.0 1
stats: {sentpackets,"os_mon@test4"} 1 5109.0 0.0 5109 2366 2366.0 1
stats: {cpu,"os_mon@test4"} 1 29.96389891696751 0.0 29.96389891696751 2.0968547179231156 5.886319962811608 2
stats: {load,"os_mon@myserver"} 1 0.859375 0.0 0.921875 0.859375 0.916015625 2
stats: {recvpackets,"os_mon@myserver"} 1 7683.0 0.0 7683 3638 3638.0 1
stats: {sentpackets,"os_mon@myserver"} 1 5178.0 0.0 5178 2497 2497.0 1
stats: {cpu,"os_mon@myserver"} 1 22.5130890052356 0.0 22.5130890052356 1.8085908063300677 7.033806030945558 2
stats: session 1753 897.6192301757254 633.1788520508034 3496.37890625 17.673828125 62.883994191560035 2109
stats: users_count 2441 4581
stats: finish_users_count 1753 3862
stats: request 20191 105.57263153969488 149.0255257137849 3131.35791015625 1.098876953125 5.960294751808622 21097
stats: page 1750 885.3884967912938 626.760284699096 3494.90576171875 16.33203125 60.827088621885395 2102
stats: connect 20495 18.418052528532144 135.40297150470695 3003.39111328125 0.379150390625 0.9089608350983055 21114
stats: 200 20191 41288
stats: size_rcv 2604639 5326152
stats: newphase 6 12
stats: size_sent 2721485 5524651
stats: connected 304 321
# stats: dump at 1338899059
stats: users 2795 2796
stats: {load,"os_mon@test2"} 1 0.55859375 0.0 0.69921875 0.55859375 0.6497395833333334 3
stats: {freemem,"os_mon@test2"} 1 1514.828125 0.0 1529.234375 1514.828125 1527.9661458333333 3
stats: {recvpackets,"os_mon@test3"} 1 10310.0 0.0 10310 3500 5545.5 2
stats: {sentpackets,"os_mon@test3"} 1 7002.0 0.0 7002 2402 3759.0 2
stats: {cpu,"os_mon@test3"} 1 44.27164333851737 0.0 44.27164333851737 2.969300452944137 20.26592361104622 3
stats: {load,"os_mon@test4"} 1 0.37109375 0.0 0.3984375 0.33984375 0.3763020833333333 3
stats: {freemem,"os_mon@test4"} 1 1443.43359375 0.0 1456.59375 1443.43359375 1455.34765625 3
stats: {freemem,"os_mon@myserver"} 1 2510.8984375 0.0 2510.8984375 2509.16796875 2509.5963541666665 3
stats: {recvpackets,"os_mon@test2"} 1 10291.0 0.0 10291 3484 5534.0 2
stats: {sentpackets,"os_mon@test2"} 1 6990.0 0.0 6990 2386 3750.0 2
stats: {cpu,"os_mon@test2"} 1 40.361757105943155 0.0 40.361757105943155 2.3069207622868606 15.541189675434516 3
stats: {load,"os_mon@test3"} 1 1.05078125 0.0 1.2890625 1.05078125 1.19921875 3
stats: {freemem,"os_mon@test3"} 1 1496.6875 0.0 1509.60546875 1496.6875 1508.7721354166667 3
stats: {recvpackets,"os_mon@test4"} 1 10279.0 0.0 10279 3457 5517.5 2
stats: {sentpackets,"os_mon@test4"} 1 6984.0 0.0 6984 2366 3737.5 2
stats: {cpu,"os_mon@test4"} 1 39.84575835475578 0.0 39.84575835475578 2.0968547179231156 13.912179614196909 3
stats: {load,"os_mon@myserver"} 1 0.87890625 0.0 0.921875 0.859375 0.8971354166666666 3
stats: {recvpackets,"os_mon@myserver"} 1 10346.0 0.0 10346 3638 5660.5 2
stats: {sentpackets,"os_mon@myserver"} 1 7025.0 0.0 7025 2497 3837.5 2
stats: {cpu,"os_mon@myserver"} 1 25.432222500626413 0.0 25.432222500626413 1.8085908063300677 12.193567022375573 3
stats: session 1276 4473.632963461568 2089.7531210285433 11642.652099609375 17.673828125 441.7785743780546 3862
stats: users_count 3352 7933
stats: finish_users_count 1276 5138
stats: request 19453 576.8181902223099 894.6640859118387 8653.547119140625 1.098876953125 54.67354538357116 41288
stats: page 1283 4446.561936174064 2088.4849093921844 11640.52197265625 16.33203125 435.43312815887003 3852
stats: connect 19897 343.56785452894917 800.2977585940768 7024.324951171875 0.379150390625 9.533268899625847 41609
stats: 200 19453 60741
stats: size_rcv 2509437 7835589
stats: newphase 6 18
stats: size_sent 2637747 8162398
stats: connected 444 765
# stats: dump at 1338899069
stats: users 4730 4814
stats: {load,"os_mon@test2"} 1 0.46875 0.0 0.69921875 0.46875 0.626953125 4
stats: {freemem,"os_mon@test2"} 1 1489.2421875 0.0 1529.234375 1489.2421875 1524.681640625 4
stats: {recvpackets,"os_mon@test3"} 1 12521.0 0.0 12521 3500 7133.666666666667 3
stats: {sentpackets,"os_mon@test3"} 1 8501.0 0.0 8501 2402 4840.0 3
stats: {cpu,"os_mon@test3"} 1 42.75825346112886 0.0 44.27164333851737 2.969300452944137 26.26735354291401 4
stats: {load,"os_mon@test4"} 1 0.46875 0.0 0.46875 0.33984375 0.375 4
stats: {freemem,"os_mon@test4"} 1 1418.99609375 0.0 1456.59375 1418.99609375 1452.369140625 4
stats: {freemem,"os_mon@myserver"} 1 2510.44921875 0.0 2510.8984375 2509.16796875 2509.921875 4
stats: {recvpackets,"os_mon@test2"} 1 12509.0 0.0 12509 3484 7119.666666666667 3
stats: {sentpackets,"os_mon@test2"} 1 8492.0 0.0 8492 2386 4830.0 3
stats: {cpu,"os_mon@test2"} 1 45.89905362776025 0.0 45.89905362776025 2.3069207622868606 21.746331533061678 4
stats: {load,"os_mon@test3"} 1 0.96875 0.0 1.2890625 0.96875 1.162109375 4
stats: {freemem,"os_mon@test3"} 1 1463.51953125 0.0 1509.60546875 1463.51953125 1505.7509765625 4
stats: {recvpackets,"os_mon@test4"} 1 12537.0 0.0 12537 3457 7104.666666666667 3
stats: {sentpackets,"os_mon@test4"} 1 8514.0 0.0 8514 2366 4819.666666666667 3
stats: {cpu,"os_mon@test4"} 1 40.677083333333336 0.0 40.677083333333336 2.0968547179231156 20.395574299336626 4
stats: {load,"os_mon@myserver"} 1 0.98046875 0.0 0.98046875 0.859375 0.892578125 4
stats: {recvpackets,"os_mon@myserver"} 1 12608.0 0.0 12608 3638 7222.333333333333 3
stats: {sentpackets,"os_mon@myserver"} 1 8563.0 0.0 8563 2497 4.9e3 3
stats: {cpu,"os_mon@myserver"} 1 25.612193903048475 0.0 25.612193903048475 1.8085908063300677 15.503230891938284 4
stats: session 1127 8688.357653884406 3728.3267627888013 21598.174072265625 17.673828125 1443.0721128114067 5138
stats: users_count 3062 10995
stats: finish_users_count 1127 6265
stats: request 19073 1102.5637586560945 1885.349739106805 16774.161865234375 1.098876953125 221.89634013584697 60741
stats: page 1095 8627.151727712971 3711.1543668111713 21596.7919921875 16.33203125 1437.6294788275154 5135
stats: connect 19083 774.4050874822534 1711.0531159766037 15044.613037109375 0.379150390625 117.59242004368735 61506
stats: 200 19073 79814
stats: size_rcv 2460417 10296006
stats: newphase 6 24
stats: size_sent 2532969 10695367
stats: connected 10 775
# stats: dump at 1338899079
stats: users 6880 6889
stats: {load,"os_mon@test2"} 1 0.640625 0.0 0.69921875 0.46875 0.5953125 5
stats: {freemem,"os_mon@test2"} 1 1432.2265625 0.0 1529.234375 1432.2265625 1517.59375 5
stats: {recvpackets,"os_mon@test3"} 1 12076.0 0.0 12521 3500 8480.5 4
stats: {sentpackets,"os_mon@test3"} 1 8624.0 0.0 8624 2402 5755.25 4
stats: {cpu,"os_mon@test3"} 1 46.13756613756614 0.0 46.13756613756614 2.969300452944137 29.565533526556976 5
stats: {load,"os_mon@test4"} 1 0.3984375 0.0 0.46875 0.33984375 0.39375 5
stats: {freemem,"os_mon@test4"} 1 1396.34765625 0.0 1456.59375 1396.34765625 1445.69453125 5
stats: {freemem,"os_mon@myserver"} 1 2505.9296875 0.0 2510.8984375 2505.9296875 2510.02734375 5
stats: {recvpackets,"os_mon@test2"} 1 12081.0 0.0 12509 3484 8467.0 4
stats: {sentpackets,"os_mon@test2"} 1 8627.0 0.0 8627 2386 5745.5 4
stats: {cpu,"os_mon@test2"} 1 55.16693163751988 0.0 55.16693163751988 2.3069207622868606 26.576875952001394 5
stats: {load,"os_mon@test3"} 1 1.05078125 0.0 1.2890625 0.96875 1.1234375 5
stats: {freemem,"os_mon@test3"} 1 1405.9765625 0.0 1509.60546875 1405.9765625 1497.3046875 5
stats: {recvpackets,"os_mon@test4"} 1 12064.0 0.0 12537 3457 8462.75 4
stats: {sentpackets,"os_mon@test4"} 1 8613.0 0.0 8613 2366 5743.25 4
stats: {cpu,"os_mon@test4"} 1 40.31662269129288 0.0 40.677083333333336 2.0968547179231156 24.451876106135966 5
stats: {load,"os_mon@myserver"} 1 1.05859375 0.0 1.05859375 0.859375 0.91015625 5
stats: {recvpackets,"os_mon@myserver"} 1 12279.0 0.0 12608 3638 8568.75 4
stats: {sentpackets,"os_mon@myserver"} 1 8765.0 0.0 8765 2497 5815.75 4
stats: {cpu,"os_mon@myserver"} 1 25.363773206221772 0.0 25.612193903048475 1.8085908063300677 17.525023494160322 5
stats: session 1245 12701.715925420434 5860.958594190616 28657.77392578125 17.673828125 2746.4139810938123 6265
stats: users_count 3395 14390
stats: finish_users_count 1245 7510
stats: 200 19357 99171
stats: connect 19360 1148.3205179387858 2712.6734385172126 31043.7900390625 0.37109375 273.1217867405089 80589
stats: page 1245 12602.69710502165 5764.47237270539 28656.291015625 16.33203125 2701.27745034109 6230
stats: request 19357 1500.2234573344494 2891.602073356756 31171.921875 1.098876953125 432.34776060639945 79814
stats: size_rcv 2497053 12793059
stats: newphase 6 30
stats: size_sent 2570544 13265911
stats: connected 3 778
# stats: dump at 1338899089
stats: users 8520 8560
stats: {load,"os_mon@test2"} 1 0.62109375 0.0 0.69921875 0.46875 0.6028645833333334 6
stats: {freemem,"os_mon@test2"} 1 1404.86328125 0.0 1529.234375 1404.86328125 1503.3658854166667 6
stats: {recvpackets,"os_mon@test3"} 1 13079.0 0.0 13079 3500 9199.6 5
stats: {sentpackets,"os_mon@test3"} 1 9437.0 0.0 9437 2402 6329.0 5
stats: {cpu,"os_mon@test3"} 1 53.301384451544195 0.0 53.301384451544195 2.969300452944137 32.32753896172517 6
stats: {load,"os_mon@test4"} 1 0.62890625 0.0 0.62890625 0.33984375 0.39453125 6
stats: {freemem,"os_mon@test4"} 1 1338.6328125 0.0 1456.59375 1338.6328125 1437.4700520833333 6
stats: {freemem,"os_mon@myserver"} 1 2504.37109375 0.0 2510.8984375 2504.37109375 2509.3444010416665 6
stats: {recvpackets,"os_mon@test2"} 1 13103.0 0.0 13103 3484 9189.8 5
stats: {sentpackets,"os_mon@test2"} 1 9455.0 0.0 9455 2386 6321.8 5
stats: {cpu,"os_mon@test2"} 1 42.979177789642286 0.0 55.16693163751988 2.3069207622868606 31.34188523292114 6
stats: {load,"os_mon@test3"} 1 1.12890625 0.0 1.2890625 0.96875 1.111328125 6
stats: {freemem,"os_mon@test3"} 1 1348.71484375 0.0 1509.60546875 1348.71484375 1482.0833333333333 6
stats: {recvpackets,"os_mon@test4"} 1 13064.0 0.0 13064 3457 9183.0 5
stats: {sentpackets,"os_mon@test4"} 1 9425.0 0.0 9425 2366 6317.2 5
stats: {cpu,"os_mon@test4"} 1 50.9958071278826 0.0 50.9958071278826 2.0968547179231156 27.09600053699545 6
stats: {load,"os_mon@myserver"} 1 1.05078125 0.0 1.05859375 0.859375 0.9348958333333334 6
stats: {recvpackets,"os_mon@myserver"} 1 12845.0 0.0 12845 3638 9310.8 5
stats: {sentpackets,"os_mon@myserver"} 1 9288.0 0.0 9288 2497 6405.6 5
stats: {cpu,"os_mon@myserver"} 1 25.519139354515886 0.0 25.612193903048475 1.8085908063300677 18.8314817795039 6
stats: session 1294 15721.74864326489 8289.886039238136 39300.055908203125 17.673828125 4396.793597696561 7510
stats: users_count 2934 17324
stats: finish_users_count 1294 8804
stats: 200 18751 117922
stats: request 18751 1849.3256878383154 3890.039874986597 34447.506103515625 1.098876953125 640.7843989539493 99171
stats: page 1286 15651.349603679653 8260.973263471255 39298.241943359375 16.33203125 4350.410222257786 7475
stats: connect 18754 1388.1208360185276 3596.3237233275836 31101.69287109375 0.330078125 442.6467188158538 99949
stats: size_rcv 2418879 15211938
stats: newphase 6 36
stats: size_sent 2488438 15754349
stats: connected 3 781
# stats: dump at 1338899099
stats: users 10105 10147
stats: {load,"os_mon@test2"} 1 0.609375 0.0 0.69921875 0.46875 0.60546875 7
stats: {freemem,"os_mon@test2"} 1 1366.9140625 0.0 1529.234375 1366.9140625 1489.2940848214287 7
stats: {recvpackets,"os_mon@test3"} 1 12694.0 0.0 13079 3500 9846.166666666666 6
stats: {sentpackets,"os_mon@test3"} 1 9383.0 0.0 9437 2402 6847.0 6
stats: {cpu,"os_mon@test3"} 1 57.03664365374402 0.0 57.03664365374402 2.969300452944137 35.32380260312789 7
stats: {load,"os_mon@test4"} 1 0.69140625 0.0 0.69140625 0.33984375 0.42801339285714285 7
stats: {freemem,"os_mon@test4"} 1 1301.15234375 0.0 1456.59375 1301.15234375 1423.3504464285713 7
stats: {freemem,"os_mon@myserver"} 1 2501.578125 0.0 2510.8984375 2501.578125 2508.6339285714284 7
stats: {recvpackets,"os_mon@test2"} 1 12683.0 0.0 13103 3484 9842.0 6
stats: {sentpackets,"os_mon@test2"} 1 9372.0 0.0 9455 2386 6844.0 6
stats: {cpu,"os_mon@test2"} 1 44.04061998931053 0.0 55.16693163751988 2.3069207622868606 33.00435559816702 7
stats: {load,"os_mon@test3"} 1 1.5703125 0.0 1.5703125 0.96875 1.1138392857142858 7
stats: {freemem,"os_mon@test3"} 1 1284.05078125 0.0 1509.60546875 1284.05078125 1463.0306919642858 7
stats: {recvpackets,"os_mon@test4"} 1 12682.0 0.0 13064 3457 9829.833333333334 6
stats: {sentpackets,"os_mon@test4"} 1 9373.0 0.0 9425 2366 6835.166666666667 6
stats: {cpu,"os_mon@test4"} 1 48.43096234309623 0.0 50.9958071278826 2.0968547179231156 30.5102586214079 7
stats: {load,"os_mon@myserver"} 1 1.05078125 0.0 1.05859375 0.859375 0.9514508928571429 7
stats: {recvpackets,"os_mon@myserver"} 1 12718.0 0.0 12845 3638 9899.833333333334 6
stats: {sentpackets,"os_mon@myserver"} 1 9401.0 0.0 9401 2497 6886.0 6
stats: {cpu,"os_mon@myserver"} 1 25.46365914786967 0.0 25.612193903048475 1.8085908063300677 19.78686143307704 7
stats: session 1305 19230.321339574333 11434.841887614351 48107.718994140625 17.673828125 6061.320157097449 8804
stats: users_count 2890 20214
stats: finish_users_count 1305 10109
stats: request 19516 2275.592564874645 5272.975204106949 37915.369873046875 1.098876953125 832.9568324936683 117922
stats: page 1302 19019.26869569651 11315.920802353703 48105.738037109375 16.33203125 6009.240041286267 8761
stats: connect 19502 1898.7407160839061 5187.863354049237 31101.69287109375 0.330078125 592.0230748811507 118703
stats: 200 19516 137438
stats: size_rcv 2517564 17729502
stats: newphase 4 40
stats: size_sent 2588458 18342807
stats: connected -14 767
# stats: dump at 1338899109
stats: users 10912 11316
stats: {load,"os_mon@test2"} 1 0.828125 0.0 0.828125 0.46875 0.60595703125 8
stats: {freemem,"os_mon@test2"} 1 1323.234375 0.0 1529.234375 1323.234375 1473.99658203125 8
stats: {recvpackets,"os_mon@test3"} 1 13408.0 0.0 13408 3500 10253.0 7
stats: {sentpackets,"os_mon@test3"} 1 9833.0 0.0 9833 2402 7209.285714285715 7
stats: {cpu,"os_mon@test3"} 1 54.56974879743453 0.0 57.03664365374402 2.969300452944137 38.037907734454905 8
stats: {load,"os_mon@test4"} 1 0.80078125 0.0 0.80078125 0.33984375 0.4609375 8
stats: {freemem,"os_mon@test4"} 1 1283.96484375 0.0 1456.59375 1283.96484375 1408.07568359375 8
stats: {freemem,"os_mon@myserver"} 1 2499.38671875 0.0 2510.8984375 2499.38671875 2507.751953125 8
stats: {recvpackets,"os_mon@test2"} 1 13368.0 0.0 13368 3484 10247.857142857143 7
stats: {sentpackets,"os_mon@test2"} 1 9808.0 0.0 9808 2386 7205.142857142857 7
stats: {cpu,"os_mon@test2"} 1 52.68528464017186 0.0 55.16693163751988 2.3069207622868606 34.383888647059955 8
stats: {load,"os_mon@test3"} 1 1.48046875 0.0 1.5703125 0.96875 1.1708984375 8
stats: {freemem,"os_mon@test3"} 1 1232.8984375 0.0 1509.60546875 1232.8984375 1440.658203125 8
stats: {recvpackets,"os_mon@test4"} 1 13364.0 0.0 13364 3457 10237.285714285714 7
stats: {sentpackets,"os_mon@test4"} 1 9803.0 0.0 9803 2366 7197.714285714285 7
stats: {cpu,"os_mon@test4"} 1 42.872117400419285 0.0 50.9958071278826 2.0968547179231156 32.75034658661894 8
stats: {load,"os_mon@myserver"} 1 1.0390625 0.0 1.05859375 0.859375 0.9638671875 8
stats: {recvpackets,"os_mon@myserver"} 1 13528.0 0.0 13528 3638 10302.42857142857 7
stats: {sentpackets,"os_mon@myserver"} 1 9919.0 0.0 9919 2497 7245.285714285715 7
stats: {cpu,"os_mon@myserver"} 1 25.363773206221772 0.0 25.612193903048475 1.8085908063300677 20.496461147426118 8
stats: session 2305 21537.25189497608 13330.35152804487 59113.10205078125 17.673828125 7761.344545576263 10109
stats: users_count 3112 23326
stats: finish_users_count 2305 12414
stats: request 28494 2389.591905193472 5726.790865817631 55329.754150390625 1.098876953125 1037.809049152432 137438
stats: page 2282 21348.70175334049 13164.520688165638 59110.9580078125 16.33203125 7692.540976200521 10063
stats: connect 28252 2031.267367055528 5536.743127601785 31214.5859375 0.330078125 776.4129843542967 138205
stats: 200 28494 165932
stats: size_rcv 3675726 21405228
stats: newphase 5 45
stats: size_sent 3749532 22092339
stats: connected -242 525
stats: error_connect_etimedout 1 1
# stats: dump at 1338899119
stats: users 10254 11316
stats: {load,"os_mon@test2"} 1 0.9296875 0.0 0.9296875 0.46875 0.6306423611111112 9
stats: {freemem,"os_mon@test2"} 1 1258.8203125 0.0 1529.234375 1258.8203125 1457.2452256944443 9
stats: {recvpackets,"os_mon@test3"} 1 14104.0 0.0 14104 3500 10647.375 8
stats: {sentpackets,"os_mon@test3"} 1 10937.0 0.0 10937 2402 7537.25 8
stats: {cpu,"os_mon@test3"} 1 74.66251298027 0.0 74.66251298027 2.969300452944137 39.874778963674856 9
stats: {load,"os_mon@test4"} 1 0.91015625 0.0 0.91015625 0.33984375 0.4986979166666667 9
stats: {freemem,"os_mon@test4"} 1 1256.078125 0.0 1456.59375 1256.078125 1394.2855902777778 9
stats: {freemem,"os_mon@myserver"} 1 2492.25390625 0.0 2510.8984375 2492.25390625 2506.8224826388887 9
stats: {recvpackets,"os_mon@test2"} 1 14074.0 0.0 14074 3484 10637.875 8
stats: {sentpackets,"os_mon@test2"} 1 10868.0 0.0 10868 2386 7530.5 8
stats: {cpu,"os_mon@test2"} 1 75.37740760020823 0.0 75.37740760020823 2.3069207622868606 36.41737709073905 9
stats: {load,"os_mon@test3"} 1 1.859375 0.0 1.859375 0.96875 1.2052951388888888 9
stats: {freemem,"os_mon@test3"} 1 1184.9453125 0.0 1509.60546875 1184.9453125 1417.5737847222222 9
stats: {recvpackets,"os_mon@test4"} 1 14053.0 0.0 14053 3457 10628.125 8
stats: {sentpackets,"os_mon@test4"} 1 10850.0 0.0 10850 2366 7523.375 8
stats: {cpu,"os_mon@test4"} 1 54.45026178010471 0.0 54.45026178010471 2.0968547179231156 33.87498778815231 9
stats: {load,"os_mon@myserver"} 1 1.5 0.0 1.5 0.859375 0.9722222222222222 9
stats: {recvpackets,"os_mon@myserver"} 1 14135.0 0.0 14135 3638 10705.625 8
stats: {sentpackets,"os_mon@myserver"} 1 11033.0 0.0 11033 2497 7579.5 8
stats: {cpu,"os_mon@myserver"} 1 40.59196617336152 0.0 40.59196617336152 1.8085908063300677 21.037273598403413 9
stats: session 3896 22360.369331500835 14410.261198504179 66913.84692382813 17.673828125 10319.22004423637 12414
stats: users_count 3238 26564
stats: finish_users_count 3896 16310
stats: request 36412 2252.2116261586657 5635.249740576846 62363.14599609375 1.098876953125 1269.938479883294 165932
stats: page 3861 22351.71923341237 14397.59156025599 66912.31811523438 16.33203125 10216.911886968719 12345
stats: connect 36420 1825.534235963175 5428.730137431253 31237.3349609375 0.330078125 989.3937903286635 166457
stats: 200 36412 202344
stats: size_rcv 4697148 26102376
stats: newphase 4 49
stats: size_sent 4835012 26927351
stats: connected 8 533
stats: error_connect_etimedout 105 106
# stats: dump at 1338899129
stats: users 9281 11316
stats: {load,"os_mon@test2"} 1 1.390625 0.0 1.390625 0.46875 0.660546875 10
stats: {freemem,"os_mon@test2"} 1 1232.03515625 0.0 1529.234375 1232.03515625 1437.402734375 10
stats: {recvpackets,"os_mon@test3"} 1 16371.0 0.0 16371 3500 11031.444444444445 9
stats: {sentpackets,"os_mon@test3"} 1 12664.0 0.0 12664 2402 7915.0 9
stats: {cpu,"os_mon@test3"} 1 80.35069623517276 0.0 80.35069623517276 2.969300452944137 43.35355236533437 10
stats: {load,"os_mon@test4"} 1 0.8515625 0.0 0.91015625 0.33984375 0.53984375 10
stats: {freemem,"os_mon@test4"} 1 1214.14453125 0.0 1456.59375 1214.14453125 1380.46484375 10
stats: {freemem,"os_mon@myserver"} 1 2489.42578125 0.0 2510.8984375 2489.42578125 2505.365625 10
stats: {recvpackets,"os_mon@test2"} 1 16445.0 0.0 16445 3484 11019.666666666666 9
stats: {sentpackets,"os_mon@test2"} 1 12764.0 0.0 12764 2386 7901.333333333333 9
stats: {cpu,"os_mon@test2"} 1 73.65424430641822 0.0 75.37740760020823 2.3069207622868606 40.31338014168597 10
stats: {load,"os_mon@test3"} 1 1.9609375 0.0 1.9609375 0.96875 1.270703125 10
stats: {freemem,"os_mon@test3"} 1 1151.6640625 0.0 1509.60546875 1151.6640625 1394.3109375 10
stats: {recvpackets,"os_mon@test4"} 1 16433.0 0.0 16433 3457 11008.666666666666 9
stats: {sentpackets,"os_mon@test4"} 1 12755.0 0.0 12755 2366 7893.0 9
stats: {cpu,"os_mon@test4"} 1 70.01529831718511 0.0 70.01529831718511 2.0968547179231156 35.932515187347555 10
stats: {load,"os_mon@myserver"} 1 1.6484375 0.0 1.6484375 0.859375 1.025 10
stats: {recvpackets,"os_mon@myserver"} 1 18281.0 0.0 18281 3638 11086.666666666666 9
stats: {sentpackets,"os_mon@myserver"} 1 14082.0 0.0 14082 2497 7963.222222222223 9
stats: {cpu,"os_mon@myserver"} 1 46.734364181860144 0.0 46.734364181860144 1.8085908063300677 22.992742855899223 10
stats: session 3682 21003.88004851248 15940.503096045502 80315.30200195313 17.673828125 13195.511744002302 16310
stats: users_count 2709 29273
stats: finish_users_count 3682 19992
stats: request 36683 1874.2303422039145 4803.6175242967565 62363.14599609375 1.098876953125 1446.699489857293 202344
stats: page 3674 21127.955337017775 15861.088750585102 80313.58618164063 16.33203125 13107.970208863013 16206
stats: connect 36694 1485.6382887909886 4620.815077651105 31256.716064453125 0.330078125 1139.4957488060113 202877
stats: 200 36682 239026
stats: size_rcv 4731978 30834354
stats: newphase 5 54
stats: size_sent 4869690 31797041
stats: connected 11 544
stats: error_connect_etimedout 845 951
# stats: dump at 1338899139
stats: users 11236 11316
stats: {load,"os_mon@test2"} 1 1.26171875 0.0 1.390625 0.46875 0.7269176136363636 11
stats: {freemem,"os_mon@test2"} 1 1201.35546875 0.0 1529.234375 1201.35546875 1418.7329545454545 11
stats: {recvpackets,"os_mon@test3"} 1 16007.0 0.0 16371 3500 11565.4 10
stats: {sentpackets,"os_mon@test3"} 1 12335.0 0.0 12664 2402 8389.9 10
stats: {cpu,"os_mon@test3"} 1 74.08740359897172 0.0 80.35069623517276 2.969300452944137 46.71692908077423 11
stats: {load,"os_mon@test4"} 1 0.94921875 0.0 0.94921875 0.33984375 0.5681818181818182 11
stats: {freemem,"os_mon@test4"} 1 1179.77734375 0.0 1456.59375 1179.77734375 1365.344815340909 11
stats: {freemem,"os_mon@myserver"} 1 2492.66796875 0.0 2510.8984375 2489.42578125 2503.9165482954545 11
stats: {recvpackets,"os_mon@test2"} 1 15964.0 0.0 16445 3484 11562.2 10
stats: {sentpackets,"os_mon@test2"} 1 12307.0 0.0 12764 2386 8387.6 10
stats: {cpu,"os_mon@test2"} 1 73.09670781893004 0.0 75.37740760020823 2.3069207622868606 43.34436779302526 11
stats: {load,"os_mon@test3"} 1 1.87890625 0.0 1.9609375 0.96875 1.3334517045454546 11
stats: {freemem,"os_mon@test3"} 1 1117.01953125 0.0 1509.60546875 1117.01953125 1372.2521306818182 11
stats: {recvpackets,"os_mon@test4"} 1 15973.0 0.0 16433 3457 11551.1 10
stats: {sentpackets,"os_mon@test4"} 1 12318.0 0.0 12755 2366 8379.2 10
stats: {cpu,"os_mon@test4"} 1 69.76987447698745 0.0 70.01529831718511 2.0968547179231156 39.030950017332785 11
stats: {load,"os_mon@myserver"} 1 1.69921875 0.0 1.69921875 0.859375 1.0816761363636365 11
stats: {recvpackets,"os_mon@myserver"} 1 16813.0 0.0 18281 3638 11806.1 10
stats: {sentpackets,"os_mon@myserver"} 1 12919.0 0.0 14082 2497 8575.1 10
stats: {cpu,"os_mon@myserver"} 1 40.156092648539776 0.0 46.734364181860144 1.8085908063300677 25.151072067350217 11
stats: session 1785 25933.96137038799 21596.482688835065 89431.8779296875 17.673828125 14633.607587199907 19992
stats: users_count 3740 33013
stats: finish_users_count 1785 21777
stats: request 20555 2046.7957888562876 4177.5723243227785 70359.958984375 1.098876953125 1512.3118025108051 239027
stats: page 1871 25228.042515439178 21077.778617012635 88351.74194335938 16.33203125 14590.134462426424 19880
stats: connect 20807 1432.1570884582463 3966.7077318132838 31256.716064453125 0.330078125 1192.512826675239 239571
stats: 200 20555 259581
stats: size_rcv 2651595 33485949
stats: newphase 5 59
stats: size_sent 2760045 34557086
stats: connected 252 796
stats: error_connect_etimedout 1137 2088
# stats: dump at 1338899149
stats: users 13463 13464
stats: {load,"os_mon@test2"} 1 1.37109375 0.0 1.390625 0.46875 0.771484375 12
stats: {freemem,"os_mon@test2"} 1 1155.015625 0.0 1529.234375 1155.015625 1400.6181640625 12
stats: {recvpackets,"os_mon@test3"} 1 17206.0 0.0 17206 3500 11969.181818181818 11
stats: {sentpackets,"os_mon@test3"} 1 12851.0 0.0 12851 2402 8748.545454545454 11
stats: {cpu,"os_mon@test3"} 1 56.997319034852545 0.0 80.35069623517276 2.969300452944137 48.99780195729068 12
stats: {load,"os_mon@test4"} 1 0.80078125 0.0 0.94921875 0.33984375 0.5999348958333334 12
stats: {freemem,"os_mon@test4"} 1 1146.16796875 0.0 1456.59375 1146.16796875 1349.880859375 12
stats: {freemem,"os_mon@myserver"} 1 2492.4765625 0.0 2510.8984375 2489.42578125 2502.9791666666665 12
stats: {recvpackets,"os_mon@test2"} 1 17221.0 0.0 17221 3484 11962.363636363636 11
stats: {sentpackets,"os_mon@test2"} 1 12857.0 0.0 12857 2386 8743.90909090909 11
stats: {cpu,"os_mon@test2"} 1 61.76943699731904 0.0 75.37740760020823 2.3069207622868606 45.82372946185066 12
stats: {load,"os_mon@test3"} 1 2.3203125 0.0 2.3203125 0.96875 1.37890625 12
stats: {freemem,"os_mon@test3"} 1 1059.9453125 0.0 1509.60546875 1059.9453125 1350.9827473958333 12
stats: {recvpackets,"os_mon@test4"} 1 17225.0 0.0 17225 3457 11953.09090909091 11
stats: {sentpackets,"os_mon@test4"} 1 12861.0 0.0 12861 2366 8737.272727272728 11
stats: {cpu,"os_mon@test4"} 1 51.33547008547008 0.0 70.01529831718511 2.0968547179231156 41.59252705563734 12
stats: {load,"os_mon@myserver"} 1 1.58984375 0.0 1.69921875 0.859375 1.1331380208333335 12
stats: {recvpackets,"os_mon@myserver"} 1 17520.0 0.0 18281 3638 12261.272727272728 11
stats: {sentpackets,"os_mon@myserver"} 1 1.31e4 0.0 14082 2497 8970.0 11
stats: {cpu,"os_mon@myserver"} 1 25.663495242864297 0.0 46.734364181860144 1.8085908063300677 26.40149044911601 12
stats: session 1347 37010.29717877107 30130.963444923156 101658.76489257813 17.673828125 15559.866094018604 21777
stats: users_count 3574 36587
stats: finish_users_count 1347 23124
stats: request 19293 1839.6929801743627 3662.4776074183924 70359.958984375 1.098876953125 1554.6349155900302 259582
stats: page 1337 35250.52218995431 29264.82870401795 98552.97094726563 16.33203125 15505.19703275362 21751
stats: connect 19277 1331.3455018929421 3377.654263867781 31256.716064453125 0.330078125 1211.6629782046273 260378
stats: 200 19293 278874
stats: size_rcv 2488797 35974746
stats: newphase 6 65
stats: size_sent 2558607 37115693
stats: connected -16 780
stats: error_connect_etimedout 711 2799
# stats: dump at 1338899159
stats: users 14967 15372
stats: {load,"os_mon@test2"} 1 1.390625 0.0 1.390625 0.46875 0.8176081730769231 13
stats: {freemem,"os_mon@test2"} 1 1092.484375 0.0 1529.234375 1092.484375 1381.7256610576924 13
stats: {recvpackets,"os_mon@test3"} 1 17710.0 0.0 17710 3500 12405.583333333334 12
stats: {sentpackets,"os_mon@test3"} 1 1.34e4 0.0 13400 2402 9090.416666666666 12
stats: {cpu,"os_mon@test3"} 1 52.342917997870074 0.0 80.35069623517276 2.969300452944137 49.613149424795445 13
stats: {load,"os_mon@test4"} 1 1.12109375 0.0 1.12109375 0.33984375 0.6153846153846154 13
stats: {freemem,"os_mon@test4"} 1 1077.8515625 0.0 1456.59375 1077.8515625 1334.2106370192307 13
stats: {freemem,"os_mon@myserver"} 1 2492.3515625 0.0 2510.8984375 2489.42578125 2502.1712740384614 13
stats: {recvpackets,"os_mon@test2"} 1 17544.0 0.0 17544 3484 12400.583333333334 12
stats: {sentpackets,"os_mon@test2"} 1 13240.0 0.0 13240 2386 9086.666666666666 12
stats: {cpu,"os_mon@test2"} 1 62.22222222222222 0.0 75.37740760020823 2.3069207622868606 47.05032234919439 13
stats: {load,"os_mon@test3"} 1 1.9609375 0.0 2.3203125 0.96875 1.4513221153846154 13
stats: {freemem,"os_mon@test3"} 1 1027.08203125 0.0 1509.60546875 1027.08203125 1328.5952524038462 13
stats: {recvpackets,"os_mon@test4"} 1 17453.0 0.0 17453 3457 12392.416666666666 12
stats: {sentpackets,"os_mon@test4"} 1 13166.0 0.0 13166 2366 9080.916666666666 12
stats: {cpu,"os_mon@test4"} 1 57.33752620545073 0.0 70.01529831718511 2.0968547179231156 42.341984211778325 13
stats: {load,"os_mon@myserver"} 1 1.5 0.0 1.69921875 0.859375 1.1682692307692308 13
stats: {recvpackets,"os_mon@myserver"} 1 16342.0 0.0 18281 3638 12699.5 12
stats: {sentpackets,"os_mon@myserver"} 1 12592.0 0.0 14082 2497 9314.166666666666 12
stats: {cpu,"os_mon@myserver"} 1 25.45135406218656 0.0 46.734364181860144 1.8085908063300677 26.34472158709665 13
stats: session 1604 41408.22976250774 32502.99436587554 109930.005859375 17.673828125 16809.378750616146 23124
stats: users_count 3108 39695
stats: finish_users_count 1604 24728
stats: request 23649 2290.318826740813 4553.539855124796 70359.958984375 1.098876953125 1574.3556694762715 278875
stats: page 1573 39512.58758641921 32075.966800928643 108855.23193359375 16.33203125 16648.626508462967 23088
stats: connect 23313 1861.1911392692973 4372.707855289723 31256.716064453125 0.330078125 1219.9128575528944 279655
stats: 200 23649 302523
stats: size_rcv 3050721 39025467
stats: newphase 5 70
stats: size_sent 3095435 40211128
stats: connected -336 444
stats: error_connect_etimedout 851 3650
# stats: dump at 1338899169
stats: users 14300 15372
stats: {load,"os_mon@test2"} 1 1.26171875 0.0 1.390625 0.46875 0.8585379464285714 14
stats: {freemem,"os_mon@test2"} 1 1051.29296875 0.0 1529.234375 1051.29296875 1361.0655691964287 14
stats: {recvpackets,"os_mon@test3"} 1 16468.0 0.0 17710 3500 12813.615384615385 13
stats: {sentpackets,"os_mon@test3"} 1 12961.0 0.0 13400 2402 9421.923076923076 13
stats: {cpu,"os_mon@test3"} 1 63.13291139240506 0.0 80.35069623517276 2.969300452944137 49.80813289430078 14
stats: {load,"os_mon@test4"} 1 1.421875 0.0 1.421875 0.33984375 0.6515066964285714 14
stats: {freemem,"os_mon@test4"} 1 1016.09765625 0.0 1456.59375 1016.09765625 1315.8992745535713 14
stats: {freemem,"os_mon@myserver"} 1 2488.7421875 0.0 2510.8984375 2488.7421875 2501.4698660714284 14
stats: {recvpackets,"os_mon@test2"} 1 16664.0 0.0 17544 3484 12796.23076923077 13
stats: {sentpackets,"os_mon@test2"} 1 13146.0 0.0 13240 2386 9406.153846153846 13
stats: {cpu,"os_mon@test2"} 1 61.39978791092259 0.0 75.37740760020823 2.3069207622868606 48.134029482982086 14
stats: {load,"os_mon@test3"} 1 1.73828125 0.0 2.3203125 0.96875 1.4877232142857142 14
stats: {freemem,"os_mon@test3"} 1 968.88671875 0.0 1509.60546875 968.88671875 1307.05859375 14
stats: {recvpackets,"os_mon@test4"} 1 16759.0 0.0 17453 3457 12781.692307692309 13
stats: {sentpackets,"os_mon@test4"} 1 13221.0 0.0 13221 2366 9395.153846153846 13
stats: {cpu,"os_mon@test4"} 1 70.97112860892388 0.0 70.97112860892388 2.0968547179231156 43.4130943541835 14
stats: {load,"os_mon@myserver"} 1 1.578125 0.0 1.69921875 0.859375 1.1919642857142858 14
stats: {recvpackets,"os_mon@myserver"} 1 17068.0 0.0 18281 3638 12979.692307692309 13
stats: {sentpackets,"os_mon@myserver"} 1 13625.0 0.0 14082 2497 9566.307692307691 13
stats: {cpu,"os_mon@myserver"} 1 39.039467427484546 0.0 46.734364181860144 1.8085908063300677 26.280909621031643 14
stats: session 3636 39552.891793934046 31714.172436906283 117948.69580078125 17.673828125 18405.001406030013 24728
stats: users_count 2969 42664
stats: finish_users_count 3636 28364
stats: request 35919 2745.6396405326163 6132.053313915578 70359.958984375 1.098876953125 1630.3241635664897 302524
stats: page 3600 37233.16156690811 30478.260722866908 116369.26416015625 16.33203125 18107.002518179735 24661
stats: 200 35919 338442
stats: connect 36024 2189.3365189063015 5886.0336810086155 31256.716064453125 0.330078125 1269.2584009160696 302968
stats: size_rcv 4633551 43659018
stats: newphase 6 76
stats: size_sent 4780528 44991656
stats: connected 105 549
stats: error_connect_etimedout 337 3987
# stats: dump at 1338899179
stats: users 13633 15372
stats: {load,"os_mon@test2"} 1 2.12890625 0.0 2.12890625 0.46875 0.8854166666666666 15
stats: {freemem,"os_mon@test2"} 1 998.31640625 0.0 1529.234375 998.31640625 1340.4140625 15
stats: {recvpackets,"os_mon@test3"} 1 19494.0 0.0 19494 3500 13074.642857142857 14
stats: {sentpackets,"os_mon@test3"} 1 15366.0 0.0 15366 2402 9674.714285714286 14
stats: {cpu,"os_mon@test3"} 1 73.74739039665971 0.0 80.35069623517276 2.969300452944137 50.69645146084107 15
stats: {load,"os_mon@test4"} 1 1.578125 0.0 1.578125 0.33984375 0.7028645833333333 15
stats: {freemem,"os_mon@test4"} 1 969.79296875 0.0 1456.59375 969.79296875 1295.9125 15
stats: {freemem,"os_mon@myserver"} 1 2488.48828125 0.0 2510.8984375 2488.48828125 2500.6213541666666 15
stats: {recvpackets,"os_mon@test2"} 1 19494.0 0.0 19494 3484 13072.5 14
stats: {sentpackets,"os_mon@test2"} 1 15352.0 0.0 15352 2386 9673.285714285714 14
stats: {cpu,"os_mon@test2"} 1 81.93515182707154 0.0 81.93515182707154 2.3069207622868606 49.01841337817812 15
stats: {load,"os_mon@test3"} 1 1.62890625 0.0 2.3203125 0.96875 1.5044270833333333 15
stats: {freemem,"os_mon@test3"} 1 930.41796875 0.0 1509.60546875 930.41796875 1284.5138020833333 15
stats: {recvpackets,"os_mon@test4"} 1 19499.0 0.0 19499 3457 13065.785714285714 14
stats: {sentpackets,"os_mon@test4"} 1 15349.0 0.0 15349 2366 9668.42857142857 14
stats: {cpu,"os_mon@test4"} 1 84.34782608695653 0.0 84.34782608695653 2.0968547179231156 45.25029663783286 15
stats: {load,"os_mon@myserver"} 1 1.73046875 0.0 1.73046875 0.859375 1.2177083333333334 15
stats: {recvpackets,"os_mon@myserver"} 1 21628.0 0.0 21628 3638 13271.714285714286 14
stats: {sentpackets,"os_mon@myserver"} 1 16913.0 0.0 16913 2497 9856.214285714286 14
stats: {cpu,"os_mon@myserver"} 1 46.67596466759647 0.0 46.734364181860144 1.8085908063300677 27.13148014146184 15
stats: session 3483 39622.2982249582 32514.898693643907 127446.3408203125 17.673828125 21115.963521754842 28364
stats: users_count 2816 45480
stats: finish_users_count 3483 31847
stats: request 36035 2428.115683441988 5796.131518285308 70359.958984375 1.098876953125 1748.6927414869851 338443
stats: page 3461 36432.397250938506 30837.1145179353 127444.89697265625 16.33203125 20543.369687615428 28261
stats: connect 36022 2075.3444588427965 5674.607748181182 32553.7451171875 0.330078125 1367.0332573211767 338992
stats: 200 36035 374477
stats: size_rcv 4648515 48307533
stats: newphase 5 81
stats: size_sent 4779858 49771514
stats: connected -13 536
stats: error_connect_etimedout 223 4210
# stats: dump at 1338899189
stats: users 12876 15372
stats: {load,"os_mon@test2"} 1 2.51953125 0.0 2.51953125 0.46875 0.963134765625 16
stats: {freemem,"os_mon@test2"} 1 951.37890625 0.0 1529.234375 951.37890625 1319.032958984375 16
stats: {recvpackets,"os_mon@test3"} 1 18109.0 0.0 19494 3500 13502.6 15
stats: {sentpackets,"os_mon@test3"} 1 14579.0 0.0 15366 2402 10054.133333333333 15
stats: {cpu,"os_mon@test3"} 1 72.79874213836479 0.0 80.35069623517276 2.969300452944137 52.13713514432973 16
stats: {load,"os_mon@test4"} 1 1.73046875 0.0 1.73046875 0.33984375 0.757568359375 16
stats: {freemem,"os_mon@test4"} 1 928.66015625 0.0 1456.59375 928.66015625 1275.530029296875 16
stats: {freemem,"os_mon@myserver"} 1 2487.77734375 0.0 2510.8984375 2487.77734375 2499.863037109375 16
stats: {recvpackets,"os_mon@test2"} 1 1.81e4 0.0 19494 3484 13500.6 15
stats: {sentpackets,"os_mon@test2"} 1 14570.0 0.0 15352 2386 10051.866666666667 15
stats: {cpu,"os_mon@test2"} 1 79.81414558595766 0.0 81.93515182707154 2.3069207622868606 51.075709531233954 16
stats: {load,"os_mon@test3"} 1 1.83984375 0.0 2.3203125 0.96875 1.51220703125 16
stats: {freemem,"os_mon@test3"} 1 902.9140625 0.0 1509.60546875 902.9140625 1262.3828125 16
stats: {recvpackets,"os_mon@test4"} 1 18098.0 0.0 19499 3457 13494.666666666666 15
stats: {sentpackets,"os_mon@test4"} 1 14572.0 0.0 15349 2366 10047.133333333333 15
stats: {cpu,"os_mon@test4"} 1 76.38603696098562 0.0 84.34782608695653 2.0968547179231156 47.69389222840309 16
stats: {load,"os_mon@myserver"} 1 2.078125 0.0 2.078125 0.859375 1.249755859375 16
stats: {recvpackets,"os_mon@myserver"} 1 20471.0 0.0 21628 3638 13828.8 15
stats: {sentpackets,"os_mon@myserver"} 1 16539.0 0.0 16913 2497 10326.666666666666 15
stats: {cpu,"os_mon@myserver"} 1 46.74364896073903 0.0 46.74364896073903 1.8085908063300677 28.353010424345253 16
stats: session 3979 32516.739023488917 30348.263667059633 131868.05297851563 17.673828125 23139.939524871534 31847
stats: users_count 3222 48702
stats: finish_users_count 3979 35826
stats: request 36397 2003.6069470896703 4896.52858791614 73693.46215820313 1.098876953125 1814.0717643223682 374478
stats: page 3980 30901.557021619312 28446.647668967904 131866.12890625 16.33203125 22276.92760945709 31722
stats: connect 36365 1684.4115450419126 4808.475953719279 32553.7451171875 0.330078125 1435.0701468805314 375014
stats: 200 36397 410874
stats: size_rcv 4695213 53002746
stats: newphase 5 86
stats: size_sent 4827951 54599465
stats: connected -32 504
stats: error_connect_etimedout 482 4692
# stats: dump at 1338899199
stats: users 12620 15372
stats: {load,"os_mon@test2"} 1 2.51953125 0.0 2.51953125 0.46875 1.0546875 17
stats: {freemem,"os_mon@test2"} 1 908.765625 0.0 1529.234375 908.765625 1297.40625 17
stats: {recvpackets,"os_mon@test3"} 1 19836.0 0.0 19836 3500 13790.5 16
stats: {sentpackets,"os_mon@test3"} 1 16046.0 0.0 16046 2402 10336.9375 16
stats: {cpu,"os_mon@test3"} 1 70.76446280991735 0.0 80.35069623517276 2.969300452944137 53.352523791037676 17
stats: {load,"os_mon@test4"} 1 1.859375 0.0 1.859375 0.33984375 0.8147977941176471 17
stats: {freemem,"os_mon@test4"} 1 866.62109375 0.0 1456.59375 866.62109375 1255.125919117647 17
stats: {freemem,"os_mon@myserver"} 1 2487.83984375 0.0 2510.8984375 2487.77734375 2499.1521139705883 17
stats: {recvpackets,"os_mon@test2"} 1 19734.0 0.0 19734 3484 13788.0625 16
stats: {sentpackets,"os_mon@test2"} 1 15982.0 0.0 15982 2386 10334.25 16
stats: {cpu,"os_mon@test2"} 1 80.40816326530611 0.0 81.93515182707154 2.3069207622868606 52.76620576974712 17
stats: {load,"os_mon@test3"} 1 1.62890625 0.0 2.3203125 0.96875 1.5314797794117647 17
stats: {freemem,"os_mon@test3"} 1 869.4375 0.0 1509.60546875 869.4375 1241.2375919117646 17
stats: {recvpackets,"os_mon@test4"} 1 19604.0 0.0 19604 3457 13782.375 16
stats: {sentpackets,"os_mon@test4"} 1 15880.0 0.0 15880 2366 10329.9375 16
stats: {cpu,"os_mon@test4"} 1 78.91752577319588 0.0 84.34782608695653 2.0968547179231156 49.38166544796677 17
stats: {load,"os_mon@myserver"} 1 2.2109375 0.0 2.2109375 0.859375 1.298483455882353 17
stats: {recvpackets,"os_mon@myserver"} 1 22185.0 0.0 22185 3638 14243.9375 16
stats: {sentpackets,"os_mon@myserver"} 1 17881.0 0.0 17881 2497 10714.9375 16
stats: {cpu,"os_mon@myserver"} 1 46.546546546546544 0.0 46.74364896073903 1.8085908063300677 29.434812691191947 17
stats: session 4054 31512.66355151499 30557.564573171676 142743.72998046875 17.673828125 24181.36991634696 35826
stats: users_count 3798 52500
stats: finish_users_count 4054 39880
stats: request 36544 1865.589432464172 4838.143030257614 73693.46215820313 1.098876953125 1830.8615715561534 410875
stats: page 4071 29896.285043385185 28855.078414428546 140046.41088867188 16.33203125 23238.387053197093 35702
stats: connect 36483 1554.9961256971292 4763.672466357946 32553.7451171875 0.330078125 1457.1113787959637 411379
stats: 200 36544 447418
stats: size_rcv 4714176 57716922
stats: newphase 4 90
stats: size_sent 4842582 59442047
stats: connected -61 443
stats: error_connect_etimedout 1653 6345
# stats: dump at 1338899209
stats: users 14173 15372
stats: {load,"os_mon@test2"} 1 2.6796875 0.0 2.6796875 0.46875 1.1360677083333333 18
stats: {freemem,"os_mon@test2"} 1 852.14453125 0.0 1529.234375 852.14453125 1275.8151041666667 18
stats: {recvpackets,"os_mon@test3"} 1 20237.0 0.0 20237 3500 14146.117647058823 17
stats: {sentpackets,"os_mon@test3"} 1 16294.0 0.0 16294 2402 10672.764705882353 17
stats: {cpu,"os_mon@test3"} 1 71.47351861562665 0.0 80.35069623517276 2.969300452944137 54.319853736530995 18
stats: {load,"os_mon@test4"} 1 2.3203125 0.0 2.3203125 0.33984375 0.8728298611111112 18
stats: {freemem,"os_mon@test4"} 1 837.4765625 0.0 1456.59375 837.4765625 1233.5423177083333 18
stats: {freemem,"os_mon@myserver"} 1 2491.17578125 0.0 2510.8984375 2487.77734375 2498.5236545138887 18
stats: {recvpackets,"os_mon@test2"} 1 20340.0 0.0 20340 3484 14137.823529411764 17
stats: {sentpackets,"os_mon@test2"} 1 16363.0 0.0 16363 2386 10666.470588235294 17
stats: {cpu,"os_mon@test2"} 1 78.4090909090909 0.0 81.93515182707154 2.3069207622868606 54.30187007505595 18
stats: {load,"os_mon@test3"} 1 1.5390625 0.0 2.3203125 0.96875 1.5368923611111112 18
stats: {freemem,"os_mon@test3"} 1 827.09765625 0.0 1509.60546875 827.09765625 1220.58203125 18
stats: {recvpackets,"os_mon@test4"} 1 20454.0 0.0 20454 3457 14124.823529411764 17
stats: {sentpackets,"os_mon@test4"} 1 16443.0 0.0 16443 2366 10656.411764705883 17
stats: {cpu,"os_mon@test4"} 1 70.17726798748697 0.0 84.34782608695653 2.0968547179231156 51.02254657714616 18
stats: {load,"os_mon@myserver"} 1 2.03125 0.0 2.2109375 0.859375 1.3491753472222223 18
stats: {recvpackets,"os_mon@myserver"} 1 21199.0 0.0 22185 3638 14711.058823529413 17
stats: {sentpackets,"os_mon@myserver"} 1 16619.0 0.0 17881 2497 11136.470588235294 17
stats: {cpu,"os_mon@myserver"} 1 32.22808339613162 0.0 46.74364896073903 1.8085908063300677 30.385464572044977 18
stats: session 1617 34194.59881082225 31553.94112864938 161141.6650390625 17.673828125 24926.63231346259 39880
stats: users_count 3170 55670
stats: finish_users_count 1617 41497
stats: request 20077 2106.653030583243 4629.62863227372 73693.46215820313 1.098876953125 1833.6980513413719 447419
stats: page 1694 32943.41813924492 30394.624395545685 161139.958984375 16.33203125 23919.86199142292 39773
stats: connect 20414 1513.8711873208983 4510.918356488926 32553.7451171875 0.330078125 1465.0851055716116 447862
stats: 200 20077 467495
stats: size_rcv 2589933 60306855
stats: newphase 5 95
stats: size_sent 2708650 62150697
stats: connected 337 780
stats: error_connect_etimedout 1454 7799
# stats: dump at 1338899219
stats: users 14042 15372
stats: {load,"os_mon@test2"} 1 2.4296875 0.0 2.6796875 0.46875 1.217310855263158 19
stats: {freemem,"os_mon@test2"} 1 809.296875 0.0 1529.234375 809.296875 1253.5166529605262 19
stats: {recvpackets,"os_mon@test3"} 1 18247.0 0.0 20237 3500 14484.5 18
stats: {sentpackets,"os_mon@test3"} 1 14753.0 0.0 16294 2402 10985.055555555555 18
stats: {cpu,"os_mon@test3"} 1 59.3716719914803 0.0 80.35069623517276 2.969300452944137 55.22267820385182 19
stats: {load,"os_mon@test4"} 1 2.109375 0.0 2.3203125 0.33984375 0.9490131578947368 19
stats: {freemem,"os_mon@test4"} 1 782.03125 0.0 1456.59375 782.03125 1212.6967516447369 19
stats: {freemem,"os_mon@myserver"} 1 2487.796875 0.0 2510.8984375 2487.77734375 2498.1369243421054 19
stats: {recvpackets,"os_mon@test2"} 1 18011.0 0.0 20340 3484 14482.388888888889 18
stats: {sentpackets,"os_mon@test2"} 1 14416.0 0.0 16363 2386 10982.944444444445 18
stats: {cpu,"os_mon@test2"} 1 60.491190603310194 0.0 81.93515182707154 2.3069207622868606 55.5706711715841 19
stats: {load,"os_mon@test3"} 1 1.5390625 0.0 2.3203125 0.96875 1.5370065789473684 19
stats: {freemem,"os_mon@test3"} 1 772.82421875 0.0 1509.60546875 772.82421875 1199.8723273026317 19
stats: {recvpackets,"os_mon@test4"} 1 18025.0 0.0 20454 3457 14476.444444444445 18
stats: {sentpackets,"os_mon@test4"} 1 14433.0 0.0 16443 2366 10977.888888888889 18
stats: {cpu,"os_mon@test4"} 1 64.84942886812047 0.0 84.34782608695653 2.0968547179231156 52.03068980926936 19
stats: {load,"os_mon@myserver"} 1 2.25 0.0 2.25 0.859375 1.3850740131578947 19
stats: {recvpackets,"os_mon@myserver"} 1 19050.0 0.0 22185 3638 15071.5 18
stats: {sentpackets,"os_mon@myserver"} 1 15674.0 0.0 17881 2497 11441.055555555555 18
stats: {cpu,"os_mon@myserver"} 1 40.996343692870205 0.0 46.74364896073903 1.8085908063300677 30.482444510154803 19
stats: session 3379 42486.99895154647 37051.721983464886 167103.60205078125 17.673828125 25287.774126755856 41497
stats: users_count 3248 58918
stats: finish_users_count 3379 44876
stats: request 36163 1994.1809902764517 4320.695104989993 73693.46215820313 1.098876953125 1845.4203272929074 467496
stats: page 3319 40411.140440368355 36547.7924082365 167101.94799804688 16.33203125 24288.49015633503 41467
stats: connect 35939 1634.949630091528 4118.807047876125 32553.7451171875 0.330078125 1467.2118835248484 468276
stats: 200 36163 503658
stats: size_rcv 4665027 64971882
stats: newphase 5 100
stats: size_sent 4768849 66919546
stats: connected -225 555
stats: error_connect_etimedout 1018 8817
stats: error_abort 1 1
EndMonitor:{1338,899219,745379}
