# stats: dump at 1338980517
stats: users 0 0
# stats: dump at 1338980527
stats: users 4 9
stats: {load,"os_mon@test2"} 1 2.01953125 0 2.01953125 2.01953125 0 0
stats: {freemem,"os_mon@test2"} 1 1428.3359375 0 1428.3359375 1428.3359375 0 0
stats: {cpu,"os_mon@test3"} 1 3.202846975088968 0 3.202846975088968 3.202846975088968 0 0
stats: {load,"os_mon@test4"} 1 1.46875 0 1.46875 1.46875 0 0
stats: {freemem,"os_mon@test4"} 1 1406.3828125 0 1406.3828125 1406.3828125 0 0
stats: {freemem,"os_mon@myserver"} 1 2114.6640625 0 2114.6640625 2114.6640625 0 0
stats: {load,"os_mon@test3"} 1 1.9609375 0 1.9609375 1.9609375 0 0
stats: {cpu,"os_mon@test2"} 1 2.1838496698831893 0 2.1838496698831893 2.1838496698831893 0 0
stats: {freemem,"os_mon@test3"} 1 1416.62109375 0 1416.62109375 1416.62109375 0 0
stats: {cpu,"os_mon@test4"} 1 1.8715225088517955 0 1.8715225088517955 1.8715225088517955 0 0
stats: {load,"os_mon@myserver"} 1 2.73828125 0 2.73828125 2.73828125 0 0
stats: {cpu,"os_mon@myserver"} 1 1.9572953736654803 0 1.9572953736654803 1.9572953736654803 0 0
stats: session 588 24.294246336229797 3.5755394361464043 42.801025390625 16.928955078125 0 0
stats: users_count 592 592
stats: finish_users_count 588 588
stats: request 5835 2.08369178281652 0.5200298774367244 6.513916015625 1.153076171875 0 0
stats: page 580 22.11900971511315 3.1505872931315206 39.490966796875 15.011962890625 0 0
stats: connect 5837 0.9503473095928987 0.2963946657181724 5.26611328125 0.410888671875 0 0
stats: 200 5835 5835
stats: size_rcv 741045 741045
stats: size_sent 774511 774511
stats: connected 2 2
# stats: dump at 1338980537
stats: users 14 25
stats: {load,"os_mon@test2"} 1 1.859375 0.0 2.01953125 1.859375 2.01953125 1
stats: {recvpackets,"os_mon@test3"} 1 3433 0 3433 3433 0 0
stats: {sentpackets,"os_mon@test3"} 1 2369 0 2369 2369 0 0
stats: {freemem,"os_mon@test2"} 1 1433.58203125 0.0 1433.58203125 1428.3359375 1428.3359375 1
stats: {cpu,"os_mon@test3"} 1 19.41448382126348 0.0 19.41448382126348 3.202846975088968 3.202846975088968 1
stats: {load,"os_mon@test4"} 1 1.25 0.0 1.46875 1.25 1.46875 1
stats: {freemem,"os_mon@test4"} 1 1411.29296875 0.0 1411.29296875 1406.3828125 1406.3828125 1
stats: {freemem,"os_mon@myserver"} 1 2122.921875 0.0 2122.921875 2114.6640625 2114.6640625 1
stats: {recvpackets,"os_mon@test2"} 1 3458 0 3458 3458 0 0
stats: {sentpackets,"os_mon@test2"} 1 2375 0 2375 2375 0 0
stats: {load,"os_mon@test3"} 1 1.66015625 0.0 1.9609375 1.66015625 1.9609375 1
stats: {cpu,"os_mon@test2"} 1 11.889168765743072 0.0 11.889168765743072 2.1838496698831893 2.1838496698831893 1
stats: {freemem,"os_mon@test3"} 1 1421.125 0.0 1421.125 1416.62109375 1416.62109375 1
stats: {recvpackets,"os_mon@test4"} 1 3403 0 3403 3403 0 0
stats: {sentpackets,"os_mon@test4"} 1 2345 0 2345 2345 0 0
stats: {cpu,"os_mon@test4"} 1 11.10550227158001 0.0 11.10550227158001 1.8715225088517955 1.8715225088517955 1
stats: {load,"os_mon@myserver"} 1 2.48046875 0.0 2.73828125 2.48046875 2.73828125 1
stats: {recvpackets,"os_mon@myserver"} 1 3605 0 3605 3605 0 0
stats: {sentpackets,"os_mon@myserver"} 1 2474 0 2474 2474 0 0
stats: {cpu,"os_mon@myserver"} 1 18.595351162209447 0.0 18.595351162209447 1.9572953736654803 1.9572953736654803 1
stats: session 1497 35.175005936351845 186.91072509998438 6932.60302734375 16.763916015625 24.294246336229797 588
stats: users_count 1507 2099
stats: finish_users_count 1497 2085
stats: 200 14990 20825
stats: request 14990 3.1812929974149498 59.02078286688975 6912.802001953125 1.14697265625 2.08369178281652 5835
stats: page 1495 33.23216564982232 187.01343406820166 6931.1298828125 15.011962890625 22.11900971511315 580
stats: connect 14999 1.222219290530826 11.67419328348355 1010.31396484375 0.410888671875 0.9503473095928987 5837
stats: size_rcv 1903730 2644775
stats: newphase 6 6
stats: size_sent 1990957 2765468
stats: connected 9 11
# stats: dump at 1338980547
stats: users 119 152
stats: {load,"os_mon@test2"} 1 1.6484375 0.0 2.01953125 1.6484375 1.939453125 2
stats: {recvpackets,"os_mon@test3"} 1 7351.0 0.0 7351 3433 3433.0 1
stats: {sentpackets,"os_mon@test3"} 1 4928.0 0.0 4928 2369 2369.0 1
stats: {freemem,"os_mon@test2"} 1 1434.25 0.0 1434.25 1428.3359375 1430.958984375 2
stats: {cpu,"os_mon@test3"} 1 36.33056133056133 0.0 36.33056133056133 3.202846975088968 11.308665398176224 2
stats: {load,"os_mon@test4"} 1 1.05859375 0.0 1.46875 1.05859375 1.359375 2
stats: {freemem,"os_mon@test4"} 1 1410.71484375 0.0 1411.29296875 1406.3828125 1408.837890625 2
stats: {freemem,"os_mon@myserver"} 1 2134.97265625 0.0 2134.97265625 2114.6640625 2118.79296875 2
stats: {recvpackets,"os_mon@test2"} 1 7349.0 0.0 7349 3458 3458.0 1
stats: {sentpackets,"os_mon@test2"} 1 4929.0 0.0 4929 2375 2375.0 1
stats: {load,"os_mon@test3"} 1 1.55859375 0.0 1.9609375 1.55859375 1.810546875 2
stats: {cpu,"os_mon@test2"} 1 31.560102301790284 0.0 31.560102301790284 2.1838496698831893 7.036509217813131 2
stats: {freemem,"os_mon@test3"} 1 1421.2734375 0.0 1421.2734375 1416.62109375 1418.873046875 2
stats: {recvpackets,"os_mon@test4"} 1 7333.0 0.0 7333 3403 3403.0 1
stats: {sentpackets,"os_mon@test4"} 1 4914.0 0.0 4914 2345 2345.0 1
stats: {cpu,"os_mon@test4"} 1 29.45066124109868 0.0 29.45066124109868 1.8715225088517955 6.488512390215902 2
stats: {load,"os_mon@myserver"} 1 2.1015625 0.0 2.73828125 2.1015625 2.609375 2
stats: {recvpackets,"os_mon@myserver"} 1 7477.0 0.0 7477 3605 3605.0 1
stats: {sentpackets,"os_mon@myserver"} 1 5012.0 0.0 5012 2474 2474.0 1
stats: {cpu,"os_mon@myserver"} 1 36.149068322981364 0.0 36.149068322981364 1.9572953736654803 10.276323267937464 2
stats: session 2273 142.85493417547715 253.53432723800498 6932.60302734375 16.756103515625 32.10647517142534 2085
stats: users_count 2378 4477
stats: finish_users_count 2273 4358
stats: request 23255 14.458006657674435 69.16652661320333 6912.802001953125 1.1259765625 2.8737538335646815 20825
stats: page 2277 139.86455534883484 252.43525772142596 6931.1298828125 14.826904296875 30.12583772590361 2075
stats: connect 23311 7.644942511381443 56.744374418102566 1028.744140625 0.4091796875 1.1460570351682478 20836
stats: 200 23255 44080
stats: size_rcv 2953385 5598160
stats: newphase 6 12
stats: size_sent 3096133 5861601
stats: connected 56 67
# stats: dump at 1338980557
stats: users 562 562
stats: {load,"os_mon@test2"} 1 1.62890625 0.0 2.01953125 1.62890625 1.8424479166666667 3
stats: {recvpackets,"os_mon@test3"} 1 10930.0 0.0 10930 3433 5392.0 2
stats: {sentpackets,"os_mon@test3"} 1 7254.0 0.0 7254 2369 3648.5 2
stats: {freemem,"os_mon@test2"} 1 1431.98828125 0.0 1434.25 1428.3359375 1432.0559895833333 3
stats: {cpu,"os_mon@test3"} 1 52.006253256904635 0.0 52.006253256904635 3.202846975088968 19.649297375637925 3
stats: {load,"os_mon@test4"} 1 0.890625 0.0 1.46875 0.890625 1.2591145833333333 3
stats: {freemem,"os_mon@test4"} 1 1408.53515625 0.0 1411.29296875 1406.3828125 1409.4635416666667 3
stats: {freemem,"os_mon@myserver"} 1 2146.66015625 0.0 2146.66015625 2114.6640625 2124.1861979166665 3
stats: {recvpackets,"os_mon@test2"} 1 10919.0 0.0 10919 3458 5403.5 2
stats: {sentpackets,"os_mon@test2"} 1 7246.0 0.0 7246 2375 3652.0 2
stats: {load,"os_mon@test3"} 1 1.390625 0.0 1.9609375 1.390625 1.7265625 3
stats: {cpu,"os_mon@test2"} 1 47.73429454170957 0.0 47.73429454170957 2.1838496698831893 15.211040245805515 3
stats: {freemem,"os_mon@test3"} 1 1419.59765625 0.0 1421.2734375 1416.62109375 1419.6731770833333 3
stats: {recvpackets,"os_mon@test4"} 1 10918.0 0.0 10918 3403 5368.0 2
stats: {sentpackets,"os_mon@test4"} 1 7249.0 0.0 7249 2345 3629.5 2
stats: {cpu,"os_mon@test4"} 1 40.694660445826855 0.0 40.694660445826855 1.8715225088517955 14.142562007176828 3
stats: {load,"os_mon@myserver"} 1 2.3203125 0.0 2.73828125 2.1015625 2.4401041666666665 3
stats: {recvpackets,"os_mon@myserver"} 1 11070.0 0.0 11070 3605 5541.0 2
stats: {sentpackets,"os_mon@myserver"} 1 7348.0 0.0 7348 2474 3743.0 2
stats: {cpu,"os_mon@myserver"} 1 55.83858764186633 0.0 55.83858764186633 1.9572953736654803 18.900571619618763 3
stats: session 2830 767.5990944366974 839.4752885322334 21789.44287109375 16.756103515625 89.86949658404804 4358
stats: users_count 3273 7750
stats: finish_users_count 2830 7188
stats: request 29767 80.97253995779985 282.61889112874087 21344.72607421875 1.1259765625 8.985183040113508 44080
stats: page 2789 742.5376990240696 798.215951079473 21788.110107421875 14.826904296875 87.54198203367346 4352
stats: connect 29983 37.96876896419682 111.37449989690127 3048.920166015625 0.4091796875 4.577672305424568 44147
stats: 200 29767 73847
stats: size_rcv 3780409 9378569
stats: newphase 6 18
stats: size_sent 3974813 9836414
stats: connected 216 283
# stats: dump at 1338980567
stats: users 2069 2073
stats: {load,"os_mon@test2"} 1 1.609375 0.0 2.01953125 1.609375 1.7890625 4
stats: {recvpackets,"os_mon@test3"} 1 13960.0 0.0 13960 3433 7238.0 3
stats: {sentpackets,"os_mon@test3"} 1 9340.0 0.0 9340 2369 4850.333333333333 3
stats: {freemem,"os_mon@test2"} 1 1422.640625 0.0 1434.25 1422.640625 1432.0390625 4
stats: {cpu,"os_mon@test3"} 1 61.19010005265929 0.0 61.19010005265929 3.202846975088968 27.7385363459546 4
stats: {load,"os_mon@test4"} 1 0.98046875 0.0 1.46875 0.890625 1.1669921875 4
stats: {freemem,"os_mon@test4"} 1 1403.17578125 0.0 1411.29296875 1403.17578125 1409.2314453125 4
stats: {freemem,"os_mon@myserver"} 1 2154.8046875 0.0 2154.8046875 2114.6640625 2129.8046875 4
stats: {recvpackets,"os_mon@test2"} 1 14009.0 0.0 14009 3458 7242.0 3
stats: {sentpackets,"os_mon@test2"} 1 9371.0 0.0 9371 2375 4850.0 3
stats: {load,"os_mon@test3"} 1 1.328125 0.0 1.9609375 1.328125 1.642578125 4
stats: {cpu,"os_mon@test2"} 1 56.029106029106025 0.0 56.029106029106025 2.1838496698831893 23.34185381978153 4
stats: {freemem,"os_mon@test3"} 1 1413.25390625 0.0 1421.2734375 1413.25390625 1419.654296875 4
stats: {recvpackets,"os_mon@test4"} 1 13938.0 0.0 13938 3403 7218.0 3
stats: {sentpackets,"os_mon@test4"} 1 9325.0 0.0 9325 2345 4836.0 3
stats: {cpu,"os_mon@test4"} 1 52.34933605720122 0.0 52.34933605720122 1.8715225088517955 20.780586616839337 4
stats: {load,"os_mon@myserver"} 1 2.48046875 0.0 2.73828125 2.1015625 2.41015625 4
stats: {recvpackets,"os_mon@myserver"} 1 14615.0 0.0 14615 3605 7384.0 3
stats: {sentpackets,"os_mon@myserver"} 1 9776.0 0.0 9776 2474 4944.666666666667 3
stats: {cpu,"os_mon@myserver"} 1 69.12935323383084 0.0 69.12935323383084 1.9572953736654803 28.135075625180654 4
stats: session 2588 2893.0374037965166 1798.2698017724392 31320.282958984375 16.756103515625 356.69959701852184 7188
stats: users_count 4095 11845
stats: finish_users_count 2588 9776
stats: request 31127 339.17887541300274 501.0895873758618 26404.616943359375 1.1259765625 38.00257918848473 73847
stats: page 2557 2822.9803793813544 1755.1021925688126 31318.502197265625 14.826904296875 343.35812188610515 7141
stats: connect 31930 158.8123164778184 194.17181606250986 4234.181884765625 0.4091796875 18.08320651721424 74130
stats: 200 31127 104974
stats: size_rcv 3953129 13331698
stats: newphase 6 24
stats: size_sent 4238699 14075113
stats: connected 803 1086
# stats: dump at 1338980577
stats: users 4195 4393
stats: {load,"os_mon@test2"} 1 1.58984375 0.0 2.01953125 1.58984375 1.753125 5
stats: {recvpackets,"os_mon@test3"} 1 16035.0 0.0 16035 3433 8918.5 4
stats: {sentpackets,"os_mon@test3"} 1 10791.0 0.0 10791 2369 5972.75 4
stats: {freemem,"os_mon@test2"} 1 1402.11328125 0.0 1434.25 1402.11328125 1430.159375 5
stats: {cpu,"os_mon@test3"} 1 67.1866874674987 0.0 67.1866874674987 3.202846975088968 34.42884908729554 5
stats: {load,"os_mon@test4"} 1 1.0703125 0.0 1.46875 0.890625 1.1296875 5
stats: {freemem,"os_mon@test4"} 1 1379.390625 0.0 1411.29296875 1379.390625 1408.0203125 5
stats: {freemem,"os_mon@myserver"} 1 2151.796875 0.0 2154.8046875 2114.6640625 2134.8046875 5
stats: {recvpackets,"os_mon@test2"} 1 16058.0 0.0 16058 3458 8933.75 4
stats: {sentpackets,"os_mon@test2"} 1 10814.0 0.0 10814 2375 5980.25 4
stats: {load,"os_mon@test3"} 1 1.3515625 0.0 1.9609375 1.328125 1.5796875 5
stats: {cpu,"os_mon@test2"} 1 54.35342606903658 0.0 56.029106029106025 2.1838496698831893 29.87930426164643 5
stats: {freemem,"os_mon@test3"} 1 1390.7421875 0.0 1421.2734375 1390.7421875 1418.37421875 5
stats: {recvpackets,"os_mon@test4"} 1 16065.0 0.0 16065 3403 8898.0 4
stats: {sentpackets,"os_mon@test4"} 1 10807.0 0.0 10807 2345 5958.25 4
stats: {cpu,"os_mon@test4"} 1 58.443540183112916 0.0 58.443540183112916 1.8715225088517955 27.094336504911713 5
stats: {load,"os_mon@myserver"} 1 2.5703125 0.0 2.73828125 2.1015625 2.42421875 5
stats: {recvpackets,"os_mon@myserver"} 1 17935.0 0.0 17935 3605 9191.75 4
stats: {sentpackets,"os_mon@myserver"} 1 12072.0 0.0 12072 2474 6152.5 4
stats: {cpu,"os_mon@myserver"} 1 70.3110704483074 0.0 70.3110704483074 1.9572953736654803 36.33393114691069 5
stats: session 2271 6435.2155768169 2517.9263280568857 31320.282958984375 16.756103515625 1028.1441800730893 9776
stats: users_count 4397 16242
stats: finish_users_count 2271 12047
stats: request 31430 804.0142614866487 1109.406193659813 30170.5 1.1259765625 127.30768876400411 104974
stats: page 2234 6282.170645226296 2476.4432216746886 31318.502197265625 14.826904296875 997.1418002131162 9698
stats: connect 33422 330.81253054131815 437.16592216029545 7223.15087890625 0.4091796875 60.4505502947184 106060
stats: 200 31430 136404
stats: size_rcv 3991610 17323308
stats: newphase 6 30
stats: size_sent 4435258 18510371
stats: connected 1991 3077
# stats: dump at 1338980587
stats: users 4493 4622
stats: {load,"os_mon@test2"} 1 1.421875 0.0 2.01953125 1.421875 1.7259114583333333 6
stats: {recvpackets,"os_mon@test3"} 1 16045.0 0.0 16045 3433 10341.8 5
stats: {sentpackets,"os_mon@test3"} 1 11010.0 0.0 11010 2369 6936.4 5
stats: {freemem,"os_mon@test2"} 1 1373.03125 0.0 1434.25 1373.03125 1425.4850260416667 6
stats: {cpu,"os_mon@test3"} 1 65.96528143082588 0.0 67.1866874674987 3.202846975088968 39.888488817329396 6
stats: {load,"os_mon@test4"} 1 0.8984375 0.0 1.46875 0.890625 1.1197916666666667 6
stats: {freemem,"os_mon@test4"} 1 1352.0390625 0.0 1411.29296875 1352.0390625 1403.2486979166667 6
stats: {freemem,"os_mon@myserver"} 1 2138.19140625 0.0 2154.8046875 2114.6640625 2137.63671875 6
stats: {recvpackets,"os_mon@test2"} 1 16019.0 0.0 16058 3458 10358.6 5
stats: {sentpackets,"os_mon@test2"} 1 10996.0 0.0 10996 2375 6947.0 5
stats: {load,"os_mon@test3"} 1 1.37890625 0.0 1.9609375 1.328125 1.5416666666666667 6
stats: {cpu,"os_mon@test2"} 1 61.02564102564103 0.0 61.02564102564103 2.1838496698831893 33.95832456287812 6
stats: {freemem,"os_mon@test3"} 1 1338.3203125 0.0 1421.2734375 1338.3203125 1413.7688802083333 6
stats: {recvpackets,"os_mon@test4"} 1 16028.0 0.0 16065 3403 10331.4 5
stats: {sentpackets,"os_mon@test4"} 1 11002.0 0.0 11002 2345 6928.0 5
stats: {cpu,"os_mon@test4"} 1 58.09426229508197 0.0 58.443540183112916 1.8715225088517955 32.319203784611915 6
stats: {load,"os_mon@myserver"} 1 2.859375 0.0 2.859375 2.1015625 2.4485677083333335 6
stats: {recvpackets,"os_mon@myserver"} 1 15727.0 0.0 17935 3605 10940.4 5
stats: {sentpackets,"os_mon@myserver"} 1 11061.0 0.0 12072 2474 7336.4 5
stats: {cpu,"os_mon@myserver"} 1 71.31248460970204 0.0 71.31248460970204 1.9572953736654803 41.996787697143475 6
stats: session 3068 9949.831119383178 4088.19768682083 44627.407958984375 16.756103515625 2047.4401991654104 12047
stats: users_count 3366 19608
stats: finish_users_count 3068 15115
stats: request 32755 1117.1679717612233 1895.5302732358427 36581.632080078125 1.1259765625 283.23337701854734 136404
stats: page 3070 9850.756493822542 3967.7052610384744 44624.546875 14.826904296875 1986.645189398453 11932
stats: connect 33099 288.6968296917363 490.44998648793853 16339.8349609375 0.4091796875 125.23337606293117 139482
stats: 200 32755 169159
stats: size_rcv 4159885 21483193
stats: newphase 6 36
stats: size_sent 4393753 22904124
stats: connected 344 3421
# stats: dump at 1338980597
stats: users 4308 4800
stats: {load,"os_mon@test2"} 1 1.44140625 0.0 2.01953125 1.421875 1.6824776785714286 7
stats: {recvpackets,"os_mon@test3"} 1 13718.0 0.0 16045 3433 11292.333333333334 6
stats: {sentpackets,"os_mon@test3"} 1 9922.0 0.0 11010 2369 7615.333333333333 6
stats: {freemem,"os_mon@test2"} 1 1348.4296875 0.0 1434.25 1348.4296875 1417.9916294642858 7
stats: {cpu,"os_mon@test3"} 1 73.2678386763185 0.0 73.2678386763185 3.202846975088968 43.613744904971746 7
stats: {load,"os_mon@test4"} 1 0.98828125 0.0 1.46875 0.890625 1.0881696428571428 7
stats: {freemem,"os_mon@test4"} 1 1349.23828125 0.0 1411.29296875 1349.23828125 1395.9330357142858 7
stats: {freemem,"os_mon@myserver"} 1 2143.17578125 0.0 2154.8046875 2114.6640625 2137.7159598214284 7
stats: {recvpackets,"os_mon@test2"} 1 13701.0 0.0 16058 3458 11302.0 6
stats: {sentpackets,"os_mon@test2"} 1 9911.0 0.0 10996 2375 7621.833333333333 6
stats: {load,"os_mon@test3"} 1 1.23828125 0.0 1.9609375 1.23828125 1.5184151785714286 7
stats: {cpu,"os_mon@test2"} 1 58.27300930713547 0.0 61.02564102564103 2.1838496698831893 37.825084057558534 7
stats: {freemem,"os_mon@test3"} 1 1299.96875 0.0 1421.2734375 1299.96875 1402.990513392857 7
stats: {recvpackets,"os_mon@test4"} 1 13730.0 0.0 16065 3403 11280.833333333334 6
stats: {sentpackets,"os_mon@test4"} 1 9928.0 0.0 11002 2345 7607.0 6
stats: {cpu,"os_mon@test4"} 1 52.2517911975435 0.0 58.443540183112916 1.8715225088517955 36.00135500039335 7
stats: {load,"os_mon@myserver"} 1 3.03125 0.0 3.03125 2.1015625 2.5072544642857144 7
stats: {recvpackets,"os_mon@myserver"} 1 16732.0 0.0 17935 3605 11738.166666666666 6
stats: {sentpackets,"os_mon@myserver"} 1 11883.0 0.0 12072 2474 7957.166666666667 6
stats: {cpu,"os_mon@myserver"} 1 70.2485380116959 0.0 71.31248460970204 1.9572953736654803 46.18474439893755 7
stats: session 3204 11942.5134447267 6054.56012108496 44627.407958984375 16.756103515625 3651.445183831511 15115
stats: users_count 3019 22627
stats: finish_users_count 3204 18319
stats: request 32443 1269.3066143996155 2250.4716547269095 36581.632080078125 1.1259765625 444.71179466582805 169159
stats: page 3181 11879.520578422154 6031.90022999683 44624.546875 14.826904296875 3595.9520621208867 15002
stats: connect 32277 314.9385328607493 584.8730937332436 31264.927001953125 0.4091796875 156.58373822133692 172581
stats: 200 32443 201602
stats: size_rcv 4120261 25603454
stats: newphase 6 42
stats: size_sent 4282911 27187035
stats: connected -166 3255
# stats: dump at 1338980607
stats: users 4872 5328
stats: {load,"os_mon@test2"} 1 1.21875 0.0 2.01953125 1.21875 1.65234375 8
stats: {recvpackets,"os_mon@test3"} 1 16011.0 0.0 16045 3433 11638.857142857143 7
stats: {sentpackets,"os_mon@test3"} 1 11520.0 0.0 11520 2369 7944.857142857143 7
stats: {freemem,"os_mon@test2"} 1 1337.24609375 0.0 1434.25 1337.24609375 1409.29638671875 8
stats: {cpu,"os_mon@test3"} 1 66.89330543933055 0.0 73.2678386763185 3.202846975088968 47.32050662639009 8
stats: {load,"os_mon@test4"} 1 1.0703125 0.0 1.46875 0.890625 1.07568359375 8
stats: {freemem,"os_mon@test4"} 1 1291.3515625 0.0 1411.29296875 1291.3515625 1390.09619140625 8
stats: {freemem,"os_mon@myserver"} 1 2140.05859375 0.0 2154.8046875 2114.6640625 2138.3984375 8
stats: {recvpackets,"os_mon@test2"} 1 16474.0 0.0 16474 3458 11644.714285714286 7
stats: {sentpackets,"os_mon@test2"} 1 11857.0 0.0 11857 2375 7948.857142857143 7
stats: {load,"os_mon@test3"} 1 1.19921875 0.0 1.9609375 1.19921875 1.4833984375 8
stats: {cpu,"os_mon@test2"} 1 52.49500998003992 0.0 61.02564102564103 2.1838496698831893 40.38107471375565 8
stats: {freemem,"os_mon@test3"} 1 1281.546875 0.0 1421.2734375 1281.546875 1390.11279296875 8
stats: {recvpackets,"os_mon@test4"} 1 15968.0 0.0 16065 3403 11630.714285714286 7
stats: {sentpackets,"os_mon@test4"} 1 11491.0 0.0 11491 2345 7938.571428571428 7
stats: {cpu,"os_mon@test4"} 1 74.48979591836735 0.0 74.48979591836735 1.8715225088517955 38.03265952503712 8
stats: {load,"os_mon@myserver"} 1 3.1015625 0.0 3.1015625 2.1015625 2.57275390625 8
stats: {recvpackets,"os_mon@myserver"} 1 16507.0 0.0 17935 3605 12451.57142857143 7
stats: {sentpackets,"os_mon@myserver"} 1 12014.0 0.0 12072 2474 8518.0 7
stats: {cpu,"os_mon@myserver"} 1 70.73621047772906 0.0 71.31248460970204 1.9572953736654803 49.192718600532345 8
stats: session 2879 13441.468593797483 7826.851052635856 62948.89990234375 16.756103515625 5101.556145560218 18319
stats: users_count 3443 26070
stats: finish_users_count 2879 21198
stats: request 32061 1405.1849082227345 2719.3574792557406 51852.14794921875 1.1259765625 577.4105265068974 201602
stats: page 2894 13326.2352564877 7743.330175947424 62947.30810546875 14.826904296875 5045.10959665063 18183
stats: 200 32061 233663
stats: connect 32136 315.6717899503879 454.1595849227909 31264.927001953125 0.4091796875 181.53378999659745 204858
stats: size_rcv 4071747 29675201
stats: newphase 5 47
stats: size_sent 4263536 31450571
stats: connected 75 3330
# stats: dump at 1338980617
stats: users 5526 5526
stats: {load,"os_mon@test2"} 1 1.5 0.0 2.01953125 1.21875 1.6041666666666667 9
stats: {recvpackets,"os_mon@test3"} 1 14353.0 0.0 16045 3433 12185.375 8
stats: {sentpackets,"os_mon@test3"} 1 10557.0 0.0 11520 2369 8391.75 8
stats: {freemem,"os_mon@test2"} 1 1285.0703125 0.0 1434.25 1285.0703125 1401.290798611111 9
stats: {cpu,"os_mon@test3"} 1 56.95674830640959 0.0 73.2678386763185 3.202846975088968 49.495262050050144 9
stats: {load,"os_mon@test4"} 1 1.140625 0.0 1.46875 0.890625 1.0750868055555556 9
stats: {freemem,"os_mon@test4"} 1 1241.859375 0.0 1411.29296875 1241.859375 1379.1245659722222 9
stats: {freemem,"os_mon@myserver"} 1 2139.328125 0.0 2154.8046875 2114.6640625 2138.5828993055557 9
stats: {recvpackets,"os_mon@test2"} 1 14089.0 0.0 16474 3458 12248.375 8
stats: {sentpackets,"os_mon@test2"} 1 10449.0 0.0 11857 2375 8437.375 8
stats: {load,"os_mon@test3"} 1 1.48046875 0.0 1.9609375 1.19921875 1.4518229166666667 9
stats: {cpu,"os_mon@test2"} 1 69.27003573251659 0.0 69.27003573251659 2.1838496698831893 41.727067521120574 9
stats: {freemem,"os_mon@test3"} 1 1270.78515625 0.0 1421.2734375 1270.78515625 1378.0499131944443 9
stats: {recvpackets,"os_mon@test4"} 1 14388.0 0.0 16065 3403 12172.875 8
stats: {sentpackets,"os_mon@test4"} 1 10575.0 0.0 11491 2345 8382.625 8
stats: {cpu,"os_mon@test4"} 1 69.95329527763363 0.0 74.48979591836735 1.8715225088517955 42.08345245762936 9
stats: {load,"os_mon@myserver"} 1 3.23046875 0.0 3.23046875 2.1015625 2.6315104166666665 9
stats: {recvpackets,"os_mon@myserver"} 1 18003.0 0.0 18003 3605 12958.5 8
stats: {sentpackets,"os_mon@myserver"} 1 13222.0 0.0 13222 2474 8955.0 8
stats: {cpu,"os_mon@myserver"} 1 70.05780346820809 0.0 71.31248460970204 1.9572953736654803 51.58643992022087 9
stats: session 3020 14189.763041070612 8574.34350845096 72295.78100585938 16.756103515625 6234.238848573478 21198
stats: users_count 3674 29744
stats: finish_users_count 3020 24218
stats: request 31824 1423.3296413891567 2940.092955624822 69735.27587890625 1.1259765625 690.9898028672602 233663
stats: page 3043 14202.527600246087 8542.61631319174 72293.0791015625 14.826904296875 6182.158401488533 21077
stats: connect 32195 270.70701677370334 362.46223290668144 31264.927001953125 0.4091796875 199.72268408891628 236994
stats: 200 31824 265487
stats: size_rcv 4041648 33716849
stats: newphase 4 51
stats: size_sent 4271222 35721793
stats: connected 371 3701
# stats: dump at 1338980627
stats: users 5396 5712
stats: {load,"os_mon@test2"} 1 1.3515625 0.0 2.01953125 1.21875 1.59375 10
stats: {recvpackets,"os_mon@test3"} 1 16390.0 0.0 16390 3433 12426.222222222223 9
stats: {sentpackets,"os_mon@test3"} 1 12078.0 0.0 12078 2369 8632.333333333334 9
stats: {freemem,"os_mon@test2"} 1 1237.2421875 0.0 1434.25 1237.2421875 1389.66875 10
stats: {cpu,"os_mon@test3"} 1 77.26804123711341 0.0 77.26804123711341 3.202846975088968 50.24141067568608 10
stats: {load,"os_mon@test4"} 1 1.19921875 0.0 1.46875 0.890625 1.081640625 10
stats: {freemem,"os_mon@test4"} 1 1221.875 0.0 1411.29296875 1221.875 1365.398046875 10
stats: {freemem,"os_mon@myserver"} 0 0 0 2154.8046875 2114.6640625 2138.657421875 10
stats: {recvpackets,"os_mon@test2"} 1 16419.0 0.0 16474 3458 12452.888888888889 9
stats: {sentpackets,"os_mon@test2"} 1 12035.0 0.0 12035 2375 8660.888888888889 9
stats: {load,"os_mon@test3"} 1 1.62890625 0.0 1.9609375 1.19921875 1.4546875 10
stats: {cpu,"os_mon@test2"} 1 65.52254098360656 0.0 69.27003573251659 2.1838496698831893 44.48136434226018 10
stats: {freemem,"os_mon@test3"} 1 1208.734375 0.0 1421.2734375 1208.734375 1367.3234375 10
stats: {recvpackets,"os_mon@test4"} 1 16376.0 0.0 16376 3403 12419.0 9
stats: {sentpackets,"os_mon@test4"} 1 12068.0 0.0 12068 2345 8626.222222222223 9
stats: {cpu,"os_mon@test4"} 1 62.18573627501283 0.0 74.48979591836735 1.8715225088517955 44.870436739629795 10
stats: {load,"os_mon@myserver"} 0 0 0 3.23046875 2.1015625 2.69140625 10
stats: {recvpackets,"os_mon@myserver"} 0 0 0 18003 3605 13519.0 9
stats: {sentpackets,"os_mon@myserver"} 0 0 0 13222 2474 9429.111111111111 9
stats: {cpu,"os_mon@myserver"} 0 0 0 71.31248460970204 1.9572953736654803 53.4335762750196 10
stats: session 3206 15166.11642309464 9418.737083247652 72295.78100585938 16.756103515625 7226.297774221399 24218
stats: users_count 3076 32820
stats: finish_users_count 3206 27424
stats: 200 32541 298028
stats: connect 32824 325.01926815024524 513.2867408249903 31264.927001953125 0.4091796875 208.21240911774998 269189
stats: page 3213 15067.713448356777 9314.599089687346 72293.0791015625 14.826904296875 7194.015096008402 24120
stats: request 32541 1597.3486492130871 3313.099898170347 69735.27587890625 1.1259765625 778.7755815348442 265487
stats: size_rcv 4132707 37849556
stats: newphase 5 56
stats: size_sent 4355911 40077704
stats: connected 282 3983
# stats: dump at 1338980637
stats: users 5691 5927
stats: {load,"os_mon@test2"} 1 1.21875 0.0 2.01953125 1.21875 1.5717329545454546 11
stats: {recvpackets,"os_mon@test3"} 1 15382.0 0.0 16390 3433 12822.6 10
stats: {sentpackets,"os_mon@test3"} 1 11451.0 0.0 12078 2369 8976.9 10
stats: {freemem,"os_mon@test2"} 1 1190.76171875 0.0 1434.25 1190.76171875 1375.8117897727273 11
stats: {cpu,"os_mon@test3"} 1 61.39272913466461 0.0 77.26804123711341 3.202846975088968 52.6983770903613 11
stats: {load,"os_mon@test4"} 1 1.08984375 0.0 1.46875 0.890625 1.0923295454545454 11
stats: {freemem,"os_mon@test4"} 1 1187.3203125 0.0 1411.29296875 1187.3203125 1352.350497159091 11
stats: {freemem,"os_mon@myserver"} 1 2138.43359375 0.0 2154.8046875 2114.6640625 2138.657421875 10
stats: {recvpackets,"os_mon@test2"} 1 15736.0 0.0 16474 3458 12849.5 10
stats: {sentpackets,"os_mon@test2"} 1 11685.0 0.0 12035 2375 8998.3 10
stats: {load,"os_mon@test3"} 1 1.37890625 0.0 1.9609375 1.19921875 1.4705255681818181 11
stats: {cpu,"os_mon@test2"} 1 72.62455059065228 0.0 72.62455059065228 2.1838496698831893 46.39419858238258 11
stats: {freemem,"os_mon@test3"} 1 1189.71875 0.0 1421.2734375 1189.71875 1352.90625 11
stats: {recvpackets,"os_mon@test4"} 1 15308.0 0.0 16376 3403 12814.7 10
stats: {sentpackets,"os_mon@test4"} 1 11402.0 0.0 12068 2345 8970.4 10
stats: {cpu,"os_mon@test4"} 1 67.33230926779314 0.0 74.48979591836735 1.8715225088517955 46.44455487921007 11
stats: {load,"os_mon@myserver"} 1 3.19921875 0.0 3.23046875 2.1015625 2.69140625 10
stats: {recvpackets,"os_mon@myserver"} 1 17466.0 0.0 18003 3605 13519.0 9
stats: {sentpackets,"os_mon@myserver"} 1 1.3e4 0.0 13222 2474 9429.111111111111 9
stats: {cpu,"os_mon@myserver"} 1 70.71638039379975 0.0 71.31248460970204 1.9572953736654803 53.4335762750196 10
stats: session 3151 16364.739399988966 9875.169363969591 72295.78100585938 16.756103515625 8154.501485871326 27424
stats: users_count 3446 36266
stats: finish_users_count 3151 30575
stats: request 31112 1696.3465375284752 3540.0739660404874 69735.27587890625 1.1259765625 868.1537144462407 298028
stats: page 3155 16355.587074011366 9959.279650845227 72293.0791015625 14.826904296875 8119.570022510993 27333
stats: connect 30824 314.16444363310893 441.10075474334633 31264.927001953125 0.4091796875 220.90745317506747 302013
stats: 200 31112 329140
stats: size_rcv 3951224 41800780
stats: newphase 6 62
stats: size_sent 4090530 44168234
stats: connected -291 3692
# stats: dump at 1338980647
stats: users 5709 6307
stats: {load,"os_mon@test2"} 1 1.26953125 0.0 2.01953125 1.21875 1.5423177083333333 12
stats: {recvpackets,"os_mon@test3"} 1 17578.0 0.0 17578 3433 13055.272727272728 11
stats: {sentpackets,"os_mon@test3"} 1 13054.0 0.0 13054 2369 9201.818181818182 11
stats: {freemem,"os_mon@test2"} 1 1149.05078125 0.0 1434.25 1149.05078125 1360.3909505208333 12
stats: {cpu,"os_mon@test3"} 1 72.78382581648522 0.0 77.26804123711341 3.202846975088968 53.42290642738657 12
stats: {load,"os_mon@test4"} 1 1.23046875 0.0 1.46875 0.890625 1.0921223958333333 12
stats: {freemem,"os_mon@test4"} 1 1141.96484375 0.0 1411.29296875 1141.96484375 1338.5979817708333 12
stats: {freemem,"os_mon@myserver"} 1 2127.6953125 0.0 2154.8046875 2114.6640625 2138.6370738636365 11
stats: {recvpackets,"os_mon@test2"} 1 17077.0 0.0 17077 3458 13111.90909090909 11
stats: {sentpackets,"os_mon@test2"} 1 12726.0 0.0 12726 2375 9242.545454545454 11
stats: {load,"os_mon@test3"} 1 1.62109375 0.0 1.9609375 1.19921875 1.462890625 12
stats: {cpu,"os_mon@test2"} 1 70.12987012987013 0.0 72.62455059065228 2.1838496698831893 48.580061249738385 12
stats: {freemem,"os_mon@test3"} 1 1143.2890625 0.0 1421.2734375 1143.2890625 1339.3072916666667 12
stats: {recvpackets,"os_mon@test4"} 1 17674.0 0.0 17674 3403 13041.363636363636 11
stats: {sentpackets,"os_mon@test4"} 1 13122.0 0.0 13122 2345 9191.454545454546 11
stats: {cpu,"os_mon@test4"} 1 68.75647668393783 0.0 74.48979591836735 1.8715225088517955 48.18520107825865 12
stats: {load,"os_mon@myserver"} 1 3.3203125 0.0 3.3203125 2.1015625 2.737571022727273 11
stats: {recvpackets,"os_mon@myserver"} 1 21343.0 0.0 21343 3605 13913.7 10
stats: {sentpackets,"os_mon@myserver"} 1 15904.0 0.0 15904 2474 9786.2 10
stats: {cpu,"os_mon@myserver"} 1 70.52654577233997 0.0 71.31248460970204 1.9572953736654803 55.004740285817796 11
stats: session 3074 16538.57737526432 10288.91450624293 86262.048828125 16.756103515625 9000.632627895357 30575
stats: users_count 3092 39358
stats: finish_users_count 3074 33649
stats: connect 32407 373.5124629167225 573.5116908474455 31264.927001953125 0.4091796875 229.54397337528158 332837
stats: request 31731 1704.760031593713 3577.379807958191 69735.27587890625 1.1259765625 946.4387454717449 329140
stats: page 3044 16595.52132260379 10269.233766193596 86260.10302734375 14.826904296875 8971.860556409041 30488
stats: 200 31731 360871
stats: size_rcv 4029837 45830617
stats: newphase 6 68
stats: size_sent 4300105 48468339
stats: connected 674 4366
# stats: dump at 1338980657
stats: users 5733 6307
stats: {load,"os_mon@test2"} 1 1.37109375 0.0 2.01953125 1.21875 1.5213341346153846 13
stats: {recvpackets,"os_mon@test3"} 1 14715.0 0.0 17578 3433 13432.166666666666 12
stats: {sentpackets,"os_mon@test3"} 1 11250.0 0.0 13054 2369 9522.833333333334 12
stats: {freemem,"os_mon@test2"} 1 1114.10546875 0.0 1434.25 1114.10546875 1344.134014423077 13
stats: {cpu,"os_mon@test3"} 1 63.58471074380165 0.0 77.26804123711341 3.202846975088968 54.91220791885569 13
stats: {load,"os_mon@test4"} 1 1.58984375 0.0 1.58984375 0.890625 1.1027644230769231 13
stats: {freemem,"os_mon@test4"} 1 1096.86328125 0.0 1411.29296875 1096.86328125 1323.4723557692307 13
stats: {freemem,"os_mon@myserver"} 1 2122.5390625 0.0 2154.8046875 2114.6640625 2137.7252604166665 12
stats: {recvpackets,"os_mon@test2"} 1 14901.0 0.0 17077 3458 13442.333333333334 12
stats: {sentpackets,"os_mon@test2"} 1 11370.0 0.0 12726 2375 9532.833333333334 12
stats: {load,"os_mon@test3"} 1 1.69140625 0.0 1.9609375 1.19921875 1.4750600961538463 13
stats: {cpu,"os_mon@test2"} 1 69.4774961200207 0.0 72.62455059065228 2.1838496698831893 50.23773885590237 13
stats: {freemem,"os_mon@test3"} 1 1157.13671875 0.0 1421.2734375 1143.2890625 1324.2289663461538 13
stats: {recvpackets,"os_mon@test4"} 1 14611.0 0.0 17674 3403 13427.416666666666 12
stats: {sentpackets,"os_mon@test4"} 1 11178.0 0.0 13122 2345 9519.0 12
stats: {cpu,"os_mon@test4"} 1 66.3037843442198 0.0 74.48979591836735 1.8715225088517955 49.76760689408013 13
stats: {load,"os_mon@myserver"} 1 3.3984375 0.0 3.3984375 2.1015625 2.7861328125 12
stats: {recvpackets,"os_mon@myserver"} 1 16179.0 0.0 21343 3605 14589.09090909091 11
stats: {sentpackets,"os_mon@myserver"} 1 12394.0 0.0 15904 2474 10342.363636363636 11
stats: {cpu,"os_mon@myserver"} 1 71.13377609108159 0.0 71.31248460970204 1.9572953736654803 56.298224076361315 12
stats: session 3057 16803.821729745512 11433.802431136672 86262.048828125 16.756103515625 9689.260585736962 33649
stats: users_count 3081 42439
stats: finish_users_count 3057 36706
stats: 200 31624 392495
stats: request 31624 1617.4583696075395 3929.2614524206597 69735.27587890625 1.1259765625 1013.1171228695857 360871
stats: page 3085 16758.103672318168 11360.282762762828 86260.10302734375 14.826904296875 9663.928532440796 33532
stats: connect 31383 307.5214429108449 545.2919838360003 31264.927001953125 0.4091796875 242.3178638172039 365244
stats: size_rcv 4016248 49846865
stats: newphase 6 74
stats: size_sent 4165058 52633397
stats: connected -245 4121
# stats: dump at 1338980667
stats: users 6143 6696
stats: {load,"os_mon@test2"} 1 1.48046875 0.0 2.01953125 1.21875 1.5106026785714286 14
stats: {recvpackets,"os_mon@test3"} 1 15540.0 0.0 17578 3433 13530.846153846154 13
stats: {sentpackets,"os_mon@test3"} 1 11830.0 0.0 13054 2369 9655.692307692309 13
stats: {freemem,"os_mon@test2"} 1 1083.83984375 0.0 1434.25 1083.83984375 1327.703404017857 14
stats: {cpu,"os_mon@test3"} 1 70.86126869520372 0.0 77.26804123711341 3.202846975088968 55.53167240635184 14
stats: {load,"os_mon@test4"} 1 1.578125 0.0 1.58984375 0.890625 1.1375558035714286 14
stats: {freemem,"os_mon@test4"} 1 1055.6875 0.0 1411.29296875 1055.6875 1307.2859933035713 14
stats: {freemem,"os_mon@myserver"} 1 2114.828125 0.0 2154.8046875 2114.6640625 2136.557091346154 13
stats: {recvpackets,"os_mon@test2"} 1 15998.0 0.0 17077 3458 13554.538461538461 13
stats: {sentpackets,"os_mon@test2"} 1 12139.0 0.0 12726 2375 9674.153846153846 13
stats: {load,"os_mon@test3"} 1 1.578125 0.0 1.9609375 1.19921875 1.4905133928571428 14
stats: {cpu,"os_mon@test2"} 1 68.17003628823225 0.0 72.62455059065228 2.1838496698831893 51.612007231910816 14
stats: {freemem,"os_mon@test3"} 1 1109.58984375 0.0 1421.2734375 1109.58984375 1312.2938058035713 14
stats: {recvpackets,"os_mon@test4"} 1 15541.0 0.0 17674 3403 13518.461538461539 13
stats: {sentpackets,"os_mon@test4"} 1 11826.0 0.0 13122 2345 9646.615384615385 13
stats: {cpu,"os_mon@test4"} 1 65.74987026466009 0.0 74.48979591836735 1.8715225088517955 50.94876242623297 14
stats: {load,"os_mon@myserver"} 1 3.55859375 0.0 3.55859375 2.1015625 2.833233173076923 13
stats: {recvpackets,"os_mon@myserver"} 1 18173.0 0.0 21343 3605 14721.583333333334 12
stats: {sentpackets,"os_mon@myserver"} 1 13845.0 0.0 15904 2474 10513.333333333334 12
stats: {cpu,"os_mon@myserver"} 1 70.2486881131645 0.0 71.31248460970204 1.9572953736654803 57.43942038518595 13
stats: session 2984 16593.066478412253 12448.603176139839 86262.048828125 16.756103515625 10281.785334204082 36706
stats: users_count 3394 45833
stats: finish_users_count 2984 39690
stats: 200 32290 424785
stats: request 32290 1723.0271318791845 4311.10182357101 77322.09790039063 1.1259765625 1061.8099408337407 392495
stats: connect 32774 293.9943319730249 479.39292412321123 31264.927001953125 0.4091796875 247.47707870347168 396627
stats: page 2996 16576.513928076027 12473.815111755795 86260.10302734375 14.826904296875 10261.616226859282 36617
stats: size_rcv 4100830 53947695
stats: newphase 4 78
stats: size_sent 4348855 56982252
stats: connected 483 4604
# stats: dump at 1338980677
stats: users 6484 6896
stats: {load,"os_mon@test2"} 1 1.7890625 0.0 2.01953125 1.21875 1.50859375 15
stats: {recvpackets,"os_mon@test3"} 1 17150.0 0.0 17578 3433 13674.357142857143 14
stats: {sentpackets,"os_mon@test3"} 1 12984.0 0.0 13054 2369 9811.0 14
stats: {freemem,"os_mon@test2"} 1 1070.3125 0.0 1434.25 1070.3125 1311.4458333333334 15
stats: {cpu,"os_mon@test3"} 1 75.9958613554061 0.0 77.26804123711341 3.202846975088968 56.5536454922753 15
stats: {load,"os_mon@test4"} 1 1.7890625 0.0 1.7890625 0.890625 1.1669270833333334 15
stats: {freemem,"os_mon@test4"} 1 1000.19921875 0.0 1411.29296875 1000.19921875 1290.5127604166667 15
stats: {freemem,"os_mon@myserver"} 1 2108.6640625 0.0 2154.8046875 2108.6640625 2135.0050223214284 14
stats: {recvpackets,"os_mon@test2"} 1 17802.0 0.0 17802 3458 13729.07142857143 14
stats: {sentpackets,"os_mon@test2"} 1 13405.0 0.0 13405 2375 9850.214285714286 14
stats: {load,"os_mon@test3"} 1 1.7109375 0.0 1.9609375 1.19921875 1.4963541666666667 15
stats: {cpu,"os_mon@test2"} 1 63.5336414997432 0.0 72.62455059065228 2.1838496698831893 52.71587583566558 15
stats: {freemem,"os_mon@test3"} 1 1053.17578125 0.0 1421.2734375 1053.17578125 1298.7802083333333 15
stats: {recvpackets,"os_mon@test4"} 1 17080.0 0.0 17674 3403 13662.92857142857 14
stats: {sentpackets,"os_mon@test4"} 1 12938.0 0.0 13122 2345 9802.285714285714 14
stats: {cpu,"os_mon@test4"} 1 68.72427983539094 0.0 74.48979591836735 1.8715225088517955 51.93550294879478 15
stats: {load,"os_mon@myserver"} 1 3.62890625 0.0 3.62890625 2.1015625 2.885044642857143 14
stats: {recvpackets,"os_mon@myserver"} 1 19348.0 0.0 21343 3605 14987.076923076924 13
stats: {sentpackets,"os_mon@myserver"} 1 14721.0 0.0 15904 2474 10769.615384615385 13
stats: {cpu,"os_mon@myserver"} 1 69.63775023832221 0.0 71.31248460970204 1.9572953736654803 58.35436808004156 14
stats: session 3073 17941.64640667582 13044.491089532756 93342.373046875 16.756103515625 10756.284274348127 39690
stats: users_count 3414 49247
stats: finish_users_count 3073 42763
stats: 200 32229 457014
stats: request 32229 1896.6662869984134 4448.443619967519 80679.57397460938 1.1259765625 1112.07231615033 424785
stats: page 3095 17928.73116315056 12956.222772683826 93340.67700195313 14.826904296875 10739.222909333354 39613
stats: connect 32372 291.25871109617594 407.7883954702951 31264.927001953125 0.4091796875 251.02750466581534 429401
stats: size_rcv 4093083 58040778
stats: newphase 6 84
stats: size_sent 4295521 61277773
stats: connected 142 4746
# stats: dump at 1338980687
stats: users 6582 6896
stats: {load,"os_mon@test2"} 1 1.9609375 0.0 2.01953125 1.21875 1.526123046875 16
stats: {recvpackets,"os_mon@test3"} 1 16065.0 0.0 17578 3433 13906.066666666668 15
stats: {sentpackets,"os_mon@test3"} 1 12496.0 0.0 13054 2369 10022.533333333333 15
stats: {freemem,"os_mon@test2"} 1 1032.9140625 0.0 1434.25 1032.9140625 1296.375 16
stats: {cpu,"os_mon@test3"} 1 75.25667351129364 0.0 77.26804123711341 3.202846975088968 57.76878398372097 16
stats: {load,"os_mon@test4"} 1 1.73828125 0.0 1.7890625 0.890625 1.205810546875 16
stats: {freemem,"os_mon@test4"} 1 956.921875 0.0 1411.29296875 956.921875 1272.3681640625 16
stats: {freemem,"os_mon@myserver"} 1 2107.00390625 0.0 2154.8046875 2107.00390625 2133.248958333333 15
stats: {recvpackets,"os_mon@test2"} 1 15534.0 0.0 17802 3458 14000.6 15
stats: {sentpackets,"os_mon@test2"} 1 12179.0 0.0 13405 2375 10087.2 15
stats: {load,"os_mon@test3"} 1 1.6796875 0.0 1.9609375 1.19921875 1.509765625 16
stats: {cpu,"os_mon@test2"} 1 61.41692150866462 0.0 72.62455059065228 2.1838496698831893 53.39198618967043 16
stats: {freemem,"os_mon@test3"} 1 987.91796875 0.0 1421.2734375 987.91796875 1283.429931640625 16
stats: {recvpackets,"os_mon@test4"} 1 16070.0 0.0 17674 3403 13890.733333333334 15
stats: {sentpackets,"os_mon@test4"} 1 12503.0 0.0 13122 2345 10011.333333333334 15
stats: {cpu,"os_mon@test4"} 1 69.91828396322778 0.0 74.48979591836735 1.8715225088517955 52.984801504207034 16
stats: {load,"os_mon@myserver"} 1 3.53125 0.0 3.62890625 2.1015625 2.9346354166666666 15
stats: {recvpackets,"os_mon@myserver"} 1 18170.0 0.0 21343 3605 15298.57142857143 14
stats: {sentpackets,"os_mon@myserver"} 1 14106.0 0.0 15904 2474 11051.857142857143 14
stats: {cpu,"os_mon@myserver"} 1 70.44067796610169 0.0 71.31248460970204 1.9572953736654803 59.10659355726026 15
stats: session 3503 18688.605706269595 12989.411640577426 109068.35717773438 16.756103515625 11272.632936337299 42763
stats: users_count 3601 52848
stats: finish_users_count 3503 46266
stats: request 33314 1859.5361683848892 4406.7327957383795 80679.57397460938 1.1259765625 1167.4025228539822 457014
stats: page 3506 18656.362612474633 13005.98521075273 109066.89404296875 14.826904296875 11260.238364179384 42708
stats: connect 33428 289.76969811984026 399.5873914538205 31264.927001953125 0.4091796875 253.84786145272932 461773
stats: 200 33314 490328
stats: size_rcv 4230878 62271656
stats: newphase 5 89
stats: size_sent 4435412 65713185
stats: connected 113 4859
# stats: dump at 1338980697
stats: users 7059 7123
stats: {load,"os_mon@test2"} 1 1.80859375 0.0 2.01953125 1.21875 1.5517003676470589 17
stats: {recvpackets,"os_mon@test3"} 1 18012.0 0.0 18012 3433 14041.0 16
stats: {sentpackets,"os_mon@test3"} 1 13957.0 0.0 13957 2369 10177.125 16
stats: {freemem,"os_mon@test2"} 1 1028.73046875 0.0 1434.25 1028.73046875 1280.8772977941176 17
stats: {cpu,"os_mon@test3"} 1 69.9124162802679 0.0 77.26804123711341 3.202846975088968 58.79748336769584 17
stats: {load,"os_mon@test4"} 1 1.55859375 0.0 1.7890625 0.890625 1.2371323529411764 17
stats: {freemem,"os_mon@test4"} 1 872.18359375 0.0 1411.29296875 872.18359375 1253.8125 17
stats: {freemem,"os_mon@myserver"} 0 0 0 2154.8046875 2107.00390625 2131.608642578125 16
stats: {recvpackets,"os_mon@test2"} 1 17308.0 0.0 17802 3458 14096.4375 16
stats: {sentpackets,"os_mon@test2"} 1 1.35e4 0.0 13500 2375 10217.9375 16
stats: {load,"os_mon@test3"} 1 1.5703125 0.0 1.9609375 1.19921875 1.5197610294117647 17
stats: {cpu,"os_mon@test2"} 1 51.28336755646817 0.0 72.62455059065228 2.1838496698831893 53.8640412084348 17
stats: {freemem,"os_mon@test3"} 1 943.2109375 0.0 1421.2734375 943.2109375 1266.046875 17
stats: {recvpackets,"os_mon@test4"} 1 18065.0 0.0 18065 3403 14026.9375 16
stats: {sentpackets,"os_mon@test4"} 1 13956.0 0.0 13956 2345 10167.0625 16
stats: {cpu,"os_mon@test4"} 1 84.26395939086294 0.0 84.26395939086294 1.8715225088517955 53.980888707678844 17
stats: {load,"os_mon@myserver"} 0 0 0 3.62890625 2.1015625 2.971923828125 16
stats: {recvpackets,"os_mon@myserver"} 0 0 0 21343 3605 15490.0 15
stats: {sentpackets,"os_mon@myserver"} 0 0 0 15904 2474 11255.466666666667 15
stats: {cpu,"os_mon@myserver"} 0 0 0 71.31248460970204 1.9572953736654803 59.81497383281285 16
stats: session 2982 19521.237999612258 13831.004894824886 110802.73413085938 16.756103515625 11834.128475460475 46266
stats: users_count 3459 56307
stats: finish_users_count 2982 49248
stats: 200 31267 521595
stats: connect 31830 329.7254336928498 463.9517590946134 31264.927001953125 0.4091796875 256.27272561113807 495201
stats: page 2978 19488.897488811144 13749.717951197888 110801.5419921875 14.826904296875 11821.341311652513 46214
stats: request 31267 2090.663595222956 4920.098815710216 80679.57397460938 1.1259765625 1214.4276575948427 490328
stats: size_rcv 3970909 66242565
stats: newphase 5 94
stats: size_sent 4224586 69937771
stats: connected 563 5422
# stats: dump at 1338980707
stats: users 6891 7221
stats: {load,"os_mon@test2"} 1 1.609375 0.0 2.01953125 1.21875 1.5659722222222223 18
stats: {recvpackets,"os_mon@test3"} 1 16959.0 0.0 18012 3433 14274.588235294117 17
stats: {sentpackets,"os_mon@test3"} 1 13325.0 0.0 13957 2369 10399.470588235294 17
stats: {freemem,"os_mon@test2"} 1 1005.62109375 0.0 1434.25 1005.62109375 1266.869140625 18
stats: {cpu,"os_mon@test3"} 1 77.25409836065575 0.0 77.26804123711341 3.202846975088968 59.41497964061651 18
stats: {load,"os_mon@test4"} 1 1.859375 0.0 1.859375 0.890625 1.2549913194444444 18
stats: {freemem,"os_mon@test4"} 1 815.11328125 0.0 1411.29296875 815.11328125 1232.6108940972222 18
stats: {freemem,"os_mon@myserver"} 1 2104.18359375 0.0 2154.8046875 2104.18359375 2131.608642578125 16
stats: {recvpackets,"os_mon@test2"} 1 17388.0 0.0 17802 3458 14285.35294117647 17
stats: {sentpackets,"os_mon@test2"} 1 13579.0 0.0 13579 2375 10411.0 17
stats: {load,"os_mon@test3"} 1 1.62890625 0.0 1.9609375 1.19921875 1.5225694444444444 18
stats: {cpu,"os_mon@test2"} 1 49.51156812339332 0.0 72.62455059065228 2.1838496698831893 53.72067044999221 18
stats: {freemem,"os_mon@test3"} 1 892.9296875 0.0 1421.2734375 892.9296875 1248.111545138889 18
stats: {recvpackets,"os_mon@test4"} 1 16978.0 0.0 18065 3403 14264.470588235294 17
stats: {sentpackets,"os_mon@test4"} 1 13370.0 0.0 13956 2345 10389.941176470587 17
stats: {cpu,"os_mon@test4"} 1 77.67537122375832 0.0 84.26395939086294 1.8715225088517955 55.66328152341129 18
stats: {load,"os_mon@myserver"} 1 3.48046875 0.0 3.62890625 2.1015625 2.971923828125 16
stats: {recvpackets,"os_mon@myserver"} 1 22979.0 0.0 22979 3605 15490.0 15
stats: {sentpackets,"os_mon@myserver"} 1 17879.0 0.0 17879 2474 11255.466666666667 15
stats: {cpu,"os_mon@myserver"} 1 69.55484896661368 0.0 71.31248460970204 1.9572953736654803 59.81497383281285 16
stats: session 2983 20619.626162921253 14888.084836136615 110802.73413085938 16.756103515625 12299.5882017645 49248
stats: users_count 2815 59122
stats: finish_users_count 2983 52231
stats: request 31557 2026.6353798796213 4900.281383559054 80679.57397460938 1.1259765625 1266.9536002549876 521595
stats: page 3004 20665.982705432427 15002.893666011998 110801.5419921875 14.826904296875 12285.522119417563 49192
stats: connect 30853 340.7973781893943 494.68793077356514 31264.927001953125 0.4091796875 260.7088967248693 527031
stats: 200 31557 553152
stats: size_rcv 4007739 70250304
stats: newphase 4 98
stats: size_sent 4094887 74032658
stats: connected -704 4718
# stats: dump at 1338980717
stats: users 7149 7304
stats: {load,"os_mon@test2"} 1 1.53125 0.0 2.01953125 1.21875 1.5682565789473684 19
stats: {recvpackets,"os_mon@test3"} 1 16175.0 0.0 18012 3433 14423.722222222223 18
stats: {sentpackets,"os_mon@test3"} 1 12858.0 0.0 13957 2369 10562.0 18
stats: {freemem,"os_mon@test2"} 1 987.73046875 0.0 1434.25 987.73046875 1253.1192434210527 19
stats: {cpu,"os_mon@test3"} 1 67.42034943473793 0.0 77.26804123711341 3.202846975088968 60.35388062588172 19
stats: {load,"os_mon@test4"} 1 1.94921875 0.0 1.94921875 0.890625 1.2868009868421053 19
stats: {freemem,"os_mon@test4"} 1 769.85546875 0.0 1411.29296875 769.85546875 1210.6373355263158 19
stats: {freemem,"os_mon@myserver"} 1 2104.12109375 0.0 2154.8046875 2104.12109375 2129.995404411765 17
stats: {recvpackets,"os_mon@test2"} 1 16167.0 0.0 17802 3458 14457.722222222223 18
stats: {sentpackets,"os_mon@test2"} 1 12864.0 0.0 13579 2375 10587.0 18
stats: {load,"os_mon@test3"} 1 1.62109375 0.0 1.9609375 1.19921875 1.5281661184210527 19
stats: {cpu,"os_mon@test2"} 1 69.9329551315111 0.0 72.62455059065228 2.1838496698831893 53.49913874859227 19
stats: {freemem,"os_mon@test3"} 1 850.7578125 0.0 1421.2734375 850.7578125 1229.4177631578948 19
stats: {recvpackets,"os_mon@test4"} 1 16176.0 0.0 18065 3403 14415.222222222223 18
stats: {sentpackets,"os_mon@test4"} 1 12859.0 0.0 13956 2345 10555.5 18
stats: {cpu,"os_mon@test4"} 1 67.68041237113403 0.0 84.26395939086294 1.8715225088517955 56.82181256027166 19
stats: {load,"os_mon@myserver"} 1 3.71875 0.0 3.71875 2.1015625 3.0018382352941178 17
stats: {recvpackets,"os_mon@myserver"} 1 19849.0 0.0 22979 3605 15958.0625 16
stats: {sentpackets,"os_mon@myserver"} 1 15690.0 0.0 17879 2474 11669.4375 16
stats: {cpu,"os_mon@myserver"} 1 69.80177140447068 0.0 71.31248460970204 1.9572953736654803 60.387907664212904 17
stats: session 3258 20145.985468836963 14725.891121523691 145113.31884765625 16.756103515625 12774.759522208884 52231
stats: users_count 3516 62638
stats: finish_users_count 3258 55489
stats: request 31069 2041.7299042931822 4981.288734531269 102857.71411132813 1.1259765625 1310.2930041071197 553152
stats: page 3241 19997.086540356355 14324.014129779842 110801.5419921875 14.826904296875 12767.83692515725 52196
stats: connect 31667 310.88956006980493 550.0046753754299 31264.927001953125 0.4091796875 265.138078989686 557884
stats: 200 31074 584226
stats: size_rcv 3946398 74196702
stats: newphase 6 104
stats: size_sent 4203154 78235812
stats: connected 605 5323
# stats: dump at 1338980717
stats: users 7120 7304
stats: {load,"os_mon@test2"} 0 0 0 2.01953125 1.21875 1.56640625 20
stats: {recvpackets,"os_mon@test3"} 0 0 0 18012 3433 14515.894736842105 19
stats: {sentpackets,"os_mon@test3"} 0 0 0 13957 2369 10682.842105263158 19
stats: {freemem,"os_mon@test2"} 0 0 0 1434.25 987.73046875 1239.8498046875 20
stats: {cpu,"os_mon@test3"} 0 0 0 77.26804123711341 3.202846975088968 60.707204066324536 20
stats: {load,"os_mon@test4"} 0 0 0 1.94921875 0.890625 1.319921875 20
stats: {freemem,"os_mon@test4"} 0 0 0 1411.29296875 769.85546875 1188.5982421875 20
stats: {freemem,"os_mon@myserver"} 0 0 0 2154.8046875 2104.12109375 2128.5579427083335 18
stats: {recvpackets,"os_mon@test2"} 0 0 0 17802 3458 14547.684210526315 19
stats: {sentpackets,"os_mon@test2"} 0 0 0 13579 2375 10706.842105263158 19
stats: {load,"os_mon@test3"} 0 0 0 1.9609375 1.19921875 1.5328125 20
stats: {cpu,"os_mon@test2"} 0 0 0 72.62455059065228 2.1838496698831893 54.320829567738215 20
stats: {freemem,"os_mon@test3"} 0 0 0 1421.2734375 850.7578125 1210.484765625 20
stats: {recvpackets,"os_mon@test4"} 0 0 0 18065 3403 14507.894736842105 19
stats: {sentpackets,"os_mon@test4"} 0 0 0 13956 2345 10676.736842105263 19
stats: {cpu,"os_mon@test4"} 0 0 0 84.26395939086294 1.8715225088517955 57.364742550814775 20
stats: {load,"os_mon@myserver"} 0 0 0 3.71875 2.1015625 3.0416666666666665 18
stats: {recvpackets,"os_mon@myserver"} 0 0 0 22979 3605 16186.941176470587 17
stats: {sentpackets,"os_mon@myserver"} 0 0 0 17879 2474 11905.941176470587 17
stats: {cpu,"os_mon@myserver"} 0 0 0 71.31248460970204 1.9572953736654803 60.91090009422722 18
stats: session 33 23091.784475615532 14697.976465858348 145113.31884765625 16.756103515625 13207.556187027392 55489
stats: users_count 4 62642
stats: finish_users_count 33 55522
stats: 200 656 584882
stats: size_rcv 83312 74280014
stats: newphase 0 104
stats: size_sent 99286 78335098
stats: connected 90 5413
stats: error_abort 1 1
EndMonitor:{1338,980717,982737}
